          Evm          Svm            E11          E22          E33          E23          E13          E12         SDEV11       SDEV22       SDEV33       SDEV23       SDEV13       SDEV12      TEMP
  0.00000E+00  0.45519E+03    0.00000E+00  0.00000E+00  0.00000E+00  0.00000E+00  0.00000E+00  0.00000E+00   -0.63057E+02 -0.17160E+03  0.23466E+03 -0.11658E+03 -0.80439E+02 -0.68983E+02      298.00
  0.38664E-03  0.46379E+03   -0.25000E-03 -0.25000E-03  0.50000E-03  0.00000E+00  0.00000E+00  0.00000E+00   -0.66075E+02 -0.17354E+03  0.23961E+03 -0.11756E+03 -0.84467E+02 -0.69257E+02      298.00
  0.77412E-03  0.47222E+03   -0.50000E-03 -0.50000E-03  0.10000E-02  0.00000E+00  0.00000E+00  0.00000E+00   -0.68765E+02 -0.17559E+03  0.24436E+03 -0.11876E+03 -0.88023E+02 -0.69587E+02      298.00
  0.11622E-02  0.48049E+03   -0.75000E-03 -0.75000E-03  0.15000E-02  0.00000E+00  0.00000E+00  0.00000E+00   -0.71243E+02 -0.17768E+03  0.24892E+03 -0.12005E+03 -0.91325E+02 -0.70011E+02      298.00
  0.15508E-02  0.48858E+03   -0.10000E-02 -0.10000E-02  0.20000E-02  0.00000E+00  0.00000E+00  0.00000E+00   -0.73453E+02 -0.17987E+03  0.25332E+03 -0.12151E+03 -0.94236E+02 -0.70465E+02      298.00
  0.19396E-02  0.49654E+03   -0.12500E-02 -0.12500E-02  0.25000E-02  0.00000E+00  0.00000E+00  0.00000E+00   -0.75504E+02 -0.18208E+03  0.25759E+03 -0.12303E+03 -0.96976E+02 -0.70999E+02      298.00
  0.23287E-02  0.50430E+03   -0.15000E-02 -0.15000E-02  0.30000E-02  0.00000E+00  0.00000E+00  0.00000E+00   -0.77438E+02 -0.18427E+03  0.26171E+03 -0.12454E+03 -0.99580E+02 -0.71586E+02      298.00
  0.27179E-02  0.51193E+03   -0.17500E-02 -0.17500E-02  0.35000E-02  0.00000E+00  0.00000E+00  0.00000E+00   -0.79198E+02 -0.18651E+03  0.26571E+03 -0.12616E+03 -0.10196E+03 -0.72207E+02      298.00
  0.31072E-02  0.51943E+03   -0.20000E-02 -0.20000E-02  0.40000E-02  0.00000E+00  0.00000E+00  0.00000E+00   -0.80814E+02 -0.18879E+03  0.26961E+03 -0.12786E+03 -0.10415E+03 -0.72855E+02      298.00
  0.34965E-02  0.52678E+03   -0.22500E-02 -0.22500E-02  0.45000E-02  0.00000E+00  0.00000E+00  0.00000E+00   -0.82352E+02 -0.19105E+03  0.27340E+03 -0.12954E+03 -0.10627E+03 -0.73542E+02      298.00
  0.38857E-02  0.53402E+03   -0.25000E-02 -0.25000E-02  0.50000E-02  0.00000E+00  0.00000E+00  0.00000E+00   -0.83767E+02 -0.19334E+03  0.27710E+03 -0.13129E+03 -0.10824E+03 -0.74253E+02      298.00
  0.42749E-02  0.54114E+03   -0.27500E-02 -0.27500E-02  0.55000E-02  0.00000E+00  0.00000E+00  0.00000E+00   -0.85084E+02 -0.19563E+03  0.28072E+03 -0.13309E+03 -0.11009E+03 -0.74978E+02      298.00
  0.46640E-02  0.54813E+03   -0.30000E-02 -0.30000E-02  0.60000E-02  0.00000E+00  0.00000E+00  0.00000E+00   -0.86322E+02 -0.19792E+03  0.28425E+03 -0.13490E+03 -0.11184E+03 -0.75717E+02      298.00
  0.50529E-02  0.55501E+03   -0.32500E-02 -0.32500E-02  0.65000E-02  0.00000E+00  0.00000E+00  0.00000E+00   -0.87491E+02 -0.20021E+03  0.28770E+03 -0.13672E+03 -0.11351E+03 -0.76469E+02      298.00
  0.54417E-02  0.56178E+03   -0.35000E-02 -0.35000E-02  0.70000E-02  0.00000E+00  0.00000E+00  0.00000E+00   -0.88598E+02 -0.20248E+03  0.29107E+03 -0.13855E+03 -0.11512E+03 -0.77231E+02      298.00
  0.58303E-02  0.56844E+03   -0.37500E-02 -0.37500E-02  0.75000E-02  0.00000E+00  0.00000E+00  0.00000E+00   -0.89650E+02 -0.20473E+03  0.29438E+03 -0.14039E+03 -0.11666E+03 -0.78000E+02      298.00
  0.62187E-02  0.57500E+03   -0.40000E-02 -0.40000E-02  0.80000E-02  0.00000E+00  0.00000E+00  0.00000E+00   -0.90652E+02 -0.20697E+03  0.29762E+03 -0.14222E+03 -0.11815E+03 -0.78773E+02      298.00
  0.66069E-02  0.58146E+03   -0.42500E-02 -0.42500E-02  0.85000E-02  0.00000E+00  0.00000E+00  0.00000E+00   -0.91608E+02 -0.20919E+03  0.30080E+03 -0.14406E+03 -0.11959E+03 -0.79548E+02      298.00
  0.69949E-02  0.58782E+03   -0.45000E-02 -0.45000E-02  0.90000E-02  0.00000E+00  0.00000E+00  0.00000E+00   -0.92523E+02 -0.21139E+03  0.30391E+03 -0.14589E+03 -0.12098E+03 -0.80324E+02      298.00
  0.73826E-02  0.59408E+03   -0.47500E-02 -0.47500E-02  0.95000E-02  0.00000E+00  0.00000E+00  0.00000E+00   -0.93400E+02 -0.21357E+03  0.30697E+03 -0.14772E+03 -0.12234E+03 -0.81098E+02      298.00
  0.77702E-02  0.60025E+03   -0.50000E-02 -0.50000E-02  0.10000E-01  0.00000E+00  0.00000E+00  0.00000E+00   -0.94242E+02 -0.21572E+03  0.30996E+03 -0.14954E+03 -0.12365E+03 -0.81869E+02      298.00
  0.81575E-02  0.60633E+03   -0.52500E-02 -0.52500E-02  0.10500E-01  0.00000E+00  0.00000E+00  0.00000E+00   -0.95053E+02 -0.21785E+03  0.31291E+03 -0.15136E+03 -0.12493E+03 -0.82636E+02      298.00
  0.85445E-02  0.61230E+03   -0.55000E-02 -0.55000E-02  0.11000E-01  0.00000E+00  0.00000E+00  0.00000E+00   -0.95846E+02 -0.21997E+03  0.31581E+03 -0.15313E+03 -0.12616E+03 -0.83372E+02      298.00
  0.89313E-02  0.61819E+03   -0.57500E-02 -0.57500E-02  0.11500E-01  0.00000E+00  0.00000E+00  0.00000E+00   -0.96601E+02 -0.22205E+03  0.31865E+03 -0.15492E+03 -0.12738E+03 -0.84126E+02      298.00
  0.93179E-02  0.62401E+03   -0.60000E-02 -0.60000E-02  0.12000E-01  0.00000E+00  0.00000E+00  0.00000E+00   -0.97332E+02 -0.22410E+03  0.32143E+03 -0.15671E+03 -0.12856E+03 -0.84872E+02      298.00
  0.97043E-02  0.62974E+03   -0.62500E-02 -0.62500E-02  0.12500E-01  0.00000E+00  0.00000E+00  0.00000E+00   -0.98040E+02 -0.22613E+03  0.32417E+03 -0.15848E+03 -0.12973E+03 -0.85610E+02      298.00
  0.10090E-01  0.63538E+03   -0.65000E-02 -0.65000E-02  0.13000E-01  0.00000E+00  0.00000E+00  0.00000E+00   -0.98727E+02 -0.22813E+03  0.32685E+03 -0.16025E+03 -0.13086E+03 -0.86339E+02      298.00
  0.10476E-01  0.64095E+03   -0.67500E-02 -0.67500E-02  0.13500E-01  0.00000E+00  0.00000E+00  0.00000E+00   -0.99395E+02 -0.23010E+03  0.32949E+03 -0.16200E+03 -0.13198E+03 -0.87060E+02      298.00
  0.10862E-01  0.64644E+03   -0.70000E-02 -0.70000E-02  0.14000E-01  0.00000E+00  0.00000E+00  0.00000E+00   -0.10004E+03 -0.23205E+03  0.33209E+03 -0.16374E+03 -0.13308E+03 -0.87770E+02      298.00
  0.11247E-01  0.65184E+03   -0.72500E-02 -0.72500E-02  0.14500E-01  0.00000E+00  0.00000E+00  0.00000E+00   -0.10068E+03 -0.23396E+03  0.33464E+03 -0.16547E+03 -0.13415E+03 -0.88470E+02      298.00
  0.11632E-01  0.65718E+03   -0.75000E-02 -0.75000E-02  0.15000E-01  0.00000E+00  0.00000E+00  0.00000E+00   -0.10129E+03 -0.23585E+03  0.33715E+03 -0.16718E+03 -0.13521E+03 -0.89160E+02      298.00
  0.12017E-01  0.66244E+03   -0.77500E-02 -0.77500E-02  0.15500E-01  0.00000E+00  0.00000E+00  0.00000E+00   -0.10190E+03 -0.23772E+03  0.33961E+03 -0.16888E+03 -0.13626E+03 -0.89839E+02      298.00
  0.12401E-01  0.66762E+03   -0.80000E-02 -0.80000E-02  0.16000E-01  0.00000E+00  0.00000E+00  0.00000E+00   -0.10248E+03 -0.23955E+03  0.34204E+03 -0.17057E+03 -0.13729E+03 -0.90508E+02      298.00
  0.12786E-01  0.67273E+03   -0.82500E-02 -0.82500E-02  0.16500E-01  0.00000E+00  0.00000E+00  0.00000E+00   -0.10306E+03 -0.24136E+03  0.34442E+03 -0.17224E+03 -0.13830E+03 -0.91165E+02      298.00
  0.13170E-01  0.67777E+03   -0.85000E-02 -0.85000E-02  0.17000E-01  0.00000E+00  0.00000E+00  0.00000E+00   -0.10362E+03 -0.24314E+03  0.34676E+03 -0.17390E+03 -0.13930E+03 -0.91810E+02      298.00
  0.13553E-01  0.68274E+03   -0.87500E-02 -0.87500E-02  0.17500E-01  0.00000E+00  0.00000E+00  0.00000E+00   -0.10417E+03 -0.24489E+03  0.34906E+03 -0.17554E+03 -0.14029E+03 -0.92445E+02      298.00
  0.13937E-01  0.68763E+03   -0.90000E-02 -0.90000E-02  0.18000E-01  0.00000E+00  0.00000E+00  0.00000E+00   -0.10471E+03 -0.24662E+03  0.35133E+03 -0.17717E+03 -0.14126E+03 -0.93068E+02      298.00
  0.14320E-01  0.69246E+03   -0.92500E-02 -0.92500E-02  0.18500E-01  0.00000E+00  0.00000E+00  0.00000E+00   -0.10524E+03 -0.24831E+03  0.35355E+03 -0.17878E+03 -0.14222E+03 -0.93679E+02      298.00
  0.14703E-01  0.69723E+03   -0.95000E-02 -0.95000E-02  0.19000E-01  0.00000E+00  0.00000E+00  0.00000E+00   -0.10576E+03 -0.24999E+03  0.35574E+03 -0.18038E+03 -0.14318E+03 -0.94279E+02      298.00
  0.15085E-01  0.70192E+03   -0.97500E-02 -0.97500E-02  0.19500E-01  0.00000E+00  0.00000E+00  0.00000E+00   -0.10627E+03 -0.25163E+03  0.35790E+03 -0.18197E+03 -0.14412E+03 -0.94868E+02      298.00
  0.15468E-01  0.70655E+03   -0.10000E-01 -0.10000E-01  0.20000E-01  0.00000E+00  0.00000E+00  0.00000E+00   -0.10677E+03 -0.25325E+03  0.36001E+03 -0.18354E+03 -0.14505E+03 -0.95444E+02      298.00
  0.15850E-01  0.71111E+03   -0.10250E-01 -0.10250E-01  0.20500E-01  0.00000E+00  0.00000E+00  0.00000E+00   -0.10726E+03 -0.25484E+03  0.36209E+03 -0.18509E+03 -0.14597E+03 -0.96010E+02      298.00
  0.16232E-01  0.71561E+03   -0.10500E-01 -0.10500E-01  0.21000E-01  0.00000E+00  0.00000E+00  0.00000E+00   -0.10774E+03 -0.25640E+03  0.36414E+03 -0.18663E+03 -0.14688E+03 -0.96563E+02      298.00
  0.16614E-01  0.72005E+03   -0.10750E-01 -0.10750E-01  0.21500E-01  0.00000E+00  0.00000E+00  0.00000E+00   -0.10821E+03 -0.25794E+03  0.36615E+03 -0.18815E+03 -0.14778E+03 -0.97106E+02      298.00
  0.16995E-01  0.72442E+03   -0.11000E-01 -0.11000E-01  0.22000E-01  0.00000E+00  0.00000E+00  0.00000E+00   -0.10868E+03 -0.25945E+03  0.36813E+03 -0.18966E+03 -0.14867E+03 -0.97637E+02      298.00
  0.17376E-01  0.72873E+03   -0.11250E-01 -0.11250E-01  0.22500E-01  0.00000E+00  0.00000E+00  0.00000E+00   -0.10914E+03 -0.26094E+03  0.37007E+03 -0.19115E+03 -0.14956E+03 -0.98156E+02      298.00
  0.17757E-01  0.73299E+03   -0.11500E-01 -0.11500E-01  0.23000E-01  0.00000E+00  0.00000E+00  0.00000E+00   -0.10959E+03 -0.26240E+03  0.37199E+03 -0.19263E+03 -0.15044E+03 -0.98665E+02      298.00
  0.18138E-01  0.73718E+03   -0.11750E-01 -0.11750E-01  0.23500E-01  0.00000E+00  0.00000E+00  0.00000E+00   -0.11003E+03 -0.26383E+03  0.37387E+03 -0.19409E+03 -0.15130E+03 -0.99162E+02      298.00
  0.18518E-01  0.74131E+03   -0.12000E-01 -0.12000E-01  0.24000E-01  0.00000E+00  0.00000E+00  0.00000E+00   -0.11047E+03 -0.26525E+03  0.37571E+03 -0.19554E+03 -0.15216E+03 -0.99649E+02      298.00
  0.18898E-01  0.74538E+03   -0.12250E-01 -0.12250E-01  0.24500E-01  0.00000E+00  0.00000E+00  0.00000E+00   -0.11090E+03 -0.26663E+03  0.37753E+03 -0.19698E+03 -0.15302E+03 -0.10012E+03      298.00
  0.19278E-01  0.74940E+03   -0.12500E-01 -0.12500E-01  0.25000E-01  0.00000E+00  0.00000E+00  0.00000E+00   -0.11132E+03 -0.26800E+03  0.37932E+03 -0.19840E+03 -0.15386E+03 -0.10059E+03      298.00
          Evm          Svm            E11          E22          E33          E23          E13          E12         SDEV11       SDEV22       SDEV33       SDEV23       SDEV13       SDEV12      TEMP
  0.19278E-01  0.74957E+03   -0.12500E-01 -0.12500E-01  0.25000E-01  0.00000E+00  0.00000E+00  0.00000E+00   -0.11127E+03 -0.26805E+03  0.37932E+03 -0.19850E+03 -0.15393E+03 -0.10066E+03      298.00
  0.19657E-01  0.75337E+03   -0.12750E-01 -0.12750E-01  0.25500E-01  0.00000E+00  0.00000E+00  0.00000E+00   -0.11174E+03 -0.26934E+03  0.38108E+03 -0.19981E+03 -0.15470E+03 -0.10104E+03      298.00
  0.20037E-01  0.75727E+03   -0.13000E-01 -0.13000E-01  0.26000E-01  0.00000E+00  0.00000E+00  0.00000E+00   -0.11215E+03 -0.27065E+03  0.38280E+03 -0.20119E+03 -0.15553E+03 -0.10149E+03      298.00
  0.20416E-01  0.76112E+03   -0.13250E-01 -0.13250E-01  0.26500E-01  0.00000E+00  0.00000E+00  0.00000E+00   -0.11255E+03 -0.27194E+03  0.38450E+03 -0.20257E+03 -0.15636E+03 -0.10192E+03      298.00
  0.20795E-01  0.76491E+03   -0.13500E-01 -0.13500E-01  0.27000E-01  0.00000E+00  0.00000E+00  0.00000E+00   -0.11295E+03 -0.27321E+03  0.38617E+03 -0.20393E+03 -0.15717E+03 -0.10234E+03      298.00
  0.21173E-01  0.76865E+03   -0.13750E-01 -0.13750E-01  0.27500E-01  0.00000E+00  0.00000E+00  0.00000E+00   -0.11334E+03 -0.27446E+03  0.38780E+03 -0.20528E+03 -0.15798E+03 -0.10276E+03      298.00
  0.21552E-01  0.77234E+03   -0.14000E-01 -0.14000E-01  0.28000E-01  0.00000E+00  0.00000E+00  0.00000E+00   -0.11373E+03 -0.27569E+03  0.38942E+03 -0.20662E+03 -0.15879E+03 -0.10316E+03      298.00
  0.21930E-01  0.77598E+03   -0.14250E-01 -0.14250E-01  0.28500E-01  0.00000E+00  0.00000E+00  0.00000E+00   -0.11411E+03 -0.27689E+03  0.39100E+03 -0.20794E+03 -0.15959E+03 -0.10355E+03      298.00
  0.22308E-01  0.77956E+03   -0.14500E-01 -0.14500E-01  0.29000E-01  0.00000E+00  0.00000E+00  0.00000E+00   -0.11449E+03 -0.27807E+03  0.39256E+03 -0.20924E+03 -0.16038E+03 -0.10393E+03      298.00
  0.22686E-01  0.78309E+03   -0.14750E-01 -0.14750E-01  0.29500E-01  0.00000E+00  0.00000E+00  0.00000E+00   -0.11486E+03 -0.27923E+03  0.39409E+03 -0.21054E+03 -0.16116E+03 -0.10431E+03      298.00
  0.23063E-01  0.78657E+03   -0.15000E-01 -0.15000E-01  0.30000E-01  0.00000E+00  0.00000E+00  0.00000E+00   -0.11522E+03 -0.28037E+03  0.39559E+03 -0.21182E+03 -0.16194E+03 -0.10467E+03      298.00
  0.23440E-01  0.79001E+03   -0.15250E-01 -0.15250E-01  0.30500E-01  0.00000E+00  0.00000E+00  0.00000E+00   -0.11558E+03 -0.28148E+03  0.39707E+03 -0.21308E+03 -0.16272E+03 -0.10502E+03      298.00
  0.23817E-01  0.79302E+03   -0.15500E-01 -0.15500E-01  0.31000E-01  0.00000E+00  0.00000E+00  0.00000E+00   -0.11596E+03 -0.28247E+03  0.39842E+03 -0.21415E+03 -0.16338E+03 -0.10529E+03      298.00
  0.24194E-01  0.79641E+03   -0.15750E-01 -0.15750E-01  0.31500E-01  0.00000E+00  0.00000E+00  0.00000E+00   -0.11630E+03 -0.28356E+03  0.39986E+03 -0.21541E+03 -0.16416E+03 -0.10564E+03      298.00
  0.24571E-01  0.79971E+03   -0.16000E-01 -0.16000E-01  0.32000E-01  0.00000E+00  0.00000E+00  0.00000E+00   -0.11665E+03 -0.28461E+03  0.40126E+03 -0.21664E+03 -0.16493E+03 -0.10597E+03      298.00
  0.24947E-01  0.80296E+03   -0.16250E-01 -0.16250E-01  0.32500E-01  0.00000E+00  0.00000E+00  0.00000E+00   -0.11699E+03 -0.28565E+03  0.40264E+03 -0.21786E+03 -0.16569E+03 -0.10629E+03      298.00
  0.25323E-01  0.80617E+03   -0.16500E-01 -0.16500E-01  0.33000E-01  0.00000E+00  0.00000E+00  0.00000E+00   -0.11733E+03 -0.28667E+03  0.40400E+03 -0.21906E+03 -0.16644E+03 -0.10660E+03      298.00
  0.25699E-01  0.80933E+03   -0.16750E-01 -0.16750E-01  0.33500E-01  0.00000E+00  0.00000E+00  0.00000E+00   -0.11766E+03 -0.28767E+03  0.40533E+03 -0.22025E+03 -0.16719E+03 -0.10691E+03      298.00
  0.26074E-01  0.81245E+03   -0.17000E-01 -0.17000E-01  0.34000E-01  0.00000E+00  0.00000E+00  0.00000E+00   -0.11799E+03 -0.28865E+03  0.40664E+03 -0.22143E+03 -0.16793E+03 -0.10720E+03      298.00
  0.26450E-01  0.81552E+03   -0.17250E-01 -0.17250E-01  0.34500E-01  0.00000E+00  0.00000E+00  0.00000E+00   -0.11832E+03 -0.28961E+03  0.40792E+03 -0.22260E+03 -0.16867E+03 -0.10749E+03      298.00
  0.26825E-01  0.81855E+03   -0.17500E-01 -0.17500E-01  0.35000E-01  0.00000E+00  0.00000E+00  0.00000E+00   -0.11864E+03 -0.29055E+03  0.40919E+03 -0.22375E+03 -0.16940E+03 -0.10777E+03      298.00
  0.27200E-01  0.82153E+03   -0.17750E-01 -0.17750E-01  0.35500E-01  0.00000E+00  0.00000E+00  0.00000E+00   -0.11895E+03 -0.29147E+03  0.41042E+03 -0.22489E+03 -0.17013E+03 -0.10804E+03      298.00
  0.27575E-01  0.82447E+03   -0.18000E-01 -0.18000E-01  0.36000E-01  0.00000E+00  0.00000E+00  0.00000E+00   -0.11926E+03 -0.29238E+03  0.41164E+03 -0.22602E+03 -0.17085E+03 -0.10830E+03      298.00
  0.27949E-01  0.82737E+03   -0.18250E-01 -0.18250E-01  0.36500E-01  0.00000E+00  0.00000E+00  0.00000E+00   -0.11957E+03 -0.29327E+03  0.41284E+03 -0.22714E+03 -0.17156E+03 -0.10855E+03      298.00
  0.28323E-01  0.83023E+03   -0.18500E-01 -0.18500E-01  0.37000E-01  0.00000E+00  0.00000E+00  0.00000E+00   -0.11987E+03 -0.29414E+03  0.41401E+03 -0.22825E+03 -0.17227E+03 -0.10880E+03      298.00
  0.28697E-01  0.83304E+03   -0.18750E-01 -0.18750E-01  0.37500E-01  0.00000E+00  0.00000E+00  0.00000E+00   -0.12017E+03 -0.29499E+03  0.41516E+03 -0.22935E+03 -0.17298E+03 -0.10903E+03      298.00
  0.29071E-01  0.83582E+03   -0.19000E-01 -0.19000E-01  0.38000E-01  0.00000E+00  0.00000E+00  0.00000E+00   -0.12049E+03 -0.29591E+03  0.41640E+03 -0.23039E+03 -0.17357E+03 -0.10918E+03      298.00
  0.29445E-01  0.83851E+03   -0.19250E-01 -0.19250E-01  0.38500E-01  0.00000E+00  0.00000E+00  0.00000E+00   -0.12075E+03 -0.29665E+03  0.41740E+03 -0.23149E+03 -0.17435E+03 -0.10947E+03      298.00
  0.29818E-01  0.84122E+03   -0.19500E-01 -0.19500E-01  0.39000E-01  0.00000E+00  0.00000E+00  0.00000E+00   -0.12107E+03 -0.29753E+03  0.41860E+03 -0.23252E+03 -0.17494E+03 -0.10961E+03      298.00
  0.30191E-01  0.84382E+03   -0.19750E-01 -0.19750E-01  0.39500E-01  0.00000E+00  0.00000E+00  0.00000E+00   -0.12135E+03 -0.29830E+03  0.41966E+03 -0.23354E+03 -0.17560E+03 -0.10980E+03      298.00
  0.30564E-01  0.84642E+03   -0.20000E-01 -0.20000E-01  0.40000E-01  0.00000E+00  0.00000E+00  0.00000E+00   -0.12163E+03 -0.29907E+03  0.42070E+03 -0.23457E+03 -0.17627E+03 -0.11000E+03      298.00
  0.30937E-01  0.84899E+03   -0.20250E-01 -0.20250E-01  0.40500E-01  0.00000E+00  0.00000E+00  0.00000E+00   -0.12190E+03 -0.29983E+03  0.42173E+03 -0.23560E+03 -0.17694E+03 -0.11019E+03      298.00
  0.31310E-01  0.85153E+03   -0.20500E-01 -0.20500E-01  0.41000E-01  0.00000E+00  0.00000E+00  0.00000E+00   -0.12217E+03 -0.30057E+03  0.42274E+03 -0.23662E+03 -0.17760E+03 -0.11037E+03      298.00
  0.31682E-01  0.85403E+03   -0.20750E-01 -0.20750E-01  0.41500E-01  0.00000E+00  0.00000E+00  0.00000E+00   -0.12244E+03 -0.30130E+03  0.42373E+03 -0.23762E+03 -0.17826E+03 -0.11055E+03      298.00
  0.32054E-01  0.85649E+03   -0.21000E-01 -0.21000E-01  0.42000E-01  0.00000E+00  0.00000E+00  0.00000E+00   -0.12270E+03 -0.30201E+03  0.42470E+03 -0.23862E+03 -0.17891E+03 -0.11072E+03      298.00
  0.32426E-01  0.85892E+03   -0.21250E-01 -0.21250E-01  0.42500E-01  0.00000E+00  0.00000E+00  0.00000E+00   -0.12296E+03 -0.30270E+03  0.42566E+03 -0.23961E+03 -0.17956E+03 -0.11088E+03      298.00
  0.32798E-01  0.86131E+03   -0.21500E-01 -0.21500E-01  0.43000E-01  0.00000E+00  0.00000E+00  0.00000E+00   -0.12321E+03 -0.30338E+03  0.42659E+03 -0.24058E+03 -0.18021E+03 -0.11104E+03      298.00
  0.33169E-01  0.86367E+03   -0.21750E-01 -0.21750E-01  0.43500E-01  0.00000E+00  0.00000E+00  0.00000E+00   -0.12347E+03 -0.30404E+03  0.42751E+03 -0.24155E+03 -0.18085E+03 -0.11119E+03      298.00
  0.33540E-01  0.86599E+03   -0.22000E-01 -0.22000E-01  0.44000E-01  0.00000E+00  0.00000E+00  0.00000E+00   -0.12372E+03 -0.30469E+03  0.42841E+03 -0.24250E+03 -0.18149E+03 -0.11133E+03      298.00
  0.33911E-01  0.86828E+03   -0.22250E-01 -0.22250E-01  0.44500E-01  0.00000E+00  0.00000E+00  0.00000E+00   -0.12396E+03 -0.30533E+03  0.42929E+03 -0.24345E+03 -0.18212E+03 -0.11147E+03      298.00
  0.34282E-01  0.87053E+03   -0.22500E-01 -0.22500E-01  0.45000E-01  0.00000E+00  0.00000E+00  0.00000E+00   -0.12421E+03 -0.30595E+03  0.43016E+03 -0.24438E+03 -0.18275E+03 -0.11160E+03      298.00
  0.34653E-01  0.87275E+03   -0.22750E-01 -0.22750E-01  0.45500E-01  0.00000E+00  0.00000E+00  0.00000E+00   -0.12445E+03 -0.30656E+03  0.43100E+03 -0.24530E+03 -0.18337E+03 -0.11173E+03      298.00
  0.35023E-01  0.87493E+03   -0.23000E-01 -0.23000E-01  0.46000E-01  0.00000E+00  0.00000E+00  0.00000E+00   -0.12469E+03 -0.30715E+03  0.43184E+03 -0.24622E+03 -0.18399E+03 -0.11184E+03      298.00
  0.35393E-01  0.87709E+03   -0.23250E-01 -0.23250E-01  0.46500E-01  0.00000E+00  0.00000E+00  0.00000E+00   -0.12492E+03 -0.30773E+03  0.43265E+03 -0.24712E+03 -0.18461E+03 -0.11196E+03      298.00
  0.35763E-01  0.87920E+03   -0.23500E-01 -0.23500E-01  0.47000E-01  0.00000E+00  0.00000E+00  0.00000E+00   -0.12515E+03 -0.30830E+03  0.43345E+03 -0.24801E+03 -0.18522E+03 -0.11206E+03      298.00
  0.36133E-01  0.88129E+03   -0.23750E-01 -0.23750E-01  0.47500E-01  0.00000E+00  0.00000E+00  0.00000E+00   -0.12538E+03 -0.30885E+03  0.43423E+03 -0.24889E+03 -0.18582E+03 -0.11216E+03      298.00
  0.36503E-01  0.88335E+03   -0.24000E-01 -0.24000E-01  0.48000E-01  0.00000E+00  0.00000E+00  0.00000E+00   -0.12560E+03 -0.30939E+03  0.43500E+03 -0.24977E+03 -0.18642E+03 -0.11226E+03      298.00
  0.36872E-01  0.88538E+03   -0.24250E-01 -0.24250E-01  0.48500E-01  0.00000E+00  0.00000E+00  0.00000E+00   -0.12583E+03 -0.30992E+03  0.43575E+03 -0.25064E+03 -0.18702E+03 -0.11235E+03      298.00
  0.37241E-01  0.88738E+03   -0.24500E-01 -0.24500E-01  0.49000E-01  0.00000E+00  0.00000E+00  0.00000E+00   -0.12604E+03 -0.31044E+03  0.43648E+03 -0.25149E+03 -0.18762E+03 -0.11243E+03      298.00
  0.37610E-01  0.88934E+03   -0.24750E-01 -0.24750E-01  0.49500E-01  0.00000E+00  0.00000E+00  0.00000E+00   -0.12626E+03 -0.31095E+03  0.43721E+03 -0.25234E+03 -0.18821E+03 -0.11251E+03      298.00
  0.37979E-01  0.89129E+03   -0.25000E-01 -0.25000E-01  0.50000E-01  0.00000E+00  0.00000E+00  0.00000E+00   -0.12648E+03 -0.31144E+03  0.43791E+03 -0.25318E+03 -0.18880E+03 -0.11258E+03      298.00
          Evm          Svm            E11          E22          E33          E23          E13          E12         SDEV11       SDEV22       SDEV33       SDEV23       SDEV13       SDEV12      TEMP
  0.37979E-01  0.89174E+03   -0.25000E-01 -0.25000E-01  0.50000E-01  0.00000E+00  0.00000E+00  0.00000E+00   -0.12638E+03 -0.31153E+03  0.43790E+03 -0.25351E+03 -0.18894E+03 -0.11274E+03      298.00
  0.38347E-01  0.89322E+03   -0.25250E-01 -0.25250E-01  0.50500E-01  0.00000E+00  0.00000E+00  0.00000E+00   -0.12668E+03 -0.31192E+03  0.43861E+03 -0.25402E+03 -0.18939E+03 -0.11266E+03      298.00
  0.38715E-01  0.89508E+03   -0.25500E-01 -0.25500E-01  0.51000E-01  0.00000E+00  0.00000E+00  0.00000E+00   -0.12690E+03 -0.31239E+03  0.43928E+03 -0.25483E+03 -0.18996E+03 -0.11271E+03      298.00
  0.39083E-01  0.89694E+03   -0.25750E-01 -0.25750E-01  0.51500E-01  0.00000E+00  0.00000E+00  0.00000E+00   -0.12710E+03 -0.31285E+03  0.43995E+03 -0.25564E+03 -0.19054E+03 -0.11277E+03      298.00
  0.39451E-01  0.89877E+03   -0.26000E-01 -0.26000E-01  0.52000E-01  0.00000E+00  0.00000E+00  0.00000E+00   -0.12731E+03 -0.31329E+03  0.44060E+03 -0.25645E+03 -0.19111E+03 -0.11282E+03      298.00
  0.39819E-01  0.90057E+03   -0.26250E-01 -0.26250E-01  0.52500E-01  0.00000E+00  0.00000E+00  0.00000E+00   -0.12751E+03 -0.31373E+03  0.44124E+03 -0.25724E+03 -0.19168E+03 -0.11287E+03      298.00
  0.40186E-01  0.90230E+03   -0.26500E-01 -0.26500E-01  0.53000E-01  0.00000E+00  0.00000E+00  0.00000E+00   -0.12771E+03 -0.31402E+03  0.44172E+03 -0.25794E+03 -0.19250E+03 -0.11304E+03      298.00
  0.40553E-01  0.90415E+03   -0.26750E-01 -0.26750E-01  0.53500E-01  0.00000E+00  0.00000E+00  0.00000E+00   -0.12791E+03 -0.31444E+03  0.44235E+03 -0.25875E+03 -0.19312E+03 -0.11310E+03      298.00
  0.40920E-01  0.90588E+03   -0.27000E-01 -0.27000E-01  0.54000E-01  0.00000E+00  0.00000E+00  0.00000E+00   -0.12811E+03 -0.31484E+03  0.44295E+03 -0.25952E+03 -0.19369E+03 -0.11314E+03      298.00
  0.41287E-01  0.90759E+03   -0.27250E-01 -0.27250E-01  0.54500E-01  0.00000E+00  0.00000E+00  0.00000E+00   -0.12830E+03 -0.31524E+03  0.44354E+03 -0.26029E+03 -0.19425E+03 -0.11317E+03      298.00
  0.41654E-01  0.90928E+03   -0.27500E-01 -0.27500E-01  0.55000E-01  0.00000E+00  0.00000E+00  0.00000E+00   -0.12850E+03 -0.31562E+03  0.44412E+03 -0.26104E+03 -0.19481E+03 -0.11320E+03      298.00
  0.42020E-01  0.91094E+03   -0.27750E-01 -0.27750E-01  0.55500E-01  0.00000E+00  0.00000E+00  0.00000E+00   -0.12869E+03 -0.31600E+03  0.44468E+03 -0.26179E+03 -0.19537E+03 -0.11322E+03      298.00
  0.42386E-01  0.91257E+03   -0.28000E-01 -0.28000E-01  0.56000E-01  0.00000E+00  0.00000E+00  0.00000E+00   -0.12887E+03 -0.31636E+03  0.44524E+03 -0.26254E+03 -0.19592E+03 -0.11324E+03      298.00
  0.42752E-01  0.91419E+03   -0.28250E-01 -0.28250E-01  0.56500E-01  0.00000E+00  0.00000E+00  0.00000E+00   -0.12906E+03 -0.31672E+03  0.44578E+03 -0.26327E+03 -0.19647E+03 -0.11325E+03      298.00
  0.43118E-01  0.91577E+03   -0.28500E-01 -0.28500E-01  0.57000E-01  0.00000E+00  0.00000E+00  0.00000E+00   -0.12924E+03 -0.31706E+03  0.44630E+03 -0.26400E+03 -0.19702E+03 -0.11326E+03      298.00
  0.43483E-01  0.91734E+03   -0.28750E-01 -0.28750E-01  0.57500E-01  0.00000E+00  0.00000E+00  0.00000E+00   -0.12942E+03 -0.31739E+03  0.44682E+03 -0.26471E+03 -0.19756E+03 -0.11326E+03      298.00
  0.43849E-01  0.91888E+03   -0.29000E-01 -0.29000E-01  0.58000E-01  0.00000E+00  0.00000E+00  0.00000E+00   -0.12960E+03 -0.31772E+03  0.44732E+03 -0.26543E+03 -0.19810E+03 -0.11326E+03      298.00
  0.44214E-01  0.92039E+03   -0.29250E-01 -0.29250E-01  0.58500E-01  0.00000E+00  0.00000E+00  0.00000E+00   -0.12978E+03 -0.31803E+03  0.44782E+03 -0.26613E+03 -0.19864E+03 -0.11326E+03      298.00
  0.44579E-01  0.92189E+03   -0.29500E-01 -0.29500E-01  0.59000E-01  0.00000E+00  0.00000E+00  0.00000E+00   -0.12996E+03 -0.31834E+03  0.44830E+03 -0.26682E+03 -0.19917E+03 -0.11325E+03      298.00
  0.44943E-01  0.92336E+03   -0.29750E-01 -0.29750E-01  0.59500E-01  0.00000E+00  0.00000E+00  0.00000E+00   -0.13013E+03 -0.31864E+03  0.44877E+03 -0.26751E+03 -0.19971E+03 -0.11324E+03      298.00
  0.45308E-01  0.92480E+03   -0.30000E-01 -0.30000E-01  0.60000E-01  0.00000E+00  0.00000E+00  0.00000E+00   -0.13030E+03 -0.31892E+03  0.44923E+03 -0.26819E+03 -0.20023E+03 -0.11322E+03      298.00
  0.45672E-01  0.92623E+03   -0.30250E-01 -0.30250E-01  0.60500E-01  0.00000E+00  0.00000E+00  0.00000E+00   -0.13047E+03 -0.31920E+03  0.44967E+03 -0.26887E+03 -0.20076E+03 -0.11320E+03      298.00
  0.46036E-01  0.92763E+03   -0.30500E-01 -0.30500E-01  0.61000E-01  0.00000E+00  0.00000E+00  0.00000E+00   -0.13064E+03 -0.31947E+03  0.45011E+03 -0.26953E+03 -0.20128E+03 -0.11318E+03      298.00
  0.46400E-01  0.92902E+03   -0.30750E-01 -0.30750E-01  0.61500E-01  0.00000E+00  0.00000E+00  0.00000E+00   -0.13081E+03 -0.31973E+03  0.45054E+03 -0.27019E+03 -0.20180E+03 -0.11315E+03      298.00
  0.46764E-01  0.93038E+03   -0.31000E-01 -0.31000E-01  0.62000E-01  0.00000E+00  0.00000E+00  0.00000E+00   -0.13097E+03 -0.31998E+03  0.45096E+03 -0.27084E+03 -0.20232E+03 -0.11312E+03      298.00
  0.47127E-01  0.93172E+03   -0.31250E-01 -0.31250E-01  0.62500E-01  0.00000E+00  0.00000E+00  0.00000E+00   -0.13114E+03 -0.32023E+03  0.45136E+03 -0.27149E+03 -0.20283E+03 -0.11309E+03      298.00
  0.47491E-01  0.93304E+03   -0.31500E-01 -0.31500E-01  0.63000E-01  0.00000E+00  0.00000E+00  0.00000E+00   -0.13130E+03 -0.32046E+03  0.45176E+03 -0.27212E+03 -0.20334E+03 -0.11305E+03      298.00
  0.47854E-01  0.93434E+03   -0.31750E-01 -0.31750E-01  0.63500E-01  0.00000E+00  0.00000E+00  0.00000E+00   -0.13146E+03 -0.32069E+03  0.45215E+03 -0.27275E+03 -0.20385E+03 -0.11301E+03      298.00
  0.48217E-01  0.93562E+03   -0.32000E-01 -0.32000E-01  0.64000E-01  0.00000E+00  0.00000E+00  0.00000E+00   -0.13162E+03 -0.32090E+03  0.45252E+03 -0.27338E+03 -0.20435E+03 -0.11296E+03      298.00
  0.48580E-01  0.93688E+03   -0.32250E-01 -0.32250E-01  0.64500E-01  0.00000E+00  0.00000E+00  0.00000E+00   -0.13178E+03 -0.32111E+03  0.45289E+03 -0.27399E+03 -0.20485E+03 -0.11291E+03      298.00
  0.48942E-01  0.93812E+03   -0.32500E-01 -0.32500E-01  0.65000E-01  0.00000E+00  0.00000E+00  0.00000E+00   -0.13193E+03 -0.32132E+03  0.45325E+03 -0.27460E+03 -0.20535E+03 -0.11286E+03      298.00
  0.49304E-01  0.93934E+03   -0.32750E-01 -0.32750E-01  0.65500E-01  0.00000E+00  0.00000E+00  0.00000E+00   -0.13209E+03 -0.32151E+03  0.45360E+03 -0.27521E+03 -0.20585E+03 -0.11280E+03      298.00
  0.49667E-01  0.94054E+03   -0.33000E-01 -0.33000E-01  0.66000E-01  0.00000E+00  0.00000E+00  0.00000E+00   -0.13224E+03 -0.32170E+03  0.45394E+03 -0.27580E+03 -0.20635E+03 -0.11274E+03      298.00
  0.50029E-01  0.94172E+03   -0.33250E-01 -0.33250E-01  0.66500E-01  0.00000E+00  0.00000E+00  0.00000E+00   -0.13239E+03 -0.32188E+03  0.45427E+03 -0.27639E+03 -0.20684E+03 -0.11268E+03      298.00
  0.50390E-01  0.94289E+03   -0.33500E-01 -0.33500E-01  0.67000E-01  0.00000E+00  0.00000E+00  0.00000E+00   -0.13254E+03 -0.32205E+03  0.45459E+03 -0.27697E+03 -0.20733E+03 -0.11261E+03      298.00
  0.50752E-01  0.94403E+03   -0.33750E-01 -0.33750E-01  0.67500E-01  0.00000E+00  0.00000E+00  0.00000E+00   -0.13269E+03 -0.32221E+03  0.45490E+03 -0.27755E+03 -0.20781E+03 -0.11254E+03      298.00
  0.51113E-01  0.94516E+03   -0.34000E-01 -0.34000E-01  0.68000E-01  0.00000E+00  0.00000E+00  0.00000E+00   -0.13284E+03 -0.32237E+03  0.45520E+03 -0.27812E+03 -0.20829E+03 -0.11247E+03      298.00
  0.51475E-01  0.94627E+03   -0.34250E-01 -0.34250E-01  0.68500E-01  0.00000E+00  0.00000E+00  0.00000E+00   -0.13298E+03 -0.32252E+03  0.45550E+03 -0.27868E+03 -0.20877E+03 -0.11240E+03      298.00
  0.51836E-01  0.94736E+03   -0.34500E-01 -0.34500E-01  0.69000E-01  0.00000E+00  0.00000E+00  0.00000E+00   -0.13313E+03 -0.32266E+03  0.45579E+03 -0.27924E+03 -0.20925E+03 -0.11232E+03      298.00
  0.52196E-01  0.94843E+03   -0.34750E-01 -0.34750E-01  0.69500E-01  0.00000E+00  0.00000E+00  0.00000E+00   -0.13327E+03 -0.32279E+03  0.45606E+03 -0.27979E+03 -0.20972E+03 -0.11223E+03      298.00
  0.52557E-01  0.94948E+03   -0.35000E-01 -0.35000E-01  0.70000E-01  0.00000E+00  0.00000E+00  0.00000E+00   -0.13341E+03 -0.32292E+03  0.45634E+03 -0.28034E+03 -0.21019E+03 -0.11215E+03      298.00
  0.52918E-01  0.95052E+03   -0.35250E-01 -0.35250E-01  0.70500E-01  0.00000E+00  0.00000E+00  0.00000E+00   -0.13355E+03 -0.32304E+03  0.45660E+03 -0.28088E+03 -0.21066E+03 -0.11206E+03      298.00
  0.53278E-01  0.95154E+03   -0.35500E-01 -0.35500E-01  0.71000E-01  0.00000E+00  0.00000E+00  0.00000E+00   -0.13369E+03 -0.32316E+03  0.45685E+03 -0.28141E+03 -0.21113E+03 -0.11197E+03      298.00
  0.53638E-01  0.95255E+03   -0.35750E-01 -0.35750E-01  0.71500E-01  0.00000E+00  0.00000E+00  0.00000E+00   -0.13383E+03 -0.32327E+03  0.45710E+03 -0.28194E+03 -0.21159E+03 -0.11187E+03      298.00
  0.53998E-01  0.95354E+03   -0.36000E-01 -0.36000E-01  0.72000E-01  0.00000E+00  0.00000E+00  0.00000E+00   -0.13397E+03 -0.32337E+03  0.45734E+03 -0.28246E+03 -0.21205E+03 -0.11178E+03      298.00
  0.54358E-01  0.95451E+03   -0.36250E-01 -0.36250E-01  0.72500E-01  0.00000E+00  0.00000E+00  0.00000E+00   -0.13410E+03 -0.32347E+03  0.45757E+03 -0.28297E+03 -0.21250E+03 -0.11168E+03      298.00
  0.54717E-01  0.95547E+03   -0.36500E-01 -0.36500E-01  0.73000E-01  0.00000E+00  0.00000E+00  0.00000E+00   -0.13424E+03 -0.32356E+03  0.45780E+03 -0.28348E+03 -0.21296E+03 -0.11157E+03      298.00
  0.55076E-01  0.95641E+03   -0.36750E-01 -0.36750E-01  0.73500E-01  0.00000E+00  0.00000E+00  0.00000E+00   -0.13437E+03 -0.32364E+03  0.45801E+03 -0.28399E+03 -0.21341E+03 -0.11147E+03      298.00
  0.55436E-01  0.95734E+03   -0.37000E-01 -0.37000E-01  0.74000E-01  0.00000E+00  0.00000E+00  0.00000E+00   -0.13451E+03 -0.32372E+03  0.45822E+03 -0.28449E+03 -0.21386E+03 -0.11136E+03      298.00
  0.55795E-01  0.95825E+03   -0.37250E-01 -0.37250E-01  0.74500E-01  0.00000E+00  0.00000E+00  0.00000E+00   -0.13464E+03 -0.32379E+03  0.45843E+03 -0.28498E+03 -0.21431E+03 -0.11125E+03      298.00
  0.56153E-01  0.95914E+03   -0.37500E-01 -0.37500E-01  0.75000E-01  0.00000E+00  0.00000E+00  0.00000E+00   -0.13477E+03 -0.32385E+03  0.45862E+03 -0.28547E+03 -0.21476E+03 -0.11114E+03      298.00
          Evm          Svm            E11          E22          E33          E23          E13          E12         SDEV11       SDEV22       SDEV33       SDEV23       SDEV13       SDEV12      TEMP
  0.56153E-01  0.95914E+03   -0.37500E-01 -0.37500E-01  0.75000E-01  0.00000E+00  0.00000E+00  0.00000E+00   -0.13465E+03 -0.32399E+03  0.45864E+03 -0.28576E+03 -0.21431E+03 -0.11105E+03      298.00
  0.56512E-01  0.96002E+03   -0.37750E-01 -0.37750E-01  0.75500E-01  0.00000E+00  0.00000E+00  0.00000E+00   -0.13489E+03 -0.32392E+03  0.45881E+03 -0.28597E+03 -0.21517E+03 -0.11102E+03      298.00
  0.56870E-01  0.96089E+03   -0.38000E-01 -0.38000E-01  0.76000E-01  0.00000E+00  0.00000E+00  0.00000E+00   -0.13503E+03 -0.32397E+03  0.45899E+03 -0.28643E+03 -0.21564E+03 -0.11090E+03      298.00
  0.57229E-01  0.96175E+03   -0.38250E-01 -0.38250E-01  0.76500E-01  0.00000E+00  0.00000E+00  0.00000E+00   -0.13516E+03 -0.32401E+03  0.45917E+03 -0.28690E+03 -0.21608E+03 -0.11078E+03      298.00
  0.57587E-01  0.96258E+03   -0.38500E-01 -0.38500E-01  0.77000E-01  0.00000E+00  0.00000E+00  0.00000E+00   -0.13528E+03 -0.32405E+03  0.45934E+03 -0.28736E+03 -0.21651E+03 -0.11066E+03      298.00
  0.57945E-01  0.96341E+03   -0.38750E-01 -0.38750E-01  0.77500E-01  0.00000E+00  0.00000E+00  0.00000E+00   -0.13541E+03 -0.32409E+03  0.45950E+03 -0.28782E+03 -0.21695E+03 -0.11053E+03      298.00
  0.58302E-01  0.96422E+03   -0.39000E-01 -0.39000E-01  0.78000E-01  0.00000E+00  0.00000E+00  0.00000E+00   -0.13554E+03 -0.32412E+03  0.45966E+03 -0.28828E+03 -0.21738E+03 -0.11041E+03      298.00
  0.58660E-01  0.96501E+03   -0.39250E-01 -0.39250E-01  0.78500E-01  0.00000E+00  0.00000E+00  0.00000E+00   -0.13566E+03 -0.32415E+03  0.45981E+03 -0.28873E+03 -0.21781E+03 -0.11028E+03      298.00
  0.59017E-01  0.96579E+03   -0.39500E-01 -0.39500E-01  0.79000E-01  0.00000E+00  0.00000E+00  0.00000E+00   -0.13578E+03 -0.32417E+03  0.45995E+03 -0.28917E+03 -0.21824E+03 -0.11014E+03      298.00
  0.59374E-01  0.96656E+03   -0.39750E-01 -0.39750E-01  0.79500E-01  0.00000E+00  0.00000E+00  0.00000E+00   -0.13591E+03 -0.32418E+03  0.46009E+03 -0.28961E+03 -0.21866E+03 -0.11001E+03      298.00
  0.59731E-01  0.96732E+03   -0.40000E-01 -0.40000E-01  0.80000E-01  0.00000E+00  0.00000E+00  0.00000E+00   -0.13603E+03 -0.32419E+03  0.46022E+03 -0.29005E+03 -0.21908E+03 -0.10987E+03      298.00
  0.60088E-01  0.96806E+03   -0.40250E-01 -0.40250E-01  0.80500E-01  0.00000E+00  0.00000E+00  0.00000E+00   -0.13615E+03 -0.32420E+03  0.46035E+03 -0.29048E+03 -0.21950E+03 -0.10973E+03      298.00
  0.60445E-01  0.96879E+03   -0.40500E-01 -0.40500E-01  0.81000E-01  0.00000E+00  0.00000E+00  0.00000E+00   -0.13627E+03 -0.32420E+03  0.46047E+03 -0.29090E+03 -0.21992E+03 -0.10959E+03      298.00
  0.60801E-01  0.96951E+03   -0.40750E-01 -0.40750E-01  0.81500E-01  0.00000E+00  0.00000E+00  0.00000E+00   -0.13639E+03 -0.32419E+03  0.46058E+03 -0.29133E+03 -0.22033E+03 -0.10945E+03      298.00
  0.61158E-01  0.97021E+03   -0.41000E-01 -0.41000E-01  0.82000E-01  0.00000E+00  0.00000E+00  0.00000E+00   -0.13650E+03 -0.32418E+03  0.46069E+03 -0.29174E+03 -0.22075E+03 -0.10930E+03      298.00
  0.61514E-01  0.97090E+03   -0.41250E-01 -0.41250E-01  0.82500E-01  0.00000E+00  0.00000E+00  0.00000E+00   -0.13662E+03 -0.32417E+03  0.46079E+03 -0.29215E+03 -0.22116E+03 -0.10915E+03      298.00
  0.61870E-01  0.97158E+03   -0.41500E-01 -0.41500E-01  0.83000E-01  0.00000E+00  0.00000E+00  0.00000E+00   -0.13674E+03 -0.32415E+03  0.46089E+03 -0.29256E+03 -0.22156E+03 -0.10900E+03      298.00
  0.62226E-01  0.97225E+03   -0.41750E-01 -0.41750E-01  0.83500E-01  0.00000E+00  0.00000E+00  0.00000E+00   -0.13685E+03 -0.32413E+03  0.46098E+03 -0.29296E+03 -0.22197E+03 -0.10885E+03      298.00
  0.62581E-01  0.97291E+03   -0.42000E-01 -0.42000E-01  0.84000E-01  0.00000E+00  0.00000E+00  0.00000E+00   -0.13697E+03 -0.32410E+03  0.46107E+03 -0.29336E+03 -0.22237E+03 -0.10869E+03      298.00
  0.62937E-01  0.97355E+03   -0.42250E-01 -0.42250E-01  0.84500E-01  0.00000E+00  0.00000E+00  0.00000E+00   -0.13708E+03 -0.32407E+03  0.46115E+03 -0.29375E+03 -0.22277E+03 -0.10854E+03      298.00
  0.63292E-01  0.97419E+03   -0.42500E-01 -0.42500E-01  0.85000E-01  0.00000E+00  0.00000E+00  0.00000E+00   -0.13720E+03 -0.32403E+03  0.46123E+03 -0.29414E+03 -0.22317E+03 -0.10838E+03      298.00
  0.63647E-01  0.97481E+03   -0.42750E-01 -0.42750E-01  0.85500E-01  0.00000E+00  0.00000E+00  0.00000E+00   -0.13731E+03 -0.32399E+03  0.46130E+03 -0.29453E+03 -0.22357E+03 -0.10822E+03      298.00
  0.64002E-01  0.97542E+03   -0.43000E-01 -0.43000E-01  0.86000E-01  0.00000E+00  0.00000E+00  0.00000E+00   -0.13742E+03 -0.32394E+03  0.46136E+03 -0.29491E+03 -0.22396E+03 -0.10806E+03      298.00
  0.64357E-01  0.97602E+03   -0.43250E-01 -0.43250E-01  0.86500E-01  0.00000E+00  0.00000E+00  0.00000E+00   -0.13753E+03 -0.32389E+03  0.46143E+03 -0.29528E+03 -0.22436E+03 -0.10789E+03      298.00
  0.64711E-01  0.97661E+03   -0.43500E-01 -0.43500E-01  0.87000E-01  0.00000E+00  0.00000E+00  0.00000E+00   -0.13764E+03 -0.32384E+03  0.46148E+03 -0.29566E+03 -0.22475E+03 -0.10773E+03      298.00
  0.65066E-01  0.97719E+03   -0.43750E-01 -0.43750E-01  0.87500E-01  0.00000E+00  0.00000E+00  0.00000E+00   -0.13775E+03 -0.32378E+03  0.46154E+03 -0.29602E+03 -0.22514E+03 -0.10756E+03      298.00
  0.65420E-01  0.97776E+03   -0.44000E-01 -0.44000E-01  0.88000E-01  0.00000E+00  0.00000E+00  0.00000E+00   -0.13786E+03 -0.32372E+03  0.46158E+03 -0.29639E+03 -0.22552E+03 -0.10739E+03      298.00
  0.65774E-01  0.97831E+03   -0.44250E-01 -0.44250E-01  0.88500E-01  0.00000E+00  0.00000E+00  0.00000E+00   -0.13797E+03 -0.32365E+03  0.46163E+03 -0.29675E+03 -0.22591E+03 -0.10722E+03      298.00
  0.66128E-01  0.97886E+03   -0.44500E-01 -0.44500E-01  0.89000E-01  0.00000E+00  0.00000E+00  0.00000E+00   -0.13808E+03 -0.32358E+03  0.46166E+03 -0.29710E+03 -0.22629E+03 -0.10705E+03      298.00
  0.66482E-01  0.97940E+03   -0.44750E-01 -0.44750E-01  0.89500E-01  0.00000E+00  0.00000E+00  0.00000E+00   -0.13819E+03 -0.32351E+03  0.46170E+03 -0.29746E+03 -0.22667E+03 -0.10687E+03      298.00
  0.66835E-01  0.97993E+03   -0.45000E-01 -0.45000E-01  0.90000E-01  0.00000E+00  0.00000E+00  0.00000E+00   -0.13829E+03 -0.32343E+03  0.46173E+03 -0.29780E+03 -0.22705E+03 -0.10670E+03      298.00
  0.67188E-01  0.98045E+03   -0.45250E-01 -0.45250E-01  0.90500E-01  0.00000E+00  0.00000E+00  0.00000E+00   -0.13840E+03 -0.32335E+03  0.46175E+03 -0.29815E+03 -0.22743E+03 -0.10652E+03      298.00
  0.67542E-01  0.98095E+03   -0.45500E-01 -0.45500E-01  0.91000E-01  0.00000E+00  0.00000E+00  0.00000E+00   -0.13851E+03 -0.32327E+03  0.46177E+03 -0.29849E+03 -0.22780E+03 -0.10634E+03      298.00
  0.67895E-01  0.98145E+03   -0.45750E-01 -0.45750E-01  0.91500E-01  0.00000E+00  0.00000E+00  0.00000E+00   -0.13861E+03 -0.32318E+03  0.46179E+03 -0.29882E+03 -0.22818E+03 -0.10616E+03      298.00
  0.68248E-01  0.98194E+03   -0.46000E-01 -0.46000E-01  0.92000E-01  0.00000E+00  0.00000E+00  0.00000E+00   -0.13872E+03 -0.32308E+03  0.46180E+03 -0.29916E+03 -0.22855E+03 -0.10598E+03      298.00
  0.68600E-01  0.98242E+03   -0.46250E-01 -0.46250E-01  0.92500E-01  0.00000E+00  0.00000E+00  0.00000E+00   -0.13882E+03 -0.32299E+03  0.46181E+03 -0.29949E+03 -0.22892E+03 -0.10580E+03      298.00
  0.68953E-01  0.98289E+03   -0.46500E-01 -0.46500E-01  0.93000E-01  0.00000E+00  0.00000E+00  0.00000E+00   -0.13893E+03 -0.32289E+03  0.46182E+03 -0.29981E+03 -0.22929E+03 -0.10561E+03      298.00
  0.69305E-01  0.98336E+03   -0.46750E-01 -0.46750E-01  0.93500E-01  0.00000E+00  0.00000E+00  0.00000E+00   -0.13903E+03 -0.32279E+03  0.46182E+03 -0.30013E+03 -0.22965E+03 -0.10542E+03      298.00
  0.69658E-01  0.98381E+03   -0.47000E-01 -0.47000E-01  0.94000E-01  0.00000E+00  0.00000E+00  0.00000E+00   -0.13913E+03 -0.32268E+03  0.46181E+03 -0.30045E+03 -0.23002E+03 -0.10524E+03      298.00
  0.70010E-01  0.98426E+03   -0.47250E-01 -0.47250E-01  0.94500E-01  0.00000E+00  0.00000E+00  0.00000E+00   -0.13924E+03 -0.32257E+03  0.46181E+03 -0.30077E+03 -0.23038E+03 -0.10505E+03      298.00
  0.70361E-01  0.98469E+03   -0.47500E-01 -0.47500E-01  0.95000E-01  0.00000E+00  0.00000E+00  0.00000E+00   -0.13934E+03 -0.32246E+03  0.46180E+03 -0.30108E+03 -0.23074E+03 -0.10485E+03      298.00
  0.70713E-01  0.98512E+03   -0.47750E-01 -0.47750E-01  0.95500E-01  0.00000E+00  0.00000E+00  0.00000E+00   -0.13944E+03 -0.32234E+03  0.46178E+03 -0.30138E+03 -0.23110E+03 -0.10466E+03      298.00
  0.71065E-01  0.98554E+03   -0.48000E-01 -0.48000E-01  0.96000E-01  0.00000E+00  0.00000E+00  0.00000E+00   -0.13954E+03 -0.32222E+03  0.46176E+03 -0.30169E+03 -0.23146E+03 -0.10447E+03      298.00
  0.71416E-01  0.98596E+03   -0.48250E-01 -0.48250E-01  0.96500E-01  0.00000E+00  0.00000E+00  0.00000E+00   -0.13964E+03 -0.32210E+03  0.46174E+03 -0.30199E+03 -0.23181E+03 -0.10427E+03      298.00
  0.71767E-01  0.98636E+03   -0.48500E-01 -0.48500E-01  0.97000E-01  0.00000E+00  0.00000E+00  0.00000E+00   -0.13974E+03 -0.32197E+03  0.46172E+03 -0.30229E+03 -0.23217E+03 -0.10408E+03      298.00
  0.72118E-01  0.98676E+03   -0.48750E-01 -0.48750E-01  0.97500E-01  0.00000E+00  0.00000E+00  0.00000E+00   -0.13984E+03 -0.32185E+03  0.46169E+03 -0.30258E+03 -0.23252E+03 -0.10388E+03      298.00
  0.72469E-01  0.98715E+03   -0.49000E-01 -0.49000E-01  0.98000E-01  0.00000E+00  0.00000E+00  0.00000E+00   -0.13994E+03 -0.32172E+03  0.46166E+03 -0.30288E+03 -0.23287E+03 -0.10368E+03      298.00
  0.72820E-01  0.98753E+03   -0.49250E-01 -0.49250E-01  0.98500E-01  0.00000E+00  0.00000E+00  0.00000E+00   -0.14004E+03 -0.32158E+03  0.46162E+03 -0.30317E+03 -0.23322E+03 -0.10348E+03      298.00
  0.73171E-01  0.98791E+03   -0.49500E-01 -0.49500E-01  0.99000E-01  0.00000E+00  0.00000E+00  0.00000E+00   -0.14014E+03 -0.32144E+03  0.46158E+03 -0.30345E+03 -0.23357E+03 -0.10328E+03      298.00
  0.73521E-01  0.98827E+03   -0.49750E-01 -0.49750E-01  0.99500E-01  0.00000E+00  0.00000E+00  0.00000E+00   -0.14024E+03 -0.32130E+03  0.46154E+03 -0.30374E+03 -0.23392E+03 -0.10308E+03      298.00
  0.73871E-01  0.98863E+03   -0.50000E-01 -0.50000E-01  0.10000E+00  0.00000E+00  0.00000E+00  0.00000E+00   -0.14034E+03 -0.32116E+03  0.46150E+03 -0.30402E+03 -0.23427E+03 -0.10288E+03      298.00
          Evm          Svm            E11          E22          E33          E23          E13          E12         SDEV11       SDEV22       SDEV33       SDEV23       SDEV13       SDEV12      TEMP
  0.73871E-01  0.98847E+03   -0.50000E-01 -0.50000E-01  0.10000E+00  0.00000E+00  0.00000E+00  0.00000E+00   -0.14022E+03 -0.32127E+03  0.46149E+03 -0.30420E+03 -0.23382E+03 -0.10275E+03      298.00
  0.74222E-01  0.98900E+03   -0.50250E-01 -0.50250E-01  0.10050E+00  0.00000E+00  0.00000E+00  0.00000E+00   -0.14043E+03 -0.32102E+03  0.46145E+03 -0.30431E+03 -0.23461E+03 -0.10267E+03      298.00
  0.74572E-01  0.98933E+03   -0.50500E-01 -0.50500E-01  0.10100E+00  0.00000E+00  0.00000E+00  0.00000E+00   -0.14053E+03 -0.32087E+03  0.46140E+03 -0.30457E+03 -0.23495E+03 -0.10247E+03      298.00
  0.74921E-01  0.98968E+03   -0.50750E-01 -0.50750E-01  0.10150E+00  0.00000E+00  0.00000E+00  0.00000E+00   -0.14063E+03 -0.32072E+03  0.46135E+03 -0.30484E+03 -0.23530E+03 -0.10226E+03      298.00
  0.75271E-01  0.99001E+03   -0.51000E-01 -0.51000E-01  0.10200E+00  0.00000E+00  0.00000E+00  0.00000E+00   -0.14072E+03 -0.32057E+03  0.46129E+03 -0.30511E+03 -0.23564E+03 -0.10205E+03      298.00
  0.75620E-01  0.99034E+03   -0.51250E-01 -0.51250E-01  0.10250E+00  0.00000E+00  0.00000E+00  0.00000E+00   -0.14082E+03 -0.32041E+03  0.46123E+03 -0.30538E+03 -0.23597E+03 -0.10185E+03      298.00
  0.75970E-01  0.99066E+03   -0.51500E-01 -0.51500E-01  0.10300E+00  0.00000E+00  0.00000E+00  0.00000E+00   -0.14092E+03 -0.32025E+03  0.46117E+03 -0.30564E+03 -0.23631E+03 -0.10164E+03      298.00
  0.76319E-01  0.99098E+03   -0.51750E-01 -0.51750E-01  0.10350E+00  0.00000E+00  0.00000E+00  0.00000E+00   -0.14101E+03 -0.32009E+03  0.46110E+03 -0.30590E+03 -0.23665E+03 -0.10143E+03      298.00
  0.76668E-01  0.99129E+03   -0.52000E-01 -0.52000E-01  0.10400E+00  0.00000E+00  0.00000E+00  0.00000E+00   -0.14111E+03 -0.31993E+03  0.46103E+03 -0.30616E+03 -0.23698E+03 -0.10121E+03      298.00
  0.77017E-01  0.99159E+03   -0.52250E-01 -0.52250E-01  0.10450E+00  0.00000E+00  0.00000E+00  0.00000E+00   -0.14120E+03 -0.31976E+03  0.46096E+03 -0.30642E+03 -0.23732E+03 -0.10100E+03      298.00
  0.77365E-01  0.99189E+03   -0.52500E-01 -0.52500E-01  0.10500E+00  0.00000E+00  0.00000E+00  0.00000E+00   -0.14129E+03 -0.31960E+03  0.46089E+03 -0.30668E+03 -0.23765E+03 -0.10079E+03      298.00
  0.77714E-01  0.99219E+03   -0.52750E-01 -0.52750E-01  0.10550E+00  0.00000E+00  0.00000E+00  0.00000E+00   -0.14139E+03 -0.31943E+03  0.46081E+03 -0.30693E+03 -0.23798E+03 -0.10058E+03      298.00
  0.78062E-01  0.99247E+03   -0.53000E-01 -0.53000E-01  0.10600E+00  0.00000E+00  0.00000E+00  0.00000E+00   -0.14148E+03 -0.31925E+03  0.46074E+03 -0.30718E+03 -0.23831E+03 -0.10036E+03      298.00
  0.78410E-01  0.99276E+03   -0.53250E-01 -0.53250E-01  0.10650E+00  0.00000E+00  0.00000E+00  0.00000E+00   -0.14158E+03 -0.31908E+03  0.46066E+03 -0.30743E+03 -0.23864E+03 -0.10014E+03      298.00
  0.78758E-01  0.99303E+03   -0.53500E-01 -0.53500E-01  0.10700E+00  0.00000E+00  0.00000E+00  0.00000E+00   -0.14167E+03 -0.31890E+03  0.46057E+03 -0.30768E+03 -0.23897E+03 -0.99928E+02      298.00
  0.79106E-01  0.99331E+03   -0.53750E-01 -0.53750E-01  0.10750E+00  0.00000E+00  0.00000E+00  0.00000E+00   -0.14176E+03 -0.31873E+03  0.46049E+03 -0.30792E+03 -0.23930E+03 -0.99711E+02      298.00
  0.79454E-01  0.99358E+03   -0.54000E-01 -0.54000E-01  0.10800E+00  0.00000E+00  0.00000E+00  0.00000E+00   -0.14185E+03 -0.31855E+03  0.46040E+03 -0.30817E+03 -0.23962E+03 -0.99493E+02      298.00
  0.79801E-01  0.99384E+03   -0.54250E-01 -0.54250E-01  0.10850E+00  0.00000E+00  0.00000E+00  0.00000E+00   -0.14194E+03 -0.31836E+03  0.46031E+03 -0.30841E+03 -0.23995E+03 -0.99275E+02      298.00
  0.80149E-01  0.99410E+03   -0.54500E-01 -0.54500E-01  0.10900E+00  0.00000E+00  0.00000E+00  0.00000E+00   -0.14204E+03 -0.31818E+03  0.46022E+03 -0.30865E+03 -0.24027E+03 -0.99055E+02      298.00
  0.80496E-01  0.99435E+03   -0.54750E-01 -0.54750E-01  0.10950E+00  0.00000E+00  0.00000E+00  0.00000E+00   -0.14213E+03 -0.31799E+03  0.46012E+03 -0.30888E+03 -0.24059E+03 -0.98835E+02      298.00
  0.80843E-01  0.99460E+03   -0.55000E-01 -0.55000E-01  0.11000E+00  0.00000E+00  0.00000E+00  0.00000E+00   -0.14222E+03 -0.31781E+03  0.46002E+03 -0.30912E+03 -0.24092E+03 -0.98614E+02      298.00
  0.81190E-01  0.99485E+03   -0.55250E-01 -0.55250E-01  0.11050E+00  0.00000E+00  0.00000E+00  0.00000E+00   -0.14231E+03 -0.31762E+03  0.45992E+03 -0.30935E+03 -0.24124E+03 -0.98393E+02      298.00
  0.81537E-01  0.99509E+03   -0.55500E-01 -0.55500E-01  0.11100E+00  0.00000E+00  0.00000E+00  0.00000E+00   -0.14240E+03 -0.31742E+03  0.45982E+03 -0.30959E+03 -0.24156E+03 -0.98171E+02      298.00
  0.81883E-01  0.99533E+03   -0.55750E-01 -0.55750E-01  0.11150E+00  0.00000E+00  0.00000E+00  0.00000E+00   -0.14249E+03 -0.31723E+03  0.45972E+03 -0.30982E+03 -0.24188E+03 -0.97948E+02      298.00
  0.82230E-01  0.99556E+03   -0.56000E-01 -0.56000E-01  0.11200E+00  0.00000E+00  0.00000E+00  0.00000E+00   -0.14258E+03 -0.31704E+03  0.45961E+03 -0.31005E+03 -0.24219E+03 -0.97725E+02      298.00
  0.82576E-01  0.99579E+03   -0.56250E-01 -0.56250E-01  0.11250E+00  0.00000E+00  0.00000E+00  0.00000E+00   -0.14267E+03 -0.31684E+03  0.45951E+03 -0.31028E+03 -0.24251E+03 -0.97501E+02      298.00
  0.82922E-01  0.99602E+03   -0.56500E-01 -0.56500E-01  0.11300E+00  0.00000E+00  0.00000E+00  0.00000E+00   -0.14276E+03 -0.31664E+03  0.45940E+03 -0.31050E+03 -0.24283E+03 -0.97276E+02      298.00
  0.83268E-01  0.99624E+03   -0.56750E-01 -0.56750E-01  0.11350E+00  0.00000E+00  0.00000E+00  0.00000E+00   -0.14284E+03 -0.31644E+03  0.45929E+03 -0.31073E+03 -0.24314E+03 -0.97051E+02      298.00
  0.83614E-01  0.99646E+03   -0.57000E-01 -0.57000E-01  0.11400E+00  0.00000E+00  0.00000E+00  0.00000E+00   -0.14293E+03 -0.31624E+03  0.45917E+03 -0.31095E+03 -0.24346E+03 -0.96826E+02      298.00
  0.83959E-01  0.99667E+03   -0.57250E-01 -0.57250E-01  0.11450E+00  0.00000E+00  0.00000E+00  0.00000E+00   -0.14302E+03 -0.31604E+03  0.45906E+03 -0.31117E+03 -0.24377E+03 -0.96600E+02      298.00
  0.84305E-01  0.99689E+03   -0.57500E-01 -0.57500E-01  0.11500E+00  0.00000E+00  0.00000E+00  0.00000E+00   -0.14311E+03 -0.31583E+03  0.45894E+03 -0.31140E+03 -0.24408E+03 -0.96373E+02      298.00
  0.84650E-01  0.99710E+03   -0.57750E-01 -0.57750E-01  0.11550E+00  0.00000E+00  0.00000E+00  0.00000E+00   -0.14319E+03 -0.31563E+03  0.45882E+03 -0.31162E+03 -0.24440E+03 -0.96146E+02      298.00
  0.84995E-01  0.99730E+03   -0.58000E-01 -0.58000E-01  0.11600E+00  0.00000E+00  0.00000E+00  0.00000E+00   -0.14328E+03 -0.31542E+03  0.45870E+03 -0.31184E+03 -0.24471E+03 -0.95918E+02      298.00
  0.85340E-01  0.99750E+03   -0.58250E-01 -0.58250E-01  0.11650E+00  0.00000E+00  0.00000E+00  0.00000E+00   -0.14337E+03 -0.31521E+03  0.45858E+03 -0.31205E+03 -0.24502E+03 -0.95690E+02      298.00
  0.85685E-01  0.99771E+03   -0.58500E-01 -0.58500E-01  0.11700E+00  0.00000E+00  0.00000E+00  0.00000E+00   -0.14345E+03 -0.31500E+03  0.45846E+03 -0.31227E+03 -0.24533E+03 -0.95461E+02      298.00
  0.86029E-01  0.99790E+03   -0.58750E-01 -0.58750E-01  0.11750E+00  0.00000E+00  0.00000E+00  0.00000E+00   -0.14354E+03 -0.31479E+03  0.45833E+03 -0.31249E+03 -0.24564E+03 -0.95232E+02      298.00
  0.86374E-01  0.99810E+03   -0.59000E-01 -0.59000E-01  0.11800E+00  0.00000E+00  0.00000E+00  0.00000E+00   -0.14363E+03 -0.31458E+03  0.45820E+03 -0.31270E+03 -0.24595E+03 -0.95003E+02      298.00
  0.86718E-01  0.99829E+03   -0.59250E-01 -0.59250E-01  0.11850E+00  0.00000E+00  0.00000E+00  0.00000E+00   -0.14371E+03 -0.31436E+03  0.45807E+03 -0.31292E+03 -0.24625E+03 -0.94773E+02      298.00
  0.87062E-01  0.99848E+03   -0.59500E-01 -0.59500E-01  0.11900E+00  0.00000E+00  0.00000E+00  0.00000E+00   -0.14380E+03 -0.31415E+03  0.45794E+03 -0.31313E+03 -0.24656E+03 -0.94542E+02      298.00
  0.87406E-01  0.99867E+03   -0.59750E-01 -0.59750E-01  0.11950E+00  0.00000E+00  0.00000E+00  0.00000E+00   -0.14388E+03 -0.31393E+03  0.45781E+03 -0.31334E+03 -0.24687E+03 -0.94311E+02      298.00
  0.87750E-01  0.99885E+03   -0.60000E-01 -0.60000E-01  0.12000E+00  0.00000E+00  0.00000E+00  0.00000E+00   -0.14397E+03 -0.31371E+03  0.45768E+03 -0.31356E+03 -0.24717E+03 -0.94080E+02      298.00
  0.88094E-01  0.99903E+03   -0.60250E-01 -0.60250E-01  0.12050E+00  0.00000E+00  0.00000E+00  0.00000E+00   -0.14405E+03 -0.31349E+03  0.45754E+03 -0.31377E+03 -0.24748E+03 -0.93849E+02      298.00
  0.88437E-01  0.99921E+03   -0.60500E-01 -0.60500E-01  0.12100E+00  0.00000E+00  0.00000E+00  0.00000E+00   -0.14413E+03 -0.31327E+03  0.45741E+03 -0.31398E+03 -0.24778E+03 -0.93617E+02      298.00
  0.88781E-01  0.99939E+03   -0.60750E-01 -0.60750E-01  0.12150E+00  0.00000E+00  0.00000E+00  0.00000E+00   -0.14422E+03 -0.31305E+03  0.45727E+03 -0.31419E+03 -0.24809E+03 -0.93384E+02      298.00
  0.89124E-01  0.99957E+03   -0.61000E-01 -0.61000E-01  0.12200E+00  0.00000E+00  0.00000E+00  0.00000E+00   -0.14430E+03 -0.31283E+03  0.45713E+03 -0.31439E+03 -0.24839E+03 -0.93152E+02      298.00
  0.89467E-01  0.99974E+03   -0.61250E-01 -0.61250E-01  0.12250E+00  0.00000E+00  0.00000E+00  0.00000E+00   -0.14438E+03 -0.31260E+03  0.45699E+03 -0.31460E+03 -0.24869E+03 -0.92919E+02      298.00
  0.89810E-01  0.99991E+03   -0.61500E-01 -0.61500E-01  0.12300E+00  0.00000E+00  0.00000E+00  0.00000E+00   -0.14447E+03 -0.31238E+03  0.45685E+03 -0.31481E+03 -0.24899E+03 -0.92685E+02      298.00
  0.90152E-01  0.10001E+04   -0.61750E-01 -0.61750E-01  0.12350E+00  0.00000E+00  0.00000E+00  0.00000E+00   -0.14455E+03 -0.31215E+03  0.45670E+03 -0.31502E+03 -0.24930E+03 -0.92452E+02      298.00
  0.90495E-01  0.10002E+04   -0.62000E-01 -0.62000E-01  0.12400E+00  0.00000E+00  0.00000E+00  0.00000E+00   -0.14463E+03 -0.31193E+03  0.45656E+03 -0.31522E+03 -0.24960E+03 -0.92218E+02      298.00
  0.90837E-01  0.10004E+04   -0.62250E-01 -0.62250E-01  0.12450E+00  0.00000E+00  0.00000E+00  0.00000E+00   -0.14471E+03 -0.31170E+03  0.45641E+03 -0.31543E+03 -0.24990E+03 -0.91983E+02      298.00
  0.91179E-01  0.10006E+04   -0.62500E-01 -0.62500E-01  0.12500E+00  0.00000E+00  0.00000E+00  0.00000E+00   -0.14480E+03 -0.31147E+03  0.45626E+03 -0.31563E+03 -0.25020E+03 -0.91749E+02      298.00
