TEXTURE AT STRAIN =    0.0250
   0.988   1.025   0.988  <-- length of phase ellipsoid axes
  123.45   90.00   -0.00  <-- Euler angles (deg) of phase ellipsoid axes
B         1
 -149.92  141.13 -123.51   1.0000000
TEXTURE AT STRAIN =    0.0500
   0.975   1.051   0.975  <-- length of phase ellipsoid axes
 -148.45   90.00 -180.00  <-- Euler angles (deg) of phase ellipsoid axes
B         1
 -150.12  143.01 -123.62   1.0000000
TEXTURE AT STRAIN =    0.0750
   0.963   1.078   0.963  <-- length of phase ellipsoid axes
 -147.99   90.00 -180.00  <-- Euler angles (deg) of phase ellipsoid axes
B         1
 -150.30  144.85 -123.73   1.0000000
TEXTURE AT STRAIN =    0.1000
   0.951   1.105   0.951  <-- length of phase ellipsoid axes
  175.75   90.00  180.00  <-- Euler angles (deg) of phase ellipsoid axes
B         1
 -150.47  146.64 -123.83   1.0000000
TEXTURE AT STRAIN =    0.1250
   0.939   1.133   0.939  <-- length of phase ellipsoid axes
  135.70   90.00  180.00  <-- Euler angles (deg) of phase ellipsoid axes
B         1
 -150.61  148.36 -123.89   1.0000000
