    STEP   AVACS   MODE1   MODE2   MODE3   MODE4
       1   7.000   0.283   0.717   0.000   0.000
       2   7.000   0.343   0.657   0.000   0.000
       3   7.000   0.380   0.620   0.000   0.000
       4   5.000   0.396   0.604   0.000   0.000
       5   5.000   0.428   0.572   0.000   0.000
       6   5.000   0.542   0.458   0.000   0.000
       7   4.000   0.588   0.412   0.000   0.000
       8   4.000   0.526   0.474   0.000   0.000
       9   6.000   0.386   0.614   0.000   0.000
      10   5.000   0.321   0.679   0.000   0.000
      11   5.000   0.267   0.733   0.000   0.000
      12   4.000   0.219   0.781   0.000   0.000
      13   5.000   0.177   0.823   0.000   0.000
      14   6.000   0.135   0.865   0.000   0.000
      15   5.000   0.077   0.923   0.000   0.000
      16   4.000   0.010   0.990   0.000   0.000
      17   5.000   0.117   0.883   0.000   0.000
      18   6.000   0.207   0.793   0.000   0.000
      19   7.000   0.283   0.717   0.000   0.000
      20   7.000   0.343   0.657   0.000   0.000
      21   7.000   0.380   0.620   0.000   0.000
      22   5.000   0.396   0.604   0.000   0.000
      23   5.000   0.428   0.572   0.000   0.000
      24   5.000   0.542   0.458   0.000   0.000
      25   4.000   0.588   0.412   0.000   0.000
      26   4.000   0.526   0.474   0.000   0.000
      27   6.000   0.386   0.614   0.000   0.000
      28   5.000   0.321   0.679   0.000   0.000
      29   5.000   0.267   0.733   0.000   0.000
      30   4.000   0.219   0.781   0.000   0.000
      31   5.000   0.177   0.823   0.000   0.000
      32   6.000   0.135   0.865   0.000   0.000
      33   5.000   0.077   0.923   0.000   0.000
      34   4.000   0.010   0.990   0.000   0.000
      35   5.000   0.117   0.883   0.000   0.000
      36   6.000   0.207   0.793   0.000   0.000
  STRAIN   AVACS   PRITW   SECTW   MODE1   MODE2   MODE3   MODE4   TWFR3   EFFR3   TWFR4   EFFR4
   0.000   7.000   0.000   0.000   0.283   0.717   0.000   0.000   0.000   0.000   0.000   0.000
   0.001   7.000   0.000   0.000   0.280   0.720   0.000   0.000   0.000   0.000   0.000   0.000
   0.001   7.000   0.000   0.000   0.277   0.723   0.000   0.000   0.000   0.000   0.000   0.000
   0.002   7.000   0.000   0.000   0.275   0.725   0.000   0.000   0.000   0.000   0.000   0.000
   0.002   7.000   0.000   0.000   0.272   0.728   0.000   0.000   0.000   0.000   0.000   0.000
   0.003   7.000   0.000   0.000   0.270   0.730   0.000   0.000   0.000   0.000   0.000   0.000
   0.003   7.000   0.000   0.000   0.268   0.732   0.000   0.000   0.000   0.000   0.000   0.000
   0.004   7.000   0.000   0.000   0.267   0.733   0.000   0.000   0.000   0.000   0.000   0.000
   0.004   7.000   0.000   0.000   0.266   0.734   0.000   0.000   0.000   0.000   0.000   0.000
   0.005   7.000   0.000   0.000   0.265   0.735   0.000   0.000   0.000   0.000   0.000   0.000
   0.005   7.000   0.000   0.000   0.264   0.736   0.000   0.000   0.000   0.000   0.000   0.000
   0.006   7.000   0.000   0.000   0.264   0.736   0.000   0.000   0.000   0.000   0.000   0.000
   0.006   7.000   0.000   0.000   0.264   0.736   0.000   0.000   0.000   0.000   0.000   0.000
   0.007   7.000   0.000   0.000   0.263   0.737   0.000   0.000   0.000   0.000   0.000   0.000
   0.007   7.000   0.000   0.000   0.263   0.737   0.000   0.000   0.000   0.000   0.000   0.000
   0.008   7.000   0.000   0.000   0.263   0.737   0.000   0.000   0.000   0.000   0.000   0.000
   0.008   7.000   0.000   0.000   0.263   0.737   0.000   0.000   0.000   0.000   0.000   0.000
   0.009   7.000   0.000   0.000   0.263   0.737   0.000   0.000   0.000   0.000   0.000   0.000
   0.009   7.000   0.000   0.000   0.264   0.736   0.000   0.000   0.000   0.000   0.000   0.000
   0.010   7.000   0.000   0.000   0.264   0.736   0.000   0.000   0.000   0.000   0.000   0.000
   0.010   7.000   0.000   0.000   0.264   0.736   0.000   0.000   0.000   0.000   0.000   0.000
   0.011   7.000   0.000   0.000   0.264   0.736   0.000   0.000   0.000   0.000   0.000   0.000
   0.011   7.000   0.000   0.000   0.264   0.736   0.000   0.000   0.000   0.000   0.000   0.000
   0.012   7.000   0.000   0.000   0.265   0.735   0.000   0.000   0.000   0.000   0.000   0.000
   0.012   7.000   0.000   0.000   0.265   0.735   0.000   0.000   0.000   0.000   0.000   0.000
   0.013   7.000   0.000   0.000   0.265   0.735   0.000   0.000   0.000   0.000   0.000   0.000
   0.013   7.000   0.000   0.000   0.265   0.735   0.000   0.000   0.000   0.000   0.000   0.000
   0.014   7.000   0.000   0.000   0.266   0.734   0.000   0.000   0.000   0.000   0.000   0.000
   0.014   7.000   0.000   0.000   0.266   0.734   0.000   0.000   0.000   0.000   0.000   0.000
   0.015   7.000   0.000   0.000   0.266   0.734   0.000   0.000   0.000   0.000   0.000   0.000
   0.015   7.000   0.000   0.000   0.266   0.734   0.000   0.000   0.000   0.000   0.000   0.000
   0.016   7.000   0.000   0.000   0.267   0.733   0.000   0.000   0.000   0.000   0.000   0.000
   0.016   7.000   0.000   0.000   0.267   0.733   0.000   0.000   0.000   0.000   0.000   0.000
   0.017   7.000   0.000   0.000   0.267   0.733   0.000   0.000   0.000   0.000   0.000   0.000
   0.017   7.000   0.000   0.000   0.267   0.733   0.000   0.000   0.000   0.000   0.000   0.000
   0.018   7.000   0.000   0.000   0.267   0.733   0.000   0.000   0.000   0.000   0.000   0.000
   0.018   7.000   0.000   0.000   0.267   0.733   0.000   0.000   0.000   0.000   0.000   0.000
   0.019   7.000   0.000   0.000   0.268   0.732   0.000   0.000   0.000   0.000   0.000   0.000
   0.019   7.000   0.000   0.000   0.268   0.732   0.000   0.000   0.000   0.000   0.000   0.000
   0.020   7.000   0.000   0.000   0.268   0.732   0.000   0.000   0.000   0.000   0.000   0.000
   0.020   7.000   0.000   0.000   0.268   0.732   0.000   0.000   0.000   0.000   0.000   0.000
   0.021   7.000   0.000   0.000   0.268   0.732   0.000   0.000   0.000   0.000   0.000   0.000
   0.021   7.000   0.000   0.000   0.268   0.732   0.000   0.000   0.000   0.000   0.000   0.000
   0.022   7.000   0.000   0.000   0.268   0.732   0.000   0.000   0.000   0.000   0.000   0.000
   0.022   7.000   0.000   0.000   0.268   0.732   0.000   0.000   0.000   0.000   0.000   0.000
   0.023   7.000   0.000   0.000   0.268   0.732   0.000   0.000   0.000   0.000   0.000   0.000
   0.023   7.000   0.000   0.000   0.268   0.732   0.000   0.000   0.000   0.000   0.000   0.000
   0.024   7.000   0.000   0.000   0.268   0.732   0.000   0.000   0.000   0.000   0.000   0.000
   0.024   7.000   0.000   0.000   0.268   0.732   0.000   0.000   0.000   0.000   0.000   0.000
   0.025   7.000   0.000   0.000   0.268   0.732   0.000   0.000   0.000   0.000   0.000   0.000
   0.025   7.000   0.000   0.000   0.268   0.732   0.000   0.000   0.000   0.000   0.000   0.000
    STEP   AVACS   MODE1   MODE2   MODE3   MODE4
       1   7.000   0.269   0.731   0.000   0.000
       2   7.000   0.326   0.674   0.000   0.000
       3   7.000   0.366   0.634   0.000   0.000
       4   5.000   0.389   0.611   0.000   0.000
       5   4.000   0.405   0.595   0.000   0.000
       6   5.000   0.534   0.466   0.000   0.000
       7   4.000   0.587   0.413   0.000   0.001
       8   5.000   0.526   0.473   0.000   0.000
       9   5.000   0.390   0.610   0.000   0.000
      10   5.000   0.330   0.670   0.000   0.000
      11   5.000   0.275   0.725   0.000   0.000
      12   4.000   0.226   0.774   0.000   0.000
      13   5.000   0.178   0.822   0.000   0.000
      14   6.000   0.131   0.869   0.000   0.000
      15   6.000   0.070   0.930   0.000   0.000
      16   4.000   0.004   0.996   0.000   0.000
      17   5.000   0.108   0.892   0.000   0.000
      18   7.000   0.196   0.804   0.000   0.000
      19   7.000   0.269   0.731   0.000   0.000
      20   7.000   0.326   0.674   0.000   0.000
      21   7.000   0.366   0.634   0.000   0.000
      22   5.000   0.389   0.611   0.000   0.000
      23   4.000   0.405   0.595   0.000   0.000
      24   5.000   0.534   0.466   0.000   0.000
      25   4.000   0.587   0.413   0.000   0.000
      26   5.000   0.526   0.474   0.000   0.000
      27   5.000   0.390   0.610   0.000   0.000
      28   5.000   0.330   0.670   0.000   0.000
      29   5.000   0.275   0.725   0.000   0.000
      30   4.000   0.226   0.774   0.000   0.000
      31   5.000   0.178   0.822   0.000   0.000
      32   6.000   0.131   0.869   0.000   0.000
      33   6.000   0.070   0.930   0.000   0.000
      34   4.000   0.004   0.996   0.000   0.000
      35   5.000   0.108   0.892   0.000   0.000
      36   7.000   0.196   0.804   0.000   0.000
  STRAIN   AVACS   PRITW   SECTW   MODE1   MODE2   MODE3   MODE4   TWFR3   EFFR3   TWFR4   EFFR4
   0.025   7.000   0.000   0.000   0.269   0.731   0.000   0.000   0.000   0.000   0.000   0.000
   0.026   7.000   0.000   0.000   0.268   0.732   0.000   0.000   0.000   0.000   0.000   0.000
   0.026   7.000   0.000   0.000   0.268   0.732   0.000   0.000   0.000   0.000   0.000   0.000
   0.027   7.000   0.000   0.000   0.268   0.732   0.000   0.000   0.000   0.000   0.000   0.000
   0.027   7.000   0.000   0.000   0.269   0.731   0.000   0.000   0.000   0.000   0.000   0.000
   0.028   7.000   0.000   0.000   0.268   0.732   0.000   0.000   0.000   0.000   0.000   0.000
   0.028   7.000   0.000   0.000   0.268   0.732   0.000   0.000   0.000   0.000   0.000   0.000
   0.029   7.000   0.000   0.000   0.269   0.731   0.000   0.000   0.000   0.000   0.000   0.000
   0.029   7.000   0.000   0.000   0.268   0.732   0.000   0.000   0.000   0.000   0.000   0.000
   0.030   7.000   0.000   0.000   0.268   0.732   0.000   0.000   0.000   0.000   0.000   0.000
   0.030   7.000   0.000   0.000   0.268   0.732   0.000   0.000   0.000   0.000   0.000   0.000
   0.031   7.000   0.000   0.000   0.268   0.732   0.000   0.000   0.000   0.000   0.000   0.000
   0.031   7.000   0.000   0.000   0.268   0.732   0.000   0.000   0.000   0.000   0.000   0.000
   0.032   7.000   0.000   0.000   0.268   0.732   0.000   0.000   0.000   0.000   0.000   0.000
   0.032   7.000   0.000   0.000   0.268   0.732   0.000   0.000   0.000   0.000   0.000   0.000
   0.033   7.000   0.000   0.000   0.268   0.732   0.000   0.000   0.000   0.000   0.000   0.000
   0.033   7.000   0.000   0.000   0.268   0.732   0.000   0.000   0.000   0.000   0.000   0.000
   0.034   7.000   0.000   0.000   0.268   0.732   0.000   0.000   0.000   0.000   0.000   0.000
   0.034   7.000   0.000   0.000   0.268   0.732   0.000   0.000   0.000   0.000   0.000   0.000
   0.035   7.000   0.000   0.000   0.268   0.732   0.000   0.000   0.000   0.000   0.000   0.000
   0.035   7.000   0.000   0.000   0.268   0.732   0.000   0.000   0.000   0.000   0.000   0.000
   0.036   7.000   0.000   0.000   0.268   0.732   0.000   0.000   0.000   0.000   0.000   0.000
   0.036   7.000   0.000   0.000   0.268   0.732   0.000   0.000   0.000   0.000   0.000   0.000
   0.037   7.000   0.000   0.000   0.268   0.732   0.000   0.000   0.000   0.000   0.000   0.000
   0.037   7.000   0.000   0.000   0.268   0.732   0.000   0.000   0.000   0.000   0.000   0.000
   0.038   7.000   0.000   0.000   0.268   0.732   0.000   0.000   0.000   0.000   0.000   0.000
   0.038   7.000   0.000   0.000   0.268   0.732   0.000   0.000   0.000   0.000   0.000   0.000
   0.039   7.000   0.000   0.000   0.268   0.732   0.000   0.000   0.000   0.000   0.000   0.000
   0.039   7.000   0.000   0.000   0.268   0.732   0.000   0.000   0.000   0.000   0.000   0.000
   0.040   7.000   0.000   0.000   0.268   0.732   0.000   0.000   0.000   0.000   0.000   0.000
   0.040   7.000   0.000   0.000   0.268   0.732   0.000   0.000   0.000   0.000   0.000   0.000
   0.041   7.000   0.000   0.000   0.267   0.733   0.000   0.000   0.000   0.000   0.000   0.000
   0.041   7.000   0.000   0.000   0.267   0.733   0.000   0.000   0.000   0.000   0.000   0.000
   0.042   7.000   0.000   0.000   0.267   0.733   0.000   0.000   0.000   0.000   0.000   0.000
   0.042   7.000   0.000   0.000   0.267   0.733   0.000   0.000   0.000   0.000   0.000   0.000
   0.043   7.000   0.000   0.000   0.267   0.733   0.000   0.000   0.000   0.000   0.000   0.000
   0.043   7.000   0.000   0.000   0.267   0.733   0.000   0.000   0.000   0.000   0.000   0.000
   0.044   7.000   0.000   0.000   0.267   0.733   0.000   0.000   0.000   0.000   0.000   0.000
   0.044   7.000   0.000   0.000   0.267   0.733   0.000   0.000   0.000   0.000   0.000   0.000
   0.045   7.000   0.000   0.000   0.267   0.733   0.000   0.000   0.000   0.000   0.000   0.000
   0.045   7.000   0.000   0.000   0.267   0.733   0.000   0.000   0.000   0.000   0.000   0.000
   0.046   7.000   0.000   0.000   0.266   0.733   0.000   0.000   0.000   0.000   0.000   0.000
   0.046   7.000   0.000   0.000   0.266   0.734   0.000   0.000   0.000   0.000   0.000   0.000
   0.047   7.000   0.000   0.000   0.266   0.734   0.000   0.000   0.000   0.000   0.000   0.000
   0.047   7.000   0.000   0.000   0.266   0.734   0.000   0.000   0.000   0.000   0.000   0.000
   0.048   7.000   0.000   0.000   0.266   0.734   0.000   0.000   0.000   0.000   0.000   0.000
   0.048   7.000   0.000   0.000   0.266   0.734   0.000   0.000   0.000   0.000   0.000   0.000
   0.049   7.000   0.000   0.000   0.266   0.734   0.000   0.000   0.000   0.000   0.000   0.000
   0.049   7.000   0.000   0.000   0.266   0.734   0.000   0.000   0.000   0.000   0.000   0.000
   0.050   7.000   0.000   0.000   0.266   0.734   0.000   0.000   0.000   0.000   0.000   0.000
   0.050   7.000   0.000   0.000   0.265   0.735   0.000   0.000   0.000   0.000   0.000   0.000
    STEP   AVACS   MODE1   MODE2   MODE3   MODE4
       1   7.000   0.265   0.734   0.000   0.000
       2   7.000   0.323   0.677   0.000   0.000
       3   7.000   0.364   0.636   0.000   0.000
       4   5.000   0.389   0.611   0.000   0.000
       5   5.000   0.400   0.600   0.000   0.000
       6   5.000   0.527   0.472   0.000   0.001
       7   4.000   0.586   0.405   0.000   0.009
       8   4.000   0.529   0.467   0.000   0.004
       9   5.000   0.399   0.601   0.000   0.000
      10   5.000   0.340   0.660   0.000   0.000
      11   5.000   0.284   0.715   0.000   0.000
      12   5.000   0.235   0.765   0.000   0.000
      13   5.000   0.186   0.814   0.000   0.000
      14   6.000   0.136   0.864   0.000   0.000
      15   5.000   0.071   0.929   0.000   0.000
      16   4.000   0.005   0.995   0.000   0.000
      17   5.000   0.107   0.893   0.000   0.000
      18   7.000   0.194   0.806   0.000   0.000
      19   7.000   0.265   0.735   0.000   0.000
      20   7.000   0.323   0.677   0.000   0.000
      21   7.000   0.364   0.636   0.000   0.000
      22   5.000   0.389   0.611   0.000   0.000
      23   5.000   0.400   0.600   0.000   0.000
      24   5.000   0.528   0.472   0.000   0.000
      25   4.000   0.588   0.412   0.001   0.000
      26   4.000   0.530   0.470   0.000   0.000
      27   5.000   0.399   0.601   0.000   0.000
      28   5.000   0.339   0.659   0.000   0.002
      29   5.000   0.284   0.715   0.000   0.002
      30   4.000   0.234   0.764   0.000   0.001
      31   5.000   0.186   0.814   0.000   0.000
      32   6.000   0.135   0.864   0.000   0.000
      33   5.000   0.071   0.929   0.000   0.000
      34   4.000   0.005   0.995   0.000   0.000
      35   5.000   0.107   0.893   0.000   0.000
      36   7.000   0.194   0.806   0.000   0.000
  STRAIN   AVACS   PRITW   SECTW   MODE1   MODE2   MODE3   MODE4   TWFR3   EFFR3   TWFR4   EFFR4
   0.050   7.000   0.000   0.000   0.265   0.735   0.000   0.000   0.000   0.000   0.000   0.000
   0.051   7.000   0.000   0.000   0.265   0.735   0.000   0.000   0.000   0.000   0.000   0.000
   0.051   7.000   0.000   0.000   0.265   0.735   0.000   0.000   0.000   0.000   0.000   0.000
   0.052   7.000   0.000   0.000   0.265   0.735   0.000   0.000   0.000   0.000   0.000   0.000
   0.052   7.000   0.000   0.000   0.265   0.735   0.000   0.000   0.000   0.000   0.000   0.000
   0.053   7.000   0.000   0.000   0.265   0.735   0.000   0.000   0.000   0.000   0.000   0.000
   0.053   7.000   0.000   0.000   0.265   0.735   0.000   0.000   0.000   0.000   0.000   0.000
   0.054   7.000   0.000   0.000   0.264   0.736   0.000   0.000   0.000   0.000   0.000   0.000
   0.054   7.000   0.000   0.000   0.264   0.736   0.000   0.000   0.000   0.000   0.000   0.000
   0.055   7.000   0.000   0.000   0.264   0.736   0.000   0.000   0.000   0.000   0.000   0.000
   0.055   7.000   0.000   0.000   0.264   0.736   0.000   0.000   0.000   0.000   0.000   0.000
   0.056   7.000   0.000   0.000   0.264   0.736   0.000   0.000   0.000   0.000   0.000   0.000
   0.056   7.000   0.000   0.000   0.264   0.736   0.000   0.000   0.000   0.000   0.000   0.000
   0.057   7.000   0.000   0.000   0.263   0.737   0.000   0.000   0.000   0.000   0.000   0.000
   0.057   7.000   0.000   0.000   0.263   0.737   0.000   0.000   0.000   0.000   0.000   0.000
   0.058   7.000   0.000   0.000   0.263   0.737   0.000   0.000   0.000   0.000   0.000   0.000
   0.058   7.000   0.000   0.000   0.263   0.737   0.000   0.000   0.000   0.000   0.000   0.000
   0.059   7.000   0.000   0.000   0.263   0.737   0.000   0.000   0.000   0.000   0.000   0.000
   0.059   7.000   0.000   0.000   0.263   0.737   0.000   0.000   0.000   0.000   0.000   0.000
   0.060   7.000   0.000   0.000   0.262   0.737   0.000   0.000   0.000   0.000   0.000   0.000
   0.060   7.000   0.000   0.000   0.262   0.737   0.000   0.000   0.000   0.000   0.000   0.000
   0.061   7.000   0.000   0.000   0.262   0.738   0.000   0.000   0.000   0.000   0.000   0.000
   0.061   7.000   0.000   0.000   0.262   0.738   0.000   0.000   0.000   0.000   0.000   0.000
   0.062   7.000   0.000   0.000   0.262   0.738   0.000   0.000   0.000   0.000   0.000   0.000
   0.062   7.000   0.000   0.000   0.262   0.738   0.000   0.000   0.000   0.000   0.000   0.000
   0.063   7.000   0.000   0.000   0.262   0.738   0.000   0.000   0.000   0.000   0.000   0.000
   0.063   7.000   0.000   0.000   0.261   0.739   0.000   0.000   0.000   0.000   0.000   0.000
   0.064   7.000   0.000   0.000   0.261   0.739   0.000   0.000   0.000   0.000   0.000   0.000
   0.064   7.000   0.000   0.000   0.261   0.739   0.000   0.000   0.000   0.000   0.000   0.000
   0.065   7.000   0.000   0.000   0.261   0.739   0.000   0.000   0.000   0.000   0.000   0.000
   0.065   7.000   0.000   0.000   0.261   0.739   0.000   0.000   0.000   0.000   0.000   0.000
   0.066   7.000   0.000   0.000   0.261   0.739   0.000   0.000   0.000   0.000   0.000   0.000
   0.066   7.000   0.000   0.000   0.260   0.740   0.000   0.000   0.000   0.000   0.000   0.000
   0.067   7.000   0.000   0.000   0.260   0.740   0.000   0.000   0.000   0.000   0.000   0.000
   0.067   7.000   0.000   0.000   0.260   0.740   0.000   0.000   0.000   0.000   0.000   0.000
   0.068   7.000   0.000   0.000   0.260   0.740   0.000   0.000   0.000   0.000   0.000   0.000
   0.068   7.000   0.000   0.000   0.260   0.740   0.000   0.000   0.000   0.000   0.000   0.000
   0.069   7.000   0.000   0.000   0.260   0.740   0.000   0.000   0.000   0.000   0.000   0.000
   0.069   7.000   0.000   0.000   0.259   0.741   0.000   0.000   0.000   0.000   0.000   0.000
   0.070   7.000   0.000   0.000   0.259   0.741   0.000   0.000   0.000   0.000   0.000   0.000
   0.070   7.000   0.000   0.000   0.259   0.741   0.000   0.000   0.000   0.000   0.000   0.000
   0.071   7.000   0.000   0.000   0.259   0.741   0.000   0.000   0.000   0.000   0.000   0.000
   0.071   7.000   0.000   0.000   0.259   0.741   0.000   0.000   0.000   0.000   0.000   0.000
   0.072   7.000   0.000   0.000   0.258   0.742   0.000   0.000   0.000   0.000   0.000   0.000
   0.072   7.000   0.000   0.000   0.258   0.742   0.000   0.000   0.000   0.000   0.000   0.000
   0.073   7.000   0.000   0.000   0.258   0.742   0.000   0.000   0.000   0.000   0.000   0.000
   0.073   7.000   0.000   0.000   0.258   0.742   0.000   0.000   0.000   0.000   0.000   0.000
   0.074   7.000   0.000   0.000   0.258   0.742   0.000   0.000   0.000   0.000   0.000   0.000
   0.074   7.000   0.000   0.000   0.257   0.742   0.000   0.000   0.000   0.000   0.000   0.000
   0.075   7.000   0.000   0.000   0.257   0.743   0.000   0.000   0.000   0.000   0.000   0.000
   0.075   7.000   0.000   0.000   0.257   0.743   0.000   0.000   0.000   0.000   0.000   0.000
    STEP   AVACS   MODE1   MODE2   MODE3   MODE4
       1   7.000   0.257   0.743   0.000   0.000
       2   7.000   0.314   0.686   0.000   0.000
       3   7.000   0.357   0.643   0.000   0.001
       4   7.000   0.386   0.613   0.000   0.001
       5   5.000   0.401   0.599   0.000   0.000
       6   5.000   0.521   0.477   0.000   0.002
       7   4.000   0.585   0.400   0.000   0.015
       8   5.000   0.531   0.462   0.000   0.007
       9   5.000   0.409   0.591   0.000   0.000
      10   5.000   0.349   0.650   0.000   0.000
      11   5.000   0.294   0.706   0.000   0.000
      12   5.000   0.243   0.756   0.000   0.000
      13   5.000   0.192   0.807   0.000   0.000
      14   5.000   0.137   0.862   0.000   0.000
      15   5.000   0.070   0.930   0.000   0.000
      16   4.000   0.003   0.997   0.000   0.000
      17   6.000   0.102   0.898   0.000   0.000
      18   7.000   0.187   0.813   0.000   0.000
      19   7.000   0.257   0.743   0.000   0.000
      20   7.000   0.314   0.686   0.000   0.000
      21   7.000   0.357   0.643   0.000   0.000
      22   7.000   0.386   0.614   0.000   0.000
      23   5.000   0.401   0.599   0.000   0.000
      24   5.000   0.522   0.478   0.000   0.000
      25   5.000   0.588   0.410   0.002   0.000
      26   5.000   0.533   0.466   0.000   0.000
      27   5.000   0.408   0.591   0.000   0.000
      28   5.000   0.348   0.649   0.000   0.003
      29   5.000   0.292   0.705   0.000   0.003
      30   5.000   0.242   0.755   0.000   0.002
      31   5.000   0.192   0.807   0.000   0.001
      32   5.000   0.137   0.862   0.000   0.000
      33   5.000   0.070   0.930   0.000   0.000
      34   4.000   0.003   0.997   0.000   0.001
      35   6.000   0.102   0.898   0.000   0.000
      36   7.000   0.187   0.813   0.000   0.000
  STRAIN   AVACS   PRITW   SECTW   MODE1   MODE2   MODE3   MODE4   TWFR3   EFFR3   TWFR4   EFFR4
   0.075   7.000   0.000   0.000   0.257   0.743   0.000   0.000   0.000   0.000   0.000   0.000
   0.076   7.000   0.000   0.000   0.257   0.743   0.000   0.000   0.000   0.000   0.000   0.000
   0.076   7.000   0.000   0.000   0.257   0.743   0.000   0.000   0.000   0.000   0.000   0.000
   0.077   7.000   0.000   0.000   0.256   0.743   0.000   0.000   0.000   0.000   0.000   0.000
   0.077   7.000   0.000   0.000   0.256   0.744   0.000   0.000   0.000   0.000   0.000   0.000
   0.078   7.000   0.000   0.000   0.256   0.744   0.000   0.000   0.000   0.000   0.000   0.000
   0.078   7.000   0.000   0.000   0.256   0.744   0.000   0.000   0.000   0.000   0.000   0.000
   0.079   7.000   0.000   0.000   0.256   0.744   0.000   0.000   0.000   0.000   0.000   0.000
   0.079   7.000   0.000   0.000   0.255   0.745   0.000   0.000   0.000   0.000   0.000   0.000
   0.080   7.000   0.000   0.000   0.255   0.745   0.000   0.000   0.000   0.000   0.000   0.000
   0.080   7.000   0.000   0.000   0.255   0.745   0.000   0.000   0.000   0.000   0.000   0.000
   0.081   7.000   0.000   0.000   0.255   0.745   0.000   0.000   0.000   0.000   0.000   0.000
   0.081   7.000   0.000   0.000   0.255   0.745   0.000   0.000   0.000   0.000   0.000   0.000
   0.082   7.000   0.000   0.000   0.254   0.746   0.000   0.000   0.000   0.000   0.000   0.000
   0.082   7.000   0.000   0.000   0.254   0.746   0.000   0.000   0.000   0.000   0.000   0.000
   0.083   7.000   0.000   0.000   0.254   0.746   0.000   0.000   0.000   0.000   0.000   0.000
   0.083   7.000   0.000   0.000   0.254   0.746   0.000   0.000   0.000   0.000   0.000   0.000
   0.084   7.000   0.000   0.000   0.253   0.746   0.000   0.000   0.000   0.000   0.000   0.000
   0.084   7.000   0.000   0.000   0.253   0.747   0.000   0.000   0.000   0.000   0.000   0.000
   0.085   7.000   0.000   0.000   0.253   0.747   0.000   0.000   0.000   0.000   0.000   0.000
   0.085   7.000   0.000   0.000   0.253   0.747   0.000   0.000   0.000   0.000   0.000   0.000
   0.086   7.000   0.000   0.000   0.253   0.747   0.000   0.000   0.000   0.000   0.000   0.000
   0.086   7.000   0.000   0.000   0.252   0.748   0.000   0.000   0.000   0.000   0.000   0.000
   0.087   7.000   0.000   0.000   0.252   0.748   0.000   0.000   0.000   0.000   0.000   0.000
   0.087   7.000   0.000   0.000   0.252   0.748   0.000   0.000   0.000   0.000   0.000   0.000
   0.088   7.000   0.000   0.000   0.252   0.748   0.000   0.000   0.000   0.000   0.000   0.000
   0.088   7.000   0.000   0.000   0.251   0.749   0.000   0.000   0.000   0.000   0.000   0.000
   0.089   7.000   0.000   0.000   0.251   0.749   0.000   0.000   0.000   0.000   0.000   0.000
   0.089   7.000   0.000   0.000   0.251   0.749   0.000   0.000   0.000   0.000   0.000   0.000
   0.090   7.000   0.000   0.000   0.251   0.749   0.000   0.000   0.000   0.000   0.000   0.000
   0.090   7.000   0.000   0.000   0.250   0.749   0.000   0.000   0.000   0.000   0.000   0.000
   0.091   7.000   0.000   0.000   0.250   0.750   0.000   0.000   0.000   0.000   0.000   0.000
   0.091   7.000   0.000   0.000   0.250   0.750   0.000   0.000   0.000   0.000   0.000   0.000
   0.092   7.000   0.000   0.000   0.250   0.750   0.000   0.000   0.000   0.000   0.000   0.000
   0.092   7.000   0.000   0.000   0.249   0.750   0.000   0.000   0.000   0.000   0.000   0.000
   0.093   7.000   0.000   0.000   0.249   0.751   0.000   0.000   0.000   0.000   0.000   0.000
   0.093   7.000   0.000   0.000   0.249   0.751   0.000   0.000   0.000   0.000   0.000   0.000
   0.094   7.000   0.000   0.000   0.249   0.751   0.000   0.000   0.000   0.000   0.000   0.000
   0.094   7.000   0.000   0.000   0.248   0.751   0.000   0.000   0.000   0.000   0.000   0.000
   0.095   7.000   0.000   0.000   0.248   0.752   0.000   0.000   0.000   0.000   0.000   0.000
   0.095   7.000   0.000   0.000   0.248   0.752   0.000   0.000   0.000   0.000   0.000   0.000
   0.096   7.000   0.000   0.000   0.248   0.752   0.000   0.000   0.000   0.000   0.000   0.000
   0.096   7.000   0.000   0.000   0.247   0.752   0.000   0.000   0.000   0.000   0.000   0.000
   0.097   7.000   0.000   0.000   0.247   0.753   0.000   0.000   0.000   0.000   0.000   0.000
   0.097   7.000   0.000   0.000   0.247   0.753   0.000   0.000   0.000   0.000   0.000   0.000
   0.098   7.000   0.000   0.000   0.247   0.753   0.000   0.000   0.000   0.000   0.000   0.000
   0.098   7.000   0.000   0.000   0.246   0.754   0.000   0.000   0.000   0.000   0.000   0.000
   0.099   7.000   0.000   0.000   0.246   0.754   0.000   0.000   0.000   0.000   0.000   0.000
   0.099   7.000   0.000   0.000   0.246   0.754   0.000   0.000   0.000   0.000   0.000   0.000
   0.100   7.000   0.000   0.000   0.246   0.754   0.000   0.000   0.000   0.000   0.000   0.000
   0.100   7.000   0.000   0.000   0.245   0.755   0.000   0.000   0.000   0.000   0.000   0.000
    STEP   AVACS   MODE1   MODE2   MODE3   MODE4
       1   7.000   0.245   0.754   0.000   0.000
       2   7.000   0.302   0.698   0.000   0.000
       3   7.000   0.348   0.652   0.000   0.000
       4   7.000   0.382   0.617   0.000   0.000
       5   5.000   0.404   0.596   0.000   0.000
       6   5.000   0.517   0.482   0.000   0.001
       7   5.000   0.586   0.400   0.000   0.013
       8   5.000   0.535   0.459   0.000   0.006
       9   5.000   0.419   0.581   0.000   0.000
      10   5.000   0.359   0.640   0.000   0.000
      11   5.000   0.303   0.697   0.000   0.000
      12   6.000   0.251   0.748   0.000   0.000
      13   5.000   0.199   0.801   0.000   0.000
      14   5.000   0.139   0.861   0.000   0.000
      15   6.000   0.068   0.932   0.000   0.000
      16   4.000   0.001   0.999   0.000   0.000
      17   6.000   0.094   0.906   0.000   0.000
      18   8.000   0.176   0.824   0.000   0.000
      19   7.000   0.245   0.755   0.000   0.000
      20   7.000   0.302   0.698   0.000   0.000
      21   7.000   0.347   0.652   0.000   0.000
      22   7.000   0.382   0.617   0.000   0.000
      23   5.000   0.404   0.596   0.000   0.000
      24   5.000   0.517   0.483   0.000   0.000
      25   5.000   0.588   0.408   0.004   0.000
      26   4.000   0.537   0.463   0.000   0.000
      27   5.000   0.419   0.581   0.000   0.000
      28   5.000   0.359   0.639   0.000   0.002
      29   5.000   0.302   0.695   0.000   0.003
      30   6.000   0.250   0.747   0.000   0.002
      31   5.000   0.198   0.801   0.000   0.001
      32   5.000   0.139   0.861   0.000   0.001
      33   6.000   0.068   0.931   0.000   0.000
      34   4.000   0.001   0.999   0.000   0.001
      35   6.000   0.093   0.906   0.000   0.000
      36   8.000   0.176   0.823   0.000   0.000
  STRAIN   AVACS   PRITW   SECTW   MODE1   MODE2   MODE3   MODE4   TWFR3   EFFR3   TWFR4   EFFR4
   0.100   7.000   0.000   0.000   0.245   0.755   0.000   0.000   0.000   0.000   0.000   0.000
   0.101   7.000   0.000   0.000   0.245   0.755   0.000   0.000   0.000   0.000   0.000   0.000
   0.101   7.000   0.000   0.000   0.245   0.755   0.000   0.000   0.000   0.000   0.000   0.000
   0.102   7.000   0.000   0.000   0.244   0.755   0.000   0.000   0.000   0.000   0.000   0.000
   0.102   7.000   0.000   0.000   0.244   0.756   0.000   0.000   0.000   0.000   0.000   0.000
   0.103   7.000   0.000   0.000   0.244   0.756   0.000   0.000   0.000   0.000   0.000   0.000
   0.103   7.000   0.000   0.000   0.244   0.756   0.000   0.000   0.000   0.000   0.000   0.000
   0.104   7.000   0.000   0.000   0.243   0.757   0.000   0.000   0.000   0.000   0.000   0.000
   0.104   7.000   0.000   0.000   0.243   0.757   0.000   0.000   0.000   0.000   0.000   0.000
   0.105   7.000   0.000   0.000   0.243   0.757   0.000   0.000   0.000   0.000   0.000   0.000
   0.105   7.000   0.000   0.000   0.242   0.757   0.000   0.000   0.000   0.000   0.000   0.000
   0.106   7.000   0.000   0.000   0.242   0.758   0.000   0.000   0.000   0.000   0.000   0.000
   0.106   7.000   0.000   0.000   0.242   0.758   0.000   0.000   0.000   0.000   0.000   0.000
   0.107   7.000   0.000   0.000   0.242   0.758   0.000   0.000   0.000   0.000   0.000   0.000
   0.107   7.000   0.000   0.000   0.241   0.759   0.000   0.000   0.000   0.000   0.000   0.000
   0.108   7.000   0.000   0.000   0.241   0.759   0.000   0.000   0.000   0.000   0.000   0.000
   0.108   7.000   0.000   0.000   0.241   0.759   0.000   0.000   0.000   0.000   0.000   0.000
   0.109   7.000   0.000   0.000   0.240   0.759   0.000   0.000   0.000   0.000   0.000   0.000
   0.109   7.000   0.000   0.000   0.240   0.760   0.000   0.000   0.000   0.000   0.000   0.000
   0.110   7.000   0.000   0.000   0.240   0.760   0.000   0.000   0.000   0.000   0.000   0.000
   0.110   7.000   0.000   0.000   0.239   0.760   0.000   0.000   0.000   0.000   0.000   0.000
   0.111   7.000   0.000   0.000   0.239   0.761   0.000   0.000   0.000   0.000   0.000   0.000
   0.111   7.000   0.000   0.000   0.239   0.761   0.000   0.000   0.000   0.000   0.000   0.000
   0.112   7.000   0.000   0.000   0.239   0.761   0.000   0.000   0.000   0.000   0.000   0.000
   0.112   7.000   0.000   0.000   0.238   0.762   0.000   0.000   0.000   0.000   0.000   0.000
   0.113   7.000   0.000   0.000   0.238   0.762   0.000   0.000   0.000   0.000   0.000   0.000
   0.113   7.000   0.000   0.000   0.238   0.762   0.000   0.000   0.000   0.000   0.000   0.000
   0.114   7.000   0.000   0.000   0.237   0.763   0.000   0.000   0.000   0.000   0.000   0.000
   0.114   7.000   0.000   0.000   0.237   0.763   0.000   0.000   0.000   0.000   0.000   0.000
   0.115   7.000   0.000   0.000   0.237   0.763   0.000   0.000   0.000   0.000   0.000   0.000
   0.115   7.000   0.000   0.000   0.236   0.764   0.000   0.000   0.000   0.000   0.000   0.000
   0.116   7.000   0.000   0.000   0.236   0.764   0.000   0.000   0.000   0.000   0.000   0.000
   0.116   7.000   0.000   0.000   0.236   0.764   0.000   0.000   0.000   0.000   0.000   0.000
   0.117   7.000   0.000   0.000   0.235   0.765   0.000   0.000   0.000   0.000   0.000   0.000
   0.117   7.000   0.000   0.000   0.235   0.765   0.000   0.000   0.000   0.000   0.000   0.000
   0.118   7.000   0.000   0.000   0.235   0.765   0.000   0.000   0.000   0.000   0.000   0.000
   0.118   7.000   0.000   0.000   0.234   0.766   0.000   0.000   0.000   0.000   0.000   0.000
   0.119   7.000   0.000   0.000   0.234   0.766   0.000   0.000   0.000   0.000   0.000   0.000
   0.119   8.000   0.000   0.000   0.234   0.766   0.000   0.000   0.000   0.000   0.000   0.000
   0.120   8.000   0.000   0.000   0.233   0.767   0.000   0.000   0.000   0.000   0.000   0.000
   0.120   8.000   0.000   0.000   0.233   0.767   0.000   0.000   0.000   0.000   0.000   0.000
   0.121   8.000   0.000   0.000   0.233   0.767   0.000   0.000   0.000   0.000   0.000   0.000
   0.121   8.000   0.000   0.000   0.232   0.768   0.000   0.000   0.000   0.000   0.000   0.000
   0.122   8.000   0.000   0.000   0.232   0.768   0.000   0.000   0.000   0.000   0.000   0.000
   0.122   8.000   0.000   0.000   0.231   0.768   0.000   0.000   0.000   0.000   0.000   0.000
   0.123   8.000   0.000   0.000   0.231   0.769   0.000   0.000   0.000   0.000   0.000   0.000
   0.123   8.000   0.000   0.000   0.231   0.769   0.000   0.000   0.000   0.000   0.000   0.000
   0.124   8.000   0.000   0.000   0.230   0.769   0.000   0.000   0.000   0.000   0.000   0.000
   0.124   8.000   0.000   0.000   0.230   0.770   0.000   0.000   0.000   0.000   0.000   0.000
   0.125   8.000   0.000   0.000   0.230   0.770   0.000   0.000   0.000   0.000   0.000   0.000
   0.125   8.000   0.000   0.000   0.229   0.770   0.000   0.000   0.000   0.000   0.000   0.000
    STEP   AVACS   MODE1   MODE2   MODE3   MODE4
       1   8.000   0.229   0.770   0.000   0.000
       2   7.000   0.287   0.713   0.000   0.000
       3   7.000   0.337   0.663   0.000   0.000
       4   7.000   0.378   0.622   0.000   0.000
       5   5.000   0.409   0.591   0.000   0.000
       6   5.000   0.513   0.485   0.000   0.001
       7   5.000   0.587   0.402   0.000   0.010
       8   4.000   0.540   0.456   0.000   0.004
       9   5.000   0.430   0.570   0.000   0.000
      10   5.000   0.370   0.630   0.000   0.000
      11   5.000   0.313   0.687   0.000   0.000
      12   6.000   0.259   0.740   0.000   0.000
      13   5.000   0.205   0.795   0.000   0.000
      14   5.000   0.141   0.859   0.000   0.000
      15   5.000   0.067   0.933   0.000   0.000
      16   5.000   0.000   1.000   0.000   0.000
      17   7.000   0.082   0.918   0.000   0.000
      18   8.000   0.161   0.839   0.000   0.000
      19   8.000   0.229   0.770   0.000   0.000
      20   7.000   0.287   0.713   0.000   0.000
      21   7.000   0.336   0.663   0.001   0.000
      22   7.000   0.377   0.622   0.001   0.000
      23   5.000   0.408   0.591   0.001   0.000
      24   5.000   0.514   0.486   0.000   0.000
      25   5.000   0.587   0.406   0.007   0.000
      26   4.000   0.541   0.459   0.000   0.000
      27   5.000   0.430   0.570   0.000   0.000
      28   5.000   0.369   0.629   0.000   0.002
      29   5.000   0.312   0.686   0.000   0.002
      30   6.000   0.259   0.740   0.000   0.002
      31   5.000   0.204   0.795   0.000   0.001
      32   5.000   0.141   0.859   0.000   0.001
      33   5.000   0.067   0.933   0.000   0.000
      34   5.000   0.000   1.000   0.000   0.000
      35   7.000   0.082   0.918   0.000   0.000
      36   8.000   0.161   0.839   0.000   0.000
