TEXTURE AT STRAIN =    0.0250
   0.988   1.025   0.988  <-- length of phase ellipsoid axes
  105.92   90.00    0.00  <-- Euler angles (deg) of phase ellipsoid axes
B         1
 -165.37   52.41   54.14   1.0000000
TEXTURE AT STRAIN =    0.0500
   0.975   1.051   0.975  <-- length of phase ellipsoid axes
 -169.72   90.00 -180.00  <-- Euler angles (deg) of phase ellipsoid axes
B         1
 -165.10   50.53   54.23   1.0000000
TEXTURE AT STRAIN =    0.0750
   0.963   1.078   0.963  <-- length of phase ellipsoid axes
 -163.52   90.00 -180.00  <-- Euler angles (deg) of phase ellipsoid axes
B         1
 -164.84   48.63   54.31   1.0000000
TEXTURE AT STRAIN =    0.1000
   0.951   1.105   0.951  <-- length of phase ellipsoid axes
 -160.35   90.00  180.00  <-- Euler angles (deg) of phase ellipsoid axes
B         1
 -164.60   46.72   54.37   1.0000000
TEXTURE AT STRAIN =    0.1250
   0.939   1.133   0.939  <-- length of phase ellipsoid axes
 -155.50   90.00  180.00  <-- Euler angles (deg) of phase ellipsoid axes
B         1
 -164.41   44.82   54.45   1.0000000
