          Evm          Svm            E11          E22          E33          E23          E13          E12         SDEV11       SDEV22       SDEV33       SDEV23       SDEV13       SDEV12      TEMP
  0.00000E+00  0.30805E+03    0.00000E+00  0.00000E+00  0.00000E+00  0.00000E+00  0.00000E+00  0.00000E+00   -0.76468E+02 -0.94745E+02  0.17121E+03 -0.97562E+02 -0.30509E+01 -0.59265E+01      298.00
  0.41685E-03  0.32025E+03   -0.25000E-03 -0.25000E-03  0.50000E-03  0.00000E+00  0.00000E+00  0.00000E+00   -0.80123E+02 -0.93737E+02  0.17386E+03 -0.10695E+03 -0.21032E+01 -0.51585E+01      298.00
  0.82401E-03  0.33054E+03   -0.50000E-03 -0.50000E-03  0.10000E-02  0.00000E+00  0.00000E+00  0.00000E+00   -0.82498E+02 -0.93671E+02  0.17617E+03 -0.11439E+03 -0.19735E+01 -0.46778E+01      298.00
  0.12237E-02  0.33907E+03   -0.75000E-03 -0.75000E-03  0.15000E-02  0.00000E+00  0.00000E+00  0.00000E+00   -0.83809E+02 -0.94508E+02  0.17832E+03 -0.12009E+03 -0.20938E+01 -0.46388E+01      298.00
  0.16182E-02  0.34657E+03   -0.10000E-02 -0.10000E-02  0.20000E-02  0.00000E+00  0.00000E+00  0.00000E+00   -0.84615E+02 -0.95787E+02  0.18040E+03 -0.12478E+03 -0.23231E+01 -0.48275E+01      298.00
  0.20086E-02  0.35411E+03   -0.12500E-02 -0.12500E-02  0.25000E-02  0.00000E+00  0.00000E+00  0.00000E+00   -0.85382E+02 -0.97081E+02  0.18246E+03 -0.12947E+03 -0.24860E+01 -0.50438E+01      298.00
  0.23950E-02  0.36161E+03   -0.15000E-02 -0.15000E-02  0.30000E-02  0.00000E+00  0.00000E+00  0.00000E+00   -0.86130E+02 -0.98371E+02  0.18450E+03 -0.13411E+03 -0.26522E+01 -0.52643E+01      298.00
  0.27777E-02  0.36910E+03   -0.17500E-02 -0.17500E-02  0.35000E-02  0.00000E+00  0.00000E+00  0.00000E+00   -0.86871E+02 -0.99647E+02  0.18652E+03 -0.13871E+03 -0.28167E+01 -0.54843E+01      298.00
  0.31567E-02  0.37657E+03   -0.20000E-02 -0.20000E-02  0.40000E-02  0.00000E+00  0.00000E+00  0.00000E+00   -0.87606E+02 -0.10091E+03  0.18851E+03 -0.14328E+03 -0.29784E+01 -0.57029E+01      298.00
  0.35321E-02  0.38402E+03   -0.22500E-02 -0.22500E-02  0.45000E-02  0.00000E+00  0.00000E+00  0.00000E+00   -0.88335E+02 -0.10216E+03  0.19049E+03 -0.14782E+03 -0.31374E+01 -0.59199E+01      298.00
  0.39042E-02  0.39145E+03   -0.25000E-02 -0.25000E-02  0.50000E-02  0.00000E+00  0.00000E+00  0.00000E+00   -0.89058E+02 -0.10339E+03  0.19245E+03 -0.15232E+03 -0.32936E+01 -0.61352E+01      298.00
  0.42729E-02  0.39885E+03   -0.27500E-02 -0.27500E-02  0.55000E-02  0.00000E+00  0.00000E+00  0.00000E+00   -0.89776E+02 -0.10460E+03  0.19438E+03 -0.15678E+03 -0.34470E+01 -0.63487E+01      298.00
  0.46384E-02  0.40622E+03   -0.30000E-02 -0.30000E-02  0.60000E-02  0.00000E+00  0.00000E+00  0.00000E+00   -0.90489E+02 -0.10581E+03  0.19630E+03 -0.16121E+03 -0.35978E+01 -0.65603E+01      298.00
  0.50008E-02  0.41355E+03   -0.32500E-02 -0.32500E-02  0.65000E-02  0.00000E+00  0.00000E+00  0.00000E+00   -0.91196E+02 -0.10700E+03  0.19819E+03 -0.16561E+03 -0.37461E+01 -0.67700E+01      298.00
  0.53603E-02  0.42085E+03   -0.35000E-02 -0.35000E-02  0.70000E-02  0.00000E+00  0.00000E+00  0.00000E+00   -0.91898E+02 -0.10817E+03  0.20007E+03 -0.16997E+03 -0.38919E+01 -0.69779E+01      298.00
  0.57168E-02  0.42812E+03   -0.37500E-02 -0.37500E-02  0.75000E-02  0.00000E+00  0.00000E+00  0.00000E+00   -0.92594E+02 -0.10933E+03  0.20192E+03 -0.17429E+03 -0.40354E+01 -0.71838E+01      298.00
  0.60705E-02  0.43534E+03   -0.40000E-02 -0.40000E-02  0.80000E-02  0.00000E+00  0.00000E+00  0.00000E+00   -0.93285E+02 -0.11048E+03  0.20376E+03 -0.17857E+03 -0.41767E+01 -0.73877E+01      298.00
  0.64216E-02  0.44252E+03   -0.42500E-02 -0.42500E-02  0.85000E-02  0.00000E+00  0.00000E+00  0.00000E+00   -0.93970E+02 -0.11161E+03  0.20558E+03 -0.18282E+03 -0.43159E+01 -0.75897E+01      298.00
  0.67700E-02  0.44966E+03   -0.45000E-02 -0.45000E-02  0.90000E-02  0.00000E+00  0.00000E+00  0.00000E+00   -0.94651E+02 -0.11273E+03  0.20738E+03 -0.18703E+03 -0.44530E+01 -0.77897E+01      298.00
  0.71159E-02  0.45701E+03   -0.47500E-02 -0.47500E-02  0.95000E-02  0.00000E+00  0.00000E+00  0.00000E+00   -0.95389E+02 -0.11379E+03  0.20918E+03 -0.19140E+03 -0.45991E+01 -0.79736E+01      298.00
  0.74592E-02  0.46405E+03   -0.50000E-02 -0.50000E-02  0.10000E-01  0.00000E+00  0.00000E+00  0.00000E+00   -0.96058E+02 -0.11488E+03  0.21094E+03 -0.19553E+03 -0.47333E+01 -0.81698E+01      298.00
  0.78001E-02  0.47105E+03   -0.52500E-02 -0.52500E-02  0.10500E-01  0.00000E+00  0.00000E+00  0.00000E+00   -0.96722E+02 -0.11597E+03  0.21269E+03 -0.19962E+03 -0.48658E+01 -0.83641E+01      298.00
  0.81388E-02  0.47800E+03   -0.55000E-02 -0.55000E-02  0.11000E-01  0.00000E+00  0.00000E+00  0.00000E+00   -0.97380E+02 -0.11704E+03  0.21442E+03 -0.20368E+03 -0.49966E+01 -0.85563E+01      298.00
  0.84752E-02  0.48490E+03   -0.57500E-02 -0.57500E-02  0.11500E-01  0.00000E+00  0.00000E+00  0.00000E+00   -0.98033E+02 -0.11810E+03  0.21613E+03 -0.20770E+03 -0.51256E+01 -0.87464E+01      298.00
  0.88095E-02  0.49175E+03   -0.60000E-02 -0.60000E-02  0.12000E-01  0.00000E+00  0.00000E+00  0.00000E+00   -0.98680E+02 -0.11915E+03  0.21783E+03 -0.21168E+03 -0.52530E+01 -0.89346E+01      298.00
  0.91417E-02  0.49855E+03   -0.62500E-02 -0.62500E-02  0.12500E-01  0.00000E+00  0.00000E+00  0.00000E+00   -0.99323E+02 -0.12018E+03  0.21950E+03 -0.21563E+03 -0.53787E+01 -0.91207E+01      298.00
  0.94719E-02  0.50530E+03   -0.65000E-02 -0.65000E-02  0.13000E-01  0.00000E+00  0.00000E+00  0.00000E+00   -0.99959E+02 -0.12121E+03  0.22116E+03 -0.21953E+03 -0.55030E+01 -0.93048E+01      298.00
  0.98002E-02  0.51200E+03   -0.67500E-02 -0.67500E-02  0.13500E-01  0.00000E+00  0.00000E+00  0.00000E+00   -0.10059E+03 -0.12222E+03  0.22281E+03 -0.22341E+03 -0.56261E+01 -0.94869E+01      298.00
  0.10127E-01  0.51864E+03   -0.70000E-02 -0.70000E-02  0.14000E-01  0.00000E+00  0.00000E+00  0.00000E+00   -0.10122E+03 -0.12322E+03  0.22444E+03 -0.22724E+03 -0.57477E+01 -0.96670E+01      298.00
  0.10451E-01  0.52495E+03   -0.72500E-02 -0.72500E-02  0.14500E-01  0.00000E+00  0.00000E+00  0.00000E+00   -0.10176E+03 -0.12428E+03  0.22604E+03 -0.23082E+03 -0.59708E+01 -0.98614E+01      298.00
  0.10774E-01  0.53149E+03   -0.75000E-02 -0.75000E-02  0.15000E-01  0.00000E+00  0.00000E+00  0.00000E+00   -0.10238E+03 -0.12526E+03  0.22764E+03 -0.23458E+03 -0.60888E+01 -0.10037E+02      298.00
  0.11095E-01  0.53798E+03   -0.77500E-02 -0.77500E-02  0.15500E-01  0.00000E+00  0.00000E+00  0.00000E+00   -0.10299E+03 -0.12623E+03  0.22922E+03 -0.23831E+03 -0.62052E+01 -0.10211E+02      298.00
  0.11415E-01  0.54441E+03   -0.80000E-02 -0.80000E-02  0.16000E-01  0.00000E+00  0.00000E+00  0.00000E+00   -0.10359E+03 -0.12719E+03  0.23078E+03 -0.24200E+03 -0.63205E+01 -0.10383E+02      298.00
  0.11733E-01  0.55079E+03   -0.82500E-02 -0.82500E-02  0.16500E-01  0.00000E+00  0.00000E+00  0.00000E+00   -0.10419E+03 -0.12814E+03  0.23233E+03 -0.24565E+03 -0.64347E+01 -0.10553E+02      298.00
  0.12049E-01  0.55712E+03   -0.85000E-02 -0.85000E-02  0.17000E-01  0.00000E+00  0.00000E+00  0.00000E+00   -0.10479E+03 -0.12907E+03  0.23386E+03 -0.24927E+03 -0.65478E+01 -0.10721E+02      298.00
  0.12364E-01  0.56339E+03   -0.87500E-02 -0.87500E-02  0.17500E-01  0.00000E+00  0.00000E+00  0.00000E+00   -0.10538E+03 -0.13000E+03  0.23538E+03 -0.25285E+03 -0.66598E+01 -0.10888E+02      298.00
  0.12677E-01  0.56960E+03   -0.90000E-02 -0.90000E-02  0.18000E-01  0.00000E+00  0.00000E+00  0.00000E+00   -0.10597E+03 -0.13092E+03  0.23688E+03 -0.25640E+03 -0.67708E+01 -0.11052E+02      298.00
  0.12989E-01  0.57577E+03   -0.92500E-02 -0.92500E-02  0.18500E-01  0.00000E+00  0.00000E+00  0.00000E+00   -0.10655E+03 -0.13182E+03  0.23837E+03 -0.25991E+03 -0.68808E+01 -0.11214E+02      298.00
  0.13300E-01  0.58187E+03   -0.95000E-02 -0.95000E-02  0.19000E-01  0.00000E+00  0.00000E+00  0.00000E+00   -0.10712E+03 -0.13272E+03  0.23984E+03 -0.26339E+03 -0.69899E+01 -0.11374E+02      298.00
  0.13609E-01  0.58793E+03   -0.97500E-02 -0.97500E-02  0.19500E-01  0.00000E+00  0.00000E+00  0.00000E+00   -0.10769E+03 -0.13361E+03  0.24130E+03 -0.26683E+03 -0.70980E+01 -0.11533E+02      298.00
  0.13917E-01  0.59393E+03   -0.10000E-01 -0.10000E-01  0.20000E-01  0.00000E+00  0.00000E+00  0.00000E+00   -0.10826E+03 -0.13449E+03  0.24274E+03 -0.27024E+03 -0.72052E+01 -0.11690E+02      298.00
  0.14223E-01  0.59987E+03   -0.10250E-01 -0.10250E-01  0.20500E-01  0.00000E+00  0.00000E+00  0.00000E+00   -0.10882E+03 -0.13535E+03  0.24417E+03 -0.27361E+03 -0.73115E+01 -0.11845E+02      298.00
  0.14528E-01  0.60577E+03   -0.10500E-01 -0.10500E-01  0.21000E-01  0.00000E+00  0.00000E+00  0.00000E+00   -0.10937E+03 -0.13621E+03  0.24559E+03 -0.27695E+03 -0.74170E+01 -0.11998E+02      298.00
  0.14833E-01  0.61160E+03   -0.10750E-01 -0.10750E-01  0.21500E-01  0.00000E+00  0.00000E+00  0.00000E+00   -0.10993E+03 -0.13706E+03  0.24699E+03 -0.28026E+03 -0.75216E+01 -0.12149E+02      298.00
  0.15135E-01  0.61739E+03   -0.11000E-01 -0.11000E-01  0.22000E-01  0.00000E+00  0.00000E+00  0.00000E+00   -0.11047E+03 -0.13790E+03  0.24837E+03 -0.28353E+03 -0.76254E+01 -0.12298E+02      298.00
  0.15437E-01  0.47055E+03   -0.11250E-01 -0.11250E-01  0.22500E-01  0.00000E+00  0.00000E+00  0.00000E+00   -0.19848E+03 -0.48281E+02  0.24676E+03  0.20336E+02  0.13485E+02  0.14800E+03      298.00
  0.15830E-01  0.47305E+03   -0.11500E-01 -0.11500E-01  0.23000E-01  0.00000E+00  0.00000E+00  0.00000E+00   -0.19955E+03 -0.48235E+02  0.24779E+03  0.20439E+02  0.13567E+02  0.14906E+03      298.00
  0.16223E-01  0.47563E+03   -0.11750E-01 -0.11750E-01  0.23500E-01  0.00000E+00  0.00000E+00  0.00000E+00   -0.20065E+03 -0.48173E+02  0.24883E+03  0.20468E+02  0.13597E+02  0.15019E+03      298.00
  0.16616E-01  0.47820E+03   -0.12000E-01 -0.12000E-01  0.24000E-01  0.00000E+00  0.00000E+00  0.00000E+00   -0.20175E+03 -0.48111E+02  0.24986E+03  0.20509E+02  0.13634E+02  0.15131E+03      298.00
  0.17008E-01  0.48074E+03   -0.12250E-01 -0.12250E-01  0.24500E-01  0.00000E+00  0.00000E+00  0.00000E+00   -0.20284E+03 -0.48048E+02  0.25088E+03  0.20550E+02  0.13670E+02  0.15242E+03      298.00
  0.17399E-01  0.48326E+03   -0.12500E-01 -0.12500E-01  0.25000E-01  0.00000E+00  0.00000E+00  0.00000E+00   -0.20391E+03 -0.47985E+02  0.25190E+03  0.20591E+02  0.13706E+02  0.15352E+03      298.00
          Evm          Svm            E11          E22          E33          E23          E13          E12         SDEV11       SDEV22       SDEV33       SDEV23       SDEV13       SDEV12      TEMP
  0.17399E-01  0.48339E+03   -0.12500E-01 -0.12500E-01  0.25000E-01  0.00000E+00  0.00000E+00  0.00000E+00   -0.20397E+03 -0.47953E+02  0.25193E+03  0.20486E+02  0.13637E+02  0.15361E+03      298.00
  0.17790E-01  0.48577E+03   -0.12750E-01 -0.12750E-01  0.25500E-01  0.00000E+00  0.00000E+00  0.00000E+00   -0.20498E+03 -0.47920E+02  0.25290E+03  0.20630E+02  0.13740E+02  0.15462E+03      298.00
  0.18180E-01  0.48823E+03   -0.13000E-01 -0.13000E-01  0.26000E-01  0.00000E+00  0.00000E+00  0.00000E+00   -0.20603E+03 -0.47859E+02  0.25389E+03  0.20673E+02  0.13778E+02  0.15569E+03      298.00
  0.18570E-01  0.49068E+03   -0.13250E-01 -0.13250E-01  0.26500E-01  0.00000E+00  0.00000E+00  0.00000E+00   -0.20707E+03 -0.47797E+02  0.25487E+03  0.20714E+02  0.13814E+02  0.15676E+03      298.00
  0.18960E-01  0.49311E+03   -0.13500E-01 -0.13500E-01  0.27000E-01  0.00000E+00  0.00000E+00  0.00000E+00   -0.20811E+03 -0.47735E+02  0.25584E+03  0.20755E+02  0.13850E+02  0.15782E+03      298.00
  0.19349E-01  0.49552E+03   -0.13750E-01 -0.13750E-01  0.27500E-01  0.00000E+00  0.00000E+00  0.00000E+00   -0.20913E+03 -0.47674E+02  0.25681E+03  0.20796E+02  0.13885E+02  0.15888E+03      298.00
  0.19738E-01  0.49790E+03   -0.14000E-01 -0.14000E-01  0.28000E-01  0.00000E+00  0.00000E+00  0.00000E+00   -0.21015E+03 -0.47613E+02  0.25776E+03  0.20837E+02  0.13921E+02  0.15992E+03      298.00
  0.20126E-01  0.50051E+03   -0.14250E-01 -0.14250E-01  0.28500E-01  0.00000E+00  0.00000E+00  0.00000E+00   -0.21143E+03 -0.47334E+02  0.25876E+03  0.20568E+02  0.13825E+02  0.16106E+03      298.00
  0.20514E-01  0.50283E+03   -0.14500E-01 -0.14500E-01  0.29000E-01  0.00000E+00  0.00000E+00  0.00000E+00   -0.21242E+03 -0.47268E+02  0.25969E+03  0.20639E+02  0.13885E+02  0.16205E+03      298.00
  0.20901E-01  0.50515E+03   -0.14750E-01 -0.14750E-01  0.29500E-01  0.00000E+00  0.00000E+00  0.00000E+00   -0.21341E+03 -0.47208E+02  0.26062E+03  0.20676E+02  0.13918E+02  0.16306E+03      298.00
  0.21288E-01  0.50745E+03   -0.15000E-01 -0.15000E-01  0.30000E-01  0.00000E+00  0.00000E+00  0.00000E+00   -0.21439E+03 -0.47151E+02  0.26154E+03  0.20719E+02  0.13954E+02  0.16406E+03      298.00
  0.21675E-01  0.50972E+03   -0.15250E-01 -0.15250E-01  0.30500E-01  0.00000E+00  0.00000E+00  0.00000E+00   -0.21535E+03 -0.47095E+02  0.26245E+03  0.20761E+02  0.13990E+02  0.16505E+03      298.00
  0.22061E-01  0.51198E+03   -0.15500E-01 -0.15500E-01  0.31000E-01  0.00000E+00  0.00000E+00  0.00000E+00   -0.21631E+03 -0.47040E+02  0.26335E+03  0.20804E+02  0.14026E+02  0.16603E+03      298.00
  0.22446E-01  0.51421E+03   -0.15750E-01 -0.15750E-01  0.31500E-01  0.00000E+00  0.00000E+00  0.00000E+00   -0.21725E+03 -0.46985E+02  0.26424E+03  0.20846E+02  0.14062E+02  0.16700E+03      298.00
  0.22832E-01  0.51642E+03   -0.16000E-01 -0.16000E-01  0.32000E-01  0.00000E+00  0.00000E+00  0.00000E+00   -0.21819E+03 -0.46932E+02  0.26512E+03  0.20888E+02  0.14098E+02  0.16797E+03      298.00
  0.23217E-01  0.51862E+03   -0.16250E-01 -0.16250E-01  0.32500E-01  0.00000E+00  0.00000E+00  0.00000E+00   -0.21912E+03 -0.46880E+02  0.26600E+03  0.20931E+02  0.14133E+02  0.16892E+03      298.00
  0.23602E-01  0.52079E+03   -0.16500E-01 -0.16500E-01  0.33000E-01  0.00000E+00  0.00000E+00  0.00000E+00   -0.22004E+03 -0.46829E+02  0.26687E+03  0.20973E+02  0.14169E+02  0.16986E+03      298.00
  0.23986E-01  0.52294E+03   -0.16750E-01 -0.16750E-01  0.33500E-01  0.00000E+00  0.00000E+00  0.00000E+00   -0.22095E+03 -0.46779E+02  0.26773E+03  0.21016E+02  0.14205E+02  0.17079E+03      298.00
  0.24370E-01  0.52507E+03   -0.17000E-01 -0.17000E-01  0.34000E-01  0.00000E+00  0.00000E+00  0.00000E+00   -0.22185E+03 -0.46730E+02  0.26858E+03  0.21058E+02  0.14241E+02  0.17171E+03      298.00
  0.24754E-01  0.52718E+03   -0.17250E-01 -0.17250E-01  0.34500E-01  0.00000E+00  0.00000E+00  0.00000E+00   -0.22274E+03 -0.46682E+02  0.26943E+03  0.21101E+02  0.14276E+02  0.17262E+03      298.00
  0.25137E-01  0.52927E+03   -0.17500E-01 -0.17500E-01  0.35000E-01  0.00000E+00  0.00000E+00  0.00000E+00   -0.22363E+03 -0.46636E+02  0.27026E+03  0.21144E+02  0.14312E+02  0.17352E+03      298.00
  0.25520E-01  0.53134E+03   -0.17750E-01 -0.17750E-01  0.35500E-01  0.00000E+00  0.00000E+00  0.00000E+00   -0.22450E+03 -0.46590E+02  0.27109E+03  0.21186E+02  0.14347E+02  0.17442E+03      298.00
  0.25902E-01  0.53339E+03   -0.18000E-01 -0.18000E-01  0.36000E-01  0.00000E+00  0.00000E+00  0.00000E+00   -0.22537E+03 -0.46546E+02  0.27192E+03  0.21229E+02  0.14383E+02  0.17530E+03      298.00
  0.26285E-01  0.53542E+03   -0.18250E-01 -0.18250E-01  0.36500E-01  0.00000E+00  0.00000E+00  0.00000E+00   -0.22623E+03 -0.46503E+02  0.27273E+03  0.21271E+02  0.14418E+02  0.17617E+03      298.00
  0.26667E-01  0.53743E+03   -0.18500E-01 -0.18500E-01  0.37000E-01  0.00000E+00  0.00000E+00  0.00000E+00   -0.22708E+03 -0.46461E+02  0.27354E+03  0.21314E+02  0.14454E+02  0.17704E+03      298.00
  0.27049E-01  0.53943E+03   -0.18750E-01 -0.18750E-01  0.37500E-01  0.00000E+00  0.00000E+00  0.00000E+00   -0.22792E+03 -0.46420E+02  0.27434E+03  0.21356E+02  0.14489E+02  0.17789E+03      298.00
  0.27430E-01  0.54140E+03   -0.19000E-01 -0.19000E-01  0.38000E-01  0.00000E+00  0.00000E+00  0.00000E+00   -0.22875E+03 -0.46381E+02  0.27513E+03  0.21399E+02  0.14524E+02  0.17874E+03      298.00
  0.27811E-01  0.54335E+03   -0.19250E-01 -0.19250E-01  0.38500E-01  0.00000E+00  0.00000E+00  0.00000E+00   -0.22958E+03 -0.46342E+02  0.27592E+03  0.21441E+02  0.14559E+02  0.17958E+03      298.00
  0.28192E-01  0.54529E+03   -0.19500E-01 -0.19500E-01  0.39000E-01  0.00000E+00  0.00000E+00  0.00000E+00   -0.23039E+03 -0.46305E+02  0.27670E+03  0.21483E+02  0.14594E+02  0.18040E+03      298.00
  0.28573E-01  0.54721E+03   -0.19750E-01 -0.19750E-01  0.39500E-01  0.00000E+00  0.00000E+00  0.00000E+00   -0.23120E+03 -0.46269E+02  0.27747E+03  0.21525E+02  0.14629E+02  0.18122E+03      298.00
  0.28953E-01  0.54910E+03   -0.20000E-01 -0.20000E-01  0.40000E-01  0.00000E+00  0.00000E+00  0.00000E+00   -0.23200E+03 -0.46235E+02  0.27824E+03  0.21567E+02  0.14663E+02  0.18203E+03      298.00
  0.29333E-01  0.55098E+03   -0.20250E-01 -0.20250E-01  0.40500E-01  0.00000E+00  0.00000E+00  0.00000E+00   -0.23279E+03 -0.46201E+02  0.27899E+03  0.21609E+02  0.14698E+02  0.18283E+03      298.00
  0.29713E-01  0.55285E+03   -0.20500E-01 -0.20500E-01  0.41000E-01  0.00000E+00  0.00000E+00  0.00000E+00   -0.23358E+03 -0.46169E+02  0.27975E+03  0.21651E+02  0.14733E+02  0.18363E+03      298.00
  0.30092E-01  0.55469E+03   -0.20750E-01 -0.20750E-01  0.41500E-01  0.00000E+00  0.00000E+00  0.00000E+00   -0.23436E+03 -0.46137E+02  0.28049E+03  0.21692E+02  0.14767E+02  0.18441E+03      298.00
  0.30471E-01  0.55652E+03   -0.21000E-01 -0.21000E-01  0.42000E-01  0.00000E+00  0.00000E+00  0.00000E+00   -0.23512E+03 -0.46107E+02  0.28123E+03  0.21734E+02  0.14801E+02  0.18519E+03      298.00
  0.30850E-01  0.55832E+03   -0.21250E-01 -0.21250E-01  0.42500E-01  0.00000E+00  0.00000E+00  0.00000E+00   -0.23589E+03 -0.46079E+02  0.28196E+03  0.21775E+02  0.14835E+02  0.18595E+03      298.00
  0.31229E-01  0.56011E+03   -0.21500E-01 -0.21500E-01  0.43000E-01  0.00000E+00  0.00000E+00  0.00000E+00   -0.23664E+03 -0.46051E+02  0.28269E+03  0.21816E+02  0.14869E+02  0.18671E+03      298.00
  0.31608E-01  0.56189E+03   -0.21750E-01 -0.21750E-01  0.43500E-01  0.00000E+00  0.00000E+00  0.00000E+00   -0.23739E+03 -0.46025E+02  0.28341E+03  0.21857E+02  0.14903E+02  0.18746E+03      298.00
  0.31986E-01  0.56364E+03   -0.22000E-01 -0.22000E-01  0.44000E-01  0.00000E+00  0.00000E+00  0.00000E+00   -0.23813E+03 -0.45999E+02  0.28413E+03  0.21898E+02  0.14936E+02  0.18821E+03      298.00
  0.32364E-01  0.56538E+03   -0.22250E-01 -0.22250E-01  0.44500E-01  0.00000E+00  0.00000E+00  0.00000E+00   -0.23886E+03 -0.45975E+02  0.28483E+03  0.21939E+02  0.14970E+02  0.18894E+03      298.00
  0.32742E-01  0.56710E+03   -0.22500E-01 -0.22500E-01  0.45000E-01  0.00000E+00  0.00000E+00  0.00000E+00   -0.23958E+03 -0.45952E+02  0.28553E+03  0.21979E+02  0.15003E+02  0.18967E+03      298.00
  0.33120E-01  0.56881E+03   -0.22750E-01 -0.22750E-01  0.45500E-01  0.00000E+00  0.00000E+00  0.00000E+00   -0.24030E+03 -0.45930E+02  0.28623E+03  0.22019E+02  0.15036E+02  0.19039E+03      298.00
  0.33497E-01  0.57050E+03   -0.23000E-01 -0.23000E-01  0.46000E-01  0.00000E+00  0.00000E+00  0.00000E+00   -0.24101E+03 -0.45909E+02  0.28692E+03  0.22059E+02  0.15069E+02  0.19110E+03      298.00
  0.33874E-01  0.57217E+03   -0.23250E-01 -0.23250E-01  0.46500E-01  0.00000E+00  0.00000E+00  0.00000E+00   -0.24171E+03 -0.45890E+02  0.28760E+03  0.22099E+02  0.15102E+02  0.19180E+03      298.00
  0.34251E-01  0.57383E+03   -0.23500E-01 -0.23500E-01  0.47000E-01  0.00000E+00  0.00000E+00  0.00000E+00   -0.24241E+03 -0.45871E+02  0.28828E+03  0.22139E+02  0.15134E+02  0.19249E+03      298.00
  0.34628E-01  0.57547E+03   -0.23750E-01 -0.23750E-01  0.47500E-01  0.00000E+00  0.00000E+00  0.00000E+00   -0.24310E+03 -0.45854E+02  0.28895E+03  0.22178E+02  0.15166E+02  0.19318E+03      298.00
  0.35005E-01  0.57709E+03   -0.24000E-01 -0.24000E-01  0.48000E-01  0.00000E+00  0.00000E+00  0.00000E+00   -0.24378E+03 -0.45838E+02  0.28962E+03  0.22217E+02  0.15199E+02  0.19386E+03      298.00
  0.35381E-01  0.57870E+03   -0.24250E-01 -0.24250E-01  0.48500E-01  0.00000E+00  0.00000E+00  0.00000E+00   -0.24446E+03 -0.45822E+02  0.29028E+03  0.22256E+02  0.15231E+02  0.19453E+03      298.00
  0.35757E-01  0.58029E+03   -0.24500E-01 -0.24500E-01  0.49000E-01  0.00000E+00  0.00000E+00  0.00000E+00   -0.24513E+03 -0.45808E+02  0.29093E+03  0.22295E+02  0.15262E+02  0.19519E+03      298.00
  0.36133E-01  0.58187E+03   -0.24750E-01 -0.24750E-01  0.49500E-01  0.00000E+00  0.00000E+00  0.00000E+00   -0.24579E+03 -0.45795E+02  0.29158E+03  0.22333E+02  0.15294E+02  0.19585E+03      298.00
  0.36509E-01  0.58343E+03   -0.25000E-01 -0.25000E-01  0.50000E-01  0.00000E+00  0.00000E+00  0.00000E+00   -0.24645E+03 -0.45783E+02  0.29223E+03  0.22371E+02  0.15325E+02  0.19650E+03      298.00
          Evm          Svm            E11          E22          E33          E23          E13          E12         SDEV11       SDEV22       SDEV33       SDEV23       SDEV13       SDEV12      TEMP
  0.36509E-01  0.58334E+03   -0.25000E-01 -0.25000E-01  0.50000E-01  0.00000E+00  0.00000E+00  0.00000E+00   -0.24625E+03 -0.45957E+02  0.29221E+03  0.22493E+02  0.15345E+02  0.19652E+03      298.00
  0.36885E-01  0.58498E+03   -0.25250E-01 -0.25250E-01  0.50500E-01  0.00000E+00  0.00000E+00  0.00000E+00   -0.24709E+03 -0.45782E+02  0.29287E+03  0.22395E+02  0.15343E+02  0.19716E+03      298.00
  0.37260E-01  0.58650E+03   -0.25500E-01 -0.25500E-01  0.51000E-01  0.00000E+00  0.00000E+00  0.00000E+00   -0.24773E+03 -0.45764E+02  0.29350E+03  0.22450E+02  0.15389E+02  0.19778E+03      298.00
  0.37636E-01  0.58802E+03   -0.25750E-01 -0.25750E-01  0.51500E-01  0.00000E+00  0.00000E+00  0.00000E+00   -0.24837E+03 -0.45754E+02  0.29413E+03  0.22484E+02  0.15418E+02  0.19841E+03      298.00
  0.38011E-01  0.58952E+03   -0.26000E-01 -0.26000E-01  0.52000E-01  0.00000E+00  0.00000E+00  0.00000E+00   -0.24900E+03 -0.45746E+02  0.29475E+03  0.22521E+02  0.15449E+02  0.19903E+03      298.00
  0.38386E-01  0.59100E+03   -0.26250E-01 -0.26250E-01  0.52500E-01  0.00000E+00  0.00000E+00  0.00000E+00   -0.24963E+03 -0.45739E+02  0.29537E+03  0.22558E+02  0.15479E+02  0.19964E+03      298.00
  0.38760E-01  0.59247E+03   -0.26500E-01 -0.26500E-01  0.53000E-01  0.00000E+00  0.00000E+00  0.00000E+00   -0.25024E+03 -0.45733E+02  0.29598E+03  0.22595E+02  0.15509E+02  0.20025E+03      298.00
  0.39135E-01  0.59393E+03   -0.26750E-01 -0.26750E-01  0.53500E-01  0.00000E+00  0.00000E+00  0.00000E+00   -0.25086E+03 -0.45728E+02  0.29658E+03  0.22631E+02  0.15539E+02  0.20085E+03      298.00
  0.39510E-01  0.59537E+03   -0.27000E-01 -0.27000E-01  0.54000E-01  0.00000E+00  0.00000E+00  0.00000E+00   -0.25146E+03 -0.45725E+02  0.29719E+03  0.22667E+02  0.15569E+02  0.20144E+03      298.00
  0.39884E-01  0.59680E+03   -0.27250E-01 -0.27250E-01  0.54500E-01  0.00000E+00  0.00000E+00  0.00000E+00   -0.25206E+03 -0.45722E+02  0.29778E+03  0.22703E+02  0.15599E+02  0.20203E+03      298.00
  0.40258E-01  0.59821E+03   -0.27500E-01 -0.27500E-01  0.55000E-01  0.00000E+00  0.00000E+00  0.00000E+00   -0.25265E+03 -0.45720E+02  0.29837E+03  0.22738E+02  0.15628E+02  0.20260E+03      298.00
  0.40632E-01  0.59961E+03   -0.27750E-01 -0.27750E-01  0.55500E-01  0.00000E+00  0.00000E+00  0.00000E+00   -0.25324E+03 -0.45719E+02  0.29896E+03  0.22773E+02  0.15657E+02  0.20318E+03      298.00
  0.41006E-01  0.60100E+03   -0.28000E-01 -0.28000E-01  0.56000E-01  0.00000E+00  0.00000E+00  0.00000E+00   -0.25382E+03 -0.45719E+02  0.29954E+03  0.22808E+02  0.15686E+02  0.20374E+03      298.00
  0.41380E-01  0.60237E+03   -0.28250E-01 -0.28250E-01  0.56500E-01  0.00000E+00  0.00000E+00  0.00000E+00   -0.25440E+03 -0.45720E+02  0.30012E+03  0.22843E+02  0.15715E+02  0.20430E+03      298.00
  0.41754E-01  0.60373E+03   -0.28500E-01 -0.28500E-01  0.57000E-01  0.00000E+00  0.00000E+00  0.00000E+00   -0.25497E+03 -0.45722E+02  0.30069E+03  0.22877E+02  0.15743E+02  0.20486E+03      298.00
  0.42127E-01  0.60507E+03   -0.28750E-01 -0.28750E-01  0.57500E-01  0.00000E+00  0.00000E+00  0.00000E+00   -0.25553E+03 -0.45724E+02  0.30126E+03  0.22911E+02  0.15771E+02  0.20540E+03      298.00
  0.42501E-01  0.60640E+03   -0.29000E-01 -0.29000E-01  0.58000E-01  0.00000E+00  0.00000E+00  0.00000E+00   -0.25609E+03 -0.45728E+02  0.30182E+03  0.22944E+02  0.15800E+02  0.20595E+03      298.00
  0.42874E-01  0.60772E+03   -0.29250E-01 -0.29250E-01  0.58500E-01  0.00000E+00  0.00000E+00  0.00000E+00   -0.25665E+03 -0.45733E+02  0.30238E+03  0.22978E+02  0.15827E+02  0.20648E+03      298.00
  0.43247E-01  0.60903E+03   -0.29500E-01 -0.29500E-01  0.59000E-01  0.00000E+00  0.00000E+00  0.00000E+00   -0.25719E+03 -0.45738E+02  0.30293E+03  0.23011E+02  0.15855E+02  0.20701E+03      298.00
  0.43620E-01  0.61032E+03   -0.29750E-01 -0.29750E-01  0.59500E-01  0.00000E+00  0.00000E+00  0.00000E+00   -0.25773E+03 -0.45745E+02  0.30348E+03  0.23044E+02  0.15882E+02  0.20753E+03      298.00
  0.43993E-01  0.61160E+03   -0.30000E-01 -0.30000E-01  0.60000E-01  0.00000E+00  0.00000E+00  0.00000E+00   -0.25827E+03 -0.45752E+02  0.30402E+03  0.23076E+02  0.15909E+02  0.20805E+03      298.00
  0.44366E-01  0.61286E+03   -0.30250E-01 -0.30250E-01  0.60500E-01  0.00000E+00  0.00000E+00  0.00000E+00   -0.25880E+03 -0.45760E+02  0.30456E+03  0.23108E+02  0.15936E+02  0.20856E+03      298.00
  0.44739E-01  0.61412E+03   -0.30500E-01 -0.30500E-01  0.61000E-01  0.00000E+00  0.00000E+00  0.00000E+00   -0.25933E+03 -0.45769E+02  0.30510E+03  0.23140E+02  0.15963E+02  0.20906E+03      298.00
  0.45111E-01  0.61536E+03   -0.30750E-01 -0.30750E-01  0.61500E-01  0.00000E+00  0.00000E+00  0.00000E+00   -0.25985E+03 -0.45779E+02  0.30563E+03  0.23172E+02  0.15990E+02  0.20956E+03      298.00
  0.45484E-01  0.61659E+03   -0.31000E-01 -0.31000E-01  0.62000E-01  0.00000E+00  0.00000E+00  0.00000E+00   -0.26037E+03 -0.45790E+02  0.30616E+03  0.23203E+02  0.16016E+02  0.21005E+03      298.00
  0.45856E-01  0.61780E+03   -0.31250E-01 -0.31250E-01  0.62500E-01  0.00000E+00  0.00000E+00  0.00000E+00   -0.26088E+03 -0.45801E+02  0.30668E+03  0.23234E+02  0.16042E+02  0.21054E+03      298.00
  0.46229E-01  0.61901E+03   -0.31500E-01 -0.31500E-01  0.63000E-01  0.00000E+00  0.00000E+00  0.00000E+00   -0.26138E+03 -0.45814E+02  0.30719E+03  0.23264E+02  0.16068E+02  0.21102E+03      298.00
  0.46601E-01  0.62020E+03   -0.31750E-01 -0.31750E-01  0.63500E-01  0.00000E+00  0.00000E+00  0.00000E+00   -0.26188E+03 -0.45827E+02  0.30771E+03  0.23295E+02  0.16093E+02  0.21150E+03      298.00
  0.46973E-01  0.62138E+03   -0.32000E-01 -0.32000E-01  0.64000E-01  0.00000E+00  0.00000E+00  0.00000E+00   -0.26238E+03 -0.45841E+02  0.30822E+03  0.23325E+02  0.16119E+02  0.21197E+03      298.00
  0.47345E-01  0.62255E+03   -0.32250E-01 -0.32250E-01  0.64500E-01  0.00000E+00  0.00000E+00  0.00000E+00   -0.26287E+03 -0.45856E+02  0.30872E+03  0.23354E+02  0.16144E+02  0.21243E+03      298.00
  0.47717E-01  0.62370E+03   -0.32500E-01 -0.32500E-01  0.65000E-01  0.00000E+00  0.00000E+00  0.00000E+00   -0.26335E+03 -0.45871E+02  0.30922E+03  0.23384E+02  0.16169E+02  0.21289E+03      298.00
  0.48089E-01  0.62485E+03   -0.32750E-01 -0.32750E-01  0.65500E-01  0.00000E+00  0.00000E+00  0.00000E+00   -0.26383E+03 -0.45888E+02  0.30972E+03  0.23413E+02  0.16194E+02  0.21334E+03      298.00
  0.48460E-01  0.62598E+03   -0.33000E-01 -0.33000E-01  0.66000E-01  0.00000E+00  0.00000E+00  0.00000E+00   -0.26431E+03 -0.45905E+02  0.31021E+03  0.23442E+02  0.16218E+02  0.21379E+03      298.00
  0.48832E-01  0.62711E+03   -0.33250E-01 -0.33250E-01  0.66500E-01  0.00000E+00  0.00000E+00  0.00000E+00   -0.26478E+03 -0.45923E+02  0.31070E+03  0.23470E+02  0.16243E+02  0.21423E+03      298.00
  0.49204E-01  0.62822E+03   -0.33500E-01 -0.33500E-01  0.67000E-01  0.00000E+00  0.00000E+00  0.00000E+00   -0.26525E+03 -0.45942E+02  0.31119E+03  0.23498E+02  0.16267E+02  0.21467E+03      298.00
  0.49575E-01  0.62880E+03   -0.33750E-01 -0.33750E-01  0.67500E-01  0.00000E+00  0.00000E+00  0.00000E+00   -0.26536E+03 -0.46174E+02  0.31154E+03  0.23717E+02  0.16367E+02  0.21486E+03      298.00
  0.49947E-01  0.63044E+03   -0.34000E-01 -0.34000E-01  0.68000E-01  0.00000E+00  0.00000E+00  0.00000E+00   -0.26616E+03 -0.45992E+02  0.31215E+03  0.23536E+02  0.16297E+02  0.21556E+03      298.00
  0.50318E-01  0.63101E+03   -0.34250E-01 -0.34250E-01  0.68500E-01  0.00000E+00  0.00000E+00  0.00000E+00   -0.26629E+03 -0.46207E+02  0.31250E+03  0.23761E+02  0.16408E+02  0.21573E+03      298.00
  0.50690E-01  0.63258E+03   -0.34500E-01 -0.34500E-01  0.69000E-01  0.00000E+00  0.00000E+00  0.00000E+00   -0.26706E+03 -0.46035E+02  0.31310E+03  0.23591E+02  0.16344E+02  0.21640E+03      298.00
  0.51061E-01  0.63314E+03   -0.34750E-01 -0.34750E-01  0.69500E-01  0.00000E+00  0.00000E+00  0.00000E+00   -0.26719E+03 -0.46248E+02  0.31344E+03  0.23811E+02  0.16452E+02  0.21656E+03      298.00
  0.51432E-01  0.63469E+03   -0.35000E-01 -0.35000E-01  0.70000E-01  0.00000E+00  0.00000E+00  0.00000E+00   -0.26794E+03 -0.46081E+02  0.31402E+03  0.23645E+02  0.16390E+02  0.21722E+03      298.00
  0.51803E-01  0.63522E+03   -0.35250E-01 -0.35250E-01  0.70500E-01  0.00000E+00  0.00000E+00  0.00000E+00   -0.26807E+03 -0.46292E+02  0.31436E+03  0.23859E+02  0.16496E+02  0.21737E+03      298.00
  0.52174E-01  0.63674E+03   -0.35500E-01 -0.35500E-01  0.71000E-01  0.00000E+00  0.00000E+00  0.00000E+00   -0.26881E+03 -0.46130E+02  0.31494E+03  0.23697E+02  0.16436E+02  0.21802E+03      298.00
  0.52545E-01  0.63727E+03   -0.35750E-01 -0.35750E-01  0.71500E-01  0.00000E+00  0.00000E+00  0.00000E+00   -0.26893E+03 -0.46339E+02  0.31526E+03  0.23906E+02  0.16538E+02  0.21817E+03      298.00
  0.52916E-01  0.63876E+03   -0.36000E-01 -0.36000E-01  0.72000E-01  0.00000E+00  0.00000E+00  0.00000E+00   -0.26965E+03 -0.46182E+02  0.31583E+03  0.23748E+02  0.16480E+02  0.21880E+03      298.00
  0.53287E-01  0.63928E+03   -0.36250E-01 -0.36250E-01  0.72500E-01  0.00000E+00  0.00000E+00  0.00000E+00   -0.26977E+03 -0.46388E+02  0.31616E+03  0.23953E+02  0.16580E+02  0.21894E+03      298.00
  0.53658E-01  0.64074E+03   -0.36500E-01 -0.36500E-01  0.73000E-01  0.00000E+00  0.00000E+00  0.00000E+00   -0.27048E+03 -0.46236E+02  0.31672E+03  0.23798E+02  0.16524E+02  0.21956E+03      298.00
  0.54029E-01  0.64124E+03   -0.36750E-01 -0.36750E-01  0.73500E-01  0.00000E+00  0.00000E+00  0.00000E+00   -0.27060E+03 -0.46440E+02  0.31704E+03  0.23998E+02  0.16621E+02  0.21970E+03      298.00
  0.54400E-01  0.64267E+03   -0.37000E-01 -0.37000E-01  0.74000E-01  0.00000E+00  0.00000E+00  0.00000E+00   -0.27129E+03 -0.46294E+02  0.31759E+03  0.23847E+02  0.16567E+02  0.22030E+03      298.00
  0.54770E-01  0.64317E+03   -0.37250E-01 -0.37250E-01  0.74500E-01  0.00000E+00  0.00000E+00  0.00000E+00   -0.27141E+03 -0.46495E+02  0.31790E+03  0.24042E+02  0.16661E+02  0.22043E+03      298.00
  0.55141E-01  0.64457E+03   -0.37500E-01 -0.37500E-01  0.75000E-01  0.00000E+00  0.00000E+00  0.00000E+00   -0.27209E+03 -0.46353E+02  0.31844E+03  0.23894E+02  0.16609E+02  0.22102E+03      298.00
          Evm          Svm            E11          E22          E33          E23          E13          E12         SDEV11       SDEV22       SDEV33       SDEV23       SDEV13       SDEV12      TEMP
  0.55141E-01  0.64448E+03   -0.37500E-01 -0.37500E-01  0.75000E-01  0.00000E+00  0.00000E+00  0.00000E+00   -0.27194E+03 -0.46479E+02  0.31842E+03  0.23975E+02  0.16623E+02  0.22102E+03      298.00
  0.55511E-01  0.64498E+03   -0.37750E-01 -0.37750E-01  0.75500E-01  0.00000E+00  0.00000E+00  0.00000E+00   -0.27217E+03 -0.46567E+02  0.31873E+03  0.24110E+02  0.16716E+02  0.22111E+03      298.00
  0.55882E-01  0.64644E+03   -0.38000E-01 -0.38000E-01  0.76000E-01  0.00000E+00  0.00000E+00  0.00000E+00   -0.27287E+03 -0.46414E+02  0.31929E+03  0.23938E+02  0.16648E+02  0.22173E+03      298.00
  0.56252E-01  0.64691E+03   -0.38250E-01 -0.38250E-01  0.76500E-01  0.00000E+00  0.00000E+00  0.00000E+00   -0.27298E+03 -0.46612E+02  0.31959E+03  0.24126E+02  0.16739E+02  0.22186E+03      298.00
  0.56623E-01  0.64825E+03   -0.38500E-01 -0.38500E-01  0.77000E-01  0.00000E+00  0.00000E+00  0.00000E+00   -0.27364E+03 -0.46480E+02  0.32012E+03  0.23986E+02  0.16690E+02  0.22242E+03      298.00
  0.56993E-01  0.64872E+03   -0.38750E-01 -0.38750E-01  0.77500E-01  0.00000E+00  0.00000E+00  0.00000E+00   -0.27374E+03 -0.46676E+02  0.32042E+03  0.24167E+02  0.16777E+02  0.22254E+03      298.00
  0.57364E-01  0.65004E+03   -0.39000E-01 -0.39000E-01  0.78000E-01  0.00000E+00  0.00000E+00  0.00000E+00   -0.27438E+03 -0.46547E+02  0.32093E+03  0.24030E+02  0.16730E+02  0.22309E+03      298.00
  0.57734E-01  0.65049E+03   -0.39250E-01 -0.39250E-01  0.78500E-01  0.00000E+00  0.00000E+00  0.00000E+00   -0.27449E+03 -0.46741E+02  0.32123E+03  0.24207E+02  0.16815E+02  0.22320E+03      298.00
  0.58104E-01  0.65179E+03   -0.39500E-01 -0.39500E-01  0.79000E-01  0.00000E+00  0.00000E+00  0.00000E+00   -0.27512E+03 -0.46617E+02  0.32174E+03  0.24073E+02  0.16769E+02  0.22374E+03      298.00
  0.58475E-01  0.65285E+03   -0.39750E-01 -0.39750E-01  0.79500E-01  0.00000E+00  0.00000E+00  0.00000E+00   -0.27563E+03 -0.46559E+02  0.32219E+03  0.24041E+02  0.16777E+02  0.22414E+03      298.00
  0.58845E-01  0.65356E+03   -0.40000E-01 -0.40000E-01  0.80000E-01  0.00000E+00  0.00000E+00  0.00000E+00   -0.27594E+03 -0.46603E+02  0.32254E+03  0.24077E+02  0.16809E+02  0.22437E+03      298.00
  0.59215E-01  0.65451E+03   -0.40250E-01 -0.40250E-01  0.80500E-01  0.00000E+00  0.00000E+00  0.00000E+00   -0.27634E+03 -0.46625E+02  0.32296E+03  0.24094E+02  0.16826E+02  0.22474E+03      298.00
  0.59585E-01  0.65526E+03   -0.40500E-01 -0.40500E-01  0.81000E-01  0.00000E+00  0.00000E+00  0.00000E+00   -0.27666E+03 -0.46671E+02  0.32333E+03  0.24113E+02  0.16844E+02  0.22501E+03      298.00
  0.59955E-01  0.65615E+03   -0.40750E-01 -0.40750E-01  0.81500E-01  0.00000E+00  0.00000E+00  0.00000E+00   -0.27703E+03 -0.46703E+02  0.32373E+03  0.24137E+02  0.16865E+02  0.22534E+03      298.00
  0.60325E-01  0.65692E+03   -0.41000E-01 -0.41000E-01  0.82000E-01  0.00000E+00  0.00000E+00  0.00000E+00   -0.27735E+03 -0.46745E+02  0.32410E+03  0.24153E+02  0.16881E+02  0.22562E+03      298.00
  0.60695E-01  0.65776E+03   -0.41250E-01 -0.41250E-01  0.82500E-01  0.00000E+00  0.00000E+00  0.00000E+00   -0.27771E+03 -0.46782E+02  0.32449E+03  0.24177E+02  0.16902E+02  0.22593E+03      298.00
  0.61065E-01  0.65854E+03   -0.41500E-01 -0.41500E-01  0.83000E-01  0.00000E+00  0.00000E+00  0.00000E+00   -0.27803E+03 -0.46823E+02  0.32486E+03  0.24193E+02  0.16918E+02  0.22621E+03      298.00
  0.61435E-01  0.65935E+03   -0.41750E-01 -0.41750E-01  0.83500E-01  0.00000E+00  0.00000E+00  0.00000E+00   -0.27838E+03 -0.46862E+02  0.32524E+03  0.24216E+02  0.16938E+02  0.22651E+03      298.00
  0.61805E-01  0.66012E+03   -0.42000E-01 -0.42000E-01  0.84000E-01  0.00000E+00  0.00000E+00  0.00000E+00   -0.27870E+03 -0.46904E+02  0.32560E+03  0.24233E+02  0.16954E+02  0.22679E+03      298.00
  0.62175E-01  0.66091E+03   -0.42250E-01 -0.42250E-01  0.84500E-01  0.00000E+00  0.00000E+00  0.00000E+00   -0.27903E+03 -0.46945E+02  0.32598E+03  0.24253E+02  0.16973E+02  0.22708E+03      298.00
  0.62545E-01  0.66167E+03   -0.42500E-01 -0.42500E-01  0.85000E-01  0.00000E+00  0.00000E+00  0.00000E+00   -0.27935E+03 -0.46987E+02  0.32634E+03  0.24270E+02  0.16989E+02  0.22735E+03      298.00
  0.62915E-01  0.66244E+03   -0.42750E-01 -0.42750E-01  0.85500E-01  0.00000E+00  0.00000E+00  0.00000E+00   -0.27967E+03 -0.47029E+02  0.32670E+03  0.24290E+02  0.17007E+02  0.22763E+03      298.00
  0.63285E-01  0.66319E+03   -0.43000E-01 -0.43000E-01  0.86000E-01  0.00000E+00  0.00000E+00  0.00000E+00   -0.27999E+03 -0.47072E+02  0.32706E+03  0.24307E+02  0.17024E+02  0.22789E+03      298.00
  0.63655E-01  0.66394E+03   -0.43250E-01 -0.43250E-01  0.86500E-01  0.00000E+00  0.00000E+00  0.00000E+00   -0.28030E+03 -0.47116E+02  0.32742E+03  0.24325E+02  0.17041E+02  0.22816E+03      298.00
  0.64024E-01  0.66467E+03   -0.43500E-01 -0.43500E-01  0.87000E-01  0.00000E+00  0.00000E+00  0.00000E+00   -0.28061E+03 -0.47160E+02  0.32777E+03  0.24343E+02  0.17057E+02  0.22842E+03      298.00
  0.64394E-01  0.66540E+03   -0.43750E-01 -0.43750E-01  0.87500E-01  0.00000E+00  0.00000E+00  0.00000E+00   -0.28092E+03 -0.47205E+02  0.32813E+03  0.24360E+02  0.17074E+02  0.22869E+03      298.00
  0.64764E-01  0.66613E+03   -0.44000E-01 -0.44000E-01  0.88000E-01  0.00000E+00  0.00000E+00  0.00000E+00   -0.28122E+03 -0.47249E+02  0.32847E+03  0.24377E+02  0.17090E+02  0.22894E+03      298.00
  0.65134E-01  0.66684E+03   -0.44250E-01 -0.44250E-01  0.88500E-01  0.00000E+00  0.00000E+00  0.00000E+00   -0.28153E+03 -0.47295E+02  0.32882E+03  0.24394E+02  0.17107E+02  0.22919E+03      298.00
  0.65504E-01  0.66755E+03   -0.44500E-01 -0.44500E-01  0.89000E-01  0.00000E+00  0.00000E+00  0.00000E+00   -0.28182E+03 -0.47341E+02  0.32916E+03  0.24410E+02  0.17122E+02  0.22944E+03      298.00
  0.65874E-01  0.66825E+03   -0.44750E-01 -0.44750E-01  0.89500E-01  0.00000E+00  0.00000E+00  0.00000E+00   -0.28212E+03 -0.47388E+02  0.32951E+03  0.24427E+02  0.17138E+02  0.22969E+03      298.00
  0.66243E-01  0.66894E+03   -0.45000E-01 -0.45000E-01  0.90000E-01  0.00000E+00  0.00000E+00  0.00000E+00   -0.28241E+03 -0.47435E+02  0.32984E+03  0.24443E+02  0.17154E+02  0.22993E+03      298.00
  0.66613E-01  0.66963E+03   -0.45250E-01 -0.45250E-01  0.90500E-01  0.00000E+00  0.00000E+00  0.00000E+00   -0.28270E+03 -0.47482E+02  0.33018E+03  0.24459E+02  0.17170E+02  0.23017E+03      298.00
  0.66983E-01  0.67031E+03   -0.45500E-01 -0.45500E-01  0.91000E-01  0.00000E+00  0.00000E+00  0.00000E+00   -0.28299E+03 -0.47530E+02  0.33052E+03  0.24474E+02  0.17185E+02  0.23041E+03      298.00
  0.67353E-01  0.67098E+03   -0.45750E-01 -0.45750E-01  0.91500E-01  0.00000E+00  0.00000E+00  0.00000E+00   -0.28327E+03 -0.47579E+02  0.33085E+03  0.24490E+02  0.17200E+02  0.23064E+03      298.00
  0.67723E-01  0.67165E+03   -0.46000E-01 -0.46000E-01  0.92000E-01  0.00000E+00  0.00000E+00  0.00000E+00   -0.28355E+03 -0.47628E+02  0.33118E+03  0.24505E+02  0.17215E+02  0.23087E+03      298.00
  0.68092E-01  0.67231E+03   -0.46250E-01 -0.46250E-01  0.92500E-01  0.00000E+00  0.00000E+00  0.00000E+00   -0.28383E+03 -0.47677E+02  0.33150E+03  0.24520E+02  0.17230E+02  0.23110E+03      298.00
  0.68462E-01  0.67296E+03   -0.46500E-01 -0.46500E-01  0.93000E-01  0.00000E+00  0.00000E+00  0.00000E+00   -0.28410E+03 -0.47727E+02  0.33183E+03  0.24534E+02  0.17245E+02  0.23132E+03      298.00
  0.68832E-01  0.67360E+03   -0.46750E-01 -0.46750E-01  0.93500E-01  0.00000E+00  0.00000E+00  0.00000E+00   -0.28437E+03 -0.47777E+02  0.33215E+03  0.24549E+02  0.17259E+02  0.23154E+03      298.00
  0.69202E-01  0.67424E+03   -0.47000E-01 -0.47000E-01  0.94000E-01  0.00000E+00  0.00000E+00  0.00000E+00   -0.28464E+03 -0.47828E+02  0.33247E+03  0.24563E+02  0.17274E+02  0.23176E+03      298.00
  0.69572E-01  0.67488E+03   -0.47250E-01 -0.47250E-01  0.94500E-01  0.00000E+00  0.00000E+00  0.00000E+00   -0.28491E+03 -0.47879E+02  0.33279E+03  0.24577E+02  0.17288E+02  0.23197E+03      298.00
  0.69942E-01  0.67550E+03   -0.47500E-01 -0.47500E-01  0.95000E-01  0.00000E+00  0.00000E+00  0.00000E+00   -0.28517E+03 -0.47931E+02  0.33310E+03  0.24591E+02  0.17302E+02  0.23218E+03      298.00
  0.70311E-01  0.67612E+03   -0.47750E-01 -0.47750E-01  0.95500E-01  0.00000E+00  0.00000E+00  0.00000E+00   -0.28543E+03 -0.47983E+02  0.33341E+03  0.24604E+02  0.17316E+02  0.23239E+03      298.00
  0.70681E-01  0.67673E+03   -0.48000E-01 -0.48000E-01  0.96000E-01  0.00000E+00  0.00000E+00  0.00000E+00   -0.28569E+03 -0.48036E+02  0.33372E+03  0.24618E+02  0.17330E+02  0.23260E+03      298.00
  0.71051E-01  0.67734E+03   -0.48250E-01 -0.48250E-01  0.96500E-01  0.00000E+00  0.00000E+00  0.00000E+00   -0.28594E+03 -0.48088E+02  0.33403E+03  0.24631E+02  0.17343E+02  0.23280E+03      298.00
  0.71421E-01  0.67794E+03   -0.48500E-01 -0.48500E-01  0.97000E-01  0.00000E+00  0.00000E+00  0.00000E+00   -0.28620E+03 -0.48142E+02  0.33434E+03  0.24644E+02  0.17357E+02  0.23300E+03      298.00
  0.71791E-01  0.67853E+03   -0.48750E-01 -0.48750E-01  0.97500E-01  0.00000E+00  0.00000E+00  0.00000E+00   -0.28645E+03 -0.48196E+02  0.33464E+03  0.24656E+02  0.17370E+02  0.23319E+03      298.00
  0.72161E-01  0.67912E+03   -0.49000E-01 -0.49000E-01  0.98000E-01  0.00000E+00  0.00000E+00  0.00000E+00   -0.28669E+03 -0.48250E+02  0.33494E+03  0.24669E+02  0.17383E+02  0.23339E+03      298.00
  0.72531E-01  0.67970E+03   -0.49250E-01 -0.49250E-01  0.98500E-01  0.00000E+00  0.00000E+00  0.00000E+00   -0.28694E+03 -0.48304E+02  0.33524E+03  0.24681E+02  0.17396E+02  0.23358E+03      298.00
  0.72901E-01  0.68028E+03   -0.49500E-01 -0.49500E-01  0.99000E-01  0.00000E+00  0.00000E+00  0.00000E+00   -0.28718E+03 -0.48359E+02  0.33554E+03  0.24693E+02  0.17409E+02  0.23377E+03      298.00
  0.73271E-01  0.68085E+03   -0.49750E-01 -0.49750E-01  0.99500E-01  0.00000E+00  0.00000E+00  0.00000E+00   -0.28742E+03 -0.48415E+02  0.33584E+03  0.24705E+02  0.17422E+02  0.23395E+03      298.00
  0.73640E-01  0.68141E+03   -0.50000E-01 -0.50000E-01  0.10000E+00  0.00000E+00  0.00000E+00  0.00000E+00   -0.28766E+03 -0.48470E+02  0.33613E+03  0.24716E+02  0.17435E+02  0.23413E+03      298.00
          Evm          Svm            E11          E22          E33          E23          E13          E12         SDEV11       SDEV22       SDEV33       SDEV23       SDEV13       SDEV12      TEMP
  0.73640E-01  0.68128E+03   -0.50000E-01 -0.50000E-01  0.10000E+00  0.00000E+00  0.00000E+00  0.00000E+00   -0.28746E+03 -0.48635E+02  0.33610E+03  0.24783E+02  0.17430E+02  0.23413E+03      298.00
  0.74010E-01  0.68206E+03   -0.50250E-01 -0.50250E-01  0.10050E+00  0.00000E+00  0.00000E+00  0.00000E+00   -0.28790E+03 -0.48545E+02  0.33645E+03  0.24708E+02  0.17427E+02  0.23438E+03      298.00
  0.74380E-01  0.68273E+03   -0.50500E-01 -0.50500E-01  0.10100E+00  0.00000E+00  0.00000E+00  0.00000E+00   -0.28826E+03 -0.48511E+02  0.33677E+03  0.24682E+02  0.17443E+02  0.23458E+03      298.00
  0.74750E-01  0.68246E+03   -0.50750E-01 -0.50750E-01  0.10150E+00  0.00000E+00  0.00000E+00  0.00000E+00   -0.28810E+03 -0.48598E+02  0.33669E+03  0.24751E+02  0.17464E+02  0.23446E+03      298.00
  0.75120E-01  0.68325E+03   -0.51000E-01 -0.51000E-01  0.10200E+00  0.00000E+00  0.00000E+00  0.00000E+00   -0.28847E+03 -0.48765E+02  0.33723E+03  0.24786E+02  0.17498E+02  0.23458E+03      298.00
  0.75491E-01  0.68433E+03   -0.51250E-01 -0.51250E-01  0.10250E+00  0.00000E+00  0.00000E+00  0.00000E+00   -0.28874E+03 -0.48875E+02  0.33762E+03  0.24815E+02  0.17482E+02  0.23518E+03      298.00
  0.75861E-01  0.68466E+03   -0.51500E-01 -0.51500E-01  0.10300E+00  0.00000E+00  0.00000E+00  0.00000E+00   -0.28900E+03 -0.48840E+02  0.33784E+03  0.24759E+02  0.17485E+02  0.23519E+03      298.00
  0.76231E-01  0.68521E+03   -0.51750E-01 -0.51750E-01  0.10350E+00  0.00000E+00  0.00000E+00  0.00000E+00   -0.28925E+03 -0.48881E+02  0.33813E+03  0.24808E+02  0.17527E+02  0.23534E+03      298.00
  0.76601E-01  0.68571E+03   -0.52000E-01 -0.52000E-01  0.10400E+00  0.00000E+00  0.00000E+00  0.00000E+00   -0.28947E+03 -0.48930E+02  0.33840E+03  0.24792E+02  0.17524E+02  0.23550E+03      298.00
  0.76971E-01  0.68624E+03   -0.52250E-01 -0.52250E-01  0.10450E+00  0.00000E+00  0.00000E+00  0.00000E+00   -0.28969E+03 -0.48992E+02  0.33868E+03  0.24818E+02  0.17546E+02  0.23566E+03      298.00
  0.77341E-01  0.68673E+03   -0.52500E-01 -0.52500E-01  0.10500E+00  0.00000E+00  0.00000E+00  0.00000E+00   -0.28990E+03 -0.49048E+02  0.33895E+03  0.24817E+02  0.17551E+02  0.23581E+03      298.00
  0.77711E-01  0.68724E+03   -0.52750E-01 -0.52750E-01  0.10550E+00  0.00000E+00  0.00000E+00  0.00000E+00   -0.29012E+03 -0.49110E+02  0.33923E+03  0.24833E+02  0.17566E+02  0.23597E+03      298.00
  0.78081E-01  0.68773E+03   -0.53000E-01 -0.53000E-01  0.10600E+00  0.00000E+00  0.00000E+00  0.00000E+00   -0.29032E+03 -0.49169E+02  0.33949E+03  0.24838E+02  0.17574E+02  0.23612E+03      298.00
  0.78452E-01  0.68823E+03   -0.53250E-01 -0.53250E-01  0.10650E+00  0.00000E+00  0.00000E+00  0.00000E+00   -0.29054E+03 -0.49231E+02  0.33977E+03  0.24850E+02  0.17587E+02  0.23627E+03      298.00
  0.78822E-01  0.68871E+03   -0.53500E-01 -0.53500E-01  0.10700E+00  0.00000E+00  0.00000E+00  0.00000E+00   -0.29074E+03 -0.49290E+02  0.34003E+03  0.24857E+02  0.17597E+02  0.23641E+03      298.00
  0.79192E-01  0.68920E+03   -0.53750E-01 -0.53750E-01  0.10750E+00  0.00000E+00  0.00000E+00  0.00000E+00   -0.29094E+03 -0.49353E+02  0.34030E+03  0.24867E+02  0.17608E+02  0.23656E+03      298.00
  0.79563E-01  0.68967E+03   -0.54000E-01 -0.54000E-01  0.10800E+00  0.00000E+00  0.00000E+00  0.00000E+00   -0.29114E+03 -0.49413E+02  0.34056E+03  0.24875E+02  0.17618E+02  0.23670E+03      298.00
  0.79933E-01  0.69015E+03   -0.54250E-01 -0.54250E-01  0.10850E+00  0.00000E+00  0.00000E+00  0.00000E+00   -0.29134E+03 -0.49476E+02  0.34082E+03  0.24883E+02  0.17629E+02  0.23684E+03      298.00
  0.80303E-01  0.69061E+03   -0.54500E-01 -0.54500E-01  0.10900E+00  0.00000E+00  0.00000E+00  0.00000E+00   -0.29154E+03 -0.49537E+02  0.34108E+03  0.24891E+02  0.17639E+02  0.23698E+03      298.00
  0.80674E-01  0.69107E+03   -0.54750E-01 -0.54750E-01  0.10950E+00  0.00000E+00  0.00000E+00  0.00000E+00   -0.29174E+03 -0.49601E+02  0.34134E+03  0.24899E+02  0.17649E+02  0.23711E+03      298.00
  0.81044E-01  0.69153E+03   -0.55000E-01 -0.55000E-01  0.11000E+00  0.00000E+00  0.00000E+00  0.00000E+00   -0.29193E+03 -0.49663E+02  0.34159E+03  0.24907E+02  0.17659E+02  0.23725E+03      298.00
  0.81415E-01  0.69198E+03   -0.55250E-01 -0.55250E-01  0.11050E+00  0.00000E+00  0.00000E+00  0.00000E+00   -0.29212E+03 -0.49726E+02  0.34185E+03  0.24915E+02  0.17669E+02  0.23738E+03      298.00
  0.81785E-01  0.69243E+03   -0.55500E-01 -0.55500E-01  0.11100E+00  0.00000E+00  0.00000E+00  0.00000E+00   -0.29231E+03 -0.49789E+02  0.34210E+03  0.24922E+02  0.17679E+02  0.23751E+03      298.00
  0.82156E-01  0.69287E+03   -0.55750E-01 -0.55750E-01  0.11150E+00  0.00000E+00  0.00000E+00  0.00000E+00   -0.29250E+03 -0.49853E+02  0.34235E+03  0.24929E+02  0.17689E+02  0.23763E+03      298.00
  0.82526E-01  0.69331E+03   -0.56000E-01 -0.56000E-01  0.11200E+00  0.00000E+00  0.00000E+00  0.00000E+00   -0.29268E+03 -0.49917E+02  0.34260E+03  0.24936E+02  0.17699E+02  0.23776E+03      298.00
  0.82897E-01  0.69375E+03   -0.56250E-01 -0.56250E-01  0.11250E+00  0.00000E+00  0.00000E+00  0.00000E+00   -0.29287E+03 -0.49982E+02  0.34285E+03  0.24943E+02  0.17708E+02  0.23788E+03      298.00
  0.83267E-01  0.69418E+03   -0.56500E-01 -0.56500E-01  0.11300E+00  0.00000E+00  0.00000E+00  0.00000E+00   -0.29305E+03 -0.50046E+02  0.34309E+03  0.24950E+02  0.17718E+02  0.23800E+03      298.00
  0.83638E-01  0.69507E+03   -0.56750E-01 -0.56750E-01  0.11350E+00  0.00000E+00  0.00000E+00  0.00000E+00   -0.29346E+03 -0.50054E+02  0.34351E+03  0.24912E+02  0.17723E+02  0.23832E+03      298.00
  0.84009E-01  0.69460E+03   -0.57000E-01 -0.57000E-01  0.11400E+00  0.00000E+00  0.00000E+00  0.00000E+00   -0.29323E+03 -0.50111E+02  0.34334E+03  0.24957E+02  0.17727E+02  0.23812E+03      298.00
  0.84380E-01  0.69553E+03   -0.57250E-01 -0.57250E-01  0.11450E+00  0.00000E+00  0.00000E+00  0.00000E+00   -0.29368E+03 -0.50073E+02  0.34376E+03  0.24895E+02  0.17729E+02  0.23845E+03      298.00
  0.84750E-01  0.69543E+03   -0.57500E-01 -0.57500E-01  0.11500E+00  0.00000E+00  0.00000E+00  0.00000E+00   -0.29363E+03 -0.50355E+02  0.34398E+03  0.25019E+02  0.17777E+02  0.23818E+03      298.00
  0.85121E-01  0.69592E+03   -0.57750E-01 -0.57750E-01  0.11550E+00  0.00000E+00  0.00000E+00  0.00000E+00   -0.29370E+03 -0.50509E+02  0.34421E+03  0.25058E+02  0.17773E+02  0.23842E+03      298.00
  0.85492E-01  0.69682E+03   -0.58000E-01 -0.58000E-01  0.11600E+00  0.00000E+00  0.00000E+00  0.00000E+00   -0.29414E+03 -0.50448E+02  0.34459E+03  0.24969E+02  0.17759E+02  0.23878E+03      298.00
  0.85863E-01  0.69662E+03   -0.58250E-01 -0.58250E-01  0.11650E+00  0.00000E+00  0.00000E+00  0.00000E+00   -0.29403E+03 -0.50493E+02  0.34453E+03  0.25002E+02  0.17766E+02  0.23868E+03      298.00
  0.86234E-01  0.69771E+03   -0.58500E-01 -0.58500E-01  0.11700E+00  0.00000E+00  0.00000E+00  0.00000E+00   -0.29457E+03 -0.50458E+02  0.34503E+03  0.24936E+02  0.17774E+02  0.23906E+03      298.00
  0.86605E-01  0.69800E+03   -0.58750E-01 -0.58750E-01  0.11750E+00  0.00000E+00  0.00000E+00  0.00000E+00   -0.29476E+03 -0.50521E+02  0.34528E+03  0.24944E+02  0.17797E+02  0.23902E+03      298.00
  0.86976E-01  0.69780E+03   -0.59000E-01 -0.59000E-01  0.11800E+00  0.00000E+00  0.00000E+00  0.00000E+00   -0.29463E+03 -0.50601E+02  0.34523E+03  0.25000E+02  0.17807E+02  0.23894E+03      298.00
  0.87347E-01  0.69886E+03   -0.59250E-01 -0.59250E-01  0.11850E+00  0.00000E+00  0.00000E+00  0.00000E+00   -0.29511E+03 -0.50611E+02  0.34572E+03  0.24960E+02  0.17819E+02  0.23932E+03      298.00
  0.87718E-01  0.69913E+03   -0.59500E-01 -0.59500E-01  0.11900E+00  0.00000E+00  0.00000E+00  0.00000E+00   -0.29526E+03 -0.50713E+02  0.34597E+03  0.24959E+02  0.17825E+02  0.23931E+03      298.00
  0.88089E-01  0.69895E+03   -0.59750E-01 -0.59750E-01  0.11950E+00  0.00000E+00  0.00000E+00  0.00000E+00   -0.29512E+03 -0.50793E+02  0.34592E+03  0.25014E+02  0.17834E+02  0.23923E+03      298.00
  0.88460E-01  0.69997E+03   -0.60000E-01 -0.60000E-01  0.12000E+00  0.00000E+00  0.00000E+00  0.00000E+00   -0.29558E+03 -0.50814E+02  0.34639E+03  0.24976E+02  0.17845E+02  0.23960E+03      298.00
  0.88831E-01  0.70024E+03   -0.60250E-01 -0.60250E-01  0.12050E+00  0.00000E+00  0.00000E+00  0.00000E+00   -0.29572E+03 -0.50921E+02  0.34664E+03  0.24975E+02  0.17850E+02  0.23958E+03      298.00
  0.89203E-01  0.70006E+03   -0.60500E-01 -0.60500E-01  0.12100E+00  0.00000E+00  0.00000E+00  0.00000E+00   -0.29559E+03 -0.50999E+02  0.34659E+03  0.25027E+02  0.17857E+02  0.23951E+03      298.00
  0.89574E-01  0.70102E+03   -0.60750E-01 -0.60750E-01  0.12150E+00  0.00000E+00  0.00000E+00  0.00000E+00   -0.29602E+03 -0.51013E+02  0.34703E+03  0.24991E+02  0.17869E+02  0.23986E+03      298.00
  0.89945E-01  0.70156E+03   -0.61000E-01 -0.61000E-01  0.12200E+00  0.00000E+00  0.00000E+00  0.00000E+00   -0.29628E+03 -0.51208E+02  0.34748E+03  0.25000E+02  0.17881E+02  0.23989E+03      298.00
  0.90317E-01  0.70082E+03   -0.61250E-01 -0.61250E-01  0.12250E+00  0.00000E+00  0.00000E+00  0.00000E+00   -0.29591E+03 -0.51291E+02  0.34720E+03  0.25079E+02  0.17885E+02  0.23958E+03      298.00
  0.90688E-01  0.70155E+03   -0.61500E-01 -0.61500E-01  0.12300E+00  0.00000E+00  0.00000E+00  0.00000E+00   -0.29612E+03 -0.51498E+02  0.34762E+03  0.25130E+02  0.17899E+02  0.23983E+03      298.00
  0.91060E-01  0.70236E+03   -0.61750E-01 -0.61750E-01  0.12350E+00  0.00000E+00  0.00000E+00  0.00000E+00   -0.29649E+03 -0.51471E+02  0.34796E+03  0.25035E+02  0.17880E+02  0.24015E+03      298.00
  0.91431E-01  0.70218E+03   -0.62000E-01 -0.62000E-01  0.12400E+00  0.00000E+00  0.00000E+00  0.00000E+00   -0.29640E+03 -0.51509E+02  0.34791E+03  0.25066E+02  0.17886E+02  0.24007E+03      298.00
  0.91803E-01  0.70305E+03   -0.62250E-01 -0.62250E-01  0.12450E+00  0.00000E+00  0.00000E+00  0.00000E+00   -0.29682E+03 -0.51501E+02  0.34832E+03  0.25015E+02  0.17898E+02  0.24035E+03      298.00
  0.92175E-01  0.70334E+03   -0.62500E-01 -0.62500E-01  0.12500E+00  0.00000E+00  0.00000E+00  0.00000E+00   -0.29701E+03 -0.51583E+02  0.34859E+03  0.25019E+02  0.17915E+02  0.24032E+03      298.00
