    STEP   AVACS   MODE1   MODE2   MODE3   MODE4
       1   5.000   0.472   0.528   0.000   0.000
       2   6.000   0.564   0.436   0.000   0.000
       3   6.000   0.645   0.355   0.000   0.000
       4   6.000   0.717   0.283   0.000   0.000
       5   4.000   0.776   0.224   0.000   0.000
       6   7.000   0.637   0.363   0.000   0.000
       7   8.000   0.514   0.486   0.000   0.000
       8  10.000   0.398   0.602   0.000   0.000
       9  12.000   0.284   0.716   0.000   0.000
      10  11.000   0.171   0.829   0.000   0.000
      11  10.000   0.073   0.927   0.000   0.000
      12   9.000   0.002   0.998   0.000   0.000
      13  10.000   0.000   1.000   0.000   0.000
      14  11.000   0.000   1.000   0.000   0.000
      15   9.000   0.000   1.000   0.000   0.000
      16   8.000   0.115   0.885   0.000   0.000
      17   6.000   0.252   0.748   0.000   0.000
      18   4.000   0.372   0.628   0.000   0.000
      19   5.000   0.472   0.528   0.000   0.000
      20   6.000   0.564   0.436   0.000   0.000
      21   6.000   0.645   0.355   0.000   0.000
      22   6.000   0.717   0.283   0.000   0.000
      23   4.000   0.776   0.224   0.000   0.000
      24   5.000   0.673   0.143   0.183   0.000
      25   6.000   0.580   0.096   0.324   0.000
      26   6.000   0.461   0.131   0.408   0.000
      27   6.000   0.357   0.219   0.425   0.000
      28   8.000   0.278   0.310   0.412   0.000
      29   8.000   0.201   0.402   0.397   0.000
      30   8.000   0.122   0.499   0.380   0.000
      31   8.000   0.039   0.601   0.360   0.000
      32   6.000   0.000   0.671   0.329   0.000
      33   5.000   0.016   0.715   0.270   0.000
      34   6.000   0.132   0.691   0.177   0.000
      35   5.000   0.244   0.664   0.091   0.000
      36   3.000   0.363   0.630   0.007   0.000
  STRAIN   AVACS   PRITW   SECTW   MODE1   MODE2   MODE3   MODE4   TWFR3   EFFR3   TWFR4   EFFR4
   0.000   5.000   0.000   0.000   0.472   0.528   0.000   0.000   0.000   0.000   0.000   0.000
   0.001   5.000   0.000   0.000   0.471   0.529   0.000   0.000   0.000   0.000   0.000   0.000
   0.001   5.000   0.000   0.000   0.471   0.529   0.000   0.000   0.000   0.000   0.000   0.000
   0.002   5.000   0.000   0.000   0.470   0.530   0.000   0.000   0.000   0.000   0.000   0.000
   0.002   5.000   0.000   0.000   0.470   0.530   0.000   0.000   0.000   0.000   0.000   0.000
   0.003   5.000   0.000   0.000   0.469   0.531   0.000   0.000   0.000   0.000   0.000   0.000
   0.003   5.000   0.000   0.000   0.468   0.532   0.000   0.000   0.000   0.000   0.000   0.000
   0.004   5.000   0.000   0.000   0.468   0.532   0.000   0.000   0.000   0.000   0.000   0.000
   0.004   5.000   0.000   0.000   0.468   0.532   0.000   0.000   0.000   0.000   0.000   0.000
   0.005   5.000   0.000   0.000   0.467   0.533   0.000   0.000   0.000   0.000   0.000   0.000
   0.005   5.000   0.000   0.000   0.467   0.533   0.000   0.000   0.000   0.000   0.000   0.000
   0.006   5.000   0.000   0.000   0.466   0.534   0.000   0.000   0.000   0.000   0.000   0.000
   0.006   5.000   0.000   0.000   0.466   0.534   0.000   0.000   0.000   0.000   0.000   0.000
   0.007   5.000   0.000   0.000   0.465   0.535   0.000   0.000   0.000   0.000   0.000   0.000
   0.007   5.000   0.000   0.000   0.465   0.535   0.000   0.000   0.000   0.000   0.000   0.000
   0.008   5.000   0.000   0.000   0.464   0.536   0.000   0.000   0.000   0.000   0.000   0.000
   0.008   5.000   0.000   0.000   0.464   0.536   0.000   0.000   0.000   0.000   0.000   0.000
   0.009   5.000   0.000   0.000   0.464   0.536   0.000   0.000   0.000   0.000   0.000   0.000
   0.009   5.000   0.000   0.000   0.463   0.537   0.000   0.000   0.000   0.000   0.000   0.000
   0.010   5.000   0.000   0.000   0.463   0.537   0.000   0.000   0.000   0.000   0.000   0.000
   0.010   5.000   0.000   0.000   0.463   0.537   0.000   0.000   0.000   0.000   0.000   0.000
   0.011   5.000   0.000   0.000   0.462   0.538   0.000   0.000   0.000   0.000   0.000   0.000
   0.011   5.000   0.000   0.000   0.462   0.538   0.000   0.000   0.000   0.000   0.000   0.000
   0.012   5.000   0.000   0.000   0.462   0.538   0.000   0.000   0.000   0.000   0.000   0.000
   0.012   5.000   0.000   0.000   0.462   0.538   0.000   0.000   0.000   0.000   0.000   0.000
   0.013   5.000   0.000   0.000   0.461   0.539   0.000   0.000   0.000   0.000   0.000   0.000
   0.013   5.000   0.000   0.000   0.461   0.539   0.000   0.000   0.000   0.000   0.000   0.000
   0.014   5.000   0.000   0.000   0.461   0.539   0.000   0.000   0.000   0.000   0.000   0.000
   0.014   5.000   0.000   0.000   0.460   0.540   0.000   0.000   0.000   0.000   0.000   0.000
   0.015   5.000   0.000   0.000   0.460   0.540   0.000   0.000   0.000   0.000   0.000   0.000
   0.015   5.000   0.000   0.000   0.460   0.540   0.000   0.000   0.000   0.000   0.000   0.000
   0.016   5.000   0.000   0.000   0.460   0.540   0.000   0.000   0.000   0.000   0.000   0.000
   0.016   5.000   0.000   0.000   0.459   0.541   0.000   0.000   0.000   0.000   0.000   0.000
   0.017   5.000   0.000   0.000   0.459   0.541   0.000   0.000   0.000   0.000   0.000   0.000
   0.017   5.000   0.000   0.000   0.459   0.541   0.000   0.000   0.000   0.000   0.000   0.000
   0.018   5.000   0.000   0.000   0.458   0.542   0.000   0.000   0.000   0.000   0.000   0.000
   0.018   5.000   0.000   0.000   0.458   0.542   0.000   0.000   0.000   0.000   0.000   0.000
   0.019   5.000   0.000   0.000   0.458   0.542   0.000   0.000   0.000   0.000   0.000   0.000
   0.019   5.000   0.000   0.000   0.458   0.542   0.000   0.000   0.000   0.000   0.000   0.000
   0.020   5.000   0.000   0.000   0.457   0.543   0.000   0.000   0.000   0.000   0.000   0.000
   0.020   5.000   0.000   0.000   0.457   0.543   0.000   0.000   0.000   0.000   0.000   0.000
   0.021   5.000   0.000   0.000   0.457   0.543   0.000   0.000   0.000   0.000   0.000   0.000
   0.021   5.000   0.000   0.000   0.456   0.544   0.000   0.000   0.000   0.000   0.000   0.000
   0.022   5.000   0.000   0.000   0.456   0.544   0.000   0.000   0.000   0.000   0.000   0.000
   0.022   5.000   0.000   0.000   0.456   0.544   0.000   0.000   0.000   0.000   0.000   0.000
   0.023   5.000   0.000   0.000   0.456   0.544   0.000   0.000   0.000   0.000   0.000   0.000
   0.023   6.000   0.000   0.000   0.456   0.544   0.000   0.000   0.000   0.000   0.000   0.000
   0.024   6.000   0.000   0.000   0.455   0.545   0.000   0.000   0.000   0.000   0.000   0.000
   0.024   6.000   0.000   0.000   0.455   0.545   0.000   0.000   0.000   0.000   0.000   0.000
   0.025   6.000   0.000   0.000   0.455   0.545   0.000   0.000   0.000   0.000   0.000   0.000
   0.025   6.000   0.000   0.000   0.454   0.546   0.000   0.000   0.000   0.000   0.000   0.000
    STEP   AVACS   MODE1   MODE2   MODE3   MODE4
       1   6.000   0.454   0.546   0.000   0.000
       2   6.000   0.546   0.454   0.000   0.000
       3   6.000   0.628   0.372   0.000   0.000
       4   7.000   0.700   0.300   0.000   0.000
       5   5.000   0.765   0.235   0.000   0.000
       6   7.000   0.628   0.369   0.000   0.003
       7   8.000   0.501   0.495   0.000   0.004
       8   9.000   0.380   0.615   0.000   0.005
       9   9.000   0.259   0.736   0.000   0.006
      10   9.000   0.140   0.854   0.000   0.006
      11   9.000   0.043   0.951   0.000   0.006
      12   8.000   0.000   0.994   0.000   0.006
      13   8.000   0.000   0.993   0.000   0.007
      14   8.000   0.000   0.993   0.000   0.007
      15   8.000   0.000   0.994   0.000   0.006
      16   6.000   0.085   0.911   0.000   0.005
      17   5.000   0.232   0.765   0.000   0.003
      18   4.000   0.346   0.654   0.000   0.000
      19   6.000   0.455   0.545   0.000   0.000
      20   6.000   0.546   0.454   0.000   0.000
      21   6.000   0.628   0.372   0.000   0.000
      22   7.000   0.700   0.300   0.000   0.000
      23   5.000   0.765   0.235   0.000   0.000
      24   5.000   0.675   0.140   0.185   0.000
      25   6.000   0.583   0.085   0.332   0.000
      26   4.000   0.459   0.122   0.419   0.000
      27   6.000   0.361   0.222   0.417   0.000
      28   6.000   0.291   0.314   0.395   0.000
      29   6.000   0.223   0.407   0.371   0.000
      30   6.000   0.151   0.504   0.345   0.000
      31   6.000   0.074   0.610   0.317   0.000
      32   5.000   0.002   0.715   0.283   0.000
      33   5.000   0.018   0.760   0.222   0.000
      34   7.000   0.136   0.733   0.131   0.000
      35   5.000   0.242   0.715   0.044   0.000
      36   4.000   0.346   0.654   0.000   0.000
  STRAIN   AVACS   PRITW   SECTW   MODE1   MODE2   MODE3   MODE4   TWFR3   EFFR3   TWFR4   EFFR4
   0.025   6.000   0.000   0.000   0.454   0.546   0.000   0.000   0.000   0.000   0.000   0.000
   0.026   6.000   0.000   0.000   0.454   0.546   0.000   0.000   0.000   0.000   0.000   0.000
   0.026   6.000   0.000   0.000   0.454   0.546   0.000   0.000   0.000   0.000   0.000   0.000
   0.027   6.000   0.000   0.000   0.454   0.546   0.000   0.000   0.000   0.000   0.000   0.000
   0.027   6.000   0.000   0.000   0.453   0.547   0.000   0.000   0.000   0.000   0.000   0.000
   0.028   6.000   0.000   0.000   0.453   0.547   0.000   0.000   0.000   0.000   0.000   0.000
   0.028   6.000   0.000   0.000   0.453   0.547   0.000   0.000   0.000   0.000   0.000   0.000
   0.029   6.000   0.000   0.000   0.453   0.547   0.000   0.000   0.000   0.000   0.000   0.000
   0.029   6.000   0.000   0.000   0.452   0.548   0.000   0.000   0.000   0.000   0.000   0.000
   0.030   6.000   0.000   0.000   0.452   0.548   0.000   0.000   0.000   0.000   0.000   0.000
   0.030   6.000   0.000   0.000   0.452   0.548   0.000   0.000   0.000   0.000   0.000   0.000
   0.031   6.000   0.000   0.000   0.451   0.549   0.000   0.000   0.000   0.000   0.000   0.000
   0.031   6.000   0.000   0.000   0.451   0.549   0.000   0.000   0.000   0.000   0.000   0.000
   0.032   6.000   0.000   0.000   0.451   0.549   0.000   0.000   0.000   0.000   0.000   0.000
   0.032   6.000   0.000   0.000   0.451   0.549   0.000   0.000   0.000   0.000   0.000   0.000
   0.033   6.000   0.000   0.000   0.450   0.550   0.000   0.000   0.000   0.000   0.000   0.000
   0.033   6.000   0.000   0.000   0.450   0.550   0.000   0.000   0.000   0.000   0.000   0.000
   0.034   6.000   0.000   0.000   0.450   0.550   0.000   0.000   0.000   0.000   0.000   0.000
   0.034   6.000   0.000   0.000   0.450   0.550   0.000   0.000   0.000   0.000   0.000   0.000
   0.035   6.000   0.000   0.000   0.449   0.551   0.000   0.000   0.000   0.000   0.000   0.000
   0.035   6.000   0.000   0.000   0.449   0.551   0.000   0.000   0.000   0.000   0.000   0.000
   0.036   6.000   0.000   0.000   0.449   0.551   0.000   0.000   0.000   0.000   0.000   0.000
   0.036   6.000   0.000   0.000   0.448   0.552   0.000   0.000   0.000   0.000   0.000   0.000
   0.037   6.000   0.000   0.000   0.448   0.552   0.000   0.000   0.000   0.000   0.000   0.000
   0.037   6.000   0.000   0.000   0.448   0.552   0.000   0.000   0.000   0.000   0.000   0.000
   0.038   6.000   0.000   0.000   0.448   0.552   0.000   0.000   0.000   0.000   0.000   0.000
   0.038   6.000   0.000   0.000   0.447   0.553   0.000   0.000   0.000   0.000   0.000   0.000
   0.039   6.000   0.000   0.000   0.447   0.553   0.000   0.000   0.000   0.000   0.000   0.000
   0.039   6.000   0.000   0.000   0.447   0.553   0.000   0.000   0.000   0.000   0.000   0.000
   0.040   6.000   0.000   0.000   0.447   0.553   0.000   0.000   0.000   0.000   0.000   0.000
   0.040   6.000   0.000   0.000   0.446   0.554   0.000   0.000   0.000   0.000   0.000   0.000
   0.041   6.000   0.000   0.000   0.446   0.554   0.000   0.000   0.000   0.000   0.000   0.000
   0.041   6.000   0.000   0.000   0.446   0.554   0.000   0.000   0.000   0.000   0.000   0.000
   0.042   6.000   0.000   0.000   0.445   0.555   0.000   0.000   0.000   0.000   0.000   0.000
   0.042   6.000   0.000   0.000   0.445   0.555   0.000   0.000   0.000   0.000   0.000   0.000
   0.043   6.000   0.000   0.000   0.445   0.555   0.000   0.000   0.000   0.000   0.000   0.000
   0.043   6.000   0.000   0.000   0.445   0.555   0.000   0.000   0.000   0.000   0.000   0.000
   0.044   6.000   0.000   0.000   0.444   0.556   0.000   0.000   0.000   0.000   0.000   0.000
   0.044   6.000   0.000   0.000   0.444   0.556   0.000   0.000   0.000   0.000   0.000   0.000
   0.045   6.000   0.000   0.000   0.444   0.556   0.000   0.000   0.000   0.000   0.000   0.000
   0.045   6.000   0.000   0.000   0.443   0.557   0.000   0.000   0.000   0.000   0.000   0.000
   0.046   6.000   0.000   0.000   0.443   0.557   0.000   0.000   0.000   0.000   0.000   0.000
   0.046   6.000   0.000   0.000   0.443   0.557   0.000   0.000   0.000   0.000   0.000   0.000
   0.047   6.000   0.000   0.000   0.443   0.557   0.000   0.000   0.000   0.000   0.000   0.000
   0.047   6.000   0.000   0.000   0.442   0.558   0.000   0.000   0.000   0.000   0.000   0.000
   0.048   6.000   0.000   0.000   0.442   0.558   0.000   0.000   0.000   0.000   0.000   0.000
   0.048   6.000   0.000   0.000   0.442   0.558   0.000   0.000   0.000   0.000   0.000   0.000
   0.049   6.000   0.000   0.000   0.441   0.559   0.000   0.000   0.000   0.000   0.000   0.000
   0.049   6.000   0.000   0.000   0.441   0.559   0.000   0.000   0.000   0.000   0.000   0.000
   0.050   6.000   0.000   0.000   0.441   0.559   0.000   0.000   0.000   0.000   0.000   0.000
   0.050   6.000   0.000   0.000   0.441   0.559   0.000   0.000   0.000   0.000   0.000   0.000
    STEP   AVACS   MODE1   MODE2   MODE3   MODE4
       1   6.000   0.441   0.559   0.000   0.000
       2   6.000   0.533   0.467   0.000   0.000
       3   6.000   0.615   0.385   0.000   0.000
       4   7.000   0.691   0.309   0.000   0.000
       5   5.000   0.760   0.240   0.000   0.000
       6   7.000   0.630   0.329   0.000   0.041
       7  10.000   0.508   0.429   0.000   0.063
       8  11.000   0.390   0.534   0.000   0.076
       9  11.000   0.272   0.643   0.000   0.085
      10  11.000   0.157   0.754   0.000   0.089
      11  11.000   0.067   0.845   0.000   0.088
      12  10.000   0.003   0.910   0.000   0.087
      13  11.000   0.000   0.908   0.000   0.092
      14   9.000   0.000   0.906   0.000   0.094
      15   8.000   0.000   0.911   0.000   0.089
      16   6.000   0.084   0.855   0.000   0.061
      17   4.000   0.237   0.761   0.000   0.002
      18   5.000   0.332   0.668   0.000   0.000
      19   6.000   0.441   0.559   0.000   0.000
      20   6.000   0.533   0.467   0.000   0.000
      21   6.000   0.615   0.385   0.000   0.000
      22   7.000   0.691   0.309   0.000   0.000
      23   5.000   0.760   0.240   0.000   0.000
      24   5.000   0.677   0.140   0.183   0.000
      25   6.000   0.585   0.078   0.337   0.000
      26   4.000   0.461   0.122   0.417   0.000
      27   5.000   0.381   0.222   0.397   0.000
      28   6.000   0.320   0.315   0.365   0.000
      29   7.000   0.259   0.407   0.334   0.000
      30   7.000   0.196   0.502   0.302   0.000
      31   7.000   0.127   0.607   0.266   0.000
      32   6.000   0.046   0.729   0.224   0.000
      33   5.000   0.012   0.822   0.166   0.000
      34   6.000   0.136   0.784   0.080   0.000
      35   4.000   0.238   0.761   0.001   0.000
      36   5.000   0.332   0.668   0.000   0.000
  STRAIN   AVACS   PRITW   SECTW   MODE1   MODE2   MODE3   MODE4   TWFR3   EFFR3   TWFR4   EFFR4
   0.050   6.000   0.000   0.000   0.441   0.559   0.000   0.000   0.000   0.000   0.000   0.000
   0.051   6.000   0.000   0.000   0.440   0.560   0.000   0.000   0.000   0.000   0.000   0.000
   0.051   6.000   0.000   0.000   0.440   0.560   0.000   0.000   0.000   0.000   0.000   0.000
   0.052   6.000   0.000   0.000   0.440   0.560   0.000   0.000   0.000   0.000   0.000   0.000
   0.052   6.000   0.000   0.000   0.439   0.561   0.000   0.000   0.000   0.000   0.000   0.000
   0.053   6.000   0.000   0.000   0.439   0.561   0.000   0.000   0.000   0.000   0.000   0.000
   0.053   6.000   0.000   0.000   0.439   0.561   0.000   0.000   0.000   0.000   0.000   0.000
   0.054   6.000   0.000   0.000   0.439   0.561   0.000   0.000   0.000   0.000   0.000   0.000
   0.054   6.000   0.000   0.000   0.438   0.562   0.000   0.000   0.000   0.000   0.000   0.000
   0.055   6.000   0.000   0.000   0.438   0.562   0.000   0.000   0.000   0.000   0.000   0.000
   0.055   6.000   0.000   0.000   0.438   0.562   0.000   0.000   0.000   0.000   0.000   0.000
   0.056   6.000   0.000   0.000   0.437   0.563   0.000   0.000   0.000   0.000   0.000   0.000
   0.056   6.000   0.000   0.000   0.437   0.563   0.000   0.000   0.000   0.000   0.000   0.000
   0.057   6.000   0.000   0.000   0.437   0.563   0.000   0.000   0.000   0.000   0.000   0.000
   0.057   6.000   0.000   0.000   0.436   0.564   0.000   0.000   0.000   0.000   0.000   0.000
   0.058   6.000   0.000   0.000   0.436   0.564   0.000   0.000   0.000   0.000   0.000   0.000
   0.058   6.000   0.000   0.000   0.436   0.564   0.000   0.000   0.000   0.000   0.000   0.000
   0.059   6.000   0.000   0.000   0.436   0.564   0.000   0.000   0.000   0.000   0.000   0.000
   0.059   6.000   0.000   0.000   0.435   0.565   0.000   0.000   0.000   0.000   0.000   0.000
   0.060   6.000   0.000   0.000   0.435   0.565   0.000   0.000   0.000   0.000   0.000   0.000
   0.060   6.000   0.000   0.000   0.435   0.565   0.000   0.000   0.000   0.000   0.000   0.000
   0.061   6.000   0.000   0.000   0.435   0.565   0.000   0.000   0.000   0.000   0.000   0.000
   0.061   6.000   0.000   0.000   0.434   0.566   0.000   0.000   0.000   0.000   0.000   0.000
   0.062   6.000   0.000   0.000   0.434   0.566   0.000   0.000   0.000   0.000   0.000   0.000
   0.062   6.000   0.000   0.000   0.434   0.566   0.000   0.000   0.000   0.000   0.000   0.000
   0.063   6.000   0.000   0.000   0.433   0.567   0.000   0.000   0.000   0.000   0.000   0.000
   0.063   6.000   0.000   0.000   0.433   0.567   0.000   0.000   0.000   0.000   0.000   0.000
   0.064   6.000   0.000   0.000   0.433   0.567   0.000   0.000   0.000   0.000   0.000   0.000
   0.064   6.000   0.000   0.000   0.433   0.567   0.000   0.000   0.000   0.000   0.000   0.000
   0.065   6.000   0.000   0.000   0.432   0.568   0.000   0.000   0.000   0.000   0.000   0.000
   0.065   6.000   0.000   0.000   0.432   0.568   0.000   0.000   0.000   0.000   0.000   0.000
   0.066   6.000   0.000   0.000   0.432   0.568   0.000   0.000   0.000   0.000   0.000   0.000
   0.066   6.000   0.000   0.000   0.431   0.569   0.000   0.000   0.000   0.000   0.000   0.000
   0.067   6.000   0.000   0.000   0.431   0.569   0.000   0.000   0.000   0.000   0.000   0.000
   0.067   6.000   0.000   0.000   0.431   0.569   0.000   0.000   0.000   0.000   0.000   0.000
   0.068   6.000   0.000   0.000   0.430   0.570   0.000   0.000   0.000   0.000   0.000   0.000
   0.068   6.000   0.000   0.000   0.430   0.570   0.000   0.000   0.000   0.000   0.000   0.000
   0.069   6.000   0.000   0.000   0.430   0.570   0.000   0.000   0.000   0.000   0.000   0.000
   0.069   6.000   0.000   0.000   0.430   0.570   0.000   0.000   0.000   0.000   0.000   0.000
   0.070   6.000   0.000   0.000   0.429   0.571   0.000   0.000   0.000   0.000   0.000   0.000
   0.070   6.000   0.000   0.000   0.429   0.571   0.000   0.000   0.000   0.000   0.000   0.000
   0.071   6.000   0.000   0.000   0.429   0.571   0.000   0.000   0.000   0.000   0.000   0.000
   0.071   6.000   0.000   0.000   0.428   0.572   0.000   0.000   0.000   0.000   0.000   0.000
   0.072   6.000   0.000   0.000   0.428   0.572   0.000   0.000   0.000   0.000   0.000   0.000
   0.072   6.000   0.000   0.000   0.428   0.572   0.000   0.000   0.000   0.000   0.000   0.000
   0.073   6.000   0.000   0.000   0.427   0.572   0.000   0.000   0.000   0.000   0.000   0.000
   0.073   6.000   0.000   0.000   0.427   0.573   0.000   0.000   0.000   0.000   0.000   0.000
   0.074   6.000   0.000   0.000   0.427   0.573   0.000   0.000   0.000   0.000   0.000   0.000
   0.074   6.000   0.000   0.000   0.427   0.573   0.000   0.000   0.000   0.000   0.000   0.000
   0.075   6.000   0.000   0.000   0.426   0.574   0.000   0.000   0.000   0.000   0.000   0.000
   0.075   6.000   0.000   0.000   0.426   0.574   0.000   0.000   0.000   0.000   0.000   0.000
    STEP   AVACS   MODE1   MODE2   MODE3   MODE4
       1   6.000   0.426   0.574   0.000   0.000
       2   6.000   0.518   0.482   0.000   0.000
       3   6.000   0.602   0.398   0.000   0.000
       4   7.000   0.680   0.320   0.000   0.000
       5   5.000   0.752   0.247   0.000   0.000
       6   7.000   0.632   0.265   0.000   0.102
       7   9.000   0.512   0.322   0.000   0.166
       8  10.000   0.396   0.407   0.000   0.196
       9  13.000   0.281   0.508   0.000   0.211
      10  13.000   0.171   0.615   0.000   0.214
      11  13.000   0.092   0.702   0.000   0.206
      12  12.000   0.028   0.775   0.000   0.196
      13  10.000   0.000   0.803   0.000   0.197
      14   9.000   0.000   0.804   0.000   0.196
      15   7.000   0.000   0.826   0.000   0.174
      16   5.000   0.099   0.861   0.000   0.039
      17   4.000   0.212   0.784   0.000   0.004
      18   5.000   0.319   0.681   0.000   0.000
      19   6.000   0.426   0.574   0.000   0.000
      20   6.000   0.518   0.482   0.000   0.000
      21   6.000   0.602   0.398   0.000   0.000
      22   7.000   0.680   0.320   0.000   0.000
      23   5.000   0.752   0.247   0.001   0.000
      24   5.000   0.677   0.143   0.180   0.000
      25   6.000   0.585   0.073   0.341   0.000
      26   5.000   0.465   0.124   0.411   0.000
      27   5.000   0.397   0.227   0.375   0.000
      28   7.000   0.340   0.325   0.336   0.000
      29   7.000   0.283   0.419   0.297   0.000
      30   7.000   0.225   0.516   0.258   0.000
      31   7.000   0.162   0.622   0.216   0.000
      32   7.000   0.088   0.745   0.167   0.000
      33   4.000   0.000   0.895   0.105   0.000
      34   5.000   0.133   0.843   0.024   0.000
      35   4.000   0.214   0.786   0.000   0.000
      36   5.000   0.319   0.681   0.000   0.000
  STRAIN   AVACS   PRITW   SECTW   MODE1   MODE2   MODE3   MODE4   TWFR3   EFFR3   TWFR4   EFFR4
   0.075   6.000   0.000   0.000   0.426   0.574   0.000   0.000   0.000   0.000   0.000   0.000
   0.076   6.000   0.000   0.000   0.426   0.574   0.000   0.000   0.000   0.000   0.000   0.000
   0.076   6.000   0.000   0.000   0.425   0.575   0.000   0.000   0.000   0.000   0.000   0.000
   0.077   6.000   0.000   0.000   0.425   0.575   0.000   0.000   0.000   0.000   0.000   0.000
   0.077   6.000   0.000   0.000   0.425   0.575   0.000   0.000   0.000   0.000   0.000   0.000
   0.078   6.000   0.000   0.000   0.424   0.575   0.000   0.000   0.000   0.000   0.000   0.000
   0.078   6.000   0.000   0.000   0.424   0.576   0.000   0.000   0.000   0.000   0.000   0.000
   0.079   6.000   0.000   0.000   0.424   0.576   0.000   0.000   0.000   0.000   0.000   0.000
   0.079   6.000   0.000   0.000   0.424   0.576   0.000   0.000   0.000   0.000   0.000   0.000
   0.080   6.000   0.000   0.000   0.423   0.577   0.000   0.000   0.000   0.000   0.000   0.000
   0.080   6.000   0.000   0.000   0.423   0.577   0.000   0.000   0.000   0.000   0.000   0.000
   0.081   6.000   0.000   0.000   0.423   0.577   0.000   0.000   0.000   0.000   0.000   0.000
   0.081   6.000   0.000   0.000   0.422   0.578   0.000   0.000   0.000   0.000   0.000   0.000
   0.082   6.000   0.000   0.000   0.422   0.578   0.000   0.000   0.000   0.000   0.000   0.000
   0.082   6.000   0.000   0.000   0.422   0.578   0.000   0.000   0.000   0.000   0.000   0.000
   0.083   6.000   0.000   0.000   0.421   0.578   0.000   0.000   0.000   0.000   0.000   0.000
   0.083   6.000   0.000   0.000   0.421   0.579   0.000   0.000   0.000   0.000   0.000   0.000
   0.084   6.000   0.000   0.000   0.421   0.579   0.000   0.000   0.000   0.000   0.000   0.000
   0.084   6.000   0.000   0.000   0.421   0.579   0.000   0.000   0.000   0.000   0.000   0.000
   0.085   6.000   0.000   0.000   0.420   0.580   0.000   0.000   0.000   0.000   0.000   0.000
   0.085   6.000   0.000   0.000   0.420   0.580   0.000   0.000   0.000   0.000   0.000   0.000
   0.086   6.000   0.000   0.000   0.420   0.580   0.000   0.000   0.000   0.000   0.000   0.000
   0.086   6.000   0.000   0.000   0.419   0.581   0.000   0.000   0.000   0.000   0.000   0.000
   0.087   6.000   0.000   0.000   0.419   0.581   0.000   0.000   0.000   0.000   0.000   0.000
   0.087   6.000   0.000   0.000   0.419   0.581   0.000   0.000   0.000   0.000   0.000   0.000
   0.088   6.000   0.000   0.000   0.418   0.581   0.000   0.000   0.000   0.000   0.000   0.000
   0.088   6.000   0.000   0.000   0.418   0.582   0.000   0.000   0.000   0.000   0.000   0.000
   0.089   6.000   0.000   0.000   0.418   0.582   0.000   0.000   0.000   0.000   0.000   0.000
   0.089   6.000   0.000   0.000   0.418   0.582   0.000   0.000   0.000   0.000   0.000   0.000
   0.090   6.000   0.000   0.000   0.417   0.583   0.000   0.000   0.000   0.000   0.000   0.000
   0.090   6.000   0.000   0.000   0.417   0.583   0.000   0.000   0.000   0.000   0.000   0.000
   0.091   6.000   0.000   0.000   0.416   0.584   0.000   0.000   0.000   0.000   0.000   0.000
   0.091   6.000   0.000   0.000   0.416   0.584   0.000   0.000   0.000   0.000   0.000   0.000
   0.092   6.000   0.000   0.000   0.416   0.584   0.000   0.000   0.000   0.000   0.000   0.000
   0.092   6.000   0.000   0.000   0.416   0.584   0.000   0.000   0.000   0.000   0.000   0.000
   0.093   6.000   0.000   0.000   0.415   0.585   0.000   0.000   0.000   0.000   0.000   0.000
   0.093   6.000   0.000   0.000   0.415   0.585   0.000   0.000   0.000   0.000   0.000   0.000
   0.094   6.000   0.000   0.000   0.415   0.585   0.000   0.000   0.000   0.000   0.000   0.000
   0.094   6.000   0.000   0.000   0.414   0.586   0.000   0.000   0.000   0.000   0.000   0.000
   0.095   6.000   0.000   0.000   0.414   0.586   0.000   0.000   0.000   0.000   0.000   0.000
   0.095   6.000   0.000   0.000   0.414   0.586   0.000   0.000   0.000   0.000   0.000   0.000
   0.096   6.000   0.000   0.000   0.413   0.587   0.000   0.000   0.000   0.000   0.000   0.000
   0.096   6.000   0.000   0.000   0.413   0.587   0.000   0.000   0.000   0.000   0.000   0.000
   0.097   6.000   0.000   0.000   0.413   0.587   0.000   0.000   0.000   0.000   0.000   0.000
   0.097   6.000   0.000   0.000   0.413   0.587   0.000   0.000   0.000   0.000   0.000   0.000
   0.098   6.000   0.000   0.000   0.412   0.588   0.000   0.000   0.000   0.000   0.000   0.000
   0.098   6.000   0.000   0.000   0.412   0.588   0.000   0.000   0.000   0.000   0.000   0.000
   0.099   6.000   0.000   0.000   0.411   0.589   0.000   0.000   0.000   0.000   0.000   0.000
   0.099   6.000   0.000   0.000   0.411   0.589   0.000   0.000   0.000   0.000   0.000   0.000
   0.100   6.000   0.000   0.000   0.411   0.589   0.000   0.000   0.000   0.000   0.000   0.000
   0.100   6.000   0.000   0.000   0.411   0.589   0.000   0.000   0.000   0.000   0.000   0.000
    STEP   AVACS   MODE1   MODE2   MODE3   MODE4
       1   6.000   0.411   0.589   0.000   0.000
       2   6.000   0.503   0.497   0.000   0.000
       3   6.000   0.587   0.413   0.000   0.000
       4   7.000   0.667   0.333   0.000   0.000
       5   5.000   0.743   0.256   0.000   0.000
       6   6.000   0.630   0.246   0.000   0.124
       7   8.000   0.512   0.279   0.000   0.209
       8   9.000   0.398   0.359   0.000   0.243
       9  13.000   0.285   0.463   0.000   0.253
      10  11.000   0.177   0.578   0.000   0.245
      11  12.000   0.106   0.667   0.000   0.227
      12  10.000   0.049   0.745   0.000   0.206
      13   8.000   0.003   0.815   0.000   0.182
      14   6.000   0.000   0.853   0.000   0.147
      15   5.000   0.000   0.950   0.000   0.050
      16   5.000   0.113   0.876   0.000   0.011
      17   4.000   0.187   0.809   0.000   0.004
      18   6.000   0.304   0.695   0.000   0.000
      19   6.000   0.411   0.589   0.000   0.000
      20   6.000   0.503   0.497   0.000   0.000
      21   6.000   0.587   0.413   0.000   0.000
      22   7.000   0.667   0.333   0.000   0.000
      23   5.000   0.742   0.256   0.002   0.000
      24   5.000   0.677   0.147   0.176   0.000
      25   6.000   0.586   0.069   0.345   0.000
      26   4.000   0.470   0.127   0.403   0.000
      27   6.000   0.409   0.238   0.353   0.000
      28   7.000   0.355   0.339   0.306   0.000
      29   7.000   0.302   0.437   0.261   0.000
      30   7.000   0.248   0.536   0.216   0.000
      31   7.000   0.189   0.643   0.168   0.000
      32   7.000   0.121   0.766   0.113   0.000
      33   5.000   0.031   0.919   0.050   0.000
      34   5.000   0.118   0.881   0.001   0.000
      35   4.000   0.189   0.811   0.000   0.000
      36   6.000   0.304   0.696   0.000   0.000
  STRAIN   AVACS   PRITW   SECTW   MODE1   MODE2   MODE3   MODE4   TWFR3   EFFR3   TWFR4   EFFR4
   0.100   6.000   0.000   0.000   0.411   0.589   0.000   0.000   0.000   0.000   0.000   0.000
   0.101   6.000   0.000   0.000   0.410   0.590   0.000   0.000   0.000   0.000   0.000   0.000
   0.101   6.000   0.000   0.000   0.410   0.590   0.000   0.000   0.000   0.000   0.000   0.000
   0.102   6.000   0.000   0.000   0.410   0.590   0.000   0.000   0.000   0.000   0.000   0.000
   0.102   6.000   0.000   0.000   0.409   0.591   0.000   0.000   0.000   0.000   0.000   0.000
   0.103   6.000   0.000   0.000   0.409   0.591   0.000   0.000   0.000   0.000   0.000   0.000
   0.103   6.000   0.000   0.000   0.409   0.591   0.000   0.000   0.000   0.000   0.000   0.000
   0.104   6.000   0.000   0.000   0.408   0.592   0.000   0.000   0.000   0.000   0.000   0.000
   0.104   6.000   0.000   0.000   0.408   0.592   0.000   0.000   0.000   0.000   0.000   0.000
   0.105   6.000   0.000   0.000   0.408   0.592   0.000   0.000   0.000   0.000   0.000   0.000
   0.105   6.000   0.000   0.000   0.407   0.593   0.000   0.000   0.000   0.000   0.000   0.000
   0.106   6.000   0.000   0.000   0.407   0.593   0.000   0.000   0.000   0.000   0.000   0.000
   0.106   6.000   0.000   0.000   0.407   0.593   0.000   0.000   0.000   0.000   0.000   0.000
   0.107   6.000   0.000   0.000   0.406   0.594   0.000   0.000   0.000   0.000   0.000   0.000
   0.107   6.000   0.000   0.000   0.406   0.594   0.000   0.000   0.000   0.000   0.000   0.000
   0.108   6.000   0.000   0.000   0.406   0.594   0.000   0.000   0.000   0.000   0.000   0.000
   0.108   6.000   0.000   0.000   0.405   0.594   0.000   0.000   0.000   0.000   0.000   0.000
   0.109   6.000   0.000   0.000   0.405   0.595   0.000   0.000   0.000   0.000   0.000   0.000
   0.109   6.000   0.000   0.000   0.405   0.595   0.000   0.000   0.000   0.000   0.000   0.000
   0.110   6.000   0.000   0.000   0.405   0.595   0.000   0.000   0.000   0.000   0.000   0.000
   0.110   6.000   0.000   0.000   0.404   0.596   0.000   0.000   0.000   0.000   0.000   0.000
   0.111   6.000   0.000   0.000   0.404   0.596   0.000   0.000   0.000   0.000   0.000   0.000
   0.111   6.000   0.000   0.000   0.404   0.596   0.000   0.000   0.000   0.000   0.000   0.000
   0.112   6.000   0.000   0.000   0.403   0.597   0.000   0.000   0.000   0.000   0.000   0.000
   0.112   6.000   0.000   0.000   0.403   0.597   0.000   0.000   0.000   0.000   0.000   0.000
   0.113   6.000   0.000   0.000   0.403   0.597   0.000   0.000   0.000   0.000   0.000   0.000
   0.113   6.000   0.000   0.000   0.402   0.598   0.000   0.000   0.000   0.000   0.000   0.000
   0.114   6.000   0.000   0.000   0.402   0.598   0.000   0.000   0.000   0.000   0.000   0.000
   0.114   6.000   0.000   0.000   0.402   0.598   0.000   0.000   0.000   0.000   0.000   0.000
   0.115   6.000   0.000   0.000   0.401   0.599   0.000   0.000   0.000   0.000   0.000   0.000
   0.115   6.000   0.000   0.000   0.401   0.599   0.000   0.000   0.000   0.000   0.000   0.000
   0.116   6.000   0.000   0.000   0.401   0.599   0.000   0.000   0.000   0.000   0.000   0.000
   0.116   6.000   0.000   0.000   0.400   0.600   0.000   0.000   0.000   0.000   0.000   0.000
   0.117   6.000   0.000   0.000   0.400   0.600   0.000   0.000   0.000   0.000   0.000   0.000
   0.117   6.000   0.000   0.000   0.400   0.600   0.000   0.000   0.000   0.000   0.000   0.000
   0.118   6.000   0.000   0.000   0.399   0.600   0.000   0.000   0.000   0.000   0.000   0.000
   0.118   6.000   0.000   0.000   0.399   0.601   0.000   0.000   0.000   0.000   0.000   0.000
   0.119   6.000   0.000   0.000   0.399   0.601   0.000   0.000   0.000   0.000   0.000   0.000
   0.119   6.000   0.000   0.000   0.398   0.601   0.000   0.000   0.000   0.000   0.000   0.000
   0.120   6.000   0.000   0.000   0.398   0.602   0.000   0.000   0.000   0.000   0.000   0.000
   0.120   6.000   0.000   0.000   0.398   0.602   0.000   0.000   0.000   0.000   0.000   0.000
   0.121   6.000   0.000   0.000   0.398   0.602   0.000   0.000   0.000   0.000   0.000   0.000
   0.121   6.000   0.000   0.000   0.397   0.603   0.000   0.000   0.000   0.000   0.000   0.000
   0.122   6.000   0.000   0.000   0.397   0.603   0.000   0.000   0.000   0.000   0.000   0.000
   0.122   6.000   0.000   0.000   0.397   0.603   0.000   0.000   0.000   0.000   0.000   0.000
   0.123   6.000   0.000   0.000   0.396   0.604   0.000   0.000   0.000   0.000   0.000   0.000
   0.123   6.000   0.000   0.000   0.396   0.604   0.000   0.000   0.000   0.000   0.000   0.000
   0.124   6.000   0.000   0.000   0.396   0.604   0.000   0.000   0.000   0.000   0.000   0.000
   0.124   6.000   0.000   0.000   0.395   0.605   0.000   0.000   0.000   0.000   0.000   0.000
   0.125   6.000   0.000   0.000   0.395   0.605   0.000   0.000   0.000   0.000   0.000   0.000
   0.125   6.000   0.000   0.000   0.395   0.605   0.000   0.000   0.000   0.000   0.000   0.000
    STEP   AVACS   MODE1   MODE2   MODE3   MODE4
       1   6.000   0.395   0.605   0.000   0.000
       2   6.000   0.486   0.513   0.000   0.000
       3   6.000   0.571   0.429   0.000   0.000
       4   7.000   0.653   0.347   0.000   0.000
       5   5.000   0.733   0.267   0.000   0.000
       6   6.000   0.624   0.260   0.000   0.116
       7   8.000   0.509   0.292   0.000   0.199
       8   9.000   0.396   0.375   0.000   0.228
       9  11.000   0.283   0.486   0.000   0.230
      10  10.000   0.176   0.612   0.000   0.212
      11  10.000   0.111   0.705   0.000   0.184
      12   8.000   0.059   0.789   0.000   0.152
      13   6.000   0.016   0.886   0.000   0.098
      14   5.000   0.046   0.941   0.000   0.013
      15   4.000   0.060   0.938   0.000   0.002
      16   6.000   0.089   0.902   0.000   0.009
      17   4.000   0.167   0.833   0.000   0.001
      18   6.000   0.290   0.710   0.000   0.000
      19   6.000   0.395   0.605   0.000   0.000
      20   6.000   0.486   0.514   0.000   0.000
      21   6.000   0.571   0.429   0.000   0.000
      22   7.000   0.653   0.347   0.000   0.000
      23   6.000   0.731   0.267   0.002   0.000
      24   6.000   0.675   0.152   0.173   0.000
      25   6.000   0.586   0.065   0.349   0.000
      26   4.000   0.477   0.131   0.393   0.000
      27   7.000   0.419   0.251   0.331   0.000
      28   7.000   0.367   0.357   0.276   0.000
      29   7.000   0.317   0.458   0.225   0.000
      30   7.000   0.267   0.560   0.174   0.000
      31   7.000   0.211   0.668   0.121   0.000
      32   6.000   0.146   0.790   0.065   0.000
      33   4.000   0.051   0.931   0.018   0.000
      34   6.000   0.094   0.906   0.000   0.000
      35   4.000   0.167   0.833   0.000   0.000
      36   6.000   0.290   0.710   0.000   0.000
