          Evm          Svm            E11          E22          E33          E23          E13          E12         SDEV11       SDEV22       SDEV33       SDEV23       SDEV13       SDEV12      TEMP
  0.00000E+00  0.43614E+03    0.00000E+00  0.00000E+00  0.00000E+00  0.00000E+00  0.00000E+00  0.00000E+00   -0.21385E+02 -0.10903E+03  0.13042E+03 -0.22044E+03  0.10516E+02  0.47827E+01      298.00
  0.22427E-03  0.44227E+03   -0.25000E-03 -0.25000E-03  0.50000E-03  0.00000E+00  0.00000E+00  0.00000E+00   -0.23410E+02 -0.10982E+03  0.13323E+03 -0.22336E+03  0.10532E+02  0.45258E+01      298.00
  0.45020E-03  0.44870E+03   -0.50000E-03 -0.50000E-03  0.10000E-02  0.00000E+00  0.00000E+00  0.00000E+00   -0.25364E+02 -0.11062E+03  0.13599E+03 -0.22648E+03  0.10484E+02  0.46926E+01      298.00
  0.67751E-03  0.45487E+03   -0.75000E-03 -0.75000E-03  0.15000E-02  0.00000E+00  0.00000E+00  0.00000E+00   -0.27136E+02 -0.11148E+03  0.13862E+03 -0.22945E+03  0.10479E+02  0.46475E+01      298.00
  0.90606E-03  0.46064E+03   -0.10000E-02 -0.10000E-02  0.20000E-02  0.00000E+00  0.00000E+00  0.00000E+00   -0.28667E+02 -0.11249E+03  0.14116E+03 -0.23216E+03  0.10455E+02  0.47694E+01      298.00
  0.11359E-02  0.46653E+03   -0.12500E-02 -0.12500E-02  0.25000E-02  0.00000E+00  0.00000E+00  0.00000E+00   -0.30122E+02 -0.11351E+03  0.14363E+03 -0.23496E+03  0.10468E+02  0.47736E+01      298.00
  0.13668E-02  0.47281E+03   -0.15000E-02 -0.15000E-02  0.30000E-02  0.00000E+00  0.00000E+00  0.00000E+00   -0.31558E+02 -0.11449E+03  0.14605E+03 -0.23805E+03  0.10530E+02  0.46858E+01      298.00
  0.15985E-02  0.47852E+03   -0.17500E-02 -0.17500E-02  0.35000E-02  0.00000E+00  0.00000E+00  0.00000E+00   -0.32743E+02 -0.11565E+03  0.14839E+03 -0.24075E+03  0.10566E+02  0.47221E+01      298.00
  0.18310E-02  0.48439E+03   -0.20000E-02 -0.20000E-02  0.40000E-02  0.00000E+00  0.00000E+00  0.00000E+00   -0.33922E+02 -0.11675E+03  0.15067E+03 -0.24359E+03  0.10586E+02  0.48404E+01      298.00
  0.20643E-02  0.49013E+03   -0.22500E-02 -0.22500E-02  0.45000E-02  0.00000E+00  0.00000E+00  0.00000E+00   -0.35001E+02 -0.11787E+03  0.15287E+03 -0.24636E+03  0.10648E+02  0.48120E+01      298.00
  0.22983E-02  0.49573E+03   -0.25000E-02 -0.25000E-02  0.50000E-02  0.00000E+00  0.00000E+00  0.00000E+00   -0.35938E+02 -0.11911E+03  0.15505E+03 -0.24904E+03  0.10691E+02  0.49437E+01      298.00
  0.25328E-02  0.50142E+03   -0.27500E-02 -0.27500E-02  0.55000E-02  0.00000E+00  0.00000E+00  0.00000E+00   -0.36865E+02 -0.12030E+03  0.15717E+03 -0.25179E+03  0.10747E+02  0.50104E+01      298.00
  0.27679E-02  0.50694E+03   -0.30000E-02 -0.30000E-02  0.60000E-02  0.00000E+00  0.00000E+00  0.00000E+00   -0.37716E+02 -0.12150E+03  0.15922E+03 -0.25447E+03  0.10813E+02  0.50307E+01      298.00
  0.30035E-02  0.51244E+03   -0.32500E-02 -0.32500E-02  0.65000E-02  0.00000E+00  0.00000E+00  0.00000E+00   -0.38456E+02 -0.12280E+03  0.16126E+03 -0.25711E+03  0.10890E+02  0.51180E+01      298.00
  0.32395E-02  0.51793E+03   -0.35000E-02 -0.35000E-02  0.70000E-02  0.00000E+00  0.00000E+00  0.00000E+00   -0.39196E+02 -0.12405E+03  0.16325E+03 -0.25977E+03  0.10947E+02  0.52376E+01      298.00
  0.34759E-02  0.52326E+03   -0.37500E-02 -0.37500E-02  0.75000E-02  0.00000E+00  0.00000E+00  0.00000E+00   -0.39877E+02 -0.12530E+03  0.16518E+03 -0.26236E+03  0.11017E+02  0.52845E+01      298.00
  0.37126E-02  0.52866E+03   -0.40000E-02 -0.40000E-02  0.80000E-02  0.00000E+00  0.00000E+00  0.00000E+00   -0.40466E+02 -0.12665E+03  0.16711E+03 -0.26496E+03  0.11125E+02  0.53108E+01      298.00
  0.39497E-02  0.53394E+03   -0.42500E-02 -0.42500E-02  0.85000E-02  0.00000E+00  0.00000E+00  0.00000E+00   -0.41063E+02 -0.12792E+03  0.16899E+03 -0.26753E+03  0.11177E+02  0.54964E+01      298.00
  0.41871E-02  0.53910E+03   -0.45000E-02 -0.45000E-02  0.90000E-02  0.00000E+00  0.00000E+00  0.00000E+00   -0.41609E+02 -0.12921E+03  0.17082E+03 -0.27003E+03  0.11259E+02  0.55225E+01      298.00
  0.44247E-02  0.54438E+03   -0.47500E-02 -0.47500E-02  0.95000E-02  0.00000E+00  0.00000E+00  0.00000E+00   -0.42084E+02 -0.13058E+03  0.17267E+03 -0.27259E+03  0.11387E+02  0.55145E+01      298.00
  0.46626E-02  0.54940E+03   -0.50000E-02 -0.50000E-02  0.10000E-01  0.00000E+00  0.00000E+00  0.00000E+00   -0.42573E+02 -0.13186E+03  0.17443E+03 -0.27502E+03  0.11441E+02  0.56542E+01      298.00
  0.49007E-02  0.55459E+03   -0.52500E-02 -0.52500E-02  0.10500E-01  0.00000E+00  0.00000E+00  0.00000E+00   -0.42991E+02 -0.13324E+03  0.17623E+03 -0.27754E+03  0.11565E+02  0.56783E+01      298.00
  0.51391E-02  0.55961E+03   -0.55000E-02 -0.55000E-02  0.11000E-01  0.00000E+00  0.00000E+00  0.00000E+00   -0.43430E+02 -0.13454E+03  0.17797E+03 -0.27998E+03  0.11608E+02  0.59353E+01      298.00
  0.53776E-02  0.56451E+03   -0.57500E-02 -0.57500E-02  0.11500E-01  0.00000E+00  0.00000E+00  0.00000E+00   -0.43817E+02 -0.13585E+03  0.17967E+03 -0.28235E+03  0.11710E+02  0.59078E+01      298.00
  0.56163E-02  0.56957E+03   -0.60000E-02 -0.60000E-02  0.12000E-01  0.00000E+00  0.00000E+00  0.00000E+00   -0.44158E+02 -0.13724E+03  0.18140E+03 -0.28481E+03  0.11854E+02  0.58723E+01      298.00
  0.58551E-02  0.57440E+03   -0.62500E-02 -0.62500E-02  0.12500E-01  0.00000E+00  0.00000E+00  0.00000E+00   -0.44526E+02 -0.13854E+03  0.18307E+03 -0.28715E+03  0.11881E+02  0.62045E+01      298.00
  0.60942E-02  0.57923E+03   -0.65000E-02 -0.65000E-02  0.13000E-01  0.00000E+00  0.00000E+00  0.00000E+00   -0.44845E+02 -0.13988E+03  0.18473E+03 -0.28948E+03  0.11978E+02  0.62761E+01      298.00
  0.63334E-02  0.58401E+03   -0.67500E-02 -0.67500E-02  0.13500E-01  0.00000E+00  0.00000E+00  0.00000E+00   -0.45146E+02 -0.14122E+03  0.18637E+03 -0.29180E+03  0.12082E+02  0.63229E+01      298.00
  0.65727E-02  0.58875E+03   -0.70000E-02 -0.70000E-02  0.14000E-01  0.00000E+00  0.00000E+00  0.00000E+00   -0.45433E+02 -0.14256E+03  0.18799E+03 -0.29409E+03  0.12185E+02  0.63731E+01      298.00
  0.68122E-02  0.59345E+03   -0.72500E-02 -0.72500E-02  0.14500E-01  0.00000E+00  0.00000E+00  0.00000E+00   -0.45706E+02 -0.14389E+03  0.18960E+03 -0.29636E+03  0.12289E+02  0.64248E+01      298.00
  0.70518E-02  0.59811E+03   -0.75000E-02 -0.75000E-02  0.15000E-01  0.00000E+00  0.00000E+00  0.00000E+00   -0.45967E+02 -0.14523E+03  0.19119E+03 -0.29862E+03  0.12394E+02  0.64680E+01      298.00
  0.72915E-02  0.60273E+03   -0.77500E-02 -0.77500E-02  0.15500E-01  0.00000E+00  0.00000E+00  0.00000E+00   -0.46214E+02 -0.14655E+03  0.19277E+03 -0.30085E+03  0.12503E+02  0.64975E+01      298.00
  0.75314E-02  0.60687E+03   -0.80000E-02 -0.80000E-02  0.16000E-01  0.00000E+00  0.00000E+00  0.00000E+00   -0.46419E+02 -0.14785E+03  0.19427E+03 -0.30279E+03  0.12555E+02  0.65702E+01      298.00
  0.77715E-02  0.61183E+03   -0.82500E-02 -0.82500E-02  0.16500E-01  0.00000E+00  0.00000E+00  0.00000E+00   -0.46832E+02 -0.14897E+03  0.19580E+03 -0.30531E+03  0.12665E+02  0.65837E+01      298.00
  0.80115E-02  0.61655E+03   -0.85000E-02 -0.85000E-02  0.17000E-01  0.00000E+00  0.00000E+00  0.00000E+00   -0.46970E+02 -0.15046E+03  0.19743E+03 -0.30755E+03  0.12777E+02  0.67897E+01      298.00
  0.82517E-02  0.62063E+03   -0.87500E-02 -0.87500E-02  0.17500E-01  0.00000E+00  0.00000E+00  0.00000E+00   -0.47270E+02 -0.15156E+03  0.19883E+03 -0.30954E+03  0.12834E+02  0.67605E+01      298.00
  0.84920E-02  0.62543E+03   -0.90000E-02 -0.90000E-02  0.18000E-01  0.00000E+00  0.00000E+00  0.00000E+00   -0.47455E+02 -0.15299E+03  0.20045E+03 -0.31186E+03  0.12938E+02  0.69579E+01      298.00
  0.87323E-02  0.62949E+03   -0.92500E-02 -0.92500E-02  0.18500E-01  0.00000E+00  0.00000E+00  0.00000E+00   -0.47733E+02 -0.15411E+03  0.20184E+03 -0.31382E+03  0.12978E+02  0.70225E+01      298.00
  0.89728E-02  0.63349E+03   -0.95000E-02 -0.95000E-02  0.19000E-01  0.00000E+00  0.00000E+00  0.00000E+00   -0.47756E+02 -0.15560E+03  0.20336E+03 -0.31564E+03  0.13075E+02  0.71367E+01      298.00
  0.92136E-02  0.63808E+03   -0.97500E-02 -0.97500E-02  0.19500E-01  0.00000E+00  0.00000E+00  0.00000E+00   -0.48129E+02 -0.15666E+03  0.20479E+03 -0.31795E+03  0.13167E+02  0.71679E+01      298.00
  0.94543E-02  0.64238E+03   -0.10000E-01 -0.10000E-01  0.20000E-01  0.00000E+00  0.00000E+00  0.00000E+00   -0.48312E+02 -0.15796E+03  0.20627E+03 -0.32001E+03  0.13232E+02  0.73095E+01      298.00
  0.96951E-02  0.64624E+03   -0.10250E-01 -0.10250E-01  0.20500E-01  0.00000E+00  0.00000E+00  0.00000E+00   -0.48324E+02 -0.15942E+03  0.20775E+03 -0.32175E+03  0.13341E+02  0.73891E+01      298.00
  0.99362E-02  0.65070E+03   -0.10500E-01 -0.10500E-01  0.21000E-01  0.00000E+00  0.00000E+00  0.00000E+00   -0.48674E+02 -0.16048E+03  0.20915E+03 -0.32399E+03  0.13416E+02  0.74222E+01      298.00
  0.10177E-01  0.65451E+03   -0.10750E-01 -0.10750E-01  0.21500E-01  0.00000E+00  0.00000E+00  0.00000E+00   -0.48679E+02 -0.16193E+03  0.21061E+03 -0.32570E+03  0.13519E+02  0.75233E+01      298.00
  0.10419E-01  0.65888E+03   -0.11000E-01 -0.11000E-01  0.22000E-01  0.00000E+00  0.00000E+00  0.00000E+00   -0.49021E+02 -0.16297E+03  0.21200E+03 -0.32789E+03  0.13595E+02  0.75575E+01      298.00
  0.10660E-01  0.66299E+03   -0.11250E-01 -0.11250E-01  0.22500E-01  0.00000E+00  0.00000E+00  0.00000E+00   -0.49190E+02 -0.16423E+03  0.21342E+03 -0.32985E+03  0.13663E+02  0.77071E+01      298.00
  0.10901E-01  0.66665E+03   -0.11500E-01 -0.11500E-01  0.23000E-01  0.00000E+00  0.00000E+00  0.00000E+00   -0.49192E+02 -0.16565E+03  0.21484E+03 -0.33149E+03  0.13771E+02  0.77639E+01      298.00
  0.11143E-01  0.67093E+03   -0.11750E-01 -0.11750E-01  0.23500E-01  0.00000E+00  0.00000E+00  0.00000E+00   -0.49521E+02 -0.16669E+03  0.21621E+03 -0.33362E+03  0.13837E+02  0.78182E+01      298.00
  0.11385E-01  0.67490E+03   -0.12000E-01 -0.12000E-01  0.24000E-01  0.00000E+00  0.00000E+00  0.00000E+00   -0.49683E+02 -0.16792E+03  0.21760E+03 -0.33551E+03  0.13909E+02  0.79506E+01      298.00
  0.11627E-01  0.67845E+03   -0.12250E-01 -0.12250E-01  0.24500E-01  0.00000E+00  0.00000E+00  0.00000E+00   -0.49683E+02 -0.16930E+03  0.21899E+03 -0.33709E+03  0.14016E+02  0.79898E+01      298.00
  0.11869E-01  0.68261E+03   -0.12500E-01 -0.12500E-01  0.25000E-01  0.00000E+00  0.00000E+00  0.00000E+00   -0.50003E+02 -0.17033E+03  0.22033E+03 -0.33916E+03  0.14075E+02  0.80628E+01      298.00
          Evm          Svm            E11          E22          E33          E23          E13          E12         SDEV11       SDEV22       SDEV33       SDEV23       SDEV13       SDEV12      TEMP
  0.11869E-01  0.68253E+03   -0.12500E-01 -0.12500E-01  0.25000E-01  0.00000E+00  0.00000E+00  0.00000E+00   -0.49823E+02 -0.17057E+03  0.22039E+03 -0.33903E+03  0.14184E+02  0.78511E+01      298.00
  0.12111E-01  0.68644E+03   -0.12750E-01 -0.12750E-01  0.25500E-01  0.00000E+00  0.00000E+00  0.00000E+00   -0.50155E+02 -0.17153E+03  0.22169E+03 -0.34096E+03  0.14158E+02  0.81307E+01      298.00
  0.12353E-01  0.69024E+03   -0.13000E-01 -0.13000E-01  0.26000E-01  0.00000E+00  0.00000E+00  0.00000E+00   -0.50315E+02 -0.17272E+03  0.22304E+03 -0.34276E+03  0.14226E+02  0.82470E+01      298.00
  0.12595E-01  0.69400E+03   -0.13250E-01 -0.13250E-01  0.26500E-01  0.00000E+00  0.00000E+00  0.00000E+00   -0.50469E+02 -0.17391E+03  0.22438E+03 -0.34453E+03  0.14300E+02  0.83375E+01      298.00
  0.12838E-01  0.69772E+03   -0.13500E-01 -0.13500E-01  0.27000E-01  0.00000E+00  0.00000E+00  0.00000E+00   -0.50623E+02 -0.17509E+03  0.22571E+03 -0.34628E+03  0.14375E+02  0.84166E+01      298.00
  0.13081E-01  0.70140E+03   -0.13750E-01 -0.13750E-01  0.27500E-01  0.00000E+00  0.00000E+00  0.00000E+00   -0.50775E+02 -0.17626E+03  0.22704E+03 -0.34801E+03  0.14450E+02  0.84904E+01      298.00
  0.13323E-01  0.70505E+03   -0.14000E-01 -0.14000E-01  0.28000E-01  0.00000E+00  0.00000E+00  0.00000E+00   -0.50927E+02 -0.17742E+03  0.22835E+03 -0.34972E+03  0.14524E+02  0.85615E+01      298.00
  0.13566E-01  0.70866E+03   -0.14250E-01 -0.14250E-01  0.28500E-01  0.00000E+00  0.00000E+00  0.00000E+00   -0.51078E+02 -0.17858E+03  0.22966E+03 -0.35141E+03  0.14598E+02  0.86311E+01      298.00
  0.13809E-01  0.71223E+03   -0.14500E-01 -0.14500E-01  0.29000E-01  0.00000E+00  0.00000E+00  0.00000E+00   -0.51228E+02 -0.17973E+03  0.23096E+03 -0.35308E+03  0.14670E+02  0.86995E+01      298.00
  0.14052E-01  0.71577E+03   -0.14750E-01 -0.14750E-01  0.29500E-01  0.00000E+00  0.00000E+00  0.00000E+00   -0.51378E+02 -0.18087E+03  0.23225E+03 -0.35473E+03  0.14741E+02  0.87675E+01      298.00
  0.14296E-01  0.71927E+03   -0.15000E-01 -0.15000E-01  0.30000E-01  0.00000E+00  0.00000E+00  0.00000E+00   -0.51528E+02 -0.18200E+03  0.23353E+03 -0.35636E+03  0.14810E+02  0.88349E+01      298.00
  0.14539E-01  0.72274E+03   -0.15250E-01 -0.15250E-01  0.30500E-01  0.00000E+00  0.00000E+00  0.00000E+00   -0.51678E+02 -0.18313E+03  0.23481E+03 -0.35798E+03  0.14879E+02  0.89020E+01      298.00
  0.14783E-01  0.72618E+03   -0.15500E-01 -0.15500E-01  0.31000E-01  0.00000E+00  0.00000E+00  0.00000E+00   -0.51828E+02 -0.18425E+03  0.23607E+03 -0.35957E+03  0.14947E+02  0.89687E+01      298.00
  0.15027E-01  0.72958E+03   -0.15750E-01 -0.15750E-01  0.31500E-01  0.00000E+00  0.00000E+00  0.00000E+00   -0.51977E+02 -0.18536E+03  0.23733E+03 -0.36115E+03  0.15013E+02  0.90350E+01      298.00
  0.15271E-01  0.73295E+03   -0.16000E-01 -0.16000E-01  0.32000E-01  0.00000E+00  0.00000E+00  0.00000E+00   -0.52127E+02 -0.18646E+03  0.23859E+03 -0.36271E+03  0.15079E+02  0.91010E+01      298.00
  0.15515E-01  0.73629E+03   -0.16250E-01 -0.16250E-01  0.32500E-01  0.00000E+00  0.00000E+00  0.00000E+00   -0.52276E+02 -0.18756E+03  0.23983E+03 -0.36425E+03  0.15143E+02  0.91666E+01      298.00
  0.15759E-01  0.73960E+03   -0.16500E-01 -0.16500E-01  0.33000E-01  0.00000E+00  0.00000E+00  0.00000E+00   -0.52426E+02 -0.18865E+03  0.24107E+03 -0.36578E+03  0.15206E+02  0.92318E+01      298.00
  0.16004E-01  0.74288E+03   -0.16750E-01 -0.16750E-01  0.33500E-01  0.00000E+00  0.00000E+00  0.00000E+00   -0.52576E+02 -0.18973E+03  0.24231E+03 -0.36729E+03  0.15268E+02  0.92967E+01      298.00
  0.16248E-01  0.74612E+03   -0.17000E-01 -0.17000E-01  0.34000E-01  0.00000E+00  0.00000E+00  0.00000E+00   -0.52725E+02 -0.19081E+03  0.24353E+03 -0.36878E+03  0.15329E+02  0.93613E+01      298.00
  0.16493E-01  0.74934E+03   -0.17250E-01 -0.17250E-01  0.34500E-01  0.00000E+00  0.00000E+00  0.00000E+00   -0.52875E+02 -0.19187E+03  0.24475E+03 -0.37025E+03  0.15389E+02  0.94255E+01      298.00
  0.16738E-01  0.75252E+03   -0.17500E-01 -0.17500E-01  0.35000E-01  0.00000E+00  0.00000E+00  0.00000E+00   -0.53025E+02 -0.19294E+03  0.24596E+03 -0.37171E+03  0.15448E+02  0.94893E+01      298.00
  0.16983E-01  0.75567E+03   -0.17750E-01 -0.17750E-01  0.35500E-01  0.00000E+00  0.00000E+00  0.00000E+00   -0.53175E+02 -0.19399E+03  0.24717E+03 -0.37315E+03  0.15506E+02  0.95527E+01      298.00
  0.17229E-01  0.75879E+03   -0.18000E-01 -0.18000E-01  0.36000E-01  0.00000E+00  0.00000E+00  0.00000E+00   -0.53326E+02 -0.19504E+03  0.24837E+03 -0.37457E+03  0.15563E+02  0.96158E+01      298.00
  0.17474E-01  0.76189E+03   -0.18250E-01 -0.18250E-01  0.36500E-01  0.00000E+00  0.00000E+00  0.00000E+00   -0.53476E+02 -0.19608E+03  0.24956E+03 -0.37598E+03  0.15619E+02  0.96785E+01      298.00
  0.17720E-01  0.76495E+03   -0.18500E-01 -0.18500E-01  0.37000E-01  0.00000E+00  0.00000E+00  0.00000E+00   -0.53627E+02 -0.19712E+03  0.25074E+03 -0.37737E+03  0.15674E+02  0.97408E+01      298.00
  0.17966E-01  0.76798E+03   -0.18750E-01 -0.18750E-01  0.37500E-01  0.00000E+00  0.00000E+00  0.00000E+00   -0.53778E+02 -0.19815E+03  0.25192E+03 -0.37874E+03  0.15728E+02  0.98028E+01      298.00
  0.18212E-01  0.77099E+03   -0.19000E-01 -0.19000E-01  0.38000E-01  0.00000E+00  0.00000E+00  0.00000E+00   -0.53930E+02 -0.19917E+03  0.25310E+03 -0.38010E+03  0.15781E+02  0.98643E+01      298.00
  0.18458E-01  0.77397E+03   -0.19250E-01 -0.19250E-01  0.38500E-01  0.00000E+00  0.00000E+00  0.00000E+00   -0.54081E+02 -0.20018E+03  0.25426E+03 -0.38145E+03  0.15833E+02  0.99255E+01      298.00
  0.18704E-01  0.77691E+03   -0.19500E-01 -0.19500E-01  0.39000E-01  0.00000E+00  0.00000E+00  0.00000E+00   -0.54233E+02 -0.20119E+03  0.25542E+03 -0.38277E+03  0.15884E+02  0.99863E+01      298.00
  0.18951E-01  0.77983E+03   -0.19750E-01 -0.19750E-01  0.39500E-01  0.00000E+00  0.00000E+00  0.00000E+00   -0.54385E+02 -0.20219E+03  0.25658E+03 -0.38409E+03  0.15934E+02  0.10047E+02      298.00
  0.19197E-01  0.78272E+03   -0.20000E-01 -0.20000E-01  0.40000E-01  0.00000E+00  0.00000E+00  0.00000E+00   -0.54538E+02 -0.20319E+03  0.25773E+03 -0.38538E+03  0.15983E+02  0.10107E+02      298.00
  0.19444E-01  0.78559E+03   -0.20250E-01 -0.20250E-01  0.40500E-01  0.00000E+00  0.00000E+00  0.00000E+00   -0.54691E+02 -0.20418E+03  0.25887E+03 -0.38666E+03  0.16031E+02  0.10166E+02      298.00
  0.19692E-01  0.78842E+03   -0.20500E-01 -0.20500E-01  0.41000E-01  0.00000E+00  0.00000E+00  0.00000E+00   -0.54844E+02 -0.20516E+03  0.26001E+03 -0.38793E+03  0.16079E+02  0.10226E+02      298.00
  0.19939E-01  0.79123E+03   -0.20750E-01 -0.20750E-01  0.41500E-01  0.00000E+00  0.00000E+00  0.00000E+00   -0.54997E+02 -0.20614E+03  0.26114E+03 -0.38918E+03  0.16125E+02  0.10284E+02      298.00
  0.20186E-01  0.79402E+03   -0.21000E-01 -0.21000E-01  0.42000E-01  0.00000E+00  0.00000E+00  0.00000E+00   -0.55151E+02 -0.20711E+03  0.26226E+03 -0.39042E+03  0.16171E+02  0.10343E+02      298.00
  0.20434E-01  0.79677E+03   -0.21250E-01 -0.21250E-01  0.42500E-01  0.00000E+00  0.00000E+00  0.00000E+00   -0.55305E+02 -0.20808E+03  0.26338E+03 -0.39164E+03  0.16215E+02  0.10401E+02      298.00
  0.20682E-01  0.79950E+03   -0.21500E-01 -0.21500E-01  0.43000E-01  0.00000E+00  0.00000E+00  0.00000E+00   -0.55460E+02 -0.20903E+03  0.26449E+03 -0.39285E+03  0.16259E+02  0.10459E+02      298.00
  0.20930E-01  0.80220E+03   -0.21750E-01 -0.21750E-01  0.43500E-01  0.00000E+00  0.00000E+00  0.00000E+00   -0.55614E+02 -0.20999E+03  0.26560E+03 -0.39404E+03  0.16302E+02  0.10516E+02      298.00
  0.21178E-01  0.80488E+03   -0.22000E-01 -0.22000E-01  0.44000E-01  0.00000E+00  0.00000E+00  0.00000E+00   -0.55769E+02 -0.21093E+03  0.26670E+03 -0.39522E+03  0.16344E+02  0.10573E+02      298.00
  0.21427E-01  0.80753E+03   -0.22250E-01 -0.22250E-01  0.44500E-01  0.00000E+00  0.00000E+00  0.00000E+00   -0.55925E+02 -0.21187E+03  0.26780E+03 -0.39638E+03  0.16385E+02  0.10629E+02      298.00
  0.21676E-01  0.81016E+03   -0.22500E-01 -0.22500E-01  0.45000E-01  0.00000E+00  0.00000E+00  0.00000E+00   -0.56081E+02 -0.21281E+03  0.26889E+03 -0.39754E+03  0.16425E+02  0.10686E+02      298.00
  0.21925E-01  0.81276E+03   -0.22750E-01 -0.22750E-01  0.45500E-01  0.00000E+00  0.00000E+00  0.00000E+00   -0.56237E+02 -0.21374E+03  0.26998E+03 -0.39867E+03  0.16464E+02  0.10741E+02      298.00
  0.22174E-01  0.81533E+03   -0.23000E-01 -0.23000E-01  0.46000E-01  0.00000E+00  0.00000E+00  0.00000E+00   -0.56393E+02 -0.21466E+03  0.27105E+03 -0.39979E+03  0.16503E+02  0.10797E+02      298.00
  0.22423E-01  0.81788E+03   -0.23250E-01 -0.23250E-01  0.46500E-01  0.00000E+00  0.00000E+00  0.00000E+00   -0.56550E+02 -0.21558E+03  0.27213E+03 -0.40090E+03  0.16541E+02  0.10852E+02      298.00
  0.22673E-01  0.82041E+03   -0.23500E-01 -0.23500E-01  0.47000E-01  0.00000E+00  0.00000E+00  0.00000E+00   -0.56707E+02 -0.21649E+03  0.27320E+03 -0.40200E+03  0.16578E+02  0.10906E+02      298.00
  0.22922E-01  0.82291E+03   -0.23750E-01 -0.23750E-01  0.47500E-01  0.00000E+00  0.00000E+00  0.00000E+00   -0.56864E+02 -0.21740E+03  0.27426E+03 -0.40308E+03  0.16614E+02  0.10961E+02      298.00
  0.23172E-01  0.82581E+03   -0.24000E-01 -0.24000E-01  0.48000E-01  0.00000E+00  0.00000E+00  0.00000E+00   -0.57095E+02 -0.21829E+03  0.27538E+03 -0.40441E+03  0.16653E+02  0.11067E+02      298.00
  0.23422E-01  0.82827E+03   -0.24250E-01 -0.24250E-01  0.48500E-01  0.00000E+00  0.00000E+00  0.00000E+00   -0.57250E+02 -0.21918E+03  0.27644E+03 -0.40547E+03  0.16688E+02  0.11122E+02      298.00
  0.23673E-01  0.83069E+03   -0.24500E-01 -0.24500E-01  0.49000E-01  0.00000E+00  0.00000E+00  0.00000E+00   -0.57408E+02 -0.22008E+03  0.27748E+03 -0.40651E+03  0.16723E+02  0.11171E+02      298.00
  0.23923E-01  0.83310E+03   -0.24750E-01 -0.24750E-01  0.49500E-01  0.00000E+00  0.00000E+00  0.00000E+00   -0.57565E+02 -0.22096E+03  0.27853E+03 -0.40754E+03  0.16757E+02  0.11220E+02      298.00
  0.24174E-01  0.83548E+03   -0.25000E-01 -0.25000E-01  0.50000E-01  0.00000E+00  0.00000E+00  0.00000E+00   -0.57723E+02 -0.22184E+03  0.27956E+03 -0.40855E+03  0.16791E+02  0.11269E+02      298.00
          Evm          Svm            E11          E22          E33          E23          E13          E12         SDEV11       SDEV22       SDEV33       SDEV23       SDEV13       SDEV12      TEMP
  0.24174E-01  0.83507E+03   -0.25000E-01 -0.25000E-01  0.50000E-01  0.00000E+00  0.00000E+00  0.00000E+00   -0.57559E+02 -0.22199E+03  0.27955E+03 -0.40825E+03  0.16872E+02  0.10996E+02      298.00
  0.24425E-01  0.83784E+03   -0.25250E-01 -0.25250E-01  0.50500E-01  0.00000E+00  0.00000E+00  0.00000E+00   -0.57880E+02 -0.22272E+03  0.28060E+03 -0.40956E+03  0.16829E+02  0.11295E+02      298.00
  0.24676E-01  0.84017E+03   -0.25500E-01 -0.25500E-01  0.51000E-01  0.00000E+00  0.00000E+00  0.00000E+00   -0.58040E+02 -0.22359E+03  0.28163E+03 -0.41054E+03  0.16855E+02  0.11366E+02      298.00
  0.24928E-01  0.84248E+03   -0.25750E-01 -0.25750E-01  0.51500E-01  0.00000E+00  0.00000E+00  0.00000E+00   -0.58199E+02 -0.22445E+03  0.28265E+03 -0.41152E+03  0.16885E+02  0.11416E+02      298.00
  0.25179E-01  0.84477E+03   -0.26000E-01 -0.26000E-01  0.52000E-01  0.00000E+00  0.00000E+00  0.00000E+00   -0.58358E+02 -0.22531E+03  0.28367E+03 -0.41248E+03  0.16915E+02  0.11464E+02      298.00
  0.25431E-01  0.84704E+03   -0.26250E-01 -0.26250E-01  0.52500E-01  0.00000E+00  0.00000E+00  0.00000E+00   -0.58518E+02 -0.22616E+03  0.28468E+03 -0.41344E+03  0.16944E+02  0.11511E+02      298.00
  0.25683E-01  0.84928E+03   -0.26500E-01 -0.26500E-01  0.53000E-01  0.00000E+00  0.00000E+00  0.00000E+00   -0.58678E+02 -0.22701E+03  0.28569E+03 -0.41438E+03  0.16973E+02  0.11559E+02      298.00
  0.25936E-01  0.85151E+03   -0.26750E-01 -0.26750E-01  0.53500E-01  0.00000E+00  0.00000E+00  0.00000E+00   -0.58838E+02 -0.22785E+03  0.28669E+03 -0.41531E+03  0.17001E+02  0.11606E+02      298.00
  0.26188E-01  0.85371E+03   -0.27000E-01 -0.27000E-01  0.54000E-01  0.00000E+00  0.00000E+00  0.00000E+00   -0.58999E+02 -0.22869E+03  0.28769E+03 -0.41622E+03  0.17028E+02  0.11653E+02      298.00
  0.26441E-01  0.85589E+03   -0.27250E-01 -0.27250E-01  0.54500E-01  0.00000E+00  0.00000E+00  0.00000E+00   -0.59160E+02 -0.22953E+03  0.28869E+03 -0.41713E+03  0.17054E+02  0.11700E+02      298.00
  0.26694E-01  0.85805E+03   -0.27500E-01 -0.27500E-01  0.55000E-01  0.00000E+00  0.00000E+00  0.00000E+00   -0.59321E+02 -0.23035E+03  0.28967E+03 -0.41802E+03  0.17080E+02  0.11746E+02      298.00
  0.26947E-01  0.86019E+03   -0.27750E-01 -0.27750E-01  0.55500E-01  0.00000E+00  0.00000E+00  0.00000E+00   -0.59482E+02 -0.23118E+03  0.29066E+03 -0.41890E+03  0.17105E+02  0.11792E+02      298.00
  0.27200E-01  0.86231E+03   -0.28000E-01 -0.28000E-01  0.56000E-01  0.00000E+00  0.00000E+00  0.00000E+00   -0.59643E+02 -0.23200E+03  0.29164E+03 -0.41977E+03  0.17129E+02  0.11838E+02      298.00
  0.27454E-01  0.86441E+03   -0.28250E-01 -0.28250E-01  0.56500E-01  0.00000E+00  0.00000E+00  0.00000E+00   -0.59806E+02 -0.23281E+03  0.29262E+03 -0.42063E+03  0.17153E+02  0.11884E+02      298.00
  0.27708E-01  0.86648E+03   -0.28500E-01 -0.28500E-01  0.57000E-01  0.00000E+00  0.00000E+00  0.00000E+00   -0.59968E+02 -0.23362E+03  0.29359E+03 -0.42148E+03  0.17176E+02  0.11930E+02      298.00
  0.27962E-01  0.86872E+03   -0.28750E-01 -0.28750E-01  0.57500E-01  0.00000E+00  0.00000E+00  0.00000E+00   -0.60068E+02 -0.23458E+03  0.29465E+03 -0.42236E+03  0.17192E+02  0.12116E+02      298.00
  0.28216E-01  0.87060E+03   -0.29000E-01 -0.29000E-01  0.58000E-01  0.00000E+00  0.00000E+00  0.00000E+00   -0.60299E+02 -0.23522E+03  0.29552E+03 -0.42315E+03  0.17214E+02  0.12038E+02      298.00
  0.28471E-01  0.87278E+03   -0.29250E-01 -0.29250E-01  0.58500E-01  0.00000E+00  0.00000E+00  0.00000E+00   -0.60398E+02 -0.23618E+03  0.29657E+03 -0.42400E+03  0.17231E+02  0.12213E+02      298.00
  0.28726E-01  0.87461E+03   -0.29500E-01 -0.29500E-01  0.59000E-01  0.00000E+00  0.00000E+00  0.00000E+00   -0.60626E+02 -0.23681E+03  0.29743E+03 -0.42477E+03  0.17254E+02  0.12133E+02      298.00
  0.28981E-01  0.87676E+03   -0.29750E-01 -0.29750E-01  0.59500E-01  0.00000E+00  0.00000E+00  0.00000E+00   -0.60729E+02 -0.23775E+03  0.29848E+03 -0.42560E+03  0.17269E+02  0.12307E+02      298.00
  0.29236E-01  0.87855E+03   -0.30000E-01 -0.30000E-01  0.60000E-01  0.00000E+00  0.00000E+00  0.00000E+00   -0.60955E+02 -0.23837E+03  0.29933E+03 -0.42634E+03  0.17290E+02  0.12227E+02      298.00
  0.29492E-01  0.88067E+03   -0.30250E-01 -0.30250E-01  0.60500E-01  0.00000E+00  0.00000E+00  0.00000E+00   -0.61060E+02 -0.23931E+03  0.30037E+03 -0.42716E+03  0.17304E+02  0.12400E+02      298.00
  0.29748E-01  0.88241E+03   -0.30500E-01 -0.30500E-01  0.61000E-01  0.00000E+00  0.00000E+00  0.00000E+00   -0.61285E+02 -0.23992E+03  0.30121E+03 -0.42787E+03  0.17325E+02  0.12320E+02      298.00
  0.30004E-01  0.88450E+03   -0.30750E-01 -0.30750E-01  0.61500E-01  0.00000E+00  0.00000E+00  0.00000E+00   -0.61393E+02 -0.24084E+03  0.30224E+03 -0.42867E+03  0.17337E+02  0.12491E+02      298.00
  0.30260E-01  0.88620E+03   -0.31000E-01 -0.31000E-01  0.62000E-01  0.00000E+00  0.00000E+00  0.00000E+00   -0.61616E+02 -0.24146E+03  0.30307E+03 -0.42936E+03  0.17357E+02  0.12412E+02      298.00
  0.30516E-01  0.88825E+03   -0.31250E-01 -0.31250E-01  0.62500E-01  0.00000E+00  0.00000E+00  0.00000E+00   -0.61726E+02 -0.24237E+03  0.30409E+03 -0.43015E+03  0.17368E+02  0.12581E+02      298.00
  0.30773E-01  0.89012E+03   -0.31500E-01 -0.31500E-01  0.63000E-01  0.00000E+00  0.00000E+00  0.00000E+00   -0.61901E+02 -0.24311E+03  0.30501E+03 -0.43088E+03  0.17377E+02  0.12646E+02      298.00
  0.31030E-01  0.89205E+03   -0.31750E-01 -0.31750E-01  0.63500E-01  0.00000E+00  0.00000E+00  0.00000E+00   -0.62125E+02 -0.24379E+03  0.30591E+03 -0.43168E+03  0.17404E+02  0.12610E+02      298.00
  0.31287E-01  0.89376E+03   -0.32000E-01 -0.32000E-01  0.64000E-01  0.00000E+00  0.00000E+00  0.00000E+00   -0.62233E+02 -0.24461E+03  0.30684E+03 -0.43229E+03  0.17404E+02  0.12729E+02      298.00
  0.31545E-01  0.89557E+03   -0.32250E-01 -0.32250E-01  0.64500E-01  0.00000E+00  0.00000E+00  0.00000E+00   -0.62404E+02 -0.24535E+03  0.30775E+03 -0.43299E+03  0.17415E+02  0.12785E+02      298.00
  0.31803E-01  0.89735E+03   -0.32500E-01 -0.32500E-01  0.65000E-01  0.00000E+00  0.00000E+00  0.00000E+00   -0.62572E+02 -0.24609E+03  0.30866E+03 -0.43367E+03  0.17425E+02  0.12833E+02      298.00
  0.32061E-01  0.89911E+03   -0.32750E-01 -0.32750E-01  0.65500E-01  0.00000E+00  0.00000E+00  0.00000E+00   -0.62741E+02 -0.24682E+03  0.30956E+03 -0.43434E+03  0.17436E+02  0.12880E+02      298.00
  0.32319E-01  0.90093E+03   -0.33000E-01 -0.33000E-01  0.66000E-01  0.00000E+00  0.00000E+00  0.00000E+00   -0.62961E+02 -0.24748E+03  0.31044E+03 -0.43508E+03  0.17462E+02  0.12838E+02      298.00
  0.32577E-01  0.90257E+03   -0.33250E-01 -0.33250E-01  0.66500E-01  0.00000E+00  0.00000E+00  0.00000E+00   -0.63075E+02 -0.24828E+03  0.31135E+03 -0.43565E+03  0.17460E+02  0.12956E+02      298.00
  0.32836E-01  0.90430E+03   -0.33500E-01 -0.33500E-01  0.67000E-01  0.00000E+00  0.00000E+00  0.00000E+00   -0.63247E+02 -0.24900E+03  0.31224E+03 -0.43630E+03  0.17467E+02  0.13011E+02      298.00
  0.33095E-01  0.90599E+03   -0.33750E-01 -0.33750E-01  0.67500E-01  0.00000E+00  0.00000E+00  0.00000E+00   -0.63417E+02 -0.24972E+03  0.31313E+03 -0.43694E+03  0.17475E+02  0.13057E+02      298.00
  0.33354E-01  0.90767E+03   -0.34000E-01 -0.34000E-01  0.68000E-01  0.00000E+00  0.00000E+00  0.00000E+00   -0.63586E+02 -0.25043E+03  0.31402E+03 -0.43756E+03  0.17483E+02  0.13102E+02      298.00
  0.33614E-01  0.90933E+03   -0.34250E-01 -0.34250E-01  0.68500E-01  0.00000E+00  0.00000E+00  0.00000E+00   -0.63756E+02 -0.25114E+03  0.31489E+03 -0.43818E+03  0.17491E+02  0.13147E+02      298.00
  0.33873E-01  0.91098E+03   -0.34500E-01 -0.34500E-01  0.69000E-01  0.00000E+00  0.00000E+00  0.00000E+00   -0.63926E+02 -0.25185E+03  0.31577E+03 -0.43879E+03  0.17499E+02  0.13190E+02      298.00
  0.34133E-01  0.91261E+03   -0.34750E-01 -0.34750E-01  0.69500E-01  0.00000E+00  0.00000E+00  0.00000E+00   -0.64096E+02 -0.25255E+03  0.31664E+03 -0.43939E+03  0.17505E+02  0.13234E+02      298.00
  0.34393E-01  0.91422E+03   -0.35000E-01 -0.35000E-01  0.70000E-01  0.00000E+00  0.00000E+00  0.00000E+00   -0.64266E+02 -0.25325E+03  0.31751E+03 -0.43998E+03  0.17512E+02  0.13277E+02      298.00
  0.34654E-01  0.91582E+03   -0.35250E-01 -0.35250E-01  0.70500E-01  0.00000E+00  0.00000E+00  0.00000E+00   -0.64436E+02 -0.25394E+03  0.31838E+03 -0.44056E+03  0.17518E+02  0.13319E+02      298.00
  0.34915E-01  0.91741E+03   -0.35500E-01 -0.35500E-01  0.71000E-01  0.00000E+00  0.00000E+00  0.00000E+00   -0.64607E+02 -0.25463E+03  0.31924E+03 -0.44113E+03  0.17524E+02  0.13361E+02      298.00
  0.35176E-01  0.91897E+03   -0.35750E-01 -0.35750E-01  0.71500E-01  0.00000E+00  0.00000E+00  0.00000E+00   -0.64777E+02 -0.25532E+03  0.32010E+03 -0.44169E+03  0.17529E+02  0.13402E+02      298.00
  0.35437E-01  0.92053E+03   -0.36000E-01 -0.36000E-01  0.72000E-01  0.00000E+00  0.00000E+00  0.00000E+00   -0.64948E+02 -0.25601E+03  0.32096E+03 -0.44225E+03  0.17534E+02  0.13443E+02      298.00
  0.35698E-01  0.92206E+03   -0.36250E-01 -0.36250E-01  0.72500E-01  0.00000E+00  0.00000E+00  0.00000E+00   -0.65119E+02 -0.25669E+03  0.32181E+03 -0.44279E+03  0.17538E+02  0.13483E+02      298.00
  0.35960E-01  0.92359E+03   -0.36500E-01 -0.36500E-01  0.73000E-01  0.00000E+00  0.00000E+00  0.00000E+00   -0.65290E+02 -0.25737E+03  0.32266E+03 -0.44333E+03  0.17542E+02  0.13523E+02      298.00
  0.36222E-01  0.92509E+03   -0.36750E-01 -0.36750E-01  0.73500E-01  0.00000E+00  0.00000E+00  0.00000E+00   -0.65462E+02 -0.25804E+03  0.32350E+03 -0.44386E+03  0.17546E+02  0.13562E+02      298.00
  0.36484E-01  0.92659E+03   -0.37000E-01 -0.37000E-01  0.74000E-01  0.00000E+00  0.00000E+00  0.00000E+00   -0.65633E+02 -0.25871E+03  0.32434E+03 -0.44438E+03  0.17550E+02  0.13601E+02      298.00
  0.36747E-01  0.92807E+03   -0.37250E-01 -0.37250E-01  0.74500E-01  0.00000E+00  0.00000E+00  0.00000E+00   -0.65805E+02 -0.25938E+03  0.32518E+03 -0.44490E+03  0.17553E+02  0.13639E+02      298.00
  0.37010E-01  0.92953E+03   -0.37500E-01 -0.37500E-01  0.75000E-01  0.00000E+00  0.00000E+00  0.00000E+00   -0.65976E+02 -0.26004E+03  0.32602E+03 -0.44540E+03  0.17555E+02  0.13676E+02      298.00
          Evm          Svm            E11          E22          E33          E23          E13          E12         SDEV11       SDEV22       SDEV33       SDEV23       SDEV13       SDEV12      TEMP
  0.37010E-01  0.92907E+03   -0.37500E-01 -0.37500E-01  0.75000E-01  0.00000E+00  0.00000E+00  0.00000E+00   -0.65910E+02 -0.25999E+03  0.32590E+03 -0.44515E+03  0.17651E+02  0.13267E+02      298.00
  0.37273E-01  0.93048E+03   -0.37750E-01 -0.37750E-01  0.75500E-01  0.00000E+00  0.00000E+00  0.00000E+00   -0.66068E+02 -0.26070E+03  0.32677E+03 -0.44559E+03  0.17523E+02  0.13774E+02      298.00
  0.37536E-01  0.93243E+03   -0.38000E-01 -0.38000E-01  0.76000E-01  0.00000E+00  0.00000E+00  0.00000E+00   -0.66319E+02 -0.26137E+03  0.32769E+03 -0.44639E+03  0.17560E+02  0.13754E+02      298.00
  0.37800E-01  0.93384E+03   -0.38250E-01 -0.38250E-01  0.76500E-01  0.00000E+00  0.00000E+00  0.00000E+00   -0.66493E+02 -0.26202E+03  0.32851E+03 -0.44687E+03  0.17561E+02  0.13785E+02      298.00
  0.38064E-01  0.93525E+03   -0.38500E-01 -0.38500E-01  0.77000E-01  0.00000E+00  0.00000E+00  0.00000E+00   -0.66664E+02 -0.26267E+03  0.32933E+03 -0.44734E+03  0.17563E+02  0.13820E+02      298.00
  0.38328E-01  0.93664E+03   -0.38750E-01 -0.38750E-01  0.77500E-01  0.00000E+00  0.00000E+00  0.00000E+00   -0.66837E+02 -0.26331E+03  0.33015E+03 -0.44781E+03  0.17564E+02  0.13854E+02      298.00
  0.38592E-01  0.93802E+03   -0.39000E-01 -0.39000E-01  0.78000E-01  0.00000E+00  0.00000E+00  0.00000E+00   -0.67009E+02 -0.26396E+03  0.33097E+03 -0.44826E+03  0.17565E+02  0.13889E+02      298.00
  0.38857E-01  0.93939E+03   -0.39250E-01 -0.39250E-01  0.78500E-01  0.00000E+00  0.00000E+00  0.00000E+00   -0.67182E+02 -0.26460E+03  0.33178E+03 -0.44871E+03  0.17565E+02  0.13922E+02      298.00
  0.39122E-01  0.94074E+03   -0.39500E-01 -0.39500E-01  0.79000E-01  0.00000E+00  0.00000E+00  0.00000E+00   -0.67355E+02 -0.26524E+03  0.33260E+03 -0.44916E+03  0.17565E+02  0.13955E+02      298.00
  0.39387E-01  0.94209E+03   -0.39750E-01 -0.39750E-01  0.79500E-01  0.00000E+00  0.00000E+00  0.00000E+00   -0.67528E+02 -0.26588E+03  0.33340E+03 -0.44959E+03  0.17565E+02  0.13987E+02      298.00
  0.39652E-01  0.94297E+03   -0.40000E-01 -0.40000E-01  0.80000E-01  0.00000E+00  0.00000E+00  0.00000E+00   -0.67644E+02 -0.26649E+03  0.33413E+03 -0.44975E+03  0.17509E+02  0.14150E+02      298.00
  0.39918E-01  0.94475E+03   -0.40250E-01 -0.40250E-01  0.80500E-01  0.00000E+00  0.00000E+00  0.00000E+00   -0.67873E+02 -0.26714E+03  0.33502E+03 -0.45045E+03  0.17563E+02  0.14061E+02      298.00
  0.40184E-01  0.94560E+03   -0.40500E-01 -0.40500E-01  0.81000E-01  0.00000E+00  0.00000E+00  0.00000E+00   -0.67993E+02 -0.26774E+03  0.33573E+03 -0.45059E+03  0.17508E+02  0.14210E+02      298.00
  0.40450E-01  0.94690E+03   -0.40750E-01 -0.40750E-01  0.81500E-01  0.00000E+00  0.00000E+00  0.00000E+00   -0.68165E+02 -0.26837E+03  0.33653E+03 -0.45100E+03  0.17505E+02  0.14251E+02      298.00
  0.40717E-01  0.94819E+03   -0.41000E-01 -0.41000E-01  0.82000E-01  0.00000E+00  0.00000E+00  0.00000E+00   -0.68339E+02 -0.26899E+03  0.33733E+03 -0.45140E+03  0.17505E+02  0.14277E+02      298.00
  0.40984E-01  0.94946E+03   -0.41250E-01 -0.41250E-01  0.82500E-01  0.00000E+00  0.00000E+00  0.00000E+00   -0.68513E+02 -0.26961E+03  0.33812E+03 -0.45180E+03  0.17505E+02  0.14299E+02      298.00
  0.41251E-01  0.95072E+03   -0.41500E-01 -0.41500E-01  0.83000E-01  0.00000E+00  0.00000E+00  0.00000E+00   -0.68687E+02 -0.27023E+03  0.33891E+03 -0.45219E+03  0.17505E+02  0.14320E+02      298.00
  0.41518E-01  0.95196E+03   -0.41750E-01 -0.41750E-01  0.83500E-01  0.00000E+00  0.00000E+00  0.00000E+00   -0.68861E+02 -0.27084E+03  0.33970E+03 -0.45257E+03  0.17505E+02  0.14340E+02      298.00
  0.41786E-01  0.95320E+03   -0.42000E-01 -0.42000E-01  0.84000E-01  0.00000E+00  0.00000E+00  0.00000E+00   -0.69035E+02 -0.27145E+03  0.34048E+03 -0.45295E+03  0.17505E+02  0.14359E+02      298.00
  0.42054E-01  0.95442E+03   -0.42250E-01 -0.42250E-01  0.84500E-01  0.00000E+00  0.00000E+00  0.00000E+00   -0.69210E+02 -0.27206E+03  0.34126E+03 -0.45331E+03  0.17504E+02  0.14379E+02      298.00
  0.42322E-01  0.95563E+03   -0.42500E-01 -0.42500E-01  0.85000E-01  0.00000E+00  0.00000E+00  0.00000E+00   -0.69384E+02 -0.27266E+03  0.34204E+03 -0.45367E+03  0.17502E+02  0.14400E+02      298.00
  0.42590E-01  0.95683E+03   -0.42750E-01 -0.42750E-01  0.85500E-01  0.00000E+00  0.00000E+00  0.00000E+00   -0.69559E+02 -0.27326E+03  0.34282E+03 -0.45403E+03  0.17500E+02  0.14421E+02      298.00
  0.42859E-01  0.95801E+03   -0.43000E-01 -0.43000E-01  0.86000E-01  0.00000E+00  0.00000E+00  0.00000E+00   -0.69735E+02 -0.27386E+03  0.34359E+03 -0.45438E+03  0.17497E+02  0.14443E+02      298.00
  0.43128E-01  0.95919E+03   -0.43250E-01 -0.43250E-01  0.86500E-01  0.00000E+00  0.00000E+00  0.00000E+00   -0.69910E+02 -0.27445E+03  0.34436E+03 -0.45472E+03  0.17493E+02  0.14466E+02      298.00
  0.43397E-01  0.96035E+03   -0.43500E-01 -0.43500E-01  0.87000E-01  0.00000E+00  0.00000E+00  0.00000E+00   -0.70085E+02 -0.27505E+03  0.34513E+03 -0.45505E+03  0.17488E+02  0.14488E+02      298.00
  0.43667E-01  0.96150E+03   -0.43750E-01 -0.43750E-01  0.87500E-01  0.00000E+00  0.00000E+00  0.00000E+00   -0.70261E+02 -0.27564E+03  0.34590E+03 -0.45537E+03  0.17484E+02  0.14509E+02      298.00
  0.43937E-01  0.96264E+03   -0.44000E-01 -0.44000E-01  0.88000E-01  0.00000E+00  0.00000E+00  0.00000E+00   -0.70436E+02 -0.27622E+03  0.34666E+03 -0.45569E+03  0.17480E+02  0.14527E+02      298.00
  0.44207E-01  0.96376E+03   -0.44250E-01 -0.44250E-01  0.88500E-01  0.00000E+00  0.00000E+00  0.00000E+00   -0.70610E+02 -0.27681E+03  0.34742E+03 -0.45601E+03  0.17477E+02  0.14541E+02      298.00
  0.44477E-01  0.96487E+03   -0.44500E-01 -0.44500E-01  0.89000E-01  0.00000E+00  0.00000E+00  0.00000E+00   -0.70784E+02 -0.27739E+03  0.34818E+03 -0.45631E+03  0.17475E+02  0.14549E+02      298.00
  0.44748E-01  0.96533E+03   -0.44750E-01 -0.44750E-01  0.89500E-01  0.00000E+00  0.00000E+00  0.00000E+00   -0.70933E+02 -0.27784E+03  0.34877E+03 -0.45626E+03  0.17419E+02  0.14633E+02      298.00
  0.45019E-01  0.96643E+03   -0.45000E-01 -0.45000E-01  0.90000E-01  0.00000E+00  0.00000E+00  0.00000E+00   -0.71109E+02 -0.27841E+03  0.34952E+03 -0.45656E+03  0.17420E+02  0.14636E+02      298.00
  0.45290E-01  0.96762E+03   -0.45250E-01 -0.45250E-01  0.90500E-01  0.00000E+00  0.00000E+00  0.00000E+00   -0.71375E+02 -0.27888E+03  0.35025E+03 -0.45695E+03  0.17385E+02  0.14743E+02      298.00
  0.45561E-01  0.96872E+03   -0.45500E-01 -0.45500E-01  0.91000E-01  0.00000E+00  0.00000E+00  0.00000E+00   -0.71486E+02 -0.27956E+03  0.35105E+03 -0.45721E+03  0.17399E+02  0.14721E+02      298.00
  0.45833E-01  0.96978E+03   -0.45750E-01 -0.45750E-01  0.91500E-01  0.00000E+00  0.00000E+00  0.00000E+00   -0.71737E+02 -0.28001E+03  0.35175E+03 -0.45753E+03  0.17350E+02  0.14853E+02      298.00
  0.46105E-01  0.97086E+03   -0.46000E-01 -0.46000E-01  0.92000E-01  0.00000E+00  0.00000E+00  0.00000E+00   -0.71847E+02 -0.28069E+03  0.35254E+03 -0.45777E+03  0.17372E+02  0.14806E+02      298.00
  0.46377E-01  0.97181E+03   -0.46250E-01 -0.46250E-01  0.92500E-01  0.00000E+00  0.00000E+00  0.00000E+00   -0.72006E+02 -0.28126E+03  0.35326E+03 -0.45798E+03  0.17372E+02  0.14797E+02      298.00
  0.46650E-01  0.97293E+03   -0.46500E-01 -0.46500E-01  0.93000E-01  0.00000E+00  0.00000E+00  0.00000E+00   -0.72268E+02 -0.28171E+03  0.35398E+03 -0.45833E+03  0.17331E+02  0.14913E+02      298.00
  0.46923E-01  0.97398E+03   -0.46750E-01 -0.46750E-01  0.93500E-01  0.00000E+00  0.00000E+00  0.00000E+00   -0.72382E+02 -0.28238E+03  0.35476E+03 -0.45856E+03  0.17348E+02  0.14878E+02      298.00
  0.47196E-01  0.97498E+03   -0.47000E-01 -0.47000E-01  0.94000E-01  0.00000E+00  0.00000E+00  0.00000E+00   -0.72630E+02 -0.28282E+03  0.35545E+03 -0.45884E+03  0.17297E+02  0.15013E+02      298.00
  0.47470E-01  0.97602E+03   -0.47250E-01 -0.47250E-01  0.94500E-01  0.00000E+00  0.00000E+00  0.00000E+00   -0.72743E+02 -0.28349E+03  0.35623E+03 -0.45906E+03  0.17320E+02  0.14957E+02      298.00
  0.47743E-01  0.97693E+03   -0.47500E-01 -0.47500E-01  0.95000E-01  0.00000E+00  0.00000E+00  0.00000E+00   -0.72905E+02 -0.28404E+03  0.35695E+03 -0.45924E+03  0.17317E+02  0.14951E+02      298.00
  0.48017E-01  0.97798E+03   -0.47750E-01 -0.47750E-01  0.95500E-01  0.00000E+00  0.00000E+00  0.00000E+00   -0.73163E+02 -0.28449E+03  0.35765E+03 -0.45955E+03  0.17272E+02  0.15073E+02      298.00
  0.48292E-01  0.97900E+03   -0.48000E-01 -0.48000E-01  0.96000E-01  0.00000E+00  0.00000E+00  0.00000E+00   -0.73280E+02 -0.28514E+03  0.35842E+03 -0.45976E+03  0.17290E+02  0.15029E+02      298.00
  0.48566E-01  0.97994E+03   -0.48250E-01 -0.48250E-01  0.96500E-01  0.00000E+00  0.00000E+00  0.00000E+00   -0.73526E+02 -0.28558E+03  0.35910E+03 -0.46001E+03  0.17236E+02  0.15166E+02      298.00
  0.48841E-01  0.98094E+03   -0.48500E-01 -0.48500E-01  0.97000E-01  0.00000E+00  0.00000E+00  0.00000E+00   -0.73642E+02 -0.28623E+03  0.35987E+03 -0.46021E+03  0.17260E+02  0.15104E+02      298.00
  0.49116E-01  0.98186E+03   -0.48750E-01 -0.48750E-01  0.97500E-01  0.00000E+00  0.00000E+00  0.00000E+00   -0.73888E+02 -0.28666E+03  0.36055E+03 -0.46044E+03  0.17202E+02  0.15249E+02      298.00
  0.49392E-01  0.98284E+03   -0.49000E-01 -0.49000E-01  0.98000E-01  0.00000E+00  0.00000E+00  0.00000E+00   -0.74004E+02 -0.28731E+03  0.36131E+03 -0.46063E+03  0.17230E+02  0.15174E+02      298.00
  0.49667E-01  0.98374E+03   -0.49250E-01 -0.49250E-01  0.98500E-01  0.00000E+00  0.00000E+00  0.00000E+00   -0.74250E+02 -0.28774E+03  0.36199E+03 -0.46085E+03  0.17169E+02  0.15327E+02      298.00
  0.49943E-01  0.98471E+03   -0.49500E-01 -0.49500E-01  0.99000E-01  0.00000E+00  0.00000E+00  0.00000E+00   -0.74366E+02 -0.28838E+03  0.36275E+03 -0.46103E+03  0.17200E+02  0.15241E+02      298.00
  0.50220E-01  0.98559E+03   -0.49750E-01 -0.49750E-01  0.99500E-01  0.00000E+00  0.00000E+00  0.00000E+00   -0.74612E+02 -0.28880E+03  0.36342E+03 -0.46124E+03  0.17135E+02  0.15399E+02      298.00
  0.50496E-01  0.98654E+03   -0.50000E-01 -0.50000E-01  0.10000E+00  0.00000E+00  0.00000E+00  0.00000E+00   -0.74729E+02 -0.28945E+03  0.36417E+03 -0.46141E+03  0.17169E+02  0.15306E+02      298.00
          Evm          Svm            E11          E22          E33          E23          E13          E12         SDEV11       SDEV22       SDEV33       SDEV23       SDEV13       SDEV12      TEMP
  0.50496E-01  0.98690E+03   -0.50000E-01 -0.50000E-01  0.10000E+00  0.00000E+00  0.00000E+00  0.00000E+00   -0.74731E+02 -0.28953E+03  0.36426E+03 -0.46161E+03  0.17292E+02  0.14983E+02      298.00
  0.50773E-01  0.98742E+03   -0.50250E-01 -0.50250E-01  0.10050E+00  0.00000E+00  0.00000E+00  0.00000E+00   -0.74963E+02 -0.28988E+03  0.36484E+03 -0.46161E+03  0.17126E+02  0.15399E+02      298.00
  0.51050E-01  0.98834E+03   -0.50500E-01 -0.50500E-01  0.10100E+00  0.00000E+00  0.00000E+00  0.00000E+00   -0.75090E+02 -0.29050E+03  0.36559E+03 -0.46177E+03  0.17139E+02  0.15365E+02      298.00
  0.51327E-01  0.98915E+03   -0.50750E-01 -0.50750E-01  0.10150E+00  0.00000E+00  0.00000E+00  0.00000E+00   -0.75259E+02 -0.29102E+03  0.36628E+03 -0.46190E+03  0.17129E+02  0.15372E+02      298.00
  0.51605E-01  0.99005E+03   -0.51000E-01 -0.51000E-01  0.10200E+00  0.00000E+00  0.00000E+00  0.00000E+00   -0.75514E+02 -0.29144E+03  0.36695E+03 -0.46212E+03  0.17059E+02  0.15545E+02      298.00
  0.51883E-01  0.99073E+03   -0.51250E-01 -0.51250E-01  0.10250E+00  0.00000E+00  0.00000E+00  0.00000E+00   -0.75660E+02 -0.29196E+03  0.36762E+03 -0.46216E+03  0.17048E+02  0.15541E+02      298.00
  0.52161E-01  0.99178E+03   -0.51500E-01 -0.51500E-01  0.10300E+00  0.00000E+00  0.00000E+00  0.00000E+00   -0.75809E+02 -0.29259E+03  0.36839E+03 -0.46240E+03  0.17077E+02  0.15474E+02      298.00
  0.52440E-01  0.99263E+03   -0.51750E-01 -0.51750E-01  0.10350E+00  0.00000E+00  0.00000E+00  0.00000E+00   -0.76058E+02 -0.29300E+03  0.36906E+03 -0.46259E+03  0.17008E+02  0.15641E+02      298.00
  0.52719E-01  0.99329E+03   -0.52000E-01 -0.52000E-01  0.10400E+00  0.00000E+00  0.00000E+00  0.00000E+00   -0.76205E+02 -0.29351E+03  0.36972E+03 -0.46262E+03  0.16999E+02  0.15628E+02      298.00
  0.52998E-01  0.99432E+03   -0.52250E-01 -0.52250E-01  0.10450E+00  0.00000E+00  0.00000E+00  0.00000E+00   -0.76354E+02 -0.29413E+03  0.37049E+03 -0.46284E+03  0.17027E+02  0.15559E+02      298.00
  0.53278E-01  0.99513E+03   -0.52500E-01 -0.52500E-01  0.10500E+00  0.00000E+00  0.00000E+00  0.00000E+00   -0.76601E+02 -0.29454E+03  0.37114E+03 -0.46301E+03  0.16957E+02  0.15727E+02      298.00
  0.53557E-01  0.99579E+03   -0.52750E-01 -0.52750E-01  0.10550E+00  0.00000E+00  0.00000E+00  0.00000E+00   -0.76750E+02 -0.29505E+03  0.37180E+03 -0.46304E+03  0.16948E+02  0.15712E+02      298.00
  0.53837E-01  0.99653E+03   -0.53000E-01 -0.53000E-01  0.10600E+00  0.00000E+00  0.00000E+00  0.00000E+00   -0.76926E+02 -0.29555E+03  0.37247E+03 -0.46313E+03  0.16931E+02  0.15728E+02      298.00
  0.54118E-01  0.99759E+03   -0.53250E-01 -0.53250E-01  0.10650E+00  0.00000E+00  0.00000E+00  0.00000E+00   -0.77152E+02 -0.29606E+03  0.37322E+03 -0.46341E+03  0.16891E+02  0.15852E+02      298.00
  0.54398E-01  0.99821E+03   -0.53500E-01 -0.53500E-01  0.10700E+00  0.00000E+00  0.00000E+00  0.00000E+00   -0.77298E+02 -0.29657E+03  0.37387E+03 -0.46341E+03  0.16889E+02  0.15812E+02      298.00
  0.54679E-01  0.99893E+03   -0.53750E-01 -0.53750E-01  0.10750E+00  0.00000E+00  0.00000E+00  0.00000E+00   -0.77475E+02 -0.29706E+03  0.37453E+03 -0.46349E+03  0.16874E+02  0.15821E+02      298.00
  0.54960E-01  0.99996E+03   -0.54000E-01 -0.54000E-01  0.10800E+00  0.00000E+00  0.00000E+00  0.00000E+00   -0.77699E+02 -0.29757E+03  0.37527E+03 -0.46375E+03  0.16832E+02  0.15946E+02      298.00
  0.55242E-01  0.10006E+04   -0.54250E-01 -0.54250E-01  0.10850E+00  0.00000E+00  0.00000E+00  0.00000E+00   -0.77845E+02 -0.29807E+03  0.37592E+03 -0.46375E+03  0.16832E+02  0.15899E+02      298.00
  0.55524E-01  0.10013E+04   -0.54500E-01 -0.54500E-01  0.10900E+00  0.00000E+00  0.00000E+00  0.00000E+00   -0.78023E+02 -0.29856E+03  0.37658E+03 -0.46382E+03  0.16816E+02  0.15907E+02      298.00
  0.55806E-01  0.10023E+04   -0.54750E-01 -0.54750E-01  0.10950E+00  0.00000E+00  0.00000E+00  0.00000E+00   -0.78245E+02 -0.29906E+03  0.37731E+03 -0.46405E+03  0.16773E+02  0.16032E+02      298.00
  0.56088E-01  0.10029E+04   -0.55000E-01 -0.55000E-01  0.11000E+00  0.00000E+00  0.00000E+00  0.00000E+00   -0.78393E+02 -0.29956E+03  0.37795E+03 -0.46404E+03  0.16775E+02  0.15982E+02      298.00
  0.56371E-01  0.10038E+04   -0.55250E-01 -0.55250E-01  0.11050E+00  0.00000E+00  0.00000E+00  0.00000E+00   -0.78610E+02 -0.30005E+03  0.37866E+03 -0.46423E+03  0.16731E+02  0.16095E+02      298.00
  0.56654E-01  0.10043E+04   -0.55500E-01 -0.55500E-01  0.11100E+00  0.00000E+00  0.00000E+00  0.00000E+00   -0.78759E+02 -0.30054E+03  0.37930E+03 -0.46422E+03  0.16734E+02  0.16039E+02      298.00
  0.56937E-01  0.10052E+04   -0.55750E-01 -0.55750E-01  0.11150E+00  0.00000E+00  0.00000E+00  0.00000E+00   -0.78975E+02 -0.30103E+03  0.38001E+03 -0.46439E+03  0.16691E+02  0.16151E+02      298.00
  0.57220E-01  0.10058E+04   -0.56000E-01 -0.56000E-01  0.11200E+00  0.00000E+00  0.00000E+00  0.00000E+00   -0.79125E+02 -0.30152E+03  0.38065E+03 -0.46438E+03  0.16694E+02  0.16093E+02      298.00
  0.57504E-01  0.10067E+04   -0.56250E-01 -0.56250E-01  0.11250E+00  0.00000E+00  0.00000E+00  0.00000E+00   -0.79340E+02 -0.30201E+03  0.38135E+03 -0.46454E+03  0.16650E+02  0.16205E+02      298.00
  0.57788E-01  0.10072E+04   -0.56500E-01 -0.56500E-01  0.11300E+00  0.00000E+00  0.00000E+00  0.00000E+00   -0.79492E+02 -0.30249E+03  0.38198E+03 -0.46452E+03  0.16654E+02  0.16146E+02      298.00
  0.58073E-01  0.10081E+04   -0.56750E-01 -0.56750E-01  0.11350E+00  0.00000E+00  0.00000E+00  0.00000E+00   -0.79705E+02 -0.30298E+03  0.38268E+03 -0.46467E+03  0.16609E+02  0.16257E+02      298.00
  0.58357E-01  0.10087E+04   -0.57000E-01 -0.57000E-01  0.11400E+00  0.00000E+00  0.00000E+00  0.00000E+00   -0.79858E+02 -0.30346E+03  0.38332E+03 -0.46464E+03  0.16613E+02  0.16198E+02      298.00
  0.58642E-01  0.10095E+04   -0.57250E-01 -0.57250E-01  0.11450E+00  0.00000E+00  0.00000E+00  0.00000E+00   -0.80071E+02 -0.30394E+03  0.38401E+03 -0.46478E+03  0.16567E+02  0.16309E+02      298.00
  0.58928E-01  0.10102E+04   -0.57500E-01 -0.57500E-01  0.11500E+00  0.00000E+00  0.00000E+00  0.00000E+00   -0.80256E+02 -0.30442E+03  0.38468E+03 -0.46485E+03  0.16539E+02  0.16363E+02      298.00
  0.59213E-01  0.10107E+04   -0.57750E-01 -0.57750E-01  0.11550E+00  0.00000E+00  0.00000E+00  0.00000E+00   -0.80408E+02 -0.30489E+03  0.38530E+03 -0.46480E+03  0.16547E+02  0.16282E+02      298.00
  0.59499E-01  0.10115E+04   -0.58000E-01 -0.58000E-01  0.11600E+00  0.00000E+00  0.00000E+00  0.00000E+00   -0.80620E+02 -0.30537E+03  0.38599E+03 -0.46492E+03  0.16503E+02  0.16388E+02      298.00
  0.59785E-01  0.10122E+04   -0.58250E-01 -0.58250E-01  0.11650E+00  0.00000E+00  0.00000E+00  0.00000E+00   -0.80805E+02 -0.30585E+03  0.38666E+03 -0.46498E+03  0.16475E+02  0.16440E+02      298.00
  0.60072E-01  0.10129E+04   -0.58500E-01 -0.58500E-01  0.11700E+00  0.00000E+00  0.00000E+00  0.00000E+00   -0.80989E+02 -0.30632E+03  0.38731E+03 -0.46501E+03  0.16450E+02  0.16473E+02      298.00
  0.60359E-01  0.10135E+04   -0.58750E-01 -0.58750E-01  0.11750E+00  0.00000E+00  0.00000E+00  0.00000E+00   -0.81172E+02 -0.30680E+03  0.38797E+03 -0.46504E+03  0.16427E+02  0.16501E+02      298.00
  0.60646E-01  0.10142E+04   -0.59000E-01 -0.59000E-01  0.11800E+00  0.00000E+00  0.00000E+00  0.00000E+00   -0.81356E+02 -0.30727E+03  0.38862E+03 -0.46507E+03  0.16404E+02  0.16527E+02      298.00
  0.60933E-01  0.10148E+04   -0.59250E-01 -0.59250E-01  0.11850E+00  0.00000E+00  0.00000E+00  0.00000E+00   -0.81539E+02 -0.30773E+03  0.38927E+03 -0.46509E+03  0.16382E+02  0.16553E+02      298.00
  0.61221E-01  0.10155E+04   -0.59500E-01 -0.59500E-01  0.11900E+00  0.00000E+00  0.00000E+00  0.00000E+00   -0.81723E+02 -0.30820E+03  0.38992E+03 -0.46511E+03  0.16359E+02  0.16578E+02      298.00
  0.61509E-01  0.10161E+04   -0.59750E-01 -0.59750E-01  0.11950E+00  0.00000E+00  0.00000E+00  0.00000E+00   -0.81906E+02 -0.30867E+03  0.39057E+03 -0.46513E+03  0.16337E+02  0.16603E+02      298.00
  0.61797E-01  0.10167E+04   -0.60000E-01 -0.60000E-01  0.12000E+00  0.00000E+00  0.00000E+00  0.00000E+00   -0.82090E+02 -0.30913E+03  0.39122E+03 -0.46514E+03  0.16314E+02  0.16628E+02      298.00
  0.62086E-01  0.10173E+04   -0.60250E-01 -0.60250E-01  0.12050E+00  0.00000E+00  0.00000E+00  0.00000E+00   -0.82274E+02 -0.30960E+03  0.39187E+03 -0.46515E+03  0.16291E+02  0.16652E+02      298.00
  0.62375E-01  0.10180E+04   -0.60500E-01 -0.60500E-01  0.12100E+00  0.00000E+00  0.00000E+00  0.00000E+00   -0.82458E+02 -0.31006E+03  0.39251E+03 -0.46515E+03  0.16268E+02  0.16677E+02      298.00
  0.62664E-01  0.10186E+04   -0.60750E-01 -0.60750E-01  0.12150E+00  0.00000E+00  0.00000E+00  0.00000E+00   -0.82641E+02 -0.31052E+03  0.39316E+03 -0.46515E+03  0.16245E+02  0.16701E+02      298.00
  0.62953E-01  0.10192E+04   -0.61000E-01 -0.61000E-01  0.12200E+00  0.00000E+00  0.00000E+00  0.00000E+00   -0.82825E+02 -0.31098E+03  0.39380E+03 -0.46515E+03  0.16221E+02  0.16725E+02      298.00
  0.63243E-01  0.10198E+04   -0.61250E-01 -0.61250E-01  0.12250E+00  0.00000E+00  0.00000E+00  0.00000E+00   -0.83009E+02 -0.31144E+03  0.39444E+03 -0.46515E+03  0.16198E+02  0.16749E+02      298.00
  0.63533E-01  0.10204E+04   -0.61500E-01 -0.61500E-01  0.12300E+00  0.00000E+00  0.00000E+00  0.00000E+00   -0.83193E+02 -0.31189E+03  0.39509E+03 -0.46514E+03  0.16174E+02  0.16773E+02      298.00
  0.63824E-01  0.10209E+04   -0.61750E-01 -0.61750E-01  0.12350E+00  0.00000E+00  0.00000E+00  0.00000E+00   -0.83377E+02 -0.31235E+03  0.39572E+03 -0.46513E+03  0.16151E+02  0.16797E+02      298.00
  0.64114E-01  0.10215E+04   -0.62000E-01 -0.62000E-01  0.12400E+00  0.00000E+00  0.00000E+00  0.00000E+00   -0.83561E+02 -0.31280E+03  0.39636E+03 -0.46511E+03  0.16127E+02  0.16820E+02      298.00
  0.64405E-01  0.10221E+04   -0.62250E-01 -0.62250E-01  0.12450E+00  0.00000E+00  0.00000E+00  0.00000E+00   -0.83746E+02 -0.31325E+03  0.39700E+03 -0.46509E+03  0.16103E+02  0.16844E+02      298.00
  0.64697E-01  0.10227E+04   -0.62500E-01 -0.62500E-01  0.12500E+00  0.00000E+00  0.00000E+00  0.00000E+00   -0.83930E+02 -0.31371E+03  0.39764E+03 -0.46507E+03  0.16079E+02  0.16867E+02      298.00
