TEXTURE AT STRAIN =    0.0250
   0.988   1.025   0.988  <-- length of phase ellipsoid axes
  176.18   90.00 -180.00  <-- Euler angles (deg) of phase ellipsoid axes
B         1
    3.24   75.99  124.39   1.0000000
TEXTURE AT STRAIN =    0.0500
   0.975   1.051   0.975  <-- length of phase ellipsoid axes
 -179.47   90.00 -180.00  <-- Euler angles (deg) of phase ellipsoid axes
B         1
    3.14   75.05  123.99   1.0000000
TEXTURE AT STRAIN =    0.0750
   0.963   1.078   0.963  <-- length of phase ellipsoid axes
  178.60   90.00 -180.00  <-- Euler angles (deg) of phase ellipsoid axes
B         1
    3.05   74.04  123.63   1.0000000
TEXTURE AT STRAIN =    0.1000
   0.951   1.105   0.951  <-- length of phase ellipsoid axes
  169.23   90.00 -180.00  <-- Euler angles (deg) of phase ellipsoid axes
B         1
    2.96   72.98  123.32   1.0000000
TEXTURE AT STRAIN =    0.1250
   0.939   1.133   0.939  <-- length of phase ellipsoid axes
  174.33   90.00 -180.00  <-- Euler angles (deg) of phase ellipsoid axes
B         1
    2.88   71.86  123.05   1.0000000
