TEXTURE AT STRAIN =    0.0250
   0.988   1.025   0.988  <-- length of phase ellipsoid axes
  176.41   90.00  180.00  <-- Euler angles (deg) of phase ellipsoid axes
B         1
  -10.88   28.22   98.60   1.0000000
TEXTURE AT STRAIN =    0.0500
   0.975   1.051   0.975  <-- length of phase ellipsoid axes
   93.12   90.00    0.00  <-- Euler angles (deg) of phase ellipsoid axes
B         1
  -10.45   26.85   98.45   1.0000000
TEXTURE AT STRAIN =    0.0750
   0.963   1.078   0.963  <-- length of phase ellipsoid axes
  100.76   90.00    0.00  <-- Euler angles (deg) of phase ellipsoid axes
B         1
  -10.06   25.52   98.30   1.0000000
TEXTURE AT STRAIN =    0.1000
   0.951   1.105   0.951  <-- length of phase ellipsoid axes
  118.87   90.00    0.00  <-- Euler angles (deg) of phase ellipsoid axes
B         1
   -9.72   24.24   98.16   1.0000000
TEXTURE AT STRAIN =    0.1250
   0.939   1.133   0.939  <-- length of phase ellipsoid axes
  110.33   90.00    0.00  <-- Euler angles (deg) of phase ellipsoid axes
B         1
   -9.42   23.01   98.06   1.0000000
