TEXTURE AT STRAIN =    0.0250
   0.988   1.025   0.988  <-- length of phase ellipsoid axes
  135.03   90.00 -180.00  <-- Euler angles (deg) of phase ellipsoid axes
B         1
   46.05   99.60 -115.81   1.0000000
TEXTURE AT STRAIN =    0.0500
   0.975   1.051   0.975  <-- length of phase ellipsoid axes
   50.88   90.00    0.00  <-- Euler angles (deg) of phase ellipsoid axes
B         1
   46.07  100.28 -116.12   1.0000000
TEXTURE AT STRAIN =    0.0750
   0.963   1.078   0.963  <-- length of phase ellipsoid axes
  133.53   90.00    0.00  <-- Euler angles (deg) of phase ellipsoid axes
B         1
   46.11  101.00 -116.42   1.0000000
TEXTURE AT STRAIN =    0.1000
   0.951   1.105   0.951  <-- length of phase ellipsoid axes
  134.56   90.00    0.00  <-- Euler angles (deg) of phase ellipsoid axes
B         1
   46.17  101.76 -116.77   1.0000000
TEXTURE AT STRAIN =    0.1250
   0.939   1.133   0.939  <-- length of phase ellipsoid axes
  129.56   90.00    0.00  <-- Euler angles (deg) of phase ellipsoid axes
B         1
   46.24  102.57 -117.09   1.0000000
