    STEP   AVACS   MODE1   MODE2   MODE3   MODE4
       1   6.000   0.220   0.780   0.000   0.000
       2   6.000   0.147   0.853   0.000   0.000
       3   6.000   0.070   0.930   0.000   0.000
       4   4.000   0.009   0.991   0.000   0.000
       5   6.000   0.091   0.909   0.000   0.000
       6   6.000   0.165   0.835   0.000   0.000
       7   6.000   0.235   0.765   0.000   0.000
       8   6.000   0.307   0.693   0.000   0.000
       9   6.000   0.385   0.615   0.000   0.000
      10   5.000   0.475   0.525   0.000   0.000
      11   3.000   0.591   0.409   0.000   0.000
      12   5.000   0.583   0.241   0.177   0.000
      13   5.000   0.533   0.074   0.393   0.000
      14   7.000   0.572   0.239   0.189   0.000
      15   4.000   0.577   0.415   0.008   0.000
      16   6.000   0.467   0.533   0.000   0.000
      17   6.000   0.374   0.626   0.000   0.000
      18   6.000   0.294   0.706   0.000   0.000
      19   6.000   0.220   0.780   0.000   0.000
      20   6.000   0.147   0.853   0.000   0.000
      21   6.000   0.070   0.930   0.000   0.000
      22   4.000   0.009   0.991   0.000   0.000
      23   6.000   0.091   0.909   0.000   0.000
      24   6.000   0.165   0.835   0.000   0.000
      25   6.000   0.235   0.765   0.000   0.000
      26   6.000   0.307   0.693   0.000   0.000
      27   6.000   0.385   0.615   0.000   0.000
      28   5.000   0.475   0.525   0.000   0.000
      29   3.000   0.591   0.409   0.000   0.000
      30   9.000   0.548   0.452   0.000   0.000
      31  10.000   0.517   0.483   0.000   0.000
      32   9.000   0.537   0.463   0.000   0.000
      33   5.000   0.578   0.422   0.000   0.000
      34   6.000   0.467   0.533   0.000   0.000
      35   6.000   0.374   0.626   0.000   0.000
      36   6.000   0.294   0.706   0.000   0.000
  STRAIN   AVACS   PRITW   SECTW   MODE1   MODE2   MODE3   MODE4   TWFR3   EFFR3   TWFR4   EFFR4
   0.000   6.000   0.000   0.000   0.220   0.780   0.000   0.000   0.000   0.000   0.000   0.000
   0.001   6.000   0.000   0.000   0.220   0.780   0.000   0.000   0.000   0.000   0.000   0.000
   0.001   6.000   0.000   0.000   0.219   0.781   0.000   0.000   0.000   0.000   0.000   0.000
   0.002   6.000   0.000   0.000   0.219   0.781   0.000   0.000   0.000   0.000   0.000   0.000
   0.002   6.000   0.000   0.000   0.218   0.782   0.000   0.000   0.000   0.000   0.000   0.000
   0.003   6.000   0.000   0.000   0.218   0.782   0.000   0.000   0.000   0.000   0.000   0.000
   0.003   6.000   0.000   0.000   0.218   0.782   0.000   0.000   0.000   0.000   0.000   0.000
   0.004   6.000   0.000   0.000   0.217   0.783   0.000   0.000   0.000   0.000   0.000   0.000
   0.004   6.000   0.000   0.000   0.217   0.783   0.000   0.000   0.000   0.000   0.000   0.000
   0.005   6.000   0.000   0.000   0.217   0.783   0.000   0.000   0.000   0.000   0.000   0.000
   0.005   6.000   0.000   0.000   0.217   0.783   0.000   0.000   0.000   0.000   0.000   0.000
   0.006   6.000   0.000   0.000   0.216   0.784   0.000   0.000   0.000   0.000   0.000   0.000
   0.006   6.000   0.000   0.000   0.216   0.784   0.000   0.000   0.000   0.000   0.000   0.000
   0.007   6.000   0.000   0.000   0.216   0.784   0.000   0.000   0.000   0.000   0.000   0.000
   0.007   6.000   0.000   0.000   0.216   0.784   0.000   0.000   0.000   0.000   0.000   0.000
   0.008   6.000   0.000   0.000   0.216   0.784   0.000   0.000   0.000   0.000   0.000   0.000
   0.008   6.000   0.000   0.000   0.215   0.785   0.000   0.000   0.000   0.000   0.000   0.000
   0.009   6.000   0.000   0.000   0.215   0.785   0.000   0.000   0.000   0.000   0.000   0.000
   0.009   6.000   0.000   0.000   0.215   0.785   0.000   0.000   0.000   0.000   0.000   0.000
   0.010   6.000   0.000   0.000   0.215   0.785   0.000   0.000   0.000   0.000   0.000   0.000
   0.010   6.000   0.000   0.000   0.215   0.785   0.000   0.000   0.000   0.000   0.000   0.000
   0.011   6.000   0.000   0.000   0.215   0.785   0.000   0.000   0.000   0.000   0.000   0.000
   0.011   6.000   0.000   0.000   0.214   0.786   0.000   0.000   0.000   0.000   0.000   0.000
   0.012   6.000   0.000   0.000   0.214   0.786   0.000   0.000   0.000   0.000   0.000   0.000
   0.012   6.000   0.000   0.000   0.214   0.786   0.000   0.000   0.000   0.000   0.000   0.000
   0.013   6.000   0.000   0.000   0.214   0.786   0.000   0.000   0.000   0.000   0.000   0.000
   0.013   6.000   0.000   0.000   0.214   0.786   0.000   0.000   0.000   0.000   0.000   0.000
   0.014   6.000   0.000   0.000   0.214   0.786   0.000   0.000   0.000   0.000   0.000   0.000
   0.014   6.000   0.000   0.000   0.213   0.787   0.000   0.000   0.000   0.000   0.000   0.000
   0.015   6.000   0.000   0.000   0.213   0.787   0.000   0.000   0.000   0.000   0.000   0.000
   0.015   6.000   0.000   0.000   0.213   0.787   0.000   0.000   0.000   0.000   0.000   0.000
   0.016   6.000   0.000   0.000   0.213   0.787   0.000   0.000   0.000   0.000   0.000   0.000
   0.016   6.000   0.000   0.000   0.213   0.787   0.000   0.000   0.000   0.000   0.000   0.000
   0.017   6.000   0.000   0.000   0.213   0.787   0.000   0.000   0.000   0.000   0.000   0.000
   0.017   6.000   0.000   0.000   0.212   0.787   0.000   0.000   0.000   0.000   0.000   0.000
   0.018   6.000   0.000   0.000   0.212   0.788   0.000   0.000   0.000   0.000   0.000   0.000
   0.018   6.000   0.000   0.000   0.212   0.788   0.000   0.000   0.000   0.000   0.000   0.000
   0.019   6.000   0.000   0.000   0.212   0.788   0.000   0.000   0.000   0.000   0.000   0.000
   0.019   6.000   0.000   0.000   0.212   0.788   0.000   0.000   0.000   0.000   0.000   0.000
   0.020   6.000   0.000   0.000   0.212   0.788   0.000   0.000   0.000   0.000   0.000   0.000
   0.020   6.000   0.000   0.000   0.211   0.789   0.000   0.000   0.000   0.000   0.000   0.000
   0.021   6.000   0.000   0.000   0.211   0.789   0.000   0.000   0.000   0.000   0.000   0.000
   0.021   6.000   0.000   0.000   0.211   0.789   0.000   0.000   0.000   0.000   0.000   0.000
   0.022   6.000   0.000   0.000   0.211   0.789   0.000   0.000   0.000   0.000   0.000   0.000
   0.022   6.000   0.000   0.000   0.211   0.789   0.000   0.000   0.000   0.000   0.000   0.000
   0.023   6.000   0.000   0.000   0.211   0.789   0.000   0.000   0.000   0.000   0.000   0.000
   0.023   6.000   0.000   0.000   0.210   0.789   0.000   0.000   0.000   0.000   0.000   0.000
   0.024   6.000   0.000   0.000   0.210   0.790   0.000   0.000   0.000   0.000   0.000   0.000
   0.024   6.000   0.000   0.000   0.210   0.790   0.000   0.000   0.000   0.000   0.000   0.000
   0.025   6.000   0.000   0.000   0.210   0.790   0.000   0.000   0.000   0.000   0.000   0.000
   0.025   6.000   0.000   0.000   0.210   0.790   0.000   0.000   0.000   0.000   0.000   0.000
    STEP   AVACS   MODE1   MODE2   MODE3   MODE4
       1   6.000   0.210   0.790   0.000   0.000
       2   6.000   0.134   0.866   0.000   0.000
       3   6.000   0.055   0.945   0.000   0.000
       4   5.000   0.024   0.976   0.000   0.001
       5   6.000   0.103   0.896   0.000   0.001
       6   6.000   0.175   0.825   0.000   0.000
       7   6.000   0.244   0.756   0.000   0.000
       8   6.000   0.314   0.685   0.000   0.000
       9   6.000   0.391   0.609   0.000   0.000
      10   5.000   0.480   0.520   0.000   0.000
      11   4.000   0.594   0.406   0.000   0.000
      12   5.000   0.582   0.235   0.183   0.000
      13   5.000   0.530   0.062   0.408   0.000
      14   4.000   0.554   0.235   0.210   0.000
      15   5.000   0.562   0.414   0.024   0.000
      16   6.000   0.463   0.537   0.000   0.000
      17   6.000   0.368   0.632   0.000   0.000
      18   6.000   0.286   0.714   0.000   0.000
      19   6.000   0.210   0.790   0.000   0.000
      20   6.000   0.134   0.866   0.000   0.000
      21   6.000   0.054   0.945   0.000   0.000
      22   5.000   0.024   0.976   0.000   0.000
      23   6.000   0.103   0.897   0.000   0.000
      24   6.000   0.175   0.825   0.000   0.000
      25   6.000   0.244   0.756   0.000   0.000
      26   6.000   0.314   0.686   0.000   0.000
      27   6.000   0.391   0.609   0.000   0.000
      28   5.000   0.480   0.520   0.000   0.000
      29   4.000   0.594   0.406   0.000   0.000
      30   8.000   0.551   0.436   0.000   0.013
      31  10.000   0.509   0.474   0.000   0.017
      32   8.000   0.524   0.462   0.000   0.014
      33   6.000   0.561   0.436   0.000   0.003
      34   6.000   0.463   0.537   0.000   0.000
      35   6.000   0.368   0.632   0.000   0.000
      36   6.000   0.286   0.714   0.000   0.000
  STRAIN   AVACS   PRITW   SECTW   MODE1   MODE2   MODE3   MODE4   TWFR3   EFFR3   TWFR4   EFFR4
   0.025   6.000   0.000   0.000   0.210   0.790   0.000   0.000   0.000   0.000   0.000   0.000
   0.026   6.000   0.000   0.000   0.209   0.790   0.000   0.000   0.000   0.000   0.000   0.000
   0.026   6.000   0.000   0.000   0.209   0.790   0.000   0.000   0.000   0.000   0.000   0.000
   0.027   6.000   0.000   0.000   0.209   0.791   0.000   0.000   0.000   0.000   0.000   0.000
   0.027   6.000   0.000   0.000   0.209   0.791   0.000   0.000   0.000   0.000   0.000   0.000
   0.028   6.000   0.000   0.000   0.209   0.791   0.000   0.000   0.000   0.000   0.000   0.000
   0.028   6.000   0.000   0.000   0.208   0.791   0.000   0.001   0.000   0.000   0.000   0.000
   0.029   6.000   0.000   0.000   0.208   0.791   0.000   0.001   0.000   0.000   0.000   0.000
   0.029   6.000   0.000   0.000   0.208   0.791   0.000   0.001   0.000   0.000   0.000   0.000
   0.030   6.000   0.000   0.000   0.208   0.792   0.000   0.001   0.000   0.000   0.000   0.000
   0.030   6.000   0.000   0.000   0.208   0.792   0.000   0.001   0.000   0.000   0.000   0.000
   0.031   6.000   0.000   0.000   0.207   0.792   0.000   0.001   0.000   0.000   0.000   0.000
   0.031   6.000   0.000   0.000   0.207   0.792   0.000   0.001   0.000   0.000   0.000   0.000
   0.032   6.000   0.000   0.000   0.207   0.792   0.000   0.001   0.000   0.000   0.000   0.000
   0.032   6.000   0.000   0.000   0.207   0.792   0.000   0.001   0.000   0.000   0.000   0.000
   0.033   6.000   0.000   0.000   0.207   0.792   0.000   0.001   0.000   0.000   0.000   0.000
   0.033   6.000   0.000   0.000   0.206   0.793   0.000   0.001   0.000   0.000   0.000   0.000
   0.034   6.000   0.000   0.000   0.206   0.793   0.000   0.001   0.000   0.000   0.000   0.000
   0.034   6.000   0.000   0.000   0.206   0.793   0.000   0.001   0.000   0.000   0.000   0.000
   0.035   6.000   0.000   0.000   0.206   0.793   0.000   0.001   0.000   0.000   0.000   0.000
   0.035   6.000   0.000   0.000   0.205   0.793   0.000   0.001   0.000   0.000   0.000   0.000
   0.036   6.000   0.000   0.000   0.205   0.793   0.000   0.001   0.000   0.000   0.000   0.000
   0.036   6.000   0.000   0.000   0.205   0.794   0.000   0.001   0.000   0.000   0.000   0.000
   0.037   6.000   0.000   0.000   0.205   0.794   0.000   0.001   0.000   0.000   0.000   0.000
   0.037   6.000   0.000   0.000   0.205   0.794   0.000   0.001   0.000   0.000   0.000   0.000
   0.038   6.000   0.000   0.000   0.205   0.794   0.000   0.001   0.000   0.000   0.000   0.000
   0.038   6.000   0.000   0.000   0.204   0.794   0.000   0.001   0.000   0.000   0.000   0.000
   0.039   6.000   0.000   0.000   0.204   0.794   0.000   0.002   0.000   0.000   0.000   0.000
   0.039   6.000   0.000   0.000   0.204   0.794   0.000   0.002   0.000   0.000   0.000   0.000
   0.040   6.000   0.000   0.000   0.204   0.795   0.000   0.002   0.000   0.000   0.000   0.000
   0.040   6.000   0.000   0.000   0.203   0.795   0.000   0.002   0.000   0.000   0.000   0.000
   0.041   6.000   0.000   0.000   0.203   0.795   0.000   0.002   0.000   0.000   0.000   0.000
   0.041   6.000   0.000   0.000   0.203   0.795   0.000   0.002   0.000   0.000   0.000   0.000
   0.042   6.000   0.000   0.000   0.203   0.795   0.000   0.002   0.000   0.000   0.000   0.000
   0.042   6.000   0.000   0.000   0.203   0.795   0.000   0.002   0.000   0.000   0.000   0.000
   0.043   6.000   0.000   0.000   0.203   0.795   0.000   0.002   0.000   0.000   0.000   0.000
   0.043   6.000   0.000   0.000   0.202   0.796   0.000   0.002   0.000   0.000   0.000   0.000
   0.044   6.000   0.000   0.000   0.202   0.796   0.000   0.002   0.000   0.000   0.000   0.000
   0.044   6.000   0.000   0.000   0.202   0.796   0.000   0.002   0.000   0.000   0.000   0.000
   0.045   6.000   0.000   0.000   0.202   0.796   0.000   0.002   0.000   0.000   0.000   0.000
   0.045   6.000   0.000   0.000   0.201   0.796   0.000   0.002   0.000   0.000   0.000   0.000
   0.046   6.000   0.000   0.000   0.201   0.796   0.000   0.002   0.000   0.000   0.000   0.000
   0.046   6.000   0.000   0.000   0.201   0.796   0.000   0.003   0.000   0.000   0.000   0.000
   0.047   6.000   0.000   0.000   0.201   0.797   0.000   0.003   0.000   0.000   0.000   0.000
   0.047   6.000   0.000   0.000   0.201   0.797   0.000   0.003   0.000   0.000   0.000   0.000
   0.048   6.000   0.000   0.000   0.200   0.797   0.000   0.003   0.000   0.000   0.001   0.000
   0.048   6.000   0.000   0.000   0.200   0.797   0.000   0.003   0.000   0.000   0.001   0.000
   0.049   6.000   0.000   0.000   0.200   0.797   0.000   0.003   0.000   0.000   0.001   0.000
   0.049   6.000   0.000   0.000   0.200   0.797   0.000   0.003   0.000   0.000   0.001   0.000
   0.050   6.000   0.000   0.000   0.199   0.797   0.000   0.003   0.000   0.000   0.001   0.000
   0.050   6.000   0.000   0.000   0.199   0.798   0.000   0.003   0.000   0.000   0.001   0.000
    STEP   AVACS   MODE1   MODE2   MODE3   MODE4
       1   6.000   0.201   0.799   0.000   0.000
       2   6.000   0.123   0.877   0.000   0.000
       3   6.000   0.040   0.960   0.000   0.000
       4   5.000   0.037   0.958   0.000   0.006
       5   6.000   0.115   0.880   0.000   0.005
       6   6.000   0.185   0.810   0.000   0.005
       7   6.000   0.253   0.743   0.000   0.004
       8   6.000   0.323   0.674   0.000   0.003
       9   6.000   0.398   0.600   0.000   0.002
      10   6.000   0.486   0.513   0.000   0.001
      11   4.000   0.598   0.402   0.000   0.000
      12   5.000   0.588   0.231   0.181   0.000
      13   5.000   0.530   0.055   0.414   0.000
      14   4.000   0.546   0.232   0.221   0.000
      15   5.000   0.549   0.412   0.039   0.000
      16   6.000   0.460   0.539   0.000   0.001
      17   6.000   0.363   0.635   0.000   0.002
      18   6.000   0.278   0.719   0.000   0.002
      19   6.000   0.199   0.798   0.000   0.003
      20   6.000   0.121   0.875   0.000   0.004
      21   5.000   0.038   0.958   0.000   0.004
      22   6.000   0.039   0.960   0.000   0.000
      23   6.000   0.117   0.883   0.000   0.000
      24   6.000   0.187   0.813   0.000   0.000
      25   6.000   0.255   0.745   0.000   0.000
      26   6.000   0.324   0.676   0.000   0.000
      27   6.000   0.399   0.601   0.000   0.000
      28   6.000   0.486   0.514   0.000   0.000
      29   4.000   0.598   0.402   0.000   0.000
      30   9.000   0.569   0.337   0.000   0.094
      31  10.000   0.525   0.347   0.000   0.128
      32  10.000   0.529   0.363   0.000   0.108
      33   7.000   0.550   0.420   0.000   0.030
      34   6.000   0.460   0.540   0.000   0.000
      35   6.000   0.364   0.636   0.000   0.000
      36   6.000   0.279   0.721   0.000   0.000
  STRAIN   AVACS   PRITW   SECTW   MODE1   MODE2   MODE3   MODE4   TWFR3   EFFR3   TWFR4   EFFR4
   0.050   6.000   0.000   0.000   0.199   0.798   0.000   0.003   0.000   0.000   0.001   0.000
   0.051   6.000   0.000   0.000   0.199   0.798   0.000   0.003   0.000   0.000   0.001   0.000
   0.051   6.000   0.000   0.000   0.199   0.798   0.000   0.003   0.000   0.000   0.001   0.000
   0.052   6.000   0.000   0.000   0.199   0.798   0.000   0.003   0.000   0.000   0.001   0.000
   0.052   6.000   0.000   0.000   0.198   0.798   0.000   0.003   0.000   0.000   0.001   0.000
   0.053   6.000   0.000   0.000   0.198   0.798   0.000   0.003   0.000   0.000   0.001   0.000
   0.053   6.000   0.000   0.000   0.198   0.799   0.000   0.003   0.000   0.000   0.001   0.000
   0.054   6.000   0.000   0.000   0.198   0.799   0.000   0.004   0.000   0.000   0.001   0.000
   0.054   6.000   0.000   0.000   0.198   0.799   0.000   0.004   0.000   0.000   0.001   0.000
   0.055   6.000   0.000   0.000   0.197   0.799   0.000   0.004   0.000   0.000   0.001   0.000
   0.055   6.000   0.000   0.000   0.197   0.799   0.000   0.004   0.000   0.000   0.001   0.000
   0.056   6.000   0.000   0.000   0.197   0.799   0.000   0.004   0.000   0.000   0.001   0.000
   0.056   6.000   0.000   0.000   0.197   0.799   0.000   0.004   0.000   0.000   0.001   0.000
   0.057   6.000   0.000   0.000   0.197   0.799   0.000   0.004   0.000   0.000   0.001   0.000
   0.057   6.000   0.000   0.000   0.196   0.800   0.000   0.004   0.000   0.000   0.001   0.000
   0.058   6.000   0.000   0.000   0.196   0.800   0.000   0.004   0.000   0.000   0.001   0.000
   0.058   6.000   0.000   0.000   0.196   0.800   0.000   0.004   0.000   0.000   0.001   0.000
   0.059   6.000   0.000   0.000   0.196   0.800   0.000   0.004   0.000   0.000   0.001   0.000
   0.059   6.000   0.000   0.000   0.196   0.800   0.000   0.004   0.000   0.000   0.001   0.000
   0.060   6.000   0.000   0.000   0.195   0.800   0.000   0.004   0.000   0.000   0.001   0.000
   0.060   6.000   0.000   0.000   0.195   0.801   0.000   0.004   0.000   0.000   0.001   0.000
   0.061   6.000   0.000   0.000   0.195   0.801   0.000   0.004   0.000   0.000   0.001   0.000
   0.061   6.000   0.000   0.000   0.195   0.801   0.000   0.004   0.000   0.000   0.001   0.000
   0.062   6.000   0.000   0.000   0.195   0.801   0.000   0.004   0.000   0.000   0.001   0.000
   0.062   6.000   0.000   0.000   0.194   0.801   0.000   0.004   0.000   0.000   0.001   0.000
   0.063   6.000   0.000   0.000   0.194   0.801   0.000   0.005   0.000   0.000   0.001   0.000
   0.063   6.000   0.000   0.000   0.194   0.802   0.000   0.005   0.000   0.000   0.001   0.000
   0.064   6.000   0.000   0.000   0.194   0.802   0.000   0.005   0.000   0.000   0.001   0.000
   0.064   6.000   0.000   0.000   0.194   0.802   0.000   0.005   0.000   0.000   0.001   0.000
   0.065   6.000   0.000   0.000   0.193   0.802   0.000   0.005   0.000   0.000   0.002   0.000
   0.065   6.000   0.000   0.000   0.193   0.802   0.000   0.005   0.000   0.000   0.002   0.000
   0.066   6.000   0.000   0.000   0.193   0.802   0.000   0.005   0.000   0.000   0.002   0.000
   0.066   6.000   0.000   0.000   0.193   0.802   0.000   0.005   0.000   0.000   0.002   0.000
   0.067   6.000   0.000   0.000   0.192   0.803   0.000   0.005   0.000   0.000   0.002   0.000
   0.067   6.000   0.000   0.000   0.192   0.803   0.000   0.005   0.000   0.000   0.002   0.000
   0.068   6.000   0.000   0.000   0.192   0.803   0.000   0.005   0.000   0.000   0.002   0.000
   0.068   6.000   0.000   0.000   0.192   0.803   0.000   0.005   0.000   0.000   0.002   0.000
   0.069   6.000   0.000   0.000   0.192   0.803   0.000   0.005   0.000   0.000   0.002   0.000
   0.069   6.000   0.000   0.000   0.192   0.803   0.000   0.005   0.000   0.000   0.002   0.000
   0.070   6.000   0.000   0.000   0.191   0.804   0.000   0.005   0.000   0.000   0.002   0.000
   0.070   6.000   0.000   0.000   0.191   0.804   0.000   0.005   0.000   0.000   0.002   0.000
   0.071   6.000   0.000   0.000   0.191   0.804   0.000   0.005   0.000   0.000   0.002   0.000
   0.071   6.000   0.000   0.000   0.191   0.804   0.000   0.005   0.000   0.000   0.002   0.000
   0.072   6.000   0.000   0.000   0.191   0.804   0.000   0.005   0.000   0.000   0.002   0.000
   0.072   6.000   0.000   0.000   0.190   0.804   0.000   0.005   0.000   0.000   0.002   0.000
   0.073   6.000   0.000   0.000   0.190   0.805   0.000   0.005   0.000   0.000   0.002   0.000
   0.073   6.000   0.000   0.000   0.190   0.805   0.000   0.005   0.000   0.000   0.002   0.000
   0.074   6.000   0.000   0.000   0.190   0.805   0.000   0.005   0.000   0.000   0.002   0.000
   0.074   6.000   0.000   0.000   0.190   0.805   0.000   0.005   0.000   0.000   0.002   0.000
   0.075   6.000   0.000   0.000   0.190   0.805   0.000   0.005   0.000   0.000   0.002   0.000
   0.075   6.000   0.000   0.000   0.189   0.806   0.000   0.005   0.000   0.000   0.002   0.000
    STEP   AVACS   MODE1   MODE2   MODE3   MODE4
       1   6.000   0.192   0.808   0.000   0.000
       2   6.000   0.111   0.889   0.000   0.000
       3   4.000   0.025   0.975   0.000   0.000
       4   6.000   0.049   0.941   0.000   0.010
       5   6.000   0.126   0.865   0.000   0.009
       6   6.000   0.195   0.796   0.000   0.008
       7   6.000   0.262   0.731   0.000   0.007
       8   6.000   0.331   0.664   0.000   0.006
       9   6.000   0.405   0.591   0.000   0.004
      10   6.000   0.492   0.506   0.000   0.002
      11   4.000   0.603   0.397   0.000   0.000
      12   4.000   0.593   0.228   0.180   0.000
      13   4.000   0.531   0.048   0.421   0.000
      14   5.000   0.537   0.231   0.232   0.000
      15   5.000   0.535   0.410   0.055   0.000
      16   5.000   0.458   0.541   0.000   0.001
      17   6.000   0.358   0.639   0.000   0.003
      18   6.000   0.271   0.725   0.000   0.004
      19   6.000   0.189   0.806   0.000   0.005
      20   6.000   0.108   0.886   0.000   0.006
      21   4.000   0.022   0.972   0.000   0.006
      22   6.000   0.054   0.946   0.000   0.000
      23   6.000   0.130   0.870   0.000   0.000
      24   6.000   0.199   0.801   0.000   0.000
      25   6.000   0.265   0.735   0.000   0.000
      26   6.000   0.333   0.667   0.000   0.000
      27   6.000   0.407   0.593   0.000   0.000
      28   6.000   0.493   0.507   0.000   0.000
      29   4.000   0.603   0.397   0.000   0.000
      30   9.000   0.578   0.300   0.000   0.122
      31  10.000   0.528   0.305   0.000   0.167
      32   9.000   0.524   0.329   0.000   0.146
      33   6.000   0.537   0.410   0.000   0.053
      34   5.000   0.458   0.542   0.000   0.000
      35   6.000   0.359   0.641   0.000   0.000
      36   6.000   0.273   0.727   0.000   0.000
  STRAIN   AVACS   PRITW   SECTW   MODE1   MODE2   MODE3   MODE4   TWFR3   EFFR3   TWFR4   EFFR4
   0.075   6.000   0.000   0.000   0.189   0.806   0.000   0.005   0.000   0.000   0.002   0.000
   0.076   6.000   0.000   0.000   0.189   0.806   0.000   0.005   0.000   0.000   0.002   0.000
   0.076   6.000   0.000   0.000   0.189   0.806   0.000   0.005   0.000   0.000   0.002   0.000
   0.077   6.000   0.000   0.000   0.189   0.806   0.000   0.005   0.000   0.000   0.002   0.000
   0.077   6.000   0.000   0.000   0.189   0.806   0.000   0.005   0.000   0.000   0.003   0.000
   0.078   6.000   0.000   0.000   0.188   0.806   0.000   0.005   0.000   0.000   0.003   0.000
   0.078   6.000   0.000   0.000   0.188   0.807   0.000   0.005   0.000   0.000   0.003   0.000
   0.079   6.000   0.000   0.000   0.188   0.807   0.000   0.005   0.000   0.000   0.003   0.000
   0.079   6.000   0.000   0.000   0.188   0.807   0.000   0.005   0.000   0.000   0.003   0.000
   0.080   6.000   0.000   0.000   0.188   0.807   0.000   0.005   0.000   0.000   0.003   0.000
   0.080   6.000   0.000   0.000   0.188   0.807   0.000   0.005   0.000   0.000   0.003   0.000
   0.081   6.000   0.000   0.000   0.187   0.807   0.000   0.005   0.000   0.000   0.003   0.000
   0.081   6.000   0.000   0.000   0.187   0.808   0.000   0.005   0.000   0.000   0.003   0.000
   0.082   6.000   0.000   0.000   0.187   0.808   0.000   0.005   0.000   0.000   0.003   0.000
   0.082   6.000   0.000   0.000   0.187   0.808   0.000   0.005   0.000   0.000   0.003   0.000
   0.083   6.000   0.000   0.000   0.187   0.808   0.000   0.005   0.000   0.000   0.003   0.000
   0.083   6.000   0.000   0.000   0.186   0.808   0.000   0.005   0.000   0.000   0.003   0.000
   0.084   6.000   0.000   0.000   0.186   0.809   0.000   0.005   0.000   0.000   0.003   0.000
   0.084   6.000   0.000   0.000   0.186   0.809   0.000   0.005   0.000   0.000   0.003   0.000
   0.085   6.000   0.000   0.000   0.186   0.809   0.000   0.005   0.000   0.000   0.003   0.000
   0.085   6.000   0.000   0.000   0.186   0.809   0.000   0.005   0.000   0.000   0.003   0.000
   0.086   6.000   0.000   0.000   0.186   0.809   0.000   0.005   0.000   0.000   0.003   0.000
   0.086   6.000   0.000   0.000   0.185   0.810   0.000   0.005   0.000   0.000   0.003   0.000
   0.087   6.000   0.000   0.000   0.185   0.810   0.000   0.005   0.000   0.000   0.003   0.000
   0.087   6.000   0.000   0.000   0.185   0.810   0.000   0.005   0.000   0.000   0.003   0.000
   0.088   6.000   0.000   0.000   0.185   0.810   0.000   0.005   0.000   0.000   0.003   0.000
   0.088   6.000   0.000   0.000   0.185   0.810   0.000   0.005   0.000   0.000   0.003   0.000
   0.089   6.000   0.000   0.000   0.185   0.810   0.000   0.005   0.000   0.000   0.003   0.000
   0.089   6.000   0.000   0.000   0.184   0.811   0.000   0.005   0.000   0.000   0.003   0.000
   0.090   6.000   0.000   0.000   0.184   0.811   0.000   0.005   0.000   0.000   0.003   0.000
   0.090   6.000   0.000   0.000   0.184   0.811   0.000   0.005   0.000   0.000   0.004   0.000
   0.091   6.000   0.000   0.000   0.184   0.811   0.000   0.005   0.000   0.000   0.004   0.000
   0.091   6.000   0.000   0.000   0.184   0.811   0.000   0.005   0.000   0.000   0.004   0.000
   0.092   6.000   0.000   0.000   0.184   0.812   0.000   0.005   0.000   0.000   0.004   0.000
   0.092   6.000   0.000   0.000   0.183   0.812   0.000   0.005   0.000   0.000   0.004   0.000
   0.093   6.000   0.000   0.000   0.183   0.812   0.000   0.005   0.000   0.000   0.004   0.000
   0.093   6.000   0.000   0.000   0.183   0.812   0.000   0.005   0.000   0.000   0.004   0.000
   0.094   6.000   0.000   0.000   0.183   0.812   0.000   0.005   0.000   0.000   0.004   0.000
   0.094   6.000   0.000   0.000   0.183   0.813   0.000   0.005   0.000   0.000   0.004   0.000
   0.095   6.000   0.000   0.000   0.183   0.813   0.000   0.005   0.000   0.000   0.004   0.000
   0.095   6.000   0.000   0.000   0.182   0.813   0.000   0.005   0.000   0.000   0.004   0.000
   0.096   6.000   0.000   0.000   0.182   0.813   0.000   0.005   0.000   0.000   0.004   0.000
   0.096   6.000   0.000   0.000   0.182   0.813   0.000   0.005   0.000   0.000   0.004   0.000
   0.097   6.000   0.000   0.000   0.182   0.814   0.000   0.005   0.000   0.000   0.004   0.000
   0.097   6.000   0.000   0.000   0.182   0.814   0.000   0.005   0.000   0.000   0.004   0.000
   0.098   6.000   0.000   0.000   0.182   0.814   0.000   0.005   0.000   0.000   0.004   0.000
   0.098   6.000   0.000   0.000   0.181   0.814   0.000   0.005   0.000   0.000   0.004   0.000
   0.099   6.000   0.000   0.000   0.181   0.814   0.000   0.005   0.000   0.000   0.004   0.000
   0.099   6.000   0.000   0.000   0.181   0.814   0.000   0.005   0.000   0.000   0.004   0.000
   0.100   6.000   0.000   0.000   0.181   0.815   0.000   0.004   0.000   0.000   0.004   0.000
   0.100   6.000   0.000   0.000   0.181   0.815   0.000   0.004   0.000   0.000   0.004   0.000
    STEP   AVACS   MODE1   MODE2   MODE3   MODE4
       1   6.000   0.183   0.817   0.000   0.000
       2   6.000   0.099   0.901   0.000   0.000
       3   4.000   0.010   0.990   0.000   0.000
       4   6.000   0.063   0.927   0.000   0.009
       5   6.000   0.139   0.853   0.000   0.009
       6   6.000   0.207   0.785   0.000   0.008
       7   6.000   0.273   0.720   0.000   0.007
       8   6.000   0.340   0.654   0.000   0.005
       9   6.000   0.414   0.582   0.000   0.004
      10   6.000   0.499   0.499   0.000   0.002
      11   4.000   0.608   0.391   0.000   0.000
      12   4.000   0.598   0.224   0.178   0.000
      13   4.000   0.531   0.042   0.427   0.000
      14   5.000   0.529   0.229   0.242   0.000
      15   5.000   0.522   0.407   0.072   0.000
      16   5.000   0.456   0.543   0.000   0.001
      17   6.000   0.355   0.643   0.000   0.002
      18   6.000   0.265   0.732   0.000   0.003
      19   6.000   0.181   0.815   0.000   0.004
      20   6.000   0.096   0.899   0.000   0.005
      21   4.000   0.007   0.988   0.000   0.005
      22   6.000   0.068   0.932   0.000   0.000
      23   6.000   0.143   0.857   0.000   0.000
      24   6.000   0.211   0.789   0.000   0.000
      25   6.000   0.276   0.724   0.000   0.000
      26   6.000   0.342   0.657   0.000   0.000
      27   6.000   0.415   0.585   0.000   0.000
      28   6.000   0.500   0.500   0.000   0.000
      29   4.000   0.608   0.392   0.000   0.000
      30   9.000   0.580   0.322   0.000   0.097
      31  10.000   0.521   0.343   0.000   0.136
      32  10.000   0.511   0.366   0.000   0.123
      33   7.000   0.520   0.425   0.000   0.055
      34   5.000   0.457   0.543   0.000   0.000
      35   6.000   0.356   0.644   0.000   0.000
      36   6.000   0.266   0.733   0.000   0.000
  STRAIN   AVACS   PRITW   SECTW   MODE1   MODE2   MODE3   MODE4   TWFR3   EFFR3   TWFR4   EFFR4
   0.100   6.000   0.000   0.000   0.181   0.815   0.000   0.004   0.000   0.000   0.004   0.000
   0.101   6.000   0.000   0.000   0.181   0.815   0.000   0.004   0.000   0.000   0.004   0.000
   0.101   6.000   0.000   0.000   0.180   0.815   0.000   0.004   0.000   0.000   0.004   0.000
   0.102   6.000   0.000   0.000   0.180   0.815   0.000   0.004   0.000   0.000   0.004   0.000
   0.102   6.000   0.000   0.000   0.180   0.816   0.000   0.004   0.000   0.000   0.004   0.000
   0.103   6.000   0.000   0.000   0.180   0.816   0.000   0.004   0.000   0.000   0.004   0.000
   0.103   6.000   0.000   0.000   0.180   0.816   0.000   0.004   0.000   0.000   0.004   0.000
   0.104   6.000   0.000   0.000   0.180   0.816   0.000   0.004   0.000   0.000   0.004   0.000
   0.104   6.000   0.000   0.000   0.179   0.817   0.000   0.004   0.000   0.000   0.005   0.000
   0.105   6.000   0.000   0.000   0.179   0.817   0.000   0.004   0.000   0.000   0.005   0.000
   0.105   6.000   0.000   0.000   0.179   0.817   0.000   0.004   0.000   0.000   0.005   0.000
   0.106   6.000   0.000   0.000   0.179   0.817   0.000   0.004   0.000   0.000   0.005   0.000
   0.106   6.000   0.000   0.000   0.179   0.817   0.000   0.004   0.000   0.000   0.005   0.000
   0.107   6.000   0.000   0.000   0.178   0.817   0.000   0.004   0.000   0.000   0.005   0.000
   0.107   6.000   0.000   0.000   0.178   0.818   0.000   0.004   0.000   0.000   0.005   0.000
   0.108   6.000   0.000   0.000   0.178   0.818   0.000   0.004   0.000   0.000   0.005   0.000
   0.108   6.000   0.000   0.000   0.178   0.818   0.000   0.004   0.000   0.000   0.005   0.000
   0.109   6.000   0.000   0.000   0.178   0.818   0.000   0.004   0.000   0.000   0.005   0.000
   0.109   6.000   0.000   0.000   0.178   0.818   0.000   0.004   0.000   0.000   0.005   0.000
   0.110   6.000   0.000   0.000   0.177   0.819   0.000   0.004   0.000   0.000   0.005   0.000
   0.110   6.000   0.000   0.000   0.177   0.819   0.000   0.004   0.000   0.000   0.005   0.000
   0.111   6.000   0.000   0.000   0.177   0.819   0.000   0.004   0.000   0.000   0.005   0.000
   0.111   6.000   0.000   0.000   0.177   0.819   0.000   0.004   0.000   0.000   0.005   0.000
   0.112   6.000   0.000   0.000   0.177   0.819   0.000   0.004   0.000   0.000   0.005   0.000
   0.112   6.000   0.000   0.000   0.177   0.820   0.000   0.004   0.000   0.000   0.005   0.000
   0.113   6.000   0.000   0.000   0.176   0.820   0.000   0.004   0.000   0.000   0.005   0.000
   0.113   6.000   0.000   0.000   0.176   0.820   0.000   0.004   0.000   0.000   0.005   0.000
   0.114   6.000   0.000   0.000   0.176   0.820   0.000   0.004   0.000   0.000   0.005   0.000
   0.114   6.000   0.000   0.000   0.176   0.820   0.000   0.004   0.000   0.000   0.005   0.000
   0.115   6.000   0.000   0.000   0.176   0.821   0.000   0.004   0.000   0.000   0.005   0.000
   0.115   6.000   0.000   0.000   0.176   0.821   0.000   0.004   0.000   0.000   0.005   0.000
   0.116   6.000   0.000   0.000   0.176   0.821   0.000   0.004   0.000   0.000   0.005   0.000
   0.116   6.000   0.000   0.000   0.175   0.821   0.000   0.004   0.000   0.000   0.005   0.000
   0.117   6.000   0.000   0.000   0.175   0.821   0.000   0.003   0.000   0.000   0.005   0.000
   0.117   6.000   0.000   0.000   0.175   0.822   0.000   0.003   0.000   0.000   0.005   0.000
   0.118   6.000   0.000   0.000   0.175   0.822   0.000   0.003   0.000   0.000   0.005   0.000
   0.118   6.000   0.000   0.000   0.175   0.822   0.000   0.003   0.000   0.000   0.005   0.000
   0.119   6.000   0.000   0.000   0.175   0.822   0.000   0.003   0.000   0.000   0.005   0.000
   0.119   6.000   0.000   0.000   0.174   0.822   0.000   0.003   0.000   0.000   0.005   0.000
   0.120   6.000   0.000   0.000   0.174   0.822   0.000   0.003   0.000   0.000   0.005   0.000
   0.120   6.000   0.000   0.000   0.174   0.823   0.000   0.003   0.000   0.000   0.005   0.000
   0.121   6.000   0.000   0.000   0.174   0.823   0.000   0.003   0.000   0.000   0.005   0.000
   0.121   6.000   0.000   0.000   0.174   0.823   0.000   0.003   0.000   0.000   0.005   0.000
   0.122   6.000   0.000   0.000   0.174   0.823   0.000   0.003   0.000   0.000   0.005   0.000
   0.122   6.000   0.000   0.000   0.173   0.823   0.000   0.003   0.000   0.000   0.006   0.000
   0.123   6.000   0.000   0.000   0.173   0.824   0.000   0.003   0.000   0.000   0.006   0.000
   0.123   6.000   0.000   0.000   0.173   0.824   0.000   0.003   0.000   0.000   0.006   0.000
   0.124   6.000   0.000   0.000   0.173   0.824   0.000   0.003   0.000   0.000   0.006   0.000
   0.124   6.000   0.000   0.000   0.173   0.824   0.000   0.003   0.000   0.000   0.006   0.000
   0.125   6.000   0.000   0.000   0.173   0.824   0.000   0.003   0.000   0.000   0.006   0.000
   0.125   6.000   0.000   0.000   0.172   0.825   0.000   0.003   0.000   0.000   0.006   0.000
    STEP   AVACS   MODE1   MODE2   MODE3   MODE4
       1   6.000   0.174   0.826   0.000   0.000
       2   6.000   0.086   0.914   0.000   0.000
       3   4.000   0.000   0.998   0.000   0.002
       4   6.000   0.078   0.915   0.000   0.007
       5   6.000   0.152   0.842   0.000   0.006
       6   7.000   0.219   0.775   0.000   0.006
       7   7.000   0.284   0.711   0.000   0.005
       8   7.000   0.351   0.645   0.000   0.004
       9   6.000   0.423   0.574   0.000   0.003
      10   6.000   0.507   0.491   0.000   0.002
      11   4.000   0.614   0.386   0.000   0.000
      12   4.000   0.603   0.220   0.177   0.000
      13   4.000   0.532   0.035   0.433   0.000
      14   5.000   0.521   0.226   0.253   0.000
      15   5.000   0.508   0.403   0.089   0.000
      16   5.000   0.456   0.544   0.000   0.000
      17   6.000   0.352   0.647   0.000   0.001
      18   6.000   0.260   0.738   0.000   0.002
      19   6.000   0.172   0.825   0.000   0.003
      20   6.000   0.085   0.912   0.000   0.004
      21   4.000   0.000   1.000   0.000   0.000
      22   6.000   0.081   0.919   0.000   0.000
      23   6.000   0.155   0.845   0.000   0.000
      24   7.000   0.222   0.778   0.000   0.000
      25   7.000   0.286   0.714   0.000   0.000
      26   7.000   0.352   0.648   0.000   0.000
      27   6.000   0.424   0.576   0.000   0.000
      28   6.000   0.507   0.493   0.000   0.000
      29   4.000   0.614   0.386   0.000   0.000
      30   9.000   0.581   0.357   0.000   0.062
      31  10.000   0.511   0.401   0.000   0.088
      32  10.000   0.496   0.422   0.000   0.082
      33   8.000   0.501   0.455   0.000   0.043
      34   5.000   0.456   0.544   0.000   0.000
      35   6.000   0.352   0.647   0.000   0.000
      36   6.000   0.261   0.739   0.000   0.000
