          Evm          Svm            E11          E22          E33          E23          E13          E12         SDEV11       SDEV22       SDEV33       SDEV23       SDEV13       SDEV12      TEMP
  0.00000E+00  0.46340E+03    0.00000E+00  0.00000E+00  0.00000E+00  0.00000E+00  0.00000E+00  0.00000E+00   -0.24749E+02 -0.21371E+03  0.23846E+03 -0.13659E+03  0.18138E+00  0.36766E+02      298.00
  0.38593E-03  0.47282E+03   -0.25000E-03 -0.25000E-03  0.50000E-03  0.00000E+00  0.00000E+00  0.00000E+00   -0.27108E+02 -0.21736E+03  0.24447E+03 -0.13859E+03 -0.12244E+01  0.37908E+02      298.00
  0.77372E-03  0.48202E+03   -0.50000E-03 -0.50000E-03  0.10000E-02  0.00000E+00  0.00000E+00  0.00000E+00   -0.29176E+02 -0.22106E+03  0.25024E+03 -0.14059E+03 -0.23101E+01  0.38806E+02      298.00
  0.11631E-02  0.49114E+03   -0.75000E-03 -0.75000E-03  0.15000E-02  0.00000E+00  0.00000E+00  0.00000E+00   -0.31014E+02 -0.22483E+03  0.25584E+03 -0.14262E+03 -0.32518E+01  0.39653E+02      298.00
  0.15538E-02  0.50020E+03   -0.10000E-02 -0.10000E-02  0.20000E-02  0.00000E+00  0.00000E+00  0.00000E+00   -0.32672E+02 -0.22863E+03  0.26130E+03 -0.14468E+03 -0.40948E+01  0.40524E+02      298.00
  0.19456E-02  0.50863E+03   -0.12500E-02 -0.12500E-02  0.25000E-02  0.00000E+00  0.00000E+00  0.00000E+00   -0.34149E+02 -0.23221E+03  0.26636E+03 -0.14657E+03 -0.47993E+01  0.41349E+02      298.00
  0.23383E-02  0.51737E+03   -0.15000E-02 -0.15000E-02  0.30000E-02  0.00000E+00  0.00000E+00  0.00000E+00   -0.35471E+02 -0.23602E+03  0.27149E+03 -0.14861E+03 -0.53967E+01  0.42108E+02      298.00
  0.27319E-02  0.52583E+03   -0.17500E-02 -0.17500E-02  0.35000E-02  0.00000E+00  0.00000E+00  0.00000E+00   -0.36663E+02 -0.23976E+03  0.27642E+03 -0.15059E+03 -0.59048E+01  0.42853E+02      298.00
  0.31262E-02  0.53433E+03   -0.20000E-02 -0.20000E-02  0.40000E-02  0.00000E+00  0.00000E+00  0.00000E+00   -0.37752E+02 -0.24355E+03  0.28130E+03 -0.15262E+03 -0.63603E+01  0.43618E+02      298.00
  0.35210E-02  0.54258E+03   -0.22500E-02 -0.22500E-02  0.45000E-02  0.00000E+00  0.00000E+00  0.00000E+00   -0.38741E+02 -0.24726E+03  0.28601E+03 -0.15458E+03 -0.67338E+01  0.44365E+02      298.00
  0.39163E-02  0.55062E+03   -0.25000E-02 -0.25000E-02  0.50000E-02  0.00000E+00  0.00000E+00  0.00000E+00   -0.39625E+02 -0.25095E+03  0.29057E+03 -0.15651E+03 -0.70308E+01  0.45046E+02      298.00
  0.43121E-02  0.55857E+03   -0.27500E-02 -0.27500E-02  0.55000E-02  0.00000E+00  0.00000E+00  0.00000E+00   -0.40407E+02 -0.25465E+03  0.29506E+03 -0.15841E+03 -0.72588E+01  0.45646E+02      298.00
  0.47083E-02  0.56621E+03   -0.30000E-02 -0.30000E-02  0.60000E-02  0.00000E+00  0.00000E+00  0.00000E+00   -0.41177E+02 -0.25817E+03  0.29935E+03 -0.16024E+03 -0.74873E+01  0.46396E+02      298.00
  0.51048E-02  0.57366E+03   -0.32500E-02 -0.32500E-02  0.65000E-02  0.00000E+00  0.00000E+00  0.00000E+00   -0.41851E+02 -0.26167E+03  0.30352E+03 -0.16202E+03 -0.76451E+01  0.47020E+02      298.00
  0.55017E-02  0.58121E+03   -0.35000E-02 -0.35000E-02  0.70000E-02  0.00000E+00  0.00000E+00  0.00000E+00   -0.42483E+02 -0.26524E+03  0.30773E+03 -0.16384E+03 -0.77806E+01  0.47678E+02      298.00
  0.58987E-02  0.58864E+03   -0.37500E-02 -0.37500E-02  0.75000E-02  0.00000E+00  0.00000E+00  0.00000E+00   -0.43058E+02 -0.26879E+03  0.31185E+03 -0.16564E+03 -0.78455E+01  0.48250E+02      298.00
  0.62961E-02  0.59632E+03   -0.40000E-02 -0.40000E-02  0.80000E-02  0.00000E+00  0.00000E+00  0.00000E+00   -0.43551E+02 -0.27252E+03  0.31607E+03 -0.16751E+03 -0.79225E+01  0.48769E+02      298.00
  0.66936E-02  0.60321E+03   -0.42500E-02 -0.42500E-02  0.85000E-02  0.00000E+00  0.00000E+00  0.00000E+00   -0.44081E+02 -0.27581E+03  0.31989E+03 -0.16915E+03 -0.79608E+01  0.49410E+02      298.00
  0.70913E-02  0.61066E+03   -0.45000E-02 -0.45000E-02  0.90000E-02  0.00000E+00  0.00000E+00  0.00000E+00   -0.44544E+02 -0.27942E+03  0.32396E+03 -0.17097E+03 -0.80157E+01  0.49996E+02      298.00
  0.74892E-02  0.61765E+03   -0.47500E-02 -0.47500E-02  0.95000E-02  0.00000E+00  0.00000E+00  0.00000E+00   -0.44975E+02 -0.28284E+03  0.32781E+03 -0.17265E+03 -0.79914E+01  0.50522E+02      298.00
  0.78873E-02  0.62454E+03   -0.50000E-02 -0.50000E-02  0.10000E-01  0.00000E+00  0.00000E+00  0.00000E+00   -0.45384E+02 -0.28622E+03  0.33160E+03 -0.17429E+03 -0.79539E+01  0.51044E+02      298.00
  0.82855E-02  0.63142E+03   -0.52500E-02 -0.52500E-02  0.10500E-01  0.00000E+00  0.00000E+00  0.00000E+00   -0.45828E+02 -0.28954E+03  0.33537E+03 -0.17595E+03 -0.79296E+01  0.51708E+02      298.00
  0.86838E-02  0.63810E+03   -0.55000E-02 -0.55000E-02  0.11000E-01  0.00000E+00  0.00000E+00  0.00000E+00   -0.46197E+02 -0.29284E+03  0.33903E+03 -0.17753E+03 -0.78629E+01  0.52206E+02      298.00
  0.90823E-02  0.64468E+03   -0.57500E-02 -0.57500E-02  0.11500E-01  0.00000E+00  0.00000E+00  0.00000E+00   -0.46557E+02 -0.29609E+03  0.34265E+03 -0.17908E+03 -0.78377E+01  0.52757E+02      298.00
  0.94810E-02  0.65078E+03   -0.60000E-02 -0.60000E-02  0.12000E-01  0.00000E+00  0.00000E+00  0.00000E+00   -0.46892E+02 -0.29913E+03  0.34602E+03 -0.18047E+03 -0.78047E+01  0.53275E+02      298.00
  0.98797E-02  0.65766E+03   -0.62500E-02 -0.62500E-02  0.12500E-01  0.00000E+00  0.00000E+00  0.00000E+00   -0.47217E+02 -0.30255E+03  0.34977E+03 -0.18212E+03 -0.77239E+01  0.53762E+02      298.00
  0.10279E-01  0.66348E+03   -0.65000E-02 -0.65000E-02  0.13000E-01  0.00000E+00  0.00000E+00  0.00000E+00   -0.47529E+02 -0.30548E+03  0.35301E+03 -0.18342E+03 -0.76224E+01  0.54231E+02      298.00
  0.10678E-01  0.66968E+03   -0.67500E-02 -0.67500E-02  0.13500E-01  0.00000E+00  0.00000E+00  0.00000E+00   -0.47867E+02 -0.30855E+03  0.35641E+03 -0.18485E+03 -0.75327E+01  0.54793E+02      298.00
  0.11077E-01  0.67581E+03   -0.70000E-02 -0.70000E-02  0.14000E-01  0.00000E+00  0.00000E+00  0.00000E+00   -0.48136E+02 -0.31166E+03  0.35979E+03 -0.18624E+03 -0.74609E+01  0.55212E+02      298.00
  0.11476E-01  0.68219E+03   -0.72500E-02 -0.72500E-02  0.14500E-01  0.00000E+00  0.00000E+00  0.00000E+00   -0.48438E+02 -0.31485E+03  0.36328E+03 -0.18773E+03 -0.73760E+01  0.55723E+02      298.00
  0.11876E-01  0.68805E+03   -0.75000E-02 -0.75000E-02  0.15000E-01  0.00000E+00  0.00000E+00  0.00000E+00   -0.48706E+02 -0.31782E+03  0.36653E+03 -0.18903E+03 -0.72885E+01  0.56167E+02      298.00
  0.12275E-01  0.69389E+03   -0.77500E-02 -0.77500E-02  0.15500E-01  0.00000E+00  0.00000E+00  0.00000E+00   -0.48989E+02 -0.32077E+03  0.36976E+03 -0.19034E+03 -0.72014E+01  0.56643E+02      298.00
  0.12675E-01  0.69982E+03   -0.80000E-02 -0.80000E-02  0.16000E-01  0.00000E+00  0.00000E+00  0.00000E+00   -0.49259E+02 -0.32377E+03  0.37303E+03 -0.19167E+03 -0.70939E+01  0.57090E+02      298.00
  0.13074E-01  0.70533E+03   -0.82500E-02 -0.82500E-02  0.16500E-01  0.00000E+00  0.00000E+00  0.00000E+00   -0.49523E+02 -0.32658E+03  0.37610E+03 -0.19285E+03 -0.69918E+01  0.57531E+02      298.00
  0.13474E-01  0.71109E+03   -0.85000E-02 -0.85000E-02  0.17000E-01  0.00000E+00  0.00000E+00  0.00000E+00   -0.49787E+02 -0.32951E+03  0.37929E+03 -0.19412E+03 -0.68883E+01  0.57977E+02      298.00
  0.13874E-01  0.71644E+03   -0.87500E-02 -0.87500E-02  0.17500E-01  0.00000E+00  0.00000E+00  0.00000E+00   -0.50039E+02 -0.33225E+03  0.38228E+03 -0.19526E+03 -0.67686E+01  0.58384E+02      298.00
  0.14275E-01  0.72203E+03   -0.90000E-02 -0.90000E-02  0.18000E-01  0.00000E+00  0.00000E+00  0.00000E+00   -0.50298E+02 -0.33510E+03  0.38539E+03 -0.19647E+03 -0.66713E+01  0.58829E+02      298.00
  0.14675E-01  0.72723E+03   -0.92500E-02 -0.92500E-02  0.18500E-01  0.00000E+00  0.00000E+00  0.00000E+00   -0.50540E+02 -0.33777E+03  0.38831E+03 -0.19754E+03 -0.65351E+01  0.59204E+02      298.00
  0.15075E-01  0.73266E+03   -0.95000E-02 -0.95000E-02  0.19000E-01  0.00000E+00  0.00000E+00  0.00000E+00   -0.50795E+02 -0.34055E+03  0.39134E+03 -0.19870E+03 -0.64438E+01  0.59649E+02      298.00
  0.15476E-01  0.73787E+03   -0.97500E-02 -0.97500E-02  0.19500E-01  0.00000E+00  0.00000E+00  0.00000E+00   -0.51042E+02 -0.34322E+03  0.39427E+03 -0.19977E+03 -0.63447E+01  0.60072E+02      298.00
  0.15877E-01  0.74234E+03   -0.10000E-01 -0.10000E-01  0.20000E-01  0.00000E+00  0.00000E+00  0.00000E+00   -0.51311E+02 -0.34553E+03  0.39684E+03 -0.20064E+03 -0.61290E+01  0.60400E+02      298.00
  0.16278E-01  0.74803E+03   -0.10250E-01 -0.10250E-01  0.20500E-01  0.00000E+00  0.00000E+00  0.00000E+00   -0.51520E+02 -0.34848E+03  0.40000E+03 -0.20184E+03 -0.60828E+01  0.60817E+02      298.00
  0.16679E-01  0.75325E+03   -0.10500E-01 -0.10500E-01  0.21000E-01  0.00000E+00  0.00000E+00  0.00000E+00   -0.51678E+02 -0.35126E+03  0.40293E+03 -0.20287E+03 -0.60100E+01  0.61084E+02      298.00
  0.17080E-01  0.75783E+03   -0.10750E-01 -0.10750E-01  0.21500E-01  0.00000E+00  0.00000E+00  0.00000E+00   -0.51900E+02 -0.35369E+03  0.40559E+03 -0.20380E+03 -0.54156E+01  0.61031E+02      298.00
  0.17481E-01  0.76192E+03   -0.11000E-01 -0.11000E-01  0.22000E-01  0.00000E+00  0.00000E+00  0.00000E+00   -0.52166E+02 -0.35580E+03  0.40796E+03 -0.20452E+03 -0.53320E+01  0.61456E+02      298.00
  0.17883E-01  0.76785E+03   -0.11250E-01 -0.11250E-01  0.22500E-01  0.00000E+00  0.00000E+00  0.00000E+00   -0.52473E+02 -0.35876E+03  0.41123E+03 -0.20580E+03 -0.54437E+01  0.62180E+02      298.00
  0.18285E-01  0.77242E+03   -0.11500E-01 -0.11500E-01  0.23000E-01  0.00000E+00  0.00000E+00  0.00000E+00   -0.52674E+02 -0.36117E+03  0.41385E+03 -0.20662E+03 -0.54231E+01  0.62566E+02      298.00
  0.18686E-01  0.77607E+03   -0.11750E-01 -0.11750E-01  0.23500E-01  0.00000E+00  0.00000E+00  0.00000E+00   -0.52980E+02 -0.36305E+03  0.41603E+03 -0.20725E+03 -0.49023E+01  0.62733E+02      298.00
  0.19088E-01  0.78056E+03   -0.12000E-01 -0.12000E-01  0.24000E-01  0.00000E+00  0.00000E+00  0.00000E+00   -0.53115E+02 -0.36551E+03  0.41862E+03 -0.20805E+03 -0.48367E+01  0.62874E+02      298.00
  0.19491E-01  0.78502E+03   -0.12250E-01 -0.12250E-01  0.24500E-01  0.00000E+00  0.00000E+00  0.00000E+00   -0.53325E+02 -0.36786E+03  0.42118E+03 -0.20883E+03 -0.48874E+01  0.63327E+02      298.00
  0.19893E-01  0.79058E+03   -0.12500E-01 -0.12500E-01  0.25000E-01  0.00000E+00  0.00000E+00  0.00000E+00   -0.53623E+02 -0.37067E+03  0.42429E+03 -0.21001E+03 -0.46804E+01  0.63747E+02      298.00
          Evm          Svm            E11          E22          E33          E23          E13          E12         SDEV11       SDEV22       SDEV33       SDEV23       SDEV13       SDEV12      TEMP
  0.19893E-01  0.79001E+03   -0.12500E-01 -0.12500E-01  0.25000E-01  0.00000E+00  0.00000E+00  0.00000E+00   -0.53603E+02 -0.37040E+03  0.42400E+03 -0.20982E+03 -0.47637E+01  0.63767E+02      298.00
  0.20296E-01  0.79381E+03   -0.12750E-01 -0.12750E-01  0.25500E-01  0.00000E+00  0.00000E+00  0.00000E+00   -0.53755E+02 -0.37251E+03  0.42626E+03 -0.21040E+03 -0.45472E+01  0.63853E+02      298.00
  0.20698E-01  0.79860E+03   -0.13000E-01 -0.13000E-01  0.26000E-01  0.00000E+00  0.00000E+00  0.00000E+00   -0.54164E+02 -0.37480E+03  0.42896E+03 -0.21133E+03 -0.47048E+01  0.64771E+02      298.00
  0.21101E-01  0.80343E+03   -0.13250E-01 -0.13250E-01  0.26500E-01  0.00000E+00  0.00000E+00  0.00000E+00   -0.54261E+02 -0.37748E+03  0.43174E+03 -0.21221E+03 -0.45438E+01  0.64806E+02      298.00
  0.21504E-01  0.80758E+03   -0.13500E-01 -0.13500E-01  0.27000E-01  0.00000E+00  0.00000E+00  0.00000E+00   -0.54520E+02 -0.37964E+03  0.43416E+03 -0.21292E+03 -0.43856E+01  0.65155E+02      298.00
  0.21907E-01  0.81071E+03   -0.13750E-01 -0.13750E-01  0.27500E-01  0.00000E+00  0.00000E+00  0.00000E+00   -0.54734E+02 -0.38135E+03  0.43608E+03 -0.21330E+03 -0.42269E+01  0.65371E+02      298.00
  0.22311E-01  0.81573E+03   -0.14000E-01 -0.14000E-01  0.28000E-01  0.00000E+00  0.00000E+00  0.00000E+00   -0.54937E+02 -0.38400E+03  0.43894E+03 -0.21426E+03 -0.40978E+01  0.65653E+02      298.00
  0.22714E-01  0.81967E+03   -0.14250E-01 -0.14250E-01  0.28500E-01  0.00000E+00  0.00000E+00  0.00000E+00   -0.55189E+02 -0.38607E+03  0.44126E+03 -0.21489E+03 -0.39596E+01  0.65990E+02      298.00
  0.23118E-01  0.82272E+03   -0.14500E-01 -0.14500E-01  0.29000E-01  0.00000E+00  0.00000E+00  0.00000E+00   -0.55458E+02 -0.38769E+03  0.44314E+03 -0.21525E+03 -0.38315E+01  0.66331E+02      298.00
  0.23522E-01  0.82745E+03   -0.14750E-01 -0.14750E-01  0.29500E-01  0.00000E+00  0.00000E+00  0.00000E+00   -0.55610E+02 -0.39026E+03  0.44587E+03 -0.21610E+03 -0.36011E+01  0.66413E+02      298.00
  0.23926E-01  0.83121E+03   -0.15000E-01 -0.15000E-01  0.30000E-01  0.00000E+00  0.00000E+00  0.00000E+00   -0.55845E+02 -0.39226E+03  0.44811E+03 -0.21667E+03 -0.34672E+01  0.66709E+02      298.00
  0.24331E-01  0.83500E+03   -0.15250E-01 -0.15250E-01  0.30500E-01  0.00000E+00  0.00000E+00  0.00000E+00   -0.56094E+02 -0.39427E+03  0.45036E+03 -0.21724E+03 -0.33295E+01  0.67027E+02      298.00
  0.24735E-01  0.83788E+03   -0.15500E-01 -0.15500E-01  0.31000E-01  0.00000E+00  0.00000E+00  0.00000E+00   -0.56283E+02 -0.39591E+03  0.45219E+03 -0.21756E+03 -0.28535E+01  0.66927E+02      298.00
  0.25140E-01  0.84225E+03   -0.15750E-01 -0.15750E-01  0.31500E-01  0.00000E+00  0.00000E+00  0.00000E+00   -0.56501E+02 -0.39823E+03  0.45473E+03 -0.21830E+03 -0.27392E+01  0.67207E+02      298.00
  0.25545E-01  0.84576E+03   -0.16000E-01 -0.16000E-01  0.32000E-01  0.00000E+00  0.00000E+00  0.00000E+00   -0.56724E+02 -0.40014E+03  0.45686E+03 -0.21878E+03 -0.25012E+01  0.67381E+02      298.00
  0.25950E-01  0.84929E+03   -0.16250E-01 -0.16250E-01  0.32500E-01  0.00000E+00  0.00000E+00  0.00000E+00   -0.56982E+02 -0.40201E+03  0.45899E+03 -0.21928E+03 -0.22728E+01  0.67644E+02      298.00
  0.26355E-01  0.85226E+03   -0.16500E-01 -0.16500E-01  0.33000E-01  0.00000E+00  0.00000E+00  0.00000E+00   -0.57368E+02 -0.40347E+03  0.46084E+03 -0.21965E+03 -0.19582E+01  0.68084E+02      298.00
  0.26761E-01  0.85573E+03   -0.16750E-01 -0.16750E-01  0.33500E-01  0.00000E+00  0.00000E+00  0.00000E+00   -0.57474E+02 -0.40547E+03  0.46295E+03 -0.22007E+03 -0.19413E+01  0.68155E+02      298.00
  0.27167E-01  0.85914E+03   -0.17000E-01 -0.17000E-01  0.34000E-01  0.00000E+00  0.00000E+00  0.00000E+00   -0.57699E+02 -0.40732E+03  0.46502E+03 -0.22050E+03 -0.17309E+01  0.68344E+02      298.00
  0.27573E-01  0.86248E+03   -0.17250E-01 -0.17250E-01  0.34500E-01  0.00000E+00  0.00000E+00  0.00000E+00   -0.57925E+02 -0.40914E+03  0.46707E+03 -0.22092E+03 -0.15191E+01  0.68531E+02      298.00
  0.27979E-01  0.86578E+03   -0.17500E-01 -0.17500E-01  0.35000E-01  0.00000E+00  0.00000E+00  0.00000E+00   -0.58152E+02 -0.41094E+03  0.46909E+03 -0.22133E+03 -0.13009E+01  0.68710E+02      298.00
  0.28385E-01  0.86902E+03   -0.17750E-01 -0.17750E-01  0.35500E-01  0.00000E+00  0.00000E+00  0.00000E+00   -0.58380E+02 -0.41271E+03  0.47109E+03 -0.22171E+03 -0.10749E+01  0.68881E+02      298.00
  0.28792E-01  0.87221E+03   -0.18000E-01 -0.18000E-01  0.36000E-01  0.00000E+00  0.00000E+00  0.00000E+00   -0.58608E+02 -0.41445E+03  0.47306E+03 -0.22208E+03 -0.84067E+00  0.69043E+02      298.00
  0.29198E-01  0.87536E+03   -0.18250E-01 -0.18250E-01  0.36500E-01  0.00000E+00  0.00000E+00  0.00000E+00   -0.58835E+02 -0.41618E+03  0.47501E+03 -0.22244E+03 -0.59775E+00  0.69195E+02      298.00
  0.29605E-01  0.87846E+03   -0.18500E-01 -0.18500E-01  0.37000E-01  0.00000E+00  0.00000E+00  0.00000E+00   -0.59063E+02 -0.41788E+03  0.47694E+03 -0.22277E+03 -0.34570E+00  0.69338E+02      298.00
  0.30013E-01  0.88151E+03   -0.18750E-01 -0.18750E-01  0.37500E-01  0.00000E+00  0.00000E+00  0.00000E+00   -0.59292E+02 -0.41956E+03  0.47885E+03 -0.22309E+03 -0.84083E-01  0.69471E+02      298.00
  0.30420E-01  0.88491E+03   -0.19000E-01 -0.19000E-01  0.38000E-01  0.00000E+00  0.00000E+00  0.00000E+00   -0.59536E+02 -0.42140E+03  0.48093E+03 -0.22350E+03  0.15521E+00  0.69707E+02      298.00
  0.30828E-01  0.88786E+03   -0.19250E-01 -0.19250E-01  0.38500E-01  0.00000E+00  0.00000E+00  0.00000E+00   -0.59765E+02 -0.42303E+03  0.48279E+03 -0.22379E+03  0.42840E+00  0.69826E+02      298.00
  0.31235E-01  0.89077E+03   -0.19500E-01 -0.19500E-01  0.39000E-01  0.00000E+00  0.00000E+00  0.00000E+00   -0.59994E+02 -0.42464E+03  0.48463E+03 -0.22406E+03  0.71646E+00  0.69931E+02      298.00
  0.31644E-01  0.89376E+03   -0.19750E-01 -0.19750E-01  0.39500E-01  0.00000E+00  0.00000E+00  0.00000E+00   -0.60230E+02 -0.42628E+03  0.48651E+03 -0.22436E+03  0.95631E+00  0.70093E+02      298.00
  0.32052E-01  0.89657E+03   -0.20000E-01 -0.20000E-01  0.40000E-01  0.00000E+00  0.00000E+00  0.00000E+00   -0.60459E+02 -0.42785E+03  0.48831E+03 -0.22460E+03  0.12606E+01  0.70180E+02      298.00
  0.32460E-01  0.89919E+03   -0.20250E-01 -0.20250E-01  0.40500E-01  0.00000E+00  0.00000E+00  0.00000E+00   -0.60691E+02 -0.42931E+03  0.49000E+03 -0.22479E+03  0.15058E+01  0.70278E+02      298.00
  0.32869E-01  0.90192E+03   -0.20500E-01 -0.20500E-01  0.41000E-01  0.00000E+00  0.00000E+00  0.00000E+00   -0.60921E+02 -0.43084E+03  0.49176E+03 -0.22500E+03  0.18349E+01  0.70344E+02      298.00
  0.33278E-01  0.90439E+03   -0.20750E-01 -0.20750E-01  0.41500E-01  0.00000E+00  0.00000E+00  0.00000E+00   -0.61154E+02 -0.43222E+03  0.49338E+03 -0.22515E+03  0.21076E+01  0.70411E+02      298.00
  0.33687E-01  0.90705E+03   -0.21000E-01 -0.21000E-01  0.42000E-01  0.00000E+00  0.00000E+00  0.00000E+00   -0.61384E+02 -0.43371E+03  0.49510E+03 -0.22534E+03  0.24619E+01  0.70455E+02      298.00
  0.34096E-01  0.90958E+03   -0.21250E-01 -0.21250E-01  0.42500E-01  0.00000E+00  0.00000E+00  0.00000E+00   -0.61617E+02 -0.43514E+03  0.49675E+03 -0.22549E+03  0.27733E+01  0.70524E+02      298.00
  0.34506E-01  0.91227E+03   -0.21500E-01 -0.21500E-01  0.43000E-01  0.00000E+00  0.00000E+00  0.00000E+00   -0.61849E+02 -0.43664E+03  0.49849E+03 -0.22567E+03  0.30991E+01  0.70615E+02      298.00
  0.34916E-01  0.91481E+03   -0.21750E-01 -0.21750E-01  0.43500E-01  0.00000E+00  0.00000E+00  0.00000E+00   -0.62081E+02 -0.43808E+03  0.50016E+03 -0.22582E+03  0.34709E+01  0.70642E+02      298.00
  0.35326E-01  0.91732E+03   -0.22000E-01 -0.22000E-01  0.44000E-01  0.00000E+00  0.00000E+00  0.00000E+00   -0.62313E+02 -0.43950E+03  0.50181E+03 -0.22596E+03  0.38565E+01  0.70657E+02      298.00
  0.35736E-01  0.91997E+03   -0.22250E-01 -0.22250E-01  0.44500E-01  0.00000E+00  0.00000E+00  0.00000E+00   -0.62545E+02 -0.44098E+03  0.50353E+03 -0.22612E+03  0.42078E+01  0.70734E+02      298.00
  0.36147E-01  0.92239E+03   -0.22500E-01 -0.22500E-01  0.45000E-01  0.00000E+00  0.00000E+00  0.00000E+00   -0.62777E+02 -0.44236E+03  0.50514E+03 -0.22624E+03  0.46079E+01  0.70735E+02      298.00
  0.36557E-01  0.92479E+03   -0.22750E-01 -0.22750E-01  0.45500E-01  0.00000E+00  0.00000E+00  0.00000E+00   -0.63010E+02 -0.44372E+03  0.50673E+03 -0.22634E+03  0.50216E+01  0.70724E+02      298.00
  0.36968E-01  0.92714E+03   -0.23000E-01 -0.23000E-01  0.46000E-01  0.00000E+00  0.00000E+00  0.00000E+00   -0.63243E+02 -0.44507E+03  0.50831E+03 -0.22643E+03  0.54466E+01  0.70703E+02      298.00
  0.37380E-01  0.92954E+03   -0.23250E-01 -0.23250E-01  0.46500E-01  0.00000E+00  0.00000E+00  0.00000E+00   -0.63480E+02 -0.44643E+03  0.50991E+03 -0.22652E+03  0.58283E+01  0.70730E+02      298.00
  0.37791E-01  0.93183E+03   -0.23500E-01 -0.23500E-01  0.47000E-01  0.00000E+00  0.00000E+00  0.00000E+00   -0.63713E+02 -0.44774E+03  0.51145E+03 -0.22659E+03  0.62739E+01  0.70689E+02      298.00
  0.38203E-01  0.93402E+03   -0.23750E-01 -0.23750E-01  0.47500E-01  0.00000E+00  0.00000E+00  0.00000E+00   -0.63953E+02 -0.44899E+03  0.51295E+03 -0.22663E+03  0.66747E+01  0.70672E+02      298.00
  0.38614E-01  0.93624E+03   -0.24000E-01 -0.24000E-01  0.48000E-01  0.00000E+00  0.00000E+00  0.00000E+00   -0.64186E+02 -0.45027E+03  0.51446E+03 -0.22668E+03  0.71459E+01  0.70609E+02      298.00
  0.39027E-01  0.93833E+03   -0.24250E-01 -0.24250E-01  0.48500E-01  0.00000E+00  0.00000E+00  0.00000E+00   -0.64426E+02 -0.45147E+03  0.51589E+03 -0.22669E+03  0.75722E+01  0.70561E+02      298.00
  0.39439E-01  0.94043E+03   -0.24500E-01 -0.24500E-01  0.49000E-01  0.00000E+00  0.00000E+00  0.00000E+00   -0.64662E+02 -0.45268E+03  0.51735E+03 -0.22670E+03  0.80127E+01  0.70513E+02      298.00
  0.39852E-01  0.94255E+03   -0.24750E-01 -0.24750E-01  0.49500E-01  0.00000E+00  0.00000E+00  0.00000E+00   -0.64896E+02 -0.45391E+03  0.51881E+03 -0.22671E+03  0.85085E+01  0.70427E+02      298.00
  0.40264E-01  0.94468E+03   -0.25000E-01 -0.25000E-01  0.50000E-01  0.00000E+00  0.00000E+00  0.00000E+00   -0.65127E+02 -0.45515E+03  0.52028E+03 -0.22671E+03  0.89676E+01  0.70379E+02      298.00
          Evm          Svm            E11          E22          E33          E23          E13          E12         SDEV11       SDEV22       SDEV33       SDEV23       SDEV13       SDEV12      TEMP
  0.40264E-01  0.94477E+03   -0.25000E-01 -0.25000E-01  0.50000E-01  0.00000E+00  0.00000E+00  0.00000E+00   -0.65141E+02 -0.45516E+03  0.52031E+03 -0.22671E+03  0.86066E+01  0.70669E+02      298.00
  0.40677E-01  0.94675E+03   -0.25250E-01 -0.25250E-01  0.50500E-01  0.00000E+00  0.00000E+00  0.00000E+00   -0.65362E+02 -0.45635E+03  0.52171E+03 -0.22670E+03  0.94570E+01  0.70295E+02      298.00
  0.41091E-01  0.94878E+03   -0.25500E-01 -0.25500E-01  0.51000E-01  0.00000E+00  0.00000E+00  0.00000E+00   -0.65594E+02 -0.45753E+03  0.52313E+03 -0.22668E+03  0.99842E+01  0.70181E+02      298.00
  0.41504E-01  0.95086E+03   -0.25750E-01 -0.25750E-01  0.51500E-01  0.00000E+00  0.00000E+00  0.00000E+00   -0.65825E+02 -0.45875E+03  0.52457E+03 -0.22665E+03  0.10459E+02  0.70121E+02      298.00
  0.41918E-01  0.95283E+03   -0.26000E-01 -0.26000E-01  0.52000E-01  0.00000E+00  0.00000E+00  0.00000E+00   -0.66058E+02 -0.45990E+03  0.52596E+03 -0.22661E+03  0.10980E+02  0.70008E+02      298.00
  0.42332E-01  0.95477E+03   -0.26250E-01 -0.26250E-01  0.52500E-01  0.00000E+00  0.00000E+00  0.00000E+00   -0.66292E+02 -0.46104E+03  0.52734E+03 -0.22656E+03  0.11510E+02  0.69887E+02      298.00
  0.42746E-01  0.95669E+03   -0.26500E-01 -0.26500E-01  0.53000E-01  0.00000E+00  0.00000E+00  0.00000E+00   -0.66525E+02 -0.46217E+03  0.52870E+03 -0.22650E+03  0.12047E+02  0.69760E+02      298.00
  0.43161E-01  0.95862E+03   -0.26750E-01 -0.26750E-01  0.53500E-01  0.00000E+00  0.00000E+00  0.00000E+00   -0.66759E+02 -0.46331E+03  0.53006E+03 -0.22643E+03  0.12540E+02  0.69671E+02      298.00
  0.43575E-01  0.96048E+03   -0.27000E-01 -0.27000E-01  0.54000E-01  0.00000E+00  0.00000E+00  0.00000E+00   -0.66992E+02 -0.46440E+03  0.53140E+03 -0.22635E+03  0.13088E+02  0.69531E+02      298.00
  0.43990E-01  0.96232E+03   -0.27250E-01 -0.27250E-01  0.54500E-01  0.00000E+00  0.00000E+00  0.00000E+00   -0.67225E+02 -0.46549E+03  0.53271E+03 -0.22626E+03  0.13643E+02  0.69384E+02      298.00
  0.44406E-01  0.96412E+03   -0.27500E-01 -0.27500E-01  0.55000E-01  0.00000E+00  0.00000E+00  0.00000E+00   -0.67458E+02 -0.46656E+03  0.53402E+03 -0.22616E+03  0.14203E+02  0.69232E+02      298.00
  0.44821E-01  0.96589E+03   -0.27750E-01 -0.27750E-01  0.55500E-01  0.00000E+00  0.00000E+00  0.00000E+00   -0.67696E+02 -0.46761E+03  0.53530E+03 -0.22605E+03  0.14716E+02  0.69109E+02      298.00
  0.45237E-01  0.96765E+03   -0.28000E-01 -0.28000E-01  0.56000E-01  0.00000E+00  0.00000E+00  0.00000E+00   -0.67928E+02 -0.46865E+03  0.53658E+03 -0.22593E+03  0.15286E+02  0.68945E+02      298.00
  0.45653E-01  0.96938E+03   -0.28250E-01 -0.28250E-01  0.56500E-01  0.00000E+00  0.00000E+00  0.00000E+00   -0.68160E+02 -0.46969E+03  0.53785E+03 -0.22580E+03  0.15863E+02  0.68775E+02      298.00
  0.46069E-01  0.97104E+03   -0.28500E-01 -0.28500E-01  0.57000E-01  0.00000E+00  0.00000E+00  0.00000E+00   -0.68399E+02 -0.47068E+03  0.53908E+03 -0.22565E+03  0.16392E+02  0.68630E+02      298.00
  0.46485E-01  0.97273E+03   -0.28750E-01 -0.28750E-01  0.57500E-01  0.00000E+00  0.00000E+00  0.00000E+00   -0.68631E+02 -0.47169E+03  0.54032E+03 -0.22551E+03  0.16973E+02  0.68453E+02      298.00
  0.46902E-01  0.97436E+03   -0.29000E-01 -0.29000E-01  0.58000E-01  0.00000E+00  0.00000E+00  0.00000E+00   -0.68867E+02 -0.47267E+03  0.54153E+03 -0.22534E+03  0.17512E+02  0.68302E+02      298.00
  0.47318E-01  0.97600E+03   -0.29250E-01 -0.29250E-01  0.58500E-01  0.00000E+00  0.00000E+00  0.00000E+00   -0.69099E+02 -0.47365E+03  0.54275E+03 -0.22518E+03  0.18093E+02  0.68122E+02      298.00
  0.47736E-01  0.97761E+03   -0.29500E-01 -0.29500E-01  0.59000E-01  0.00000E+00  0.00000E+00  0.00000E+00   -0.69330E+02 -0.47462E+03  0.54395E+03 -0.22501E+03  0.18676E+02  0.67939E+02      298.00
  0.48153E-01  0.97920E+03   -0.29750E-01 -0.29750E-01  0.59500E-01  0.00000E+00  0.00000E+00  0.00000E+00   -0.69562E+02 -0.47559E+03  0.54515E+03 -0.22483E+03  0.19260E+02  0.67753E+02      298.00
  0.48570E-01  0.98078E+03   -0.30000E-01 -0.30000E-01  0.60000E-01  0.00000E+00  0.00000E+00  0.00000E+00   -0.69793E+02 -0.47654E+03  0.54633E+03 -0.22463E+03  0.19800E+02  0.67601E+02      298.00
  0.48988E-01  0.98233E+03   -0.30250E-01 -0.30250E-01  0.60500E-01  0.00000E+00  0.00000E+00  0.00000E+00   -0.70024E+02 -0.47748E+03  0.54750E+03 -0.22443E+03  0.20375E+02  0.67418E+02      298.00
  0.49406E-01  0.98386E+03   -0.30500E-01 -0.30500E-01  0.61000E-01  0.00000E+00  0.00000E+00  0.00000E+00   -0.70255E+02 -0.47841E+03  0.54866E+03 -0.22423E+03  0.20951E+02  0.67233E+02      298.00
  0.49824E-01  0.98536E+03   -0.30750E-01 -0.30750E-01  0.61500E-01  0.00000E+00  0.00000E+00  0.00000E+00   -0.70486E+02 -0.47932E+03  0.54981E+03 -0.22401E+03  0.21526E+02  0.67047E+02      298.00
  0.50243E-01  0.98685E+03   -0.31000E-01 -0.31000E-01  0.62000E-01  0.00000E+00  0.00000E+00  0.00000E+00   -0.70717E+02 -0.48023E+03  0.55095E+03 -0.22379E+03  0.22099E+02  0.66860E+02      298.00
  0.50662E-01  0.98831E+03   -0.31250E-01 -0.31250E-01  0.62500E-01  0.00000E+00  0.00000E+00  0.00000E+00   -0.70948E+02 -0.48112E+03  0.55207E+03 -0.22356E+03  0.22671E+02  0.66672E+02      298.00
  0.51081E-01  0.98976E+03   -0.31500E-01 -0.31500E-01  0.63000E-01  0.00000E+00  0.00000E+00  0.00000E+00   -0.71178E+02 -0.48201E+03  0.55319E+03 -0.22332E+03  0.23240E+02  0.66484E+02      298.00
  0.51500E-01  0.99118E+03   -0.31750E-01 -0.31750E-01  0.63500E-01  0.00000E+00  0.00000E+00  0.00000E+00   -0.71409E+02 -0.48288E+03  0.55429E+03 -0.22307E+03  0.23807E+02  0.66297E+02      298.00
  0.51919E-01  0.99259E+03   -0.32000E-01 -0.32000E-01  0.64000E-01  0.00000E+00  0.00000E+00  0.00000E+00   -0.71639E+02 -0.48375E+03  0.55538E+03 -0.22282E+03  0.24371E+02  0.66109E+02      298.00
  0.52339E-01  0.99397E+03   -0.32250E-01 -0.32250E-01  0.64500E-01  0.00000E+00  0.00000E+00  0.00000E+00   -0.71869E+02 -0.48460E+03  0.55647E+03 -0.22256E+03  0.24931E+02  0.65922E+02      298.00
  0.52759E-01  0.99534E+03   -0.32500E-01 -0.32500E-01  0.65000E-01  0.00000E+00  0.00000E+00  0.00000E+00   -0.72098E+02 -0.48544E+03  0.55754E+03 -0.22229E+03  0.25489E+02  0.65735E+02      298.00
  0.53179E-01  0.99669E+03   -0.32750E-01 -0.32750E-01  0.65500E-01  0.00000E+00  0.00000E+00  0.00000E+00   -0.72328E+02 -0.48628E+03  0.55860E+03 -0.22201E+03  0.26043E+02  0.65549E+02      298.00
  0.53599E-01  0.99802E+03   -0.33000E-01 -0.33000E-01  0.66000E-01  0.00000E+00  0.00000E+00  0.00000E+00   -0.72558E+02 -0.48709E+03  0.55965E+03 -0.22173E+03  0.26639E+02  0.65329E+02      298.00
  0.54020E-01  0.99933E+03   -0.33250E-01 -0.33250E-01  0.66500E-01  0.00000E+00  0.00000E+00  0.00000E+00   -0.72787E+02 -0.48791E+03  0.56070E+03 -0.22144E+03  0.27192E+02  0.65140E+02      298.00
  0.54441E-01  0.10006E+04   -0.33500E-01 -0.33500E-01  0.67000E-01  0.00000E+00  0.00000E+00  0.00000E+00   -0.73015E+02 -0.48871E+03  0.56173E+03 -0.22115E+03  0.27740E+02  0.64953E+02      298.00
  0.54862E-01  0.10019E+04   -0.33750E-01 -0.33750E-01  0.67500E-01  0.00000E+00  0.00000E+00  0.00000E+00   -0.73244E+02 -0.48951E+03  0.56275E+03 -0.22084E+03  0.28284E+02  0.64768E+02      298.00
  0.55283E-01  0.10032E+04   -0.34000E-01 -0.34000E-01  0.68000E-01  0.00000E+00  0.00000E+00  0.00000E+00   -0.73472E+02 -0.49029E+03  0.56377E+03 -0.22053E+03  0.28823E+02  0.64584E+02      298.00
  0.55704E-01  0.10044E+04   -0.34250E-01 -0.34250E-01  0.68500E-01  0.00000E+00  0.00000E+00  0.00000E+00   -0.73700E+02 -0.49107E+03  0.56477E+03 -0.22021E+03  0.29357E+02  0.64402E+02      298.00
  0.56126E-01  0.10056E+04   -0.34500E-01 -0.34500E-01  0.69000E-01  0.00000E+00  0.00000E+00  0.00000E+00   -0.73928E+02 -0.49184E+03  0.56577E+03 -0.21989E+03  0.29886E+02  0.64222E+02      298.00
  0.56548E-01  0.10068E+04   -0.34750E-01 -0.34750E-01  0.69500E-01  0.00000E+00  0.00000E+00  0.00000E+00   -0.74156E+02 -0.49260E+03  0.56675E+03 -0.21955E+03  0.30410E+02  0.64043E+02      298.00
  0.56970E-01  0.10080E+04   -0.35000E-01 -0.35000E-01  0.70000E-01  0.00000E+00  0.00000E+00  0.00000E+00   -0.74383E+02 -0.49335E+03  0.56773E+03 -0.21922E+03  0.30929E+02  0.63867E+02      298.00
  0.57393E-01  0.10092E+04   -0.35250E-01 -0.35250E-01  0.70500E-01  0.00000E+00  0.00000E+00  0.00000E+00   -0.74610E+02 -0.49409E+03  0.56870E+03 -0.21887E+03  0.31442E+02  0.63692E+02      298.00
  0.57815E-01  0.10104E+04   -0.35500E-01 -0.35500E-01  0.71000E-01  0.00000E+00  0.00000E+00  0.00000E+00   -0.74837E+02 -0.49482E+03  0.56966E+03 -0.21852E+03  0.31951E+02  0.63520E+02      298.00
  0.58238E-01  0.10115E+04   -0.35750E-01 -0.35750E-01  0.71500E-01  0.00000E+00  0.00000E+00  0.00000E+00   -0.75064E+02 -0.49555E+03  0.57061E+03 -0.21816E+03  0.32454E+02  0.63349E+02      298.00
  0.58661E-01  0.10127E+04   -0.36000E-01 -0.36000E-01  0.72000E-01  0.00000E+00  0.00000E+00  0.00000E+00   -0.75286E+02 -0.49628E+03  0.57157E+03 -0.21780E+03  0.32998E+02  0.63151E+02      298.00
  0.59084E-01  0.10138E+04   -0.36250E-01 -0.36250E-01  0.72500E-01  0.00000E+00  0.00000E+00  0.00000E+00   -0.75512E+02 -0.49699E+03  0.57250E+03 -0.21743E+03  0.33492E+02  0.62983E+02      298.00
  0.59508E-01  0.10149E+04   -0.36500E-01 -0.36500E-01  0.73000E-01  0.00000E+00  0.00000E+00  0.00000E+00   -0.75738E+02 -0.49769E+03  0.57343E+03 -0.21706E+03  0.33979E+02  0.62819E+02      298.00
  0.59932E-01  0.10160E+04   -0.36750E-01 -0.36750E-01  0.73500E-01  0.00000E+00  0.00000E+00  0.00000E+00   -0.75964E+02 -0.49838E+03  0.57434E+03 -0.21667E+03  0.34460E+02  0.62657E+02      298.00
  0.60356E-01  0.10171E+04   -0.37000E-01 -0.37000E-01  0.74000E-01  0.00000E+00  0.00000E+00  0.00000E+00   -0.76189E+02 -0.49906E+03  0.57525E+03 -0.21629E+03  0.34936E+02  0.62497E+02      298.00
  0.60780E-01  0.10181E+04   -0.37250E-01 -0.37250E-01  0.74500E-01  0.00000E+00  0.00000E+00  0.00000E+00   -0.76408E+02 -0.49976E+03  0.57617E+03 -0.21589E+03  0.35454E+02  0.62312E+02      298.00
  0.61204E-01  0.10192E+04   -0.37500E-01 -0.37500E-01  0.75000E-01  0.00000E+00  0.00000E+00  0.00000E+00   -0.76634E+02 -0.50043E+03  0.57706E+03 -0.21549E+03  0.35918E+02  0.62157E+02      298.00
          Evm          Svm            E11          E22          E33          E23          E13          E12         SDEV11       SDEV22       SDEV33       SDEV23       SDEV13       SDEV12      TEMP
  0.61204E-01  0.10192E+04   -0.37500E-01 -0.37500E-01  0.75000E-01  0.00000E+00  0.00000E+00  0.00000E+00   -0.76625E+02 -0.50041E+03  0.57704E+03 -0.21548E+03  0.35486E+02  0.62474E+02      298.00
  0.61629E-01  0.10202E+04   -0.37750E-01 -0.37750E-01  0.75500E-01  0.00000E+00  0.00000E+00  0.00000E+00   -0.76856E+02 -0.50110E+03  0.57795E+03 -0.21508E+03  0.36402E+02  0.61988E+02      298.00
  0.62054E-01  0.10212E+04   -0.38000E-01 -0.38000E-01  0.76000E-01  0.00000E+00  0.00000E+00  0.00000E+00   -0.77080E+02 -0.50175E+03  0.57883E+03 -0.21467E+03  0.36875E+02  0.61823E+02      298.00
  0.62479E-01  0.10222E+04   -0.38250E-01 -0.38250E-01  0.76500E-01  0.00000E+00  0.00000E+00  0.00000E+00   -0.77304E+02 -0.50240E+03  0.57970E+03 -0.21425E+03  0.37321E+02  0.61676E+02      298.00
  0.62904E-01  0.10232E+04   -0.38500E-01 -0.38500E-01  0.77000E-01  0.00000E+00  0.00000E+00  0.00000E+00   -0.77529E+02 -0.50304E+03  0.58056E+03 -0.21383E+03  0.37761E+02  0.61530E+02      298.00
  0.63330E-01  0.10242E+04   -0.38750E-01 -0.38750E-01  0.77500E-01  0.00000E+00  0.00000E+00  0.00000E+00   -0.77755E+02 -0.50365E+03  0.58141E+03 -0.21340E+03  0.38246E+02  0.61348E+02      298.00
  0.63756E-01  0.10251E+04   -0.39000E-01 -0.39000E-01  0.78000E-01  0.00000E+00  0.00000E+00  0.00000E+00   -0.77979E+02 -0.50428E+03  0.58226E+03 -0.21297E+03  0.38677E+02  0.61205E+02      298.00
  0.64182E-01  0.10261E+04   -0.39250E-01 -0.39250E-01  0.78500E-01  0.00000E+00  0.00000E+00  0.00000E+00   -0.78202E+02 -0.50490E+03  0.58310E+03 -0.21254E+03  0.39102E+02  0.61066E+02      298.00
  0.64608E-01  0.10270E+04   -0.39500E-01 -0.39500E-01  0.79000E-01  0.00000E+00  0.00000E+00  0.00000E+00   -0.78425E+02 -0.50551E+03  0.58393E+03 -0.21209E+03  0.39521E+02  0.60929E+02      298.00
  0.65034E-01  0.10279E+04   -0.39750E-01 -0.39750E-01  0.79500E-01  0.00000E+00  0.00000E+00  0.00000E+00   -0.78654E+02 -0.50609E+03  0.58475E+03 -0.21165E+03  0.39984E+02  0.60751E+02      298.00
  0.65461E-01  0.10288E+04   -0.40000E-01 -0.40000E-01  0.80000E-01  0.00000E+00  0.00000E+00  0.00000E+00   -0.78876E+02 -0.50669E+03  0.58557E+03 -0.21120E+03  0.40397E+02  0.60615E+02      298.00
  0.65888E-01  0.10297E+04   -0.40250E-01 -0.40250E-01  0.80500E-01  0.00000E+00  0.00000E+00  0.00000E+00   -0.79099E+02 -0.50728E+03  0.58638E+03 -0.21074E+03  0.40803E+02  0.60482E+02      298.00
  0.66315E-01  0.10306E+04   -0.40500E-01 -0.40500E-01  0.81000E-01  0.00000E+00  0.00000E+00  0.00000E+00   -0.79323E+02 -0.50786E+03  0.58718E+03 -0.21029E+03  0.41255E+02  0.60311E+02      298.00
  0.66742E-01  0.10315E+04   -0.40750E-01 -0.40750E-01  0.81500E-01  0.00000E+00  0.00000E+00  0.00000E+00   -0.79544E+02 -0.50844E+03  0.58798E+03 -0.20982E+03  0.41654E+02  0.60181E+02      298.00
  0.67170E-01  0.10324E+04   -0.41000E-01 -0.41000E-01  0.82000E-01  0.00000E+00  0.00000E+00  0.00000E+00   -0.79766E+02 -0.50901E+03  0.58877E+03 -0.20935E+03  0.42044E+02  0.60054E+02      298.00
  0.67597E-01  0.10332E+04   -0.41250E-01 -0.41250E-01  0.82500E-01  0.00000E+00  0.00000E+00  0.00000E+00   -0.79988E+02 -0.50957E+03  0.58956E+03 -0.20888E+03  0.42429E+02  0.59930E+02      298.00
  0.68025E-01  0.10341E+04   -0.41500E-01 -0.41500E-01  0.83000E-01  0.00000E+00  0.00000E+00  0.00000E+00   -0.80203E+02 -0.51015E+03  0.59035E+03 -0.20840E+03  0.42864E+02  0.59774E+02      298.00
  0.68454E-01  0.10349E+04   -0.41750E-01 -0.41750E-01  0.83500E-01  0.00000E+00  0.00000E+00  0.00000E+00   -0.80424E+02 -0.51070E+03  0.59113E+03 -0.20792E+03  0.43240E+02  0.59653E+02      298.00
  0.68882E-01  0.10357E+04   -0.42000E-01 -0.42000E-01  0.84000E-01  0.00000E+00  0.00000E+00  0.00000E+00   -0.80644E+02 -0.51125E+03  0.59189E+03 -0.20743E+03  0.43607E+02  0.59537E+02      298.00
  0.69310E-01  0.10366E+04   -0.42250E-01 -0.42250E-01  0.84500E-01  0.00000E+00  0.00000E+00  0.00000E+00   -0.80857E+02 -0.51182E+03  0.59267E+03 -0.20693E+03  0.44028E+02  0.59392E+02      298.00
  0.69739E-01  0.10374E+04   -0.42500E-01 -0.42500E-01  0.85000E-01  0.00000E+00  0.00000E+00  0.00000E+00   -0.81077E+02 -0.51235E+03  0.59343E+03 -0.20643E+03  0.44389E+02  0.59277E+02      298.00
  0.70168E-01  0.10382E+04   -0.42750E-01 -0.42750E-01  0.85500E-01  0.00000E+00  0.00000E+00  0.00000E+00   -0.81297E+02 -0.51288E+03  0.59418E+03 -0.20593E+03  0.44743E+02  0.59165E+02      298.00
  0.70598E-01  0.10389E+04   -0.43000E-01 -0.43000E-01  0.86000E-01  0.00000E+00  0.00000E+00  0.00000E+00   -0.81514E+02 -0.51341E+03  0.59493E+03 -0.20541E+03  0.45151E+02  0.59020E+02      298.00
  0.71027E-01  0.10397E+04   -0.43250E-01 -0.43250E-01  0.86500E-01  0.00000E+00  0.00000E+00  0.00000E+00   -0.81733E+02 -0.51393E+03  0.59566E+03 -0.20490E+03  0.45503E+02  0.58906E+02      298.00
  0.71457E-01  0.10405E+04   -0.43500E-01 -0.43500E-01  0.87000E-01  0.00000E+00  0.00000E+00  0.00000E+00   -0.81952E+02 -0.51444E+03  0.59639E+03 -0.20439E+03  0.45848E+02  0.58795E+02      298.00
  0.71887E-01  0.10412E+04   -0.43750E-01 -0.43750E-01  0.87500E-01  0.00000E+00  0.00000E+00  0.00000E+00   -0.82170E+02 -0.51495E+03  0.59712E+03 -0.20387E+03  0.46188E+02  0.58685E+02      298.00
  0.72317E-01  0.10419E+04   -0.44000E-01 -0.44000E-01  0.88000E-01  0.00000E+00  0.00000E+00  0.00000E+00   -0.82392E+02 -0.51544E+03  0.59783E+03 -0.20335E+03  0.46581E+02  0.58533E+02      298.00
  0.72747E-01  0.10427E+04   -0.44250E-01 -0.44250E-01  0.88500E-01  0.00000E+00  0.00000E+00  0.00000E+00   -0.82610E+02 -0.51593E+03  0.59854E+03 -0.20282E+03  0.46917E+02  0.58424E+02      298.00
  0.73178E-01  0.10434E+04   -0.44500E-01 -0.44500E-01  0.89000E-01  0.00000E+00  0.00000E+00  0.00000E+00   -0.82828E+02 -0.51642E+03  0.59925E+03 -0.20229E+03  0.47245E+02  0.58318E+02      298.00
  0.73608E-01  0.10441E+04   -0.44750E-01 -0.44750E-01  0.89500E-01  0.00000E+00  0.00000E+00  0.00000E+00   -0.83046E+02 -0.51691E+03  0.59995E+03 -0.20176E+03  0.47569E+02  0.58213E+02      298.00
  0.74039E-01  0.10448E+04   -0.45000E-01 -0.45000E-01  0.90000E-01  0.00000E+00  0.00000E+00  0.00000E+00   -0.83271E+02 -0.51736E+03  0.60063E+03 -0.20123E+03  0.47944E+02  0.58058E+02      298.00
  0.74471E-01  0.10455E+04   -0.45250E-01 -0.45250E-01  0.90500E-01  0.00000E+00  0.00000E+00  0.00000E+00   -0.83488E+02 -0.51784E+03  0.60132E+03 -0.20069E+03  0.48260E+02  0.57956E+02      298.00
  0.74902E-01  0.10461E+04   -0.45500E-01 -0.45500E-01  0.91000E-01  0.00000E+00  0.00000E+00  0.00000E+00   -0.83705E+02 -0.51831E+03  0.60201E+03 -0.20015E+03  0.48568E+02  0.57859E+02      298.00
  0.75333E-01  0.10468E+04   -0.45750E-01 -0.45750E-01  0.91500E-01  0.00000E+00  0.00000E+00  0.00000E+00   -0.83922E+02 -0.51877E+03  0.60269E+03 -0.19960E+03  0.48872E+02  0.57763E+02      298.00
  0.75765E-01  0.10475E+04   -0.46000E-01 -0.46000E-01  0.92000E-01  0.00000E+00  0.00000E+00  0.00000E+00   -0.84141E+02 -0.51922E+03  0.60336E+03 -0.19906E+03  0.49230E+02  0.57615E+02      298.00
  0.76197E-01  0.10481E+04   -0.46250E-01 -0.46250E-01  0.92500E-01  0.00000E+00  0.00000E+00  0.00000E+00   -0.84357E+02 -0.51967E+03  0.60403E+03 -0.19851E+03  0.49523E+02  0.57524E+02      298.00
  0.76630E-01  0.10488E+04   -0.46500E-01 -0.46500E-01  0.93000E-01  0.00000E+00  0.00000E+00  0.00000E+00   -0.84573E+02 -0.52012E+03  0.60470E+03 -0.19795E+03  0.49807E+02  0.57437E+02      298.00
  0.77062E-01  0.10494E+04   -0.46750E-01 -0.46750E-01  0.93500E-01  0.00000E+00  0.00000E+00  0.00000E+00   -0.84780E+02 -0.52059E+03  0.60537E+03 -0.19739E+03  0.50153E+02  0.57309E+02      298.00
  0.77495E-01  0.10501E+04   -0.47000E-01 -0.47000E-01  0.94000E-01  0.00000E+00  0.00000E+00  0.00000E+00   -0.84995E+02 -0.52103E+03  0.60603E+03 -0.19682E+03  0.50426E+02  0.57227E+02      298.00
  0.77927E-01  0.10507E+04   -0.47250E-01 -0.47250E-01  0.94500E-01  0.00000E+00  0.00000E+00  0.00000E+00   -0.85210E+02 -0.52147E+03  0.60668E+03 -0.19625E+03  0.50690E+02  0.57149E+02      298.00
  0.78361E-01  0.10513E+04   -0.47500E-01 -0.47500E-01  0.95000E-01  0.00000E+00  0.00000E+00  0.00000E+00   -0.85414E+02 -0.52193E+03  0.60734E+03 -0.19567E+03  0.51022E+02  0.57041E+02      298.00
  0.78794E-01  0.10519E+04   -0.47750E-01 -0.47750E-01  0.95500E-01  0.00000E+00  0.00000E+00  0.00000E+00   -0.85629E+02 -0.52236E+03  0.60799E+03 -0.19509E+03  0.51287E+02  0.56961E+02      298.00
  0.79227E-01  0.10526E+04   -0.48000E-01 -0.48000E-01  0.96000E-01  0.00000E+00  0.00000E+00  0.00000E+00   -0.85841E+02 -0.52279E+03  0.60864E+03 -0.19450E+03  0.51624E+02  0.56850E+02      298.00
  0.79661E-01  0.10531E+04   -0.48250E-01 -0.48250E-01  0.96500E-01  0.00000E+00  0.00000E+00  0.00000E+00   -0.86055E+02 -0.52321E+03  0.60927E+03 -0.19392E+03  0.51896E+02  0.56761E+02      298.00
  0.80095E-01  0.10537E+04   -0.48500E-01 -0.48500E-01  0.97000E-01  0.00000E+00  0.00000E+00  0.00000E+00   -0.86268E+02 -0.52363E+03  0.60989E+03 -0.19334E+03  0.52160E+02  0.56676E+02      298.00
  0.80529E-01  0.10543E+04   -0.48750E-01 -0.48750E-01  0.97500E-01  0.00000E+00  0.00000E+00  0.00000E+00   -0.86482E+02 -0.52403E+03  0.61052E+03 -0.19275E+03  0.52420E+02  0.56592E+02      298.00
  0.80963E-01  0.10549E+04   -0.49000E-01 -0.49000E-01  0.98000E-01  0.00000E+00  0.00000E+00  0.00000E+00   -0.86695E+02 -0.52444E+03  0.61113E+03 -0.19216E+03  0.52677E+02  0.56509E+02      298.00
  0.81398E-01  0.10554E+04   -0.49250E-01 -0.49250E-01  0.98500E-01  0.00000E+00  0.00000E+00  0.00000E+00   -0.86908E+02 -0.52484E+03  0.61175E+03 -0.19157E+03  0.52930E+02  0.56427E+02      298.00
  0.81833E-01  0.10560E+04   -0.49500E-01 -0.49500E-01  0.99000E-01  0.00000E+00  0.00000E+00  0.00000E+00   -0.87130E+02 -0.52522E+03  0.61235E+03 -0.19098E+03  0.53255E+02  0.56300E+02      298.00
  0.82267E-01  0.10565E+04   -0.49750E-01 -0.49750E-01  0.99500E-01  0.00000E+00  0.00000E+00  0.00000E+00   -0.87341E+02 -0.52561E+03  0.61295E+03 -0.19038E+03  0.53515E+02  0.56211E+02      298.00
  0.82703E-01  0.10570E+04   -0.50000E-01 -0.50000E-01  0.10000E+00  0.00000E+00  0.00000E+00  0.00000E+00   -0.87553E+02 -0.52600E+03  0.61355E+03 -0.18977E+03  0.53766E+02  0.56127E+02      298.00
          Evm          Svm            E11          E22          E33          E23          E13          E12         SDEV11       SDEV22       SDEV33       SDEV23       SDEV13       SDEV12      TEMP
  0.82703E-01  0.10570E+04   -0.50000E-01 -0.50000E-01  0.10000E+00  0.00000E+00  0.00000E+00  0.00000E+00   -0.87569E+02 -0.52597E+03  0.61354E+03 -0.18979E+03  0.53286E+02  0.56428E+02      298.00
  0.83138E-01  0.10575E+04   -0.50250E-01 -0.50250E-01  0.10050E+00  0.00000E+00  0.00000E+00  0.00000E+00   -0.87782E+02 -0.52634E+03  0.61412E+03 -0.18919E+03  0.54023E+02  0.56022E+02      298.00
  0.83573E-01  0.10581E+04   -0.50500E-01 -0.50500E-01  0.10100E+00  0.00000E+00  0.00000E+00  0.00000E+00   -0.87976E+02 -0.52676E+03  0.61474E+03 -0.18856E+03  0.54241E+02  0.55972E+02      298.00
  0.84009E-01  0.10586E+04   -0.50750E-01 -0.50750E-01  0.10150E+00  0.00000E+00  0.00000E+00  0.00000E+00   -0.88187E+02 -0.52714E+03  0.61533E+03 -0.18795E+03  0.54477E+02  0.55893E+02      298.00
  0.84445E-01  0.10591E+04   -0.51000E-01 -0.51000E-01  0.10200E+00  0.00000E+00  0.00000E+00  0.00000E+00   -0.88398E+02 -0.52751E+03  0.61591E+03 -0.18734E+03  0.54712E+02  0.55814E+02      298.00
  0.84881E-01  0.10596E+04   -0.51250E-01 -0.51250E-01  0.10250E+00  0.00000E+00  0.00000E+00  0.00000E+00   -0.88609E+02 -0.52788E+03  0.61649E+03 -0.18673E+03  0.54943E+02  0.55736E+02      298.00
  0.85318E-01  0.10601E+04   -0.51500E-01 -0.51500E-01  0.10300E+00  0.00000E+00  0.00000E+00  0.00000E+00   -0.88819E+02 -0.52825E+03  0.61707E+03 -0.18611E+03  0.55171E+02  0.55659E+02      298.00
  0.85754E-01  0.10606E+04   -0.51750E-01 -0.51750E-01  0.10350E+00  0.00000E+00  0.00000E+00  0.00000E+00   -0.89029E+02 -0.52861E+03  0.61764E+03 -0.18549E+03  0.55395E+02  0.55583E+02      298.00
  0.86191E-01  0.10611E+04   -0.52000E-01 -0.52000E-01  0.10400E+00  0.00000E+00  0.00000E+00  0.00000E+00   -0.89256E+02 -0.52893E+03  0.61818E+03 -0.18489E+03  0.55687E+02  0.55446E+02      298.00
  0.86628E-01  0.10616E+04   -0.52250E-01 -0.52250E-01  0.10450E+00  0.00000E+00  0.00000E+00  0.00000E+00   -0.89466E+02 -0.52928E+03  0.61875E+03 -0.18427E+03  0.55908E+02  0.55370E+02      298.00
  0.87065E-01  0.10620E+04   -0.52500E-01 -0.52500E-01  0.10500E+00  0.00000E+00  0.00000E+00  0.00000E+00   -0.89675E+02 -0.52963E+03  0.61931E+03 -0.18364E+03  0.56118E+02  0.55300E+02      298.00
  0.87502E-01  0.10625E+04   -0.52750E-01 -0.52750E-01  0.10550E+00  0.00000E+00  0.00000E+00  0.00000E+00   -0.89885E+02 -0.52998E+03  0.61986E+03 -0.18301E+03  0.56325E+02  0.55231E+02      298.00
  0.87940E-01  0.10630E+04   -0.53000E-01 -0.53000E-01  0.10600E+00  0.00000E+00  0.00000E+00  0.00000E+00   -0.90094E+02 -0.53032E+03  0.62042E+03 -0.18238E+03  0.56528E+02  0.55163E+02      298.00
  0.88378E-01  0.10634E+04   -0.53250E-01 -0.53250E-01  0.10650E+00  0.00000E+00  0.00000E+00  0.00000E+00   -0.90303E+02 -0.53066E+03  0.62096E+03 -0.18175E+03  0.56730E+02  0.55096E+02      298.00
  0.88816E-01  0.10639E+04   -0.53500E-01 -0.53500E-01  0.10700E+00  0.00000E+00  0.00000E+00  0.00000E+00   -0.90512E+02 -0.53100E+03  0.62151E+03 -0.18111E+03  0.56928E+02  0.55029E+02      298.00
  0.89254E-01  0.10643E+04   -0.53750E-01 -0.53750E-01  0.10750E+00  0.00000E+00  0.00000E+00  0.00000E+00   -0.90721E+02 -0.53133E+03  0.62205E+03 -0.18047E+03  0.57124E+02  0.54962E+02      298.00
  0.89692E-01  0.10648E+04   -0.54000E-01 -0.54000E-01  0.10800E+00  0.00000E+00  0.00000E+00  0.00000E+00   -0.90934E+02 -0.53164E+03  0.62257E+03 -0.17985E+03  0.57386E+02  0.54824E+02      298.00
  0.90131E-01  0.10652E+04   -0.54250E-01 -0.54250E-01  0.10850E+00  0.00000E+00  0.00000E+00  0.00000E+00   -0.91142E+02 -0.53197E+03  0.62311E+03 -0.17921E+03  0.57575E+02  0.54760E+02      298.00
  0.90569E-01  0.10656E+04   -0.54500E-01 -0.54500E-01  0.10900E+00  0.00000E+00  0.00000E+00  0.00000E+00   -0.91351E+02 -0.53229E+03  0.62364E+03 -0.17857E+03  0.57752E+02  0.54704E+02      298.00
  0.91008E-01  0.10660E+04   -0.54750E-01 -0.54750E-01  0.10950E+00  0.00000E+00  0.00000E+00  0.00000E+00   -0.91559E+02 -0.53261E+03  0.62417E+03 -0.17792E+03  0.57926E+02  0.54649E+02      298.00
  0.91447E-01  0.10665E+04   -0.55000E-01 -0.55000E-01  0.11000E+00  0.00000E+00  0.00000E+00  0.00000E+00   -0.91766E+02 -0.53292E+03  0.62469E+03 -0.17727E+03  0.58097E+02  0.54594E+02      298.00
  0.91887E-01  0.10669E+04   -0.55250E-01 -0.55250E-01  0.11050E+00  0.00000E+00  0.00000E+00  0.00000E+00   -0.91951E+02 -0.53327E+03  0.62522E+03 -0.17661E+03  0.58336E+02  0.54469E+02      298.00
  0.92326E-01  0.10673E+04   -0.55500E-01 -0.55500E-01  0.11100E+00  0.00000E+00  0.00000E+00  0.00000E+00   -0.92158E+02 -0.53358E+03  0.62574E+03 -0.17596E+03  0.58499E+02  0.54419E+02      298.00
  0.92766E-01  0.10677E+04   -0.55750E-01 -0.55750E-01  0.11150E+00  0.00000E+00  0.00000E+00  0.00000E+00   -0.92365E+02 -0.53388E+03  0.62625E+03 -0.17530E+03  0.58648E+02  0.54375E+02      298.00
  0.93206E-01  0.10681E+04   -0.56000E-01 -0.56000E-01  0.11200E+00  0.00000E+00  0.00000E+00  0.00000E+00   -0.92537E+02 -0.53424E+03  0.62678E+03 -0.17461E+03  0.58878E+02  0.54271E+02      298.00
  0.93646E-01  0.10685E+04   -0.56250E-01 -0.56250E-01  0.11250E+00  0.00000E+00  0.00000E+00  0.00000E+00   -0.92744E+02 -0.53454E+03  0.62728E+03 -0.17395E+03  0.59032E+02  0.54222E+02      298.00
  0.94086E-01  0.10689E+04   -0.56500E-01 -0.56500E-01  0.11300E+00  0.00000E+00  0.00000E+00  0.00000E+00   -0.92952E+02 -0.53483E+03  0.62779E+03 -0.17329E+03  0.59175E+02  0.54180E+02      298.00
  0.94527E-01  0.10693E+04   -0.56750E-01 -0.56750E-01  0.11350E+00  0.00000E+00  0.00000E+00  0.00000E+00   -0.93143E+02 -0.53516E+03  0.62830E+03 -0.17259E+03  0.59416E+02  0.54091E+02      298.00
  0.94967E-01  0.10697E+04   -0.57000E-01 -0.57000E-01  0.11400E+00  0.00000E+00  0.00000E+00  0.00000E+00   -0.93348E+02 -0.53545E+03  0.62880E+03 -0.17193E+03  0.59579E+02  0.54030E+02      298.00
  0.95408E-01  0.10701E+04   -0.57250E-01 -0.57250E-01  0.11450E+00  0.00000E+00  0.00000E+00  0.00000E+00   -0.93553E+02 -0.53574E+03  0.62929E+03 -0.17126E+03  0.59732E+02  0.53977E+02      298.00
  0.95849E-01  0.10705E+04   -0.57500E-01 -0.57500E-01  0.11500E+00  0.00000E+00  0.00000E+00  0.00000E+00   -0.93759E+02 -0.53602E+03  0.62978E+03 -0.17059E+03  0.59882E+02  0.53925E+02      298.00
  0.96290E-01  0.10708E+04   -0.57750E-01 -0.57750E-01  0.11550E+00  0.00000E+00  0.00000E+00  0.00000E+00   -0.93965E+02 -0.53630E+03  0.63027E+03 -0.16992E+03  0.60030E+02  0.53872E+02      298.00
  0.96732E-01  0.10712E+04   -0.58000E-01 -0.58000E-01  0.11600E+00  0.00000E+00  0.00000E+00  0.00000E+00   -0.94193E+02 -0.53655E+03  0.63074E+03 -0.16925E+03  0.60292E+02  0.53781E+02      298.00
  0.97174E-01  0.10715E+04   -0.58250E-01 -0.58250E-01  0.11650E+00  0.00000E+00  0.00000E+00  0.00000E+00   -0.94371E+02 -0.53686E+03  0.63123E+03 -0.16857E+03  0.60348E+02  0.53749E+02      298.00
  0.97615E-01  0.10719E+04   -0.58500E-01 -0.58500E-01  0.11700E+00  0.00000E+00  0.00000E+00  0.00000E+00   -0.94602E+02 -0.53710E+03  0.63170E+03 -0.16790E+03  0.60593E+02  0.53667E+02      298.00
  0.98057E-01  0.10722E+04   -0.58750E-01 -0.58750E-01  0.11750E+00  0.00000E+00  0.00000E+00  0.00000E+00   -0.94803E+02 -0.53737E+03  0.63218E+03 -0.16722E+03  0.60760E+02  0.53598E+02      298.00
  0.98500E-01  0.10726E+04   -0.59000E-01 -0.59000E-01  0.11800E+00  0.00000E+00  0.00000E+00  0.00000E+00   -0.95006E+02 -0.53764E+03  0.63265E+03 -0.16654E+03  0.60914E+02  0.53535E+02      298.00
  0.98942E-01  0.10729E+04   -0.59250E-01 -0.59250E-01  0.11850E+00  0.00000E+00  0.00000E+00  0.00000E+00   -0.95209E+02 -0.53791E+03  0.63311E+03 -0.16586E+03  0.61064E+02  0.53475E+02      298.00
  0.99384E-01  0.10733E+04   -0.59500E-01 -0.59500E-01  0.11900E+00  0.00000E+00  0.00000E+00  0.00000E+00   -0.95412E+02 -0.53817E+03  0.63358E+03 -0.16517E+03  0.61211E+02  0.53415E+02      298.00
  0.99827E-01  0.10736E+04   -0.59750E-01 -0.59750E-01  0.11950E+00  0.00000E+00  0.00000E+00  0.00000E+00   -0.95614E+02 -0.53843E+03  0.63404E+03 -0.16449E+03  0.61355E+02  0.53356E+02      298.00
  0.10027E+00  0.10739E+04   -0.60000E-01 -0.60000E-01  0.12000E+00  0.00000E+00  0.00000E+00  0.00000E+00   -0.95817E+02 -0.53868E+03  0.63450E+03 -0.16380E+03  0.61496E+02  0.53298E+02      298.00
  0.10071E+00  0.10742E+04   -0.60250E-01 -0.60250E-01  0.12050E+00  0.00000E+00  0.00000E+00  0.00000E+00   -0.96019E+02 -0.53894E+03  0.63496E+03 -0.16311E+03  0.61635E+02  0.53241E+02      298.00
  0.10116E+00  0.10746E+04   -0.60500E-01 -0.60500E-01  0.12100E+00  0.00000E+00  0.00000E+00  0.00000E+00   -0.96222E+02 -0.53919E+03  0.63541E+03 -0.16242E+03  0.61771E+02  0.53184E+02      298.00
  0.10160E+00  0.10749E+04   -0.60750E-01 -0.60750E-01  0.12150E+00  0.00000E+00  0.00000E+00  0.00000E+00   -0.96424E+02 -0.53944E+03  0.63586E+03 -0.16173E+03  0.61906E+02  0.53128E+02      298.00
  0.10204E+00  0.10752E+04   -0.61000E-01 -0.61000E-01  0.12200E+00  0.00000E+00  0.00000E+00  0.00000E+00   -0.96625E+02 -0.53968E+03  0.63631E+03 -0.16104E+03  0.62037E+02  0.53073E+02      298.00
  0.10249E+00  0.10755E+04   -0.61250E-01 -0.61250E-01  0.12250E+00  0.00000E+00  0.00000E+00  0.00000E+00   -0.96827E+02 -0.53993E+03  0.63676E+03 -0.16034E+03  0.62167E+02  0.53018E+02      298.00
  0.10293E+00  0.10758E+04   -0.61500E-01 -0.61500E-01  0.12300E+00  0.00000E+00  0.00000E+00  0.00000E+00   -0.97029E+02 -0.54017E+03  0.63720E+03 -0.15965E+03  0.62294E+02  0.52964E+02      298.00
  0.10338E+00  0.10761E+04   -0.61750E-01 -0.61750E-01  0.12350E+00  0.00000E+00  0.00000E+00  0.00000E+00   -0.97230E+02 -0.54041E+03  0.63764E+03 -0.15895E+03  0.62420E+02  0.52910E+02      298.00
  0.10382E+00  0.10764E+04   -0.62000E-01 -0.62000E-01  0.12400E+00  0.00000E+00  0.00000E+00  0.00000E+00   -0.97431E+02 -0.54064E+03  0.63808E+03 -0.15825E+03  0.62543E+02  0.52856E+02      298.00
  0.10426E+00  0.10767E+04   -0.62250E-01 -0.62250E-01  0.12450E+00  0.00000E+00  0.00000E+00  0.00000E+00   -0.97633E+02 -0.54088E+03  0.63851E+03 -0.15755E+03  0.62664E+02  0.52804E+02      298.00
  0.10471E+00  0.10770E+04   -0.62500E-01 -0.62500E-01  0.12500E+00  0.00000E+00  0.00000E+00  0.00000E+00   -0.97834E+02 -0.54111E+03  0.63894E+03 -0.15685E+03  0.62783E+02  0.52751E+02      298.00
