    STEP   AVACS   MODE1   MODE2   MODE3   MODE4
       1   6.000   0.307   0.693   0.000   0.000
       2   7.000   0.270   0.730   0.000   0.000
       3   6.000   0.192   0.808   0.000   0.000
       4   6.000   0.121   0.879   0.000   0.000
       5   6.000   0.147   0.853   0.000   0.000
       6   5.000   0.189   0.811   0.000   0.000
       7   6.000   0.204   0.796   0.000   0.000
       8   6.000   0.209   0.791   0.000   0.000
       9   5.000   0.212   0.788   0.000   0.000
      10   5.000   0.201   0.799   0.000   0.000
      11   6.000   0.259   0.741   0.000   0.000
      12   5.000   0.359   0.641   0.000   0.000
      13   6.000   0.400   0.600   0.000   0.000
      14   6.000   0.404   0.596   0.000   0.000
      15   4.000   0.366   0.634   0.000   0.000
      16   6.000   0.330   0.670   0.000   0.000
      17   7.000   0.352   0.648   0.000   0.000
      18   6.000   0.332   0.668   0.000   0.000
      19   6.000   0.307   0.693   0.000   0.000
      20   7.000   0.270   0.730   0.000   0.000
      21   6.000   0.192   0.808   0.000   0.000
      22   6.000   0.121   0.879   0.000   0.000
      23   6.000   0.147   0.853   0.000   0.000
      24   5.000   0.189   0.811   0.000   0.000
      25   6.000   0.204   0.796   0.000   0.000
      26   6.000   0.209   0.791   0.000   0.000
      27   5.000   0.212   0.788   0.000   0.000
      28   5.000   0.201   0.799   0.000   0.000
      29   6.000   0.259   0.741   0.000   0.000
      30   5.000   0.359   0.641   0.000   0.000
      31   6.000   0.400   0.600   0.000   0.000
      32   6.000   0.404   0.596   0.000   0.000
      33   4.000   0.366   0.634   0.000   0.000
      34   6.000   0.330   0.670   0.000   0.000
      35   7.000   0.352   0.648   0.000   0.000
      36   6.000   0.332   0.668   0.000   0.000
  STRAIN   AVACS   PRITW   SECTW   MODE1   MODE2   MODE3   MODE4   TWFR3   EFFR3   TWFR4   EFFR4
   0.000   6.000   0.000   0.000   0.307   0.693   0.000   0.000   0.000   0.000   0.000   0.000
   0.001   6.000   0.000   0.000   0.306   0.694   0.000   0.000   0.000   0.000   0.000   0.000
   0.001   6.000   0.000   0.000   0.305   0.695   0.000   0.000   0.000   0.000   0.000   0.000
   0.002   6.000   0.000   0.000   0.304   0.696   0.000   0.000   0.000   0.000   0.000   0.000
   0.002   7.000   0.000   0.000   0.304   0.696   0.000   0.000   0.000   0.000   0.000   0.000
   0.003   7.000   0.000   0.000   0.303   0.697   0.000   0.000   0.000   0.000   0.000   0.000
   0.003   7.000   0.000   0.000   0.303   0.697   0.000   0.000   0.000   0.000   0.000   0.000
   0.004   7.000   0.000   0.000   0.302   0.698   0.000   0.000   0.000   0.000   0.000   0.000
   0.004   7.000   0.000   0.000   0.302   0.698   0.000   0.000   0.000   0.000   0.000   0.000
   0.005   7.000   0.000   0.000   0.302   0.698   0.000   0.000   0.000   0.000   0.000   0.000
   0.005   7.000   0.000   0.000   0.301   0.699   0.000   0.000   0.000   0.000   0.000   0.000
   0.006   7.000   0.000   0.000   0.301   0.699   0.000   0.000   0.000   0.000   0.000   0.000
   0.006   7.000   0.000   0.000   0.301   0.699   0.000   0.000   0.000   0.000   0.000   0.000
   0.007   7.000   0.000   0.000   0.300   0.700   0.000   0.000   0.000   0.000   0.000   0.000
   0.007   7.000   0.000   0.000   0.300   0.700   0.000   0.000   0.000   0.000   0.000   0.000
   0.008   7.000   0.000   0.000   0.300   0.700   0.000   0.000   0.000   0.000   0.000   0.000
   0.008   7.000   0.000   0.000   0.300   0.700   0.000   0.000   0.000   0.000   0.000   0.000
   0.009   7.000   0.000   0.000   0.300   0.700   0.000   0.000   0.000   0.000   0.000   0.000
   0.009   7.000   0.000   0.000   0.299   0.701   0.000   0.000   0.000   0.000   0.000   0.000
   0.010   7.000   0.000   0.000   0.299   0.701   0.000   0.000   0.000   0.000   0.000   0.000
   0.010   7.000   0.000   0.000   0.299   0.701   0.000   0.000   0.000   0.000   0.000   0.000
   0.011   7.000   0.000   0.000   0.299   0.701   0.000   0.000   0.000   0.000   0.000   0.000
   0.011   7.000   0.000   0.000   0.298   0.702   0.000   0.000   0.000   0.000   0.000   0.000
   0.012   7.000   0.000   0.000   0.298   0.702   0.000   0.000   0.000   0.000   0.000   0.000
   0.012   7.000   0.000   0.000   0.298   0.702   0.000   0.000   0.000   0.000   0.000   0.000
   0.013   7.000   0.000   0.000   0.298   0.702   0.000   0.000   0.000   0.000   0.000   0.000
   0.013   7.000   0.000   0.000   0.297   0.702   0.000   0.000   0.000   0.000   0.000   0.000
   0.014   7.000   0.000   0.000   0.297   0.703   0.000   0.000   0.000   0.000   0.000   0.000
   0.014   7.000   0.000   0.000   0.297   0.703   0.000   0.000   0.000   0.000   0.000   0.000
   0.015   7.000   0.000   0.000   0.297   0.703   0.000   0.000   0.000   0.000   0.000   0.000
   0.015   7.000   0.000   0.000   0.297   0.703   0.000   0.000   0.000   0.000   0.000   0.000
   0.016   7.000   0.000   0.000   0.297   0.703   0.000   0.000   0.000   0.000   0.000   0.000
   0.016   7.000   0.000   0.000   0.296   0.704   0.000   0.000   0.000   0.000   0.000   0.000
   0.017   7.000   0.000   0.000   0.296   0.704   0.000   0.000   0.000   0.000   0.000   0.000
   0.017   7.000   0.000   0.000   0.296   0.704   0.000   0.000   0.000   0.000   0.000   0.000
   0.018   7.000   0.000   0.000   0.296   0.704   0.000   0.000   0.000   0.000   0.000   0.000
   0.018   7.000   0.000   0.000   0.296   0.704   0.000   0.000   0.000   0.000   0.000   0.000
   0.019   7.000   0.000   0.000   0.295   0.705   0.000   0.000   0.000   0.000   0.000   0.000
   0.019   7.000   0.000   0.000   0.295   0.705   0.000   0.000   0.000   0.000   0.000   0.000
   0.020   7.000   0.000   0.000   0.295   0.705   0.000   0.000   0.000   0.000   0.000   0.000
   0.020   7.000   0.000   0.000   0.295   0.705   0.000   0.000   0.000   0.000   0.000   0.000
   0.021   7.000   0.000   0.000   0.294   0.705   0.000   0.000   0.000   0.000   0.000   0.000
   0.021   7.000   0.000   0.000   0.294   0.706   0.000   0.000   0.000   0.000   0.000   0.000
   0.022   7.000   0.000   0.000   0.294   0.706   0.000   0.000   0.000   0.000   0.000   0.000
   0.022   7.000   0.000   0.000   0.294   0.706   0.000   0.000   0.000   0.000   0.000   0.000
   0.023   7.000   0.000   0.000   0.294   0.706   0.000   0.000   0.000   0.000   0.000   0.000
   0.023   7.000   0.000   0.000   0.293   0.706   0.000   0.000   0.000   0.000   0.000   0.000
   0.024   7.000   0.000   0.000   0.293   0.707   0.000   0.000   0.000   0.000   0.000   0.000
   0.024   7.000   0.000   0.000   0.293   0.707   0.000   0.000   0.000   0.000   0.000   0.000
   0.025   7.000   0.000   0.000   0.293   0.707   0.000   0.000   0.000   0.000   0.000   0.000
   0.025   7.000   0.000   0.000   0.292   0.707   0.000   0.000   0.000   0.000   0.000   0.000
    STEP   AVACS   MODE1   MODE2   MODE3   MODE4
       1   7.000   0.293   0.707   0.000   0.000
       2   7.000   0.255   0.745   0.000   0.000
       3   5.000   0.176   0.824   0.000   0.000
       4   6.000   0.093   0.907   0.000   0.000
       5   5.000   0.130   0.870   0.000   0.000
       6   5.000   0.184   0.815   0.000   0.000
       7   6.000   0.207   0.792   0.000   0.000
       8   6.000   0.216   0.783   0.000   0.000
       9   5.000   0.221   0.779   0.000   0.000
      10   5.000   0.210   0.790   0.000   0.000
      11   6.000   0.257   0.743   0.000   0.000
      12   6.000   0.364   0.636   0.000   0.000
      13   7.000   0.403   0.597   0.000   0.000
      14   7.000   0.403   0.597   0.000   0.000
      15   4.000   0.354   0.646   0.000   0.000
      16   6.000   0.311   0.689   0.000   0.000
      17   7.000   0.337   0.663   0.000   0.000
      18   6.000   0.318   0.681   0.000   0.000
      19   7.000   0.292   0.707   0.000   0.000
      20   7.000   0.255   0.745   0.000   0.000
      21   5.000   0.176   0.824   0.000   0.000
      22   6.000   0.093   0.907   0.000   0.000
      23   5.000   0.130   0.870   0.000   0.000
      24   5.000   0.185   0.815   0.000   0.000
      25   6.000   0.207   0.793   0.000   0.000
      26   6.000   0.216   0.784   0.000   0.000
      27   5.000   0.221   0.779   0.000   0.000
      28   5.000   0.210   0.790   0.000   0.000
      29   6.000   0.257   0.743   0.000   0.000
      30   6.000   0.364   0.636   0.000   0.000
      31   7.000   0.402   0.597   0.000   0.001
      32   7.000   0.403   0.596   0.000   0.001
      33   4.000   0.354   0.646   0.000   0.000
      34   6.000   0.311   0.689   0.000   0.000
      35   7.000   0.337   0.663   0.000   0.000
      36   6.000   0.318   0.682   0.000   0.000
  STRAIN   AVACS   PRITW   SECTW   MODE1   MODE2   MODE3   MODE4   TWFR3   EFFR3   TWFR4   EFFR4
   0.025   7.000   0.000   0.000   0.292   0.707   0.000   0.000   0.000   0.000   0.000   0.000
   0.026   7.000   0.000   0.000   0.292   0.707   0.000   0.001   0.000   0.000   0.000   0.000
   0.026   7.000   0.000   0.000   0.292   0.707   0.000   0.001   0.000   0.000   0.000   0.000
   0.027   7.000   0.000   0.000   0.292   0.708   0.000   0.001   0.000   0.000   0.000   0.000
   0.027   7.000   0.000   0.000   0.291   0.708   0.000   0.001   0.000   0.000   0.000   0.000
   0.028   7.000   0.000   0.000   0.291   0.708   0.000   0.001   0.000   0.000   0.000   0.000
   0.028   7.000   0.000   0.000   0.291   0.708   0.000   0.001   0.000   0.000   0.000   0.000
   0.029   7.000   0.000   0.000   0.291   0.708   0.000   0.001   0.000   0.000   0.000   0.000
   0.029   7.000   0.000   0.000   0.290   0.709   0.000   0.001   0.000   0.000   0.000   0.000
   0.030   7.000   0.000   0.000   0.290   0.709   0.000   0.001   0.000   0.000   0.000   0.000
   0.030   7.000   0.000   0.000   0.290   0.709   0.000   0.001   0.000   0.000   0.000   0.000
   0.031   7.000   0.000   0.000   0.290   0.709   0.000   0.001   0.000   0.000   0.000   0.000
   0.031   7.000   0.000   0.000   0.289   0.709   0.000   0.001   0.000   0.000   0.000   0.000
   0.032   7.000   0.000   0.000   0.289   0.710   0.000   0.001   0.000   0.000   0.000   0.000
   0.032   7.000   0.000   0.000   0.289   0.710   0.000   0.001   0.000   0.000   0.000   0.000
   0.033   7.000   0.000   0.000   0.289   0.710   0.000   0.001   0.000   0.000   0.000   0.000
   0.033   7.000   0.000   0.000   0.288   0.710   0.000   0.001   0.000   0.000   0.000   0.000
   0.034   7.000   0.000   0.000   0.288   0.711   0.000   0.001   0.000   0.000   0.000   0.000
   0.034   7.000   0.000   0.000   0.288   0.711   0.000   0.001   0.000   0.000   0.000   0.000
   0.035   7.000   0.000   0.000   0.288   0.711   0.000   0.002   0.000   0.000   0.000   0.000
   0.035   7.000   0.000   0.000   0.287   0.711   0.000   0.002   0.000   0.000   0.000   0.000
   0.036   7.000   0.000   0.000   0.287   0.711   0.000   0.002   0.000   0.000   0.000   0.000
   0.036   7.000   0.000   0.000   0.287   0.711   0.000   0.002   0.000   0.000   0.000   0.000
   0.037   7.000   0.000   0.000   0.286   0.712   0.000   0.002   0.000   0.000   0.000   0.000
   0.037   7.000   0.000   0.000   0.286   0.712   0.000   0.002   0.000   0.000   0.000   0.000
   0.038   7.000   0.000   0.000   0.286   0.712   0.000   0.002   0.000   0.000   0.000   0.000
   0.038   7.000   0.000   0.000   0.286   0.712   0.000   0.002   0.000   0.000   0.000   0.000
   0.039   7.000   0.000   0.000   0.285   0.712   0.000   0.002   0.000   0.000   0.000   0.000
   0.039   7.000   0.000   0.000   0.285   0.713   0.000   0.002   0.000   0.000   0.000   0.000
   0.040   7.000   0.000   0.000   0.285   0.713   0.000   0.002   0.000   0.000   0.000   0.000
   0.040   7.000   0.000   0.000   0.285   0.713   0.000   0.002   0.000   0.000   0.000   0.000
   0.041   7.000   0.000   0.000   0.284   0.713   0.000   0.003   0.000   0.000   0.000   0.000
   0.041   7.000   0.000   0.000   0.284   0.713   0.000   0.003   0.000   0.000   0.000   0.000
   0.042   7.000   0.000   0.000   0.284   0.714   0.000   0.003   0.000   0.000   0.000   0.000
   0.042   7.000   0.000   0.000   0.283   0.714   0.000   0.003   0.000   0.000   0.000   0.000
   0.043   7.000   0.000   0.000   0.283   0.714   0.000   0.003   0.000   0.000   0.000   0.000
   0.043   7.000   0.000   0.000   0.283   0.714   0.000   0.003   0.000   0.000   0.001   0.000
   0.044   7.000   0.000   0.000   0.283   0.714   0.000   0.003   0.000   0.000   0.001   0.000
   0.044   7.000   0.000   0.000   0.282   0.714   0.000   0.003   0.000   0.000   0.001   0.000
   0.045   7.000   0.000   0.000   0.282   0.715   0.000   0.003   0.000   0.000   0.001   0.000
   0.045   7.000   0.000   0.000   0.282   0.715   0.000   0.003   0.000   0.000   0.001   0.000
   0.046   7.000   0.000   0.000   0.281   0.715   0.000   0.004   0.000   0.000   0.001   0.000
   0.046   7.000   0.000   0.000   0.281   0.715   0.000   0.004   0.000   0.000   0.001   0.000
   0.047   7.000   0.000   0.000   0.281   0.715   0.000   0.004   0.000   0.000   0.001   0.000
   0.047   7.000   0.000   0.000   0.281   0.716   0.000   0.004   0.000   0.000   0.001   0.000
   0.048   7.000   0.000   0.000   0.280   0.716   0.000   0.004   0.000   0.000   0.001   0.000
   0.048   7.000   0.000   0.000   0.280   0.716   0.000   0.004   0.000   0.000   0.001   0.000
   0.049   7.000   0.000   0.000   0.280   0.716   0.000   0.004   0.000   0.000   0.001   0.000
   0.049   7.000   0.000   0.000   0.280   0.716   0.000   0.004   0.000   0.000   0.001   0.000
   0.050   7.000   0.000   0.000   0.279   0.716   0.000   0.004   0.000   0.000   0.001   0.000
   0.050   7.000   0.000   0.000   0.279   0.717   0.000   0.004   0.000   0.000   0.001   0.000
    STEP   AVACS   MODE1   MODE2   MODE3   MODE4
       1   7.000   0.281   0.719   0.000   0.000
       2   7.000   0.244   0.756   0.000   0.000
       3   5.000   0.169   0.831   0.000   0.000
       4   6.000   0.087   0.913   0.000   0.000
       5   5.000   0.127   0.873   0.000   0.000
       6   5.000   0.185   0.814   0.000   0.001
       7   7.000   0.212   0.785   0.000   0.003
       8   6.000   0.223   0.773   0.000   0.003
       9   5.000   0.230   0.766   0.000   0.003
      10   5.000   0.223   0.776   0.000   0.002
      11   6.000   0.269   0.731   0.000   0.000
      12   6.000   0.373   0.627   0.000   0.000
      13   6.000   0.407   0.593   0.000   0.000
      14   7.000   0.404   0.596   0.000   0.000
      15   4.000   0.346   0.654   0.000   0.000
      16   6.000   0.304   0.696   0.000   0.000
      17   7.000   0.324   0.673   0.000   0.003
      18   6.000   0.304   0.691   0.000   0.004
      19   7.000   0.279   0.717   0.000   0.004
      20   7.000   0.243   0.754   0.000   0.003
      21   5.000   0.168   0.831   0.000   0.001
      22   6.000   0.087   0.913   0.000   0.001
      23   5.000   0.127   0.873   0.000   0.000
      24   5.000   0.186   0.814   0.000   0.000
      25   7.000   0.213   0.786   0.000   0.000
      26   6.000   0.225   0.775   0.000   0.000
      27   5.000   0.232   0.768   0.000   0.000
      28   5.000   0.223   0.777   0.000   0.000
      29   6.000   0.269   0.731   0.000   0.000
      30   6.000   0.372   0.625   0.000   0.003
      31   6.000   0.405   0.589   0.000   0.006
      32   7.000   0.402   0.592   0.000   0.005
      33   4.000   0.345   0.653   0.000   0.001
      34   5.000   0.304   0.696   0.000   0.000
      35   7.000   0.325   0.675   0.000   0.000
      36   6.000   0.306   0.694   0.000   0.000
  STRAIN   AVACS   PRITW   SECTW   MODE1   MODE2   MODE3   MODE4   TWFR3   EFFR3   TWFR4   EFFR4
   0.050   7.000   0.000   0.000   0.279   0.717   0.000   0.004   0.000   0.000   0.001   0.000
   0.051   7.000   0.000   0.000   0.279   0.717   0.000   0.004   0.000   0.000   0.001   0.000
   0.051   7.000   0.000   0.000   0.278   0.717   0.000   0.005   0.000   0.000   0.001   0.000
   0.052   7.000   0.000   0.000   0.278   0.717   0.000   0.005   0.000   0.000   0.001   0.000
   0.052   7.000   0.000   0.000   0.278   0.718   0.000   0.005   0.000   0.000   0.001   0.000
   0.053   7.000   0.000   0.000   0.277   0.718   0.000   0.005   0.000   0.000   0.001   0.000
   0.053   7.000   0.000   0.000   0.277   0.718   0.000   0.005   0.000   0.000   0.001   0.000
   0.054   7.000   0.000   0.000   0.277   0.718   0.000   0.005   0.000   0.000   0.001   0.000
   0.054   7.000   0.000   0.000   0.277   0.718   0.000   0.005   0.000   0.000   0.001   0.000
   0.055   7.000   0.000   0.000   0.276   0.719   0.000   0.005   0.000   0.000   0.001   0.000
   0.055   7.000   0.000   0.000   0.276   0.719   0.000   0.005   0.000   0.000   0.001   0.000
   0.056   7.000   0.000   0.000   0.276   0.719   0.000   0.005   0.000   0.000   0.001   0.000
   0.056   7.000   0.000   0.000   0.275   0.719   0.000   0.005   0.000   0.000   0.001   0.000
   0.057   7.000   0.000   0.000   0.275   0.719   0.000   0.005   0.000   0.000   0.001   0.000
   0.057   7.000   0.000   0.000   0.275   0.720   0.000   0.006   0.000   0.000   0.002   0.000
   0.058   7.000   0.000   0.000   0.275   0.720   0.000   0.006   0.000   0.000   0.002   0.000
   0.058   7.000   0.000   0.000   0.274   0.720   0.000   0.006   0.000   0.000   0.002   0.000
   0.059   7.000   0.000   0.000   0.274   0.720   0.000   0.006   0.000   0.000   0.002   0.000
   0.059   7.000   0.000   0.000   0.274   0.720   0.000   0.006   0.000   0.000   0.002   0.000
   0.060   7.000   0.000   0.000   0.274   0.721   0.000   0.006   0.000   0.000   0.002   0.000
   0.060   7.000   0.000   0.000   0.273   0.721   0.000   0.006   0.000   0.000   0.002   0.000
   0.061   7.000   0.000   0.000   0.273   0.721   0.000   0.006   0.000   0.000   0.002   0.000
   0.061   7.000   0.000   0.000   0.273   0.721   0.000   0.006   0.000   0.000   0.002   0.000
   0.062   7.000   0.000   0.000   0.272   0.721   0.000   0.006   0.000   0.000   0.002   0.000
   0.062   7.000   0.000   0.000   0.272   0.722   0.000   0.006   0.000   0.000   0.002   0.000
   0.063   7.000   0.000   0.000   0.272   0.722   0.000   0.006   0.000   0.000   0.002   0.000
   0.063   7.000   0.000   0.000   0.272   0.722   0.000   0.006   0.000   0.000   0.002   0.000
   0.064   7.000   0.000   0.000   0.271   0.722   0.000   0.006   0.000   0.000   0.002   0.000
   0.064   7.000   0.000   0.000   0.271   0.723   0.000   0.006   0.000   0.000   0.002   0.000
   0.065   7.000   0.000   0.000   0.271   0.723   0.000   0.006   0.000   0.000   0.002   0.000
   0.065   7.000   0.000   0.000   0.271   0.723   0.000   0.006   0.000   0.000   0.002   0.000
   0.066   7.000   0.000   0.000   0.270   0.723   0.000   0.006   0.000   0.000   0.002   0.000
   0.066   7.000   0.000   0.000   0.270   0.724   0.000   0.007   0.000   0.000   0.002   0.000
   0.067   7.000   0.000   0.000   0.270   0.724   0.000   0.007   0.000   0.000   0.003   0.000
   0.067   7.000   0.000   0.000   0.269   0.724   0.000   0.007   0.000   0.000   0.003   0.000
   0.068   7.000   0.000   0.000   0.269   0.724   0.000   0.007   0.000   0.000   0.003   0.000
   0.068   7.000   0.000   0.000   0.269   0.724   0.000   0.007   0.000   0.000   0.003   0.000
   0.069   7.000   0.000   0.000   0.269   0.725   0.000   0.007   0.000   0.000   0.003   0.000
   0.069   7.000   0.000   0.000   0.268   0.725   0.000   0.007   0.000   0.000   0.003   0.000
   0.070   7.000   0.000   0.000   0.268   0.725   0.000   0.007   0.000   0.000   0.003   0.000
   0.070   7.000   0.000   0.000   0.268   0.725   0.000   0.007   0.000   0.000   0.003   0.000
   0.071   7.000   0.000   0.000   0.268   0.726   0.000   0.007   0.000   0.000   0.003   0.000
   0.071   7.000   0.000   0.000   0.267   0.726   0.000   0.007   0.000   0.000   0.003   0.000
   0.072   7.000   0.000   0.000   0.267   0.726   0.000   0.007   0.000   0.000   0.003   0.000
   0.072   7.000   0.000   0.000   0.267   0.726   0.000   0.007   0.000   0.000   0.003   0.000
   0.073   7.000   0.000   0.000   0.267   0.727   0.000   0.007   0.000   0.000   0.003   0.000
   0.073   7.000   0.000   0.000   0.266   0.727   0.000   0.007   0.000   0.000   0.003   0.000
   0.074   7.000   0.000   0.000   0.266   0.727   0.000   0.007   0.000   0.000   0.003   0.000
   0.074   7.000   0.000   0.000   0.266   0.727   0.000   0.007   0.000   0.000   0.003   0.000
   0.075   7.000   0.000   0.000   0.266   0.728   0.000   0.007   0.000   0.000   0.003   0.000
   0.075   7.000   0.000   0.000   0.265   0.728   0.000   0.007   0.000   0.000   0.003   0.000
    STEP   AVACS   MODE1   MODE2   MODE3   MODE4
       1   7.000   0.268   0.732   0.000   0.000
       2   7.000   0.232   0.768   0.000   0.000
       3   5.000   0.159   0.841   0.000   0.000
       4   5.000   0.073   0.927   0.000   0.000
       5   5.000   0.120   0.879   0.000   0.000
       6   5.000   0.184   0.814   0.000   0.002
       7   7.000   0.217   0.779   0.000   0.004
       8   6.000   0.231   0.764   0.000   0.005
       9   5.000   0.240   0.755   0.000   0.005
      10   5.000   0.234   0.763   0.000   0.003
      11   6.000   0.277   0.723   0.000   0.000
      12   6.000   0.381   0.619   0.000   0.000
      13   6.000   0.411   0.589   0.000   0.000
      14   7.000   0.404   0.596   0.000   0.000
      15   4.000   0.336   0.664   0.000   0.000
      16   5.000   0.294   0.706   0.000   0.001
      17   7.000   0.310   0.684   0.000   0.005
      18   6.000   0.291   0.702   0.000   0.007
      19   7.000   0.265   0.728   0.000   0.007
      20   7.000   0.230   0.765   0.000   0.005
      21   5.000   0.157   0.841   0.000   0.002
      22   5.000   0.073   0.926   0.000   0.001
      23   5.000   0.120   0.879   0.000   0.000
      24   5.000   0.185   0.815   0.000   0.000
      25   7.000   0.219   0.781   0.000   0.000
      26   6.000   0.233   0.767   0.000   0.000
      27   5.000   0.242   0.758   0.000   0.000
      28   5.000   0.236   0.764   0.000   0.000
      29   6.000   0.277   0.723   0.000   0.000
      30   6.000   0.379   0.616   0.000   0.005
      31   6.000   0.407   0.583   0.000   0.009
      32   7.000   0.401   0.591   0.000   0.008
      33   4.000   0.335   0.663   0.000   0.002
      34   5.000   0.294   0.706   0.000   0.000
      35   7.000   0.313   0.687   0.000   0.000
      36   6.000   0.293   0.706   0.000   0.000
  STRAIN   AVACS   PRITW   SECTW   MODE1   MODE2   MODE3   MODE4   TWFR3   EFFR3   TWFR4   EFFR4
   0.075   7.000   0.000   0.000   0.265   0.728   0.000   0.007   0.000   0.000   0.003   0.000
   0.076   7.000   0.000   0.000   0.265   0.728   0.000   0.007   0.000   0.000   0.004   0.000
   0.076   7.000   0.000   0.000   0.265   0.728   0.000   0.007   0.000   0.000   0.004   0.000
   0.077   7.000   0.000   0.000   0.265   0.729   0.000   0.007   0.000   0.000   0.004   0.000
   0.077   7.000   0.000   0.000   0.264   0.729   0.000   0.007   0.000   0.000   0.004   0.000
   0.078   7.000   0.000   0.000   0.264   0.729   0.000   0.007   0.000   0.000   0.004   0.000
   0.078   7.000   0.000   0.000   0.264   0.729   0.000   0.007   0.000   0.000   0.004   0.000
   0.079   7.000   0.000   0.000   0.264   0.730   0.000   0.007   0.000   0.000   0.004   0.000
   0.079   7.000   0.000   0.000   0.263   0.730   0.000   0.007   0.000   0.000   0.004   0.000
   0.080   7.000   0.000   0.000   0.263   0.730   0.000   0.007   0.000   0.000   0.004   0.000
   0.080   7.000   0.000   0.000   0.263   0.730   0.000   0.007   0.000   0.000   0.004   0.000
   0.081   7.000   0.000   0.000   0.263   0.731   0.000   0.007   0.000   0.000   0.004   0.000
   0.081   7.000   0.000   0.000   0.262   0.731   0.000   0.007   0.000   0.000   0.004   0.000
   0.082   7.000   0.000   0.000   0.262   0.731   0.000   0.007   0.000   0.000   0.004   0.000
   0.082   7.000   0.000   0.000   0.262   0.731   0.000   0.007   0.000   0.000   0.004   0.000
   0.083   7.000   0.000   0.000   0.262   0.732   0.000   0.007   0.000   0.000   0.004   0.000
   0.083   7.000   0.000   0.000   0.261   0.732   0.000   0.007   0.000   0.000   0.004   0.000
   0.084   7.000   0.000   0.000   0.261   0.732   0.000   0.007   0.000   0.000   0.004   0.000
   0.084   7.000   0.000   0.000   0.261   0.732   0.000   0.007   0.000   0.000   0.005   0.000
   0.085   7.000   0.000   0.000   0.261   0.733   0.000   0.007   0.000   0.000   0.005   0.000
   0.085   7.000   0.000   0.000   0.260   0.733   0.000   0.007   0.000   0.000   0.005   0.000
   0.086   7.000   0.000   0.000   0.260   0.733   0.000   0.007   0.000   0.000   0.005   0.000
   0.086   7.000   0.000   0.000   0.260   0.734   0.000   0.007   0.000   0.000   0.005   0.000
   0.087   7.000   0.000   0.000   0.260   0.734   0.000   0.007   0.000   0.000   0.005   0.000
   0.087   7.000   0.000   0.000   0.259   0.734   0.000   0.006   0.000   0.000   0.005   0.000
   0.088   7.000   0.000   0.000   0.259   0.734   0.000   0.006   0.000   0.000   0.005   0.000
   0.088   7.000   0.000   0.000   0.259   0.735   0.000   0.006   0.000   0.000   0.005   0.000
   0.089   7.000   0.000   0.000   0.259   0.735   0.000   0.006   0.000   0.000   0.005   0.000
   0.089   7.000   0.000   0.000   0.258   0.735   0.000   0.006   0.000   0.000   0.005   0.000
   0.090   7.000   0.000   0.000   0.258   0.735   0.000   0.006   0.000   0.000   0.005   0.000
   0.090   7.000   0.000   0.000   0.258   0.736   0.000   0.006   0.000   0.000   0.005   0.000
   0.091   7.000   0.000   0.000   0.258   0.736   0.000   0.006   0.000   0.000   0.005   0.000
   0.091   7.000   0.000   0.000   0.258   0.736   0.000   0.006   0.000   0.000   0.005   0.000
   0.092   7.000   0.000   0.000   0.257   0.736   0.000   0.006   0.000   0.000   0.005   0.000
   0.092   7.000   0.000   0.000   0.257   0.737   0.000   0.006   0.000   0.000   0.005   0.000
   0.093   7.000   0.000   0.000   0.257   0.737   0.000   0.006   0.000   0.000   0.005   0.000
   0.093   7.000   0.000   0.000   0.257   0.737   0.000   0.006   0.000   0.000   0.005   0.000
   0.094   7.000   0.000   0.000   0.256   0.738   0.000   0.006   0.000   0.000   0.006   0.000
   0.094   7.000   0.000   0.000   0.256   0.738   0.000   0.006   0.000   0.000   0.006   0.000
   0.095   7.000   0.000   0.000   0.256   0.738   0.000   0.006   0.000   0.000   0.006   0.000
   0.095   7.000   0.000   0.000   0.256   0.738   0.000   0.006   0.000   0.000   0.006   0.000
   0.096   7.000   0.000   0.000   0.256   0.739   0.000   0.006   0.000   0.000   0.006   0.000
   0.096   7.000   0.000   0.000   0.255   0.739   0.000   0.006   0.000   0.000   0.006   0.000
   0.097   7.000   0.000   0.000   0.255   0.739   0.000   0.006   0.000   0.000   0.006   0.000
   0.097   7.000   0.000   0.000   0.255   0.739   0.000   0.006   0.000   0.000   0.006   0.000
   0.098   7.000   0.000   0.000   0.255   0.740   0.000   0.006   0.000   0.000   0.006   0.000
   0.098   7.000   0.000   0.000   0.254   0.740   0.000   0.006   0.000   0.000   0.006   0.000
   0.099   7.000   0.000   0.000   0.254   0.740   0.000   0.006   0.000   0.000   0.006   0.000
   0.099   7.000   0.000   0.000   0.254   0.740   0.000   0.006   0.000   0.000   0.006   0.000
   0.100   7.000   0.000   0.000   0.254   0.741   0.000   0.006   0.000   0.000   0.006   0.000
   0.100   7.000   0.000   0.000   0.253   0.741   0.000   0.006   0.000   0.000   0.006   0.000
    STEP   AVACS   MODE1   MODE2   MODE3   MODE4
       1   7.000   0.256   0.744   0.000   0.000
       2   7.000   0.219   0.781   0.000   0.000
       3   5.000   0.148   0.852   0.000   0.000
       4   5.000   0.058   0.942   0.000   0.000
       5   5.000   0.113   0.886   0.000   0.000
       6   5.000   0.183   0.816   0.000   0.001
       7   7.000   0.222   0.775   0.000   0.003
       8   6.000   0.239   0.756   0.000   0.005
       9   5.000   0.251   0.745   0.000   0.005
      10   5.000   0.246   0.751   0.000   0.003
      11   6.000   0.285   0.715   0.000   0.000
      12   6.000   0.388   0.612   0.000   0.000
      13   7.000   0.414   0.586   0.000   0.000
      14   7.000   0.403   0.597   0.000   0.000
      15   4.000   0.325   0.675   0.000   0.000
      16   5.000   0.284   0.715   0.000   0.001
      17   7.000   0.298   0.697   0.000   0.005
      18   6.000   0.279   0.716   0.000   0.006
      19   7.000   0.253   0.741   0.000   0.006
      20   7.000   0.218   0.778   0.000   0.004
      21   5.000   0.147   0.851   0.000   0.002
      22   5.000   0.058   0.942   0.000   0.001
      23   5.000   0.113   0.886   0.000   0.000
      24   5.000   0.183   0.817   0.000   0.000
      25   7.000   0.223   0.777   0.000   0.000
      26   6.000   0.241   0.759   0.000   0.000
      27   5.000   0.253   0.747   0.000   0.000
      28   5.000   0.247   0.753   0.000   0.000
      29   6.000   0.285   0.714   0.000   0.000
      30   6.000   0.387   0.609   0.000   0.004
      31   7.000   0.411   0.581   0.000   0.008
      32   7.000   0.400   0.593   0.000   0.007
      33   4.000   0.325   0.674   0.000   0.002
      34   5.000   0.284   0.716   0.000   0.000
      35   7.000   0.300   0.700   0.000   0.000
      36   6.000   0.281   0.719   0.000   0.000
  STRAIN   AVACS   PRITW   SECTW   MODE1   MODE2   MODE3   MODE4   TWFR3   EFFR3   TWFR4   EFFR4
   0.100   7.000   0.000   0.000   0.253   0.741   0.000   0.006   0.000   0.000   0.006   0.000
   0.101   7.000   0.000   0.000   0.253   0.741   0.000   0.006   0.000   0.000   0.006   0.000
   0.101   7.000   0.000   0.000   0.253   0.742   0.000   0.005   0.000   0.000   0.006   0.000
   0.102   7.000   0.000   0.000   0.253   0.742   0.000   0.005   0.000   0.000   0.006   0.000
   0.102   7.000   0.000   0.000   0.253   0.742   0.000   0.005   0.000   0.000   0.006   0.000
   0.103   7.000   0.000   0.000   0.252   0.742   0.000   0.005   0.000   0.000   0.006   0.000
   0.103   7.000   0.000   0.000   0.252   0.743   0.000   0.005   0.000   0.000   0.006   0.000
   0.104   7.000   0.000   0.000   0.252   0.743   0.000   0.005   0.000   0.000   0.006   0.000
   0.104   7.000   0.000   0.000   0.252   0.743   0.000   0.005   0.000   0.000   0.007   0.000
   0.105   7.000   0.000   0.000   0.251   0.743   0.000   0.005   0.000   0.000   0.007   0.000
   0.105   7.000   0.000   0.000   0.251   0.744   0.000   0.005   0.000   0.000   0.007   0.000
   0.106   7.000   0.000   0.000   0.251   0.744   0.000   0.005   0.000   0.000   0.007   0.000
   0.106   7.000   0.000   0.000   0.251   0.744   0.000   0.005   0.000   0.000   0.007   0.000
   0.107   7.000   0.000   0.000   0.250   0.745   0.000   0.005   0.000   0.000   0.007   0.000
   0.107   7.000   0.000   0.000   0.250   0.745   0.000   0.005   0.000   0.000   0.007   0.000
   0.108   7.000   0.000   0.000   0.250   0.745   0.000   0.005   0.000   0.000   0.007   0.000
   0.108   7.000   0.000   0.000   0.250   0.745   0.000   0.005   0.000   0.000   0.007   0.000
   0.109   7.000   0.000   0.000   0.250   0.746   0.000   0.005   0.000   0.000   0.007   0.000
   0.109   7.000   0.000   0.000   0.249   0.746   0.000   0.005   0.000   0.000   0.007   0.000
   0.110   7.000   0.000   0.000   0.249   0.746   0.000   0.005   0.000   0.000   0.007   0.000
   0.110   7.000   0.000   0.000   0.249   0.746   0.000   0.005   0.000   0.000   0.007   0.000
   0.111   7.000   0.000   0.000   0.249   0.747   0.000   0.005   0.000   0.000   0.007   0.000
   0.111   7.000   0.000   0.000   0.248   0.747   0.000   0.005   0.000   0.000   0.007   0.000
   0.112   7.000   0.000   0.000   0.248   0.747   0.000   0.005   0.000   0.000   0.007   0.000
   0.112   7.000   0.000   0.000   0.248   0.748   0.000   0.005   0.000   0.000   0.007   0.000
   0.113   7.000   0.000   0.000   0.248   0.748   0.000   0.004   0.000   0.000   0.007   0.000
   0.113   7.000   0.000   0.000   0.247   0.748   0.000   0.004   0.000   0.000   0.007   0.000
   0.114   7.000   0.000   0.000   0.247   0.748   0.000   0.004   0.000   0.000   0.007   0.000
   0.114   7.000   0.000   0.000   0.247   0.749   0.000   0.004   0.000   0.000   0.007   0.000
   0.115   7.000   0.000   0.000   0.247   0.749   0.000   0.004   0.000   0.000   0.007   0.000
   0.115   7.000   0.000   0.000   0.247   0.749   0.000   0.004   0.000   0.000   0.007   0.000
   0.116   7.000   0.000   0.000   0.246   0.749   0.000   0.004   0.000   0.000   0.007   0.000
   0.116   7.000   0.000   0.000   0.246   0.750   0.000   0.004   0.000   0.000   0.007   0.000
   0.117   7.000   0.000   0.000   0.246   0.750   0.000   0.004   0.000   0.000   0.008   0.000
   0.117   7.000   0.000   0.000   0.246   0.750   0.000   0.004   0.000   0.000   0.008   0.000
   0.118   7.000   0.000   0.000   0.245   0.751   0.000   0.004   0.000   0.000   0.008   0.000
   0.118   7.000   0.000   0.000   0.245   0.751   0.000   0.004   0.000   0.000   0.008   0.000
   0.119   7.000   0.000   0.000   0.245   0.751   0.000   0.004   0.000   0.000   0.008   0.000
   0.119   7.000   0.000   0.000   0.245   0.751   0.000   0.004   0.000   0.000   0.008   0.000
   0.120   7.000   0.000   0.000   0.244   0.752   0.000   0.004   0.000   0.000   0.008   0.000
   0.120   7.000   0.000   0.000   0.244   0.752   0.000   0.004   0.000   0.000   0.008   0.000
   0.121   7.000   0.000   0.000   0.244   0.752   0.000   0.004   0.000   0.000   0.008   0.000
   0.121   7.000   0.000   0.000   0.244   0.752   0.000   0.004   0.000   0.000   0.008   0.000
   0.122   7.000   0.000   0.000   0.243   0.753   0.000   0.004   0.000   0.000   0.008   0.000
   0.122   7.000   0.000   0.000   0.243   0.753   0.000   0.004   0.000   0.000   0.008   0.000
   0.123   7.000   0.000   0.000   0.243   0.753   0.000   0.004   0.000   0.000   0.008   0.000
   0.123   7.000   0.000   0.000   0.243   0.754   0.000   0.004   0.000   0.000   0.008   0.000
   0.124   7.000   0.000   0.000   0.243   0.754   0.000   0.004   0.000   0.000   0.008   0.000
   0.124   7.000   0.000   0.000   0.242   0.754   0.000   0.004   0.000   0.000   0.008   0.000
   0.125   7.000   0.000   0.000   0.242   0.754   0.000   0.004   0.000   0.000   0.008   0.000
   0.125   7.000   0.000   0.000   0.242   0.755   0.000   0.003   0.000   0.000   0.008   0.000
    STEP   AVACS   MODE1   MODE2   MODE3   MODE4
       1   7.000   0.243   0.757   0.000   0.000
       2   7.000   0.207   0.793   0.000   0.000
       3   5.000   0.138   0.862   0.000   0.000
       4   5.000   0.042   0.958   0.000   0.000
       5   5.000   0.108   0.892   0.000   0.000
       6   5.000   0.181   0.818   0.000   0.001
       7   7.000   0.226   0.771   0.000   0.002
       8   7.000   0.248   0.749   0.000   0.003
       9   6.000   0.262   0.735   0.000   0.003
      10   5.000   0.258   0.740   0.000   0.002
      11   5.000   0.295   0.705   0.000   0.000
      12   7.000   0.395   0.605   0.000   0.000
      13   7.000   0.417   0.583   0.000   0.000
      14   7.000   0.401   0.599   0.000   0.000
      15   5.000   0.315   0.685   0.000   0.000
      16   5.000   0.274   0.725   0.000   0.001
      17   7.000   0.286   0.711   0.000   0.003
      18   6.000   0.267   0.729   0.000   0.004
      19   7.000   0.242   0.755   0.000   0.003
      20   7.000   0.206   0.792   0.000   0.003
      21   5.000   0.137   0.862   0.000   0.001
      22   5.000   0.042   0.957   0.000   0.000
      23   5.000   0.108   0.892   0.000   0.000
      24   5.000   0.182   0.818   0.000   0.000
      25   7.000   0.227   0.773   0.000   0.000
      26   7.000   0.249   0.751   0.000   0.000
      27   6.000   0.263   0.737   0.000   0.000
      28   5.000   0.259   0.741   0.000   0.000
      29   5.000   0.295   0.705   0.000   0.000
      30   7.000   0.394   0.603   0.000   0.003
      31   7.000   0.415   0.579   0.000   0.005
      32   7.000   0.399   0.597   0.000   0.004
      33   5.000   0.315   0.684   0.000   0.001
      34   5.000   0.275   0.725   0.000   0.000
      35   7.000   0.287   0.713   0.000   0.000
      36   6.000   0.268   0.732   0.000   0.000
