          Evm          Svm            E11          E22          E33          E23          E13          E12         SDEV11       SDEV22       SDEV33       SDEV23       SDEV13       SDEV12      TEMP
  0.00000E+00  0.47070E+03    0.00000E+00  0.00000E+00  0.00000E+00  0.00000E+00  0.00000E+00  0.00000E+00   -0.18471E+03 -0.77179E+02  0.26189E+03 -0.37365E+02 -0.93489E+02 -0.96894E+02      298.00
  0.41728E-03  0.48127E+03   -0.25000E-03 -0.25000E-03  0.50000E-03  0.00000E+00  0.00000E+00  0.00000E+00   -0.18870E+03 -0.80425E+02  0.26912E+03 -0.37120E+02 -0.94753E+02 -0.97977E+02      298.00
  0.83668E-03  0.49175E+03   -0.50000E-03 -0.50000E-03  0.10000E-02  0.00000E+00  0.00000E+00  0.00000E+00   -0.19280E+03 -0.83323E+02  0.27612E+03 -0.37088E+02 -0.96045E+02 -0.99137E+02      298.00
  0.12578E-02  0.50195E+03   -0.75000E-03 -0.75000E-03  0.15000E-02  0.00000E+00  0.00000E+00  0.00000E+00   -0.19677E+03 -0.86030E+02  0.28280E+03 -0.37117E+02 -0.97356E+02 -0.10041E+03      298.00
  0.16804E-02  0.51222E+03   -0.10000E-02 -0.10000E-02  0.20000E-02  0.00000E+00  0.00000E+00  0.00000E+00   -0.20082E+03 -0.88553E+02  0.28937E+03 -0.37271E+02 -0.98739E+02 -0.10181E+03      298.00
  0.21041E-02  0.52180E+03   -0.12500E-02 -0.12500E-02  0.25000E-02  0.00000E+00  0.00000E+00  0.00000E+00   -0.20460E+03 -0.90858E+02  0.29545E+03 -0.37438E+02 -0.10002E+03 -0.10319E+03      298.00
  0.25287E-02  0.53168E+03   -0.15000E-02 -0.15000E-02  0.30000E-02  0.00000E+00  0.00000E+00  0.00000E+00   -0.20849E+03 -0.93105E+02  0.30160E+03 -0.37690E+02 -0.10143E+03 -0.10474E+03      298.00
  0.29542E-02  0.54115E+03   -0.17500E-02 -0.17500E-02  0.35000E-02  0.00000E+00  0.00000E+00  0.00000E+00   -0.21222E+03 -0.95212E+02  0.30743E+03 -0.37953E+02 -0.10279E+03 -0.10631E+03      298.00
  0.33802E-02  0.55045E+03   -0.20000E-02 -0.20000E-02  0.40000E-02  0.00000E+00  0.00000E+00  0.00000E+00   -0.21589E+03 -0.97205E+02  0.31309E+03 -0.38255E+02 -0.10414E+03 -0.10792E+03      298.00
  0.38068E-02  0.55958E+03   -0.22500E-02 -0.22500E-02  0.45000E-02  0.00000E+00  0.00000E+00  0.00000E+00   -0.21951E+03 -0.99092E+02  0.31860E+03 -0.38591E+02 -0.10549E+03 -0.10955E+03      298.00
  0.42339E-02  0.56854E+03   -0.25000E-02 -0.25000E-02  0.50000E-02  0.00000E+00  0.00000E+00  0.00000E+00   -0.22309E+03 -0.10089E+03  0.32397E+03 -0.38956E+02 -0.10682E+03 -0.11121E+03      298.00
  0.46612E-02  0.57735E+03   -0.27500E-02 -0.27500E-02  0.55000E-02  0.00000E+00  0.00000E+00  0.00000E+00   -0.22662E+03 -0.10259E+03  0.32921E+03 -0.39344E+02 -0.10813E+03 -0.11287E+03      298.00
  0.50889E-02  0.58600E+03   -0.30000E-02 -0.30000E-02  0.60000E-02  0.00000E+00  0.00000E+00  0.00000E+00   -0.23010E+03 -0.10423E+03  0.33432E+03 -0.39748E+02 -0.10942E+03 -0.11454E+03      298.00
  0.55168E-02  0.59449E+03   -0.32500E-02 -0.32500E-02  0.65000E-02  0.00000E+00  0.00000E+00  0.00000E+00   -0.23353E+03 -0.10580E+03  0.33932E+03 -0.40164E+02 -0.11070E+03 -0.11622E+03      298.00
  0.59449E-02  0.60285E+03   -0.35000E-02 -0.35000E-02  0.70000E-02  0.00000E+00  0.00000E+00  0.00000E+00   -0.23690E+03 -0.10731E+03  0.34422E+03 -0.40586E+02 -0.11195E+03 -0.11789E+03      298.00
  0.63731E-02  0.61115E+03   -0.37500E-02 -0.37500E-02  0.75000E-02  0.00000E+00  0.00000E+00  0.00000E+00   -0.24021E+03 -0.10885E+03  0.34906E+03 -0.40977E+02 -0.11322E+03 -0.11963E+03      298.00
  0.68015E-02  0.61863E+03   -0.40000E-02 -0.40000E-02  0.80000E-02  0.00000E+00  0.00000E+00  0.00000E+00   -0.24329E+03 -0.11015E+03  0.35344E+03 -0.41382E+02 -0.11429E+03 -0.12114E+03      298.00
  0.72300E-02  0.62697E+03   -0.42500E-02 -0.42500E-02  0.85000E-02  0.00000E+00  0.00000E+00  0.00000E+00   -0.24657E+03 -0.11168E+03  0.35825E+03 -0.41772E+02 -0.11559E+03 -0.12295E+03      298.00
  0.76585E-02  0.63465E+03   -0.45000E-02 -0.45000E-02  0.90000E-02  0.00000E+00  0.00000E+00  0.00000E+00   -0.24973E+03 -0.11298E+03  0.36271E+03 -0.42203E+02 -0.11671E+03 -0.12456E+03      298.00
  0.80871E-02  0.64252E+03   -0.47500E-02 -0.47500E-02  0.95000E-02  0.00000E+00  0.00000E+00  0.00000E+00   -0.25288E+03 -0.11437E+03  0.36725E+03 -0.42597E+02 -0.11791E+03 -0.12628E+03      298.00
  0.85158E-02  0.65006E+03   -0.50000E-02 -0.50000E-02  0.10000E-01  0.00000E+00  0.00000E+00  0.00000E+00   -0.25594E+03 -0.11566E+03  0.37160E+03 -0.42999E+02 -0.11902E+03 -0.12791E+03      298.00
  0.89445E-02  0.65748E+03   -0.52500E-02 -0.52500E-02  0.10500E-01  0.00000E+00  0.00000E+00  0.00000E+00   -0.25896E+03 -0.11692E+03  0.37588E+03 -0.43396E+02 -0.12010E+03 -0.12952E+03      298.00
  0.93733E-02  0.66477E+03   -0.55000E-02 -0.55000E-02  0.11000E-01  0.00000E+00  0.00000E+00  0.00000E+00   -0.26194E+03 -0.11815E+03  0.38008E+03 -0.43784E+02 -0.12115E+03 -0.13112E+03      298.00
  0.98021E-02  0.67174E+03   -0.57500E-02 -0.57500E-02  0.11500E-01  0.00000E+00  0.00000E+00  0.00000E+00   -0.26480E+03 -0.11932E+03  0.38411E+03 -0.44161E+02 -0.12214E+03 -0.13265E+03      298.00
  0.10231E-01  0.67847E+03   -0.60000E-02 -0.60000E-02  0.12000E-01  0.00000E+00  0.00000E+00  0.00000E+00   -0.26754E+03 -0.12046E+03  0.38801E+03 -0.44496E+02 -0.12307E+03 -0.13415E+03      298.00
  0.10660E-01  0.68574E+03   -0.62500E-02 -0.62500E-02  0.12500E-01  0.00000E+00  0.00000E+00  0.00000E+00   -0.27061E+03 -0.12158E+03  0.39219E+03 -0.44950E+02 -0.12409E+03 -0.13571E+03      298.00
  0.11089E-01  0.69256E+03   -0.65000E-02 -0.65000E-02  0.13000E-01  0.00000E+00  0.00000E+00  0.00000E+00   -0.27337E+03 -0.12274E+03  0.39612E+03 -0.45286E+02 -0.12505E+03 -0.13725E+03      298.00
  0.11518E-01  0.69927E+03   -0.67500E-02 -0.67500E-02  0.13500E-01  0.00000E+00  0.00000E+00  0.00000E+00   -0.27614E+03 -0.12385E+03  0.39999E+03 -0.45637E+02 -0.12597E+03 -0.13874E+03      298.00
  0.11947E-01  0.70647E+03   -0.70000E-02 -0.70000E-02  0.14000E-01  0.00000E+00  0.00000E+00  0.00000E+00   -0.27909E+03 -0.12504E+03  0.40412E+03 -0.46002E+02 -0.12699E+03 -0.14037E+03      298.00
  0.12376E-01  0.71295E+03   -0.72500E-02 -0.72500E-02  0.14500E-01  0.00000E+00  0.00000E+00  0.00000E+00   -0.28175E+03 -0.12612E+03  0.40787E+03 -0.46319E+02 -0.12785E+03 -0.14184E+03      298.00
  0.12805E-01  0.71934E+03   -0.75000E-02 -0.75000E-02  0.15000E-01  0.00000E+00  0.00000E+00  0.00000E+00   -0.28437E+03 -0.12719E+03  0.41156E+03 -0.46626E+02 -0.12870E+03 -0.14328E+03      298.00
  0.13234E-01  0.72562E+03   -0.77500E-02 -0.77500E-02  0.15500E-01  0.00000E+00  0.00000E+00  0.00000E+00   -0.28696E+03 -0.12824E+03  0.41520E+03 -0.46922E+02 -0.12952E+03 -0.14471E+03      298.00
  0.13663E-01  0.73179E+03   -0.80000E-02 -0.80000E-02  0.16000E-01  0.00000E+00  0.00000E+00  0.00000E+00   -0.28950E+03 -0.12928E+03  0.41878E+03 -0.47207E+02 -0.13031E+03 -0.14611E+03      298.00
  0.14092E-01  0.73787E+03   -0.82500E-02 -0.82500E-02  0.16500E-01  0.00000E+00  0.00000E+00  0.00000E+00   -0.29201E+03 -0.13030E+03  0.42230E+03 -0.47481E+02 -0.13107E+03 -0.14750E+03      298.00
  0.14522E-01  0.74385E+03   -0.85000E-02 -0.85000E-02  0.17000E-01  0.00000E+00  0.00000E+00  0.00000E+00   -0.29447E+03 -0.13131E+03  0.42578E+03 -0.47744E+02 -0.13182E+03 -0.14886E+03      298.00
  0.14951E-01  0.74973E+03   -0.87500E-02 -0.87500E-02  0.17500E-01  0.00000E+00  0.00000E+00  0.00000E+00   -0.29690E+03 -0.13230E+03  0.42920E+03 -0.47997E+02 -0.13254E+03 -0.15020E+03      298.00
  0.15380E-01  0.75551E+03   -0.90000E-02 -0.90000E-02  0.18000E-01  0.00000E+00  0.00000E+00  0.00000E+00   -0.29930E+03 -0.13328E+03  0.43257E+03 -0.48238E+02 -0.13323E+03 -0.15153E+03      298.00
  0.15810E-01  0.76120E+03   -0.92500E-02 -0.92500E-02  0.18500E-01  0.00000E+00  0.00000E+00  0.00000E+00   -0.30165E+03 -0.13424E+03  0.43589E+03 -0.48469E+02 -0.13390E+03 -0.15283E+03      298.00
  0.16239E-01  0.76680E+03   -0.95000E-02 -0.95000E-02  0.19000E-01  0.00000E+00  0.00000E+00  0.00000E+00   -0.30397E+03 -0.13519E+03  0.43916E+03 -0.48690E+02 -0.13455E+03 -0.15411E+03      298.00
  0.16669E-01  0.77231E+03   -0.97500E-02 -0.97500E-02  0.19500E-01  0.00000E+00  0.00000E+00  0.00000E+00   -0.30626E+03 -0.13613E+03  0.44239E+03 -0.48900E+02 -0.13517E+03 -0.15538E+03      298.00
  0.17098E-01  0.77773E+03   -0.10000E-01 -0.10000E-01  0.20000E-01  0.00000E+00  0.00000E+00  0.00000E+00   -0.30851E+03 -0.13706E+03  0.44556E+03 -0.49100E+02 -0.13577E+03 -0.15662E+03      298.00
  0.17528E-01  0.78306E+03   -0.10250E-01 -0.10250E-01  0.20500E-01  0.00000E+00  0.00000E+00  0.00000E+00   -0.31072E+03 -0.13797E+03  0.44870E+03 -0.49289E+02 -0.13635E+03 -0.15785E+03      298.00
  0.17958E-01  0.78830E+03   -0.10500E-01 -0.10500E-01  0.21000E-01  0.00000E+00  0.00000E+00  0.00000E+00   -0.31290E+03 -0.13888E+03  0.45178E+03 -0.49468E+02 -0.13691E+03 -0.15905E+03      298.00
  0.18388E-01  0.79331E+03   -0.10750E-01 -0.10750E-01  0.21500E-01  0.00000E+00  0.00000E+00  0.00000E+00   -0.31484E+03 -0.13989E+03  0.45473E+03 -0.49516E+02 -0.13746E+03 -0.16030E+03      298.00
  0.18817E-01  0.79855E+03   -0.11000E-01 -0.11000E-01  0.22000E-01  0.00000E+00  0.00000E+00  0.00000E+00   -0.31716E+03 -0.14067E+03  0.45783E+03 -0.49785E+02 -0.13797E+03 -0.16142E+03      298.00
  0.19247E-01  0.80353E+03   -0.11250E-01 -0.11250E-01  0.22500E-01  0.00000E+00  0.00000E+00  0.00000E+00   -0.31924E+03 -0.14153E+03  0.46077E+03 -0.49938E+02 -0.13846E+03 -0.16257E+03      298.00
  0.19678E-01  0.80845E+03   -0.11500E-01 -0.11500E-01  0.23000E-01  0.00000E+00  0.00000E+00  0.00000E+00   -0.32130E+03 -0.14239E+03  0.46368E+03 -0.50079E+02 -0.13893E+03 -0.16370E+03      298.00
  0.20108E-01  0.81328E+03   -0.11750E-01 -0.11750E-01  0.23500E-01  0.00000E+00  0.00000E+00  0.00000E+00   -0.32332E+03 -0.14324E+03  0.46655E+03 -0.50211E+02 -0.13938E+03 -0.16481E+03      298.00
  0.20538E-01  0.81803E+03   -0.12000E-01 -0.12000E-01  0.24000E-01  0.00000E+00  0.00000E+00  0.00000E+00   -0.32531E+03 -0.14407E+03  0.46938E+03 -0.50334E+02 -0.13982E+03 -0.16591E+03      298.00
  0.20968E-01  0.82271E+03   -0.12250E-01 -0.12250E-01  0.24500E-01  0.00000E+00  0.00000E+00  0.00000E+00   -0.32727E+03 -0.14490E+03  0.47217E+03 -0.50447E+02 -0.14023E+03 -0.16698E+03      298.00
  0.21399E-01  0.82750E+03   -0.12500E-01 -0.12500E-01  0.25000E-01  0.00000E+00  0.00000E+00  0.00000E+00   -0.32922E+03 -0.14579E+03  0.47502E+03 -0.50516E+02 -0.14068E+03 -0.16813E+03      298.00
          Evm          Svm            E11          E22          E33          E23          E13          E12         SDEV11       SDEV22       SDEV33       SDEV23       SDEV13       SDEV12      TEMP
  0.21399E-01  0.82688E+03   -0.12500E-01 -0.12500E-01  0.25000E-01  0.00000E+00  0.00000E+00  0.00000E+00   -0.32917E+03 -0.14552E+03  0.47469E+03 -0.50629E+02 -0.14050E+03 -0.16785E+03      298.00
  0.21829E-01  0.83169E+03   -0.12750E-01 -0.12750E-01  0.25500E-01  0.00000E+00  0.00000E+00  0.00000E+00   -0.33089E+03 -0.14665E+03  0.47754E+03 -0.50519E+02 -0.14102E+03 -0.16915E+03      298.00
  0.22260E-01  0.83614E+03   -0.13000E-01 -0.13000E-01  0.26000E-01  0.00000E+00  0.00000E+00  0.00000E+00   -0.33279E+03 -0.14741E+03  0.48021E+03 -0.50628E+02 -0.14137E+03 -0.17016E+03      298.00
  0.22691E-01  0.83970E+03   -0.13250E-01 -0.13250E-01  0.26500E-01  0.00000E+00  0.00000E+00  0.00000E+00   -0.33439E+03 -0.14801E+03  0.48240E+03 -0.50732E+02 -0.14153E+03 -0.17091E+03      298.00
  0.23122E-01  0.84402E+03   -0.13500E-01 -0.13500E-01  0.27000E-01  0.00000E+00  0.00000E+00  0.00000E+00   -0.33626E+03 -0.14874E+03  0.48500E+03 -0.50839E+02 -0.14184E+03 -0.17187E+03      298.00
  0.23553E-01  0.84829E+03   -0.13750E-01 -0.13750E-01  0.27500E-01  0.00000E+00  0.00000E+00  0.00000E+00   -0.33803E+03 -0.14954E+03  0.48757E+03 -0.50877E+02 -0.14216E+03 -0.17288E+03      298.00
  0.23984E-01  0.85250E+03   -0.14000E-01 -0.14000E-01  0.28000E-01  0.00000E+00  0.00000E+00  0.00000E+00   -0.33970E+03 -0.15041E+03  0.49011E+03 -0.50854E+02 -0.14249E+03 -0.17392E+03      298.00
  0.24415E-01  0.85735E+03   -0.14250E-01 -0.14250E-01  0.28500E-01  0.00000E+00  0.00000E+00  0.00000E+00   -0.34172E+03 -0.15128E+03  0.49300E+03 -0.50923E+02 -0.14290E+03 -0.17506E+03      298.00
  0.24846E-01  0.86153E+03   -0.14500E-01 -0.14500E-01  0.29000E-01  0.00000E+00  0.00000E+00  0.00000E+00   -0.34357E+03 -0.15196E+03  0.49553E+03 -0.51031E+02 -0.14316E+03 -0.17598E+03      298.00
  0.25277E-01  0.86549E+03   -0.14750E-01 -0.14750E-01  0.29500E-01  0.00000E+00  0.00000E+00  0.00000E+00   -0.34525E+03 -0.15269E+03  0.49794E+03 -0.51064E+02 -0.14339E+03 -0.17689E+03      298.00
  0.25709E-01  0.86940E+03   -0.15000E-01 -0.15000E-01  0.30000E-01  0.00000E+00  0.00000E+00  0.00000E+00   -0.34691E+03 -0.15341E+03  0.50033E+03 -0.51087E+02 -0.14361E+03 -0.17779E+03      298.00
  0.26141E-01  0.87324E+03   -0.15250E-01 -0.15250E-01  0.30500E-01  0.00000E+00  0.00000E+00  0.00000E+00   -0.34855E+03 -0.15413E+03  0.50267E+03 -0.51104E+02 -0.14382E+03 -0.17868E+03      298.00
  0.26572E-01  0.87718E+03   -0.15500E-01 -0.15500E-01  0.31000E-01  0.00000E+00  0.00000E+00  0.00000E+00   -0.35015E+03 -0.15492E+03  0.50507E+03 -0.51063E+02 -0.14405E+03 -0.17964E+03      298.00
  0.27004E-01  0.88090E+03   -0.15750E-01 -0.15750E-01  0.31500E-01  0.00000E+00  0.00000E+00  0.00000E+00   -0.35176E+03 -0.15560E+03  0.50736E+03 -0.51077E+02 -0.14422E+03 -0.18049E+03      298.00
  0.27436E-01  0.88428E+03   -0.16000E-01 -0.16000E-01  0.32000E-01  0.00000E+00  0.00000E+00  0.00000E+00   -0.35314E+03 -0.15632E+03  0.50945E+03 -0.51009E+02 -0.14435E+03 -0.18130E+03      298.00
  0.27868E-01  0.88724E+03   -0.16250E-01 -0.16250E-01  0.32500E-01  0.00000E+00  0.00000E+00  0.00000E+00   -0.35443E+03 -0.15690E+03  0.51133E+03 -0.50993E+02 -0.14439E+03 -0.18194E+03      298.00
  0.28300E-01  0.89078E+03   -0.16500E-01 -0.16500E-01  0.33000E-01  0.00000E+00  0.00000E+00  0.00000E+00   -0.35600E+03 -0.15752E+03  0.51352E+03 -0.51014E+02 -0.14450E+03 -0.18272E+03      298.00
  0.28733E-01  0.89427E+03   -0.16750E-01 -0.16750E-01  0.33500E-01  0.00000E+00  0.00000E+00  0.00000E+00   -0.35754E+03 -0.15815E+03  0.51569E+03 -0.51015E+02 -0.14460E+03 -0.18350E+03      298.00
  0.29165E-01  0.89771E+03   -0.17000E-01 -0.17000E-01  0.34000E-01  0.00000E+00  0.00000E+00  0.00000E+00   -0.35903E+03 -0.15879E+03  0.51782E+03 -0.50996E+02 -0.14470E+03 -0.18429E+03      298.00
  0.29598E-01  0.90110E+03   -0.17250E-01 -0.17250E-01  0.34500E-01  0.00000E+00  0.00000E+00  0.00000E+00   -0.36049E+03 -0.15944E+03  0.51993E+03 -0.50957E+02 -0.14478E+03 -0.18507E+03      298.00
  0.30031E-01  0.90443E+03   -0.17500E-01 -0.17500E-01  0.35000E-01  0.00000E+00  0.00000E+00  0.00000E+00   -0.36191E+03 -0.16010E+03  0.52200E+03 -0.50903E+02 -0.14487E+03 -0.18584E+03      298.00
  0.30464E-01  0.90771E+03   -0.17750E-01 -0.17750E-01  0.35500E-01  0.00000E+00  0.00000E+00  0.00000E+00   -0.36330E+03 -0.16076E+03  0.52405E+03 -0.50836E+02 -0.14494E+03 -0.18661E+03      298.00
  0.30897E-01  0.91093E+03   -0.18000E-01 -0.18000E-01  0.36000E-01  0.00000E+00  0.00000E+00  0.00000E+00   -0.36466E+03 -0.16141E+03  0.52607E+03 -0.50760E+02 -0.14500E+03 -0.18737E+03      298.00
  0.31330E-01  0.91411E+03   -0.18250E-01 -0.18250E-01  0.36500E-01  0.00000E+00  0.00000E+00  0.00000E+00   -0.36601E+03 -0.16206E+03  0.52807E+03 -0.50678E+02 -0.14504E+03 -0.18812E+03      298.00
  0.31763E-01  0.91723E+03   -0.18500E-01 -0.18500E-01  0.37000E-01  0.00000E+00  0.00000E+00  0.00000E+00   -0.36733E+03 -0.16270E+03  0.53003E+03 -0.50590E+02 -0.14508E+03 -0.18885E+03      298.00
  0.32196E-01  0.92031E+03   -0.18750E-01 -0.18750E-01  0.37500E-01  0.00000E+00  0.00000E+00  0.00000E+00   -0.36864E+03 -0.16333E+03  0.53197E+03 -0.50499E+02 -0.14510E+03 -0.18957E+03      298.00
  0.32630E-01  0.92333E+03   -0.19000E-01 -0.19000E-01  0.38000E-01  0.00000E+00  0.00000E+00  0.00000E+00   -0.36993E+03 -0.16395E+03  0.53388E+03 -0.50404E+02 -0.14511E+03 -0.19028E+03      298.00
  0.33064E-01  0.92630E+03   -0.19250E-01 -0.19250E-01  0.38500E-01  0.00000E+00  0.00000E+00  0.00000E+00   -0.37120E+03 -0.16457E+03  0.53577E+03 -0.50307E+02 -0.14510E+03 -0.19097E+03      298.00
  0.33497E-01  0.92923E+03   -0.19500E-01 -0.19500E-01  0.39000E-01  0.00000E+00  0.00000E+00  0.00000E+00   -0.37246E+03 -0.16517E+03  0.53763E+03 -0.50206E+02 -0.14508E+03 -0.19165E+03      298.00
  0.33931E-01  0.93211E+03   -0.19750E-01 -0.19750E-01  0.39500E-01  0.00000E+00  0.00000E+00  0.00000E+00   -0.37370E+03 -0.16577E+03  0.53946E+03 -0.50101E+02 -0.14505E+03 -0.19231E+03      298.00
  0.34365E-01  0.93494E+03   -0.20000E-01 -0.20000E-01  0.40000E-01  0.00000E+00  0.00000E+00  0.00000E+00   -0.37492E+03 -0.16635E+03  0.54127E+03 -0.49993E+02 -0.14501E+03 -0.19297E+03      298.00
  0.34799E-01  0.93772E+03   -0.20250E-01 -0.20250E-01  0.40500E-01  0.00000E+00  0.00000E+00  0.00000E+00   -0.37613E+03 -0.16693E+03  0.54306E+03 -0.49881E+02 -0.14496E+03 -0.19361E+03      298.00
  0.35234E-01  0.94046E+03   -0.20500E-01 -0.20500E-01  0.41000E-01  0.00000E+00  0.00000E+00  0.00000E+00   -0.37732E+03 -0.16750E+03  0.54482E+03 -0.49766E+02 -0.14489E+03 -0.19424E+03      298.00
  0.35668E-01  0.94316E+03   -0.20750E-01 -0.20750E-01  0.41500E-01  0.00000E+00  0.00000E+00  0.00000E+00   -0.37849E+03 -0.16806E+03  0.54655E+03 -0.49646E+02 -0.14482E+03 -0.19486E+03      298.00
  0.36103E-01  0.94581E+03   -0.21000E-01 -0.21000E-01  0.42000E-01  0.00000E+00  0.00000E+00  0.00000E+00   -0.37965E+03 -0.16862E+03  0.54827E+03 -0.49522E+02 -0.14473E+03 -0.19547E+03      298.00
  0.36538E-01  0.94842E+03   -0.21250E-01 -0.21250E-01  0.42500E-01  0.00000E+00  0.00000E+00  0.00000E+00   -0.38079E+03 -0.16917E+03  0.54996E+03 -0.49394E+02 -0.14463E+03 -0.19606E+03      298.00
  0.36973E-01  0.95099E+03   -0.21500E-01 -0.21500E-01  0.43000E-01  0.00000E+00  0.00000E+00  0.00000E+00   -0.38192E+03 -0.16971E+03  0.55163E+03 -0.49262E+02 -0.14452E+03 -0.19665E+03      298.00
  0.37408E-01  0.95352E+03   -0.21750E-01 -0.21750E-01  0.43500E-01  0.00000E+00  0.00000E+00  0.00000E+00   -0.38303E+03 -0.17025E+03  0.55327E+03 -0.49125E+02 -0.14440E+03 -0.19723E+03      298.00
  0.37843E-01  0.95600E+03   -0.22000E-01 -0.22000E-01  0.44000E-01  0.00000E+00  0.00000E+00  0.00000E+00   -0.38412E+03 -0.17078E+03  0.55490E+03 -0.48984E+02 -0.14427E+03 -0.19779E+03      298.00
  0.38278E-01  0.95845E+03   -0.22250E-01 -0.22250E-01  0.44500E-01  0.00000E+00  0.00000E+00  0.00000E+00   -0.38520E+03 -0.17130E+03  0.55650E+03 -0.48839E+02 -0.14413E+03 -0.19835E+03      298.00
  0.38714E-01  0.96085E+03   -0.22500E-01 -0.22500E-01  0.45000E-01  0.00000E+00  0.00000E+00  0.00000E+00   -0.38626E+03 -0.17182E+03  0.55808E+03 -0.48690E+02 -0.14399E+03 -0.19890E+03      298.00
  0.39149E-01  0.96322E+03   -0.22750E-01 -0.22750E-01  0.45500E-01  0.00000E+00  0.00000E+00  0.00000E+00   -0.38731E+03 -0.17233E+03  0.55964E+03 -0.48537E+02 -0.14383E+03 -0.19943E+03      298.00
  0.39585E-01  0.96555E+03   -0.23000E-01 -0.23000E-01  0.46000E-01  0.00000E+00  0.00000E+00  0.00000E+00   -0.38834E+03 -0.17284E+03  0.56118E+03 -0.48379E+02 -0.14366E+03 -0.19996E+03      298.00
  0.40021E-01  0.96882E+03   -0.23250E-01 -0.23250E-01  0.46500E-01  0.00000E+00  0.00000E+00  0.00000E+00   -0.39001E+03 -0.17324E+03  0.56325E+03 -0.48422E+02 -0.14354E+03 -0.20060E+03      298.00
  0.40457E-01  0.97075E+03   -0.23500E-01 -0.23500E-01  0.47000E-01  0.00000E+00  0.00000E+00  0.00000E+00   -0.39073E+03 -0.17383E+03  0.56457E+03 -0.48104E+02 -0.14332E+03 -0.20112E+03      298.00
  0.40893E-01  0.97328E+03   -0.23750E-01 -0.23750E-01  0.47500E-01  0.00000E+00  0.00000E+00  0.00000E+00   -0.39201E+03 -0.17421E+03  0.56622E+03 -0.48094E+02 -0.14315E+03 -0.20160E+03      298.00
  0.41329E-01  0.97512E+03   -0.24000E-01 -0.24000E-01  0.48000E-01  0.00000E+00  0.00000E+00  0.00000E+00   -0.39270E+03 -0.17479E+03  0.56749E+03 -0.47773E+02 -0.14291E+03 -0.20210E+03      298.00
  0.41766E-01  0.97729E+03   -0.24250E-01 -0.24250E-01  0.48500E-01  0.00000E+00  0.00000E+00  0.00000E+00   -0.39369E+03 -0.17526E+03  0.56894E+03 -0.47605E+02 -0.14269E+03 -0.20258E+03      298.00
  0.42203E-01  0.97939E+03   -0.24500E-01 -0.24500E-01  0.49000E-01  0.00000E+00  0.00000E+00  0.00000E+00   -0.39465E+03 -0.17571E+03  0.57036E+03 -0.47440E+02 -0.14246E+03 -0.20304E+03      298.00
  0.42639E-01  0.98146E+03   -0.24750E-01 -0.24750E-01  0.49500E-01  0.00000E+00  0.00000E+00  0.00000E+00   -0.39559E+03 -0.17617E+03  0.57175E+03 -0.47267E+02 -0.14223E+03 -0.20349E+03      298.00
  0.43076E-01  0.98349E+03   -0.25000E-01 -0.25000E-01  0.50000E-01  0.00000E+00  0.00000E+00  0.00000E+00   -0.39651E+03 -0.17662E+03  0.57313E+03 -0.47086E+02 -0.14199E+03 -0.20394E+03      298.00
          Evm          Svm            E11          E22          E33          E23          E13          E12         SDEV11       SDEV22       SDEV33       SDEV23       SDEV13       SDEV12      TEMP
  0.43076E-01  0.98308E+03   -0.25000E-01 -0.25000E-01  0.50000E-01  0.00000E+00  0.00000E+00  0.00000E+00   -0.39644E+03 -0.17646E+03  0.57291E+03 -0.47203E+02 -0.14194E+03 -0.20375E+03      298.00
  0.43513E-01  0.98431E+03   -0.25250E-01 -0.25250E-01  0.50500E-01  0.00000E+00  0.00000E+00  0.00000E+00   -0.39676E+03 -0.17707E+03  0.57383E+03 -0.46835E+02 -0.14169E+03 -0.20411E+03      298.00
  0.43951E-01  0.98748E+03   -0.25500E-01 -0.25500E-01  0.51000E-01  0.00000E+00  0.00000E+00  0.00000E+00   -0.39829E+03 -0.17755E+03  0.57584E+03 -0.46686E+02 -0.14149E+03 -0.20484E+03      298.00
  0.44388E-01  0.98822E+03   -0.25750E-01 -0.25750E-01  0.51500E-01  0.00000E+00  0.00000E+00  0.00000E+00   -0.39852E+03 -0.17797E+03  0.57649E+03 -0.46453E+02 -0.14118E+03 -0.20498E+03      298.00
  0.44825E-01  0.99013E+03   -0.26000E-01 -0.26000E-01  0.52000E-01  0.00000E+00  0.00000E+00  0.00000E+00   -0.39938E+03 -0.17843E+03  0.57780E+03 -0.46247E+02 -0.14091E+03 -0.20541E+03      298.00
  0.45263E-01  0.99202E+03   -0.26250E-01 -0.26250E-01  0.52500E-01  0.00000E+00  0.00000E+00  0.00000E+00   -0.40023E+03 -0.17887E+03  0.57910E+03 -0.46040E+02 -0.14064E+03 -0.20583E+03      298.00
  0.45701E-01  0.99389E+03   -0.26500E-01 -0.26500E-01  0.53000E-01  0.00000E+00  0.00000E+00  0.00000E+00   -0.40108E+03 -0.17931E+03  0.58039E+03 -0.45830E+02 -0.14037E+03 -0.20625E+03      298.00
  0.46139E-01  0.99573E+03   -0.26750E-01 -0.26750E-01  0.53500E-01  0.00000E+00  0.00000E+00  0.00000E+00   -0.40191E+03 -0.17975E+03  0.58166E+03 -0.45616E+02 -0.14008E+03 -0.20666E+03      298.00
  0.46577E-01  0.99754E+03   -0.27000E-01 -0.27000E-01  0.54000E-01  0.00000E+00  0.00000E+00  0.00000E+00   -0.40273E+03 -0.18019E+03  0.58291E+03 -0.45398E+02 -0.13979E+03 -0.20706E+03      298.00
  0.47015E-01  0.99933E+03   -0.27250E-01 -0.27250E-01  0.54500E-01  0.00000E+00  0.00000E+00  0.00000E+00   -0.40353E+03 -0.18062E+03  0.58415E+03 -0.45177E+02 -0.13949E+03 -0.20746E+03      298.00
  0.47454E-01  0.10011E+04   -0.27500E-01 -0.27500E-01  0.55000E-01  0.00000E+00  0.00000E+00  0.00000E+00   -0.40433E+03 -0.18105E+03  0.58537E+03 -0.44952E+02 -0.13919E+03 -0.20785E+03      298.00
  0.47892E-01  0.10028E+04   -0.27750E-01 -0.27750E-01  0.55500E-01  0.00000E+00  0.00000E+00  0.00000E+00   -0.40511E+03 -0.18147E+03  0.58658E+03 -0.44724E+02 -0.13888E+03 -0.20823E+03      298.00
  0.48331E-01  0.10045E+04   -0.28000E-01 -0.28000E-01  0.56000E-01  0.00000E+00  0.00000E+00  0.00000E+00   -0.40588E+03 -0.18189E+03  0.58777E+03 -0.44493E+02 -0.13856E+03 -0.20861E+03      298.00
  0.48770E-01  0.10062E+04   -0.28250E-01 -0.28250E-01  0.56500E-01  0.00000E+00  0.00000E+00  0.00000E+00   -0.40664E+03 -0.18231E+03  0.58895E+03 -0.44258E+02 -0.13824E+03 -0.20898E+03      298.00
  0.49209E-01  0.10078E+04   -0.28500E-01 -0.28500E-01  0.57000E-01  0.00000E+00  0.00000E+00  0.00000E+00   -0.40739E+03 -0.18272E+03  0.59011E+03 -0.44020E+02 -0.13791E+03 -0.20934E+03      298.00
  0.49648E-01  0.10094E+04   -0.28750E-01 -0.28750E-01  0.57500E-01  0.00000E+00  0.00000E+00  0.00000E+00   -0.40812E+03 -0.18313E+03  0.59125E+03 -0.43778E+02 -0.13757E+03 -0.20970E+03      298.00
  0.50087E-01  0.10110E+04   -0.29000E-01 -0.29000E-01  0.58000E-01  0.00000E+00  0.00000E+00  0.00000E+00   -0.40885E+03 -0.18353E+03  0.59238E+03 -0.43534E+02 -0.13723E+03 -0.21005E+03      298.00
  0.50527E-01  0.10126E+04   -0.29250E-01 -0.29250E-01  0.58500E-01  0.00000E+00  0.00000E+00  0.00000E+00   -0.40957E+03 -0.18394E+03  0.59350E+03 -0.43286E+02 -0.13689E+03 -0.21040E+03      298.00
  0.50966E-01  0.10141E+04   -0.29500E-01 -0.29500E-01  0.59000E-01  0.00000E+00  0.00000E+00  0.00000E+00   -0.41027E+03 -0.18434E+03  0.59461E+03 -0.43036E+02 -0.13653E+03 -0.21074E+03      298.00
  0.51406E-01  0.10157E+04   -0.29750E-01 -0.29750E-01  0.59500E-01  0.00000E+00  0.00000E+00  0.00000E+00   -0.41097E+03 -0.18473E+03  0.59570E+03 -0.42782E+02 -0.13618E+03 -0.21107E+03      298.00
  0.51846E-01  0.10172E+04   -0.30000E-01 -0.30000E-01  0.60000E-01  0.00000E+00  0.00000E+00  0.00000E+00   -0.41165E+03 -0.18512E+03  0.59677E+03 -0.42526E+02 -0.13581E+03 -0.21140E+03      298.00
  0.52286E-01  0.10186E+04   -0.30250E-01 -0.30250E-01  0.60500E-01  0.00000E+00  0.00000E+00  0.00000E+00   -0.41232E+03 -0.18551E+03  0.59784E+03 -0.42267E+02 -0.13544E+03 -0.21172E+03      298.00
  0.52726E-01  0.10201E+04   -0.30500E-01 -0.30500E-01  0.61000E-01  0.00000E+00  0.00000E+00  0.00000E+00   -0.41299E+03 -0.18590E+03  0.59889E+03 -0.42005E+02 -0.13507E+03 -0.21204E+03      298.00
  0.53166E-01  0.10215E+04   -0.30750E-01 -0.30750E-01  0.61500E-01  0.00000E+00  0.00000E+00  0.00000E+00   -0.41364E+03 -0.18628E+03  0.59992E+03 -0.41740E+02 -0.13469E+03 -0.21235E+03      298.00
  0.53607E-01  0.10229E+04   -0.31000E-01 -0.31000E-01  0.62000E-01  0.00000E+00  0.00000E+00  0.00000E+00   -0.41429E+03 -0.18666E+03  0.60095E+03 -0.41472E+02 -0.13430E+03 -0.21265E+03      298.00
  0.54047E-01  0.10243E+04   -0.31250E-01 -0.31250E-01  0.62500E-01  0.00000E+00  0.00000E+00  0.00000E+00   -0.41492E+03 -0.18704E+03  0.60196E+03 -0.41202E+02 -0.13391E+03 -0.21295E+03      298.00
  0.54488E-01  0.10257E+04   -0.31500E-01 -0.31500E-01  0.63000E-01  0.00000E+00  0.00000E+00  0.00000E+00   -0.41555E+03 -0.18741E+03  0.60296E+03 -0.40929E+02 -0.13352E+03 -0.21325E+03      298.00
  0.54929E-01  0.10270E+04   -0.31750E-01 -0.31750E-01  0.63500E-01  0.00000E+00  0.00000E+00  0.00000E+00   -0.41616E+03 -0.18778E+03  0.60394E+03 -0.40654E+02 -0.13312E+03 -0.21354E+03      298.00
  0.55370E-01  0.10283E+04   -0.32000E-01 -0.32000E-01  0.64000E-01  0.00000E+00  0.00000E+00  0.00000E+00   -0.41677E+03 -0.18815E+03  0.60492E+03 -0.40376E+02 -0.13271E+03 -0.21382E+03      298.00
  0.55811E-01  0.10296E+04   -0.32250E-01 -0.32250E-01  0.64500E-01  0.00000E+00  0.00000E+00  0.00000E+00   -0.41737E+03 -0.18851E+03  0.60588E+03 -0.40095E+02 -0.13230E+03 -0.21410E+03      298.00
  0.56253E-01  0.10309E+04   -0.32500E-01 -0.32500E-01  0.65000E-01  0.00000E+00  0.00000E+00  0.00000E+00   -0.41796E+03 -0.18887E+03  0.60683E+03 -0.39812E+02 -0.13189E+03 -0.21437E+03      298.00
  0.56694E-01  0.10321E+04   -0.32750E-01 -0.32750E-01  0.65500E-01  0.00000E+00  0.00000E+00  0.00000E+00   -0.41854E+03 -0.18923E+03  0.60777E+03 -0.39527E+02 -0.13147E+03 -0.21464E+03      298.00
  0.57136E-01  0.10334E+04   -0.33000E-01 -0.33000E-01  0.66000E-01  0.00000E+00  0.00000E+00  0.00000E+00   -0.41912E+03 -0.18959E+03  0.60870E+03 -0.39239E+02 -0.13105E+03 -0.21491E+03      298.00
  0.57578E-01  0.10346E+04   -0.33250E-01 -0.33250E-01  0.66500E-01  0.00000E+00  0.00000E+00  0.00000E+00   -0.41968E+03 -0.18994E+03  0.60962E+03 -0.38949E+02 -0.13062E+03 -0.21517E+03      298.00
  0.58020E-01  0.10358E+04   -0.33500E-01 -0.33500E-01  0.67000E-01  0.00000E+00  0.00000E+00  0.00000E+00   -0.42024E+03 -0.19029E+03  0.61053E+03 -0.38656E+02 -0.13019E+03 -0.21542E+03      298.00
  0.58462E-01  0.10370E+04   -0.33750E-01 -0.33750E-01  0.67500E-01  0.00000E+00  0.00000E+00  0.00000E+00   -0.42078E+03 -0.19064E+03  0.61142E+03 -0.38362E+02 -0.12975E+03 -0.21567E+03      298.00
  0.58904E-01  0.10391E+04   -0.34000E-01 -0.34000E-01  0.68000E-01  0.00000E+00  0.00000E+00  0.00000E+00   -0.42157E+03 -0.19124E+03  0.61281E+03 -0.37825E+02 -0.12946E+03 -0.21634E+03      298.00
  0.59346E-01  0.10393E+04   -0.34250E-01 -0.34250E-01  0.68500E-01  0.00000E+00  0.00000E+00  0.00000E+00   -0.42163E+03 -0.19151E+03  0.61314E+03 -0.37644E+02 -0.12900E+03 -0.21626E+03      298.00
  0.59789E-01  0.10405E+04   -0.34500E-01 -0.34500E-01  0.69000E-01  0.00000E+00  0.00000E+00  0.00000E+00   -0.42239E+03 -0.19169E+03  0.61408E+03 -0.37439E+02 -0.12843E+03 -0.21643E+03      298.00
  0.60231E-01  0.10415E+04   -0.34750E-01 -0.34750E-01  0.69500E-01  0.00000E+00  0.00000E+00  0.00000E+00   -0.42289E+03 -0.19202E+03  0.61490E+03 -0.37150E+02 -0.12797E+03 -0.21664E+03      298.00
  0.60674E-01  0.10426E+04   -0.35000E-01 -0.35000E-01  0.70000E-01  0.00000E+00  0.00000E+00  0.00000E+00   -0.42340E+03 -0.19235E+03  0.61575E+03 -0.36846E+02 -0.12752E+03 -0.21686E+03      298.00
  0.61117E-01  0.10437E+04   -0.35250E-01 -0.35250E-01  0.70500E-01  0.00000E+00  0.00000E+00  0.00000E+00   -0.42390E+03 -0.19268E+03  0.61658E+03 -0.36539E+02 -0.12706E+03 -0.21709E+03      298.00
  0.61560E-01  0.10446E+04   -0.35500E-01 -0.35500E-01  0.71000E-01  0.00000E+00  0.00000E+00  0.00000E+00   -0.42413E+03 -0.19315E+03  0.61728E+03 -0.36162E+02 -0.12671E+03 -0.21732E+03      298.00
  0.62003E-01  0.10455E+04   -0.35750E-01 -0.35750E-01  0.71500E-01  0.00000E+00  0.00000E+00  0.00000E+00   -0.42461E+03 -0.19343E+03  0.61804E+03 -0.35892E+02 -0.12622E+03 -0.21748E+03      298.00
  0.62447E-01  0.10468E+04   -0.36000E-01 -0.36000E-01  0.72000E-01  0.00000E+00  0.00000E+00  0.00000E+00   -0.42535E+03 -0.19369E+03  0.61904E+03 -0.35579E+02 -0.12567E+03 -0.21776E+03      298.00
  0.62890E-01  0.10478E+04   -0.36250E-01 -0.36250E-01  0.72500E-01  0.00000E+00  0.00000E+00  0.00000E+00   -0.42581E+03 -0.19401E+03  0.61982E+03 -0.35270E+02 -0.12519E+03 -0.21795E+03      298.00
  0.63334E-01  0.10488E+04   -0.36500E-01 -0.36500E-01  0.73000E-01  0.00000E+00  0.00000E+00  0.00000E+00   -0.42628E+03 -0.19433E+03  0.62061E+03 -0.34953E+02 -0.12471E+03 -0.21815E+03      298.00
  0.63778E-01  0.10498E+04   -0.36750E-01 -0.36750E-01  0.73500E-01  0.00000E+00  0.00000E+00  0.00000E+00   -0.42674E+03 -0.19464E+03  0.62138E+03 -0.34635E+02 -0.12423E+03 -0.21835E+03      298.00
  0.64221E-01  0.10508E+04   -0.37000E-01 -0.37000E-01  0.74000E-01  0.00000E+00  0.00000E+00  0.00000E+00   -0.42719E+03 -0.19496E+03  0.62215E+03 -0.34314E+02 -0.12374E+03 -0.21855E+03      298.00
  0.64666E-01  0.10517E+04   -0.37250E-01 -0.37250E-01  0.74500E-01  0.00000E+00  0.00000E+00  0.00000E+00   -0.42764E+03 -0.19527E+03  0.62291E+03 -0.33992E+02 -0.12326E+03 -0.21874E+03      298.00
  0.65110E-01  0.10527E+04   -0.37500E-01 -0.37500E-01  0.75000E-01  0.00000E+00  0.00000E+00  0.00000E+00   -0.42808E+03 -0.19558E+03  0.62366E+03 -0.33668E+02 -0.12276E+03 -0.21893E+03      298.00
          Evm          Svm            E11          E22          E33          E23          E13          E12         SDEV11       SDEV22       SDEV33       SDEV23       SDEV13       SDEV12      TEMP
  0.65110E-01  0.10530E+04   -0.37500E-01 -0.37500E-01  0.75000E-01  0.00000E+00  0.00000E+00  0.00000E+00   -0.42842E+03 -0.19544E+03  0.62386E+03 -0.33749E+02 -0.12271E+03 -0.21895E+03      298.00
  0.65554E-01  0.10535E+04   -0.37750E-01 -0.37750E-01  0.75500E-01  0.00000E+00  0.00000E+00  0.00000E+00   -0.42829E+03 -0.19604E+03  0.62432E+03 -0.33267E+02 -0.12239E+03 -0.21916E+03      298.00
  0.65999E-01  0.10542E+04   -0.38000E-01 -0.38000E-01  0.76000E-01  0.00000E+00  0.00000E+00  0.00000E+00   -0.42867E+03 -0.19631E+03  0.62498E+03 -0.32981E+02 -0.12188E+03 -0.21927E+03      298.00
  0.66443E-01  0.10554E+04   -0.38250E-01 -0.38250E-01  0.76500E-01  0.00000E+00  0.00000E+00  0.00000E+00   -0.42934E+03 -0.19653E+03  0.62588E+03 -0.32657E+02 -0.12128E+03 -0.21950E+03      298.00
  0.66888E-01  0.10563E+04   -0.38500E-01 -0.38500E-01  0.77000E-01  0.00000E+00  0.00000E+00  0.00000E+00   -0.42975E+03 -0.19683E+03  0.62658E+03 -0.32331E+02 -0.12078E+03 -0.21966E+03      298.00
  0.67333E-01  0.10571E+04   -0.38750E-01 -0.38750E-01  0.77500E-01  0.00000E+00  0.00000E+00  0.00000E+00   -0.43016E+03 -0.19713E+03  0.62729E+03 -0.31999E+02 -0.12027E+03 -0.21983E+03      298.00
  0.67778E-01  0.10576E+04   -0.39000E-01 -0.39000E-01  0.78000E-01  0.00000E+00  0.00000E+00  0.00000E+00   -0.43026E+03 -0.19752E+03  0.62779E+03 -0.31668E+02 -0.11986E+03 -0.21993E+03      298.00
  0.68223E-01  0.10585E+04   -0.39250E-01 -0.39250E-01  0.78500E-01  0.00000E+00  0.00000E+00  0.00000E+00   -0.43066E+03 -0.19784E+03  0.62850E+03 -0.31307E+02 -0.11936E+03 -0.22012E+03      298.00
  0.68668E-01  0.10597E+04   -0.39500E-01 -0.39500E-01  0.79000E-01  0.00000E+00  0.00000E+00  0.00000E+00   -0.43134E+03 -0.19804E+03  0.62938E+03 -0.30966E+02 -0.11874E+03 -0.22034E+03      298.00
  0.69114E-01  0.10605E+04   -0.39750E-01 -0.39750E-01  0.79500E-01  0.00000E+00  0.00000E+00  0.00000E+00   -0.43172E+03 -0.19833E+03  0.63005E+03 -0.30632E+02 -0.11822E+03 -0.22049E+03      298.00
  0.69559E-01  0.10613E+04   -0.40000E-01 -0.40000E-01  0.80000E-01  0.00000E+00  0.00000E+00  0.00000E+00   -0.43210E+03 -0.19862E+03  0.63072E+03 -0.30293E+02 -0.11770E+03 -0.22064E+03      298.00
  0.70005E-01  0.10618E+04   -0.40250E-01 -0.40250E-01  0.80500E-01  0.00000E+00  0.00000E+00  0.00000E+00   -0.43217E+03 -0.19902E+03  0.63119E+03 -0.29946E+02 -0.11729E+03 -0.22074E+03      298.00
  0.70451E-01  0.10629E+04   -0.40500E-01 -0.40500E-01  0.81000E-01  0.00000E+00  0.00000E+00  0.00000E+00   -0.43284E+03 -0.19921E+03  0.63205E+03 -0.29592E+02 -0.11666E+03 -0.22095E+03      298.00
  0.70897E-01  0.10636E+04   -0.40750E-01 -0.40750E-01  0.81500E-01  0.00000E+00  0.00000E+00  0.00000E+00   -0.43320E+03 -0.19949E+03  0.63269E+03 -0.29252E+02 -0.11613E+03 -0.22109E+03      298.00
  0.71343E-01  0.10641E+04   -0.41000E-01 -0.41000E-01  0.82000E-01  0.00000E+00  0.00000E+00  0.00000E+00   -0.43326E+03 -0.19989E+03  0.63315E+03 -0.28900E+02 -0.11571E+03 -0.22119E+03      298.00
  0.71789E-01  0.10651E+04   -0.41250E-01 -0.41250E-01  0.82500E-01  0.00000E+00  0.00000E+00  0.00000E+00   -0.43390E+03 -0.20007E+03  0.63397E+03 -0.28544E+02 -0.11507E+03 -0.22138E+03      298.00
  0.72236E-01  0.10659E+04   -0.41500E-01 -0.41500E-01  0.83000E-01  0.00000E+00  0.00000E+00  0.00000E+00   -0.43425E+03 -0.20034E+03  0.63459E+03 -0.28200E+02 -0.11453E+03 -0.22151E+03      298.00
  0.72682E-01  0.10663E+04   -0.41750E-01 -0.41750E-01  0.83500E-01  0.00000E+00  0.00000E+00  0.00000E+00   -0.43430E+03 -0.20074E+03  0.63504E+03 -0.27842E+02 -0.11411E+03 -0.22161E+03      298.00
  0.73129E-01  0.10673E+04   -0.42000E-01 -0.42000E-01  0.84000E-01  0.00000E+00  0.00000E+00  0.00000E+00   -0.43492E+03 -0.20091E+03  0.63583E+03 -0.27484E+02 -0.11346E+03 -0.22178E+03      298.00
  0.73576E-01  0.10680E+04   -0.42250E-01 -0.42250E-01  0.84500E-01  0.00000E+00  0.00000E+00  0.00000E+00   -0.43525E+03 -0.20118E+03  0.63643E+03 -0.27137E+02 -0.11291E+03 -0.22190E+03      298.00
  0.74023E-01  0.10684E+04   -0.42500E-01 -0.42500E-01  0.85000E-01  0.00000E+00  0.00000E+00  0.00000E+00   -0.43529E+03 -0.20158E+03  0.63687E+03 -0.26774E+02 -0.11249E+03 -0.22200E+03      298.00
  0.74470E-01  0.10694E+04   -0.42750E-01 -0.42750E-01  0.85500E-01  0.00000E+00  0.00000E+00  0.00000E+00   -0.43590E+03 -0.20174E+03  0.63763E+03 -0.26414E+02 -0.11182E+03 -0.22216E+03      298.00
  0.74917E-01  0.10700E+04   -0.43000E-01 -0.43000E-01  0.86000E-01  0.00000E+00  0.00000E+00  0.00000E+00   -0.43621E+03 -0.20200E+03  0.63821E+03 -0.26063E+02 -0.11127E+03 -0.22227E+03      298.00
  0.75364E-01  0.10705E+04   -0.43250E-01 -0.43250E-01  0.86500E-01  0.00000E+00  0.00000E+00  0.00000E+00   -0.43624E+03 -0.20240E+03  0.63864E+03 -0.25696E+02 -0.11084E+03 -0.22236E+03      298.00
  0.75812E-01  0.10714E+04   -0.43500E-01 -0.43500E-01  0.87000E-01  0.00000E+00  0.00000E+00  0.00000E+00   -0.43683E+03 -0.20255E+03  0.63937E+03 -0.25333E+02 -0.11017E+03 -0.22251E+03      298.00
  0.76259E-01  0.10718E+04   -0.43750E-01 -0.43750E-01  0.87500E-01  0.00000E+00  0.00000E+00  0.00000E+00   -0.43685E+03 -0.20294E+03  0.63979E+03 -0.24970E+02 -0.10974E+03 -0.22259E+03      298.00
  0.76707E-01  0.10726E+04   -0.44000E-01 -0.44000E-01  0.88000E-01  0.00000E+00  0.00000E+00  0.00000E+00   -0.43743E+03 -0.20308E+03  0.64050E+03 -0.24605E+02 -0.10906E+03 -0.22273E+03      298.00
  0.77155E-01  0.10730E+04   -0.44250E-01 -0.44250E-01  0.88500E-01  0.00000E+00  0.00000E+00  0.00000E+00   -0.43745E+03 -0.20346E+03  0.64091E+03 -0.24241E+02 -0.10862E+03 -0.22281E+03      298.00
  0.77603E-01  0.10739E+04   -0.44500E-01 -0.44500E-01  0.89000E-01  0.00000E+00  0.00000E+00  0.00000E+00   -0.43801E+03 -0.20360E+03  0.64161E+03 -0.23874E+02 -0.10794E+03 -0.22294E+03      298.00
  0.78051E-01  0.10742E+04   -0.44750E-01 -0.44750E-01  0.89500E-01  0.00000E+00  0.00000E+00  0.00000E+00   -0.43803E+03 -0.20399E+03  0.64201E+03 -0.23511E+02 -0.10750E+03 -0.22301E+03      298.00
  0.78499E-01  0.10749E+04   -0.45000E-01 -0.45000E-01  0.90000E-01  0.00000E+00  0.00000E+00  0.00000E+00   -0.43831E+03 -0.20425E+03  0.64256E+03 -0.23132E+02 -0.10693E+03 -0.22312E+03      298.00
  0.78948E-01  0.10755E+04   -0.45250E-01 -0.45250E-01  0.90500E-01  0.00000E+00  0.00000E+00  0.00000E+00   -0.43859E+03 -0.20451E+03  0.64310E+03 -0.22766E+02 -0.10636E+03 -0.22322E+03      298.00
  0.79396E-01  0.10760E+04   -0.45500E-01 -0.45500E-01  0.91000E-01  0.00000E+00  0.00000E+00  0.00000E+00   -0.43887E+03 -0.20475E+03  0.64363E+03 -0.22403E+02 -0.10579E+03 -0.22331E+03      298.00
  0.79845E-01  0.10766E+04   -0.45750E-01 -0.45750E-01  0.91500E-01  0.00000E+00  0.00000E+00  0.00000E+00   -0.43915E+03 -0.20500E+03  0.64415E+03 -0.22040E+02 -0.10522E+03 -0.22339E+03      298.00
  0.80293E-01  0.10772E+04   -0.46000E-01 -0.46000E-01  0.92000E-01  0.00000E+00  0.00000E+00  0.00000E+00   -0.43943E+03 -0.20524E+03  0.64467E+03 -0.21679E+02 -0.10464E+03 -0.22347E+03      298.00
  0.80742E-01  0.10777E+04   -0.46250E-01 -0.46250E-01  0.92500E-01  0.00000E+00  0.00000E+00  0.00000E+00   -0.43970E+03 -0.20548E+03  0.64518E+03 -0.21318E+02 -0.10406E+03 -0.22355E+03      298.00
  0.81191E-01  0.10783E+04   -0.46500E-01 -0.46500E-01  0.93000E-01  0.00000E+00  0.00000E+00  0.00000E+00   -0.43997E+03 -0.20571E+03  0.64569E+03 -0.20956E+02 -0.10348E+03 -0.22362E+03      298.00
  0.81640E-01  0.10788E+04   -0.46750E-01 -0.46750E-01  0.93500E-01  0.00000E+00  0.00000E+00  0.00000E+00   -0.44024E+03 -0.20595E+03  0.64619E+03 -0.20594E+02 -0.10289E+03 -0.22370E+03      298.00
  0.82090E-01  0.10795E+04   -0.47000E-01 -0.47000E-01  0.94000E-01  0.00000E+00  0.00000E+00  0.00000E+00   -0.44046E+03 -0.20628E+03  0.64674E+03 -0.20120E+02 -0.10235E+03 -0.22386E+03      298.00
  0.82539E-01  0.10800E+04   -0.47250E-01 -0.47250E-01  0.94500E-01  0.00000E+00  0.00000E+00  0.00000E+00   -0.44073E+03 -0.20652E+03  0.64724E+03 -0.19730E+02 -0.10176E+03 -0.22395E+03      298.00
  0.82988E-01  0.10805E+04   -0.47500E-01 -0.47500E-01  0.95000E-01  0.00000E+00  0.00000E+00  0.00000E+00   -0.44098E+03 -0.20675E+03  0.64773E+03 -0.19366E+02 -0.10117E+03 -0.22401E+03      298.00
  0.83438E-01  0.10810E+04   -0.47750E-01 -0.47750E-01  0.95500E-01  0.00000E+00  0.00000E+00  0.00000E+00   -0.44123E+03 -0.20697E+03  0.64821E+03 -0.19002E+02 -0.10058E+03 -0.22407E+03      298.00
  0.83888E-01  0.10815E+04   -0.48000E-01 -0.48000E-01  0.96000E-01  0.00000E+00  0.00000E+00  0.00000E+00   -0.44148E+03 -0.20720E+03  0.64868E+03 -0.18638E+02 -0.99988E+02 -0.22413E+03      298.00
  0.84338E-01  0.10820E+04   -0.48250E-01 -0.48250E-01  0.96500E-01  0.00000E+00  0.00000E+00  0.00000E+00   -0.44173E+03 -0.20742E+03  0.64915E+03 -0.18271E+02 -0.99394E+02 -0.22419E+03      298.00
  0.84788E-01  0.10825E+04   -0.48500E-01 -0.48500E-01  0.97000E-01  0.00000E+00  0.00000E+00  0.00000E+00   -0.44197E+03 -0.20764E+03  0.64962E+03 -0.17904E+02 -0.98799E+02 -0.22424E+03      298.00
  0.85238E-01  0.10833E+04   -0.48750E-01 -0.48750E-01  0.97500E-01  0.00000E+00  0.00000E+00  0.00000E+00   -0.44234E+03 -0.20793E+03  0.65027E+03 -0.17309E+02 -0.98150E+02 -0.22449E+03      298.00
  0.85688E-01  0.10835E+04   -0.49000E-01 -0.49000E-01  0.98000E-01  0.00000E+00  0.00000E+00  0.00000E+00   -0.44243E+03 -0.20811E+03  0.65054E+03 -0.17130E+02 -0.97611E+02 -0.22438E+03      298.00
  0.86138E-01  0.10843E+04   -0.49250E-01 -0.49250E-01  0.98500E-01  0.00000E+00  0.00000E+00  0.00000E+00   -0.44279E+03 -0.20838E+03  0.65117E+03 -0.16561E+02 -0.96954E+02 -0.22459E+03      298.00
  0.86589E-01  0.10847E+04   -0.49500E-01 -0.49500E-01  0.99000E-01  0.00000E+00  0.00000E+00  0.00000E+00   -0.44298E+03 -0.20863E+03  0.65161E+03 -0.16165E+02 -0.96368E+02 -0.22466E+03      298.00
  0.87039E-01  0.10852E+04   -0.49750E-01 -0.49750E-01  0.99500E-01  0.00000E+00  0.00000E+00  0.00000E+00   -0.44319E+03 -0.20886E+03  0.65205E+03 -0.15780E+02 -0.95771E+02 -0.22471E+03      298.00
  0.87490E-01  0.10856E+04   -0.50000E-01 -0.50000E-01  0.10000E+00  0.00000E+00  0.00000E+00  0.00000E+00   -0.44340E+03 -0.20908E+03  0.65249E+03 -0.15401E+02 -0.95170E+02 -0.22476E+03      298.00
          Evm          Svm            E11          E22          E33          E23          E13          E12         SDEV11       SDEV22       SDEV33       SDEV23       SDEV13       SDEV12      TEMP
  0.87490E-01  0.10854E+04   -0.50000E-01 -0.50000E-01  0.10000E+00  0.00000E+00  0.00000E+00  0.00000E+00   -0.44370E+03 -0.20872E+03  0.65242E+03 -0.15763E+02 -0.95011E+02 -0.22448E+03      298.00
  0.87941E-01  0.10860E+04   -0.50250E-01 -0.50250E-01  0.10050E+00  0.00000E+00  0.00000E+00  0.00000E+00   -0.44373E+03 -0.20919E+03  0.65293E+03 -0.15116E+02 -0.94514E+02 -0.22474E+03      298.00
  0.88391E-01  0.10865E+04   -0.50500E-01 -0.50500E-01  0.10100E+00  0.00000E+00  0.00000E+00  0.00000E+00   -0.44385E+03 -0.20949E+03  0.65334E+03 -0.14669E+02 -0.93948E+02 -0.22482E+03      298.00
  0.88842E-01  0.10869E+04   -0.50750E-01 -0.50750E-01  0.10150E+00  0.00000E+00  0.00000E+00  0.00000E+00   -0.44403E+03 -0.20974E+03  0.65377E+03 -0.14265E+02 -0.93355E+02 -0.22488E+03      298.00
  0.89294E-01  0.10873E+04   -0.51000E-01 -0.51000E-01  0.10200E+00  0.00000E+00  0.00000E+00  0.00000E+00   -0.44422E+03 -0.20996E+03  0.65418E+03 -0.13876E+02 -0.92752E+02 -0.22493E+03      298.00
  0.89745E-01  0.10877E+04   -0.51250E-01 -0.51250E-01  0.10250E+00  0.00000E+00  0.00000E+00  0.00000E+00   -0.44441E+03 -0.21018E+03  0.65460E+03 -0.13490E+02 -0.92146E+02 -0.22496E+03      298.00
  0.90196E-01  0.10881E+04   -0.51500E-01 -0.51500E-01  0.10300E+00  0.00000E+00  0.00000E+00  0.00000E+00   -0.44460E+03 -0.21040E+03  0.65501E+03 -0.13105E+02 -0.91538E+02 -0.22500E+03      298.00
  0.90648E-01  0.10885E+04   -0.51750E-01 -0.51750E-01  0.10350E+00  0.00000E+00  0.00000E+00  0.00000E+00   -0.44479E+03 -0.21062E+03  0.65541E+03 -0.12719E+02 -0.90929E+02 -0.22504E+03      298.00
  0.91099E-01  0.10889E+04   -0.52000E-01 -0.52000E-01  0.10400E+00  0.00000E+00  0.00000E+00  0.00000E+00   -0.44498E+03 -0.21083E+03  0.65581E+03 -0.12333E+02 -0.90319E+02 -0.22507E+03      298.00
  0.91551E-01  0.10893E+04   -0.52250E-01 -0.52250E-01  0.10450E+00  0.00000E+00  0.00000E+00  0.00000E+00   -0.44516E+03 -0.21105E+03  0.65621E+03 -0.11945E+02 -0.89708E+02 -0.22510E+03      298.00
  0.92003E-01  0.10897E+04   -0.52500E-01 -0.52500E-01  0.10500E+00  0.00000E+00  0.00000E+00  0.00000E+00   -0.44534E+03 -0.21126E+03  0.65660E+03 -0.11556E+02 -0.89096E+02 -0.22513E+03      298.00
  0.92455E-01  0.10901E+04   -0.52750E-01 -0.52750E-01  0.10550E+00  0.00000E+00  0.00000E+00  0.00000E+00   -0.44552E+03 -0.21148E+03  0.65699E+03 -0.11166E+02 -0.88483E+02 -0.22516E+03      298.00
  0.92907E-01  0.10904E+04   -0.53000E-01 -0.53000E-01  0.10600E+00  0.00000E+00  0.00000E+00  0.00000E+00   -0.44569E+03 -0.21169E+03  0.65738E+03 -0.10776E+02 -0.87869E+02 -0.22519E+03      298.00
  0.93359E-01  0.10908E+04   -0.53250E-01 -0.53250E-01  0.10650E+00  0.00000E+00  0.00000E+00  0.00000E+00   -0.44586E+03 -0.21190E+03  0.65776E+03 -0.10384E+02 -0.87255E+02 -0.22521E+03      298.00
  0.93811E-01  0.10912E+04   -0.53500E-01 -0.53500E-01  0.10700E+00  0.00000E+00  0.00000E+00  0.00000E+00   -0.44603E+03 -0.21211E+03  0.65814E+03 -0.99909E+01 -0.86639E+02 -0.22524E+03      298.00
  0.94264E-01  0.10915E+04   -0.53750E-01 -0.53750E-01  0.10750E+00  0.00000E+00  0.00000E+00  0.00000E+00   -0.44619E+03 -0.21232E+03  0.65851E+03 -0.95972E+01 -0.86023E+02 -0.22526E+03      298.00
  0.94716E-01  0.10919E+04   -0.54000E-01 -0.54000E-01  0.10800E+00  0.00000E+00  0.00000E+00  0.00000E+00   -0.44635E+03 -0.21253E+03  0.65888E+03 -0.92026E+01 -0.85406E+02 -0.22528E+03      298.00
  0.95169E-01  0.10922E+04   -0.54250E-01 -0.54250E-01  0.10850E+00  0.00000E+00  0.00000E+00  0.00000E+00   -0.44651E+03 -0.21274E+03  0.65925E+03 -0.88072E+01 -0.84788E+02 -0.22530E+03      298.00
  0.95621E-01  0.10926E+04   -0.54500E-01 -0.54500E-01  0.10900E+00  0.00000E+00  0.00000E+00  0.00000E+00   -0.44666E+03 -0.21295E+03  0.65961E+03 -0.84110E+01 -0.84169E+02 -0.22532E+03      298.00
  0.96074E-01  0.10929E+04   -0.54750E-01 -0.54750E-01  0.10950E+00  0.00000E+00  0.00000E+00  0.00000E+00   -0.44681E+03 -0.21316E+03  0.65997E+03 -0.80140E+01 -0.83549E+02 -0.22534E+03      298.00
  0.96527E-01  0.10932E+04   -0.55000E-01 -0.55000E-01  0.11000E+00  0.00000E+00  0.00000E+00  0.00000E+00   -0.44696E+03 -0.21336E+03  0.66033E+03 -0.76163E+01 -0.82929E+02 -0.22536E+03      298.00
  0.96980E-01  0.10936E+04   -0.55250E-01 -0.55250E-01  0.11050E+00  0.00000E+00  0.00000E+00  0.00000E+00   -0.44711E+03 -0.21357E+03  0.66068E+03 -0.72178E+01 -0.82307E+02 -0.22537E+03      298.00
  0.97433E-01  0.10939E+04   -0.55500E-01 -0.55500E-01  0.11100E+00  0.00000E+00  0.00000E+00  0.00000E+00   -0.44725E+03 -0.21378E+03  0.66103E+03 -0.68187E+01 -0.81685E+02 -0.22539E+03      298.00
  0.97886E-01  0.10942E+04   -0.55750E-01 -0.55750E-01  0.11150E+00  0.00000E+00  0.00000E+00  0.00000E+00   -0.44740E+03 -0.21398E+03  0.66138E+03 -0.64190E+01 -0.81062E+02 -0.22540E+03      298.00
  0.98340E-01  0.10945E+04   -0.56000E-01 -0.56000E-01  0.11200E+00  0.00000E+00  0.00000E+00  0.00000E+00   -0.44754E+03 -0.21418E+03  0.66172E+03 -0.60186E+01 -0.80438E+02 -0.22541E+03      298.00
  0.98793E-01  0.10948E+04   -0.56250E-01 -0.56250E-01  0.11250E+00  0.00000E+00  0.00000E+00  0.00000E+00   -0.44767E+03 -0.21439E+03  0.66206E+03 -0.56177E+01 -0.79814E+02 -0.22542E+03      298.00
  0.99247E-01  0.10952E+04   -0.56500E-01 -0.56500E-01  0.11300E+00  0.00000E+00  0.00000E+00  0.00000E+00   -0.44781E+03 -0.21459E+03  0.66240E+03 -0.52162E+01 -0.79188E+02 -0.22542E+03      298.00
  0.99700E-01  0.10955E+04   -0.56750E-01 -0.56750E-01  0.11350E+00  0.00000E+00  0.00000E+00  0.00000E+00   -0.44794E+03 -0.21479E+03  0.66273E+03 -0.48142E+01 -0.78562E+02 -0.22543E+03      298.00
  0.10015E+00  0.10958E+04   -0.57000E-01 -0.57000E-01  0.11400E+00  0.00000E+00  0.00000E+00  0.00000E+00   -0.44807E+03 -0.21499E+03  0.66306E+03 -0.44116E+01 -0.77935E+02 -0.22544E+03      298.00
  0.10061E+00  0.10961E+04   -0.57250E-01 -0.57250E-01  0.11450E+00  0.00000E+00  0.00000E+00  0.00000E+00   -0.44820E+03 -0.21519E+03  0.66338E+03 -0.40086E+01 -0.77308E+02 -0.22544E+03      298.00
  0.10106E+00  0.10964E+04   -0.57500E-01 -0.57500E-01  0.11500E+00  0.00000E+00  0.00000E+00  0.00000E+00   -0.44832E+03 -0.21539E+03  0.66371E+03 -0.36051E+01 -0.76679E+02 -0.22544E+03      298.00
  0.10152E+00  0.10966E+04   -0.57750E-01 -0.57750E-01  0.11550E+00  0.00000E+00  0.00000E+00  0.00000E+00   -0.44844E+03 -0.21558E+03  0.66403E+03 -0.32011E+01 -0.76050E+02 -0.22544E+03      298.00
  0.10197E+00  0.10969E+04   -0.58000E-01 -0.58000E-01  0.11600E+00  0.00000E+00  0.00000E+00  0.00000E+00   -0.44856E+03 -0.21578E+03  0.66435E+03 -0.27967E+01 -0.75420E+02 -0.22544E+03      298.00
  0.10242E+00  0.10972E+04   -0.58250E-01 -0.58250E-01  0.11650E+00  0.00000E+00  0.00000E+00  0.00000E+00   -0.44868E+03 -0.21598E+03  0.66466E+03 -0.23918E+01 -0.74789E+02 -0.22544E+03      298.00
  0.10288E+00  0.10975E+04   -0.58500E-01 -0.58500E-01  0.11700E+00  0.00000E+00  0.00000E+00  0.00000E+00   -0.44880E+03 -0.21617E+03  0.66497E+03 -0.19865E+01 -0.74158E+02 -0.22543E+03      298.00
  0.10333E+00  0.10978E+04   -0.58750E-01 -0.58750E-01  0.11750E+00  0.00000E+00  0.00000E+00  0.00000E+00   -0.44891E+03 -0.21636E+03  0.66528E+03 -0.15808E+01 -0.73525E+02 -0.22543E+03      298.00
  0.10379E+00  0.10980E+04   -0.59000E-01 -0.59000E-01  0.11800E+00  0.00000E+00  0.00000E+00  0.00000E+00   -0.44903E+03 -0.21656E+03  0.66558E+03 -0.11748E+01 -0.72892E+02 -0.22542E+03      298.00
  0.10424E+00  0.10983E+04   -0.59250E-01 -0.59250E-01  0.11850E+00  0.00000E+00  0.00000E+00  0.00000E+00   -0.44914E+03 -0.21675E+03  0.66589E+03 -0.76829E+00 -0.72259E+02 -0.22542E+03      298.00
  0.10470E+00  0.10986E+04   -0.59500E-01 -0.59500E-01  0.11900E+00  0.00000E+00  0.00000E+00  0.00000E+00   -0.44925E+03 -0.21694E+03  0.66619E+03 -0.36144E+00 -0.71625E+02 -0.22541E+03      298.00
  0.10515E+00  0.10988E+04   -0.59750E-01 -0.59750E-01  0.11950E+00  0.00000E+00  0.00000E+00  0.00000E+00   -0.44935E+03 -0.21713E+03  0.66648E+03  0.45783E-01 -0.70990E+02 -0.22540E+03      298.00
  0.10561E+00  0.10991E+04   -0.60000E-01 -0.60000E-01  0.12000E+00  0.00000E+00  0.00000E+00  0.00000E+00   -0.44946E+03 -0.21732E+03  0.66678E+03  0.45337E+00 -0.70354E+02 -0.22538E+03      298.00
  0.10606E+00  0.10993E+04   -0.60250E-01 -0.60250E-01  0.12050E+00  0.00000E+00  0.00000E+00  0.00000E+00   -0.44956E+03 -0.21751E+03  0.66707E+03  0.86132E+00 -0.69718E+02 -0.22537E+03      298.00
  0.10652E+00  0.10996E+04   -0.60500E-01 -0.60500E-01  0.12100E+00  0.00000E+00  0.00000E+00  0.00000E+00   -0.44966E+03 -0.21770E+03  0.66735E+03  0.12696E+01 -0.69081E+02 -0.22536E+03      298.00
  0.10697E+00  0.10998E+04   -0.60750E-01 -0.60750E-01  0.12150E+00  0.00000E+00  0.00000E+00  0.00000E+00   -0.44976E+03 -0.21788E+03  0.66764E+03  0.16783E+01 -0.68443E+02 -0.22534E+03      298.00
  0.10743E+00  0.11001E+04   -0.61000E-01 -0.61000E-01  0.12200E+00  0.00000E+00  0.00000E+00  0.00000E+00   -0.44985E+03 -0.21807E+03  0.66792E+03  0.20873E+01 -0.67805E+02 -0.22533E+03      298.00
  0.10788E+00  0.11003E+04   -0.61250E-01 -0.61250E-01  0.12250E+00  0.00000E+00  0.00000E+00  0.00000E+00   -0.44995E+03 -0.21825E+03  0.66820E+03  0.24967E+01 -0.67166E+02 -0.22531E+03      298.00
  0.10834E+00  0.11006E+04   -0.61500E-01 -0.61500E-01  0.12300E+00  0.00000E+00  0.00000E+00  0.00000E+00   -0.45004E+03 -0.21844E+03  0.66848E+03  0.29064E+01 -0.66527E+02 -0.22529E+03      298.00
  0.10879E+00  0.11008E+04   -0.61750E-01 -0.61750E-01  0.12350E+00  0.00000E+00  0.00000E+00  0.00000E+00   -0.45013E+03 -0.21862E+03  0.66875E+03  0.33164E+01 -0.65887E+02 -0.22527E+03      298.00
  0.10925E+00  0.11010E+04   -0.62000E-01 -0.62000E-01  0.12400E+00  0.00000E+00  0.00000E+00  0.00000E+00   -0.45022E+03 -0.21880E+03  0.66903E+03  0.37268E+01 -0.65246E+02 -0.22525E+03      298.00
  0.10970E+00  0.11013E+04   -0.62250E-01 -0.62250E-01  0.12450E+00  0.00000E+00  0.00000E+00  0.00000E+00   -0.45031E+03 -0.21898E+03  0.66930E+03  0.41375E+01 -0.64605E+02 -0.22523E+03      298.00
  0.11016E+00  0.11015E+04   -0.62500E-01 -0.62500E-01  0.12500E+00  0.00000E+00  0.00000E+00  0.00000E+00   -0.45040E+03 -0.21917E+03  0.66956E+03  0.45486E+01 -0.63964E+02 -0.22520E+03      298.00
