    STEP   AVACS   MODE1   MODE2   MODE3   MODE4
       1   6.000   0.289   0.711   0.000   0.000
       2   7.000   0.205   0.795   0.000   0.000
       3   7.000   0.106   0.894   0.000   0.000
       4   5.000   0.000   1.000   0.000   0.000
       5   5.000   0.051   0.949   0.000   0.000
       6   5.000   0.120   0.880   0.000   0.000
       7   5.000   0.181   0.819   0.000   0.000
       8   6.000   0.242   0.758   0.000   0.000
       9   6.000   0.306   0.694   0.000   0.000
      10   6.000   0.379   0.621   0.000   0.000
      11   4.000   0.473   0.527   0.000   0.000
      12   5.000   0.513   0.453   0.034   0.000
      13   7.000   0.570   0.362   0.068   0.000
      14   4.000   0.542   0.450   0.008   0.000
      15   5.000   0.520   0.480   0.000   0.000
      16   7.000   0.489   0.511   0.000   0.000
      17   7.000   0.434   0.566   0.000   0.000
      18   6.000   0.365   0.635   0.000   0.000
      19   6.000   0.289   0.711   0.000   0.000
      20   7.000   0.205   0.795   0.000   0.000
      21   7.000   0.106   0.894   0.000   0.000
      22   5.000   0.000   1.000   0.000   0.000
      23   5.000   0.051   0.949   0.000   0.000
      24   5.000   0.120   0.880   0.000   0.000
      25   5.000   0.181   0.819   0.000   0.000
      26   6.000   0.242   0.758   0.000   0.000
      27   6.000   0.306   0.694   0.000   0.000
      28   6.000   0.379   0.621   0.000   0.000
      29   4.000   0.473   0.527   0.000   0.000
      30   5.000   0.491   0.509   0.000   0.000
      31   6.000   0.522   0.478   0.000   0.000
      32   4.000   0.550   0.450   0.000   0.000
      33   5.000   0.520   0.480   0.000   0.000
      34   7.000   0.489   0.511   0.000   0.000
      35   7.000   0.434   0.566   0.000   0.000
      36   6.000   0.365   0.635   0.000   0.000
  STRAIN   AVACS   PRITW   SECTW   MODE1   MODE2   MODE3   MODE4   TWFR3   EFFR3   TWFR4   EFFR4
   0.000   6.000   0.000   0.000   0.289   0.711   0.000   0.000   0.000   0.000   0.000   0.000
   0.001   6.000   0.000   0.000   0.286   0.714   0.000   0.000   0.000   0.000   0.000   0.000
   0.001   7.000   0.000   0.000   0.284   0.716   0.000   0.000   0.000   0.000   0.000   0.000
   0.002   7.000   0.000   0.000   0.282   0.718   0.000   0.000   0.000   0.000   0.000   0.000
   0.002   7.000   0.000   0.000   0.280   0.720   0.000   0.000   0.000   0.000   0.000   0.000
   0.003   7.000   0.000   0.000   0.278   0.722   0.000   0.000   0.000   0.000   0.000   0.000
   0.003   7.000   0.000   0.000   0.277   0.723   0.000   0.000   0.000   0.000   0.000   0.000
   0.004   7.000   0.000   0.000   0.275   0.725   0.000   0.000   0.000   0.000   0.000   0.000
   0.004   7.000   0.000   0.000   0.274   0.726   0.000   0.000   0.000   0.000   0.000   0.000
   0.005   7.000   0.000   0.000   0.273   0.727   0.000   0.000   0.000   0.000   0.000   0.000
   0.005   7.000   0.000   0.000   0.272   0.728   0.000   0.000   0.000   0.000   0.000   0.000
   0.006   7.000   0.000   0.000   0.272   0.728   0.000   0.000   0.000   0.000   0.000   0.000
   0.006   7.000   0.000   0.000   0.272   0.728   0.000   0.000   0.000   0.000   0.000   0.000
   0.007   7.000   0.000   0.000   0.272   0.728   0.000   0.000   0.000   0.000   0.000   0.000
   0.007   7.000   0.000   0.000   0.271   0.729   0.000   0.000   0.000   0.000   0.000   0.000
   0.008   7.000   0.000   0.000   0.272   0.728   0.000   0.000   0.000   0.000   0.000   0.000
   0.008   7.000   0.000   0.000   0.272   0.728   0.000   0.000   0.000   0.000   0.000   0.000
   0.009   7.000   0.000   0.000   0.272   0.728   0.000   0.000   0.000   0.000   0.000   0.000
   0.009   7.000   0.000   0.000   0.272   0.728   0.000   0.000   0.000   0.000   0.000   0.000
   0.010   7.000   0.000   0.000   0.272   0.728   0.000   0.000   0.000   0.000   0.000   0.000
   0.010   7.000   0.000   0.000   0.272   0.728   0.000   0.000   0.000   0.000   0.000   0.000
   0.011   7.000   0.000   0.000   0.272   0.728   0.000   0.000   0.000   0.000   0.000   0.000
   0.011   7.000   0.000   0.000   0.273   0.727   0.000   0.000   0.000   0.000   0.000   0.000
   0.012   7.000   0.000   0.000   0.273   0.727   0.000   0.000   0.000   0.000   0.000   0.000
   0.012   7.000   0.000   0.000   0.273   0.727   0.000   0.000   0.000   0.000   0.000   0.000
   0.013   7.000   0.000   0.000   0.273   0.727   0.000   0.000   0.000   0.000   0.000   0.000
   0.013   7.000   0.000   0.000   0.274   0.726   0.000   0.000   0.000   0.000   0.000   0.000
   0.014   7.000   0.000   0.000   0.274   0.726   0.000   0.000   0.000   0.000   0.000   0.000
   0.014   7.000   0.000   0.000   0.274   0.726   0.000   0.000   0.000   0.000   0.000   0.000
   0.015   7.000   0.000   0.000   0.274   0.726   0.000   0.000   0.000   0.000   0.000   0.000
   0.015   7.000   0.000   0.000   0.275   0.725   0.000   0.000   0.000   0.000   0.000   0.000
   0.016   7.000   0.000   0.000   0.275   0.725   0.000   0.000   0.000   0.000   0.000   0.000
   0.016   7.000   0.000   0.000   0.275   0.725   0.000   0.000   0.000   0.000   0.000   0.000
   0.017   7.000   0.000   0.000   0.275   0.725   0.000   0.000   0.000   0.000   0.000   0.000
   0.017   7.000   0.000   0.000   0.275   0.725   0.000   0.000   0.000   0.000   0.000   0.000
   0.018   7.000   0.000   0.000   0.275   0.725   0.000   0.000   0.000   0.000   0.000   0.000
   0.018   7.000   0.000   0.000   0.275   0.725   0.000   0.000   0.000   0.000   0.000   0.000
   0.019   7.000   0.000   0.000   0.275   0.725   0.000   0.000   0.000   0.000   0.000   0.000
   0.019   7.000   0.000   0.000   0.276   0.724   0.000   0.000   0.000   0.000   0.000   0.000
   0.020   7.000   0.000   0.000   0.276   0.724   0.000   0.000   0.000   0.000   0.000   0.000
   0.020   7.000   0.000   0.000   0.276   0.724   0.000   0.000   0.000   0.000   0.000   0.000
   0.021   7.000   0.000   0.000   0.276   0.724   0.000   0.000   0.000   0.000   0.000   0.000
   0.021   7.000   0.000   0.000   0.276   0.724   0.000   0.000   0.000   0.000   0.000   0.000
   0.022   7.000   0.000   0.000   0.276   0.724   0.000   0.000   0.000   0.000   0.000   0.000
   0.022   7.000   0.000   0.000   0.276   0.724   0.000   0.000   0.000   0.000   0.000   0.000
   0.023   7.000   0.000   0.000   0.276   0.724   0.000   0.000   0.000   0.000   0.000   0.000
   0.023   7.000   0.000   0.000   0.276   0.724   0.000   0.000   0.000   0.000   0.000   0.000
   0.024   7.000   0.000   0.000   0.276   0.724   0.000   0.000   0.000   0.000   0.000   0.000
   0.024   7.000   0.000   0.000   0.276   0.724   0.000   0.000   0.000   0.000   0.000   0.000
   0.025   7.000   0.000   0.000   0.276   0.724   0.000   0.000   0.000   0.000   0.000   0.000
   0.025   7.000   0.000   0.000   0.276   0.724   0.000   0.000   0.000   0.000   0.000   0.000
    STEP   AVACS   MODE1   MODE2   MODE3   MODE4
       1   7.000   0.276   0.724   0.000   0.000
       2   7.000   0.191   0.809   0.000   0.000
       3   7.000   0.090   0.910   0.000   0.000
       4   5.000   0.000   1.000   0.000   0.000
       5   5.000   0.054   0.946   0.000   0.000
       6   6.000   0.124   0.876   0.000   0.000
       7   5.000   0.186   0.813   0.000   0.000
       8   6.000   0.247   0.753   0.000   0.000
       9   6.000   0.311   0.689   0.000   0.000
      10   6.000   0.384   0.616   0.000   0.000
      11   3.000   0.473   0.527   0.000   0.000
      12   5.000   0.522   0.435   0.043   0.000
      13   7.000   0.576   0.335   0.089   0.000
      14   4.000   0.528   0.442   0.030   0.000
      15   6.000   0.520   0.480   0.000   0.000
      16   7.000   0.477   0.523   0.000   0.000
      17   7.000   0.420   0.580   0.000   0.000
      18   7.000   0.352   0.648   0.000   0.000
      19   7.000   0.276   0.724   0.000   0.000
      20   7.000   0.191   0.809   0.000   0.000
      21   7.000   0.090   0.910   0.000   0.000
      22   5.000   0.000   1.000   0.000   0.000
      23   5.000   0.054   0.946   0.000   0.000
      24   6.000   0.124   0.876   0.000   0.000
      25   5.000   0.186   0.814   0.000   0.000
      26   6.000   0.247   0.753   0.000   0.000
      27   6.000   0.311   0.689   0.000   0.000
      28   6.000   0.384   0.616   0.000   0.000
      29   3.000   0.473   0.527   0.000   0.000
      30   5.000   0.491   0.494   0.000   0.015
      31   6.000   0.511   0.467   0.000   0.022
      32   4.000   0.534   0.458   0.000   0.007
      33   6.000   0.520   0.480   0.000   0.000
      34   7.000   0.477   0.523   0.000   0.000
      35   7.000   0.420   0.580   0.000   0.000
      36   7.000   0.352   0.648   0.000   0.000
  STRAIN   AVACS   PRITW   SECTW   MODE1   MODE2   MODE3   MODE4   TWFR3   EFFR3   TWFR4   EFFR4
   0.025   7.000   0.000   0.000   0.276   0.724   0.000   0.000   0.000   0.000   0.000   0.000
   0.026   7.000   0.000   0.000   0.276   0.724   0.000   0.000   0.000   0.000   0.000   0.000
   0.026   7.000   0.000   0.000   0.276   0.724   0.000   0.000   0.000   0.000   0.000   0.000
   0.027   7.000   0.000   0.000   0.276   0.724   0.000   0.000   0.000   0.000   0.000   0.000
   0.027   7.000   0.000   0.000   0.276   0.724   0.000   0.000   0.000   0.000   0.000   0.000
   0.028   7.000   0.000   0.000   0.276   0.724   0.000   0.000   0.000   0.000   0.000   0.000
   0.028   7.000   0.000   0.000   0.276   0.724   0.000   0.000   0.000   0.000   0.000   0.000
   0.029   7.000   0.000   0.000   0.276   0.724   0.000   0.000   0.000   0.000   0.000   0.000
   0.029   7.000   0.000   0.000   0.276   0.724   0.000   0.000   0.000   0.000   0.000   0.000
   0.030   7.000   0.000   0.000   0.276   0.724   0.000   0.000   0.000   0.000   0.000   0.000
   0.030   7.000   0.000   0.000   0.276   0.724   0.000   0.000   0.000   0.000   0.000   0.000
   0.031   7.000   0.000   0.000   0.276   0.724   0.000   0.000   0.000   0.000   0.000   0.000
   0.031   7.000   0.000   0.000   0.276   0.724   0.000   0.000   0.000   0.000   0.000   0.000
   0.032   7.000   0.000   0.000   0.276   0.724   0.000   0.000   0.000   0.000   0.000   0.000
   0.032   7.000   0.000   0.000   0.276   0.724   0.000   0.000   0.000   0.000   0.000   0.000
   0.033   7.000   0.000   0.000   0.276   0.724   0.000   0.000   0.000   0.000   0.000   0.000
   0.033   7.000   0.000   0.000   0.276   0.724   0.000   0.000   0.000   0.000   0.000   0.000
   0.034   7.000   0.000   0.000   0.276   0.724   0.000   0.000   0.000   0.000   0.000   0.000
   0.034   7.000   0.000   0.000   0.276   0.724   0.000   0.000   0.000   0.000   0.000   0.000
   0.035   7.000   0.000   0.000   0.276   0.724   0.000   0.000   0.000   0.000   0.000   0.000
   0.035   7.000   0.000   0.000   0.276   0.724   0.000   0.000   0.000   0.000   0.000   0.000
   0.036   7.000   0.000   0.000   0.275   0.725   0.000   0.000   0.000   0.000   0.000   0.000
   0.036   7.000   0.000   0.000   0.275   0.725   0.000   0.000   0.000   0.000   0.000   0.000
   0.037   7.000   0.000   0.000   0.275   0.725   0.000   0.000   0.000   0.000   0.000   0.000
   0.037   7.000   0.000   0.000   0.275   0.725   0.000   0.000   0.000   0.000   0.000   0.000
   0.038   7.000   0.000   0.000   0.275   0.725   0.000   0.000   0.000   0.000   0.000   0.000
   0.038   7.000   0.000   0.000   0.275   0.725   0.000   0.000   0.000   0.000   0.000   0.000
   0.039   7.000   0.000   0.000   0.275   0.725   0.000   0.000   0.000   0.000   0.000   0.000
   0.039   7.000   0.000   0.000   0.275   0.725   0.000   0.000   0.000   0.000   0.000   0.000
   0.040   7.000   0.000   0.000   0.275   0.725   0.000   0.000   0.000   0.000   0.000   0.000
   0.040   7.000   0.000   0.000   0.275   0.725   0.000   0.000   0.000   0.000   0.000   0.000
   0.041   7.000   0.000   0.000   0.275   0.725   0.000   0.000   0.000   0.000   0.000   0.000
   0.041   7.000   0.000   0.000   0.275   0.725   0.000   0.000   0.000   0.000   0.000   0.000
   0.042   7.000   0.000   0.000   0.275   0.725   0.000   0.000   0.000   0.000   0.000   0.000
   0.042   7.000   0.000   0.000   0.275   0.725   0.000   0.000   0.000   0.000   0.000   0.000
   0.043   7.000   0.000   0.000   0.274   0.725   0.000   0.000   0.000   0.000   0.000   0.000
   0.043   7.000   0.000   0.000   0.274   0.726   0.000   0.000   0.000   0.000   0.000   0.000
   0.044   7.000   0.000   0.000   0.274   0.726   0.000   0.000   0.000   0.000   0.000   0.000
   0.044   7.000   0.000   0.000   0.274   0.726   0.000   0.000   0.000   0.000   0.000   0.000
   0.045   7.000   0.000   0.000   0.274   0.726   0.000   0.000   0.000   0.000   0.000   0.000
   0.045   7.000   0.000   0.000   0.274   0.726   0.000   0.000   0.000   0.000   0.000   0.000
   0.046   7.000   0.000   0.000   0.274   0.726   0.000   0.000   0.000   0.000   0.000   0.000
   0.046   7.000   0.000   0.000   0.274   0.726   0.000   0.000   0.000   0.000   0.000   0.000
   0.047   7.000   0.000   0.000   0.274   0.726   0.000   0.000   0.000   0.000   0.000   0.000
   0.047   7.000   0.000   0.000   0.274   0.726   0.000   0.000   0.000   0.000   0.000   0.000
   0.048   7.000   0.000   0.000   0.273   0.727   0.000   0.000   0.000   0.000   0.000   0.000
   0.048   7.000   0.000   0.000   0.273   0.727   0.000   0.000   0.000   0.000   0.000   0.000
   0.049   7.000   0.000   0.000   0.273   0.727   0.000   0.000   0.000   0.000   0.000   0.000
   0.049   7.000   0.000   0.000   0.273   0.727   0.000   0.000   0.000   0.000   0.000   0.000
   0.050   7.000   0.000   0.000   0.273   0.727   0.000   0.000   0.000   0.000   0.000   0.000
   0.050   7.000   0.000   0.000   0.273   0.727   0.000   0.000   0.000   0.000   0.000   0.000
    STEP   AVACS   MODE1   MODE2   MODE3   MODE4
       1   7.000   0.273   0.727   0.000   0.000
       2   7.000   0.188   0.812   0.000   0.000
       3   7.000   0.089   0.911   0.000   0.000
       4   5.000   0.000   0.999   0.000   0.001
       5   5.000   0.061   0.937   0.000   0.002
       6   6.000   0.131   0.867   0.000   0.002
       7   5.000   0.193   0.805   0.000   0.002
       8   5.000   0.253   0.745   0.000   0.002
       9   6.000   0.317   0.681   0.000   0.002
      10   6.000   0.389   0.609   0.000   0.001
      11   3.000   0.479   0.521   0.000   0.000
      12   5.000   0.525   0.419   0.057   0.000
      13   7.000   0.576   0.320   0.104   0.000
      14   4.000   0.523   0.429   0.048   0.000
      15   6.000   0.524   0.475   0.000   0.000
      16   7.000   0.477   0.523   0.000   0.000
      17   7.000   0.418   0.582   0.000   0.000
      18   7.000   0.349   0.651   0.000   0.000
      19   7.000   0.273   0.727   0.000   0.000
      20   7.000   0.188   0.812   0.000   0.000
      21   7.000   0.089   0.911   0.000   0.000
      22   5.000   0.000   1.000   0.000   0.000
      23   5.000   0.062   0.938   0.000   0.000
      24   6.000   0.132   0.868   0.000   0.000
      25   5.000   0.194   0.806   0.000   0.000
      26   5.000   0.254   0.746   0.000   0.000
      27   6.000   0.318   0.682   0.000   0.000
      28   6.000   0.390   0.610   0.000   0.000
      29   3.000   0.479   0.521   0.000   0.000
      30   5.000   0.501   0.415   0.000   0.083
      31   7.000   0.511   0.336   0.000   0.153
      32   5.000   0.528   0.426   0.000   0.046
      33   6.000   0.525   0.475   0.000   0.001
      34   7.000   0.477   0.522   0.000   0.000
      35   7.000   0.417   0.582   0.000   0.000
      36   7.000   0.349   0.651   0.000   0.000
  STRAIN   AVACS   PRITW   SECTW   MODE1   MODE2   MODE3   MODE4   TWFR3   EFFR3   TWFR4   EFFR4
   0.050   7.000   0.000   0.000   0.273   0.727   0.000   0.000   0.000   0.000   0.000   0.000
   0.051   7.000   0.000   0.000   0.273   0.727   0.000   0.000   0.000   0.000   0.000   0.000
   0.051   7.000   0.000   0.000   0.273   0.727   0.000   0.000   0.000   0.000   0.000   0.000
   0.052   7.000   0.000   0.000   0.272   0.728   0.000   0.000   0.000   0.000   0.000   0.000
   0.052   7.000   0.000   0.000   0.272   0.728   0.000   0.000   0.000   0.000   0.000   0.000
   0.053   7.000   0.000   0.000   0.272   0.728   0.000   0.000   0.000   0.000   0.000   0.000
   0.053   7.000   0.000   0.000   0.272   0.728   0.000   0.000   0.000   0.000   0.000   0.000
   0.054   7.000   0.000   0.000   0.272   0.728   0.000   0.000   0.000   0.000   0.000   0.000
   0.054   7.000   0.000   0.000   0.272   0.728   0.000   0.000   0.000   0.000   0.000   0.000
   0.055   7.000   0.000   0.000   0.272   0.728   0.000   0.000   0.000   0.000   0.000   0.000
   0.055   7.000   0.000   0.000   0.272   0.728   0.000   0.000   0.000   0.000   0.000   0.000
   0.056   7.000   0.000   0.000   0.271   0.729   0.000   0.000   0.000   0.000   0.000   0.000
   0.056   7.000   0.000   0.000   0.271   0.729   0.000   0.000   0.000   0.000   0.000   0.000
   0.057   7.000   0.000   0.000   0.271   0.729   0.000   0.000   0.000   0.000   0.000   0.000
   0.057   7.000   0.000   0.000   0.271   0.729   0.000   0.000   0.000   0.000   0.000   0.000
   0.058   7.000   0.000   0.000   0.271   0.729   0.000   0.000   0.000   0.000   0.000   0.000
   0.058   7.000   0.000   0.000   0.271   0.729   0.000   0.000   0.000   0.000   0.000   0.000
   0.059   7.000   0.000   0.000   0.270   0.730   0.000   0.000   0.000   0.000   0.000   0.000
   0.059   7.000   0.000   0.000   0.270   0.730   0.000   0.000   0.000   0.000   0.000   0.000
   0.060   7.000   0.000   0.000   0.270   0.730   0.000   0.000   0.000   0.000   0.000   0.000
   0.060   7.000   0.000   0.000   0.270   0.730   0.000   0.000   0.000   0.000   0.000   0.000
   0.061   7.000   0.000   0.000   0.270   0.730   0.000   0.000   0.000   0.000   0.000   0.000
   0.061   7.000   0.000   0.000   0.270   0.730   0.000   0.000   0.000   0.000   0.000   0.000
   0.062   7.000   0.000   0.000   0.269   0.731   0.000   0.000   0.000   0.000   0.000   0.000
   0.062   7.000   0.000   0.000   0.269   0.731   0.000   0.000   0.000   0.000   0.000   0.000
   0.063   7.000   0.000   0.000   0.269   0.731   0.000   0.000   0.000   0.000   0.000   0.000
   0.063   7.000   0.000   0.000   0.269   0.731   0.000   0.000   0.000   0.000   0.000   0.000
   0.064   7.000   0.000   0.000   0.269   0.731   0.000   0.000   0.000   0.000   0.000   0.000
   0.064   7.000   0.000   0.000   0.269   0.731   0.000   0.000   0.000   0.000   0.000   0.000
   0.065   7.000   0.000   0.000   0.269   0.731   0.000   0.000   0.000   0.000   0.000   0.000
   0.065   7.000   0.000   0.000   0.268   0.732   0.000   0.000   0.000   0.000   0.000   0.000
   0.066   7.000   0.000   0.000   0.268   0.732   0.000   0.000   0.000   0.000   0.000   0.000
   0.066   7.000   0.000   0.000   0.268   0.732   0.000   0.000   0.000   0.000   0.000   0.000
   0.067   7.000   0.000   0.000   0.268   0.732   0.000   0.000   0.000   0.000   0.000   0.000
   0.067   7.000   0.000   0.000   0.268   0.732   0.000   0.000   0.000   0.000   0.000   0.000
   0.068   7.000   0.000   0.000   0.267   0.732   0.000   0.000   0.000   0.000   0.000   0.000
   0.068   7.000   0.000   0.000   0.267   0.733   0.000   0.000   0.000   0.000   0.000   0.000
   0.069   7.000   0.000   0.000   0.267   0.733   0.000   0.000   0.000   0.000   0.000   0.000
   0.069   7.000   0.000   0.000   0.267   0.733   0.000   0.000   0.000   0.000   0.000   0.000
   0.070   7.000   0.000   0.000   0.267   0.733   0.000   0.000   0.000   0.000   0.000   0.000
   0.070   7.000   0.000   0.000   0.267   0.733   0.000   0.000   0.000   0.000   0.000   0.000
   0.071   7.000   0.000   0.000   0.266   0.734   0.000   0.000   0.000   0.000   0.000   0.000
   0.071   7.000   0.000   0.000   0.266   0.734   0.000   0.000   0.000   0.000   0.000   0.000
   0.072   7.000   0.000   0.000   0.266   0.734   0.000   0.000   0.000   0.000   0.000   0.000
   0.072   7.000   0.000   0.000   0.266   0.734   0.000   0.000   0.000   0.000   0.000   0.000
   0.073   7.000   0.000   0.000   0.266   0.734   0.000   0.000   0.000   0.000   0.000   0.000
   0.073   7.000   0.000   0.000   0.266   0.734   0.000   0.000   0.000   0.000   0.000   0.000
   0.074   7.000   0.000   0.000   0.265   0.735   0.000   0.000   0.000   0.000   0.000   0.000
   0.074   7.000   0.000   0.000   0.265   0.735   0.000   0.000   0.000   0.000   0.000   0.000
   0.075   7.000   0.000   0.000   0.265   0.735   0.000   0.000   0.000   0.000   0.000   0.000
   0.075   7.000   0.000   0.000   0.265   0.735   0.000   0.000   0.000   0.000   0.000   0.000
    STEP   AVACS   MODE1   MODE2   MODE3   MODE4
       1   7.000   0.265   0.735   0.000   0.000
       2   7.000   0.180   0.820   0.000   0.000
       3   7.000   0.081   0.919   0.000   0.000
       4   5.000   0.000   0.999   0.000   0.001
       5   5.000   0.065   0.932   0.000   0.003
       6   5.000   0.136   0.860   0.000   0.003
       7   6.000   0.199   0.798   0.000   0.003
       8   5.000   0.259   0.737   0.000   0.003
       9   6.000   0.323   0.674   0.000   0.003
      10   6.000   0.395   0.602   0.000   0.002
      11   5.000   0.485   0.515   0.000   0.000
      12   5.000   0.523   0.411   0.067   0.000
      13   7.000   0.574   0.308   0.119   0.000
      14   5.000   0.522   0.412   0.066   0.000
      15   6.000   0.525   0.473   0.002   0.000
      16   7.000   0.472   0.527   0.000   0.000
      17   7.000   0.410   0.590   0.000   0.000
      18   8.000   0.341   0.659   0.000   0.000
      19   7.000   0.265   0.735   0.000   0.000
      20   7.000   0.180   0.820   0.000   0.000
      21   7.000   0.081   0.919   0.000   0.000
      22   5.000   0.000   1.000   0.000   0.000
      23   5.000   0.067   0.933   0.000   0.000
      24   6.000   0.138   0.862   0.000   0.000
      25   6.000   0.200   0.799   0.000   0.000
      26   5.000   0.261   0.739   0.000   0.000
      27   6.000   0.324   0.676   0.000   0.000
      28   6.000   0.396   0.604   0.000   0.000
      29   5.000   0.485   0.515   0.000   0.000
      30   5.000   0.508   0.391   0.000   0.100
      31   6.000   0.507   0.301   0.000   0.192
      32   6.000   0.516   0.422   0.000   0.062
      33   6.000   0.526   0.473   0.000   0.001
      34   7.000   0.473   0.527   0.000   0.001
      35   7.000   0.410   0.589   0.000   0.000
      36   8.000   0.341   0.659   0.000   0.000
  STRAIN   AVACS   PRITW   SECTW   MODE1   MODE2   MODE3   MODE4   TWFR3   EFFR3   TWFR4   EFFR4
   0.075   7.000   0.000   0.000   0.265   0.735   0.000   0.000   0.000   0.000   0.000   0.000
   0.076   7.000   0.000   0.000   0.265   0.735   0.000   0.000   0.000   0.000   0.000   0.000
   0.076   7.000   0.000   0.000   0.264   0.736   0.000   0.000   0.000   0.000   0.000   0.000
   0.077   7.000   0.000   0.000   0.264   0.736   0.000   0.000   0.000   0.000   0.000   0.000
   0.077   7.000   0.000   0.000   0.264   0.736   0.000   0.000   0.000   0.000   0.000   0.000
   0.078   7.000   0.000   0.000   0.264   0.736   0.000   0.000   0.000   0.000   0.000   0.000
   0.078   7.000   0.000   0.000   0.264   0.736   0.000   0.000   0.000   0.000   0.000   0.000
   0.079   7.000   0.000   0.000   0.263   0.737   0.000   0.000   0.000   0.000   0.000   0.000
   0.079   7.000   0.000   0.000   0.263   0.737   0.000   0.000   0.000   0.000   0.000   0.000
   0.080   7.000   0.000   0.000   0.263   0.737   0.000   0.000   0.000   0.000   0.000   0.000
   0.080   7.000   0.000   0.000   0.263   0.737   0.000   0.000   0.000   0.000   0.000   0.000
   0.081   7.000   0.000   0.000   0.262   0.737   0.000   0.000   0.000   0.000   0.000   0.000
   0.081   7.000   0.000   0.000   0.262   0.738   0.000   0.000   0.000   0.000   0.000   0.000
   0.082   7.000   0.000   0.000   0.262   0.738   0.000   0.000   0.000   0.000   0.000   0.000
   0.082   7.000   0.000   0.000   0.262   0.738   0.000   0.000   0.000   0.000   0.000   0.000
   0.083   7.000   0.000   0.000   0.262   0.738   0.000   0.000   0.000   0.000   0.000   0.000
   0.083   7.000   0.000   0.000   0.261   0.738   0.000   0.000   0.000   0.000   0.000   0.000
   0.084   7.000   0.000   0.000   0.261   0.739   0.000   0.000   0.000   0.000   0.000   0.000
   0.084   7.000   0.000   0.000   0.261   0.739   0.000   0.000   0.000   0.000   0.000   0.000
   0.085   7.000   0.000   0.000   0.261   0.739   0.000   0.000   0.000   0.000   0.000   0.000
   0.085   7.000   0.000   0.000   0.261   0.739   0.000   0.000   0.000   0.000   0.000   0.000
   0.086   8.000   0.000   0.000   0.260   0.740   0.000   0.000   0.000   0.000   0.000   0.000
   0.086   8.000   0.000   0.000   0.260   0.740   0.000   0.000   0.000   0.000   0.000   0.000
   0.087   8.000   0.000   0.000   0.260   0.740   0.000   0.000   0.000   0.000   0.000   0.000
   0.087   8.000   0.000   0.000   0.260   0.740   0.000   0.000   0.000   0.000   0.000   0.000
   0.088   8.000   0.000   0.000   0.259   0.741   0.000   0.000   0.000   0.000   0.000   0.000
   0.088   8.000   0.000   0.000   0.259   0.741   0.000   0.000   0.000   0.000   0.000   0.000
   0.089   8.000   0.000   0.000   0.259   0.741   0.000   0.000   0.000   0.000   0.000   0.000
   0.089   8.000   0.000   0.000   0.259   0.741   0.000   0.000   0.000   0.000   0.000   0.000
   0.090   8.000   0.000   0.000   0.258   0.741   0.000   0.000   0.000   0.000   0.000   0.000
   0.090   8.000   0.000   0.000   0.258   0.742   0.000   0.000   0.000   0.000   0.000   0.000
   0.091   8.000   0.000   0.000   0.258   0.742   0.000   0.000   0.000   0.000   0.000   0.000
   0.091   8.000   0.000   0.000   0.258   0.742   0.000   0.000   0.000   0.000   0.000   0.000
   0.092   8.000   0.000   0.000   0.257   0.742   0.000   0.000   0.000   0.000   0.000   0.000
   0.092   8.000   0.000   0.000   0.257   0.743   0.000   0.000   0.000   0.000   0.000   0.000
   0.093   8.000   0.000   0.000   0.257   0.743   0.000   0.000   0.000   0.000   0.000   0.000
   0.093   8.000   0.000   0.000   0.257   0.743   0.000   0.000   0.000   0.000   0.000   0.000
   0.094   8.000   0.000   0.000   0.256   0.744   0.000   0.000   0.000   0.000   0.000   0.000
   0.094   8.000   0.000   0.000   0.256   0.744   0.000   0.000   0.000   0.000   0.000   0.000
   0.095   8.000   0.000   0.000   0.256   0.744   0.000   0.000   0.000   0.000   0.000   0.000
   0.095   8.000   0.000   0.000   0.256   0.744   0.000   0.000   0.000   0.000   0.000   0.000
   0.096   8.000   0.000   0.000   0.255   0.745   0.000   0.000   0.000   0.000   0.000   0.000
   0.096   8.000   0.000   0.000   0.255   0.745   0.000   0.000   0.000   0.000   0.000   0.000
   0.097   8.000   0.000   0.000   0.255   0.745   0.000   0.000   0.000   0.000   0.000   0.000
   0.097   8.000   0.000   0.000   0.254   0.745   0.000   0.000   0.000   0.000   0.000   0.000
   0.098   8.000   0.000   0.000   0.254   0.746   0.000   0.000   0.000   0.000   0.000   0.000
   0.098   8.000   0.000   0.000   0.254   0.746   0.000   0.000   0.000   0.000   0.000   0.000
   0.099   8.000   0.000   0.000   0.254   0.746   0.000   0.000   0.000   0.000   0.000   0.000
   0.099   8.000   0.000   0.000   0.253   0.746   0.000   0.000   0.000   0.000   0.000   0.000
   0.100   8.000   0.000   0.000   0.253   0.747   0.000   0.000   0.000   0.000   0.000   0.000
   0.100   8.000   0.000   0.000   0.253   0.747   0.000   0.000   0.000   0.000   0.000   0.000
    STEP   AVACS   MODE1   MODE2   MODE3   MODE4
       1   8.000   0.253   0.747   0.000   0.000
       2   7.000   0.167   0.832   0.000   0.000
       3   7.000   0.069   0.930   0.000   0.000
       4   5.000   0.000   0.999   0.000   0.001
       5   5.000   0.070   0.928   0.000   0.002
       6   5.000   0.142   0.856   0.000   0.003
       7   6.000   0.205   0.792   0.000   0.003
       8   6.000   0.266   0.731   0.000   0.003
       9   6.000   0.330   0.667   0.000   0.003
      10   6.000   0.402   0.596   0.000   0.002
      11   5.000   0.492   0.508   0.000   0.000
      12   5.000   0.522   0.404   0.074   0.000
      13   7.000   0.572   0.296   0.132   0.000
      14   5.000   0.520   0.397   0.083   0.000
      15   6.000   0.523   0.473   0.005   0.000
      16   7.000   0.464   0.535   0.001   0.000
      17   7.000   0.399   0.600   0.000   0.000
      18   8.000   0.329   0.671   0.000   0.000
      19   8.000   0.253   0.747   0.000   0.000
      20   7.000   0.167   0.832   0.000   0.000
      21   7.000   0.069   0.931   0.000   0.000
      22   5.000   0.000   1.000   0.000   0.000
      23   5.000   0.071   0.929   0.000   0.000
      24   6.000   0.143   0.857   0.000   0.000
      25   6.000   0.206   0.793   0.000   0.000
      26   6.000   0.267   0.733   0.000   0.000
      27   6.000   0.331   0.669   0.000   0.000
      28   6.000   0.403   0.597   0.000   0.000
      29   5.000   0.492   0.508   0.000   0.000
      30   4.000   0.513   0.402   0.000   0.085
      31   6.000   0.500   0.346   0.000   0.154
      32   6.000   0.498   0.442   0.000   0.060
      33   6.000   0.526   0.473   0.000   0.001
      34   7.000   0.465   0.534   0.000   0.000
      35   7.000   0.400   0.600   0.000   0.000
      36   8.000   0.329   0.670   0.000   0.000
  STRAIN   AVACS   PRITW   SECTW   MODE1   MODE2   MODE3   MODE4   TWFR3   EFFR3   TWFR4   EFFR4
   0.100   8.000   0.000   0.000   0.253   0.747   0.000   0.000   0.000   0.000   0.000   0.000
   0.101   8.000   0.000   0.000   0.253   0.747   0.000   0.000   0.000   0.000   0.000   0.000
   0.101   8.000   0.000   0.000   0.252   0.748   0.000   0.000   0.000   0.000   0.000   0.000
   0.102   8.000   0.000   0.000   0.252   0.748   0.000   0.000   0.000   0.000   0.000   0.000
   0.102   8.000   0.000   0.000   0.252   0.748   0.000   0.000   0.000   0.000   0.000   0.000
   0.103   8.000   0.000   0.000   0.251   0.749   0.000   0.000   0.000   0.000   0.000   0.000
   0.103   8.000   0.000   0.000   0.251   0.749   0.000   0.000   0.000   0.000   0.000   0.000
   0.104   8.000   0.000   0.000   0.251   0.749   0.000   0.000   0.000   0.000   0.000   0.000
   0.104   8.000   0.000   0.000   0.250   0.749   0.000   0.000   0.000   0.000   0.000   0.000
   0.105   8.000   0.000   0.000   0.250   0.750   0.000   0.000   0.000   0.000   0.000   0.000
   0.105   8.000   0.000   0.000   0.250   0.750   0.000   0.000   0.000   0.000   0.000   0.000
   0.106   8.000   0.000   0.000   0.250   0.750   0.000   0.000   0.000   0.000   0.000   0.000
   0.106   8.000   0.000   0.000   0.249   0.751   0.000   0.000   0.000   0.000   0.000   0.000
   0.107   8.000   0.000   0.000   0.249   0.751   0.000   0.000   0.000   0.000   0.000   0.000
   0.107   8.000   0.000   0.000   0.249   0.751   0.000   0.000   0.000   0.000   0.000   0.000
   0.108   8.000   0.000   0.000   0.248   0.752   0.000   0.000   0.000   0.000   0.000   0.000
   0.108   8.000   0.000   0.000   0.248   0.752   0.000   0.000   0.000   0.000   0.000   0.000
   0.109   8.000   0.000   0.000   0.248   0.752   0.000   0.000   0.000   0.000   0.000   0.000
   0.109   8.000   0.000   0.000   0.247   0.753   0.000   0.000   0.000   0.000   0.000   0.000
   0.110   8.000   0.000   0.000   0.247   0.753   0.000   0.000   0.000   0.000   0.000   0.000
   0.110   8.000   0.000   0.000   0.247   0.753   0.000   0.000   0.000   0.000   0.000   0.000
   0.111   8.000   0.000   0.000   0.246   0.754   0.000   0.000   0.000   0.000   0.000   0.000
   0.111   8.000   0.000   0.000   0.246   0.754   0.000   0.000   0.000   0.000   0.000   0.000
   0.112   8.000   0.000   0.000   0.246   0.754   0.000   0.000   0.000   0.000   0.000   0.000
   0.112   8.000   0.000   0.000   0.245   0.755   0.000   0.000   0.000   0.000   0.000   0.000
   0.113   8.000   0.000   0.000   0.245   0.755   0.000   0.000   0.000   0.000   0.000   0.000
   0.113   8.000   0.000   0.000   0.245   0.755   0.000   0.000   0.000   0.000   0.000   0.000
   0.114   8.000   0.000   0.000   0.244   0.756   0.000   0.000   0.000   0.000   0.000   0.000
   0.114   8.000   0.000   0.000   0.244   0.756   0.000   0.000   0.000   0.000   0.000   0.000
   0.115   8.000   0.000   0.000   0.244   0.756   0.000   0.000   0.000   0.000   0.000   0.000
   0.115   8.000   0.000   0.000   0.243   0.757   0.000   0.000   0.000   0.000   0.000   0.000
   0.116   8.000   0.000   0.000   0.243   0.757   0.000   0.000   0.000   0.000   0.000   0.000
   0.116   8.000   0.000   0.000   0.242   0.757   0.000   0.000   0.000   0.000   0.000   0.000
   0.117   8.000   0.000   0.000   0.242   0.758   0.000   0.000   0.000   0.000   0.000   0.000
   0.117   8.000   0.000   0.000   0.242   0.758   0.000   0.000   0.000   0.000   0.000   0.000
   0.118   8.000   0.000   0.000   0.241   0.758   0.000   0.000   0.000   0.000   0.000   0.000
   0.118   8.000   0.000   0.000   0.241   0.759   0.000   0.000   0.000   0.000   0.000   0.000
   0.119   8.000   0.000   0.000   0.241   0.759   0.000   0.000   0.000   0.000   0.000   0.000
   0.119   8.000   0.000   0.000   0.240   0.759   0.000   0.000   0.000   0.000   0.000   0.000
   0.120   8.000   0.000   0.000   0.240   0.760   0.000   0.000   0.000   0.000   0.000   0.000
   0.120   8.000   0.000   0.000   0.240   0.760   0.000   0.000   0.000   0.000   0.000   0.000
   0.121   8.000   0.000   0.000   0.239   0.761   0.000   0.000   0.000   0.000   0.000   0.000
   0.121   8.000   0.000   0.000   0.239   0.761   0.000   0.000   0.000   0.000   0.000   0.000
   0.122   8.000   0.000   0.000   0.238   0.761   0.000   0.000   0.000   0.000   0.000   0.000
   0.122   8.000   0.000   0.000   0.238   0.762   0.000   0.000   0.000   0.000   0.000   0.000
   0.123   8.000   0.000   0.000   0.238   0.762   0.000   0.000   0.000   0.000   0.000   0.000
   0.123   8.000   0.000   0.000   0.237   0.762   0.000   0.000   0.000   0.000   0.000   0.000
   0.124   8.000   0.000   0.000   0.237   0.763   0.000   0.000   0.000   0.000   0.000   0.000
   0.124   8.000   0.000   0.000   0.236   0.763   0.000   0.000   0.000   0.000   0.000   0.000
   0.125   8.000   0.000   0.000   0.236   0.764   0.000   0.000   0.000   0.000   0.000   0.000
   0.125   8.000   0.000   0.000   0.236   0.764   0.000   0.000   0.000   0.000   0.000   0.000
    STEP   AVACS   MODE1   MODE2   MODE3   MODE4
       1   8.000   0.236   0.764   0.000   0.000
       2   8.000   0.151   0.849   0.000   0.000
       3   6.000   0.055   0.945   0.000   0.000
       4   4.000   0.000   0.999   0.000   0.001
       5   5.000   0.074   0.924   0.000   0.002
       6   6.000   0.147   0.852   0.000   0.002
       7   6.000   0.211   0.787   0.000   0.002
       8   6.000   0.273   0.725   0.000   0.002
       9   6.000   0.337   0.661   0.000   0.002
      10   6.000   0.410   0.589   0.000   0.001
      11   5.000   0.499   0.501   0.000   0.000
      12   5.000   0.523   0.397   0.080   0.000
      13   7.000   0.570   0.285   0.146   0.000
      14   5.000   0.516   0.383   0.101   0.000
      15   6.000   0.516   0.475   0.010   0.000
      16   7.000   0.452   0.545   0.003   0.000
      17   8.000   0.384   0.615   0.001   0.000
      18   8.000   0.312   0.687   0.001   0.000
      19   8.000   0.236   0.764   0.000   0.000
      20   8.000   0.151   0.849   0.000   0.000
      21   6.000   0.055   0.945   0.000   0.000
      22   4.000   0.000   1.000   0.000   0.000
      23   5.000   0.075   0.925   0.000   0.000
      24   6.000   0.148   0.852   0.000   0.000
      25   6.000   0.212   0.788   0.000   0.000
      26   7.000   0.274   0.726   0.000   0.000
      27   6.000   0.338   0.662   0.000   0.000
      28   6.000   0.410   0.590   0.000   0.000
      29   5.000   0.499   0.501   0.000   0.000
      30   5.000   0.517   0.429   0.000   0.054
      31   6.000   0.493   0.410   0.000   0.097
      32   6.000   0.481   0.471   0.000   0.048
      33   6.000   0.523   0.477   0.000   0.000
      34   7.000   0.454   0.546   0.000   0.000
      35   8.000   0.385   0.615   0.000   0.000
      36   8.000   0.313   0.687   0.000   0.000
