          Evm          Svm            E11          E22          E33          E23          E13          E12         SDEV11       SDEV22       SDEV33       SDEV23       SDEV13       SDEV12      TEMP
  0.00000E+00  0.46658E+03    0.00000E+00  0.00000E+00  0.00000E+00  0.00000E+00  0.00000E+00  0.00000E+00   -0.23336E+03 -0.37170E+02  0.27053E+03  0.12740E+02 -0.77678E+02  0.43126E+02      298.00
  0.43485E-03  0.47713E+03   -0.25000E-03 -0.25000E-03  0.50000E-03  0.00000E+00  0.00000E+00  0.00000E+00   -0.23719E+03 -0.40724E+02  0.27791E+03  0.12507E+02 -0.79089E+02  0.43563E+02      298.00
  0.87170E-03  0.48773E+03   -0.50000E-03 -0.50000E-03  0.10000E-02  0.00000E+00  0.00000E+00  0.00000E+00   -0.24133E+03 -0.43802E+02  0.28513E+03  0.12433E+02 -0.80469E+02  0.43987E+02      298.00
  0.13102E-02  0.49821E+03   -0.75000E-03 -0.75000E-03  0.15000E-02  0.00000E+00  0.00000E+00  0.00000E+00   -0.24558E+03 -0.46538E+02  0.29212E+03  0.12364E+02 -0.81827E+02  0.44517E+02      298.00
  0.17499E-02  0.50801E+03   -0.10000E-02 -0.10000E-02  0.20000E-02  0.00000E+00  0.00000E+00  0.00000E+00   -0.24969E+03 -0.48912E+02  0.29860E+03  0.12355E+02 -0.83038E+02  0.45018E+02      298.00
  0.21908E-02  0.51804E+03   -0.12500E-02 -0.12500E-02  0.25000E-02  0.00000E+00  0.00000E+00  0.00000E+00   -0.25405E+03 -0.51049E+02  0.30509E+03  0.12356E+02 -0.84293E+02  0.45633E+02      298.00
  0.26325E-02  0.52776E+03   -0.15000E-02 -0.15000E-02  0.30000E-02  0.00000E+00  0.00000E+00  0.00000E+00   -0.25835E+03 -0.52972E+02  0.31132E+03  0.12331E+02 -0.85495E+02  0.46333E+02      298.00
  0.30749E-02  0.53666E+03   -0.17500E-02 -0.17500E-02  0.35000E-02  0.00000E+00  0.00000E+00  0.00000E+00   -0.26238E+03 -0.54630E+02  0.31701E+03  0.12390E+02 -0.86534E+02  0.46891E+02      298.00
  0.35179E-02  0.54643E+03   -0.20000E-02 -0.20000E-02  0.40000E-02  0.00000E+00  0.00000E+00  0.00000E+00   -0.26693E+03 -0.56180E+02  0.32311E+03  0.12412E+02 -0.87722E+02  0.47685E+02      298.00
  0.39614E-02  0.55543E+03   -0.22500E-02 -0.22500E-02  0.45000E-02  0.00000E+00  0.00000E+00  0.00000E+00   -0.27121E+03 -0.57524E+02  0.32873E+03  0.12507E+02 -0.88760E+02  0.48337E+02      298.00
  0.44053E-02  0.56435E+03   -0.25000E-02 -0.25000E-02  0.50000E-02  0.00000E+00  0.00000E+00  0.00000E+00   -0.27546E+03 -0.58791E+02  0.33425E+03  0.12525E+02 -0.89795E+02  0.49115E+02      298.00
  0.48495E-02  0.57269E+03   -0.27500E-02 -0.27500E-02  0.55000E-02  0.00000E+00  0.00000E+00  0.00000E+00   -0.27950E+03 -0.59910E+02  0.33942E+03  0.12603E+02 -0.90725E+02  0.49776E+02      298.00
  0.52940E-02  0.58127E+03   -0.30000E-02 -0.30000E-02  0.60000E-02  0.00000E+00  0.00000E+00  0.00000E+00   -0.28371E+03 -0.60960E+02  0.34467E+03  0.12652E+02 -0.91690E+02  0.50544E+02      298.00
  0.57387E-02  0.58970E+03   -0.32500E-02 -0.32500E-02  0.65000E-02  0.00000E+00  0.00000E+00  0.00000E+00   -0.28795E+03 -0.61868E+02  0.34982E+03  0.12815E+02 -0.92597E+02  0.51181E+02      298.00
  0.61836E-02  0.59840E+03   -0.35000E-02 -0.35000E-02  0.70000E-02  0.00000E+00  0.00000E+00  0.00000E+00   -0.29248E+03 -0.62609E+02  0.35509E+03  0.13160E+02 -0.93492E+02  0.51671E+02      298.00
  0.66287E-02  0.60618E+03   -0.37500E-02 -0.37500E-02  0.75000E-02  0.00000E+00  0.00000E+00  0.00000E+00   -0.29627E+03 -0.63548E+02  0.35982E+03  0.13003E+02 -0.94353E+02  0.52647E+02      298.00
  0.70739E-02  0.61419E+03   -0.40000E-02 -0.40000E-02  0.80000E-02  0.00000E+00  0.00000E+00  0.00000E+00   -0.30035E+03 -0.64310E+02  0.36466E+03  0.13082E+02 -0.95185E+02  0.53391E+02      298.00
  0.75192E-02  0.62246E+03   -0.42500E-02 -0.42500E-02  0.85000E-02  0.00000E+00  0.00000E+00  0.00000E+00   -0.30462E+03 -0.65013E+02  0.36963E+03  0.13189E+02 -0.96032E+02  0.54165E+02      298.00
  0.79645E-02  0.62963E+03   -0.45000E-02 -0.45000E-02  0.90000E-02  0.00000E+00  0.00000E+00  0.00000E+00   -0.30829E+03 -0.65681E+02  0.37398E+03  0.13254E+02 -0.96725E+02  0.54828E+02      298.00
  0.84100E-02  0.63781E+03   -0.47500E-02 -0.47500E-02  0.95000E-02  0.00000E+00  0.00000E+00  0.00000E+00   -0.31256E+03 -0.66310E+02  0.37887E+03  0.13356E+02 -0.97538E+02  0.55616E+02      298.00
  0.88555E-02  0.64450E+03   -0.50000E-02 -0.50000E-02  0.10000E-01  0.00000E+00  0.00000E+00  0.00000E+00   -0.31610E+03 -0.66821E+02  0.38292E+03  0.13583E+02 -0.98106E+02  0.56040E+02      298.00
  0.93011E-02  0.65308E+03   -0.52500E-02 -0.52500E-02  0.10500E-01  0.00000E+00  0.00000E+00  0.00000E+00   -0.32062E+03 -0.67400E+02  0.38802E+03  0.13672E+02 -0.98950E+02  0.56917E+02      298.00
  0.97467E-02  0.66031E+03   -0.55000E-02 -0.55000E-02  0.11000E-01  0.00000E+00  0.00000E+00  0.00000E+00   -0.32443E+03 -0.67936E+02  0.39236E+03  0.13762E+02 -0.99596E+02  0.57601E+02      298.00
  0.10192E-01  0.66630E+03   -0.57500E-02 -0.57500E-02  0.11500E-01  0.00000E+00  0.00000E+00  0.00000E+00   -0.32753E+03 -0.68477E+02  0.39601E+03  0.13771E+02 -0.10008E+03  0.58200E+02      298.00
  0.10638E-01  0.67450E+03   -0.60000E-02 -0.60000E-02  0.12000E-01  0.00000E+00  0.00000E+00  0.00000E+00   -0.33193E+03 -0.68946E+02  0.40088E+03  0.13928E+02 -0.10081E+03  0.58967E+02      298.00
  0.11084E-01  0.68139E+03   -0.62500E-02 -0.62500E-02  0.12500E-01  0.00000E+00  0.00000E+00  0.00000E+00   -0.33558E+03 -0.69425E+02  0.40501E+03  0.14005E+02 -0.10138E+03  0.59629E+02      298.00
  0.11530E-01  0.68818E+03   -0.65000E-02 -0.65000E-02  0.13000E-01  0.00000E+00  0.00000E+00  0.00000E+00   -0.33920E+03 -0.69889E+02  0.40909E+03  0.14078E+02 -0.10192E+03  0.60285E+02      298.00
  0.11976E-01  0.69373E+03   -0.67500E-02 -0.67500E-02  0.13500E-01  0.00000E+00  0.00000E+00  0.00000E+00   -0.34208E+03 -0.70385E+02  0.41247E+03  0.14047E+02 -0.10231E+03  0.60869E+02      298.00
  0.12421E-01  0.70147E+03   -0.70000E-02 -0.70000E-02  0.14000E-01  0.00000E+00  0.00000E+00  0.00000E+00   -0.34632E+03 -0.70744E+02  0.41707E+03  0.14273E+02 -0.10291E+03  0.61497E+02      298.00
  0.12867E-01  0.70775E+03   -0.72500E-02 -0.72500E-02  0.14500E-01  0.00000E+00  0.00000E+00  0.00000E+00   -0.34970E+03 -0.71154E+02  0.42085E+03  0.14378E+02 -0.10334E+03  0.62042E+02      298.00
  0.13313E-01  0.71412E+03   -0.75000E-02 -0.75000E-02  0.15000E-01  0.00000E+00  0.00000E+00  0.00000E+00   -0.35314E+03 -0.71549E+02  0.42469E+03  0.14482E+02 -0.10377E+03  0.62608E+02      298.00
  0.13759E-01  0.71942E+03   -0.77500E-02 -0.77500E-02  0.15500E-01  0.00000E+00  0.00000E+00  0.00000E+00   -0.35582E+03 -0.72095E+02  0.42792E+03  0.14262E+02 -0.10413E+03  0.63388E+02      298.00
  0.14205E-01  0.72559E+03   -0.80000E-02 -0.80000E-02  0.16000E-01  0.00000E+00  0.00000E+00  0.00000E+00   -0.35917E+03 -0.72468E+02  0.43164E+03  0.14380E+02 -0.10451E+03  0.63910E+02      298.00
  0.14652E-01  0.73167E+03   -0.82500E-02 -0.82500E-02  0.16500E-01  0.00000E+00  0.00000E+00  0.00000E+00   -0.36248E+03 -0.72823E+02  0.43530E+03  0.14505E+02 -0.10487E+03  0.64410E+02      298.00
  0.15098E-01  0.73766E+03   -0.85000E-02 -0.85000E-02  0.17000E-01  0.00000E+00  0.00000E+00  0.00000E+00   -0.36574E+03 -0.73179E+02  0.43892E+03  0.14610E+02 -0.10520E+03  0.64921E+02      298.00
  0.15544E-01  0.74355E+03   -0.87500E-02 -0.87500E-02  0.17500E-01  0.00000E+00  0.00000E+00  0.00000E+00   -0.36894E+03 -0.73541E+02  0.44248E+03  0.14687E+02 -0.10551E+03  0.65448E+02      298.00
  0.15990E-01  0.74934E+03   -0.90000E-02 -0.90000E-02  0.18000E-01  0.00000E+00  0.00000E+00  0.00000E+00   -0.37207E+03 -0.73908E+02  0.44598E+03  0.14738E+02 -0.10581E+03  0.65990E+02      298.00
  0.16437E-01  0.75503E+03   -0.92500E-02 -0.92500E-02  0.18500E-01  0.00000E+00  0.00000E+00  0.00000E+00   -0.37516E+03 -0.74280E+02  0.44944E+03  0.14769E+02 -0.10609E+03  0.66541E+02      298.00
  0.16883E-01  0.76064E+03   -0.95000E-02 -0.95000E-02  0.19000E-01  0.00000E+00  0.00000E+00  0.00000E+00   -0.37818E+03 -0.74652E+02  0.45284E+03  0.14786E+02 -0.10635E+03  0.67095E+02      298.00
  0.17330E-01  0.76615E+03   -0.97500E-02 -0.97500E-02  0.19500E-01  0.00000E+00  0.00000E+00  0.00000E+00   -0.38116E+03 -0.75024E+02  0.45618E+03  0.14793E+02 -0.10658E+03  0.67644E+02      298.00
  0.17776E-01  0.77157E+03   -0.10000E-01 -0.10000E-01  0.20000E-01  0.00000E+00  0.00000E+00  0.00000E+00   -0.38409E+03 -0.75393E+02  0.45948E+03  0.14794E+02 -0.10680E+03  0.68187E+02      298.00
  0.18223E-01  0.77691E+03   -0.10250E-01 -0.10250E-01  0.20500E-01  0.00000E+00  0.00000E+00  0.00000E+00   -0.38697E+03 -0.75759E+02  0.46273E+03  0.14791E+02 -0.10700E+03  0.68721E+02      298.00
  0.18670E-01  0.78216E+03   -0.10500E-01 -0.10500E-01  0.21000E-01  0.00000E+00  0.00000E+00  0.00000E+00   -0.38981E+03 -0.76122E+02  0.46594E+03  0.14784E+02 -0.10718E+03  0.69246E+02      298.00
  0.19116E-01  0.78732E+03   -0.10750E-01 -0.10750E-01  0.21500E-01  0.00000E+00  0.00000E+00  0.00000E+00   -0.39261E+03 -0.76481E+02  0.46909E+03  0.14774E+02 -0.10734E+03  0.69761E+02      298.00
  0.19563E-01  0.79332E+03   -0.11000E-01 -0.11000E-01  0.22000E-01  0.00000E+00  0.00000E+00  0.00000E+00   -0.39595E+03 -0.76762E+02  0.47271E+03  0.14893E+02 -0.10754E+03  0.70252E+02      298.00
  0.20010E-01  0.79743E+03   -0.11250E-01 -0.11250E-01  0.22500E-01  0.00000E+00  0.00000E+00  0.00000E+00   -0.39810E+03 -0.77178E+02  0.47528E+03  0.14770E+02 -0.10760E+03  0.70738E+02      298.00
  0.20457E-01  0.80321E+03   -0.11500E-01 -0.11500E-01  0.23000E-01  0.00000E+00  0.00000E+00  0.00000E+00   -0.40132E+03 -0.77466E+02  0.47878E+03  0.14856E+02 -0.10775E+03  0.71232E+02      298.00
  0.20904E-01  0.80801E+03   -0.11750E-01 -0.11750E-01  0.23500E-01  0.00000E+00  0.00000E+00  0.00000E+00   -0.40394E+03 -0.77796E+02  0.48174E+03  0.14868E+02 -0.10782E+03  0.71664E+02      298.00
  0.21351E-01  0.81276E+03   -0.12000E-01 -0.12000E-01  0.24000E-01  0.00000E+00  0.00000E+00  0.00000E+00   -0.40653E+03 -0.78136E+02  0.48466E+03  0.14853E+02 -0.10788E+03  0.72119E+02      298.00
  0.21799E-01  0.81743E+03   -0.12250E-01 -0.12250E-01  0.24500E-01  0.00000E+00  0.00000E+00  0.00000E+00   -0.40907E+03 -0.78479E+02  0.48754E+03  0.14824E+02 -0.10793E+03  0.72577E+02      298.00
  0.22246E-01  0.82203E+03   -0.12500E-01 -0.12500E-01  0.25000E-01  0.00000E+00  0.00000E+00  0.00000E+00   -0.41156E+03 -0.78822E+02  0.49038E+03  0.14787E+02 -0.10796E+03  0.73032E+02      298.00
          Evm          Svm            E11          E22          E33          E23          E13          E12         SDEV11       SDEV22       SDEV33       SDEV23       SDEV13       SDEV12      TEMP
  0.22246E-01  0.82165E+03   -0.12500E-01 -0.12500E-01  0.25000E-01  0.00000E+00  0.00000E+00  0.00000E+00   -0.41124E+03 -0.78934E+02  0.49017E+03  0.14576E+02 -0.10797E+03  0.73221E+02      298.00
  0.22693E-01  0.82657E+03   -0.12750E-01 -0.12750E-01  0.25500E-01  0.00000E+00  0.00000E+00  0.00000E+00   -0.41400E+03 -0.79192E+02  0.49319E+03  0.14687E+02 -0.10799E+03  0.73552E+02      298.00
  0.23141E-01  0.83100E+03   -0.13000E-01 -0.13000E-01  0.26000E-01  0.00000E+00  0.00000E+00  0.00000E+00   -0.41644E+03 -0.79500E+02  0.49594E+03  0.14706E+02 -0.10797E+03  0.73916E+02      298.00
  0.23588E-01  0.83537E+03   -0.13250E-01 -0.13250E-01  0.26500E-01  0.00000E+00  0.00000E+00  0.00000E+00   -0.41883E+03 -0.79824E+02  0.49866E+03  0.14684E+02 -0.10794E+03  0.74318E+02      298.00
  0.24036E-01  0.83968E+03   -0.13500E-01 -0.13500E-01  0.27000E-01  0.00000E+00  0.00000E+00  0.00000E+00   -0.42117E+03 -0.80166E+02  0.50134E+03  0.14619E+02 -0.10791E+03  0.74759E+02      298.00
  0.24484E-01  0.84396E+03   -0.13750E-01 -0.13750E-01  0.27500E-01  0.00000E+00  0.00000E+00  0.00000E+00   -0.42337E+03 -0.80620E+02  0.50399E+03  0.14323E+02 -0.10791E+03  0.75469E+02      298.00
  0.24932E-01  0.84812E+03   -0.14000E-01 -0.14000E-01  0.28000E-01  0.00000E+00  0.00000E+00  0.00000E+00   -0.42565E+03 -0.80937E+02  0.50659E+03  0.14292E+02 -0.10784E+03  0.75845E+02      298.00
  0.25380E-01  0.85222E+03   -0.14250E-01 -0.14250E-01  0.28500E-01  0.00000E+00  0.00000E+00  0.00000E+00   -0.42791E+03 -0.81247E+02  0.50915E+03  0.14271E+02 -0.10775E+03  0.76201E+02      298.00
  0.25828E-01  0.85624E+03   -0.14500E-01 -0.14500E-01  0.29000E-01  0.00000E+00  0.00000E+00  0.00000E+00   -0.43011E+03 -0.81564E+02  0.51168E+03  0.14230E+02 -0.10764E+03  0.76569E+02      298.00
  0.26276E-01  0.86021E+03   -0.14750E-01 -0.14750E-01  0.29500E-01  0.00000E+00  0.00000E+00  0.00000E+00   -0.43228E+03 -0.81883E+02  0.51417E+03  0.14178E+02 -0.10753E+03  0.76939E+02      298.00
  0.26724E-01  0.86411E+03   -0.15000E-01 -0.15000E-01  0.30000E-01  0.00000E+00  0.00000E+00  0.00000E+00   -0.43441E+03 -0.82203E+02  0.51662E+03  0.14120E+02 -0.10740E+03  0.77306E+02      298.00
  0.27173E-01  0.86794E+03   -0.15250E-01 -0.15250E-01  0.30500E-01  0.00000E+00  0.00000E+00  0.00000E+00   -0.43651E+03 -0.82521E+02  0.51903E+03  0.14058E+02 -0.10726E+03  0.77667E+02      298.00
  0.27621E-01  0.87172E+03   -0.15500E-01 -0.15500E-01  0.31000E-01  0.00000E+00  0.00000E+00  0.00000E+00   -0.43858E+03 -0.82838E+02  0.52141E+03  0.13993E+02 -0.10710E+03  0.78022E+02      298.00
  0.28070E-01  0.87543E+03   -0.15750E-01 -0.15750E-01  0.31500E-01  0.00000E+00  0.00000E+00  0.00000E+00   -0.44061E+03 -0.83154E+02  0.52376E+03  0.13925E+02 -0.10693E+03  0.78371E+02      298.00
  0.28519E-01  0.87908E+03   -0.16000E-01 -0.16000E-01  0.32000E-01  0.00000E+00  0.00000E+00  0.00000E+00   -0.44260E+03 -0.83469E+02  0.52607E+03  0.13854E+02 -0.10675E+03  0.78713E+02      298.00
  0.28967E-01  0.88267E+03   -0.16250E-01 -0.16250E-01  0.32500E-01  0.00000E+00  0.00000E+00  0.00000E+00   -0.44457E+03 -0.83782E+02  0.52835E+03  0.13780E+02 -0.10656E+03  0.79048E+02      298.00
  0.29416E-01  0.88620E+03   -0.16500E-01 -0.16500E-01  0.33000E-01  0.00000E+00  0.00000E+00  0.00000E+00   -0.44650E+03 -0.84094E+02  0.53060E+03  0.13703E+02 -0.10635E+03  0.79378E+02      298.00
  0.29865E-01  0.88967E+03   -0.16750E-01 -0.16750E-01  0.33500E-01  0.00000E+00  0.00000E+00  0.00000E+00   -0.44841E+03 -0.84404E+02  0.53281E+03  0.13624E+02 -0.10613E+03  0.79701E+02      298.00
  0.30315E-01  0.89309E+03   -0.17000E-01 -0.17000E-01  0.34000E-01  0.00000E+00  0.00000E+00  0.00000E+00   -0.45028E+03 -0.84713E+02  0.53499E+03  0.13542E+02 -0.10590E+03  0.80018E+02      298.00
  0.30764E-01  0.89645E+03   -0.17250E-01 -0.17250E-01  0.34500E-01  0.00000E+00  0.00000E+00  0.00000E+00   -0.45212E+03 -0.85021E+02  0.53714E+03  0.13457E+02 -0.10565E+03  0.80329E+02      298.00
  0.31213E-01  0.89976E+03   -0.17500E-01 -0.17500E-01  0.35000E-01  0.00000E+00  0.00000E+00  0.00000E+00   -0.45393E+03 -0.85328E+02  0.53926E+03  0.13370E+02 -0.10540E+03  0.80634E+02      298.00
  0.31663E-01  0.90301E+03   -0.17750E-01 -0.17750E-01  0.35500E-01  0.00000E+00  0.00000E+00  0.00000E+00   -0.45571E+03 -0.85633E+02  0.54135E+03  0.13281E+02 -0.10513E+03  0.80933E+02      298.00
  0.32112E-01  0.90621E+03   -0.18000E-01 -0.18000E-01  0.36000E-01  0.00000E+00  0.00000E+00  0.00000E+00   -0.45747E+03 -0.85937E+02  0.54340E+03  0.13190E+02 -0.10485E+03  0.81226E+02      298.00
  0.32562E-01  0.90936E+03   -0.18250E-01 -0.18250E-01  0.36500E-01  0.00000E+00  0.00000E+00  0.00000E+00   -0.45919E+03 -0.86240E+02  0.54543E+03  0.13096E+02 -0.10456E+03  0.81513E+02      298.00
  0.33012E-01  0.91246E+03   -0.18500E-01 -0.18500E-01  0.37000E-01  0.00000E+00  0.00000E+00  0.00000E+00   -0.46089E+03 -0.86542E+02  0.54743E+03  0.13000E+02 -0.10426E+03  0.81795E+02      298.00
  0.33462E-01  0.91550E+03   -0.18750E-01 -0.18750E-01  0.37500E-01  0.00000E+00  0.00000E+00  0.00000E+00   -0.46256E+03 -0.86843E+02  0.54940E+03  0.12901E+02 -0.10395E+03  0.82072E+02      298.00
  0.33912E-01  0.91907E+03   -0.19000E-01 -0.19000E-01  0.38000E-01  0.00000E+00  0.00000E+00  0.00000E+00   -0.46456E+03 -0.87108E+02  0.55166E+03  0.12829E+02 -0.10365E+03  0.82396E+02      298.00
  0.34362E-01  0.92200E+03   -0.19250E-01 -0.19250E-01  0.38500E-01  0.00000E+00  0.00000E+00  0.00000E+00   -0.46617E+03 -0.87406E+02  0.55357E+03  0.12727E+02 -0.10332E+03  0.82659E+02      298.00
  0.34812E-01  0.92489E+03   -0.19500E-01 -0.19500E-01  0.39000E-01  0.00000E+00  0.00000E+00  0.00000E+00   -0.46775E+03 -0.87702E+02  0.55545E+03  0.12623E+02 -0.10298E+03  0.82917E+02      298.00
  0.35263E-01  0.92773E+03   -0.19750E-01 -0.19750E-01  0.39500E-01  0.00000E+00  0.00000E+00  0.00000E+00   -0.46931E+03 -0.87998E+02  0.55731E+03  0.12517E+02 -0.10262E+03  0.83169E+02      298.00
  0.35713E-01  0.93053E+03   -0.20000E-01 -0.20000E-01  0.40000E-01  0.00000E+00  0.00000E+00  0.00000E+00   -0.47084E+03 -0.88292E+02  0.55913E+03  0.12409E+02 -0.10226E+03  0.83417E+02      298.00
  0.36164E-01  0.93328E+03   -0.20250E-01 -0.20250E-01  0.40500E-01  0.00000E+00  0.00000E+00  0.00000E+00   -0.47235E+03 -0.88586E+02  0.56093E+03  0.12298E+02 -0.10189E+03  0.83660E+02      298.00
  0.36615E-01  0.93598E+03   -0.20500E-01 -0.20500E-01  0.41000E-01  0.00000E+00  0.00000E+00  0.00000E+00   -0.47383E+03 -0.88878E+02  0.56271E+03  0.12186E+02 -0.10151E+03  0.83897E+02      298.00
  0.37066E-01  0.93864E+03   -0.20750E-01 -0.20750E-01  0.41500E-01  0.00000E+00  0.00000E+00  0.00000E+00   -0.47529E+03 -0.89169E+02  0.56446E+03  0.12072E+02 -0.10112E+03  0.84130E+02      298.00
  0.37517E-01  0.94126E+03   -0.21000E-01 -0.21000E-01  0.42000E-01  0.00000E+00  0.00000E+00  0.00000E+00   -0.47673E+03 -0.89460E+02  0.56619E+03  0.11956E+02 -0.10072E+03  0.84358E+02      298.00
  0.37968E-01  0.94218E+03   -0.21250E-01 -0.21250E-01  0.42500E-01  0.00000E+00  0.00000E+00  0.00000E+00   -0.47714E+03 -0.89832E+02  0.56697E+03  0.11831E+02 -0.10027E+03  0.84336E+02      298.00
  0.38419E-01  0.94646E+03   -0.21500E-01 -0.21500E-01  0.43000E-01  0.00000E+00  0.00000E+00  0.00000E+00   -0.47959E+03 -0.90032E+02  0.56962E+03  0.11719E+02 -0.99901E+02  0.84815E+02      298.00
  0.38871E-01  0.94727E+03   -0.21750E-01 -0.21750E-01  0.43500E-01  0.00000E+00  0.00000E+00  0.00000E+00   -0.47993E+03 -0.90408E+02  0.57034E+03  0.11591E+02 -0.99441E+02  0.84777E+02      298.00
  0.39322E-01  0.95140E+03   -0.22000E-01 -0.22000E-01  0.44000E-01  0.00000E+00  0.00000E+00  0.00000E+00   -0.48229E+03 -0.90606E+02  0.57290E+03  0.11475E+02 -0.99045E+02  0.85239E+02      298.00
  0.39774E-01  0.95219E+03   -0.22250E-01 -0.22250E-01  0.44500E-01  0.00000E+00  0.00000E+00  0.00000E+00   -0.48263E+03 -0.90979E+02  0.57361E+03  0.11344E+02 -0.98575E+02  0.85201E+02      298.00
  0.40226E-01  0.95617E+03   -0.22500E-01 -0.22500E-01  0.45000E-01  0.00000E+00  0.00000E+00  0.00000E+00   -0.48491E+03 -0.91177E+02  0.57608E+03  0.11223E+02 -0.98156E+02  0.85645E+02      298.00
  0.40677E-01  0.95694E+03   -0.22750E-01 -0.22750E-01  0.45500E-01  0.00000E+00  0.00000E+00  0.00000E+00   -0.48523E+03 -0.91548E+02  0.57678E+03  0.11090E+02 -0.97678E+02  0.85605E+02      298.00
  0.41130E-01  0.95913E+03   -0.23000E-01 -0.23000E-01  0.46000E-01  0.00000E+00  0.00000E+00  0.00000E+00   -0.48642E+03 -0.91839E+02  0.57826E+03  0.10959E+02 -0.97217E+02  0.85783E+02      298.00
  0.41582E-01  0.96140E+03   -0.23250E-01 -0.23250E-01  0.46500E-01  0.00000E+00  0.00000E+00  0.00000E+00   -0.48766E+03 -0.92123E+02  0.57979E+03  0.10826E+02 -0.96750E+02  0.85976E+02      298.00
  0.42034E-01  0.96364E+03   -0.23500E-01 -0.23500E-01  0.47000E-01  0.00000E+00  0.00000E+00  0.00000E+00   -0.48889E+03 -0.92405E+02  0.58130E+03  0.10692E+02 -0.96276E+02  0.86165E+02      298.00
  0.42486E-01  0.96585E+03   -0.23750E-01 -0.23750E-01  0.47500E-01  0.00000E+00  0.00000E+00  0.00000E+00   -0.49010E+03 -0.92687E+02  0.58278E+03  0.10556E+02 -0.95795E+02  0.86351E+02      298.00
  0.42939E-01  0.96803E+03   -0.24000E-01 -0.24000E-01  0.48000E-01  0.00000E+00  0.00000E+00  0.00000E+00   -0.49129E+03 -0.92966E+02  0.58426E+03  0.10418E+02 -0.95305E+02  0.86535E+02      298.00
  0.43392E-01  0.97017E+03   -0.24250E-01 -0.24250E-01  0.48500E-01  0.00000E+00  0.00000E+00  0.00000E+00   -0.49246E+03 -0.93246E+02  0.58570E+03  0.10279E+02 -0.94810E+02  0.86713E+02      298.00
  0.43844E-01  0.97227E+03   -0.24500E-01 -0.24500E-01  0.49000E-01  0.00000E+00  0.00000E+00  0.00000E+00   -0.49361E+03 -0.93524E+02  0.58713E+03  0.10139E+02 -0.94307E+02  0.86887E+02      298.00
  0.44297E-01  0.97434E+03   -0.24750E-01 -0.24750E-01  0.49500E-01  0.00000E+00  0.00000E+00  0.00000E+00   -0.49473E+03 -0.93802E+02  0.58854E+03  0.99977E+01 -0.93799E+02  0.87057E+02      298.00
  0.44750E-01  0.97637E+03   -0.25000E-01 -0.25000E-01  0.50000E-01  0.00000E+00  0.00000E+00  0.00000E+00   -0.49584E+03 -0.94080E+02  0.58992E+03  0.98548E+01 -0.93283E+02  0.87223E+02      298.00
          Evm          Svm            E11          E22          E33          E23          E13          E12         SDEV11       SDEV22       SDEV33       SDEV23       SDEV13       SDEV12      TEMP
  0.44750E-01  0.97718E+03   -0.25000E-01 -0.25000E-01  0.50000E-01  0.00000E+00  0.00000E+00  0.00000E+00   -0.49635E+03 -0.94017E+02  0.59037E+03  0.98778E+01 -0.93276E+02  0.87327E+02      298.00
  0.45203E-01  0.97845E+03   -0.25250E-01 -0.25250E-01  0.50500E-01  0.00000E+00  0.00000E+00  0.00000E+00   -0.49698E+03 -0.94350E+02  0.59133E+03  0.97145E+01 -0.92760E+02  0.87393E+02      298.00
  0.45657E-01  0.98035E+03   -0.25500E-01 -0.25500E-01  0.51000E-01  0.00000E+00  0.00000E+00  0.00000E+00   -0.49801E+03 -0.94630E+02  0.59264E+03  0.95673E+01 -0.92232E+02  0.87544E+02      298.00
  0.46110E-01  0.98228E+03   -0.25750E-01 -0.25750E-01  0.51500E-01  0.00000E+00  0.00000E+00  0.00000E+00   -0.49906E+03 -0.94906E+02  0.59397E+03  0.94204E+01 -0.91698E+02  0.87698E+02      298.00
  0.46564E-01  0.98418E+03   -0.26000E-01 -0.26000E-01  0.52000E-01  0.00000E+00  0.00000E+00  0.00000E+00   -0.50010E+03 -0.95180E+02  0.59528E+03  0.92723E+01 -0.91157E+02  0.87850E+02      298.00
  0.47017E-01  0.98605E+03   -0.26250E-01 -0.26250E-01  0.52500E-01  0.00000E+00  0.00000E+00  0.00000E+00   -0.50112E+03 -0.95453E+02  0.59657E+03  0.91230E+01 -0.90611E+02  0.87998E+02      298.00
  0.47471E-01  0.98790E+03   -0.26500E-01 -0.26500E-01  0.53000E-01  0.00000E+00  0.00000E+00  0.00000E+00   -0.50212E+03 -0.95725E+02  0.59785E+03  0.89726E+01 -0.90059E+02  0.88143E+02      298.00
  0.47925E-01  0.98971E+03   -0.26750E-01 -0.26750E-01  0.53500E-01  0.00000E+00  0.00000E+00  0.00000E+00   -0.50310E+03 -0.95997E+02  0.59910E+03  0.88209E+01 -0.89501E+02  0.88284E+02      298.00
  0.48379E-01  0.99149E+03   -0.27000E-01 -0.27000E-01  0.54000E-01  0.00000E+00  0.00000E+00  0.00000E+00   -0.50407E+03 -0.96268E+02  0.60034E+03  0.86681E+01 -0.88937E+02  0.88423E+02      298.00
  0.48833E-01  0.99325E+03   -0.27250E-01 -0.27250E-01  0.54500E-01  0.00000E+00  0.00000E+00  0.00000E+00   -0.50502E+03 -0.96539E+02  0.60156E+03  0.85143E+01 -0.88368E+02  0.88558E+02      298.00
  0.49287E-01  0.99497E+03   -0.27500E-01 -0.27500E-01  0.55000E-01  0.00000E+00  0.00000E+00  0.00000E+00   -0.50596E+03 -0.96808E+02  0.60277E+03  0.83593E+01 -0.87794E+02  0.88689E+02      298.00
  0.49742E-01  0.99667E+03   -0.27750E-01 -0.27750E-01  0.55500E-01  0.00000E+00  0.00000E+00  0.00000E+00   -0.50688E+03 -0.97077E+02  0.60395E+03  0.82033E+01 -0.87214E+02  0.88818E+02      298.00
  0.50196E-01  0.99834E+03   -0.28000E-01 -0.28000E-01  0.56000E-01  0.00000E+00  0.00000E+00  0.00000E+00   -0.50778E+03 -0.97345E+02  0.60513E+03  0.80462E+01 -0.86630E+02  0.88943E+02      298.00
  0.50651E-01  0.10012E+04   -0.28250E-01 -0.28250E-01  0.56500E-01  0.00000E+00  0.00000E+00  0.00000E+00   -0.50942E+03 -0.97548E+02  0.60697E+03  0.78100E+01 -0.86017E+02  0.89358E+02      298.00
  0.51105E-01  0.10027E+04   -0.28500E-01 -0.28500E-01  0.57000E-01  0.00000E+00  0.00000E+00  0.00000E+00   -0.51018E+03 -0.97834E+02  0.60802E+03  0.76341E+01 -0.85427E+02  0.89465E+02      298.00
  0.51560E-01  0.10043E+04   -0.28750E-01 -0.28750E-01  0.57500E-01  0.00000E+00  0.00000E+00  0.00000E+00   -0.51105E+03 -0.98096E+02  0.60914E+03  0.74796E+01 -0.84823E+02  0.89577E+02      298.00
  0.52015E-01  0.10058E+04   -0.29000E-01 -0.29000E-01  0.58000E-01  0.00000E+00  0.00000E+00  0.00000E+00   -0.51188E+03 -0.98358E+02  0.61024E+03  0.73282E+01 -0.84214E+02  0.89676E+02      298.00
  0.52470E-01  0.10074E+04   -0.29250E-01 -0.29250E-01  0.58500E-01  0.00000E+00  0.00000E+00  0.00000E+00   -0.51270E+03 -0.98618E+02  0.61132E+03  0.71760E+01 -0.83600E+02  0.89773E+02      298.00
  0.52925E-01  0.10088E+04   -0.29500E-01 -0.29500E-01  0.59000E-01  0.00000E+00  0.00000E+00  0.00000E+00   -0.51351E+03 -0.98879E+02  0.61239E+03  0.70218E+01 -0.82982E+02  0.89868E+02      298.00
  0.53380E-01  0.10103E+04   -0.29750E-01 -0.29750E-01  0.59500E-01  0.00000E+00  0.00000E+00  0.00000E+00   -0.51431E+03 -0.99139E+02  0.61344E+03  0.68655E+01 -0.82360E+02  0.89962E+02      298.00
  0.53836E-01  0.10118E+04   -0.30000E-01 -0.30000E-01  0.60000E-01  0.00000E+00  0.00000E+00  0.00000E+00   -0.51508E+03 -0.99399E+02  0.61448E+03  0.67074E+01 -0.81734E+02  0.90054E+02      298.00
  0.54291E-01  0.10132E+04   -0.30250E-01 -0.30250E-01  0.60500E-01  0.00000E+00  0.00000E+00  0.00000E+00   -0.51585E+03 -0.99659E+02  0.61551E+03  0.65475E+01 -0.81104E+02  0.90144E+02      298.00
  0.54747E-01  0.10146E+04   -0.30500E-01 -0.30500E-01  0.61000E-01  0.00000E+00  0.00000E+00  0.00000E+00   -0.51660E+03 -0.99919E+02  0.61652E+03  0.63860E+01 -0.80469E+02  0.90233E+02      298.00
  0.55203E-01  0.10160E+04   -0.30750E-01 -0.30750E-01  0.61500E-01  0.00000E+00  0.00000E+00  0.00000E+00   -0.51734E+03 -0.10018E+03  0.61752E+03  0.62231E+01 -0.79831E+02  0.90319E+02      298.00
  0.55659E-01  0.10173E+04   -0.31000E-01 -0.31000E-01  0.62000E-01  0.00000E+00  0.00000E+00  0.00000E+00   -0.51806E+03 -0.10044E+03  0.61850E+03  0.60588E+01 -0.79189E+02  0.90404E+02      298.00
  0.56115E-01  0.10187E+04   -0.31250E-01 -0.31250E-01  0.62500E-01  0.00000E+00  0.00000E+00  0.00000E+00   -0.51877E+03 -0.10070E+03  0.61947E+03  0.58933E+01 -0.78543E+02  0.90487E+02      298.00
  0.56571E-01  0.10200E+04   -0.31500E-01 -0.31500E-01  0.63000E-01  0.00000E+00  0.00000E+00  0.00000E+00   -0.51947E+03 -0.10096E+03  0.62043E+03  0.57267E+01 -0.77894E+02  0.90568E+02      298.00
  0.57027E-01  0.10213E+04   -0.31750E-01 -0.31750E-01  0.63500E-01  0.00000E+00  0.00000E+00  0.00000E+00   -0.52016E+03 -0.10121E+03  0.62137E+03  0.55589E+01 -0.77240E+02  0.90646E+02      298.00
  0.57483E-01  0.10225E+04   -0.32000E-01 -0.32000E-01  0.64000E-01  0.00000E+00  0.00000E+00  0.00000E+00   -0.52083E+03 -0.10147E+03  0.62230E+03  0.53902E+01 -0.76583E+02  0.90723E+02      298.00
  0.57940E-01  0.10238E+04   -0.32250E-01 -0.32250E-01  0.64500E-01  0.00000E+00  0.00000E+00  0.00000E+00   -0.52149E+03 -0.10173E+03  0.62322E+03  0.52205E+01 -0.75923E+02  0.90797E+02      298.00
  0.58396E-01  0.10250E+04   -0.32500E-01 -0.32500E-01  0.65000E-01  0.00000E+00  0.00000E+00  0.00000E+00   -0.52214E+03 -0.10198E+03  0.62412E+03  0.50498E+01 -0.75259E+02  0.90869E+02      298.00
  0.58853E-01  0.10262E+04   -0.32750E-01 -0.32750E-01  0.65500E-01  0.00000E+00  0.00000E+00  0.00000E+00   -0.52278E+03 -0.10224E+03  0.62502E+03  0.48783E+01 -0.74591E+02  0.90940E+02      298.00
  0.59310E-01  0.10274E+04   -0.33000E-01 -0.33000E-01  0.66000E-01  0.00000E+00  0.00000E+00  0.00000E+00   -0.52340E+03 -0.10250E+03  0.62590E+03  0.47059E+01 -0.73921E+02  0.91008E+02      298.00
  0.59766E-01  0.10286E+04   -0.33250E-01 -0.33250E-01  0.66500E-01  0.00000E+00  0.00000E+00  0.00000E+00   -0.52401E+03 -0.10275E+03  0.62677E+03  0.45328E+01 -0.73247E+02  0.91074E+02      298.00
  0.60223E-01  0.10298E+04   -0.33500E-01 -0.33500E-01  0.67000E-01  0.00000E+00  0.00000E+00  0.00000E+00   -0.52462E+03 -0.10301E+03  0.62762E+03  0.43588E+01 -0.72569E+02  0.91138E+02      298.00
  0.60681E-01  0.10309E+04   -0.33750E-01 -0.33750E-01  0.67500E-01  0.00000E+00  0.00000E+00  0.00000E+00   -0.52521E+03 -0.10326E+03  0.62847E+03  0.41841E+01 -0.71889E+02  0.91200E+02      298.00
  0.61138E-01  0.10320E+04   -0.34000E-01 -0.34000E-01  0.68000E-01  0.00000E+00  0.00000E+00  0.00000E+00   -0.52579E+03 -0.10352E+03  0.62930E+03  0.40086E+01 -0.71205E+02  0.91260E+02      298.00
  0.61595E-01  0.10331E+04   -0.34250E-01 -0.34250E-01  0.68500E-01  0.00000E+00  0.00000E+00  0.00000E+00   -0.52636E+03 -0.10377E+03  0.63013E+03  0.38324E+01 -0.70519E+02  0.91319E+02      298.00
  0.62053E-01  0.10342E+04   -0.34500E-01 -0.34500E-01  0.69000E-01  0.00000E+00  0.00000E+00  0.00000E+00   -0.52692E+03 -0.10402E+03  0.63094E+03  0.36556E+01 -0.69829E+02  0.91375E+02      298.00
  0.62510E-01  0.10352E+04   -0.34750E-01 -0.34750E-01  0.69500E-01  0.00000E+00  0.00000E+00  0.00000E+00   -0.52746E+03 -0.10428E+03  0.63174E+03  0.34781E+01 -0.69137E+02  0.91429E+02      298.00
  0.62968E-01  0.10363E+04   -0.35000E-01 -0.35000E-01  0.70000E-01  0.00000E+00  0.00000E+00  0.00000E+00   -0.52800E+03 -0.10453E+03  0.63253E+03  0.32999E+01 -0.68441E+02  0.91481E+02      298.00
  0.63426E-01  0.10373E+04   -0.35250E-01 -0.35250E-01  0.70500E-01  0.00000E+00  0.00000E+00  0.00000E+00   -0.52853E+03 -0.10478E+03  0.63331E+03  0.31212E+01 -0.67743E+02  0.91532E+02      298.00
  0.63884E-01  0.10383E+04   -0.35500E-01 -0.35500E-01  0.71000E-01  0.00000E+00  0.00000E+00  0.00000E+00   -0.52905E+03 -0.10503E+03  0.63408E+03  0.29418E+01 -0.67043E+02  0.91580E+02      298.00
  0.64342E-01  0.10393E+04   -0.35750E-01 -0.35750E-01  0.71500E-01  0.00000E+00  0.00000E+00  0.00000E+00   -0.52956E+03 -0.10528E+03  0.63484E+03  0.27618E+01 -0.66339E+02  0.91627E+02      298.00
  0.64800E-01  0.10403E+04   -0.36000E-01 -0.36000E-01  0.72000E-01  0.00000E+00  0.00000E+00  0.00000E+00   -0.53005E+03 -0.10553E+03  0.63559E+03  0.25813E+01 -0.65633E+02  0.91672E+02      298.00
  0.65258E-01  0.10413E+04   -0.36250E-01 -0.36250E-01  0.72500E-01  0.00000E+00  0.00000E+00  0.00000E+00   -0.53054E+03 -0.10578E+03  0.63632E+03  0.24002E+01 -0.64924E+02  0.91716E+02      298.00
  0.65716E-01  0.10422E+04   -0.36500E-01 -0.36500E-01  0.73000E-01  0.00000E+00  0.00000E+00  0.00000E+00   -0.53102E+03 -0.10603E+03  0.63705E+03  0.22186E+01 -0.64213E+02  0.91757E+02      298.00
  0.66175E-01  0.10432E+04   -0.36750E-01 -0.36750E-01  0.73500E-01  0.00000E+00  0.00000E+00  0.00000E+00   -0.53149E+03 -0.10628E+03  0.63777E+03  0.20364E+01 -0.63499E+02  0.91797E+02      298.00
  0.66633E-01  0.10441E+04   -0.37000E-01 -0.37000E-01  0.74000E-01  0.00000E+00  0.00000E+00  0.00000E+00   -0.53195E+03 -0.10653E+03  0.63848E+03  0.18537E+01 -0.62783E+02  0.91835E+02      298.00
  0.67092E-01  0.10450E+04   -0.37250E-01 -0.37250E-01  0.74500E-01  0.00000E+00  0.00000E+00  0.00000E+00   -0.53240E+03 -0.10678E+03  0.63918E+03  0.16706E+01 -0.62065E+02  0.91871E+02      298.00
  0.67551E-01  0.10459E+04   -0.37500E-01 -0.37500E-01  0.75000E-01  0.00000E+00  0.00000E+00  0.00000E+00   -0.53285E+03 -0.10702E+03  0.63987E+03  0.14869E+01 -0.61344E+02  0.91906E+02      298.00
          Evm          Svm            E11          E22          E33          E23          E13          E12         SDEV11       SDEV22       SDEV33       SDEV23       SDEV13       SDEV12      TEMP
  0.67551E-01  0.10456E+04   -0.37500E-01 -0.37500E-01  0.75000E-01  0.00000E+00  0.00000E+00  0.00000E+00   -0.53271E+03 -0.10702E+03  0.63974E+03  0.15737E+01 -0.61358E+02  0.91773E+02      298.00
  0.68009E-01  0.10468E+04   -0.37750E-01 -0.37750E-01  0.75500E-01  0.00000E+00  0.00000E+00  0.00000E+00   -0.53332E+03 -0.10726E+03  0.64057E+03  0.13237E+01 -0.60612E+02  0.91925E+02      298.00
  0.68468E-01  0.10476E+04   -0.38000E-01 -0.38000E-01  0.76000E-01  0.00000E+00  0.00000E+00  0.00000E+00   -0.53370E+03 -0.10752E+03  0.64122E+03  0.11235E+01 -0.59895E+02  0.91964E+02      298.00
  0.68927E-01  0.10485E+04   -0.38250E-01 -0.38250E-01  0.76500E-01  0.00000E+00  0.00000E+00  0.00000E+00   -0.53412E+03 -0.10777E+03  0.64189E+03  0.93392E+00 -0.59168E+02  0.92000E+02      298.00
  0.69387E-01  0.10493E+04   -0.38500E-01 -0.38500E-01  0.77000E-01  0.00000E+00  0.00000E+00  0.00000E+00   -0.53453E+03 -0.10801E+03  0.64254E+03  0.74730E+00 -0.58439E+02  0.92029E+02      298.00
  0.69846E-01  0.10501E+04   -0.38750E-01 -0.38750E-01  0.77500E-01  0.00000E+00  0.00000E+00  0.00000E+00   -0.53493E+03 -0.10826E+03  0.64319E+03  0.56113E+00 -0.57707E+02  0.92056E+02      298.00
  0.70305E-01  0.10509E+04   -0.39000E-01 -0.39000E-01  0.78000E-01  0.00000E+00  0.00000E+00  0.00000E+00   -0.53532E+03 -0.10850E+03  0.64383E+03  0.37478E+00 -0.56974E+02  0.92082E+02      298.00
  0.70765E-01  0.10517E+04   -0.39250E-01 -0.39250E-01  0.78500E-01  0.00000E+00  0.00000E+00  0.00000E+00   -0.53571E+03 -0.10875E+03  0.64445E+03  0.18810E+00 -0.56238E+02  0.92105E+02      298.00
  0.71224E-01  0.10531E+04   -0.39500E-01 -0.39500E-01  0.79000E-01  0.00000E+00  0.00000E+00  0.00000E+00   -0.53648E+03 -0.10891E+03  0.64540E+03 -0.55323E-01 -0.55367E+02  0.92274E+02      298.00
  0.71684E-01  0.10533E+04   -0.39750E-01 -0.39750E-01  0.79500E-01  0.00000E+00  0.00000E+00  0.00000E+00   -0.53645E+03 -0.10924E+03  0.64569E+03 -0.19761E+00 -0.54762E+02  0.92162E+02      298.00
  0.72144E-01  0.10546E+04   -0.40000E-01 -0.40000E-01  0.80000E-01  0.00000E+00  0.00000E+00  0.00000E+00   -0.53719E+03 -0.10941E+03  0.64660E+03 -0.43423E+00 -0.53887E+02  0.92314E+02      298.00
  0.72604E-01  0.10548E+04   -0.40250E-01 -0.40250E-01  0.80500E-01  0.00000E+00  0.00000E+00  0.00000E+00   -0.53716E+03 -0.10973E+03  0.64689E+03 -0.57408E+00 -0.53278E+02  0.92200E+02      298.00
  0.73063E-01  0.10561E+04   -0.40500E-01 -0.40500E-01  0.81000E-01  0.00000E+00  0.00000E+00  0.00000E+00   -0.53788E+03 -0.10989E+03  0.64777E+03 -0.81093E+00 -0.52398E+02  0.92346E+02      298.00
  0.73524E-01  0.10568E+04   -0.40750E-01 -0.40750E-01  0.81500E-01  0.00000E+00  0.00000E+00  0.00000E+00   -0.53823E+03 -0.11013E+03  0.64837E+03 -0.10128E+01 -0.51649E+02  0.92380E+02      298.00
  0.73984E-01  0.10575E+04   -0.41000E-01 -0.41000E-01  0.82000E-01  0.00000E+00  0.00000E+00  0.00000E+00   -0.53855E+03 -0.11038E+03  0.64893E+03 -0.12063E+01 -0.50902E+02  0.92396E+02      298.00
  0.74444E-01  0.10582E+04   -0.41250E-01 -0.41250E-01  0.82500E-01  0.00000E+00  0.00000E+00  0.00000E+00   -0.53887E+03 -0.11062E+03  0.64949E+03 -0.13970E+01 -0.50152E+02  0.92409E+02      298.00
  0.74904E-01  0.10589E+04   -0.41500E-01 -0.41500E-01  0.83000E-01  0.00000E+00  0.00000E+00  0.00000E+00   -0.53918E+03 -0.11086E+03  0.65004E+03 -0.15867E+01 -0.49400E+02  0.92419E+02      298.00
  0.75365E-01  0.10596E+04   -0.41750E-01 -0.41750E-01  0.83500E-01  0.00000E+00  0.00000E+00  0.00000E+00   -0.53948E+03 -0.11110E+03  0.65059E+03 -0.17763E+01 -0.48646E+02  0.92427E+02      298.00
  0.75825E-01  0.10602E+04   -0.42000E-01 -0.42000E-01  0.84000E-01  0.00000E+00  0.00000E+00  0.00000E+00   -0.53978E+03 -0.11134E+03  0.65112E+03 -0.19659E+01 -0.47891E+02  0.92434E+02      298.00
  0.76286E-01  0.10609E+04   -0.42250E-01 -0.42250E-01  0.84500E-01  0.00000E+00  0.00000E+00  0.00000E+00   -0.54007E+03 -0.11158E+03  0.65165E+03 -0.21558E+01 -0.47135E+02  0.92439E+02      298.00
  0.76746E-01  0.10615E+04   -0.42500E-01 -0.42500E-01  0.85000E-01  0.00000E+00  0.00000E+00  0.00000E+00   -0.54035E+03 -0.11182E+03  0.65218E+03 -0.23459E+01 -0.46376E+02  0.92443E+02      298.00
  0.77207E-01  0.10622E+04   -0.42750E-01 -0.42750E-01  0.85500E-01  0.00000E+00  0.00000E+00  0.00000E+00   -0.54063E+03 -0.11206E+03  0.65269E+03 -0.25364E+01 -0.45617E+02  0.92446E+02      298.00
  0.77668E-01  0.10628E+04   -0.43000E-01 -0.43000E-01  0.86000E-01  0.00000E+00  0.00000E+00  0.00000E+00   -0.54090E+03 -0.11230E+03  0.65320E+03 -0.27271E+01 -0.44856E+02  0.92448E+02      298.00
  0.78129E-01  0.10634E+04   -0.43250E-01 -0.43250E-01  0.86500E-01  0.00000E+00  0.00000E+00  0.00000E+00   -0.54117E+03 -0.11254E+03  0.65371E+03 -0.29181E+01 -0.44094E+02  0.92449E+02      298.00
  0.78590E-01  0.10640E+04   -0.43500E-01 -0.43500E-01  0.87000E-01  0.00000E+00  0.00000E+00  0.00000E+00   -0.54142E+03 -0.11278E+03  0.65420E+03 -0.31093E+01 -0.43330E+02  0.92449E+02      298.00
  0.79051E-01  0.10646E+04   -0.43750E-01 -0.43750E-01  0.87500E-01  0.00000E+00  0.00000E+00  0.00000E+00   -0.54168E+03 -0.11302E+03  0.65469E+03 -0.33009E+01 -0.42565E+02  0.92447E+02      298.00
  0.79512E-01  0.10652E+04   -0.44000E-01 -0.44000E-01  0.88000E-01  0.00000E+00  0.00000E+00  0.00000E+00   -0.54192E+03 -0.11326E+03  0.65518E+03 -0.34927E+01 -0.41799E+02  0.92445E+02      298.00
  0.79974E-01  0.10657E+04   -0.44250E-01 -0.44250E-01  0.88500E-01  0.00000E+00  0.00000E+00  0.00000E+00   -0.54216E+03 -0.11349E+03  0.65565E+03 -0.36848E+01 -0.41031E+02  0.92441E+02      298.00
  0.80435E-01  0.10663E+04   -0.44500E-01 -0.44500E-01  0.89000E-01  0.00000E+00  0.00000E+00  0.00000E+00   -0.54240E+03 -0.11373E+03  0.65613E+03 -0.38772E+01 -0.40262E+02  0.92437E+02      298.00
  0.80897E-01  0.10668E+04   -0.44750E-01 -0.44750E-01  0.89500E-01  0.00000E+00  0.00000E+00  0.00000E+00   -0.54262E+03 -0.11397E+03  0.65659E+03 -0.40698E+01 -0.39493E+02  0.92431E+02      298.00
  0.81358E-01  0.10674E+04   -0.45000E-01 -0.45000E-01  0.90000E-01  0.00000E+00  0.00000E+00  0.00000E+00   -0.54285E+03 -0.11420E+03  0.65705E+03 -0.42626E+01 -0.38722E+02  0.92425E+02      298.00
  0.81820E-01  0.10679E+04   -0.45250E-01 -0.45250E-01  0.90500E-01  0.00000E+00  0.00000E+00  0.00000E+00   -0.54306E+03 -0.11444E+03  0.65750E+03 -0.44558E+01 -0.37949E+02  0.92417E+02      298.00
  0.82282E-01  0.10685E+04   -0.45500E-01 -0.45500E-01  0.91000E-01  0.00000E+00  0.00000E+00  0.00000E+00   -0.54327E+03 -0.11467E+03  0.65795E+03 -0.46491E+01 -0.37176E+02  0.92409E+02      298.00
  0.82744E-01  0.10690E+04   -0.45750E-01 -0.45750E-01  0.91500E-01  0.00000E+00  0.00000E+00  0.00000E+00   -0.54348E+03 -0.11491E+03  0.65839E+03 -0.48427E+01 -0.36402E+02  0.92400E+02      298.00
  0.83205E-01  0.10695E+04   -0.46000E-01 -0.46000E-01  0.92000E-01  0.00000E+00  0.00000E+00  0.00000E+00   -0.54368E+03 -0.11515E+03  0.65882E+03 -0.50366E+01 -0.35626E+02  0.92389E+02      298.00
  0.83667E-01  0.10700E+04   -0.46250E-01 -0.46250E-01  0.92500E-01  0.00000E+00  0.00000E+00  0.00000E+00   -0.54387E+03 -0.11538E+03  0.65925E+03 -0.52307E+01 -0.34850E+02  0.92378E+02      298.00
  0.84130E-01  0.10705E+04   -0.46500E-01 -0.46500E-01  0.93000E-01  0.00000E+00  0.00000E+00  0.00000E+00   -0.54406E+03 -0.11561E+03  0.65968E+03 -0.54250E+01 -0.34072E+02  0.92366E+02      298.00
  0.84592E-01  0.10710E+04   -0.46750E-01 -0.46750E-01  0.93500E-01  0.00000E+00  0.00000E+00  0.00000E+00   -0.54424E+03 -0.11585E+03  0.66009E+03 -0.56195E+01 -0.33294E+02  0.92353E+02      298.00
  0.85054E-01  0.10715E+04   -0.47000E-01 -0.47000E-01  0.94000E-01  0.00000E+00  0.00000E+00  0.00000E+00   -0.54442E+03 -0.11608E+03  0.66051E+03 -0.58143E+01 -0.32515E+02  0.92339E+02      298.00
  0.85516E-01  0.10720E+04   -0.47250E-01 -0.47250E-01  0.94500E-01  0.00000E+00  0.00000E+00  0.00000E+00   -0.54460E+03 -0.11632E+03  0.66091E+03 -0.60093E+01 -0.31734E+02  0.92325E+02      298.00
  0.85979E-01  0.10724E+04   -0.47500E-01 -0.47500E-01  0.95000E-01  0.00000E+00  0.00000E+00  0.00000E+00   -0.54476E+03 -0.11655E+03  0.66131E+03 -0.62046E+01 -0.30953E+02  0.92309E+02      298.00
  0.86441E-01  0.10729E+04   -0.47750E-01 -0.47750E-01  0.95500E-01  0.00000E+00  0.00000E+00  0.00000E+00   -0.54493E+03 -0.11678E+03  0.66171E+03 -0.64000E+01 -0.30171E+02  0.92293E+02      298.00
  0.86904E-01  0.10733E+04   -0.48000E-01 -0.48000E-01  0.96000E-01  0.00000E+00  0.00000E+00  0.00000E+00   -0.54509E+03 -0.11702E+03  0.66210E+03 -0.65957E+01 -0.29388E+02  0.92276E+02      298.00
  0.87366E-01  0.10738E+04   -0.48250E-01 -0.48250E-01  0.96500E-01  0.00000E+00  0.00000E+00  0.00000E+00   -0.54524E+03 -0.11725E+03  0.66249E+03 -0.67916E+01 -0.28605E+02  0.92258E+02      298.00
  0.87829E-01  0.10742E+04   -0.48500E-01 -0.48500E-01  0.97000E-01  0.00000E+00  0.00000E+00  0.00000E+00   -0.54539E+03 -0.11748E+03  0.66287E+03 -0.69877E+01 -0.27820E+02  0.92240E+02      298.00
  0.88292E-01  0.10747E+04   -0.48750E-01 -0.48750E-01  0.97500E-01  0.00000E+00  0.00000E+00  0.00000E+00   -0.54553E+03 -0.11771E+03  0.66324E+03 -0.71840E+01 -0.27035E+02  0.92221E+02      298.00
  0.88755E-01  0.10751E+04   -0.49000E-01 -0.49000E-01  0.98000E-01  0.00000E+00  0.00000E+00  0.00000E+00   -0.54567E+03 -0.11794E+03  0.66361E+03 -0.73805E+01 -0.26249E+02  0.92201E+02      298.00
  0.89218E-01  0.10755E+04   -0.49250E-01 -0.49250E-01  0.98500E-01  0.00000E+00  0.00000E+00  0.00000E+00   -0.54580E+03 -0.11818E+03  0.66398E+03 -0.75772E+01 -0.25462E+02  0.92180E+02      298.00
  0.89681E-01  0.10759E+04   -0.49500E-01 -0.49500E-01  0.99000E-01  0.00000E+00  0.00000E+00  0.00000E+00   -0.54593E+03 -0.11841E+03  0.66434E+03 -0.77742E+01 -0.24675E+02  0.92159E+02      298.00
  0.90144E-01  0.10763E+04   -0.49750E-01 -0.49750E-01  0.99500E-01  0.00000E+00  0.00000E+00  0.00000E+00   -0.54606E+03 -0.11864E+03  0.66470E+03 -0.79713E+01 -0.23887E+02  0.92137E+02      298.00
  0.90607E-01  0.10767E+04   -0.50000E-01 -0.50000E-01  0.10000E+00  0.00000E+00  0.00000E+00  0.00000E+00   -0.54618E+03 -0.11887E+03  0.66505E+03 -0.81687E+01 -0.23098E+02  0.92114E+02      298.00
          Evm          Svm            E11          E22          E33          E23          E13          E12         SDEV11       SDEV22       SDEV33       SDEV23       SDEV13       SDEV12      TEMP
  0.90607E-01  0.10763E+04   -0.50000E-01 -0.50000E-01  0.10000E+00  0.00000E+00  0.00000E+00  0.00000E+00   -0.54592E+03 -0.11892E+03  0.66483E+03 -0.79807E+01 -0.23251E+02  0.91856E+02      298.00
  0.91070E-01  0.10772E+04   -0.50250E-01 -0.50250E-01  0.10050E+00  0.00000E+00  0.00000E+00  0.00000E+00   -0.54636E+03 -0.11906E+03  0.66542E+03 -0.83105E+01 -0.22277E+02  0.92048E+02      298.00
  0.91534E-01  0.10775E+04   -0.50500E-01 -0.50500E-01  0.10100E+00  0.00000E+00  0.00000E+00  0.00000E+00   -0.54641E+03 -0.11932E+03  0.66573E+03 -0.85395E+01 -0.21515E+02  0.92042E+02      298.00
  0.91997E-01  0.10779E+04   -0.50750E-01 -0.50750E-01  0.10150E+00  0.00000E+00  0.00000E+00  0.00000E+00   -0.54652E+03 -0.11955E+03  0.66607E+03 -0.87513E+01 -0.20725E+02  0.92032E+02      298.00
  0.92460E-01  0.10783E+04   -0.51000E-01 -0.51000E-01  0.10200E+00  0.00000E+00  0.00000E+00  0.00000E+00   -0.54662E+03 -0.11978E+03  0.66640E+03 -0.89544E+01 -0.19935E+02  0.92011E+02      298.00
  0.92924E-01  0.10787E+04   -0.51250E-01 -0.51250E-01  0.10250E+00  0.00000E+00  0.00000E+00  0.00000E+00   -0.54672E+03 -0.12001E+03  0.66673E+03 -0.91546E+01 -0.19143E+02  0.91987E+02      298.00
  0.93388E-01  0.10790E+04   -0.51500E-01 -0.51500E-01  0.10300E+00  0.00000E+00  0.00000E+00  0.00000E+00   -0.54681E+03 -0.12024E+03  0.66706E+03 -0.93536E+01 -0.18351E+02  0.91961E+02      298.00
  0.93851E-01  0.10794E+04   -0.51750E-01 -0.51750E-01  0.10350E+00  0.00000E+00  0.00000E+00  0.00000E+00   -0.54690E+03 -0.12047E+03  0.66738E+03 -0.95524E+01 -0.17558E+02  0.91934E+02      298.00
  0.94315E-01  0.10797E+04   -0.52000E-01 -0.52000E-01  0.10400E+00  0.00000E+00  0.00000E+00  0.00000E+00   -0.54699E+03 -0.12070E+03  0.66769E+03 -0.97512E+01 -0.16764E+02  0.91906E+02      298.00
  0.94779E-01  0.10801E+04   -0.52250E-01 -0.52250E-01  0.10450E+00  0.00000E+00  0.00000E+00  0.00000E+00   -0.54707E+03 -0.12093E+03  0.66800E+03 -0.99502E+01 -0.15970E+02  0.91878E+02      298.00
  0.95243E-01  0.10804E+04   -0.52500E-01 -0.52500E-01  0.10500E+00  0.00000E+00  0.00000E+00  0.00000E+00   -0.54715E+03 -0.12115E+03  0.66831E+03 -0.10149E+02 -0.15176E+02  0.91849E+02      298.00
  0.95707E-01  0.10808E+04   -0.52750E-01 -0.52750E-01  0.10550E+00  0.00000E+00  0.00000E+00  0.00000E+00   -0.54723E+03 -0.12138E+03  0.66861E+03 -0.10348E+02 -0.14381E+02  0.91819E+02      298.00
  0.96170E-01  0.10811E+04   -0.53000E-01 -0.53000E-01  0.10600E+00  0.00000E+00  0.00000E+00  0.00000E+00   -0.54730E+03 -0.12161E+03  0.66891E+03 -0.10548E+02 -0.13585E+02  0.91789E+02      298.00
  0.96635E-01  0.10814E+04   -0.53250E-01 -0.53250E-01  0.10650E+00  0.00000E+00  0.00000E+00  0.00000E+00   -0.54737E+03 -0.12184E+03  0.66920E+03 -0.10747E+02 -0.12789E+02  0.91759E+02      298.00
  0.97099E-01  0.10818E+04   -0.53500E-01 -0.53500E-01  0.10700E+00  0.00000E+00  0.00000E+00  0.00000E+00   -0.54743E+03 -0.12206E+03  0.66949E+03 -0.10947E+02 -0.11993E+02  0.91728E+02      298.00
  0.97563E-01  0.10821E+04   -0.53750E-01 -0.53750E-01  0.10750E+00  0.00000E+00  0.00000E+00  0.00000E+00   -0.54749E+03 -0.12229E+03  0.66978E+03 -0.11147E+02 -0.11196E+02  0.91696E+02      298.00
  0.98027E-01  0.10824E+04   -0.54000E-01 -0.54000E-01  0.10800E+00  0.00000E+00  0.00000E+00  0.00000E+00   -0.54755E+03 -0.12251E+03  0.67006E+03 -0.11347E+02 -0.10399E+02  0.91664E+02      298.00
  0.98491E-01  0.10827E+04   -0.54250E-01 -0.54250E-01  0.10850E+00  0.00000E+00  0.00000E+00  0.00000E+00   -0.54760E+03 -0.12274E+03  0.67034E+03 -0.11547E+02 -0.96014E+01  0.91631E+02      298.00
  0.98956E-01  0.10830E+04   -0.54500E-01 -0.54500E-01  0.10900E+00  0.00000E+00  0.00000E+00  0.00000E+00   -0.54765E+03 -0.12297E+03  0.67061E+03 -0.11747E+02 -0.88035E+01  0.91598E+02      298.00
  0.99420E-01  0.10833E+04   -0.54750E-01 -0.54750E-01  0.10950E+00  0.00000E+00  0.00000E+00  0.00000E+00   -0.54769E+03 -0.12319E+03  0.67088E+03 -0.11948E+02 -0.80052E+01  0.91564E+02      298.00
  0.99884E-01  0.10836E+04   -0.55000E-01 -0.55000E-01  0.11000E+00  0.00000E+00  0.00000E+00  0.00000E+00   -0.54773E+03 -0.12341E+03  0.67115E+03 -0.12148E+02 -0.72065E+01  0.91530E+02      298.00
  0.10035E+00  0.10839E+04   -0.55250E-01 -0.55250E-01  0.11050E+00  0.00000E+00  0.00000E+00  0.00000E+00   -0.54777E+03 -0.12364E+03  0.67141E+03 -0.12349E+02 -0.64075E+01  0.91495E+02      298.00
  0.10081E+00  0.10842E+04   -0.55500E-01 -0.55500E-01  0.11100E+00  0.00000E+00  0.00000E+00  0.00000E+00   -0.54781E+03 -0.12386E+03  0.67167E+03 -0.12549E+02 -0.56082E+01  0.91460E+02      298.00
  0.10128E+00  0.10845E+04   -0.55750E-01 -0.55750E-01  0.11150E+00  0.00000E+00  0.00000E+00  0.00000E+00   -0.54784E+03 -0.12409E+03  0.67192E+03 -0.12750E+02 -0.48086E+01  0.91424E+02      298.00
  0.10174E+00  0.10848E+04   -0.56000E-01 -0.56000E-01  0.11200E+00  0.00000E+00  0.00000E+00  0.00000E+00   -0.54787E+03 -0.12431E+03  0.67218E+03 -0.12950E+02 -0.40086E+01  0.91388E+02      298.00
  0.10221E+00  0.10851E+04   -0.56250E-01 -0.56250E-01  0.11250E+00  0.00000E+00  0.00000E+00  0.00000E+00   -0.54789E+03 -0.12453E+03  0.67242E+03 -0.13151E+02 -0.32084E+01  0.91351E+02      298.00
  0.10267E+00  0.10853E+04   -0.56500E-01 -0.56500E-01  0.11300E+00  0.00000E+00  0.00000E+00  0.00000E+00   -0.54791E+03 -0.12476E+03  0.67267E+03 -0.13351E+02 -0.24078E+01  0.91313E+02      298.00
  0.10314E+00  0.10856E+04   -0.56750E-01 -0.56750E-01  0.11350E+00  0.00000E+00  0.00000E+00  0.00000E+00   -0.54793E+03 -0.12498E+03  0.67291E+03 -0.13552E+02 -0.16069E+01  0.91275E+02      298.00
  0.10360E+00  0.10859E+04   -0.57000E-01 -0.57000E-01  0.11400E+00  0.00000E+00  0.00000E+00  0.00000E+00   -0.54795E+03 -0.12520E+03  0.67315E+03 -0.13752E+02 -0.80574E+00  0.91236E+02      298.00
  0.10407E+00  0.10861E+04   -0.57250E-01 -0.57250E-01  0.11450E+00  0.00000E+00  0.00000E+00  0.00000E+00   -0.54796E+03 -0.12542E+03  0.67338E+03 -0.13952E+02 -0.42757E-02  0.91196E+02      298.00
  0.10453E+00  0.10864E+04   -0.57500E-01 -0.57500E-01  0.11500E+00  0.00000E+00  0.00000E+00  0.00000E+00   -0.54797E+03 -0.12564E+03  0.67361E+03 -0.14151E+02  0.79748E+00  0.91155E+02      298.00
  0.10500E+00  0.10866E+04   -0.57750E-01 -0.57750E-01  0.11550E+00  0.00000E+00  0.00000E+00  0.00000E+00   -0.54798E+03 -0.12586E+03  0.67384E+03 -0.14351E+02  0.15995E+01  0.91114E+02      298.00
  0.10546E+00  0.10869E+04   -0.58000E-01 -0.58000E-01  0.11600E+00  0.00000E+00  0.00000E+00  0.00000E+00   -0.54798E+03 -0.12608E+03  0.67406E+03 -0.14550E+02  0.24018E+01  0.91072E+02      298.00
  0.10593E+00  0.10871E+04   -0.58250E-01 -0.58250E-01  0.11650E+00  0.00000E+00  0.00000E+00  0.00000E+00   -0.54798E+03 -0.12630E+03  0.67428E+03 -0.14748E+02  0.32045E+01  0.91029E+02      298.00
  0.10639E+00  0.10874E+04   -0.58500E-01 -0.58500E-01  0.11700E+00  0.00000E+00  0.00000E+00  0.00000E+00   -0.54798E+03 -0.12652E+03  0.67450E+03 -0.14947E+02  0.40074E+01  0.90985E+02      298.00
  0.10686E+00  0.10876E+04   -0.58750E-01 -0.58750E-01  0.11750E+00  0.00000E+00  0.00000E+00  0.00000E+00   -0.54797E+03 -0.12674E+03  0.67471E+03 -0.15144E+02  0.48105E+01  0.90941E+02      298.00
  0.10732E+00  0.10879E+04   -0.59000E-01 -0.59000E-01  0.11800E+00  0.00000E+00  0.00000E+00  0.00000E+00   -0.54797E+03 -0.12696E+03  0.67492E+03 -0.15341E+02  0.56140E+01  0.90895E+02      298.00
  0.10779E+00  0.10881E+04   -0.59250E-01 -0.59250E-01  0.11850E+00  0.00000E+00  0.00000E+00  0.00000E+00   -0.54796E+03 -0.12717E+03  0.67513E+03 -0.15538E+02  0.64178E+01  0.90848E+02      298.00
  0.10825E+00  0.10883E+04   -0.59500E-01 -0.59500E-01  0.11900E+00  0.00000E+00  0.00000E+00  0.00000E+00   -0.54794E+03 -0.12739E+03  0.67533E+03 -0.15733E+02  0.72218E+01  0.90800E+02      298.00
  0.10872E+00  0.10886E+04   -0.59750E-01 -0.59750E-01  0.11950E+00  0.00000E+00  0.00000E+00  0.00000E+00   -0.54793E+03 -0.12761E+03  0.67553E+03 -0.15928E+02  0.80261E+01  0.90751E+02      298.00
  0.10918E+00  0.10888E+04   -0.60000E-01 -0.60000E-01  0.12000E+00  0.00000E+00  0.00000E+00  0.00000E+00   -0.54791E+03 -0.12782E+03  0.67573E+03 -0.16122E+02  0.88307E+01  0.90701E+02      298.00
  0.10965E+00  0.10890E+04   -0.60250E-01 -0.60250E-01  0.12050E+00  0.00000E+00  0.00000E+00  0.00000E+00   -0.54789E+03 -0.12804E+03  0.67592E+03 -0.16316E+02  0.96356E+01  0.90650E+02      298.00
  0.11012E+00  0.10892E+04   -0.60500E-01 -0.60500E-01  0.12100E+00  0.00000E+00  0.00000E+00  0.00000E+00   -0.54787E+03 -0.12825E+03  0.67612E+03 -0.16508E+02  0.10441E+02  0.90597E+02      298.00
  0.11058E+00  0.10894E+04   -0.60750E-01 -0.60750E-01  0.12150E+00  0.00000E+00  0.00000E+00  0.00000E+00   -0.54784E+03 -0.12846E+03  0.67630E+03 -0.16699E+02  0.11246E+02  0.90544E+02      298.00
  0.11105E+00  0.10896E+04   -0.61000E-01 -0.61000E-01  0.12200E+00  0.00000E+00  0.00000E+00  0.00000E+00   -0.54781E+03 -0.12868E+03  0.67649E+03 -0.16890E+02  0.12052E+02  0.90489E+02      298.00
  0.11151E+00  0.10898E+04   -0.61250E-01 -0.61250E-01  0.12250E+00  0.00000E+00  0.00000E+00  0.00000E+00   -0.54778E+03 -0.12889E+03  0.67667E+03 -0.17080E+02  0.12858E+02  0.90433E+02      298.00
  0.11198E+00  0.10900E+04   -0.61500E-01 -0.61500E-01  0.12300E+00  0.00000E+00  0.00000E+00  0.00000E+00   -0.54775E+03 -0.12910E+03  0.67685E+03 -0.17268E+02  0.13664E+02  0.90376E+02      298.00
  0.11244E+00  0.10902E+04   -0.61750E-01 -0.61750E-01  0.12350E+00  0.00000E+00  0.00000E+00  0.00000E+00   -0.54772E+03 -0.12931E+03  0.67703E+03 -0.17456E+02  0.14470E+02  0.90317E+02      298.00
  0.11291E+00  0.10904E+04   -0.62000E-01 -0.62000E-01  0.12400E+00  0.00000E+00  0.00000E+00  0.00000E+00   -0.54768E+03 -0.12952E+03  0.67720E+03 -0.17643E+02  0.15276E+02  0.90258E+02      298.00
  0.11338E+00  0.10906E+04   -0.62250E-01 -0.62250E-01  0.12450E+00  0.00000E+00  0.00000E+00  0.00000E+00   -0.54764E+03 -0.12973E+03  0.67737E+03 -0.17829E+02  0.16083E+02  0.90198E+02      298.00
  0.11384E+00  0.10908E+04   -0.62500E-01 -0.62500E-01  0.12500E+00  0.00000E+00  0.00000E+00  0.00000E+00   -0.54760E+03 -0.12994E+03  0.67754E+03 -0.18014E+02  0.16890E+02  0.90136E+02      298.00
