          Evm          Svm            E11          E22          E33          E23          E13          E12         SDEV11       SDEV22       SDEV33       SDEV23       SDEV13       SDEV12      TEMP
  0.00000E+00  0.44782E+03    0.00000E+00  0.00000E+00  0.00000E+00  0.00000E+00  0.00000E+00  0.00000E+00   -0.83987E+02 -0.71470E+02  0.15546E+03 -0.13932E+03 -0.16251E+03 -0.53513E+02      298.00
  0.26036E-03  0.45479E+03   -0.25000E-03 -0.25000E-03  0.50000E-03  0.00000E+00  0.00000E+00  0.00000E+00   -0.85570E+02 -0.73418E+02  0.15899E+03 -0.14117E+03 -0.16497E+03 -0.52964E+02      298.00
  0.52255E-03  0.46199E+03   -0.50000E-03 -0.50000E-03  0.10000E-02  0.00000E+00  0.00000E+00  0.00000E+00   -0.86966E+02 -0.75470E+02  0.16244E+03 -0.14313E+03 -0.16755E+03 -0.52562E+02      298.00
  0.78625E-03  0.46889E+03   -0.75000E-03 -0.75000E-03  0.15000E-02  0.00000E+00  0.00000E+00  0.00000E+00   -0.88456E+02 -0.77277E+02  0.16573E+03 -0.14502E+03 -0.16997E+03 -0.52306E+02      298.00
  0.10513E-02  0.47603E+03   -0.10000E-02 -0.10000E-02  0.20000E-02  0.00000E+00  0.00000E+00  0.00000E+00   -0.90040E+02 -0.78936E+02  0.16898E+03 -0.14705E+03 -0.17248E+03 -0.52114E+02      298.00
  0.13176E-02  0.48281E+03   -0.12500E-02 -0.12500E-02  0.25000E-02  0.00000E+00  0.00000E+00  0.00000E+00   -0.91514E+02 -0.80563E+02  0.17208E+03 -0.14894E+03 -0.17484E+03 -0.52070E+02      298.00
  0.15849E-02  0.48918E+03   -0.15000E-02 -0.15000E-02  0.30000E-02  0.00000E+00  0.00000E+00  0.00000E+00   -0.92805E+02 -0.82218E+02  0.17502E+03 -0.15066E+03 -0.17704E+03 -0.52153E+02      298.00
  0.18532E-02  0.49628E+03   -0.17500E-02 -0.17500E-02  0.35000E-02  0.00000E+00  0.00000E+00  0.00000E+00   -0.94319E+02 -0.83717E+02  0.17804E+03 -0.15273E+03 -0.17956E+03 -0.52235E+02      298.00
  0.21223E-02  0.50234E+03   -0.20000E-02 -0.20000E-02  0.40000E-02  0.00000E+00  0.00000E+00  0.00000E+00   -0.95598E+02 -0.85205E+02  0.18080E+03 -0.15437E+03 -0.18162E+03 -0.52500E+02      298.00
  0.23922E-02  0.50877E+03   -0.22500E-02 -0.22500E-02  0.45000E-02  0.00000E+00  0.00000E+00  0.00000E+00   -0.96922E+02 -0.86655E+02  0.18358E+03 -0.15618E+03 -0.18386E+03 -0.52785E+02      298.00
  0.26628E-02  0.51512E+03   -0.25000E-02 -0.25000E-02  0.50000E-02  0.00000E+00  0.00000E+00  0.00000E+00   -0.98241E+02 -0.88046E+02  0.18629E+03 -0.15798E+03 -0.18606E+03 -0.53130E+02      298.00
  0.29341E-02  0.52140E+03   -0.27500E-02 -0.27500E-02  0.55000E-02  0.00000E+00  0.00000E+00  0.00000E+00   -0.99547E+02 -0.89389E+02  0.18894E+03 -0.15976E+03 -0.18824E+03 -0.53527E+02      298.00
  0.32058E-02  0.52761E+03   -0.30000E-02 -0.30000E-02  0.60000E-02  0.00000E+00  0.00000E+00  0.00000E+00   -0.10084E+03 -0.90688E+02  0.19153E+03 -0.16153E+03 -0.19039E+03 -0.53972E+02      298.00
  0.34781E-02  0.53374E+03   -0.32500E-02 -0.32500E-02  0.65000E-02  0.00000E+00  0.00000E+00  0.00000E+00   -0.10213E+03 -0.91946E+02  0.19407E+03 -0.16329E+03 -0.19251E+03 -0.54459E+02      298.00
  0.37508E-02  0.53981E+03   -0.35000E-02 -0.35000E-02  0.70000E-02  0.00000E+00  0.00000E+00  0.00000E+00   -0.10340E+03 -0.93167E+02  0.19656E+03 -0.16503E+03 -0.19460E+03 -0.54982E+02      298.00
  0.40239E-02  0.54580E+03   -0.37500E-02 -0.37500E-02  0.75000E-02  0.00000E+00  0.00000E+00  0.00000E+00   -0.10466E+03 -0.94356E+02  0.19901E+03 -0.16675E+03 -0.19667E+03 -0.55538E+02      298.00
  0.42974E-02  0.55173E+03   -0.40000E-02 -0.40000E-02  0.80000E-02  0.00000E+00  0.00000E+00  0.00000E+00   -0.10590E+03 -0.95514E+02  0.20142E+03 -0.16846E+03 -0.19871E+03 -0.56123E+02      298.00
  0.45712E-02  0.55759E+03   -0.42500E-02 -0.42500E-02  0.85000E-02  0.00000E+00  0.00000E+00  0.00000E+00   -0.10714E+03 -0.96644E+02  0.20378E+03 -0.17015E+03 -0.20073E+03 -0.56732E+02      298.00
  0.48453E-02  0.56338E+03   -0.45000E-02 -0.45000E-02  0.90000E-02  0.00000E+00  0.00000E+00  0.00000E+00   -0.10837E+03 -0.97748E+02  0.20611E+03 -0.17183E+03 -0.20272E+03 -0.57365E+02      298.00
  0.51197E-02  0.56911E+03   -0.47500E-02 -0.47500E-02  0.95000E-02  0.00000E+00  0.00000E+00  0.00000E+00   -0.10958E+03 -0.98829E+02  0.20841E+03 -0.17349E+03 -0.20468E+03 -0.58016E+02      298.00
  0.53943E-02  0.57478E+03   -0.50000E-02 -0.50000E-02  0.10000E-01  0.00000E+00  0.00000E+00  0.00000E+00   -0.11078E+03 -0.99888E+02  0.21067E+03 -0.17513E+03 -0.20662E+03 -0.58684E+02      298.00
  0.56692E-02  0.58038E+03   -0.52500E-02 -0.52500E-02  0.10500E-01  0.00000E+00  0.00000E+00  0.00000E+00   -0.11197E+03 -0.10093E+03  0.21290E+03 -0.17675E+03 -0.20854E+03 -0.59367E+02      298.00
  0.59443E-02  0.58592E+03   -0.55000E-02 -0.55000E-02  0.11000E-01  0.00000E+00  0.00000E+00  0.00000E+00   -0.11315E+03 -0.10195E+03  0.21510E+03 -0.17836E+03 -0.21044E+03 -0.60062E+02      298.00
  0.62196E-02  0.59140E+03   -0.57500E-02 -0.57500E-02  0.11500E-01  0.00000E+00  0.00000E+00  0.00000E+00   -0.11432E+03 -0.10295E+03  0.21727E+03 -0.17995E+03 -0.21231E+03 -0.60767E+02      298.00
  0.64952E-02  0.59726E+03   -0.60000E-02 -0.60000E-02  0.12000E-01  0.00000E+00  0.00000E+00  0.00000E+00   -0.11548E+03 -0.10403E+03  0.21950E+03 -0.18168E+03 -0.21437E+03 -0.61460E+02      298.00
  0.67708E-02  0.60261E+03   -0.62500E-02 -0.62500E-02  0.12500E-01  0.00000E+00  0.00000E+00  0.00000E+00   -0.11662E+03 -0.10501E+03  0.22162E+03 -0.18323E+03 -0.21619E+03 -0.62183E+02      298.00
  0.70466E-02  0.60791E+03   -0.65000E-02 -0.65000E-02  0.13000E-01  0.00000E+00  0.00000E+00  0.00000E+00   -0.11775E+03 -0.10596E+03  0.22372E+03 -0.18476E+03 -0.21799E+03 -0.62912E+02      298.00
  0.73227E-02  0.61314E+03   -0.67500E-02 -0.67500E-02  0.13500E-01  0.00000E+00  0.00000E+00  0.00000E+00   -0.11888E+03 -0.10691E+03  0.22579E+03 -0.18627E+03 -0.21976E+03 -0.63645E+02      298.00
  0.75988E-02  0.61833E+03   -0.70000E-02 -0.70000E-02  0.14000E-01  0.00000E+00  0.00000E+00  0.00000E+00   -0.12000E+03 -0.10784E+03  0.22784E+03 -0.18777E+03 -0.22152E+03 -0.64381E+02      298.00
  0.78752E-02  0.62345E+03   -0.72500E-02 -0.72500E-02  0.14500E-01  0.00000E+00  0.00000E+00  0.00000E+00   -0.12110E+03 -0.10877E+03  0.22987E+03 -0.18925E+03 -0.22325E+03 -0.65121E+02      298.00
  0.81517E-02  0.62852E+03   -0.75000E-02 -0.75000E-02  0.15000E-01  0.00000E+00  0.00000E+00  0.00000E+00   -0.12220E+03 -0.10968E+03  0.23188E+03 -0.19071E+03 -0.22496E+03 -0.65862E+02      298.00
  0.84284E-02  0.63354E+03   -0.77500E-02 -0.77500E-02  0.15500E-01  0.00000E+00  0.00000E+00  0.00000E+00   -0.12329E+03 -0.11058E+03  0.23387E+03 -0.19215E+03 -0.22665E+03 -0.66604E+02      298.00
  0.87053E-02  0.63850E+03   -0.80000E-02 -0.80000E-02  0.16000E-01  0.00000E+00  0.00000E+00  0.00000E+00   -0.12437E+03 -0.11147E+03  0.23583E+03 -0.19357E+03 -0.22832E+03 -0.67346E+02      298.00
  0.89823E-02  0.64340E+03   -0.82500E-02 -0.82500E-02  0.16500E-01  0.00000E+00  0.00000E+00  0.00000E+00   -0.12544E+03 -0.11235E+03  0.23779E+03 -0.19498E+03 -0.22997E+03 -0.68087E+02      298.00
  0.92595E-02  0.64826E+03   -0.85000E-02 -0.85000E-02  0.17000E-01  0.00000E+00  0.00000E+00  0.00000E+00   -0.12650E+03 -0.11322E+03  0.23972E+03 -0.19637E+03 -0.23160E+03 -0.68827E+02      298.00
  0.95368E-02  0.65306E+03   -0.87500E-02 -0.87500E-02  0.17500E-01  0.00000E+00  0.00000E+00  0.00000E+00   -0.12755E+03 -0.11408E+03  0.24164E+03 -0.19774E+03 -0.23321E+03 -0.69566E+02      298.00
  0.98143E-02  0.65781E+03   -0.90000E-02 -0.90000E-02  0.18000E-01  0.00000E+00  0.00000E+00  0.00000E+00   -0.12860E+03 -0.11494E+03  0.24353E+03 -0.19910E+03 -0.23479E+03 -0.70302E+02      298.00
  0.10092E-01  0.66251E+03   -0.92500E-02 -0.92500E-02  0.18500E-01  0.00000E+00  0.00000E+00  0.00000E+00   -0.12964E+03 -0.11578E+03  0.24542E+03 -0.20043E+03 -0.23636E+03 -0.71035E+02      298.00
  0.10370E-01  0.66715E+03   -0.95000E-02 -0.95000E-02  0.19000E-01  0.00000E+00  0.00000E+00  0.00000E+00   -0.13067E+03 -0.11662E+03  0.24728E+03 -0.20176E+03 -0.23790E+03 -0.71766E+02      298.00
  0.10648E-01  0.67175E+03   -0.97500E-02 -0.97500E-02  0.19500E-01  0.00000E+00  0.00000E+00  0.00000E+00   -0.13169E+03 -0.11744E+03  0.24914E+03 -0.20306E+03 -0.23943E+03 -0.72493E+02      298.00
  0.10926E-01  0.67630E+03   -0.10000E-01 -0.10000E-01  0.20000E-01  0.00000E+00  0.00000E+00  0.00000E+00   -0.13271E+03 -0.11826E+03  0.25097E+03 -0.20435E+03 -0.24093E+03 -0.73217E+02      298.00
  0.11204E-01  0.68079E+03   -0.10250E-01 -0.10250E-01  0.20500E-01  0.00000E+00  0.00000E+00  0.00000E+00   -0.13371E+03 -0.11908E+03  0.25279E+03 -0.20562E+03 -0.24242E+03 -0.73937E+02      298.00
  0.11483E-01  0.68524E+03   -0.10500E-01 -0.10500E-01  0.21000E-01  0.00000E+00  0.00000E+00  0.00000E+00   -0.13471E+03 -0.11988E+03  0.25460E+03 -0.20687E+03 -0.24388E+03 -0.74652E+02      298.00
  0.11761E-01  0.68964E+03   -0.10750E-01 -0.10750E-01  0.21500E-01  0.00000E+00  0.00000E+00  0.00000E+00   -0.13571E+03 -0.12068E+03  0.25639E+03 -0.20811E+03 -0.24533E+03 -0.75363E+02      298.00
  0.12040E-01  0.69400E+03   -0.11000E-01 -0.11000E-01  0.22000E-01  0.00000E+00  0.00000E+00  0.00000E+00   -0.13669E+03 -0.12148E+03  0.25817E+03 -0.20933E+03 -0.24676E+03 -0.76070E+02      298.00
  0.12319E-01  0.69830E+03   -0.11250E-01 -0.11250E-01  0.22500E-01  0.00000E+00  0.00000E+00  0.00000E+00   -0.13767E+03 -0.12226E+03  0.25993E+03 -0.21054E+03 -0.24817E+03 -0.76773E+02      298.00
  0.12598E-01  0.70256E+03   -0.11500E-01 -0.11500E-01  0.23000E-01  0.00000E+00  0.00000E+00  0.00000E+00   -0.13864E+03 -0.12304E+03  0.26168E+03 -0.21173E+03 -0.24956E+03 -0.77470E+02      298.00
  0.12878E-01  0.70678E+03   -0.11750E-01 -0.11750E-01  0.23500E-01  0.00000E+00  0.00000E+00  0.00000E+00   -0.13961E+03 -0.12382E+03  0.26342E+03 -0.21290E+03 -0.25094E+03 -0.78162E+02      298.00
  0.13157E-01  0.71095E+03   -0.12000E-01 -0.12000E-01  0.24000E-01  0.00000E+00  0.00000E+00  0.00000E+00   -0.14056E+03 -0.12458E+03  0.26515E+03 -0.21406E+03 -0.25229E+03 -0.78850E+02      298.00
  0.13437E-01  0.71507E+03   -0.12250E-01 -0.12250E-01  0.24500E-01  0.00000E+00  0.00000E+00  0.00000E+00   -0.14151E+03 -0.12535E+03  0.26686E+03 -0.21520E+03 -0.25363E+03 -0.79532E+02      298.00
  0.13717E-01  0.71915E+03   -0.12500E-01 -0.12500E-01  0.25000E-01  0.00000E+00  0.00000E+00  0.00000E+00   -0.14246E+03 -0.12610E+03  0.26856E+03 -0.21633E+03 -0.25495E+03 -0.80210E+02      298.00
          Evm          Svm            E11          E22          E33          E23          E13          E12         SDEV11       SDEV22       SDEV33       SDEV23       SDEV13       SDEV12      TEMP
  0.13717E-01  0.71894E+03   -0.12500E-01 -0.12500E-01  0.25000E-01  0.00000E+00  0.00000E+00  0.00000E+00   -0.14275E+03 -0.12578E+03  0.26853E+03 -0.21632E+03 -0.25477E+03 -0.80212E+02      298.00
  0.13997E-01  0.72318E+03   -0.12750E-01 -0.12750E-01  0.25500E-01  0.00000E+00  0.00000E+00  0.00000E+00   -0.14341E+03 -0.12684E+03  0.27025E+03 -0.21745E+03 -0.25625E+03 -0.80880E+02      298.00
  0.14277E-01  0.72717E+03   -0.13000E-01 -0.13000E-01  0.26000E-01  0.00000E+00  0.00000E+00  0.00000E+00   -0.14432E+03 -0.12760E+03  0.27192E+03 -0.21854E+03 -0.25754E+03 -0.81549E+02      298.00
  0.14558E-01  0.73112E+03   -0.13250E-01 -0.13250E-01  0.26500E-01  0.00000E+00  0.00000E+00  0.00000E+00   -0.14525E+03 -0.12834E+03  0.27358E+03 -0.21962E+03 -0.25881E+03 -0.82210E+02      298.00
  0.14838E-01  0.73503E+03   -0.13500E-01 -0.13500E-01  0.27000E-01  0.00000E+00  0.00000E+00  0.00000E+00   -0.14616E+03 -0.12907E+03  0.27523E+03 -0.22069E+03 -0.26006E+03 -0.82866E+02      298.00
  0.15119E-01  0.73840E+03   -0.13750E-01 -0.13750E-01  0.27500E-01  0.00000E+00  0.00000E+00  0.00000E+00   -0.14718E+03 -0.12963E+03  0.27682E+03 -0.22155E+03 -0.26099E+03 -0.83632E+02      298.00
  0.15400E-01  0.74271E+03   -0.14000E-01 -0.14000E-01  0.28000E-01  0.00000E+00  0.00000E+00  0.00000E+00   -0.14800E+03 -0.13050E+03  0.27850E+03 -0.22279E+03 -0.26250E+03 -0.84158E+02      298.00
  0.15682E-01  0.74601E+03   -0.14250E-01 -0.14250E-01  0.28500E-01  0.00000E+00  0.00000E+00  0.00000E+00   -0.14899E+03 -0.13107E+03  0.28006E+03 -0.22362E+03 -0.26342E+03 -0.84912E+02      298.00
  0.15963E-01  0.75022E+03   -0.14500E-01 -0.14500E-01  0.29000E-01  0.00000E+00  0.00000E+00  0.00000E+00   -0.14981E+03 -0.13191E+03  0.28172E+03 -0.22482E+03 -0.26488E+03 -0.85431E+02      298.00
  0.16245E-01  0.75332E+03   -0.14750E-01 -0.14750E-01  0.29500E-01  0.00000E+00  0.00000E+00  0.00000E+00   -0.15057E+03 -0.13255E+03  0.28312E+03 -0.22561E+03 -0.26585E+03 -0.85944E+02      298.00
  0.16527E-01  0.75698E+03   -0.15000E-01 -0.15000E-01  0.30000E-01  0.00000E+00  0.00000E+00  0.00000E+00   -0.15143E+03 -0.13327E+03  0.28470E+03 -0.22659E+03 -0.26702E+03 -0.86566E+02      298.00
  0.16809E-01  0.76061E+03   -0.15250E-01 -0.15250E-01  0.30500E-01  0.00000E+00  0.00000E+00  0.00000E+00   -0.15230E+03 -0.13398E+03  0.28628E+03 -0.22756E+03 -0.26816E+03 -0.87188E+02      298.00
  0.17091E-01  0.76420E+03   -0.15500E-01 -0.15500E-01  0.31000E-01  0.00000E+00  0.00000E+00  0.00000E+00   -0.15316E+03 -0.13468E+03  0.28784E+03 -0.22851E+03 -0.26929E+03 -0.87805E+02      298.00
  0.17374E-01  0.76775E+03   -0.15750E-01 -0.15750E-01  0.31500E-01  0.00000E+00  0.00000E+00  0.00000E+00   -0.15401E+03 -0.13538E+03  0.28939E+03 -0.22946E+03 -0.27040E+03 -0.88416E+02      298.00
  0.17656E-01  0.77126E+03   -0.16000E-01 -0.16000E-01  0.32000E-01  0.00000E+00  0.00000E+00  0.00000E+00   -0.15486E+03 -0.13607E+03  0.29093E+03 -0.23038E+03 -0.27149E+03 -0.89021E+02      298.00
  0.17939E-01  0.77473E+03   -0.16250E-01 -0.16250E-01  0.32500E-01  0.00000E+00  0.00000E+00  0.00000E+00   -0.15571E+03 -0.13676E+03  0.29247E+03 -0.23130E+03 -0.27257E+03 -0.89621E+02      298.00
  0.18222E-01  0.77816E+03   -0.16500E-01 -0.16500E-01  0.33000E-01  0.00000E+00  0.00000E+00  0.00000E+00   -0.15655E+03 -0.13744E+03  0.29399E+03 -0.23220E+03 -0.27364E+03 -0.90215E+02      298.00
  0.18506E-01  0.78156E+03   -0.16750E-01 -0.16750E-01  0.33500E-01  0.00000E+00  0.00000E+00  0.00000E+00   -0.15738E+03 -0.13812E+03  0.29550E+03 -0.23309E+03 -0.27469E+03 -0.90803E+02      298.00
  0.18789E-01  0.78492E+03   -0.17000E-01 -0.17000E-01  0.34000E-01  0.00000E+00  0.00000E+00  0.00000E+00   -0.15821E+03 -0.13879E+03  0.29700E+03 -0.23397E+03 -0.27572E+03 -0.91387E+02      298.00
  0.19073E-01  0.78824E+03   -0.17250E-01 -0.17250E-01  0.34500E-01  0.00000E+00  0.00000E+00  0.00000E+00   -0.15904E+03 -0.13945E+03  0.29849E+03 -0.23484E+03 -0.27674E+03 -0.91965E+02      298.00
  0.19357E-01  0.79153E+03   -0.17500E-01 -0.17500E-01  0.35000E-01  0.00000E+00  0.00000E+00  0.00000E+00   -0.15985E+03 -0.14011E+03  0.29997E+03 -0.23569E+03 -0.27774E+03 -0.92538E+02      298.00
  0.19641E-01  0.79477E+03   -0.17750E-01 -0.17750E-01  0.35500E-01  0.00000E+00  0.00000E+00  0.00000E+00   -0.16067E+03 -0.14077E+03  0.30144E+03 -0.23653E+03 -0.27874E+03 -0.93105E+02      298.00
  0.19926E-01  0.79799E+03   -0.18000E-01 -0.18000E-01  0.36000E-01  0.00000E+00  0.00000E+00  0.00000E+00   -0.16148E+03 -0.14142E+03  0.30290E+03 -0.23736E+03 -0.27971E+03 -0.93668E+02      298.00
  0.20210E-01  0.80184E+03   -0.18250E-01 -0.18250E-01  0.36500E-01  0.00000E+00  0.00000E+00  0.00000E+00   -0.16231E+03 -0.14220E+03  0.30451E+03 -0.23842E+03 -0.28097E+03 -0.94237E+02      298.00
  0.20495E-01  0.80498E+03   -0.18500E-01 -0.18500E-01  0.37000E-01  0.00000E+00  0.00000E+00  0.00000E+00   -0.16311E+03 -0.14285E+03  0.30595E+03 -0.23922E+03 -0.28192E+03 -0.94795E+02      298.00
  0.20780E-01  0.80808E+03   -0.18750E-01 -0.18750E-01  0.37500E-01  0.00000E+00  0.00000E+00  0.00000E+00   -0.16390E+03 -0.14348E+03  0.30738E+03 -0.24001E+03 -0.28285E+03 -0.95342E+02      298.00
  0.21066E-01  0.81115E+03   -0.19000E-01 -0.19000E-01  0.38000E-01  0.00000E+00  0.00000E+00  0.00000E+00   -0.16469E+03 -0.14412E+03  0.30881E+03 -0.24078E+03 -0.28376E+03 -0.95884E+02      298.00
  0.21351E-01  0.81418E+03   -0.19250E-01 -0.19250E-01  0.38500E-01  0.00000E+00  0.00000E+00  0.00000E+00   -0.16548E+03 -0.14474E+03  0.31022E+03 -0.24155E+03 -0.28467E+03 -0.96421E+02      298.00
  0.21637E-01  0.81718E+03   -0.19500E-01 -0.19500E-01  0.39000E-01  0.00000E+00  0.00000E+00  0.00000E+00   -0.16626E+03 -0.14537E+03  0.31162E+03 -0.24230E+03 -0.28556E+03 -0.96954E+02      298.00
  0.21923E-01  0.82015E+03   -0.19750E-01 -0.19750E-01  0.39500E-01  0.00000E+00  0.00000E+00  0.00000E+00   -0.16703E+03 -0.14598E+03  0.31301E+03 -0.24305E+03 -0.28644E+03 -0.97481E+02      298.00
  0.22209E-01  0.82308E+03   -0.20000E-01 -0.20000E-01  0.40000E-01  0.00000E+00  0.00000E+00  0.00000E+00   -0.16780E+03 -0.14660E+03  0.31440E+03 -0.24378E+03 -0.28730E+03 -0.98004E+02      298.00
  0.22496E-01  0.82599E+03   -0.20250E-01 -0.20250E-01  0.40500E-01  0.00000E+00  0.00000E+00  0.00000E+00   -0.16856E+03 -0.14721E+03  0.31578E+03 -0.24450E+03 -0.28816E+03 -0.98522E+02      298.00
  0.22782E-01  0.82886E+03   -0.20500E-01 -0.20500E-01  0.41000E-01  0.00000E+00  0.00000E+00  0.00000E+00   -0.16932E+03 -0.14782E+03  0.31714E+03 -0.24521E+03 -0.28899E+03 -0.99036E+02      298.00
  0.23069E-01  0.83170E+03   -0.20750E-01 -0.20750E-01  0.41500E-01  0.00000E+00  0.00000E+00  0.00000E+00   -0.17008E+03 -0.14842E+03  0.31850E+03 -0.24590E+03 -0.28982E+03 -0.99545E+02      298.00
  0.23357E-01  0.83451E+03   -0.21000E-01 -0.21000E-01  0.42000E-01  0.00000E+00  0.00000E+00  0.00000E+00   -0.17083E+03 -0.14902E+03  0.31985E+03 -0.24659E+03 -0.29064E+03 -0.10005E+03      298.00
  0.23644E-01  0.83729E+03   -0.21250E-01 -0.21250E-01  0.42500E-01  0.00000E+00  0.00000E+00  0.00000E+00   -0.17157E+03 -0.14962E+03  0.32119E+03 -0.24727E+03 -0.29144E+03 -0.10055E+03      298.00
  0.23932E-01  0.84003E+03   -0.21500E-01 -0.21500E-01  0.43000E-01  0.00000E+00  0.00000E+00  0.00000E+00   -0.17231E+03 -0.15022E+03  0.32253E+03 -0.24793E+03 -0.29223E+03 -0.10104E+03      298.00
  0.24220E-01  0.84275E+03   -0.21750E-01 -0.21750E-01  0.43500E-01  0.00000E+00  0.00000E+00  0.00000E+00   -0.17305E+03 -0.15081E+03  0.32385E+03 -0.24859E+03 -0.29301E+03 -0.10154E+03      298.00
  0.24508E-01  0.84544E+03   -0.22000E-01 -0.22000E-01  0.44000E-01  0.00000E+00  0.00000E+00  0.00000E+00   -0.17378E+03 -0.15139E+03  0.32517E+03 -0.24923E+03 -0.29378E+03 -0.10202E+03      298.00
  0.24796E-01  0.84810E+03   -0.22250E-01 -0.22250E-01  0.44500E-01  0.00000E+00  0.00000E+00  0.00000E+00   -0.17450E+03 -0.15198E+03  0.32648E+03 -0.24987E+03 -0.29453E+03 -0.10250E+03      298.00
  0.25085E-01  0.85073E+03   -0.22500E-01 -0.22500E-01  0.45000E-01  0.00000E+00  0.00000E+00  0.00000E+00   -0.17522E+03 -0.15256E+03  0.32778E+03 -0.25049E+03 -0.29527E+03 -0.10298E+03      298.00
  0.25374E-01  0.85333E+03   -0.22750E-01 -0.22750E-01  0.45500E-01  0.00000E+00  0.00000E+00  0.00000E+00   -0.17594E+03 -0.15313E+03  0.32907E+03 -0.25110E+03 -0.29601E+03 -0.10346E+03      298.00
  0.25663E-01  0.85590E+03   -0.23000E-01 -0.23000E-01  0.46000E-01  0.00000E+00  0.00000E+00  0.00000E+00   -0.17665E+03 -0.15371E+03  0.33036E+03 -0.25171E+03 -0.29673E+03 -0.10392E+03      298.00
  0.25953E-01  0.85837E+03   -0.23250E-01 -0.23250E-01  0.46500E-01  0.00000E+00  0.00000E+00  0.00000E+00   -0.17721E+03 -0.15450E+03  0.33171E+03 -0.25216E+03 -0.29734E+03 -0.10463E+03      298.00
  0.26243E-01  0.86098E+03   -0.23500E-01 -0.23500E-01  0.47000E-01  0.00000E+00  0.00000E+00  0.00000E+00   -0.17802E+03 -0.15488E+03  0.33290E+03 -0.25289E+03 -0.29815E+03 -0.10485E+03      298.00
  0.26533E-01  0.86338E+03   -0.23750E-01 -0.23750E-01  0.47500E-01  0.00000E+00  0.00000E+00  0.00000E+00   -0.17859E+03 -0.15565E+03  0.33424E+03 -0.25332E+03 -0.29874E+03 -0.10554E+03      298.00
  0.26823E-01  0.86592E+03   -0.24000E-01 -0.24000E-01  0.48000E-01  0.00000E+00  0.00000E+00  0.00000E+00   -0.17940E+03 -0.15601E+03  0.33542E+03 -0.25402E+03 -0.29952E+03 -0.10576E+03      298.00
  0.27113E-01  0.86828E+03   -0.24250E-01 -0.24250E-01  0.48500E-01  0.00000E+00  0.00000E+00  0.00000E+00   -0.17996E+03 -0.15678E+03  0.33674E+03 -0.25444E+03 -0.30009E+03 -0.10644E+03      298.00
  0.27404E-01  0.87076E+03   -0.24500E-01 -0.24500E-01  0.49000E-01  0.00000E+00  0.00000E+00  0.00000E+00   -0.18076E+03 -0.15714E+03  0.33790E+03 -0.25512E+03 -0.30084E+03 -0.10665E+03      298.00
  0.27695E-01  0.87308E+03   -0.24750E-01 -0.24750E-01  0.49500E-01  0.00000E+00  0.00000E+00  0.00000E+00   -0.18131E+03 -0.15790E+03  0.33921E+03 -0.25552E+03 -0.30140E+03 -0.10732E+03      298.00
  0.27987E-01  0.87549E+03   -0.25000E-01 -0.25000E-01  0.50000E-01  0.00000E+00  0.00000E+00  0.00000E+00   -0.18211E+03 -0.15825E+03  0.34035E+03 -0.25618E+03 -0.30212E+03 -0.10753E+03      298.00
          Evm          Svm            E11          E22          E33          E23          E13          E12         SDEV11       SDEV22       SDEV33       SDEV23       SDEV13       SDEV12      TEMP
  0.27987E-01  0.87529E+03   -0.25000E-01 -0.25000E-01  0.50000E-01  0.00000E+00  0.00000E+00  0.00000E+00   -0.18236E+03 -0.15799E+03  0.34035E+03 -0.25615E+03 -0.30194E+03 -0.10759E+03      298.00
  0.28278E-01  0.87777E+03   -0.25250E-01 -0.25250E-01  0.50500E-01  0.00000E+00  0.00000E+00  0.00000E+00   -0.18269E+03 -0.15896E+03  0.34165E+03 -0.25658E+03 -0.30265E+03 -0.10819E+03      298.00
  0.28570E-01  0.88012E+03   -0.25500E-01 -0.25500E-01  0.51000E-01  0.00000E+00  0.00000E+00  0.00000E+00   -0.18344E+03 -0.15934E+03  0.34278E+03 -0.25721E+03 -0.30336E+03 -0.10839E+03      298.00
  0.28862E-01  0.88235E+03   -0.25750E-01 -0.25750E-01  0.51500E-01  0.00000E+00  0.00000E+00  0.00000E+00   -0.18397E+03 -0.16009E+03  0.34406E+03 -0.25759E+03 -0.30389E+03 -0.10904E+03      298.00
  0.29155E-01  0.88465E+03   -0.26000E-01 -0.26000E-01  0.52000E-01  0.00000E+00  0.00000E+00  0.00000E+00   -0.18475E+03 -0.16043E+03  0.34518E+03 -0.25820E+03 -0.30456E+03 -0.10924E+03      298.00
  0.29447E-01  0.88684E+03   -0.26250E-01 -0.26250E-01  0.52500E-01  0.00000E+00  0.00000E+00  0.00000E+00   -0.18527E+03 -0.16117E+03  0.34644E+03 -0.25856E+03 -0.30507E+03 -0.10988E+03      298.00
  0.29740E-01  0.88907E+03   -0.26500E-01 -0.26500E-01  0.53000E-01  0.00000E+00  0.00000E+00  0.00000E+00   -0.18605E+03 -0.16150E+03  0.34754E+03 -0.25916E+03 -0.30572E+03 -0.11007E+03      298.00
  0.30034E-01  0.89123E+03   -0.26750E-01 -0.26750E-01  0.53500E-01  0.00000E+00  0.00000E+00  0.00000E+00   -0.18656E+03 -0.16224E+03  0.34880E+03 -0.25951E+03 -0.30622E+03 -0.11070E+03      298.00
  0.30327E-01  0.89341E+03   -0.27000E-01 -0.27000E-01  0.54000E-01  0.00000E+00  0.00000E+00  0.00000E+00   -0.18733E+03 -0.16256E+03  0.34989E+03 -0.26008E+03 -0.30684E+03 -0.11089E+03      298.00
  0.30621E-01  0.89552E+03   -0.27250E-01 -0.27250E-01  0.54500E-01  0.00000E+00  0.00000E+00  0.00000E+00   -0.18784E+03 -0.16329E+03  0.35113E+03 -0.26042E+03 -0.30732E+03 -0.11150E+03      298.00
  0.30915E-01  0.89764E+03   -0.27500E-01 -0.27500E-01  0.55000E-01  0.00000E+00  0.00000E+00  0.00000E+00   -0.18860E+03 -0.16361E+03  0.35220E+03 -0.26097E+03 -0.30792E+03 -0.11170E+03      298.00
  0.31209E-01  0.89971E+03   -0.27750E-01 -0.27750E-01  0.55500E-01  0.00000E+00  0.00000E+00  0.00000E+00   -0.18910E+03 -0.16433E+03  0.35343E+03 -0.26129E+03 -0.30839E+03 -0.11229E+03      298.00
  0.31504E-01  0.90179E+03   -0.28000E-01 -0.28000E-01  0.56000E-01  0.00000E+00  0.00000E+00  0.00000E+00   -0.18969E+03 -0.16488E+03  0.35458E+03 -0.26171E+03 -0.30892E+03 -0.11270E+03      298.00
  0.31799E-01  0.90382E+03   -0.28250E-01 -0.28250E-01  0.56500E-01  0.00000E+00  0.00000E+00  0.00000E+00   -0.19047E+03 -0.16516E+03  0.35563E+03 -0.26224E+03 -0.30948E+03 -0.11287E+03      298.00
  0.32094E-01  0.90584E+03   -0.28500E-01 -0.28500E-01  0.57000E-01  0.00000E+00  0.00000E+00  0.00000E+00   -0.19096E+03 -0.16587E+03  0.35684E+03 -0.26255E+03 -0.30993E+03 -0.11346E+03      298.00
  0.32389E-01  0.90785E+03   -0.28750E-01 -0.28750E-01  0.57500E-01  0.00000E+00  0.00000E+00  0.00000E+00   -0.19154E+03 -0.16642E+03  0.35796E+03 -0.26295E+03 -0.31043E+03 -0.11385E+03      298.00
  0.32685E-01  0.90982E+03   -0.29000E-01 -0.29000E-01  0.58000E-01  0.00000E+00  0.00000E+00  0.00000E+00   -0.19215E+03 -0.16693E+03  0.35908E+03 -0.26334E+03 -0.31092E+03 -0.11423E+03      298.00
  0.32981E-01  0.91178E+03   -0.29250E-01 -0.29250E-01  0.58500E-01  0.00000E+00  0.00000E+00  0.00000E+00   -0.19275E+03 -0.16743E+03  0.36019E+03 -0.26373E+03 -0.31139E+03 -0.11460E+03      298.00
  0.33277E-01  0.91371E+03   -0.29500E-01 -0.29500E-01  0.59000E-01  0.00000E+00  0.00000E+00  0.00000E+00   -0.19336E+03 -0.16793E+03  0.36129E+03 -0.26411E+03 -0.31186E+03 -0.11497E+03      298.00
  0.33574E-01  0.91562E+03   -0.29750E-01 -0.29750E-01  0.59500E-01  0.00000E+00  0.00000E+00  0.00000E+00   -0.19396E+03 -0.16842E+03  0.36239E+03 -0.26448E+03 -0.31232E+03 -0.11534E+03      298.00
  0.33871E-01  0.91751E+03   -0.30000E-01 -0.30000E-01  0.60000E-01  0.00000E+00  0.00000E+00  0.00000E+00   -0.19457E+03 -0.16891E+03  0.36348E+03 -0.26485E+03 -0.31276E+03 -0.11570E+03      298.00
  0.34168E-01  0.91937E+03   -0.30250E-01 -0.30250E-01  0.60500E-01  0.00000E+00  0.00000E+00  0.00000E+00   -0.19517E+03 -0.16940E+03  0.36457E+03 -0.26521E+03 -0.31320E+03 -0.11606E+03      298.00
  0.34465E-01  0.92122E+03   -0.30500E-01 -0.30500E-01  0.61000E-01  0.00000E+00  0.00000E+00  0.00000E+00   -0.19577E+03 -0.16987E+03  0.36565E+03 -0.26556E+03 -0.31363E+03 -0.11642E+03      298.00
  0.34763E-01  0.92305E+03   -0.30750E-01 -0.30750E-01  0.61500E-01  0.00000E+00  0.00000E+00  0.00000E+00   -0.19637E+03 -0.17035E+03  0.36672E+03 -0.26591E+03 -0.31405E+03 -0.11677E+03      298.00
  0.35061E-01  0.92485E+03   -0.31000E-01 -0.31000E-01  0.62000E-01  0.00000E+00  0.00000E+00  0.00000E+00   -0.19697E+03 -0.17082E+03  0.36779E+03 -0.26625E+03 -0.31447E+03 -0.11712E+03      298.00
  0.35359E-01  0.92664E+03   -0.31250E-01 -0.31250E-01  0.62500E-01  0.00000E+00  0.00000E+00  0.00000E+00   -0.19757E+03 -0.17128E+03  0.36885E+03 -0.26658E+03 -0.31487E+03 -0.11747E+03      298.00
  0.35658E-01  0.92840E+03   -0.31500E-01 -0.31500E-01  0.63000E-01  0.00000E+00  0.00000E+00  0.00000E+00   -0.19816E+03 -0.17175E+03  0.36991E+03 -0.26691E+03 -0.31527E+03 -0.11781E+03      298.00
  0.35956E-01  0.93015E+03   -0.31750E-01 -0.31750E-01  0.63500E-01  0.00000E+00  0.00000E+00  0.00000E+00   -0.19875E+03 -0.17221E+03  0.37096E+03 -0.26723E+03 -0.31566E+03 -0.11815E+03      298.00
  0.36256E-01  0.93187E+03   -0.32000E-01 -0.32000E-01  0.64000E-01  0.00000E+00  0.00000E+00  0.00000E+00   -0.19934E+03 -0.17267E+03  0.37200E+03 -0.26754E+03 -0.31604E+03 -0.11849E+03      298.00
  0.36555E-01  0.93358E+03   -0.32250E-01 -0.32250E-01  0.64500E-01  0.00000E+00  0.00000E+00  0.00000E+00   -0.19992E+03 -0.17312E+03  0.37304E+03 -0.26785E+03 -0.31641E+03 -0.11882E+03      298.00
  0.36855E-01  0.93527E+03   -0.32500E-01 -0.32500E-01  0.65000E-01  0.00000E+00  0.00000E+00  0.00000E+00   -0.20049E+03 -0.17358E+03  0.37407E+03 -0.26814E+03 -0.31678E+03 -0.11915E+03      298.00
  0.37155E-01  0.93694E+03   -0.32750E-01 -0.32750E-01  0.65500E-01  0.00000E+00  0.00000E+00  0.00000E+00   -0.20107E+03 -0.17404E+03  0.37510E+03 -0.26843E+03 -0.31713E+03 -0.11948E+03      298.00
  0.37455E-01  0.93859E+03   -0.33000E-01 -0.33000E-01  0.66000E-01  0.00000E+00  0.00000E+00  0.00000E+00   -0.20164E+03 -0.17449E+03  0.37613E+03 -0.26872E+03 -0.31749E+03 -0.11981E+03      298.00
  0.37755E-01  0.94021E+03   -0.33250E-01 -0.33250E-01  0.66500E-01  0.00000E+00  0.00000E+00  0.00000E+00   -0.20220E+03 -0.17494E+03  0.37714E+03 -0.26899E+03 -0.31783E+03 -0.12013E+03      298.00
  0.38056E-01  0.94183E+03   -0.33500E-01 -0.33500E-01  0.67000E-01  0.00000E+00  0.00000E+00  0.00000E+00   -0.20277E+03 -0.17539E+03  0.37816E+03 -0.26926E+03 -0.31816E+03 -0.12045E+03      298.00
  0.38357E-01  0.94342E+03   -0.33750E-01 -0.33750E-01  0.67500E-01  0.00000E+00  0.00000E+00  0.00000E+00   -0.20333E+03 -0.17583E+03  0.37916E+03 -0.26953E+03 -0.31849E+03 -0.12077E+03      298.00
  0.38659E-01  0.94499E+03   -0.34000E-01 -0.34000E-01  0.68000E-01  0.00000E+00  0.00000E+00  0.00000E+00   -0.20390E+03 -0.17626E+03  0.38016E+03 -0.26979E+03 -0.31881E+03 -0.12108E+03      298.00
  0.38961E-01  0.94557E+03   -0.34250E-01 -0.34250E-01  0.68500E-01  0.00000E+00  0.00000E+00  0.00000E+00   -0.20426E+03 -0.17660E+03  0.38085E+03 -0.26970E+03 -0.31876E+03 -0.12128E+03      298.00
  0.39263E-01  0.94712E+03   -0.34500E-01 -0.34500E-01  0.69000E-01  0.00000E+00  0.00000E+00  0.00000E+00   -0.20482E+03 -0.17702E+03  0.38184E+03 -0.26995E+03 -0.31907E+03 -0.12159E+03      298.00
  0.39565E-01  0.94866E+03   -0.34750E-01 -0.34750E-01  0.69500E-01  0.00000E+00  0.00000E+00  0.00000E+00   -0.20539E+03 -0.17744E+03  0.38284E+03 -0.27021E+03 -0.31937E+03 -0.12189E+03      298.00
  0.39868E-01  0.95018E+03   -0.35000E-01 -0.35000E-01  0.70000E-01  0.00000E+00  0.00000E+00  0.00000E+00   -0.20596E+03 -0.17786E+03  0.38382E+03 -0.27045E+03 -0.31966E+03 -0.12220E+03      298.00
  0.40171E-01  0.95165E+03   -0.35250E-01 -0.35250E-01  0.70500E-01  0.00000E+00  0.00000E+00  0.00000E+00   -0.20650E+03 -0.17826E+03  0.38475E+03 -0.27072E+03 -0.31998E+03 -0.12240E+03      298.00
  0.40474E-01  0.95476E+03   -0.35500E-01 -0.35500E-01  0.71000E-01  0.00000E+00  0.00000E+00  0.00000E+00   -0.20720E+03 -0.17902E+03  0.38622E+03 -0.27148E+03 -0.32092E+03 -0.12286E+03      298.00
  0.40777E-01  0.95617E+03   -0.35750E-01 -0.35750E-01  0.71500E-01  0.00000E+00  0.00000E+00  0.00000E+00   -0.20761E+03 -0.17957E+03  0.38718E+03 -0.27164E+03 -0.32120E+03 -0.12317E+03      298.00
  0.41081E-01  0.95761E+03   -0.36000E-01 -0.36000E-01  0.72000E-01  0.00000E+00  0.00000E+00  0.00000E+00   -0.20803E+03 -0.18011E+03  0.38814E+03 -0.27182E+03 -0.32149E+03 -0.12349E+03      298.00
  0.41385E-01  0.95769E+03   -0.36250E-01 -0.36250E-01  0.72500E-01  0.00000E+00  0.00000E+00  0.00000E+00   -0.20831E+03 -0.18038E+03  0.38868E+03 -0.27154E+03 -0.32124E+03 -0.12366E+03      298.00
  0.41689E-01  0.95913E+03   -0.36500E-01 -0.36500E-01  0.73000E-01  0.00000E+00  0.00000E+00  0.00000E+00   -0.20896E+03 -0.18072E+03  0.38968E+03 -0.27175E+03 -0.32145E+03 -0.12401E+03      298.00
  0.41994E-01  0.96043E+03   -0.36750E-01 -0.36750E-01  0.73500E-01  0.00000E+00  0.00000E+00  0.00000E+00   -0.20949E+03 -0.18112E+03  0.39061E+03 -0.27192E+03 -0.32165E+03 -0.12429E+03      298.00
  0.42299E-01  0.96182E+03   -0.37000E-01 -0.37000E-01  0.74000E-01  0.00000E+00  0.00000E+00  0.00000E+00   -0.21002E+03 -0.18153E+03  0.39155E+03 -0.27211E+03 -0.32189E+03 -0.12458E+03      298.00
  0.42604E-01  0.96473E+03   -0.37250E-01 -0.37250E-01  0.74500E-01  0.00000E+00  0.00000E+00  0.00000E+00   -0.21068E+03 -0.18226E+03  0.39294E+03 -0.27283E+03 -0.32278E+03 -0.12493E+03      298.00
  0.42910E-01  0.96587E+03   -0.37500E-01 -0.37500E-01  0.75000E-01  0.00000E+00  0.00000E+00  0.00000E+00   -0.21107E+03 -0.18275E+03  0.39381E+03 -0.27290E+03 -0.32295E+03 -0.12522E+03      298.00
          Evm          Svm            E11          E22          E33          E23          E13          E12         SDEV11       SDEV22       SDEV33       SDEV23       SDEV13       SDEV12      TEMP
  0.42910E-01  0.96526E+03   -0.37500E-01 -0.37500E-01  0.75000E-01  0.00000E+00  0.00000E+00  0.00000E+00   -0.21131E+03 -0.18233E+03  0.39364E+03 -0.27278E+03 -0.32261E+03 -0.12516E+03      298.00
  0.43216E-01  0.96733E+03   -0.37750E-01 -0.37750E-01  0.75500E-01  0.00000E+00  0.00000E+00  0.00000E+00   -0.21171E+03 -0.18308E+03  0.39478E+03 -0.27315E+03 -0.32319E+03 -0.12549E+03      298.00
  0.43522E-01  0.96852E+03   -0.38000E-01 -0.38000E-01  0.76000E-01  0.00000E+00  0.00000E+00  0.00000E+00   -0.21207E+03 -0.18361E+03  0.39568E+03 -0.27323E+03 -0.32339E+03 -0.12578E+03      298.00
  0.43828E-01  0.96985E+03   -0.38250E-01 -0.38250E-01  0.76500E-01  0.00000E+00  0.00000E+00  0.00000E+00   -0.21251E+03 -0.18409E+03  0.39660E+03 -0.27338E+03 -0.32362E+03 -0.12607E+03      298.00
  0.44135E-01  0.96996E+03   -0.38500E-01 -0.38500E-01  0.77000E-01  0.00000E+00  0.00000E+00  0.00000E+00   -0.21284E+03 -0.18431E+03  0.39715E+03 -0.27314E+03 -0.32338E+03 -0.12621E+03      298.00
  0.44442E-01  0.97121E+03   -0.38750E-01 -0.38750E-01  0.77500E-01  0.00000E+00  0.00000E+00  0.00000E+00   -0.21334E+03 -0.18471E+03  0.39805E+03 -0.27328E+03 -0.32357E+03 -0.12647E+03      298.00
  0.44749E-01  0.97249E+03   -0.39000E-01 -0.39000E-01  0.78000E-01  0.00000E+00  0.00000E+00  0.00000E+00   -0.21383E+03 -0.18514E+03  0.39897E+03 -0.27343E+03 -0.32377E+03 -0.12674E+03      298.00
  0.45057E-01  0.97375E+03   -0.39250E-01 -0.39250E-01  0.78500E-01  0.00000E+00  0.00000E+00  0.00000E+00   -0.21432E+03 -0.18556E+03  0.39988E+03 -0.27357E+03 -0.32397E+03 -0.12701E+03      298.00
  0.45365E-01  0.97500E+03   -0.39500E-01 -0.39500E-01  0.79000E-01  0.00000E+00  0.00000E+00  0.00000E+00   -0.21480E+03 -0.18599E+03  0.40079E+03 -0.27371E+03 -0.32416E+03 -0.12727E+03      298.00
  0.45673E-01  0.97624E+03   -0.39750E-01 -0.39750E-01  0.79500E-01  0.00000E+00  0.00000E+00  0.00000E+00   -0.21528E+03 -0.18641E+03  0.40169E+03 -0.27384E+03 -0.32435E+03 -0.12754E+03      298.00
  0.45982E-01  0.97746E+03   -0.40000E-01 -0.40000E-01  0.80000E-01  0.00000E+00  0.00000E+00  0.00000E+00   -0.21575E+03 -0.18684E+03  0.40259E+03 -0.27396E+03 -0.32453E+03 -0.12780E+03      298.00
  0.46291E-01  0.97867E+03   -0.40250E-01 -0.40250E-01  0.80500E-01  0.00000E+00  0.00000E+00  0.00000E+00   -0.21622E+03 -0.18726E+03  0.40348E+03 -0.27408E+03 -0.32470E+03 -0.12806E+03      298.00
  0.46600E-01  0.97986E+03   -0.40500E-01 -0.40500E-01  0.81000E-01  0.00000E+00  0.00000E+00  0.00000E+00   -0.21670E+03 -0.18768E+03  0.40438E+03 -0.27420E+03 -0.32487E+03 -0.12832E+03      298.00
  0.46910E-01  0.98104E+03   -0.40750E-01 -0.40750E-01  0.81500E-01  0.00000E+00  0.00000E+00  0.00000E+00   -0.21717E+03 -0.18810E+03  0.40526E+03 -0.27431E+03 -0.32504E+03 -0.12857E+03      298.00
  0.47219E-01  0.98221E+03   -0.41000E-01 -0.41000E-01  0.82000E-01  0.00000E+00  0.00000E+00  0.00000E+00   -0.21763E+03 -0.18851E+03  0.40615E+03 -0.27441E+03 -0.32520E+03 -0.12883E+03      298.00
  0.47530E-01  0.98337E+03   -0.41250E-01 -0.41250E-01  0.82500E-01  0.00000E+00  0.00000E+00  0.00000E+00   -0.21810E+03 -0.18893E+03  0.40703E+03 -0.27452E+03 -0.32535E+03 -0.12908E+03      298.00
  0.47840E-01  0.98451E+03   -0.41500E-01 -0.41500E-01  0.83000E-01  0.00000E+00  0.00000E+00  0.00000E+00   -0.21856E+03 -0.18934E+03  0.40790E+03 -0.27462E+03 -0.32550E+03 -0.12933E+03      298.00
  0.48151E-01  0.98564E+03   -0.41750E-01 -0.41750E-01  0.83500E-01  0.00000E+00  0.00000E+00  0.00000E+00   -0.21903E+03 -0.18975E+03  0.40878E+03 -0.27471E+03 -0.32564E+03 -0.12958E+03      298.00
  0.48462E-01  0.98676E+03   -0.42000E-01 -0.42000E-01  0.84000E-01  0.00000E+00  0.00000E+00  0.00000E+00   -0.21949E+03 -0.19015E+03  0.40964E+03 -0.27480E+03 -0.32577E+03 -0.12982E+03      298.00
  0.48773E-01  0.98787E+03   -0.42250E-01 -0.42250E-01  0.84500E-01  0.00000E+00  0.00000E+00  0.00000E+00   -0.21995E+03 -0.19055E+03  0.41051E+03 -0.27488E+03 -0.32590E+03 -0.13007E+03      298.00
  0.49085E-01  0.98896E+03   -0.42500E-01 -0.42500E-01  0.85000E-01  0.00000E+00  0.00000E+00  0.00000E+00   -0.22042E+03 -0.19096E+03  0.41137E+03 -0.27497E+03 -0.32603E+03 -0.13031E+03      298.00
  0.49397E-01  0.99005E+03   -0.42750E-01 -0.42750E-01  0.85500E-01  0.00000E+00  0.00000E+00  0.00000E+00   -0.22087E+03 -0.19135E+03  0.41223E+03 -0.27504E+03 -0.32615E+03 -0.13055E+03      298.00
  0.49709E-01  0.99112E+03   -0.43000E-01 -0.43000E-01  0.86000E-01  0.00000E+00  0.00000E+00  0.00000E+00   -0.22133E+03 -0.19175E+03  0.41308E+03 -0.27512E+03 -0.32626E+03 -0.13078E+03      298.00
  0.50022E-01  0.99218E+03   -0.43250E-01 -0.43250E-01  0.86500E-01  0.00000E+00  0.00000E+00  0.00000E+00   -0.22179E+03 -0.19214E+03  0.41393E+03 -0.27519E+03 -0.32637E+03 -0.13102E+03      298.00
  0.50335E-01  0.99322E+03   -0.43500E-01 -0.43500E-01  0.87000E-01  0.00000E+00  0.00000E+00  0.00000E+00   -0.22225E+03 -0.19254E+03  0.41478E+03 -0.27525E+03 -0.32648E+03 -0.13125E+03      298.00
  0.50648E-01  0.99426E+03   -0.43750E-01 -0.43750E-01  0.87500E-01  0.00000E+00  0.00000E+00  0.00000E+00   -0.22270E+03 -0.19293E+03  0.41562E+03 -0.27531E+03 -0.32658E+03 -0.13148E+03      298.00
  0.50961E-01  0.99528E+03   -0.44000E-01 -0.44000E-01  0.88000E-01  0.00000E+00  0.00000E+00  0.00000E+00   -0.22315E+03 -0.19331E+03  0.41647E+03 -0.27537E+03 -0.32667E+03 -0.13171E+03      298.00
  0.51275E-01  0.99716E+03   -0.44250E-01 -0.44250E-01  0.88500E-01  0.00000E+00  0.00000E+00  0.00000E+00   -0.22369E+03 -0.19392E+03  0.41760E+03 -0.27568E+03 -0.32708E+03 -0.13208E+03      298.00
  0.51589E-01  0.99734E+03   -0.44500E-01 -0.44500E-01  0.89000E-01  0.00000E+00  0.00000E+00  0.00000E+00   -0.22403E+03 -0.19412E+03  0.41815E+03 -0.27547E+03 -0.32687E+03 -0.13218E+03      298.00
  0.51904E-01  0.99913E+03   -0.44750E-01 -0.44750E-01  0.89500E-01  0.00000E+00  0.00000E+00  0.00000E+00   -0.22457E+03 -0.19469E+03  0.41926E+03 -0.27576E+03 -0.32724E+03 -0.13253E+03      298.00
  0.52218E-01  0.99931E+03   -0.45000E-01 -0.45000E-01  0.90000E-01  0.00000E+00  0.00000E+00  0.00000E+00   -0.22492E+03 -0.19489E+03  0.41981E+03 -0.27556E+03 -0.32703E+03 -0.13262E+03      298.00
  0.52533E-01  0.10011E+04   -0.45250E-01 -0.45250E-01  0.90500E-01  0.00000E+00  0.00000E+00  0.00000E+00   -0.22546E+03 -0.19544E+03  0.42091E+03 -0.27583E+03 -0.32737E+03 -0.13297E+03      298.00
  0.52849E-01  0.10020E+04   -0.45500E-01 -0.45500E-01  0.91000E-01  0.00000E+00  0.00000E+00  0.00000E+00   -0.22587E+03 -0.19585E+03  0.42171E+03 -0.27584E+03 -0.32743E+03 -0.13319E+03      298.00
  0.53164E-01  0.10022E+04   -0.45750E-01 -0.45750E-01  0.91500E-01  0.00000E+00  0.00000E+00  0.00000E+00   -0.22624E+03 -0.19603E+03  0.42227E+03 -0.27566E+03 -0.32723E+03 -0.13328E+03      298.00
  0.53480E-01  0.10039E+04   -0.46000E-01 -0.46000E-01  0.92000E-01  0.00000E+00  0.00000E+00  0.00000E+00   -0.22678E+03 -0.19657E+03  0.42335E+03 -0.27591E+03 -0.32755E+03 -0.13362E+03      298.00
  0.53797E-01  0.10048E+04   -0.46250E-01 -0.46250E-01  0.92500E-01  0.00000E+00  0.00000E+00  0.00000E+00   -0.22719E+03 -0.19696E+03  0.42415E+03 -0.27591E+03 -0.32759E+03 -0.13383E+03      298.00
  0.54113E-01  0.10057E+04   -0.46500E-01 -0.46500E-01  0.93000E-01  0.00000E+00  0.00000E+00  0.00000E+00   -0.22761E+03 -0.19734E+03  0.42496E+03 -0.27592E+03 -0.32764E+03 -0.13405E+03      298.00
  0.54430E-01  0.10066E+04   -0.46750E-01 -0.46750E-01  0.93500E-01  0.00000E+00  0.00000E+00  0.00000E+00   -0.22804E+03 -0.19771E+03  0.42576E+03 -0.27593E+03 -0.32768E+03 -0.13426E+03      298.00
  0.54748E-01  0.10074E+04   -0.47000E-01 -0.47000E-01  0.94000E-01  0.00000E+00  0.00000E+00  0.00000E+00   -0.22848E+03 -0.19808E+03  0.42656E+03 -0.27594E+03 -0.32772E+03 -0.13447E+03      298.00
  0.55065E-01  0.10083E+04   -0.47250E-01 -0.47250E-01  0.94500E-01  0.00000E+00  0.00000E+00  0.00000E+00   -0.22891E+03 -0.19845E+03  0.42735E+03 -0.27595E+03 -0.32775E+03 -0.13467E+03      298.00
  0.55383E-01  0.10092E+04   -0.47500E-01 -0.47500E-01  0.95000E-01  0.00000E+00  0.00000E+00  0.00000E+00   -0.22934E+03 -0.19881E+03  0.42815E+03 -0.27595E+03 -0.32778E+03 -0.13488E+03      298.00
  0.55701E-01  0.10101E+04   -0.47750E-01 -0.47750E-01  0.95500E-01  0.00000E+00  0.00000E+00  0.00000E+00   -0.22977E+03 -0.19917E+03  0.42894E+03 -0.27594E+03 -0.32780E+03 -0.13508E+03      298.00
  0.56020E-01  0.10109E+04   -0.48000E-01 -0.48000E-01  0.96000E-01  0.00000E+00  0.00000E+00  0.00000E+00   -0.23019E+03 -0.19953E+03  0.42973E+03 -0.27594E+03 -0.32782E+03 -0.13528E+03      298.00
  0.56338E-01  0.10117E+04   -0.48250E-01 -0.48250E-01  0.96500E-01  0.00000E+00  0.00000E+00  0.00000E+00   -0.23062E+03 -0.19989E+03  0.43051E+03 -0.27593E+03 -0.32783E+03 -0.13548E+03      298.00
  0.56658E-01  0.10126E+04   -0.48500E-01 -0.48500E-01  0.97000E-01  0.00000E+00  0.00000E+00  0.00000E+00   -0.23104E+03 -0.20025E+03  0.43129E+03 -0.27592E+03 -0.32784E+03 -0.13568E+03      298.00
  0.56977E-01  0.10134E+04   -0.48750E-01 -0.48750E-01  0.97500E-01  0.00000E+00  0.00000E+00  0.00000E+00   -0.23147E+03 -0.20061E+03  0.43207E+03 -0.27590E+03 -0.32785E+03 -0.13588E+03      298.00
  0.57297E-01  0.10142E+04   -0.49000E-01 -0.49000E-01  0.98000E-01  0.00000E+00  0.00000E+00  0.00000E+00   -0.23189E+03 -0.20097E+03  0.43285E+03 -0.27588E+03 -0.32786E+03 -0.13608E+03      298.00
  0.57617E-01  0.10150E+04   -0.49250E-01 -0.49250E-01  0.98500E-01  0.00000E+00  0.00000E+00  0.00000E+00   -0.23230E+03 -0.20132E+03  0.43363E+03 -0.27586E+03 -0.32786E+03 -0.13627E+03      298.00
  0.57937E-01  0.10158E+04   -0.49500E-01 -0.49500E-01  0.99000E-01  0.00000E+00  0.00000E+00  0.00000E+00   -0.23272E+03 -0.20168E+03  0.43440E+03 -0.27583E+03 -0.32785E+03 -0.13646E+03      298.00
  0.58258E-01  0.10166E+04   -0.49750E-01 -0.49750E-01  0.99500E-01  0.00000E+00  0.00000E+00  0.00000E+00   -0.23314E+03 -0.20203E+03  0.43517E+03 -0.27580E+03 -0.32785E+03 -0.13665E+03      298.00
  0.58579E-01  0.10174E+04   -0.50000E-01 -0.50000E-01  0.10000E+00  0.00000E+00  0.00000E+00  0.00000E+00   -0.23355E+03 -0.20238E+03  0.43593E+03 -0.27577E+03 -0.32784E+03 -0.13685E+03      298.00
          Evm          Svm            E11          E22          E33          E23          E13          E12         SDEV11       SDEV22       SDEV33       SDEV23       SDEV13       SDEV12      TEMP
  0.58579E-01  0.10171E+04   -0.50000E-01 -0.50000E-01  0.10000E+00  0.00000E+00  0.00000E+00  0.00000E+00   -0.23386E+03 -0.20199E+03  0.43584E+03 -0.27581E+03 -0.32763E+03 -0.13679E+03      298.00
  0.58900E-01  0.10182E+04   -0.50250E-01 -0.50250E-01  0.10050E+00  0.00000E+00  0.00000E+00  0.00000E+00   -0.23412E+03 -0.20259E+03  0.43671E+03 -0.27579E+03 -0.32779E+03 -0.13702E+03      298.00
  0.59222E-01  0.10195E+04   -0.50500E-01 -0.50500E-01  0.10100E+00  0.00000E+00  0.00000E+00  0.00000E+00   -0.23450E+03 -0.20317E+03  0.43767E+03 -0.27586E+03 -0.32796E+03 -0.13733E+03      298.00
  0.59544E-01  0.10197E+04   -0.50750E-01 -0.50750E-01  0.10150E+00  0.00000E+00  0.00000E+00  0.00000E+00   -0.23478E+03 -0.20344E+03  0.43822E+03 -0.27566E+03 -0.32779E+03 -0.13741E+03      298.00
  0.59866E-01  0.10204E+04   -0.51000E-01 -0.51000E-01  0.10200E+00  0.00000E+00  0.00000E+00  0.00000E+00   -0.23519E+03 -0.20379E+03  0.43897E+03 -0.27561E+03 -0.32776E+03 -0.13759E+03      298.00
  0.60189E-01  0.10212E+04   -0.51250E-01 -0.51250E-01  0.10250E+00  0.00000E+00  0.00000E+00  0.00000E+00   -0.23559E+03 -0.20413E+03  0.43973E+03 -0.27556E+03 -0.32773E+03 -0.13778E+03      298.00
  0.60512E-01  0.10219E+04   -0.51500E-01 -0.51500E-01  0.10300E+00  0.00000E+00  0.00000E+00  0.00000E+00   -0.23600E+03 -0.20448E+03  0.44048E+03 -0.27551E+03 -0.32770E+03 -0.13796E+03      298.00
  0.60835E-01  0.10231E+04   -0.51750E-01 -0.51750E-01  0.10350E+00  0.00000E+00  0.00000E+00  0.00000E+00   -0.23646E+03 -0.20497E+03  0.44143E+03 -0.27559E+03 -0.32783E+03 -0.13826E+03      298.00
  0.61159E-01  0.10233E+04   -0.52000E-01 -0.52000E-01  0.10400E+00  0.00000E+00  0.00000E+00  0.00000E+00   -0.23677E+03 -0.20521E+03  0.44198E+03 -0.27539E+03 -0.32764E+03 -0.13833E+03      298.00
  0.61483E-01  0.10245E+04   -0.52250E-01 -0.52250E-01  0.10450E+00  0.00000E+00  0.00000E+00  0.00000E+00   -0.23725E+03 -0.20567E+03  0.44292E+03 -0.27546E+03 -0.32774E+03 -0.13862E+03      298.00
  0.61807E-01  0.10248E+04   -0.52500E-01 -0.52500E-01  0.10500E+00  0.00000E+00  0.00000E+00  0.00000E+00   -0.23756E+03 -0.20590E+03  0.44346E+03 -0.27527E+03 -0.32755E+03 -0.13868E+03      298.00
  0.62132E-01  0.10259E+04   -0.52750E-01 -0.52750E-01  0.10550E+00  0.00000E+00  0.00000E+00  0.00000E+00   -0.23804E+03 -0.20635E+03  0.44439E+03 -0.27533E+03 -0.32764E+03 -0.13898E+03      298.00
  0.62457E-01  0.10266E+04   -0.53000E-01 -0.53000E-01  0.10600E+00  0.00000E+00  0.00000E+00  0.00000E+00   -0.23842E+03 -0.20673E+03  0.44514E+03 -0.27526E+03 -0.32761E+03 -0.13916E+03      298.00
  0.62782E-01  0.10273E+04   -0.53250E-01 -0.53250E-01  0.10650E+00  0.00000E+00  0.00000E+00  0.00000E+00   -0.23880E+03 -0.20708E+03  0.44587E+03 -0.27518E+03 -0.32755E+03 -0.13933E+03      298.00
  0.63107E-01  0.10280E+04   -0.53500E-01 -0.53500E-01  0.10700E+00  0.00000E+00  0.00000E+00  0.00000E+00   -0.23919E+03 -0.20742E+03  0.44660E+03 -0.27511E+03 -0.32749E+03 -0.13950E+03      298.00
  0.63433E-01  0.10286E+04   -0.53750E-01 -0.53750E-01  0.10750E+00  0.00000E+00  0.00000E+00  0.00000E+00   -0.23958E+03 -0.20776E+03  0.44733E+03 -0.27503E+03 -0.32742E+03 -0.13968E+03      298.00
  0.63759E-01  0.10293E+04   -0.54000E-01 -0.54000E-01  0.10800E+00  0.00000E+00  0.00000E+00  0.00000E+00   -0.23997E+03 -0.20809E+03  0.44806E+03 -0.27495E+03 -0.32735E+03 -0.13985E+03      298.00
  0.64086E-01  0.10299E+04   -0.54250E-01 -0.54250E-01  0.10850E+00  0.00000E+00  0.00000E+00  0.00000E+00   -0.24036E+03 -0.20842E+03  0.44878E+03 -0.27486E+03 -0.32728E+03 -0.14001E+03      298.00
  0.64413E-01  0.10306E+04   -0.54500E-01 -0.54500E-01  0.10900E+00  0.00000E+00  0.00000E+00  0.00000E+00   -0.24075E+03 -0.20875E+03  0.44950E+03 -0.27478E+03 -0.32721E+03 -0.14018E+03      298.00
  0.64740E-01  0.10312E+04   -0.54750E-01 -0.54750E-01  0.10950E+00  0.00000E+00  0.00000E+00  0.00000E+00   -0.24114E+03 -0.20908E+03  0.45022E+03 -0.27469E+03 -0.32713E+03 -0.14035E+03      298.00
  0.65067E-01  0.10318E+04   -0.55000E-01 -0.55000E-01  0.11000E+00  0.00000E+00  0.00000E+00  0.00000E+00   -0.24153E+03 -0.20941E+03  0.45094E+03 -0.27460E+03 -0.32705E+03 -0.14051E+03      298.00
  0.65395E-01  0.10324E+04   -0.55250E-01 -0.55250E-01  0.11050E+00  0.00000E+00  0.00000E+00  0.00000E+00   -0.24192E+03 -0.20974E+03  0.45166E+03 -0.27450E+03 -0.32696E+03 -0.14067E+03      298.00
  0.65723E-01  0.10330E+04   -0.55500E-01 -0.55500E-01  0.11100E+00  0.00000E+00  0.00000E+00  0.00000E+00   -0.24231E+03 -0.21006E+03  0.45237E+03 -0.27441E+03 -0.32687E+03 -0.14084E+03      298.00
  0.66051E-01  0.10336E+04   -0.55750E-01 -0.55750E-01  0.11150E+00  0.00000E+00  0.00000E+00  0.00000E+00   -0.24269E+03 -0.21039E+03  0.45308E+03 -0.27431E+03 -0.32678E+03 -0.14100E+03      298.00
  0.66380E-01  0.10342E+04   -0.56000E-01 -0.56000E-01  0.11200E+00  0.00000E+00  0.00000E+00  0.00000E+00   -0.24308E+03 -0.21071E+03  0.45379E+03 -0.27421E+03 -0.32669E+03 -0.14116E+03      298.00
  0.66709E-01  0.10348E+04   -0.56250E-01 -0.56250E-01  0.11250E+00  0.00000E+00  0.00000E+00  0.00000E+00   -0.24346E+03 -0.21104E+03  0.45450E+03 -0.27410E+03 -0.32659E+03 -0.14132E+03      298.00
  0.67039E-01  0.10354E+04   -0.56500E-01 -0.56500E-01  0.11300E+00  0.00000E+00  0.00000E+00  0.00000E+00   -0.24384E+03 -0.21136E+03  0.45520E+03 -0.27400E+03 -0.32650E+03 -0.14148E+03      298.00
  0.67368E-01  0.10360E+04   -0.56750E-01 -0.56750E-01  0.11350E+00  0.00000E+00  0.00000E+00  0.00000E+00   -0.24422E+03 -0.21169E+03  0.45591E+03 -0.27389E+03 -0.32639E+03 -0.14163E+03      298.00
  0.67698E-01  0.10366E+04   -0.57000E-01 -0.57000E-01  0.11400E+00  0.00000E+00  0.00000E+00  0.00000E+00   -0.24460E+03 -0.21201E+03  0.45661E+03 -0.27378E+03 -0.32629E+03 -0.14179E+03      298.00
  0.68029E-01  0.10371E+04   -0.57250E-01 -0.57250E-01  0.11450E+00  0.00000E+00  0.00000E+00  0.00000E+00   -0.24497E+03 -0.21233E+03  0.45731E+03 -0.27366E+03 -0.32618E+03 -0.14194E+03      298.00
  0.68360E-01  0.10377E+04   -0.57500E-01 -0.57500E-01  0.11500E+00  0.00000E+00  0.00000E+00  0.00000E+00   -0.24535E+03 -0.21266E+03  0.45801E+03 -0.27355E+03 -0.32607E+03 -0.14210E+03      298.00
  0.68691E-01  0.10383E+04   -0.57750E-01 -0.57750E-01  0.11550E+00  0.00000E+00  0.00000E+00  0.00000E+00   -0.24572E+03 -0.21298E+03  0.45870E+03 -0.27343E+03 -0.32596E+03 -0.14225E+03      298.00
  0.69022E-01  0.10388E+04   -0.58000E-01 -0.58000E-01  0.11600E+00  0.00000E+00  0.00000E+00  0.00000E+00   -0.24610E+03 -0.21330E+03  0.45940E+03 -0.27331E+03 -0.32585E+03 -0.14240E+03      298.00
  0.69354E-01  0.10393E+04   -0.58250E-01 -0.58250E-01  0.11650E+00  0.00000E+00  0.00000E+00  0.00000E+00   -0.24647E+03 -0.21362E+03  0.46009E+03 -0.27318E+03 -0.32573E+03 -0.14255E+03      298.00
  0.69686E-01  0.10399E+04   -0.58500E-01 -0.58500E-01  0.11700E+00  0.00000E+00  0.00000E+00  0.00000E+00   -0.24684E+03 -0.21394E+03  0.46078E+03 -0.27306E+03 -0.32561E+03 -0.14270E+03      298.00
  0.70018E-01  0.10404E+04   -0.58750E-01 -0.58750E-01  0.11750E+00  0.00000E+00  0.00000E+00  0.00000E+00   -0.24721E+03 -0.21426E+03  0.46147E+03 -0.27293E+03 -0.32549E+03 -0.14285E+03      298.00
  0.70351E-01  0.10409E+04   -0.59000E-01 -0.59000E-01  0.11800E+00  0.00000E+00  0.00000E+00  0.00000E+00   -0.24758E+03 -0.21458E+03  0.46215E+03 -0.27280E+03 -0.32536E+03 -0.14300E+03      298.00
  0.70684E-01  0.10415E+04   -0.59250E-01 -0.59250E-01  0.11850E+00  0.00000E+00  0.00000E+00  0.00000E+00   -0.24794E+03 -0.21490E+03  0.46284E+03 -0.27267E+03 -0.32523E+03 -0.14315E+03      298.00
  0.71017E-01  0.10420E+04   -0.59500E-01 -0.59500E-01  0.11900E+00  0.00000E+00  0.00000E+00  0.00000E+00   -0.24831E+03 -0.21521E+03  0.46352E+03 -0.27253E+03 -0.32510E+03 -0.14330E+03      298.00
  0.71350E-01  0.10425E+04   -0.59750E-01 -0.59750E-01  0.11950E+00  0.00000E+00  0.00000E+00  0.00000E+00   -0.24867E+03 -0.21553E+03  0.46420E+03 -0.27240E+03 -0.32497E+03 -0.14344E+03      298.00
  0.71684E-01  0.10430E+04   -0.60000E-01 -0.60000E-01  0.12000E+00  0.00000E+00  0.00000E+00  0.00000E+00   -0.24904E+03 -0.21585E+03  0.46488E+03 -0.27226E+03 -0.32483E+03 -0.14359E+03      298.00
  0.72019E-01  0.10435E+04   -0.60250E-01 -0.60250E-01  0.12050E+00  0.00000E+00  0.00000E+00  0.00000E+00   -0.24940E+03 -0.21617E+03  0.46556E+03 -0.27212E+03 -0.32470E+03 -0.14373E+03      298.00
  0.72353E-01  0.10440E+04   -0.60500E-01 -0.60500E-01  0.12100E+00  0.00000E+00  0.00000E+00  0.00000E+00   -0.24976E+03 -0.21648E+03  0.46624E+03 -0.27197E+03 -0.32456E+03 -0.14387E+03      298.00
  0.72688E-01  0.10445E+04   -0.60750E-01 -0.60750E-01  0.12150E+00  0.00000E+00  0.00000E+00  0.00000E+00   -0.25012E+03 -0.21680E+03  0.46691E+03 -0.27183E+03 -0.32441E+03 -0.14402E+03      298.00
  0.73024E-01  0.10450E+04   -0.61000E-01 -0.61000E-01  0.12200E+00  0.00000E+00  0.00000E+00  0.00000E+00   -0.25048E+03 -0.21711E+03  0.46759E+03 -0.27168E+03 -0.32427E+03 -0.14416E+03      298.00
  0.73359E-01  0.10455E+04   -0.61250E-01 -0.61250E-01  0.12250E+00  0.00000E+00  0.00000E+00  0.00000E+00   -0.25083E+03 -0.21743E+03  0.46826E+03 -0.27153E+03 -0.32412E+03 -0.14430E+03      298.00
  0.73695E-01  0.10459E+04   -0.61500E-01 -0.61500E-01  0.12300E+00  0.00000E+00  0.00000E+00  0.00000E+00   -0.25119E+03 -0.21774E+03  0.46893E+03 -0.27138E+03 -0.32397E+03 -0.14444E+03      298.00
  0.74031E-01  0.10464E+04   -0.61750E-01 -0.61750E-01  0.12350E+00  0.00000E+00  0.00000E+00  0.00000E+00   -0.25154E+03 -0.21806E+03  0.46960E+03 -0.27123E+03 -0.32382E+03 -0.14458E+03      298.00
  0.74368E-01  0.10469E+04   -0.62000E-01 -0.62000E-01  0.12400E+00  0.00000E+00  0.00000E+00  0.00000E+00   -0.25190E+03 -0.21837E+03  0.47027E+03 -0.27107E+03 -0.32367E+03 -0.14471E+03      298.00
  0.74705E-01  0.10474E+04   -0.62250E-01 -0.62250E-01  0.12450E+00  0.00000E+00  0.00000E+00  0.00000E+00   -0.25225E+03 -0.21868E+03  0.47093E+03 -0.27091E+03 -0.32351E+03 -0.14485E+03      298.00
  0.75042E-01  0.10478E+04   -0.62500E-01 -0.62500E-01  0.12500E+00  0.00000E+00  0.00000E+00  0.00000E+00   -0.25260E+03 -0.21900E+03  0.47160E+03 -0.27075E+03 -0.32335E+03 -0.14499E+03      298.00
