          Evm          Svm            E11          E22          E33          E23          E13          E12         SDEV11       SDEV22       SDEV33       SDEV23       SDEV13       SDEV12      TEMP
  0.00000E+00  0.45538E+03    0.00000E+00  0.00000E+00  0.00000E+00  0.00000E+00  0.00000E+00  0.00000E+00   -0.11658E+03 -0.11939E+03  0.23597E+03  0.80684E+02 -0.11313E+03  0.89736E+02      298.00
  0.38864E-03  0.46367E+03   -0.25000E-03 -0.25000E-03  0.50000E-03  0.00000E+00  0.00000E+00  0.00000E+00   -0.11966E+03 -0.12104E+03  0.24070E+03  0.79952E+02 -0.11737E+03  0.89680E+02      298.00
  0.77798E-03  0.47182E+03   -0.50000E-03 -0.50000E-03  0.10000E-02  0.00000E+00  0.00000E+00  0.00000E+00   -0.12249E+03 -0.12277E+03  0.24526E+03  0.79622E+02 -0.12120E+03  0.89793E+02      298.00
  0.11678E-02  0.47982E+03   -0.75000E-03 -0.75000E-03  0.15000E-02  0.00000E+00  0.00000E+00  0.00000E+00   -0.12512E+03 -0.12453E+03  0.24965E+03  0.79600E+02 -0.12471E+03  0.90052E+02      298.00
  0.15581E-02  0.48769E+03   -0.10000E-02 -0.10000E-02  0.20000E-02  0.00000E+00  0.00000E+00  0.00000E+00   -0.12761E+03 -0.12630E+03  0.25391E+03  0.79779E+02 -0.12800E+03  0.90436E+02      298.00
  0.19485E-02  0.49541E+03   -0.12500E-02 -0.12500E-02  0.25000E-02  0.00000E+00  0.00000E+00  0.00000E+00   -0.13002E+03 -0.12802E+03  0.25803E+03  0.80056E+02 -0.13114E+03  0.90915E+02      298.00
  0.23392E-02  0.50300E+03   -0.15000E-02 -0.15000E-02  0.30000E-02  0.00000E+00  0.00000E+00  0.00000E+00   -0.13228E+03 -0.12976E+03  0.26204E+03  0.80535E+02 -0.13408E+03  0.91494E+02      298.00
  0.27299E-02  0.51045E+03   -0.17500E-02 -0.17500E-02  0.35000E-02  0.00000E+00  0.00000E+00  0.00000E+00   -0.13443E+03 -0.13152E+03  0.26595E+03  0.81184E+02 -0.13682E+03  0.92156E+02      298.00
  0.31207E-02  0.51778E+03   -0.20000E-02 -0.20000E-02  0.40000E-02  0.00000E+00  0.00000E+00  0.00000E+00   -0.13651E+03 -0.13324E+03  0.26975E+03  0.81882E+02 -0.13948E+03  0.92882E+02      298.00
  0.35114E-02  0.52498E+03   -0.22500E-02 -0.22500E-02  0.45000E-02  0.00000E+00  0.00000E+00  0.00000E+00   -0.13850E+03 -0.13497E+03  0.27346E+03  0.82706E+02 -0.14199E+03  0.93667E+02      298.00
  0.39021E-02  0.53207E+03   -0.25000E-02 -0.25000E-02  0.50000E-02  0.00000E+00  0.00000E+00  0.00000E+00   -0.14044E+03 -0.13666E+03  0.27710E+03  0.83547E+02 -0.14445E+03  0.94497E+02      298.00
  0.42927E-02  0.53904E+03   -0.27500E-02 -0.27500E-02  0.55000E-02  0.00000E+00  0.00000E+00  0.00000E+00   -0.14230E+03 -0.13834E+03  0.28064E+03  0.84480E+02 -0.14679E+03  0.95371E+02      298.00
  0.46831E-02  0.54589E+03   -0.30000E-02 -0.30000E-02  0.60000E-02  0.00000E+00  0.00000E+00  0.00000E+00   -0.14409E+03 -0.14002E+03  0.28411E+03  0.85491E+02 -0.14904E+03  0.96282E+02      298.00
  0.50735E-02  0.55264E+03   -0.32500E-02 -0.32500E-02  0.65000E-02  0.00000E+00  0.00000E+00  0.00000E+00   -0.14581E+03 -0.14169E+03  0.28750E+03  0.86553E+02 -0.15120E+03  0.97222E+02      298.00
  0.54637E-02  0.55928E+03   -0.35000E-02 -0.35000E-02  0.70000E-02  0.00000E+00  0.00000E+00  0.00000E+00   -0.14749E+03 -0.14334E+03  0.29083E+03  0.87653E+02 -0.15330E+03  0.98184E+02      298.00
  0.58537E-02  0.56582E+03   -0.37500E-02 -0.37500E-02  0.75000E-02  0.00000E+00  0.00000E+00  0.00000E+00   -0.14912E+03 -0.14497E+03  0.29409E+03  0.88783E+02 -0.15534E+03  0.99163E+02      298.00
  0.62435E-02  0.57226E+03   -0.40000E-02 -0.40000E-02  0.80000E-02  0.00000E+00  0.00000E+00  0.00000E+00   -0.15070E+03 -0.14659E+03  0.29729E+03  0.89938E+02 -0.15732E+03  0.10016E+03      298.00
  0.66331E-02  0.57861E+03   -0.42500E-02 -0.42500E-02  0.85000E-02  0.00000E+00  0.00000E+00  0.00000E+00   -0.15225E+03 -0.14818E+03  0.30043E+03  0.91113E+02 -0.15926E+03  0.10116E+03      298.00
  0.70225E-02  0.58447E+03   -0.45000E-02 -0.45000E-02  0.90000E-02  0.00000E+00  0.00000E+00  0.00000E+00   -0.15370E+03 -0.14972E+03  0.30342E+03  0.92104E+02 -0.16100E+03  0.10204E+03      298.00
  0.74119E-02  0.59063E+03   -0.47500E-02 -0.47500E-02  0.95000E-02  0.00000E+00  0.00000E+00  0.00000E+00   -0.15516E+03 -0.15128E+03  0.30644E+03  0.93320E+02 -0.16284E+03  0.10305E+03      298.00
  0.78010E-02  0.59671E+03   -0.50000E-02 -0.50000E-02  0.10000E-01  0.00000E+00  0.00000E+00  0.00000E+00   -0.15659E+03 -0.15282E+03  0.30941E+03  0.94546E+02 -0.16465E+03  0.10407E+03      298.00
  0.81899E-02  0.60273E+03   -0.52500E-02 -0.52500E-02  0.10500E-01  0.00000E+00  0.00000E+00  0.00000E+00   -0.15805E+03 -0.15429E+03  0.31233E+03  0.95697E+02 -0.16651E+03  0.10509E+03      298.00
  0.85786E-02  0.60902E+03   -0.55000E-02 -0.55000E-02  0.11000E-01  0.00000E+00  0.00000E+00  0.00000E+00   -0.15942E+03 -0.15589E+03  0.31531E+03  0.97169E+02 -0.16834E+03  0.10623E+03      298.00
  0.89669E-02  0.61483E+03   -0.57500E-02 -0.57500E-02  0.11500E-01  0.00000E+00  0.00000E+00  0.00000E+00   -0.16076E+03 -0.15737E+03  0.31812E+03  0.98395E+02 -0.17005E+03  0.10724E+03      298.00
  0.93549E-02  0.62056E+03   -0.60000E-02 -0.60000E-02  0.12000E-01  0.00000E+00  0.00000E+00  0.00000E+00   -0.16207E+03 -0.15882E+03  0.32089E+03  0.99624E+02 -0.17174E+03  0.10824E+03      298.00
  0.97428E-02  0.62621E+03   -0.62500E-02 -0.62500E-02  0.12500E-01  0.00000E+00  0.00000E+00  0.00000E+00   -0.16335E+03 -0.16026E+03  0.32361E+03  0.10086E+03 -0.17339E+03  0.10924E+03      298.00
  0.10130E-01  0.63177E+03   -0.65000E-02 -0.65000E-02  0.13000E-01  0.00000E+00  0.00000E+00  0.00000E+00   -0.16460E+03 -0.16168E+03  0.32628E+03  0.10209E+03 -0.17501E+03  0.11022E+03      298.00
  0.10518E-01  0.63726E+03   -0.67500E-02 -0.67500E-02  0.13500E-01  0.00000E+00  0.00000E+00  0.00000E+00   -0.16583E+03 -0.16307E+03  0.32890E+03  0.10332E+03 -0.17662E+03  0.11120E+03      298.00
  0.10905E-01  0.64268E+03   -0.70000E-02 -0.70000E-02  0.14000E-01  0.00000E+00  0.00000E+00  0.00000E+00   -0.16703E+03 -0.16445E+03  0.33149E+03  0.10455E+03 -0.17819E+03  0.11217E+03      298.00
  0.11292E-01  0.64802E+03   -0.72500E-02 -0.72500E-02  0.14500E-01  0.00000E+00  0.00000E+00  0.00000E+00   -0.16821E+03 -0.16581E+03  0.33403E+03  0.10577E+03 -0.17975E+03  0.11312E+03      298.00
  0.11678E-01  0.65329E+03   -0.75000E-02 -0.75000E-02  0.15000E-01  0.00000E+00  0.00000E+00  0.00000E+00   -0.16937E+03 -0.16715E+03  0.33652E+03  0.10699E+03 -0.18129E+03  0.11407E+03      298.00
  0.12065E-01  0.65848E+03   -0.77500E-02 -0.77500E-02  0.15500E-01  0.00000E+00  0.00000E+00  0.00000E+00   -0.17051E+03 -0.16847E+03  0.33898E+03  0.10820E+03 -0.18280E+03  0.11500E+03      298.00
  0.12451E-01  0.66360E+03   -0.80000E-02 -0.80000E-02  0.16000E-01  0.00000E+00  0.00000E+00  0.00000E+00   -0.17162E+03 -0.16978E+03  0.34140E+03  0.10941E+03 -0.18430E+03  0.11592E+03      298.00
  0.12836E-01  0.66866E+03   -0.82500E-02 -0.82500E-02  0.16500E-01  0.00000E+00  0.00000E+00  0.00000E+00   -0.17271E+03 -0.17106E+03  0.34377E+03  0.11061E+03 -0.18578E+03  0.11683E+03      298.00
  0.13222E-01  0.67364E+03   -0.85000E-02 -0.85000E-02  0.17000E-01  0.00000E+00  0.00000E+00  0.00000E+00   -0.17379E+03 -0.17233E+03  0.34611E+03  0.11180E+03 -0.18724E+03  0.11773E+03      298.00
  0.13607E-01  0.67855E+03   -0.87500E-02 -0.87500E-02  0.17500E-01  0.00000E+00  0.00000E+00  0.00000E+00   -0.17484E+03 -0.17357E+03  0.34841E+03  0.11299E+03 -0.18868E+03  0.11861E+03      298.00
  0.13993E-01  0.68340E+03   -0.90000E-02 -0.90000E-02  0.18000E-01  0.00000E+00  0.00000E+00  0.00000E+00   -0.17587E+03 -0.17480E+03  0.35067E+03  0.11417E+03 -0.19011E+03  0.11948E+03      298.00
  0.14377E-01  0.68818E+03   -0.92500E-02 -0.92500E-02  0.18500E-01  0.00000E+00  0.00000E+00  0.00000E+00   -0.17689E+03 -0.17601E+03  0.35290E+03  0.11533E+03 -0.19152E+03  0.12033E+03      298.00
  0.14762E-01  0.69290E+03   -0.95000E-02 -0.95000E-02  0.19000E-01  0.00000E+00  0.00000E+00  0.00000E+00   -0.17788E+03 -0.17721E+03  0.35509E+03  0.11649E+03 -0.19292E+03  0.12117E+03      298.00
  0.15146E-01  0.69755E+03   -0.97500E-02 -0.97500E-02  0.19500E-01  0.00000E+00  0.00000E+00  0.00000E+00   -0.17886E+03 -0.17838E+03  0.35724E+03  0.11764E+03 -0.19430E+03  0.12200E+03      298.00
  0.15530E-01  0.70214E+03   -0.10000E-01 -0.10000E-01  0.20000E-01  0.00000E+00  0.00000E+00  0.00000E+00   -0.17982E+03 -0.17954E+03  0.35936E+03  0.11878E+03 -0.19567E+03  0.12281E+03      298.00
  0.15914E-01  0.70667E+03   -0.10250E-01 -0.10250E-01  0.20500E-01  0.00000E+00  0.00000E+00  0.00000E+00   -0.18076E+03 -0.18068E+03  0.36144E+03  0.11991E+03 -0.19703E+03  0.12361E+03      298.00
  0.16298E-01  0.71113E+03   -0.10500E-01 -0.10500E-01  0.21000E-01  0.00000E+00  0.00000E+00  0.00000E+00   -0.18169E+03 -0.18180E+03  0.36349E+03  0.12103E+03 -0.19837E+03  0.12440E+03      298.00
  0.16681E-01  0.71553E+03   -0.10750E-01 -0.10750E-01  0.21500E-01  0.00000E+00  0.00000E+00  0.00000E+00   -0.18260E+03 -0.18291E+03  0.36551E+03  0.12214E+03 -0.19970E+03  0.12517E+03      298.00
  0.17064E-01  0.71987E+03   -0.11000E-01 -0.11000E-01  0.22000E-01  0.00000E+00  0.00000E+00  0.00000E+00   -0.18349E+03 -0.18400E+03  0.36749E+03  0.12324E+03 -0.20101E+03  0.12592E+03      298.00
  0.17447E-01  0.72416E+03   -0.11250E-01 -0.11250E-01  0.22500E-01  0.00000E+00  0.00000E+00  0.00000E+00   -0.18437E+03 -0.18507E+03  0.36944E+03  0.12433E+03 -0.20232E+03  0.12667E+03      298.00
  0.17830E-01  0.72838E+03   -0.11500E-01 -0.11500E-01  0.23000E-01  0.00000E+00  0.00000E+00  0.00000E+00   -0.18523E+03 -0.18613E+03  0.37136E+03  0.12541E+03 -0.20361E+03  0.12740E+03      298.00
  0.18212E-01  0.73255E+03   -0.11750E-01 -0.11750E-01  0.23500E-01  0.00000E+00  0.00000E+00  0.00000E+00   -0.18608E+03 -0.18717E+03  0.37325E+03  0.12648E+03 -0.20489E+03  0.12811E+03      298.00
  0.18594E-01  0.73666E+03   -0.12000E-01 -0.12000E-01  0.24000E-01  0.00000E+00  0.00000E+00  0.00000E+00   -0.18691E+03 -0.18820E+03  0.37511E+03  0.12754E+03 -0.20615E+03  0.12881E+03      298.00
  0.18976E-01  0.74071E+03   -0.12250E-01 -0.12250E-01  0.24500E-01  0.00000E+00  0.00000E+00  0.00000E+00   -0.18773E+03 -0.18921E+03  0.37693E+03  0.12859E+03 -0.20741E+03  0.12950E+03      298.00
  0.19358E-01  0.74471E+03   -0.12500E-01 -0.12500E-01  0.25000E-01  0.00000E+00  0.00000E+00  0.00000E+00   -0.18853E+03 -0.19020E+03  0.37873E+03  0.12962E+03 -0.20866E+03  0.13017E+03      298.00
          Evm          Svm            E11          E22          E33          E23          E13          E12         SDEV11       SDEV22       SDEV33       SDEV23       SDEV13       SDEV12      TEMP
  0.19358E-01  0.74479E+03   -0.12500E-01 -0.12500E-01  0.25000E-01  0.00000E+00  0.00000E+00  0.00000E+00   -0.18856E+03 -0.19017E+03  0.37873E+03  0.12965E+03 -0.20872E+03  0.13020E+03      298.00
  0.19739E-01  0.74865E+03   -0.12750E-01 -0.12750E-01  0.25500E-01  0.00000E+00  0.00000E+00  0.00000E+00   -0.18931E+03 -0.19118E+03  0.38050E+03  0.13065E+03 -0.20989E+03  0.13084E+03      298.00
  0.20121E-01  0.75254E+03   -0.13000E-01 -0.13000E-01  0.26000E-01  0.00000E+00  0.00000E+00  0.00000E+00   -0.19009E+03 -0.19215E+03  0.38223E+03  0.13167E+03 -0.21111E+03  0.13148E+03      298.00
  0.20501E-01  0.75637E+03   -0.13250E-01 -0.13250E-01  0.26500E-01  0.00000E+00  0.00000E+00  0.00000E+00   -0.19085E+03 -0.19310E+03  0.38394E+03  0.13268E+03 -0.21233E+03  0.13212E+03      298.00
  0.20882E-01  0.76016E+03   -0.13500E-01 -0.13500E-01  0.27000E-01  0.00000E+00  0.00000E+00  0.00000E+00   -0.19159E+03 -0.19403E+03  0.38562E+03  0.13367E+03 -0.21353E+03  0.13274E+03      298.00
  0.21263E-01  0.76389E+03   -0.13750E-01 -0.13750E-01  0.27500E-01  0.00000E+00  0.00000E+00  0.00000E+00   -0.19232E+03 -0.19495E+03  0.38727E+03  0.13466E+03 -0.21472E+03  0.13335E+03      298.00
  0.21643E-01  0.76756E+03   -0.14000E-01 -0.14000E-01  0.28000E-01  0.00000E+00  0.00000E+00  0.00000E+00   -0.19304E+03 -0.19586E+03  0.38890E+03  0.13563E+03 -0.21590E+03  0.13394E+03      298.00
  0.22023E-01  0.77119E+03   -0.14250E-01 -0.14250E-01  0.28500E-01  0.00000E+00  0.00000E+00  0.00000E+00   -0.19375E+03 -0.19675E+03  0.39050E+03  0.13660E+03 -0.21707E+03  0.13452E+03      298.00
  0.22403E-01  0.77477E+03   -0.14500E-01 -0.14500E-01  0.29000E-01  0.00000E+00  0.00000E+00  0.00000E+00   -0.19444E+03 -0.19763E+03  0.39207E+03  0.13755E+03 -0.21824E+03  0.13509E+03      298.00
  0.22782E-01  0.77830E+03   -0.14750E-01 -0.14750E-01  0.29500E-01  0.00000E+00  0.00000E+00  0.00000E+00   -0.19512E+03 -0.19849E+03  0.39361E+03  0.13850E+03 -0.21939E+03  0.13565E+03      298.00
  0.23161E-01  0.78178E+03   -0.15000E-01 -0.15000E-01  0.30000E-01  0.00000E+00  0.00000E+00  0.00000E+00   -0.19579E+03 -0.19934E+03  0.39513E+03  0.13943E+03 -0.22053E+03  0.13620E+03      298.00
  0.23541E-01  0.78521E+03   -0.15250E-01 -0.15250E-01  0.30500E-01  0.00000E+00  0.00000E+00  0.00000E+00   -0.19645E+03 -0.20018E+03  0.39662E+03  0.14036E+03 -0.22167E+03  0.13673E+03      298.00
  0.23919E-01  0.78859E+03   -0.15500E-01 -0.15500E-01  0.31000E-01  0.00000E+00  0.00000E+00  0.00000E+00   -0.19709E+03 -0.20100E+03  0.39809E+03  0.14127E+03 -0.22279E+03  0.13725E+03      298.00
  0.24298E-01  0.79193E+03   -0.15750E-01 -0.15750E-01  0.31500E-01  0.00000E+00  0.00000E+00  0.00000E+00   -0.19772E+03 -0.20181E+03  0.39953E+03  0.14218E+03 -0.22390E+03  0.13776E+03      298.00
  0.24676E-01  0.79522E+03   -0.16000E-01 -0.16000E-01  0.32000E-01  0.00000E+00  0.00000E+00  0.00000E+00   -0.19834E+03 -0.20261E+03  0.40095E+03  0.14307E+03 -0.22501E+03  0.13826E+03      298.00
  0.25055E-01  0.79799E+03   -0.16250E-01 -0.16250E-01  0.32500E-01  0.00000E+00  0.00000E+00  0.00000E+00   -0.19889E+03 -0.20335E+03  0.40224E+03  0.14379E+03 -0.22589E+03  0.13861E+03      298.00
  0.25433E-01  0.80124E+03   -0.16500E-01 -0.16500E-01  0.33000E-01  0.00000E+00  0.00000E+00  0.00000E+00   -0.19949E+03 -0.20412E+03  0.40362E+03  0.14469E+03 -0.22700E+03  0.13910E+03      298.00
  0.25810E-01  0.80441E+03   -0.16750E-01 -0.16750E-01  0.33500E-01  0.00000E+00  0.00000E+00  0.00000E+00   -0.20009E+03 -0.20488E+03  0.40497E+03  0.14555E+03 -0.22809E+03  0.13957E+03      298.00
  0.26188E-01  0.80753E+03   -0.17000E-01 -0.17000E-01  0.34000E-01  0.00000E+00  0.00000E+00  0.00000E+00   -0.20067E+03 -0.20563E+03  0.40629E+03  0.14640E+03 -0.22917E+03  0.14002E+03      298.00
  0.26565E-01  0.81062E+03   -0.17250E-01 -0.17250E-01  0.34500E-01  0.00000E+00  0.00000E+00  0.00000E+00   -0.20123E+03 -0.20636E+03  0.40760E+03  0.14725E+03 -0.23024E+03  0.14047E+03      298.00
  0.26942E-01  0.81365E+03   -0.17500E-01 -0.17500E-01  0.35000E-01  0.00000E+00  0.00000E+00  0.00000E+00   -0.20179E+03 -0.20708E+03  0.40888E+03  0.14809E+03 -0.23131E+03  0.14090E+03      298.00
  0.27319E-01  0.81665E+03   -0.17750E-01 -0.17750E-01  0.35500E-01  0.00000E+00  0.00000E+00  0.00000E+00   -0.20234E+03 -0.20779E+03  0.41013E+03  0.14891E+03 -0.23236E+03  0.14133E+03      298.00
  0.27696E-01  0.81960E+03   -0.18000E-01 -0.18000E-01  0.36000E-01  0.00000E+00  0.00000E+00  0.00000E+00   -0.20288E+03 -0.20849E+03  0.41137E+03  0.14973E+03 -0.23341E+03  0.14174E+03      298.00
  0.28072E-01  0.82251E+03   -0.18250E-01 -0.18250E-01  0.36500E-01  0.00000E+00  0.00000E+00  0.00000E+00   -0.20341E+03 -0.20918E+03  0.41259E+03  0.15054E+03 -0.23444E+03  0.14214E+03      298.00
  0.28449E-01  0.82538E+03   -0.18500E-01 -0.18500E-01  0.37000E-01  0.00000E+00  0.00000E+00  0.00000E+00   -0.20392E+03 -0.20986E+03  0.41378E+03  0.15134E+03 -0.23547E+03  0.14253E+03      298.00
  0.28825E-01  0.82822E+03   -0.18750E-01 -0.18750E-01  0.37500E-01  0.00000E+00  0.00000E+00  0.00000E+00   -0.20443E+03 -0.21052E+03  0.41495E+03  0.15213E+03 -0.23649E+03  0.14291E+03      298.00
  0.29200E-01  0.83122E+03   -0.19000E-01 -0.19000E-01  0.38000E-01  0.00000E+00  0.00000E+00  0.00000E+00   -0.20494E+03 -0.21131E+03  0.41624E+03  0.15298E+03 -0.23753E+03  0.14331E+03      298.00
  0.29576E-01  0.83371E+03   -0.19250E-01 -0.19250E-01  0.38500E-01  0.00000E+00  0.00000E+00  0.00000E+00   -0.20540E+03 -0.21182E+03  0.41723E+03  0.15368E+03 -0.23848E+03  0.14364E+03      298.00
  0.29951E-01  0.83667E+03   -0.19500E-01 -0.19500E-01  0.39000E-01  0.00000E+00  0.00000E+00  0.00000E+00   -0.20589E+03 -0.21258E+03  0.41848E+03  0.15452E+03 -0.23951E+03  0.14402E+03      298.00
  0.30326E-01  0.83910E+03   -0.19750E-01 -0.19750E-01  0.39500E-01  0.00000E+00  0.00000E+00  0.00000E+00   -0.20635E+03 -0.21308E+03  0.41943E+03  0.15521E+03 -0.24047E+03  0.14433E+03      298.00
  0.30701E-01  0.84195E+03   -0.20000E-01 -0.20000E-01  0.40000E-01  0.00000E+00  0.00000E+00  0.00000E+00   -0.20681E+03 -0.21382E+03  0.42063E+03  0.15603E+03 -0.24146E+03  0.14469E+03      298.00
  0.31076E-01  0.84451E+03   -0.20250E-01 -0.20250E-01  0.40500E-01  0.00000E+00  0.00000E+00  0.00000E+00   -0.20725E+03 -0.21442E+03  0.42168E+03  0.15676E+03 -0.24241E+03  0.14500E+03      298.00
  0.31450E-01  0.84706E+03   -0.20500E-01 -0.20500E-01  0.41000E-01  0.00000E+00  0.00000E+00  0.00000E+00   -0.20769E+03 -0.21502E+03  0.42271E+03  0.15749E+03 -0.24337E+03  0.14531E+03      298.00
  0.31825E-01  0.84957E+03   -0.20750E-01 -0.20750E-01  0.41500E-01  0.00000E+00  0.00000E+00  0.00000E+00   -0.20812E+03 -0.21560E+03  0.42372E+03  0.15821E+03 -0.24432E+03  0.14561E+03      298.00
  0.32199E-01  0.85206E+03   -0.21000E-01 -0.21000E-01  0.42000E-01  0.00000E+00  0.00000E+00  0.00000E+00   -0.20854E+03 -0.21617E+03  0.42471E+03  0.15893E+03 -0.24526E+03  0.14591E+03      298.00
  0.32573E-01  0.85450E+03   -0.21250E-01 -0.21250E-01  0.42500E-01  0.00000E+00  0.00000E+00  0.00000E+00   -0.20895E+03 -0.21674E+03  0.42569E+03  0.15964E+03 -0.24620E+03  0.14619E+03      298.00
  0.32946E-01  0.85692E+03   -0.21500E-01 -0.21500E-01  0.43000E-01  0.00000E+00  0.00000E+00  0.00000E+00   -0.20935E+03 -0.21729E+03  0.42664E+03  0.16034E+03 -0.24712E+03  0.14647E+03      298.00
  0.33320E-01  0.85929E+03   -0.21750E-01 -0.21750E-01  0.43500E-01  0.00000E+00  0.00000E+00  0.00000E+00   -0.20975E+03 -0.21784E+03  0.42758E+03  0.16104E+03 -0.24805E+03  0.14674E+03      298.00
  0.33693E-01  0.86164E+03   -0.22000E-01 -0.22000E-01  0.44000E-01  0.00000E+00  0.00000E+00  0.00000E+00   -0.21013E+03 -0.21837E+03  0.42850E+03  0.16173E+03 -0.24896E+03  0.14700E+03      298.00
  0.34066E-01  0.86395E+03   -0.22250E-01 -0.22250E-01  0.44500E-01  0.00000E+00  0.00000E+00  0.00000E+00   -0.21051E+03 -0.21890E+03  0.42941E+03  0.16240E+03 -0.24987E+03  0.14725E+03      298.00
  0.34439E-01  0.86624E+03   -0.22500E-01 -0.22500E-01  0.45000E-01  0.00000E+00  0.00000E+00  0.00000E+00   -0.21088E+03 -0.21942E+03  0.43030E+03  0.16307E+03 -0.25077E+03  0.14750E+03      298.00
  0.34811E-01  0.86848E+03   -0.22750E-01 -0.22750E-01  0.45500E-01  0.00000E+00  0.00000E+00  0.00000E+00   -0.21124E+03 -0.21992E+03  0.43117E+03  0.16374E+03 -0.25167E+03  0.14773E+03      298.00
  0.35184E-01  0.87070E+03   -0.23000E-01 -0.23000E-01  0.46000E-01  0.00000E+00  0.00000E+00  0.00000E+00   -0.21160E+03 -0.22042E+03  0.43202E+03  0.16439E+03 -0.25256E+03  0.14796E+03      298.00
  0.35556E-01  0.87289E+03   -0.23250E-01 -0.23250E-01  0.46500E-01  0.00000E+00  0.00000E+00  0.00000E+00   -0.21195E+03 -0.22092E+03  0.43286E+03  0.16504E+03 -0.25344E+03  0.14818E+03      298.00
  0.35928E-01  0.87504E+03   -0.23500E-01 -0.23500E-01  0.47000E-01  0.00000E+00  0.00000E+00  0.00000E+00   -0.21229E+03 -0.22140E+03  0.43369E+03  0.16568E+03 -0.25432E+03  0.14839E+03      298.00
  0.36299E-01  0.87717E+03   -0.23750E-01 -0.23750E-01  0.47500E-01  0.00000E+00  0.00000E+00  0.00000E+00   -0.21262E+03 -0.22187E+03  0.43449E+03  0.16632E+03 -0.25519E+03  0.14860E+03      298.00
  0.36671E-01  0.87926E+03   -0.24000E-01 -0.24000E-01  0.48000E-01  0.00000E+00  0.00000E+00  0.00000E+00   -0.21295E+03 -0.22234E+03  0.43528E+03  0.16694E+03 -0.25605E+03  0.14880E+03      298.00
  0.37042E-01  0.88132E+03   -0.24250E-01 -0.24250E-01  0.48500E-01  0.00000E+00  0.00000E+00  0.00000E+00   -0.21327E+03 -0.22279E+03  0.43606E+03  0.16756E+03 -0.25691E+03  0.14899E+03      298.00
  0.37413E-01  0.88336E+03   -0.24500E-01 -0.24500E-01  0.49000E-01  0.00000E+00  0.00000E+00  0.00000E+00   -0.21358E+03 -0.22324E+03  0.43682E+03  0.16817E+03 -0.25776E+03  0.14917E+03      298.00
  0.37784E-01  0.88536E+03   -0.24750E-01 -0.24750E-01  0.49500E-01  0.00000E+00  0.00000E+00  0.00000E+00   -0.21388E+03 -0.22368E+03  0.43757E+03  0.16878E+03 -0.25861E+03  0.14934E+03      298.00
  0.38155E-01  0.88734E+03   -0.25000E-01 -0.25000E-01  0.50000E-01  0.00000E+00  0.00000E+00  0.00000E+00   -0.21418E+03 -0.22412E+03  0.43830E+03  0.16938E+03 -0.25945E+03  0.14951E+03      298.00
          Evm          Svm            E11          E22          E33          E23          E13          E12         SDEV11       SDEV22       SDEV33       SDEV23       SDEV13       SDEV12      TEMP
  0.38155E-01  0.88763E+03   -0.25000E-01 -0.25000E-01  0.50000E-01  0.00000E+00  0.00000E+00  0.00000E+00   -0.21416E+03 -0.22410E+03  0.43826E+03  0.16957E+03 -0.25960E+03  0.14968E+03      298.00
  0.38525E-01  0.88931E+03   -0.25250E-01 -0.25250E-01  0.50500E-01  0.00000E+00  0.00000E+00  0.00000E+00   -0.21448E+03 -0.22454E+03  0.43902E+03  0.16997E+03 -0.26029E+03  0.14968E+03      298.00
  0.38895E-01  0.89121E+03   -0.25500E-01 -0.25500E-01  0.51000E-01  0.00000E+00  0.00000E+00  0.00000E+00   -0.21476E+03 -0.22496E+03  0.43972E+03  0.17055E+03 -0.26111E+03  0.14983E+03      298.00
  0.39265E-01  0.89310E+03   -0.25750E-01 -0.25750E-01  0.51500E-01  0.00000E+00  0.00000E+00  0.00000E+00   -0.21504E+03 -0.22537E+03  0.44041E+03  0.17113E+03 -0.26193E+03  0.14997E+03      298.00
  0.39635E-01  0.89496E+03   -0.26000E-01 -0.26000E-01  0.52000E-01  0.00000E+00  0.00000E+00  0.00000E+00   -0.21531E+03 -0.22577E+03  0.44108E+03  0.17170E+03 -0.26274E+03  0.15012E+03      298.00
  0.40005E-01  0.89680E+03   -0.26250E-01 -0.26250E-01  0.52500E-01  0.00000E+00  0.00000E+00  0.00000E+00   -0.21557E+03 -0.22617E+03  0.44174E+03  0.17226E+03 -0.26355E+03  0.15025E+03      298.00
  0.40374E-01  0.89861E+03   -0.26500E-01 -0.26500E-01  0.53000E-01  0.00000E+00  0.00000E+00  0.00000E+00   -0.21583E+03 -0.22656E+03  0.44239E+03  0.17282E+03 -0.26435E+03  0.15038E+03      298.00
  0.40743E-01  0.90040E+03   -0.26750E-01 -0.26750E-01  0.53500E-01  0.00000E+00  0.00000E+00  0.00000E+00   -0.21609E+03 -0.22694E+03  0.44302E+03  0.17337E+03 -0.26515E+03  0.15050E+03      298.00
  0.41112E-01  0.90216E+03   -0.27000E-01 -0.27000E-01  0.54000E-01  0.00000E+00  0.00000E+00  0.00000E+00   -0.21633E+03 -0.22731E+03  0.44364E+03  0.17391E+03 -0.26594E+03  0.15061E+03      298.00
  0.41481E-01  0.90389E+03   -0.27250E-01 -0.27250E-01  0.54500E-01  0.00000E+00  0.00000E+00  0.00000E+00   -0.21657E+03 -0.22768E+03  0.44425E+03  0.17445E+03 -0.26672E+03  0.15072E+03      298.00
  0.41850E-01  0.90560E+03   -0.27500E-01 -0.27500E-01  0.55000E-01  0.00000E+00  0.00000E+00  0.00000E+00   -0.21681E+03 -0.22804E+03  0.44485E+03  0.17498E+03 -0.26750E+03  0.15082E+03      298.00
  0.42218E-01  0.90729E+03   -0.27750E-01 -0.27750E-01  0.55500E-01  0.00000E+00  0.00000E+00  0.00000E+00   -0.21704E+03 -0.22839E+03  0.44543E+03  0.17551E+03 -0.26828E+03  0.15092E+03      298.00
  0.42587E-01  0.90895E+03   -0.28000E-01 -0.28000E-01  0.56000E-01  0.00000E+00  0.00000E+00  0.00000E+00   -0.21726E+03 -0.22874E+03  0.44600E+03  0.17603E+03 -0.26905E+03  0.15101E+03      298.00
  0.42955E-01  0.91058E+03   -0.28250E-01 -0.28250E-01  0.56500E-01  0.00000E+00  0.00000E+00  0.00000E+00   -0.21748E+03 -0.22908E+03  0.44656E+03  0.17654E+03 -0.26981E+03  0.15109E+03      298.00
  0.43322E-01  0.91219E+03   -0.28500E-01 -0.28500E-01  0.57000E-01  0.00000E+00  0.00000E+00  0.00000E+00   -0.21769E+03 -0.22941E+03  0.44710E+03  0.17705E+03 -0.27057E+03  0.15117E+03      298.00
  0.43690E-01  0.91378E+03   -0.28750E-01 -0.28750E-01  0.57500E-01  0.00000E+00  0.00000E+00  0.00000E+00   -0.21790E+03 -0.22974E+03  0.44764E+03  0.17755E+03 -0.27132E+03  0.15124E+03      298.00
  0.44057E-01  0.91535E+03   -0.29000E-01 -0.29000E-01  0.58000E-01  0.00000E+00  0.00000E+00  0.00000E+00   -0.21810E+03 -0.23006E+03  0.44816E+03  0.17805E+03 -0.27207E+03  0.15131E+03      298.00
  0.44425E-01  0.91689E+03   -0.29250E-01 -0.29250E-01  0.58500E-01  0.00000E+00  0.00000E+00  0.00000E+00   -0.21829E+03 -0.23038E+03  0.44867E+03  0.17854E+03 -0.27281E+03  0.15137E+03      298.00
  0.44792E-01  0.91841E+03   -0.29500E-01 -0.29500E-01  0.59000E-01  0.00000E+00  0.00000E+00  0.00000E+00   -0.21849E+03 -0.23069E+03  0.44917E+03  0.17902E+03 -0.27354E+03  0.15143E+03      298.00
  0.45158E-01  0.91991E+03   -0.29750E-01 -0.29750E-01  0.59500E-01  0.00000E+00  0.00000E+00  0.00000E+00   -0.21867E+03 -0.23099E+03  0.44966E+03  0.17950E+03 -0.27428E+03  0.15148E+03      298.00
  0.45525E-01  0.92139E+03   -0.30000E-01 -0.30000E-01  0.60000E-01  0.00000E+00  0.00000E+00  0.00000E+00   -0.21885E+03 -0.23129E+03  0.45014E+03  0.17997E+03 -0.27500E+03  0.15152E+03      298.00
  0.45891E-01  0.92284E+03   -0.30250E-01 -0.30250E-01  0.60500E-01  0.00000E+00  0.00000E+00  0.00000E+00   -0.21903E+03 -0.23158E+03  0.45061E+03  0.18044E+03 -0.27573E+03  0.15156E+03      298.00
  0.46258E-01  0.92428E+03   -0.30500E-01 -0.30500E-01  0.61000E-01  0.00000E+00  0.00000E+00  0.00000E+00   -0.21920E+03 -0.23187E+03  0.45107E+03  0.18090E+03 -0.27644E+03  0.15160E+03      298.00
  0.46624E-01  0.92569E+03   -0.30750E-01 -0.30750E-01  0.61500E-01  0.00000E+00  0.00000E+00  0.00000E+00   -0.21936E+03 -0.23215E+03  0.45151E+03  0.18135E+03 -0.27716E+03  0.15163E+03      298.00
  0.46989E-01  0.92696E+03   -0.31000E-01 -0.31000E-01  0.62000E-01  0.00000E+00  0.00000E+00  0.00000E+00   -0.21961E+03 -0.23223E+03  0.45184E+03  0.18154E+03 -0.27803E+03  0.15167E+03      298.00
  0.47355E-01  0.92842E+03   -0.31250E-01 -0.31250E-01  0.62500E-01  0.00000E+00  0.00000E+00  0.00000E+00   -0.21979E+03 -0.23250E+03  0.45228E+03  0.18199E+03 -0.27879E+03  0.15171E+03      298.00
  0.47720E-01  0.92978E+03   -0.31500E-01 -0.31500E-01  0.63000E-01  0.00000E+00  0.00000E+00  0.00000E+00   -0.21994E+03 -0.23276E+03  0.45270E+03  0.18243E+03 -0.27949E+03  0.15172E+03      298.00
  0.48086E-01  0.93112E+03   -0.31750E-01 -0.31750E-01  0.63500E-01  0.00000E+00  0.00000E+00  0.00000E+00   -0.22009E+03 -0.23302E+03  0.45311E+03  0.18286E+03 -0.28019E+03  0.15173E+03      298.00
  0.48451E-01  0.93244E+03   -0.32000E-01 -0.32000E-01  0.64000E-01  0.00000E+00  0.00000E+00  0.00000E+00   -0.22024E+03 -0.23327E+03  0.45351E+03  0.18329E+03 -0.28089E+03  0.15174E+03      298.00
  0.48815E-01  0.93375E+03   -0.32250E-01 -0.32250E-01  0.64500E-01  0.00000E+00  0.00000E+00  0.00000E+00   -0.22038E+03 -0.23352E+03  0.45390E+03  0.18372E+03 -0.28158E+03  0.15174E+03      298.00
  0.49180E-01  0.93503E+03   -0.32500E-01 -0.32500E-01  0.65000E-01  0.00000E+00  0.00000E+00  0.00000E+00   -0.22052E+03 -0.23376E+03  0.45428E+03  0.18414E+03 -0.28227E+03  0.15174E+03      298.00
  0.49544E-01  0.93630E+03   -0.32750E-01 -0.32750E-01  0.65500E-01  0.00000E+00  0.00000E+00  0.00000E+00   -0.22065E+03 -0.23400E+03  0.45465E+03  0.18455E+03 -0.28295E+03  0.15173E+03      298.00
  0.49908E-01  0.93754E+03   -0.33000E-01 -0.33000E-01  0.66000E-01  0.00000E+00  0.00000E+00  0.00000E+00   -0.22078E+03 -0.23423E+03  0.45501E+03  0.18496E+03 -0.28363E+03  0.15172E+03      298.00
  0.50272E-01  0.93877E+03   -0.33250E-01 -0.33250E-01  0.66500E-01  0.00000E+00  0.00000E+00  0.00000E+00   -0.22090E+03 -0.23446E+03  0.45536E+03  0.18536E+03 -0.28430E+03  0.15170E+03      298.00
  0.50636E-01  0.93998E+03   -0.33500E-01 -0.33500E-01  0.67000E-01  0.00000E+00  0.00000E+00  0.00000E+00   -0.22102E+03 -0.23469E+03  0.45571E+03  0.18576E+03 -0.28497E+03  0.15168E+03      298.00
  0.51000E-01  0.94117E+03   -0.33750E-01 -0.33750E-01  0.67500E-01  0.00000E+00  0.00000E+00  0.00000E+00   -0.22114E+03 -0.23490E+03  0.45604E+03  0.18616E+03 -0.28563E+03  0.15166E+03      298.00
  0.51363E-01  0.94234E+03   -0.34000E-01 -0.34000E-01  0.68000E-01  0.00000E+00  0.00000E+00  0.00000E+00   -0.22125E+03 -0.23512E+03  0.45637E+03  0.18655E+03 -0.28629E+03  0.15163E+03      298.00
  0.51726E-01  0.94350E+03   -0.34250E-01 -0.34250E-01  0.68500E-01  0.00000E+00  0.00000E+00  0.00000E+00   -0.22136E+03 -0.23532E+03  0.45668E+03  0.18693E+03 -0.28694E+03  0.15159E+03      298.00
  0.52090E-01  0.94463E+03   -0.34500E-01 -0.34500E-01  0.69000E-01  0.00000E+00  0.00000E+00  0.00000E+00   -0.22146E+03 -0.23553E+03  0.45699E+03  0.18731E+03 -0.28759E+03  0.15156E+03      298.00
  0.52452E-01  0.94575E+03   -0.34750E-01 -0.34750E-01  0.69500E-01  0.00000E+00  0.00000E+00  0.00000E+00   -0.22156E+03 -0.23573E+03  0.45729E+03  0.18768E+03 -0.28824E+03  0.15151E+03      298.00
  0.52815E-01  0.94686E+03   -0.35000E-01 -0.35000E-01  0.70000E-01  0.00000E+00  0.00000E+00  0.00000E+00   -0.22166E+03 -0.23592E+03  0.45758E+03  0.18805E+03 -0.28888E+03  0.15147E+03      298.00
  0.53177E-01  0.94794E+03   -0.35250E-01 -0.35250E-01  0.70500E-01  0.00000E+00  0.00000E+00  0.00000E+00   -0.22175E+03 -0.23611E+03  0.45787E+03  0.18842E+03 -0.28952E+03  0.15142E+03      298.00
  0.53540E-01  0.94901E+03   -0.35500E-01 -0.35500E-01  0.71000E-01  0.00000E+00  0.00000E+00  0.00000E+00   -0.22184E+03 -0.23630E+03  0.45814E+03  0.18878E+03 -0.29015E+03  0.15136E+03      298.00
  0.53902E-01  0.95007E+03   -0.35750E-01 -0.35750E-01  0.71500E-01  0.00000E+00  0.00000E+00  0.00000E+00   -0.22193E+03 -0.23648E+03  0.45841E+03  0.18913E+03 -0.29078E+03  0.15130E+03      298.00
  0.54264E-01  0.95110E+03   -0.36000E-01 -0.36000E-01  0.72000E-01  0.00000E+00  0.00000E+00  0.00000E+00   -0.22201E+03 -0.23666E+03  0.45867E+03  0.18949E+03 -0.29141E+03  0.15124E+03      298.00
  0.54625E-01  0.95212E+03   -0.36250E-01 -0.36250E-01  0.72500E-01  0.00000E+00  0.00000E+00  0.00000E+00   -0.22209E+03 -0.23683E+03  0.45892E+03  0.18983E+03 -0.29203E+03  0.15117E+03      298.00
  0.54987E-01  0.95313E+03   -0.36500E-01 -0.36500E-01  0.73000E-01  0.00000E+00  0.00000E+00  0.00000E+00   -0.22217E+03 -0.23700E+03  0.45916E+03  0.19017E+03 -0.29264E+03  0.15110E+03      298.00
  0.55348E-01  0.95412E+03   -0.36750E-01 -0.36750E-01  0.73500E-01  0.00000E+00  0.00000E+00  0.00000E+00   -0.22224E+03 -0.23716E+03  0.45940E+03  0.19051E+03 -0.29325E+03  0.15103E+03      298.00
  0.55709E-01  0.95509E+03   -0.37000E-01 -0.37000E-01  0.74000E-01  0.00000E+00  0.00000E+00  0.00000E+00   -0.22231E+03 -0.23732E+03  0.45963E+03  0.19085E+03 -0.29386E+03  0.15095E+03      298.00
  0.56070E-01  0.95605E+03   -0.37250E-01 -0.37250E-01  0.74500E-01  0.00000E+00  0.00000E+00  0.00000E+00   -0.22237E+03 -0.23748E+03  0.45985E+03  0.19118E+03 -0.29447E+03  0.15087E+03      298.00
  0.56431E-01  0.95699E+03   -0.37500E-01 -0.37500E-01  0.75000E-01  0.00000E+00  0.00000E+00  0.00000E+00   -0.22244E+03 -0.23763E+03  0.46007E+03  0.19150E+03 -0.29507E+03  0.15078E+03      298.00
          Evm          Svm            E11          E22          E33          E23          E13          E12         SDEV11       SDEV22       SDEV33       SDEV23       SDEV13       SDEV12      TEMP
  0.56431E-01  0.95715E+03   -0.37500E-01 -0.37500E-01  0.75000E-01  0.00000E+00  0.00000E+00  0.00000E+00   -0.22230E+03 -0.23781E+03  0.46011E+03  0.19192E+03 -0.29489E+03  0.15083E+03      298.00
  0.56791E-01  0.95790E+03   -0.37750E-01 -0.37750E-01  0.75500E-01  0.00000E+00  0.00000E+00  0.00000E+00   -0.22249E+03 -0.23779E+03  0.46027E+03  0.19183E+03 -0.29564E+03  0.15069E+03      298.00
  0.57152E-01  0.95884E+03   -0.38000E-01 -0.38000E-01  0.76000E-01  0.00000E+00  0.00000E+00  0.00000E+00   -0.22255E+03 -0.23793E+03  0.46048E+03  0.19214E+03 -0.29626E+03  0.15060E+03      298.00
  0.57512E-01  0.95973E+03   -0.38250E-01 -0.38250E-01  0.76500E-01  0.00000E+00  0.00000E+00  0.00000E+00   -0.22260E+03 -0.23807E+03  0.46067E+03  0.19245E+03 -0.29684E+03  0.15051E+03      298.00
  0.57872E-01  0.96062E+03   -0.38500E-01 -0.38500E-01  0.77000E-01  0.00000E+00  0.00000E+00  0.00000E+00   -0.22265E+03 -0.23820E+03  0.46086E+03  0.19276E+03 -0.29743E+03  0.15041E+03      298.00
  0.58232E-01  0.96149E+03   -0.38750E-01 -0.38750E-01  0.77500E-01  0.00000E+00  0.00000E+00  0.00000E+00   -0.22270E+03 -0.23834E+03  0.46104E+03  0.19306E+03 -0.29801E+03  0.15031E+03      298.00
  0.58591E-01  0.96234E+03   -0.39000E-01 -0.39000E-01  0.78000E-01  0.00000E+00  0.00000E+00  0.00000E+00   -0.22275E+03 -0.23847E+03  0.46121E+03  0.19336E+03 -0.29858E+03  0.15020E+03      298.00
  0.58951E-01  0.96319E+03   -0.39250E-01 -0.39250E-01  0.78500E-01  0.00000E+00  0.00000E+00  0.00000E+00   -0.22279E+03 -0.23859E+03  0.46138E+03  0.19366E+03 -0.29916E+03  0.15009E+03      298.00
  0.59310E-01  0.96402E+03   -0.39500E-01 -0.39500E-01  0.79000E-01  0.00000E+00  0.00000E+00  0.00000E+00   -0.22283E+03 -0.23872E+03  0.46154E+03  0.19395E+03 -0.29973E+03  0.14998E+03      298.00
  0.59669E-01  0.96483E+03   -0.39750E-01 -0.39750E-01  0.79500E-01  0.00000E+00  0.00000E+00  0.00000E+00   -0.22286E+03 -0.23884E+03  0.46170E+03  0.19424E+03 -0.30029E+03  0.14986E+03      298.00
  0.60028E-01  0.96563E+03   -0.40000E-01 -0.40000E-01  0.80000E-01  0.00000E+00  0.00000E+00  0.00000E+00   -0.22289E+03 -0.23895E+03  0.46185E+03  0.19452E+03 -0.30085E+03  0.14974E+03      298.00
  0.60387E-01  0.96642E+03   -0.40250E-01 -0.40250E-01  0.80500E-01  0.00000E+00  0.00000E+00  0.00000E+00   -0.22292E+03 -0.23907E+03  0.46199E+03  0.19480E+03 -0.30141E+03  0.14962E+03      298.00
  0.60745E-01  0.96720E+03   -0.40500E-01 -0.40500E-01  0.81000E-01  0.00000E+00  0.00000E+00  0.00000E+00   -0.22295E+03 -0.23918E+03  0.46213E+03  0.19508E+03 -0.30197E+03  0.14949E+03      298.00
  0.61104E-01  0.96796E+03   -0.40750E-01 -0.40750E-01  0.81500E-01  0.00000E+00  0.00000E+00  0.00000E+00   -0.22298E+03 -0.23928E+03  0.46226E+03  0.19535E+03 -0.30252E+03  0.14937E+03      298.00
  0.61462E-01  0.96872E+03   -0.41000E-01 -0.41000E-01  0.82000E-01  0.00000E+00  0.00000E+00  0.00000E+00   -0.22300E+03 -0.23938E+03  0.46238E+03  0.19562E+03 -0.30306E+03  0.14923E+03      298.00
  0.61820E-01  0.96945E+03   -0.41250E-01 -0.41250E-01  0.82500E-01  0.00000E+00  0.00000E+00  0.00000E+00   -0.22302E+03 -0.23948E+03  0.46250E+03  0.19589E+03 -0.30361E+03  0.14910E+03      298.00
  0.62178E-01  0.97018E+03   -0.41500E-01 -0.41500E-01  0.83000E-01  0.00000E+00  0.00000E+00  0.00000E+00   -0.22303E+03 -0.23958E+03  0.46262E+03  0.19615E+03 -0.30415E+03  0.14896E+03      298.00
  0.62535E-01  0.97089E+03   -0.41750E-01 -0.41750E-01  0.83500E-01  0.00000E+00  0.00000E+00  0.00000E+00   -0.22305E+03 -0.23967E+03  0.46272E+03  0.19641E+03 -0.30468E+03  0.14882E+03      298.00
  0.62893E-01  0.97160E+03   -0.42000E-01 -0.42000E-01  0.84000E-01  0.00000E+00  0.00000E+00  0.00000E+00   -0.22306E+03 -0.23977E+03  0.46283E+03  0.19666E+03 -0.30522E+03  0.14868E+03      298.00
  0.63250E-01  0.97229E+03   -0.42250E-01 -0.42250E-01  0.84500E-01  0.00000E+00  0.00000E+00  0.00000E+00   -0.22307E+03 -0.23985E+03  0.46292E+03  0.19691E+03 -0.30575E+03  0.14853E+03      298.00
  0.63607E-01  0.97296E+03   -0.42500E-01 -0.42500E-01  0.85000E-01  0.00000E+00  0.00000E+00  0.00000E+00   -0.22308E+03 -0.23994E+03  0.46302E+03  0.19716E+03 -0.30627E+03  0.14839E+03      298.00
  0.63964E-01  0.97363E+03   -0.42750E-01 -0.42750E-01  0.85500E-01  0.00000E+00  0.00000E+00  0.00000E+00   -0.22309E+03 -0.24002E+03  0.46310E+03  0.19740E+03 -0.30680E+03  0.14823E+03      298.00
  0.64321E-01  0.97429E+03   -0.43000E-01 -0.43000E-01  0.86000E-01  0.00000E+00  0.00000E+00  0.00000E+00   -0.22309E+03 -0.24010E+03  0.46319E+03  0.19764E+03 -0.30731E+03  0.14808E+03      298.00
  0.64677E-01  0.97493E+03   -0.43250E-01 -0.43250E-01  0.86500E-01  0.00000E+00  0.00000E+00  0.00000E+00   -0.22309E+03 -0.24017E+03  0.46326E+03  0.19788E+03 -0.30783E+03  0.14792E+03      298.00
  0.65034E-01  0.97556E+03   -0.43500E-01 -0.43500E-01  0.87000E-01  0.00000E+00  0.00000E+00  0.00000E+00   -0.22309E+03 -0.24025E+03  0.46333E+03  0.19811E+03 -0.30834E+03  0.14776E+03      298.00
  0.65390E-01  0.97619E+03   -0.43750E-01 -0.43750E-01  0.87500E-01  0.00000E+00  0.00000E+00  0.00000E+00   -0.22308E+03 -0.24032E+03  0.46340E+03  0.19834E+03 -0.30885E+03  0.14760E+03      298.00
  0.65746E-01  0.97680E+03   -0.44000E-01 -0.44000E-01  0.88000E-01  0.00000E+00  0.00000E+00  0.00000E+00   -0.22308E+03 -0.24038E+03  0.46346E+03  0.19857E+03 -0.30936E+03  0.14744E+03      298.00
  0.66102E-01  0.97740E+03   -0.44250E-01 -0.44250E-01  0.88500E-01  0.00000E+00  0.00000E+00  0.00000E+00   -0.22307E+03 -0.24045E+03  0.46352E+03  0.19879E+03 -0.30986E+03  0.14727E+03      298.00
  0.66457E-01  0.97799E+03   -0.44500E-01 -0.44500E-01  0.89000E-01  0.00000E+00  0.00000E+00  0.00000E+00   -0.22306E+03 -0.24051E+03  0.46357E+03  0.19901E+03 -0.31036E+03  0.14710E+03      298.00
  0.66813E-01  0.97857E+03   -0.44750E-01 -0.44750E-01  0.89500E-01  0.00000E+00  0.00000E+00  0.00000E+00   -0.22305E+03 -0.24057E+03  0.46362E+03  0.19923E+03 -0.31086E+03  0.14693E+03      298.00
  0.67168E-01  0.97914E+03   -0.45000E-01 -0.45000E-01  0.90000E-01  0.00000E+00  0.00000E+00  0.00000E+00   -0.22304E+03 -0.24063E+03  0.46366E+03  0.19944E+03 -0.31135E+03  0.14675E+03      298.00
  0.67523E-01  0.97969E+03   -0.45250E-01 -0.45250E-01  0.90500E-01  0.00000E+00  0.00000E+00  0.00000E+00   -0.22302E+03 -0.24068E+03  0.46370E+03  0.19965E+03 -0.31184E+03  0.14657E+03      298.00
  0.67878E-01  0.98024E+03   -0.45500E-01 -0.45500E-01  0.91000E-01  0.00000E+00  0.00000E+00  0.00000E+00   -0.22300E+03 -0.24073E+03  0.46374E+03  0.19986E+03 -0.31233E+03  0.14639E+03      298.00
  0.68233E-01  0.98078E+03   -0.45750E-01 -0.45750E-01  0.91500E-01  0.00000E+00  0.00000E+00  0.00000E+00   -0.22298E+03 -0.24078E+03  0.46377E+03  0.20007E+03 -0.31281E+03  0.14621E+03      298.00
  0.68588E-01  0.98131E+03   -0.46000E-01 -0.46000E-01  0.92000E-01  0.00000E+00  0.00000E+00  0.00000E+00   -0.22296E+03 -0.24083E+03  0.46379E+03  0.20027E+03 -0.31329E+03  0.14603E+03      298.00
  0.68942E-01  0.98183E+03   -0.46250E-01 -0.46250E-01  0.92500E-01  0.00000E+00  0.00000E+00  0.00000E+00   -0.22294E+03 -0.24087E+03  0.46381E+03  0.20046E+03 -0.31377E+03  0.14584E+03      298.00
  0.69297E-01  0.98234E+03   -0.46500E-01 -0.46500E-01  0.93000E-01  0.00000E+00  0.00000E+00  0.00000E+00   -0.22291E+03 -0.24092E+03  0.46383E+03  0.20066E+03 -0.31425E+03  0.14565E+03      298.00
  0.69651E-01  0.98284E+03   -0.46750E-01 -0.46750E-01  0.93500E-01  0.00000E+00  0.00000E+00  0.00000E+00   -0.22289E+03 -0.24096E+03  0.46384E+03  0.20085E+03 -0.31472E+03  0.14546E+03      298.00
  0.70005E-01  0.98333E+03   -0.47000E-01 -0.47000E-01  0.94000E-01  0.00000E+00  0.00000E+00  0.00000E+00   -0.22286E+03 -0.24099E+03  0.46385E+03  0.20104E+03 -0.31519E+03  0.14527E+03      298.00
  0.70359E-01  0.98381E+03   -0.47250E-01 -0.47250E-01  0.94500E-01  0.00000E+00  0.00000E+00  0.00000E+00   -0.22283E+03 -0.24103E+03  0.46386E+03  0.20123E+03 -0.31565E+03  0.14507E+03      298.00
  0.70712E-01  0.98428E+03   -0.47500E-01 -0.47500E-01  0.95000E-01  0.00000E+00  0.00000E+00  0.00000E+00   -0.22279E+03 -0.24106E+03  0.46386E+03  0.20141E+03 -0.31611E+03  0.14487E+03      298.00
  0.71066E-01  0.98475E+03   -0.47750E-01 -0.47750E-01  0.95500E-01  0.00000E+00  0.00000E+00  0.00000E+00   -0.22276E+03 -0.24109E+03  0.46385E+03  0.20159E+03 -0.31657E+03  0.14467E+03      298.00
  0.71419E-01  0.98520E+03   -0.48000E-01 -0.48000E-01  0.96000E-01  0.00000E+00  0.00000E+00  0.00000E+00   -0.22273E+03 -0.24112E+03  0.46385E+03  0.20177E+03 -0.31703E+03  0.14447E+03      298.00
  0.71772E-01  0.98565E+03   -0.48250E-01 -0.48250E-01  0.96500E-01  0.00000E+00  0.00000E+00  0.00000E+00   -0.22269E+03 -0.24115E+03  0.46384E+03  0.20194E+03 -0.31748E+03  0.14427E+03      298.00
  0.72125E-01  0.98609E+03   -0.48500E-01 -0.48500E-01  0.97000E-01  0.00000E+00  0.00000E+00  0.00000E+00   -0.22265E+03 -0.24117E+03  0.46382E+03  0.20211E+03 -0.31794E+03  0.14406E+03      298.00
  0.72478E-01  0.98651E+03   -0.48750E-01 -0.48750E-01  0.97500E-01  0.00000E+00  0.00000E+00  0.00000E+00   -0.22261E+03 -0.24120E+03  0.46381E+03  0.20228E+03 -0.31838E+03  0.14385E+03      298.00
  0.72830E-01  0.98694E+03   -0.49000E-01 -0.49000E-01  0.98000E-01  0.00000E+00  0.00000E+00  0.00000E+00   -0.22257E+03 -0.24122E+03  0.46378E+03  0.20245E+03 -0.31883E+03  0.14364E+03      298.00
  0.73183E-01  0.98735E+03   -0.49250E-01 -0.49250E-01  0.98500E-01  0.00000E+00  0.00000E+00  0.00000E+00   -0.22252E+03 -0.24124E+03  0.46376E+03  0.20261E+03 -0.31927E+03  0.14343E+03      298.00
  0.73535E-01  0.98775E+03   -0.49500E-01 -0.49500E-01  0.99000E-01  0.00000E+00  0.00000E+00  0.00000E+00   -0.22248E+03 -0.24125E+03  0.46373E+03  0.20278E+03 -0.31971E+03  0.14322E+03      298.00
  0.73887E-01  0.98815E+03   -0.49750E-01 -0.49750E-01  0.99500E-01  0.00000E+00  0.00000E+00  0.00000E+00   -0.22243E+03 -0.24127E+03  0.46370E+03  0.20293E+03 -0.32015E+03  0.14300E+03      298.00
  0.74239E-01  0.98854E+03   -0.50000E-01 -0.50000E-01  0.10000E+00  0.00000E+00  0.00000E+00  0.00000E+00   -0.22239E+03 -0.24128E+03  0.46366E+03  0.20309E+03 -0.32058E+03  0.14279E+03      298.00
          Evm          Svm            E11          E22          E33          E23          E13          E12         SDEV11       SDEV22       SDEV33       SDEV23       SDEV13       SDEV12      TEMP
  0.74239E-01  0.98845E+03   -0.50000E-01 -0.50000E-01  0.10000E+00  0.00000E+00  0.00000E+00  0.00000E+00   -0.22223E+03 -0.24143E+03  0.46366E+03  0.20345E+03 -0.32028E+03  0.14277E+03      298.00
  0.74591E-01  0.98892E+03   -0.50250E-01 -0.50250E-01  0.10050E+00  0.00000E+00  0.00000E+00  0.00000E+00   -0.22233E+03 -0.24129E+03  0.46363E+03  0.20325E+03 -0.32101E+03  0.14257E+03      298.00
  0.74943E-01  0.98929E+03   -0.50500E-01 -0.50500E-01  0.10100E+00  0.00000E+00  0.00000E+00  0.00000E+00   -0.22229E+03 -0.24130E+03  0.46359E+03  0.20340E+03 -0.32144E+03  0.14235E+03      298.00
  0.75294E-01  0.98966E+03   -0.50750E-01 -0.50750E-01  0.10150E+00  0.00000E+00  0.00000E+00  0.00000E+00   -0.22223E+03 -0.24131E+03  0.46354E+03  0.20355E+03 -0.32187E+03  0.14212E+03      298.00
  0.75645E-01  0.99002E+03   -0.51000E-01 -0.51000E-01  0.10200E+00  0.00000E+00  0.00000E+00  0.00000E+00   -0.22218E+03 -0.24131E+03  0.46349E+03  0.20369E+03 -0.32230E+03  0.14190E+03      298.00
  0.75996E-01  0.99037E+03   -0.51250E-01 -0.51250E-01  0.10250E+00  0.00000E+00  0.00000E+00  0.00000E+00   -0.22213E+03 -0.24132E+03  0.46344E+03  0.20384E+03 -0.32272E+03  0.14167E+03      298.00
  0.76347E-01  0.99071E+03   -0.51500E-01 -0.51500E-01  0.10300E+00  0.00000E+00  0.00000E+00  0.00000E+00   -0.22207E+03 -0.24132E+03  0.46339E+03  0.20398E+03 -0.32314E+03  0.14144E+03      298.00
  0.76698E-01  0.99105E+03   -0.51750E-01 -0.51750E-01  0.10350E+00  0.00000E+00  0.00000E+00  0.00000E+00   -0.22201E+03 -0.24132E+03  0.46333E+03  0.20412E+03 -0.32355E+03  0.14121E+03      298.00
  0.77049E-01  0.99138E+03   -0.52000E-01 -0.52000E-01  0.10400E+00  0.00000E+00  0.00000E+00  0.00000E+00   -0.22195E+03 -0.24132E+03  0.46327E+03  0.20426E+03 -0.32397E+03  0.14098E+03      298.00
  0.77399E-01  0.99170E+03   -0.52250E-01 -0.52250E-01  0.10450E+00  0.00000E+00  0.00000E+00  0.00000E+00   -0.22190E+03 -0.24131E+03  0.46321E+03  0.20439E+03 -0.32438E+03  0.14075E+03      298.00
  0.77750E-01  0.99202E+03   -0.52500E-01 -0.52500E-01  0.10500E+00  0.00000E+00  0.00000E+00  0.00000E+00   -0.22183E+03 -0.24131E+03  0.46314E+03  0.20453E+03 -0.32479E+03  0.14052E+03      298.00
  0.78100E-01  0.99233E+03   -0.52750E-01 -0.52750E-01  0.10550E+00  0.00000E+00  0.00000E+00  0.00000E+00   -0.22177E+03 -0.24130E+03  0.46307E+03  0.20466E+03 -0.32519E+03  0.14028E+03      298.00
  0.78450E-01  0.99263E+03   -0.53000E-01 -0.53000E-01  0.10600E+00  0.00000E+00  0.00000E+00  0.00000E+00   -0.22171E+03 -0.24129E+03  0.46300E+03  0.20479E+03 -0.32560E+03  0.14004E+03      298.00
  0.78800E-01  0.99293E+03   -0.53250E-01 -0.53250E-01  0.10650E+00  0.00000E+00  0.00000E+00  0.00000E+00   -0.22165E+03 -0.24128E+03  0.46293E+03  0.20491E+03 -0.32600E+03  0.13980E+03      298.00
  0.79149E-01  0.99322E+03   -0.53500E-01 -0.53500E-01  0.10700E+00  0.00000E+00  0.00000E+00  0.00000E+00   -0.22158E+03 -0.24127E+03  0.46285E+03  0.20504E+03 -0.32640E+03  0.13956E+03      298.00
  0.79499E-01  0.99350E+03   -0.53750E-01 -0.53750E-01  0.10750E+00  0.00000E+00  0.00000E+00  0.00000E+00   -0.22151E+03 -0.24126E+03  0.46277E+03  0.20516E+03 -0.32680E+03  0.13932E+03      298.00
  0.79848E-01  0.99378E+03   -0.54000E-01 -0.54000E-01  0.10800E+00  0.00000E+00  0.00000E+00  0.00000E+00   -0.22145E+03 -0.24124E+03  0.46269E+03  0.20528E+03 -0.32720E+03  0.13908E+03      298.00
  0.80197E-01  0.99405E+03   -0.54250E-01 -0.54250E-01  0.10850E+00  0.00000E+00  0.00000E+00  0.00000E+00   -0.22138E+03 -0.24123E+03  0.46261E+03  0.20540E+03 -0.32759E+03  0.13883E+03      298.00
  0.80546E-01  0.99432E+03   -0.54500E-01 -0.54500E-01  0.10900E+00  0.00000E+00  0.00000E+00  0.00000E+00   -0.22131E+03 -0.24121E+03  0.46252E+03  0.20552E+03 -0.32798E+03  0.13859E+03      298.00
  0.80895E-01  0.99458E+03   -0.54750E-01 -0.54750E-01  0.10950E+00  0.00000E+00  0.00000E+00  0.00000E+00   -0.22124E+03 -0.24119E+03  0.46243E+03  0.20563E+03 -0.32837E+03  0.13834E+03      298.00
  0.81244E-01  0.99483E+03   -0.55000E-01 -0.55000E-01  0.11000E+00  0.00000E+00  0.00000E+00  0.00000E+00   -0.22117E+03 -0.24117E+03  0.46234E+03  0.20575E+03 -0.32876E+03  0.13809E+03      298.00
  0.81592E-01  0.99508E+03   -0.55250E-01 -0.55250E-01  0.11050E+00  0.00000E+00  0.00000E+00  0.00000E+00   -0.22109E+03 -0.24115E+03  0.46225E+03  0.20586E+03 -0.32914E+03  0.13784E+03      298.00
  0.81941E-01  0.99533E+03   -0.55500E-01 -0.55500E-01  0.11100E+00  0.00000E+00  0.00000E+00  0.00000E+00   -0.22102E+03 -0.24113E+03  0.46215E+03  0.20597E+03 -0.32952E+03  0.13759E+03      298.00
  0.82289E-01  0.99557E+03   -0.55750E-01 -0.55750E-01  0.11150E+00  0.00000E+00  0.00000E+00  0.00000E+00   -0.22095E+03 -0.24110E+03  0.46205E+03  0.20608E+03 -0.32991E+03  0.13734E+03      298.00
  0.82637E-01  0.99580E+03   -0.56000E-01 -0.56000E-01  0.11200E+00  0.00000E+00  0.00000E+00  0.00000E+00   -0.22087E+03 -0.24108E+03  0.46195E+03  0.20618E+03 -0.33028E+03  0.13708E+03      298.00
  0.82985E-01  0.99603E+03   -0.56250E-01 -0.56250E-01  0.11250E+00  0.00000E+00  0.00000E+00  0.00000E+00   -0.22080E+03 -0.24105E+03  0.46185E+03  0.20629E+03 -0.33066E+03  0.13683E+03      298.00
  0.83333E-01  0.99625E+03   -0.56500E-01 -0.56500E-01  0.11300E+00  0.00000E+00  0.00000E+00  0.00000E+00   -0.22072E+03 -0.24102E+03  0.46174E+03  0.20639E+03 -0.33104E+03  0.13657E+03      298.00
  0.83680E-01  0.99647E+03   -0.56750E-01 -0.56750E-01  0.11350E+00  0.00000E+00  0.00000E+00  0.00000E+00   -0.22064E+03 -0.24099E+03  0.46163E+03  0.20649E+03 -0.33141E+03  0.13631E+03      298.00
  0.84028E-01  0.99669E+03   -0.57000E-01 -0.57000E-01  0.11400E+00  0.00000E+00  0.00000E+00  0.00000E+00   -0.22056E+03 -0.24096E+03  0.46152E+03  0.20659E+03 -0.33178E+03  0.13605E+03      298.00
  0.84375E-01  0.99690E+03   -0.57250E-01 -0.57250E-01  0.11450E+00  0.00000E+00  0.00000E+00  0.00000E+00   -0.22048E+03 -0.24093E+03  0.46141E+03  0.20669E+03 -0.33215E+03  0.13579E+03      298.00
  0.84722E-01  0.99710E+03   -0.57500E-01 -0.57500E-01  0.11500E+00  0.00000E+00  0.00000E+00  0.00000E+00   -0.22040E+03 -0.24090E+03  0.46130E+03  0.20679E+03 -0.33252E+03  0.13553E+03      298.00
  0.85069E-01  0.99730E+03   -0.57750E-01 -0.57750E-01  0.11550E+00  0.00000E+00  0.00000E+00  0.00000E+00   -0.22032E+03 -0.24086E+03  0.46118E+03  0.20689E+03 -0.33289E+03  0.13527E+03      298.00
  0.85416E-01  0.99750E+03   -0.58000E-01 -0.58000E-01  0.11600E+00  0.00000E+00  0.00000E+00  0.00000E+00   -0.22024E+03 -0.24083E+03  0.46107E+03  0.20698E+03 -0.33325E+03  0.13501E+03      298.00
  0.85763E-01  0.99769E+03   -0.58250E-01 -0.58250E-01  0.11650E+00  0.00000E+00  0.00000E+00  0.00000E+00   -0.22016E+03 -0.24079E+03  0.46095E+03  0.20708E+03 -0.33362E+03  0.13475E+03      298.00
  0.86109E-01  0.99788E+03   -0.58500E-01 -0.58500E-01  0.11700E+00  0.00000E+00  0.00000E+00  0.00000E+00   -0.22007E+03 -0.24075E+03  0.46083E+03  0.20717E+03 -0.33398E+03  0.13448E+03      298.00
  0.86456E-01  0.99806E+03   -0.58750E-01 -0.58750E-01  0.11750E+00  0.00000E+00  0.00000E+00  0.00000E+00   -0.21999E+03 -0.24071E+03  0.46070E+03  0.20726E+03 -0.33434E+03  0.13422E+03      298.00
  0.86802E-01  0.99825E+03   -0.59000E-01 -0.59000E-01  0.11800E+00  0.00000E+00  0.00000E+00  0.00000E+00   -0.21991E+03 -0.24067E+03  0.46058E+03  0.20735E+03 -0.33470E+03  0.13395E+03      298.00
  0.87148E-01  0.99842E+03   -0.59250E-01 -0.59250E-01  0.11850E+00  0.00000E+00  0.00000E+00  0.00000E+00   -0.21982E+03 -0.24063E+03  0.46045E+03  0.20744E+03 -0.33505E+03  0.13368E+03      298.00
  0.87494E-01  0.99859E+03   -0.59500E-01 -0.59500E-01  0.11900E+00  0.00000E+00  0.00000E+00  0.00000E+00   -0.21973E+03 -0.24059E+03  0.46032E+03  0.20753E+03 -0.33541E+03  0.13341E+03      298.00
  0.87840E-01  0.99876E+03   -0.59750E-01 -0.59750E-01  0.11950E+00  0.00000E+00  0.00000E+00  0.00000E+00   -0.21965E+03 -0.24055E+03  0.46019E+03  0.20761E+03 -0.33576E+03  0.13314E+03      298.00
  0.88185E-01  0.99893E+03   -0.60000E-01 -0.60000E-01  0.12000E+00  0.00000E+00  0.00000E+00  0.00000E+00   -0.21956E+03 -0.24050E+03  0.46006E+03  0.20770E+03 -0.33611E+03  0.13287E+03      298.00
  0.88531E-01  0.99909E+03   -0.60250E-01 -0.60250E-01  0.12050E+00  0.00000E+00  0.00000E+00  0.00000E+00   -0.21947E+03 -0.24046E+03  0.45993E+03  0.20778E+03 -0.33647E+03  0.13260E+03      298.00
  0.88876E-01  0.99925E+03   -0.60500E-01 -0.60500E-01  0.12100E+00  0.00000E+00  0.00000E+00  0.00000E+00   -0.21938E+03 -0.24041E+03  0.45979E+03  0.20787E+03 -0.33682E+03  0.13233E+03      298.00
  0.89221E-01  0.99941E+03   -0.60750E-01 -0.60750E-01  0.12150E+00  0.00000E+00  0.00000E+00  0.00000E+00   -0.21929E+03 -0.24036E+03  0.45966E+03  0.20795E+03 -0.33716E+03  0.13206E+03      298.00
  0.89566E-01  0.99956E+03   -0.61000E-01 -0.61000E-01  0.12200E+00  0.00000E+00  0.00000E+00  0.00000E+00   -0.21920E+03 -0.24032E+03  0.45952E+03  0.20803E+03 -0.33751E+03  0.13179E+03      298.00
  0.89911E-01  0.99971E+03   -0.61250E-01 -0.61250E-01  0.12250E+00  0.00000E+00  0.00000E+00  0.00000E+00   -0.21911E+03 -0.24027E+03  0.45938E+03  0.20812E+03 -0.33786E+03  0.13151E+03      298.00
  0.90255E-01  0.99986E+03   -0.61500E-01 -0.61500E-01  0.12300E+00  0.00000E+00  0.00000E+00  0.00000E+00   -0.21902E+03 -0.24022E+03  0.45924E+03  0.20820E+03 -0.33820E+03  0.13124E+03      298.00
  0.90600E-01  0.10000E+04   -0.61750E-01 -0.61750E-01  0.12350E+00  0.00000E+00  0.00000E+00  0.00000E+00   -0.21893E+03 -0.24017E+03  0.45910E+03  0.20828E+03 -0.33855E+03  0.13096E+03      298.00
  0.90944E-01  0.10001E+04   -0.62000E-01 -0.62000E-01  0.12400E+00  0.00000E+00  0.00000E+00  0.00000E+00   -0.21884E+03 -0.24012E+03  0.45895E+03  0.20836E+03 -0.33889E+03  0.13069E+03      298.00
  0.91288E-01  0.10003E+04   -0.62250E-01 -0.62250E-01  0.12450E+00  0.00000E+00  0.00000E+00  0.00000E+00   -0.21874E+03 -0.24006E+03  0.45881E+03  0.20843E+03 -0.33923E+03  0.13041E+03      298.00
  0.91632E-01  0.10004E+04   -0.62500E-01 -0.62500E-01  0.12500E+00  0.00000E+00  0.00000E+00  0.00000E+00   -0.21865E+03 -0.24001E+03  0.45866E+03  0.20851E+03 -0.33957E+03  0.13013E+03      298.00
