    STEP   AVACS   MODE1   MODE2   MODE3   MODE4
       1   6.000   0.322   0.678   0.000   0.000
       2   5.000   0.237   0.763   0.000   0.000
       3   5.000   0.132   0.868   0.000   0.000
       4   4.000   0.019   0.981   0.000   0.000
       5   6.000   0.101   0.899   0.000   0.000
       6   6.000   0.165   0.835   0.000   0.000
       7   6.000   0.209   0.791   0.000   0.000
       8   6.000   0.241   0.759   0.000   0.000
       9   5.000   0.265   0.735   0.000   0.000
      10   4.000   0.285   0.715   0.000   0.000
      11   4.000   0.335   0.639   0.026   0.000
      12   5.000   0.491   0.490   0.019   0.000
      13   4.000   0.592   0.408   0.000   0.000
      14   6.000   0.600   0.400   0.000   0.000
      15   6.000   0.540   0.460   0.000   0.000
      16   4.000   0.463   0.537   0.000   0.000
      17   5.000   0.420   0.580   0.000   0.000
      18   5.000   0.377   0.623   0.000   0.000
      19   6.000   0.322   0.678   0.000   0.000
      20   5.000   0.237   0.763   0.000   0.000
      21   5.000   0.132   0.868   0.000   0.000
      22   4.000   0.019   0.981   0.000   0.000
      23   6.000   0.101   0.899   0.000   0.000
      24   6.000   0.165   0.835   0.000   0.000
      25   6.000   0.209   0.791   0.000   0.000
      26   6.000   0.241   0.759   0.000   0.000
      27   5.000   0.265   0.735   0.000   0.000
      28   4.000   0.285   0.715   0.000   0.000
      29   5.000   0.353   0.647   0.000   0.000
      30   6.000   0.471   0.529   0.000   0.000
      31   4.000   0.592   0.408   0.000   0.000
      32   6.000   0.600   0.400   0.000   0.000
      33   6.000   0.540   0.460   0.000   0.000
      34   4.000   0.463   0.537   0.000   0.000
      35   5.000   0.420   0.580   0.000   0.000
      36   5.000   0.377   0.623   0.000   0.000
  STRAIN   AVACS   PRITW   SECTW   MODE1   MODE2   MODE3   MODE4   TWFR3   EFFR3   TWFR4   EFFR4
   0.000   6.000   0.000   0.000   0.322   0.678   0.000   0.000   0.000   0.000   0.000   0.000
   0.001   6.000   0.000   0.000   0.319   0.681   0.000   0.000   0.000   0.000   0.000   0.000
   0.001   6.000   0.000   0.000   0.317   0.683   0.000   0.000   0.000   0.000   0.000   0.000
   0.002   6.000   0.000   0.000   0.316   0.684   0.000   0.000   0.000   0.000   0.000   0.000
   0.002   6.000   0.000   0.000   0.314   0.686   0.000   0.000   0.000   0.000   0.000   0.000
   0.003   6.000   0.000   0.000   0.313   0.687   0.000   0.000   0.000   0.000   0.000   0.000
   0.003   6.000   0.000   0.000   0.311   0.689   0.000   0.000   0.000   0.000   0.000   0.000
   0.004   6.000   0.000   0.000   0.310   0.690   0.000   0.000   0.000   0.000   0.000   0.000
   0.004   6.000   0.000   0.000   0.309   0.691   0.000   0.000   0.000   0.000   0.000   0.000
   0.005   6.000   0.000   0.000   0.308   0.692   0.000   0.000   0.000   0.000   0.000   0.000
   0.005   6.000   0.000   0.000   0.308   0.692   0.000   0.000   0.000   0.000   0.000   0.000
   0.006   6.000   0.000   0.000   0.307   0.693   0.000   0.000   0.000   0.000   0.000   0.000
   0.006   6.000   0.000   0.000   0.307   0.693   0.000   0.000   0.000   0.000   0.000   0.000
   0.007   6.000   0.000   0.000   0.306   0.694   0.000   0.000   0.000   0.000   0.000   0.000
   0.007   6.000   0.000   0.000   0.306   0.694   0.000   0.000   0.000   0.000   0.000   0.000
   0.008   6.000   0.000   0.000   0.305   0.695   0.000   0.000   0.000   0.000   0.000   0.000
   0.008   6.000   0.000   0.000   0.305   0.695   0.000   0.000   0.000   0.000   0.000   0.000
   0.009   6.000   0.000   0.000   0.305   0.695   0.000   0.000   0.000   0.000   0.000   0.000
   0.009   6.000   0.000   0.000   0.304   0.696   0.000   0.000   0.000   0.000   0.000   0.000
   0.010   6.000   0.000   0.000   0.304   0.696   0.000   0.000   0.000   0.000   0.000   0.000
   0.010   6.000   0.000   0.000   0.304   0.696   0.000   0.000   0.000   0.000   0.000   0.000
   0.011   6.000   0.000   0.000   0.304   0.696   0.000   0.000   0.000   0.000   0.000   0.000
   0.011   6.000   0.000   0.000   0.304   0.696   0.000   0.000   0.000   0.000   0.000   0.000
   0.012   6.000   0.000   0.000   0.304   0.696   0.000   0.000   0.000   0.000   0.000   0.000
   0.012   6.000   0.000   0.000   0.304   0.696   0.000   0.000   0.000   0.000   0.000   0.000
   0.013   6.000   0.000   0.000   0.304   0.696   0.000   0.000   0.000   0.000   0.000   0.000
   0.013   6.000   0.000   0.000   0.304   0.696   0.000   0.000   0.000   0.000   0.000   0.000
   0.014   6.000   0.000   0.000   0.304   0.696   0.000   0.000   0.000   0.000   0.000   0.000
   0.014   6.000   0.000   0.000   0.303   0.697   0.000   0.000   0.000   0.000   0.000   0.000
   0.015   6.000   0.000   0.000   0.303   0.697   0.000   0.000   0.000   0.000   0.000   0.000
   0.015   6.000   0.000   0.000   0.303   0.697   0.000   0.000   0.000   0.000   0.000   0.000
   0.016   6.000   0.000   0.000   0.303   0.697   0.000   0.000   0.000   0.000   0.000   0.000
   0.016   6.000   0.000   0.000   0.303   0.697   0.000   0.000   0.000   0.000   0.000   0.000
   0.017   6.000   0.000   0.000   0.303   0.697   0.000   0.000   0.000   0.000   0.000   0.000
   0.017   6.000   0.000   0.000   0.304   0.696   0.000   0.000   0.000   0.000   0.000   0.000
   0.018   6.000   0.000   0.000   0.303   0.697   0.000   0.000   0.000   0.000   0.000   0.000
   0.018   6.000   0.000   0.000   0.303   0.697   0.000   0.000   0.000   0.000   0.000   0.000
   0.019   6.000   0.000   0.000   0.303   0.697   0.000   0.000   0.000   0.000   0.000   0.000
   0.019   6.000   0.000   0.000   0.303   0.697   0.000   0.000   0.000   0.000   0.000   0.000
   0.020   6.000   0.000   0.000   0.303   0.697   0.000   0.000   0.000   0.000   0.000   0.000
   0.020   6.000   0.000   0.000   0.303   0.697   0.000   0.000   0.000   0.000   0.000   0.000
   0.021   6.000   0.000   0.000   0.303   0.697   0.000   0.000   0.000   0.000   0.000   0.000
   0.021   6.000   0.000   0.000   0.303   0.697   0.000   0.000   0.000   0.000   0.000   0.000
   0.022   6.000   0.000   0.000   0.303   0.697   0.000   0.000   0.000   0.000   0.000   0.000
   0.022   6.000   0.000   0.000   0.303   0.697   0.000   0.000   0.000   0.000   0.000   0.000
   0.023   6.000   0.000   0.000   0.303   0.697   0.000   0.000   0.000   0.000   0.000   0.000
   0.023   6.000   0.000   0.000   0.303   0.697   0.000   0.000   0.000   0.000   0.000   0.000
   0.024   6.000   0.000   0.000   0.303   0.697   0.000   0.000   0.000   0.000   0.000   0.000
   0.024   6.000   0.000   0.000   0.303   0.697   0.000   0.000   0.000   0.000   0.000   0.000
   0.025   6.000   0.000   0.000   0.303   0.697   0.000   0.000   0.000   0.000   0.000   0.000
   0.025   6.000   0.000   0.000   0.303   0.697   0.000   0.000   0.000   0.000   0.000   0.000
    STEP   AVACS   MODE1   MODE2   MODE3   MODE4
       1   6.000   0.303   0.697   0.000   0.000
       2   5.000   0.226   0.774   0.000   0.000
       3   5.000   0.125   0.875   0.000   0.000
       4   4.000   0.000   1.000   0.000   0.000
       5   6.000   0.085   0.915   0.000   0.000
       6   6.000   0.139   0.861   0.000   0.000
       7   6.000   0.184   0.816   0.000   0.000
       8   6.000   0.220   0.780   0.000   0.000
       9   5.000   0.249   0.751   0.000   0.000
      10   5.000   0.273   0.727   0.000   0.000
      11   3.000   0.341   0.655   0.004   0.000
      12   5.000   0.502   0.487   0.011   0.000
      13   4.000   0.588   0.412   0.000   0.000
      14   6.000   0.590   0.410   0.000   0.000
      15   5.000   0.522   0.478   0.000   0.000
      16   5.000   0.442   0.558   0.000   0.000
      17   4.000   0.398   0.602   0.000   0.000
      18   5.000   0.356   0.644   0.000   0.000
      19   6.000   0.303   0.697   0.000   0.000
      20   5.000   0.226   0.774   0.000   0.000
      21   5.000   0.125   0.875   0.000   0.000
      22   4.000   0.000   1.000   0.000   0.000
      23   6.000   0.085   0.915   0.000   0.000
      24   6.000   0.139   0.861   0.000   0.000
      25   6.000   0.184   0.815   0.000   0.000
      26   6.000   0.220   0.779   0.000   0.000
      27   5.000   0.249   0.751   0.000   0.000
      28   5.000   0.273   0.727   0.000   0.000
      29   4.000   0.342   0.657   0.000   0.001
      30   5.000   0.490   0.508   0.000   0.002
      31   4.000   0.588   0.412   0.000   0.000
      32   6.000   0.590   0.410   0.000   0.000
      33   5.000   0.522   0.478   0.000   0.000
      34   5.000   0.442   0.558   0.000   0.000
      35   4.000   0.398   0.602   0.000   0.000
      36   5.000   0.356   0.644   0.000   0.000
  STRAIN   AVACS   PRITW   SECTW   MODE1   MODE2   MODE3   MODE4   TWFR3   EFFR3   TWFR4   EFFR4
   0.025   6.000   0.000   0.000   0.303   0.697   0.000   0.000   0.000   0.000   0.000   0.000
   0.026   6.000   0.000   0.000   0.303   0.697   0.000   0.000   0.000   0.000   0.000   0.000
   0.026   6.000   0.000   0.000   0.303   0.697   0.000   0.000   0.000   0.000   0.000   0.000
   0.027   6.000   0.000   0.000   0.303   0.697   0.000   0.000   0.000   0.000   0.000   0.000
   0.027   6.000   0.000   0.000   0.303   0.697   0.000   0.000   0.000   0.000   0.000   0.000
   0.028   6.000   0.000   0.000   0.303   0.697   0.000   0.000   0.000   0.000   0.000   0.000
   0.028   6.000   0.000   0.000   0.302   0.698   0.000   0.000   0.000   0.000   0.000   0.000
   0.029   6.000   0.000   0.000   0.302   0.698   0.000   0.000   0.000   0.000   0.000   0.000
   0.029   6.000   0.000   0.000   0.302   0.698   0.000   0.000   0.000   0.000   0.000   0.000
   0.030   6.000   0.000   0.000   0.302   0.698   0.000   0.000   0.000   0.000   0.000   0.000
   0.030   6.000   0.000   0.000   0.302   0.698   0.000   0.000   0.000   0.000   0.000   0.000
   0.031   6.000   0.000   0.000   0.302   0.698   0.000   0.000   0.000   0.000   0.000   0.000
   0.031   6.000   0.000   0.000   0.302   0.698   0.000   0.000   0.000   0.000   0.000   0.000
   0.032   6.000   0.000   0.000   0.302   0.698   0.000   0.000   0.000   0.000   0.000   0.000
   0.032   6.000   0.000   0.000   0.302   0.698   0.000   0.000   0.000   0.000   0.000   0.000
   0.033   6.000   0.000   0.000   0.302   0.698   0.000   0.000   0.000   0.000   0.000   0.000
   0.033   6.000   0.000   0.000   0.302   0.698   0.000   0.000   0.000   0.000   0.000   0.000
   0.034   6.000   0.000   0.000   0.302   0.698   0.000   0.000   0.000   0.000   0.000   0.000
   0.034   6.000   0.000   0.000   0.302   0.698   0.000   0.000   0.000   0.000   0.000   0.000
   0.035   6.000   0.000   0.000   0.301   0.699   0.000   0.000   0.000   0.000   0.000   0.000
   0.035   6.000   0.000   0.000   0.301   0.699   0.000   0.000   0.000   0.000   0.000   0.000
   0.036   6.000   0.000   0.000   0.302   0.698   0.000   0.000   0.000   0.000   0.000   0.000
   0.036   6.000   0.000   0.000   0.301   0.699   0.000   0.000   0.000   0.000   0.000   0.000
   0.037   6.000   0.000   0.000   0.301   0.699   0.000   0.000   0.000   0.000   0.000   0.000
   0.037   6.000   0.000   0.000   0.301   0.699   0.000   0.000   0.000   0.000   0.000   0.000
   0.038   6.000   0.000   0.000   0.301   0.699   0.000   0.000   0.000   0.000   0.000   0.000
   0.038   6.000   0.000   0.000   0.301   0.699   0.000   0.000   0.000   0.000   0.000   0.000
   0.039   6.000   0.000   0.000   0.301   0.699   0.000   0.000   0.000   0.000   0.000   0.000
   0.039   7.000   0.000   0.000   0.301   0.699   0.000   0.000   0.000   0.000   0.000   0.000
   0.040   7.000   0.000   0.000   0.300   0.700   0.000   0.000   0.000   0.000   0.000   0.000
   0.040   7.000   0.000   0.000   0.300   0.700   0.000   0.000   0.000   0.000   0.000   0.000
   0.041   7.000   0.000   0.000   0.300   0.700   0.000   0.000   0.000   0.000   0.000   0.000
   0.041   7.000   0.000   0.000   0.300   0.700   0.000   0.000   0.000   0.000   0.000   0.000
   0.042   7.000   0.000   0.000   0.300   0.700   0.000   0.000   0.000   0.000   0.000   0.000
   0.042   7.000   0.000   0.000   0.300   0.700   0.000   0.000   0.000   0.000   0.000   0.000
   0.043   7.000   0.000   0.000   0.300   0.700   0.000   0.000   0.000   0.000   0.000   0.000
   0.043   7.000   0.000   0.000   0.300   0.700   0.000   0.000   0.000   0.000   0.000   0.000
   0.044   7.000   0.000   0.000   0.300   0.700   0.000   0.000   0.000   0.000   0.000   0.000
   0.044   7.000   0.000   0.000   0.300   0.700   0.000   0.000   0.000   0.000   0.000   0.000
   0.045   7.000   0.000   0.000   0.299   0.701   0.000   0.000   0.000   0.000   0.000   0.000
   0.045   7.000   0.000   0.000   0.299   0.701   0.000   0.000   0.000   0.000   0.000   0.000
   0.046   7.000   0.000   0.000   0.299   0.701   0.000   0.000   0.000   0.000   0.000   0.000
   0.046   7.000   0.000   0.000   0.299   0.701   0.000   0.000   0.000   0.000   0.000   0.000
   0.047   7.000   0.000   0.000   0.299   0.701   0.000   0.000   0.000   0.000   0.000   0.000
   0.047   7.000   0.000   0.000   0.299   0.701   0.000   0.000   0.000   0.000   0.000   0.000
   0.048   7.000   0.000   0.000   0.298   0.702   0.000   0.000   0.000   0.000   0.000   0.000
   0.048   7.000   0.000   0.000   0.298   0.702   0.000   0.000   0.000   0.000   0.000   0.000
   0.049   7.000   0.000   0.000   0.298   0.702   0.000   0.000   0.000   0.000   0.000   0.000
   0.049   7.000   0.000   0.000   0.297   0.703   0.000   0.000   0.000   0.000   0.000   0.000
   0.050   7.000   0.000   0.000   0.298   0.702   0.000   0.000   0.000   0.000   0.000   0.000
   0.050   7.000   0.000   0.000   0.298   0.702   0.000   0.000   0.000   0.000   0.000   0.000
    STEP   AVACS   MODE1   MODE2   MODE3   MODE4
       1   7.000   0.297   0.702   0.000   0.000
       2   5.000   0.221   0.779   0.000   0.000
       3   5.000   0.123   0.877   0.000   0.000
       4   4.000   0.001   0.999   0.000   0.000
       5   6.000   0.083   0.917   0.000   0.000
       6   6.000   0.137   0.863   0.000   0.000
       7   7.000   0.181   0.819   0.000   0.000
       8   6.000   0.215   0.785   0.000   0.000
       9   5.000   0.242   0.757   0.000   0.000
      10   4.000   0.265   0.735   0.000   0.000
      11   3.000   0.343   0.657   0.000   0.000
      12   5.000   0.509   0.487   0.005   0.000
      13   4.000   0.587   0.413   0.000   0.000
      14   5.000   0.583   0.417   0.000   0.000
      15   6.000   0.511   0.489   0.000   0.000
      16   5.000   0.422   0.577   0.000   0.001
      17   4.000   0.380   0.619   0.000   0.000
      18   7.000   0.351   0.649   0.000   0.000
      19   7.000   0.297   0.702   0.000   0.000
      20   5.000   0.221   0.779   0.000   0.000
      21   5.000   0.123   0.877   0.000   0.000
      22   4.000   0.001   0.999   0.000   0.000
      23   6.000   0.083   0.917   0.000   0.000
      24   6.000   0.137   0.863   0.000   0.000
      25   7.000   0.181   0.818   0.000   0.000
      26   6.000   0.215   0.784   0.000   0.001
      27   5.000   0.243   0.757   0.000   0.001
      28   4.000   0.265   0.735   0.000   0.000
      29   3.000   0.343   0.657   0.000   0.000
      30   5.000   0.508   0.488   0.000   0.004
      31   4.000   0.585   0.409   0.000   0.006
      32   5.000   0.582   0.416   0.000   0.002
      33   6.000   0.511   0.489   0.000   0.000
      34   5.000   0.422   0.578   0.000   0.000
      35   4.000   0.380   0.619   0.000   0.000
      36   7.000   0.351   0.649   0.000   0.000
  STRAIN   AVACS   PRITW   SECTW   MODE1   MODE2   MODE3   MODE4   TWFR3   EFFR3   TWFR4   EFFR4
   0.050   7.000   0.000   0.000   0.297   0.702   0.000   0.000   0.000   0.000   0.000   0.000
   0.051   7.000   0.000   0.000   0.297   0.703   0.000   0.000   0.000   0.000   0.000   0.000
   0.051   7.000   0.000   0.000   0.297   0.703   0.000   0.000   0.000   0.000   0.000   0.000
   0.052   7.000   0.000   0.000   0.297   0.703   0.000   0.000   0.000   0.000   0.000   0.000
   0.052   7.000   0.000   0.000   0.297   0.703   0.000   0.000   0.000   0.000   0.000   0.000
   0.053   7.000   0.000   0.000   0.296   0.704   0.000   0.000   0.000   0.000   0.000   0.000
   0.053   7.000   0.000   0.000   0.297   0.703   0.000   0.000   0.000   0.000   0.000   0.000
   0.054   7.000   0.000   0.000   0.296   0.703   0.000   0.000   0.000   0.000   0.000   0.000
   0.054   7.000   0.000   0.000   0.296   0.704   0.000   0.000   0.000   0.000   0.000   0.000
   0.055   7.000   0.000   0.000   0.296   0.704   0.000   0.000   0.000   0.000   0.000   0.000
   0.055   7.000   0.000   0.000   0.296   0.704   0.000   0.000   0.000   0.000   0.000   0.000
   0.056   7.000   0.000   0.000   0.295   0.705   0.000   0.000   0.000   0.000   0.000   0.000
   0.056   7.000   0.000   0.000   0.296   0.704   0.000   0.000   0.000   0.000   0.000   0.000
   0.057   7.000   0.000   0.000   0.295   0.705   0.000   0.000   0.000   0.000   0.000   0.000
   0.057   7.000   0.000   0.000   0.295   0.705   0.000   0.000   0.000   0.000   0.000   0.000
   0.058   7.000   0.000   0.000   0.295   0.705   0.000   0.000   0.000   0.000   0.000   0.000
   0.058   7.000   0.000   0.000   0.295   0.705   0.000   0.000   0.000   0.000   0.000   0.000
   0.059   7.000   0.000   0.000   0.295   0.705   0.000   0.000   0.000   0.000   0.000   0.000
   0.059   7.000   0.000   0.000   0.294   0.706   0.000   0.000   0.000   0.000   0.000   0.000
   0.060   7.000   0.000   0.000   0.294   0.706   0.000   0.000   0.000   0.000   0.000   0.000
   0.060   7.000   0.000   0.000   0.294   0.706   0.000   0.000   0.000   0.000   0.000   0.000
   0.061   7.000   0.000   0.000   0.294   0.706   0.000   0.000   0.000   0.000   0.000   0.000
   0.061   7.000   0.000   0.000   0.294   0.706   0.000   0.000   0.000   0.000   0.000   0.000
   0.062   7.000   0.000   0.000   0.294   0.706   0.000   0.000   0.000   0.000   0.000   0.000
   0.062   7.000   0.000   0.000   0.293   0.707   0.000   0.000   0.000   0.000   0.000   0.000
   0.063   7.000   0.000   0.000   0.293   0.707   0.000   0.000   0.000   0.000   0.000   0.000
   0.063   7.000   0.000   0.000   0.293   0.707   0.000   0.000   0.000   0.000   0.000   0.000
   0.064   7.000   0.000   0.000   0.293   0.707   0.000   0.000   0.000   0.000   0.000   0.000
   0.064   7.000   0.000   0.000   0.292   0.708   0.000   0.000   0.000   0.000   0.000   0.000
   0.065   7.000   0.000   0.000   0.292   0.707   0.000   0.000   0.000   0.000   0.000   0.000
   0.065   7.000   0.000   0.000   0.292   0.708   0.000   0.000   0.000   0.000   0.000   0.000
   0.066   7.000   0.000   0.000   0.292   0.708   0.000   0.000   0.000   0.000   0.000   0.000
   0.066   7.000   0.000   0.000   0.292   0.708   0.000   0.000   0.000   0.000   0.000   0.000
   0.067   7.000   0.000   0.000   0.292   0.708   0.000   0.000   0.000   0.000   0.000   0.000
   0.067   7.000   0.000   0.000   0.291   0.709   0.000   0.000   0.000   0.000   0.000   0.000
   0.068   7.000   0.000   0.000   0.291   0.709   0.000   0.000   0.000   0.000   0.000   0.000
   0.068   7.000   0.000   0.000   0.291   0.709   0.000   0.000   0.000   0.000   0.000   0.000
   0.069   7.000   0.000   0.000   0.291   0.709   0.000   0.000   0.000   0.000   0.000   0.000
   0.069   7.000   0.000   0.000   0.290   0.709   0.000   0.000   0.000   0.000   0.000   0.000
   0.070   7.000   0.000   0.000   0.290   0.710   0.000   0.000   0.000   0.000   0.000   0.000
   0.070   7.000   0.000   0.000   0.290   0.710   0.000   0.000   0.000   0.000   0.000   0.000
   0.071   7.000   0.000   0.000   0.290   0.710   0.000   0.000   0.000   0.000   0.000   0.000
   0.071   7.000   0.000   0.000   0.290   0.710   0.000   0.000   0.000   0.000   0.000   0.000
   0.072   7.000   0.000   0.000   0.290   0.710   0.000   0.000   0.000   0.000   0.000   0.000
   0.072   7.000   0.000   0.000   0.289   0.710   0.000   0.000   0.000   0.000   0.000   0.000
   0.073   7.000   0.000   0.000   0.289   0.711   0.000   0.000   0.000   0.000   0.000   0.000
   0.073   7.000   0.000   0.000   0.289   0.711   0.000   0.000   0.000   0.000   0.000   0.000
   0.074   7.000   0.000   0.000   0.289   0.711   0.000   0.000   0.000   0.000   0.000   0.000
   0.074   7.000   0.000   0.000   0.289   0.711   0.000   0.000   0.000   0.000   0.000   0.000
   0.075   7.000   0.000   0.000   0.288   0.711   0.000   0.000   0.000   0.000   0.000   0.000
   0.075   7.000   0.000   0.000   0.288   0.712   0.000   0.000   0.000   0.000   0.000   0.000
    STEP   AVACS   MODE1   MODE2   MODE3   MODE4
       1   7.000   0.288   0.712   0.000   0.000
       2   5.000   0.213   0.787   0.000   0.000
       3   5.000   0.119   0.881   0.000   0.000
       4   4.000   0.001   0.998   0.000   0.000
       5   6.000   0.077   0.923   0.000   0.000
       6   6.000   0.129   0.871   0.000   0.000
       7   7.000   0.173   0.827   0.000   0.000
       8   6.000   0.208   0.792   0.000   0.000
       9   4.000   0.235   0.764   0.000   0.000
      10   4.000   0.270   0.729   0.000   0.001
      11   3.000   0.343   0.657   0.000   0.000
      12   5.000   0.511   0.487   0.002   0.000
      13   4.000   0.585   0.415   0.000   0.000
      14   5.000   0.575   0.425   0.000   0.000
      15   6.000   0.495   0.504   0.000   0.001
      16   4.000   0.402   0.597   0.000   0.001
      17   6.000   0.373   0.627   0.000   0.000
      18   7.000   0.342   0.658   0.000   0.000
      19   7.000   0.288   0.712   0.000   0.000
      20   5.000   0.213   0.787   0.000   0.000
      21   5.000   0.119   0.881   0.000   0.000
      22   4.000   0.001   0.998   0.000   0.000
      23   6.000   0.077   0.922   0.000   0.000
      24   6.000   0.129   0.870   0.000   0.001
      25   7.000   0.173   0.826   0.000   0.001
      26   6.000   0.208   0.791   0.000   0.001
      27   4.000   0.236   0.763   0.000   0.001
      28   4.000   0.271   0.729   0.000   0.000
      29   3.000   0.343   0.657   0.000   0.000
      30   5.000   0.509   0.484   0.000   0.007
      31   4.000   0.581   0.406   0.000   0.013
      32   5.000   0.573   0.423   0.000   0.004
      33   6.000   0.495   0.505   0.000   0.000
      34   4.000   0.402   0.598   0.000   0.000
      35   6.000   0.373   0.626   0.000   0.000
      36   7.000   0.342   0.658   0.000   0.000
  STRAIN   AVACS   PRITW   SECTW   MODE1   MODE2   MODE3   MODE4   TWFR3   EFFR3   TWFR4   EFFR4
   0.075   7.000   0.000   0.000   0.288   0.712   0.000   0.000   0.000   0.000   0.000   0.000
   0.076   7.000   0.000   0.000   0.288   0.712   0.000   0.000   0.000   0.000   0.000   0.000
   0.076   7.000   0.000   0.000   0.288   0.712   0.000   0.000   0.000   0.000   0.000   0.000
   0.077   7.000   0.000   0.000   0.288   0.712   0.000   0.000   0.000   0.000   0.000   0.000
   0.077   7.000   0.000   0.000   0.287   0.713   0.000   0.000   0.000   0.000   0.000   0.000
   0.078   7.000   0.000   0.000   0.287   0.713   0.000   0.000   0.000   0.000   0.000   0.000
   0.078   7.000   0.000   0.000   0.287   0.713   0.000   0.000   0.000   0.000   0.000   0.000
   0.079   7.000   0.000   0.000   0.287   0.713   0.000   0.000   0.000   0.000   0.000   0.000
   0.079   7.000   0.000   0.000   0.286   0.714   0.000   0.000   0.000   0.000   0.000   0.000
   0.080   7.000   0.000   0.000   0.286   0.714   0.000   0.000   0.000   0.000   0.000   0.000
   0.080   7.000   0.000   0.000   0.286   0.714   0.000   0.000   0.000   0.000   0.000   0.000
   0.081   7.000   0.000   0.000   0.286   0.714   0.000   0.000   0.000   0.000   0.000   0.000
   0.081   7.000   0.000   0.000   0.285   0.714   0.000   0.000   0.000   0.000   0.000   0.000
   0.082   7.000   0.000   0.000   0.285   0.715   0.000   0.000   0.000   0.000   0.000   0.000
   0.082   7.000   0.000   0.000   0.285   0.715   0.000   0.000   0.000   0.000   0.000   0.000
   0.083   7.000   0.000   0.000   0.285   0.715   0.000   0.000   0.000   0.000   0.000   0.000
   0.083   7.000   0.000   0.000   0.285   0.715   0.000   0.000   0.000   0.000   0.000   0.000
   0.084   7.000   0.000   0.000   0.284   0.716   0.000   0.000   0.000   0.000   0.000   0.000
   0.084   7.000   0.000   0.000   0.284   0.716   0.000   0.000   0.000   0.000   0.000   0.000
   0.085   7.000   0.000   0.000   0.284   0.716   0.000   0.000   0.000   0.000   0.000   0.000
   0.085   7.000   0.000   0.000   0.284   0.716   0.000   0.000   0.000   0.000   0.000   0.000
   0.086   7.000   0.000   0.000   0.283   0.716   0.000   0.000   0.000   0.000   0.000   0.000
   0.086   7.000   0.000   0.000   0.283   0.717   0.000   0.000   0.000   0.000   0.000   0.000
   0.087   7.000   0.000   0.000   0.283   0.717   0.000   0.000   0.000   0.000   0.000   0.000
   0.087   7.000   0.000   0.000   0.283   0.717   0.000   0.000   0.000   0.000   0.000   0.000
   0.088   7.000   0.000   0.000   0.283   0.717   0.000   0.000   0.000   0.000   0.000   0.000
   0.088   7.000   0.000   0.000   0.282   0.718   0.000   0.000   0.000   0.000   0.000   0.000
   0.089   7.000   0.000   0.000   0.282   0.718   0.000   0.000   0.000   0.000   0.000   0.000
   0.089   7.000   0.000   0.000   0.282   0.718   0.000   0.000   0.000   0.000   0.000   0.000
   0.090   7.000   0.000   0.000   0.282   0.718   0.000   0.000   0.000   0.000   0.000   0.000
   0.090   7.000   0.000   0.000   0.281   0.719   0.000   0.000   0.000   0.000   0.000   0.000
   0.091   7.000   0.000   0.000   0.281   0.719   0.000   0.000   0.000   0.000   0.000   0.000
   0.091   7.000   0.000   0.000   0.281   0.719   0.000   0.000   0.000   0.000   0.000   0.000
   0.092   7.000   0.000   0.000   0.281   0.719   0.000   0.000   0.000   0.000   0.000   0.000
   0.092   7.000   0.000   0.000   0.280   0.719   0.000   0.000   0.000   0.000   0.000   0.000
   0.093   7.000   0.000   0.000   0.280   0.720   0.000   0.000   0.000   0.000   0.000   0.000
   0.093   7.000   0.000   0.000   0.280   0.720   0.000   0.000   0.000   0.000   0.000   0.000
   0.094   7.000   0.000   0.000   0.280   0.720   0.000   0.000   0.000   0.000   0.000   0.000
   0.094   7.000   0.000   0.000   0.279   0.720   0.000   0.000   0.000   0.000   0.000   0.000
   0.095   7.000   0.000   0.000   0.279   0.721   0.000   0.000   0.000   0.000   0.000   0.000
   0.095   7.000   0.000   0.000   0.279   0.721   0.000   0.000   0.000   0.000   0.000   0.000
   0.096   7.000   0.000   0.000   0.279   0.721   0.000   0.000   0.000   0.000   0.000   0.000
   0.096   7.000   0.000   0.000   0.279   0.721   0.000   0.000   0.000   0.000   0.000   0.000
   0.097   7.000   0.000   0.000   0.278   0.722   0.000   0.000   0.000   0.000   0.000   0.000
   0.097   7.000   0.000   0.000   0.278   0.722   0.000   0.000   0.000   0.000   0.000   0.000
   0.098   7.000   0.000   0.000   0.278   0.722   0.000   0.000   0.000   0.000   0.000   0.000
   0.098   7.000   0.000   0.000   0.278   0.722   0.000   0.000   0.000   0.000   0.000   0.000
   0.099   7.000   0.000   0.000   0.277   0.723   0.000   0.000   0.000   0.000   0.000   0.000
   0.099   7.000   0.000   0.000   0.277   0.723   0.000   0.000   0.000   0.000   0.000   0.000
   0.100   7.000   0.000   0.000   0.277   0.723   0.000   0.000   0.000   0.000   0.000   0.000
   0.100   7.000   0.000   0.000   0.277   0.723   0.000   0.000   0.000   0.000   0.000   0.000
    STEP   AVACS   MODE1   MODE2   MODE3   MODE4
       1   7.000   0.277   0.723   0.000   0.000
       2   7.000   0.204   0.796   0.000   0.000
       3   5.000   0.113   0.887   0.000   0.000
       4   4.000   0.001   0.999   0.000   0.000
       5   6.000   0.071   0.929   0.000   0.000
       6   6.000   0.123   0.877   0.000   0.000
       7   6.000   0.165   0.835   0.000   0.000
       8   6.000   0.201   0.799   0.000   0.000
       9   4.000   0.232   0.768   0.000   0.000
      10   4.000   0.280   0.719   0.000   0.001
      11   3.000   0.344   0.656   0.000   0.000
      12   5.000   0.511   0.487   0.001   0.000
      13   4.000   0.583   0.416   0.001   0.000
      14   5.000   0.566   0.434   0.000   0.000
      15   6.000   0.477   0.522   0.000   0.001
      16   4.000   0.385   0.615   0.000   0.000
      17   6.000   0.365   0.635   0.000   0.000
      18   7.000   0.330   0.670   0.000   0.000
      19   7.000   0.277   0.723   0.000   0.000
      20   7.000   0.204   0.796   0.000   0.000
      21   5.000   0.113   0.887   0.000   0.000
      22   4.000   0.001   0.999   0.000   0.000
      23   6.000   0.071   0.929   0.000   0.000
      24   6.000   0.123   0.877   0.000   0.001
      25   6.000   0.165   0.834   0.000   0.001
      26   6.000   0.201   0.798   0.000   0.001
      27   4.000   0.232   0.767   0.000   0.001
      28   4.000   0.281   0.719   0.000   0.000
      29   3.000   0.344   0.656   0.000   0.000
      30   5.000   0.509   0.484   0.000   0.007
      31   4.000   0.579   0.407   0.000   0.014
      32   5.000   0.565   0.431   0.000   0.004
      33   6.000   0.477   0.523   0.000   0.000
      34   4.000   0.385   0.615   0.000   0.000
      35   6.000   0.365   0.634   0.000   0.000
      36   7.000   0.330   0.669   0.000   0.000
  STRAIN   AVACS   PRITW   SECTW   MODE1   MODE2   MODE3   MODE4   TWFR3   EFFR3   TWFR4   EFFR4
   0.100   7.000   0.000   0.000   0.277   0.723   0.000   0.000   0.000   0.000   0.000   0.000
   0.101   7.000   0.000   0.000   0.276   0.724   0.000   0.000   0.000   0.000   0.000   0.000
   0.101   7.000   0.000   0.000   0.276   0.724   0.000   0.000   0.000   0.000   0.000   0.000
   0.102   7.000   0.000   0.000   0.276   0.724   0.000   0.000   0.000   0.000   0.000   0.000
   0.102   7.000   0.000   0.000   0.275   0.724   0.000   0.000   0.000   0.000   0.000   0.000
   0.103   7.000   0.000   0.000   0.275   0.725   0.000   0.000   0.000   0.000   0.000   0.000
   0.103   7.000   0.000   0.000   0.275   0.725   0.000   0.000   0.000   0.000   0.000   0.000
   0.104   7.000   0.000   0.000   0.275   0.725   0.000   0.000   0.000   0.000   0.000   0.000
   0.104   7.000   0.000   0.000   0.274   0.725   0.000   0.000   0.000   0.000   0.000   0.000
   0.105   7.000   0.000   0.000   0.274   0.726   0.000   0.000   0.000   0.000   0.000   0.000
   0.105   7.000   0.000   0.000   0.274   0.726   0.000   0.000   0.000   0.000   0.000   0.000
   0.106   7.000   0.000   0.000   0.274   0.726   0.000   0.000   0.000   0.000   0.000   0.000
   0.106   7.000   0.000   0.000   0.273   0.727   0.000   0.000   0.000   0.000   0.000   0.000
   0.107   7.000   0.000   0.000   0.273   0.727   0.000   0.000   0.000   0.000   0.000   0.000
   0.107   7.000   0.000   0.000   0.273   0.727   0.000   0.000   0.000   0.000   0.000   0.000
   0.108   7.000   0.000   0.000   0.273   0.727   0.000   0.000   0.000   0.000   0.000   0.000
   0.108   7.000   0.000   0.000   0.272   0.728   0.000   0.000   0.000   0.000   0.000   0.000
   0.109   7.000   0.000   0.000   0.272   0.728   0.000   0.000   0.000   0.000   0.000   0.000
   0.109   7.000   0.000   0.000   0.272   0.728   0.000   0.000   0.000   0.000   0.000   0.000
   0.110   7.000   0.000   0.000   0.272   0.728   0.000   0.000   0.000   0.000   0.000   0.000
   0.110   7.000   0.000   0.000   0.271   0.729   0.000   0.000   0.000   0.000   0.000   0.000
   0.111   7.000   0.000   0.000   0.271   0.729   0.000   0.000   0.000   0.000   0.000   0.000
   0.111   7.000   0.000   0.000   0.271   0.729   0.000   0.000   0.000   0.000   0.000   0.000
   0.112   7.000   0.000   0.000   0.270   0.730   0.000   0.000   0.000   0.000   0.000   0.000
   0.112   7.000   0.000   0.000   0.270   0.730   0.000   0.000   0.000   0.000   0.000   0.000
   0.113   7.000   0.000   0.000   0.270   0.730   0.000   0.000   0.000   0.000   0.000   0.000
   0.113   7.000   0.000   0.000   0.270   0.730   0.000   0.000   0.000   0.000   0.000   0.000
   0.114   7.000   0.000   0.000   0.269   0.731   0.000   0.000   0.000   0.000   0.000   0.000
   0.114   7.000   0.000   0.000   0.269   0.731   0.000   0.000   0.000   0.000   0.000   0.000
   0.115   7.000   0.000   0.000   0.269   0.731   0.000   0.000   0.000   0.000   0.000   0.000
   0.115   7.000   0.000   0.000   0.268   0.731   0.000   0.000   0.000   0.000   0.000   0.000
   0.116   7.000   0.000   0.000   0.268   0.732   0.000   0.000   0.000   0.000   0.000   0.000
   0.116   7.000   0.000   0.000   0.268   0.732   0.000   0.000   0.000   0.000   0.000   0.000
   0.117   7.000   0.000   0.000   0.268   0.732   0.000   0.000   0.000   0.000   0.000   0.000
   0.117   7.000   0.000   0.000   0.267   0.733   0.000   0.000   0.000   0.000   0.000   0.000
   0.118   7.000   0.000   0.000   0.267   0.733   0.000   0.000   0.000   0.000   0.000   0.000
   0.118   7.000   0.000   0.000   0.267   0.733   0.000   0.000   0.000   0.000   0.000   0.000
   0.119   7.000   0.000   0.000   0.266   0.733   0.000   0.000   0.000   0.000   0.000   0.000
   0.119   7.000   0.000   0.000   0.266   0.734   0.000   0.000   0.000   0.000   0.000   0.000
   0.120   7.000   0.000   0.000   0.266   0.734   0.000   0.000   0.000   0.000   0.000   0.000
   0.120   7.000   0.000   0.000   0.266   0.734   0.000   0.000   0.000   0.000   0.000   0.000
   0.121   7.000   0.000   0.000   0.265   0.735   0.000   0.000   0.000   0.000   0.000   0.000
   0.121   7.000   0.000   0.000   0.265   0.735   0.000   0.000   0.000   0.000   0.000   0.000
   0.122   7.000   0.000   0.000   0.265   0.735   0.000   0.000   0.000   0.000   0.000   0.000
   0.122   7.000   0.000   0.000   0.264   0.736   0.000   0.000   0.000   0.000   0.000   0.000
   0.123   7.000   0.000   0.000   0.264   0.736   0.000   0.000   0.000   0.000   0.000   0.000
   0.123   7.000   0.000   0.000   0.264   0.736   0.000   0.000   0.000   0.000   0.000   0.000
   0.124   7.000   0.000   0.000   0.264   0.736   0.000   0.000   0.000   0.000   0.000   0.000
   0.124   7.000   0.000   0.000   0.263   0.737   0.000   0.000   0.000   0.000   0.000   0.000
   0.125   7.000   0.000   0.000   0.263   0.737   0.000   0.000   0.000   0.000   0.000   0.000
   0.125   7.000   0.000   0.000   0.263   0.737   0.000   0.000   0.000   0.000   0.000   0.000
    STEP   AVACS   MODE1   MODE2   MODE3   MODE4
       1   7.000   0.263   0.737   0.000   0.000
       2   7.000   0.192   0.808   0.000   0.000
       3   5.000   0.105   0.895   0.000   0.000
       4   4.000   0.000   0.999   0.000   0.000
       5   6.000   0.064   0.936   0.000   0.000
       6   6.000   0.117   0.883   0.000   0.000
       7   6.000   0.160   0.840   0.000   0.000
       8   6.000   0.198   0.802   0.000   0.000
       9   4.000   0.239   0.761   0.000   0.000
      10   5.000   0.290   0.709   0.000   0.001
      11   4.000   0.348   0.652   0.000   0.000
      12   5.000   0.512   0.487   0.001   0.000
      13   4.000   0.582   0.418   0.001   0.000
      14   5.000   0.558   0.442   0.000   0.000
      15   6.000   0.458   0.541   0.000   0.001
      16   5.000   0.379   0.621   0.000   0.000
      17   7.000   0.356   0.644   0.000   0.000
      18   7.000   0.317   0.683   0.000   0.000
      19   7.000   0.263   0.737   0.000   0.000
      20   7.000   0.192   0.808   0.000   0.000
      21   5.000   0.105   0.895   0.000   0.000
      22   4.000   0.000   0.999   0.000   0.000
      23   6.000   0.064   0.936   0.000   0.000
      24   6.000   0.117   0.883   0.000   0.000
      25   6.000   0.160   0.840   0.000   0.000
      26   6.000   0.198   0.802   0.000   0.000
      27   4.000   0.239   0.761   0.000   0.000
      28   5.000   0.291   0.709   0.000   0.000
      29   4.000   0.348   0.652   0.000   0.000
      30   5.000   0.510   0.484   0.000   0.005
      31   4.000   0.579   0.410   0.000   0.010
      32   5.000   0.557   0.440   0.000   0.003
      33   6.000   0.458   0.542   0.000   0.000
      34   5.000   0.379   0.621   0.000   0.000
      35   7.000   0.356   0.644   0.000   0.000
      36   7.000   0.317   0.683   0.000   0.000
