          Evm          Svm            E11          E22          E33          E23          E13          E12         SDEV11       SDEV22       SDEV33       SDEV23       SDEV13       SDEV12      TEMP
  0.00000E+00  0.46596E+03    0.00000E+00  0.00000E+00  0.00000E+00  0.00000E+00  0.00000E+00  0.00000E+00   -0.10970E+03 -0.15477E+03  0.26447E+03  0.76865E+02  0.55578E+02 -0.10202E+03      298.00
  0.42569E-03  0.47653E+03   -0.25000E-03 -0.25000E-03  0.50000E-03  0.00000E+00  0.00000E+00  0.00000E+00   -0.11368E+03 -0.15806E+03  0.27174E+03  0.78606E+02  0.56154E+02 -0.10241E+03      298.00
  0.85338E-03  0.48671E+03   -0.50000E-03 -0.50000E-03  0.10000E-02  0.00000E+00  0.00000E+00  0.00000E+00   -0.11727E+03 -0.16134E+03  0.27860E+03  0.80169E+02  0.56779E+02 -0.10301E+03      298.00
  0.12827E-02  0.49676E+03   -0.75000E-03 -0.75000E-03  0.15000E-02  0.00000E+00  0.00000E+00  0.00000E+00   -0.12062E+03 -0.16462E+03  0.28524E+03  0.81673E+02  0.57453E+02 -0.10382E+03      298.00
  0.17133E-02  0.50661E+03   -0.10000E-02 -0.10000E-02  0.20000E-02  0.00000E+00  0.00000E+00  0.00000E+00   -0.12384E+03 -0.16780E+03  0.29164E+03  0.83135E+02  0.58104E+02 -0.10483E+03      298.00
  0.21451E-02  0.51647E+03   -0.12500E-02 -0.12500E-02  0.25000E-02  0.00000E+00  0.00000E+00  0.00000E+00   -0.12691E+03 -0.17103E+03  0.29793E+03  0.84565E+02  0.58808E+02 -0.10603E+03      298.00
  0.25778E-02  0.52592E+03   -0.15000E-02 -0.15000E-02  0.30000E-02  0.00000E+00  0.00000E+00  0.00000E+00   -0.12976E+03 -0.17415E+03  0.30392E+03  0.85894E+02  0.59491E+02 -0.10731E+03      298.00
  0.30112E-02  0.53520E+03   -0.17500E-02 -0.17500E-02  0.35000E-02  0.00000E+00  0.00000E+00  0.00000E+00   -0.13246E+03 -0.17726E+03  0.30972E+03  0.87161E+02  0.60188E+02 -0.10868E+03      298.00
  0.34452E-02  0.54439E+03   -0.20000E-02 -0.20000E-02  0.40000E-02  0.00000E+00  0.00000E+00  0.00000E+00   -0.13512E+03 -0.18030E+03  0.31542E+03  0.88427E+02  0.60865E+02 -0.11017E+03      298.00
  0.38797E-02  0.55283E+03   -0.22500E-02 -0.22500E-02  0.45000E-02  0.00000E+00  0.00000E+00  0.00000E+00   -0.13745E+03 -0.18319E+03  0.32064E+03  0.89505E+02  0.61511E+02 -0.11156E+03      298.00
  0.43147E-02  0.56208E+03   -0.25000E-02 -0.25000E-02  0.50000E-02  0.00000E+00  0.00000E+00  0.00000E+00   -0.13999E+03 -0.18627E+03  0.32626E+03  0.90754E+02  0.62226E+02 -0.11328E+03      298.00
  0.47501E-02  0.57055E+03   -0.27500E-02 -0.27500E-02  0.55000E-02  0.00000E+00  0.00000E+00  0.00000E+00   -0.14227E+03 -0.18915E+03  0.33142E+03  0.91838E+02  0.62873E+02 -0.11487E+03      298.00
  0.51857E-02  0.57869E+03   -0.30000E-02 -0.30000E-02  0.60000E-02  0.00000E+00  0.00000E+00  0.00000E+00   -0.14442E+03 -0.19194E+03  0.33636E+03  0.92850E+02  0.63493E+02 -0.11644E+03      298.00
  0.56217E-02  0.58702E+03   -0.32500E-02 -0.32500E-02  0.65000E-02  0.00000E+00  0.00000E+00  0.00000E+00   -0.14662E+03 -0.19475E+03  0.34137E+03  0.93903E+02  0.64120E+02 -0.11813E+03      298.00
  0.60578E-02  0.59520E+03   -0.35000E-02 -0.35000E-02  0.70000E-02  0.00000E+00  0.00000E+00  0.00000E+00   -0.14872E+03 -0.19756E+03  0.34628E+03  0.94909E+02  0.64753E+02 -0.11984E+03      298.00
  0.64942E-02  0.60325E+03   -0.37500E-02 -0.37500E-02  0.75000E-02  0.00000E+00  0.00000E+00  0.00000E+00   -0.15075E+03 -0.20034E+03  0.35109E+03  0.95876E+02  0.65381E+02 -0.12155E+03      298.00
  0.69307E-02  0.61117E+03   -0.40000E-02 -0.40000E-02  0.80000E-02  0.00000E+00  0.00000E+00  0.00000E+00   -0.15272E+03 -0.20310E+03  0.35582E+03  0.96807E+02  0.65999E+02 -0.12327E+03      298.00
  0.73673E-02  0.61896E+03   -0.42500E-02 -0.42500E-02  0.85000E-02  0.00000E+00  0.00000E+00  0.00000E+00   -0.15464E+03 -0.20582E+03  0.36045E+03  0.97706E+02  0.66605E+02 -0.12498E+03      298.00
  0.78041E-02  0.62662E+03   -0.45000E-02 -0.45000E-02  0.90000E-02  0.00000E+00  0.00000E+00  0.00000E+00   -0.15650E+03 -0.20850E+03  0.36500E+03  0.98575E+02  0.67196E+02 -0.12670E+03      298.00
  0.82409E-02  0.63415E+03   -0.47500E-02 -0.47500E-02  0.95000E-02  0.00000E+00  0.00000E+00  0.00000E+00   -0.15833E+03 -0.21115E+03  0.36948E+03  0.99413E+02  0.67773E+02 -0.12841E+03      298.00
  0.86779E-02  0.64157E+03   -0.50000E-02 -0.50000E-02  0.10000E-01  0.00000E+00  0.00000E+00  0.00000E+00   -0.16011E+03 -0.21377E+03  0.37388E+03  0.10022E+03  0.68334E+02 -0.13012E+03      298.00
  0.91150E-02  0.64959E+03   -0.52500E-02 -0.52500E-02  0.10500E-01  0.00000E+00  0.00000E+00  0.00000E+00   -0.16187E+03 -0.21674E+03  0.37861E+03  0.10104E+03  0.69058E+02 -0.13198E+03      298.00
  0.95521E-02  0.65676E+03   -0.55000E-02 -0.55000E-02  0.11000E-01  0.00000E+00  0.00000E+00  0.00000E+00   -0.16358E+03 -0.21927E+03  0.38285E+03  0.10180E+03  0.69579E+02 -0.13366E+03      298.00
  0.99893E-02  0.66382E+03   -0.57500E-02 -0.57500E-02  0.11500E-01  0.00000E+00  0.00000E+00  0.00000E+00   -0.16527E+03 -0.22177E+03  0.38704E+03  0.10253E+03  0.70085E+02 -0.13533E+03      298.00
  0.10427E-01  0.67076E+03   -0.60000E-02 -0.60000E-02  0.12000E-01  0.00000E+00  0.00000E+00  0.00000E+00   -0.16692E+03 -0.22424E+03  0.39115E+03  0.10323E+03  0.70574E+02 -0.13698E+03      298.00
  0.10864E-01  0.67760E+03   -0.62500E-02 -0.62500E-02  0.12500E-01  0.00000E+00  0.00000E+00  0.00000E+00   -0.16854E+03 -0.22667E+03  0.39521E+03  0.10391E+03  0.71046E+02 -0.13862E+03      298.00
  0.11301E-01  0.68433E+03   -0.65000E-02 -0.65000E-02  0.13000E-01  0.00000E+00  0.00000E+00  0.00000E+00   -0.17013E+03 -0.22907E+03  0.39920E+03  0.10457E+03  0.71503E+02 -0.14023E+03      298.00
  0.11739E-01  0.69080E+03   -0.67500E-02 -0.67500E-02  0.13500E-01  0.00000E+00  0.00000E+00  0.00000E+00   -0.17172E+03 -0.23133E+03  0.40305E+03  0.10521E+03  0.71884E+02 -0.14181E+03      298.00
  0.12176E-01  0.69733E+03   -0.70000E-02 -0.70000E-02  0.14000E-01  0.00000E+00  0.00000E+00  0.00000E+00   -0.17327E+03 -0.23365E+03  0.40692E+03  0.10582E+03  0.72301E+02 -0.14339E+03      298.00
  0.12614E-01  0.70277E+03   -0.72500E-02 -0.72500E-02  0.14500E-01  0.00000E+00  0.00000E+00  0.00000E+00   -0.17454E+03 -0.23567E+03  0.41021E+03  0.10626E+03  0.72628E+02 -0.14466E+03      298.00
  0.13052E-01  0.70909E+03   -0.75000E-02 -0.75000E-02  0.15000E-01  0.00000E+00  0.00000E+00  0.00000E+00   -0.17596E+03 -0.23801E+03  0.41397E+03  0.10679E+03  0.73059E+02 -0.14619E+03      298.00
  0.13490E-01  0.71532E+03   -0.77500E-02 -0.77500E-02  0.15500E-01  0.00000E+00  0.00000E+00  0.00000E+00   -0.17737E+03 -0.24031E+03  0.41768E+03  0.10730E+03  0.73471E+02 -0.14770E+03      298.00
  0.13928E-01  0.72145E+03   -0.80000E-02 -0.80000E-02  0.16000E-01  0.00000E+00  0.00000E+00  0.00000E+00   -0.17877E+03 -0.24257E+03  0.42134E+03  0.10780E+03  0.73860E+02 -0.14919E+03      298.00
  0.14366E-01  0.72748E+03   -0.82500E-02 -0.82500E-02  0.16500E-01  0.00000E+00  0.00000E+00  0.00000E+00   -0.18016E+03 -0.24478E+03  0.42494E+03  0.10828E+03  0.74226E+02 -0.15067E+03      298.00
  0.14804E-01  0.73342E+03   -0.85000E-02 -0.85000E-02  0.17000E-01  0.00000E+00  0.00000E+00  0.00000E+00   -0.18154E+03 -0.24696E+03  0.42850E+03  0.10875E+03  0.74569E+02 -0.15212E+03      298.00
  0.15242E-01  0.73927E+03   -0.87500E-02 -0.87500E-02  0.17500E-01  0.00000E+00  0.00000E+00  0.00000E+00   -0.18290E+03 -0.24909E+03  0.43200E+03  0.10920E+03  0.74890E+02 -0.15356E+03      298.00
  0.15680E-01  0.74502E+03   -0.90000E-02 -0.90000E-02  0.18000E-01  0.00000E+00  0.00000E+00  0.00000E+00   -0.18426E+03 -0.25119E+03  0.43545E+03  0.10963E+03  0.75191E+02 -0.15497E+03      298.00
  0.16119E-01  0.75068E+03   -0.92500E-02 -0.92500E-02  0.18500E-01  0.00000E+00  0.00000E+00  0.00000E+00   -0.18560E+03 -0.25324E+03  0.43885E+03  0.11005E+03  0.75472E+02 -0.15637E+03      298.00
  0.16557E-01  0.75625E+03   -0.95000E-02 -0.95000E-02  0.19000E-01  0.00000E+00  0.00000E+00  0.00000E+00   -0.18693E+03 -0.25527E+03  0.44220E+03  0.11045E+03  0.75736E+02 -0.15775E+03      298.00
  0.16996E-01  0.76174E+03   -0.97500E-02 -0.97500E-02  0.19500E-01  0.00000E+00  0.00000E+00  0.00000E+00   -0.18824E+03 -0.25726E+03  0.44550E+03  0.11084E+03  0.75984E+02 -0.15910E+03      298.00
  0.17434E-01  0.76713E+03   -0.10000E-01 -0.10000E-01  0.20000E-01  0.00000E+00  0.00000E+00  0.00000E+00   -0.18953E+03 -0.25923E+03  0.44876E+03  0.11120E+03  0.76215E+02 -0.16044E+03      298.00
  0.17873E-01  0.77245E+03   -0.10250E-01 -0.10250E-01  0.20500E-01  0.00000E+00  0.00000E+00  0.00000E+00   -0.19081E+03 -0.26116E+03  0.45197E+03  0.11155E+03  0.76431E+02 -0.16175E+03      298.00
  0.18312E-01  0.77767E+03   -0.10500E-01 -0.10500E-01  0.21000E-01  0.00000E+00  0.00000E+00  0.00000E+00   -0.19207E+03 -0.26306E+03  0.45513E+03  0.11188E+03  0.76633E+02 -0.16304E+03      298.00
  0.18751E-01  0.78282E+03   -0.10750E-01 -0.10750E-01  0.21500E-01  0.00000E+00  0.00000E+00  0.00000E+00   -0.19331E+03 -0.26494E+03  0.45825E+03  0.11219E+03  0.76820E+02 -0.16431E+03      298.00
  0.19190E-01  0.78788E+03   -0.11000E-01 -0.11000E-01  0.22000E-01  0.00000E+00  0.00000E+00  0.00000E+00   -0.19454E+03 -0.26679E+03  0.46133E+03  0.11249E+03  0.76994E+02 -0.16557E+03      298.00
  0.19629E-01  0.79286E+03   -0.11250E-01 -0.11250E-01  0.22500E-01  0.00000E+00  0.00000E+00  0.00000E+00   -0.19574E+03 -0.26862E+03  0.46436E+03  0.11277E+03  0.77155E+02 -0.16680E+03      298.00
  0.20068E-01  0.79776E+03   -0.11500E-01 -0.11500E-01  0.23000E-01  0.00000E+00  0.00000E+00  0.00000E+00   -0.19694E+03 -0.27041E+03  0.46735E+03  0.11303E+03  0.77302E+02 -0.16801E+03      298.00
  0.20508E-01  0.80342E+03   -0.11750E-01 -0.11750E-01  0.23500E-01  0.00000E+00  0.00000E+00  0.00000E+00   -0.19813E+03 -0.27264E+03  0.47076E+03  0.11330E+03  0.77610E+02 -0.16942E+03      298.00
  0.20947E-01  0.80737E+03   -0.12000E-01 -0.12000E-01  0.24000E-01  0.00000E+00  0.00000E+00  0.00000E+00   -0.19925E+03 -0.27397E+03  0.47322E+03  0.11350E+03  0.77577E+02 -0.17038E+03      298.00
  0.21387E-01  0.81282E+03   -0.12250E-01 -0.12250E-01  0.24500E-01  0.00000E+00  0.00000E+00  0.00000E+00   -0.20043E+03 -0.27610E+03  0.47653E+03  0.11374E+03  0.77837E+02 -0.17174E+03      298.00
  0.21826E-01  0.81739E+03   -0.12500E-01 -0.12500E-01  0.25000E-01  0.00000E+00  0.00000E+00  0.00000E+00   -0.20150E+03 -0.27783E+03  0.47933E+03  0.11391E+03  0.77958E+02 -0.17285E+03      298.00
          Evm          Svm            E11          E22          E33          E23          E13          E12         SDEV11       SDEV22       SDEV33       SDEV23       SDEV13       SDEV12      TEMP
  0.21826E-01  0.81703E+03   -0.12500E-01 -0.12500E-01  0.25000E-01  0.00000E+00  0.00000E+00  0.00000E+00   -0.20174E+03 -0.27739E+03  0.47913E+03  0.11402E+03  0.77738E+02 -0.17281E+03      298.00
  0.22266E-01  0.82192E+03   -0.12750E-01 -0.12750E-01  0.25500E-01  0.00000E+00  0.00000E+00  0.00000E+00   -0.20270E+03 -0.27943E+03  0.48212E+03  0.11413E+03  0.77993E+02 -0.17399E+03      298.00
  0.22706E-01  0.82635E+03   -0.13000E-01 -0.13000E-01  0.26000E-01  0.00000E+00  0.00000E+00  0.00000E+00   -0.20372E+03 -0.28114E+03  0.48486E+03  0.11425E+03  0.78108E+02 -0.17506E+03      298.00
  0.23146E-01  0.83072E+03   -0.13250E-01 -0.13250E-01  0.26500E-01  0.00000E+00  0.00000E+00  0.00000E+00   -0.20478E+03 -0.28279E+03  0.48757E+03  0.11439E+03  0.78181E+02 -0.17613E+03      298.00
  0.23586E-01  0.83503E+03   -0.13500E-01 -0.13500E-01  0.27000E-01  0.00000E+00  0.00000E+00  0.00000E+00   -0.20584E+03 -0.28440E+03  0.49023E+03  0.11453E+03  0.78232E+02 -0.17719E+03      298.00
  0.24027E-01  0.83926E+03   -0.13750E-01 -0.13750E-01  0.27500E-01  0.00000E+00  0.00000E+00  0.00000E+00   -0.20689E+03 -0.28598E+03  0.49287E+03  0.11465E+03  0.78269E+02 -0.17823E+03      298.00
  0.24467E-01  0.84343E+03   -0.14000E-01 -0.14000E-01  0.28000E-01  0.00000E+00  0.00000E+00  0.00000E+00   -0.20793E+03 -0.28753E+03  0.49546E+03  0.11476E+03  0.78292E+02 -0.17925E+03      298.00
  0.24908E-01  0.84753E+03   -0.14250E-01 -0.14250E-01  0.28500E-01  0.00000E+00  0.00000E+00  0.00000E+00   -0.20896E+03 -0.28906E+03  0.49802E+03  0.11486E+03  0.78304E+02 -0.18026E+03      298.00
  0.25348E-01  0.85157E+03   -0.14500E-01 -0.14500E-01  0.29000E-01  0.00000E+00  0.00000E+00  0.00000E+00   -0.20998E+03 -0.29056E+03  0.50054E+03  0.11494E+03  0.78305E+02 -0.18125E+03      298.00
  0.25789E-01  0.85554E+03   -0.14750E-01 -0.14750E-01  0.29500E-01  0.00000E+00  0.00000E+00  0.00000E+00   -0.21098E+03 -0.29205E+03  0.50303E+03  0.11501E+03  0.78294E+02 -0.18222E+03      298.00
  0.26230E-01  0.85945E+03   -0.15000E-01 -0.15000E-01  0.30000E-01  0.00000E+00  0.00000E+00  0.00000E+00   -0.21197E+03 -0.29351E+03  0.50548E+03  0.11507E+03  0.78273E+02 -0.18318E+03      298.00
  0.26671E-01  0.86329E+03   -0.15250E-01 -0.15250E-01  0.30500E-01  0.00000E+00  0.00000E+00  0.00000E+00   -0.21296E+03 -0.29495E+03  0.50790E+03  0.11512E+03  0.78240E+02 -0.18412E+03      298.00
  0.27113E-01  0.86708E+03   -0.15500E-01 -0.15500E-01  0.31000E-01  0.00000E+00  0.00000E+00  0.00000E+00   -0.21393E+03 -0.29636E+03  0.51029E+03  0.11515E+03  0.78195E+02 -0.18504E+03      298.00
  0.27554E-01  0.87080E+03   -0.15750E-01 -0.15750E-01  0.31500E-01  0.00000E+00  0.00000E+00  0.00000E+00   -0.21489E+03 -0.29775E+03  0.51264E+03  0.11518E+03  0.78135E+02 -0.18595E+03      298.00
  0.27995E-01  0.87447E+03   -0.16000E-01 -0.16000E-01  0.32000E-01  0.00000E+00  0.00000E+00  0.00000E+00   -0.21588E+03 -0.29908E+03  0.51496E+03  0.11522E+03  0.78044E+02 -0.18685E+03      298.00
  0.28437E-01  0.87812E+03   -0.16250E-01 -0.16250E-01  0.32500E-01  0.00000E+00  0.00000E+00  0.00000E+00   -0.21711E+03 -0.30016E+03  0.51727E+03  0.11536E+03  0.77804E+02 -0.18781E+03      298.00
  0.28879E-01  0.88166E+03   -0.16500E-01 -0.16500E-01  0.33000E-01  0.00000E+00  0.00000E+00  0.00000E+00   -0.21788E+03 -0.30164E+03  0.51953E+03  0.11527E+03  0.77809E+02 -0.18864E+03      298.00
  0.29321E-01  0.88515E+03   -0.16750E-01 -0.16750E-01  0.33500E-01  0.00000E+00  0.00000E+00  0.00000E+00   -0.21874E+03 -0.30301E+03  0.52175E+03  0.11522E+03  0.77749E+02 -0.18947E+03      298.00
  0.29763E-01  0.88859E+03   -0.17000E-01 -0.17000E-01  0.34000E-01  0.00000E+00  0.00000E+00  0.00000E+00   -0.21962E+03 -0.30433E+03  0.52395E+03  0.11518E+03  0.77659E+02 -0.19030E+03      298.00
  0.30205E-01  0.89196E+03   -0.17250E-01 -0.17250E-01  0.34500E-01  0.00000E+00  0.00000E+00  0.00000E+00   -0.22049E+03 -0.30562E+03  0.52611E+03  0.11513E+03  0.77557E+02 -0.19112E+03      298.00
  0.30648E-01  0.89529E+03   -0.17500E-01 -0.17500E-01  0.35000E-01  0.00000E+00  0.00000E+00  0.00000E+00   -0.22135E+03 -0.30689E+03  0.52824E+03  0.11506E+03  0.77447E+02 -0.19192E+03      298.00
  0.31090E-01  0.89856E+03   -0.17750E-01 -0.17750E-01  0.35500E-01  0.00000E+00  0.00000E+00  0.00000E+00   -0.22220E+03 -0.30815E+03  0.53035E+03  0.11499E+03  0.77329E+02 -0.19270E+03      298.00
  0.31533E-01  0.90178E+03   -0.18000E-01 -0.18000E-01  0.36000E-01  0.00000E+00  0.00000E+00  0.00000E+00   -0.22304E+03 -0.30939E+03  0.53243E+03  0.11491E+03  0.77203E+02 -0.19347E+03      298.00
  0.31976E-01  0.90495E+03   -0.18250E-01 -0.18250E-01  0.36500E-01  0.00000E+00  0.00000E+00  0.00000E+00   -0.22386E+03 -0.31061E+03  0.53448E+03  0.11481E+03  0.77069E+02 -0.19423E+03      298.00
  0.32419E-01  0.90806E+03   -0.18500E-01 -0.18500E-01  0.37000E-01  0.00000E+00  0.00000E+00  0.00000E+00   -0.22468E+03 -0.31182E+03  0.53650E+03  0.11471E+03  0.76927E+02 -0.19497E+03      298.00
  0.32862E-01  0.91113E+03   -0.18750E-01 -0.18750E-01  0.37500E-01  0.00000E+00  0.00000E+00  0.00000E+00   -0.22548E+03 -0.31300E+03  0.53849E+03  0.11459E+03  0.76777E+02 -0.19570E+03      298.00
  0.33305E-01  0.91472E+03   -0.19000E-01 -0.19000E-01  0.38000E-01  0.00000E+00  0.00000E+00  0.00000E+00   -0.22637E+03 -0.31441E+03  0.54077E+03  0.11449E+03  0.76674E+02 -0.19660E+03      298.00
  0.33748E-01  0.91768E+03   -0.19250E-01 -0.19250E-01  0.38500E-01  0.00000E+00  0.00000E+00  0.00000E+00   -0.22714E+03 -0.31556E+03  0.54270E+03  0.11436E+03  0.76510E+02 -0.19730E+03      298.00
  0.34192E-01  0.92059E+03   -0.19500E-01 -0.19500E-01  0.39000E-01  0.00000E+00  0.00000E+00  0.00000E+00   -0.22791E+03 -0.31670E+03  0.54461E+03  0.11421E+03  0.76338E+02 -0.19799E+03      298.00
  0.34636E-01  0.92345E+03   -0.19750E-01 -0.19750E-01  0.39500E-01  0.00000E+00  0.00000E+00  0.00000E+00   -0.22867E+03 -0.31782E+03  0.54649E+03  0.11405E+03  0.76159E+02 -0.19867E+03      298.00
  0.35079E-01  0.92627E+03   -0.20000E-01 -0.20000E-01  0.40000E-01  0.00000E+00  0.00000E+00  0.00000E+00   -0.22942E+03 -0.31892E+03  0.54835E+03  0.11389E+03  0.75972E+02 -0.19933E+03      298.00
  0.35523E-01  0.92904E+03   -0.20250E-01 -0.20250E-01  0.40500E-01  0.00000E+00  0.00000E+00  0.00000E+00   -0.23016E+03 -0.32001E+03  0.55018E+03  0.11372E+03  0.75779E+02 -0.19998E+03      298.00
  0.35968E-01  0.93177E+03   -0.20500E-01 -0.20500E-01  0.41000E-01  0.00000E+00  0.00000E+00  0.00000E+00   -0.23090E+03 -0.32109E+03  0.55199E+03  0.11354E+03  0.75578E+02 -0.20062E+03      298.00
  0.36412E-01  0.93446E+03   -0.20750E-01 -0.20750E-01  0.41500E-01  0.00000E+00  0.00000E+00  0.00000E+00   -0.23162E+03 -0.32215E+03  0.55377E+03  0.11335E+03  0.75371E+02 -0.20124E+03      298.00
  0.36856E-01  0.93543E+03   -0.21000E-01 -0.21000E-01  0.42000E-01  0.00000E+00  0.00000E+00  0.00000E+00   -0.23196E+03 -0.32265E+03  0.55460E+03  0.11302E+03  0.75085E+02 -0.20129E+03      298.00
  0.37301E-01  0.93980E+03   -0.21250E-01 -0.21250E-01  0.42500E-01  0.00000E+00  0.00000E+00  0.00000E+00   -0.23306E+03 -0.32426E+03  0.55731E+03  0.11295E+03  0.74942E+02 -0.20250E+03      298.00
  0.37746E-01  0.94065E+03   -0.21500E-01 -0.21500E-01  0.43000E-01  0.00000E+00  0.00000E+00  0.00000E+00   -0.23337E+03 -0.32471E+03  0.55808E+03  0.11260E+03  0.74645E+02 -0.20251E+03      298.00
  0.38191E-01  0.94487E+03   -0.21750E-01 -0.21750E-01  0.43500E-01  0.00000E+00  0.00000E+00  0.00000E+00   -0.23444E+03 -0.32627E+03  0.56071E+03  0.11251E+03  0.74481E+02 -0.20367E+03      298.00
  0.38636E-01  0.94570E+03   -0.22000E-01 -0.22000E-01  0.44000E-01  0.00000E+00  0.00000E+00  0.00000E+00   -0.23475E+03 -0.32672E+03  0.56147E+03  0.11216E+03  0.74179E+02 -0.20368E+03      298.00
  0.39081E-01  0.94978E+03   -0.22250E-01 -0.22250E-01  0.44500E-01  0.00000E+00  0.00000E+00  0.00000E+00   -0.23579E+03 -0.32823E+03  0.56401E+03  0.11204E+03  0.73995E+02 -0.20480E+03      298.00
  0.39526E-01  0.95059E+03   -0.22500E-01 -0.22500E-01  0.45000E-01  0.00000E+00  0.00000E+00  0.00000E+00   -0.23609E+03 -0.32867E+03  0.56476E+03  0.11168E+03  0.73689E+02 -0.20480E+03      298.00
  0.39972E-01  0.95284E+03   -0.22750E-01 -0.22750E-01  0.45500E-01  0.00000E+00  0.00000E+00  0.00000E+00   -0.23673E+03 -0.32958E+03  0.56630E+03  0.11143E+03  0.73427E+02 -0.20530E+03      298.00
  0.40418E-01  0.95518E+03   -0.23000E-01 -0.23000E-01  0.46000E-01  0.00000E+00  0.00000E+00  0.00000E+00   -0.23738E+03 -0.33050E+03  0.56789E+03  0.11118E+03  0.73161E+02 -0.20584E+03      298.00
  0.40864E-01  0.95749E+03   -0.23250E-01 -0.23250E-01  0.46500E-01  0.00000E+00  0.00000E+00  0.00000E+00   -0.23804E+03 -0.33142E+03  0.56946E+03  0.11092E+03  0.72888E+02 -0.20636E+03      298.00
  0.41310E-01  0.95976E+03   -0.23500E-01 -0.23500E-01  0.47000E-01  0.00000E+00  0.00000E+00  0.00000E+00   -0.23868E+03 -0.33232E+03  0.57101E+03  0.11066E+03  0.72609E+02 -0.20688E+03      298.00
  0.41756E-01  0.96200E+03   -0.23750E-01 -0.23750E-01  0.47500E-01  0.00000E+00  0.00000E+00  0.00000E+00   -0.23933E+03 -0.33321E+03  0.57254E+03  0.11039E+03  0.72322E+02 -0.20739E+03      298.00
  0.42202E-01  0.96421E+03   -0.24000E-01 -0.24000E-01  0.48000E-01  0.00000E+00  0.00000E+00  0.00000E+00   -0.23997E+03 -0.33409E+03  0.57405E+03  0.11012E+03  0.72028E+02 -0.20789E+03      298.00
  0.42649E-01  0.96638E+03   -0.24250E-01 -0.24250E-01  0.48500E-01  0.00000E+00  0.00000E+00  0.00000E+00   -0.24060E+03 -0.33494E+03  0.57554E+03  0.10984E+03  0.71727E+02 -0.20838E+03      298.00
  0.43095E-01  0.96851E+03   -0.24500E-01 -0.24500E-01  0.49000E-01  0.00000E+00  0.00000E+00  0.00000E+00   -0.24122E+03 -0.33579E+03  0.57701E+03  0.10955E+03  0.71419E+02 -0.20887E+03      298.00
  0.43542E-01  0.97061E+03   -0.24750E-01 -0.24750E-01  0.49500E-01  0.00000E+00  0.00000E+00  0.00000E+00   -0.24185E+03 -0.33661E+03  0.57846E+03  0.10927E+03  0.71103E+02 -0.20934E+03      298.00
  0.43989E-01  0.97268E+03   -0.25000E-01 -0.25000E-01  0.50000E-01  0.00000E+00  0.00000E+00  0.00000E+00   -0.24246E+03 -0.33743E+03  0.57989E+03  0.10897E+03  0.70784E+02 -0.20981E+03      298.00
          Evm          Svm            E11          E22          E33          E23          E13          E12         SDEV11       SDEV22       SDEV33       SDEV23       SDEV13       SDEV12      TEMP
  0.43989E-01  0.97347E+03   -0.25000E-01 -0.25000E-01  0.50000E-01  0.00000E+00  0.00000E+00  0.00000E+00   -0.24251E+03 -0.33783E+03  0.58033E+03  0.10894E+03  0.70897E+02 -0.21006E+03      298.00
  0.44436E-01  0.97478E+03   -0.25250E-01 -0.25250E-01  0.50500E-01  0.00000E+00  0.00000E+00  0.00000E+00   -0.24305E+03 -0.33830E+03  0.58135E+03  0.10865E+03  0.70486E+02 -0.21028E+03      298.00
  0.44884E-01  0.97671E+03   -0.25500E-01 -0.25500E-01  0.51000E-01  0.00000E+00  0.00000E+00  0.00000E+00   -0.24363E+03 -0.33908E+03  0.58270E+03  0.10834E+03  0.70158E+02 -0.21070E+03      298.00
  0.45331E-01  0.97868E+03   -0.25750E-01 -0.25750E-01  0.51500E-01  0.00000E+00  0.00000E+00  0.00000E+00   -0.24416E+03 -0.33992E+03  0.58408E+03  0.10799E+03  0.69861E+02 -0.21113E+03      298.00
  0.45779E-01  0.98061E+03   -0.26000E-01 -0.26000E-01  0.52000E-01  0.00000E+00  0.00000E+00  0.00000E+00   -0.24458E+03 -0.34086E+03  0.58544E+03  0.10758E+03  0.69636E+02 -0.21152E+03      298.00
  0.46226E-01  0.98246E+03   -0.26250E-01 -0.26250E-01  0.52500E-01  0.00000E+00  0.00000E+00  0.00000E+00   -0.24526E+03 -0.34149E+03  0.58675E+03  0.10731E+03  0.69223E+02 -0.21194E+03      298.00
  0.46674E-01  0.98435E+03   -0.26500E-01 -0.26500E-01  0.53000E-01  0.00000E+00  0.00000E+00  0.00000E+00   -0.24582E+03 -0.34226E+03  0.58808E+03  0.10696E+03  0.68904E+02 -0.21234E+03      298.00
  0.47122E-01  0.98620E+03   -0.26750E-01 -0.26750E-01  0.53500E-01  0.00000E+00  0.00000E+00  0.00000E+00   -0.24637E+03 -0.34302E+03  0.58938E+03  0.10660E+03  0.68549E+02 -0.21277E+03      298.00
  0.47571E-01  0.98801E+03   -0.27000E-01 -0.27000E-01  0.54000E-01  0.00000E+00  0.00000E+00  0.00000E+00   -0.24673E+03 -0.34394E+03  0.59067E+03  0.10617E+03  0.68325E+02 -0.21310E+03      298.00
  0.48019E-01  0.98979E+03   -0.27250E-01 -0.27250E-01  0.54500E-01  0.00000E+00  0.00000E+00  0.00000E+00   -0.24730E+03 -0.34464E+03  0.59194E+03  0.10583E+03  0.67958E+02 -0.21348E+03      298.00
  0.48468E-01  0.99155E+03   -0.27500E-01 -0.27500E-01  0.55000E-01  0.00000E+00  0.00000E+00  0.00000E+00   -0.24788E+03 -0.34532E+03  0.59320E+03  0.10550E+03  0.67578E+02 -0.21387E+03      298.00
  0.48916E-01  0.99328E+03   -0.27750E-01 -0.27750E-01  0.55500E-01  0.00000E+00  0.00000E+00  0.00000E+00   -0.24843E+03 -0.34601E+03  0.59444E+03  0.10515E+03  0.67201E+02 -0.21424E+03      298.00
  0.49365E-01  0.99499E+03   -0.28000E-01 -0.28000E-01  0.56000E-01  0.00000E+00  0.00000E+00  0.00000E+00   -0.24897E+03 -0.34669E+03  0.59566E+03  0.10479E+03  0.66825E+02 -0.21460E+03      298.00
  0.49814E-01  0.99666E+03   -0.28250E-01 -0.28250E-01  0.56500E-01  0.00000E+00  0.00000E+00  0.00000E+00   -0.24950E+03 -0.34737E+03  0.59687E+03  0.10442E+03  0.66451E+02 -0.21496E+03      298.00
  0.50263E-01  0.99957E+03   -0.28500E-01 -0.28500E-01  0.57000E-01  0.00000E+00  0.00000E+00  0.00000E+00   -0.25045E+03 -0.34830E+03  0.59875E+03  0.10414E+03  0.65991E+02 -0.21582E+03      298.00
  0.50713E-01  0.10010E+04   -0.28750E-01 -0.28750E-01  0.57500E-01  0.00000E+00  0.00000E+00  0.00000E+00   -0.25067E+03 -0.34916E+03  0.59983E+03  0.10364E+03  0.65776E+02 -0.21602E+03      298.00
  0.51162E-01  0.10026E+04   -0.29000E-01 -0.29000E-01  0.58000E-01  0.00000E+00  0.00000E+00  0.00000E+00   -0.25104E+03 -0.34995E+03  0.60099E+03  0.10317E+03  0.65476E+02 -0.21633E+03      298.00
  0.51612E-01  0.10041E+04   -0.29250E-01 -0.29250E-01  0.58500E-01  0.00000E+00  0.00000E+00  0.00000E+00   -0.25141E+03 -0.35071E+03  0.60212E+03  0.10271E+03  0.65173E+02 -0.21661E+03      298.00
  0.52061E-01  0.10057E+04   -0.29500E-01 -0.29500E-01  0.59000E-01  0.00000E+00  0.00000E+00  0.00000E+00   -0.25209E+03 -0.35115E+03  0.60324E+03  0.10241E+03  0.64658E+02 -0.21697E+03      298.00
  0.52511E-01  0.10072E+04   -0.29750E-01 -0.29750E-01  0.59500E-01  0.00000E+00  0.00000E+00  0.00000E+00   -0.25275E+03 -0.35160E+03  0.60435E+03  0.10210E+03  0.64147E+02 -0.21732E+03      298.00
  0.52961E-01  0.10087E+04   -0.30000E-01 -0.30000E-01  0.60000E-01  0.00000E+00  0.00000E+00  0.00000E+00   -0.25330E+03 -0.35214E+03  0.60544E+03  0.10173E+03  0.63697E+02 -0.21764E+03      298.00
  0.53411E-01  0.10101E+04   -0.30250E-01 -0.30250E-01  0.60500E-01  0.00000E+00  0.00000E+00  0.00000E+00   -0.25377E+03 -0.35276E+03  0.60652E+03  0.10132E+03  0.63301E+02 -0.21793E+03      298.00
  0.53862E-01  0.10116E+04   -0.30500E-01 -0.30500E-01  0.61000E-01  0.00000E+00  0.00000E+00  0.00000E+00   -0.25418E+03 -0.35341E+03  0.60759E+03  0.10087E+03  0.62930E+02 -0.21820E+03      298.00
  0.54312E-01  0.10130E+04   -0.30750E-01 -0.30750E-01  0.61500E-01  0.00000E+00  0.00000E+00  0.00000E+00   -0.25459E+03 -0.35405E+03  0.60864E+03  0.10042E+03  0.62561E+02 -0.21847E+03      298.00
  0.54763E-01  0.10144E+04   -0.31000E-01 -0.31000E-01  0.62000E-01  0.00000E+00  0.00000E+00  0.00000E+00   -0.25499E+03 -0.35469E+03  0.60968E+03  0.99969E+02  0.62186E+02 -0.21872E+03      298.00
  0.55214E-01  0.10157E+04   -0.31250E-01 -0.31250E-01  0.62500E-01  0.00000E+00  0.00000E+00  0.00000E+00   -0.25540E+03 -0.35531E+03  0.61071E+03  0.99518E+02  0.61802E+02 -0.21898E+03      298.00
  0.55665E-01  0.10171E+04   -0.31500E-01 -0.31500E-01  0.63000E-01  0.00000E+00  0.00000E+00  0.00000E+00   -0.25581E+03 -0.35591E+03  0.61172E+03  0.99067E+02  0.61409E+02 -0.21923E+03      298.00
  0.56116E-01  0.10184E+04   -0.31750E-01 -0.31750E-01  0.63500E-01  0.00000E+00  0.00000E+00  0.00000E+00   -0.25622E+03 -0.35649E+03  0.61272E+03  0.98615E+02  0.61010E+02 -0.21947E+03      298.00
  0.56567E-01  0.10197E+04   -0.32000E-01 -0.32000E-01  0.64000E-01  0.00000E+00  0.00000E+00  0.00000E+00   -0.25664E+03 -0.35707E+03  0.61371E+03  0.98161E+02  0.60605E+02 -0.21972E+03      298.00
  0.57018E-01  0.10210E+04   -0.32250E-01 -0.32250E-01  0.64500E-01  0.00000E+00  0.00000E+00  0.00000E+00   -0.25705E+03 -0.35763E+03  0.61468E+03  0.97706E+02  0.60195E+02 -0.21995E+03      298.00
  0.57470E-01  0.10222E+04   -0.32500E-01 -0.32500E-01  0.65000E-01  0.00000E+00  0.00000E+00  0.00000E+00   -0.25745E+03 -0.35819E+03  0.61564E+03  0.97248E+02  0.59781E+02 -0.22018E+03      298.00
  0.57922E-01  0.10235E+04   -0.32750E-01 -0.32750E-01  0.65500E-01  0.00000E+00  0.00000E+00  0.00000E+00   -0.25786E+03 -0.35873E+03  0.61659E+03  0.96788E+02  0.59363E+02 -0.22041E+03      298.00
  0.58373E-01  0.10247E+04   -0.33000E-01 -0.33000E-01  0.66000E-01  0.00000E+00  0.00000E+00  0.00000E+00   -0.25826E+03 -0.35927E+03  0.61753E+03  0.96324E+02  0.58942E+02 -0.22062E+03      298.00
  0.58825E-01  0.10259E+04   -0.33250E-01 -0.33250E-01  0.66500E-01  0.00000E+00  0.00000E+00  0.00000E+00   -0.25866E+03 -0.35980E+03  0.61846E+03  0.95858E+02  0.58517E+02 -0.22084E+03      298.00
  0.59278E-01  0.10271E+04   -0.33500E-01 -0.33500E-01  0.67000E-01  0.00000E+00  0.00000E+00  0.00000E+00   -0.25905E+03 -0.36032E+03  0.61937E+03  0.95389E+02  0.58090E+02 -0.22105E+03      298.00
  0.59730E-01  0.10282E+04   -0.33750E-01 -0.33750E-01  0.67500E-01  0.00000E+00  0.00000E+00  0.00000E+00   -0.25945E+03 -0.36083E+03  0.62028E+03  0.94917E+02  0.57659E+02 -0.22125E+03      298.00
  0.60182E-01  0.10294E+04   -0.34000E-01 -0.34000E-01  0.68000E-01  0.00000E+00  0.00000E+00  0.00000E+00   -0.25983E+03 -0.36134E+03  0.62117E+03  0.94442E+02  0.57226E+02 -0.22145E+03      298.00
  0.60635E-01  0.10305E+04   -0.34250E-01 -0.34250E-01  0.68500E-01  0.00000E+00  0.00000E+00  0.00000E+00   -0.26022E+03 -0.36184E+03  0.62205E+03  0.93964E+02  0.56790E+02 -0.22164E+03      298.00
  0.61088E-01  0.10316E+04   -0.34500E-01 -0.34500E-01  0.69000E-01  0.00000E+00  0.00000E+00  0.00000E+00   -0.26060E+03 -0.36233E+03  0.62292E+03  0.93483E+02  0.56351E+02 -0.22183E+03      298.00
  0.61540E-01  0.10327E+04   -0.34750E-01 -0.34750E-01  0.69500E-01  0.00000E+00  0.00000E+00  0.00000E+00   -0.26097E+03 -0.36281E+03  0.62379E+03  0.93000E+02  0.55910E+02 -0.22201E+03      298.00
  0.61993E-01  0.10338E+04   -0.35000E-01 -0.35000E-01  0.70000E-01  0.00000E+00  0.00000E+00  0.00000E+00   -0.26135E+03 -0.36329E+03  0.62463E+03  0.92513E+02  0.55466E+02 -0.22219E+03      298.00
  0.62447E-01  0.10348E+04   -0.35250E-01 -0.35250E-01  0.70500E-01  0.00000E+00  0.00000E+00  0.00000E+00   -0.26171E+03 -0.36376E+03  0.62547E+03  0.92024E+02  0.55020E+02 -0.22236E+03      298.00
  0.62900E-01  0.10359E+04   -0.35500E-01 -0.35500E-01  0.71000E-01  0.00000E+00  0.00000E+00  0.00000E+00   -0.26208E+03 -0.36422E+03  0.62630E+03  0.91532E+02  0.54571E+02 -0.22253E+03      298.00
  0.63353E-01  0.10369E+04   -0.35750E-01 -0.35750E-01  0.71500E-01  0.00000E+00  0.00000E+00  0.00000E+00   -0.26244E+03 -0.36468E+03  0.62712E+03  0.91037E+02  0.54121E+02 -0.22269E+03      298.00
  0.63807E-01  0.10379E+04   -0.36000E-01 -0.36000E-01  0.72000E-01  0.00000E+00  0.00000E+00  0.00000E+00   -0.26280E+03 -0.36513E+03  0.62793E+03  0.90540E+02  0.53668E+02 -0.22285E+03      298.00
  0.64261E-01  0.10389E+04   -0.36250E-01 -0.36250E-01  0.72500E-01  0.00000E+00  0.00000E+00  0.00000E+00   -0.26315E+03 -0.36558E+03  0.62873E+03  0.90039E+02  0.53213E+02 -0.22300E+03      298.00
  0.64715E-01  0.10399E+04   -0.36500E-01 -0.36500E-01  0.73000E-01  0.00000E+00  0.00000E+00  0.00000E+00   -0.26350E+03 -0.36601E+03  0.62952E+03  0.89537E+02  0.52756E+02 -0.22315E+03      298.00
  0.65169E-01  0.10408E+04   -0.36750E-01 -0.36750E-01  0.73500E-01  0.00000E+00  0.00000E+00  0.00000E+00   -0.26385E+03 -0.36645E+03  0.63030E+03  0.89032E+02  0.52296E+02 -0.22330E+03      298.00
  0.65623E-01  0.10418E+04   -0.37000E-01 -0.37000E-01  0.74000E-01  0.00000E+00  0.00000E+00  0.00000E+00   -0.26420E+03 -0.36687E+03  0.63107E+03  0.88524E+02  0.51835E+02 -0.22344E+03      298.00
  0.66077E-01  0.10427E+04   -0.37250E-01 -0.37250E-01  0.74500E-01  0.00000E+00  0.00000E+00  0.00000E+00   -0.26454E+03 -0.36729E+03  0.63183E+03  0.88014E+02  0.51372E+02 -0.22357E+03      298.00
  0.66532E-01  0.10436E+04   -0.37500E-01 -0.37500E-01  0.75000E-01  0.00000E+00  0.00000E+00  0.00000E+00   -0.26487E+03 -0.36771E+03  0.63258E+03  0.87501E+02  0.50906E+02 -0.22371E+03      298.00
          Evm          Svm            E11          E22          E33          E23          E13          E12         SDEV11       SDEV22       SDEV33       SDEV23       SDEV13       SDEV12      TEMP
  0.66532E-01  0.10434E+04   -0.37500E-01 -0.37500E-01  0.75000E-01  0.00000E+00  0.00000E+00  0.00000E+00   -0.26473E+03 -0.36772E+03  0.63245E+03  0.87462E+02  0.50979E+02 -0.22358E+03      298.00
  0.66986E-01  0.10446E+04   -0.37750E-01 -0.37750E-01  0.75500E-01  0.00000E+00  0.00000E+00  0.00000E+00   -0.26519E+03 -0.36815E+03  0.63334E+03  0.86971E+02  0.50455E+02 -0.22384E+03      298.00
  0.67441E-01  0.10454E+04   -0.38000E-01 -0.38000E-01  0.76000E-01  0.00000E+00  0.00000E+00  0.00000E+00   -0.26553E+03 -0.36852E+03  0.63405E+03  0.86466E+02  0.49974E+02 -0.22395E+03      298.00
  0.67896E-01  0.10463E+04   -0.38250E-01 -0.38250E-01  0.76500E-01  0.00000E+00  0.00000E+00  0.00000E+00   -0.26586E+03 -0.36892E+03  0.63478E+03  0.85949E+02  0.49500E+02 -0.22407E+03      298.00
  0.68351E-01  0.10472E+04   -0.38500E-01 -0.38500E-01  0.77000E-01  0.00000E+00  0.00000E+00  0.00000E+00   -0.26619E+03 -0.36931E+03  0.63550E+03  0.85427E+02  0.49026E+02 -0.22419E+03      298.00
  0.68806E-01  0.10480E+04   -0.38750E-01 -0.38750E-01  0.77500E-01  0.00000E+00  0.00000E+00  0.00000E+00   -0.26651E+03 -0.36969E+03  0.63621E+03  0.84904E+02  0.48552E+02 -0.22430E+03      298.00
  0.69261E-01  0.10495E+04   -0.39000E-01 -0.39000E-01  0.78000E-01  0.00000E+00  0.00000E+00  0.00000E+00   -0.26698E+03 -0.37026E+03  0.63724E+03  0.84316E+02  0.47990E+02 -0.22469E+03      298.00
  0.69717E-01  0.10497E+04   -0.39250E-01 -0.39250E-01  0.78500E-01  0.00000E+00  0.00000E+00  0.00000E+00   -0.26716E+03 -0.37044E+03  0.63760E+03  0.83856E+02  0.47590E+02 -0.22452E+03      298.00
  0.70172E-01  0.10511E+04   -0.39500E-01 -0.39500E-01  0.79000E-01  0.00000E+00  0.00000E+00  0.00000E+00   -0.26760E+03 -0.37100E+03  0.63860E+03  0.83257E+02  0.47029E+02 -0.22488E+03      298.00
  0.70628E-01  0.10513E+04   -0.39750E-01 -0.39750E-01  0.79500E-01  0.00000E+00  0.00000E+00  0.00000E+00   -0.26778E+03 -0.37118E+03  0.63896E+03  0.82793E+02  0.46629E+02 -0.22471E+03      298.00
  0.71084E-01  0.10526E+04   -0.40000E-01 -0.40000E-01  0.80000E-01  0.00000E+00  0.00000E+00  0.00000E+00   -0.26821E+03 -0.37172E+03  0.63993E+03  0.82188E+02  0.46065E+02 -0.22506E+03      298.00
  0.71540E-01  0.10534E+04   -0.40250E-01 -0.40250E-01  0.80500E-01  0.00000E+00  0.00000E+00  0.00000E+00   -0.26853E+03 -0.37207E+03  0.64060E+03  0.81657E+02  0.45569E+02 -0.22517E+03      298.00
  0.71996E-01  0.10542E+04   -0.40500E-01 -0.40500E-01  0.81000E-01  0.00000E+00  0.00000E+00  0.00000E+00   -0.26884E+03 -0.37241E+03  0.64124E+03  0.81121E+02  0.45080E+02 -0.22525E+03      298.00
  0.72452E-01  0.10549E+04   -0.40750E-01 -0.40750E-01  0.81500E-01  0.00000E+00  0.00000E+00  0.00000E+00   -0.26913E+03 -0.37275E+03  0.64188E+03  0.80581E+02  0.44592E+02 -0.22532E+03      298.00
  0.72909E-01  0.10556E+04   -0.41000E-01 -0.41000E-01  0.82000E-01  0.00000E+00  0.00000E+00  0.00000E+00   -0.26943E+03 -0.37309E+03  0.64251E+03  0.80038E+02  0.44103E+02 -0.22540E+03      298.00
  0.73365E-01  0.10564E+04   -0.41250E-01 -0.41250E-01  0.82500E-01  0.00000E+00  0.00000E+00  0.00000E+00   -0.26971E+03 -0.37342E+03  0.64313E+03  0.79493E+02  0.43613E+02 -0.22547E+03      298.00
  0.73822E-01  0.10571E+04   -0.41500E-01 -0.41500E-01  0.83000E-01  0.00000E+00  0.00000E+00  0.00000E+00   -0.27000E+03 -0.37375E+03  0.64375E+03  0.78946E+02  0.43122E+02 -0.22553E+03      298.00
  0.74278E-01  0.10578E+04   -0.41750E-01 -0.41750E-01  0.83500E-01  0.00000E+00  0.00000E+00  0.00000E+00   -0.27028E+03 -0.37407E+03  0.64436E+03  0.78398E+02  0.42629E+02 -0.22560E+03      298.00
  0.74735E-01  0.10584E+04   -0.42000E-01 -0.42000E-01  0.84000E-01  0.00000E+00  0.00000E+00  0.00000E+00   -0.27057E+03 -0.37439E+03  0.64496E+03  0.77848E+02  0.42135E+02 -0.22566E+03      298.00
  0.75192E-01  0.10591E+04   -0.42250E-01 -0.42250E-01  0.84500E-01  0.00000E+00  0.00000E+00  0.00000E+00   -0.27085E+03 -0.37470E+03  0.64555E+03  0.77296E+02  0.41639E+02 -0.22571E+03      298.00
  0.75649E-01  0.10598E+04   -0.42500E-01 -0.42500E-01  0.85000E-01  0.00000E+00  0.00000E+00  0.00000E+00   -0.27112E+03 -0.37501E+03  0.64614E+03  0.76744E+02  0.41142E+02 -0.22577E+03      298.00
  0.76107E-01  0.10604E+04   -0.42750E-01 -0.42750E-01  0.85500E-01  0.00000E+00  0.00000E+00  0.00000E+00   -0.27140E+03 -0.37532E+03  0.64672E+03  0.76189E+02  0.40643E+02 -0.22582E+03      298.00
  0.76564E-01  0.10611E+04   -0.43000E-01 -0.43000E-01  0.86000E-01  0.00000E+00  0.00000E+00  0.00000E+00   -0.27167E+03 -0.37562E+03  0.64729E+03  0.75634E+02  0.40143E+02 -0.22586E+03      298.00
  0.77022E-01  0.10617E+04   -0.43250E-01 -0.43250E-01  0.86500E-01  0.00000E+00  0.00000E+00  0.00000E+00   -0.27194E+03 -0.37591E+03  0.64786E+03  0.75077E+02  0.39641E+02 -0.22591E+03      298.00
  0.77479E-01  0.10623E+04   -0.43500E-01 -0.43500E-01  0.87000E-01  0.00000E+00  0.00000E+00  0.00000E+00   -0.27221E+03 -0.37621E+03  0.64842E+03  0.74518E+02  0.39138E+02 -0.22595E+03      298.00
  0.77937E-01  0.10629E+04   -0.43750E-01 -0.43750E-01  0.87500E-01  0.00000E+00  0.00000E+00  0.00000E+00   -0.27248E+03 -0.37649E+03  0.64897E+03  0.73959E+02  0.38633E+02 -0.22599E+03      298.00
  0.78395E-01  0.10635E+04   -0.44000E-01 -0.44000E-01  0.88000E-01  0.00000E+00  0.00000E+00  0.00000E+00   -0.27274E+03 -0.37677E+03  0.64952E+03  0.73398E+02  0.38127E+02 -0.22602E+03      298.00
  0.78853E-01  0.10641E+04   -0.44250E-01 -0.44250E-01  0.88500E-01  0.00000E+00  0.00000E+00  0.00000E+00   -0.27301E+03 -0.37705E+03  0.65006E+03  0.72836E+02  0.37619E+02 -0.22606E+03      298.00
  0.79311E-01  0.10647E+04   -0.44500E-01 -0.44500E-01  0.89000E-01  0.00000E+00  0.00000E+00  0.00000E+00   -0.27327E+03 -0.37732E+03  0.65059E+03  0.72274E+02  0.37110E+02 -0.22609E+03      298.00
  0.79769E-01  0.10653E+04   -0.44750E-01 -0.44750E-01  0.89500E-01  0.00000E+00  0.00000E+00  0.00000E+00   -0.27353E+03 -0.37759E+03  0.65112E+03  0.71710E+02  0.36599E+02 -0.22611E+03      298.00
  0.80228E-01  0.10659E+04   -0.45000E-01 -0.45000E-01  0.90000E-01  0.00000E+00  0.00000E+00  0.00000E+00   -0.27379E+03 -0.37786E+03  0.65164E+03  0.71145E+02  0.36087E+02 -0.22614E+03      298.00
  0.80686E-01  0.10664E+04   -0.45250E-01 -0.45250E-01  0.90500E-01  0.00000E+00  0.00000E+00  0.00000E+00   -0.27405E+03 -0.37812E+03  0.65216E+03  0.70579E+02  0.35573E+02 -0.22616E+03      298.00
  0.81145E-01  0.10670E+04   -0.45500E-01 -0.45500E-01  0.91000E-01  0.00000E+00  0.00000E+00  0.00000E+00   -0.27430E+03 -0.37837E+03  0.65267E+03  0.70013E+02  0.35057E+02 -0.22618E+03      298.00
  0.81604E-01  0.10675E+04   -0.45750E-01 -0.45750E-01  0.91500E-01  0.00000E+00  0.00000E+00  0.00000E+00   -0.27456E+03 -0.37862E+03  0.65318E+03  0.69446E+02  0.34540E+02 -0.22620E+03      298.00
  0.82063E-01  0.10681E+04   -0.46000E-01 -0.46000E-01  0.92000E-01  0.00000E+00  0.00000E+00  0.00000E+00   -0.27481E+03 -0.37887E+03  0.65368E+03  0.68878E+02  0.34021E+02 -0.22621E+03      298.00
  0.82522E-01  0.10686E+04   -0.46250E-01 -0.46250E-01  0.92500E-01  0.00000E+00  0.00000E+00  0.00000E+00   -0.27506E+03 -0.37911E+03  0.65417E+03  0.68309E+02  0.33501E+02 -0.22623E+03      298.00
  0.82981E-01  0.10691E+04   -0.46500E-01 -0.46500E-01  0.93000E-01  0.00000E+00  0.00000E+00  0.00000E+00   -0.27532E+03 -0.37934E+03  0.65466E+03  0.67740E+02  0.32979E+02 -0.22624E+03      298.00
  0.83440E-01  0.10696E+04   -0.46750E-01 -0.46750E-01  0.93500E-01  0.00000E+00  0.00000E+00  0.00000E+00   -0.27557E+03 -0.37957E+03  0.65514E+03  0.67170E+02  0.32455E+02 -0.22625E+03      298.00
  0.83899E-01  0.10701E+04   -0.47000E-01 -0.47000E-01  0.94000E-01  0.00000E+00  0.00000E+00  0.00000E+00   -0.27582E+03 -0.37980E+03  0.65562E+03  0.66599E+02  0.31929E+02 -0.22625E+03      298.00
  0.84359E-01  0.10706E+04   -0.47250E-01 -0.47250E-01  0.94500E-01  0.00000E+00  0.00000E+00  0.00000E+00   -0.27607E+03 -0.38002E+03  0.65609E+03  0.66029E+02  0.31402E+02 -0.22626E+03      298.00
  0.84819E-01  0.10707E+04   -0.47500E-01 -0.47500E-01  0.95000E-01  0.00000E+00  0.00000E+00  0.00000E+00   -0.27617E+03 -0.38019E+03  0.65636E+03  0.65515E+02  0.31005E+02 -0.22604E+03      298.00
  0.85278E-01  0.10716E+04   -0.47750E-01 -0.47750E-01  0.95500E-01  0.00000E+00  0.00000E+00  0.00000E+00   -0.27650E+03 -0.38050E+03  0.65700E+03  0.64857E+02  0.30382E+02 -0.22623E+03      298.00
  0.85738E-01  0.10717E+04   -0.48000E-01 -0.48000E-01  0.96000E-01  0.00000E+00  0.00000E+00  0.00000E+00   -0.27664E+03 -0.38065E+03  0.65728E+03  0.64352E+02  0.29967E+02 -0.22604E+03      298.00
  0.86198E-01  0.10725E+04   -0.48250E-01 -0.48250E-01  0.96500E-01  0.00000E+00  0.00000E+00  0.00000E+00   -0.27697E+03 -0.38094E+03  0.65791E+03  0.63696E+02  0.29335E+02 -0.22622E+03      298.00
  0.86658E-01  0.10726E+04   -0.48500E-01 -0.48500E-01  0.97000E-01  0.00000E+00  0.00000E+00  0.00000E+00   -0.27710E+03 -0.38108E+03  0.65818E+03  0.63190E+02  0.28919E+02 -0.22602E+03      298.00
  0.87118E-01  0.10734E+04   -0.48750E-01 -0.48750E-01  0.97500E-01  0.00000E+00  0.00000E+00  0.00000E+00   -0.27743E+03 -0.38137E+03  0.65880E+03  0.62533E+02  0.28283E+02 -0.22620E+03      298.00
  0.87579E-01  0.10736E+04   -0.49000E-01 -0.49000E-01  0.98000E-01  0.00000E+00  0.00000E+00  0.00000E+00   -0.27756E+03 -0.38151E+03  0.65906E+03  0.62024E+02  0.27866E+02 -0.22600E+03      298.00
  0.88039E-01  0.10743E+04   -0.49250E-01 -0.49250E-01  0.98500E-01  0.00000E+00  0.00000E+00  0.00000E+00   -0.27788E+03 -0.38178E+03  0.65966E+03  0.61366E+02  0.27227E+02 -0.22617E+03      298.00
  0.88500E-01  0.10744E+04   -0.49500E-01 -0.49500E-01  0.99000E-01  0.00000E+00  0.00000E+00  0.00000E+00   -0.27801E+03 -0.38192E+03  0.65993E+03  0.60855E+02  0.26811E+02 -0.22597E+03      298.00
  0.88960E-01  0.10749E+04   -0.49750E-01 -0.49750E-01  0.99500E-01  0.00000E+00  0.00000E+00  0.00000E+00   -0.27820E+03 -0.38215E+03  0.66035E+03  0.60251E+02  0.26306E+02 -0.22594E+03      298.00
  0.89421E-01  0.10756E+04   -0.50000E-01 -0.50000E-01  0.10000E+00  0.00000E+00  0.00000E+00  0.00000E+00   -0.27854E+03 -0.38239E+03  0.66092E+03  0.59598E+02  0.25650E+02 -0.22610E+03      298.00
          Evm          Svm            E11          E22          E33          E23          E13          E12         SDEV11       SDEV22       SDEV33       SDEV23       SDEV13       SDEV12      TEMP
  0.89421E-01  0.10752E+04   -0.50000E-01 -0.50000E-01  0.10000E+00  0.00000E+00  0.00000E+00  0.00000E+00   -0.27812E+03 -0.38259E+03  0.66071E+03  0.59518E+02  0.25997E+02 -0.22579E+03      298.00
  0.89882E-01  0.10761E+04   -0.50250E-01 -0.50250E-01  0.10050E+00  0.00000E+00  0.00000E+00  0.00000E+00   -0.27866E+03 -0.38271E+03  0.66137E+03  0.58931E+02  0.25190E+02 -0.22609E+03      298.00
  0.90343E-01  0.10761E+04   -0.50500E-01 -0.50500E-01  0.10100E+00  0.00000E+00  0.00000E+00  0.00000E+00   -0.27884E+03 -0.38275E+03  0.66159E+03  0.58475E+02  0.24730E+02 -0.22586E+03      298.00
  0.90804E-01  0.10765E+04   -0.50750E-01 -0.50750E-01  0.10150E+00  0.00000E+00  0.00000E+00  0.00000E+00   -0.27904E+03 -0.38295E+03  0.66199E+03  0.57880E+02  0.24206E+02 -0.22583E+03      298.00
  0.91265E-01  0.10769E+04   -0.51000E-01 -0.51000E-01  0.10200E+00  0.00000E+00  0.00000E+00  0.00000E+00   -0.27925E+03 -0.38314E+03  0.66239E+03  0.57286E+02  0.23679E+02 -0.22580E+03      298.00
  0.91727E-01  0.10773E+04   -0.51250E-01 -0.51250E-01  0.10250E+00  0.00000E+00  0.00000E+00  0.00000E+00   -0.27946E+03 -0.38333E+03  0.66279E+03  0.56690E+02  0.23151E+02 -0.22577E+03      298.00
  0.92188E-01  0.10777E+04   -0.51500E-01 -0.51500E-01  0.10300E+00  0.00000E+00  0.00000E+00  0.00000E+00   -0.27966E+03 -0.38351E+03  0.66318E+03  0.56094E+02  0.22623E+02 -0.22573E+03      298.00
  0.92649E-01  0.10781E+04   -0.51750E-01 -0.51750E-01  0.10350E+00  0.00000E+00  0.00000E+00  0.00000E+00   -0.27986E+03 -0.38370E+03  0.66356E+03  0.55497E+02  0.22094E+02 -0.22569E+03      298.00
  0.93111E-01  0.10785E+04   -0.52000E-01 -0.52000E-01  0.10400E+00  0.00000E+00  0.00000E+00  0.00000E+00   -0.28007E+03 -0.38388E+03  0.66394E+03  0.54899E+02  0.21565E+02 -0.22565E+03      298.00
  0.93573E-01  0.10789E+04   -0.52250E-01 -0.52250E-01  0.10450E+00  0.00000E+00  0.00000E+00  0.00000E+00   -0.28026E+03 -0.38406E+03  0.66432E+03  0.54300E+02  0.21036E+02 -0.22561E+03      298.00
  0.94035E-01  0.10792E+04   -0.52500E-01 -0.52500E-01  0.10500E+00  0.00000E+00  0.00000E+00  0.00000E+00   -0.28046E+03 -0.38423E+03  0.66469E+03  0.53700E+02  0.20506E+02 -0.22557E+03      298.00
  0.94497E-01  0.10796E+04   -0.52750E-01 -0.52750E-01  0.10550E+00  0.00000E+00  0.00000E+00  0.00000E+00   -0.28066E+03 -0.38441E+03  0.66506E+03  0.53100E+02  0.19975E+02 -0.22552E+03      298.00
  0.94959E-01  0.10802E+04   -0.53000E-01 -0.53000E-01  0.10600E+00  0.00000E+00  0.00000E+00  0.00000E+00   -0.28097E+03 -0.38458E+03  0.66556E+03  0.52441E+02  0.19301E+02 -0.22565E+03      298.00
  0.95421E-01  0.10803E+04   -0.53250E-01 -0.53250E-01  0.10650E+00  0.00000E+00  0.00000E+00  0.00000E+00   -0.28109E+03 -0.38470E+03  0.66579E+03  0.51921E+02  0.18882E+02 -0.22544E+03      298.00
  0.95883E-01  0.10806E+04   -0.53500E-01 -0.53500E-01  0.10700E+00  0.00000E+00  0.00000E+00  0.00000E+00   -0.28125E+03 -0.38489E+03  0.66614E+03  0.51302E+02  0.18371E+02 -0.22538E+03      298.00
  0.96345E-01  0.10810E+04   -0.53750E-01 -0.53750E-01  0.10750E+00  0.00000E+00  0.00000E+00  0.00000E+00   -0.28143E+03 -0.38507E+03  0.66650E+03  0.50694E+02  0.17845E+02 -0.22532E+03      298.00
  0.96808E-01  0.10813E+04   -0.54000E-01 -0.54000E-01  0.10800E+00  0.00000E+00  0.00000E+00  0.00000E+00   -0.28162E+03 -0.38523E+03  0.66685E+03  0.50088E+02  0.17315E+02 -0.22527E+03      298.00
  0.97270E-01  0.10817E+04   -0.54250E-01 -0.54250E-01  0.10850E+00  0.00000E+00  0.00000E+00  0.00000E+00   -0.28180E+03 -0.38539E+03  0.66719E+03  0.49482E+02  0.16783E+02 -0.22521E+03      298.00
  0.97733E-01  0.10820E+04   -0.54500E-01 -0.54500E-01  0.10900E+00  0.00000E+00  0.00000E+00  0.00000E+00   -0.28199E+03 -0.38554E+03  0.66753E+03  0.48876E+02  0.16250E+02 -0.22515E+03      298.00
  0.98195E-01  0.10825E+04   -0.54750E-01 -0.54750E-01  0.10950E+00  0.00000E+00  0.00000E+00  0.00000E+00   -0.28229E+03 -0.38569E+03  0.66798E+03  0.48212E+02  0.15570E+02 -0.22526E+03      298.00
  0.98658E-01  0.10826E+04   -0.55000E-01 -0.55000E-01  0.11000E+00  0.00000E+00  0.00000E+00  0.00000E+00   -0.28239E+03 -0.38581E+03  0.66820E+03  0.47685E+02  0.15153E+02 -0.22504E+03      298.00
  0.99121E-01  0.10829E+04   -0.55250E-01 -0.55250E-01  0.11050E+00  0.00000E+00  0.00000E+00  0.00000E+00   -0.28254E+03 -0.38599E+03  0.66853E+03  0.47060E+02  0.14642E+02 -0.22497E+03      298.00
  0.99584E-01  0.10832E+04   -0.55500E-01 -0.55500E-01  0.11100E+00  0.00000E+00  0.00000E+00  0.00000E+00   -0.28271E+03 -0.38614E+03  0.66885E+03  0.46446E+02  0.14115E+02 -0.22491E+03      298.00
  0.10005E+00  0.10838E+04   -0.55750E-01 -0.55750E-01  0.11150E+00  0.00000E+00  0.00000E+00  0.00000E+00   -0.28300E+03 -0.38628E+03  0.66928E+03  0.45778E+02  0.13434E+02 -0.22500E+03      298.00
  0.10051E+00  0.10839E+04   -0.56000E-01 -0.56000E-01  0.11200E+00  0.00000E+00  0.00000E+00  0.00000E+00   -0.28310E+03 -0.38640E+03  0.66949E+03  0.45248E+02  0.13019E+02 -0.22478E+03      298.00
  0.10097E+00  0.10841E+04   -0.56250E-01 -0.56250E-01  0.11250E+00  0.00000E+00  0.00000E+00  0.00000E+00   -0.28324E+03 -0.38656E+03  0.66980E+03  0.44619E+02  0.12508E+02 -0.22470E+03      298.00
  0.10144E+00  0.10847E+04   -0.56500E-01 -0.56500E-01  0.11300E+00  0.00000E+00  0.00000E+00  0.00000E+00   -0.28352E+03 -0.38670E+03  0.67022E+03  0.43945E+02  0.11829E+02 -0.22479E+03      298.00
  0.10190E+00  0.10847E+04   -0.56750E-01 -0.56750E-01  0.11350E+00  0.00000E+00  0.00000E+00  0.00000E+00   -0.28361E+03 -0.38681E+03  0.67042E+03  0.43412E+02  0.11417E+02 -0.22457E+03      298.00
  0.10236E+00  0.10852E+04   -0.57000E-01 -0.57000E-01  0.11400E+00  0.00000E+00  0.00000E+00  0.00000E+00   -0.28386E+03 -0.38696E+03  0.67082E+03  0.42724E+02  0.10754E+02 -0.22464E+03      298.00
  0.10283E+00  0.10853E+04   -0.57250E-01 -0.57250E-01  0.11450E+00  0.00000E+00  0.00000E+00  0.00000E+00   -0.28395E+03 -0.38708E+03  0.67103E+03  0.42185E+02  0.10348E+02 -0.22442E+03      298.00
  0.10329E+00  0.10858E+04   -0.57500E-01 -0.57500E-01  0.11500E+00  0.00000E+00  0.00000E+00  0.00000E+00   -0.28419E+03 -0.38723E+03  0.67141E+03  0.41494E+02  0.96869E+01 -0.22449E+03      298.00
  0.10376E+00  0.10858E+04   -0.57750E-01 -0.57750E-01  0.11550E+00  0.00000E+00  0.00000E+00  0.00000E+00   -0.28427E+03 -0.38734E+03  0.67161E+03  0.40953E+02  0.92812E+01 -0.22426E+03      298.00
  0.10422E+00  0.10863E+04   -0.58000E-01 -0.58000E-01  0.11600E+00  0.00000E+00  0.00000E+00  0.00000E+00   -0.28451E+03 -0.38748E+03  0.67199E+03  0.40260E+02  0.86210E+01 -0.22432E+03      298.00
  0.10468E+00  0.10864E+04   -0.58250E-01 -0.58250E-01  0.11650E+00  0.00000E+00  0.00000E+00  0.00000E+00   -0.28459E+03 -0.38760E+03  0.67219E+03  0.39718E+02  0.82157E+01 -0.22410E+03      298.00
  0.10515E+00  0.10868E+04   -0.58500E-01 -0.58500E-01  0.11700E+00  0.00000E+00  0.00000E+00  0.00000E+00   -0.28482E+03 -0.38774E+03  0.67256E+03  0.39022E+02  0.75563E+01 -0.22415E+03      298.00
  0.10561E+00  0.10871E+04   -0.58750E-01 -0.58750E-01  0.11750E+00  0.00000E+00  0.00000E+00  0.00000E+00   -0.28501E+03 -0.38783E+03  0.67284E+03  0.38422E+02  0.69926E+01 -0.22408E+03      298.00
  0.10608E+00  0.10873E+04   -0.59000E-01 -0.59000E-01  0.11800E+00  0.00000E+00  0.00000E+00  0.00000E+00   -0.28517E+03 -0.38794E+03  0.67311E+03  0.37809E+02  0.64521E+01 -0.22400E+03      298.00
  0.10654E+00  0.10876E+04   -0.59250E-01 -0.59250E-01  0.11850E+00  0.00000E+00  0.00000E+00  0.00000E+00   -0.28532E+03 -0.38806E+03  0.67338E+03  0.37187E+02  0.59199E+01 -0.22391E+03      298.00
  0.10700E+00  0.10878E+04   -0.59500E-01 -0.59500E-01  0.11900E+00  0.00000E+00  0.00000E+00  0.00000E+00   -0.28547E+03 -0.38818E+03  0.67365E+03  0.36563E+02  0.53911E+01 -0.22382E+03      298.00
  0.10747E+00  0.10881E+04   -0.59750E-01 -0.59750E-01  0.11950E+00  0.00000E+00  0.00000E+00  0.00000E+00   -0.28561E+03 -0.38830E+03  0.67391E+03  0.35937E+02  0.48639E+01 -0.22372E+03      298.00
  0.10793E+00  0.10883E+04   -0.60000E-01 -0.60000E-01  0.12000E+00  0.00000E+00  0.00000E+00  0.00000E+00   -0.28575E+03 -0.38843E+03  0.67417E+03  0.35310E+02  0.43375E+01 -0.22363E+03      298.00
  0.10840E+00  0.10885E+04   -0.60250E-01 -0.60250E-01  0.12050E+00  0.00000E+00  0.00000E+00  0.00000E+00   -0.28588E+03 -0.38855E+03  0.67443E+03  0.34681E+02  0.38115E+01 -0.22353E+03      298.00
  0.10886E+00  0.10888E+04   -0.60500E-01 -0.60500E-01  0.12100E+00  0.00000E+00  0.00000E+00  0.00000E+00   -0.28602E+03 -0.38867E+03  0.67469E+03  0.34053E+02  0.32856E+01 -0.22343E+03      298.00
  0.10933E+00  0.10890E+04   -0.60750E-01 -0.60750E-01  0.12150E+00  0.00000E+00  0.00000E+00  0.00000E+00   -0.28616E+03 -0.38878E+03  0.67494E+03  0.33424E+02  0.27596E+01 -0.22333E+03      298.00
  0.10979E+00  0.10892E+04   -0.61000E-01 -0.61000E-01  0.12200E+00  0.00000E+00  0.00000E+00  0.00000E+00   -0.28629E+03 -0.38890E+03  0.67519E+03  0.32795E+02  0.22335E+01 -0.22323E+03      298.00
  0.11026E+00  0.10894E+04   -0.61250E-01 -0.61250E-01  0.12250E+00  0.00000E+00  0.00000E+00  0.00000E+00   -0.28642E+03 -0.38901E+03  0.67543E+03  0.32165E+02  0.17070E+01 -0.22312E+03      298.00
  0.11072E+00  0.10896E+04   -0.61500E-01 -0.61500E-01  0.12300E+00  0.00000E+00  0.00000E+00  0.00000E+00   -0.28655E+03 -0.38912E+03  0.67567E+03  0.31536E+02  0.11800E+01 -0.22302E+03      298.00
  0.11119E+00  0.10898E+04   -0.61750E-01 -0.61750E-01  0.12350E+00  0.00000E+00  0.00000E+00  0.00000E+00   -0.28669E+03 -0.38923E+03  0.67591E+03  0.30907E+02  0.65247E+00 -0.22292E+03      298.00
  0.11165E+00  0.10901E+04   -0.62000E-01 -0.62000E-01  0.12400E+00  0.00000E+00  0.00000E+00  0.00000E+00   -0.28682E+03 -0.38933E+03  0.67615E+03  0.30278E+02  0.12431E+00 -0.22281E+03      298.00
  0.11212E+00  0.10903E+04   -0.62250E-01 -0.62250E-01  0.12450E+00  0.00000E+00  0.00000E+00  0.00000E+00   -0.28695E+03 -0.38943E+03  0.67638E+03  0.29649E+02 -0.40452E+00 -0.22270E+03      298.00
  0.11258E+00  0.10905E+04   -0.62500E-01 -0.62500E-01  0.12500E+00  0.00000E+00  0.00000E+00  0.00000E+00   -0.28708E+03 -0.38953E+03  0.67661E+03  0.29020E+02 -0.93405E+00 -0.22260E+03      298.00
