    STEP   AVACS   MODE1   MODE2   MODE3   MODE4
       1   6.000   0.210   0.790   0.000   0.000
       2   6.000   0.194   0.806   0.000   0.000
       3   5.000   0.173   0.827   0.000   0.000
       4   5.000   0.140   0.860   0.000   0.000
       5   6.000   0.186   0.814   0.000   0.000
       6   6.000   0.258   0.742   0.000   0.000
       7   7.000   0.318   0.682   0.000   0.000
       8   6.000   0.329   0.671   0.000   0.000
       9   5.000   0.330   0.670   0.000   0.000
      10   7.000   0.338   0.662   0.000   0.000
      11   6.000   0.349   0.651   0.000   0.000
      12   7.000   0.380   0.620   0.000   0.000
      13   6.000   0.362   0.638   0.000   0.000
      14   7.000   0.334   0.666   0.000   0.000
      15   4.000   0.264   0.736   0.000   0.000
      16   6.000   0.205   0.795   0.000   0.000
      17   6.000   0.207   0.793   0.000   0.000
      18   6.000   0.221   0.779   0.000   0.000
      19   6.000   0.210   0.790   0.000   0.000
      20   6.000   0.194   0.806   0.000   0.000
      21   5.000   0.173   0.827   0.000   0.000
      22   5.000   0.140   0.860   0.000   0.000
      23   6.000   0.186   0.814   0.000   0.000
      24   6.000   0.258   0.742   0.000   0.000
      25   7.000   0.318   0.682   0.000   0.000
      26   6.000   0.329   0.671   0.000   0.000
      27   5.000   0.330   0.670   0.000   0.000
      28   7.000   0.338   0.662   0.000   0.000
      29   6.000   0.349   0.651   0.000   0.000
      30   7.000   0.380   0.620   0.000   0.000
      31   6.000   0.362   0.638   0.000   0.000
      32   7.000   0.334   0.666   0.000   0.000
      33   4.000   0.264   0.736   0.000   0.000
      34   6.000   0.205   0.795   0.000   0.000
      35   6.000   0.207   0.793   0.000   0.000
      36   6.000   0.221   0.779   0.000   0.000
  STRAIN   AVACS   PRITW   SECTW   MODE1   MODE2   MODE3   MODE4   TWFR3   EFFR3   TWFR4   EFFR4
   0.000   6.000   0.000   0.000   0.210   0.790   0.000   0.000   0.000   0.000   0.000   0.000
   0.001   6.000   0.000   0.000   0.209   0.791   0.000   0.000   0.000   0.000   0.000   0.000
   0.001   6.000   0.000   0.000   0.209   0.791   0.000   0.000   0.000   0.000   0.000   0.000
   0.002   6.000   0.000   0.000   0.208   0.792   0.000   0.000   0.000   0.000   0.000   0.000
   0.002   6.000   0.000   0.000   0.208   0.792   0.000   0.000   0.000   0.000   0.000   0.000
   0.003   6.000   0.000   0.000   0.208   0.792   0.000   0.000   0.000   0.000   0.000   0.000
   0.003   6.000   0.000   0.000   0.207   0.793   0.000   0.000   0.000   0.000   0.000   0.000
   0.004   6.000   0.000   0.000   0.207   0.793   0.000   0.000   0.000   0.000   0.000   0.000
   0.004   6.000   0.000   0.000   0.207   0.793   0.000   0.000   0.000   0.000   0.000   0.000
   0.005   6.000   0.000   0.000   0.206   0.794   0.000   0.000   0.000   0.000   0.000   0.000
   0.005   6.000   0.000   0.000   0.206   0.794   0.000   0.000   0.000   0.000   0.000   0.000
   0.006   6.000   0.000   0.000   0.206   0.794   0.000   0.000   0.000   0.000   0.000   0.000
   0.006   6.000   0.000   0.000   0.206   0.794   0.000   0.000   0.000   0.000   0.000   0.000
   0.007   6.000   0.000   0.000   0.205   0.795   0.000   0.000   0.000   0.000   0.000   0.000
   0.007   6.000   0.000   0.000   0.205   0.795   0.000   0.000   0.000   0.000   0.000   0.000
   0.008   6.000   0.000   0.000   0.205   0.795   0.000   0.000   0.000   0.000   0.000   0.000
   0.008   6.000   0.000   0.000   0.205   0.795   0.000   0.000   0.000   0.000   0.000   0.000
   0.009   6.000   0.000   0.000   0.205   0.795   0.000   0.000   0.000   0.000   0.000   0.000
   0.009   6.000   0.000   0.000   0.205   0.795   0.000   0.000   0.000   0.000   0.000   0.000
   0.010   6.000   0.000   0.000   0.204   0.796   0.000   0.000   0.000   0.000   0.000   0.000
   0.010   6.000   0.000   0.000   0.204   0.796   0.000   0.000   0.000   0.000   0.000   0.000
   0.011   6.000   0.000   0.000   0.204   0.796   0.000   0.000   0.000   0.000   0.000   0.000
   0.011   6.000   0.000   0.000   0.204   0.796   0.000   0.000   0.000   0.000   0.000   0.000
   0.012   6.000   0.000   0.000   0.204   0.796   0.000   0.000   0.000   0.000   0.000   0.000
   0.012   6.000   0.000   0.000   0.204   0.796   0.000   0.000   0.000   0.000   0.000   0.000
   0.013   6.000   0.000   0.000   0.204   0.796   0.000   0.000   0.000   0.000   0.000   0.000
   0.013   6.000   0.000   0.000   0.203   0.797   0.000   0.000   0.000   0.000   0.000   0.000
   0.014   6.000   0.000   0.000   0.203   0.797   0.000   0.000   0.000   0.000   0.000   0.000
   0.014   6.000   0.000   0.000   0.203   0.797   0.000   0.000   0.000   0.000   0.000   0.000
   0.015   6.000   0.000   0.000   0.203   0.797   0.000   0.000   0.000   0.000   0.000   0.000
   0.015   6.000   0.000   0.000   0.203   0.797   0.000   0.000   0.000   0.000   0.000   0.000
   0.016   6.000   0.000   0.000   0.203   0.797   0.000   0.000   0.000   0.000   0.000   0.000
   0.016   6.000   0.000   0.000   0.202   0.797   0.000   0.000   0.000   0.000   0.000   0.000
   0.017   6.000   0.000   0.000   0.202   0.798   0.000   0.000   0.000   0.000   0.000   0.000
   0.017   6.000   0.000   0.000   0.202   0.798   0.000   0.000   0.000   0.000   0.000   0.000
   0.018   6.000   0.000   0.000   0.202   0.798   0.000   0.000   0.000   0.000   0.000   0.000
   0.018   6.000   0.000   0.000   0.202   0.798   0.000   0.000   0.000   0.000   0.000   0.000
   0.019   6.000   0.000   0.000   0.202   0.798   0.000   0.000   0.000   0.000   0.000   0.000
   0.019   6.000   0.000   0.000   0.202   0.798   0.000   0.000   0.000   0.000   0.000   0.000
   0.020   6.000   0.000   0.000   0.201   0.798   0.000   0.000   0.000   0.000   0.000   0.000
   0.020   6.000   0.000   0.000   0.201   0.799   0.000   0.000   0.000   0.000   0.000   0.000
   0.021   6.000   0.000   0.000   0.201   0.799   0.000   0.000   0.000   0.000   0.000   0.000
   0.021   6.000   0.000   0.000   0.201   0.799   0.000   0.000   0.000   0.000   0.000   0.000
   0.022   6.000   0.000   0.000   0.201   0.799   0.000   0.000   0.000   0.000   0.000   0.000
   0.022   6.000   0.000   0.000   0.201   0.799   0.000   0.000   0.000   0.000   0.000   0.000
   0.023   6.000   0.000   0.000   0.200   0.799   0.000   0.000   0.000   0.000   0.000   0.000
   0.023   6.000   0.000   0.000   0.200   0.800   0.000   0.000   0.000   0.000   0.000   0.000
   0.024   6.000   0.000   0.000   0.200   0.800   0.000   0.000   0.000   0.000   0.000   0.000
   0.024   6.000   0.000   0.000   0.200   0.800   0.000   0.000   0.000   0.000   0.000   0.000
   0.025   6.000   0.000   0.000   0.200   0.800   0.000   0.000   0.000   0.000   0.000   0.000
   0.025   6.000   0.000   0.000   0.200   0.800   0.000   0.000   0.000   0.000   0.000   0.000
    STEP   AVACS   MODE1   MODE2   MODE3   MODE4
       1   6.000   0.200   0.800   0.000   0.000
       2   6.000   0.183   0.817   0.000   0.000
       3   5.000   0.160   0.840   0.000   0.000
       4   5.000   0.106   0.894   0.000   0.000
       5   6.000   0.164   0.836   0.000   0.000
       6   5.000   0.247   0.753   0.000   0.000
       7   7.000   0.317   0.683   0.000   0.000
       8   6.000   0.334   0.665   0.000   0.000
       9   6.000   0.337   0.663   0.000   0.000
      10   6.000   0.336   0.664   0.000   0.000
      11   5.000   0.358   0.642   0.000   0.000
      12   7.000   0.390   0.610   0.000   0.000
      13   6.000   0.372   0.628   0.000   0.000
      14   7.000   0.339   0.661   0.000   0.000
      15   5.000   0.261   0.739   0.000   0.000
      16   6.000   0.188   0.812   0.000   0.000
      17   5.000   0.194   0.806   0.000   0.000
      18   7.000   0.211   0.789   0.000   0.000
      19   6.000   0.199   0.800   0.000   0.000
      20   6.000   0.183   0.817   0.000   0.000
      21   5.000   0.160   0.840   0.000   0.000
      22   5.000   0.106   0.894   0.000   0.000
      23   6.000   0.164   0.836   0.000   0.000
      24   5.000   0.247   0.753   0.000   0.000
      25   7.000   0.317   0.683   0.000   0.000
      26   6.000   0.334   0.666   0.000   0.000
      27   6.000   0.337   0.663   0.000   0.000
      28   6.000   0.336   0.664   0.000   0.000
      29   5.000   0.358   0.642   0.000   0.000
      30   7.000   0.390   0.609   0.000   0.000
      31   6.000   0.372   0.628   0.000   0.000
      32   7.000   0.338   0.661   0.000   0.000
      33   5.000   0.261   0.739   0.000   0.000
      34   6.000   0.188   0.812   0.000   0.000
      35   5.000   0.194   0.806   0.000   0.000
      36   7.000   0.211   0.789   0.000   0.000
  STRAIN   AVACS   PRITW   SECTW   MODE1   MODE2   MODE3   MODE4   TWFR3   EFFR3   TWFR4   EFFR4
   0.025   6.000   0.000   0.000   0.199   0.800   0.000   0.000   0.000   0.000   0.000   0.000
   0.026   6.000   0.000   0.000   0.199   0.800   0.000   0.000   0.000   0.000   0.000   0.000
   0.026   6.000   0.000   0.000   0.199   0.801   0.000   0.000   0.000   0.000   0.000   0.000
   0.027   6.000   0.000   0.000   0.199   0.801   0.000   0.000   0.000   0.000   0.000   0.000
   0.027   6.000   0.000   0.000   0.199   0.801   0.000   0.000   0.000   0.000   0.000   0.000
   0.028   6.000   0.000   0.000   0.199   0.801   0.000   0.000   0.000   0.000   0.000   0.000
   0.028   6.000   0.000   0.000   0.198   0.801   0.000   0.000   0.000   0.000   0.000   0.000
   0.029   6.000   0.000   0.000   0.198   0.801   0.000   0.000   0.000   0.000   0.000   0.000
   0.029   6.000   0.000   0.000   0.198   0.801   0.000   0.000   0.000   0.000   0.000   0.000
   0.030   6.000   0.000   0.000   0.198   0.802   0.000   0.001   0.000   0.000   0.000   0.000
   0.030   6.000   0.000   0.000   0.198   0.802   0.000   0.001   0.000   0.000   0.000   0.000
   0.031   6.000   0.000   0.000   0.198   0.802   0.000   0.001   0.000   0.000   0.000   0.000
   0.031   6.000   0.000   0.000   0.197   0.802   0.000   0.001   0.000   0.000   0.000   0.000
   0.032   6.000   0.000   0.000   0.197   0.802   0.000   0.001   0.000   0.000   0.000   0.000
   0.032   6.000   0.000   0.000   0.197   0.802   0.000   0.001   0.000   0.000   0.000   0.000
   0.033   6.000   0.000   0.000   0.197   0.803   0.000   0.001   0.000   0.000   0.000   0.000
   0.033   6.000   0.000   0.000   0.197   0.803   0.000   0.001   0.000   0.000   0.000   0.000
   0.034   6.000   0.000   0.000   0.196   0.803   0.000   0.001   0.000   0.000   0.000   0.000
   0.034   6.000   0.000   0.000   0.196   0.803   0.000   0.001   0.000   0.000   0.000   0.000
   0.035   6.000   0.000   0.000   0.196   0.803   0.000   0.001   0.000   0.000   0.000   0.000
   0.035   6.000   0.000   0.000   0.196   0.803   0.000   0.001   0.000   0.000   0.000   0.000
   0.036   6.000   0.000   0.000   0.196   0.803   0.000   0.001   0.000   0.000   0.000   0.000
   0.036   6.000   0.000   0.000   0.195   0.804   0.000   0.001   0.000   0.000   0.000   0.000
   0.037   6.000   0.000   0.000   0.195   0.804   0.000   0.001   0.000   0.000   0.000   0.000
   0.037   6.000   0.000   0.000   0.195   0.804   0.000   0.001   0.000   0.000   0.000   0.000
   0.038   6.000   0.000   0.000   0.195   0.804   0.000   0.001   0.000   0.000   0.000   0.000
   0.038   6.000   0.000   0.000   0.195   0.804   0.000   0.001   0.000   0.000   0.000   0.000
   0.039   6.000   0.000   0.000   0.194   0.804   0.000   0.001   0.000   0.000   0.000   0.000
   0.039   6.000   0.000   0.000   0.194   0.804   0.000   0.001   0.000   0.000   0.000   0.000
   0.040   6.000   0.000   0.000   0.194   0.805   0.000   0.001   0.000   0.000   0.000   0.000
   0.040   6.000   0.000   0.000   0.194   0.805   0.000   0.001   0.000   0.000   0.000   0.000
   0.041   6.000   0.000   0.000   0.194   0.805   0.000   0.001   0.000   0.000   0.000   0.000
   0.041   6.000   0.000   0.000   0.193   0.805   0.000   0.002   0.000   0.000   0.000   0.000
   0.042   6.000   0.000   0.000   0.193   0.805   0.000   0.002   0.000   0.000   0.000   0.000
   0.042   6.000   0.000   0.000   0.193   0.805   0.000   0.002   0.000   0.000   0.000   0.000
   0.043   6.000   0.000   0.000   0.193   0.806   0.000   0.002   0.000   0.000   0.000   0.000
   0.043   6.000   0.000   0.000   0.193   0.806   0.000   0.002   0.000   0.000   0.000   0.000
   0.044   6.000   0.000   0.000   0.192   0.806   0.000   0.002   0.000   0.000   0.000   0.000
   0.044   6.000   0.000   0.000   0.192   0.806   0.000   0.002   0.000   0.000   0.000   0.000
   0.045   6.000   0.000   0.000   0.192   0.806   0.000   0.002   0.000   0.000   0.000   0.000
   0.045   6.000   0.000   0.000   0.192   0.806   0.000   0.002   0.000   0.000   0.000   0.000
   0.046   6.000   0.000   0.000   0.191   0.806   0.000   0.002   0.000   0.000   0.000   0.000
   0.046   6.000   0.000   0.000   0.191   0.807   0.000   0.002   0.000   0.000   0.000   0.000
   0.047   6.000   0.000   0.000   0.191   0.807   0.000   0.002   0.000   0.000   0.000   0.000
   0.047   6.000   0.000   0.000   0.191   0.807   0.000   0.002   0.000   0.000   0.000   0.000
   0.048   6.000   0.000   0.000   0.191   0.807   0.000   0.002   0.000   0.000   0.000   0.000
   0.048   6.000   0.000   0.000   0.191   0.807   0.000   0.002   0.000   0.000   0.000   0.000
   0.049   6.000   0.000   0.000   0.190   0.807   0.000   0.002   0.000   0.000   0.000   0.000
   0.049   6.000   0.000   0.000   0.190   0.807   0.000   0.002   0.000   0.000   0.000   0.000
   0.050   6.000   0.000   0.000   0.190   0.808   0.000   0.003   0.000   0.000   0.000   0.000
   0.050   6.000   0.000   0.000   0.190   0.808   0.000   0.003   0.000   0.000   0.001   0.000
    STEP   AVACS   MODE1   MODE2   MODE3   MODE4
       1   6.000   0.191   0.809   0.000   0.000
       2   6.000   0.173   0.827   0.000   0.000
       3   5.000   0.149   0.851   0.000   0.000
       4   5.000   0.097   0.903   0.000   0.000
       5   5.000   0.159   0.841   0.000   0.000
       6   6.000   0.243   0.757   0.000   0.001
       7   7.000   0.318   0.679   0.000   0.003
       8   6.000   0.339   0.657   0.000   0.004
       9   5.000   0.345   0.652   0.000   0.004
      10   6.000   0.354   0.645   0.000   0.001
      11   5.000   0.373   0.627   0.000   0.000
      12   7.000   0.404   0.596   0.000   0.000
      13   6.000   0.383   0.617   0.000   0.000
      14   7.000   0.347   0.652   0.000   0.000
      15   4.000   0.265   0.735   0.000   0.000
      16   6.000   0.192   0.808   0.000   0.000
      17   5.000   0.192   0.807   0.000   0.000
      18   7.000   0.203   0.795   0.000   0.002
      19   6.000   0.190   0.808   0.000   0.003
      20   6.000   0.171   0.826   0.000   0.003
      21   5.000   0.148   0.850   0.000   0.003
      22   5.000   0.096   0.903   0.000   0.001
      23   5.000   0.159   0.841   0.000   0.000
      24   6.000   0.243   0.757   0.000   0.000
      25   7.000   0.320   0.680   0.000   0.000
      26   6.000   0.341   0.659   0.000   0.000
      27   5.000   0.346   0.654   0.000   0.000
      28   6.000   0.354   0.646   0.000   0.000
      29   5.000   0.373   0.626   0.000   0.001
      30   7.000   0.402   0.594   0.000   0.004
      31   6.000   0.381   0.614   0.000   0.005
      32   7.000   0.346   0.650   0.000   0.004
      33   4.000   0.264   0.735   0.000   0.002
      34   6.000   0.191   0.808   0.000   0.001
      35   5.000   0.193   0.807   0.000   0.000
      36   7.000   0.204   0.796   0.000   0.000
  STRAIN   AVACS   PRITW   SECTW   MODE1   MODE2   MODE3   MODE4   TWFR3   EFFR3   TWFR4   EFFR4
   0.050   6.000   0.000   0.000   0.190   0.808   0.000   0.003   0.000   0.000   0.001   0.000
   0.051   6.000   0.000   0.000   0.189   0.808   0.000   0.003   0.000   0.000   0.001   0.000
   0.051   6.000   0.000   0.000   0.189   0.808   0.000   0.003   0.000   0.000   0.001   0.000
   0.052   6.000   0.000   0.000   0.189   0.808   0.000   0.003   0.000   0.000   0.001   0.000
   0.052   6.000   0.000   0.000   0.189   0.808   0.000   0.003   0.000   0.000   0.001   0.000
   0.053   6.000   0.000   0.000   0.189   0.808   0.000   0.003   0.000   0.000   0.001   0.000
   0.053   6.000   0.000   0.000   0.188   0.809   0.000   0.003   0.000   0.000   0.001   0.000
   0.054   6.000   0.000   0.000   0.188   0.809   0.000   0.003   0.000   0.000   0.001   0.000
   0.054   6.000   0.000   0.000   0.188   0.809   0.000   0.003   0.000   0.000   0.001   0.000
   0.055   6.000   0.000   0.000   0.188   0.809   0.000   0.003   0.000   0.000   0.001   0.000
   0.055   6.000   0.000   0.000   0.188   0.809   0.000   0.003   0.000   0.000   0.001   0.000
   0.056   6.000   0.000   0.000   0.187   0.809   0.000   0.003   0.000   0.000   0.001   0.000
   0.056   6.000   0.000   0.000   0.187   0.809   0.000   0.003   0.000   0.000   0.001   0.000
   0.057   6.000   0.000   0.000   0.187   0.810   0.000   0.003   0.000   0.000   0.001   0.000
   0.057   6.000   0.000   0.000   0.187   0.810   0.000   0.003   0.000   0.000   0.001   0.000
   0.058   6.000   0.000   0.000   0.187   0.810   0.000   0.003   0.000   0.000   0.001   0.000
   0.058   6.000   0.000   0.000   0.186   0.810   0.000   0.003   0.000   0.000   0.001   0.000
   0.059   6.000   0.000   0.000   0.186   0.810   0.000   0.003   0.000   0.000   0.001   0.000
   0.059   6.000   0.000   0.000   0.186   0.810   0.000   0.004   0.000   0.000   0.001   0.000
   0.060   6.000   0.000   0.000   0.186   0.811   0.000   0.004   0.000   0.000   0.001   0.000
   0.060   6.000   0.000   0.000   0.186   0.811   0.000   0.004   0.000   0.000   0.001   0.000
   0.061   6.000   0.000   0.000   0.185   0.811   0.000   0.004   0.000   0.000   0.001   0.000
   0.061   6.000   0.000   0.000   0.185   0.811   0.000   0.004   0.000   0.000   0.001   0.000
   0.062   6.000   0.000   0.000   0.185   0.811   0.000   0.004   0.000   0.000   0.001   0.000
   0.062   6.000   0.000   0.000   0.185   0.811   0.000   0.004   0.000   0.000   0.001   0.000
   0.063   6.000   0.000   0.000   0.185   0.811   0.000   0.004   0.000   0.000   0.001   0.000
   0.063   6.000   0.000   0.000   0.184   0.812   0.000   0.004   0.000   0.000   0.001   0.000
   0.064   6.000   0.000   0.000   0.184   0.812   0.000   0.004   0.000   0.000   0.001   0.000
   0.064   6.000   0.000   0.000   0.184   0.812   0.000   0.004   0.000   0.000   0.001   0.000
   0.065   6.000   0.000   0.000   0.184   0.812   0.000   0.004   0.000   0.000   0.001   0.000
   0.065   6.000   0.000   0.000   0.184   0.812   0.000   0.004   0.000   0.000   0.001   0.000
   0.066   6.000   0.000   0.000   0.184   0.812   0.000   0.004   0.000   0.000   0.001   0.000
   0.066   6.000   0.000   0.000   0.183   0.813   0.000   0.004   0.000   0.000   0.001   0.000
   0.067   6.000   0.000   0.000   0.183   0.813   0.000   0.004   0.000   0.000   0.001   0.000
   0.067   6.000   0.000   0.000   0.183   0.813   0.000   0.004   0.000   0.000   0.001   0.000
   0.068   6.000   0.000   0.000   0.183   0.813   0.000   0.004   0.000   0.000   0.001   0.000
   0.068   6.000   0.000   0.000   0.183   0.813   0.000   0.004   0.000   0.000   0.001   0.000
   0.069   6.000   0.000   0.000   0.182   0.813   0.000   0.004   0.000   0.000   0.001   0.000
   0.069   6.000   0.000   0.000   0.182   0.814   0.000   0.004   0.000   0.000   0.002   0.000
   0.070   6.000   0.000   0.000   0.182   0.814   0.000   0.004   0.000   0.000   0.002   0.000
   0.070   6.000   0.000   0.000   0.182   0.814   0.000   0.004   0.000   0.000   0.002   0.000
   0.071   6.000   0.000   0.000   0.182   0.814   0.000   0.004   0.000   0.000   0.002   0.000
   0.071   6.000   0.000   0.000   0.181   0.814   0.000   0.004   0.000   0.000   0.002   0.000
   0.072   6.000   0.000   0.000   0.181   0.814   0.000   0.004   0.000   0.000   0.002   0.000
   0.072   6.000   0.000   0.000   0.181   0.815   0.000   0.004   0.000   0.000   0.002   0.000
   0.073   6.000   0.000   0.000   0.181   0.815   0.000   0.004   0.000   0.000   0.002   0.000
   0.073   6.000   0.000   0.000   0.181   0.815   0.000   0.004   0.000   0.000   0.002   0.000
   0.074   6.000   0.000   0.000   0.180   0.815   0.000   0.004   0.000   0.000   0.002   0.000
   0.074   6.000   0.000   0.000   0.180   0.815   0.000   0.004   0.000   0.000   0.002   0.000
   0.075   6.000   0.000   0.000   0.180   0.815   0.000   0.004   0.000   0.000   0.002   0.000
   0.075   6.000   0.000   0.000   0.180   0.816   0.000   0.004   0.000   0.000   0.002   0.000
    STEP   AVACS   MODE1   MODE2   MODE3   MODE4
       1   6.000   0.182   0.818   0.000   0.000
       2   6.000   0.162   0.838   0.000   0.000
       3   5.000   0.137   0.863   0.000   0.000
       4   5.000   0.084   0.916   0.000   0.000
       5   5.000   0.151   0.849   0.000   0.000
       6   5.000   0.238   0.761   0.000   0.001
       7   7.000   0.319   0.677   0.000   0.004
       8   6.000   0.344   0.649   0.000   0.007
       9   5.000   0.352   0.641   0.000   0.007
      10   6.000   0.365   0.633   0.000   0.002
      11   5.000   0.387   0.612   0.000   0.000
      12   7.000   0.416   0.584   0.000   0.000
      13   6.000   0.394   0.605   0.000   0.000
      14   7.000   0.355   0.645   0.000   0.000
      15   5.000   0.267   0.733   0.000   0.000
      16   6.000   0.190   0.810   0.000   0.000
      17   5.000   0.188   0.811   0.000   0.001
      18   6.000   0.195   0.802   0.000   0.003
      19   6.000   0.180   0.816   0.000   0.004
      20   6.000   0.160   0.835   0.000   0.005
      21   5.000   0.135   0.861   0.000   0.005
      22   5.000   0.083   0.914   0.000   0.002
      23   5.000   0.150   0.849   0.000   0.000
      24   6.000   0.238   0.762   0.000   0.000
      25   7.000   0.321   0.679   0.000   0.000
      26   6.000   0.347   0.653   0.000   0.000
      27   5.000   0.355   0.645   0.000   0.000
      28   6.000   0.365   0.635   0.000   0.000
      29   5.000   0.387   0.612   0.000   0.001
      30   7.000   0.414   0.579   0.000   0.007
      31   6.000   0.391   0.600   0.000   0.009
      32   7.000   0.352   0.640   0.000   0.008
      33   4.000   0.266   0.731   0.000   0.004
      34   6.000   0.189   0.810   0.000   0.001
      35   5.000   0.189   0.811   0.000   0.000
      36   6.000   0.197   0.803   0.000   0.000
  STRAIN   AVACS   PRITW   SECTW   MODE1   MODE2   MODE3   MODE4   TWFR3   EFFR3   TWFR4   EFFR4
   0.075   6.000   0.000   0.000   0.180   0.816   0.000   0.004   0.000   0.000   0.002   0.000
   0.076   6.000   0.000   0.000   0.180   0.816   0.000   0.004   0.000   0.000   0.002   0.000
   0.076   6.000   0.000   0.000   0.180   0.816   0.000   0.004   0.000   0.000   0.002   0.000
   0.077   6.000   0.000   0.000   0.180   0.816   0.000   0.004   0.000   0.000   0.002   0.000
   0.077   6.000   0.000   0.000   0.179   0.816   0.000   0.004   0.000   0.000   0.002   0.000
   0.078   6.000   0.000   0.000   0.179   0.816   0.000   0.004   0.000   0.000   0.002   0.000
   0.078   6.000   0.000   0.000   0.179   0.817   0.000   0.004   0.000   0.000   0.002   0.000
   0.079   6.000   0.000   0.000   0.179   0.817   0.000   0.004   0.000   0.000   0.002   0.000
   0.079   6.000   0.000   0.000   0.179   0.817   0.000   0.004   0.000   0.000   0.002   0.000
   0.080   6.000   0.000   0.000   0.178   0.817   0.000   0.004   0.000   0.000   0.002   0.000
   0.080   6.000   0.000   0.000   0.178   0.817   0.000   0.004   0.000   0.000   0.002   0.000
   0.081   6.000   0.000   0.000   0.178   0.817   0.000   0.004   0.000   0.000   0.002   0.000
   0.081   6.000   0.000   0.000   0.178   0.818   0.000   0.004   0.000   0.000   0.002   0.000
   0.082   6.000   0.000   0.000   0.178   0.818   0.000   0.004   0.000   0.000   0.002   0.000
   0.082   6.000   0.000   0.000   0.178   0.818   0.000   0.004   0.000   0.000   0.002   0.000
   0.083   6.000   0.000   0.000   0.177   0.818   0.000   0.004   0.000   0.000   0.002   0.000
   0.083   6.000   0.000   0.000   0.177   0.818   0.000   0.004   0.000   0.000   0.002   0.000
   0.084   6.000   0.000   0.000   0.177   0.818   0.000   0.004   0.000   0.000   0.002   0.000
   0.084   6.000   0.000   0.000   0.177   0.819   0.000   0.004   0.000   0.000   0.003   0.000
   0.085   6.000   0.000   0.000   0.177   0.819   0.000   0.004   0.000   0.000   0.003   0.000
   0.085   6.000   0.000   0.000   0.177   0.819   0.000   0.004   0.000   0.000   0.003   0.000
   0.086   6.000   0.000   0.000   0.176   0.819   0.000   0.004   0.000   0.000   0.003   0.000
   0.086   6.000   0.000   0.000   0.176   0.819   0.000   0.004   0.000   0.000   0.003   0.000
   0.087   6.000   0.000   0.000   0.176   0.820   0.000   0.004   0.000   0.000   0.003   0.000
   0.087   6.000   0.000   0.000   0.176   0.820   0.000   0.004   0.000   0.000   0.003   0.000
   0.088   6.000   0.000   0.000   0.176   0.820   0.000   0.004   0.000   0.000   0.003   0.000
   0.088   6.000   0.000   0.000   0.176   0.820   0.000   0.004   0.000   0.000   0.003   0.000
   0.089   6.000   0.000   0.000   0.175   0.820   0.000   0.004   0.000   0.000   0.003   0.000
   0.089   6.000   0.000   0.000   0.175   0.820   0.000   0.004   0.000   0.000   0.003   0.000
   0.090   6.000   0.000   0.000   0.175   0.821   0.000   0.004   0.000   0.000   0.003   0.000
   0.090   6.000   0.000   0.000   0.175   0.821   0.000   0.004   0.000   0.000   0.003   0.000
   0.091   6.000   0.000   0.000   0.175   0.821   0.000   0.004   0.000   0.000   0.003   0.000
   0.091   6.000   0.000   0.000   0.175   0.821   0.000   0.004   0.000   0.000   0.003   0.000
   0.092   6.000   0.000   0.000   0.174   0.821   0.000   0.004   0.000   0.000   0.003   0.000
   0.092   6.000   0.000   0.000   0.174   0.822   0.000   0.004   0.000   0.000   0.003   0.000
   0.093   6.000   0.000   0.000   0.174   0.822   0.000   0.004   0.000   0.000   0.003   0.000
   0.093   6.000   0.000   0.000   0.174   0.822   0.000   0.004   0.000   0.000   0.003   0.000
   0.094   6.000   0.000   0.000   0.174   0.822   0.000   0.004   0.000   0.000   0.003   0.000
   0.094   6.000   0.000   0.000   0.174   0.822   0.000   0.004   0.000   0.000   0.003   0.000
   0.095   6.000   0.000   0.000   0.173   0.822   0.000   0.004   0.000   0.000   0.003   0.000
   0.095   6.000   0.000   0.000   0.173   0.823   0.000   0.004   0.000   0.000   0.003   0.000
   0.096   6.000   0.000   0.000   0.173   0.823   0.000   0.004   0.000   0.000   0.003   0.000
   0.096   6.000   0.000   0.000   0.173   0.823   0.000   0.004   0.000   0.000   0.003   0.000
   0.097   6.000   0.000   0.000   0.173   0.823   0.000   0.004   0.000   0.000   0.003   0.000
   0.097   6.000   0.000   0.000   0.173   0.823   0.000   0.004   0.000   0.000   0.003   0.000
   0.098   6.000   0.000   0.000   0.172   0.824   0.000   0.004   0.000   0.000   0.003   0.000
   0.098   6.000   0.000   0.000   0.172   0.824   0.000   0.004   0.000   0.000   0.003   0.000
   0.099   6.000   0.000   0.000   0.172   0.824   0.000   0.004   0.000   0.000   0.003   0.000
   0.099   6.000   0.000   0.000   0.172   0.824   0.000   0.004   0.000   0.000   0.003   0.000
   0.100   6.000   0.000   0.000   0.172   0.824   0.000   0.004   0.000   0.000   0.003   0.000
   0.100   6.000   0.000   0.000   0.172   0.825   0.000   0.004   0.000   0.000   0.004   0.000
    STEP   AVACS   MODE1   MODE2   MODE3   MODE4
       1   6.000   0.173   0.827   0.000   0.000
       2   6.000   0.152   0.848   0.000   0.000
       3   5.000   0.125   0.875   0.000   0.000
       4   5.000   0.073   0.927   0.000   0.000
       5   5.000   0.143   0.857   0.000   0.000
       6   5.000   0.235   0.765   0.000   0.001
       7   7.000   0.320   0.677   0.000   0.004
       8   5.000   0.351   0.643   0.000   0.006
       9   5.000   0.361   0.633   0.000   0.006
      10   6.000   0.374   0.624   0.000   0.002
      11   5.000   0.402   0.598   0.000   0.000
      12   7.000   0.429   0.571   0.000   0.000
      13   6.000   0.406   0.594   0.000   0.000
      14   7.000   0.363   0.637   0.000   0.000
      15   5.000   0.271   0.729   0.000   0.000
      16   6.000   0.186   0.813   0.000   0.000
      17   5.000   0.184   0.815   0.000   0.001
      18   6.000   0.188   0.809   0.000   0.003
      19   6.000   0.172   0.825   0.000   0.004
      20   6.000   0.150   0.846   0.000   0.004
      21   5.000   0.123   0.873   0.000   0.004
      22   5.000   0.072   0.926   0.000   0.002
      23   5.000   0.143   0.856   0.000   0.000
      24   5.000   0.235   0.765   0.000   0.000
      25   7.000   0.321   0.679   0.000   0.000
      26   5.000   0.353   0.647   0.000   0.000
      27   5.000   0.363   0.637   0.000   0.000
      28   6.000   0.374   0.625   0.000   0.000
      29   5.000   0.401   0.598   0.000   0.001
      30   7.000   0.426   0.567   0.000   0.007
      31   6.000   0.402   0.589   0.000   0.009
      32   7.000   0.360   0.632   0.000   0.008
      33   5.000   0.269   0.728   0.000   0.004
      34   6.000   0.186   0.813   0.000   0.001
      35   5.000   0.184   0.816   0.000   0.000
      36   6.000   0.189   0.811   0.000   0.000
  STRAIN   AVACS   PRITW   SECTW   MODE1   MODE2   MODE3   MODE4   TWFR3   EFFR3   TWFR4   EFFR4
   0.100   6.000   0.000   0.000   0.172   0.825   0.000   0.004   0.000   0.000   0.004   0.000
   0.101   6.000   0.000   0.000   0.171   0.825   0.000   0.004   0.000   0.000   0.004   0.000
   0.101   6.000   0.000   0.000   0.171   0.825   0.000   0.004   0.000   0.000   0.004   0.000
   0.102   6.000   0.000   0.000   0.171   0.825   0.000   0.004   0.000   0.000   0.004   0.000
   0.102   6.000   0.000   0.000   0.171   0.825   0.000   0.004   0.000   0.000   0.004   0.000
   0.103   6.000   0.000   0.000   0.171   0.825   0.000   0.004   0.000   0.000   0.004   0.000
   0.103   6.000   0.000   0.000   0.171   0.826   0.000   0.004   0.000   0.000   0.004   0.000
   0.104   6.000   0.000   0.000   0.170   0.826   0.000   0.004   0.000   0.000   0.004   0.000
   0.104   6.000   0.000   0.000   0.170   0.826   0.000   0.004   0.000   0.000   0.004   0.000
   0.105   6.000   0.000   0.000   0.170   0.826   0.000   0.004   0.000   0.000   0.004   0.000
   0.105   6.000   0.000   0.000   0.170   0.826   0.000   0.004   0.000   0.000   0.004   0.000
   0.106   6.000   0.000   0.000   0.170   0.827   0.000   0.004   0.000   0.000   0.004   0.000
   0.106   6.000   0.000   0.000   0.170   0.827   0.000   0.004   0.000   0.000   0.004   0.000
   0.107   6.000   0.000   0.000   0.170   0.827   0.000   0.004   0.000   0.000   0.004   0.000
   0.107   6.000   0.000   0.000   0.169   0.827   0.000   0.004   0.000   0.000   0.004   0.000
   0.108   6.000   0.000   0.000   0.169   0.827   0.000   0.004   0.000   0.000   0.004   0.000
   0.108   6.000   0.000   0.000   0.169   0.827   0.000   0.003   0.000   0.000   0.004   0.000
   0.109   6.000   0.000   0.000   0.169   0.828   0.000   0.003   0.000   0.000   0.004   0.000
   0.109   6.000   0.000   0.000   0.169   0.828   0.000   0.003   0.000   0.000   0.004   0.000
   0.110   6.000   0.000   0.000   0.169   0.828   0.000   0.003   0.000   0.000   0.004   0.000
   0.110   6.000   0.000   0.000   0.168   0.828   0.000   0.003   0.000   0.000   0.004   0.000
   0.111   6.000   0.000   0.000   0.168   0.828   0.000   0.003   0.000   0.000   0.004   0.000
   0.111   6.000   0.000   0.000   0.168   0.829   0.000   0.003   0.000   0.000   0.004   0.000
   0.112   6.000   0.000   0.000   0.168   0.829   0.000   0.003   0.000   0.000   0.004   0.000
   0.112   6.000   0.000   0.000   0.168   0.829   0.000   0.003   0.000   0.000   0.004   0.000
   0.113   6.000   0.000   0.000   0.168   0.829   0.000   0.003   0.000   0.000   0.004   0.000
   0.113   6.000   0.000   0.000   0.167   0.829   0.000   0.003   0.000   0.000   0.004   0.000
   0.114   6.000   0.000   0.000   0.167   0.830   0.000   0.003   0.000   0.000   0.004   0.000
   0.114   6.000   0.000   0.000   0.167   0.830   0.000   0.003   0.000   0.000   0.004   0.000
   0.115   6.000   0.000   0.000   0.167   0.830   0.000   0.003   0.000   0.000   0.004   0.000
   0.115   6.000   0.000   0.000   0.167   0.830   0.000   0.003   0.000   0.000   0.004   0.000
   0.116   6.000   0.000   0.000   0.167   0.830   0.000   0.003   0.000   0.000   0.004   0.000
   0.116   6.000   0.000   0.000   0.167   0.830   0.000   0.003   0.000   0.000   0.004   0.000
   0.117   6.000   0.000   0.000   0.166   0.831   0.000   0.003   0.000   0.000   0.004   0.000
   0.117   6.000   0.000   0.000   0.166   0.831   0.000   0.003   0.000   0.000   0.004   0.000
   0.118   6.000   0.000   0.000   0.166   0.831   0.000   0.003   0.000   0.000   0.004   0.000
   0.118   6.000   0.000   0.000   0.166   0.831   0.000   0.003   0.000   0.000   0.004   0.000
   0.119   6.000   0.000   0.000   0.166   0.831   0.000   0.003   0.000   0.000   0.004   0.000
   0.119   6.000   0.000   0.000   0.166   0.832   0.000   0.003   0.000   0.000   0.004   0.000
   0.120   6.000   0.000   0.000   0.165   0.832   0.000   0.003   0.000   0.000   0.004   0.000
   0.120   6.000   0.000   0.000   0.165   0.832   0.000   0.003   0.000   0.000   0.005   0.000
   0.121   6.000   0.000   0.000   0.165   0.832   0.000   0.003   0.000   0.000   0.005   0.000
   0.121   6.000   0.000   0.000   0.165   0.832   0.000   0.003   0.000   0.000   0.005   0.000
   0.122   6.000   0.000   0.000   0.165   0.832   0.000   0.003   0.000   0.000   0.005   0.000
   0.122   6.000   0.000   0.000   0.165   0.833   0.000   0.003   0.000   0.000   0.005   0.000
   0.123   6.000   0.000   0.000   0.164   0.833   0.000   0.003   0.000   0.000   0.005   0.000
   0.123   6.000   0.000   0.000   0.164   0.833   0.000   0.003   0.000   0.000   0.005   0.000
   0.124   6.000   0.000   0.000   0.164   0.833   0.000   0.003   0.000   0.000   0.005   0.000
   0.124   6.000   0.000   0.000   0.164   0.833   0.000   0.003   0.000   0.000   0.005   0.000
   0.125   6.000   0.000   0.000   0.164   0.834   0.000   0.003   0.000   0.000   0.005   0.000
   0.125   6.000   0.000   0.000   0.164   0.834   0.000   0.003   0.000   0.000   0.005   0.000
    STEP   AVACS   MODE1   MODE2   MODE3   MODE4
       1   6.000   0.165   0.835   0.000   0.000
       2   6.000   0.142   0.858   0.000   0.000
       3   5.000   0.113   0.887   0.000   0.000
       4   5.000   0.062   0.938   0.000   0.000
       5   5.000   0.140   0.860   0.000   0.000
       6   5.000   0.236   0.764   0.000   0.000
       7   7.000   0.321   0.677   0.000   0.003
       8   6.000   0.358   0.638   0.000   0.005
       9   5.000   0.370   0.625   0.000   0.004
      10   6.000   0.384   0.615   0.000   0.001
      11   5.000   0.416   0.584   0.000   0.000
      12   7.000   0.441   0.559   0.000   0.000
      13   6.000   0.417   0.583   0.000   0.000
      14   7.000   0.371   0.629   0.000   0.000
      15   5.000   0.275   0.725   0.000   0.000
      16   5.000   0.183   0.816   0.001   0.000
      17   4.000   0.180   0.819   0.000   0.000
      18   6.000   0.181   0.817   0.000   0.002
      19   6.000   0.164   0.834   0.000   0.003
      20   6.000   0.140   0.857   0.000   0.003
      21   5.000   0.112   0.885   0.000   0.003
      22   5.000   0.061   0.937   0.000   0.002
      23   5.000   0.140   0.860   0.000   0.000
      24   5.000   0.236   0.764   0.000   0.000
      25   7.000   0.322   0.678   0.000   0.000
      26   6.000   0.359   0.641   0.000   0.000
      27   5.000   0.372   0.628   0.000   0.000
      28   6.000   0.384   0.616   0.001   0.000
      29   5.000   0.416   0.583   0.000   0.001
      30   7.000   0.439   0.556   0.000   0.005
      31   6.000   0.415   0.579   0.000   0.007
      32   7.000   0.368   0.626   0.000   0.006
      33   5.000   0.273   0.724   0.000   0.003
      34   5.000   0.183   0.816   0.000   0.001
      35   4.000   0.180   0.820   0.000   0.000
      36   6.000   0.182   0.818   0.000   0.000
