TEXTURE AT STRAIN =    0.0250
   0.988   1.025   0.988  <-- length of phase ellipsoid axes
  162.84   90.00  180.00  <-- Euler angles (deg) of phase ellipsoid axes
B         1
   22.32   75.72  -77.42   1.0000000
TEXTURE AT STRAIN =    0.0500
   0.975   1.051   0.975  <-- length of phase ellipsoid axes
 -164.72   90.00  180.00  <-- Euler angles (deg) of phase ellipsoid axes
B         1
   22.52   74.86  -76.94   1.0000000
TEXTURE AT STRAIN =    0.0750
   0.963   1.078   0.963  <-- length of phase ellipsoid axes
 -163.50   90.00  180.00  <-- Euler angles (deg) of phase ellipsoid axes
B         1
   22.73   73.96  -76.46   1.0000000
TEXTURE AT STRAIN =    0.1000
   0.951   1.105   0.951  <-- length of phase ellipsoid axes
 -165.47   90.00  180.00  <-- Euler angles (deg) of phase ellipsoid axes
B         1
   22.97   73.00  -75.97   1.0000000
TEXTURE AT STRAIN =    0.1250
   0.939   1.133   0.939  <-- length of phase ellipsoid axes
 -171.12   90.00  180.00  <-- Euler angles (deg) of phase ellipsoid axes
B         1
   23.22   71.98  -75.46   1.0000000
