          Evm          Svm            E11          E22          E33          E23          E13          E12         SDEV11       SDEV22       SDEV33       SDEV23       SDEV13       SDEV12      TEMP
  0.00000E+00  0.44400E+03    0.00000E+00  0.00000E+00  0.00000E+00  0.00000E+00  0.00000E+00  0.00000E+00   -0.18068E+03 -0.27704E+02  0.20838E+03 -0.37970E+02  0.16076E+03  0.30825E+01      298.00
  0.35200E-03  0.45060E+03   -0.25000E-03 -0.25000E-03  0.50000E-03  0.00000E+00  0.00000E+00  0.00000E+00   -0.18211E+03 -0.29596E+02  0.21171E+03 -0.41590E+02  0.16281E+03  0.34698E+01      298.00
  0.70438E-03  0.45711E+03   -0.50000E-03 -0.50000E-03  0.10000E-02  0.00000E+00  0.00000E+00  0.00000E+00   -0.18361E+03 -0.31334E+02  0.21494E+03 -0.44773E+02  0.16487E+03  0.37886E+01      298.00
  0.10570E-02  0.46358E+03   -0.75000E-03 -0.75000E-03  0.15000E-02  0.00000E+00  0.00000E+00  0.00000E+00   -0.18518E+03 -0.32913E+02  0.21810E+03 -0.47518E+02  0.16701E+03  0.40362E+01      298.00
  0.14099E-02  0.46995E+03   -0.10000E-02 -0.10000E-02  0.20000E-02  0.00000E+00  0.00000E+00  0.00000E+00   -0.18679E+03 -0.34376E+02  0.22117E+03 -0.50033E+02  0.16912E+03  0.42658E+01      298.00
  0.17629E-02  0.47626E+03   -0.12500E-02 -0.12500E-02  0.25000E-02  0.00000E+00  0.00000E+00  0.00000E+00   -0.18846E+03 -0.35713E+02  0.22417E+03 -0.52258E+02  0.17127E+03  0.44559E+01      298.00
  0.21159E-02  0.48248E+03   -0.15000E-02 -0.15000E-02  0.30000E-02  0.00000E+00  0.00000E+00  0.00000E+00   -0.19017E+03 -0.36939E+02  0.22711E+03 -0.54180E+02  0.17345E+03  0.45991E+01      298.00
  0.24689E-02  0.48856E+03   -0.17500E-02 -0.17500E-02  0.35000E-02  0.00000E+00  0.00000E+00  0.00000E+00   -0.19188E+03 -0.38101E+02  0.22998E+03 -0.56117E+02  0.17553E+03  0.47710E+01      298.00
  0.28220E-02  0.49462E+03   -0.20000E-02 -0.20000E-02  0.40000E-02  0.00000E+00  0.00000E+00  0.00000E+00   -0.19365E+03 -0.39147E+02  0.23280E+03 -0.57712E+02  0.17771E+03  0.48816E+01      298.00
  0.31750E-02  0.50057E+03   -0.22500E-02 -0.22500E-02  0.45000E-02  0.00000E+00  0.00000E+00  0.00000E+00   -0.19543E+03 -0.40124E+02  0.23555E+03 -0.59214E+02  0.17985E+03  0.49882E+01      298.00
  0.35279E-02  0.50635E+03   -0.25000E-02 -0.25000E-02  0.50000E-02  0.00000E+00  0.00000E+00  0.00000E+00   -0.19720E+03 -0.41056E+02  0.23825E+03 -0.60612E+02  0.18192E+03  0.50804E+01      298.00
  0.38808E-02  0.51213E+03   -0.27500E-02 -0.27500E-02  0.55000E-02  0.00000E+00  0.00000E+00  0.00000E+00   -0.19901E+03 -0.41901E+02  0.24091E+03 -0.61876E+02  0.18405E+03  0.51590E+01      298.00
  0.42336E-02  0.51764E+03   -0.30000E-02 -0.30000E-02  0.60000E-02  0.00000E+00  0.00000E+00  0.00000E+00   -0.20076E+03 -0.42736E+02  0.24350E+03 -0.63032E+02  0.18603E+03  0.52134E+01      298.00
  0.45864E-02  0.52331E+03   -0.32500E-02 -0.32500E-02  0.65000E-02  0.00000E+00  0.00000E+00  0.00000E+00   -0.20260E+03 -0.43464E+02  0.24606E+03 -0.64131E+02  0.18816E+03  0.52795E+01      298.00
  0.49390E-02  0.52893E+03   -0.35000E-02 -0.35000E-02  0.70000E-02  0.00000E+00  0.00000E+00  0.00000E+00   -0.20444E+03 -0.44143E+02  0.24858E+03 -0.65256E+02  0.19026E+03  0.53540E+01      298.00
  0.52915E-02  0.53438E+03   -0.37500E-02 -0.37500E-02  0.75000E-02  0.00000E+00  0.00000E+00  0.00000E+00   -0.20626E+03 -0.44794E+02  0.25105E+03 -0.66210E+02  0.19232E+03  0.53947E+01      298.00
  0.56439E-02  0.53976E+03   -0.40000E-02 -0.40000E-02  0.80000E-02  0.00000E+00  0.00000E+00  0.00000E+00   -0.20808E+03 -0.45406E+02  0.25348E+03 -0.67101E+02  0.19436E+03  0.54286E+01      298.00
  0.59961E-02  0.54508E+03   -0.42500E-02 -0.42500E-02  0.85000E-02  0.00000E+00  0.00000E+00  0.00000E+00   -0.20989E+03 -0.45982E+02  0.25587E+03 -0.67942E+02  0.19640E+03  0.54570E+01      298.00
  0.63482E-02  0.55032E+03   -0.45000E-02 -0.45000E-02  0.90000E-02  0.00000E+00  0.00000E+00  0.00000E+00   -0.21170E+03 -0.46527E+02  0.25822E+03 -0.68735E+02  0.19841E+03  0.54798E+01      298.00
  0.67001E-02  0.55549E+03   -0.47500E-02 -0.47500E-02  0.95000E-02  0.00000E+00  0.00000E+00  0.00000E+00   -0.21349E+03 -0.47044E+02  0.26054E+03 -0.69484E+02  0.20041E+03  0.54972E+01      298.00
  0.70518E-02  0.56060E+03   -0.50000E-02 -0.50000E-02  0.10000E-01  0.00000E+00  0.00000E+00  0.00000E+00   -0.21528E+03 -0.47535E+02  0.26281E+03 -0.70192E+02  0.20239E+03  0.55095E+01      298.00
  0.74034E-02  0.56563E+03   -0.52500E-02 -0.52500E-02  0.10500E-01  0.00000E+00  0.00000E+00  0.00000E+00   -0.21705E+03 -0.48002E+02  0.26505E+03 -0.70863E+02  0.20436E+03  0.55173E+01      298.00
  0.77549E-02  0.57107E+03   -0.55000E-02 -0.55000E-02  0.11000E-01  0.00000E+00  0.00000E+00  0.00000E+00   -0.21896E+03 -0.48340E+02  0.26730E+03 -0.71557E+02  0.20662E+03  0.55406E+01      298.00
  0.81059E-02  0.57597E+03   -0.57500E-02 -0.57500E-02  0.11500E-01  0.00000E+00  0.00000E+00  0.00000E+00   -0.22070E+03 -0.48766E+02  0.26947E+03 -0.72168E+02  0.20855E+03  0.55420E+01      298.00
  0.84568E-02  0.58081E+03   -0.60000E-02 -0.60000E-02  0.12000E-01  0.00000E+00  0.00000E+00  0.00000E+00   -0.22243E+03 -0.49176E+02  0.27161E+03 -0.72749E+02  0.21045E+03  0.55388E+01      298.00
  0.88075E-02  0.58521E+03   -0.62500E-02 -0.62500E-02  0.12500E-01  0.00000E+00  0.00000E+00  0.00000E+00   -0.22400E+03 -0.49665E+02  0.27367E+03 -0.73423E+02  0.21206E+03  0.55768E+01      298.00
  0.91583E-02  0.58998E+03   -0.65000E-02 -0.65000E-02  0.13000E-01  0.00000E+00  0.00000E+00  0.00000E+00   -0.22572E+03 -0.50028E+02  0.27574E+03 -0.73920E+02  0.21398E+03  0.55618E+01      298.00
  0.95088E-02  0.59464E+03   -0.67500E-02 -0.67500E-02  0.13500E-01  0.00000E+00  0.00000E+00  0.00000E+00   -0.22741E+03 -0.50379E+02  0.27779E+03 -0.74253E+02  0.21590E+03  0.55070E+01      298.00
  0.98592E-02  0.59927E+03   -0.70000E-02 -0.70000E-02  0.14000E-01  0.00000E+00  0.00000E+00  0.00000E+00   -0.22908E+03 -0.50726E+02  0.27981E+03 -0.74778E+02  0.21775E+03  0.55038E+01      298.00
  0.10209E-01  0.60384E+03   -0.72500E-02 -0.72500E-02  0.14500E-01  0.00000E+00  0.00000E+00  0.00000E+00   -0.23073E+03 -0.51060E+02  0.28179E+03 -0.75229E+02  0.21961E+03  0.54845E+01      298.00
  0.10559E-01  0.60835E+03   -0.75000E-02 -0.75000E-02  0.15000E-01  0.00000E+00  0.00000E+00  0.00000E+00   -0.23236E+03 -0.51383E+02  0.28375E+03 -0.75654E+02  0.22144E+03  0.54607E+01      298.00
  0.10909E-01  0.61279E+03   -0.77500E-02 -0.77500E-02  0.15500E-01  0.00000E+00  0.00000E+00  0.00000E+00   -0.23398E+03 -0.51698E+02  0.28567E+03 -0.76064E+02  0.22326E+03  0.54350E+01      298.00
  0.11259E-01  0.61718E+03   -0.80000E-02 -0.80000E-02  0.16000E-01  0.00000E+00  0.00000E+00  0.00000E+00   -0.23557E+03 -0.52004E+02  0.28757E+03 -0.76461E+02  0.22505E+03  0.54081E+01      298.00
  0.11608E-01  0.62152E+03   -0.82500E-02 -0.82500E-02  0.16500E-01  0.00000E+00  0.00000E+00  0.00000E+00   -0.23714E+03 -0.52304E+02  0.28944E+03 -0.76847E+02  0.22683E+03  0.53801E+01      298.00
  0.11958E-01  0.62580E+03   -0.85000E-02 -0.85000E-02  0.17000E-01  0.00000E+00  0.00000E+00  0.00000E+00   -0.23869E+03 -0.52597E+02  0.29129E+03 -0.77223E+02  0.22859E+03  0.53512E+01      298.00
  0.12307E-01  0.63002E+03   -0.87500E-02 -0.87500E-02  0.17500E-01  0.00000E+00  0.00000E+00  0.00000E+00   -0.24022E+03 -0.52885E+02  0.29310E+03 -0.77591E+02  0.23034E+03  0.53216E+01      298.00
  0.12656E-01  0.63419E+03   -0.90000E-02 -0.90000E-02  0.18000E-01  0.00000E+00  0.00000E+00  0.00000E+00   -0.24173E+03 -0.53168E+02  0.29489E+03 -0.77949E+02  0.23206E+03  0.52913E+01      298.00
  0.13004E-01  0.63830E+03   -0.92500E-02 -0.92500E-02  0.18500E-01  0.00000E+00  0.00000E+00  0.00000E+00   -0.24321E+03 -0.53446E+02  0.29666E+03 -0.78301E+02  0.23376E+03  0.52604E+01      298.00
  0.13353E-01  0.64237E+03   -0.95000E-02 -0.95000E-02  0.19000E-01  0.00000E+00  0.00000E+00  0.00000E+00   -0.24468E+03 -0.53719E+02  0.29840E+03 -0.78645E+02  0.23545E+03  0.52289E+01      298.00
  0.13701E-01  0.64638E+03   -0.97500E-02 -0.97500E-02  0.19500E-01  0.00000E+00  0.00000E+00  0.00000E+00   -0.24612E+03 -0.53989E+02  0.30011E+03 -0.78982E+02  0.23712E+03  0.51969E+01      298.00
  0.14049E-01  0.65033E+03   -0.10000E-01 -0.10000E-01  0.20000E-01  0.00000E+00  0.00000E+00  0.00000E+00   -0.24754E+03 -0.54256E+02  0.30180E+03 -0.79314E+02  0.23877E+03  0.51644E+01      298.00
  0.14398E-01  0.65424E+03   -0.10250E-01 -0.10250E-01  0.20500E-01  0.00000E+00  0.00000E+00  0.00000E+00   -0.24894E+03 -0.54520E+02  0.30346E+03 -0.79639E+02  0.24040E+03  0.51315E+01      298.00
  0.14745E-01  0.65809E+03   -0.10500E-01 -0.10500E-01  0.21000E-01  0.00000E+00  0.00000E+00  0.00000E+00   -0.25032E+03 -0.54782E+02  0.30510E+03 -0.79960E+02  0.24201E+03  0.50981E+01      298.00
  0.15093E-01  0.66190E+03   -0.10750E-01 -0.10750E-01  0.21500E-01  0.00000E+00  0.00000E+00  0.00000E+00   -0.25168E+03 -0.55041E+02  0.30672E+03 -0.80276E+02  0.24360E+03  0.50644E+01      298.00
  0.15441E-01  0.66511E+03   -0.11000E-01 -0.11000E-01  0.22000E-01  0.00000E+00  0.00000E+00  0.00000E+00   -0.25284E+03 -0.55457E+02  0.30829E+03 -0.80762E+02  0.24471E+03  0.50472E+01      298.00
  0.15788E-01  0.66875E+03   -0.11250E-01 -0.11250E-01  0.22500E-01  0.00000E+00  0.00000E+00  0.00000E+00   -0.25413E+03 -0.55728E+02  0.30986E+03 -0.81062E+02  0.24623E+03  0.50110E+01      298.00
  0.16136E-01  0.67235E+03   -0.11500E-01 -0.11500E-01  0.23000E-01  0.00000E+00  0.00000E+00  0.00000E+00   -0.25541E+03 -0.55995E+02  0.31140E+03 -0.81360E+02  0.24773E+03  0.49751E+01      298.00
  0.16483E-01  0.67590E+03   -0.11750E-01 -0.11750E-01  0.23500E-01  0.00000E+00  0.00000E+00  0.00000E+00   -0.25666E+03 -0.56261E+02  0.31293E+03 -0.81653E+02  0.24922E+03  0.49387E+01      298.00
  0.16830E-01  0.67941E+03   -0.12000E-01 -0.12000E-01  0.24000E-01  0.00000E+00  0.00000E+00  0.00000E+00   -0.25790E+03 -0.56526E+02  0.31443E+03 -0.81942E+02  0.25068E+03  0.49019E+01      298.00
  0.17178E-01  0.68286E+03   -0.12250E-01 -0.12250E-01  0.24500E-01  0.00000E+00  0.00000E+00  0.00000E+00   -0.25911E+03 -0.56789E+02  0.31590E+03 -0.82227E+02  0.25213E+03  0.48647E+01      298.00
  0.17524E-01  0.68627E+03   -0.12500E-01 -0.12500E-01  0.25000E-01  0.00000E+00  0.00000E+00  0.00000E+00   -0.26031E+03 -0.57053E+02  0.31736E+03 -0.82508E+02  0.25356E+03  0.48272E+01      298.00
          Evm          Svm            E11          E22          E33          E23          E13          E12         SDEV11       SDEV22       SDEV33       SDEV23       SDEV13       SDEV12      TEMP
  0.17524E-01  0.68650E+03   -0.12500E-01 -0.12500E-01  0.25000E-01  0.00000E+00  0.00000E+00  0.00000E+00   -0.26037E+03 -0.56994E+02  0.31737E+03 -0.82541E+02  0.25373E+03  0.48448E+01      298.00
  0.17871E-01  0.68964E+03   -0.12750E-01 -0.12750E-01  0.25500E-01  0.00000E+00  0.00000E+00  0.00000E+00   -0.26148E+03 -0.57315E+02  0.31880E+03 -0.82787E+02  0.25498E+03  0.47894E+01      298.00
  0.18218E-01  0.69295E+03   -0.13000E-01 -0.13000E-01  0.26000E-01  0.00000E+00  0.00000E+00  0.00000E+00   -0.26263E+03 -0.57578E+02  0.32021E+03 -0.83062E+02  0.25637E+03  0.47510E+01      298.00
  0.18564E-01  0.69622E+03   -0.13250E-01 -0.13250E-01  0.26500E-01  0.00000E+00  0.00000E+00  0.00000E+00   -0.26376E+03 -0.57840E+02  0.32161E+03 -0.83335E+02  0.25774E+03  0.47124E+01      298.00
  0.18911E-01  0.69944E+03   -0.13500E-01 -0.13500E-01  0.27000E-01  0.00000E+00  0.00000E+00  0.00000E+00   -0.26488E+03 -0.58103E+02  0.32298E+03 -0.83605E+02  0.25910E+03  0.46736E+01      298.00
  0.19257E-01  0.70262E+03   -0.13750E-01 -0.13750E-01  0.27500E-01  0.00000E+00  0.00000E+00  0.00000E+00   -0.26597E+03 -0.58365E+02  0.32433E+03 -0.83872E+02  0.26044E+03  0.46345E+01      298.00
  0.19603E-01  0.70575E+03   -0.14000E-01 -0.14000E-01  0.28000E-01  0.00000E+00  0.00000E+00  0.00000E+00   -0.26704E+03 -0.58628E+02  0.32567E+03 -0.84137E+02  0.26177E+03  0.45952E+01      298.00
  0.19950E-01  0.70883E+03   -0.14250E-01 -0.14250E-01  0.28500E-01  0.00000E+00  0.00000E+00  0.00000E+00   -0.26809E+03 -0.58890E+02  0.32698E+03 -0.84401E+02  0.26307E+03  0.45557E+01      298.00
  0.20296E-01  0.71187E+03   -0.14500E-01 -0.14500E-01  0.29000E-01  0.00000E+00  0.00000E+00  0.00000E+00   -0.26912E+03 -0.59154E+02  0.32828E+03 -0.84662E+02  0.26436E+03  0.45160E+01      298.00
  0.20641E-01  0.71487E+03   -0.14750E-01 -0.14750E-01  0.29500E-01  0.00000E+00  0.00000E+00  0.00000E+00   -0.27014E+03 -0.59418E+02  0.32955E+03 -0.84921E+02  0.26563E+03  0.44760E+01      298.00
  0.20987E-01  0.71782E+03   -0.15000E-01 -0.15000E-01  0.30000E-01  0.00000E+00  0.00000E+00  0.00000E+00   -0.27113E+03 -0.59682E+02  0.33081E+03 -0.85178E+02  0.26688E+03  0.44359E+01      298.00
  0.21333E-01  0.72073E+03   -0.15250E-01 -0.15250E-01  0.30500E-01  0.00000E+00  0.00000E+00  0.00000E+00   -0.27211E+03 -0.59947E+02  0.33205E+03 -0.85434E+02  0.26812E+03  0.43957E+01      298.00
  0.21678E-01  0.72348E+03   -0.15500E-01 -0.15500E-01  0.31000E-01  0.00000E+00  0.00000E+00  0.00000E+00   -0.27304E+03 -0.60224E+02  0.33326E+03 -0.85515E+02  0.26930E+03  0.43132E+01      298.00
  0.22024E-01  0.72668E+03   -0.15750E-01 -0.15750E-01  0.31500E-01  0.00000E+00  0.00000E+00  0.00000E+00   -0.27407E+03 -0.60419E+02  0.33449E+03 -0.86001E+02  0.27070E+03  0.43318E+01      298.00
  0.22369E-01  0.72944E+03   -0.16000E-01 -0.16000E-01  0.32000E-01  0.00000E+00  0.00000E+00  0.00000E+00   -0.27498E+03 -0.60692E+02  0.33567E+03 -0.86249E+02  0.27187E+03  0.42901E+01      298.00
  0.22714E-01  0.73216E+03   -0.16250E-01 -0.16250E-01  0.32500E-01  0.00000E+00  0.00000E+00  0.00000E+00   -0.27588E+03 -0.60965E+02  0.33684E+03 -0.86497E+02  0.27302E+03  0.42484E+01      298.00
  0.23059E-01  0.73484E+03   -0.16500E-01 -0.16500E-01  0.33000E-01  0.00000E+00  0.00000E+00  0.00000E+00   -0.27675E+03 -0.61239E+02  0.33799E+03 -0.86744E+02  0.27416E+03  0.42065E+01      298.00
  0.23404E-01  0.73726E+03   -0.16750E-01 -0.16750E-01  0.33500E-01  0.00000E+00  0.00000E+00  0.00000E+00   -0.27756E+03 -0.61493E+02  0.33905E+03 -0.86737E+02  0.27524E+03  0.41167E+01      298.00
  0.23749E-01  0.73998E+03   -0.17000E-01 -0.17000E-01  0.34000E-01  0.00000E+00  0.00000E+00  0.00000E+00   -0.27843E+03 -0.61737E+02  0.34017E+03 -0.87001E+02  0.27643E+03  0.40815E+01      298.00
  0.24094E-01  0.74264E+03   -0.17250E-01 -0.17250E-01  0.34500E-01  0.00000E+00  0.00000E+00  0.00000E+00   -0.27929E+03 -0.61990E+02  0.34128E+03 -0.87258E+02  0.27758E+03  0.40426E+01      298.00
  0.24439E-01  0.74525E+03   -0.17500E-01 -0.17500E-01  0.35000E-01  0.00000E+00  0.00000E+00  0.00000E+00   -0.28012E+03 -0.62244E+02  0.34236E+03 -0.87513E+02  0.27871E+03  0.40036E+01      298.00
  0.24783E-01  0.74782E+03   -0.17750E-01 -0.17750E-01  0.35500E-01  0.00000E+00  0.00000E+00  0.00000E+00   -0.28094E+03 -0.62501E+02  0.34344E+03 -0.87768E+02  0.27983E+03  0.39644E+01      298.00
  0.25127E-01  0.75035E+03   -0.18000E-01 -0.18000E-01  0.36000E-01  0.00000E+00  0.00000E+00  0.00000E+00   -0.28173E+03 -0.62759E+02  0.34449E+03 -0.88022E+02  0.28092E+03  0.39252E+01      298.00
  0.25472E-01  0.75283E+03   -0.18250E-01 -0.18250E-01  0.36500E-01  0.00000E+00  0.00000E+00  0.00000E+00   -0.28251E+03 -0.63020E+02  0.34553E+03 -0.88275E+02  0.28200E+03  0.38859E+01      298.00
  0.25816E-01  0.75528E+03   -0.18500E-01 -0.18500E-01  0.37000E-01  0.00000E+00  0.00000E+00  0.00000E+00   -0.28327E+03 -0.63282E+02  0.34656E+03 -0.88527E+02  0.28306E+03  0.38465E+01      298.00
  0.26160E-01  0.75768E+03   -0.18750E-01 -0.18750E-01  0.37500E-01  0.00000E+00  0.00000E+00  0.00000E+00   -0.28402E+03 -0.63547E+02  0.34757E+03 -0.88778E+02  0.28410E+03  0.38070E+01      298.00
  0.26504E-01  0.75916E+03   -0.19000E-01 -0.19000E-01  0.38000E-01  0.00000E+00  0.00000E+00  0.00000E+00   -0.28448E+03 -0.64146E+02  0.34863E+03 -0.89088E+02  0.28437E+03  0.37615E+01      298.00
  0.26849E-01  0.76139E+03   -0.19250E-01 -0.19250E-01  0.38500E-01  0.00000E+00  0.00000E+00  0.00000E+00   -0.28516E+03 -0.64435E+02  0.34960E+03 -0.89319E+02  0.28531E+03  0.37195E+01      298.00
  0.27193E-01  0.76360E+03   -0.19500E-01 -0.19500E-01  0.39000E-01  0.00000E+00  0.00000E+00  0.00000E+00   -0.28585E+03 -0.64669E+02  0.35052E+03 -0.89423E+02  0.28632E+03  0.36498E+01      298.00
  0.27537E-01  0.76584E+03   -0.19750E-01 -0.19750E-01  0.39500E-01  0.00000E+00  0.00000E+00  0.00000E+00   -0.28652E+03 -0.64943E+02  0.35146E+03 -0.89669E+02  0.28728E+03  0.36110E+01      298.00
  0.27881E-01  0.76802E+03   -0.20000E-01 -0.20000E-01  0.40000E-01  0.00000E+00  0.00000E+00  0.00000E+00   -0.28718E+03 -0.65223E+02  0.35240E+03 -0.89908E+02  0.28821E+03  0.35705E+01      298.00
  0.28226E-01  0.77016E+03   -0.20250E-01 -0.20250E-01  0.40500E-01  0.00000E+00  0.00000E+00  0.00000E+00   -0.28781E+03 -0.65505E+02  0.35332E+03 -0.90147E+02  0.28913E+03  0.35302E+01      298.00
  0.28570E-01  0.77226E+03   -0.20500E-01 -0.20500E-01  0.41000E-01  0.00000E+00  0.00000E+00  0.00000E+00   -0.28843E+03 -0.65790E+02  0.35422E+03 -0.90385E+02  0.29003E+03  0.34901E+01      298.00
  0.28914E-01  0.77432E+03   -0.20750E-01 -0.20750E-01  0.41500E-01  0.00000E+00  0.00000E+00  0.00000E+00   -0.28904E+03 -0.66078E+02  0.35511E+03 -0.90624E+02  0.29091E+03  0.34501E+01      298.00
  0.29258E-01  0.77635E+03   -0.21000E-01 -0.21000E-01  0.42000E-01  0.00000E+00  0.00000E+00  0.00000E+00   -0.28962E+03 -0.66368E+02  0.35599E+03 -0.90861E+02  0.29177E+03  0.34103E+01      298.00
  0.29602E-01  0.77833E+03   -0.21250E-01 -0.21250E-01  0.42500E-01  0.00000E+00  0.00000E+00  0.00000E+00   -0.29020E+03 -0.66661E+02  0.35686E+03 -0.91098E+02  0.29261E+03  0.33706E+01      298.00
  0.29945E-01  0.78027E+03   -0.21500E-01 -0.21500E-01  0.43000E-01  0.00000E+00  0.00000E+00  0.00000E+00   -0.29075E+03 -0.66957E+02  0.35771E+03 -0.91334E+02  0.29343E+03  0.33309E+01      298.00
  0.30289E-01  0.78218E+03   -0.21750E-01 -0.21750E-01  0.43500E-01  0.00000E+00  0.00000E+00  0.00000E+00   -0.29129E+03 -0.67255E+02  0.35855E+03 -0.91569E+02  0.29424E+03  0.32914E+01      298.00
  0.30633E-01  0.78405E+03   -0.22000E-01 -0.22000E-01  0.44000E-01  0.00000E+00  0.00000E+00  0.00000E+00   -0.29181E+03 -0.67556E+02  0.35937E+03 -0.91803E+02  0.29502E+03  0.32519E+01      298.00
  0.30977E-01  0.78588E+03   -0.22250E-01 -0.22250E-01  0.44500E-01  0.00000E+00  0.00000E+00  0.00000E+00   -0.29232E+03 -0.67860E+02  0.36018E+03 -0.92036E+02  0.29579E+03  0.32125E+01      298.00
  0.31321E-01  0.78768E+03   -0.22500E-01 -0.22500E-01  0.45000E-01  0.00000E+00  0.00000E+00  0.00000E+00   -0.29282E+03 -0.68166E+02  0.36098E+03 -0.92267E+02  0.29655E+03  0.31732E+01      298.00
  0.31664E-01  0.78944E+03   -0.22750E-01 -0.22750E-01  0.45500E-01  0.00000E+00  0.00000E+00  0.00000E+00   -0.29330E+03 -0.68474E+02  0.36177E+03 -0.92498E+02  0.29728E+03  0.31340E+01      298.00
  0.32008E-01  0.79117E+03   -0.23000E-01 -0.23000E-01  0.46000E-01  0.00000E+00  0.00000E+00  0.00000E+00   -0.29376E+03 -0.68784E+02  0.36255E+03 -0.92727E+02  0.29801E+03  0.30949E+01      298.00
  0.32352E-01  0.79287E+03   -0.23250E-01 -0.23250E-01  0.46500E-01  0.00000E+00  0.00000E+00  0.00000E+00   -0.29422E+03 -0.69095E+02  0.36331E+03 -0.92955E+02  0.29871E+03  0.30559E+01      298.00
  0.32695E-01  0.79453E+03   -0.23500E-01 -0.23500E-01  0.47000E-01  0.00000E+00  0.00000E+00  0.00000E+00   -0.29465E+03 -0.69408E+02  0.36406E+03 -0.93182E+02  0.29941E+03  0.30170E+01      298.00
  0.33039E-01  0.79617E+03   -0.23750E-01 -0.23750E-01  0.47500E-01  0.00000E+00  0.00000E+00  0.00000E+00   -0.29508E+03 -0.69721E+02  0.36480E+03 -0.93407E+02  0.30009E+03  0.29783E+01      298.00
  0.33383E-01  0.79778E+03   -0.24000E-01 -0.24000E-01  0.48000E-01  0.00000E+00  0.00000E+00  0.00000E+00   -0.29550E+03 -0.70035E+02  0.36553E+03 -0.93631E+02  0.30076E+03  0.29397E+01      298.00
  0.33726E-01  0.79937E+03   -0.24250E-01 -0.24250E-01  0.48500E-01  0.00000E+00  0.00000E+00  0.00000E+00   -0.29590E+03 -0.70349E+02  0.36625E+03 -0.93854E+02  0.30143E+03  0.29012E+01      298.00
  0.34070E-01  0.80094E+03   -0.24500E-01 -0.24500E-01  0.49000E-01  0.00000E+00  0.00000E+00  0.00000E+00   -0.29629E+03 -0.70663E+02  0.36696E+03 -0.94076E+02  0.30208E+03  0.28629E+01      298.00
  0.34414E-01  0.80248E+03   -0.24750E-01 -0.24750E-01  0.49500E-01  0.00000E+00  0.00000E+00  0.00000E+00   -0.29668E+03 -0.70976E+02  0.36765E+03 -0.94296E+02  0.30273E+03  0.28248E+01      298.00
  0.34757E-01  0.80400E+03   -0.25000E-01 -0.25000E-01  0.50000E-01  0.00000E+00  0.00000E+00  0.00000E+00   -0.29705E+03 -0.71287E+02  0.36834E+03 -0.94516E+02  0.30338E+03  0.27869E+01      298.00
          Evm          Svm            E11          E22          E33          E23          E13          E12         SDEV11       SDEV22       SDEV33       SDEV23       SDEV13       SDEV12      TEMP
  0.34757E-01  0.80361E+03   -0.25000E-01 -0.25000E-01  0.50000E-01  0.00000E+00  0.00000E+00  0.00000E+00   -0.29693E+03 -0.71405E+02  0.36833E+03 -0.94594E+02  0.30306E+03  0.28153E+01      298.00
  0.35101E-01  0.80552E+03   -0.25250E-01 -0.25250E-01  0.50500E-01  0.00000E+00  0.00000E+00  0.00000E+00   -0.29742E+03 -0.71596E+02  0.36901E+03 -0.94732E+02  0.30402E+03  0.27489E+01      298.00
  0.35444E-01  0.80701E+03   -0.25500E-01 -0.25500E-01  0.51000E-01  0.00000E+00  0.00000E+00  0.00000E+00   -0.29777E+03 -0.71905E+02  0.36968E+03 -0.94951E+02  0.30465E+03  0.27116E+01      298.00
  0.35788E-01  0.80849E+03   -0.25750E-01 -0.25750E-01  0.51500E-01  0.00000E+00  0.00000E+00  0.00000E+00   -0.29812E+03 -0.72211E+02  0.37033E+03 -0.95168E+02  0.30529E+03  0.26742E+01      298.00
  0.36132E-01  0.80995E+03   -0.26000E-01 -0.26000E-01  0.52000E-01  0.00000E+00  0.00000E+00  0.00000E+00   -0.29846E+03 -0.72514E+02  0.37097E+03 -0.95383E+02  0.30593E+03  0.26371E+01      298.00
  0.36475E-01  0.81141E+03   -0.26250E-01 -0.26250E-01  0.52500E-01  0.00000E+00  0.00000E+00  0.00000E+00   -0.29880E+03 -0.72813E+02  0.37161E+03 -0.95598E+02  0.30656E+03  0.26002E+01      298.00
  0.36819E-01  0.81286E+03   -0.26500E-01 -0.26500E-01  0.53000E-01  0.00000E+00  0.00000E+00  0.00000E+00   -0.29912E+03 -0.73110E+02  0.37223E+03 -0.95812E+02  0.30720E+03  0.25634E+01      298.00
  0.37162E-01  0.81430E+03   -0.26750E-01 -0.26750E-01  0.53500E-01  0.00000E+00  0.00000E+00  0.00000E+00   -0.29944E+03 -0.73403E+02  0.37285E+03 -0.96026E+02  0.30784E+03  0.25269E+01      298.00
  0.37505E-01  0.81573E+03   -0.27000E-01 -0.27000E-01  0.54000E-01  0.00000E+00  0.00000E+00  0.00000E+00   -0.29976E+03 -0.73692E+02  0.37345E+03 -0.96239E+02  0.30848E+03  0.24905E+01      298.00
  0.37849E-01  0.81716E+03   -0.27250E-01 -0.27250E-01  0.54500E-01  0.00000E+00  0.00000E+00  0.00000E+00   -0.30007E+03 -0.73978E+02  0.37405E+03 -0.96452E+02  0.30913E+03  0.24543E+01      298.00
  0.38192E-01  0.81858E+03   -0.27500E-01 -0.27500E-01  0.55000E-01  0.00000E+00  0.00000E+00  0.00000E+00   -0.30038E+03 -0.74259E+02  0.37464E+03 -0.96664E+02  0.30978E+03  0.24183E+01      298.00
  0.38535E-01  0.82000E+03   -0.27750E-01 -0.27750E-01  0.55500E-01  0.00000E+00  0.00000E+00  0.00000E+00   -0.30068E+03 -0.74537E+02  0.37521E+03 -0.96876E+02  0.31043E+03  0.23824E+01      298.00
  0.38879E-01  0.82141E+03   -0.28000E-01 -0.28000E-01  0.56000E-01  0.00000E+00  0.00000E+00  0.00000E+00   -0.30097E+03 -0.74811E+02  0.37578E+03 -0.97088E+02  0.31109E+03  0.23467E+01      298.00
  0.39222E-01  0.82282E+03   -0.28250E-01 -0.28250E-01  0.56500E-01  0.00000E+00  0.00000E+00  0.00000E+00   -0.30126E+03 -0.75081E+02  0.37634E+03 -0.97300E+02  0.31175E+03  0.23110E+01      298.00
  0.39565E-01  0.82422E+03   -0.28500E-01 -0.28500E-01  0.57000E-01  0.00000E+00  0.00000E+00  0.00000E+00   -0.30155E+03 -0.75346E+02  0.37689E+03 -0.97511E+02  0.31242E+03  0.22755E+01      298.00
  0.39908E-01  0.82562E+03   -0.28750E-01 -0.28750E-01  0.57500E-01  0.00000E+00  0.00000E+00  0.00000E+00   -0.30183E+03 -0.75608E+02  0.37744E+03 -0.97723E+02  0.31309E+03  0.22401E+01      298.00
  0.40250E-01  0.82702E+03   -0.29000E-01 -0.29000E-01  0.58000E-01  0.00000E+00  0.00000E+00  0.00000E+00   -0.30211E+03 -0.75866E+02  0.37797E+03 -0.97935E+02  0.31376E+03  0.22048E+01      298.00
  0.40593E-01  0.82841E+03   -0.29250E-01 -0.29250E-01  0.58500E-01  0.00000E+00  0.00000E+00  0.00000E+00   -0.30238E+03 -0.76121E+02  0.37850E+03 -0.98146E+02  0.31444E+03  0.21695E+01      298.00
  0.40936E-01  0.82980E+03   -0.29500E-01 -0.29500E-01  0.59000E-01  0.00000E+00  0.00000E+00  0.00000E+00   -0.30264E+03 -0.76371E+02  0.37902E+03 -0.98358E+02  0.31512E+03  0.21343E+01      298.00
  0.41279E-01  0.83196E+03   -0.29750E-01 -0.29750E-01  0.59500E-01  0.00000E+00  0.00000E+00  0.00000E+00   -0.30314E+03 -0.76385E+02  0.37952E+03 -0.98783E+02  0.31635E+03  0.21110E+01      298.00
  0.41621E-01  0.83333E+03   -0.30000E-01 -0.30000E-01  0.60000E-01  0.00000E+00  0.00000E+00  0.00000E+00   -0.30339E+03 -0.76634E+02  0.38002E+03 -0.98998E+02  0.31702E+03  0.20761E+01      298.00
  0.41963E-01  0.83469E+03   -0.30250E-01 -0.30250E-01  0.60500E-01  0.00000E+00  0.00000E+00  0.00000E+00   -0.30364E+03 -0.76879E+02  0.38052E+03 -0.99213E+02  0.31770E+03  0.20404E+01      298.00
  0.42305E-01  0.83604E+03   -0.30500E-01 -0.30500E-01  0.61000E-01  0.00000E+00  0.00000E+00  0.00000E+00   -0.30388E+03 -0.77121E+02  0.38100E+03 -0.99427E+02  0.31839E+03  0.20048E+01      298.00
  0.42646E-01  0.83739E+03   -0.30750E-01 -0.30750E-01  0.61500E-01  0.00000E+00  0.00000E+00  0.00000E+00   -0.30412E+03 -0.77360E+02  0.38148E+03 -0.99642E+02  0.31907E+03  0.19692E+01      298.00
  0.42988E-01  0.83874E+03   -0.31000E-01 -0.31000E-01  0.62000E-01  0.00000E+00  0.00000E+00  0.00000E+00   -0.30436E+03 -0.77595E+02  0.38195E+03 -0.99857E+02  0.31976E+03  0.19336E+01      298.00
  0.43330E-01  0.84008E+03   -0.31250E-01 -0.31250E-01  0.62500E-01  0.00000E+00  0.00000E+00  0.00000E+00   -0.30459E+03 -0.77828E+02  0.38242E+03 -0.10007E+03  0.32045E+03  0.18980E+01      298.00
  0.43671E-01  0.84141E+03   -0.31500E-01 -0.31500E-01  0.63000E-01  0.00000E+00  0.00000E+00  0.00000E+00   -0.30482E+03 -0.78059E+02  0.38287E+03 -0.10029E+03  0.32114E+03  0.18624E+01      298.00
  0.44012E-01  0.84274E+03   -0.31750E-01 -0.31750E-01  0.63500E-01  0.00000E+00  0.00000E+00  0.00000E+00   -0.30504E+03 -0.78286E+02  0.38332E+03 -0.10050E+03  0.32184E+03  0.18268E+01      298.00
  0.44353E-01  0.84403E+03   -0.32000E-01 -0.32000E-01  0.64000E-01  0.00000E+00  0.00000E+00  0.00000E+00   -0.30523E+03 -0.78552E+02  0.38379E+03 -0.10059E+03  0.32253E+03  0.17829E+01      298.00
  0.44694E-01  0.84537E+03   -0.32250E-01 -0.32250E-01  0.64500E-01  0.00000E+00  0.00000E+00  0.00000E+00   -0.30545E+03 -0.78772E+02  0.38422E+03 -0.10081E+03  0.32324E+03  0.17472E+01      298.00
  0.45035E-01  0.84669E+03   -0.32500E-01 -0.32500E-01  0.65000E-01  0.00000E+00  0.00000E+00  0.00000E+00   -0.30566E+03 -0.78990E+02  0.38465E+03 -0.10102E+03  0.32395E+03  0.17109E+01      298.00
  0.45376E-01  0.84801E+03   -0.32750E-01 -0.32750E-01  0.65500E-01  0.00000E+00  0.00000E+00  0.00000E+00   -0.30586E+03 -0.79205E+02  0.38507E+03 -0.10123E+03  0.32466E+03  0.16747E+01      298.00
  0.45717E-01  0.84932E+03   -0.33000E-01 -0.33000E-01  0.66000E-01  0.00000E+00  0.00000E+00  0.00000E+00   -0.30606E+03 -0.79419E+02  0.38548E+03 -0.10145E+03  0.32537E+03  0.16384E+01      298.00
  0.46057E-01  0.85062E+03   -0.33250E-01 -0.33250E-01  0.66500E-01  0.00000E+00  0.00000E+00  0.00000E+00   -0.30626E+03 -0.79631E+02  0.38589E+03 -0.10166E+03  0.32607E+03  0.16020E+01      298.00
  0.46397E-01  0.85192E+03   -0.33500E-01 -0.33500E-01  0.67000E-01  0.00000E+00  0.00000E+00  0.00000E+00   -0.30645E+03 -0.79842E+02  0.38629E+03 -0.10188E+03  0.32678E+03  0.15657E+01      298.00
  0.46737E-01  0.85320E+03   -0.33750E-01 -0.33750E-01  0.67500E-01  0.00000E+00  0.00000E+00  0.00000E+00   -0.30663E+03 -0.80051E+02  0.38668E+03 -0.10209E+03  0.32749E+03  0.15293E+01      298.00
  0.47077E-01  0.85448E+03   -0.34000E-01 -0.34000E-01  0.68000E-01  0.00000E+00  0.00000E+00  0.00000E+00   -0.30681E+03 -0.80259E+02  0.38707E+03 -0.10231E+03  0.32819E+03  0.14928E+01      298.00
  0.47417E-01  0.85575E+03   -0.34250E-01 -0.34250E-01  0.68500E-01  0.00000E+00  0.00000E+00  0.00000E+00   -0.30699E+03 -0.80466E+02  0.38745E+03 -0.10252E+03  0.32890E+03  0.14563E+01      298.00
  0.47757E-01  0.85702E+03   -0.34500E-01 -0.34500E-01  0.69000E-01  0.00000E+00  0.00000E+00  0.00000E+00   -0.30715E+03 -0.80671E+02  0.38783E+03 -0.10274E+03  0.32960E+03  0.14198E+01      298.00
  0.48096E-01  0.85827E+03   -0.34750E-01 -0.34750E-01  0.69500E-01  0.00000E+00  0.00000E+00  0.00000E+00   -0.30732E+03 -0.80876E+02  0.38819E+03 -0.10296E+03  0.33030E+03  0.13833E+01      298.00
  0.48435E-01  0.85951E+03   -0.35000E-01 -0.35000E-01  0.70000E-01  0.00000E+00  0.00000E+00  0.00000E+00   -0.30748E+03 -0.81079E+02  0.38855E+03 -0.10317E+03  0.33100E+03  0.13467E+01      298.00
  0.48774E-01  0.86075E+03   -0.35250E-01 -0.35250E-01  0.70500E-01  0.00000E+00  0.00000E+00  0.00000E+00   -0.30763E+03 -0.81282E+02  0.38891E+03 -0.10339E+03  0.33170E+03  0.13100E+01      298.00
  0.49113E-01  0.86198E+03   -0.35500E-01 -0.35500E-01  0.71000E-01  0.00000E+00  0.00000E+00  0.00000E+00   -0.30778E+03 -0.81483E+02  0.38926E+03 -0.10360E+03  0.33240E+03  0.12734E+01      298.00
  0.49452E-01  0.86320E+03   -0.35750E-01 -0.35750E-01  0.71500E-01  0.00000E+00  0.00000E+00  0.00000E+00   -0.30792E+03 -0.81684E+02  0.38960E+03 -0.10382E+03  0.33309E+03  0.12367E+01      298.00
  0.49790E-01  0.86441E+03   -0.36000E-01 -0.36000E-01  0.72000E-01  0.00000E+00  0.00000E+00  0.00000E+00   -0.30806E+03 -0.81884E+02  0.38994E+03 -0.10404E+03  0.33379E+03  0.12000E+01      298.00
  0.50129E-01  0.86561E+03   -0.36250E-01 -0.36250E-01  0.72500E-01  0.00000E+00  0.00000E+00  0.00000E+00   -0.30819E+03 -0.82084E+02  0.39027E+03 -0.10425E+03  0.33448E+03  0.11632E+01      298.00
  0.50467E-01  0.86680E+03   -0.36500E-01 -0.36500E-01  0.73000E-01  0.00000E+00  0.00000E+00  0.00000E+00   -0.30832E+03 -0.82283E+02  0.39060E+03 -0.10447E+03  0.33516E+03  0.11265E+01      298.00
  0.50805E-01  0.86798E+03   -0.36750E-01 -0.36750E-01  0.73500E-01  0.00000E+00  0.00000E+00  0.00000E+00   -0.30844E+03 -0.82482E+02  0.39092E+03 -0.10468E+03  0.33585E+03  0.10897E+01      298.00
  0.51143E-01  0.86915E+03   -0.37000E-01 -0.37000E-01  0.74000E-01  0.00000E+00  0.00000E+00  0.00000E+00   -0.30855E+03 -0.82680E+02  0.39123E+03 -0.10490E+03  0.33653E+03  0.10529E+01      298.00
  0.51480E-01  0.87032E+03   -0.37250E-01 -0.37250E-01  0.74500E-01  0.00000E+00  0.00000E+00  0.00000E+00   -0.30866E+03 -0.82877E+02  0.39154E+03 -0.10512E+03  0.33721E+03  0.10161E+01      298.00
  0.51818E-01  0.87111E+03   -0.37500E-01 -0.37500E-01  0.75000E-01  0.00000E+00  0.00000E+00  0.00000E+00   -0.30866E+03 -0.83187E+02  0.39185E+03 -0.10503E+03  0.33771E+03  0.96578E+00      298.00
          Evm          Svm            E11          E22          E33          E23          E13          E12         SDEV11       SDEV22       SDEV33       SDEV23       SDEV13       SDEV12      TEMP
  0.51818E-01  0.87155E+03   -0.37500E-01 -0.37500E-01  0.75000E-01  0.00000E+00  0.00000E+00  0.00000E+00   -0.30882E+03 -0.83031E+02  0.39185E+03 -0.10494E+03  0.33805E+03  0.88645E+00      298.00
  0.52155E-01  0.87260E+03   -0.37750E-01 -0.37750E-01  0.75500E-01  0.00000E+00  0.00000E+00  0.00000E+00   -0.30887E+03 -0.83275E+02  0.39214E+03 -0.10555E+03  0.33855E+03  0.94325E+00      298.00
  0.52492E-01  0.87341E+03   -0.38000E-01 -0.38000E-01  0.76000E-01  0.00000E+00  0.00000E+00  0.00000E+00   -0.30886E+03 -0.83576E+02  0.39244E+03 -0.10545E+03  0.33906E+03  0.89210E+00      298.00
  0.52829E-01  0.87452E+03   -0.38250E-01 -0.38250E-01  0.76500E-01  0.00000E+00  0.00000E+00  0.00000E+00   -0.30895E+03 -0.83776E+02  0.39272E+03 -0.10567E+03  0.33972E+03  0.85817E+00      298.00
  0.53166E-01  0.87564E+03   -0.38500E-01 -0.38500E-01  0.77000E-01  0.00000E+00  0.00000E+00  0.00000E+00   -0.30904E+03 -0.83971E+02  0.39301E+03 -0.10588E+03  0.34039E+03  0.82156E+00      298.00
  0.53502E-01  0.87676E+03   -0.38750E-01 -0.38750E-01  0.77500E-01  0.00000E+00  0.00000E+00  0.00000E+00   -0.30912E+03 -0.84165E+02  0.39328E+03 -0.10610E+03  0.34106E+03  0.78495E+00      298.00
  0.53839E-01  0.87786E+03   -0.39000E-01 -0.39000E-01  0.78000E-01  0.00000E+00  0.00000E+00  0.00000E+00   -0.30920E+03 -0.84360E+02  0.39355E+03 -0.10631E+03  0.34173E+03  0.74835E+00      298.00
  0.54175E-01  0.87895E+03   -0.39250E-01 -0.39250E-01  0.78500E-01  0.00000E+00  0.00000E+00  0.00000E+00   -0.30927E+03 -0.84554E+02  0.39382E+03 -0.10652E+03  0.34239E+03  0.71179E+00      298.00
  0.54511E-01  0.88004E+03   -0.39500E-01 -0.39500E-01  0.79000E-01  0.00000E+00  0.00000E+00  0.00000E+00   -0.30933E+03 -0.84749E+02  0.39408E+03 -0.10673E+03  0.34304E+03  0.67527E+00      298.00
  0.54847E-01  0.88111E+03   -0.39750E-01 -0.39750E-01  0.79500E-01  0.00000E+00  0.00000E+00  0.00000E+00   -0.30940E+03 -0.84944E+02  0.39434E+03 -0.10694E+03  0.34369E+03  0.63879E+00      298.00
  0.55182E-01  0.88217E+03   -0.40000E-01 -0.40000E-01  0.80000E-01  0.00000E+00  0.00000E+00  0.00000E+00   -0.30945E+03 -0.85139E+02  0.39459E+03 -0.10715E+03  0.34434E+03  0.60236E+00      298.00
  0.55518E-01  0.88323E+03   -0.40250E-01 -0.40250E-01  0.80500E-01  0.00000E+00  0.00000E+00  0.00000E+00   -0.30950E+03 -0.85334E+02  0.39484E+03 -0.10737E+03  0.34499E+03  0.56600E+00      298.00
  0.55853E-01  0.88427E+03   -0.40500E-01 -0.40500E-01  0.81000E-01  0.00000E+00  0.00000E+00  0.00000E+00   -0.30955E+03 -0.85529E+02  0.39508E+03 -0.10758E+03  0.34563E+03  0.52969E+00      298.00
  0.56188E-01  0.88530E+03   -0.40750E-01 -0.40750E-01  0.81500E-01  0.00000E+00  0.00000E+00  0.00000E+00   -0.30959E+03 -0.85725E+02  0.39532E+03 -0.10778E+03  0.34627E+03  0.49346E+00      298.00
  0.56523E-01  0.88633E+03   -0.41000E-01 -0.41000E-01  0.82000E-01  0.00000E+00  0.00000E+00  0.00000E+00   -0.30963E+03 -0.85921E+02  0.39555E+03 -0.10799E+03  0.34690E+03  0.45731E+00      298.00
  0.56858E-01  0.88734E+03   -0.41250E-01 -0.41250E-01  0.82500E-01  0.00000E+00  0.00000E+00  0.00000E+00   -0.30966E+03 -0.86117E+02  0.39578E+03 -0.10820E+03  0.34753E+03  0.42124E+00      298.00
  0.57192E-01  0.88834E+03   -0.41500E-01 -0.41500E-01  0.83000E-01  0.00000E+00  0.00000E+00  0.00000E+00   -0.30969E+03 -0.86314E+02  0.39600E+03 -0.10841E+03  0.34816E+03  0.38527E+00      298.00
  0.57527E-01  0.88934E+03   -0.41750E-01 -0.41750E-01  0.83500E-01  0.00000E+00  0.00000E+00  0.00000E+00   -0.30971E+03 -0.86511E+02  0.39622E+03 -0.10861E+03  0.34878E+03  0.34939E+00      298.00
  0.57861E-01  0.89032E+03   -0.42000E-01 -0.42000E-01  0.84000E-01  0.00000E+00  0.00000E+00  0.00000E+00   -0.30973E+03 -0.86708E+02  0.39643E+03 -0.10882E+03  0.34940E+03  0.31363E+00      298.00
  0.58195E-01  0.89129E+03   -0.42250E-01 -0.42250E-01  0.84500E-01  0.00000E+00  0.00000E+00  0.00000E+00   -0.30974E+03 -0.86906E+02  0.39664E+03 -0.10902E+03  0.35001E+03  0.27798E+00      298.00
  0.58529E-01  0.89226E+03   -0.42500E-01 -0.42500E-01  0.85000E-01  0.00000E+00  0.00000E+00  0.00000E+00   -0.30974E+03 -0.87105E+02  0.39685E+03 -0.10923E+03  0.35062E+03  0.24245E+00      298.00
  0.58862E-01  0.89321E+03   -0.42750E-01 -0.42750E-01  0.85500E-01  0.00000E+00  0.00000E+00  0.00000E+00   -0.30975E+03 -0.87304E+02  0.39705E+03 -0.10943E+03  0.35122E+03  0.20705E+00      298.00
  0.59196E-01  0.89415E+03   -0.43000E-01 -0.43000E-01  0.86000E-01  0.00000E+00  0.00000E+00  0.00000E+00   -0.30975E+03 -0.87503E+02  0.39725E+03 -0.10963E+03  0.35182E+03  0.17179E+00      298.00
  0.59529E-01  0.89508E+03   -0.43250E-01 -0.43250E-01  0.86500E-01  0.00000E+00  0.00000E+00  0.00000E+00   -0.30974E+03 -0.87703E+02  0.39744E+03 -0.10983E+03  0.35242E+03  0.13668E+00      298.00
  0.59862E-01  0.89601E+03   -0.43500E-01 -0.43500E-01  0.87000E-01  0.00000E+00  0.00000E+00  0.00000E+00   -0.30973E+03 -0.87903E+02  0.39763E+03 -0.11003E+03  0.35301E+03  0.10172E+00      298.00
  0.60195E-01  0.89692E+03   -0.43750E-01 -0.43750E-01  0.87500E-01  0.00000E+00  0.00000E+00  0.00000E+00   -0.30971E+03 -0.88104E+02  0.39781E+03 -0.11023E+03  0.35360E+03  0.66915E-01      298.00
  0.60527E-01  0.89782E+03   -0.44000E-01 -0.44000E-01  0.88000E-01  0.00000E+00  0.00000E+00  0.00000E+00   -0.30969E+03 -0.88306E+02  0.39799E+03 -0.11043E+03  0.35419E+03  0.32282E-01      298.00
  0.60860E-01  0.89872E+03   -0.44250E-01 -0.44250E-01  0.88500E-01  0.00000E+00  0.00000E+00  0.00000E+00   -0.30966E+03 -0.88508E+02  0.39817E+03 -0.11063E+03  0.35477E+03 -0.21746E-02      298.00
  0.61192E-01  0.89960E+03   -0.44500E-01 -0.44500E-01  0.89000E-01  0.00000E+00  0.00000E+00  0.00000E+00   -0.30963E+03 -0.88711E+02  0.39834E+03 -0.11082E+03  0.35534E+03 -0.36448E-01      298.00
  0.61524E-01  0.90047E+03   -0.44750E-01 -0.44750E-01  0.89500E-01  0.00000E+00  0.00000E+00  0.00000E+00   -0.30960E+03 -0.88914E+02  0.39851E+03 -0.11102E+03  0.35592E+03 -0.70529E-01      298.00
  0.61856E-01  0.90134E+03   -0.45000E-01 -0.45000E-01  0.90000E-01  0.00000E+00  0.00000E+00  0.00000E+00   -0.30956E+03 -0.89118E+02  0.39868E+03 -0.11121E+03  0.35648E+03 -0.10441E+00      298.00
  0.62188E-01  0.90219E+03   -0.45250E-01 -0.45250E-01  0.90500E-01  0.00000E+00  0.00000E+00  0.00000E+00   -0.30952E+03 -0.89323E+02  0.39884E+03 -0.11140E+03  0.35705E+03 -0.13809E+00      298.00
  0.62519E-01  0.90304E+03   -0.45500E-01 -0.45500E-01  0.91000E-01  0.00000E+00  0.00000E+00  0.00000E+00   -0.30947E+03 -0.89529E+02  0.39900E+03 -0.11159E+03  0.35761E+03 -0.17155E+00      298.00
  0.62851E-01  0.90387E+03   -0.45750E-01 -0.45750E-01  0.91500E-01  0.00000E+00  0.00000E+00  0.00000E+00   -0.30941E+03 -0.89735E+02  0.39915E+03 -0.11178E+03  0.35816E+03 -0.20479E+00      298.00
  0.63182E-01  0.90470E+03   -0.46000E-01 -0.46000E-01  0.92000E-01  0.00000E+00  0.00000E+00  0.00000E+00   -0.30936E+03 -0.89942E+02  0.39930E+03 -0.11196E+03  0.35871E+03 -0.23780E+00      298.00
  0.63513E-01  0.90551E+03   -0.46250E-01 -0.46250E-01  0.92500E-01  0.00000E+00  0.00000E+00  0.00000E+00   -0.30930E+03 -0.90150E+02  0.39945E+03 -0.11215E+03  0.35926E+03 -0.27058E+00      298.00
  0.63844E-01  0.90632E+03   -0.46500E-01 -0.46500E-01  0.93000E-01  0.00000E+00  0.00000E+00  0.00000E+00   -0.30923E+03 -0.90358E+02  0.39959E+03 -0.11233E+03  0.35980E+03 -0.30311E+00      298.00
  0.64174E-01  0.90711E+03   -0.46750E-01 -0.46750E-01  0.93500E-01  0.00000E+00  0.00000E+00  0.00000E+00   -0.30916E+03 -0.90567E+02  0.39973E+03 -0.11251E+03  0.36034E+03 -0.33540E+00      298.00
  0.64505E-01  0.90790E+03   -0.47000E-01 -0.47000E-01  0.94000E-01  0.00000E+00  0.00000E+00  0.00000E+00   -0.30909E+03 -0.90777E+02  0.39986E+03 -0.11269E+03  0.36087E+03 -0.36743E+00      298.00
  0.64835E-01  0.90868E+03   -0.47250E-01 -0.47250E-01  0.94500E-01  0.00000E+00  0.00000E+00  0.00000E+00   -0.30901E+03 -0.90988E+02  0.40000E+03 -0.11287E+03  0.36140E+03 -0.39919E+00      298.00
  0.65165E-01  0.90945E+03   -0.47500E-01 -0.47500E-01  0.95000E-01  0.00000E+00  0.00000E+00  0.00000E+00   -0.30892E+03 -0.91199E+02  0.40012E+03 -0.11305E+03  0.36193E+03 -0.43069E+00      298.00
  0.65495E-01  0.91020E+03   -0.47750E-01 -0.47750E-01  0.95500E-01  0.00000E+00  0.00000E+00  0.00000E+00   -0.30884E+03 -0.91412E+02  0.40025E+03 -0.11322E+03  0.36245E+03 -0.46191E+00      298.00
  0.65825E-01  0.91095E+03   -0.48000E-01 -0.48000E-01  0.96000E-01  0.00000E+00  0.00000E+00  0.00000E+00   -0.30875E+03 -0.91625E+02  0.40037E+03 -0.11340E+03  0.36297E+03 -0.49285E+00      298.00
  0.66155E-01  0.91169E+03   -0.48250E-01 -0.48250E-01  0.96500E-01  0.00000E+00  0.00000E+00  0.00000E+00   -0.30865E+03 -0.91839E+02  0.40049E+03 -0.11357E+03  0.36348E+03 -0.52350E+00      298.00
  0.66484E-01  0.91242E+03   -0.48500E-01 -0.48500E-01  0.97000E-01  0.00000E+00  0.00000E+00  0.00000E+00   -0.30855E+03 -0.92053E+02  0.40061E+03 -0.11373E+03  0.36399E+03 -0.55386E+00      298.00
  0.66814E-01  0.91314E+03   -0.48750E-01 -0.48750E-01  0.97500E-01  0.00000E+00  0.00000E+00  0.00000E+00   -0.30845E+03 -0.92269E+02  0.40072E+03 -0.11390E+03  0.36449E+03 -0.58393E+00      298.00
  0.67143E-01  0.91385E+03   -0.49000E-01 -0.49000E-01  0.98000E-01  0.00000E+00  0.00000E+00  0.00000E+00   -0.30834E+03 -0.92485E+02  0.40083E+03 -0.11407E+03  0.36499E+03 -0.61369E+00      298.00
  0.67472E-01  0.91455E+03   -0.49250E-01 -0.49250E-01  0.98500E-01  0.00000E+00  0.00000E+00  0.00000E+00   -0.30823E+03 -0.92703E+02  0.40093E+03 -0.11423E+03  0.36549E+03 -0.64316E+00      298.00
  0.67800E-01  0.91525E+03   -0.49500E-01 -0.49500E-01  0.99000E-01  0.00000E+00  0.00000E+00  0.00000E+00   -0.30812E+03 -0.92921E+02  0.40104E+03 -0.11439E+03  0.36598E+03 -0.67231E+00      298.00
  0.68129E-01  0.91593E+03   -0.49750E-01 -0.49750E-01  0.99500E-01  0.00000E+00  0.00000E+00  0.00000E+00   -0.30800E+03 -0.93140E+02  0.40114E+03 -0.11455E+03  0.36647E+03 -0.70116E+00      298.00
  0.68458E-01  0.91660E+03   -0.50000E-01 -0.50000E-01  0.10000E+00  0.00000E+00  0.00000E+00  0.00000E+00   -0.30787E+03 -0.93359E+02  0.40123E+03 -0.11470E+03  0.36695E+03 -0.72969E+00      298.00
          Evm          Svm            E11          E22          E33          E23          E13          E12         SDEV11       SDEV22       SDEV33       SDEV23       SDEV13       SDEV12      TEMP
  0.68458E-01  0.91656E+03   -0.50000E-01 -0.50000E-01  0.10000E+00  0.00000E+00  0.00000E+00  0.00000E+00   -0.30791E+03 -0.93321E+02  0.40123E+03 -0.11441E+03  0.36699E+03 -0.81654E+00      298.00
  0.68786E-01  0.91727E+03   -0.50250E-01 -0.50250E-01  0.10050E+00  0.00000E+00  0.00000E+00  0.00000E+00   -0.30775E+03 -0.93579E+02  0.40133E+03 -0.11485E+03  0.36743E+03 -0.76096E+00      298.00
  0.69114E-01  0.91793E+03   -0.50500E-01 -0.50500E-01  0.10100E+00  0.00000E+00  0.00000E+00  0.00000E+00   -0.30762E+03 -0.93801E+02  0.40142E+03 -0.11501E+03  0.36791E+03 -0.78589E+00      298.00
  0.69442E-01  0.91857E+03   -0.50750E-01 -0.50750E-01  0.10150E+00  0.00000E+00  0.00000E+00  0.00000E+00   -0.30748E+03 -0.94024E+02  0.40150E+03 -0.11516E+03  0.36838E+03 -0.81337E+00      298.00
  0.69770E-01  0.91921E+03   -0.51000E-01 -0.51000E-01  0.10200E+00  0.00000E+00  0.00000E+00  0.00000E+00   -0.30734E+03 -0.94247E+02  0.40159E+03 -0.11531E+03  0.36884E+03 -0.84063E+00      298.00
  0.70097E-01  0.91984E+03   -0.51250E-01 -0.51250E-01  0.10250E+00  0.00000E+00  0.00000E+00  0.00000E+00   -0.30720E+03 -0.94471E+02  0.40167E+03 -0.11545E+03  0.36931E+03 -0.86759E+00      298.00
  0.70425E-01  0.92046E+03   -0.51500E-01 -0.51500E-01  0.10300E+00  0.00000E+00  0.00000E+00  0.00000E+00   -0.30706E+03 -0.94696E+02  0.40175E+03 -0.11559E+03  0.36977E+03 -0.89423E+00      298.00
  0.70752E-01  0.92108E+03   -0.51750E-01 -0.51750E-01  0.10350E+00  0.00000E+00  0.00000E+00  0.00000E+00   -0.30691E+03 -0.94921E+02  0.40183E+03 -0.11573E+03  0.37022E+03 -0.92055E+00      298.00
  0.71079E-01  0.92168E+03   -0.52000E-01 -0.52000E-01  0.10400E+00  0.00000E+00  0.00000E+00  0.00000E+00   -0.30675E+03 -0.95148E+02  0.40190E+03 -0.11587E+03  0.37067E+03 -0.94657E+00      298.00
  0.71407E-01  0.92228E+03   -0.52250E-01 -0.52250E-01  0.10450E+00  0.00000E+00  0.00000E+00  0.00000E+00   -0.30660E+03 -0.95375E+02  0.40197E+03 -0.11601E+03  0.37112E+03 -0.97228E+00      298.00
  0.71733E-01  0.92286E+03   -0.52500E-01 -0.52500E-01  0.10500E+00  0.00000E+00  0.00000E+00  0.00000E+00   -0.30644E+03 -0.95603E+02  0.40204E+03 -0.11614E+03  0.37157E+03 -0.99770E+00      298.00
  0.72060E-01  0.92344E+03   -0.52750E-01 -0.52750E-01  0.10550E+00  0.00000E+00  0.00000E+00  0.00000E+00   -0.30628E+03 -0.95831E+02  0.40211E+03 -0.11628E+03  0.37201E+03 -0.10228E+01      298.00
  0.72387E-01  0.92401E+03   -0.53000E-01 -0.53000E-01  0.10600E+00  0.00000E+00  0.00000E+00  0.00000E+00   -0.30611E+03 -0.96061E+02  0.40217E+03 -0.11640E+03  0.37244E+03 -0.10476E+01      298.00
  0.72713E-01  0.92458E+03   -0.53250E-01 -0.53250E-01  0.10650E+00  0.00000E+00  0.00000E+00  0.00000E+00   -0.30594E+03 -0.96291E+02  0.40223E+03 -0.11653E+03  0.37287E+03 -0.10722E+01      298.00
  0.73039E-01  0.92513E+03   -0.53500E-01 -0.53500E-01  0.10700E+00  0.00000E+00  0.00000E+00  0.00000E+00   -0.30577E+03 -0.96522E+02  0.40229E+03 -0.11666E+03  0.37330E+03 -0.10964E+01      298.00
  0.73366E-01  0.92568E+03   -0.53750E-01 -0.53750E-01  0.10750E+00  0.00000E+00  0.00000E+00  0.00000E+00   -0.30559E+03 -0.96754E+02  0.40235E+03 -0.11678E+03  0.37373E+03 -0.11204E+01      298.00
  0.73692E-01  0.92622E+03   -0.54000E-01 -0.54000E-01  0.10800E+00  0.00000E+00  0.00000E+00  0.00000E+00   -0.30541E+03 -0.96986E+02  0.40240E+03 -0.11690E+03  0.37415E+03 -0.11442E+01      298.00
  0.74017E-01  0.92675E+03   -0.54250E-01 -0.54250E-01  0.10850E+00  0.00000E+00  0.00000E+00  0.00000E+00   -0.30523E+03 -0.97219E+02  0.40245E+03 -0.11702E+03  0.37457E+03 -0.11677E+01      298.00
  0.74343E-01  0.92728E+03   -0.54500E-01 -0.54500E-01  0.10900E+00  0.00000E+00  0.00000E+00  0.00000E+00   -0.30505E+03 -0.97453E+02  0.40250E+03 -0.11714E+03  0.37498E+03 -0.11909E+01      298.00
  0.74669E-01  0.92779E+03   -0.54750E-01 -0.54750E-01  0.10950E+00  0.00000E+00  0.00000E+00  0.00000E+00   -0.30486E+03 -0.97687E+02  0.40254E+03 -0.11726E+03  0.37539E+03 -0.12139E+01      298.00
  0.74994E-01  0.92830E+03   -0.55000E-01 -0.55000E-01  0.11000E+00  0.00000E+00  0.00000E+00  0.00000E+00   -0.30467E+03 -0.97922E+02  0.40259E+03 -0.11737E+03  0.37580E+03 -0.12368E+01      298.00
  0.75319E-01  0.92881E+03   -0.55250E-01 -0.55250E-01  0.11050E+00  0.00000E+00  0.00000E+00  0.00000E+00   -0.30447E+03 -0.98157E+02  0.40263E+03 -0.11749E+03  0.37621E+03 -0.12594E+01      298.00
  0.75644E-01  0.92930E+03   -0.55500E-01 -0.55500E-01  0.11100E+00  0.00000E+00  0.00000E+00  0.00000E+00   -0.30427E+03 -0.98393E+02  0.40267E+03 -0.11760E+03  0.37661E+03 -0.12818E+01      298.00
  0.75969E-01  0.92979E+03   -0.55750E-01 -0.55750E-01  0.11150E+00  0.00000E+00  0.00000E+00  0.00000E+00   -0.30408E+03 -0.98629E+02  0.40270E+03 -0.11771E+03  0.37701E+03 -0.13040E+01      298.00
  0.76294E-01  0.93028E+03   -0.56000E-01 -0.56000E-01  0.11200E+00  0.00000E+00  0.00000E+00  0.00000E+00   -0.30387E+03 -0.98866E+02  0.40274E+03 -0.11782E+03  0.37740E+03 -0.13261E+01      298.00
  0.76619E-01  0.93075E+03   -0.56250E-01 -0.56250E-01  0.11250E+00  0.00000E+00  0.00000E+00  0.00000E+00   -0.30367E+03 -0.99104E+02  0.40277E+03 -0.11792E+03  0.37780E+03 -0.13480E+01      298.00
  0.76943E-01  0.93122E+03   -0.56500E-01 -0.56500E-01  0.11300E+00  0.00000E+00  0.00000E+00  0.00000E+00   -0.30346E+03 -0.99341E+02  0.40280E+03 -0.11803E+03  0.37818E+03 -0.13698E+01      298.00
  0.77268E-01  0.93169E+03   -0.56750E-01 -0.56750E-01  0.11350E+00  0.00000E+00  0.00000E+00  0.00000E+00   -0.30325E+03 -0.99580E+02  0.40283E+03 -0.11813E+03  0.37857E+03 -0.13914E+01      298.00
  0.77592E-01  0.93214E+03   -0.57000E-01 -0.57000E-01  0.11400E+00  0.00000E+00  0.00000E+00  0.00000E+00   -0.30304E+03 -0.99818E+02  0.40285E+03 -0.11824E+03  0.37895E+03 -0.14130E+01      298.00
  0.77916E-01  0.93260E+03   -0.57250E-01 -0.57250E-01  0.11450E+00  0.00000E+00  0.00000E+00  0.00000E+00   -0.30282E+03 -0.10006E+03  0.40288E+03 -0.11834E+03  0.37933E+03 -0.14344E+01      298.00
  0.78240E-01  0.93304E+03   -0.57500E-01 -0.57500E-01  0.11500E+00  0.00000E+00  0.00000E+00  0.00000E+00   -0.30260E+03 -0.10030E+03  0.40290E+03 -0.11844E+03  0.37971E+03 -0.14558E+01      298.00
  0.78564E-01  0.93348E+03   -0.57750E-01 -0.57750E-01  0.11550E+00  0.00000E+00  0.00000E+00  0.00000E+00   -0.30238E+03 -0.10054E+03  0.40292E+03 -0.11854E+03  0.38009E+03 -0.14771E+01      298.00
  0.78888E-01  0.93392E+03   -0.58000E-01 -0.58000E-01  0.11600E+00  0.00000E+00  0.00000E+00  0.00000E+00   -0.30216E+03 -0.10078E+03  0.40294E+03 -0.11864E+03  0.38046E+03 -0.14984E+01      298.00
  0.79211E-01  0.93435E+03   -0.58250E-01 -0.58250E-01  0.11650E+00  0.00000E+00  0.00000E+00  0.00000E+00   -0.30194E+03 -0.10102E+03  0.40295E+03 -0.11874E+03  0.38083E+03 -0.15197E+01      298.00
  0.79535E-01  0.93478E+03   -0.58500E-01 -0.58500E-01  0.11700E+00  0.00000E+00  0.00000E+00  0.00000E+00   -0.30171E+03 -0.10126E+03  0.40297E+03 -0.11884E+03  0.38120E+03 -0.15409E+01      298.00
  0.79858E-01  0.93520E+03   -0.58750E-01 -0.58750E-01  0.11750E+00  0.00000E+00  0.00000E+00  0.00000E+00   -0.30148E+03 -0.10150E+03  0.40298E+03 -0.11894E+03  0.38156E+03 -0.15621E+01      298.00
  0.80181E-01  0.93561E+03   -0.59000E-01 -0.59000E-01  0.11800E+00  0.00000E+00  0.00000E+00  0.00000E+00   -0.30125E+03 -0.10174E+03  0.40299E+03 -0.11904E+03  0.38193E+03 -0.15833E+01      298.00
  0.80504E-01  0.93602E+03   -0.59250E-01 -0.59250E-01  0.11850E+00  0.00000E+00  0.00000E+00  0.00000E+00   -0.30102E+03 -0.10198E+03  0.40299E+03 -0.11914E+03  0.38229E+03 -0.16046E+01      298.00
  0.80827E-01  0.93643E+03   -0.59500E-01 -0.59500E-01  0.11900E+00  0.00000E+00  0.00000E+00  0.00000E+00   -0.30078E+03 -0.10222E+03  0.40300E+03 -0.11923E+03  0.38264E+03 -0.16259E+01      298.00
  0.81150E-01  0.93683E+03   -0.59750E-01 -0.59750E-01  0.11950E+00  0.00000E+00  0.00000E+00  0.00000E+00   -0.30055E+03 -0.10246E+03  0.40300E+03 -0.11933E+03  0.38300E+03 -0.16473E+01      298.00
  0.81473E-01  0.93723E+03   -0.60000E-01 -0.60000E-01  0.12000E+00  0.00000E+00  0.00000E+00  0.00000E+00   -0.30031E+03 -0.10270E+03  0.40301E+03 -0.11943E+03  0.38335E+03 -0.16687E+01      298.00
  0.81795E-01  0.93762E+03   -0.60250E-01 -0.60250E-01  0.12050E+00  0.00000E+00  0.00000E+00  0.00000E+00   -0.30007E+03 -0.10294E+03  0.40301E+03 -0.11953E+03  0.38371E+03 -0.16902E+01      298.00
  0.82118E-01  0.93801E+03   -0.60500E-01 -0.60500E-01  0.12100E+00  0.00000E+00  0.00000E+00  0.00000E+00   -0.29982E+03 -0.10318E+03  0.40301E+03 -0.11963E+03  0.38405E+03 -0.17119E+01      298.00
  0.82440E-01  0.93840E+03   -0.60750E-01 -0.60750E-01  0.12150E+00  0.00000E+00  0.00000E+00  0.00000E+00   -0.29958E+03 -0.10342E+03  0.40300E+03 -0.11973E+03  0.38440E+03 -0.17336E+01      298.00
  0.82762E-01  0.93878E+03   -0.61000E-01 -0.61000E-01  0.12200E+00  0.00000E+00  0.00000E+00  0.00000E+00   -0.29933E+03 -0.10366E+03  0.40300E+03 -0.11983E+03  0.38475E+03 -0.17554E+01      298.00
  0.83084E-01  0.93916E+03   -0.61250E-01 -0.61250E-01  0.12250E+00  0.00000E+00  0.00000E+00  0.00000E+00   -0.29909E+03 -0.10390E+03  0.40299E+03 -0.11992E+03  0.38509E+03 -0.17774E+01      298.00
  0.83406E-01  0.93953E+03   -0.61500E-01 -0.61500E-01  0.12300E+00  0.00000E+00  0.00000E+00  0.00000E+00   -0.29884E+03 -0.10414E+03  0.40298E+03 -0.12002E+03  0.38543E+03 -0.17995E+01      298.00
  0.83727E-01  0.93990E+03   -0.61750E-01 -0.61750E-01  0.12350E+00  0.00000E+00  0.00000E+00  0.00000E+00   -0.29859E+03 -0.10438E+03  0.40297E+03 -0.12013E+03  0.38577E+03 -0.18218E+01      298.00
  0.84049E-01  0.94027E+03   -0.62000E-01 -0.62000E-01  0.12400E+00  0.00000E+00  0.00000E+00  0.00000E+00   -0.29834E+03 -0.10462E+03  0.40296E+03 -0.12023E+03  0.38611E+03 -0.18442E+01      298.00
  0.84370E-01  0.94064E+03   -0.62250E-01 -0.62250E-01  0.12450E+00  0.00000E+00  0.00000E+00  0.00000E+00   -0.29808E+03 -0.10486E+03  0.40295E+03 -0.12033E+03  0.38645E+03 -0.18668E+01      298.00
  0.84692E-01  0.94100E+03   -0.62500E-01 -0.62500E-01  0.12500E+00  0.00000E+00  0.00000E+00  0.00000E+00   -0.29783E+03 -0.10510E+03  0.40293E+03 -0.12043E+03  0.38678E+03 -0.18896E+01      298.00
