TEXTURE AT STRAIN =    0.0250
   0.988   1.025   0.988  <-- length of phase ellipsoid axes
  119.68   90.00   -0.00  <-- Euler angles (deg) of phase ellipsoid axes
B         1
   33.84  144.49  152.02   1.0000000
TEXTURE AT STRAIN =    0.0500
   0.975   1.051   0.975  <-- length of phase ellipsoid axes
   99.08   90.00   -0.00  <-- Euler angles (deg) of phase ellipsoid axes
B         1
   33.71  145.99  151.99   1.0000000
TEXTURE AT STRAIN =    0.0750
   0.963   1.078   0.963  <-- length of phase ellipsoid axes
   90.24   90.00    0.00  <-- Euler angles (deg) of phase ellipsoid axes
B         1
   33.57  147.47  151.95   1.0000000
TEXTURE AT STRAIN =    0.1000
   0.951   1.105   0.951  <-- length of phase ellipsoid axes
  106.58   90.00    0.00  <-- Euler angles (deg) of phase ellipsoid axes
B         1
   33.43  148.91  151.91   1.0000000
TEXTURE AT STRAIN =    0.1250
   0.939   1.133   0.939  <-- length of phase ellipsoid axes
  113.35   90.00    0.00  <-- Euler angles (deg) of phase ellipsoid axes
B         1
   33.29  150.32  151.87   1.0000000
