    STEP   AVACS   MODE1   MODE2   MODE3   MODE4
       1   6.000   0.278   0.722   0.000   0.000
       2   6.000   0.360   0.640   0.000   0.000
       3   6.000   0.442   0.558   0.000   0.000
       4   6.000   0.528   0.472   0.000   0.000
       5   5.000   0.592   0.408   0.000   0.000
       6   7.000   0.491   0.509   0.000   0.000
       7   8.000   0.509   0.491   0.000   0.000
       8   7.000   0.528   0.472   0.000   0.000
       9   5.000   0.578   0.422   0.000   0.000
      10   6.000   0.481   0.519   0.000   0.000
      11   7.000   0.398   0.602   0.000   0.000
      12   7.000   0.321   0.679   0.000   0.000
      13   7.000   0.245   0.755   0.000   0.000
      14   6.000   0.166   0.834   0.000   0.000
      15   5.000   0.084   0.916   0.000   0.000
      16   4.000   0.000   1.000   0.000   0.000
      17   7.000   0.100   0.900   0.000   0.000
      18   7.000   0.194   0.806   0.000   0.000
      19   6.000   0.278   0.722   0.000   0.000
      20   6.000   0.360   0.640   0.000   0.000
      21   6.000   0.442   0.558   0.000   0.000
      22   6.000   0.528   0.472   0.000   0.000
      23   5.000   0.595   0.403   0.002   0.000
      24   7.000   0.562   0.264   0.174   0.000
      25   7.000   0.574   0.131   0.295   0.000
      26   6.000   0.561   0.269   0.170   0.000
      27   5.000   0.578   0.422   0.000   0.000
      28   6.000   0.481   0.519   0.000   0.000
      29   7.000   0.398   0.602   0.000   0.000
      30   7.000   0.321   0.679   0.000   0.000
      31   7.000   0.245   0.755   0.000   0.000
      32   6.000   0.166   0.834   0.000   0.000
      33   5.000   0.084   0.916   0.000   0.000
      34   4.000   0.000   1.000   0.000   0.000
      35   7.000   0.100   0.900   0.000   0.000
      36   7.000   0.194   0.806   0.000   0.000
  STRAIN   AVACS   PRITW   SECTW   MODE1   MODE2   MODE3   MODE4   TWFR3   EFFR3   TWFR4   EFFR4
   0.000   6.000   0.000   0.000   0.278   0.722   0.000   0.000   0.000   0.000   0.000   0.000
   0.001   7.000   0.000   0.000   0.275   0.725   0.000   0.000   0.000   0.000   0.000   0.000
   0.001   7.000   0.000   0.000   0.272   0.728   0.000   0.000   0.000   0.000   0.000   0.000
   0.002   7.000   0.000   0.000   0.269   0.731   0.000   0.000   0.000   0.000   0.000   0.000
   0.002   7.000   0.000   0.000   0.267   0.733   0.000   0.000   0.000   0.000   0.000   0.000
   0.003   7.000   0.000   0.000   0.264   0.736   0.000   0.000   0.000   0.000   0.000   0.000
   0.003   7.000   0.000   0.000   0.263   0.737   0.000   0.000   0.000   0.000   0.000   0.000
   0.004   7.000   0.000   0.000   0.261   0.739   0.000   0.000   0.000   0.000   0.000   0.000
   0.004   7.000   0.000   0.000   0.260   0.740   0.000   0.000   0.000   0.000   0.000   0.000
   0.005   7.000   0.000   0.000   0.259   0.741   0.000   0.000   0.000   0.000   0.000   0.000
   0.005   7.000   0.000   0.000   0.258   0.742   0.000   0.000   0.000   0.000   0.000   0.000
   0.006   7.000   0.000   0.000   0.258   0.742   0.000   0.000   0.000   0.000   0.000   0.000
   0.006   7.000   0.000   0.000   0.257   0.743   0.000   0.000   0.000   0.000   0.000   0.000
   0.007   7.000   0.000   0.000   0.257   0.743   0.000   0.000   0.000   0.000   0.000   0.000
   0.007   7.000   0.000   0.000   0.257   0.743   0.000   0.000   0.000   0.000   0.000   0.000
   0.008   7.000   0.000   0.000   0.258   0.742   0.000   0.000   0.000   0.000   0.000   0.000
   0.008   7.000   0.000   0.000   0.258   0.742   0.000   0.000   0.000   0.000   0.000   0.000
   0.009   7.000   0.000   0.000   0.258   0.742   0.000   0.000   0.000   0.000   0.000   0.000
   0.009   7.000   0.000   0.000   0.258   0.742   0.000   0.000   0.000   0.000   0.000   0.000
   0.010   7.000   0.000   0.000   0.259   0.741   0.000   0.000   0.000   0.000   0.000   0.000
   0.010   7.000   0.000   0.000   0.259   0.741   0.000   0.000   0.000   0.000   0.000   0.000
   0.011   7.000   0.000   0.000   0.260   0.740   0.000   0.000   0.000   0.000   0.000   0.000
   0.011   7.000   0.000   0.000   0.260   0.740   0.000   0.000   0.000   0.000   0.000   0.000
   0.012   7.000   0.000   0.000   0.260   0.740   0.000   0.000   0.000   0.000   0.000   0.000
   0.012   7.000   0.000   0.000   0.261   0.739   0.000   0.000   0.000   0.000   0.000   0.000
   0.013   7.000   0.000   0.000   0.262   0.738   0.000   0.000   0.000   0.000   0.000   0.000
   0.013   7.000   0.000   0.000   0.262   0.738   0.000   0.000   0.000   0.000   0.000   0.000
   0.014   7.000   0.000   0.000   0.263   0.737   0.000   0.000   0.000   0.000   0.000   0.000
   0.014   7.000   0.000   0.000   0.263   0.737   0.000   0.000   0.000   0.000   0.000   0.000
   0.015   7.000   0.000   0.000   0.263   0.737   0.000   0.000   0.000   0.000   0.000   0.000
   0.015   7.000   0.000   0.000   0.264   0.736   0.000   0.000   0.000   0.000   0.000   0.000
   0.016   7.000   0.000   0.000   0.264   0.736   0.000   0.000   0.000   0.000   0.000   0.000
   0.016   7.000   0.000   0.000   0.264   0.736   0.000   0.000   0.000   0.000   0.000   0.000
   0.017   7.000   0.000   0.000   0.265   0.735   0.000   0.000   0.000   0.000   0.000   0.000
   0.017   7.000   0.000   0.000   0.265   0.735   0.000   0.000   0.000   0.000   0.000   0.000
   0.018   7.000   0.000   0.000   0.265   0.735   0.000   0.000   0.000   0.000   0.000   0.000
   0.018   7.000   0.000   0.000   0.266   0.734   0.000   0.000   0.000   0.000   0.000   0.000
   0.019   7.000   0.000   0.000   0.266   0.734   0.000   0.000   0.000   0.000   0.000   0.000
   0.019   7.000   0.000   0.000   0.266   0.734   0.000   0.000   0.000   0.000   0.000   0.000
   0.020   7.000   0.000   0.000   0.266   0.734   0.000   0.000   0.000   0.000   0.000   0.000
   0.020   7.000   0.000   0.000   0.266   0.734   0.000   0.000   0.000   0.000   0.000   0.000
   0.021   7.000   0.000   0.000   0.267   0.733   0.000   0.000   0.000   0.000   0.000   0.000
   0.021   7.000   0.000   0.000   0.267   0.733   0.000   0.000   0.000   0.000   0.000   0.000
   0.022   7.000   0.000   0.000   0.267   0.733   0.000   0.000   0.000   0.000   0.000   0.000
   0.022   7.000   0.000   0.000   0.267   0.733   0.000   0.000   0.000   0.000   0.000   0.000
   0.023   7.000   0.000   0.000   0.268   0.732   0.000   0.000   0.000   0.000   0.000   0.000
   0.023   7.000   0.000   0.000   0.268   0.732   0.000   0.000   0.000   0.000   0.000   0.000
   0.024   7.000   0.000   0.000   0.268   0.732   0.000   0.000   0.000   0.000   0.000   0.000
   0.024   7.000   0.000   0.000   0.268   0.732   0.000   0.000   0.000   0.000   0.000   0.000
   0.025   7.000   0.000   0.000   0.268   0.732   0.000   0.000   0.000   0.000   0.000   0.000
   0.025   7.000   0.000   0.000   0.269   0.731   0.000   0.000   0.000   0.000   0.000   0.000
    STEP   AVACS   MODE1   MODE2   MODE3   MODE4
       1   7.000   0.269   0.731   0.000   0.000
       2   7.000   0.351   0.649   0.000   0.000
       3   7.000   0.434   0.566   0.000   0.000
       4   7.000   0.521   0.479   0.000   0.000
       5   6.000   0.553   0.447   0.000   0.001
       6   7.000   0.469   0.509   0.000   0.022
       7   8.000   0.499   0.474   0.000   0.027
       8   6.000   0.527   0.454   0.000   0.020
       9   6.000   0.583   0.417   0.000   0.000
      10   7.000   0.481   0.519   0.000   0.000
      11   7.000   0.394   0.606   0.000   0.000
      12   7.000   0.315   0.685   0.000   0.000
      13   7.000   0.237   0.763   0.000   0.000
      14   6.000   0.159   0.840   0.000   0.000
      15   6.000   0.079   0.921   0.000   0.000
      16   4.000   0.000   1.000   0.000   0.000
      17   7.000   0.086   0.914   0.000   0.000
      18   7.000   0.182   0.818   0.000   0.000
      19   7.000   0.269   0.731   0.000   0.000
      20   7.000   0.351   0.649   0.000   0.000
      21   7.000   0.434   0.566   0.000   0.000
      22   7.000   0.521   0.479   0.000   0.000
      23   6.000   0.587   0.387   0.027   0.000
      24   7.000   0.565   0.241   0.194   0.000
      25   6.000   0.577   0.112   0.311   0.000
      26   4.000   0.574   0.253   0.172   0.000
      27   6.000   0.583   0.417   0.000   0.000
      28   7.000   0.481   0.519   0.000   0.000
      29   7.000   0.394   0.606   0.000   0.000
      30   7.000   0.315   0.685   0.000   0.000
      31   7.000   0.237   0.763   0.000   0.000
      32   6.000   0.159   0.840   0.000   0.000
      33   6.000   0.079   0.921   0.000   0.000
      34   4.000   0.000   1.000   0.000   0.000
      35   7.000   0.086   0.914   0.000   0.000
      36   7.000   0.182   0.818   0.000   0.000
  STRAIN   AVACS   PRITW   SECTW   MODE1   MODE2   MODE3   MODE4   TWFR3   EFFR3   TWFR4   EFFR4
   0.025   7.000   0.000   0.000   0.269   0.731   0.000   0.000   0.000   0.000   0.000   0.000
   0.026   7.000   0.000   0.000   0.269   0.731   0.000   0.000   0.000   0.000   0.000   0.000
   0.026   7.000   0.000   0.000   0.269   0.731   0.000   0.000   0.000   0.000   0.000   0.000
   0.027   7.000   0.000   0.000   0.269   0.731   0.000   0.000   0.000   0.000   0.000   0.000
   0.027   7.000   0.000   0.000   0.269   0.731   0.000   0.000   0.000   0.000   0.000   0.000
   0.028   7.000   0.000   0.000   0.269   0.731   0.000   0.000   0.000   0.000   0.000   0.000
   0.028   7.000   0.000   0.000   0.269   0.731   0.000   0.000   0.000   0.000   0.000   0.000
   0.029   7.000   0.000   0.000   0.270   0.730   0.000   0.000   0.000   0.000   0.000   0.000
   0.029   7.000   0.000   0.000   0.270   0.730   0.000   0.000   0.000   0.000   0.000   0.000
   0.030   7.000   0.000   0.000   0.270   0.730   0.000   0.000   0.000   0.000   0.000   0.000
   0.030   7.000   0.000   0.000   0.270   0.730   0.000   0.000   0.000   0.000   0.000   0.000
   0.031   7.000   0.000   0.000   0.270   0.730   0.000   0.000   0.000   0.000   0.000   0.000
   0.031   7.000   0.000   0.000   0.270   0.730   0.000   0.000   0.000   0.000   0.000   0.000
   0.032   7.000   0.000   0.000   0.270   0.730   0.000   0.000   0.000   0.000   0.000   0.000
   0.032   7.000   0.000   0.000   0.270   0.730   0.000   0.000   0.000   0.000   0.000   0.000
   0.033   7.000   0.000   0.000   0.270   0.730   0.000   0.000   0.000   0.000   0.000   0.000
   0.033   7.000   0.000   0.000   0.270   0.730   0.000   0.000   0.000   0.000   0.000   0.000
   0.034   7.000   0.000   0.000   0.270   0.730   0.000   0.000   0.000   0.000   0.000   0.000
   0.034   7.000   0.000   0.000   0.271   0.729   0.000   0.000   0.000   0.000   0.000   0.000
   0.035   7.000   0.000   0.000   0.271   0.729   0.000   0.000   0.000   0.000   0.000   0.000
   0.035   7.000   0.000   0.000   0.271   0.729   0.000   0.000   0.000   0.000   0.000   0.000
   0.036   7.000   0.000   0.000   0.271   0.729   0.000   0.000   0.000   0.000   0.000   0.000
   0.036   7.000   0.000   0.000   0.271   0.729   0.000   0.000   0.000   0.000   0.000   0.000
   0.037   7.000   0.000   0.000   0.271   0.729   0.000   0.000   0.000   0.000   0.000   0.000
   0.037   7.000   0.000   0.000   0.271   0.729   0.000   0.000   0.000   0.000   0.000   0.000
   0.038   7.000   0.000   0.000   0.271   0.729   0.000   0.000   0.000   0.000   0.000   0.000
   0.038   7.000   0.000   0.000   0.271   0.729   0.000   0.000   0.000   0.000   0.000   0.000
   0.039   7.000   0.000   0.000   0.271   0.729   0.000   0.000   0.000   0.000   0.000   0.000
   0.039   7.000   0.000   0.000   0.271   0.729   0.000   0.000   0.000   0.000   0.000   0.000
   0.040   7.000   0.000   0.000   0.271   0.729   0.000   0.000   0.000   0.000   0.000   0.000
   0.040   7.000   0.000   0.000   0.271   0.729   0.000   0.000   0.000   0.000   0.000   0.000
   0.041   7.000   0.000   0.000   0.271   0.729   0.000   0.000   0.000   0.000   0.000   0.000
   0.041   7.000   0.000   0.000   0.271   0.729   0.000   0.000   0.000   0.000   0.000   0.000
   0.042   7.000   0.000   0.000   0.271   0.729   0.000   0.000   0.000   0.000   0.000   0.000
   0.042   7.000   0.000   0.000   0.271   0.729   0.000   0.000   0.000   0.000   0.000   0.000
   0.043   7.000   0.000   0.000   0.271   0.729   0.000   0.000   0.000   0.000   0.000   0.000
   0.043   7.000   0.000   0.000   0.271   0.729   0.000   0.000   0.000   0.000   0.000   0.000
   0.044   7.000   0.000   0.000   0.271   0.729   0.000   0.000   0.000   0.000   0.000   0.000
   0.044   7.000   0.000   0.000   0.271   0.729   0.000   0.000   0.000   0.000   0.000   0.000
   0.045   7.000   0.000   0.000   0.271   0.729   0.000   0.000   0.000   0.000   0.000   0.000
   0.045   7.000   0.000   0.000   0.271   0.729   0.000   0.000   0.000   0.000   0.000   0.000
   0.046   7.000   0.000   0.000   0.271   0.729   0.000   0.000   0.000   0.000   0.000   0.000
   0.046   7.000   0.000   0.000   0.271   0.729   0.000   0.000   0.000   0.000   0.000   0.000
   0.047   7.000   0.000   0.000   0.271   0.729   0.000   0.000   0.000   0.000   0.000   0.000
   0.047   7.000   0.000   0.000   0.271   0.729   0.000   0.000   0.000   0.000   0.000   0.000
   0.048   7.000   0.000   0.000   0.271   0.729   0.000   0.000   0.000   0.000   0.000   0.000
   0.048   7.000   0.000   0.000   0.271   0.729   0.000   0.000   0.000   0.000   0.000   0.000
   0.049   7.000   0.000   0.000   0.271   0.729   0.000   0.000   0.000   0.000   0.000   0.000
   0.049   7.000   0.000   0.000   0.271   0.729   0.000   0.000   0.000   0.000   0.000   0.000
   0.050   7.000   0.000   0.000   0.271   0.729   0.000   0.000   0.000   0.000   0.000   0.000
   0.050   7.000   0.000   0.000   0.271   0.729   0.000   0.000   0.000   0.000   0.000   0.000
    STEP   AVACS   MODE1   MODE2   MODE3   MODE4
       1   7.000   0.271   0.729   0.000   0.000
       2   7.000   0.354   0.645   0.000   0.000
       3   7.000   0.438   0.562   0.000   0.000
       4   7.000   0.525   0.475   0.000   0.000
       5   6.000   0.513   0.477   0.000   0.010
       6   7.000   0.468   0.399   0.000   0.133
       7   9.000   0.505   0.322   0.000   0.173
       8   5.000   0.542   0.346   0.000   0.112
       9   6.000   0.594   0.406   0.000   0.001
      10   7.000   0.491   0.508   0.000   0.000
      11   7.000   0.403   0.596   0.000   0.000
      12   7.000   0.323   0.677   0.000   0.000
      13   7.000   0.244   0.756   0.000   0.000
      14   6.000   0.165   0.834   0.000   0.000
      15   6.000   0.083   0.916   0.000   0.000
      16   4.000   0.000   1.000   0.000   0.000
      17   7.000   0.086   0.914   0.000   0.000
      18   7.000   0.183   0.816   0.000   0.000
      19   7.000   0.271   0.729   0.000   0.000
      20   7.000   0.354   0.646   0.000   0.000
      21   7.000   0.438   0.562   0.000   0.000
      22   7.000   0.524   0.475   0.001   0.000
      23   6.000   0.575   0.373   0.052   0.000
      24   7.000   0.562   0.229   0.209   0.000
      25   6.000   0.578   0.099   0.323   0.000
      26   5.000   0.587   0.243   0.170   0.000
      27   6.000   0.593   0.406   0.001   0.000
      28   7.000   0.491   0.509   0.000   0.000
      29   7.000   0.403   0.597   0.000   0.000
      30   7.000   0.323   0.677   0.000   0.000
      31   7.000   0.244   0.756   0.000   0.000
      32   6.000   0.165   0.835   0.000   0.000
      33   6.000   0.083   0.916   0.000   0.000
      34   4.000   0.000   0.999   0.000   0.001
      35   7.000   0.086   0.913   0.000   0.000
      36   7.000   0.183   0.816   0.000   0.000
  STRAIN   AVACS   PRITW   SECTW   MODE1   MODE2   MODE3   MODE4   TWFR3   EFFR3   TWFR4   EFFR4
   0.050   7.000   0.000   0.000   0.271   0.729   0.000   0.000   0.000   0.000   0.000   0.000
   0.051   7.000   0.000   0.000   0.271   0.729   0.000   0.000   0.000   0.000   0.000   0.000
   0.051   7.000   0.000   0.000   0.271   0.729   0.000   0.000   0.000   0.000   0.000   0.000
   0.052   7.000   0.000   0.000   0.271   0.729   0.000   0.000   0.000   0.000   0.000   0.000
   0.052   7.000   0.000   0.000   0.271   0.729   0.000   0.000   0.000   0.000   0.000   0.000
   0.053   7.000   0.000   0.000   0.271   0.729   0.000   0.000   0.000   0.000   0.000   0.000
   0.053   7.000   0.000   0.000   0.271   0.729   0.000   0.000   0.000   0.000   0.000   0.000
   0.054   7.000   0.000   0.000   0.271   0.729   0.000   0.000   0.000   0.000   0.000   0.000
   0.054   7.000   0.000   0.000   0.271   0.729   0.000   0.000   0.000   0.000   0.000   0.000
   0.055   7.000   0.000   0.000   0.271   0.729   0.000   0.000   0.000   0.000   0.000   0.000
   0.055   7.000   0.000   0.000   0.271   0.729   0.000   0.000   0.000   0.000   0.000   0.000
   0.056   7.000   0.000   0.000   0.271   0.729   0.000   0.000   0.000   0.000   0.000   0.000
   0.056   7.000   0.000   0.000   0.271   0.729   0.000   0.000   0.000   0.000   0.000   0.000
   0.057   7.000   0.000   0.000   0.270   0.729   0.000   0.000   0.000   0.000   0.000   0.000
   0.057   7.000   0.000   0.000   0.270   0.730   0.000   0.000   0.000   0.000   0.000   0.000
   0.058   7.000   0.000   0.000   0.270   0.730   0.000   0.000   0.000   0.000   0.000   0.000
   0.058   7.000   0.000   0.000   0.270   0.730   0.000   0.000   0.000   0.000   0.000   0.000
   0.059   7.000   0.000   0.000   0.270   0.730   0.000   0.000   0.000   0.000   0.000   0.000
   0.059   7.000   0.000   0.000   0.270   0.730   0.000   0.000   0.000   0.000   0.000   0.000
   0.060   7.000   0.000   0.000   0.270   0.730   0.000   0.000   0.000   0.000   0.000   0.000
   0.060   7.000   0.000   0.000   0.270   0.730   0.000   0.000   0.000   0.000   0.000   0.000
   0.061   7.000   0.000   0.000   0.270   0.730   0.000   0.000   0.000   0.000   0.000   0.000
   0.061   7.000   0.000   0.000   0.270   0.730   0.000   0.000   0.000   0.000   0.000   0.000
   0.062   7.000   0.000   0.000   0.270   0.730   0.000   0.000   0.000   0.000   0.000   0.000
   0.062   7.000   0.000   0.000   0.270   0.730   0.000   0.000   0.000   0.000   0.000   0.000
   0.063   7.000   0.000   0.000   0.270   0.730   0.000   0.000   0.000   0.000   0.000   0.000
   0.063   7.000   0.000   0.000   0.270   0.730   0.000   0.000   0.000   0.000   0.000   0.000
   0.064   7.000   0.000   0.000   0.270   0.730   0.000   0.000   0.000   0.000   0.000   0.000
   0.064   7.000   0.000   0.000   0.269   0.730   0.000   0.000   0.000   0.000   0.000   0.000
   0.065   7.000   0.000   0.000   0.269   0.730   0.000   0.000   0.000   0.000   0.000   0.000
   0.065   7.000   0.000   0.000   0.269   0.731   0.000   0.000   0.000   0.000   0.000   0.000
   0.066   7.000   0.000   0.000   0.269   0.731   0.000   0.000   0.000   0.000   0.000   0.000
   0.066   7.000   0.000   0.000   0.269   0.731   0.000   0.000   0.000   0.000   0.000   0.000
   0.067   7.000   0.000   0.000   0.269   0.731   0.000   0.000   0.000   0.000   0.000   0.000
   0.067   7.000   0.000   0.000   0.269   0.731   0.000   0.000   0.000   0.000   0.000   0.000
   0.068   7.000   0.000   0.000   0.269   0.731   0.000   0.000   0.000   0.000   0.000   0.000
   0.068   7.000   0.000   0.000   0.269   0.731   0.000   0.000   0.000   0.000   0.000   0.000
   0.069   7.000   0.000   0.000   0.269   0.731   0.000   0.000   0.000   0.000   0.000   0.000
   0.069   7.000   0.000   0.000   0.269   0.731   0.000   0.000   0.000   0.000   0.000   0.000
   0.070   7.000   0.000   0.000   0.269   0.731   0.000   0.000   0.000   0.000   0.000   0.000
   0.070   7.000   0.000   0.000   0.268   0.731   0.000   0.000   0.000   0.000   0.000   0.000
   0.071   7.000   0.000   0.000   0.268   0.732   0.000   0.000   0.000   0.000   0.000   0.000
   0.071   7.000   0.000   0.000   0.268   0.732   0.000   0.000   0.000   0.000   0.000   0.000
   0.072   7.000   0.000   0.000   0.268   0.732   0.000   0.000   0.000   0.000   0.000   0.000
   0.072   7.000   0.000   0.000   0.268   0.732   0.000   0.000   0.000   0.000   0.000   0.000
   0.073   7.000   0.000   0.000   0.268   0.732   0.000   0.000   0.000   0.000   0.000   0.000
   0.073   7.000   0.000   0.000   0.268   0.732   0.000   0.000   0.000   0.000   0.000   0.000
   0.074   7.000   0.000   0.000   0.268   0.732   0.000   0.000   0.000   0.000   0.000   0.000
   0.074   7.000   0.000   0.000   0.268   0.732   0.000   0.000   0.000   0.000   0.000   0.000
   0.075   7.000   0.000   0.000   0.267   0.732   0.000   0.000   0.000   0.000   0.000   0.000
   0.075   7.000   0.000   0.000   0.267   0.732   0.000   0.000   0.000   0.000   0.000   0.000
    STEP   AVACS   MODE1   MODE2   MODE3   MODE4
       1   7.000   0.267   0.732   0.000   0.001
       2   8.000   0.352   0.648   0.000   0.001
       3   8.000   0.436   0.564   0.000   0.001
       4   6.000   0.523   0.476   0.000   0.001
       5   6.000   0.466   0.514   0.000   0.019
       6   6.000   0.457   0.379   0.000   0.164
       7   8.000   0.502   0.286   0.000   0.212
       8   5.000   0.549   0.324   0.000   0.128
       9   6.000   0.602   0.398   0.000   0.001
      10   7.000   0.497   0.502   0.000   0.000
      11   7.000   0.408   0.592   0.000   0.000
      12   7.000   0.326   0.674   0.000   0.000
      13   7.000   0.246   0.753   0.000   0.000
      14   6.000   0.168   0.832   0.000   0.000
      15   6.000   0.085   0.915   0.000   0.000
      16   4.000   0.000   1.000   0.000   0.000
      17   6.000   0.080   0.920   0.000   0.000
      18   7.000   0.178   0.821   0.000   0.000
      19   7.000   0.267   0.732   0.000   0.000
      20   8.000   0.351   0.648   0.000   0.000
      21   8.000   0.435   0.564   0.001   0.000
      22   6.000   0.520   0.476   0.005   0.000
      23   6.000   0.558   0.368   0.074   0.000
      24   7.000   0.555   0.221   0.224   0.000
      25   6.000   0.578   0.088   0.334   0.000
      26   5.000   0.598   0.234   0.168   0.000
      27   6.000   0.601   0.398   0.001   0.000
      28   7.000   0.497   0.502   0.000   0.000
      29   7.000   0.408   0.592   0.000   0.000
      30   7.000   0.326   0.674   0.000   0.000
      31   7.000   0.246   0.754   0.000   0.000
      32   6.000   0.168   0.832   0.000   0.000
      33   6.000   0.085   0.914   0.000   0.000
      34   4.000   0.000   0.999   0.000   0.001
      35   6.000   0.080   0.919   0.000   0.001
      36   7.000   0.178   0.821   0.000   0.001
  STRAIN   AVACS   PRITW   SECTW   MODE1   MODE2   MODE3   MODE4   TWFR3   EFFR3   TWFR4   EFFR4
   0.075   7.000   0.000   0.000   0.267   0.732   0.000   0.000   0.000   0.000   0.000   0.000
   0.076   7.000   0.000   0.000   0.267   0.733   0.000   0.000   0.000   0.000   0.000   0.000
   0.076   7.000   0.000   0.000   0.267   0.733   0.000   0.000   0.000   0.000   0.000   0.000
   0.077   7.000   0.000   0.000   0.267   0.733   0.000   0.000   0.000   0.000   0.000   0.000
   0.077   7.000   0.000   0.000   0.267   0.733   0.000   0.000   0.000   0.000   0.000   0.000
   0.078   7.000   0.000   0.000   0.267   0.733   0.000   0.000   0.000   0.000   0.000   0.000
   0.078   7.000   0.000   0.000   0.267   0.733   0.000   0.000   0.000   0.000   0.000   0.000
   0.079   7.000   0.000   0.000   0.266   0.733   0.000   0.000   0.000   0.000   0.000   0.000
   0.079   7.000   0.000   0.000   0.266   0.733   0.000   0.000   0.000   0.000   0.000   0.000
   0.080   7.000   0.000   0.000   0.266   0.734   0.000   0.000   0.000   0.000   0.000   0.000
   0.080   7.000   0.000   0.000   0.266   0.734   0.000   0.000   0.000   0.000   0.000   0.000
   0.081   7.000   0.000   0.000   0.266   0.734   0.000   0.000   0.000   0.000   0.000   0.000
   0.081   7.000   0.000   0.000   0.266   0.734   0.000   0.000   0.000   0.000   0.000   0.000
   0.082   7.000   0.000   0.000   0.266   0.734   0.000   0.000   0.000   0.000   0.000   0.000
   0.082   7.000   0.000   0.000   0.265   0.734   0.000   0.000   0.000   0.000   0.000   0.000
   0.083   7.000   0.000   0.000   0.265   0.734   0.000   0.000   0.000   0.000   0.000   0.000
   0.083   7.000   0.000   0.000   0.265   0.735   0.000   0.000   0.000   0.000   0.000   0.000
   0.084   7.000   0.000   0.000   0.265   0.735   0.000   0.000   0.000   0.000   0.000   0.000
   0.084   7.000   0.000   0.000   0.265   0.735   0.000   0.000   0.000   0.000   0.000   0.000
   0.085   7.000   0.000   0.000   0.265   0.735   0.000   0.000   0.000   0.000   0.000   0.000
   0.085   7.000   0.000   0.000   0.265   0.735   0.000   0.000   0.000   0.000   0.000   0.000
   0.086   7.000   0.000   0.000   0.264   0.735   0.000   0.000   0.000   0.000   0.000   0.000
   0.086   7.000   0.000   0.000   0.264   0.735   0.000   0.000   0.000   0.000   0.000   0.000
   0.087   7.000   0.000   0.000   0.264   0.736   0.000   0.000   0.000   0.000   0.000   0.000
   0.087   7.000   0.000   0.000   0.264   0.736   0.000   0.000   0.000   0.000   0.000   0.000
   0.088   7.000   0.000   0.000   0.264   0.736   0.000   0.000   0.000   0.000   0.000   0.000
   0.088   7.000   0.000   0.000   0.264   0.736   0.000   0.000   0.000   0.000   0.000   0.000
   0.089   7.000   0.000   0.000   0.263   0.736   0.000   0.000   0.000   0.000   0.000   0.000
   0.089   7.000   0.000   0.000   0.263   0.736   0.000   0.000   0.000   0.000   0.000   0.000
   0.090   7.000   0.000   0.000   0.263   0.737   0.000   0.000   0.000   0.000   0.000   0.000
   0.090   8.000   0.000   0.000   0.263   0.737   0.000   0.000   0.000   0.000   0.000   0.000
   0.091   8.000   0.000   0.000   0.263   0.737   0.000   0.000   0.000   0.000   0.000   0.000
   0.091   8.000   0.000   0.000   0.263   0.737   0.000   0.000   0.000   0.000   0.000   0.000
   0.092   8.000   0.000   0.000   0.262   0.737   0.000   0.000   0.000   0.000   0.000   0.000
   0.092   8.000   0.000   0.000   0.262   0.737   0.000   0.000   0.000   0.000   0.000   0.000
   0.093   8.000   0.000   0.000   0.262   0.738   0.000   0.000   0.000   0.000   0.000   0.000
   0.093   8.000   0.000   0.000   0.262   0.738   0.000   0.000   0.000   0.000   0.000   0.000
   0.094   8.000   0.000   0.000   0.262   0.738   0.000   0.000   0.000   0.000   0.000   0.000
   0.094   8.000   0.000   0.000   0.261   0.738   0.000   0.000   0.000   0.000   0.000   0.000
   0.095   8.000   0.000   0.000   0.261   0.738   0.000   0.000   0.000   0.000   0.000   0.000
   0.095   8.000   0.000   0.000   0.261   0.739   0.000   0.000   0.000   0.000   0.000   0.000
   0.096   8.000   0.000   0.000   0.261   0.739   0.000   0.000   0.000   0.000   0.000   0.000
   0.096   8.000   0.000   0.000   0.261   0.739   0.000   0.000   0.000   0.000   0.000   0.000
   0.097   8.000   0.000   0.000   0.260   0.739   0.000   0.000   0.000   0.000   0.000   0.000
   0.097   8.000   0.000   0.000   0.260   0.739   0.000   0.000   0.000   0.000   0.000   0.000
   0.098   8.000   0.000   0.000   0.260   0.739   0.000   0.000   0.000   0.000   0.000   0.000
   0.098   8.000   0.000   0.000   0.260   0.740   0.001   0.000   0.000   0.000   0.000   0.000
   0.099   8.000   0.000   0.000   0.260   0.740   0.001   0.000   0.000   0.000   0.000   0.000
   0.099   8.000   0.000   0.000   0.259   0.740   0.001   0.000   0.000   0.000   0.000   0.000
   0.100   8.000   0.000   0.000   0.259   0.740   0.001   0.000   0.000   0.000   0.000   0.000
   0.100   8.000   0.000   0.000   0.259   0.741   0.001   0.000   0.000   0.000   0.000   0.000
    STEP   AVACS   MODE1   MODE2   MODE3   MODE4
       1   8.000   0.259   0.740   0.000   0.000
       2   8.000   0.345   0.655   0.000   0.000
       3   8.000   0.430   0.570   0.000   0.000
       4   6.000   0.516   0.483   0.000   0.001
       5   6.000   0.409   0.572   0.000   0.019
       6   7.000   0.440   0.418   0.000   0.143
       7   8.000   0.496   0.332   0.000   0.172
       8   5.000   0.551   0.345   0.000   0.104
       9   6.000   0.609   0.391   0.000   0.000
      10   7.000   0.502   0.497   0.000   0.000
      11   7.000   0.411   0.589   0.000   0.000
      12   7.000   0.327   0.672   0.000   0.000
      13   6.000   0.247   0.753   0.000   0.000
      14   6.000   0.169   0.831   0.000   0.000
      15   6.000   0.087   0.913   0.000   0.000
      16   3.000   0.000   1.000   0.000   0.000
      17   6.000   0.070   0.930   0.000   0.000
      18   7.000   0.169   0.831   0.000   0.000
      19   8.000   0.259   0.741   0.001   0.000
      20   8.000   0.344   0.655   0.001   0.000
      21   8.000   0.428   0.570   0.003   0.000
      22   6.000   0.506   0.480   0.014   0.000
      23   7.000   0.540   0.366   0.094   0.000
      24   7.000   0.547   0.216   0.238   0.000
      25   6.000   0.577   0.078   0.345   0.000
      26   5.000   0.606   0.227   0.167   0.000
      27   6.000   0.607   0.391   0.002   0.000
      28   7.000   0.502   0.498   0.000   0.000
      29   7.000   0.411   0.589   0.000   0.000
      30   7.000   0.327   0.673   0.000   0.000
      31   6.000   0.247   0.753   0.000   0.000
      32   6.000   0.169   0.831   0.000   0.000
      33   6.000   0.087   0.913   0.000   0.000
      34   3.000   0.000   0.998   0.000   0.002
      35   6.000   0.070   0.930   0.000   0.000
      36   7.000   0.169   0.831   0.000   0.000
  STRAIN   AVACS   PRITW   SECTW   MODE1   MODE2   MODE3   MODE4   TWFR3   EFFR3   TWFR4   EFFR4
   0.100   8.000   0.000   0.000   0.259   0.741   0.001   0.000   0.000   0.000   0.000   0.000
   0.101   8.000   0.000   0.000   0.259   0.741   0.001   0.000   0.000   0.000   0.000   0.000
   0.101   8.000   0.000   0.000   0.258   0.741   0.001   0.000   0.000   0.000   0.000   0.000
   0.102   8.000   0.000   0.000   0.258   0.741   0.001   0.000   0.000   0.000   0.000   0.000
   0.102   8.000   0.000   0.000   0.258   0.741   0.001   0.000   0.000   0.000   0.000   0.000
   0.103   8.000   0.000   0.000   0.258   0.742   0.001   0.000   0.000   0.000   0.000   0.000
   0.103   8.000   0.000   0.000   0.258   0.742   0.001   0.000   0.000   0.000   0.000   0.000
   0.104   8.000   0.000   0.000   0.257   0.742   0.001   0.000   0.000   0.000   0.000   0.000
   0.104   8.000   0.000   0.000   0.257   0.742   0.001   0.000   0.000   0.000   0.000   0.000
   0.105   8.000   0.000   0.000   0.257   0.742   0.001   0.000   0.000   0.000   0.000   0.000
   0.105   8.000   0.000   0.000   0.257   0.743   0.001   0.000   0.000   0.000   0.000   0.000
   0.106   8.000   0.000   0.000   0.256   0.743   0.001   0.000   0.000   0.000   0.000   0.000
   0.106   8.000   0.000   0.000   0.256   0.743   0.001   0.000   0.000   0.000   0.000   0.000
   0.107   8.000   0.000   0.000   0.256   0.743   0.001   0.000   0.000   0.000   0.000   0.000
   0.107   8.000   0.000   0.000   0.256   0.744   0.001   0.000   0.000   0.000   0.000   0.000
   0.108   8.000   0.000   0.000   0.255   0.744   0.001   0.000   0.000   0.000   0.000   0.000
   0.108   8.000   0.000   0.000   0.255   0.744   0.001   0.000   0.000   0.000   0.000   0.000
   0.109   8.000   0.000   0.000   0.255   0.744   0.001   0.000   0.000   0.000   0.000   0.000
   0.109   8.000   0.000   0.000   0.255   0.745   0.001   0.000   0.000   0.000   0.000   0.000
   0.110   8.000   0.000   0.000   0.254   0.745   0.001   0.000   0.000   0.000   0.000   0.000
   0.110   8.000   0.000   0.000   0.254   0.745   0.001   0.000   0.000   0.000   0.000   0.000
   0.111   8.000   0.000   0.000   0.254   0.745   0.001   0.000   0.000   0.000   0.000   0.000
   0.111   8.000   0.000   0.000   0.253   0.746   0.001   0.000   0.000   0.000   0.000   0.000
   0.112   8.000   0.000   0.000   0.253   0.746   0.001   0.000   0.000   0.000   0.000   0.000
   0.112   8.000   0.000   0.000   0.253   0.746   0.001   0.000   0.000   0.000   0.000   0.000
   0.113   8.000   0.000   0.000   0.253   0.746   0.001   0.000   0.000   0.000   0.000   0.000
   0.113   8.000   0.000   0.000   0.252   0.747   0.001   0.000   0.000   0.000   0.000   0.000
   0.114   8.000   0.000   0.000   0.252   0.747   0.001   0.000   0.000   0.000   0.000   0.000
   0.114   8.000   0.000   0.000   0.252   0.747   0.001   0.000   0.000   0.000   0.000   0.000
   0.115   8.000   0.000   0.000   0.252   0.748   0.001   0.000   0.000   0.000   0.000   0.000
   0.115   8.000   0.000   0.000   0.251   0.748   0.001   0.000   0.000   0.000   0.000   0.000
   0.116   8.000   0.000   0.000   0.251   0.748   0.001   0.000   0.000   0.000   0.000   0.000
   0.116   8.000   0.000   0.000   0.251   0.748   0.001   0.000   0.001   0.000   0.000   0.000
   0.117   8.000   0.000   0.000   0.250   0.749   0.001   0.000   0.001   0.000   0.000   0.000
   0.117   8.000   0.000   0.000   0.250   0.749   0.001   0.000   0.001   0.000   0.000   0.000
   0.118   8.000   0.000   0.000   0.250   0.749   0.001   0.000   0.001   0.000   0.000   0.000
   0.118   8.000   0.000   0.000   0.249   0.749   0.001   0.000   0.001   0.000   0.000   0.000
   0.119   8.000   0.000   0.000   0.249   0.750   0.001   0.000   0.001   0.000   0.000   0.000
   0.119   8.000   0.000   0.000   0.249   0.750   0.001   0.000   0.001   0.000   0.000   0.000
   0.120   8.000   0.000   0.000   0.248   0.750   0.001   0.000   0.001   0.000   0.000   0.000
   0.120   8.000   0.000   0.000   0.248   0.751   0.001   0.000   0.001   0.000   0.000   0.000
   0.121   8.000   0.000   0.000   0.248   0.751   0.001   0.000   0.001   0.000   0.000   0.000
   0.121   8.000   0.000   0.000   0.248   0.751   0.001   0.000   0.001   0.000   0.000   0.000
   0.122   8.000   0.000   0.000   0.247   0.752   0.001   0.000   0.001   0.000   0.000   0.000
   0.122   8.000   0.000   0.000   0.247   0.752   0.001   0.000   0.001   0.000   0.000   0.000
   0.123   8.000   0.000   0.000   0.247   0.752   0.001   0.000   0.001   0.000   0.000   0.000
   0.123   8.000   0.000   0.000   0.246   0.753   0.001   0.000   0.001   0.000   0.000   0.000
   0.124   8.000   0.000   0.000   0.246   0.753   0.001   0.000   0.001   0.000   0.000   0.000
   0.124   8.000   0.000   0.000   0.246   0.753   0.001   0.000   0.001   0.000   0.000   0.000
   0.125   8.000   0.000   0.000   0.245   0.753   0.001   0.000   0.001   0.000   0.000   0.000
   0.125   8.000   0.000   0.000   0.245   0.754   0.001   0.000   0.001   0.000   0.000   0.000
    STEP   AVACS   MODE1   MODE2   MODE3   MODE4
       1   8.000   0.246   0.754   0.000   0.000
       2   8.000   0.332   0.667   0.000   0.000
       3   8.000   0.418   0.582   0.000   0.000
       4   6.000   0.502   0.498   0.000   0.000
       5   5.000   0.360   0.618   0.000   0.022
       6   9.000   0.424   0.475   0.000   0.101
       7   8.000   0.490   0.397   0.000   0.113
       8   6.000   0.553   0.376   0.000   0.071
       9   6.000   0.614   0.386   0.000   0.000
      10   7.000   0.506   0.494   0.000   0.000
      11   7.000   0.413   0.587   0.000   0.000
      12   7.000   0.328   0.672   0.000   0.000
      13   6.000   0.247   0.753   0.000   0.000
      14   6.000   0.171   0.829   0.000   0.000
      15   5.000   0.089   0.911   0.000   0.000
      16   3.000   0.004   0.996   0.000   0.000
      17   6.000   0.056   0.944   0.000   0.000
      18   8.000   0.154   0.845   0.001   0.000
      19   8.000   0.245   0.754   0.001   0.000
      20   8.000   0.330   0.667   0.003   0.000
      21   8.000   0.413   0.580   0.007   0.000
      22   7.000   0.485   0.486   0.029   0.000
      23   8.000   0.519   0.367   0.114   0.000
      24   7.000   0.536   0.212   0.251   0.000
      25   6.000   0.577   0.069   0.354   0.000
      26   6.000   0.612   0.222   0.166   0.000
      27   6.000   0.612   0.385   0.003   0.000
      28   7.000   0.506   0.494   0.000   0.000
      29   7.000   0.413   0.587   0.000   0.000
      30   7.000   0.328   0.672   0.000   0.000
      31   6.000   0.247   0.753   0.000   0.000
      32   6.000   0.171   0.829   0.000   0.000
      33   5.000   0.089   0.910   0.000   0.000
      34   3.000   0.003   0.995   0.000   0.001
      35   6.000   0.056   0.944   0.000   0.000
      36   8.000   0.154   0.845   0.000   0.000
