          Evm          Svm            E11          E22          E33          E23          E13          E12         SDEV11       SDEV22       SDEV33       SDEV23       SDEV13       SDEV12      TEMP
  0.00000E+00  0.46655E+03    0.00000E+00  0.00000E+00  0.00000E+00  0.00000E+00  0.00000E+00  0.00000E+00   -0.32422E+02 -0.24833E+03  0.28075E+03 -0.33686E+02 -0.79537E+01 -0.24241E+02      298.00
  0.45132E-03  0.47745E+03   -0.25000E-03 -0.25000E-03  0.50000E-03  0.00000E+00  0.00000E+00  0.00000E+00   -0.35993E+02 -0.25242E+03  0.28841E+03 -0.34755E+02 -0.88089E+01 -0.24592E+02      298.00
  0.90437E-03  0.48803E+03   -0.50000E-03 -0.50000E-03  0.10000E-02  0.00000E+00  0.00000E+00  0.00000E+00   -0.39076E+02 -0.25659E+03  0.29567E+03 -0.35847E+02 -0.95233E+01 -0.24933E+02      298.00
  0.13588E-02  0.49862E+03   -0.75000E-03 -0.75000E-03  0.15000E-02  0.00000E+00  0.00000E+00  0.00000E+00   -0.41731E+02 -0.26102E+03  0.30275E+03 -0.37007E+02 -0.10088E+02 -0.25244E+02      298.00
  0.18141E-02  0.50881E+03   -0.10000E-02 -0.10000E-02  0.20000E-02  0.00000E+00  0.00000E+00  0.00000E+00   -0.44091E+02 -0.26538E+03  0.30947E+03 -0.38119E+02 -0.10672E+02 -0.25634E+02      298.00
  0.22703E-02  0.51900E+03   -0.12500E-02 -0.12500E-02  0.25000E-02  0.00000E+00  0.00000E+00  0.00000E+00   -0.46144E+02 -0.26992E+03  0.31606E+03 -0.39283E+02 -0.11188E+02 -0.26043E+02      298.00
  0.27270E-02  0.52885E+03   -0.15000E-02 -0.15000E-02  0.30000E-02  0.00000E+00  0.00000E+00  0.00000E+00   -0.47964E+02 -0.27440E+03  0.32236E+03 -0.40418E+02 -0.11648E+02 -0.26445E+02      298.00
  0.31842E-02  0.53839E+03   -0.17500E-02 -0.17500E-02  0.35000E-02  0.00000E+00  0.00000E+00  0.00000E+00   -0.49574E+02 -0.27884E+03  0.32841E+03 -0.41540E+02 -0.12042E+02 -0.26825E+02      298.00
  0.36417E-02  0.54772E+03   -0.20000E-02 -0.20000E-02  0.40000E-02  0.00000E+00  0.00000E+00  0.00000E+00   -0.51019E+02 -0.28324E+03  0.33426E+03 -0.42650E+02 -0.12464E+02 -0.27259E+02      298.00
  0.40994E-02  0.55687E+03   -0.22500E-02 -0.22500E-02  0.45000E-02  0.00000E+00  0.00000E+00  0.00000E+00   -0.52288E+02 -0.28766E+03  0.33995E+03 -0.43778E+02 -0.12778E+02 -0.27634E+02      298.00
  0.45573E-02  0.56568E+03   -0.25000E-02 -0.25000E-02  0.50000E-02  0.00000E+00  0.00000E+00  0.00000E+00   -0.53465E+02 -0.29194E+03  0.34540E+03 -0.44850E+02 -0.13101E+02 -0.28026E+02      298.00
  0.50152E-02  0.57412E+03   -0.27500E-02 -0.27500E-02  0.55000E-02  0.00000E+00  0.00000E+00  0.00000E+00   -0.54545E+02 -0.29607E+03  0.35062E+03 -0.45879E+02 -0.13380E+02 -0.28391E+02      298.00
  0.54732E-02  0.58277E+03   -0.30000E-02 -0.30000E-02  0.60000E-02  0.00000E+00  0.00000E+00  0.00000E+00   -0.55477E+02 -0.30041E+03  0.35588E+03 -0.47002E+02 -0.13617E+02 -0.28754E+02      298.00
  0.59312E-02  0.59126E+03   -0.32500E-02 -0.32500E-02  0.65000E-02  0.00000E+00  0.00000E+00  0.00000E+00   -0.56325E+02 -0.30470E+03  0.36102E+03 -0.48125E+02 -0.13839E+02 -0.29116E+02      298.00
  0.63892E-02  0.60008E+03   -0.35000E-02 -0.35000E-02  0.70000E-02  0.00000E+00  0.00000E+00  0.00000E+00   -0.57056E+02 -0.30922E+03  0.36628E+03 -0.49362E+02 -0.14196E+02 -0.29629E+02      298.00
  0.68470E-02  0.60780E+03   -0.37500E-02 -0.37500E-02  0.75000E-02  0.00000E+00  0.00000E+00  0.00000E+00   -0.57835E+02 -0.31313E+03  0.37096E+03 -0.50355E+02 -0.14336E+02 -0.29905E+02      298.00
  0.73047E-02  0.61574E+03   -0.40000E-02 -0.40000E-02  0.80000E-02  0.00000E+00  0.00000E+00  0.00000E+00   -0.58520E+02 -0.31719E+03  0.37571E+03 -0.51443E+02 -0.14616E+02 -0.30330E+02      298.00
  0.77624E-02  0.62410E+03   -0.42500E-02 -0.42500E-02  0.85000E-02  0.00000E+00  0.00000E+00  0.00000E+00   -0.59081E+02 -0.32157E+03  0.38065E+03 -0.52675E+02 -0.14818E+02 -0.30721E+02      298.00
  0.82198E-02  0.63153E+03   -0.45000E-02 -0.45000E-02  0.90000E-02  0.00000E+00  0.00000E+00  0.00000E+00   -0.59715E+02 -0.32537E+03  0.38509E+03 -0.53694E+02 -0.15084E+02 -0.31119E+02      298.00
  0.86771E-02  0.63916E+03   -0.47500E-02 -0.47500E-02  0.95000E-02  0.00000E+00  0.00000E+00  0.00000E+00   -0.60251E+02 -0.32935E+03  0.38961E+03 -0.54813E+02 -0.15252E+02 -0.31459E+02      298.00
  0.91343E-02  0.64666E+03   -0.50000E-02 -0.50000E-02  0.10000E-01  0.00000E+00  0.00000E+00  0.00000E+00   -0.60755E+02 -0.33328E+03  0.39403E+03 -0.55933E+02 -0.15412E+02 -0.31791E+02      298.00
  0.95913E-02  0.65404E+03   -0.52500E-02 -0.52500E-02  0.10500E-01  0.00000E+00  0.00000E+00  0.00000E+00   -0.61232E+02 -0.33714E+03  0.39838E+03 -0.57053E+02 -0.15567E+02 -0.32117E+02      298.00
  0.10048E-01  0.66129E+03   -0.55000E-02 -0.55000E-02  0.11000E-01  0.00000E+00  0.00000E+00  0.00000E+00   -0.61685E+02 -0.34095E+03  0.40264E+03 -0.58173E+02 -0.15718E+02 -0.32438E+02      298.00
  0.10505E-01  0.66819E+03   -0.57500E-02 -0.57500E-02  0.11500E-01  0.00000E+00  0.00000E+00  0.00000E+00   -0.62159E+02 -0.34454E+03  0.40670E+03 -0.59223E+02 -0.15918E+02 -0.32784E+02      298.00
  0.10961E-01  0.67624E+03   -0.60000E-02 -0.60000E-02  0.12000E-01  0.00000E+00  0.00000E+00  0.00000E+00   -0.62413E+02 -0.34890E+03  0.41131E+03 -0.60641E+02 -0.16012E+02 -0.33117E+02      298.00
  0.11417E-01  0.68288E+03   -0.62500E-02 -0.62500E-02  0.12500E-01  0.00000E+00  0.00000E+00  0.00000E+00   -0.62903E+02 -0.35233E+03  0.41523E+03 -0.61645E+02 -0.16267E+02 -0.33486E+02      298.00
  0.11874E-01  0.68954E+03   -0.65000E-02 -0.65000E-02  0.13000E-01  0.00000E+00  0.00000E+00  0.00000E+00   -0.63229E+02 -0.35588E+03  0.41910E+03 -0.62791E+02 -0.16249E+02 -0.33659E+02      298.00
  0.12329E-01  0.69629E+03   -0.67500E-02 -0.67500E-02  0.13500E-01  0.00000E+00  0.00000E+00  0.00000E+00   -0.63647E+02 -0.35940E+03  0.42305E+03 -0.63887E+02 -0.16481E+02 -0.34022E+02      298.00
  0.12785E-01  0.70284E+03   -0.70000E-02 -0.70000E-02  0.14000E-01  0.00000E+00  0.00000E+00  0.00000E+00   -0.63991E+02 -0.36287E+03  0.42686E+03 -0.65017E+02 -0.16547E+02 -0.34251E+02      298.00
  0.13241E-01  0.70927E+03   -0.72500E-02 -0.72500E-02  0.14500E-01  0.00000E+00  0.00000E+00  0.00000E+00   -0.64342E+02 -0.36625E+03  0.43059E+03 -0.66134E+02 -0.16681E+02 -0.34531E+02      298.00
  0.13696E-01  0.71560E+03   -0.75000E-02 -0.75000E-02  0.15000E-01  0.00000E+00  0.00000E+00  0.00000E+00   -0.64690E+02 -0.36957E+03  0.43426E+03 -0.67247E+02 -0.16839E+02 -0.34824E+02      298.00
  0.14151E-01  0.72182E+03   -0.77500E-02 -0.77500E-02  0.15500E-01  0.00000E+00  0.00000E+00  0.00000E+00   -0.65033E+02 -0.37283E+03  0.43786E+03 -0.68355E+02 -0.17001E+02 -0.35115E+02      298.00
  0.14606E-01  0.72793E+03   -0.80000E-02 -0.80000E-02  0.16000E-01  0.00000E+00  0.00000E+00  0.00000E+00   -0.65369E+02 -0.37603E+03  0.44140E+03 -0.69464E+02 -0.17163E+02 -0.35402E+02      298.00
  0.15061E-01  0.73394E+03   -0.82500E-02 -0.82500E-02  0.16500E-01  0.00000E+00  0.00000E+00  0.00000E+00   -0.65699E+02 -0.37918E+03  0.44488E+03 -0.70572E+02 -0.17323E+02 -0.35681E+02      298.00
  0.15515E-01  0.73985E+03   -0.85000E-02 -0.85000E-02  0.17000E-01  0.00000E+00  0.00000E+00  0.00000E+00   -0.66024E+02 -0.38226E+03  0.44829E+03 -0.71679E+02 -0.17483E+02 -0.35955E+02      298.00
  0.15970E-01  0.74472E+03   -0.87500E-02 -0.87500E-02  0.17500E-01  0.00000E+00  0.00000E+00  0.00000E+00   -0.66445E+02 -0.38473E+03  0.45117E+03 -0.72536E+02 -0.17587E+02 -0.36124E+02      298.00
  0.16424E-01  0.75044E+03   -0.90000E-02 -0.90000E-02  0.18000E-01  0.00000E+00  0.00000E+00  0.00000E+00   -0.66761E+02 -0.38771E+03  0.45447E+03 -0.73642E+02 -0.17743E+02 -0.36384E+02      298.00
  0.16878E-01  0.75608E+03   -0.92500E-02 -0.92500E-02  0.18500E-01  0.00000E+00  0.00000E+00  0.00000E+00   -0.67072E+02 -0.39064E+03  0.45771E+03 -0.74748E+02 -0.17902E+02 -0.36641E+02      298.00
  0.17332E-01  0.76290E+03   -0.95000E-02 -0.95000E-02  0.19000E-01  0.00000E+00  0.00000E+00  0.00000E+00   -0.67183E+02 -0.39433E+03  0.46151E+03 -0.76245E+02 -0.18010E+02 -0.36938E+02      298.00
  0.17786E-01  0.76829E+03   -0.97500E-02 -0.97500E-02  0.19500E-01  0.00000E+00  0.00000E+00  0.00000E+00   -0.67492E+02 -0.39712E+03  0.46462E+03 -0.77336E+02 -0.18136E+02 -0.37154E+02      298.00
  0.18240E-01  0.77364E+03   -0.10000E-01 -0.10000E-01  0.20000E-01  0.00000E+00  0.00000E+00  0.00000E+00   -0.67795E+02 -0.39989E+03  0.46769E+03 -0.78438E+02 -0.18283E+02 -0.37386E+02      298.00
  0.18693E-01  0.77889E+03   -0.10250E-01 -0.10250E-01  0.20500E-01  0.00000E+00  0.00000E+00  0.00000E+00   -0.68096E+02 -0.40261E+03  0.47070E+03 -0.79537E+02 -0.18435E+02 -0.37616E+02      298.00
  0.19146E-01  0.78406E+03   -0.10500E-01 -0.10500E-01  0.21000E-01  0.00000E+00  0.00000E+00  0.00000E+00   -0.68395E+02 -0.40527E+03  0.47366E+03 -0.80633E+02 -0.18589E+02 -0.37842E+02      298.00
  0.19599E-01  0.78914E+03   -0.10750E-01 -0.10750E-01  0.21500E-01  0.00000E+00  0.00000E+00  0.00000E+00   -0.68692E+02 -0.40788E+03  0.47657E+03 -0.81729E+02 -0.18741E+02 -0.38062E+02      298.00
  0.20052E-01  0.79414E+03   -0.11000E-01 -0.11000E-01  0.22000E-01  0.00000E+00  0.00000E+00  0.00000E+00   -0.68987E+02 -0.41044E+03  0.47943E+03 -0.82822E+02 -0.18892E+02 -0.38276E+02      298.00
  0.20505E-01  0.79905E+03   -0.11250E-01 -0.11250E-01  0.22500E-01  0.00000E+00  0.00000E+00  0.00000E+00   -0.69279E+02 -0.41296E+03  0.48224E+03 -0.83915E+02 -0.19041E+02 -0.38482E+02      298.00
  0.20958E-01  0.80388E+03   -0.11500E-01 -0.11500E-01  0.23000E-01  0.00000E+00  0.00000E+00  0.00000E+00   -0.69569E+02 -0.41542E+03  0.48499E+03 -0.85005E+02 -0.19185E+02 -0.38680E+02      298.00
  0.21410E-01  0.80863E+03   -0.11750E-01 -0.11750E-01  0.23500E-01  0.00000E+00  0.00000E+00  0.00000E+00   -0.69856E+02 -0.41784E+03  0.48770E+03 -0.86095E+02 -0.19321E+02 -0.38867E+02      298.00
  0.21863E-01  0.81224E+03   -0.12000E-01 -0.12000E-01  0.24000E-01  0.00000E+00  0.00000E+00  0.00000E+00   -0.70320E+02 -0.41954E+03  0.48986E+03 -0.86838E+02 -0.19546E+02 -0.39058E+02      298.00
  0.22315E-01  0.81792E+03   -0.12250E-01 -0.12250E-01  0.24500E-01  0.00000E+00  0.00000E+00  0.00000E+00   -0.70433E+02 -0.42256E+03  0.49299E+03 -0.88271E+02 -0.19665E+02 -0.39288E+02      298.00
  0.22767E-01  0.82240E+03   -0.12500E-01 -0.12500E-01  0.25000E-01  0.00000E+00  0.00000E+00  0.00000E+00   -0.70710E+02 -0.42483E+03  0.49554E+03 -0.89352E+02 -0.19765E+02 -0.39428E+02      298.00
          Evm          Svm            E11          E22          E33          E23          E13          E12         SDEV11       SDEV22       SDEV33       SDEV23       SDEV13       SDEV12      TEMP
  0.22767E-01  0.82188E+03   -0.12500E-01 -0.12500E-01  0.25000E-01  0.00000E+00  0.00000E+00  0.00000E+00   -0.70836E+02 -0.42446E+03  0.49529E+03 -0.89156E+02 -0.19982E+02 -0.39573E+02      298.00
  0.23219E-01  0.82686E+03   -0.12750E-01 -0.12750E-01  0.25500E-01  0.00000E+00  0.00000E+00  0.00000E+00   -0.71001E+02 -0.42707E+03  0.49807E+03 -0.90432E+02 -0.19974E+02 -0.39657E+02      298.00
  0.23671E-01  0.83120E+03   -0.13000E-01 -0.13000E-01  0.26000E-01  0.00000E+00  0.00000E+00  0.00000E+00   -0.71284E+02 -0.42925E+03  0.50054E+03 -0.91507E+02 -0.20061E+02 -0.39791E+02      298.00
  0.24122E-01  0.83549E+03   -0.13250E-01 -0.13250E-01  0.26500E-01  0.00000E+00  0.00000E+00  0.00000E+00   -0.71562E+02 -0.43140E+03  0.50297E+03 -0.92587E+02 -0.20242E+02 -0.39983E+02      298.00
  0.24574E-01  0.83971E+03   -0.13500E-01 -0.13500E-01  0.27000E-01  0.00000E+00  0.00000E+00  0.00000E+00   -0.71861E+02 -0.43349E+03  0.50535E+03 -0.93648E+02 -0.20486E+02 -0.40225E+02      298.00
  0.25025E-01  0.84386E+03   -0.13750E-01 -0.13750E-01  0.27500E-01  0.00000E+00  0.00000E+00  0.00000E+00   -0.72151E+02 -0.43555E+03  0.50770E+03 -0.94713E+02 -0.20690E+02 -0.40431E+02      298.00
  0.25476E-01  0.84793E+03   -0.14000E-01 -0.14000E-01  0.28000E-01  0.00000E+00  0.00000E+00  0.00000E+00   -0.72434E+02 -0.43756E+03  0.51000E+03 -0.95778E+02 -0.20866E+02 -0.40609E+02      298.00
  0.25928E-01  0.85193E+03   -0.14250E-01 -0.14250E-01  0.28500E-01  0.00000E+00  0.00000E+00  0.00000E+00   -0.72715E+02 -0.43954E+03  0.51226E+03 -0.96842E+02 -0.21030E+02 -0.40774E+02      298.00
  0.26378E-01  0.85587E+03   -0.14500E-01 -0.14500E-01  0.29000E-01  0.00000E+00  0.00000E+00  0.00000E+00   -0.72994E+02 -0.44148E+03  0.51448E+03 -0.97904E+02 -0.21190E+02 -0.40932E+02      298.00
  0.26829E-01  0.85974E+03   -0.14750E-01 -0.14750E-01  0.29500E-01  0.00000E+00  0.00000E+00  0.00000E+00   -0.73272E+02 -0.44339E+03  0.51666E+03 -0.98964E+02 -0.21348E+02 -0.41084E+02      298.00
  0.27280E-01  0.86355E+03   -0.15000E-01 -0.15000E-01  0.30000E-01  0.00000E+00  0.00000E+00  0.00000E+00   -0.73549E+02 -0.44525E+03  0.51880E+03 -0.10002E+03 -0.21505E+02 -0.41232E+02      298.00
  0.27731E-01  0.86729E+03   -0.15250E-01 -0.15250E-01  0.30500E-01  0.00000E+00  0.00000E+00  0.00000E+00   -0.73825E+02 -0.44708E+03  0.52090E+03 -0.10108E+03 -0.21662E+02 -0.41375E+02      298.00
  0.28181E-01  0.87097E+03   -0.15500E-01 -0.15500E-01  0.31000E-01  0.00000E+00  0.00000E+00  0.00000E+00   -0.74100E+02 -0.44886E+03  0.52296E+03 -0.10213E+03 -0.21818E+02 -0.41514E+02      298.00
  0.28631E-01  0.87458E+03   -0.15750E-01 -0.15750E-01  0.31500E-01  0.00000E+00  0.00000E+00  0.00000E+00   -0.74374E+02 -0.45062E+03  0.52499E+03 -0.10318E+03 -0.21974E+02 -0.41650E+02      298.00
  0.29082E-01  0.87814E+03   -0.16000E-01 -0.16000E-01  0.32000E-01  0.00000E+00  0.00000E+00  0.00000E+00   -0.74647E+02 -0.45233E+03  0.52698E+03 -0.10423E+03 -0.22130E+02 -0.41781E+02      298.00
  0.29532E-01  0.88163E+03   -0.16250E-01 -0.16250E-01  0.32500E-01  0.00000E+00  0.00000E+00  0.00000E+00   -0.74920E+02 -0.45401E+03  0.52893E+03 -0.10527E+03 -0.22286E+02 -0.41909E+02      298.00
  0.29982E-01  0.88507E+03   -0.16500E-01 -0.16500E-01  0.33000E-01  0.00000E+00  0.00000E+00  0.00000E+00   -0.75191E+02 -0.45566E+03  0.53085E+03 -0.10631E+03 -0.22442E+02 -0.42034E+02      298.00
  0.30431E-01  0.88844E+03   -0.16750E-01 -0.16750E-01  0.33500E-01  0.00000E+00  0.00000E+00  0.00000E+00   -0.75462E+02 -0.45727E+03  0.53273E+03 -0.10736E+03 -0.22597E+02 -0.42155E+02      298.00
  0.30881E-01  0.89176E+03   -0.17000E-01 -0.17000E-01  0.34000E-01  0.00000E+00  0.00000E+00  0.00000E+00   -0.75733E+02 -0.45885E+03  0.53458E+03 -0.10839E+03 -0.22753E+02 -0.42272E+02      298.00
  0.31331E-01  0.89503E+03   -0.17250E-01 -0.17250E-01  0.34500E-01  0.00000E+00  0.00000E+00  0.00000E+00   -0.76002E+02 -0.46039E+03  0.53640E+03 -0.10943E+03 -0.22908E+02 -0.42385E+02      298.00
  0.31780E-01  0.89824E+03   -0.17500E-01 -0.17500E-01  0.35000E-01  0.00000E+00  0.00000E+00  0.00000E+00   -0.76271E+02 -0.46191E+03  0.53818E+03 -0.11046E+03 -0.23063E+02 -0.42496E+02      298.00
  0.32230E-01  0.90139E+03   -0.17750E-01 -0.17750E-01  0.35500E-01  0.00000E+00  0.00000E+00  0.00000E+00   -0.76539E+02 -0.46339E+03  0.53992E+03 -0.11149E+03 -0.23217E+02 -0.42603E+02      298.00
  0.32679E-01  0.90449E+03   -0.18000E-01 -0.18000E-01  0.36000E-01  0.00000E+00  0.00000E+00  0.00000E+00   -0.76806E+02 -0.46483E+03  0.54164E+03 -0.11252E+03 -0.23372E+02 -0.42707E+02      298.00
  0.33128E-01  0.90754E+03   -0.18250E-01 -0.18250E-01  0.36500E-01  0.00000E+00  0.00000E+00  0.00000E+00   -0.77073E+02 -0.46625E+03  0.54333E+03 -0.11354E+03 -0.23526E+02 -0.42807E+02      298.00
  0.33577E-01  0.91054E+03   -0.18500E-01 -0.18500E-01  0.37000E-01  0.00000E+00  0.00000E+00  0.00000E+00   -0.77339E+02 -0.46764E+03  0.54498E+03 -0.11456E+03 -0.23680E+02 -0.42905E+02      298.00
  0.34026E-01  0.91313E+03   -0.18750E-01 -0.18750E-01  0.37500E-01  0.00000E+00  0.00000E+00  0.00000E+00   -0.77588E+02 -0.46882E+03  0.54641E+03 -0.11550E+03 -0.23785E+02 -0.42954E+02      298.00
  0.34475E-01  0.91603E+03   -0.19000E-01 -0.19000E-01  0.38000E-01  0.00000E+00  0.00000E+00  0.00000E+00   -0.77853E+02 -0.47015E+03  0.54800E+03 -0.11651E+03 -0.23934E+02 -0.43042E+02      298.00
  0.34923E-01  0.91889E+03   -0.19250E-01 -0.19250E-01  0.38500E-01  0.00000E+00  0.00000E+00  0.00000E+00   -0.78117E+02 -0.47145E+03  0.54957E+03 -0.11753E+03 -0.24085E+02 -0.43128E+02      298.00
  0.35372E-01  0.92169E+03   -0.19500E-01 -0.19500E-01  0.39000E-01  0.00000E+00  0.00000E+00  0.00000E+00   -0.78380E+02 -0.47273E+03  0.55111E+03 -0.11854E+03 -0.24235E+02 -0.43211E+02      298.00
  0.35820E-01  0.92445E+03   -0.19750E-01 -0.19750E-01  0.39500E-01  0.00000E+00  0.00000E+00  0.00000E+00   -0.78643E+02 -0.47397E+03  0.55262E+03 -0.11955E+03 -0.24385E+02 -0.43291E+02      298.00
  0.36269E-01  0.92717E+03   -0.20000E-01 -0.20000E-01  0.40000E-01  0.00000E+00  0.00000E+00  0.00000E+00   -0.78905E+02 -0.47519E+03  0.55410E+03 -0.12056E+03 -0.24535E+02 -0.43368E+02      298.00
  0.36717E-01  0.92983E+03   -0.20250E-01 -0.20250E-01  0.40500E-01  0.00000E+00  0.00000E+00  0.00000E+00   -0.79166E+02 -0.47638E+03  0.55555E+03 -0.12156E+03 -0.24684E+02 -0.43443E+02      298.00
  0.37165E-01  0.93281E+03   -0.20500E-01 -0.20500E-01  0.41000E-01  0.00000E+00  0.00000E+00  0.00000E+00   -0.79519E+02 -0.47769E+03  0.55721E+03 -0.12261E+03 -0.24853E+02 -0.43514E+02      298.00
  0.37613E-01  0.93503E+03   -0.20750E-01 -0.20750E-01  0.41500E-01  0.00000E+00  0.00000E+00  0.00000E+00   -0.79683E+02 -0.47869E+03  0.55837E+03 -0.12357E+03 -0.24984E+02 -0.43586E+02      298.00
  0.38061E-01  0.93790E+03   -0.21000E-01 -0.21000E-01  0.42000E-01  0.00000E+00  0.00000E+00  0.00000E+00   -0.80036E+02 -0.47993E+03  0.55997E+03 -0.12461E+03 -0.25153E+02 -0.43652E+02      298.00
  0.38509E-01  0.94006E+03   -0.21250E-01 -0.21250E-01  0.42500E-01  0.00000E+00  0.00000E+00  0.00000E+00   -0.80202E+02 -0.48089E+03  0.56109E+03 -0.12555E+03 -0.25284E+02 -0.43717E+02      298.00
  0.38956E-01  0.94282E+03   -0.21500E-01 -0.21500E-01  0.43000E-01  0.00000E+00  0.00000E+00  0.00000E+00   -0.80551E+02 -0.48207E+03  0.56262E+03 -0.12659E+03 -0.25452E+02 -0.43779E+02      298.00
  0.39404E-01  0.94525E+03   -0.21750E-01 -0.21750E-01  0.43500E-01  0.00000E+00  0.00000E+00  0.00000E+00   -0.80806E+02 -0.48312E+03  0.56393E+03 -0.12759E+03 -0.25605E+02 -0.43842E+02      298.00
  0.39851E-01  0.94761E+03   -0.22000E-01 -0.22000E-01  0.44000E-01  0.00000E+00  0.00000E+00  0.00000E+00   -0.81062E+02 -0.48413E+03  0.56520E+03 -0.12857E+03 -0.25755E+02 -0.43901E+02      298.00
  0.40299E-01  0.94993E+03   -0.22250E-01 -0.22250E-01  0.44500E-01  0.00000E+00  0.00000E+00  0.00000E+00   -0.81317E+02 -0.48512E+03  0.56644E+03 -0.12955E+03 -0.25906E+02 -0.43956E+02      298.00
  0.40746E-01  0.95220E+03   -0.22500E-01 -0.22500E-01  0.45000E-01  0.00000E+00  0.00000E+00  0.00000E+00   -0.81572E+02 -0.48608E+03  0.56765E+03 -0.13053E+03 -0.26056E+02 -0.44010E+02      298.00
  0.41193E-01  0.95444E+03   -0.22750E-01 -0.22750E-01  0.45500E-01  0.00000E+00  0.00000E+00  0.00000E+00   -0.81827E+02 -0.48702E+03  0.56884E+03 -0.13151E+03 -0.26206E+02 -0.44061E+02      298.00
  0.41640E-01  0.95665E+03   -0.23000E-01 -0.23000E-01  0.46000E-01  0.00000E+00  0.00000E+00  0.00000E+00   -0.82081E+02 -0.48793E+03  0.57001E+03 -0.13248E+03 -0.26356E+02 -0.44111E+02      298.00
  0.42087E-01  0.95881E+03   -0.23250E-01 -0.23250E-01  0.46500E-01  0.00000E+00  0.00000E+00  0.00000E+00   -0.82335E+02 -0.48883E+03  0.57116E+03 -0.13345E+03 -0.26506E+02 -0.44158E+02      298.00
  0.42534E-01  0.96094E+03   -0.23500E-01 -0.23500E-01  0.47000E-01  0.00000E+00  0.00000E+00  0.00000E+00   -0.82588E+02 -0.48970E+03  0.57229E+03 -0.13442E+03 -0.26656E+02 -0.44203E+02      298.00
  0.42980E-01  0.96303E+03   -0.23750E-01 -0.23750E-01  0.47500E-01  0.00000E+00  0.00000E+00  0.00000E+00   -0.82841E+02 -0.49055E+03  0.57339E+03 -0.13538E+03 -0.26806E+02 -0.44245E+02      298.00
  0.43427E-01  0.96509E+03   -0.24000E-01 -0.24000E-01  0.48000E-01  0.00000E+00  0.00000E+00  0.00000E+00   -0.83093E+02 -0.49138E+03  0.57447E+03 -0.13635E+03 -0.26956E+02 -0.44286E+02      298.00
  0.43873E-01  0.96711E+03   -0.24250E-01 -0.24250E-01  0.48500E-01  0.00000E+00  0.00000E+00  0.00000E+00   -0.83345E+02 -0.49219E+03  0.57553E+03 -0.13731E+03 -0.27105E+02 -0.44325E+02      298.00
  0.44320E-01  0.96910E+03   -0.24500E-01 -0.24500E-01  0.49000E-01  0.00000E+00  0.00000E+00  0.00000E+00   -0.83595E+02 -0.49298E+03  0.57657E+03 -0.13826E+03 -0.27254E+02 -0.44362E+02      298.00
  0.44766E-01  0.97105E+03   -0.24750E-01 -0.24750E-01  0.49500E-01  0.00000E+00  0.00000E+00  0.00000E+00   -0.83846E+02 -0.49374E+03  0.57759E+03 -0.13922E+03 -0.27403E+02 -0.44397E+02      298.00
  0.45212E-01  0.97298E+03   -0.25000E-01 -0.25000E-01  0.50000E-01  0.00000E+00  0.00000E+00  0.00000E+00   -0.84096E+02 -0.49449E+03  0.57859E+03 -0.14017E+03 -0.27552E+02 -0.44430E+02      298.00
          Evm          Svm            E11          E22          E33          E23          E13          E12         SDEV11       SDEV22       SDEV33       SDEV23       SDEV13       SDEV12      TEMP
  0.45212E-01  0.97267E+03   -0.25000E-01 -0.25000E-01  0.50000E-01  0.00000E+00  0.00000E+00  0.00000E+00   -0.84078E+02 -0.49435E+03  0.57843E+03 -0.14008E+03 -0.27497E+02 -0.44387E+02      298.00
  0.45658E-01  0.97485E+03   -0.25250E-01 -0.25250E-01  0.50500E-01  0.00000E+00  0.00000E+00  0.00000E+00   -0.84347E+02 -0.49521E+03  0.57956E+03 -0.14111E+03 -0.27696E+02 -0.44456E+02      298.00
  0.46104E-01  0.97673E+03   -0.25500E-01 -0.25500E-01  0.51000E-01  0.00000E+00  0.00000E+00  0.00000E+00   -0.84596E+02 -0.49593E+03  0.58053E+03 -0.14207E+03 -0.27848E+02 -0.44488E+02      298.00
  0.46550E-01  0.97855E+03   -0.25750E-01 -0.25750E-01  0.51500E-01  0.00000E+00  0.00000E+00  0.00000E+00   -0.84845E+02 -0.49663E+03  0.58147E+03 -0.14301E+03 -0.27997E+02 -0.44516E+02      298.00
  0.46995E-01  0.98035E+03   -0.26000E-01 -0.26000E-01  0.52000E-01  0.00000E+00  0.00000E+00  0.00000E+00   -0.85094E+02 -0.49730E+03  0.58239E+03 -0.14395E+03 -0.28146E+02 -0.44541E+02      298.00
  0.47441E-01  0.98212E+03   -0.26250E-01 -0.26250E-01  0.52500E-01  0.00000E+00  0.00000E+00  0.00000E+00   -0.85342E+02 -0.49795E+03  0.58330E+03 -0.14489E+03 -0.28294E+02 -0.44565E+02      298.00
  0.47886E-01  0.98385E+03   -0.26500E-01 -0.26500E-01  0.53000E-01  0.00000E+00  0.00000E+00  0.00000E+00   -0.85590E+02 -0.49859E+03  0.58418E+03 -0.14583E+03 -0.28442E+02 -0.44587E+02      298.00
  0.48332E-01  0.98556E+03   -0.26750E-01 -0.26750E-01  0.53500E-01  0.00000E+00  0.00000E+00  0.00000E+00   -0.85837E+02 -0.49921E+03  0.58505E+03 -0.14676E+03 -0.28591E+02 -0.44608E+02      298.00
  0.48777E-01  0.98724E+03   -0.27000E-01 -0.27000E-01  0.54000E-01  0.00000E+00  0.00000E+00  0.00000E+00   -0.86084E+02 -0.49981E+03  0.58590E+03 -0.14769E+03 -0.28739E+02 -0.44627E+02      298.00
  0.49222E-01  0.98889E+03   -0.27250E-01 -0.27250E-01  0.54500E-01  0.00000E+00  0.00000E+00  0.00000E+00   -0.86331E+02 -0.50040E+03  0.58673E+03 -0.14862E+03 -0.28887E+02 -0.44644E+02      298.00
  0.49667E-01  0.98943E+03   -0.27500E-01 -0.27500E-01  0.55000E-01  0.00000E+00  0.00000E+00  0.00000E+00   -0.86718E+02 -0.50034E+03  0.58706E+03 -0.14913E+03 -0.29026E+02 -0.44603E+02      298.00
  0.50112E-01  0.99103E+03   -0.27750E-01 -0.27750E-01  0.55500E-01  0.00000E+00  0.00000E+00  0.00000E+00   -0.86965E+02 -0.50089E+03  0.58786E+03 -0.15006E+03 -0.29174E+02 -0.44618E+02      298.00
  0.50557E-01  0.99261E+03   -0.28000E-01 -0.28000E-01  0.56000E-01  0.00000E+00  0.00000E+00  0.00000E+00   -0.87209E+02 -0.50144E+03  0.58865E+03 -0.15098E+03 -0.29320E+02 -0.44631E+02      298.00
  0.51002E-01  0.99417E+03   -0.28250E-01 -0.28250E-01  0.56500E-01  0.00000E+00  0.00000E+00  0.00000E+00   -0.87453E+02 -0.50197E+03  0.58942E+03 -0.15190E+03 -0.29466E+02 -0.44641E+02      298.00
  0.51446E-01  0.99570E+03   -0.28500E-01 -0.28500E-01  0.57000E-01  0.00000E+00  0.00000E+00  0.00000E+00   -0.87696E+02 -0.50249E+03  0.59018E+03 -0.15282E+03 -0.29611E+02 -0.44650E+02      298.00
  0.51891E-01  0.99721E+03   -0.28750E-01 -0.28750E-01  0.57500E-01  0.00000E+00  0.00000E+00  0.00000E+00   -0.87939E+02 -0.50299E+03  0.59093E+03 -0.15374E+03 -0.29756E+02 -0.44658E+02      298.00
  0.52335E-01  0.99869E+03   -0.29000E-01 -0.29000E-01  0.58000E-01  0.00000E+00  0.00000E+00  0.00000E+00   -0.88182E+02 -0.50347E+03  0.59165E+03 -0.15466E+03 -0.29900E+02 -0.44664E+02      298.00
  0.52780E-01  0.10002E+04   -0.29250E-01 -0.29250E-01  0.58500E-01  0.00000E+00  0.00000E+00  0.00000E+00   -0.88424E+02 -0.50394E+03  0.59236E+03 -0.15557E+03 -0.30045E+02 -0.44668E+02      298.00
  0.53224E-01  0.10016E+04   -0.29500E-01 -0.29500E-01  0.59000E-01  0.00000E+00  0.00000E+00  0.00000E+00   -0.88665E+02 -0.50439E+03  0.59306E+03 -0.15648E+03 -0.30189E+02 -0.44672E+02      298.00
  0.53668E-01  0.10030E+04   -0.29750E-01 -0.29750E-01  0.59500E-01  0.00000E+00  0.00000E+00  0.00000E+00   -0.88907E+02 -0.50483E+03  0.59374E+03 -0.15739E+03 -0.30333E+02 -0.44673E+02      298.00
  0.54112E-01  0.10044E+04   -0.30000E-01 -0.30000E-01  0.60000E-01  0.00000E+00  0.00000E+00  0.00000E+00   -0.89148E+02 -0.50526E+03  0.59441E+03 -0.15830E+03 -0.30477E+02 -0.44674E+02      298.00
  0.54556E-01  0.10057E+04   -0.30250E-01 -0.30250E-01  0.60500E-01  0.00000E+00  0.00000E+00  0.00000E+00   -0.89388E+02 -0.50567E+03  0.59506E+03 -0.15920E+03 -0.30621E+02 -0.44673E+02      298.00
  0.54999E-01  0.10071E+04   -0.30500E-01 -0.30500E-01  0.61000E-01  0.00000E+00  0.00000E+00  0.00000E+00   -0.89629E+02 -0.50607E+03  0.59570E+03 -0.16010E+03 -0.30764E+02 -0.44671E+02      298.00
  0.55443E-01  0.10084E+04   -0.30750E-01 -0.30750E-01  0.61500E-01  0.00000E+00  0.00000E+00  0.00000E+00   -0.89869E+02 -0.50645E+03  0.59632E+03 -0.16100E+03 -0.30908E+02 -0.44667E+02      298.00
  0.55887E-01  0.10097E+04   -0.31000E-01 -0.31000E-01  0.62000E-01  0.00000E+00  0.00000E+00  0.00000E+00   -0.90108E+02 -0.50682E+03  0.59693E+03 -0.16189E+03 -0.31051E+02 -0.44663E+02      298.00
  0.56330E-01  0.10110E+04   -0.31250E-01 -0.31250E-01  0.62500E-01  0.00000E+00  0.00000E+00  0.00000E+00   -0.90348E+02 -0.50718E+03  0.59753E+03 -0.16279E+03 -0.31194E+02 -0.44657E+02      298.00
  0.56773E-01  0.10136E+04   -0.31500E-01 -0.31500E-01  0.63000E-01  0.00000E+00  0.00000E+00  0.00000E+00   -0.90360E+02 -0.50833E+03  0.59869E+03 -0.16424E+03 -0.31571E+02 -0.44910E+02      298.00
  0.57216E-01  0.10147E+04   -0.31750E-01 -0.31750E-01  0.63500E-01  0.00000E+00  0.00000E+00  0.00000E+00   -0.90643E+02 -0.50853E+03  0.59918E+03 -0.16504E+03 -0.31762E+02 -0.44924E+02      298.00
  0.57659E-01  0.10159E+04   -0.32000E-01 -0.32000E-01  0.64000E-01  0.00000E+00  0.00000E+00  0.00000E+00   -0.90880E+02 -0.50886E+03  0.59974E+03 -0.16594E+03 -0.31917E+02 -0.44925E+02      298.00
  0.58102E-01  0.10171E+04   -0.32250E-01 -0.32250E-01  0.64500E-01  0.00000E+00  0.00000E+00  0.00000E+00   -0.91121E+02 -0.50915E+03  0.60027E+03 -0.16681E+03 -0.32059E+02 -0.44912E+02      298.00
  0.58545E-01  0.10182E+04   -0.32500E-01 -0.32500E-01  0.65000E-01  0.00000E+00  0.00000E+00  0.00000E+00   -0.91360E+02 -0.50944E+03  0.60080E+03 -0.16769E+03 -0.32197E+02 -0.44896E+02      298.00
  0.58987E-01  0.10194E+04   -0.32750E-01 -0.32750E-01  0.65500E-01  0.00000E+00  0.00000E+00  0.00000E+00   -0.91599E+02 -0.50971E+03  0.60131E+03 -0.16857E+03 -0.32333E+02 -0.44878E+02      298.00
  0.59430E-01  0.10205E+04   -0.33000E-01 -0.33000E-01  0.66000E-01  0.00000E+00  0.00000E+00  0.00000E+00   -0.91837E+02 -0.50998E+03  0.60181E+03 -0.16944E+03 -0.32470E+02 -0.44860E+02      298.00
  0.59872E-01  0.10216E+04   -0.33250E-01 -0.33250E-01  0.66500E-01  0.00000E+00  0.00000E+00  0.00000E+00   -0.92075E+02 -0.51023E+03  0.60230E+03 -0.17031E+03 -0.32607E+02 -0.44840E+02      298.00
  0.60314E-01  0.10226E+04   -0.33500E-01 -0.33500E-01  0.67000E-01  0.00000E+00  0.00000E+00  0.00000E+00   -0.92313E+02 -0.51047E+03  0.60278E+03 -0.17118E+03 -0.32744E+02 -0.44820E+02      298.00
  0.60756E-01  0.10237E+04   -0.33750E-01 -0.33750E-01  0.67500E-01  0.00000E+00  0.00000E+00  0.00000E+00   -0.92550E+02 -0.51069E+03  0.60325E+03 -0.17204E+03 -0.32881E+02 -0.44799E+02      298.00
  0.61198E-01  0.10248E+04   -0.34000E-01 -0.34000E-01  0.68000E-01  0.00000E+00  0.00000E+00  0.00000E+00   -0.92788E+02 -0.51091E+03  0.60370E+03 -0.17291E+03 -0.33018E+02 -0.44777E+02      298.00
  0.61640E-01  0.10258E+04   -0.34250E-01 -0.34250E-01  0.68500E-01  0.00000E+00  0.00000E+00  0.00000E+00   -0.93025E+02 -0.51112E+03  0.60414E+03 -0.17377E+03 -0.33156E+02 -0.44755E+02      298.00
  0.62082E-01  0.10268E+04   -0.34500E-01 -0.34500E-01  0.69000E-01  0.00000E+00  0.00000E+00  0.00000E+00   -0.93261E+02 -0.51132E+03  0.60458E+03 -0.17462E+03 -0.33293E+02 -0.44732E+02      298.00
  0.62523E-01  0.10278E+04   -0.34750E-01 -0.34750E-01  0.69500E-01  0.00000E+00  0.00000E+00  0.00000E+00   -0.93498E+02 -0.51150E+03  0.60500E+03 -0.17548E+03 -0.33431E+02 -0.44708E+02      298.00
  0.62965E-01  0.10288E+04   -0.35000E-01 -0.35000E-01  0.70000E-01  0.00000E+00  0.00000E+00  0.00000E+00   -0.93734E+02 -0.51168E+03  0.60541E+03 -0.17633E+03 -0.33569E+02 -0.44684E+02      298.00
  0.63406E-01  0.10297E+04   -0.35250E-01 -0.35250E-01  0.70500E-01  0.00000E+00  0.00000E+00  0.00000E+00   -0.93970E+02 -0.51184E+03  0.60581E+03 -0.17719E+03 -0.33707E+02 -0.44659E+02      298.00
  0.63847E-01  0.10307E+04   -0.35500E-01 -0.35500E-01  0.71000E-01  0.00000E+00  0.00000E+00  0.00000E+00   -0.94205E+02 -0.51200E+03  0.60620E+03 -0.17804E+03 -0.33845E+02 -0.44633E+02      298.00
  0.64288E-01  0.10316E+04   -0.35750E-01 -0.35750E-01  0.71500E-01  0.00000E+00  0.00000E+00  0.00000E+00   -0.94440E+02 -0.51215E+03  0.60659E+03 -0.17888E+03 -0.33983E+02 -0.44606E+02      298.00
  0.64729E-01  0.10325E+04   -0.36000E-01 -0.36000E-01  0.72000E-01  0.00000E+00  0.00000E+00  0.00000E+00   -0.94675E+02 -0.51228E+03  0.60696E+03 -0.17973E+03 -0.34121E+02 -0.44579E+02      298.00
  0.65170E-01  0.10334E+04   -0.36250E-01 -0.36250E-01  0.72500E-01  0.00000E+00  0.00000E+00  0.00000E+00   -0.94910E+02 -0.51241E+03  0.60732E+03 -0.18057E+03 -0.34260E+02 -0.44552E+02      298.00
  0.65611E-01  0.10343E+04   -0.36500E-01 -0.36500E-01  0.73000E-01  0.00000E+00  0.00000E+00  0.00000E+00   -0.95144E+02 -0.51253E+03  0.60767E+03 -0.18141E+03 -0.34398E+02 -0.44523E+02      298.00
  0.66052E-01  0.10351E+04   -0.36750E-01 -0.36750E-01  0.73500E-01  0.00000E+00  0.00000E+00  0.00000E+00   -0.95379E+02 -0.51264E+03  0.60801E+03 -0.18225E+03 -0.34536E+02 -0.44494E+02      298.00
  0.66492E-01  0.10360E+04   -0.37000E-01 -0.37000E-01  0.74000E-01  0.00000E+00  0.00000E+00  0.00000E+00   -0.95612E+02 -0.51273E+03  0.60835E+03 -0.18309E+03 -0.34675E+02 -0.44465E+02      298.00
  0.66933E-01  0.10368E+04   -0.37250E-01 -0.37250E-01  0.74500E-01  0.00000E+00  0.00000E+00  0.00000E+00   -0.95846E+02 -0.51283E+03  0.60867E+03 -0.18392E+03 -0.34813E+02 -0.44435E+02      298.00
  0.67373E-01  0.10377E+04   -0.37500E-01 -0.37500E-01  0.75000E-01  0.00000E+00  0.00000E+00  0.00000E+00   -0.96079E+02 -0.51291E+03  0.60899E+03 -0.18475E+03 -0.34951E+02 -0.44404E+02      298.00
          Evm          Svm            E11          E22          E33          E23          E13          E12         SDEV11       SDEV22       SDEV33       SDEV23       SDEV13       SDEV12      TEMP
  0.67373E-01  0.10372E+04   -0.37500E-01 -0.37500E-01  0.75000E-01  0.00000E+00  0.00000E+00  0.00000E+00   -0.96117E+02 -0.51271E+03  0.60883E+03 -0.18460E+03 -0.34650E+02 -0.44164E+02      298.00
  0.67813E-01  0.10385E+04   -0.37750E-01 -0.37750E-01  0.75500E-01  0.00000E+00  0.00000E+00  0.00000E+00   -0.96286E+02 -0.51303E+03  0.60932E+03 -0.18562E+03 -0.35017E+02 -0.44326E+02      298.00
  0.68253E-01  0.10393E+04   -0.38000E-01 -0.38000E-01  0.76000E-01  0.00000E+00  0.00000E+00  0.00000E+00   -0.96544E+02 -0.51304E+03  0.60959E+03 -0.18641E+03 -0.35209E+02 -0.44326E+02      298.00
  0.68693E-01  0.10401E+04   -0.38250E-01 -0.38250E-01  0.76500E-01  0.00000E+00  0.00000E+00  0.00000E+00   -0.96776E+02 -0.51310E+03  0.60988E+03 -0.18724E+03 -0.35363E+02 -0.44306E+02      298.00
  0.69133E-01  0.10408E+04   -0.38500E-01 -0.38500E-01  0.77000E-01  0.00000E+00  0.00000E+00  0.00000E+00   -0.97009E+02 -0.51315E+03  0.61016E+03 -0.18806E+03 -0.35506E+02 -0.44276E+02      298.00
  0.69573E-01  0.10416E+04   -0.38750E-01 -0.38750E-01  0.77500E-01  0.00000E+00  0.00000E+00  0.00000E+00   -0.97241E+02 -0.51319E+03  0.61043E+03 -0.18888E+03 -0.35645E+02 -0.44243E+02      298.00
  0.70012E-01  0.10423E+04   -0.39000E-01 -0.39000E-01  0.78000E-01  0.00000E+00  0.00000E+00  0.00000E+00   -0.97473E+02 -0.51322E+03  0.61070E+03 -0.18970E+03 -0.35783E+02 -0.44209E+02      298.00
  0.70452E-01  0.10431E+04   -0.39250E-01 -0.39250E-01  0.78500E-01  0.00000E+00  0.00000E+00  0.00000E+00   -0.97704E+02 -0.51325E+03  0.61095E+03 -0.19052E+03 -0.35921E+02 -0.44174E+02      298.00
  0.70891E-01  0.10438E+04   -0.39500E-01 -0.39500E-01  0.79000E-01  0.00000E+00  0.00000E+00  0.00000E+00   -0.97935E+02 -0.51327E+03  0.61120E+03 -0.19133E+03 -0.36059E+02 -0.44138E+02      298.00
  0.71330E-01  0.10445E+04   -0.39750E-01 -0.39750E-01  0.79500E-01  0.00000E+00  0.00000E+00  0.00000E+00   -0.98166E+02 -0.51328E+03  0.61144E+03 -0.19214E+03 -0.36197E+02 -0.44102E+02      298.00
  0.71769E-01  0.10452E+04   -0.40000E-01 -0.40000E-01  0.80000E-01  0.00000E+00  0.00000E+00  0.00000E+00   -0.98396E+02 -0.51328E+03  0.61168E+03 -0.19295E+03 -0.36335E+02 -0.44066E+02      298.00
  0.72208E-01  0.10459E+04   -0.40250E-01 -0.40250E-01  0.80500E-01  0.00000E+00  0.00000E+00  0.00000E+00   -0.98626E+02 -0.51327E+03  0.61190E+03 -0.19376E+03 -0.36472E+02 -0.44029E+02      298.00
  0.72647E-01  0.10465E+04   -0.40500E-01 -0.40500E-01  0.81000E-01  0.00000E+00  0.00000E+00  0.00000E+00   -0.98856E+02 -0.51326E+03  0.61212E+03 -0.19457E+03 -0.36610E+02 -0.43991E+02      298.00
  0.73086E-01  0.10472E+04   -0.40750E-01 -0.40750E-01  0.81500E-01  0.00000E+00  0.00000E+00  0.00000E+00   -0.99085E+02 -0.51324E+03  0.61233E+03 -0.19538E+03 -0.36747E+02 -0.43953E+02      298.00
  0.73524E-01  0.10479E+04   -0.41000E-01 -0.41000E-01  0.82000E-01  0.00000E+00  0.00000E+00  0.00000E+00   -0.99315E+02 -0.51322E+03  0.61253E+03 -0.19618E+03 -0.36885E+02 -0.43915E+02      298.00
  0.73962E-01  0.10485E+04   -0.41250E-01 -0.41250E-01  0.82500E-01  0.00000E+00  0.00000E+00  0.00000E+00   -0.99544E+02 -0.51318E+03  0.61273E+03 -0.19698E+03 -0.37022E+02 -0.43876E+02      298.00
  0.74401E-01  0.10491E+04   -0.41500E-01 -0.41500E-01  0.83000E-01  0.00000E+00  0.00000E+00  0.00000E+00   -0.99772E+02 -0.51314E+03  0.61292E+03 -0.19778E+03 -0.37159E+02 -0.43836E+02      298.00
  0.74839E-01  0.10497E+04   -0.41750E-01 -0.41750E-01  0.83500E-01  0.00000E+00  0.00000E+00  0.00000E+00   -0.10000E+03 -0.51310E+03  0.61310E+03 -0.19857E+03 -0.37296E+02 -0.43796E+02      298.00
  0.75277E-01  0.10504E+04   -0.42000E-01 -0.42000E-01  0.84000E-01  0.00000E+00  0.00000E+00  0.00000E+00   -0.10023E+03 -0.51305E+03  0.61327E+03 -0.19937E+03 -0.37433E+02 -0.43756E+02      298.00
  0.75715E-01  0.10510E+04   -0.42250E-01 -0.42250E-01  0.84500E-01  0.00000E+00  0.00000E+00  0.00000E+00   -0.10046E+03 -0.51299E+03  0.61344E+03 -0.20016E+03 -0.37570E+02 -0.43715E+02      298.00
  0.76153E-01  0.10515E+04   -0.42500E-01 -0.42500E-01  0.85000E-01  0.00000E+00  0.00000E+00  0.00000E+00   -0.10068E+03 -0.51292E+03  0.61361E+03 -0.20095E+03 -0.37707E+02 -0.43674E+02      298.00
  0.76590E-01  0.10521E+04   -0.42750E-01 -0.42750E-01  0.85500E-01  0.00000E+00  0.00000E+00  0.00000E+00   -0.10091E+03 -0.51285E+03  0.61376E+03 -0.20174E+03 -0.37843E+02 -0.43632E+02      298.00
  0.77028E-01  0.10527E+04   -0.43000E-01 -0.43000E-01  0.86000E-01  0.00000E+00  0.00000E+00  0.00000E+00   -0.10114E+03 -0.51277E+03  0.61391E+03 -0.20253E+03 -0.37980E+02 -0.43590E+02      298.00
  0.77465E-01  0.10533E+04   -0.43250E-01 -0.43250E-01  0.86500E-01  0.00000E+00  0.00000E+00  0.00000E+00   -0.10136E+03 -0.51269E+03  0.61405E+03 -0.20332E+03 -0.38116E+02 -0.43547E+02      298.00
  0.77902E-01  0.10538E+04   -0.43500E-01 -0.43500E-01  0.87000E-01  0.00000E+00  0.00000E+00  0.00000E+00   -0.10159E+03 -0.51260E+03  0.61419E+03 -0.20410E+03 -0.38252E+02 -0.43504E+02      298.00
  0.78340E-01  0.10543E+04   -0.43750E-01 -0.43750E-01  0.87500E-01  0.00000E+00  0.00000E+00  0.00000E+00   -0.10182E+03 -0.51250E+03  0.61432E+03 -0.20488E+03 -0.38388E+02 -0.43460E+02      298.00
  0.78777E-01  0.10549E+04   -0.44000E-01 -0.44000E-01  0.88000E-01  0.00000E+00  0.00000E+00  0.00000E+00   -0.10204E+03 -0.51240E+03  0.61444E+03 -0.20566E+03 -0.38524E+02 -0.43416E+02      298.00
  0.79213E-01  0.10554E+04   -0.44250E-01 -0.44250E-01  0.88500E-01  0.00000E+00  0.00000E+00  0.00000E+00   -0.10227E+03 -0.51229E+03  0.61456E+03 -0.20644E+03 -0.38659E+02 -0.43372E+02      298.00
  0.79650E-01  0.10559E+04   -0.44500E-01 -0.44500E-01  0.89000E-01  0.00000E+00  0.00000E+00  0.00000E+00   -0.10249E+03 -0.51218E+03  0.61468E+03 -0.20721E+03 -0.38794E+02 -0.43327E+02      298.00
  0.80087E-01  0.10564E+04   -0.44750E-01 -0.44750E-01  0.89500E-01  0.00000E+00  0.00000E+00  0.00000E+00   -0.10272E+03 -0.51206E+03  0.61478E+03 -0.20799E+03 -0.38929E+02 -0.43281E+02      298.00
  0.80523E-01  0.10569E+04   -0.45000E-01 -0.45000E-01  0.90000E-01  0.00000E+00  0.00000E+00  0.00000E+00   -0.10294E+03 -0.51194E+03  0.61488E+03 -0.20876E+03 -0.39063E+02 -0.43235E+02      298.00
  0.80960E-01  0.10574E+04   -0.45250E-01 -0.45250E-01  0.90500E-01  0.00000E+00  0.00000E+00  0.00000E+00   -0.10317E+03 -0.51181E+03  0.61498E+03 -0.20953E+03 -0.39197E+02 -0.43189E+02      298.00
  0.81396E-01  0.10579E+04   -0.45500E-01 -0.45500E-01  0.91000E-01  0.00000E+00  0.00000E+00  0.00000E+00   -0.10339E+03 -0.51168E+03  0.61507E+03 -0.21030E+03 -0.39331E+02 -0.43141E+02      298.00
  0.81832E-01  0.10584E+04   -0.45750E-01 -0.45750E-01  0.91500E-01  0.00000E+00  0.00000E+00  0.00000E+00   -0.10361E+03 -0.51154E+03  0.61515E+03 -0.21106E+03 -0.39463E+02 -0.43093E+02      298.00
  0.82268E-01  0.10588E+04   -0.46000E-01 -0.46000E-01  0.92000E-01  0.00000E+00  0.00000E+00  0.00000E+00   -0.10384E+03 -0.51140E+03  0.61523E+03 -0.21183E+03 -0.39595E+02 -0.43045E+02      298.00
  0.82704E-01  0.10593E+04   -0.46250E-01 -0.46250E-01  0.92500E-01  0.00000E+00  0.00000E+00  0.00000E+00   -0.10406E+03 -0.51125E+03  0.61531E+03 -0.21259E+03 -0.39726E+02 -0.42995E+02      298.00
  0.83139E-01  0.10597E+04   -0.46500E-01 -0.46500E-01  0.93000E-01  0.00000E+00  0.00000E+00  0.00000E+00   -0.10428E+03 -0.51110E+03  0.61538E+03 -0.21336E+03 -0.39856E+02 -0.42944E+02      298.00
  0.83575E-01  0.10602E+04   -0.46750E-01 -0.46750E-01  0.93500E-01  0.00000E+00  0.00000E+00  0.00000E+00   -0.10450E+03 -0.51094E+03  0.61544E+03 -0.21412E+03 -0.39984E+02 -0.42892E+02      298.00
  0.84010E-01  0.10606E+04   -0.47000E-01 -0.47000E-01  0.94000E-01  0.00000E+00  0.00000E+00  0.00000E+00   -0.10472E+03 -0.51077E+03  0.61550E+03 -0.21487E+03 -0.40111E+02 -0.42839E+02      298.00
  0.84445E-01  0.10610E+04   -0.47250E-01 -0.47250E-01  0.94500E-01  0.00000E+00  0.00000E+00  0.00000E+00   -0.10494E+03 -0.51061E+03  0.61555E+03 -0.21563E+03 -0.40236E+02 -0.42785E+02      298.00
  0.84880E-01  0.10615E+04   -0.47500E-01 -0.47500E-01  0.95000E-01  0.00000E+00  0.00000E+00  0.00000E+00   -0.10516E+03 -0.51044E+03  0.61560E+03 -0.21639E+03 -0.40359E+02 -0.42729E+02      298.00
  0.85315E-01  0.10619E+04   -0.47750E-01 -0.47750E-01  0.95500E-01  0.00000E+00  0.00000E+00  0.00000E+00   -0.10538E+03 -0.51026E+03  0.61565E+03 -0.21714E+03 -0.40480E+02 -0.42671E+02      298.00
  0.85750E-01  0.10623E+04   -0.48000E-01 -0.48000E-01  0.96000E-01  0.00000E+00  0.00000E+00  0.00000E+00   -0.10560E+03 -0.51008E+03  0.61568E+03 -0.21789E+03 -0.40599E+02 -0.42612E+02      298.00
  0.86185E-01  0.10627E+04   -0.48250E-01 -0.48250E-01  0.96500E-01  0.00000E+00  0.00000E+00  0.00000E+00   -0.10582E+03 -0.50990E+03  0.61572E+03 -0.21864E+03 -0.40715E+02 -0.42551E+02      298.00
  0.86619E-01  0.10631E+04   -0.48500E-01 -0.48500E-01  0.97000E-01  0.00000E+00  0.00000E+00  0.00000E+00   -0.10604E+03 -0.50971E+03  0.61575E+03 -0.21939E+03 -0.40831E+02 -0.42490E+02      298.00
  0.87054E-01  0.10635E+04   -0.48750E-01 -0.48750E-01  0.97500E-01  0.00000E+00  0.00000E+00  0.00000E+00   -0.10626E+03 -0.50952E+03  0.61577E+03 -0.22014E+03 -0.40946E+02 -0.42428E+02      298.00
  0.87488E-01  0.10638E+04   -0.49000E-01 -0.49000E-01  0.98000E-01  0.00000E+00  0.00000E+00  0.00000E+00   -0.10648E+03 -0.50932E+03  0.61580E+03 -0.22088E+03 -0.41061E+02 -0.42366E+02      298.00
  0.87922E-01  0.10642E+04   -0.49250E-01 -0.49250E-01  0.98500E-01  0.00000E+00  0.00000E+00  0.00000E+00   -0.10670E+03 -0.50912E+03  0.61581E+03 -0.22163E+03 -0.41178E+02 -0.42306E+02      298.00
  0.88356E-01  0.10646E+04   -0.49500E-01 -0.49500E-01  0.99000E-01  0.00000E+00  0.00000E+00  0.00000E+00   -0.10691E+03 -0.50891E+03  0.61582E+03 -0.22237E+03 -0.41298E+02 -0.42247E+02      298.00
  0.88790E-01  0.10654E+04   -0.49750E-01 -0.49750E-01  0.99500E-01  0.00000E+00  0.00000E+00  0.00000E+00   -0.10704E+03 -0.50894E+03  0.61598E+03 -0.22339E+03 -0.41520E+02 -0.42279E+02      298.00
  0.89224E-01  0.10653E+04   -0.50000E-01 -0.50000E-01  0.10000E+00  0.00000E+00  0.00000E+00  0.00000E+00   -0.10735E+03 -0.50849E+03  0.61584E+03 -0.22385E+03 -0.41570E+02 -0.42152E+02      298.00
          Evm          Svm            E11          E22          E33          E23          E13          E12         SDEV11       SDEV22       SDEV33       SDEV23       SDEV13       SDEV12      TEMP
  0.89224E-01  0.10651E+04   -0.50000E-01 -0.50000E-01  0.10000E+00  0.00000E+00  0.00000E+00  0.00000E+00   -0.10738E+03 -0.50838E+03  0.61576E+03 -0.22374E+03 -0.41383E+02 -0.42012E+02      298.00
  0.89657E-01  0.10657E+04   -0.50250E-01 -0.50250E-01  0.10050E+00  0.00000E+00  0.00000E+00  0.00000E+00   -0.10756E+03 -0.50829E+03  0.61585E+03 -0.22460E+03 -0.41653E+02 -0.42070E+02      298.00
  0.90091E-01  0.10664E+04   -0.50500E-01 -0.50500E-01  0.10100E+00  0.00000E+00  0.00000E+00  0.00000E+00   -0.10770E+03 -0.50827E+03  0.61597E+03 -0.22558E+03 -0.41897E+02 -0.42113E+02      298.00
  0.90524E-01  0.10663E+04   -0.50750E-01 -0.50750E-01  0.10150E+00  0.00000E+00  0.00000E+00  0.00000E+00   -0.10801E+03 -0.50782E+03  0.61583E+03 -0.22605E+03 -0.41962E+02 -0.41995E+02      298.00
  0.90957E-01  0.10671E+04   -0.51000E-01 -0.51000E-01  0.10200E+00  0.00000E+00  0.00000E+00  0.00000E+00   -0.10814E+03 -0.50781E+03  0.61595E+03 -0.22704E+03 -0.42181E+02 -0.42024E+02      298.00
  0.91390E-01  0.10670E+04   -0.51250E-01 -0.51250E-01  0.10250E+00  0.00000E+00  0.00000E+00  0.00000E+00   -0.10845E+03 -0.50736E+03  0.61580E+03 -0.22750E+03 -0.42240E+02 -0.41901E+02      298.00
  0.91823E-01  0.10677E+04   -0.51500E-01 -0.51500E-01  0.10300E+00  0.00000E+00  0.00000E+00  0.00000E+00   -0.10858E+03 -0.50733E+03  0.61591E+03 -0.22849E+03 -0.42466E+02 -0.41933E+02      298.00
  0.92256E-01  0.10676E+04   -0.51750E-01 -0.51750E-01  0.10350E+00  0.00000E+00  0.00000E+00  0.00000E+00   -0.10888E+03 -0.50687E+03  0.61576E+03 -0.22895E+03 -0.42521E+02 -0.41808E+02      298.00
  0.92688E-01  0.10679E+04   -0.52000E-01 -0.52000E-01  0.10400E+00  0.00000E+00  0.00000E+00  0.00000E+00   -0.10910E+03 -0.50662E+03  0.61573E+03 -0.22967E+03 -0.42636E+02 -0.41744E+02      298.00
  0.93121E-01  0.10682E+04   -0.52250E-01 -0.52250E-01  0.10450E+00  0.00000E+00  0.00000E+00  0.00000E+00   -0.10932E+03 -0.50638E+03  0.61570E+03 -0.23039E+03 -0.42769E+02 -0.41692E+02      298.00
  0.93553E-01  0.10685E+04   -0.52500E-01 -0.52500E-01  0.10500E+00  0.00000E+00  0.00000E+00  0.00000E+00   -0.10954E+03 -0.50612E+03  0.61566E+03 -0.23111E+03 -0.42900E+02 -0.41639E+02      298.00
  0.93985E-01  0.10688E+04   -0.52750E-01 -0.52750E-01  0.10550E+00  0.00000E+00  0.00000E+00  0.00000E+00   -0.10975E+03 -0.50587E+03  0.61562E+03 -0.23183E+03 -0.43031E+02 -0.41586E+02      298.00
  0.94417E-01  0.10691E+04   -0.53000E-01 -0.53000E-01  0.10600E+00  0.00000E+00  0.00000E+00  0.00000E+00   -0.10997E+03 -0.50561E+03  0.61558E+03 -0.23255E+03 -0.43161E+02 -0.41532E+02      298.00
  0.94849E-01  0.10694E+04   -0.53250E-01 -0.53250E-01  0.10650E+00  0.00000E+00  0.00000E+00  0.00000E+00   -0.11018E+03 -0.50535E+03  0.61553E+03 -0.23326E+03 -0.43293E+02 -0.41480E+02      298.00
  0.95280E-01  0.10697E+04   -0.53500E-01 -0.53500E-01  0.10700E+00  0.00000E+00  0.00000E+00  0.00000E+00   -0.11040E+03 -0.50508E+03  0.61548E+03 -0.23398E+03 -0.43426E+02 -0.41429E+02      298.00
  0.95712E-01  0.10700E+04   -0.53750E-01 -0.53750E-01  0.10750E+00  0.00000E+00  0.00000E+00  0.00000E+00   -0.11061E+03 -0.50482E+03  0.61543E+03 -0.23469E+03 -0.43560E+02 -0.41378E+02      298.00
  0.96143E-01  0.10702E+04   -0.54000E-01 -0.54000E-01  0.10800E+00  0.00000E+00  0.00000E+00  0.00000E+00   -0.11083E+03 -0.50454E+03  0.61537E+03 -0.23540E+03 -0.43693E+02 -0.41325E+02      298.00
  0.96575E-01  0.10705E+04   -0.54250E-01 -0.54250E-01  0.10850E+00  0.00000E+00  0.00000E+00  0.00000E+00   -0.11104E+03 -0.50427E+03  0.61531E+03 -0.23611E+03 -0.43823E+02 -0.41272E+02      298.00
  0.97006E-01  0.10708E+04   -0.54500E-01 -0.54500E-01  0.10900E+00  0.00000E+00  0.00000E+00  0.00000E+00   -0.11126E+03 -0.50400E+03  0.61525E+03 -0.23682E+03 -0.43950E+02 -0.41216E+02      298.00
  0.97437E-01  0.10710E+04   -0.54750E-01 -0.54750E-01  0.10950E+00  0.00000E+00  0.00000E+00  0.00000E+00   -0.11147E+03 -0.50372E+03  0.61519E+03 -0.23753E+03 -0.44074E+02 -0.41158E+02      298.00
  0.97867E-01  0.10713E+04   -0.55000E-01 -0.55000E-01  0.11000E+00  0.00000E+00  0.00000E+00  0.00000E+00   -0.11168E+03 -0.50344E+03  0.61512E+03 -0.23823E+03 -0.44195E+02 -0.41099E+02      298.00
  0.98298E-01  0.10715E+04   -0.55250E-01 -0.55250E-01  0.11050E+00  0.00000E+00  0.00000E+00  0.00000E+00   -0.11189E+03 -0.50315E+03  0.61504E+03 -0.23894E+03 -0.44314E+02 -0.41038E+02      298.00
  0.98729E-01  0.10718E+04   -0.55500E-01 -0.55500E-01  0.11100E+00  0.00000E+00  0.00000E+00  0.00000E+00   -0.11210E+03 -0.50287E+03  0.61497E+03 -0.23964E+03 -0.44432E+02 -0.40976E+02      298.00
  0.99159E-01  0.10720E+04   -0.55750E-01 -0.55750E-01  0.11150E+00  0.00000E+00  0.00000E+00  0.00000E+00   -0.11231E+03 -0.50258E+03  0.61489E+03 -0.24034E+03 -0.44549E+02 -0.40913E+02      298.00
  0.99589E-01  0.10726E+04   -0.56000E-01 -0.56000E-01  0.11200E+00  0.00000E+00  0.00000E+00  0.00000E+00   -0.11245E+03 -0.50246E+03  0.61491E+03 -0.24129E+03 -0.44782E+02 -0.40946E+02      298.00
  0.10002E+00  0.10725E+04   -0.56250E-01 -0.56250E-01  0.11250E+00  0.00000E+00  0.00000E+00  0.00000E+00   -0.11274E+03 -0.50199E+03  0.61473E+03 -0.24174E+03 -0.44817E+02 -0.40811E+02      298.00
  0.10045E+00  0.10731E+04   -0.56500E-01 -0.56500E-01  0.11300E+00  0.00000E+00  0.00000E+00  0.00000E+00   -0.11287E+03 -0.50186E+03  0.61473E+03 -0.24268E+03 -0.45019E+02 -0.40822E+02      298.00
  0.10088E+00  0.10729E+04   -0.56750E-01 -0.56750E-01  0.11350E+00  0.00000E+00  0.00000E+00  0.00000E+00   -0.11316E+03 -0.50139E+03  0.61455E+03 -0.24313E+03 -0.45050E+02 -0.40686E+02      298.00
  0.10131E+00  0.10735E+04   -0.57000E-01 -0.57000E-01  0.11400E+00  0.00000E+00  0.00000E+00  0.00000E+00   -0.11329E+03 -0.50125E+03  0.61455E+03 -0.24406E+03 -0.45248E+02 -0.40694E+02      298.00
  0.10174E+00  0.10734E+04   -0.57250E-01 -0.57250E-01  0.11450E+00  0.00000E+00  0.00000E+00  0.00000E+00   -0.11358E+03 -0.50079E+03  0.61436E+03 -0.24452E+03 -0.45281E+02 -0.40559E+02      298.00
  0.10217E+00  0.10739E+04   -0.57500E-01 -0.57500E-01  0.11500E+00  0.00000E+00  0.00000E+00  0.00000E+00   -0.11371E+03 -0.50064E+03  0.61435E+03 -0.24544E+03 -0.45476E+02 -0.40565E+02      298.00
  0.10260E+00  0.10742E+04   -0.57750E-01 -0.57750E-01  0.11550E+00  0.00000E+00  0.00000E+00  0.00000E+00   -0.11392E+03 -0.50034E+03  0.61426E+03 -0.24615E+03 -0.45630E+02 -0.40529E+02      298.00
  0.10302E+00  0.10744E+04   -0.58000E-01 -0.58000E-01  0.11600E+00  0.00000E+00  0.00000E+00  0.00000E+00   -0.11413E+03 -0.50002E+03  0.61415E+03 -0.24683E+03 -0.45756E+02 -0.40471E+02      298.00
  0.10345E+00  0.10746E+04   -0.58250E-01 -0.58250E-01  0.11650E+00  0.00000E+00  0.00000E+00  0.00000E+00   -0.11434E+03 -0.49971E+03  0.61404E+03 -0.24752E+03 -0.45874E+02 -0.40410E+02      298.00
  0.10388E+00  0.10748E+04   -0.58500E-01 -0.58500E-01  0.11700E+00  0.00000E+00  0.00000E+00  0.00000E+00   -0.11455E+03 -0.49939E+03  0.61393E+03 -0.24820E+03 -0.45989E+02 -0.40346E+02      298.00
  0.10431E+00  0.10750E+04   -0.58750E-01 -0.58750E-01  0.11750E+00  0.00000E+00  0.00000E+00  0.00000E+00   -0.11475E+03 -0.49906E+03  0.61382E+03 -0.24888E+03 -0.46104E+02 -0.40282E+02      298.00
  0.10474E+00  0.10752E+04   -0.59000E-01 -0.59000E-01  0.11800E+00  0.00000E+00  0.00000E+00  0.00000E+00   -0.11496E+03 -0.49874E+03  0.61370E+03 -0.24956E+03 -0.46218E+02 -0.40218E+02      298.00
  0.10517E+00  0.10754E+04   -0.59250E-01 -0.59250E-01  0.11850E+00  0.00000E+00  0.00000E+00  0.00000E+00   -0.11517E+03 -0.49841E+03  0.61358E+03 -0.25024E+03 -0.46332E+02 -0.40154E+02      298.00
  0.10559E+00  0.10755E+04   -0.59500E-01 -0.59500E-01  0.11900E+00  0.00000E+00  0.00000E+00  0.00000E+00   -0.11538E+03 -0.49808E+03  0.61346E+03 -0.25092E+03 -0.46446E+02 -0.40090E+02      298.00
  0.10602E+00  0.10757E+04   -0.59750E-01 -0.59750E-01  0.11950E+00  0.00000E+00  0.00000E+00  0.00000E+00   -0.11559E+03 -0.49775E+03  0.61334E+03 -0.25159E+03 -0.46560E+02 -0.40025E+02      298.00
  0.10645E+00  0.10759E+04   -0.60000E-01 -0.60000E-01  0.12000E+00  0.00000E+00  0.00000E+00  0.00000E+00   -0.11579E+03 -0.49742E+03  0.61321E+03 -0.25227E+03 -0.46674E+02 -0.39961E+02      298.00
  0.10688E+00  0.10761E+04   -0.60250E-01 -0.60250E-01  0.12050E+00  0.00000E+00  0.00000E+00  0.00000E+00   -0.11600E+03 -0.49708E+03  0.61308E+03 -0.25294E+03 -0.46787E+02 -0.39897E+02      298.00
  0.10730E+00  0.10762E+04   -0.60500E-01 -0.60500E-01  0.12100E+00  0.00000E+00  0.00000E+00  0.00000E+00   -0.11620E+03 -0.49675E+03  0.61295E+03 -0.25361E+03 -0.46900E+02 -0.39832E+02      298.00
  0.10773E+00  0.10764E+04   -0.60750E-01 -0.60750E-01  0.12150E+00  0.00000E+00  0.00000E+00  0.00000E+00   -0.11641E+03 -0.49641E+03  0.61282E+03 -0.25428E+03 -0.47013E+02 -0.39768E+02      298.00
  0.10816E+00  0.10766E+04   -0.61000E-01 -0.61000E-01  0.12200E+00  0.00000E+00  0.00000E+00  0.00000E+00   -0.11662E+03 -0.49606E+03  0.61268E+03 -0.25495E+03 -0.47125E+02 -0.39703E+02      298.00
  0.10859E+00  0.10767E+04   -0.61250E-01 -0.61250E-01  0.12250E+00  0.00000E+00  0.00000E+00  0.00000E+00   -0.11682E+03 -0.49572E+03  0.61254E+03 -0.25561E+03 -0.47238E+02 -0.39638E+02      298.00
  0.10901E+00  0.10769E+04   -0.61500E-01 -0.61500E-01  0.12300E+00  0.00000E+00  0.00000E+00  0.00000E+00   -0.11703E+03 -0.49537E+03  0.61240E+03 -0.25628E+03 -0.47350E+02 -0.39574E+02      298.00
  0.10944E+00  0.10770E+04   -0.61750E-01 -0.61750E-01  0.12350E+00  0.00000E+00  0.00000E+00  0.00000E+00   -0.11723E+03 -0.49503E+03  0.61226E+03 -0.25694E+03 -0.47462E+02 -0.39509E+02      298.00
  0.10987E+00  0.10772E+04   -0.62000E-01 -0.62000E-01  0.12400E+00  0.00000E+00  0.00000E+00  0.00000E+00   -0.11744E+03 -0.49468E+03  0.61211E+03 -0.25761E+03 -0.47573E+02 -0.39444E+02      298.00
  0.11029E+00  0.10773E+04   -0.62250E-01 -0.62250E-01  0.12450E+00  0.00000E+00  0.00000E+00  0.00000E+00   -0.11764E+03 -0.49433E+03  0.61197E+03 -0.25827E+03 -0.47685E+02 -0.39379E+02      298.00
  0.11072E+00  0.10775E+04   -0.62500E-01 -0.62500E-01  0.12500E+00  0.00000E+00  0.00000E+00  0.00000E+00   -0.11784E+03 -0.49397E+03  0.61182E+03 -0.25893E+03 -0.47796E+02 -0.39314E+02      298.00
