    STEP   AVACS   MODE1   MODE2   MODE3   MODE4
       1   8.000   0.000   1.000   0.000   0.000
       2   9.000   0.029   0.971   0.000   0.000
       3   9.000   0.122   0.878   0.000   0.000
       4   9.000   0.212   0.788   0.000   0.000
       5   8.000   0.301   0.699   0.000   0.000
       6   7.000   0.395   0.605   0.000   0.000
       7   5.000   0.498   0.502   0.000   0.000
       8   4.000   0.619   0.381   0.000   0.000
       9   4.000   0.634   0.366   0.000   0.000
      10   4.000   0.638   0.362   0.000   0.000
      11   5.000   0.604   0.396   0.000   0.000
      12   4.000   0.543   0.457   0.000   0.000
      13   6.000   0.510   0.490   0.000   0.000
      14   5.000   0.455   0.545   0.000   0.000
      15   6.000   0.343   0.605   0.052   0.000
      16   5.000   0.228   0.659   0.113   0.000
      17   6.000   0.124   0.705   0.171   0.000
      18   8.000   0.088   0.696   0.216   0.000
      19   9.000   0.108   0.653   0.239   0.000
      20   8.000   0.144   0.595   0.261   0.000
      21   7.000   0.183   0.537   0.279   0.000
      22   7.000   0.266   0.477   0.257   0.000
      23   7.000   0.344   0.427   0.229   0.000
      24   6.000   0.444   0.366   0.190   0.000
      25   7.000   0.542   0.336   0.122   0.000
      26   4.000   0.626   0.353   0.021   0.000
      27   4.000   0.634   0.366   0.000   0.000
      28   4.000   0.638   0.362   0.000   0.000
      29   5.000   0.604   0.396   0.000   0.000
      30   4.000   0.543   0.457   0.000   0.000
      31   6.000   0.510   0.490   0.000   0.000
      32   5.000   0.455   0.545   0.000   0.000
      33   5.000   0.292   0.708   0.000   0.000
      34   6.000   0.178   0.822   0.000   0.000
      35   7.000   0.062   0.938   0.000   0.000
      36   7.000   0.000   1.000   0.000   0.000
  STRAIN   AVACS   PRITW   SECTW   MODE1   MODE2   MODE3   MODE4   TWFR3   EFFR3   TWFR4   EFFR4
   0.000   9.000   0.000   0.000   0.108   0.653   0.239   0.000   0.000   0.000   0.000   0.000
   0.001   7.000   0.000   0.000   0.078   0.685   0.237   0.000   0.002   0.000   0.000   0.000
   0.001   7.000   0.000   0.000   0.053   0.711   0.236   0.000   0.003   0.000   0.000   0.000
   0.002   7.000   0.000   0.000   0.034   0.731   0.235   0.000   0.005   0.000   0.000   0.000
   0.002   7.000   0.000   0.000   0.020   0.746   0.234   0.000   0.006   0.000   0.000   0.000
   0.003   6.000   0.000   0.000   0.011   0.755   0.234   0.000   0.008   0.000   0.000   0.000
   0.003   6.000   0.000   0.000   0.006   0.760   0.234   0.000   0.009   0.000   0.000   0.000
   0.004   6.000   0.000   0.000   0.003   0.762   0.235   0.000   0.011   0.000   0.000   0.000
   0.004   6.000   0.000   0.000   0.002   0.763   0.235   0.000   0.012   0.000   0.000   0.000
   0.005   6.000   0.000   0.000   0.001   0.763   0.236   0.000   0.014   0.000   0.000   0.000
   0.005   6.000   0.000   0.000   0.001   0.762   0.237   0.000   0.015   0.000   0.000   0.000
   0.006   6.000   0.000   0.000   0.000   0.762   0.238   0.000   0.017   0.000   0.000   0.000
   0.006   6.000   0.000   0.000   0.000   0.761   0.239   0.000   0.018   0.000   0.000   0.000
   0.007   6.000   0.000   0.000   0.000   0.760   0.240   0.000   0.020   0.000   0.000   0.000
   0.007   6.000   0.000   0.000   0.000   0.759   0.241   0.000   0.021   0.000   0.000   0.000
   0.008   6.000   0.000   0.000   0.000   0.758   0.241   0.000   0.023   0.000   0.000   0.000
   0.008   6.000   0.000   0.000   0.000   0.758   0.242   0.000   0.024   0.000   0.000   0.000
   0.009   6.000   0.000   0.000   0.000   0.757   0.243   0.000   0.026   0.000   0.000   0.000
   0.009   6.000   0.000   0.000   0.000   0.756   0.244   0.000   0.027   0.000   0.000   0.000
   0.010   6.000   0.000   0.000   0.000   0.755   0.245   0.000   0.029   0.000   0.000   0.000
   0.010   6.000   0.000   0.000   0.000   0.754   0.245   0.000   0.030   0.000   0.000   0.000
   0.011   6.000   0.000   0.000   0.000   0.754   0.246   0.000   0.032   0.000   0.000   0.000
   0.011   6.000   0.000   0.000   0.000   0.753   0.247   0.000   0.033   0.000   0.000   0.000
   0.012   6.000   0.000   0.000   0.000   0.752   0.248   0.000   0.035   0.000   0.000   0.000
   0.012   6.000   0.000   0.000   0.000   0.751   0.249   0.000   0.037   0.000   0.000   0.000
   0.013   6.000   0.000   0.000   0.000   0.751   0.249   0.000   0.038   0.000   0.000   0.000
   0.013   6.000   0.000   0.000   0.000   0.750   0.250   0.000   0.040   0.000   0.000   0.000
   0.014   6.000   0.000   0.000   0.000   0.749   0.251   0.000   0.041   0.000   0.000   0.000
   0.014   6.000   0.000   0.000   0.000   0.748   0.252   0.000   0.043   0.000   0.000   0.000
   0.015   6.000   0.000   0.000   0.000   0.747   0.253   0.000   0.044   0.000   0.000   0.000
   0.015   6.000   0.000   0.000   0.000   0.747   0.253   0.000   0.046   0.000   0.000   0.000
   0.016   6.000   0.000   0.000   0.000   0.746   0.254   0.000   0.048   0.000   0.000   0.000
   0.016   6.000   0.000   0.000   0.000   0.745   0.255   0.000   0.049   0.000   0.000   0.000
   0.017   6.000   0.000   0.000   0.000   0.744   0.256   0.000   0.051   0.000   0.000   0.000
   0.017   6.000   0.000   0.000   0.000   0.744   0.256   0.000   0.052   0.000   0.000   0.000
   0.018   6.000   0.000   0.000   0.000   0.743   0.257   0.000   0.054   0.000   0.000   0.000
   0.018   6.000   0.000   0.000   0.000   0.742   0.258   0.000   0.056   0.000   0.000   0.000
   0.019   6.000   0.000   0.000   0.000   0.741   0.259   0.000   0.057   0.000   0.000   0.000
   0.019   6.000   0.000   0.000   0.000   0.740   0.259   0.000   0.059   0.000   0.000   0.000
   0.020   6.000   0.000   0.000   0.000   0.740   0.260   0.000   0.061   0.000   0.000   0.000
   0.020   6.000   0.000   0.000   0.000   0.739   0.261   0.000   0.062   0.000   0.000   0.000
   0.021   6.000   0.000   0.000   0.000   0.738   0.262   0.000   0.064   0.000   0.000   0.000
   0.021   6.000   0.000   0.000   0.000   0.737   0.262   0.000   0.065   0.000   0.000   0.000
   0.022   6.000   0.000   0.000   0.000   0.737   0.263   0.000   0.067   0.000   0.000   0.000
   0.022   6.000   0.000   0.000   0.000   0.736   0.264   0.000   0.069   0.000   0.000   0.000
   0.023   6.000   0.000   0.000   0.000   0.735   0.265   0.000   0.070   0.000   0.000   0.000
   0.023   6.000   0.000   0.000   0.000   0.734   0.265   0.000   0.072   0.000   0.000   0.000
   0.024   6.000   0.000   0.000   0.000   0.733   0.266   0.000   0.074   0.000   0.000   0.000
   0.024   6.000   0.000   0.000   0.000   0.733   0.267   0.000   0.075   0.000   0.000   0.000
   0.025   6.000   0.000   0.000   0.000   0.732   0.268   0.000   0.077   0.000   0.000   0.000
   0.025   6.000   0.000   0.000   0.000   0.731   0.269   0.000   0.079   0.000   0.000   0.000
    STEP   AVACS   MODE1   MODE2   MODE3   MODE4
       1   8.000   0.000   1.000   0.000   0.000
       2   8.000   0.000   1.000   0.000   0.000
       3   6.000   0.044   0.956   0.000   0.000
       4   6.000   0.149   0.851   0.000   0.000
       5   6.000   0.253   0.747   0.000   0.000
       6   5.000   0.360   0.640   0.000   0.000
       7   5.000   0.475   0.525   0.000   0.000
       8   3.000   0.605   0.395   0.000   0.000
       9   3.000   0.633   0.367   0.000   0.000
      10   4.000   0.602   0.398   0.000   0.000
      11   6.000   0.570   0.430   0.000   0.000
      12   4.000   0.546   0.454   0.000   0.000
      13   5.000   0.499   0.501   0.000   0.000
      14   6.000   0.427   0.569   0.005   0.000
      15   6.000   0.316   0.617   0.067   0.000
      16   6.000   0.198   0.665   0.137   0.000
      17   5.000   0.052   0.738   0.210   0.000
      18   6.000   0.000   0.752   0.248   0.000
      19   6.000   0.000   0.731   0.269   0.000
      20   5.000   0.011   0.698   0.291   0.000
      21   6.000   0.088   0.590   0.322   0.000
      22   6.000   0.172   0.518   0.309   0.000
      23   5.000   0.301   0.446   0.253   0.000
      24   7.000   0.426   0.381   0.193   0.000
      25   7.000   0.532   0.345   0.123   0.000
      26   4.000   0.628   0.344   0.029   0.000
      27   3.000   0.632   0.367   0.001   0.000
      28   4.000   0.601   0.398   0.001   0.000
      29   6.000   0.570   0.430   0.000   0.000
      30   4.000   0.546   0.454   0.000   0.000
      31   5.000   0.499   0.501   0.000   0.000
      32   5.000   0.424   0.576   0.000   0.000
      33   4.000   0.256   0.744   0.000   0.000
      34   6.000   0.128   0.872   0.000   0.000
      35   6.000   0.001   0.999   0.000   0.000
      36   9.000   0.000   1.000   0.000   0.000
  STRAIN   AVACS   PRITW   SECTW   MODE1   MODE2   MODE3   MODE4   TWFR3   EFFR3   TWFR4   EFFR4
   0.025   6.000   0.000   0.000   0.000   0.731   0.269   0.000   0.079   0.000   0.000   0.000
   0.026   6.000   0.000   0.000   0.000   0.730   0.269   0.000   0.081   0.000   0.000   0.000
   0.026   6.000   0.000   0.000   0.000   0.729   0.270   0.000   0.082   0.000   0.000   0.000
   0.027   6.000   0.000   0.000   0.000   0.729   0.271   0.000   0.084   0.000   0.000   0.000
   0.027   6.000   0.000   0.000   0.000   0.728   0.272   0.000   0.086   0.000   0.000   0.000
   0.028   6.000   0.000   0.000   0.000   0.727   0.272   0.000   0.087   0.000   0.000   0.000
   0.028   6.000   0.000   0.000   0.001   0.726   0.273   0.000   0.089   0.000   0.000   0.000
   0.029   6.000   0.000   0.000   0.001   0.725   0.274   0.000   0.091   0.000   0.000   0.000
   0.029   6.000   0.000   0.000   0.001   0.725   0.275   0.000   0.092   0.000   0.000   0.000
   0.030   6.000   0.000   0.000   0.001   0.724   0.276   0.000   0.094   0.000   0.000   0.000
   0.030   6.000   0.000   0.000   0.001   0.723   0.276   0.000   0.096   0.000   0.000   0.000
   0.031   6.000   0.000   0.000   0.001   0.722   0.277   0.000   0.098   0.000   0.000   0.000
   0.031   6.000   0.000   0.000   0.001   0.721   0.278   0.000   0.099   0.000   0.000   0.000
   0.032   6.000   1.000   0.000   0.448   0.552   0.000   0.000   0.101   1.000   0.000   0.000
   0.032   6.000   1.000   0.000   0.448   0.551   0.000   0.000   0.101   1.000   0.000   0.000
   0.033   6.000   1.000   0.000   0.449   0.551   0.000   0.000   0.101   1.000   0.000   0.000
   0.033   6.000   1.000   0.000   0.449   0.551   0.000   0.000   0.101   1.000   0.000   0.000
   0.034   6.000   1.000   0.000   0.449   0.551   0.000   0.000   0.101   1.000   0.000   0.000
   0.034   6.000   1.000   0.000   0.449   0.551   0.000   0.000   0.101   1.000   0.000   0.000
   0.035   6.000   1.000   0.000   0.449   0.551   0.000   0.000   0.101   1.000   0.000   0.000
   0.035   6.000   1.000   0.000   0.449   0.551   0.000   0.000   0.101   1.000   0.000   0.000
   0.036   6.000   1.000   0.000   0.449   0.550   0.000   0.000   0.101   1.000   0.000   0.000
   0.036   6.000   1.000   0.000   0.449   0.551   0.000   0.000   0.101   1.000   0.000   0.000
   0.037   6.000   1.000   0.000   0.449   0.551   0.000   0.000   0.101   1.000   0.000   0.000
   0.037   6.000   1.000   0.000   0.449   0.551   0.000   0.000   0.101   1.000   0.000   0.000
   0.038   6.000   1.000   0.000   0.449   0.551   0.000   0.000   0.101   1.000   0.000   0.000
   0.038   6.000   1.000   0.000   0.449   0.550   0.000   0.000   0.101   1.000   0.000   0.000
   0.039   6.000   1.000   0.000   0.449   0.550   0.000   0.000   0.101   1.000   0.000   0.000
   0.039   6.000   1.000   0.000   0.449   0.550   0.000   0.000   0.101   1.000   0.000   0.000
   0.040   6.000   1.000   0.000   0.449   0.550   0.000   0.000   0.101   1.000   0.000   0.000
   0.040   6.000   1.000   0.000   0.450   0.550   0.000   0.001   0.101   1.000   0.000   0.000
   0.041   6.000   1.000   0.000   0.450   0.550   0.000   0.001   0.101   1.000   0.000   0.000
   0.041   6.000   1.000   0.000   0.450   0.550   0.000   0.001   0.101   1.000   0.000   0.000
   0.042   6.000   1.000   0.000   0.450   0.550   0.000   0.001   0.101   1.000   0.000   0.000
   0.042   6.000   1.000   0.000   0.450   0.549   0.000   0.001   0.101   1.000   0.000   0.000
   0.043   6.000   1.000   0.000   0.450   0.549   0.000   0.001   0.101   1.000   0.000   0.000
   0.043   6.000   1.000   0.000   0.450   0.549   0.000   0.001   0.101   1.000   0.000   0.000
   0.044   6.000   1.000   0.000   0.450   0.549   0.000   0.001   0.101   1.000   0.000   0.000
   0.044   6.000   1.000   0.000   0.450   0.549   0.000   0.001   0.101   1.000   0.000   0.000
   0.045   6.000   1.000   0.000   0.450   0.549   0.000   0.001   0.101   1.000   0.000   0.000
   0.045   6.000   1.000   0.000   0.451   0.549   0.000   0.001   0.101   1.000   0.000   0.000
   0.046   6.000   1.000   0.000   0.451   0.548   0.000   0.001   0.101   1.000   0.000   0.000
   0.046   6.000   1.000   0.000   0.451   0.548   0.000   0.001   0.101   1.000   0.000   0.000
   0.047   6.000   1.000   0.000   0.451   0.548   0.000   0.001   0.101   1.000   0.000   0.000
   0.047   6.000   1.000   0.000   0.451   0.548   0.000   0.001   0.101   1.000   0.000   0.000
   0.048   6.000   1.000   0.000   0.451   0.548   0.000   0.001   0.101   1.000   0.000   0.000
   0.048   6.000   1.000   0.000   0.451   0.548   0.000   0.001   0.101   1.000   0.000   0.000
   0.049   6.000   1.000   0.000   0.451   0.548   0.000   0.001   0.101   1.000   0.000   0.000
   0.049   6.000   1.000   0.000   0.451   0.548   0.000   0.001   0.101   1.000   0.000   0.000
   0.050   6.000   1.000   0.000   0.451   0.547   0.000   0.001   0.101   1.000   0.000   0.000
   0.050   6.000   1.000   0.000   0.451   0.547   0.000   0.001   0.101   1.000   0.000   0.000
    STEP   AVACS   MODE1   MODE2   MODE3   MODE4
       1   5.000   0.537   0.000   0.463   0.000
       2   5.000   0.412   0.127   0.461   0.000
       3   5.000   0.315   0.259   0.426   0.000
       4   7.000   0.228   0.386   0.386   0.000
       5   7.000   0.145   0.509   0.346   0.000
       6   7.000   0.066   0.631   0.303   0.000
       7   6.000   0.008   0.736   0.257   0.000
       8   5.000   0.000   0.788   0.212   0.000
       9   8.000   0.090   0.795   0.115   0.000
      10   6.000   0.227   0.746   0.027   0.000
      11   5.000   0.332   0.668   0.000   0.000
      12   7.000   0.403   0.597   0.000   0.000
      13   7.000   0.466   0.534   0.000   0.000
      14   7.000   0.527   0.473   0.000   0.000
      15   6.000   0.590   0.410   0.000   0.000
      16   6.000   0.659   0.341   0.000   0.000
      17   3.000   0.734   0.266   0.000   0.000
      18   5.000   0.596   0.403   0.000   0.001
      19   6.000   0.452   0.547   0.000   0.001
      20   6.000   0.338   0.661   0.000   0.002
      21   7.000   0.238   0.760   0.000   0.002
      22   7.000   0.144   0.854   0.000   0.002
      23   7.000   0.052   0.946   0.000   0.002
      24   8.000   0.000   0.998   0.000   0.002
      25   8.000   0.000   0.997   0.000   0.003
      26   7.000   0.000   0.997   0.000   0.003
      27   4.000   0.000   0.997   0.000   0.003
      28   6.000   0.189   0.809   0.000   0.001
      29   5.000   0.332   0.668   0.000   0.000
      30   7.000   0.403   0.597   0.000   0.000
      31   7.000   0.466   0.534   0.000   0.000
      32   7.000   0.527   0.473   0.000   0.000
      33   6.000   0.590   0.410   0.000   0.000
      34   6.000   0.659   0.341   0.000   0.000
      35   3.000   0.707   0.260   0.033   0.000
      36   4.000   0.633   0.142   0.225   0.000
  STRAIN   AVACS   PRITW   SECTW   MODE1   MODE2   MODE3   MODE4   TWFR3   EFFR3   TWFR4   EFFR4
   0.050   6.000   1.000   0.000   0.452   0.547   0.000   0.001   0.101   1.000   0.000   0.000
   0.051   6.000   1.000   0.000   0.451   0.547   0.000   0.001   0.101   1.000   0.000   0.000
   0.051   6.000   1.000   0.000   0.452   0.547   0.000   0.001   0.101   1.000   0.000   0.000
   0.052   6.000   1.000   0.000   0.452   0.547   0.000   0.001   0.101   1.000   0.000   0.000
   0.052   6.000   1.000   0.000   0.452   0.547   0.000   0.002   0.101   1.000   0.000   0.000
   0.053   6.000   1.000   0.000   0.452   0.547   0.000   0.002   0.101   1.000   0.000   0.000
   0.053   5.000   1.000   0.000   0.452   0.547   0.000   0.002   0.101   1.000   0.000   0.000
   0.054   5.000   1.000   0.000   0.452   0.546   0.000   0.002   0.101   1.000   0.000   0.000
   0.054   5.000   1.000   0.000   0.452   0.546   0.000   0.002   0.101   1.000   0.000   0.000
   0.055   5.000   1.000   0.000   0.452   0.546   0.000   0.002   0.101   1.000   0.000   0.000
   0.055   5.000   1.000   0.000   0.452   0.546   0.000   0.002   0.101   1.000   0.000   0.000
   0.056   5.000   1.000   0.000   0.452   0.546   0.000   0.002   0.101   1.000   0.000   0.000
   0.056   5.000   1.000   0.000   0.452   0.546   0.000   0.002   0.101   1.000   0.000   0.000
   0.057   5.000   1.000   0.000   0.452   0.546   0.000   0.002   0.101   1.000   0.000   0.000
   0.057   5.000   1.000   0.000   0.452   0.545   0.000   0.002   0.101   1.000   0.000   0.000
   0.058   5.000   1.000   0.000   0.453   0.545   0.000   0.002   0.101   1.000   0.000   0.000
   0.058   5.000   1.000   0.000   0.453   0.545   0.000   0.002   0.101   1.000   0.000   0.000
   0.059   5.000   1.000   0.000   0.453   0.545   0.000   0.002   0.101   1.000   0.000   0.000
   0.059   5.000   1.000   0.000   0.453   0.545   0.000   0.002   0.101   1.000   0.000   0.000
   0.060   5.000   1.000   0.000   0.453   0.545   0.000   0.002   0.101   1.000   0.000   0.000
   0.060   5.000   1.000   0.000   0.453   0.545   0.000   0.003   0.101   1.000   0.000   0.000
   0.061   5.000   1.000   0.000   0.453   0.544   0.000   0.003   0.101   1.000   0.000   0.000
   0.061   5.000   1.000   0.000   0.453   0.544   0.000   0.003   0.101   1.000   0.000   0.000
   0.062   5.000   1.000   0.000   0.453   0.544   0.000   0.003   0.101   1.000   0.000   0.000
   0.062   5.000   1.000   0.000   0.453   0.544   0.000   0.003   0.101   1.000   0.000   0.000
   0.063   5.000   1.000   0.000   0.453   0.544   0.000   0.003   0.101   1.000   0.000   0.000
   0.063   5.000   1.000   0.000   0.453   0.544   0.000   0.003   0.101   1.000   0.000   0.000
   0.064   5.000   1.000   0.000   0.453   0.543   0.000   0.003   0.101   1.000   0.000   0.000
   0.064   5.000   1.000   0.000   0.453   0.543   0.000   0.003   0.101   1.000   0.000   0.000
   0.065   5.000   1.000   0.000   0.454   0.543   0.000   0.003   0.101   1.000   0.000   0.000
   0.065   5.000   1.000   0.000   0.454   0.543   0.000   0.003   0.101   1.000   0.000   0.000
   0.066   5.000   1.000   0.000   0.454   0.543   0.000   0.003   0.101   1.000   0.000   0.000
   0.066   5.000   1.000   0.000   0.454   0.543   0.000   0.004   0.101   1.000   0.000   0.000
   0.067   5.000   1.000   0.000   0.454   0.542   0.000   0.004   0.101   1.000   0.000   0.000
   0.067   5.000   1.000   0.000   0.454   0.543   0.000   0.004   0.101   1.000   0.001   0.000
   0.068   5.000   1.000   0.000   0.455   0.542   0.000   0.004   0.101   1.000   0.001   0.000
   0.068   5.000   1.000   0.000   0.454   0.542   0.000   0.004   0.101   1.000   0.001   0.000
   0.069   5.000   1.000   0.000   0.455   0.541   0.000   0.004   0.101   1.000   0.001   0.000
   0.069   5.000   1.000   0.000   0.454   0.542   0.000   0.004   0.101   1.000   0.001   0.000
   0.070   5.000   1.000   0.000   0.455   0.541   0.000   0.004   0.101   1.000   0.001   0.000
   0.070   5.000   1.000   0.000   0.454   0.542   0.000   0.004   0.101   1.000   0.001   0.000
   0.071   5.000   1.000   0.000   0.455   0.541   0.000   0.004   0.101   1.000   0.001   0.000
   0.071   5.000   1.000   0.000   0.454   0.541   0.000   0.004   0.101   1.000   0.001   0.000
   0.072   5.000   1.000   0.000   0.455   0.541   0.000   0.004   0.101   1.000   0.001   0.000
   0.072   5.000   1.000   0.000   0.454   0.541   0.000   0.005   0.101   1.000   0.001   0.000
   0.073   5.000   1.000   0.000   0.455   0.540   0.000   0.005   0.101   1.000   0.001   0.000
   0.073   5.000   1.000   0.000   0.455   0.541   0.000   0.005   0.101   1.000   0.001   0.000
   0.074   5.000   1.000   0.000   0.455   0.540   0.000   0.005   0.101   1.000   0.001   0.000
   0.074   5.000   1.000   0.000   0.455   0.540   0.000   0.005   0.101   1.000   0.001   0.000
   0.075   5.000   1.000   0.000   0.455   0.540   0.000   0.005   0.101   1.000   0.001   0.000
   0.075   5.000   1.000   0.000   0.455   0.540   0.000   0.005   0.101   1.000   0.001   0.000
    STEP   AVACS   MODE1   MODE2   MODE3   MODE4
       1   5.000   0.532   0.000   0.468   0.000
       2   5.000   0.408   0.130   0.462   0.000
       3   5.000   0.317   0.252   0.431   0.000
       4   7.000   0.236   0.371   0.392   0.000
       5   7.000   0.157   0.488   0.354   0.000
       6   7.000   0.081   0.606   0.313   0.000
       7   6.000   0.015   0.717   0.267   0.000
       8   5.000   0.000   0.783   0.217   0.000
       9   7.000   0.103   0.778   0.119   0.000
      10   6.000   0.238   0.730   0.033   0.000
      11   5.000   0.339   0.660   0.001   0.000
      12   7.000   0.410   0.590   0.000   0.000
      13   7.000   0.472   0.528   0.000   0.000
      14   7.000   0.532   0.468   0.000   0.000
      15   7.000   0.595   0.405   0.000   0.000
      16   6.000   0.663   0.337   0.000   0.000
      17   3.000   0.743   0.257   0.000   0.000
      18   6.000   0.600   0.397   0.000   0.003
      19   5.000   0.455   0.540   0.000   0.005
      20   6.000   0.342   0.652   0.000   0.006
      21   7.000   0.244   0.750   0.000   0.007
      22   7.000   0.151   0.842   0.000   0.007
      23   7.000   0.059   0.934   0.000   0.007
      24   8.000   0.000   0.990   0.000   0.010
      25   8.000   0.000   0.988   0.000   0.012
      26   7.000   0.000   0.988   0.000   0.012
      27   4.000   0.000   0.989   0.000   0.011
      28   6.000   0.196   0.800   0.000   0.005
      29   5.000   0.339   0.660   0.000   0.001
      30   7.000   0.410   0.589   0.000   0.001
      31   7.000   0.472   0.527   0.000   0.001
      32   7.000   0.532   0.467   0.000   0.001
      33   7.000   0.595   0.405   0.000   0.000
      34   6.000   0.663   0.336   0.000   0.000
      35   3.000   0.715   0.251   0.034   0.000
      36   4.000   0.635   0.134   0.231   0.000
  STRAIN   AVACS   PRITW   SECTW   MODE1   MODE2   MODE3   MODE4   TWFR3   EFFR3   TWFR4   EFFR4
   0.075   5.000   1.000   0.000   0.455   0.540   0.000   0.005   0.101   1.000   0.001   0.000
   0.076   5.000   1.000   0.000   0.456   0.539   0.000   0.005   0.101   1.000   0.001   0.000
   0.076   5.000   1.000   0.000   0.455   0.540   0.000   0.005   0.101   1.000   0.001   0.000
   0.077   5.000   1.000   0.000   0.456   0.539   0.000   0.005   0.101   1.000   0.001   0.000
   0.077   5.000   1.000   0.000   0.455   0.539   0.000   0.005   0.101   1.000   0.001   0.000
   0.078   5.000   1.000   0.000   0.456   0.539   0.000   0.006   0.101   1.000   0.001   0.000
   0.078   5.000   1.000   0.000   0.455   0.539   0.000   0.006   0.101   1.000   0.001   0.000
   0.079   5.000   1.000   0.000   0.456   0.538   0.000   0.006   0.101   1.000   0.001   0.000
   0.079   5.000   1.000   0.000   0.455   0.539   0.000   0.006   0.101   1.000   0.001   0.000
   0.080   5.000   1.000   0.000   0.455   0.539   0.000   0.006   0.101   1.000   0.001   0.000
   0.080   5.000   1.000   0.000   0.455   0.539   0.000   0.006   0.101   1.000   0.001   0.000
   0.081   5.000   1.000   0.000   0.455   0.539   0.000   0.006   0.101   1.000   0.001   0.000
   0.081   5.000   1.000   0.000   0.456   0.538   0.000   0.006   0.101   1.000   0.001   0.000
   0.082   5.000   1.000   0.000   0.456   0.538   0.000   0.006   0.101   1.000   0.001   0.000
   0.082   5.000   1.000   0.000   0.456   0.538   0.000   0.006   0.101   1.000   0.001   0.000
   0.083   5.000   1.000   0.000   0.456   0.538   0.000   0.006   0.101   1.000   0.001   0.000
   0.083   5.000   1.000   0.000   0.456   0.538   0.000   0.006   0.101   1.000   0.001   0.000
   0.084   5.000   1.000   0.000   0.456   0.538   0.000   0.007   0.101   1.000   0.001   0.000
   0.084   5.000   1.000   0.000   0.456   0.537   0.000   0.007   0.101   1.000   0.001   0.000
   0.085   5.000   1.000   0.000   0.456   0.537   0.000   0.007   0.101   1.000   0.001   0.000
   0.085   5.000   1.000   0.000   0.456   0.537   0.000   0.007   0.101   1.000   0.001   0.000
   0.086   5.000   1.000   0.000   0.456   0.537   0.000   0.007   0.101   1.000   0.001   0.000
   0.086   5.000   1.000   0.000   0.456   0.537   0.000   0.007   0.101   1.000   0.002   0.000
   0.087   5.000   1.000   0.000   0.456   0.537   0.000   0.007   0.101   1.000   0.002   0.000
   0.087   5.000   1.000   0.000   0.456   0.537   0.000   0.007   0.101   1.000   0.002   0.000
   0.088   5.000   1.000   0.000   0.456   0.536   0.000   0.007   0.101   1.000   0.002   0.000
   0.088   5.000   1.000   0.000   0.456   0.536   0.000   0.007   0.101   1.000   0.002   0.000
   0.089   5.000   1.000   0.000   0.457   0.536   0.000   0.007   0.101   1.000   0.002   0.000
   0.089   5.000   1.000   0.000   0.457   0.536   0.000   0.007   0.101   1.000   0.002   0.000
   0.090   5.000   1.000   0.000   0.457   0.536   0.000   0.007   0.101   1.000   0.002   0.000
   0.090   5.000   1.000   0.000   0.457   0.536   0.000   0.008   0.101   1.000   0.002   0.000
   0.091   5.000   1.000   0.000   0.457   0.536   0.000   0.008   0.101   1.000   0.002   0.000
   0.091   5.000   1.000   0.000   0.457   0.535   0.000   0.008   0.101   1.000   0.002   0.000
   0.092   5.000   1.000   0.000   0.457   0.535   0.000   0.008   0.101   1.000   0.002   0.000
   0.092   5.000   1.000   0.000   0.457   0.535   0.000   0.008   0.101   1.000   0.002   0.000
   0.093   5.000   1.000   0.000   0.457   0.535   0.000   0.008   0.101   1.000   0.002   0.000
   0.093   5.000   1.000   0.000   0.457   0.535   0.000   0.008   0.101   1.000   0.002   0.000
   0.094   5.000   1.000   0.000   0.457   0.535   0.000   0.008   0.101   1.000   0.002   0.000
   0.094   5.000   1.000   0.000   0.457   0.535   0.000   0.008   0.101   1.000   0.002   0.000
   0.095   5.000   1.000   0.000   0.457   0.535   0.000   0.008   0.101   1.000   0.002   0.000
   0.095   5.000   1.000   0.000   0.457   0.534   0.000   0.008   0.101   1.000   0.002   0.000
   0.096   5.000   1.000   0.000   0.457   0.534   0.000   0.008   0.101   1.000   0.002   0.000
   0.096   5.000   1.000   0.000   0.457   0.534   0.000   0.008   0.101   1.000   0.002   0.000
   0.097   5.000   1.000   0.000   0.458   0.534   0.000   0.008   0.101   1.000   0.002   0.000
   0.097   5.000   1.000   0.000   0.458   0.534   0.000   0.008   0.101   1.000   0.002   0.000
   0.098   5.000   1.000   0.000   0.458   0.534   0.000   0.009   0.101   1.000   0.002   0.000
   0.098   5.000   1.000   0.000   0.458   0.534   0.000   0.009   0.101   1.000   0.002   0.000
   0.099   5.000   1.000   0.000   0.458   0.534   0.000   0.009   0.101   1.000   0.003   0.000
   0.099   5.000   1.000   0.000   0.458   0.533   0.000   0.009   0.101   1.000   0.003   0.000
   0.100   5.000   1.000   0.000   0.458   0.533   0.000   0.009   0.101   1.000   0.003   0.000
   0.100   5.000   1.000   0.000   0.458   0.533   0.000   0.009   0.101   1.000   0.003   0.000
    STEP   AVACS   MODE1   MODE2   MODE3   MODE4
       1   4.000   0.527   0.000   0.473   0.000
       2   6.000   0.404   0.134   0.463   0.000
       3   5.000   0.312   0.254   0.434   0.000
       4   6.000   0.233   0.369   0.398   0.000
       5   7.000   0.156   0.484   0.360   0.000
       6   7.000   0.080   0.599   0.321   0.000
       7   6.000   0.015   0.710   0.274   0.000
       8   5.000   0.000   0.779   0.221   0.000
       9   7.000   0.110   0.770   0.120   0.000
      10   6.000   0.243   0.722   0.035   0.000
      11   5.000   0.343   0.655   0.002   0.000
      12   7.000   0.414   0.586   0.000   0.000
      13   7.000   0.476   0.524   0.000   0.000
      14   7.000   0.536   0.464   0.000   0.000
      15   7.000   0.598   0.402   0.000   0.000
      16   6.000   0.666   0.334   0.000   0.000
      17   2.000   0.751   0.249   0.000   0.000
      18   7.000   0.603   0.391   0.000   0.006
      19   5.000   0.458   0.533   0.000   0.009
      20   6.000   0.346   0.643   0.000   0.011
      21   7.000   0.248   0.740   0.000   0.012
      22   7.000   0.156   0.831   0.000   0.013
      23   7.000   0.064   0.923   0.000   0.014
      24   8.000   0.000   0.982   0.000   0.018
      25   8.000   0.000   0.978   0.000   0.022
      26   7.000   0.000   0.978   0.000   0.022
      27   4.000   0.000   0.979   0.000   0.021
      28   6.000   0.201   0.790   0.000   0.008
      29   5.000   0.343   0.655   0.000   0.002
      30   7.000   0.413   0.585   0.000   0.002
      31   7.000   0.476   0.523   0.000   0.001
      32   7.000   0.536   0.463   0.000   0.001
      33   7.000   0.598   0.402   0.000   0.001
      34   6.000   0.666   0.333   0.000   0.000
      35   2.000   0.731   0.247   0.022   0.000
      36   4.000   0.642   0.130   0.229   0.000
  STRAIN   AVACS   PRITW   SECTW   MODE1   MODE2   MODE3   MODE4   TWFR3   EFFR3   TWFR4   EFFR4
   0.100   5.000   1.000   0.000   0.458   0.533   0.000   0.009   0.101   1.000   0.003   0.000
   0.101   5.000   1.000   0.000   0.459   0.532   0.000   0.009   0.101   1.000   0.003   0.000
   0.101   5.000   1.000   0.000   0.458   0.533   0.000   0.009   0.101   1.000   0.003   0.000
   0.102   5.000   1.000   0.000   0.458   0.533   0.000   0.009   0.101   1.000   0.003   0.000
   0.102   5.000   1.000   0.000   0.458   0.533   0.000   0.009   0.101   1.000   0.003   0.000
   0.103   5.000   1.000   0.000   0.458   0.533   0.000   0.009   0.101   1.000   0.003   0.000
   0.103   5.000   1.000   0.000   0.458   0.532   0.000   0.009   0.101   1.000   0.003   0.000
   0.104   5.000   1.000   0.000   0.458   0.533   0.000   0.009   0.101   1.000   0.003   0.000
   0.104   5.000   1.000   0.000   0.459   0.532   0.000   0.009   0.101   1.000   0.003   0.000
   0.105   5.000   1.000   0.000   0.458   0.532   0.000   0.009   0.101   1.000   0.003   0.000
   0.105   5.000   1.000   0.000   0.459   0.532   0.000   0.009   0.101   1.000   0.003   0.000
   0.106   5.000   1.000   0.000   0.459   0.532   0.000   0.009   0.101   1.000   0.003   0.000
   0.106   5.000   1.000   0.000   0.459   0.532   0.000   0.009   0.101   1.000   0.003   0.000
   0.107   5.000   1.000   0.000   0.459   0.532   0.000   0.009   0.101   1.000   0.003   0.000
   0.107   5.000   1.000   0.000   0.459   0.532   0.000   0.009   0.101   1.000   0.003   0.000
   0.108   5.000   1.000   0.000   0.459   0.532   0.000   0.009   0.101   1.000   0.003   0.000
   0.108   5.000   1.000   0.000   0.459   0.532   0.000   0.009   0.101   1.000   0.003   0.000
   0.109   5.000   1.000   0.000   0.459   0.532   0.000   0.009   0.101   1.000   0.003   0.000
   0.109   5.000   1.000   0.000   0.459   0.531   0.000   0.009   0.101   1.000   0.003   0.000
   0.110   5.000   1.000   0.000   0.459   0.531   0.000   0.010   0.101   1.000   0.004   0.000
   0.110   5.000   1.000   0.000   0.459   0.531   0.000   0.010   0.101   1.000   0.004   0.000
   0.111   5.000   1.000   0.000   0.459   0.531   0.000   0.010   0.101   1.000   0.004   0.000
   0.111   5.000   1.000   0.000   0.459   0.531   0.000   0.010   0.101   1.000   0.004   0.000
   0.112   5.000   1.000   0.000   0.459   0.531   0.000   0.010   0.101   1.000   0.004   0.000
   0.112   5.000   1.000   0.000   0.459   0.531   0.000   0.010   0.101   1.000   0.004   0.000
   0.113   5.000   1.000   0.000   0.459   0.531   0.000   0.010   0.101   1.000   0.004   0.000
   0.113   5.000   1.000   0.000   0.460   0.531   0.000   0.010   0.101   1.000   0.004   0.000
   0.114   5.000   1.000   0.000   0.460   0.530   0.000   0.010   0.101   1.000   0.004   0.000
   0.114   5.000   1.000   0.000   0.460   0.530   0.000   0.010   0.101   1.000   0.004   0.000
   0.115   5.000   1.000   0.000   0.460   0.531   0.000   0.010   0.101   1.000   0.004   0.000
   0.115   5.000   1.000   0.000   0.460   0.530   0.000   0.010   0.101   1.000   0.004   0.000
   0.116   5.000   1.000   0.000   0.460   0.530   0.000   0.010   0.101   1.000   0.004   0.000
   0.116   5.000   1.000   0.000   0.460   0.530   0.000   0.010   0.101   1.000   0.004   0.000
   0.117   5.000   1.000   0.000   0.460   0.530   0.000   0.010   0.101   1.000   0.004   0.000
   0.117   5.000   1.000   0.000   0.460   0.530   0.000   0.010   0.101   1.000   0.004   0.000
   0.118   5.000   1.000   0.000   0.460   0.530   0.000   0.010   0.101   1.000   0.004   0.000
   0.118   5.000   1.000   0.000   0.460   0.530   0.000   0.010   0.101   1.000   0.004   0.000
   0.119   5.000   1.000   0.000   0.460   0.530   0.000   0.010   0.101   1.000   0.004   0.000
   0.119   5.000   1.000   0.000   0.461   0.530   0.000   0.010   0.101   1.000   0.004   0.000
   0.120   5.000   1.000   0.000   0.461   0.530   0.000   0.010   0.101   1.000   0.005   0.000
   0.120   5.000   1.000   0.000   0.460   0.530   0.000   0.010   0.101   1.000   0.005   0.000
   0.121   5.000   1.000   0.000   0.460   0.530   0.000   0.010   0.101   1.000   0.005   0.000
   0.121   5.000   1.000   0.000   0.461   0.529   0.000   0.010   0.101   1.000   0.005   0.000
   0.122   5.000   1.000   0.000   0.461   0.529   0.000   0.010   0.101   1.000   0.005   0.000
   0.122   5.000   1.000   0.000   0.460   0.530   0.000   0.010   0.101   1.000   0.005   0.000
   0.123   5.000   1.000   0.000   0.461   0.530   0.000   0.010   0.101   1.000   0.005   0.000
   0.123   5.000   1.000   0.000   0.461   0.529   0.000   0.010   0.101   1.000   0.005   0.000
   0.124   5.000   1.000   0.000   0.461   0.529   0.000   0.010   0.101   1.000   0.005   0.000
   0.124   5.000   1.000   0.000   0.461   0.530   0.000   0.010   0.101   1.000   0.005   0.000
   0.125   5.000   1.000   0.000   0.461   0.529   0.000   0.010   0.101   1.000   0.005   0.000
   0.125   5.000   1.000   0.000   0.461   0.529   0.000   0.010   0.101   1.000   0.005   0.000
    STEP   AVACS   MODE1   MODE2   MODE3   MODE4
       1   4.000   0.522   0.000   0.478   0.000
       2   5.000   0.400   0.137   0.463   0.000
       3   5.000   0.306   0.257   0.437   0.000
       4   5.000   0.227   0.371   0.402   0.000
       5   7.000   0.149   0.486   0.365   0.000
       6   7.000   0.073   0.602   0.325   0.000
       7   6.000   0.011   0.711   0.278   0.000
       8   5.000   0.000   0.776   0.224   0.000
       9   8.000   0.114   0.767   0.119   0.000
      10   7.000   0.246   0.719   0.034   0.000
      11   5.000   0.346   0.652   0.002   0.000
      12   7.000   0.416   0.583   0.000   0.000
      13   7.000   0.479   0.521   0.000   0.000
      14   7.000   0.538   0.462   0.000   0.000
      15   7.000   0.600   0.400   0.000   0.000
      16   6.000   0.669   0.331   0.000   0.000
      17   2.000   0.755   0.245   0.000   0.000
      18   7.000   0.606   0.387   0.000   0.007
      19   5.000   0.461   0.529   0.000   0.010
      20   7.000   0.348   0.639   0.000   0.013
      21   7.000   0.251   0.735   0.000   0.014
      22   7.000   0.159   0.826   0.000   0.015
      23   7.000   0.067   0.917   0.000   0.016
      24   8.000   0.000   0.979   0.000   0.021
      25   8.000   0.000   0.974   0.000   0.026
      26   7.000   0.000   0.974   0.000   0.026
      27   5.000   0.000   0.975   0.000   0.025
      28   6.000   0.207   0.784   0.000   0.009
      29   5.000   0.346   0.651   0.000   0.003
      30   7.000   0.416   0.582   0.000   0.002
      31   7.000   0.478   0.520   0.000   0.002
      32   7.000   0.538   0.461   0.000   0.001
      33   7.000   0.600   0.399   0.000   0.001
      34   6.000   0.669   0.331   0.000   0.000
      35   2.000   0.738   0.245   0.017   0.000
      36   4.000   0.645   0.129   0.227   0.000
