          S1          S2          D1          D2
 -0.7373E+01 -0.1883E+03  0.7877E-14 -0.5311E-02
 -0.1785E+02 -0.1875E+03 -0.9248E-03 -0.5245E-02
 -0.2004E+02 -0.1870E+03 -0.1874E-02 -0.5148E-02
 -0.2155E+02 -0.1863E+03 -0.2906E-02 -0.5033E-02
 -0.2307E+02 -0.1852E+03 -0.4102E-02 -0.4889E-02
 -0.2490E+02 -0.1833E+03 -0.5595E-02 -0.4695E-02
 -0.2764E+02 -0.1793E+03 -0.7624E-02 -0.4401E-02
 -0.3534E+02 -0.1615E+03 -0.1062E-01 -0.3867E-02
 -0.9397E+02  0.2705E+02 -0.1121E-01 -0.1977E-02
 -0.9601E+02  0.4898E+02 -0.1042E-01 -0.2535E-07
 -0.9403E+02  0.7133E+02 -0.9380E-02  0.1654E-02
 -0.8555E+02  0.1016E+03 -0.8161E-02  0.2970E-02
 -0.7747E+02  0.1193E+03 -0.6833E-02  0.3945E-02
 -0.6865E+02  0.1317E+03 -0.5582E-02  0.4684E-02
 -0.4670E+02  0.1557E+03 -0.4305E-02  0.5131E-02
 -0.3942E+02  0.1608E+03 -0.3145E-02  0.5447E-02
 -0.3507E+02  0.1629E+03 -0.2072E-02  0.5693E-02
 -0.1517E+02  0.1678E+03 -0.1034E-02  0.5866E-02
 -0.9397E+01  0.1684E+03  0.2120E-07  0.5938E-02
 -0.2730E+01  0.1677E+03  0.1055E-02  0.5979E-02
  0.1053E+02  0.1640E+03  0.2168E-02  0.5957E-02
  0.1691E+02  0.1611E+03  0.3378E-02  0.5852E-02
  0.2179E+02  0.1577E+03  0.4768E-02  0.5682E-02
  0.3241E+02  0.1466E+03  0.6433E-02  0.5398E-02
  0.4196E+02  0.1332E+03  0.8415E-02  0.4858E-02
  0.5399E+02  0.1060E+03  0.1080E-01  0.3932E-02
  0.9397E+02 -0.2705E+02  0.1121E-01  0.1977E-02
  0.9601E+02 -0.4898E+02  0.1042E-01  0.2535E-07
  0.9403E+02 -0.7133E+02  0.9380E-02 -0.1654E-02
  0.8555E+02 -0.1016E+03  0.8161E-02 -0.2970E-02
  0.7747E+02 -0.1193E+03  0.6833E-02 -0.3945E-02
  0.6865E+02 -0.1317E+03  0.5582E-02 -0.4684E-02
  0.2272E+02 -0.1800E+03  0.4216E-02 -0.5024E-02
  0.1790E+02 -0.1835E+03  0.2978E-02 -0.5158E-02
  0.1550E+02 -0.1847E+03  0.1913E-02 -0.5255E-02
  0.4945E+01 -0.1872E+03  0.9369E-03 -0.5317E-02
 -0.7373E+01 -0.1883E+03  0.7877E-14 -0.5311E-02
          S1          S2          D1          D2
 -0.9870E+01 -0.2989E+03 -0.1493E-11 -0.3346E-02
 -0.3124E+02 -0.2968E+03 -0.5834E-03 -0.3308E-02
 -0.6963E+02 -0.2870E+03 -0.1165E-02 -0.3201E-02
 -0.7613E+02 -0.2841E+03 -0.1760E-02 -0.3048E-02
 -0.8089E+02 -0.2807E+03 -0.2407E-02 -0.2868E-02
 -0.8566E+02 -0.2759E+03 -0.3153E-02 -0.2645E-02
 -0.9126E+02 -0.2678E+03 -0.4067E-02 -0.2348E-02
 -0.1041E+03 -0.2378E+03 -0.5245E-02 -0.1909E-02
 -0.1910E+03  0.5880E+02 -0.5537E-02 -0.9762E-03
 -0.1929E+03  0.7781E+02 -0.5184E-02 -0.4321E-07
 -0.1915E+03  0.9247E+02 -0.4811E-02  0.8485E-03
 -0.1712E+03  0.1618E+03 -0.4347E-02  0.1582E-02
 -0.1613E+03  0.1837E+03 -0.3740E-02  0.2159E-02
 -0.1493E+03  0.2004E+03 -0.3150E-02  0.2643E-02
 -0.1404E+03  0.2096E+03 -0.2563E-02  0.3054E-02
 -0.1334E+03  0.2145E+03 -0.1980E-02  0.3430E-02
 -0.1196E+03  0.2207E+03 -0.1378E-02  0.3785E-02
 -0.3136E+02  0.2466E+03 -0.6992E-03  0.3966E-02
 -0.1859E+02  0.2478E+03 -0.4046E-06  0.4035E-02
 -0.2456E+01  0.2462E+03  0.7175E-03  0.4068E-02
  0.2572E+02  0.2383E+03  0.1469E-02  0.4037E-02
  0.6873E+02  0.2198E+03  0.2225E-02  0.3854E-02
  0.9782E+02  0.1983E+03  0.2993E-02  0.3567E-02
  0.1148E+03  0.1819E+03  0.3739E-02  0.3137E-02
  0.1233E+03  0.1696E+03  0.4519E-02  0.2609E-02
  0.1367E+03  0.1394E+03  0.5335E-02  0.1942E-02
  0.1910E+03 -0.5878E+02  0.5537E-02  0.9764E-03
  0.1929E+03 -0.7783E+02  0.5185E-02  0.4387E-07
  0.1915E+03 -0.9248E+02  0.4811E-02 -0.8485E-03
  0.1712E+03 -0.1618E+03  0.4347E-02 -0.1582E-02
  0.1613E+03 -0.1837E+03  0.3740E-02 -0.2159E-02
  0.1465E+03 -0.2038E+03  0.3149E-02 -0.2643E-02
  0.8190E+02 -0.2703E+03  0.2475E-02 -0.2950E-02
  0.7539E+02 -0.2749E+03  0.1813E-02 -0.3140E-02
  0.5513E+02 -0.2833E+03  0.1200E-02 -0.3296E-02
  0.8552E+01 -0.2972E+03  0.5905E-03 -0.3348E-02
 -0.9870E+01 -0.2989E+03 -0.1493E-11 -0.3346E-02
          S1          S2          D1          D2
 -0.9107E+02 -0.1390E+03 -0.3565E-12 -0.7196E-02
 -0.2422E+03 -0.1339E+03 -0.9988E-03 -0.5663E-02
 -0.2593E+03 -0.1296E+03 -0.1625E-02 -0.4465E-02
 -0.2659E+03 -0.1266E+03 -0.2061E-02 -0.3570E-02
 -0.2701E+03 -0.1236E+03 -0.2395E-02 -0.2854E-02
 -0.2738E+03 -0.1199E+03 -0.2670E-02 -0.2241E-02
 -0.2788E+03 -0.1126E+03 -0.2908E-02 -0.1679E-02
 -0.2878E+03 -0.9277E+02 -0.3110E-02 -0.1132E-02
 -0.3261E+03  0.3766E+02 -0.3130E-02 -0.5519E-03
 -0.3272E+03  0.4979E+02 -0.3056E-02  0.1357E-07
 -0.3259E+03  0.6688E+02 -0.2962E-02  0.5222E-03
 -0.3241E+03  0.7348E+02 -0.2851E-02  0.1038E-02
 -0.3221E+03  0.7800E+02 -0.2724E-02  0.1573E-02
 -0.3192E+03  0.8210E+02 -0.2577E-02  0.2162E-02
 -0.3144E+03  0.8678E+02 -0.2393E-02  0.2852E-02
 -0.3035E+03  0.9421E+02 -0.2143E-02  0.3711E-02
 -0.2434E+03  0.1213E+03 -0.1734E-02  0.4765E-02
  0.1733E+03  0.2536E+03 -0.7907E-03  0.4484E-02
  0.2181E+03  0.2581E+03 -0.6977E-07  0.3874E-02
  0.2354E+03  0.2568E+03  0.5911E-03  0.3353E-02
  0.2456E+03  0.2541E+03  0.1060E-02  0.2911E-02
  0.2531E+03  0.2506E+03  0.1455E-02  0.2520E-02
  0.2599E+03  0.2459E+03  0.1809E-02  0.2156E-02
  0.2819E+03  0.2227E+03  0.2133E-02  0.1790E-02
  0.2964E+03  0.2024E+03  0.2420E-02  0.1397E-02
  0.3046E+03  0.1847E+03  0.2689E-02  0.9784E-03
  0.3121E+03  0.1551E+03  0.2946E-02  0.5194E-03
  0.3284E+03 -0.1587E+02  0.3045E-02  0.6989E-09
  0.3259E+03 -0.6686E+02  0.2962E-02 -0.5222E-03
  0.3241E+03 -0.7349E+02  0.2851E-02 -0.1038E-02
  0.3220E+03 -0.7800E+02  0.2724E-02 -0.1573E-02
  0.3192E+03 -0.8210E+02  0.2577E-02 -0.2162E-02
  0.3144E+03 -0.8678E+02  0.2393E-02 -0.2852E-02
  0.3035E+03 -0.9421E+02  0.2143E-02 -0.3711E-02
  0.2543E+03 -0.1169E+03  0.1738E-02 -0.4775E-02
  0.2186E+03 -0.1263E+03  0.1070E-02 -0.6067E-02
 -0.9107E+02 -0.1390E+03 -0.3565E-12 -0.7196E-02
          S1          S2          D1          D2
 -0.9549E+02 -0.1436E+03  0.2953E-15 -0.6964E-02
 -0.2672E+03 -0.1386E+03 -0.9498E-03 -0.5386E-02
 -0.2859E+03 -0.1338E+03 -0.1530E-02 -0.4205E-02
 -0.2936E+03 -0.1303E+03 -0.1926E-02 -0.3336E-02
 -0.2980E+03 -0.1272E+03 -0.2224E-02 -0.2651E-02
 -0.3017E+03 -0.1236E+03 -0.2467E-02 -0.2070E-02
 -0.3061E+03 -0.1171E+03 -0.2676E-02 -0.1545E-02
 -0.3154E+03 -0.9621E+02 -0.2854E-02 -0.1039E-02
 -0.3576E+03  0.4332E+02 -0.2857E-02 -0.5038E-03
 -0.3587E+03  0.5498E+02 -0.2788E-02  0.1828E-07
 -0.3574E+03  0.6985E+02 -0.2705E-02  0.4769E-03
 -0.3555E+03  0.7704E+02 -0.2608E-02  0.9491E-03
 -0.3533E+03  0.8191E+02 -0.2496E-02  0.1442E-02
 -0.3502E+03  0.8631E+02 -0.2366E-02  0.1985E-02
 -0.3452E+03  0.9125E+02 -0.2203E-02  0.2625E-02
 -0.3342E+03  0.9873E+02 -0.1979E-02  0.3428E-02
 -0.2665E+03  0.1280E+03 -0.1618E-02  0.4445E-02
  0.1945E+03  0.2762E+03 -0.7288E-03  0.4134E-02
  0.2428E+03  0.2810E+03 -0.4496E-07  0.3559E-02
  0.2623E+03  0.2795E+03  0.5414E-03  0.3070E-02
  0.2730E+03  0.2767E+03  0.9680E-03  0.2659E-02
  0.2805E+03  0.2732E+03  0.1327E-02  0.2298E-02
  0.2874E+03  0.2683E+03  0.1647E-02  0.1963E-02
  0.3087E+03  0.2458E+03  0.1942E-02  0.1630E-02
  0.3253E+03  0.2226E+03  0.2204E-02  0.1272E-02
  0.3345E+03  0.2027E+03  0.2449E-02  0.8911E-03
  0.3430E+03  0.1693E+03  0.2682E-02  0.4730E-03
  0.3604E+03 -0.1045E+02  0.2775E-02 -0.1871E-09
  0.3574E+03 -0.6979E+02  0.2705E-02 -0.4770E-03
  0.3555E+03 -0.7705E+02  0.2608E-02 -0.9492E-03
  0.3533E+03 -0.8193E+02  0.2496E-02 -0.1442E-02
  0.3502E+03 -0.8632E+02  0.2366E-02 -0.1985E-02
  0.3452E+03 -0.9126E+02  0.2203E-02 -0.2625E-02
  0.3342E+03 -0.9874E+02  0.1979E-02 -0.3428E-02
  0.2846E+03 -0.1208E+03  0.1622E-02 -0.4456E-02
  0.2493E+03 -0.1302E+03  0.1012E-02 -0.5741E-02
 -0.9549E+02 -0.1436E+03  0.2953E-15 -0.6964E-02
          S1          S2          D1          D2
 -0.1029E+03 -0.1479E+03  0.3034E-12 -0.6760E-02
 -0.2816E+03 -0.1433E+03 -0.9139E-03 -0.5183E-02
 -0.2998E+03 -0.1385E+03 -0.1470E-02 -0.4038E-02
 -0.3091E+03 -0.1343E+03 -0.1846E-02 -0.3197E-02
 -0.3141E+03 -0.1309E+03 -0.2127E-02 -0.2535E-02
 -0.3180E+03 -0.1270E+03 -0.2356E-02 -0.1977E-02
 -0.3226E+03 -0.1202E+03 -0.2551E-02 -0.1473E-02
 -0.3328E+03 -0.9715E+02 -0.2716E-02 -0.9886E-03
 -0.3780E+03  0.4855E+02 -0.2707E-02 -0.4773E-03
 -0.3790E+03  0.6000E+02 -0.2638E-02  0.1825E-07
 -0.3778E+03  0.7390E+02 -0.2558E-02  0.4511E-03
 -0.3759E+03  0.8133E+02 -0.2467E-02  0.8978E-03
 -0.3736E+03  0.8639E+02 -0.2361E-02  0.1363E-02
 -0.3704E+03  0.9093E+02 -0.2239E-02  0.1878E-02
 -0.3652E+03  0.9601E+02 -0.2085E-02  0.2485E-02
 -0.3543E+03  0.1035E+03 -0.1874E-02  0.3246E-02
 -0.2844E+03  0.1330E+03 -0.1540E-02  0.4230E-02
  0.2044E+03  0.2914E+03 -0.6906E-03  0.3917E-02
  0.2556E+03  0.2963E+03  0.6447E-07  0.3374E-02
  0.2774E+03  0.2947E+03  0.5131E-03  0.2910E-02
  0.2886E+03  0.2918E+03  0.9172E-03  0.2520E-02
  0.2964E+03  0.2882E+03  0.1257E-02  0.2177E-02
  0.3033E+03  0.2833E+03  0.1560E-02  0.1859E-02
  0.3245E+03  0.2607E+03  0.1841E-02  0.1544E-02
  0.3429E+03  0.2351E+03  0.2089E-02  0.1206E-02
  0.3529E+03  0.2136E+03  0.2322E-02  0.8449E-03
  0.3620E+03  0.1774E+03  0.2542E-02  0.4483E-03
  0.3809E+03 -0.1253E+02  0.2626E-02 -0.2644E-09
  0.3778E+03 -0.7384E+02  0.2558E-02 -0.4511E-03
  0.3759E+03 -0.8136E+02  0.2467E-02 -0.8979E-03
  0.3735E+03 -0.8642E+02  0.2361E-02 -0.1364E-02
  0.3703E+03 -0.9096E+02  0.2239E-02 -0.1878E-02
  0.3652E+03 -0.9603E+02  0.2085E-02 -0.2485E-02
  0.3542E+03 -0.1035E+03  0.1874E-02 -0.3246E-02
  0.3076E+03 -0.1241E+03  0.1542E-02 -0.4237E-02
  0.2637E+03 -0.1357E+03  0.9675E-03 -0.5487E-02
 -0.1029E+03 -0.1479E+03  0.3034E-12 -0.6760E-02
          S1          S2          D1          D2
 -0.1204E+03 -0.1520E+03  0.2683E-12 -0.6579E-02
 -0.2897E+03 -0.1479E+03 -0.8862E-03 -0.5026E-02
 -0.3062E+03 -0.1436E+03 -0.1427E-02 -0.3921E-02
 -0.3172E+03 -0.1386E+03 -0.1795E-02 -0.3108E-02
 -0.3229E+03 -0.1346E+03 -0.2069E-02 -0.2466E-02
 -0.3272E+03 -0.1303E+03 -0.2291E-02 -0.1922E-02
 -0.3325E+03 -0.1226E+03 -0.2480E-02 -0.1432E-02
 -0.3441E+03 -0.9636E+02 -0.2638E-02 -0.9600E-03
 -0.3916E+03  0.5357E+02 -0.2617E-02 -0.4614E-03
 -0.3926E+03  0.6494E+02 -0.2547E-02  0.1693E-07
 -0.3914E+03  0.7857E+02 -0.2467E-02  0.4351E-03
 -0.3895E+03  0.8607E+02 -0.2377E-02  0.8651E-03
 -0.3871E+03  0.9121E+02 -0.2274E-02  0.1313E-02
 -0.3838E+03  0.9584E+02 -0.2154E-02  0.1807E-02
 -0.3787E+03  0.1010E+03 -0.2004E-02  0.2388E-02
 -0.3677E+03  0.1085E+03 -0.1800E-02  0.3118E-02
 -0.3016E+03  0.1363E+03 -0.1479E-02  0.4064E-02
  0.2075E+03  0.3020E+03 -0.6642E-03  0.3767E-02
  0.2614E+03  0.3072E+03  0.5203E-07  0.3255E-02
  0.2854E+03  0.3055E+03  0.4956E-03  0.2811E-02
  0.2972E+03  0.3024E+03  0.8866E-03  0.2436E-02
  0.3051E+03  0.2987E+03  0.1216E-02  0.2106E-02
  0.3122E+03  0.2937E+03  0.1510E-02  0.1800E-02
  0.3340E+03  0.2705E+03  0.1783E-02  0.1496E-02
  0.3538E+03  0.2429E+03  0.2024E-02  0.1169E-02
  0.3643E+03  0.2204E+03  0.2250E-02  0.8186E-03
  0.3740E+03  0.1819E+03  0.2463E-02  0.4342E-03
  0.3943E+03 -0.1856E+02  0.2536E-02 -0.2367E-09
  0.3914E+03 -0.7849E+02  0.2467E-02 -0.4351E-03
  0.3894E+03 -0.8610E+02  0.2377E-02 -0.8652E-03
  0.3870E+03 -0.9125E+02  0.2274E-02 -0.1313E-02
  0.3838E+03 -0.9588E+02  0.2154E-02 -0.1807E-02
  0.3786E+03 -0.1010E+03  0.2004E-02 -0.2388E-02
  0.3676E+03 -0.1085E+03  0.1800E-02 -0.3118E-02
  0.3217E+03 -0.1287E+03  0.1481E-02 -0.4069E-02
  0.2746E+03 -0.1414E+03  0.9288E-03 -0.5267E-02
 -0.1204E+03 -0.1520E+03  0.2683E-12 -0.6579E-02
