          Evm          Svm            E11          E22          E33          E23          E13          E12         SDEV11       SDEV22       SDEV33       SDEV23       SDEV13       SDEV12      TEMP
  0.00000E+00  0.31280E+03    0.00000E+00  0.00000E+00  0.00000E+00  0.00000E+00  0.00000E+00  0.00000E+00   -0.80221E+02 -0.97439E+02  0.17766E+03 -0.65172E+02 -0.66698E+02 -0.13160E+02      298.00
  0.42597E-03  0.32457E+03   -0.25000E-03 -0.25000E-03  0.50000E-03  0.00000E+00  0.00000E+00  0.00000E+00   -0.82317E+02 -0.98326E+02  0.18064E+03 -0.70205E+02 -0.74268E+02 -0.11497E+02      298.00
  0.84339E-03  0.33520E+03   -0.50000E-03 -0.50000E-03  0.10000E-02  0.00000E+00  0.00000E+00  0.00000E+00   -0.84197E+02 -0.99116E+02  0.18331E+03 -0.75080E+02 -0.80318E+02 -0.10307E+02      298.00
  0.12536E-02  0.34485E+03   -0.75000E-03 -0.75000E-03  0.15000E-02  0.00000E+00  0.00000E+00  0.00000E+00   -0.85876E+02 -0.99894E+02  0.18577E+03 -0.79629E+02 -0.85312E+02 -0.95099E+01      298.00
  0.16576E-02  0.35419E+03   -0.10000E-02 -0.10000E-02  0.20000E-02  0.00000E+00  0.00000E+00  0.00000E+00   -0.87299E+02 -0.10080E+03  0.18810E+03 -0.83929E+02 -0.90046E+02 -0.90416E+01      298.00
  0.20559E-02  0.36232E+03   -0.12500E-02 -0.12500E-02  0.25000E-02  0.00000E+00  0.00000E+00  0.00000E+00   -0.88537E+02 -0.10178E+03  0.19031E+03 -0.87789E+02 -0.93617E+02 -0.88614E+01      298.00
  0.24498E-02  0.37016E+03   -0.15000E-02 -0.15000E-02  0.30000E-02  0.00000E+00  0.00000E+00  0.00000E+00   -0.89559E+02 -0.10291E+03  0.19247E+03 -0.91285E+02 -0.97132E+02 -0.88953E+01      298.00
  0.28398E-02  0.37761E+03   -0.17500E-02 -0.17500E-02  0.35000E-02  0.00000E+00  0.00000E+00  0.00000E+00   -0.90449E+02 -0.10413E+03  0.19458E+03 -0.94544E+02 -0.10033E+03 -0.90789E+01      298.00
  0.32263E-02  0.38491E+03   -0.20000E-02 -0.20000E-02  0.40000E-02  0.00000E+00  0.00000E+00  0.00000E+00   -0.91258E+02 -0.10540E+03  0.19665E+03 -0.97658E+02 -0.10348E+03 -0.93373E+01      298.00
  0.36094E-02  0.39210E+03   -0.22500E-02 -0.22500E-02  0.45000E-02  0.00000E+00  0.00000E+00  0.00000E+00   -0.92026E+02 -0.10668E+03  0.19870E+03 -0.10069E+03 -0.10654E+03 -0.96312E+01      298.00
  0.39895E-02  0.39922E+03   -0.25000E-02 -0.25000E-02  0.50000E-02  0.00000E+00  0.00000E+00  0.00000E+00   -0.92768E+02 -0.10796E+03  0.20073E+03 -0.10366E+03 -0.10956E+03 -0.99405E+01      298.00
  0.43666E-02  0.40628E+03   -0.27500E-02 -0.27500E-02  0.55000E-02  0.00000E+00  0.00000E+00  0.00000E+00   -0.93493E+02 -0.10924E+03  0.20274E+03 -0.10660E+03 -0.11253E+03 -0.10255E+02      298.00
  0.47409E-02  0.41328E+03   -0.30000E-02 -0.30000E-02  0.60000E-02  0.00000E+00  0.00000E+00  0.00000E+00   -0.94206E+02 -0.11051E+03  0.20472E+03 -0.10950E+03 -0.11547E+03 -0.10571E+02      298.00
  0.51124E-02  0.42025E+03   -0.32500E-02 -0.32500E-02  0.65000E-02  0.00000E+00  0.00000E+00  0.00000E+00   -0.94908E+02 -0.11177E+03  0.20668E+03 -0.11237E+03 -0.11838E+03 -0.10886E+02      298.00
  0.54812E-02  0.42717E+03   -0.35000E-02 -0.35000E-02  0.70000E-02  0.00000E+00  0.00000E+00  0.00000E+00   -0.95600E+02 -0.11302E+03  0.20862E+03 -0.11522E+03 -0.12127E+03 -0.11198E+02      298.00
  0.58475E-02  0.43405E+03   -0.37500E-02 -0.37500E-02  0.75000E-02  0.00000E+00  0.00000E+00  0.00000E+00   -0.96283E+02 -0.11426E+03  0.21054E+03 -0.11804E+03 -0.12412E+03 -0.11507E+02      298.00
  0.62113E-02  0.44088E+03   -0.40000E-02 -0.40000E-02  0.80000E-02  0.00000E+00  0.00000E+00  0.00000E+00   -0.96958E+02 -0.11549E+03  0.21244E+03 -0.12083E+03 -0.12696E+03 -0.11813E+02      298.00
  0.65727E-02  0.44768E+03   -0.42500E-02 -0.42500E-02  0.85000E-02  0.00000E+00  0.00000E+00  0.00000E+00   -0.97625E+02 -0.11670E+03  0.21433E+03 -0.12360E+03 -0.12976E+03 -0.12115E+02      298.00
  0.69318E-02  0.45442E+03   -0.45000E-02 -0.45000E-02  0.90000E-02  0.00000E+00  0.00000E+00  0.00000E+00   -0.98284E+02 -0.11790E+03  0.21619E+03 -0.12634E+03 -0.13254E+03 -0.12413E+02      298.00
  0.72886E-02  0.46112E+03   -0.47500E-02 -0.47500E-02  0.95000E-02  0.00000E+00  0.00000E+00  0.00000E+00   -0.98935E+02 -0.11909E+03  0.21803E+03 -0.12906E+03 -0.13530E+03 -0.12707E+02      298.00
  0.76432E-02  0.46778E+03   -0.50000E-02 -0.50000E-02  0.10000E-01  0.00000E+00  0.00000E+00  0.00000E+00   -0.99579E+02 -0.12027E+03  0.21985E+03 -0.13175E+03 -0.13803E+03 -0.12997E+02      298.00
  0.79957E-02  0.47439E+03   -0.52500E-02 -0.52500E-02  0.10500E-01  0.00000E+00  0.00000E+00  0.00000E+00   -0.10022E+03 -0.12144E+03  0.22166E+03 -0.13442E+03 -0.14074E+03 -0.13284E+02      298.00
  0.83461E-02  0.48095E+03   -0.55000E-02 -0.55000E-02  0.11000E-01  0.00000E+00  0.00000E+00  0.00000E+00   -0.10085E+03 -0.12260E+03  0.22344E+03 -0.13706E+03 -0.14342E+03 -0.13566E+02      298.00
  0.86946E-02  0.48746E+03   -0.57500E-02 -0.57500E-02  0.11500E-01  0.00000E+00  0.00000E+00  0.00000E+00   -0.10147E+03 -0.12374E+03  0.22521E+03 -0.13968E+03 -0.14608E+03 -0.13846E+02      298.00
  0.90411E-02  0.49393E+03   -0.60000E-02 -0.60000E-02  0.12000E-01  0.00000E+00  0.00000E+00  0.00000E+00   -0.10208E+03 -0.12487E+03  0.22696E+03 -0.14228E+03 -0.14872E+03 -0.14121E+02      298.00
  0.93857E-02  0.50034E+03   -0.62500E-02 -0.62500E-02  0.12500E-01  0.00000E+00  0.00000E+00  0.00000E+00   -0.10269E+03 -0.12599E+03  0.22869E+03 -0.14485E+03 -0.15133E+03 -0.14392E+02      298.00
  0.97285E-02  0.50664E+03   -0.65000E-02 -0.65000E-02  0.13000E-01  0.00000E+00  0.00000E+00  0.00000E+00   -0.10329E+03 -0.12711E+03  0.23040E+03 -0.14743E+03 -0.15380E+03 -0.14675E+02      298.00
  0.10070E-01  0.51295E+03   -0.67500E-02 -0.67500E-02  0.13500E-01  0.00000E+00  0.00000E+00  0.00000E+00   -0.10389E+03 -0.12821E+03  0.23209E+03 -0.14995E+03 -0.15636E+03 -0.14938E+02      298.00
  0.10409E-01  0.51922E+03   -0.70000E-02 -0.70000E-02  0.14000E-01  0.00000E+00  0.00000E+00  0.00000E+00   -0.10448E+03 -0.12929E+03  0.23377E+03 -0.15245E+03 -0.15890E+03 -0.15198E+02      298.00
  0.10747E-01  0.52544E+03   -0.72500E-02 -0.72500E-02  0.14500E-01  0.00000E+00  0.00000E+00  0.00000E+00   -0.10506E+03 -0.13037E+03  0.23543E+03 -0.15493E+03 -0.16142E+03 -0.15455E+02      298.00
  0.11083E-01  0.53161E+03   -0.75000E-02 -0.75000E-02  0.15000E-01  0.00000E+00  0.00000E+00  0.00000E+00   -0.10564E+03 -0.13144E+03  0.23707E+03 -0.15739E+03 -0.16391E+03 -0.15708E+02      298.00
  0.11417E-01  0.53772E+03   -0.77500E-02 -0.77500E-02  0.15500E-01  0.00000E+00  0.00000E+00  0.00000E+00   -0.10621E+03 -0.13249E+03  0.23870E+03 -0.15982E+03 -0.16637E+03 -0.15957E+02      298.00
  0.11750E-01  0.54379E+03   -0.80000E-02 -0.80000E-02  0.16000E-01  0.00000E+00  0.00000E+00  0.00000E+00   -0.10677E+03 -0.13354E+03  0.24031E+03 -0.16223E+03 -0.16882E+03 -0.16203E+02      298.00
  0.12081E-01  0.54981E+03   -0.82500E-02 -0.82500E-02  0.16500E-01  0.00000E+00  0.00000E+00  0.00000E+00   -0.10733E+03 -0.13457E+03  0.24190E+03 -0.16461E+03 -0.17124E+03 -0.16446E+02      298.00
  0.12411E-01  0.55577E+03   -0.85000E-02 -0.85000E-02  0.17000E-01  0.00000E+00  0.00000E+00  0.00000E+00   -0.10788E+03 -0.13559E+03  0.24347E+03 -0.16698E+03 -0.17364E+03 -0.16685E+02      298.00
  0.12740E-01  0.56169E+03   -0.87500E-02 -0.87500E-02  0.17500E-01  0.00000E+00  0.00000E+00  0.00000E+00   -0.10843E+03 -0.13660E+03  0.24503E+03 -0.16932E+03 -0.17601E+03 -0.16920E+02      298.00
  0.13067E-01  0.56755E+03   -0.90000E-02 -0.90000E-02  0.18000E-01  0.00000E+00  0.00000E+00  0.00000E+00   -0.10897E+03 -0.13760E+03  0.24657E+03 -0.17164E+03 -0.17836E+03 -0.17153E+02      298.00
  0.13393E-01  0.57336E+03   -0.92500E-02 -0.92500E-02  0.18500E-01  0.00000E+00  0.00000E+00  0.00000E+00   -0.10950E+03 -0.13860E+03  0.24810E+03 -0.17394E+03 -0.18069E+03 -0.17382E+02      298.00
  0.13718E-01  0.57912E+03   -0.95000E-02 -0.95000E-02  0.19000E-01  0.00000E+00  0.00000E+00  0.00000E+00   -0.11003E+03 -0.13958E+03  0.24961E+03 -0.17621E+03 -0.18300E+03 -0.17608E+02      298.00
  0.14041E-01  0.58484E+03   -0.97500E-02 -0.97500E-02  0.19500E-01  0.00000E+00  0.00000E+00  0.00000E+00   -0.11055E+03 -0.14055E+03  0.25110E+03 -0.17846E+03 -0.18528E+03 -0.17831E+02      298.00
  0.14363E-01  0.59050E+03   -0.10000E-01 -0.10000E-01  0.20000E-01  0.00000E+00  0.00000E+00  0.00000E+00   -0.11107E+03 -0.14151E+03  0.25258E+03 -0.18070E+03 -0.18755E+03 -0.18051E+02      298.00
  0.14684E-01  0.59611E+03   -0.10250E-01 -0.10250E-01  0.20500E-01  0.00000E+00  0.00000E+00  0.00000E+00   -0.11158E+03 -0.14246E+03  0.25404E+03 -0.18291E+03 -0.18978E+03 -0.18268E+02      298.00
  0.15003E-01  0.60167E+03   -0.10500E-01 -0.10500E-01  0.21000E-01  0.00000E+00  0.00000E+00  0.00000E+00   -0.11209E+03 -0.14340E+03  0.25549E+03 -0.18509E+03 -0.19200E+03 -0.18482E+02      298.00
  0.15322E-01  0.60718E+03   -0.10750E-01 -0.10750E-01  0.21500E-01  0.00000E+00  0.00000E+00  0.00000E+00   -0.11259E+03 -0.14433E+03  0.25692E+03 -0.18726E+03 -0.19420E+03 -0.18693E+02      298.00
  0.15639E-01  0.61264E+03   -0.11000E-01 -0.11000E-01  0.22000E-01  0.00000E+00  0.00000E+00  0.00000E+00   -0.11309E+03 -0.14525E+03  0.25834E+03 -0.18941E+03 -0.19637E+03 -0.18901E+02      298.00
  0.15955E-01  0.61805E+03   -0.11250E-01 -0.11250E-01  0.22500E-01  0.00000E+00  0.00000E+00  0.00000E+00   -0.11358E+03 -0.14617E+03  0.25974E+03 -0.19154E+03 -0.19852E+03 -0.19106E+02      298.00
  0.16271E-01  0.62341E+03   -0.11500E-01 -0.11500E-01  0.23000E-01  0.00000E+00  0.00000E+00  0.00000E+00   -0.11406E+03 -0.14707E+03  0.26113E+03 -0.19364E+03 -0.20065E+03 -0.19309E+02      298.00
  0.16585E-01  0.62872E+03   -0.11750E-01 -0.11750E-01  0.23500E-01  0.00000E+00  0.00000E+00  0.00000E+00   -0.11454E+03 -0.14796E+03  0.26250E+03 -0.19573E+03 -0.20276E+03 -0.19509E+02      298.00
  0.16898E-01  0.63398E+03   -0.12000E-01 -0.12000E-01  0.24000E-01  0.00000E+00  0.00000E+00  0.00000E+00   -0.11502E+03 -0.14885E+03  0.26386E+03 -0.19779E+03 -0.20485E+03 -0.19706E+02      298.00
  0.17210E-01  0.63919E+03   -0.12250E-01 -0.12250E-01  0.24500E-01  0.00000E+00  0.00000E+00  0.00000E+00   -0.11549E+03 -0.14972E+03  0.26521E+03 -0.19983E+03 -0.20691E+03 -0.19900E+02      298.00
  0.17521E-01  0.64435E+03   -0.12500E-01 -0.12500E-01  0.25000E-01  0.00000E+00  0.00000E+00  0.00000E+00   -0.11595E+03 -0.15059E+03  0.26654E+03 -0.20186E+03 -0.20896E+03 -0.20092E+02      298.00
          Evm          Svm            E11          E22          E33          E23          E13          E12         SDEV11       SDEV22       SDEV33       SDEV23       SDEV13       SDEV12      TEMP
  0.17521E-01  0.64451E+03   -0.12500E-01 -0.12500E-01  0.25000E-01  0.00000E+00  0.00000E+00  0.00000E+00   -0.11596E+03 -0.15058E+03  0.26654E+03 -0.20181E+03 -0.20918E+03 -0.20062E+02      298.00
  0.17831E-01  0.64947E+03   -0.12750E-01 -0.12750E-01  0.25500E-01  0.00000E+00  0.00000E+00  0.00000E+00   -0.11642E+03 -0.15144E+03  0.26786E+03 -0.20386E+03 -0.21098E+03 -0.20282E+02      298.00
  0.18141E-01  0.65453E+03   -0.13000E-01 -0.13000E-01  0.26000E-01  0.00000E+00  0.00000E+00  0.00000E+00   -0.11687E+03 -0.15229E+03  0.26916E+03 -0.20585E+03 -0.21298E+03 -0.20469E+02      298.00
  0.18449E-01  0.65955E+03   -0.13250E-01 -0.13250E-01  0.26500E-01  0.00000E+00  0.00000E+00  0.00000E+00   -0.11732E+03 -0.15313E+03  0.27045E+03 -0.20781E+03 -0.21497E+03 -0.20654E+02      298.00
  0.18757E-01  0.66451E+03   -0.13500E-01 -0.13500E-01  0.27000E-01  0.00000E+00  0.00000E+00  0.00000E+00   -0.11777E+03 -0.15396E+03  0.27173E+03 -0.20976E+03 -0.21693E+03 -0.20836E+02      298.00
  0.19063E-01  0.66944E+03   -0.13750E-01 -0.13750E-01  0.27500E-01  0.00000E+00  0.00000E+00  0.00000E+00   -0.11821E+03 -0.15478E+03  0.27299E+03 -0.21168E+03 -0.21887E+03 -0.21016E+02      298.00
  0.19369E-01  0.67431E+03   -0.14000E-01 -0.14000E-01  0.28000E-01  0.00000E+00  0.00000E+00  0.00000E+00   -0.11865E+03 -0.15559E+03  0.27424E+03 -0.21359E+03 -0.22079E+03 -0.21193E+02      298.00
  0.19674E-01  0.67913E+03   -0.14250E-01 -0.14250E-01  0.28500E-01  0.00000E+00  0.00000E+00  0.00000E+00   -0.11908E+03 -0.15640E+03  0.27547E+03 -0.21548E+03 -0.22269E+03 -0.21369E+02      298.00
  0.19978E-01  0.68391E+03   -0.14500E-01 -0.14500E-01  0.29000E-01  0.00000E+00  0.00000E+00  0.00000E+00   -0.11951E+03 -0.15719E+03  0.27670E+03 -0.21735E+03 -0.22457E+03 -0.21542E+02      298.00
  0.20282E-01  0.68864E+03   -0.14750E-01 -0.14750E-01  0.29500E-01  0.00000E+00  0.00000E+00  0.00000E+00   -0.11993E+03 -0.15798E+03  0.27791E+03 -0.21920E+03 -0.22643E+03 -0.21713E+02      298.00
  0.20585E-01  0.69333E+03   -0.15000E-01 -0.15000E-01  0.30000E-01  0.00000E+00  0.00000E+00  0.00000E+00   -0.12035E+03 -0.15876E+03  0.27911E+03 -0.22103E+03 -0.22827E+03 -0.21881E+02      298.00
  0.20886E-01  0.69797E+03   -0.15250E-01 -0.15250E-01  0.30500E-01  0.00000E+00  0.00000E+00  0.00000E+00   -0.12076E+03 -0.15953E+03  0.28029E+03 -0.22284E+03 -0.23009E+03 -0.22048E+02      298.00
  0.21188E-01  0.70256E+03   -0.15500E-01 -0.15500E-01  0.31000E-01  0.00000E+00  0.00000E+00  0.00000E+00   -0.12117E+03 -0.16029E+03  0.28147E+03 -0.22464E+03 -0.23189E+03 -0.22212E+02      298.00
  0.21488E-01  0.51405E+03   -0.15750E-01 -0.15750E-01  0.31500E-01  0.00000E+00  0.00000E+00  0.00000E+00   -0.29983E+03  0.49337E+02  0.25050E+03  0.83850E+01  0.21394E+00  0.10233E+03      298.00
  0.21854E-01  0.51623E+03   -0.16000E-01 -0.16000E-01  0.32000E-01  0.00000E+00  0.00000E+00  0.00000E+00   -0.30119E+03  0.49838E+02  0.25135E+03  0.82115E+01  0.15906E+00  0.10285E+03      298.00
  0.22219E-01  0.51846E+03   -0.16250E-01 -0.16250E-01  0.32500E-01  0.00000E+00  0.00000E+00  0.00000E+00   -0.30255E+03  0.50334E+02  0.25221E+03  0.82966E+01  0.16692E+00  0.10340E+03      298.00
  0.22584E-01  0.52068E+03   -0.16500E-01 -0.16500E-01  0.33000E-01  0.00000E+00  0.00000E+00  0.00000E+00   -0.30390E+03  0.50828E+02  0.25307E+03  0.83970E+01  0.17918E+00  0.10394E+03      298.00
  0.22948E-01  0.52287E+03   -0.16750E-01 -0.16750E-01  0.33500E-01  0.00000E+00  0.00000E+00  0.00000E+00   -0.30524E+03  0.51316E+02  0.25393E+03  0.84975E+01  0.19159E+00  0.10448E+03      298.00
  0.23312E-01  0.52505E+03   -0.17000E-01 -0.17000E-01  0.34000E-01  0.00000E+00  0.00000E+00  0.00000E+00   -0.30657E+03  0.51799E+02  0.25477E+03  0.85984E+01  0.20421E+00  0.10502E+03      298.00
  0.23676E-01  0.52720E+03   -0.17250E-01 -0.17250E-01  0.34500E-01  0.00000E+00  0.00000E+00  0.00000E+00   -0.30788E+03  0.52276E+02  0.25561E+03  0.86996E+01  0.21701E+00  0.10555E+03      298.00
  0.24040E-01  0.52934E+03   -0.17500E-01 -0.17500E-01  0.35000E-01  0.00000E+00  0.00000E+00  0.00000E+00   -0.30919E+03  0.52749E+02  0.25644E+03  0.88017E+01  0.23016E+00  0.10608E+03      298.00
  0.24403E-01  0.53145E+03   -0.17750E-01 -0.17750E-01  0.35500E-01  0.00000E+00  0.00000E+00  0.00000E+00   -0.31048E+03  0.53215E+02  0.25726E+03  0.89037E+01  0.24336E+00  0.10660E+03      298.00
  0.24766E-01  0.53320E+03   -0.18000E-01 -0.18000E-01  0.36000E-01  0.00000E+00  0.00000E+00  0.00000E+00   -0.31147E+03  0.53488E+02  0.25798E+03  0.92091E+01  0.27517E+00  0.10708E+03      298.00
  0.25129E-01  0.53532E+03   -0.18250E-01 -0.18250E-01  0.36500E-01  0.00000E+00  0.00000E+00  0.00000E+00   -0.31277E+03  0.53963E+02  0.25880E+03  0.93039E+01  0.28883E+00  0.10760E+03      298.00
  0.25492E-01  0.53737E+03   -0.18500E-01 -0.18500E-01  0.37000E-01  0.00000E+00  0.00000E+00  0.00000E+00   -0.31402E+03  0.54414E+02  0.25960E+03  0.94045E+01  0.30202E+00  0.10811E+03      298.00
  0.25854E-01  0.53941E+03   -0.18750E-01 -0.18750E-01  0.37500E-01  0.00000E+00  0.00000E+00  0.00000E+00   -0.31526E+03  0.54861E+02  0.26040E+03  0.95051E+01  0.31545E+00  0.10860E+03      298.00
  0.26216E-01  0.54142E+03   -0.19000E-01 -0.19000E-01  0.38000E-01  0.00000E+00  0.00000E+00  0.00000E+00   -0.31648E+03  0.55302E+02  0.26118E+03  0.96061E+01  0.32909E+00  0.10910E+03      298.00
  0.26578E-01  0.54342E+03   -0.19250E-01 -0.19250E-01  0.38500E-01  0.00000E+00  0.00000E+00  0.00000E+00   -0.31770E+03  0.55738E+02  0.26196E+03  0.97077E+01  0.34293E+00  0.10958E+03      298.00
  0.26939E-01  0.54540E+03   -0.19500E-01 -0.19500E-01  0.39000E-01  0.00000E+00  0.00000E+00  0.00000E+00   -0.31890E+03  0.56168E+02  0.26273E+03  0.98097E+01  0.35699E+00  0.11007E+03      298.00
  0.27301E-01  0.54735E+03   -0.19750E-01 -0.19750E-01  0.39500E-01  0.00000E+00  0.00000E+00  0.00000E+00   -0.32009E+03  0.56593E+02  0.26350E+03  0.99121E+01  0.37125E+00  0.11054E+03      298.00
  0.27662E-01  0.54929E+03   -0.20000E-01 -0.20000E-01  0.40000E-01  0.00000E+00  0.00000E+00  0.00000E+00   -0.32127E+03  0.57013E+02  0.26426E+03  0.10015E+02  0.38572E+00  0.11101E+03      298.00
  0.28023E-01  0.55121E+03   -0.20250E-01 -0.20250E-01  0.40500E-01  0.00000E+00  0.00000E+00  0.00000E+00   -0.32244E+03  0.57428E+02  0.26501E+03  0.10118E+02  0.40039E+00  0.11148E+03      298.00
  0.28383E-01  0.55311E+03   -0.20500E-01 -0.20500E-01  0.41000E-01  0.00000E+00  0.00000E+00  0.00000E+00   -0.32359E+03  0.57837E+02  0.26576E+03  0.10222E+02  0.41526E+00  0.11194E+03      298.00
  0.28744E-01  0.55500E+03   -0.20750E-01 -0.20750E-01  0.41500E-01  0.00000E+00  0.00000E+00  0.00000E+00   -0.32474E+03  0.58242E+02  0.26650E+03  0.10327E+02  0.43033E+00  0.11240E+03      298.00
  0.29104E-01  0.55686E+03   -0.21000E-01 -0.21000E-01  0.42000E-01  0.00000E+00  0.00000E+00  0.00000E+00   -0.32587E+03  0.58641E+02  0.26723E+03  0.10431E+02  0.44560E+00  0.11285E+03      298.00
  0.29464E-01  0.55870E+03   -0.21250E-01 -0.21250E-01  0.42500E-01  0.00000E+00  0.00000E+00  0.00000E+00   -0.32699E+03  0.59035E+02  0.26795E+03  0.10537E+02  0.46108E+00  0.11330E+03      298.00
  0.29823E-01  0.56053E+03   -0.21500E-01 -0.21500E-01  0.43000E-01  0.00000E+00  0.00000E+00  0.00000E+00   -0.32810E+03  0.59424E+02  0.26867E+03  0.10642E+02  0.47674E+00  0.11374E+03      298.00
  0.30183E-01  0.56234E+03   -0.21750E-01 -0.21750E-01  0.43500E-01  0.00000E+00  0.00000E+00  0.00000E+00   -0.32919E+03  0.59808E+02  0.26939E+03  0.10748E+02  0.49261E+00  0.11417E+03      298.00
  0.30542E-01  0.56413E+03   -0.22000E-01 -0.22000E-01  0.44000E-01  0.00000E+00  0.00000E+00  0.00000E+00   -0.33028E+03  0.60187E+02  0.27009E+03  0.10855E+02  0.50866E+00  0.11461E+03      298.00
  0.30901E-01  0.56591E+03   -0.22250E-01 -0.22250E-01  0.44500E-01  0.00000E+00  0.00000E+00  0.00000E+00   -0.33136E+03  0.60561E+02  0.27079E+03  0.10962E+02  0.52491E+00  0.11503E+03      298.00
  0.31260E-01  0.56806E+03   -0.22500E-01 -0.22500E-01  0.45000E-01  0.00000E+00  0.00000E+00  0.00000E+00   -0.33260E+03  0.61000E+02  0.27160E+03  0.11331E+02  0.57850E+00  0.11566E+03      298.00
  0.31619E-01  0.56979E+03   -0.22750E-01 -0.22750E-01  0.45500E-01  0.00000E+00  0.00000E+00  0.00000E+00   -0.33365E+03  0.61359E+02  0.27229E+03  0.11439E+02  0.59358E+00  0.11608E+03      298.00
  0.31977E-01  0.57150E+03   -0.23000E-01 -0.23000E-01  0.46000E-01  0.00000E+00  0.00000E+00  0.00000E+00   -0.33469E+03  0.61718E+02  0.27297E+03  0.11545E+02  0.61021E+00  0.11649E+03      298.00
  0.32335E-01  0.57321E+03   -0.23250E-01 -0.23250E-01  0.46500E-01  0.00000E+00  0.00000E+00  0.00000E+00   -0.33572E+03  0.62071E+02  0.27365E+03  0.11652E+02  0.62696E+00  0.11690E+03      298.00
  0.32693E-01  0.57489E+03   -0.23500E-01 -0.23500E-01  0.47000E-01  0.00000E+00  0.00000E+00  0.00000E+00   -0.33674E+03  0.62420E+02  0.27432E+03  0.11759E+02  0.64391E+00  0.11730E+03      298.00
  0.33051E-01  0.57656E+03   -0.23750E-01 -0.23750E-01  0.47500E-01  0.00000E+00  0.00000E+00  0.00000E+00   -0.33775E+03  0.62764E+02  0.27498E+03  0.11867E+02  0.66104E+00  0.11769E+03      298.00
  0.33409E-01  0.57821E+03   -0.24000E-01 -0.24000E-01  0.48000E-01  0.00000E+00  0.00000E+00  0.00000E+00   -0.33874E+03  0.63103E+02  0.27564E+03  0.11975E+02  0.67837E+00  0.11809E+03      298.00
  0.33766E-01  0.57984E+03   -0.24250E-01 -0.24250E-01  0.48500E-01  0.00000E+00  0.00000E+00  0.00000E+00   -0.33973E+03  0.63438E+02  0.27629E+03  0.12084E+02  0.69589E+00  0.11847E+03      298.00
  0.34124E-01  0.58146E+03   -0.24500E-01 -0.24500E-01  0.49000E-01  0.00000E+00  0.00000E+00  0.00000E+00   -0.34071E+03  0.63768E+02  0.27694E+03  0.12193E+02  0.71358E+00  0.11886E+03      298.00
  0.34481E-01  0.58306E+03   -0.24750E-01 -0.24750E-01  0.49500E-01  0.00000E+00  0.00000E+00  0.00000E+00   -0.34168E+03  0.64093E+02  0.27758E+03  0.12302E+02  0.73146E+00  0.11924E+03      298.00
  0.34838E-01  0.58465E+03   -0.25000E-01 -0.25000E-01  0.50000E-01  0.00000E+00  0.00000E+00  0.00000E+00   -0.34263E+03  0.64414E+02  0.27822E+03  0.12413E+02  0.74952E+00  0.11961E+03      298.00
          Evm          Svm            E11          E22          E33          E23          E13          E12         SDEV11       SDEV22       SDEV33       SDEV23       SDEV13       SDEV12      TEMP
  0.34838E-01  0.58461E+03   -0.25000E-01 -0.25000E-01  0.50000E-01  0.00000E+00  0.00000E+00  0.00000E+00   -0.34270E+03  0.64494E+02  0.27820E+03  0.12155E+02  0.72918E+00  0.11948E+03      298.00
  0.35195E-01  0.58622E+03   -0.25250E-01 -0.25250E-01  0.50500E-01  0.00000E+00  0.00000E+00  0.00000E+00   -0.34358E+03  0.64725E+02  0.27885E+03  0.12551E+02  0.77273E+00  0.11999E+03      298.00
  0.35552E-01  0.58777E+03   -0.25500E-01 -0.25500E-01  0.51000E-01  0.00000E+00  0.00000E+00  0.00000E+00   -0.34452E+03  0.65043E+02  0.27948E+03  0.12631E+02  0.78556E+00  0.12035E+03      298.00
  0.35908E-01  0.58931E+03   -0.25750E-01 -0.25750E-01  0.51500E-01  0.00000E+00  0.00000E+00  0.00000E+00   -0.34545E+03  0.65350E+02  0.28010E+03  0.12746E+02  0.80491E+00  0.12071E+03      298.00
  0.36265E-01  0.59083E+03   -0.26000E-01 -0.26000E-01  0.52000E-01  0.00000E+00  0.00000E+00  0.00000E+00   -0.34636E+03  0.65653E+02  0.28071E+03  0.12857E+02  0.82357E+00  0.12107E+03      298.00
  0.36621E-01  0.59234E+03   -0.26250E-01 -0.26250E-01  0.52500E-01  0.00000E+00  0.00000E+00  0.00000E+00   -0.34727E+03  0.65952E+02  0.28132E+03  0.12969E+02  0.84249E+00  0.12142E+03      298.00
  0.36977E-01  0.59384E+03   -0.26500E-01 -0.26500E-01  0.53000E-01  0.00000E+00  0.00000E+00  0.00000E+00   -0.34817E+03  0.66247E+02  0.28192E+03  0.13082E+02  0.86157E+00  0.12177E+03      298.00
  0.37333E-01  0.59531E+03   -0.26750E-01 -0.26750E-01  0.53500E-01  0.00000E+00  0.00000E+00  0.00000E+00   -0.34906E+03  0.66537E+02  0.28252E+03  0.13195E+02  0.88081E+00  0.12212E+03      298.00
  0.37689E-01  0.59678E+03   -0.27000E-01 -0.27000E-01  0.54000E-01  0.00000E+00  0.00000E+00  0.00000E+00   -0.34994E+03  0.66823E+02  0.28312E+03  0.13309E+02  0.90020E+00  0.12246E+03      298.00
  0.38045E-01  0.59822E+03   -0.27250E-01 -0.27250E-01  0.54500E-01  0.00000E+00  0.00000E+00  0.00000E+00   -0.35081E+03  0.67104E+02  0.28371E+03  0.13422E+02  0.91975E+00  0.12279E+03      298.00
  0.38401E-01  0.59966E+03   -0.27500E-01 -0.27500E-01  0.55000E-01  0.00000E+00  0.00000E+00  0.00000E+00   -0.35167E+03  0.67382E+02  0.28429E+03  0.13536E+02  0.93945E+00  0.12313E+03      298.00
  0.38756E-01  0.60108E+03   -0.27750E-01 -0.27750E-01  0.55500E-01  0.00000E+00  0.00000E+00  0.00000E+00   -0.35253E+03  0.67655E+02  0.28487E+03  0.13651E+02  0.95930E+00  0.12346E+03      298.00
  0.39112E-01  0.60248E+03   -0.28000E-01 -0.28000E-01  0.56000E-01  0.00000E+00  0.00000E+00  0.00000E+00   -0.35337E+03  0.67925E+02  0.28545E+03  0.13766E+02  0.97930E+00  0.12378E+03      298.00
  0.39467E-01  0.60387E+03   -0.28250E-01 -0.28250E-01  0.56500E-01  0.00000E+00  0.00000E+00  0.00000E+00   -0.35421E+03  0.68190E+02  0.28602E+03  0.13881E+02  0.99944E+00  0.12410E+03      298.00
  0.39822E-01  0.60525E+03   -0.28500E-01 -0.28500E-01  0.57000E-01  0.00000E+00  0.00000E+00  0.00000E+00   -0.35503E+03  0.68451E+02  0.28658E+03  0.13997E+02  0.10197E+01  0.12442E+03      298.00
  0.40178E-01  0.60661E+03   -0.28750E-01 -0.28750E-01  0.57500E-01  0.00000E+00  0.00000E+00  0.00000E+00   -0.35585E+03  0.68708E+02  0.28714E+03  0.14113E+02  0.10401E+01  0.12473E+03      298.00
  0.40533E-01  0.60796E+03   -0.29000E-01 -0.29000E-01  0.58000E-01  0.00000E+00  0.00000E+00  0.00000E+00   -0.35666E+03  0.68962E+02  0.28770E+03  0.14229E+02  0.10607E+01  0.12504E+03      298.00
  0.40888E-01  0.60930E+03   -0.29250E-01 -0.29250E-01  0.58500E-01  0.00000E+00  0.00000E+00  0.00000E+00   -0.35746E+03  0.69211E+02  0.28825E+03  0.14345E+02  0.10813E+01  0.12535E+03      298.00
  0.41242E-01  0.61062E+03   -0.29500E-01 -0.29500E-01  0.59000E-01  0.00000E+00  0.00000E+00  0.00000E+00   -0.35825E+03  0.69456E+02  0.28879E+03  0.14462E+02  0.11021E+01  0.12565E+03      298.00
  0.41597E-01  0.61192E+03   -0.29750E-01 -0.29750E-01  0.59500E-01  0.00000E+00  0.00000E+00  0.00000E+00   -0.35903E+03  0.69698E+02  0.28934E+03  0.14579E+02  0.11231E+01  0.12595E+03      298.00
  0.41952E-01  0.61322E+03   -0.30000E-01 -0.30000E-01  0.60000E-01  0.00000E+00  0.00000E+00  0.00000E+00   -0.35981E+03  0.69936E+02  0.28987E+03  0.14697E+02  0.11441E+01  0.12625E+03      298.00
  0.42306E-01  0.61450E+03   -0.30250E-01 -0.30250E-01  0.60500E-01  0.00000E+00  0.00000E+00  0.00000E+00   -0.36058E+03  0.70170E+02  0.29041E+03  0.14814E+02  0.11652E+01  0.12654E+03      298.00
  0.42661E-01  0.61577E+03   -0.30500E-01 -0.30500E-01  0.61000E-01  0.00000E+00  0.00000E+00  0.00000E+00   -0.36134E+03  0.70400E+02  0.29094E+03  0.14932E+02  0.11865E+01  0.12683E+03      298.00
  0.43015E-01  0.61703E+03   -0.30750E-01 -0.30750E-01  0.61500E-01  0.00000E+00  0.00000E+00  0.00000E+00   -0.36209E+03  0.70627E+02  0.29146E+03  0.15050E+02  0.12079E+01  0.12711E+03      298.00
  0.43369E-01  0.61827E+03   -0.31000E-01 -0.31000E-01  0.62000E-01  0.00000E+00  0.00000E+00  0.00000E+00   -0.36283E+03  0.70850E+02  0.29198E+03  0.15169E+02  0.12293E+01  0.12739E+03      298.00
  0.43723E-01  0.61950E+03   -0.31250E-01 -0.31250E-01  0.62500E-01  0.00000E+00  0.00000E+00  0.00000E+00   -0.36356E+03  0.71069E+02  0.29249E+03  0.15287E+02  0.12509E+01  0.12767E+03      298.00
  0.44078E-01  0.62072E+03   -0.31500E-01 -0.31500E-01  0.63000E-01  0.00000E+00  0.00000E+00  0.00000E+00   -0.36429E+03  0.71284E+02  0.29301E+03  0.15406E+02  0.12726E+01  0.12794E+03      298.00
  0.44432E-01  0.62192E+03   -0.31750E-01 -0.31750E-01  0.63500E-01  0.00000E+00  0.00000E+00  0.00000E+00   -0.36501E+03  0.71497E+02  0.29351E+03  0.15525E+02  0.12943E+01  0.12821E+03      298.00
  0.44786E-01  0.62311E+03   -0.32000E-01 -0.32000E-01  0.64000E-01  0.00000E+00  0.00000E+00  0.00000E+00   -0.36572E+03  0.71705E+02  0.29402E+03  0.15644E+02  0.13161E+01  0.12848E+03      298.00
  0.45139E-01  0.62430E+03   -0.32250E-01 -0.32250E-01  0.64500E-01  0.00000E+00  0.00000E+00  0.00000E+00   -0.36643E+03  0.71910E+02  0.29452E+03  0.15763E+02  0.13381E+01  0.12875E+03      298.00
  0.45493E-01  0.62546E+03   -0.32500E-01 -0.32500E-01  0.65000E-01  0.00000E+00  0.00000E+00  0.00000E+00   -0.36712E+03  0.72112E+02  0.29501E+03  0.15883E+02  0.13601E+01  0.12901E+03      298.00
  0.45847E-01  0.62662E+03   -0.32750E-01 -0.32750E-01  0.65500E-01  0.00000E+00  0.00000E+00  0.00000E+00   -0.36781E+03  0.72310E+02  0.29550E+03  0.16002E+02  0.13821E+01  0.12926E+03      298.00
  0.46201E-01  0.62777E+03   -0.33000E-01 -0.33000E-01  0.66000E-01  0.00000E+00  0.00000E+00  0.00000E+00   -0.36849E+03  0.72504E+02  0.29599E+03  0.16122E+02  0.14043E+01  0.12952E+03      298.00
  0.46554E-01  0.62851E+03   -0.33250E-01 -0.33250E-01  0.66500E-01  0.00000E+00  0.00000E+00  0.00000E+00   -0.36904E+03  0.72682E+02  0.29636E+03  0.15847E+02  0.13699E+01  0.12952E+03      298.00
  0.46908E-01  0.63004E+03   -0.33500E-01 -0.33500E-01  0.67000E-01  0.00000E+00  0.00000E+00  0.00000E+00   -0.36985E+03  0.72891E+02  0.29696E+03  0.16385E+02  0.14564E+01  0.13002E+03      298.00
  0.47261E-01  0.63078E+03   -0.33750E-01 -0.33750E-01  0.67500E-01  0.00000E+00  0.00000E+00  0.00000E+00   -0.37039E+03  0.73066E+02  0.29732E+03  0.16094E+02  0.14166E+01  0.13002E+03      298.00
  0.47615E-01  0.63225E+03   -0.34000E-01 -0.34000E-01  0.68000E-01  0.00000E+00  0.00000E+00  0.00000E+00   -0.37116E+03  0.73256E+02  0.29790E+03  0.16625E+02  0.15012E+01  0.13051E+03      298.00
  0.47968E-01  0.63297E+03   -0.34250E-01 -0.34250E-01  0.68500E-01  0.00000E+00  0.00000E+00  0.00000E+00   -0.37169E+03  0.73427E+02  0.29826E+03  0.16339E+02  0.14619E+01  0.13051E+03      298.00
  0.48322E-01  0.63441E+03   -0.34500E-01 -0.34500E-01  0.69000E-01  0.00000E+00  0.00000E+00  0.00000E+00   -0.37244E+03  0.73609E+02  0.29883E+03  0.16865E+02  0.15462E+01  0.13098E+03      298.00
  0.48675E-01  0.63512E+03   -0.34750E-01 -0.34750E-01  0.69500E-01  0.00000E+00  0.00000E+00  0.00000E+00   -0.37296E+03  0.73775E+02  0.29918E+03  0.16584E+02  0.15075E+01  0.13098E+03      298.00
  0.49028E-01  0.63653E+03   -0.35000E-01 -0.35000E-01  0.70000E-01  0.00000E+00  0.00000E+00  0.00000E+00   -0.37370E+03  0.73949E+02  0.29975E+03  0.17105E+02  0.15913E+01  0.13144E+03      298.00
  0.49382E-01  0.63722E+03   -0.35250E-01 -0.35250E-01  0.70500E-01  0.00000E+00  0.00000E+00  0.00000E+00   -0.37421E+03  0.74110E+02  0.30010E+03  0.16828E+02  0.15531E+01  0.13144E+03      298.00
  0.49735E-01  0.63860E+03   -0.35500E-01 -0.35500E-01  0.71000E-01  0.00000E+00  0.00000E+00  0.00000E+00   -0.37493E+03  0.74277E+02  0.30065E+03  0.17345E+02  0.16366E+01  0.13189E+03      298.00
  0.50088E-01  0.63929E+03   -0.35750E-01 -0.35750E-01  0.71500E-01  0.00000E+00  0.00000E+00  0.00000E+00   -0.37543E+03  0.74433E+02  0.30099E+03  0.17073E+02  0.15990E+01  0.13189E+03      298.00
  0.50441E-01  0.64064E+03   -0.36000E-01 -0.36000E-01  0.72000E-01  0.00000E+00  0.00000E+00  0.00000E+00   -0.37613E+03  0.74592E+02  0.30154E+03  0.17584E+02  0.16818E+01  0.13233E+03      298.00
  0.50794E-01  0.64130E+03   -0.36250E-01 -0.36250E-01  0.72500E-01  0.00000E+00  0.00000E+00  0.00000E+00   -0.37662E+03  0.74744E+02  0.30187E+03  0.17318E+02  0.16448E+01  0.13232E+03      298.00
  0.51147E-01  0.64263E+03   -0.36500E-01 -0.36500E-01  0.73000E-01  0.00000E+00  0.00000E+00  0.00000E+00   -0.37731E+03  0.74896E+02  0.30241E+03  0.17824E+02  0.17271E+01  0.13276E+03      298.00
  0.51500E-01  0.64328E+03   -0.36750E-01 -0.36750E-01  0.73500E-01  0.00000E+00  0.00000E+00  0.00000E+00   -0.37779E+03  0.75043E+02  0.30274E+03  0.17562E+02  0.16908E+01  0.13275E+03      298.00
  0.51853E-01  0.64457E+03   -0.37000E-01 -0.37000E-01  0.74000E-01  0.00000E+00  0.00000E+00  0.00000E+00   -0.37846E+03  0.75187E+02  0.30327E+03  0.18062E+02  0.17724E+01  0.13317E+03      298.00
  0.52206E-01  0.64522E+03   -0.37250E-01 -0.37250E-01  0.74500E-01  0.00000E+00  0.00000E+00  0.00000E+00   -0.37893E+03  0.75330E+02  0.30360E+03  0.17806E+02  0.17367E+01  0.13316E+03      298.00
  0.52559E-01  0.64648E+03   -0.37500E-01 -0.37500E-01  0.75000E-01  0.00000E+00  0.00000E+00  0.00000E+00   -0.37958E+03  0.75467E+02  0.30412E+03  0.18301E+02  0.18175E+01  0.13358E+03      298.00
          Evm          Svm            E11          E22          E33          E23          E13          E12         SDEV11       SDEV22       SDEV33       SDEV23       SDEV13       SDEV12      TEMP
  0.52559E-01  0.64645E+03   -0.37500E-01 -0.37500E-01  0.75000E-01  0.00000E+00  0.00000E+00  0.00000E+00   -0.37963E+03  0.75532E+02  0.30410E+03  0.18109E+02  0.17992E+01  0.13347E+03      298.00
  0.52911E-01  0.64706E+03   -0.37750E-01 -0.37750E-01  0.75500E-01  0.00000E+00  0.00000E+00  0.00000E+00   -0.38001E+03  0.75590E+02  0.30442E+03  0.18023E+02  0.17745E+01  0.13355E+03      298.00
  0.53264E-01  0.64836E+03   -0.38000E-01 -0.38000E-01  0.76000E-01  0.00000E+00  0.00000E+00  0.00000E+00   -0.38069E+03  0.75738E+02  0.30495E+03  0.18538E+02  0.18630E+01  0.13397E+03      298.00
  0.53617E-01  0.64898E+03   -0.38250E-01 -0.38250E-01  0.76500E-01  0.00000E+00  0.00000E+00  0.00000E+00   -0.38114E+03  0.75871E+02  0.30527E+03  0.18292E+02  0.18286E+01  0.13396E+03      298.00
  0.53970E-01  0.65019E+03   -0.38500E-01 -0.38500E-01  0.77000E-01  0.00000E+00  0.00000E+00  0.00000E+00   -0.38176E+03  0.75994E+02  0.30577E+03  0.18774E+02  0.19075E+01  0.13435E+03      298.00
  0.54323E-01  0.65079E+03   -0.38750E-01 -0.38750E-01  0.77500E-01  0.00000E+00  0.00000E+00  0.00000E+00   -0.38221E+03  0.76123E+02  0.30608E+03  0.18534E+02  0.18741E+01  0.13434E+03      298.00
  0.54675E-01  0.65198E+03   -0.39000E-01 -0.39000E-01  0.78000E-01  0.00000E+00  0.00000E+00  0.00000E+00   -0.38282E+03  0.76241E+02  0.30658E+03  0.19010E+02  0.19522E+01  0.13473E+03      298.00
  0.55028E-01  0.65258E+03   -0.39250E-01 -0.39250E-01  0.78500E-01  0.00000E+00  0.00000E+00  0.00000E+00   -0.38325E+03  0.76366E+02  0.30689E+03  0.18774E+02  0.19197E+01  0.13472E+03      298.00
  0.55381E-01  0.65374E+03   -0.39500E-01 -0.39500E-01  0.79000E-01  0.00000E+00  0.00000E+00  0.00000E+00   -0.38385E+03  0.76477E+02  0.30737E+03  0.19244E+02  0.19967E+01  0.13509E+03      298.00
  0.55733E-01  0.65475E+03   -0.39750E-01 -0.39750E-01  0.79500E-01  0.00000E+00  0.00000E+00  0.00000E+00   -0.38440E+03  0.76589E+02  0.30781E+03  0.19505E+02  0.20352E+01  0.13537E+03      298.00
  0.56086E-01  0.65548E+03   -0.40000E-01 -0.40000E-01  0.80000E-01  0.00000E+00  0.00000E+00  0.00000E+00   -0.38483E+03  0.76662E+02  0.30817E+03  0.19578E+02  0.20460E+01  0.13551E+03      298.00
  0.56439E-01  0.65643E+03   -0.40250E-01 -0.40250E-01  0.80500E-01  0.00000E+00  0.00000E+00  0.00000E+00   -0.38539E+03  0.76805E+02  0.30858E+03  0.19707E+02  0.20716E+01  0.13571E+03      298.00
  0.56791E-01  0.65719E+03   -0.40500E-01 -0.40500E-01  0.81000E-01  0.00000E+00  0.00000E+00  0.00000E+00   -0.38583E+03  0.76884E+02  0.30894E+03  0.19815E+02  0.20916E+01  0.13586E+03      298.00
  0.57144E-01  0.65808E+03   -0.40750E-01 -0.40750E-01  0.81500E-01  0.00000E+00  0.00000E+00  0.00000E+00   -0.38635E+03  0.77009E+02  0.30934E+03  0.19932E+02  0.21137E+01  0.13605E+03      298.00
  0.57496E-01  0.65885E+03   -0.41000E-01 -0.41000E-01  0.82000E-01  0.00000E+00  0.00000E+00  0.00000E+00   -0.38680E+03  0.77094E+02  0.30971E+03  0.20043E+02  0.21347E+01  0.13620E+03      298.00
  0.57849E-01  0.65970E+03   -0.41250E-01 -0.41250E-01  0.82500E-01  0.00000E+00  0.00000E+00  0.00000E+00   -0.38730E+03  0.77206E+02  0.31009E+03  0.20157E+02  0.21562E+01  0.13637E+03      298.00
  0.58201E-01  0.66048E+03   -0.41500E-01 -0.41500E-01  0.83000E-01  0.00000E+00  0.00000E+00  0.00000E+00   -0.38775E+03  0.77293E+02  0.31046E+03  0.20268E+02  0.21772E+01  0.13653E+03      298.00
  0.58554E-01  0.66129E+03   -0.41750E-01 -0.41750E-01  0.83500E-01  0.00000E+00  0.00000E+00  0.00000E+00   -0.38823E+03  0.77395E+02  0.31083E+03  0.20381E+02  0.21983E+01  0.13669E+03      298.00
  0.58906E-01  0.66206E+03   -0.42000E-01 -0.42000E-01  0.84000E-01  0.00000E+00  0.00000E+00  0.00000E+00   -0.38868E+03  0.77481E+02  0.31120E+03  0.20492E+02  0.22192E+01  0.13685E+03      298.00
  0.59259E-01  0.66286E+03   -0.42250E-01 -0.42250E-01  0.84500E-01  0.00000E+00  0.00000E+00  0.00000E+00   -0.38914E+03  0.77575E+02  0.31156E+03  0.20603E+02  0.22400E+01  0.13700E+03      298.00
  0.59611E-01  0.66362E+03   -0.42500E-01 -0.42500E-01  0.85000E-01  0.00000E+00  0.00000E+00  0.00000E+00   -0.38958E+03  0.77659E+02  0.31192E+03  0.20713E+02  0.22606E+01  0.13715E+03      298.00
  0.59964E-01  0.66439E+03   -0.42750E-01 -0.42750E-01  0.85500E-01  0.00000E+00  0.00000E+00  0.00000E+00   -0.39003E+03  0.77747E+02  0.31228E+03  0.20823E+02  0.22812E+01  0.13731E+03      298.00
  0.60316E-01  0.66514E+03   -0.43000E-01 -0.43000E-01  0.86000E-01  0.00000E+00  0.00000E+00  0.00000E+00   -0.39047E+03  0.77827E+02  0.31264E+03  0.20932E+02  0.23016E+01  0.13745E+03      298.00
  0.60669E-01  0.66589E+03   -0.43250E-01 -0.43250E-01  0.86500E-01  0.00000E+00  0.00000E+00  0.00000E+00   -0.39090E+03  0.77910E+02  0.31299E+03  0.21041E+02  0.23219E+01  0.13760E+03      298.00
  0.61022E-01  0.66662E+03   -0.43500E-01 -0.43500E-01  0.87000E-01  0.00000E+00  0.00000E+00  0.00000E+00   -0.39133E+03  0.77987E+02  0.31334E+03  0.21148E+02  0.23420E+01  0.13774E+03      298.00
  0.61374E-01  0.66736E+03   -0.43750E-01 -0.43750E-01  0.87500E-01  0.00000E+00  0.00000E+00  0.00000E+00   -0.39176E+03  0.78064E+02  0.31369E+03  0.21256E+02  0.23620E+01  0.13789E+03      298.00
  0.61727E-01  0.66808E+03   -0.44000E-01 -0.44000E-01  0.88000E-01  0.00000E+00  0.00000E+00  0.00000E+00   -0.39218E+03  0.78137E+02  0.31404E+03  0.21363E+02  0.23819E+01  0.13803E+03      298.00
  0.62079E-01  0.66880E+03   -0.44250E-01 -0.44250E-01  0.88500E-01  0.00000E+00  0.00000E+00  0.00000E+00   -0.39259E+03  0.78210E+02  0.31438E+03  0.21469E+02  0.24016E+01  0.13817E+03      298.00
  0.62432E-01  0.66951E+03   -0.44500E-01 -0.44500E-01  0.89000E-01  0.00000E+00  0.00000E+00  0.00000E+00   -0.39300E+03  0.78279E+02  0.31472E+03  0.21574E+02  0.24211E+01  0.13830E+03      298.00
  0.62784E-01  0.67021E+03   -0.44750E-01 -0.44750E-01  0.89500E-01  0.00000E+00  0.00000E+00  0.00000E+00   -0.39341E+03  0.78347E+02  0.31506E+03  0.21679E+02  0.24405E+01  0.13844E+03      298.00
  0.63137E-01  0.67090E+03   -0.45000E-01 -0.45000E-01  0.90000E-01  0.00000E+00  0.00000E+00  0.00000E+00   -0.39381E+03  0.78413E+02  0.31540E+03  0.21783E+02  0.24597E+01  0.13857E+03      298.00
  0.63489E-01  0.67159E+03   -0.45250E-01 -0.45250E-01  0.90500E-01  0.00000E+00  0.00000E+00  0.00000E+00   -0.39421E+03  0.78477E+02  0.31573E+03  0.21887E+02  0.24788E+01  0.13870E+03      298.00
  0.63842E-01  0.67227E+03   -0.45500E-01 -0.45500E-01  0.91000E-01  0.00000E+00  0.00000E+00  0.00000E+00   -0.39460E+03  0.78538E+02  0.31606E+03  0.21990E+02  0.24977E+01  0.13883E+03      298.00
  0.64195E-01  0.67295E+03   -0.45750E-01 -0.45750E-01  0.91500E-01  0.00000E+00  0.00000E+00  0.00000E+00   -0.39499E+03  0.78598E+02  0.31639E+03  0.22092E+02  0.25164E+01  0.13895E+03      298.00
  0.64547E-01  0.67361E+03   -0.46000E-01 -0.46000E-01  0.92000E-01  0.00000E+00  0.00000E+00  0.00000E+00   -0.39538E+03  0.78656E+02  0.31672E+03  0.22193E+02  0.25349E+01  0.13908E+03      298.00
  0.64900E-01  0.67427E+03   -0.46250E-01 -0.46250E-01  0.92500E-01  0.00000E+00  0.00000E+00  0.00000E+00   -0.39576E+03  0.78712E+02  0.31704E+03  0.22294E+02  0.25533E+01  0.13920E+03      298.00
  0.65253E-01  0.67492E+03   -0.46500E-01 -0.46500E-01  0.93000E-01  0.00000E+00  0.00000E+00  0.00000E+00   -0.39613E+03  0.78766E+02  0.31737E+03  0.22394E+02  0.25715E+01  0.13932E+03      298.00
  0.65605E-01  0.67557E+03   -0.46750E-01 -0.46750E-01  0.93500E-01  0.00000E+00  0.00000E+00  0.00000E+00   -0.39650E+03  0.78818E+02  0.31768E+03  0.22493E+02  0.25895E+01  0.13944E+03      298.00
  0.65958E-01  0.67621E+03   -0.47000E-01 -0.47000E-01  0.94000E-01  0.00000E+00  0.00000E+00  0.00000E+00   -0.39687E+03  0.78868E+02  0.31800E+03  0.22591E+02  0.26073E+01  0.13956E+03      298.00
  0.66311E-01  0.67684E+03   -0.47250E-01 -0.47250E-01  0.94500E-01  0.00000E+00  0.00000E+00  0.00000E+00   -0.39723E+03  0.78916E+02  0.31832E+03  0.22689E+02  0.26250E+01  0.13967E+03      298.00
  0.66663E-01  0.67747E+03   -0.47500E-01 -0.47500E-01  0.95000E-01  0.00000E+00  0.00000E+00  0.00000E+00   -0.39759E+03  0.78963E+02  0.31863E+03  0.22786E+02  0.26424E+01  0.13979E+03      298.00
  0.67016E-01  0.67809E+03   -0.47750E-01 -0.47750E-01  0.95500E-01  0.00000E+00  0.00000E+00  0.00000E+00   -0.39795E+03  0.79007E+02  0.31894E+03  0.22882E+02  0.26597E+01  0.13990E+03      298.00
  0.67369E-01  0.67870E+03   -0.48000E-01 -0.48000E-01  0.96000E-01  0.00000E+00  0.00000E+00  0.00000E+00   -0.39830E+03  0.79050E+02  0.31925E+03  0.22978E+02  0.26768E+01  0.14001E+03      298.00
  0.67722E-01  0.67930E+03   -0.48250E-01 -0.48250E-01  0.96500E-01  0.00000E+00  0.00000E+00  0.00000E+00   -0.39865E+03  0.79092E+02  0.31956E+03  0.23072E+02  0.26936E+01  0.14012E+03      298.00
  0.68074E-01  0.67990E+03   -0.48500E-01 -0.48500E-01  0.97000E-01  0.00000E+00  0.00000E+00  0.00000E+00   -0.39899E+03  0.79131E+02  0.31986E+03  0.23166E+02  0.27103E+01  0.14022E+03      298.00
  0.68427E-01  0.68050E+03   -0.48750E-01 -0.48750E-01  0.97500E-01  0.00000E+00  0.00000E+00  0.00000E+00   -0.39933E+03  0.79169E+02  0.32016E+03  0.23260E+02  0.27268E+01  0.14033E+03      298.00
  0.68780E-01  0.68109E+03   -0.49000E-01 -0.49000E-01  0.98000E-01  0.00000E+00  0.00000E+00  0.00000E+00   -0.39967E+03  0.79204E+02  0.32046E+03  0.23352E+02  0.27431E+01  0.14043E+03      298.00
  0.69133E-01  0.68167E+03   -0.49250E-01 -0.49250E-01  0.98500E-01  0.00000E+00  0.00000E+00  0.00000E+00   -0.40000E+03  0.79239E+02  0.32076E+03  0.23443E+02  0.27592E+01  0.14053E+03      298.00
  0.69486E-01  0.68224E+03   -0.49500E-01 -0.49500E-01  0.99000E-01  0.00000E+00  0.00000E+00  0.00000E+00   -0.40033E+03  0.79271E+02  0.32106E+03  0.23534E+02  0.27750E+01  0.14063E+03      298.00
  0.69839E-01  0.68281E+03   -0.49750E-01 -0.49750E-01  0.99500E-01  0.00000E+00  0.00000E+00  0.00000E+00   -0.40065E+03  0.79302E+02  0.32135E+03  0.23624E+02  0.27907E+01  0.14073E+03      298.00
  0.70192E-01  0.68338E+03   -0.50000E-01 -0.50000E-01  0.10000E+00  0.00000E+00  0.00000E+00  0.00000E+00   -0.40097E+03  0.79332E+02  0.32164E+03  0.23713E+02  0.28062E+01  0.14083E+03      298.00
          Evm          Svm            E11          E22          E33          E23          E13          E12         SDEV11       SDEV22       SDEV33       SDEV23       SDEV13       SDEV12      TEMP
  0.70192E-01  0.68330E+03   -0.50000E-01 -0.50000E-01  0.10000E+00  0.00000E+00  0.00000E+00  0.00000E+00   -0.40102E+03  0.79400E+02  0.32162E+03  0.23566E+02  0.28089E+01  0.14069E+03      298.00
  0.70545E-01  0.68330E+03   -0.50250E-01 -0.50250E-01  0.10050E+00  0.00000E+00  0.00000E+00  0.00000E+00   -0.40102E+03  0.79400E+02  0.32162E+03  0.23566E+02  0.28089E+01  0.14069E+03      298.00
  0.70898E-01  0.68448E+03   -0.50500E-01 -0.50500E-01  0.10100E+00  0.00000E+00  0.00000E+00  0.00000E+00   -0.40158E+03  0.79360E+02  0.32222E+03  0.23921E+02  0.28354E+01  0.14105E+03      298.00
  0.71251E-01  0.68503E+03   -0.50750E-01 -0.50750E-01  0.10150E+00  0.00000E+00  0.00000E+00  0.00000E+00   -0.40192E+03  0.79413E+02  0.32250E+03  0.23965E+02  0.28485E+01  0.14111E+03      298.00
  0.71604E-01  0.68557E+03   -0.51000E-01 -0.51000E-01  0.10200E+00  0.00000E+00  0.00000E+00  0.00000E+00   -0.40222E+03  0.79431E+02  0.32279E+03  0.24066E+02  0.28674E+01  0.14120E+03      298.00
  0.71957E-01  0.68611E+03   -0.51250E-01 -0.51250E-01  0.10250E+00  0.00000E+00  0.00000E+00  0.00000E+00   -0.40253E+03  0.79456E+02  0.32307E+03  0.24146E+02  0.28803E+01  0.14129E+03      298.00
  0.72310E-01  0.68664E+03   -0.51500E-01 -0.51500E-01  0.10300E+00  0.00000E+00  0.00000E+00  0.00000E+00   -0.40283E+03  0.79473E+02  0.32336E+03  0.24232E+02  0.28952E+01  0.14138E+03      298.00
  0.72664E-01  0.68716E+03   -0.51750E-01 -0.51750E-01  0.10350E+00  0.00000E+00  0.00000E+00  0.00000E+00   -0.40312E+03  0.79494E+02  0.32363E+03  0.24315E+02  0.29089E+01  0.14147E+03      298.00
  0.73017E-01  0.68768E+03   -0.52000E-01 -0.52000E-01  0.10400E+00  0.00000E+00  0.00000E+00  0.00000E+00   -0.40342E+03  0.79509E+02  0.32391E+03  0.24398E+02  0.29229E+01  0.14155E+03      298.00
  0.73370E-01  0.68819E+03   -0.52250E-01 -0.52250E-01  0.10450E+00  0.00000E+00  0.00000E+00  0.00000E+00   -0.40371E+03  0.79526E+02  0.32418E+03  0.24480E+02  0.29364E+01  0.14164E+03      298.00
  0.73723E-01  0.68870E+03   -0.52500E-01 -0.52500E-01  0.10500E+00  0.00000E+00  0.00000E+00  0.00000E+00   -0.40400E+03  0.79538E+02  0.32446E+03  0.24561E+02  0.29500E+01  0.14172E+03      298.00
  0.74077E-01  0.68920E+03   -0.52750E-01 -0.52750E-01  0.10550E+00  0.00000E+00  0.00000E+00  0.00000E+00   -0.40428E+03  0.79552E+02  0.32473E+03  0.24641E+02  0.29631E+01  0.14180E+03      298.00
  0.74430E-01  0.68970E+03   -0.53000E-01 -0.53000E-01  0.10600E+00  0.00000E+00  0.00000E+00  0.00000E+00   -0.40456E+03  0.79562E+02  0.32500E+03  0.24721E+02  0.29762E+01  0.14188E+03      298.00
  0.74783E-01  0.69019E+03   -0.53250E-01 -0.53250E-01  0.10650E+00  0.00000E+00  0.00000E+00  0.00000E+00   -0.40484E+03  0.79573E+02  0.32526E+03  0.24799E+02  0.29890E+01  0.14196E+03      298.00
  0.75137E-01  0.69068E+03   -0.53500E-01 -0.53500E-01  0.10700E+00  0.00000E+00  0.00000E+00  0.00000E+00   -0.40511E+03  0.79580E+02  0.32553E+03  0.24877E+02  0.30016E+01  0.14204E+03      298.00
  0.75490E-01  0.69116E+03   -0.53750E-01 -0.53750E-01  0.10750E+00  0.00000E+00  0.00000E+00  0.00000E+00   -0.40538E+03  0.79588E+02  0.32579E+03  0.24955E+02  0.30140E+01  0.14211E+03      298.00
  0.75844E-01  0.69164E+03   -0.54000E-01 -0.54000E-01  0.10800E+00  0.00000E+00  0.00000E+00  0.00000E+00   -0.40565E+03  0.79592E+02  0.32606E+03  0.25031E+02  0.30262E+01  0.14219E+03      298.00
  0.76197E-01  0.69211E+03   -0.54250E-01 -0.54250E-01  0.10850E+00  0.00000E+00  0.00000E+00  0.00000E+00   -0.40592E+03  0.79597E+02  0.32632E+03  0.25107E+02  0.30382E+01  0.14226E+03      298.00
  0.76551E-01  0.69257E+03   -0.54500E-01 -0.54500E-01  0.10900E+00  0.00000E+00  0.00000E+00  0.00000E+00   -0.40618E+03  0.79599E+02  0.32658E+03  0.25181E+02  0.30500E+01  0.14233E+03      298.00
  0.76905E-01  0.69303E+03   -0.54750E-01 -0.54750E-01  0.10950E+00  0.00000E+00  0.00000E+00  0.00000E+00   -0.40644E+03  0.79601E+02  0.32683E+03  0.25255E+02  0.30616E+01  0.14240E+03      298.00
  0.77258E-01  0.69349E+03   -0.55000E-01 -0.55000E-01  0.11000E+00  0.00000E+00  0.00000E+00  0.00000E+00   -0.40669E+03  0.79601E+02  0.32709E+03  0.25329E+02  0.30730E+01  0.14247E+03      298.00
  0.77612E-01  0.69394E+03   -0.55250E-01 -0.55250E-01  0.11050E+00  0.00000E+00  0.00000E+00  0.00000E+00   -0.40695E+03  0.79600E+02  0.32734E+03  0.25401E+02  0.30842E+01  0.14254E+03      298.00
  0.77966E-01  0.69439E+03   -0.55500E-01 -0.55500E-01  0.11100E+00  0.00000E+00  0.00000E+00  0.00000E+00   -0.40720E+03  0.79598E+02  0.32760E+03  0.25473E+02  0.30952E+01  0.14260E+03      298.00
  0.78320E-01  0.69483E+03   -0.55750E-01 -0.55750E-01  0.11150E+00  0.00000E+00  0.00000E+00  0.00000E+00   -0.40744E+03  0.79594E+02  0.32785E+03  0.25544E+02  0.31060E+01  0.14267E+03      298.00
  0.78674E-01  0.69527E+03   -0.56000E-01 -0.56000E-01  0.11200E+00  0.00000E+00  0.00000E+00  0.00000E+00   -0.40769E+03  0.79589E+02  0.32810E+03  0.25614E+02  0.31167E+01  0.14273E+03      298.00
  0.79028E-01  0.69571E+03   -0.56250E-01 -0.56250E-01  0.11250E+00  0.00000E+00  0.00000E+00  0.00000E+00   -0.40793E+03  0.79583E+02  0.32835E+03  0.25684E+02  0.31271E+01  0.14280E+03      298.00
  0.79382E-01  0.69656E+03   -0.56500E-01 -0.56500E-01  0.11300E+00  0.00000E+00  0.00000E+00  0.00000E+00   -0.40839E+03  0.79638E+02  0.32875E+03  0.25908E+02  0.31501E+01  0.14300E+03      298.00
  0.79736E-01  0.69613E+03   -0.56750E-01 -0.56750E-01  0.11350E+00  0.00000E+00  0.00000E+00  0.00000E+00   -0.40817E+03  0.79576E+02  0.32859E+03  0.25752E+02  0.31373E+01  0.14286E+03      298.00
  0.80090E-01  0.69700E+03   -0.57000E-01 -0.57000E-01  0.11400E+00  0.00000E+00  0.00000E+00  0.00000E+00   -0.40862E+03  0.79623E+02  0.32899E+03  0.26018E+02  0.31586E+01  0.14310E+03      298.00
  0.80444E-01  0.69745E+03   -0.57250E-01 -0.57250E-01  0.11450E+00  0.00000E+00  0.00000E+00  0.00000E+00   -0.40883E+03  0.79493E+02  0.32934E+03  0.26043E+02  0.31554E+01  0.14315E+03      298.00
  0.80798E-01  0.69783E+03   -0.57500E-01 -0.57500E-01  0.11500E+00  0.00000E+00  0.00000E+00  0.00000E+00   -0.40907E+03  0.79495E+02  0.32957E+03  0.26043E+02  0.31614E+01  0.14316E+03      298.00
  0.81152E-01  0.69776E+03   -0.57750E-01 -0.57750E-01  0.11550E+00  0.00000E+00  0.00000E+00  0.00000E+00   -0.40907E+03  0.79519E+02  0.32955E+03  0.25984E+02  0.31665E+01  0.14309E+03      298.00
  0.81506E-01  0.69867E+03   -0.58000E-01 -0.58000E-01  0.11600E+00  0.00000E+00  0.00000E+00  0.00000E+00   -0.40953E+03  0.79476E+02  0.33006E+03  0.26216E+02  0.31881E+01  0.14329E+03      298.00
  0.81860E-01  0.69904E+03   -0.58250E-01 -0.58250E-01  0.11650E+00  0.00000E+00  0.00000E+00  0.00000E+00   -0.40974E+03  0.79456E+02  0.33029E+03  0.26250E+02  0.31935E+01  0.14332E+03      298.00
  0.82215E-01  0.69897E+03   -0.58500E-01 -0.58500E-01  0.11700E+00  0.00000E+00  0.00000E+00  0.00000E+00   -0.40974E+03  0.79476E+02  0.33026E+03  0.26184E+02  0.31964E+01  0.14325E+03      298.00
  0.82569E-01  0.70007E+03   -0.58750E-01 -0.58750E-01  0.11750E+00  0.00000E+00  0.00000E+00  0.00000E+00   -0.41034E+03  0.79581E+02  0.33076E+03  0.26493E+02  0.32236E+01  0.14353E+03      298.00
  0.82924E-01  0.70023E+03   -0.59000E-01 -0.59000E-01  0.11800E+00  0.00000E+00  0.00000E+00  0.00000E+00   -0.41038E+03  0.79390E+02  0.33099E+03  0.26475E+02  0.32167E+01  0.14352E+03      298.00
  0.83278E-01  0.70058E+03   -0.59250E-01 -0.59250E-01  0.11850E+00  0.00000E+00  0.00000E+00  0.00000E+00   -0.41059E+03  0.79380E+02  0.33121E+03  0.26479E+02  0.32229E+01  0.14352E+03      298.00
  0.83633E-01  0.70052E+03   -0.59500E-01 -0.59500E-01  0.11900E+00  0.00000E+00  0.00000E+00  0.00000E+00   -0.41059E+03  0.79402E+02  0.33119E+03  0.26428E+02  0.32289E+01  0.14346E+03      298.00
  0.83987E-01  0.70158E+03   -0.59750E-01 -0.59750E-01  0.11950E+00  0.00000E+00  0.00000E+00  0.00000E+00   -0.41117E+03  0.79498E+02  0.33167E+03  0.26729E+02  0.32545E+01  0.14372E+03      298.00
  0.84342E-01  0.70174E+03   -0.60000E-01 -0.60000E-01  0.12000E+00  0.00000E+00  0.00000E+00  0.00000E+00   -0.41121E+03  0.79306E+02  0.33190E+03  0.26708E+02  0.32480E+01  0.14370E+03      298.00
  0.84697E-01  0.70207E+03   -0.60250E-01 -0.60250E-01  0.12050E+00  0.00000E+00  0.00000E+00  0.00000E+00   -0.41141E+03  0.79291E+02  0.33212E+03  0.26713E+02  0.32542E+01  0.14371E+03      298.00
  0.85051E-01  0.70201E+03   -0.60500E-01 -0.60500E-01  0.12100E+00  0.00000E+00  0.00000E+00  0.00000E+00   -0.41141E+03  0.79312E+02  0.33209E+03  0.26667E+02  0.32606E+01  0.14365E+03      298.00
  0.85406E-01  0.70302E+03   -0.60750E-01 -0.60750E-01  0.12150E+00  0.00000E+00  0.00000E+00  0.00000E+00   -0.41196E+03  0.79395E+02  0.33256E+03  0.26952E+02  0.32821E+01  0.14389E+03      298.00
  0.85761E-01  0.70317E+03   -0.61000E-01 -0.61000E-01  0.12200E+00  0.00000E+00  0.00000E+00  0.00000E+00   -0.41200E+03  0.79206E+02  0.33279E+03  0.26930E+02  0.32766E+01  0.14387E+03      298.00
  0.86116E-01  0.70347E+03   -0.61250E-01 -0.61250E-01  0.12250E+00  0.00000E+00  0.00000E+00  0.00000E+00   -0.41218E+03  0.79202E+02  0.33298E+03  0.26930E+02  0.32817E+01  0.14388E+03      298.00
  0.86471E-01  0.70344E+03   -0.61500E-01 -0.61500E-01  0.12300E+00  0.00000E+00  0.00000E+00  0.00000E+00   -0.41219E+03  0.79206E+02  0.33298E+03  0.26893E+02  0.32890E+01  0.14382E+03      298.00
  0.86826E-01  0.70440E+03   -0.61750E-01 -0.61750E-01  0.12350E+00  0.00000E+00  0.00000E+00  0.00000E+00   -0.41271E+03  0.79277E+02  0.33343E+03  0.27160E+02  0.33065E+01  0.14404E+03      298.00
  0.87181E-01  0.70455E+03   -0.62000E-01 -0.62000E-01  0.12400E+00  0.00000E+00  0.00000E+00  0.00000E+00   -0.41275E+03  0.79090E+02  0.33366E+03  0.27143E+02  0.33026E+01  0.14403E+03      298.00
  0.87536E-01  0.70484E+03   -0.62250E-01 -0.62250E-01  0.12450E+00  0.00000E+00  0.00000E+00  0.00000E+00   -0.41292E+03  0.79080E+02  0.33384E+03  0.27146E+02  0.33079E+01  0.14403E+03      298.00
  0.87891E-01  0.70480E+03   -0.62500E-01 -0.62500E-01  0.12500E+00  0.00000E+00  0.00000E+00  0.00000E+00   -0.41293E+03  0.79083E+02  0.33385E+03  0.27111E+02  0.33153E+01  0.14397E+03      298.00
