TEXTURE AT STRAIN =    0.0250
   0.988   1.025   0.988  <-- length of phase ellipsoid axes
   75.99   90.00   -0.00  <-- Euler angles (deg) of phase ellipsoid axes
B         1
  -89.09  124.94  -45.45   1.0000000
TEXTURE AT STRAIN =    0.0500
   0.975   1.051   0.975  <-- length of phase ellipsoid axes
   92.88   90.00   -0.00  <-- Euler angles (deg) of phase ellipsoid axes
B         1
  -88.50  126.64  -45.71   1.0000000
TEXTURE AT STRAIN =    0.0750
   0.963   1.078   0.963  <-- length of phase ellipsoid axes
   94.61   90.00   -0.00  <-- Euler angles (deg) of phase ellipsoid axes
B         1
  -87.91  128.37  -45.93   1.0000000
TEXTURE AT STRAIN =    0.1000
   0.951   1.105   0.951  <-- length of phase ellipsoid axes
   95.11   90.00   -0.00  <-- Euler angles (deg) of phase ellipsoid axes
B         1
  -87.35  130.13  -46.12   1.0000000
TEXTURE AT STRAIN =    0.1250
   0.939   1.133   0.939  <-- length of phase ellipsoid axes
   97.43   90.00   -0.00  <-- Euler angles (deg) of phase ellipsoid axes
B         1
  -86.83  131.92  -46.29   1.0000000
