    STEP   AVACS   MODE1   MODE2   MODE3   MODE4
       1   7.000   0.311   0.689   0.000   0.000
       2   6.000   0.367   0.633   0.000   0.000
       3   7.000   0.379   0.621   0.000   0.000
       4   5.000   0.295   0.705   0.000   0.000
       5   4.000   0.334   0.666   0.000   0.000
       6   5.000   0.382   0.618   0.000   0.000
       7   4.000   0.366   0.634   0.000   0.000
       8   5.000   0.333   0.667   0.000   0.000
       9   6.000   0.291   0.709   0.000   0.000
      10   6.000   0.308   0.692   0.000   0.000
      11   6.000   0.279   0.721   0.000   0.000
      12   6.000   0.287   0.713   0.000   0.000
      13   7.000   0.264   0.736   0.000   0.000
      14   7.000   0.202   0.798   0.000   0.000
      15   5.000   0.079   0.921   0.000   0.000
      16   5.000   0.094   0.906   0.000   0.000
      17   5.000   0.164   0.836   0.000   0.000
      18   5.000   0.222   0.778   0.000   0.000
      19   7.000   0.311   0.689   0.000   0.000
      20   6.000   0.367   0.633   0.000   0.000
      21   7.000   0.379   0.621   0.000   0.000
      22   5.000   0.295   0.705   0.000   0.000
      23   4.000   0.334   0.666   0.000   0.000
      24   5.000   0.382   0.618   0.000   0.000
      25   4.000   0.366   0.634   0.000   0.000
      26   5.000   0.333   0.667   0.000   0.000
      27   6.000   0.291   0.709   0.000   0.000
      28   6.000   0.308   0.692   0.000   0.000
      29   6.000   0.279   0.721   0.000   0.000
      30   6.000   0.287   0.713   0.000   0.000
      31   7.000   0.264   0.736   0.000   0.000
      32   7.000   0.202   0.798   0.000   0.000
      33   5.000   0.079   0.921   0.000   0.000
      34   5.000   0.094   0.906   0.000   0.000
      35   5.000   0.164   0.836   0.000   0.000
      36   5.000   0.222   0.778   0.000   0.000
  STRAIN   AVACS   PRITW   SECTW   MODE1   MODE2   MODE3   MODE4   TWFR3   EFFR3   TWFR4   EFFR4
   0.000   7.000   0.000   0.000   0.311   0.689   0.000   0.000   0.000   0.000   0.000   0.000
   0.001   7.000   0.000   0.000   0.308   0.692   0.000   0.000   0.000   0.000   0.000   0.000
   0.001   7.000   0.000   0.000   0.306   0.694   0.000   0.000   0.000   0.000   0.000   0.000
   0.002   7.000   0.000   0.000   0.304   0.696   0.000   0.000   0.000   0.000   0.000   0.000
   0.002   7.000   0.000   0.000   0.302   0.698   0.000   0.000   0.000   0.000   0.000   0.000
   0.003   7.000   0.000   0.000   0.300   0.700   0.000   0.000   0.000   0.000   0.000   0.000
   0.003   7.000   0.000   0.000   0.298   0.702   0.000   0.000   0.000   0.000   0.000   0.000
   0.004   7.000   0.000   0.000   0.297   0.703   0.000   0.000   0.000   0.000   0.000   0.000
   0.004   7.000   0.000   0.000   0.296   0.704   0.000   0.000   0.000   0.000   0.000   0.000
   0.005   7.000   0.000   0.000   0.295   0.705   0.000   0.000   0.000   0.000   0.000   0.000
   0.005   7.000   0.000   0.000   0.294   0.706   0.000   0.000   0.000   0.000   0.000   0.000
   0.006   7.000   0.000   0.000   0.294   0.706   0.000   0.000   0.000   0.000   0.000   0.000
   0.006   7.000   0.000   0.000   0.293   0.707   0.000   0.000   0.000   0.000   0.000   0.000
   0.007   7.000   0.000   0.000   0.293   0.707   0.000   0.000   0.000   0.000   0.000   0.000
   0.007   7.000   0.000   0.000   0.293   0.707   0.000   0.000   0.000   0.000   0.000   0.000
   0.008   7.000   0.000   0.000   0.292   0.708   0.000   0.000   0.000   0.000   0.000   0.000
   0.008   7.000   0.000   0.000   0.292   0.708   0.000   0.000   0.000   0.000   0.000   0.000
   0.009   7.000   0.000   0.000   0.293   0.707   0.000   0.000   0.000   0.000   0.000   0.000
   0.009   7.000   0.000   0.000   0.292   0.708   0.000   0.000   0.000   0.000   0.000   0.000
   0.010   7.000   0.000   0.000   0.292   0.708   0.000   0.000   0.000   0.000   0.000   0.000
   0.010   7.000   0.000   0.000   0.292   0.708   0.000   0.000   0.000   0.000   0.000   0.000
   0.011   7.000   0.000   0.000   0.292   0.708   0.000   0.000   0.000   0.000   0.000   0.000
   0.011   7.000   0.000   0.000   0.292   0.708   0.000   0.000   0.000   0.000   0.000   0.000
   0.012   7.000   0.000   0.000   0.293   0.707   0.000   0.000   0.000   0.000   0.000   0.000
   0.012   7.000   0.000   0.000   0.293   0.707   0.000   0.000   0.000   0.000   0.000   0.000
   0.013   7.000   0.000   0.000   0.293   0.707   0.000   0.000   0.000   0.000   0.000   0.000
   0.013   7.000   0.000   0.000   0.293   0.707   0.000   0.000   0.000   0.000   0.000   0.000
   0.014   7.000   0.000   0.000   0.293   0.707   0.000   0.000   0.000   0.000   0.000   0.000
   0.014   7.000   0.000   0.000   0.293   0.707   0.000   0.000   0.000   0.000   0.000   0.000
   0.015   7.000   0.000   0.000   0.293   0.707   0.000   0.000   0.000   0.000   0.000   0.000
   0.015   7.000   0.000   0.000   0.293   0.707   0.000   0.000   0.000   0.000   0.000   0.000
   0.016   7.000   0.000   0.000   0.293   0.707   0.000   0.000   0.000   0.000   0.000   0.000
   0.016   7.000   0.000   0.000   0.294   0.706   0.000   0.000   0.000   0.000   0.000   0.000
   0.017   7.000   0.000   0.000   0.294   0.706   0.000   0.000   0.000   0.000   0.000   0.000
   0.017   7.000   0.000   0.000   0.294   0.706   0.000   0.000   0.000   0.000   0.000   0.000
   0.018   7.000   0.000   0.000   0.293   0.707   0.000   0.000   0.000   0.000   0.000   0.000
   0.018   7.000   0.000   0.000   0.294   0.706   0.000   0.000   0.000   0.000   0.000   0.000
   0.019   7.000   0.000   0.000   0.294   0.706   0.000   0.000   0.000   0.000   0.000   0.000
   0.019   7.000   0.000   0.000   0.294   0.706   0.000   0.000   0.000   0.000   0.000   0.000
   0.020   7.000   0.000   0.000   0.294   0.706   0.000   0.000   0.000   0.000   0.000   0.000
   0.020   7.000   0.000   0.000   0.294   0.706   0.000   0.000   0.000   0.000   0.000   0.000
   0.021   7.000   0.000   0.000   0.294   0.706   0.000   0.000   0.000   0.000   0.000   0.000
   0.021   7.000   0.000   0.000   0.294   0.706   0.000   0.000   0.000   0.000   0.000   0.000
   0.022   7.000   0.000   0.000   0.294   0.706   0.000   0.000   0.000   0.000   0.000   0.000
   0.022   7.000   0.000   0.000   0.294   0.706   0.000   0.000   0.000   0.000   0.000   0.000
   0.023   7.000   0.000   0.000   0.294   0.706   0.000   0.000   0.000   0.000   0.000   0.000
   0.023   7.000   0.000   0.000   0.294   0.706   0.000   0.000   0.000   0.000   0.000   0.000
   0.024   7.000   0.000   0.000   0.294   0.706   0.000   0.000   0.000   0.000   0.000   0.000
   0.024   7.000   0.000   0.000   0.294   0.706   0.000   0.000   0.000   0.000   0.000   0.000
   0.025   7.000   0.000   0.000   0.294   0.706   0.000   0.000   0.000   0.000   0.000   0.000
   0.025   7.000   0.000   0.000   0.294   0.706   0.000   0.000   0.000   0.000   0.000   0.000
    STEP   AVACS   MODE1   MODE2   MODE3   MODE4
       1   7.000   0.294   0.706   0.000   0.000
       2   6.000   0.353   0.647   0.000   0.000
       3   7.000   0.364   0.636   0.000   0.000
       4   5.000   0.296   0.704   0.000   0.000
       5   4.000   0.306   0.694   0.000   0.000
       6   5.000   0.377   0.623   0.000   0.000
       7   4.000   0.369   0.631   0.000   0.000
       8   5.000   0.339   0.660   0.000   0.000
       9   6.000   0.288   0.712   0.000   0.000
      10   6.000   0.288   0.712   0.000   0.000
      11   6.000   0.270   0.730   0.000   0.000
      12   7.000   0.269   0.731   0.000   0.000
      13   7.000   0.228   0.772   0.000   0.000
      14   7.000   0.149   0.851   0.000   0.000
      15   4.000   0.021   0.979   0.000   0.000
      16   5.000   0.074   0.926   0.000   0.000
      17   5.000   0.143   0.857   0.000   0.000
      18   5.000   0.197   0.803   0.000   0.000
      19   7.000   0.294   0.706   0.000   0.000
      20   6.000   0.353   0.647   0.000   0.000
      21   7.000   0.364   0.636   0.000   0.000
      22   5.000   0.296   0.704   0.000   0.000
      23   4.000   0.306   0.694   0.000   0.000
      24   5.000   0.377   0.623   0.000   0.000
      25   4.000   0.369   0.631   0.000   0.000
      26   5.000   0.340   0.660   0.000   0.000
      27   6.000   0.288   0.712   0.000   0.000
      28   6.000   0.288   0.712   0.000   0.000
      29   6.000   0.270   0.730   0.000   0.000
      30   7.000   0.269   0.731   0.000   0.000
      31   7.000   0.228   0.772   0.000   0.000
      32   7.000   0.149   0.851   0.000   0.000
      33   4.000   0.021   0.979   0.000   0.000
      34   5.000   0.074   0.926   0.000   0.000
      35   5.000   0.143   0.857   0.000   0.000
      36   5.000   0.197   0.803   0.000   0.000
  STRAIN   AVACS   PRITW   SECTW   MODE1   MODE2   MODE3   MODE4   TWFR3   EFFR3   TWFR4   EFFR4
   0.025   7.000   0.000   0.000   0.294   0.706   0.000   0.000   0.000   0.000   0.000   0.000
   0.026   7.000   0.000   0.000   0.294   0.706   0.000   0.000   0.000   0.000   0.000   0.000
   0.026   7.000   0.000   0.000   0.294   0.706   0.000   0.000   0.000   0.000   0.000   0.000
   0.027   7.000   0.000   0.000   0.294   0.706   0.000   0.000   0.000   0.000   0.000   0.000
   0.027   7.000   0.000   0.000   0.294   0.706   0.000   0.000   0.000   0.000   0.000   0.000
   0.028   7.000   0.000   0.000   0.294   0.706   0.000   0.000   0.000   0.000   0.000   0.000
   0.028   7.000   0.000   0.000   0.294   0.706   0.000   0.000   0.000   0.000   0.000   0.000
   0.029   7.000   0.000   0.000   0.294   0.706   0.000   0.000   0.000   0.000   0.000   0.000
   0.029   7.000   0.000   0.000   0.294   0.706   0.000   0.000   0.000   0.000   0.000   0.000
   0.030   7.000   0.000   0.000   0.294   0.706   0.000   0.000   0.000   0.000   0.000   0.000
   0.030   7.000   0.000   0.000   0.294   0.706   0.000   0.000   0.000   0.000   0.000   0.000
   0.031   7.000   0.000   0.000   0.294   0.706   0.000   0.000   0.000   0.000   0.000   0.000
   0.031   7.000   0.000   0.000   0.293   0.707   0.000   0.000   0.000   0.000   0.000   0.000
   0.032   7.000   0.000   0.000   0.293   0.707   0.000   0.000   0.000   0.000   0.000   0.000
   0.032   7.000   0.000   0.000   0.293   0.707   0.000   0.000   0.000   0.000   0.000   0.000
   0.033   7.000   0.000   0.000   0.293   0.707   0.000   0.000   0.000   0.000   0.000   0.000
   0.033   7.000   0.000   0.000   0.293   0.707   0.000   0.000   0.000   0.000   0.000   0.000
   0.034   7.000   0.000   0.000   0.293   0.707   0.000   0.000   0.000   0.000   0.000   0.000
   0.034   7.000   0.000   0.000   0.293   0.707   0.000   0.000   0.000   0.000   0.000   0.000
   0.035   7.000   0.000   0.000   0.293   0.707   0.000   0.000   0.000   0.000   0.000   0.000
   0.035   7.000   0.000   0.000   0.293   0.707   0.000   0.000   0.000   0.000   0.000   0.000
   0.036   7.000   0.000   0.000   0.293   0.707   0.000   0.000   0.000   0.000   0.000   0.000
   0.036   7.000   0.000   0.000   0.293   0.707   0.000   0.000   0.000   0.000   0.000   0.000
   0.037   7.000   0.000   0.000   0.292   0.708   0.000   0.000   0.000   0.000   0.000   0.000
   0.037   7.000   0.000   0.000   0.292   0.708   0.000   0.000   0.000   0.000   0.000   0.000
   0.038   7.000   0.000   0.000   0.292   0.708   0.000   0.000   0.000   0.000   0.000   0.000
   0.038   7.000   0.000   0.000   0.292   0.708   0.000   0.000   0.000   0.000   0.000   0.000
   0.039   7.000   0.000   0.000   0.292   0.708   0.000   0.000   0.000   0.000   0.000   0.000
   0.039   7.000   0.000   0.000   0.292   0.708   0.000   0.000   0.000   0.000   0.000   0.000
   0.040   7.000   0.000   0.000   0.292   0.708   0.000   0.000   0.000   0.000   0.000   0.000
   0.040   7.000   0.000   0.000   0.292   0.708   0.000   0.000   0.000   0.000   0.000   0.000
   0.041   7.000   0.000   0.000   0.291   0.708   0.000   0.000   0.000   0.000   0.000   0.000
   0.041   7.000   0.000   0.000   0.291   0.709   0.000   0.000   0.000   0.000   0.000   0.000
   0.042   7.000   0.000   0.000   0.291   0.709   0.000   0.000   0.000   0.000   0.000   0.000
   0.042   7.000   0.000   0.000   0.291   0.709   0.000   0.000   0.000   0.000   0.000   0.000
   0.043   7.000   0.000   0.000   0.291   0.709   0.000   0.000   0.000   0.000   0.000   0.000
   0.043   7.000   0.000   0.000   0.291   0.709   0.000   0.000   0.000   0.000   0.000   0.000
   0.044   7.000   0.000   0.000   0.291   0.709   0.000   0.000   0.000   0.000   0.000   0.000
   0.044   7.000   0.000   0.000   0.291   0.709   0.000   0.000   0.000   0.000   0.000   0.000
   0.045   7.000   0.000   0.000   0.290   0.709   0.000   0.000   0.000   0.000   0.000   0.000
   0.045   7.000   0.000   0.000   0.290   0.710   0.000   0.000   0.000   0.000   0.000   0.000
   0.046   7.000   0.000   0.000   0.290   0.710   0.000   0.000   0.000   0.000   0.000   0.000
   0.046   7.000   0.000   0.000   0.290   0.710   0.000   0.000   0.000   0.000   0.000   0.000
   0.047   7.000   0.000   0.000   0.290   0.710   0.000   0.000   0.000   0.000   0.000   0.000
   0.047   7.000   0.000   0.000   0.290   0.710   0.000   0.000   0.000   0.000   0.000   0.000
   0.048   7.000   0.000   0.000   0.290   0.710   0.000   0.000   0.000   0.000   0.000   0.000
   0.048   7.000   0.000   0.000   0.290   0.710   0.000   0.000   0.000   0.000   0.000   0.000
   0.049   7.000   0.000   0.000   0.289   0.711   0.000   0.000   0.000   0.000   0.000   0.000
   0.049   7.000   0.000   0.000   0.289   0.711   0.000   0.000   0.000   0.000   0.000   0.000
   0.050   7.000   0.000   0.000   0.289   0.711   0.000   0.000   0.000   0.000   0.000   0.000
   0.050   7.000   0.000   0.000   0.289   0.711   0.000   0.000   0.000   0.000   0.000   0.000
    STEP   AVACS   MODE1   MODE2   MODE3   MODE4
       1   7.000   0.289   0.711   0.000   0.000
       2   6.000   0.347   0.653   0.000   0.000
       3   7.000   0.363   0.637   0.000   0.000
       4   5.000   0.306   0.694   0.000   0.000
       5   4.000   0.286   0.714   0.000   0.000
       6   5.000   0.377   0.623   0.000   0.000
       7   4.000   0.375   0.623   0.000   0.002
       8   5.000   0.347   0.649   0.000   0.005
       9   6.000   0.311   0.686   0.000   0.003
      10   6.000   0.307   0.691   0.000   0.002
      11   6.000   0.279   0.721   0.000   0.001
      12   7.000   0.263   0.737   0.000   0.000
      13   7.000   0.209   0.791   0.000   0.000
      14   7.000   0.115   0.885   0.000   0.001
      15   4.000   0.018   0.982   0.000   0.000
      16   5.000   0.054   0.942   0.000   0.004
      17   5.000   0.123   0.873   0.000   0.003
      18   6.000   0.187   0.813   0.000   0.000
      19   7.000   0.289   0.711   0.000   0.000
      20   6.000   0.347   0.653   0.000   0.000
      21   7.000   0.363   0.637   0.000   0.000
      22   5.000   0.306   0.694   0.000   0.000
      23   4.000   0.286   0.714   0.000   0.000
      24   5.000   0.377   0.623   0.000   0.000
      25   4.000   0.376   0.624   0.000   0.000
      26   5.000   0.348   0.652   0.000   0.000
      27   6.000   0.311   0.688   0.001   0.000
      28   6.000   0.307   0.693   0.001   0.000
      29   6.000   0.279   0.721   0.000   0.000
      30   7.000   0.263   0.737   0.000   0.000
      31   7.000   0.209   0.791   0.000   0.000
      32   7.000   0.115   0.885   0.000   0.000
      33   4.000   0.017   0.982   0.000   0.001
      34   5.000   0.056   0.944   0.000   0.000
      35   5.000   0.125   0.875   0.000   0.000
      36   6.000   0.187   0.813   0.000   0.000
  STRAIN   AVACS   PRITW   SECTW   MODE1   MODE2   MODE3   MODE4   TWFR3   EFFR3   TWFR4   EFFR4
   0.050   7.000   0.000   0.000   0.289   0.711   0.000   0.000   0.000   0.000   0.000   0.000
   0.051   7.000   0.000   0.000   0.289   0.711   0.000   0.000   0.000   0.000   0.000   0.000
   0.051   7.000   0.000   0.000   0.288   0.712   0.000   0.000   0.000   0.000   0.000   0.000
   0.052   7.000   0.000   0.000   0.288   0.712   0.000   0.000   0.000   0.000   0.000   0.000
   0.052   7.000   0.000   0.000   0.288   0.712   0.000   0.000   0.000   0.000   0.000   0.000
   0.053   7.000   0.000   0.000   0.288   0.712   0.000   0.000   0.000   0.000   0.000   0.000
   0.053   7.000   0.000   0.000   0.288   0.712   0.000   0.000   0.000   0.000   0.000   0.000
   0.054   7.000   0.000   0.000   0.288   0.712   0.000   0.000   0.000   0.000   0.000   0.000
   0.054   7.000   0.000   0.000   0.287   0.713   0.000   0.000   0.000   0.000   0.000   0.000
   0.055   7.000   0.000   0.000   0.287   0.713   0.000   0.000   0.000   0.000   0.000   0.000
   0.055   7.000   0.000   0.000   0.287   0.713   0.000   0.000   0.000   0.000   0.000   0.000
   0.056   7.000   0.000   0.000   0.287   0.713   0.000   0.000   0.000   0.000   0.000   0.000
   0.056   7.000   0.000   0.000   0.286   0.714   0.000   0.000   0.000   0.000   0.000   0.000
   0.057   7.000   0.000   0.000   0.286   0.714   0.000   0.000   0.000   0.000   0.000   0.000
   0.057   7.000   0.000   0.000   0.286   0.714   0.000   0.000   0.000   0.000   0.000   0.000
   0.058   7.000   0.000   0.000   0.286   0.714   0.000   0.000   0.000   0.000   0.000   0.000
   0.058   7.000   0.000   0.000   0.286   0.714   0.000   0.000   0.000   0.000   0.000   0.000
   0.059   7.000   0.000   0.000   0.286   0.714   0.000   0.000   0.000   0.000   0.000   0.000
   0.059   7.000   0.000   0.000   0.286   0.714   0.000   0.000   0.000   0.000   0.000   0.000
   0.060   7.000   0.000   0.000   0.285   0.715   0.000   0.000   0.000   0.000   0.000   0.000
   0.060   7.000   0.000   0.000   0.285   0.715   0.000   0.000   0.000   0.000   0.000   0.000
   0.061   7.000   0.000   0.000   0.285   0.715   0.000   0.000   0.000   0.000   0.000   0.000
   0.061   7.000   0.000   0.000   0.285   0.715   0.000   0.000   0.000   0.000   0.000   0.000
   0.062   7.000   0.000   0.000   0.284   0.716   0.000   0.000   0.000   0.000   0.000   0.000
   0.062   7.000   0.000   0.000   0.284   0.716   0.000   0.000   0.000   0.000   0.000   0.000
   0.063   7.000   0.000   0.000   0.284   0.716   0.000   0.000   0.000   0.000   0.000   0.000
   0.063   7.000   0.000   0.000   0.284   0.716   0.000   0.000   0.000   0.000   0.000   0.000
   0.064   7.000   0.000   0.000   0.284   0.716   0.000   0.000   0.000   0.000   0.000   0.000
   0.064   7.000   0.000   0.000   0.284   0.716   0.000   0.000   0.000   0.000   0.000   0.000
   0.065   7.000   0.000   0.000   0.283   0.716   0.000   0.000   0.000   0.000   0.000   0.000
   0.065   7.000   0.000   0.000   0.283   0.717   0.000   0.000   0.000   0.000   0.000   0.000
   0.066   7.000   0.000   0.000   0.283   0.717   0.000   0.000   0.000   0.000   0.000   0.000
   0.066   7.000   0.000   0.000   0.283   0.717   0.000   0.000   0.000   0.000   0.000   0.000
   0.067   7.000   0.000   0.000   0.283   0.717   0.000   0.000   0.000   0.000   0.000   0.000
   0.067   7.000   0.000   0.000   0.282   0.718   0.000   0.000   0.000   0.000   0.000   0.000
   0.068   7.000   0.000   0.000   0.282   0.718   0.000   0.000   0.000   0.000   0.000   0.000
   0.068   7.000   0.000   0.000   0.282   0.718   0.000   0.000   0.000   0.000   0.000   0.000
   0.069   7.000   0.000   0.000   0.282   0.718   0.000   0.000   0.000   0.000   0.000   0.000
   0.069   7.000   0.000   0.000   0.282   0.718   0.000   0.000   0.000   0.000   0.000   0.000
   0.070   7.000   0.000   0.000   0.281   0.719   0.000   0.000   0.000   0.000   0.000   0.000
   0.070   7.000   0.000   0.000   0.281   0.719   0.000   0.000   0.000   0.000   0.000   0.000
   0.071   7.000   0.000   0.000   0.281   0.719   0.000   0.000   0.000   0.000   0.000   0.000
   0.071   7.000   0.000   0.000   0.281   0.719   0.000   0.000   0.000   0.000   0.000   0.000
   0.072   7.000   0.000   0.000   0.281   0.719   0.000   0.000   0.000   0.000   0.000   0.000
   0.072   7.000   0.000   0.000   0.280   0.720   0.000   0.000   0.000   0.000   0.000   0.000
   0.073   7.000   0.000   0.000   0.280   0.720   0.000   0.000   0.000   0.000   0.000   0.000
   0.073   7.000   0.000   0.000   0.280   0.720   0.000   0.000   0.000   0.000   0.000   0.000
   0.074   7.000   0.000   0.000   0.280   0.720   0.000   0.000   0.000   0.000   0.000   0.000
   0.074   7.000   0.000   0.000   0.279   0.721   0.000   0.000   0.000   0.000   0.000   0.000
   0.075   7.000   0.000   0.000   0.279   0.721   0.000   0.000   0.000   0.000   0.000   0.000
   0.075   7.000   0.000   0.000   0.279   0.721   0.000   0.000   0.000   0.000   0.000   0.000
    STEP   AVACS   MODE1   MODE2   MODE3   MODE4
       1   7.000   0.279   0.721   0.000   0.000
       2   7.000   0.338   0.662   0.000   0.000
       3   7.000   0.357   0.643   0.000   0.000
       4   7.000   0.312   0.688   0.000   0.001
       5   4.000   0.262   0.738   0.000   0.000
       6   5.000   0.375   0.625   0.000   0.000
       7   4.000   0.380   0.617   0.000   0.003
       8   5.000   0.353   0.637   0.000   0.010
       9   6.000   0.322   0.672   0.000   0.006
      10   6.000   0.312   0.684   0.000   0.004
      11   5.000   0.281   0.718   0.000   0.001
      12   6.000   0.251   0.749   0.000   0.000
      13   6.000   0.183   0.817   0.000   0.001
      14   4.000   0.105   0.895   0.000   0.000
      15   5.000   0.035   0.965   0.000   0.000
      16   5.000   0.033   0.959   0.000   0.008
      17   6.000   0.104   0.891   0.000   0.005
      18   6.000   0.180   0.820   0.000   0.000
      19   7.000   0.279   0.721   0.000   0.000
      20   7.000   0.338   0.662   0.000   0.000
      21   7.000   0.357   0.643   0.000   0.000
      22   7.000   0.312   0.688   0.000   0.000
      23   4.000   0.262   0.738   0.000   0.000
      24   5.000   0.375   0.625   0.000   0.000
      25   4.000   0.381   0.619   0.000   0.000
      26   5.000   0.357   0.643   0.000   0.000
      27   6.000   0.321   0.676   0.003   0.000
      28   6.000   0.312   0.687   0.002   0.000
      29   5.000   0.281   0.719   0.000   0.000
      30   6.000   0.251   0.749   0.000   0.000
      31   6.000   0.183   0.817   0.000   0.000
      32   5.000   0.104   0.894   0.000   0.002
      33   5.000   0.033   0.963   0.000   0.004
      34   5.000   0.037   0.963   0.000   0.000
      35   6.000   0.106   0.894   0.000   0.000
      36   6.000   0.180   0.820   0.000   0.000
  STRAIN   AVACS   PRITW   SECTW   MODE1   MODE2   MODE3   MODE4   TWFR3   EFFR3   TWFR4   EFFR4
   0.075   7.000   0.000   0.000   0.279   0.721   0.000   0.000   0.000   0.000   0.000   0.000
   0.076   7.000   0.000   0.000   0.279   0.721   0.000   0.000   0.000   0.000   0.000   0.000
   0.076   7.000   0.000   0.000   0.278   0.722   0.000   0.000   0.000   0.000   0.000   0.000
   0.077   7.000   0.000   0.000   0.278   0.722   0.000   0.000   0.000   0.000   0.000   0.000
   0.077   7.000   0.000   0.000   0.278   0.722   0.000   0.000   0.000   0.000   0.000   0.000
   0.078   7.000   0.000   0.000   0.278   0.722   0.000   0.000   0.000   0.000   0.000   0.000
   0.078   7.000   0.000   0.000   0.278   0.722   0.000   0.000   0.000   0.000   0.000   0.000
   0.079   7.000   0.000   0.000   0.277   0.723   0.000   0.000   0.000   0.000   0.000   0.000
   0.079   7.000   0.000   0.000   0.277   0.723   0.000   0.000   0.000   0.000   0.000   0.000
   0.080   7.000   0.000   0.000   0.277   0.723   0.000   0.000   0.000   0.000   0.000   0.000
   0.080   7.000   0.000   0.000   0.277   0.723   0.000   0.000   0.000   0.000   0.000   0.000
   0.081   7.000   0.000   0.000   0.276   0.724   0.000   0.000   0.000   0.000   0.000   0.000
   0.081   7.000   0.000   0.000   0.276   0.724   0.000   0.000   0.000   0.000   0.000   0.000
   0.082   7.000   0.000   0.000   0.276   0.724   0.000   0.000   0.000   0.000   0.000   0.000
   0.082   7.000   0.000   0.000   0.276   0.724   0.000   0.000   0.000   0.000   0.000   0.000
   0.083   7.000   0.000   0.000   0.275   0.724   0.000   0.000   0.000   0.000   0.000   0.000
   0.083   7.000   0.000   0.000   0.275   0.725   0.000   0.000   0.000   0.000   0.000   0.000
   0.084   7.000   0.000   0.000   0.275   0.725   0.000   0.000   0.000   0.000   0.000   0.000
   0.084   7.000   0.000   0.000   0.275   0.725   0.000   0.000   0.000   0.000   0.000   0.000
   0.085   7.000   0.000   0.000   0.275   0.725   0.000   0.000   0.000   0.000   0.000   0.000
   0.085   7.000   0.000   0.000   0.274   0.726   0.000   0.000   0.000   0.000   0.000   0.000
   0.086   7.000   0.000   0.000   0.274   0.726   0.000   0.000   0.000   0.000   0.000   0.000
   0.086   7.000   0.000   0.000   0.274   0.726   0.000   0.000   0.000   0.000   0.000   0.000
   0.087   7.000   0.000   0.000   0.274   0.726   0.000   0.000   0.000   0.000   0.000   0.000
   0.087   7.000   0.000   0.000   0.273   0.727   0.000   0.000   0.000   0.000   0.000   0.000
   0.088   7.000   0.000   0.000   0.273   0.727   0.000   0.000   0.000   0.000   0.000   0.000
   0.088   7.000   0.000   0.000   0.273   0.727   0.000   0.000   0.000   0.000   0.000   0.000
   0.089   7.000   0.000   0.000   0.273   0.727   0.000   0.000   0.000   0.000   0.000   0.000
   0.089   7.000   0.000   0.000   0.272   0.728   0.000   0.000   0.000   0.000   0.000   0.000
   0.090   7.000   0.000   0.000   0.272   0.728   0.000   0.000   0.000   0.000   0.000   0.000
   0.090   7.000   0.000   0.000   0.272   0.728   0.000   0.000   0.000   0.000   0.000   0.000
   0.091   7.000   0.000   0.000   0.272   0.728   0.000   0.000   0.000   0.000   0.000   0.000
   0.091   7.000   0.000   0.000   0.271   0.729   0.000   0.000   0.000   0.000   0.000   0.000
   0.092   7.000   0.000   0.000   0.271   0.729   0.000   0.000   0.000   0.000   0.000   0.000
   0.092   7.000   0.000   0.000   0.271   0.729   0.000   0.000   0.000   0.000   0.000   0.000
   0.093   7.000   0.000   0.000   0.271   0.729   0.000   0.000   0.000   0.000   0.000   0.000
   0.093   7.000   0.000   0.000   0.270   0.730   0.000   0.000   0.000   0.000   0.000   0.000
   0.094   7.000   0.000   0.000   0.270   0.730   0.000   0.000   0.000   0.000   0.000   0.000
   0.094   7.000   0.000   0.000   0.270   0.730   0.000   0.000   0.000   0.000   0.000   0.000
   0.095   7.000   0.000   0.000   0.270   0.730   0.000   0.000   0.000   0.000   0.000   0.000
   0.095   7.000   0.000   0.000   0.269   0.731   0.000   0.000   0.000   0.000   0.000   0.000
   0.096   7.000   0.000   0.000   0.269   0.731   0.000   0.000   0.000   0.000   0.000   0.000
   0.096   7.000   0.000   0.000   0.269   0.731   0.000   0.000   0.000   0.000   0.000   0.000
   0.097   7.000   0.000   0.000   0.268   0.731   0.000   0.000   0.000   0.000   0.000   0.000
   0.097   7.000   0.000   0.000   0.268   0.732   0.000   0.000   0.000   0.000   0.000   0.000
   0.098   7.000   0.000   0.000   0.268   0.732   0.000   0.000   0.000   0.000   0.000   0.000
   0.098   7.000   0.000   0.000   0.268   0.732   0.000   0.000   0.000   0.000   0.000   0.000
   0.099   7.000   0.000   0.000   0.267   0.733   0.000   0.000   0.000   0.000   0.000   0.000
   0.099   7.000   0.000   0.000   0.267   0.733   0.000   0.000   0.000   0.000   0.000   0.000
   0.100   7.000   0.000   0.000   0.267   0.733   0.000   0.000   0.000   0.000   0.000   0.000
   0.100   7.000   0.000   0.000   0.267   0.733   0.000   0.000   0.000   0.000   0.000   0.000
    STEP   AVACS   MODE1   MODE2   MODE3   MODE4
       1   7.000   0.267   0.733   0.000   0.000
       2   7.000   0.327   0.673   0.000   0.000
       3   7.000   0.347   0.652   0.000   0.000
       4   7.000   0.314   0.685   0.000   0.001
       5   3.000   0.238   0.762   0.000   0.000
       6   7.000   0.370   0.629   0.000   0.000
       7   4.000   0.384   0.612   0.000   0.003
       8   5.000   0.361   0.630   0.000   0.009
       9   6.000   0.329   0.666   0.000   0.005
      10   6.000   0.314   0.683   0.000   0.003
      11   5.000   0.282   0.718   0.000   0.000
      12   6.000   0.241   0.759   0.000   0.000
      13   5.000   0.177   0.823   0.000   0.000
      14   5.000   0.119   0.881   0.000   0.000
      15   5.000   0.051   0.949   0.000   0.000
      16   4.000   0.015   0.979   0.000   0.006
      17   6.000   0.084   0.912   0.000   0.003
      18   7.000   0.169   0.831   0.000   0.000
      19   7.000   0.267   0.733   0.000   0.000
      20   7.000   0.327   0.673   0.000   0.000
      21   7.000   0.347   0.653   0.000   0.000
      22   7.000   0.314   0.686   0.000   0.000
      23   3.000   0.238   0.762   0.000   0.000
      24   7.000   0.370   0.629   0.000   0.000
      25   4.000   0.386   0.614   0.000   0.000
      26   5.000   0.365   0.635   0.000   0.000
      27   6.000   0.326   0.669   0.005   0.000
      28   6.000   0.312   0.684   0.003   0.000
      29   5.000   0.282   0.718   0.000   0.000
      30   6.000   0.241   0.759   0.000   0.000
      31   5.000   0.176   0.823   0.000   0.001
      32   5.000   0.117   0.880   0.000   0.003
      33   5.000   0.048   0.947   0.000   0.005
      34   4.000   0.018   0.982   0.000   0.000
      35   6.000   0.086   0.914   0.000   0.000
      36   7.000   0.169   0.831   0.000   0.000
  STRAIN   AVACS   PRITW   SECTW   MODE1   MODE2   MODE3   MODE4   TWFR3   EFFR3   TWFR4   EFFR4
   0.100   7.000   0.000   0.000   0.267   0.733   0.000   0.000   0.000   0.000   0.000   0.000
   0.101   7.000   0.000   0.000   0.266   0.734   0.000   0.000   0.000   0.000   0.000   0.000
   0.101   7.000   0.000   0.000   0.266   0.734   0.000   0.000   0.000   0.000   0.000   0.000
   0.102   7.000   0.000   0.000   0.266   0.734   0.000   0.000   0.000   0.000   0.000   0.000
   0.102   7.000   0.000   0.000   0.265   0.734   0.000   0.000   0.000   0.000   0.000   0.000
   0.103   7.000   0.000   0.000   0.265   0.735   0.000   0.000   0.000   0.000   0.000   0.000
   0.103   7.000   0.000   0.000   0.265   0.735   0.000   0.000   0.000   0.000   0.000   0.000
   0.104   7.000   0.000   0.000   0.265   0.735   0.000   0.000   0.000   0.000   0.000   0.000
   0.104   7.000   0.000   0.000   0.264   0.736   0.000   0.000   0.000   0.000   0.000   0.000
   0.105   7.000   0.000   0.000   0.264   0.736   0.000   0.000   0.000   0.000   0.000   0.000
   0.105   7.000   0.000   0.000   0.264   0.736   0.000   0.000   0.000   0.000   0.000   0.000
   0.106   7.000   0.000   0.000   0.263   0.736   0.000   0.000   0.000   0.000   0.000   0.000
   0.106   7.000   0.000   0.000   0.263   0.737   0.000   0.000   0.000   0.000   0.000   0.000
   0.107   7.000   0.000   0.000   0.263   0.737   0.000   0.000   0.000   0.000   0.000   0.000
   0.107   7.000   0.000   0.000   0.263   0.737   0.000   0.000   0.000   0.000   0.000   0.000
   0.108   7.000   0.000   0.000   0.262   0.738   0.000   0.000   0.000   0.000   0.000   0.000
   0.108   7.000   0.000   0.000   0.262   0.738   0.000   0.000   0.000   0.000   0.000   0.000
   0.109   7.000   0.000   0.000   0.262   0.738   0.000   0.000   0.000   0.000   0.000   0.000
   0.109   7.000   0.000   0.000   0.261   0.739   0.000   0.000   0.000   0.000   0.000   0.000
   0.110   7.000   0.000   0.000   0.261   0.739   0.000   0.000   0.000   0.000   0.000   0.000
   0.110   7.000   0.000   0.000   0.261   0.739   0.000   0.000   0.000   0.000   0.000   0.000
   0.111   7.000   0.000   0.000   0.261   0.739   0.000   0.000   0.000   0.000   0.000   0.000
   0.111   7.000   0.000   0.000   0.260   0.740   0.000   0.000   0.000   0.000   0.000   0.000
   0.112   7.000   0.000   0.000   0.260   0.740   0.000   0.000   0.000   0.000   0.000   0.000
   0.112   7.000   0.000   0.000   0.260   0.740   0.000   0.000   0.000   0.000   0.000   0.000
   0.113   7.000   0.000   0.000   0.259   0.741   0.000   0.000   0.000   0.000   0.000   0.000
   0.113   7.000   0.000   0.000   0.259   0.741   0.000   0.000   0.000   0.000   0.000   0.000
   0.114   7.000   0.000   0.000   0.259   0.741   0.000   0.000   0.000   0.000   0.000   0.000
   0.114   7.000   0.000   0.000   0.258   0.742   0.000   0.000   0.000   0.000   0.000   0.000
   0.115   7.000   0.000   0.000   0.258   0.742   0.000   0.000   0.000   0.000   0.000   0.000
   0.115   7.000   0.000   0.000   0.258   0.742   0.000   0.000   0.000   0.000   0.000   0.000
   0.116   7.000   0.000   0.000   0.257   0.742   0.000   0.000   0.000   0.000   0.000   0.000
   0.116   7.000   0.000   0.000   0.257   0.743   0.000   0.000   0.000   0.000   0.000   0.000
   0.117   7.000   0.000   0.000   0.257   0.743   0.000   0.000   0.000   0.000   0.000   0.000
   0.117   7.000   0.000   0.000   0.256   0.743   0.000   0.000   0.000   0.000   0.000   0.000
   0.118   7.000   0.000   0.000   0.256   0.744   0.000   0.000   0.000   0.000   0.000   0.000
   0.118   7.000   0.000   0.000   0.256   0.744   0.000   0.000   0.000   0.000   0.000   0.000
   0.119   7.000   0.000   0.000   0.256   0.744   0.000   0.000   0.000   0.000   0.000   0.000
   0.119   7.000   0.000   0.000   0.255   0.745   0.000   0.000   0.000   0.000   0.000   0.000
   0.120   7.000   0.000   0.000   0.255   0.745   0.000   0.000   0.000   0.000   0.000   0.000
   0.120   7.000   0.000   0.000   0.255   0.745   0.000   0.000   0.000   0.000   0.000   0.000
   0.121   7.000   0.000   0.000   0.254   0.746   0.000   0.000   0.000   0.000   0.000   0.000
   0.121   7.000   0.000   0.000   0.254   0.746   0.000   0.000   0.000   0.000   0.000   0.000
   0.122   7.000   0.000   0.000   0.254   0.746   0.000   0.000   0.000   0.000   0.000   0.000
   0.122   7.000   0.000   0.000   0.253   0.747   0.000   0.000   0.000   0.000   0.000   0.000
   0.123   7.000   0.000   0.000   0.253   0.747   0.000   0.000   0.000   0.000   0.000   0.000
   0.123   7.000   0.000   0.000   0.253   0.747   0.000   0.000   0.000   0.000   0.000   0.000
   0.124   7.000   0.000   0.000   0.252   0.748   0.000   0.000   0.000   0.000   0.000   0.000
   0.124   7.000   0.000   0.000   0.252   0.748   0.000   0.000   0.000   0.000   0.000   0.000
   0.125   7.000   0.000   0.000   0.252   0.748   0.000   0.000   0.000   0.000   0.000   0.000
   0.125   7.000   0.000   0.000   0.251   0.749   0.000   0.000   0.000   0.000   0.000   0.000
    STEP   AVACS   MODE1   MODE2   MODE3   MODE4
       1   7.000   0.251   0.749   0.000   0.000
       2   8.000   0.311   0.688   0.000   0.000
       3   7.000   0.335   0.665   0.000   0.000
       4   7.000   0.313   0.687   0.000   0.000
       5   3.000   0.233   0.766   0.000   0.001
       6   7.000   0.364   0.636   0.000   0.000
       7   4.000   0.389   0.608   0.000   0.002
       8   5.000   0.370   0.624   0.000   0.006
       9   6.000   0.334   0.663   0.000   0.003
      10   6.000   0.316   0.682   0.000   0.002
      11   5.000   0.282   0.718   0.000   0.000
      12   5.000   0.237   0.763   0.000   0.000
      13   6.000   0.189   0.811   0.000   0.000
      14   5.000   0.131   0.869   0.000   0.000
      15   5.000   0.065   0.935   0.000   0.000
      16   4.000   0.000   0.997   0.000   0.002
      17   5.000   0.064   0.934   0.000   0.002
      18   7.000   0.156   0.844   0.000   0.000
      19   7.000   0.251   0.749   0.000   0.000
      20   8.000   0.311   0.688   0.000   0.000
      21   7.000   0.335   0.665   0.000   0.000
      22   7.000   0.313   0.687   0.000   0.000
      23   3.000   0.233   0.767   0.000   0.000
      24   7.000   0.364   0.635   0.000   0.000
      25   4.000   0.390   0.610   0.000   0.000
      26   5.000   0.372   0.627   0.000   0.000
      27   6.000   0.327   0.663   0.009   0.000
      28   6.000   0.313   0.682   0.005   0.000
      29   5.000   0.281   0.718   0.000   0.000
      30   5.000   0.237   0.763   0.000   0.000
      31   6.000   0.188   0.810   0.000   0.002
      32   5.000   0.130   0.867   0.000   0.003
      33   5.000   0.063   0.933   0.000   0.004
      34   4.000   0.001   0.999   0.000   0.000
      35   5.000   0.065   0.935   0.000   0.000
      36   7.000   0.156   0.844   0.000   0.000
