    STEP   AVACS   MODE1   MODE2   MODE3   MODE4
       1   6.000   0.555   0.445   0.000   0.000
       2   5.000   0.492   0.508   0.000   0.000
       3   5.000   0.338   0.662   0.000   0.000
       4   5.000   0.272   0.728   0.000   0.000
       5   5.000   0.231   0.769   0.000   0.000
       6   4.000   0.196   0.804   0.000   0.000
       7   5.000   0.177   0.823   0.000   0.000
       8   6.000   0.144   0.856   0.000   0.000
       9   5.000   0.092   0.908   0.000   0.000
      10   4.000   0.013   0.987   0.000   0.000
      11   5.000   0.115   0.885   0.000   0.000
      12   5.000   0.206   0.794   0.000   0.000
      13   7.000   0.275   0.725   0.000   0.000
      14   6.000   0.315   0.685   0.000   0.000
      15   4.000   0.340   0.660   0.000   0.000
      16   5.000   0.379   0.621   0.000   0.000
      17   6.000   0.465   0.535   0.000   0.000
      18   5.000   0.543   0.457   0.000   0.000
      19   6.000   0.555   0.445   0.000   0.000
      20   5.000   0.492   0.508   0.000   0.000
      21   5.000   0.338   0.662   0.000   0.000
      22   5.000   0.272   0.728   0.000   0.000
      23   5.000   0.231   0.769   0.000   0.000
      24   4.000   0.196   0.804   0.000   0.000
      25   5.000   0.177   0.823   0.000   0.000
      26   6.000   0.144   0.856   0.000   0.000
      27   5.000   0.092   0.908   0.000   0.000
      28   4.000   0.013   0.987   0.000   0.000
      29   5.000   0.115   0.885   0.000   0.000
      30   5.000   0.206   0.794   0.000   0.000
      31   7.000   0.275   0.725   0.000   0.000
      32   6.000   0.315   0.685   0.000   0.000
      33   4.000   0.340   0.660   0.000   0.000
      34   5.000   0.379   0.621   0.000   0.000
      35   6.000   0.465   0.535   0.000   0.000
      36   5.000   0.543   0.457   0.000   0.000
  STRAIN   AVACS   PRITW   SECTW   MODE1   MODE2   MODE3   MODE4   TWFR3   EFFR3   TWFR4   EFFR4
   0.000   6.000   0.000   0.000   0.555   0.445   0.000   0.000   0.000   0.000   0.000   0.000
   0.001   6.000   0.000   0.000   0.554   0.446   0.000   0.000   0.000   0.000   0.000   0.000
   0.001   6.000   0.000   0.000   0.554   0.446   0.000   0.000   0.000   0.000   0.000   0.000
   0.002   6.000   0.000   0.000   0.553   0.447   0.000   0.000   0.000   0.000   0.000   0.000
   0.002   6.000   0.000   0.000   0.553   0.447   0.000   0.000   0.000   0.000   0.000   0.000
   0.003   6.000   0.000   0.000   0.552   0.448   0.000   0.000   0.000   0.000   0.000   0.000
   0.003   6.000   0.000   0.000   0.551   0.449   0.000   0.000   0.000   0.000   0.000   0.000
   0.004   6.000   0.000   0.000   0.551   0.449   0.000   0.000   0.000   0.000   0.000   0.000
   0.004   6.000   0.000   0.000   0.551   0.449   0.000   0.000   0.000   0.000   0.000   0.000
   0.005   6.000   0.000   0.000   0.550   0.450   0.000   0.000   0.000   0.000   0.000   0.000
   0.005   6.000   0.000   0.000   0.550   0.450   0.000   0.000   0.000   0.000   0.000   0.000
   0.006   6.000   0.000   0.000   0.549   0.451   0.000   0.000   0.000   0.000   0.000   0.000
   0.006   6.000   0.000   0.000   0.549   0.451   0.000   0.000   0.000   0.000   0.000   0.000
   0.007   6.000   0.000   0.000   0.549   0.451   0.000   0.000   0.000   0.000   0.000   0.000
   0.007   6.000   0.000   0.000   0.548   0.452   0.000   0.000   0.000   0.000   0.000   0.000
   0.008   6.000   0.000   0.000   0.548   0.452   0.000   0.000   0.000   0.000   0.000   0.000
   0.008   6.000   0.000   0.000   0.548   0.452   0.000   0.000   0.000   0.000   0.000   0.000
   0.009   6.000   0.000   0.000   0.547   0.453   0.000   0.000   0.000   0.000   0.000   0.000
   0.009   6.000   0.000   0.000   0.547   0.453   0.000   0.000   0.000   0.000   0.000   0.000
   0.010   6.000   0.000   0.000   0.547   0.453   0.000   0.000   0.000   0.000   0.000   0.000
   0.010   6.000   0.000   0.000   0.547   0.453   0.000   0.000   0.000   0.000   0.000   0.000
   0.011   6.000   0.000   0.000   0.546   0.454   0.000   0.000   0.000   0.000   0.000   0.000
   0.011   6.000   0.000   0.000   0.546   0.454   0.000   0.000   0.000   0.000   0.000   0.000
   0.012   6.000   0.000   0.000   0.546   0.454   0.000   0.000   0.000   0.000   0.000   0.000
   0.012   6.000   0.000   0.000   0.546   0.454   0.000   0.000   0.000   0.000   0.000   0.000
   0.013   6.000   0.000   0.000   0.545   0.455   0.000   0.000   0.000   0.000   0.000   0.000
   0.013   6.000   0.000   0.000   0.545   0.455   0.000   0.000   0.000   0.000   0.000   0.000
   0.014   6.000   0.000   0.000   0.545   0.455   0.000   0.000   0.000   0.000   0.000   0.000
   0.014   6.000   0.000   0.000   0.545   0.455   0.000   0.000   0.000   0.000   0.000   0.000
   0.015   6.000   0.000   0.000   0.544   0.456   0.000   0.000   0.000   0.000   0.000   0.000
   0.015   6.000   0.000   0.000   0.544   0.456   0.000   0.000   0.000   0.000   0.000   0.000
   0.016   6.000   0.000   0.000   0.544   0.456   0.000   0.000   0.000   0.000   0.000   0.000
   0.016   6.000   0.000   0.000   0.544   0.456   0.000   0.000   0.000   0.000   0.000   0.000
   0.017   6.000   0.000   0.000   0.543   0.457   0.000   0.000   0.000   0.000   0.000   0.000
   0.017   6.000   0.000   0.000   0.543   0.457   0.000   0.000   0.000   0.000   0.000   0.000
   0.018   6.000   0.000   0.000   0.543   0.457   0.000   0.000   0.000   0.000   0.000   0.000
   0.018   6.000   0.000   0.000   0.543   0.457   0.000   0.000   0.000   0.000   0.000   0.000
   0.019   6.000   0.000   0.000   0.542   0.458   0.000   0.000   0.000   0.000   0.000   0.000
   0.019   6.000   0.000   0.000   0.542   0.458   0.000   0.000   0.000   0.000   0.000   0.000
   0.020   6.000   0.000   0.000   0.542   0.458   0.000   0.000   0.000   0.000   0.000   0.000
   0.020   6.000   0.000   0.000   0.542   0.458   0.000   0.000   0.000   0.000   0.000   0.000
   0.021   6.000   0.000   0.000   0.541   0.459   0.000   0.000   0.000   0.000   0.000   0.000
   0.021   6.000   0.000   0.000   0.541   0.459   0.000   0.000   0.000   0.000   0.000   0.000
   0.022   6.000   0.000   0.000   0.541   0.459   0.000   0.000   0.000   0.000   0.000   0.000
   0.022   6.000   0.000   0.000   0.541   0.459   0.000   0.000   0.000   0.000   0.000   0.000
   0.023   6.000   0.000   0.000   0.541   0.459   0.000   0.000   0.000   0.000   0.000   0.000
   0.023   6.000   0.000   0.000   0.540   0.460   0.000   0.000   0.000   0.000   0.000   0.000
   0.024   6.000   0.000   0.000   0.540   0.460   0.000   0.000   0.000   0.000   0.000   0.000
   0.024   6.000   0.000   0.000   0.540   0.460   0.000   0.000   0.000   0.000   0.000   0.000
   0.025   6.000   0.000   0.000   0.539   0.460   0.000   0.000   0.000   0.000   0.000   0.000
   0.025   6.000   0.000   0.000   0.539   0.461   0.000   0.000   0.000   0.000   0.000   0.000
    STEP   AVACS   MODE1   MODE2   MODE3   MODE4
       1   6.000   0.539   0.461   0.000   0.000
       2   6.000   0.478   0.522   0.000   0.000
       3   4.000   0.325   0.675   0.000   0.000
       4   5.000   0.268   0.731   0.000   0.000
       5   5.000   0.230   0.770   0.000   0.000
       6   4.000   0.194   0.805   0.000   0.000
       7   5.000   0.161   0.839   0.000   0.000
       8   6.000   0.130   0.870   0.000   0.000
       9   6.000   0.083   0.917   0.000   0.000
      10   4.000   0.003   0.997   0.000   0.000
      11   5.000   0.112   0.888   0.000   0.000
      12   6.000   0.199   0.801   0.000   0.000
      13   6.000   0.260   0.740   0.000   0.000
      14   5.000   0.300   0.700   0.000   0.000
      15   5.000   0.340   0.660   0.000   0.000
      16   5.000   0.377   0.623   0.000   0.000
      17   6.000   0.448   0.552   0.000   0.000
      18   6.000   0.530   0.470   0.000   0.000
      19   6.000   0.539   0.461   0.000   0.000
      20   6.000   0.478   0.521   0.000   0.000
      21   4.000   0.325   0.675   0.000   0.000
      22   5.000   0.268   0.731   0.000   0.000
      23   5.000   0.230   0.770   0.000   0.000
      24   4.000   0.195   0.805   0.000   0.000
      25   5.000   0.161   0.839   0.000   0.000
      26   6.000   0.130   0.870   0.000   0.000
      27   6.000   0.083   0.917   0.000   0.000
      28   4.000   0.003   0.997   0.000   0.000
      29   5.000   0.112   0.888   0.000   0.000
      30   6.000   0.199   0.801   0.000   0.000
      31   6.000   0.260   0.740   0.000   0.000
      32   5.000   0.300   0.700   0.000   0.000
      33   5.000   0.340   0.660   0.000   0.000
      34   5.000   0.377   0.623   0.000   0.000
      35   6.000   0.448   0.552   0.000   0.000
      36   6.000   0.530   0.470   0.000   0.000
  STRAIN   AVACS   PRITW   SECTW   MODE1   MODE2   MODE3   MODE4   TWFR3   EFFR3   TWFR4   EFFR4
   0.025   6.000   0.000   0.000   0.539   0.461   0.000   0.000   0.000   0.000   0.000   0.000
   0.026   6.000   0.000   0.000   0.539   0.461   0.000   0.000   0.000   0.000   0.000   0.000
   0.026   6.000   0.000   0.000   0.539   0.461   0.000   0.000   0.000   0.000   0.000   0.000
   0.027   6.000   0.000   0.000   0.538   0.461   0.000   0.000   0.000   0.000   0.000   0.000
   0.027   6.000   0.000   0.000   0.538   0.462   0.000   0.000   0.000   0.000   0.000   0.000
   0.028   6.000   0.000   0.000   0.538   0.462   0.000   0.000   0.000   0.000   0.000   0.000
   0.028   6.000   0.000   0.000   0.538   0.462   0.000   0.000   0.000   0.000   0.000   0.000
   0.029   6.000   0.000   0.000   0.537   0.462   0.000   0.000   0.000   0.000   0.000   0.000
   0.029   6.000   0.000   0.000   0.537   0.462   0.000   0.001   0.000   0.000   0.000   0.000
   0.030   6.000   0.000   0.000   0.537   0.463   0.000   0.001   0.000   0.000   0.000   0.000
   0.030   6.000   0.000   0.000   0.536   0.463   0.000   0.001   0.000   0.000   0.000   0.000
   0.031   6.000   0.000   0.000   0.536   0.463   0.000   0.001   0.000   0.000   0.000   0.000
   0.031   6.000   0.000   0.000   0.536   0.463   0.000   0.001   0.000   0.000   0.000   0.000
   0.032   6.000   0.000   0.000   0.536   0.464   0.000   0.001   0.000   0.000   0.000   0.000
   0.032   6.000   0.000   0.000   0.535   0.465   0.000   0.001   0.000   0.000   0.000   0.000
   0.033   6.000   0.000   0.000   0.534   0.465   0.000   0.001   0.000   0.000   0.000   0.000
   0.033   6.000   0.000   0.000   0.535   0.464   0.000   0.001   0.000   0.000   0.000   0.000
   0.034   6.000   0.000   0.000   0.534   0.465   0.000   0.001   0.000   0.000   0.000   0.000
   0.034   6.000   0.000   0.000   0.534   0.465   0.000   0.001   0.000   0.000   0.000   0.000
   0.035   6.000   0.000   0.000   0.533   0.466   0.000   0.001   0.000   0.000   0.000   0.000
   0.035   6.000   0.000   0.000   0.534   0.465   0.000   0.001   0.000   0.000   0.000   0.000
   0.036   6.000   0.000   0.000   0.533   0.466   0.000   0.001   0.000   0.000   0.000   0.000
   0.036   6.000   0.000   0.000   0.533   0.466   0.000   0.001   0.000   0.000   0.000   0.000
   0.037   6.000   0.000   0.000   0.532   0.467   0.000   0.001   0.000   0.000   0.000   0.000
   0.037   6.000   0.000   0.000   0.532   0.466   0.000   0.001   0.000   0.000   0.000   0.000
   0.038   6.000   0.000   0.000   0.532   0.467   0.000   0.001   0.000   0.000   0.000   0.000
   0.038   6.000   0.000   0.000   0.532   0.467   0.000   0.001   0.000   0.000   0.000   0.000
   0.039   6.000   0.000   0.000   0.532   0.467   0.000   0.002   0.000   0.000   0.000   0.000
   0.039   6.000   0.000   0.000   0.531   0.467   0.000   0.002   0.000   0.000   0.000   0.000
   0.040   6.000   0.000   0.000   0.530   0.468   0.000   0.002   0.000   0.000   0.000   0.000
   0.040   6.000   0.000   0.000   0.531   0.468   0.000   0.002   0.000   0.000   0.000   0.000
   0.041   6.000   0.000   0.000   0.530   0.468   0.000   0.002   0.000   0.000   0.000   0.000
   0.041   6.000   0.000   0.000   0.529   0.469   0.000   0.002   0.000   0.000   0.000   0.000
   0.042   6.000   0.000   0.000   0.530   0.468   0.000   0.002   0.000   0.000   0.000   0.000
   0.042   6.000   0.000   0.000   0.529   0.468   0.000   0.002   0.000   0.000   0.000   0.000
   0.043   6.000   0.000   0.000   0.529   0.469   0.000   0.002   0.000   0.000   0.000   0.000
   0.043   6.000   0.000   0.000   0.529   0.469   0.000   0.002   0.000   0.000   0.000   0.000
   0.044   6.000   0.000   0.000   0.528   0.470   0.000   0.002   0.000   0.000   0.000   0.000
   0.044   6.000   0.000   0.000   0.528   0.469   0.000   0.002   0.000   0.000   0.000   0.000
   0.045   6.000   0.000   0.000   0.528   0.470   0.000   0.003   0.000   0.000   0.000   0.000
   0.045   6.000   0.000   0.000   0.528   0.470   0.000   0.003   0.000   0.000   0.000   0.000
   0.046   6.000   0.000   0.000   0.527   0.470   0.000   0.003   0.000   0.000   0.000   0.000
   0.046   6.000   0.000   0.000   0.526   0.471   0.000   0.003   0.000   0.000   0.000   0.000
   0.047   6.000   0.000   0.000   0.527   0.470   0.000   0.003   0.000   0.000   0.000   0.000
   0.047   6.000   0.000   0.000   0.526   0.471   0.000   0.003   0.000   0.000   0.000   0.000
   0.048   6.000   0.000   0.000   0.526   0.471   0.000   0.003   0.000   0.000   0.000   0.000
   0.048   6.000   0.000   0.000   0.526   0.471   0.000   0.003   0.000   0.000   0.000   0.000
   0.049   6.000   0.000   0.000   0.525   0.471   0.000   0.003   0.000   0.000   0.000   0.000
   0.049   6.000   0.000   0.000   0.524   0.472   0.000   0.004   0.000   0.000   0.001   0.000
   0.050   6.000   0.000   0.000   0.525   0.472   0.000   0.004   0.000   0.000   0.001   0.000
   0.050   6.000   0.000   0.000   0.524   0.472   0.000   0.004   0.000   0.000   0.001   0.000
    STEP   AVACS   MODE1   MODE2   MODE3   MODE4
       1   6.000   0.525   0.474   0.000   0.000
       2   6.000   0.468   0.532   0.000   0.000
       3   5.000   0.320   0.680   0.000   0.000
       4   5.000   0.265   0.734   0.000   0.001
       5   5.000   0.230   0.770   0.000   0.001
       6   5.000   0.196   0.803   0.000   0.001
       7   4.000   0.163   0.836   0.000   0.000
       8   6.000   0.131   0.869   0.000   0.000
       9   5.000   0.085   0.915   0.000   0.000
      10   4.000   0.009   0.991   0.000   0.000
      11   5.000   0.114   0.886   0.000   0.000
      12   5.000   0.201   0.799   0.000   0.000
      13   6.000   0.261   0.739   0.000   0.000
      14   5.000   0.305   0.695   0.000   0.000
      15   5.000   0.341   0.659   0.000   0.000
      16   5.000   0.375   0.625   0.000   0.000
      17   6.000   0.441   0.559   0.000   0.000
      18   6.000   0.520   0.478   0.000   0.002
      19   6.000   0.524   0.472   0.000   0.004
      20   6.000   0.468   0.530   0.000   0.002
      21   5.000   0.320   0.680   0.000   0.000
      22   5.000   0.265   0.735   0.000   0.000
      23   5.000   0.230   0.770   0.000   0.000
      24   5.000   0.197   0.803   0.000   0.000
      25   4.000   0.164   0.836   0.000   0.000
      26   6.000   0.131   0.869   0.000   0.000
      27   5.000   0.085   0.915   0.000   0.000
      28   4.000   0.009   0.991   0.000   0.000
      29   5.000   0.114   0.886   0.000   0.000
      30   5.000   0.201   0.799   0.000   0.000
      31   6.000   0.261   0.739   0.000   0.000
      32   5.000   0.305   0.694   0.000   0.001
      33   5.000   0.341   0.658   0.000   0.001
      34   5.000   0.375   0.624   0.000   0.001
      35   6.000   0.441   0.559   0.000   0.000
      36   6.000   0.520   0.480   0.000   0.000
  STRAIN   AVACS   PRITW   SECTW   MODE1   MODE2   MODE3   MODE4   TWFR3   EFFR3   TWFR4   EFFR4
   0.050   6.000   0.000   0.000   0.524   0.472   0.000   0.004   0.000   0.000   0.001   0.000
   0.051   6.000   0.000   0.000   0.524   0.472   0.000   0.004   0.000   0.000   0.001   0.000
   0.051   6.000   0.000   0.000   0.524   0.472   0.000   0.004   0.000   0.000   0.001   0.000
   0.052   6.000   0.000   0.000   0.523   0.473   0.000   0.004   0.000   0.000   0.001   0.000
   0.052   6.000   0.000   0.000   0.523   0.473   0.000   0.004   0.000   0.000   0.001   0.000
   0.053   6.000   0.000   0.000   0.523   0.473   0.000   0.004   0.000   0.000   0.001   0.000
   0.053   6.000   0.000   0.000   0.522   0.473   0.000   0.005   0.000   0.000   0.001   0.000
   0.054   6.000   0.000   0.000   0.522   0.474   0.000   0.005   0.000   0.000   0.001   0.000
   0.054   6.000   0.000   0.000   0.522   0.473   0.000   0.005   0.000   0.000   0.001   0.000
   0.055   6.000   0.000   0.000   0.521   0.474   0.000   0.005   0.000   0.000   0.001   0.000
   0.055   6.000   0.000   0.000   0.521   0.474   0.000   0.005   0.000   0.000   0.001   0.000
   0.056   6.000   0.000   0.000   0.520   0.475   0.000   0.005   0.000   0.000   0.001   0.000
   0.056   6.000   0.000   0.000   0.521   0.474   0.000   0.005   0.000   0.000   0.001   0.000
   0.057   6.000   0.000   0.000   0.520   0.474   0.000   0.005   0.000   0.000   0.001   0.000
   0.057   6.000   0.000   0.000   0.519   0.475   0.000   0.006   0.000   0.000   0.001   0.000
   0.058   6.000   0.000   0.000   0.519   0.475   0.000   0.006   0.000   0.000   0.001   0.000
   0.058   6.000   0.000   0.000   0.519   0.475   0.000   0.006   0.000   0.000   0.001   0.000
   0.059   6.000   0.000   0.000   0.519   0.475   0.000   0.006   0.000   0.000   0.001   0.000
   0.059   6.000   0.000   0.000   0.518   0.476   0.000   0.006   0.000   0.000   0.001   0.000
   0.060   6.000   0.000   0.000   0.518   0.476   0.000   0.006   0.000   0.000   0.001   0.000
   0.060   6.000   0.000   0.000   0.518   0.476   0.000   0.006   0.000   0.000   0.001   0.000
   0.061   6.000   0.000   0.000   0.518   0.476   0.000   0.006   0.000   0.000   0.001   0.000
   0.061   6.000   0.000   0.000   0.517   0.477   0.000   0.007   0.000   0.000   0.001   0.000
   0.062   6.000   0.000   0.000   0.517   0.476   0.000   0.007   0.000   0.000   0.001   0.000
   0.062   6.000   0.000   0.000   0.516   0.477   0.000   0.007   0.000   0.000   0.001   0.000
   0.063   6.000   0.000   0.000   0.516   0.477   0.000   0.007   0.000   0.000   0.001   0.000
   0.063   6.000   0.000   0.000   0.515   0.478   0.000   0.007   0.000   0.000   0.001   0.000
   0.064   6.000   0.000   0.000   0.516   0.477   0.000   0.007   0.000   0.000   0.002   0.000
   0.064   6.000   0.000   0.000   0.515   0.478   0.000   0.007   0.000   0.000   0.002   0.000
   0.065   6.000   0.000   0.000   0.515   0.478   0.000   0.007   0.000   0.000   0.002   0.000
   0.065   6.000   0.000   0.000   0.514   0.478   0.000   0.008   0.000   0.000   0.002   0.000
   0.066   6.000   0.000   0.000   0.514   0.478   0.000   0.008   0.000   0.000   0.002   0.000
   0.066   6.000   0.000   0.000   0.513   0.479   0.000   0.008   0.000   0.000   0.002   0.000
   0.067   6.000   0.000   0.000   0.514   0.479   0.000   0.008   0.000   0.000   0.002   0.000
   0.067   6.000   0.000   0.000   0.513   0.479   0.000   0.008   0.000   0.000   0.002   0.000
   0.068   6.000   0.000   0.000   0.513   0.479   0.000   0.008   0.000   0.000   0.002   0.000
   0.068   6.000   0.000   0.000   0.512   0.480   0.000   0.008   0.000   0.000   0.002   0.000
   0.069   6.000   0.000   0.000   0.512   0.479   0.000   0.008   0.000   0.000   0.002   0.000
   0.069   6.000   0.000   0.000   0.512   0.480   0.000   0.008   0.000   0.000   0.002   0.000
   0.070   6.000   0.000   0.000   0.512   0.480   0.000   0.009   0.000   0.000   0.002   0.000
   0.070   6.000   0.000   0.000   0.511   0.480   0.000   0.009   0.000   0.000   0.002   0.000
   0.071   6.000   0.000   0.000   0.511   0.481   0.000   0.009   0.000   0.000   0.002   0.000
   0.071   6.000   0.000   0.000   0.511   0.481   0.000   0.009   0.000   0.000   0.002   0.000
   0.072   6.000   0.000   0.000   0.510   0.481   0.000   0.009   0.000   0.000   0.002   0.000
   0.072   6.000   0.000   0.000   0.510   0.481   0.000   0.009   0.000   0.000   0.002   0.000
   0.073   6.000   0.000   0.000   0.509   0.482   0.000   0.009   0.000   0.000   0.003   0.000
   0.073   6.000   0.000   0.000   0.509   0.481   0.000   0.009   0.000   0.000   0.003   0.000
   0.074   6.000   0.000   0.000   0.509   0.482   0.000   0.009   0.000   0.000   0.003   0.000
   0.074   6.000   0.000   0.000   0.509   0.482   0.000   0.009   0.000   0.000   0.003   0.000
   0.075   6.000   0.000   0.000   0.508   0.482   0.000   0.010   0.000   0.000   0.003   0.000
   0.075   6.000   0.000   0.000   0.508   0.482   0.000   0.010   0.000   0.000   0.003   0.000
    STEP   AVACS   MODE1   MODE2   MODE3   MODE4
       1   6.000   0.511   0.489   0.000   0.000
       2   6.000   0.457   0.543   0.000   0.000
       3   5.000   0.313   0.687   0.000   0.000
       4   4.000   0.260   0.738   0.000   0.002
       5   5.000   0.228   0.769   0.000   0.003
       6   5.000   0.197   0.800   0.000   0.003
       7   4.000   0.166   0.832   0.000   0.002
       8   5.000   0.131   0.869   0.000   0.001
       9   5.000   0.083   0.916   0.000   0.000
      10   4.000   0.011   0.988   0.000   0.000
      11   5.000   0.113   0.886   0.000   0.000
      12   5.000   0.200   0.800   0.000   0.000
      13   6.000   0.262   0.738   0.000   0.000
      14   6.000   0.308   0.691   0.000   0.000
      15   5.000   0.342   0.658   0.000   0.000
      16   5.000   0.373   0.627   0.000   0.000
      17   6.000   0.430   0.570   0.000   0.000
      18   6.000   0.507   0.488   0.000   0.005
      19   6.000   0.508   0.482   0.000   0.010
      20   6.000   0.455   0.540   0.000   0.005
      21   5.000   0.313   0.687   0.000   0.000
      22   4.000   0.261   0.739   0.000   0.000
      23   5.000   0.230   0.770   0.000   0.000
      24   5.000   0.199   0.801   0.000   0.000
      25   5.000   0.167   0.832   0.000   0.000
      26   5.000   0.131   0.869   0.000   0.000
      27   5.000   0.083   0.916   0.000   0.000
      28   4.000   0.011   0.989   0.000   0.000
      29   5.000   0.114   0.886   0.000   0.000
      30   5.000   0.200   0.800   0.000   0.000
      31   6.000   0.261   0.738   0.000   0.000
      32   6.000   0.307   0.690   0.000   0.002
      33   5.000   0.341   0.656   0.000   0.004
      34   5.000   0.371   0.625   0.000   0.003
      35   6.000   0.430   0.569   0.000   0.000
      36   6.000   0.509   0.491   0.000   0.000
  STRAIN   AVACS   PRITW   SECTW   MODE1   MODE2   MODE3   MODE4   TWFR3   EFFR3   TWFR4   EFFR4
   0.075   6.000   0.000   0.000   0.508   0.482   0.000   0.010   0.000   0.000   0.003   0.000
   0.076   6.000   0.000   0.000   0.508   0.483   0.000   0.010   0.000   0.000   0.003   0.000
   0.076   6.000   0.000   0.000   0.507   0.483   0.000   0.010   0.000   0.000   0.003   0.000
   0.077   6.000   0.000   0.000   0.507   0.483   0.000   0.010   0.000   0.000   0.003   0.000
   0.077   6.000   0.000   0.000   0.506   0.484   0.000   0.010   0.000   0.000   0.003   0.000
   0.078   6.000   0.000   0.000   0.506   0.484   0.000   0.010   0.000   0.000   0.003   0.000
   0.078   6.000   0.000   0.000   0.506   0.484   0.000   0.010   0.000   0.000   0.003   0.000
   0.079   6.000   0.000   0.000   0.505   0.484   0.000   0.010   0.000   0.000   0.003   0.000
   0.079   6.000   0.000   0.000   0.505   0.485   0.000   0.010   0.000   0.000   0.003   0.000
   0.080   6.000   0.000   0.000   0.505   0.485   0.000   0.010   0.000   0.000   0.003   0.000
   0.080   6.000   0.000   0.000   0.505   0.485   0.000   0.010   0.000   0.000   0.004   0.000
   0.081   6.000   0.000   0.000   0.504   0.485   0.000   0.010   0.000   0.000   0.004   0.000
   0.081   6.000   0.000   0.000   0.504   0.486   0.000   0.011   0.000   0.000   0.004   0.000
   0.082   6.000   0.000   0.000   0.504   0.486   0.000   0.011   0.000   0.000   0.004   0.000
   0.082   6.000   0.000   0.000   0.503   0.486   0.000   0.011   0.000   0.000   0.004   0.000
   0.083   6.000   0.000   0.000   0.503   0.486   0.000   0.011   0.000   0.000   0.004   0.000
   0.083   6.000   0.000   0.000   0.503   0.486   0.000   0.011   0.000   0.000   0.004   0.000
   0.084   6.000   0.000   0.000   0.502   0.487   0.000   0.011   0.000   0.000   0.004   0.000
   0.084   6.000   0.000   0.000   0.502   0.487   0.000   0.011   0.000   0.000   0.004   0.000
   0.085   6.000   0.000   0.000   0.502   0.487   0.000   0.011   0.000   0.000   0.004   0.000
   0.085   6.000   0.000   0.000   0.502   0.488   0.000   0.011   0.000   0.000   0.004   0.000
   0.086   6.000   0.000   0.000   0.501   0.488   0.000   0.011   0.000   0.000   0.004   0.000
   0.086   6.000   0.000   0.000   0.501   0.488   0.000   0.011   0.000   0.000   0.004   0.000
   0.087   6.000   0.000   0.000   0.500   0.489   0.000   0.011   0.000   0.000   0.005   0.000
   0.087   6.000   0.000   0.000   0.500   0.489   0.000   0.011   0.000   0.000   0.005   0.000
   0.088   6.000   0.000   0.000   0.500   0.489   0.000   0.011   0.000   0.000   0.005   0.000
   0.088   6.000   0.000   0.000   0.500   0.489   0.000   0.011   0.000   0.000   0.005   0.000
   0.089   6.000   0.000   0.000   0.499   0.489   0.000   0.011   0.000   0.000   0.005   0.000
   0.089   6.000   0.000   0.000   0.499   0.490   0.000   0.011   0.000   0.000   0.005   0.000
   0.090   6.000   0.000   0.000   0.499   0.490   0.000   0.011   0.000   0.000   0.005   0.000
   0.090   6.000   0.000   0.000   0.498   0.490   0.000   0.011   0.000   0.000   0.005   0.000
   0.091   6.000   0.000   0.000   0.498   0.491   0.000   0.011   0.000   0.000   0.005   0.000
   0.091   6.000   0.000   0.000   0.498   0.491   0.000   0.011   0.000   0.000   0.005   0.000
   0.092   6.000   0.000   0.000   0.497   0.491   0.000   0.011   0.000   0.000   0.005   0.000
   0.092   6.000   0.000   0.000   0.497   0.492   0.000   0.011   0.000   0.000   0.005   0.000
   0.093   6.000   0.000   0.000   0.497   0.492   0.000   0.011   0.000   0.000   0.005   0.000
   0.093   6.000   0.000   0.000   0.496   0.492   0.000   0.011   0.000   0.000   0.006   0.000
   0.094   6.000   0.000   0.000   0.496   0.492   0.000   0.011   0.000   0.000   0.006   0.000
   0.094   6.000   0.000   0.000   0.496   0.493   0.000   0.011   0.000   0.000   0.006   0.000
   0.095   6.000   0.000   0.000   0.496   0.493   0.000   0.011   0.000   0.000   0.006   0.000
   0.095   6.000   0.000   0.000   0.495   0.493   0.000   0.011   0.000   0.000   0.006   0.000
   0.096   6.000   0.000   0.000   0.495   0.494   0.000   0.011   0.000   0.000   0.006   0.000
   0.096   6.000   0.000   0.000   0.495   0.494   0.000   0.011   0.000   0.000   0.006   0.000
   0.097   6.000   0.000   0.000   0.494   0.494   0.000   0.011   0.000   0.000   0.006   0.000
   0.097   6.000   0.000   0.000   0.494   0.494   0.000   0.011   0.000   0.000   0.006   0.000
   0.098   6.000   0.000   0.000   0.494   0.495   0.000   0.011   0.000   0.000   0.006   0.000
   0.098   6.000   0.000   0.000   0.493   0.495   0.000   0.011   0.000   0.000   0.006   0.000
   0.099   6.000   0.000   0.000   0.493   0.495   0.000   0.011   0.000   0.000   0.006   0.000
   0.099   6.000   0.000   0.000   0.493   0.496   0.000   0.011   0.000   0.000   0.006   0.000
   0.100   6.000   0.000   0.000   0.493   0.496   0.000   0.011   0.000   0.000   0.007   0.000
   0.100   6.000   0.000   0.000   0.492   0.496   0.000   0.011   0.000   0.000   0.007   0.000
    STEP   AVACS   MODE1   MODE2   MODE3   MODE4
       1   6.000   0.496   0.504   0.000   0.000
       2   6.000   0.444   0.556   0.000   0.000
       3   5.000   0.305   0.695   0.000   0.000
       4   4.000   0.254   0.744   0.000   0.002
       5   6.000   0.227   0.769   0.000   0.003
       6   6.000   0.198   0.798   0.000   0.004
       7   5.000   0.169   0.828   0.000   0.003
       8   5.000   0.134   0.864   0.000   0.002
       9   4.000   0.082   0.917   0.000   0.001
      10   4.000   0.012   0.987   0.000   0.001
      11   5.000   0.113   0.887   0.000   0.000
      12   5.000   0.199   0.801   0.000   0.000
      13   5.000   0.264   0.736   0.000   0.000
      14   6.000   0.311   0.689   0.000   0.000
      15   5.000   0.343   0.657   0.000   0.000
      16   4.000   0.369   0.631   0.000   0.000
      17   6.000   0.419   0.581   0.000   0.000
      18   6.000   0.494   0.500   0.000   0.006
      19   6.000   0.492   0.496   0.000   0.011
      20   6.000   0.442   0.552   0.000   0.006
      21   5.000   0.305   0.695   0.000   0.001
      22   4.000   0.255   0.745   0.000   0.000
      23   6.000   0.229   0.771   0.000   0.000
      24   6.000   0.200   0.800   0.000   0.000
      25   5.000   0.171   0.829   0.000   0.000
      26   5.000   0.135   0.865   0.000   0.000
      27   4.000   0.082   0.917   0.000   0.000
      28   4.000   0.012   0.987   0.000   0.000
      29   5.000   0.113   0.887   0.000   0.000
      30   5.000   0.199   0.801   0.000   0.000
      31   5.000   0.263   0.735   0.000   0.001
      32   6.000   0.309   0.687   0.000   0.004
      33   5.000   0.341   0.654   0.000   0.005
      34   4.000   0.367   0.629   0.000   0.004
      35   6.000   0.419   0.581   0.000   0.000
      36   6.000   0.496   0.504   0.000   0.000
  STRAIN   AVACS   PRITW   SECTW   MODE1   MODE2   MODE3   MODE4   TWFR3   EFFR3   TWFR4   EFFR4
   0.100   6.000   0.000   0.000   0.492   0.496   0.000   0.011   0.000   0.000   0.007   0.000
   0.101   6.000   0.000   0.000   0.492   0.497   0.000   0.011   0.000   0.000   0.007   0.000
   0.101   6.000   0.000   0.000   0.492   0.497   0.000   0.011   0.000   0.000   0.007   0.000
   0.102   6.000   0.000   0.000   0.491   0.497   0.000   0.011   0.000   0.000   0.007   0.000
   0.102   6.000   0.000   0.000   0.491   0.498   0.000   0.011   0.000   0.000   0.007   0.000
   0.103   6.000   0.000   0.000   0.491   0.498   0.000   0.011   0.000   0.000   0.007   0.000
   0.103   6.000   0.000   0.000   0.490   0.498   0.000   0.011   0.000   0.000   0.007   0.000
   0.104   6.000   0.000   0.000   0.490   0.499   0.000   0.011   0.000   0.000   0.007   0.000
   0.104   6.000   0.000   0.000   0.490   0.499   0.000   0.011   0.000   0.000   0.007   0.000
   0.105   6.000   0.000   0.000   0.490   0.499   0.000   0.011   0.000   0.000   0.007   0.000
   0.105   6.000   0.000   0.000   0.489   0.499   0.000   0.011   0.000   0.000   0.007   0.000
   0.106   6.000   0.000   0.000   0.489   0.500   0.000   0.011   0.000   0.000   0.008   0.000
   0.106   6.000   0.000   0.000   0.489   0.500   0.000   0.011   0.000   0.000   0.008   0.000
   0.107   6.000   0.000   0.000   0.488   0.500   0.000   0.011   0.000   0.000   0.008   0.000
   0.107   6.000   0.000   0.000   0.488   0.501   0.000   0.011   0.000   0.000   0.008   0.000
   0.108   6.000   0.000   0.000   0.488   0.501   0.000   0.011   0.000   0.000   0.008   0.000
   0.108   6.000   0.000   0.000   0.488   0.501   0.000   0.011   0.000   0.000   0.008   0.000
   0.109   6.000   0.000   0.000   0.487   0.502   0.000   0.011   0.000   0.000   0.008   0.000
   0.109   6.000   0.000   0.000   0.487   0.502   0.000   0.011   0.000   0.000   0.008   0.000
   0.110   6.000   0.000   0.000   0.487   0.502   0.000   0.011   0.000   0.000   0.008   0.000
   0.110   6.000   0.000   0.000   0.486   0.503   0.000   0.011   0.000   0.000   0.008   0.000
   0.111   6.000   0.000   0.000   0.486   0.503   0.000   0.011   0.000   0.000   0.008   0.000
   0.111   6.000   0.000   0.000   0.486   0.503   0.000   0.011   0.000   0.000   0.008   0.000
   0.112   6.000   0.000   0.000   0.485   0.504   0.000   0.011   0.000   0.000   0.008   0.000
   0.112   6.000   0.000   0.000   0.485   0.504   0.000   0.011   0.000   0.000   0.009   0.000
   0.113   6.000   0.000   0.000   0.485   0.504   0.000   0.011   0.000   0.000   0.009   0.000
   0.113   6.000   0.000   0.000   0.485   0.505   0.000   0.011   0.000   0.000   0.009   0.000
   0.114   6.000   0.000   0.000   0.484   0.505   0.000   0.011   0.000   0.000   0.009   0.000
   0.114   6.000   0.000   0.000   0.484   0.505   0.000   0.011   0.000   0.000   0.009   0.000
   0.115   6.000   0.000   0.000   0.484   0.506   0.000   0.011   0.000   0.000   0.009   0.000
   0.115   6.000   0.000   0.000   0.483   0.506   0.000   0.010   0.000   0.000   0.009   0.000
   0.116   6.000   0.000   0.000   0.483   0.506   0.000   0.010   0.000   0.000   0.009   0.000
   0.116   6.000   0.000   0.000   0.483   0.507   0.000   0.010   0.000   0.000   0.009   0.000
   0.117   6.000   0.000   0.000   0.483   0.507   0.000   0.010   0.000   0.000   0.009   0.000
   0.117   6.000   0.000   0.000   0.482   0.507   0.000   0.010   0.000   0.000   0.009   0.000
   0.118   6.000   0.000   0.000   0.482   0.508   0.000   0.010   0.000   0.000   0.009   0.000
   0.118   6.000   0.000   0.000   0.482   0.508   0.000   0.010   0.000   0.000   0.009   0.000
   0.119   6.000   0.000   0.000   0.481   0.508   0.000   0.010   0.000   0.000   0.009   0.000
   0.119   6.000   0.000   0.000   0.481   0.509   0.000   0.010   0.000   0.000   0.010   0.000
   0.120   6.000   0.000   0.000   0.481   0.509   0.000   0.010   0.000   0.000   0.010   0.000
   0.120   6.000   0.000   0.000   0.481   0.509   0.000   0.010   0.000   0.000   0.010   0.000
   0.121   6.000   0.000   0.000   0.480   0.510   0.000   0.010   0.000   0.000   0.010   0.000
   0.121   6.000   0.000   0.000   0.480   0.510   0.000   0.010   0.000   0.000   0.010   0.000
   0.122   6.000   0.000   0.000   0.480   0.511   0.000   0.010   0.000   0.000   0.010   0.000
   0.122   6.000   0.000   0.000   0.479   0.511   0.000   0.010   0.000   0.000   0.010   0.000
   0.123   6.000   0.000   0.000   0.479   0.511   0.000   0.010   0.000   0.000   0.010   0.000
   0.123   6.000   0.000   0.000   0.479   0.512   0.000   0.010   0.000   0.000   0.010   0.000
   0.124   6.000   0.000   0.000   0.479   0.512   0.000   0.010   0.000   0.000   0.010   0.000
   0.124   6.000   0.000   0.000   0.478   0.512   0.000   0.010   0.000   0.000   0.010   0.000
   0.125   6.000   0.000   0.000   0.478   0.513   0.000   0.009   0.000   0.000   0.010   0.000
   0.125   6.000   0.000   0.000   0.478   0.513   0.000   0.009   0.000   0.000   0.010   0.000
    STEP   AVACS   MODE1   MODE2   MODE3   MODE4
       1   6.000   0.481   0.519   0.000   0.000
       2   6.000   0.431   0.569   0.000   0.000
       3   5.000   0.297   0.703   0.000   0.000
       4   6.000   0.246   0.753   0.000   0.001
       5   6.000   0.226   0.771   0.000   0.003
       6   6.000   0.200   0.797   0.000   0.003
       7   6.000   0.172   0.825   0.000   0.003
       8   5.000   0.139   0.859   0.000   0.002
       9   4.000   0.085   0.914   0.000   0.001
      10   4.000   0.013   0.987   0.000   0.000
      11   5.000   0.112   0.888   0.000   0.000
      12   5.000   0.197   0.803   0.000   0.000
      13   5.000   0.268   0.732   0.000   0.000
      14   6.000   0.313   0.687   0.000   0.000
      15   5.000   0.343   0.657   0.000   0.000
      16   5.000   0.362   0.638   0.000   0.000
      17   6.000   0.408   0.592   0.000   0.000
      18   6.000   0.481   0.513   0.000   0.006
      19   6.000   0.478   0.513   0.000   0.009
      20   6.000   0.429   0.566   0.000   0.006
      21   5.000   0.297   0.702   0.000   0.001
      22   6.000   0.246   0.753   0.000   0.000
      23   6.000   0.227   0.772   0.000   0.000
      24   6.000   0.201   0.799   0.000   0.000
      25   6.000   0.174   0.826   0.000   0.000
      26   5.000   0.140   0.860   0.000   0.000
      27   4.000   0.085   0.914   0.000   0.000
      28   4.000   0.013   0.987   0.000   0.000
      29   5.000   0.112   0.888   0.000   0.000
      30   5.000   0.197   0.803   0.000   0.000
      31   5.000   0.268   0.730   0.000   0.002
      32   6.000   0.311   0.685   0.000   0.004
      33   5.000   0.341   0.654   0.000   0.004
      34   5.000   0.361   0.636   0.000   0.003
      35   6.000   0.408   0.592   0.000   0.000
      36   6.000   0.483   0.517   0.000   0.000
