          Evm          Svm            E11          E22          E33          E23          E13          E12         SDEV11       SDEV22       SDEV33       SDEV23       SDEV13       SDEV12      TEMP
  0.00000E+00  0.44484E+03    0.00000E+00  0.00000E+00  0.00000E+00  0.00000E+00  0.00000E+00  0.00000E+00   -0.88991E+02 -0.50707E+02  0.13970E+03 -0.11755E+03 -0.18587E+03 -0.50929E+02      298.00
  0.23553E-03  0.45289E+03   -0.25000E-03 -0.25000E-03  0.50000E-03  0.00000E+00  0.00000E+00  0.00000E+00   -0.90797E+02 -0.52955E+02  0.14375E+03 -0.11929E+03 -0.18888E+03 -0.51053E+02      298.00
  0.47358E-03  0.46034E+03   -0.50000E-03 -0.50000E-03  0.10000E-02  0.00000E+00  0.00000E+00  0.00000E+00   -0.92879E+02 -0.54687E+02  0.14757E+03 -0.12092E+03 -0.19156E+03 -0.51214E+02      298.00
  0.71400E-03  0.46825E+03   -0.75000E-03 -0.75000E-03  0.15000E-02  0.00000E+00  0.00000E+00  0.00000E+00   -0.94530E+02 -0.56706E+02  0.15124E+03 -0.12269E+03 -0.19460E+03 -0.51508E+02      298.00
  0.95624E-03  0.47566E+03   -0.10000E-02 -0.10000E-02  0.20000E-02  0.00000E+00  0.00000E+00  0.00000E+00   -0.96239E+02 -0.58459E+02  0.15470E+03 -0.12434E+03 -0.19739E+03 -0.51872E+02      298.00
  0.12002E-02  0.48316E+03   -0.12500E-02 -0.12500E-02  0.25000E-02  0.00000E+00  0.00000E+00  0.00000E+00   -0.98029E+02 -0.59999E+02  0.15803E+03 -0.12609E+03 -0.20025E+03 -0.52209E+02      298.00
  0.14455E-02  0.49047E+03   -0.15000E-02 -0.15000E-02  0.30000E-02  0.00000E+00  0.00000E+00  0.00000E+00   -0.99713E+02 -0.61496E+02  0.16121E+03 -0.12779E+03 -0.20305E+03 -0.52636E+02      298.00
  0.16920E-02  0.49768E+03   -0.17500E-02 -0.17500E-02  0.35000E-02  0.00000E+00  0.00000E+00  0.00000E+00   -0.10136E+03 -0.62900E+02  0.16426E+03 -0.12949E+03 -0.20584E+03 -0.53104E+02      298.00
  0.19395E-02  0.50479E+03   -0.20000E-02 -0.20000E-02  0.40000E-02  0.00000E+00  0.00000E+00  0.00000E+00   -0.10298E+03 -0.64226E+02  0.16720E+03 -0.13118E+03 -0.20860E+03 -0.53612E+02      298.00
  0.21879E-02  0.51179E+03   -0.22500E-02 -0.22500E-02  0.45000E-02  0.00000E+00  0.00000E+00  0.00000E+00   -0.10456E+03 -0.65481E+02  0.17004E+03 -0.13286E+03 -0.21133E+03 -0.54153E+02      298.00
  0.24371E-02  0.51870E+03   -0.25000E-02 -0.25000E-02  0.50000E-02  0.00000E+00  0.00000E+00  0.00000E+00   -0.10610E+03 -0.66674E+02  0.17278E+03 -0.13453E+03 -0.21404E+03 -0.54724E+02      298.00
  0.26869E-02  0.52551E+03   -0.27500E-02 -0.27500E-02  0.55000E-02  0.00000E+00  0.00000E+00  0.00000E+00   -0.10762E+03 -0.67807E+02  0.17543E+03 -0.13619E+03 -0.21672E+03 -0.55321E+02      298.00
  0.29373E-02  0.53222E+03   -0.30000E-02 -0.30000E-02  0.60000E-02  0.00000E+00  0.00000E+00  0.00000E+00   -0.10911E+03 -0.68888E+02  0.17800E+03 -0.13783E+03 -0.21938E+03 -0.55940E+02      298.00
  0.31881E-02  0.53885E+03   -0.32500E-02 -0.32500E-02  0.65000E-02  0.00000E+00  0.00000E+00  0.00000E+00   -0.11057E+03 -0.69922E+02  0.18050E+03 -0.13947E+03 -0.22201E+03 -0.56578E+02      298.00
  0.34394E-02  0.54538E+03   -0.35000E-02 -0.35000E-02  0.70000E-02  0.00000E+00  0.00000E+00  0.00000E+00   -0.11201E+03 -0.70912E+02  0.18293E+03 -0.14109E+03 -0.22461E+03 -0.57232E+02      298.00
  0.36909E-02  0.55183E+03   -0.37500E-02 -0.37500E-02  0.75000E-02  0.00000E+00  0.00000E+00  0.00000E+00   -0.11343E+03 -0.71864E+02  0.18530E+03 -0.14269E+03 -0.22718E+03 -0.57899E+02      298.00
  0.39428E-02  0.55819E+03   -0.40000E-02 -0.40000E-02  0.80000E-02  0.00000E+00  0.00000E+00  0.00000E+00   -0.11483E+03 -0.72780E+02  0.18761E+03 -0.14428E+03 -0.22972E+03 -0.58578E+02      298.00
  0.41948E-02  0.56374E+03   -0.42500E-02 -0.42500E-02  0.85000E-02  0.00000E+00  0.00000E+00  0.00000E+00   -0.11623E+03 -0.73579E+02  0.18981E+03 -0.14559E+03 -0.23181E+03 -0.59394E+02      298.00
  0.44474E-02  0.56997E+03   -0.45000E-02 -0.45000E-02  0.90000E-02  0.00000E+00  0.00000E+00  0.00000E+00   -0.11759E+03 -0.74427E+02  0.19202E+03 -0.14716E+03 -0.23431E+03 -0.60083E+02      298.00
  0.47000E-02  0.57611E+03   -0.47500E-02 -0.47500E-02  0.95000E-02  0.00000E+00  0.00000E+00  0.00000E+00   -0.11894E+03 -0.75246E+02  0.19419E+03 -0.14871E+03 -0.23679E+03 -0.60777E+02      298.00
  0.49528E-02  0.58218E+03   -0.50000E-02 -0.50000E-02  0.10000E-01  0.00000E+00  0.00000E+00  0.00000E+00   -0.12027E+03 -0.76042E+02  0.19631E+03 -0.15025E+03 -0.23923E+03 -0.61476E+02      298.00
  0.52057E-02  0.58817E+03   -0.52500E-02 -0.52500E-02  0.10500E-01  0.00000E+00  0.00000E+00  0.00000E+00   -0.12158E+03 -0.76818E+02  0.19840E+03 -0.15177E+03 -0.24164E+03 -0.62178E+02      298.00
  0.54587E-02  0.59408E+03   -0.55000E-02 -0.55000E-02  0.11000E-01  0.00000E+00  0.00000E+00  0.00000E+00   -0.12287E+03 -0.77575E+02  0.20045E+03 -0.15328E+03 -0.24403E+03 -0.62884E+02      298.00
  0.57118E-02  0.59992E+03   -0.57500E-02 -0.57500E-02  0.11500E-01  0.00000E+00  0.00000E+00  0.00000E+00   -0.12414E+03 -0.78317E+02  0.20246E+03 -0.15476E+03 -0.24638E+03 -0.63592E+02      298.00
  0.59649E-02  0.60568E+03   -0.60000E-02 -0.60000E-02  0.12000E-01  0.00000E+00  0.00000E+00  0.00000E+00   -0.12540E+03 -0.79044E+02  0.20444E+03 -0.15623E+03 -0.24871E+03 -0.64300E+02      298.00
  0.62180E-02  0.61137E+03   -0.62500E-02 -0.62500E-02  0.12500E-01  0.00000E+00  0.00000E+00  0.00000E+00   -0.12663E+03 -0.79757E+02  0.20639E+03 -0.15768E+03 -0.25101E+03 -0.65009E+02      298.00
  0.64712E-02  0.61699E+03   -0.65000E-02 -0.65000E-02  0.13000E-01  0.00000E+00  0.00000E+00  0.00000E+00   -0.12785E+03 -0.80457E+02  0.20831E+03 -0.15911E+03 -0.25328E+03 -0.65717E+02      298.00
  0.67244E-02  0.62254E+03   -0.67500E-02 -0.67500E-02  0.13500E-01  0.00000E+00  0.00000E+00  0.00000E+00   -0.12906E+03 -0.81145E+02  0.21020E+03 -0.16053E+03 -0.25552E+03 -0.66423E+02      298.00
  0.69777E-02  0.62802E+03   -0.70000E-02 -0.70000E-02  0.14000E-01  0.00000E+00  0.00000E+00  0.00000E+00   -0.13025E+03 -0.81820E+02  0.21207E+03 -0.16192E+03 -0.25773E+03 -0.67125E+02      298.00
  0.72309E-02  0.63342E+03   -0.72500E-02 -0.72500E-02  0.14500E-01  0.00000E+00  0.00000E+00  0.00000E+00   -0.13143E+03 -0.82482E+02  0.21391E+03 -0.16330E+03 -0.25992E+03 -0.67824E+02      298.00
  0.74842E-02  0.63876E+03   -0.75000E-02 -0.75000E-02  0.15000E-01  0.00000E+00  0.00000E+00  0.00000E+00   -0.13260E+03 -0.83130E+02  0.21573E+03 -0.16467E+03 -0.26207E+03 -0.68517E+02      298.00
  0.77375E-02  0.64402E+03   -0.77500E-02 -0.77500E-02  0.15500E-01  0.00000E+00  0.00000E+00  0.00000E+00   -0.13376E+03 -0.83760E+02  0.21752E+03 -0.16601E+03 -0.26419E+03 -0.69204E+02      298.00
  0.79908E-02  0.64922E+03   -0.80000E-02 -0.80000E-02  0.16000E-01  0.00000E+00  0.00000E+00  0.00000E+00   -0.13491E+03 -0.84376E+02  0.21929E+03 -0.16734E+03 -0.26628E+03 -0.69882E+02      298.00
  0.82441E-02  0.65458E+03   -0.82500E-02 -0.82500E-02  0.16500E-01  0.00000E+00  0.00000E+00  0.00000E+00   -0.13604E+03 -0.84954E+02  0.22100E+03 -0.16878E+03 -0.26851E+03 -0.70387E+02      298.00
  0.84974E-02  0.65983E+03   -0.85000E-02 -0.85000E-02  0.17000E-01  0.00000E+00  0.00000E+00  0.00000E+00   -0.13743E+03 -0.85543E+02  0.22297E+03 -0.17001E+03 -0.27048E+03 -0.71415E+02      298.00
  0.87508E-02  0.66457E+03   -0.87500E-02 -0.87500E-02  0.17500E-01  0.00000E+00  0.00000E+00  0.00000E+00   -0.13855E+03 -0.86071E+02  0.22462E+03 -0.17122E+03 -0.27237E+03 -0.72035E+02      298.00
  0.90043E-02  0.66929E+03   -0.90000E-02 -0.90000E-02  0.18000E-01  0.00000E+00  0.00000E+00  0.00000E+00   -0.13938E+03 -0.86778E+02  0.22616E+03 -0.17244E+03 -0.27434E+03 -0.72583E+02      298.00
  0.92577E-02  0.67420E+03   -0.92500E-02 -0.92500E-02  0.18500E-01  0.00000E+00  0.00000E+00  0.00000E+00   -0.14048E+03 -0.87356E+02  0.22784E+03 -0.17369E+03 -0.27630E+03 -0.73239E+02      298.00
  0.95112E-02  0.67986E+03   -0.95000E-02 -0.95000E-02  0.19000E-01  0.00000E+00  0.00000E+00  0.00000E+00   -0.14159E+03 -0.88008E+02  0.22960E+03 -0.17521E+03 -0.27869E+03 -0.73807E+02      298.00
  0.97645E-02  0.68393E+03   -0.97500E-02 -0.97500E-02  0.19500E-01  0.00000E+00  0.00000E+00  0.00000E+00   -0.14290E+03 -0.88382E+02  0.23128E+03 -0.17612E+03 -0.28011E+03 -0.74696E+02      298.00
  0.10018E-01  0.68886E+03   -0.10000E-01 -0.10000E-01  0.20000E-01  0.00000E+00  0.00000E+00  0.00000E+00   -0.14366E+03 -0.89099E+02  0.23276E+03 -0.17748E+03 -0.28226E+03 -0.75050E+02      298.00
  0.10272E-01  0.69401E+03   -0.10250E-01 -0.10250E-01  0.20500E-01  0.00000E+00  0.00000E+00  0.00000E+00   -0.14481E+03 -0.89670E+02  0.23448E+03 -0.17880E+03 -0.28434E+03 -0.75729E+02      298.00
  0.10525E-01  0.69817E+03   -0.10500E-01 -0.10500E-01  0.21000E-01  0.00000E+00  0.00000E+00  0.00000E+00   -0.14616E+03 -0.89988E+02  0.23615E+03 -0.17977E+03 -0.28582E+03 -0.76540E+02      298.00
  0.10779E-01  0.70271E+03   -0.10750E-01 -0.10750E-01  0.21500E-01  0.00000E+00  0.00000E+00  0.00000E+00   -0.14679E+03 -0.90758E+02  0.23754E+03 -0.18099E+03 -0.28779E+03 -0.76938E+02      298.00
  0.11032E-01  0.70768E+03   -0.11000E-01 -0.11000E-01  0.22000E-01  0.00000E+00  0.00000E+00  0.00000E+00   -0.14794E+03 -0.91290E+02  0.23923E+03 -0.18226E+03 -0.28978E+03 -0.77595E+02      298.00
  0.11286E-01  0.71163E+03   -0.11250E-01 -0.11250E-01  0.22500E-01  0.00000E+00  0.00000E+00  0.00000E+00   -0.14909E+03 -0.91729E+02  0.24082E+03 -0.18315E+03 -0.29120E+03 -0.78403E+02      298.00
  0.11539E-01  0.71574E+03   -0.11500E-01 -0.11500E-01  0.23000E-01  0.00000E+00  0.00000E+00  0.00000E+00   -0.14994E+03 -0.92381E+02  0.24232E+03 -0.18413E+03 -0.29280E+03 -0.79111E+02      298.00
  0.11793E-01  0.72087E+03   -0.11750E-01 -0.11750E-01  0.23500E-01  0.00000E+00  0.00000E+00  0.00000E+00   -0.15091E+03 -0.92926E+02  0.24384E+03 -0.18558E+03 -0.29502E+03 -0.79420E+02      298.00
  0.12047E-01  0.72466E+03   -0.12000E-01 -0.12000E-01  0.24000E-01  0.00000E+00  0.00000E+00  0.00000E+00   -0.15204E+03 -0.93346E+02  0.24539E+03 -0.18643E+03 -0.29637E+03 -0.80209E+02      298.00
  0.12301E-01  0.72865E+03   -0.12250E-01 -0.12250E-01  0.24500E-01  0.00000E+00  0.00000E+00  0.00000E+00   -0.15288E+03 -0.93973E+02  0.24685E+03 -0.18738E+03 -0.29792E+03 -0.80887E+02      298.00
  0.12555E-01  0.73277E+03   -0.12500E-01 -0.12500E-01  0.25000E-01  0.00000E+00  0.00000E+00  0.00000E+00   -0.15396E+03 -0.94371E+02  0.24833E+03 -0.18842E+03 -0.29952E+03 -0.81443E+02      298.00
          Evm          Svm            E11          E22          E33          E23          E13          E12         SDEV11       SDEV22       SDEV33       SDEV23       SDEV13       SDEV12      TEMP
  0.12555E-01  0.73302E+03   -0.12500E-01 -0.12500E-01  0.25000E-01  0.00000E+00  0.00000E+00  0.00000E+00   -0.15381E+03 -0.94424E+02  0.24823E+03 -0.18858E+03 -0.29976E+03 -0.81199E+02      298.00
  0.12809E-01  0.73694E+03   -0.12750E-01 -0.12750E-01  0.25500E-01  0.00000E+00  0.00000E+00  0.00000E+00   -0.15493E+03 -0.94883E+02  0.24981E+03 -0.18946E+03 -0.30116E+03 -0.82022E+02      298.00
  0.13063E-01  0.74102E+03   -0.13000E-01 -0.13000E-01  0.26000E-01  0.00000E+00  0.00000E+00  0.00000E+00   -0.15596E+03 -0.95301E+02  0.25126E+03 -0.19050E+03 -0.30276E+03 -0.82549E+02      298.00
  0.13318E-01  0.74509E+03   -0.13250E-01 -0.13250E-01  0.26500E-01  0.00000E+00  0.00000E+00  0.00000E+00   -0.15697E+03 -0.95742E+02  0.25271E+03 -0.19153E+03 -0.30436E+03 -0.83068E+02      298.00
  0.13572E-01  0.74911E+03   -0.13500E-01 -0.13500E-01  0.27000E-01  0.00000E+00  0.00000E+00  0.00000E+00   -0.15793E+03 -0.96209E+02  0.25414E+03 -0.19255E+03 -0.30594E+03 -0.83593E+02      298.00
  0.13826E-01  0.75309E+03   -0.13750E-01 -0.13750E-01  0.27500E-01  0.00000E+00  0.00000E+00  0.00000E+00   -0.15885E+03 -0.96709E+02  0.25556E+03 -0.19354E+03 -0.30751E+03 -0.84133E+02      298.00
  0.14081E-01  0.75703E+03   -0.14000E-01 -0.14000E-01  0.28000E-01  0.00000E+00  0.00000E+00  0.00000E+00   -0.15975E+03 -0.97229E+02  0.25698E+03 -0.19452E+03 -0.30906E+03 -0.84680E+02      298.00
  0.14336E-01  0.76091E+03   -0.14250E-01 -0.14250E-01  0.28500E-01  0.00000E+00  0.00000E+00  0.00000E+00   -0.16063E+03 -0.97752E+02  0.25838E+03 -0.19547E+03 -0.31058E+03 -0.85228E+02      298.00
  0.14590E-01  0.76474E+03   -0.14500E-01 -0.14500E-01  0.29000E-01  0.00000E+00  0.00000E+00  0.00000E+00   -0.16150E+03 -0.98271E+02  0.25977E+03 -0.19642E+03 -0.31208E+03 -0.85772E+02      298.00
  0.14845E-01  0.76852E+03   -0.14750E-01 -0.14750E-01  0.29500E-01  0.00000E+00  0.00000E+00  0.00000E+00   -0.16236E+03 -0.98783E+02  0.26115E+03 -0.19735E+03 -0.31356E+03 -0.86309E+02      298.00
  0.15100E-01  0.77225E+03   -0.15000E-01 -0.15000E-01  0.30000E-01  0.00000E+00  0.00000E+00  0.00000E+00   -0.16322E+03 -0.99288E+02  0.26251E+03 -0.19826E+03 -0.31502E+03 -0.86841E+02      298.00
  0.15355E-01  0.77593E+03   -0.15250E-01 -0.15250E-01  0.30500E-01  0.00000E+00  0.00000E+00  0.00000E+00   -0.16408E+03 -0.99786E+02  0.26387E+03 -0.19916E+03 -0.31645E+03 -0.87366E+02      298.00
  0.15610E-01  0.77957E+03   -0.15500E-01 -0.15500E-01  0.31000E-01  0.00000E+00  0.00000E+00  0.00000E+00   -0.16493E+03 -0.10028E+03  0.26521E+03 -0.20005E+03 -0.31786E+03 -0.87884E+02      298.00
  0.15865E-01  0.78316E+03   -0.15750E-01 -0.15750E-01  0.31500E-01  0.00000E+00  0.00000E+00  0.00000E+00   -0.16578E+03 -0.10076E+03  0.26655E+03 -0.20093E+03 -0.31925E+03 -0.88397E+02      298.00
  0.16120E-01  0.78667E+03   -0.16000E-01 -0.16000E-01  0.32000E-01  0.00000E+00  0.00000E+00  0.00000E+00   -0.16650E+03 -0.10114E+03  0.26764E+03 -0.20194E+03 -0.32075E+03 -0.88489E+02      298.00
  0.16375E-01  0.79011E+03   -0.16250E-01 -0.16250E-01  0.32500E-01  0.00000E+00  0.00000E+00  0.00000E+00   -0.16744E+03 -0.10151E+03  0.26895E+03 -0.20279E+03 -0.32205E+03 -0.88953E+02      298.00
  0.16631E-01  0.79368E+03   -0.16500E-01 -0.16500E-01  0.33000E-01  0.00000E+00  0.00000E+00  0.00000E+00   -0.16836E+03 -0.10213E+03  0.27049E+03 -0.20350E+03 -0.32329E+03 -0.89877E+02      298.00
  0.16886E-01  0.79697E+03   -0.16750E-01 -0.16750E-01  0.33500E-01  0.00000E+00  0.00000E+00  0.00000E+00   -0.16911E+03 -0.10244E+03  0.27155E+03 -0.20445E+03 -0.32468E+03 -0.89952E+02      298.00
  0.17142E-01  0.80048E+03   -0.17000E-01 -0.17000E-01  0.34000E-01  0.00000E+00  0.00000E+00  0.00000E+00   -0.17002E+03 -0.10304E+03  0.27306E+03 -0.20514E+03 -0.32590E+03 -0.90844E+02      298.00
  0.17398E-01  0.80366E+03   -0.17250E-01 -0.17250E-01  0.34500E-01  0.00000E+00  0.00000E+00  0.00000E+00   -0.17076E+03 -0.10334E+03  0.27410E+03 -0.20606E+03 -0.32723E+03 -0.90919E+02      298.00
  0.17654E-01  0.80711E+03   -0.17500E-01 -0.17500E-01  0.35000E-01  0.00000E+00  0.00000E+00  0.00000E+00   -0.17166E+03 -0.10394E+03  0.27560E+03 -0.20674E+03 -0.32842E+03 -0.91789E+02      298.00
  0.17910E-01  0.81018E+03   -0.17750E-01 -0.17750E-01  0.35500E-01  0.00000E+00  0.00000E+00  0.00000E+00   -0.17238E+03 -0.10424E+03  0.27662E+03 -0.20762E+03 -0.32970E+03 -0.91867E+02      298.00
  0.18166E-01  0.81357E+03   -0.18000E-01 -0.18000E-01  0.36000E-01  0.00000E+00  0.00000E+00  0.00000E+00   -0.17328E+03 -0.10481E+03  0.27809E+03 -0.20830E+03 -0.33087E+03 -0.92710E+02      298.00
  0.18422E-01  0.81655E+03   -0.18250E-01 -0.18250E-01  0.36500E-01  0.00000E+00  0.00000E+00  0.00000E+00   -0.17396E+03 -0.10513E+03  0.27910E+03 -0.20914E+03 -0.33211E+03 -0.92800E+02      298.00
  0.18678E-01  0.81984E+03   -0.18500E-01 -0.18500E-01  0.37000E-01  0.00000E+00  0.00000E+00  0.00000E+00   -0.17490E+03 -0.10565E+03  0.28055E+03 -0.20979E+03 -0.33323E+03 -0.93614E+02      298.00
  0.18935E-01  0.82275E+03   -0.18750E-01 -0.18750E-01  0.37500E-01  0.00000E+00  0.00000E+00  0.00000E+00   -0.17544E+03 -0.10610E+03  0.28153E+03 -0.21058E+03 -0.33445E+03 -0.93754E+02      298.00
  0.19192E-01  0.82599E+03   -0.19000E-01 -0.19000E-01  0.38000E-01  0.00000E+00  0.00000E+00  0.00000E+00   -0.17607E+03 -0.10687E+03  0.28295E+03 -0.21119E+03 -0.33560E+03 -0.94623E+02      298.00
  0.19449E-01  0.82922E+03   -0.19250E-01 -0.19250E-01  0.38500E-01  0.00000E+00  0.00000E+00  0.00000E+00   -0.17693E+03 -0.10728E+03  0.28421E+03 -0.21196E+03 -0.33680E+03 -0.95103E+02      298.00
  0.19706E-01  0.83204E+03   -0.19500E-01 -0.19500E-01  0.39000E-01  0.00000E+00  0.00000E+00  0.00000E+00   -0.17795E+03 -0.10740E+03  0.28535E+03 -0.21268E+03 -0.33781E+03 -0.95377E+02      298.00
  0.19963E-01  0.83473E+03   -0.19750E-01 -0.19750E-01  0.39500E-01  0.00000E+00  0.00000E+00  0.00000E+00   -0.17842E+03 -0.10789E+03  0.28630E+03 -0.21339E+03 -0.33893E+03 -0.95548E+02      298.00
  0.20220E-01  0.83791E+03   -0.20000E-01 -0.20000E-01  0.40000E-01  0.00000E+00  0.00000E+00  0.00000E+00   -0.17909E+03 -0.10859E+03  0.28769E+03 -0.21400E+03 -0.34005E+03 -0.96350E+02      298.00
  0.20478E-01  0.84094E+03   -0.20250E-01 -0.20250E-01  0.40500E-01  0.00000E+00  0.00000E+00  0.00000E+00   -0.17988E+03 -0.10902E+03  0.28890E+03 -0.21471E+03 -0.34118E+03 -0.96813E+02      298.00
  0.20735E-01  0.84366E+03   -0.20500E-01 -0.20500E-01  0.41000E-01  0.00000E+00  0.00000E+00  0.00000E+00   -0.18045E+03 -0.10937E+03  0.28982E+03 -0.21547E+03 -0.34232E+03 -0.96848E+02      298.00
  0.20993E-01  0.84647E+03   -0.20750E-01 -0.20750E-01  0.41500E-01  0.00000E+00  0.00000E+00  0.00000E+00   -0.18130E+03 -0.10985E+03  0.29115E+03 -0.21600E+03 -0.34323E+03 -0.97591E+02      298.00
  0.21251E-01  0.84927E+03   -0.21000E-01 -0.21000E-01  0.42000E-01  0.00000E+00  0.00000E+00  0.00000E+00   -0.18195E+03 -0.11034E+03  0.29229E+03 -0.21664E+03 -0.34427E+03 -0.98033E+02      298.00
  0.21509E-01  0.85206E+03   -0.21250E-01 -0.21250E-01  0.42500E-01  0.00000E+00  0.00000E+00  0.00000E+00   -0.18264E+03 -0.11079E+03  0.29343E+03 -0.21728E+03 -0.34530E+03 -0.98469E+02      298.00
  0.21767E-01  0.85490E+03   -0.21500E-01 -0.21500E-01  0.43000E-01  0.00000E+00  0.00000E+00  0.00000E+00   -0.18351E+03 -0.11109E+03  0.29460E+03 -0.21796E+03 -0.34632E+03 -0.98845E+02      298.00
  0.22026E-01  0.85728E+03   -0.21750E-01 -0.21750E-01  0.43500E-01  0.00000E+00  0.00000E+00  0.00000E+00   -0.18383E+03 -0.11164E+03  0.29547E+03 -0.21855E+03 -0.34731E+03 -0.99015E+02      298.00
  0.22284E-01  0.86016E+03   -0.22000E-01 -0.22000E-01  0.44000E-01  0.00000E+00  0.00000E+00  0.00000E+00   -0.18480E+03 -0.11200E+03  0.29679E+03 -0.21914E+03 -0.34826E+03 -0.99655E+02      298.00
  0.22543E-01  0.86286E+03   -0.22250E-01 -0.22250E-01  0.44500E-01  0.00000E+00  0.00000E+00  0.00000E+00   -0.18561E+03 -0.11231E+03  0.29791E+03 -0.21978E+03 -0.34923E+03 -0.10002E+03      298.00
  0.22802E-01  0.86548E+03   -0.22500E-01 -0.22500E-01  0.45000E-01  0.00000E+00  0.00000E+00  0.00000E+00   -0.18634E+03 -0.11268E+03  0.29901E+03 -0.22038E+03 -0.35018E+03 -0.10039E+03      298.00
  0.23061E-01  0.86789E+03   -0.22750E-01 -0.22750E-01  0.45500E-01  0.00000E+00  0.00000E+00  0.00000E+00   -0.18698E+03 -0.11307E+03  0.30005E+03 -0.22093E+03 -0.35104E+03 -0.10074E+03      298.00
  0.23320E-01  0.86982E+03   -0.23000E-01 -0.23000E-01  0.46000E-01  0.00000E+00  0.00000E+00  0.00000E+00   -0.18727E+03 -0.11359E+03  0.30086E+03 -0.22136E+03 -0.35179E+03 -0.10096E+03      298.00
  0.23580E-01  0.87306E+03   -0.23250E-01 -0.23250E-01  0.46500E-01  0.00000E+00  0.00000E+00  0.00000E+00   -0.18836E+03 -0.11388E+03  0.30224E+03 -0.22210E+03 -0.35291E+03 -0.10152E+03      298.00
  0.23839E-01  0.87494E+03   -0.23500E-01 -0.23500E-01  0.47000E-01  0.00000E+00  0.00000E+00  0.00000E+00   -0.18857E+03 -0.11443E+03  0.30301E+03 -0.22253E+03 -0.35367E+03 -0.10168E+03      298.00
  0.24099E-01  0.87793E+03   -0.23750E-01 -0.23750E-01  0.47500E-01  0.00000E+00  0.00000E+00  0.00000E+00   -0.18962E+03 -0.11472E+03  0.30434E+03 -0.22318E+03 -0.35466E+03 -0.10226E+03      298.00
  0.24359E-01  0.88039E+03   -0.24000E-01 -0.24000E-01  0.48000E-01  0.00000E+00  0.00000E+00  0.00000E+00   -0.19033E+03 -0.11507E+03  0.30540E+03 -0.22374E+03 -0.35553E+03 -0.10261E+03      298.00
  0.24619E-01  0.88279E+03   -0.24250E-01 -0.24250E-01  0.48500E-01  0.00000E+00  0.00000E+00  0.00000E+00   -0.19101E+03 -0.11544E+03  0.30645E+03 -0.22428E+03 -0.35639E+03 -0.10296E+03      298.00
  0.24880E-01  0.88451E+03   -0.24500E-01 -0.24500E-01  0.49000E-01  0.00000E+00  0.00000E+00  0.00000E+00   -0.19123E+03 -0.11595E+03  0.30719E+03 -0.22467E+03 -0.35706E+03 -0.10311E+03      298.00
  0.25140E-01  0.88743E+03   -0.24750E-01 -0.24750E-01  0.49500E-01  0.00000E+00  0.00000E+00  0.00000E+00   -0.19226E+03 -0.11623E+03  0.30850E+03 -0.22530E+03 -0.35802E+03 -0.10367E+03      298.00
  0.25401E-01  0.88977E+03   -0.25000E-01 -0.25000E-01  0.50000E-01  0.00000E+00  0.00000E+00  0.00000E+00   -0.19293E+03 -0.11659E+03  0.30952E+03 -0.22582E+03 -0.35885E+03 -0.10401E+03      298.00
          Evm          Svm            E11          E22          E33          E23          E13          E12         SDEV11       SDEV22       SDEV33       SDEV23       SDEV13       SDEV12      TEMP
  0.25401E-01  0.88948E+03   -0.25000E-01 -0.25000E-01  0.50000E-01  0.00000E+00  0.00000E+00  0.00000E+00   -0.19294E+03 -0.11645E+03  0.30939E+03 -0.22581E+03 -0.35875E+03 -0.10382E+03      298.00
  0.25662E-01  0.89204E+03   -0.25250E-01 -0.25250E-01  0.50500E-01  0.00000E+00  0.00000E+00  0.00000E+00   -0.19358E+03 -0.11696E+03  0.31054E+03 -0.22632E+03 -0.35964E+03 -0.10435E+03      298.00
  0.25923E-01  0.89429E+03   -0.25500E-01 -0.25500E-01  0.51000E-01  0.00000E+00  0.00000E+00  0.00000E+00   -0.19421E+03 -0.11733E+03  0.31154E+03 -0.22681E+03 -0.36043E+03 -0.10468E+03      298.00
  0.26184E-01  0.89586E+03   -0.25750E-01 -0.25750E-01  0.51500E-01  0.00000E+00  0.00000E+00  0.00000E+00   -0.19448E+03 -0.11778E+03  0.31226E+03 -0.22717E+03 -0.36101E+03 -0.10481E+03      298.00
  0.26446E-01  0.89867E+03   -0.26000E-01 -0.26000E-01  0.52000E-01  0.00000E+00  0.00000E+00  0.00000E+00   -0.19543E+03 -0.11810E+03  0.31353E+03 -0.22776E+03 -0.36195E+03 -0.10536E+03      298.00
  0.26707E-01  0.90087E+03   -0.26250E-01 -0.26250E-01  0.52500E-01  0.00000E+00  0.00000E+00  0.00000E+00   -0.19607E+03 -0.11846E+03  0.31452E+03 -0.22824E+03 -0.36271E+03 -0.10568E+03      298.00
  0.26969E-01  0.90299E+03   -0.26500E-01 -0.26500E-01  0.53000E-01  0.00000E+00  0.00000E+00  0.00000E+00   -0.19669E+03 -0.11881E+03  0.31550E+03 -0.22870E+03 -0.36344E+03 -0.10599E+03      298.00
  0.27231E-01  0.90447E+03   -0.26750E-01 -0.26750E-01  0.53500E-01  0.00000E+00  0.00000E+00  0.00000E+00   -0.19699E+03 -0.11921E+03  0.31620E+03 -0.22903E+03 -0.36397E+03 -0.10611E+03      298.00
  0.27493E-01  0.90645E+03   -0.27000E-01 -0.27000E-01  0.54000E-01  0.00000E+00  0.00000E+00  0.00000E+00   -0.19773E+03 -0.11960E+03  0.31732E+03 -0.22932E+03 -0.36450E+03 -0.10675E+03      298.00
  0.27756E-01  0.90860E+03   -0.27250E-01 -0.27250E-01  0.54500E-01  0.00000E+00  0.00000E+00  0.00000E+00   -0.19813E+03 -0.11999E+03  0.31812E+03 -0.22989E+03 -0.36538E+03 -0.10676E+03      298.00
  0.28018E-01  0.91058E+03   -0.27500E-01 -0.27500E-01  0.55000E-01  0.00000E+00  0.00000E+00  0.00000E+00   -0.19892E+03 -0.12032E+03  0.31924E+03 -0.23019E+03 -0.36590E+03 -0.10737E+03      298.00
  0.28281E-01  0.91263E+03   -0.27750E-01 -0.27750E-01  0.55500E-01  0.00000E+00  0.00000E+00  0.00000E+00   -0.19922E+03 -0.12081E+03  0.32003E+03 -0.23072E+03 -0.36676E+03 -0.10743E+03      298.00
  0.28544E-01  0.91461E+03   -0.28000E-01 -0.28000E-01  0.56000E-01  0.00000E+00  0.00000E+00  0.00000E+00   -0.20009E+03 -0.12105E+03  0.32114E+03 -0.23104E+03 -0.36726E+03 -0.10799E+03      298.00
  0.28808E-01  0.91645E+03   -0.28250E-01 -0.28250E-01  0.56500E-01  0.00000E+00  0.00000E+00  0.00000E+00   -0.20075E+03 -0.12131E+03  0.32206E+03 -0.23142E+03 -0.36785E+03 -0.10827E+03      298.00
  0.29071E-01  0.91866E+03   -0.28500E-01 -0.28500E-01  0.57000E-01  0.00000E+00  0.00000E+00  0.00000E+00   -0.20122E+03 -0.12166E+03  0.32288E+03 -0.23203E+03 -0.36875E+03 -0.10827E+03      298.00
  0.29335E-01  0.92050E+03   -0.28750E-01 -0.28750E-01  0.57500E-01  0.00000E+00  0.00000E+00  0.00000E+00   -0.20151E+03 -0.12227E+03  0.32379E+03 -0.23234E+03 -0.36939E+03 -0.10867E+03      298.00
  0.29599E-01  0.92237E+03   -0.29000E-01 -0.29000E-01  0.58000E-01  0.00000E+00  0.00000E+00  0.00000E+00   -0.20240E+03 -0.12246E+03  0.32487E+03 -0.23265E+03 -0.36985E+03 -0.10918E+03      298.00
  0.29863E-01  0.92414E+03   -0.29250E-01 -0.29250E-01  0.58500E-01  0.00000E+00  0.00000E+00  0.00000E+00   -0.20304E+03 -0.12273E+03  0.32577E+03 -0.23301E+03 -0.37040E+03 -0.10945E+03      298.00
  0.30127E-01  0.92617E+03   -0.29500E-01 -0.29500E-01  0.59000E-01  0.00000E+00  0.00000E+00  0.00000E+00   -0.20354E+03 -0.12302E+03  0.32656E+03 -0.23357E+03 -0.37121E+03 -0.10942E+03      298.00
  0.30392E-01  0.92796E+03   -0.29750E-01 -0.29750E-01  0.59500E-01  0.00000E+00  0.00000E+00  0.00000E+00   -0.20374E+03 -0.12370E+03  0.32745E+03 -0.23385E+03 -0.37184E+03 -0.10985E+03      298.00
  0.30656E-01  0.92978E+03   -0.30000E-01 -0.30000E-01  0.60000E-01  0.00000E+00  0.00000E+00  0.00000E+00   -0.20465E+03 -0.12385E+03  0.32851E+03 -0.23416E+03 -0.37228E+03 -0.11032E+03      298.00
  0.30921E-01  0.93147E+03   -0.30250E-01 -0.30250E-01  0.60500E-01  0.00000E+00  0.00000E+00  0.00000E+00   -0.20526E+03 -0.12413E+03  0.32939E+03 -0.23449E+03 -0.37280E+03 -0.11059E+03      298.00
  0.31187E-01  0.93334E+03   -0.30500E-01 -0.30500E-01  0.61000E-01  0.00000E+00  0.00000E+00  0.00000E+00   -0.20573E+03 -0.12442E+03  0.33014E+03 -0.23500E+03 -0.37353E+03 -0.11057E+03      298.00
  0.31452E-01  0.93509E+03   -0.30750E-01 -0.30750E-01  0.61500E-01  0.00000E+00  0.00000E+00  0.00000E+00   -0.20636E+03 -0.12481E+03  0.33118E+03 -0.23523E+03 -0.37398E+03 -0.11112E+03      298.00
  0.31717E-01  0.93680E+03   -0.31000E-01 -0.31000E-01  0.62000E-01  0.00000E+00  0.00000E+00  0.00000E+00   -0.20678E+03 -0.12513E+03  0.33191E+03 -0.23567E+03 -0.37463E+03 -0.11113E+03      298.00
  0.31983E-01  0.93855E+03   -0.31250E-01 -0.31250E-01  0.62500E-01  0.00000E+00  0.00000E+00  0.00000E+00   -0.20743E+03 -0.12550E+03  0.33293E+03 -0.23591E+03 -0.37508E+03 -0.11167E+03      298.00
  0.32249E-01  0.94018E+03   -0.31500E-01 -0.31500E-01  0.63000E-01  0.00000E+00  0.00000E+00  0.00000E+00   -0.20779E+03 -0.12586E+03  0.33365E+03 -0.23632E+03 -0.37570E+03 -0.11170E+03      298.00
  0.32515E-01  0.94192E+03   -0.31750E-01 -0.31750E-01  0.63500E-01  0.00000E+00  0.00000E+00  0.00000E+00   -0.20849E+03 -0.12619E+03  0.33467E+03 -0.23657E+03 -0.37615E+03 -0.11220E+03      298.00
  0.32782E-01  0.94349E+03   -0.32000E-01 -0.32000E-01  0.64000E-01  0.00000E+00  0.00000E+00  0.00000E+00   -0.20880E+03 -0.12658E+03  0.33538E+03 -0.23694E+03 -0.37674E+03 -0.11225E+03      298.00
  0.33048E-01  0.94522E+03   -0.32250E-01 -0.32250E-01  0.64500E-01  0.00000E+00  0.00000E+00  0.00000E+00   -0.20953E+03 -0.12686E+03  0.33639E+03 -0.23720E+03 -0.37718E+03 -0.11273E+03      298.00
  0.33315E-01  0.94672E+03   -0.32500E-01 -0.32500E-01  0.65000E-01  0.00000E+00  0.00000E+00  0.00000E+00   -0.20979E+03 -0.12730E+03  0.33708E+03 -0.23754E+03 -0.37775E+03 -0.11280E+03      298.00
  0.33582E-01  0.94843E+03   -0.32750E-01 -0.32750E-01  0.65500E-01  0.00000E+00  0.00000E+00  0.00000E+00   -0.21057E+03 -0.12753E+03  0.33809E+03 -0.23781E+03 -0.37817E+03 -0.11324E+03      298.00
  0.33850E-01  0.94988E+03   -0.33000E-01 -0.33000E-01  0.66000E-01  0.00000E+00  0.00000E+00  0.00000E+00   -0.21077E+03 -0.12800E+03  0.33877E+03 -0.23812E+03 -0.37871E+03 -0.11333E+03      298.00
  0.34117E-01  0.95158E+03   -0.33250E-01 -0.33250E-01  0.66500E-01  0.00000E+00  0.00000E+00  0.00000E+00   -0.21159E+03 -0.12819E+03  0.33978E+03 -0.23840E+03 -0.37913E+03 -0.11375E+03      298.00
  0.34385E-01  0.95297E+03   -0.33500E-01 -0.33500E-01  0.67000E-01  0.00000E+00  0.00000E+00  0.00000E+00   -0.21176E+03 -0.12869E+03  0.34044E+03 -0.23868E+03 -0.37965E+03 -0.11385E+03      298.00
  0.34653E-01  0.95465E+03   -0.33750E-01 -0.33750E-01  0.67500E-01  0.00000E+00  0.00000E+00  0.00000E+00   -0.21260E+03 -0.12884E+03  0.34144E+03 -0.23896E+03 -0.38005E+03 -0.11424E+03      298.00
  0.34921E-01  0.95599E+03   -0.34000E-01 -0.34000E-01  0.68000E-01  0.00000E+00  0.00000E+00  0.00000E+00   -0.21273E+03 -0.12937E+03  0.34210E+03 -0.23922E+03 -0.38055E+03 -0.11436E+03      298.00
  0.35190E-01  0.95764E+03   -0.34250E-01 -0.34250E-01  0.68500E-01  0.00000E+00  0.00000E+00  0.00000E+00   -0.21360E+03 -0.12949E+03  0.34309E+03 -0.23951E+03 -0.38094E+03 -0.11473E+03      298.00
  0.35458E-01  0.95894E+03   -0.34500E-01 -0.34500E-01  0.69000E-01  0.00000E+00  0.00000E+00  0.00000E+00   -0.21371E+03 -0.13003E+03  0.34374E+03 -0.23975E+03 -0.38142E+03 -0.11485E+03      298.00
  0.35727E-01  0.96057E+03   -0.34750E-01 -0.34750E-01  0.69500E-01  0.00000E+00  0.00000E+00  0.00000E+00   -0.21459E+03 -0.13013E+03  0.34472E+03 -0.24003E+03 -0.38180E+03 -0.11521E+03      298.00
  0.35996E-01  0.96194E+03   -0.35000E-01 -0.35000E-01  0.70000E-01  0.00000E+00  0.00000E+00  0.00000E+00   -0.21512E+03 -0.13040E+03  0.34552E+03 -0.24027E+03 -0.38217E+03 -0.11544E+03      298.00
  0.36266E-01  0.96325E+03   -0.35250E-01 -0.35250E-01  0.70500E-01  0.00000E+00  0.00000E+00  0.00000E+00   -0.21537E+03 -0.13081E+03  0.34617E+03 -0.24055E+03 -0.38264E+03 -0.11549E+03      298.00
  0.36535E-01  0.96482E+03   -0.35500E-01 -0.35500E-01  0.71000E-01  0.00000E+00  0.00000E+00  0.00000E+00   -0.21608E+03 -0.13105E+03  0.34713E+03 -0.24078E+03 -0.38302E+03 -0.11589E+03      298.00
  0.36805E-01  0.96603E+03   -0.35750E-01 -0.35750E-01  0.71500E-01  0.00000E+00  0.00000E+00  0.00000E+00   -0.21630E+03 -0.13147E+03  0.34777E+03 -0.24102E+03 -0.38344E+03 -0.11597E+03      298.00
  0.37075E-01  0.96758E+03   -0.36000E-01 -0.36000E-01  0.72000E-01  0.00000E+00  0.00000E+00  0.00000E+00   -0.21704E+03 -0.13168E+03  0.34872E+03 -0.24126E+03 -0.38380E+03 -0.11635E+03      298.00
  0.37345E-01  0.96875E+03   -0.36250E-01 -0.36250E-01  0.72500E-01  0.00000E+00  0.00000E+00  0.00000E+00   -0.21722E+03 -0.13213E+03  0.34935E+03 -0.24147E+03 -0.38421E+03 -0.11644E+03      298.00
  0.37616E-01  0.97028E+03   -0.36500E-01 -0.36500E-01  0.73000E-01  0.00000E+00  0.00000E+00  0.00000E+00   -0.21799E+03 -0.13231E+03  0.35030E+03 -0.24171E+03 -0.38455E+03 -0.11680E+03      298.00
  0.37887E-01  0.97141E+03   -0.36750E-01 -0.36750E-01  0.73500E-01  0.00000E+00  0.00000E+00  0.00000E+00   -0.21814E+03 -0.13278E+03  0.35092E+03 -0.24191E+03 -0.38494E+03 -0.11691E+03      298.00
  0.38158E-01  0.97292E+03   -0.37000E-01 -0.37000E-01  0.74000E-01  0.00000E+00  0.00000E+00  0.00000E+00   -0.21892E+03 -0.13294E+03  0.35186E+03 -0.24215E+03 -0.38528E+03 -0.11725E+03      298.00
  0.38429E-01  0.97401E+03   -0.37250E-01 -0.37250E-01  0.74500E-01  0.00000E+00  0.00000E+00  0.00000E+00   -0.21905E+03 -0.13342E+03  0.35247E+03 -0.24233E+03 -0.38565E+03 -0.11736E+03      298.00
  0.38700E-01  0.97550E+03   -0.37500E-01 -0.37500E-01  0.75000E-01  0.00000E+00  0.00000E+00  0.00000E+00   -0.21985E+03 -0.13356E+03  0.35340E+03 -0.24257E+03 -0.38597E+03 -0.11768E+03      298.00
          Evm          Svm            E11          E22          E33          E23          E13          E12         SDEV11       SDEV22       SDEV33       SDEV23       SDEV13       SDEV12      TEMP
  0.38700E-01  0.97568E+03   -0.37500E-01 -0.37500E-01  0.75000E-01  0.00000E+00  0.00000E+00  0.00000E+00   -0.21996E+03 -0.13343E+03  0.35339E+03 -0.24270E+03 -0.38609E+03 -0.11752E+03      298.00
  0.38972E-01  0.97673E+03   -0.37750E-01 -0.37750E-01  0.75500E-01  0.00000E+00  0.00000E+00  0.00000E+00   -0.22033E+03 -0.13384E+03  0.35417E+03 -0.24276E+03 -0.38629E+03 -0.11790E+03      298.00
  0.39244E-01  0.97779E+03   -0.38000E-01 -0.38000E-01  0.76000E-01  0.00000E+00  0.00000E+00  0.00000E+00   -0.22043E+03 -0.13435E+03  0.35477E+03 -0.24293E+03 -0.38665E+03 -0.11801E+03      298.00
  0.39516E-01  0.97869E+03   -0.38250E-01 -0.38250E-01  0.76500E-01  0.00000E+00  0.00000E+00  0.00000E+00   -0.22102E+03 -0.13451E+03  0.35553E+03 -0.24299E+03 -0.38673E+03 -0.11831E+03      298.00
  0.39788E-01  0.98025E+03   -0.38500E-01 -0.38500E-01  0.77000E-01  0.00000E+00  0.00000E+00  0.00000E+00   -0.22127E+03 -0.13501E+03  0.35629E+03 -0.24330E+03 -0.38731E+03 -0.11845E+03      298.00
  0.40061E-01  0.98113E+03   -0.38750E-01 -0.38750E-01  0.77500E-01  0.00000E+00  0.00000E+00  0.00000E+00   -0.22191E+03 -0.13513E+03  0.35705E+03 -0.24336E+03 -0.38737E+03 -0.11873E+03      298.00
  0.40334E-01  0.98284E+03   -0.39000E-01 -0.39000E-01  0.78000E-01  0.00000E+00  0.00000E+00  0.00000E+00   -0.22259E+03 -0.13536E+03  0.35795E+03 -0.24371E+03 -0.38787E+03 -0.11895E+03      298.00
  0.40607E-01  0.98383E+03   -0.39250E-01 -0.39250E-01  0.78500E-01  0.00000E+00  0.00000E+00  0.00000E+00   -0.22272E+03 -0.13582E+03  0.35854E+03 -0.24386E+03 -0.38820E+03 -0.11904E+03      298.00
  0.40880E-01  0.98505E+03   -0.39500E-01 -0.39500E-01  0.79000E-01  0.00000E+00  0.00000E+00  0.00000E+00   -0.22303E+03 -0.13627E+03  0.35930E+03 -0.24402E+03 -0.38853E+03 -0.11931E+03      298.00
  0.41154E-01  0.98584E+03   -0.39750E-01 -0.39750E-01  0.79500E-01  0.00000E+00  0.00000E+00  0.00000E+00   -0.22369E+03 -0.13634E+03  0.36003E+03 -0.24407E+03 -0.38855E+03 -0.11955E+03      298.00
  0.41428E-01  0.98749E+03   -0.40000E-01 -0.40000E-01  0.80000E-01  0.00000E+00  0.00000E+00  0.00000E+00   -0.22436E+03 -0.13656E+03  0.36092E+03 -0.24440E+03 -0.38903E+03 -0.11976E+03      298.00
  0.41702E-01  0.98841E+03   -0.40250E-01 -0.40250E-01  0.80500E-01  0.00000E+00  0.00000E+00  0.00000E+00   -0.22446E+03 -0.13704E+03  0.36150E+03 -0.24452E+03 -0.38932E+03 -0.11986E+03      298.00
  0.41976E-01  0.98958E+03   -0.40500E-01 -0.40500E-01  0.81000E-01  0.00000E+00  0.00000E+00  0.00000E+00   -0.22478E+03 -0.13746E+03  0.36224E+03 -0.24466E+03 -0.38963E+03 -0.12012E+03      298.00
  0.42251E-01  0.99035E+03   -0.40750E-01 -0.40750E-01  0.81500E-01  0.00000E+00  0.00000E+00  0.00000E+00   -0.22544E+03 -0.13752E+03  0.36297E+03 -0.24472E+03 -0.38965E+03 -0.12034E+03      298.00
  0.42526E-01  0.99172E+03   -0.41000E-01 -0.41000E-01  0.82000E-01  0.00000E+00  0.00000E+00  0.00000E+00   -0.22564E+03 -0.13804E+03  0.36368E+03 -0.24495E+03 -0.39012E+03 -0.12050E+03      298.00
  0.42801E-01  0.99255E+03   -0.41250E-01 -0.41250E-01  0.82500E-01  0.00000E+00  0.00000E+00  0.00000E+00   -0.22630E+03 -0.13812E+03  0.36442E+03 -0.24502E+03 -0.39017E+03 -0.12072E+03      298.00
  0.43076E-01  0.99351E+03   -0.41500E-01 -0.41500E-01  0.83000E-01  0.00000E+00  0.00000E+00  0.00000E+00   -0.22675E+03 -0.13837E+03  0.36512E+03 -0.24514E+03 -0.39035E+03 -0.12091E+03      298.00
  0.43352E-01  0.99491E+03   -0.41750E-01 -0.41750E-01  0.83500E-01  0.00000E+00  0.00000E+00  0.00000E+00   -0.22696E+03 -0.13887E+03  0.36583E+03 -0.24539E+03 -0.39085E+03 -0.12106E+03      298.00
  0.43628E-01  0.99572E+03   -0.42000E-01 -0.42000E-01  0.84000E-01  0.00000E+00  0.00000E+00  0.00000E+00   -0.22759E+03 -0.13897E+03  0.36657E+03 -0.24544E+03 -0.39089E+03 -0.12129E+03      298.00
  0.43904E-01  0.99698E+03   -0.42250E-01 -0.42250E-01  0.84500E-01  0.00000E+00  0.00000E+00  0.00000E+00   -0.22778E+03 -0.13948E+03  0.36726E+03 -0.24565E+03 -0.39131E+03 -0.12145E+03      298.00
  0.44180E-01  0.99778E+03   -0.42500E-01 -0.42500E-01  0.85000E-01  0.00000E+00  0.00000E+00  0.00000E+00   -0.22843E+03 -0.13956E+03  0.36799E+03 -0.24571E+03 -0.39134E+03 -0.12166E+03      298.00
  0.44457E-01  0.99900E+03   -0.42750E-01 -0.42750E-01  0.85500E-01  0.00000E+00  0.00000E+00  0.00000E+00   -0.22860E+03 -0.14007E+03  0.36867E+03 -0.24589E+03 -0.39175E+03 -0.12182E+03      298.00
  0.44733E-01  0.99980E+03   -0.43000E-01 -0.43000E-01  0.86000E-01  0.00000E+00  0.00000E+00  0.00000E+00   -0.22926E+03 -0.14014E+03  0.36940E+03 -0.24595E+03 -0.39178E+03 -0.12203E+03      298.00
  0.45010E-01  0.10010E+04   -0.43250E-01 -0.43250E-01  0.86500E-01  0.00000E+00  0.00000E+00  0.00000E+00   -0.22942E+03 -0.14065E+03  0.37007E+03 -0.24613E+03 -0.39216E+03 -0.12220E+03      298.00
  0.45288E-01  0.10018E+04   -0.43500E-01 -0.43500E-01  0.87000E-01  0.00000E+00  0.00000E+00  0.00000E+00   -0.23008E+03 -0.14072E+03  0.37079E+03 -0.24619E+03 -0.39219E+03 -0.12239E+03      298.00
  0.45565E-01  0.10029E+04   -0.43750E-01 -0.43750E-01  0.87500E-01  0.00000E+00  0.00000E+00  0.00000E+00   -0.23023E+03 -0.14123E+03  0.37146E+03 -0.24635E+03 -0.39256E+03 -0.12256E+03      298.00
  0.45843E-01  0.10037E+04   -0.44000E-01 -0.44000E-01  0.88000E-01  0.00000E+00  0.00000E+00  0.00000E+00   -0.23089E+03 -0.14129E+03  0.37218E+03 -0.24641E+03 -0.39258E+03 -0.12275E+03      298.00
  0.46121E-01  0.10045E+04   -0.44250E-01 -0.44250E-01  0.88500E-01  0.00000E+00  0.00000E+00  0.00000E+00   -0.23132E+03 -0.14154E+03  0.37285E+03 -0.24649E+03 -0.39272E+03 -0.12292E+03      298.00
  0.46400E-01  0.10057E+04   -0.44500E-01 -0.44500E-01  0.89000E-01  0.00000E+00  0.00000E+00  0.00000E+00   -0.23148E+03 -0.14205E+03  0.37353E+03 -0.24667E+03 -0.39311E+03 -0.12308E+03      298.00
  0.46678E-01  0.10065E+04   -0.44750E-01 -0.44750E-01  0.89500E-01  0.00000E+00  0.00000E+00  0.00000E+00   -0.23212E+03 -0.14212E+03  0.37424E+03 -0.24672E+03 -0.39313E+03 -0.12327E+03      298.00
  0.46957E-01  0.10076E+04   -0.45000E-01 -0.45000E-01  0.90000E-01  0.00000E+00  0.00000E+00  0.00000E+00   -0.23227E+03 -0.14262E+03  0.37490E+03 -0.24685E+03 -0.39345E+03 -0.12343E+03      298.00
  0.47236E-01  0.10081E+04   -0.45250E-01 -0.45250E-01  0.90500E-01  0.00000E+00  0.00000E+00  0.00000E+00   -0.23272E+03 -0.14279E+03  0.37551E+03 -0.24685E+03 -0.39343E+03 -0.12360E+03      298.00
  0.47515E-01  0.10092E+04   -0.45500E-01 -0.45500E-01  0.91000E-01  0.00000E+00  0.00000E+00  0.00000E+00   -0.23331E+03 -0.14296E+03  0.37627E+03 -0.24698E+03 -0.39360E+03 -0.12378E+03      298.00
  0.47795E-01  0.10102E+04   -0.45750E-01 -0.45750E-01  0.91500E-01  0.00000E+00  0.00000E+00  0.00000E+00   -0.23346E+03 -0.14346E+03  0.37692E+03 -0.24712E+03 -0.39393E+03 -0.12395E+03      298.00
  0.48075E-01  0.10108E+04   -0.46000E-01 -0.46000E-01  0.92000E-01  0.00000E+00  0.00000E+00  0.00000E+00   -0.23391E+03 -0.14363E+03  0.37754E+03 -0.24711E+03 -0.39391E+03 -0.12411E+03      298.00
  0.48355E-01  0.10116E+04   -0.46250E-01 -0.46250E-01  0.92500E-01  0.00000E+00  0.00000E+00  0.00000E+00   -0.23430E+03 -0.14389E+03  0.37819E+03 -0.24717E+03 -0.39403E+03 -0.12426E+03      298.00
  0.48635E-01  0.10125E+04   -0.46500E-01 -0.46500E-01  0.93000E-01  0.00000E+00  0.00000E+00  0.00000E+00   -0.23469E+03 -0.14417E+03  0.37886E+03 -0.24725E+03 -0.39417E+03 -0.12443E+03      298.00
  0.48916E-01  0.10133E+04   -0.46750E-01 -0.46750E-01  0.93500E-01  0.00000E+00  0.00000E+00  0.00000E+00   -0.23508E+03 -0.14445E+03  0.37953E+03 -0.24732E+03 -0.39431E+03 -0.12459E+03      298.00
  0.49197E-01  0.10141E+04   -0.47000E-01 -0.47000E-01  0.94000E-01  0.00000E+00  0.00000E+00  0.00000E+00   -0.23546E+03 -0.14473E+03  0.38019E+03 -0.24740E+03 -0.39445E+03 -0.12476E+03      298.00
  0.49478E-01  0.10150E+04   -0.47250E-01 -0.47250E-01  0.94500E-01  0.00000E+00  0.00000E+00  0.00000E+00   -0.23585E+03 -0.14500E+03  0.38085E+03 -0.24747E+03 -0.39458E+03 -0.12492E+03      298.00
  0.49760E-01  0.10158E+04   -0.47500E-01 -0.47500E-01  0.95000E-01  0.00000E+00  0.00000E+00  0.00000E+00   -0.23623E+03 -0.14528E+03  0.38151E+03 -0.24753E+03 -0.39471E+03 -0.12508E+03      298.00
  0.50041E-01  0.10166E+04   -0.47750E-01 -0.47750E-01  0.95500E-01  0.00000E+00  0.00000E+00  0.00000E+00   -0.23662E+03 -0.14555E+03  0.38217E+03 -0.24760E+03 -0.39484E+03 -0.12524E+03      298.00
  0.50323E-01  0.10174E+04   -0.48000E-01 -0.48000E-01  0.96000E-01  0.00000E+00  0.00000E+00  0.00000E+00   -0.23700E+03 -0.14583E+03  0.38282E+03 -0.24766E+03 -0.39496E+03 -0.12540E+03      298.00
  0.50605E-01  0.10182E+04   -0.48250E-01 -0.48250E-01  0.96500E-01  0.00000E+00  0.00000E+00  0.00000E+00   -0.23738E+03 -0.14610E+03  0.38348E+03 -0.24772E+03 -0.39507E+03 -0.12556E+03      298.00
  0.50888E-01  0.10190E+04   -0.48500E-01 -0.48500E-01  0.97000E-01  0.00000E+00  0.00000E+00  0.00000E+00   -0.23776E+03 -0.14637E+03  0.38413E+03 -0.24777E+03 -0.39518E+03 -0.12572E+03      298.00
  0.51171E-01  0.10201E+04   -0.48750E-01 -0.48750E-01  0.97500E-01  0.00000E+00  0.00000E+00  0.00000E+00   -0.23802E+03 -0.14682E+03  0.38484E+03 -0.24790E+03 -0.39547E+03 -0.12593E+03      298.00
  0.51454E-01  0.10206E+04   -0.49000E-01 -0.49000E-01  0.98000E-01  0.00000E+00  0.00000E+00  0.00000E+00   -0.23849E+03 -0.14695E+03  0.38544E+03 -0.24788E+03 -0.39542E+03 -0.12605E+03      298.00
  0.51737E-01  0.10213E+04   -0.49250E-01 -0.49250E-01  0.98500E-01  0.00000E+00  0.00000E+00  0.00000E+00   -0.23887E+03 -0.14720E+03  0.38607E+03 -0.24792E+03 -0.39549E+03 -0.12619E+03      298.00
  0.52020E-01  0.10221E+04   -0.49500E-01 -0.49500E-01  0.99000E-01  0.00000E+00  0.00000E+00  0.00000E+00   -0.23925E+03 -0.14746E+03  0.38671E+03 -0.24797E+03 -0.39559E+03 -0.12634E+03      298.00
  0.52304E-01  0.10228E+04   -0.49750E-01 -0.49750E-01  0.99500E-01  0.00000E+00  0.00000E+00  0.00000E+00   -0.23962E+03 -0.14773E+03  0.38735E+03 -0.24801E+03 -0.39568E+03 -0.12649E+03      298.00
  0.52588E-01  0.10235E+04   -0.50000E-01 -0.50000E-01  0.10000E+00  0.00000E+00  0.00000E+00  0.00000E+00   -0.23999E+03 -0.14800E+03  0.38799E+03 -0.24805E+03 -0.39576E+03 -0.12665E+03      298.00
          Evm          Svm            E11          E22          E33          E23          E13          E12         SDEV11       SDEV22       SDEV33       SDEV23       SDEV13       SDEV12      TEMP
  0.52588E-01  0.10241E+04   -0.50000E-01 -0.50000E-01  0.10000E+00  0.00000E+00  0.00000E+00  0.00000E+00   -0.24045E+03 -0.14771E+03  0.38816E+03 -0.24827E+03 -0.39593E+03 -0.12656E+03      298.00
  0.52872E-01  0.10246E+04   -0.50250E-01 -0.50250E-01  0.10050E+00  0.00000E+00  0.00000E+00  0.00000E+00   -0.24031E+03 -0.14838E+03  0.38869E+03 -0.24815E+03 -0.39600E+03 -0.12683E+03      298.00
  0.53157E-01  0.10250E+04   -0.50500E-01 -0.50500E-01  0.10100E+00  0.00000E+00  0.00000E+00  0.00000E+00   -0.24072E+03 -0.14856E+03  0.38928E+03 -0.24813E+03 -0.39595E+03 -0.12696E+03      298.00
  0.53442E-01  0.10257E+04   -0.50750E-01 -0.50750E-01  0.10150E+00  0.00000E+00  0.00000E+00  0.00000E+00   -0.24108E+03 -0.14881E+03  0.38989E+03 -0.24815E+03 -0.39600E+03 -0.12710E+03      298.00
  0.53727E-01  0.10264E+04   -0.51000E-01 -0.51000E-01  0.10200E+00  0.00000E+00  0.00000E+00  0.00000E+00   -0.24145E+03 -0.14907E+03  0.39052E+03 -0.24818E+03 -0.39607E+03 -0.12724E+03      298.00
  0.54012E-01  0.10274E+04   -0.51250E-01 -0.51250E-01  0.10250E+00  0.00000E+00  0.00000E+00  0.00000E+00   -0.24170E+03 -0.14951E+03  0.39121E+03 -0.24826E+03 -0.39629E+03 -0.12745E+03      298.00
  0.54298E-01  0.10279E+04   -0.51500E-01 -0.51500E-01  0.10300E+00  0.00000E+00  0.00000E+00  0.00000E+00   -0.24216E+03 -0.14963E+03  0.39180E+03 -0.24824E+03 -0.39623E+03 -0.12755E+03      298.00
  0.54584E-01  0.10285E+04   -0.51750E-01 -0.51750E-01  0.10350E+00  0.00000E+00  0.00000E+00  0.00000E+00   -0.24253E+03 -0.14988E+03  0.39241E+03 -0.24826E+03 -0.39627E+03 -0.12769E+03      298.00
  0.54870E-01  0.10294E+04   -0.52000E-01 -0.52000E-01  0.10400E+00  0.00000E+00  0.00000E+00  0.00000E+00   -0.24278E+03 -0.15031E+03  0.39308E+03 -0.24832E+03 -0.39647E+03 -0.12789E+03      298.00
  0.55156E-01  0.10299E+04   -0.52250E-01 -0.52250E-01  0.10450E+00  0.00000E+00  0.00000E+00  0.00000E+00   -0.24324E+03 -0.15043E+03  0.39367E+03 -0.24830E+03 -0.39640E+03 -0.12799E+03      298.00
  0.55443E-01  0.10305E+04   -0.52500E-01 -0.52500E-01  0.10500E+00  0.00000E+00  0.00000E+00  0.00000E+00   -0.24360E+03 -0.15067E+03  0.39427E+03 -0.24831E+03 -0.39643E+03 -0.12812E+03      298.00
  0.55730E-01  0.10314E+04   -0.52750E-01 -0.52750E-01  0.10550E+00  0.00000E+00  0.00000E+00  0.00000E+00   -0.24384E+03 -0.15110E+03  0.39494E+03 -0.24836E+03 -0.39661E+03 -0.12832E+03      298.00
  0.56017E-01  0.10318E+04   -0.53000E-01 -0.53000E-01  0.10600E+00  0.00000E+00  0.00000E+00  0.00000E+00   -0.24430E+03 -0.15122E+03  0.39552E+03 -0.24834E+03 -0.39654E+03 -0.12842E+03      298.00
  0.56305E-01  0.10327E+04   -0.53250E-01 -0.53250E-01  0.10650E+00  0.00000E+00  0.00000E+00  0.00000E+00   -0.24454E+03 -0.15163E+03  0.39617E+03 -0.24838E+03 -0.39669E+03 -0.12861E+03      298.00
  0.56592E-01  0.10331E+04   -0.53500E-01 -0.53500E-01  0.10700E+00  0.00000E+00  0.00000E+00  0.00000E+00   -0.24501E+03 -0.15175E+03  0.39675E+03 -0.24836E+03 -0.39662E+03 -0.12870E+03      298.00
  0.56880E-01  0.10339E+04   -0.53750E-01 -0.53750E-01  0.10750E+00  0.00000E+00  0.00000E+00  0.00000E+00   -0.24524E+03 -0.15215E+03  0.39740E+03 -0.24838E+03 -0.39676E+03 -0.12889E+03      298.00
  0.57169E-01  0.10344E+04   -0.54000E-01 -0.54000E-01  0.10800E+00  0.00000E+00  0.00000E+00  0.00000E+00   -0.24571E+03 -0.15227E+03  0.39797E+03 -0.24836E+03 -0.39668E+03 -0.12897E+03      298.00
  0.57457E-01  0.10352E+04   -0.54250E-01 -0.54250E-01  0.10850E+00  0.00000E+00  0.00000E+00  0.00000E+00   -0.24594E+03 -0.15267E+03  0.39862E+03 -0.24838E+03 -0.39681E+03 -0.12916E+03      298.00
  0.57746E-01  0.10356E+04   -0.54500E-01 -0.54500E-01  0.10900E+00  0.00000E+00  0.00000E+00  0.00000E+00   -0.24640E+03 -0.15279E+03  0.39919E+03 -0.24836E+03 -0.39673E+03 -0.12925E+03      298.00
  0.58035E-01  0.10364E+04   -0.54750E-01 -0.54750E-01  0.10950E+00  0.00000E+00  0.00000E+00  0.00000E+00   -0.24664E+03 -0.15319E+03  0.39983E+03 -0.24838E+03 -0.39685E+03 -0.12943E+03      298.00
  0.58324E-01  0.10368E+04   -0.55000E-01 -0.55000E-01  0.11000E+00  0.00000E+00  0.00000E+00  0.00000E+00   -0.24709E+03 -0.15331E+03  0.40040E+03 -0.24835E+03 -0.39677E+03 -0.12952E+03      298.00
  0.58614E-01  0.10375E+04   -0.55250E-01 -0.55250E-01  0.11050E+00  0.00000E+00  0.00000E+00  0.00000E+00   -0.24732E+03 -0.15371E+03  0.40103E+03 -0.24836E+03 -0.39687E+03 -0.12970E+03      298.00
  0.58904E-01  0.10380E+04   -0.55500E-01 -0.55500E-01  0.11100E+00  0.00000E+00  0.00000E+00  0.00000E+00   -0.24778E+03 -0.15382E+03  0.40160E+03 -0.24833E+03 -0.39679E+03 -0.12979E+03      298.00
  0.59194E-01  0.10387E+04   -0.55750E-01 -0.55750E-01  0.11150E+00  0.00000E+00  0.00000E+00  0.00000E+00   -0.24801E+03 -0.15422E+03  0.40223E+03 -0.24834E+03 -0.39689E+03 -0.12997E+03      298.00
  0.59485E-01  0.10391E+04   -0.56000E-01 -0.56000E-01  0.11200E+00  0.00000E+00  0.00000E+00  0.00000E+00   -0.24847E+03 -0.15434E+03  0.40280E+03 -0.24831E+03 -0.39680E+03 -0.13005E+03      298.00
  0.59775E-01  0.10398E+04   -0.56250E-01 -0.56250E-01  0.11250E+00  0.00000E+00  0.00000E+00  0.00000E+00   -0.24869E+03 -0.15473E+03  0.40343E+03 -0.24830E+03 -0.39689E+03 -0.13023E+03      298.00
  0.60066E-01  0.10403E+04   -0.56500E-01 -0.56500E-01  0.11300E+00  0.00000E+00  0.00000E+00  0.00000E+00   -0.24915E+03 -0.15485E+03  0.40399E+03 -0.24828E+03 -0.39680E+03 -0.13031E+03      298.00
  0.60357E-01  0.10409E+04   -0.56750E-01 -0.56750E-01  0.11350E+00  0.00000E+00  0.00000E+00  0.00000E+00   -0.24937E+03 -0.15524E+03  0.40461E+03 -0.24826E+03 -0.39688E+03 -0.13049E+03      298.00
  0.60649E-01  0.10414E+04   -0.57000E-01 -0.57000E-01  0.11400E+00  0.00000E+00  0.00000E+00  0.00000E+00   -0.24982E+03 -0.15536E+03  0.40518E+03 -0.24823E+03 -0.39679E+03 -0.13057E+03      298.00
  0.60941E-01  0.10420E+04   -0.57250E-01 -0.57250E-01  0.11450E+00  0.00000E+00  0.00000E+00  0.00000E+00   -0.25005E+03 -0.15575E+03  0.40580E+03 -0.24822E+03 -0.39686E+03 -0.13075E+03      298.00
  0.61233E-01  0.10426E+04   -0.57500E-01 -0.57500E-01  0.11500E+00  0.00000E+00  0.00000E+00  0.00000E+00   -0.25036E+03 -0.15603E+03  0.40639E+03 -0.24819E+03 -0.39686E+03 -0.13090E+03      298.00
  0.61525E-01  0.10430E+04   -0.57750E-01 -0.57750E-01  0.11550E+00  0.00000E+00  0.00000E+00  0.00000E+00   -0.25083E+03 -0.15612E+03  0.40695E+03 -0.24816E+03 -0.39676E+03 -0.13095E+03      298.00
  0.61818E-01  0.10436E+04   -0.58000E-01 -0.58000E-01  0.11600E+00  0.00000E+00  0.00000E+00  0.00000E+00   -0.25105E+03 -0.15651E+03  0.40756E+03 -0.24813E+03 -0.39681E+03 -0.13113E+03      298.00
  0.62111E-01  0.10441E+04   -0.58250E-01 -0.58250E-01  0.11650E+00  0.00000E+00  0.00000E+00  0.00000E+00   -0.25137E+03 -0.15679E+03  0.40815E+03 -0.24810E+03 -0.39680E+03 -0.13128E+03      298.00
  0.62404E-01  0.10447E+04   -0.58500E-01 -0.58500E-01  0.11700E+00  0.00000E+00  0.00000E+00  0.00000E+00   -0.25169E+03 -0.15704E+03  0.40874E+03 -0.24806E+03 -0.39677E+03 -0.13140E+03      298.00
  0.62697E-01  0.10452E+04   -0.58750E-01 -0.58750E-01  0.11750E+00  0.00000E+00  0.00000E+00  0.00000E+00   -0.25202E+03 -0.15730E+03  0.40932E+03 -0.24803E+03 -0.39674E+03 -0.13153E+03      298.00
  0.62991E-01  0.10457E+04   -0.59000E-01 -0.59000E-01  0.11800E+00  0.00000E+00  0.00000E+00  0.00000E+00   -0.25235E+03 -0.15755E+03  0.40990E+03 -0.24799E+03 -0.39671E+03 -0.13165E+03      298.00
  0.63285E-01  0.10462E+04   -0.59250E-01 -0.59250E-01  0.11850E+00  0.00000E+00  0.00000E+00  0.00000E+00   -0.25268E+03 -0.15780E+03  0.41048E+03 -0.24795E+03 -0.39668E+03 -0.13178E+03      298.00
  0.63579E-01  0.10467E+04   -0.59500E-01 -0.59500E-01  0.11900E+00  0.00000E+00  0.00000E+00  0.00000E+00   -0.25301E+03 -0.15805E+03  0.41106E+03 -0.24791E+03 -0.39665E+03 -0.13190E+03      298.00
  0.63874E-01  0.10472E+04   -0.59750E-01 -0.59750E-01  0.11950E+00  0.00000E+00  0.00000E+00  0.00000E+00   -0.25334E+03 -0.15830E+03  0.41164E+03 -0.24787E+03 -0.39661E+03 -0.13202E+03      298.00
  0.64169E-01  0.10476E+04   -0.60000E-01 -0.60000E-01  0.12000E+00  0.00000E+00  0.00000E+00  0.00000E+00   -0.25367E+03 -0.15855E+03  0.41222E+03 -0.24783E+03 -0.39657E+03 -0.13214E+03      298.00
  0.64464E-01  0.10481E+04   -0.60250E-01 -0.60250E-01  0.12050E+00  0.00000E+00  0.00000E+00  0.00000E+00   -0.25400E+03 -0.15880E+03  0.41279E+03 -0.24778E+03 -0.39652E+03 -0.13226E+03      298.00
  0.64759E-01  0.10486E+04   -0.60500E-01 -0.60500E-01  0.12100E+00  0.00000E+00  0.00000E+00  0.00000E+00   -0.25432E+03 -0.15905E+03  0.41337E+03 -0.24774E+03 -0.39648E+03 -0.13238E+03      298.00
  0.65055E-01  0.10491E+04   -0.60750E-01 -0.60750E-01  0.12150E+00  0.00000E+00  0.00000E+00  0.00000E+00   -0.25465E+03 -0.15929E+03  0.41394E+03 -0.24769E+03 -0.39643E+03 -0.13250E+03      298.00
  0.65351E-01  0.10495E+04   -0.61000E-01 -0.61000E-01  0.12200E+00  0.00000E+00  0.00000E+00  0.00000E+00   -0.25497E+03 -0.15954E+03  0.41451E+03 -0.24764E+03 -0.39638E+03 -0.13262E+03      298.00
  0.65647E-01  0.10500E+04   -0.61250E-01 -0.61250E-01  0.12250E+00  0.00000E+00  0.00000E+00  0.00000E+00   -0.25530E+03 -0.15979E+03  0.41508E+03 -0.24759E+03 -0.39633E+03 -0.13274E+03      298.00
  0.65944E-01  0.10505E+04   -0.61500E-01 -0.61500E-01  0.12300E+00  0.00000E+00  0.00000E+00  0.00000E+00   -0.25562E+03 -0.16003E+03  0.41565E+03 -0.24754E+03 -0.39627E+03 -0.13286E+03      298.00
  0.66240E-01  0.10509E+04   -0.61750E-01 -0.61750E-01  0.12350E+00  0.00000E+00  0.00000E+00  0.00000E+00   -0.25594E+03 -0.16028E+03  0.41622E+03 -0.24748E+03 -0.39621E+03 -0.13297E+03      298.00
  0.66537E-01  0.10514E+04   -0.62000E-01 -0.62000E-01  0.12400E+00  0.00000E+00  0.00000E+00  0.00000E+00   -0.25626E+03 -0.16053E+03  0.41679E+03 -0.24743E+03 -0.39616E+03 -0.13309E+03      298.00
  0.66835E-01  0.10518E+04   -0.62250E-01 -0.62250E-01  0.12450E+00  0.00000E+00  0.00000E+00  0.00000E+00   -0.25658E+03 -0.16077E+03  0.41736E+03 -0.24737E+03 -0.39609E+03 -0.13321E+03      298.00
  0.67132E-01  0.10522E+04   -0.62500E-01 -0.62500E-01  0.12500E+00  0.00000E+00  0.00000E+00  0.00000E+00   -0.25690E+03 -0.16102E+03  0.41792E+03 -0.24731E+03 -0.39603E+03 -0.13332E+03      298.00
