TEXTURE AT STRAIN =    0.0250
   0.988   1.025   0.988  <-- length of phase ellipsoid axes
   67.42   90.00   -0.00  <-- Euler angles (deg) of phase ellipsoid axes
B         1
  -23.89   80.40  -87.96   1.0000000
TEXTURE AT STRAIN =    0.0500
   0.975   1.051   0.975  <-- length of phase ellipsoid axes
   67.82   90.00   -0.00  <-- Euler angles (deg) of phase ellipsoid axes
B         1
  -23.90   79.72  -87.84   1.0000000
TEXTURE AT STRAIN =    0.0750
   0.963   1.078   0.963  <-- length of phase ellipsoid axes
   66.80   90.00   -0.00  <-- Euler angles (deg) of phase ellipsoid axes
B         1
  -23.88   79.09  -87.73   1.0000000
TEXTURE AT STRAIN =    0.1000
   0.951   1.105   0.951  <-- length of phase ellipsoid axes
   66.44   90.00   -0.00  <-- Euler angles (deg) of phase ellipsoid axes
B         1
  -23.86   78.45  -87.64   1.0000000
TEXTURE AT STRAIN =    0.1250
   0.939   1.133   0.939  <-- length of phase ellipsoid axes
   67.98   90.00   -0.00  <-- Euler angles (deg) of phase ellipsoid axes
B         1
  -23.83   77.78  -87.54   1.0000000
