          Evm          Svm            E11          E22          E33          E23          E13          E12         SDEV11       SDEV22       SDEV33       SDEV23       SDEV13       SDEV12      TEMP
  0.00000E+00  0.44642E+03    0.00000E+00  0.00000E+00  0.00000E+00  0.00000E+00  0.00000E+00  0.00000E+00   -0.81777E+02 -0.60704E+02  0.14248E+03 -0.14902E+03  0.16096E+03  0.54568E+02      298.00
  0.23937E-03  0.45448E+03   -0.25000E-03 -0.25000E-03  0.50000E-03  0.00000E+00  0.00000E+00  0.00000E+00   -0.84130E+02 -0.62471E+02  0.14660E+03 -0.15148E+03  0.16336E+03  0.54591E+02      298.00
  0.48130E-03  0.46231E+03   -0.50000E-03 -0.50000E-03  0.10000E-02  0.00000E+00  0.00000E+00  0.00000E+00   -0.86050E+02 -0.64455E+02  0.15050E+03 -0.15383E+03  0.16575E+03  0.54769E+02      298.00
  0.72547E-03  0.46995E+03   -0.75000E-03 -0.75000E-03  0.15000E-02  0.00000E+00  0.00000E+00  0.00000E+00   -0.88138E+02 -0.66072E+02  0.15421E+03 -0.15616E+03  0.16807E+03  0.55018E+02      298.00
  0.97157E-03  0.47752E+03   -0.10000E-02 -0.10000E-02  0.20000E-02  0.00000E+00  0.00000E+00  0.00000E+00   -0.90091E+02 -0.67657E+02  0.15775E+03 -0.15849E+03  0.17041E+03  0.55337E+02      298.00
  0.12193E-02  0.48457E+03   -0.12500E-02 -0.12500E-02  0.25000E-02  0.00000E+00  0.00000E+00  0.00000E+00   -0.92049E+02 -0.69061E+02  0.16111E+03 -0.16060E+03  0.17251E+03  0.55816E+02      298.00
  0.14687E-02  0.49193E+03   -0.15000E-02 -0.15000E-02  0.30000E-02  0.00000E+00  0.00000E+00  0.00000E+00   -0.93671E+02 -0.70680E+02  0.16435E+03 -0.16286E+03  0.17488E+03  0.56276E+02      298.00
  0.17193E-02  0.49924E+03   -0.17500E-02 -0.17500E-02  0.35000E-02  0.00000E+00  0.00000E+00  0.00000E+00   -0.95476E+02 -0.71994E+02  0.16747E+03 -0.16516E+03  0.17723E+03  0.56751E+02      298.00
  0.19709E-02  0.50642E+03   -0.20000E-02 -0.20000E-02  0.40000E-02  0.00000E+00  0.00000E+00  0.00000E+00   -0.97127E+02 -0.73342E+02  0.17047E+03 -0.16741E+03  0.17956E+03  0.57285E+02      298.00
  0.22233E-02  0.51350E+03   -0.22500E-02 -0.22500E-02  0.45000E-02  0.00000E+00  0.00000E+00  0.00000E+00   -0.98742E+02 -0.74620E+02  0.17336E+03 -0.16964E+03  0.18189E+03  0.57856E+02      298.00
  0.24765E-02  0.52047E+03   -0.25000E-02 -0.25000E-02  0.50000E-02  0.00000E+00  0.00000E+00  0.00000E+00   -0.10031E+03 -0.75851E+02  0.17616E+03 -0.17184E+03  0.18419E+03  0.58461E+02      298.00
  0.27304E-02  0.52735E+03   -0.27500E-02 -0.27500E-02  0.55000E-02  0.00000E+00  0.00000E+00  0.00000E+00   -0.10183E+03 -0.77038E+02  0.17887E+03 -0.17402E+03  0.18648E+03  0.59095E+02      298.00
  0.29848E-02  0.53484E+03   -0.30000E-02 -0.30000E-02  0.60000E-02  0.00000E+00  0.00000E+00  0.00000E+00   -0.10336E+03 -0.78170E+02  0.18153E+03 -0.17652E+03  0.18913E+03  0.59572E+02      298.00
  0.32393E-02  0.54081E+03   -0.32500E-02 -0.32500E-02  0.65000E-02  0.00000E+00  0.00000E+00  0.00000E+00   -0.10467E+03 -0.79377E+02  0.18405E+03 -0.17829E+03  0.19101E+03  0.60449E+02      298.00
  0.34945E-02  0.54804E+03   -0.35000E-02 -0.35000E-02  0.70000E-02  0.00000E+00  0.00000E+00  0.00000E+00   -0.10610E+03 -0.80457E+02  0.18656E+03 -0.18070E+03  0.19359E+03  0.60980E+02      298.00
  0.37499E-02  0.55448E+03   -0.37500E-02 -0.37500E-02  0.75000E-02  0.00000E+00  0.00000E+00  0.00000E+00   -0.10750E+03 -0.81477E+02  0.18898E+03 -0.18275E+03  0.19576E+03  0.61706E+02      298.00
  0.40055E-02  0.56035E+03   -0.40000E-02 -0.40000E-02  0.80000E-02  0.00000E+00  0.00000E+00  0.00000E+00   -0.10879E+03 -0.82532E+02  0.19132E+03 -0.18454E+03  0.19766E+03  0.62596E+02      298.00
  0.42615E-02  0.56672E+03   -0.42500E-02 -0.42500E-02  0.85000E-02  0.00000E+00  0.00000E+00  0.00000E+00   -0.11026E+03 -0.83378E+02  0.19363E+03 -0.18661E+03  0.19982E+03  0.63315E+02      298.00
  0.45178E-02  0.57343E+03   -0.45000E-02 -0.45000E-02  0.90000E-02  0.00000E+00  0.00000E+00  0.00000E+00   -0.11132E+03 -0.84591E+02  0.19591E+03 -0.18881E+03  0.20226E+03  0.63947E+02      298.00
  0.47740E-02  0.57900E+03   -0.47500E-02 -0.47500E-02  0.95000E-02  0.00000E+00  0.00000E+00  0.00000E+00   -0.11293E+03 -0.85169E+02  0.19810E+03 -0.19054E+03  0.20399E+03  0.64838E+02      298.00
  0.50306E-02  0.58565E+03   -0.50000E-02 -0.50000E-02  0.10000E-01  0.00000E+00  0.00000E+00  0.00000E+00   -0.11377E+03 -0.86521E+02  0.20029E+03 -0.19272E+03  0.20647E+03  0.65476E+02      298.00
  0.52871E-02  0.59119E+03   -0.52500E-02 -0.52500E-02  0.10500E-01  0.00000E+00  0.00000E+00  0.00000E+00   -0.11525E+03 -0.87160E+02  0.20241E+03 -0.19446E+03  0.20823E+03  0.66358E+02      298.00
  0.55439E-02  0.59757E+03   -0.55000E-02 -0.55000E-02  0.11000E-01  0.00000E+00  0.00000E+00  0.00000E+00   -0.11645E+03 -0.88069E+02  0.20452E+03 -0.19658E+03  0.21053E+03  0.66999E+02      298.00
  0.58006E-02  0.60311E+03   -0.57500E-02 -0.57500E-02  0.11500E-01  0.00000E+00  0.00000E+00  0.00000E+00   -0.11770E+03 -0.88883E+02  0.20658E+03 -0.19831E+03  0.21236E+03  0.67885E+02      298.00
  0.60575E-02  0.60877E+03   -0.60000E-02 -0.60000E-02  0.12000E-01  0.00000E+00  0.00000E+00  0.00000E+00   -0.11856E+03 -0.90028E+02  0.20859E+03 -0.20008E+03  0.21436E+03  0.68682E+02      298.00
  0.63145E-02  0.61453E+03   -0.62500E-02 -0.62500E-02  0.12500E-01  0.00000E+00  0.00000E+00  0.00000E+00   -0.12012E+03 -0.90463E+02  0.21058E+03 -0.20200E+03  0.21630E+03  0.69399E+02      298.00
  0.65715E-02  0.62013E+03   -0.65000E-02 -0.65000E-02  0.13000E-01  0.00000E+00  0.00000E+00  0.00000E+00   -0.12083E+03 -0.91714E+02  0.21254E+03 -0.20374E+03  0.21830E+03  0.70212E+02      298.00
  0.68285E-02  0.62600E+03   -0.67500E-02 -0.67500E-02  0.13500E-01  0.00000E+00  0.00000E+00  0.00000E+00   -0.12240E+03 -0.92080E+02  0.21448E+03 -0.20575E+03  0.22034E+03  0.70817E+02      298.00
  0.70855E-02  0.63131E+03   -0.70000E-02 -0.70000E-02  0.14000E-01  0.00000E+00  0.00000E+00  0.00000E+00   -0.12337E+03 -0.93034E+02  0.21640E+03 -0.20739E+03  0.22214E+03  0.71688E+02      298.00
  0.73426E-02  0.63665E+03   -0.72500E-02 -0.72500E-02  0.14500E-01  0.00000E+00  0.00000E+00  0.00000E+00   -0.12444E+03 -0.93840E+02  0.21828E+03 -0.20909E+03  0.22399E+03  0.72461E+02      298.00
  0.75997E-02  0.64198E+03   -0.75000E-02 -0.75000E-02  0.15000E-01  0.00000E+00  0.00000E+00  0.00000E+00   -0.12546E+03 -0.94682E+02  0.22014E+03 -0.21079E+03  0.22584E+03  0.73225E+02      298.00
  0.78569E-02  0.64727E+03   -0.77500E-02 -0.77500E-02  0.15500E-01  0.00000E+00  0.00000E+00  0.00000E+00   -0.12645E+03 -0.95528E+02  0.22198E+03 -0.21247E+03  0.22769E+03  0.73985E+02      298.00
  0.81141E-02  0.65251E+03   -0.80000E-02 -0.80000E-02  0.16000E-01  0.00000E+00  0.00000E+00  0.00000E+00   -0.12742E+03 -0.96370E+02  0.22379E+03 -0.21414E+03  0.22952E+03  0.74735E+02      298.00
  0.83713E-02  0.65770E+03   -0.82500E-02 -0.82500E-02  0.16500E-01  0.00000E+00  0.00000E+00  0.00000E+00   -0.12839E+03 -0.97195E+02  0.22559E+03 -0.21580E+03  0.23133E+03  0.75477E+02      298.00
  0.86286E-02  0.66283E+03   -0.85000E-02 -0.85000E-02  0.17000E-01  0.00000E+00  0.00000E+00  0.00000E+00   -0.12935E+03 -0.98011E+02  0.22737E+03 -0.21743E+03  0.23312E+03  0.76210E+02      298.00
  0.88858E-02  0.66802E+03   -0.87500E-02 -0.87500E-02  0.17500E-01  0.00000E+00  0.00000E+00  0.00000E+00   -0.13045E+03 -0.98632E+02  0.22909E+03 -0.21916E+03  0.23496E+03  0.76806E+02      298.00
  0.91430E-02  0.67307E+03   -0.90000E-02 -0.90000E-02  0.18000E-01  0.00000E+00  0.00000E+00  0.00000E+00   -0.13153E+03 -0.99479E+02  0.23101E+03 -0.22067E+03  0.23658E+03  0.77847E+02      298.00
  0.94005E-02  0.67803E+03   -0.92500E-02 -0.92500E-02  0.18500E-01  0.00000E+00  0.00000E+00  0.00000E+00   -0.13259E+03 -0.10013E+03  0.23272E+03 -0.22227E+03  0.23830E+03  0.78525E+02      298.00
  0.96579E-02  0.68291E+03   -0.95000E-02 -0.95000E-02  0.19000E-01  0.00000E+00  0.00000E+00  0.00000E+00   -0.13361E+03 -0.10081E+03  0.23442E+03 -0.22384E+03  0.23998E+03  0.79227E+02      298.00
  0.99153E-02  0.68773E+03   -0.97500E-02 -0.97500E-02  0.19500E-01  0.00000E+00  0.00000E+00  0.00000E+00   -0.13460E+03 -0.10151E+03  0.23610E+03 -0.22538E+03  0.24165E+03  0.79925E+02      298.00
  0.10173E-01  0.69248E+03   -0.10000E-01 -0.10000E-01  0.20000E-01  0.00000E+00  0.00000E+00  0.00000E+00   -0.13557E+03 -0.10220E+03  0.23777E+03 -0.22689E+03  0.24328E+03  0.80617E+02      298.00
  0.10430E-01  0.69718E+03   -0.10250E-01 -0.10250E-01  0.20500E-01  0.00000E+00  0.00000E+00  0.00000E+00   -0.13653E+03 -0.10289E+03  0.23942E+03 -0.22839E+03  0.24490E+03  0.81304E+02      298.00
  0.10688E-01  0.70182E+03   -0.10500E-01 -0.10500E-01  0.21000E-01  0.00000E+00  0.00000E+00  0.00000E+00   -0.13748E+03 -0.10358E+03  0.24105E+03 -0.22986E+03  0.24650E+03  0.81985E+02      298.00
  0.10945E-01  0.70640E+03   -0.10750E-01 -0.10750E-01  0.21500E-01  0.00000E+00  0.00000E+00  0.00000E+00   -0.13841E+03 -0.10426E+03  0.24267E+03 -0.23131E+03  0.24807E+03  0.82659E+02      298.00
  0.11203E-01  0.71093E+03   -0.11000E-01 -0.11000E-01  0.22000E-01  0.00000E+00  0.00000E+00  0.00000E+00   -0.13934E+03 -0.10493E+03  0.24427E+03 -0.23275E+03  0.24962E+03  0.83327E+02      298.00
  0.11461E-01  0.71540E+03   -0.11250E-01 -0.11250E-01  0.22500E-01  0.00000E+00  0.00000E+00  0.00000E+00   -0.14026E+03 -0.10560E+03  0.24586E+03 -0.23416E+03  0.25115E+03  0.83988E+02      298.00
  0.11719E-01  0.71982E+03   -0.11500E-01 -0.11500E-01  0.23000E-01  0.00000E+00  0.00000E+00  0.00000E+00   -0.14117E+03 -0.10627E+03  0.24744E+03 -0.23556E+03  0.25266E+03  0.84643E+02      298.00
  0.11976E-01  0.72418E+03   -0.11750E-01 -0.11750E-01  0.23500E-01  0.00000E+00  0.00000E+00  0.00000E+00   -0.14207E+03 -0.10693E+03  0.24899E+03 -0.23693E+03  0.25415E+03  0.85292E+02      298.00
  0.12234E-01  0.72849E+03   -0.12000E-01 -0.12000E-01  0.24000E-01  0.00000E+00  0.00000E+00  0.00000E+00   -0.14296E+03 -0.10758E+03  0.25054E+03 -0.23829E+03  0.25562E+03  0.85934E+02      298.00
  0.12492E-01  0.73275E+03   -0.12250E-01 -0.12250E-01  0.24500E-01  0.00000E+00  0.00000E+00  0.00000E+00   -0.14385E+03 -0.10823E+03  0.25207E+03 -0.23963E+03  0.25707E+03  0.86570E+02      298.00
  0.12750E-01  0.73696E+03   -0.12500E-01 -0.12500E-01  0.25000E-01  0.00000E+00  0.00000E+00  0.00000E+00   -0.14472E+03 -0.10887E+03  0.25359E+03 -0.24095E+03  0.25850E+03  0.87199E+02      298.00
          Evm          Svm            E11          E22          E33          E23          E13          E12         SDEV11       SDEV22       SDEV33       SDEV23       SDEV13       SDEV12      TEMP
  0.12750E-01  0.73672E+03   -0.12500E-01 -0.12500E-01  0.25000E-01  0.00000E+00  0.00000E+00  0.00000E+00   -0.14456E+03 -0.10888E+03  0.25344E+03 -0.24090E+03  0.25849E+03  0.87029E+02      298.00
  0.13008E-01  0.74112E+03   -0.12750E-01 -0.12750E-01  0.25500E-01  0.00000E+00  0.00000E+00  0.00000E+00   -0.14559E+03 -0.10951E+03  0.25510E+03 -0.24225E+03  0.25991E+03  0.87831E+02      298.00
  0.13266E-01  0.74522E+03   -0.13000E-01 -0.13000E-01  0.26000E-01  0.00000E+00  0.00000E+00  0.00000E+00   -0.14645E+03 -0.11014E+03  0.25659E+03 -0.24354E+03  0.26131E+03  0.88437E+02      298.00
  0.13525E-01  0.74928E+03   -0.13250E-01 -0.13250E-01  0.26500E-01  0.00000E+00  0.00000E+00  0.00000E+00   -0.14731E+03 -0.11076E+03  0.25807E+03 -0.24480E+03  0.26268E+03  0.89048E+02      298.00
  0.13783E-01  0.75329E+03   -0.13500E-01 -0.13500E-01  0.27000E-01  0.00000E+00  0.00000E+00  0.00000E+00   -0.14815E+03 -0.11138E+03  0.25954E+03 -0.24605E+03  0.26403E+03  0.89651E+02      298.00
  0.14041E-01  0.75725E+03   -0.13750E-01 -0.13750E-01  0.27500E-01  0.00000E+00  0.00000E+00  0.00000E+00   -0.14899E+03 -0.11200E+03  0.26099E+03 -0.24728E+03  0.26536E+03  0.90248E+02      298.00
  0.14300E-01  0.76116E+03   -0.14000E-01 -0.14000E-01  0.28000E-01  0.00000E+00  0.00000E+00  0.00000E+00   -0.14982E+03 -0.11261E+03  0.26243E+03 -0.24850E+03  0.26668E+03  0.90839E+02      298.00
  0.14558E-01  0.76502E+03   -0.14250E-01 -0.14250E-01  0.28500E-01  0.00000E+00  0.00000E+00  0.00000E+00   -0.15065E+03 -0.11322E+03  0.26386E+03 -0.24970E+03  0.26797E+03  0.91424E+02      298.00
  0.14817E-01  0.76884E+03   -0.14500E-01 -0.14500E-01  0.29000E-01  0.00000E+00  0.00000E+00  0.00000E+00   -0.15147E+03 -0.11382E+03  0.26528E+03 -0.25088E+03  0.26925E+03  0.92003E+02      298.00
  0.15076E-01  0.77261E+03   -0.14750E-01 -0.14750E-01  0.29500E-01  0.00000E+00  0.00000E+00  0.00000E+00   -0.15228E+03 -0.11441E+03  0.26669E+03 -0.25205E+03  0.27051E+03  0.92575E+02      298.00
  0.15335E-01  0.77633E+03   -0.15000E-01 -0.15000E-01  0.30000E-01  0.00000E+00  0.00000E+00  0.00000E+00   -0.15308E+03 -0.11501E+03  0.26809E+03 -0.25320E+03  0.27175E+03  0.93142E+02      298.00
  0.15594E-01  0.78001E+03   -0.15250E-01 -0.15250E-01  0.30500E-01  0.00000E+00  0.00000E+00  0.00000E+00   -0.15388E+03 -0.11559E+03  0.26947E+03 -0.25433E+03  0.27298E+03  0.93702E+02      298.00
  0.15853E-01  0.78365E+03   -0.15500E-01 -0.15500E-01  0.31000E-01  0.00000E+00  0.00000E+00  0.00000E+00   -0.15467E+03 -0.11618E+03  0.27084E+03 -0.25545E+03  0.27419E+03  0.94257E+02      298.00
  0.16112E-01  0.78725E+03   -0.15750E-01 -0.15750E-01  0.31500E-01  0.00000E+00  0.00000E+00  0.00000E+00   -0.15545E+03 -0.11675E+03  0.27221E+03 -0.25655E+03  0.27538E+03  0.94803E+02      298.00
  0.16371E-01  0.79080E+03   -0.16000E-01 -0.16000E-01  0.32000E-01  0.00000E+00  0.00000E+00  0.00000E+00   -0.15623E+03 -0.11733E+03  0.27356E+03 -0.25764E+03  0.27655E+03  0.95346E+02      298.00
  0.16631E-01  0.79431E+03   -0.16250E-01 -0.16250E-01  0.32500E-01  0.00000E+00  0.00000E+00  0.00000E+00   -0.15700E+03 -0.11790E+03  0.27490E+03 -0.25871E+03  0.27771E+03  0.95883E+02      298.00
  0.16890E-01  0.79777E+03   -0.16500E-01 -0.16500E-01  0.33000E-01  0.00000E+00  0.00000E+00  0.00000E+00   -0.15777E+03 -0.11846E+03  0.27623E+03 -0.25977E+03  0.27885E+03  0.96414E+02      298.00
  0.17150E-01  0.80119E+03   -0.16750E-01 -0.16750E-01  0.33500E-01  0.00000E+00  0.00000E+00  0.00000E+00   -0.15853E+03 -0.11902E+03  0.27755E+03 -0.26081E+03  0.27997E+03  0.96940E+02      298.00
  0.17410E-01  0.80457E+03   -0.17000E-01 -0.17000E-01  0.34000E-01  0.00000E+00  0.00000E+00  0.00000E+00   -0.15928E+03 -0.11958E+03  0.27886E+03 -0.26183E+03  0.28108E+03  0.97460E+02      298.00
  0.17670E-01  0.80791E+03   -0.17250E-01 -0.17250E-01  0.34500E-01  0.00000E+00  0.00000E+00  0.00000E+00   -0.16003E+03 -0.12013E+03  0.28016E+03 -0.26284E+03  0.28217E+03  0.97975E+02      298.00
  0.17930E-01  0.81121E+03   -0.17500E-01 -0.17500E-01  0.35000E-01  0.00000E+00  0.00000E+00  0.00000E+00   -0.16077E+03 -0.12068E+03  0.28145E+03 -0.26384E+03  0.28325E+03  0.98484E+02      298.00
  0.18190E-01  0.81447E+03   -0.17750E-01 -0.17750E-01  0.35500E-01  0.00000E+00  0.00000E+00  0.00000E+00   -0.16150E+03 -0.12122E+03  0.28273E+03 -0.26482E+03  0.28431E+03  0.98987E+02      298.00
  0.18451E-01  0.81768E+03   -0.18000E-01 -0.18000E-01  0.36000E-01  0.00000E+00  0.00000E+00  0.00000E+00   -0.16223E+03 -0.12177E+03  0.28400E+03 -0.26579E+03  0.28535E+03  0.99486E+02      298.00
  0.18711E-01  0.82086E+03   -0.18250E-01 -0.18250E-01  0.36500E-01  0.00000E+00  0.00000E+00  0.00000E+00   -0.16296E+03 -0.12230E+03  0.28526E+03 -0.26675E+03  0.28638E+03  0.99979E+02      298.00
  0.18972E-01  0.82401E+03   -0.18500E-01 -0.18500E-01  0.37000E-01  0.00000E+00  0.00000E+00  0.00000E+00   -0.16367E+03 -0.12283E+03  0.28651E+03 -0.26769E+03  0.28740E+03  0.10047E+03      298.00
  0.19232E-01  0.82632E+03   -0.18750E-01 -0.18750E-01  0.37500E-01  0.00000E+00  0.00000E+00  0.00000E+00   -0.16440E+03 -0.12303E+03  0.28743E+03 -0.26843E+03  0.28814E+03  0.10067E+03      298.00
  0.19493E-01  0.82944E+03   -0.19000E-01 -0.19000E-01  0.38000E-01  0.00000E+00  0.00000E+00  0.00000E+00   -0.16513E+03 -0.12355E+03  0.28867E+03 -0.26937E+03  0.28914E+03  0.10114E+03      298.00
  0.19754E-01  0.83246E+03   -0.19250E-01 -0.19250E-01  0.38500E-01  0.00000E+00  0.00000E+00  0.00000E+00   -0.16579E+03 -0.12411E+03  0.28990E+03 -0.27026E+03  0.29012E+03  0.10162E+03      298.00
  0.20015E-01  0.83546E+03   -0.19500E-01 -0.19500E-01  0.39000E-01  0.00000E+00  0.00000E+00  0.00000E+00   -0.16643E+03 -0.12468E+03  0.29111E+03 -0.27113E+03  0.29108E+03  0.10210E+03      298.00
  0.20277E-01  0.83841E+03   -0.19750E-01 -0.19750E-01  0.39500E-01  0.00000E+00  0.00000E+00  0.00000E+00   -0.16705E+03 -0.12527E+03  0.29232E+03 -0.27200E+03  0.29203E+03  0.10257E+03      298.00
  0.20538E-01  0.84134E+03   -0.20000E-01 -0.20000E-01  0.40000E-01  0.00000E+00  0.00000E+00  0.00000E+00   -0.16766E+03 -0.12585E+03  0.29352E+03 -0.27285E+03  0.29297E+03  0.10304E+03      298.00
  0.20800E-01  0.84423E+03   -0.20250E-01 -0.20250E-01  0.40500E-01  0.00000E+00  0.00000E+00  0.00000E+00   -0.16826E+03 -0.12645E+03  0.29471E+03 -0.27368E+03  0.29390E+03  0.10351E+03      298.00
  0.21062E-01  0.84708E+03   -0.20500E-01 -0.20500E-01  0.41000E-01  0.00000E+00  0.00000E+00  0.00000E+00   -0.16884E+03 -0.12705E+03  0.29589E+03 -0.27451E+03  0.29482E+03  0.10397E+03      298.00
  0.21324E-01  0.84991E+03   -0.20750E-01 -0.20750E-01  0.41500E-01  0.00000E+00  0.00000E+00  0.00000E+00   -0.16940E+03 -0.12767E+03  0.29706E+03 -0.27532E+03  0.29573E+03  0.10443E+03      298.00
  0.21586E-01  0.85338E+03   -0.21000E-01 -0.21000E-01  0.42000E-01  0.00000E+00  0.00000E+00  0.00000E+00   -0.17040E+03 -0.12812E+03  0.29852E+03 -0.27634E+03  0.29675E+03  0.10511E+03      298.00
  0.21848E-01  0.85540E+03   -0.21250E-01 -0.21250E-01  0.42500E-01  0.00000E+00  0.00000E+00  0.00000E+00   -0.17069E+03 -0.12869E+03  0.29938E+03 -0.27690E+03  0.29745E+03  0.10532E+03      298.00
  0.22111E-01  0.85884E+03   -0.21500E-01 -0.21500E-01  0.43000E-01  0.00000E+00  0.00000E+00  0.00000E+00   -0.17170E+03 -0.12911E+03  0.30082E+03 -0.27792E+03  0.29846E+03  0.10597E+03      298.00
  0.22373E-01  0.86080E+03   -0.21750E-01 -0.21750E-01  0.43500E-01  0.00000E+00  0.00000E+00  0.00000E+00   -0.17197E+03 -0.12970E+03  0.30166E+03 -0.27846E+03  0.29913E+03  0.10618E+03      298.00
  0.22636E-01  0.86417E+03   -0.22000E-01 -0.22000E-01  0.44000E-01  0.00000E+00  0.00000E+00  0.00000E+00   -0.17299E+03 -0.13009E+03  0.30308E+03 -0.27946E+03  0.30011E+03  0.10682E+03      298.00
  0.22899E-01  0.86682E+03   -0.22250E-01 -0.22250E-01  0.44500E-01  0.00000E+00  0.00000E+00  0.00000E+00   -0.17366E+03 -0.13054E+03  0.30420E+03 -0.28024E+03  0.30093E+03  0.10722E+03      298.00
  0.23163E-01  0.86864E+03   -0.22500E-01 -0.22500E-01  0.45000E-01  0.00000E+00  0.00000E+00  0.00000E+00   -0.17395E+03 -0.13108E+03  0.30503E+03 -0.28073E+03  0.30153E+03  0.10743E+03      298.00
  0.23426E-01  0.87194E+03   -0.22750E-01 -0.22750E-01  0.45500E-01  0.00000E+00  0.00000E+00  0.00000E+00   -0.17490E+03 -0.13151E+03  0.30642E+03 -0.28170E+03  0.30250E+03  0.10806E+03      298.00
  0.23689E-01  0.87373E+03   -0.23000E-01 -0.23000E-01  0.46000E-01  0.00000E+00  0.00000E+00  0.00000E+00   -0.17516E+03 -0.13207E+03  0.30723E+03 -0.28217E+03  0.30310E+03  0.10826E+03      298.00
  0.23953E-01  0.87695E+03   -0.23250E-01 -0.23250E-01  0.46500E-01  0.00000E+00  0.00000E+00  0.00000E+00   -0.17613E+03 -0.13247E+03  0.30860E+03 -0.28312E+03  0.30403E+03  0.10886E+03      298.00
  0.24217E-01  0.87946E+03   -0.23500E-01 -0.23500E-01  0.47000E-01  0.00000E+00  0.00000E+00  0.00000E+00   -0.17679E+03 -0.13289E+03  0.30969E+03 -0.28385E+03  0.30479E+03  0.10924E+03      298.00
  0.24481E-01  0.88111E+03   -0.23750E-01 -0.23750E-01  0.47500E-01  0.00000E+00  0.00000E+00  0.00000E+00   -0.17709E+03 -0.13338E+03  0.31048E+03 -0.28427E+03  0.30532E+03  0.10944E+03      298.00
  0.24746E-01  0.88426E+03   -0.24000E-01 -0.24000E-01  0.48000E-01  0.00000E+00  0.00000E+00  0.00000E+00   -0.17799E+03 -0.13384E+03  0.31183E+03 -0.28519E+03  0.30624E+03  0.11003E+03      298.00
  0.25010E-01  0.88590E+03   -0.24250E-01 -0.24250E-01  0.48500E-01  0.00000E+00  0.00000E+00  0.00000E+00   -0.17823E+03 -0.13437E+03  0.31261E+03 -0.28561E+03  0.30677E+03  0.11022E+03      298.00
  0.25275E-01  0.88898E+03   -0.24500E-01 -0.24500E-01  0.49000E-01  0.00000E+00  0.00000E+00  0.00000E+00   -0.17917E+03 -0.13477E+03  0.31394E+03 -0.28651E+03  0.30765E+03  0.11080E+03      298.00
  0.25539E-01  0.89134E+03   -0.24750E-01 -0.24750E-01  0.49500E-01  0.00000E+00  0.00000E+00  0.00000E+00   -0.17981E+03 -0.13518E+03  0.31499E+03 -0.28719E+03  0.30836E+03  0.11116E+03      298.00
  0.25805E-01  0.89284E+03   -0.25000E-01 -0.25000E-01  0.50000E-01  0.00000E+00  0.00000E+00  0.00000E+00   -0.18015E+03 -0.13559E+03  0.31574E+03 -0.28756E+03  0.30881E+03  0.11134E+03      298.00
          Evm          Svm            E11          E22          E33          E23          E13          E12         SDEV11       SDEV22       SDEV33       SDEV23       SDEV13       SDEV12      TEMP
  0.25805E-01  0.89334E+03   -0.25000E-01 -0.25000E-01  0.50000E-01  0.00000E+00  0.00000E+00  0.00000E+00   -0.18042E+03 -0.13549E+03  0.31591E+03 -0.28776E+03  0.30895E+03  0.11142E+03      298.00
  0.26070E-01  0.89511E+03   -0.25250E-01 -0.25250E-01  0.50500E-01  0.00000E+00  0.00000E+00  0.00000E+00   -0.18077E+03 -0.13601E+03  0.31677E+03 -0.28820E+03  0.30948E+03  0.11170E+03      298.00
  0.26335E-01  0.89731E+03   -0.25500E-01 -0.25500E-01  0.51000E-01  0.00000E+00  0.00000E+00  0.00000E+00   -0.18142E+03 -0.13654E+03  0.31795E+03 -0.28869E+03  0.30999E+03  0.11235E+03      298.00
  0.26601E-01  0.89954E+03   -0.25750E-01 -0.25750E-01  0.51500E-01  0.00000E+00  0.00000E+00  0.00000E+00   -0.18202E+03 -0.13679E+03  0.31881E+03 -0.28943E+03  0.31076E+03  0.11242E+03      298.00
  0.26867E-01  0.90173E+03   -0.26000E-01 -0.26000E-01  0.52000E-01  0.00000E+00  0.00000E+00  0.00000E+00   -0.18258E+03 -0.13740E+03  0.31999E+03 -0.28992E+03  0.31129E+03  0.11306E+03      298.00
  0.27133E-01  0.90387E+03   -0.26250E-01 -0.26250E-01  0.52500E-01  0.00000E+00  0.00000E+00  0.00000E+00   -0.18324E+03 -0.13759E+03  0.32083E+03 -0.29063E+03  0.31200E+03  0.11313E+03      298.00
  0.27399E-01  0.90604E+03   -0.26500E-01 -0.26500E-01  0.53000E-01  0.00000E+00  0.00000E+00  0.00000E+00   -0.18375E+03 -0.13825E+03  0.32199E+03 -0.29110E+03  0.31254E+03  0.11376E+03      298.00
  0.27666E-01  0.90811E+03   -0.26750E-01 -0.26750E-01  0.53500E-01  0.00000E+00  0.00000E+00  0.00000E+00   -0.18441E+03 -0.13841E+03  0.32282E+03 -0.29179E+03  0.31322E+03  0.11382E+03      298.00
  0.27932E-01  0.91035E+03   -0.27000E-01 -0.27000E-01  0.54000E-01  0.00000E+00  0.00000E+00  0.00000E+00   -0.18455E+03 -0.13928E+03  0.32384E+03 -0.29234E+03  0.31397E+03  0.11418E+03      298.00
  0.28199E-01  0.91231E+03   -0.27250E-01 -0.27250E-01  0.54500E-01  0.00000E+00  0.00000E+00  0.00000E+00   -0.18581E+03 -0.13914E+03  0.32495E+03 -0.29286E+03  0.31428E+03  0.11472E+03      298.00
  0.28466E-01  0.91512E+03   -0.27500E-01 -0.27500E-01  0.55000E-01  0.00000E+00  0.00000E+00  0.00000E+00   -0.18653E+03 -0.13953E+03  0.32605E+03 -0.29375E+03  0.31520E+03  0.11500E+03      298.00
  0.28733E-01  0.91640E+03   -0.27750E-01 -0.27750E-01  0.55500E-01  0.00000E+00  0.00000E+00  0.00000E+00   -0.18679E+03 -0.13997E+03  0.32675E+03 -0.29404E+03  0.31557E+03  0.11516E+03      298.00
  0.29001E-01  0.91908E+03   -0.28000E-01 -0.28000E-01  0.56000E-01  0.00000E+00  0.00000E+00  0.00000E+00   -0.18762E+03 -0.14036E+03  0.32797E+03 -0.29480E+03  0.31631E+03  0.11566E+03      298.00
  0.29268E-01  0.92111E+03   -0.28250E-01 -0.28250E-01  0.56500E-01  0.00000E+00  0.00000E+00  0.00000E+00   -0.18808E+03 -0.14087E+03  0.32895E+03 -0.29532E+03  0.31690E+03  0.11601E+03      298.00
  0.29536E-01  0.92228E+03   -0.28500E-01 -0.28500E-01  0.57000E-01  0.00000E+00  0.00000E+00  0.00000E+00   -0.18860E+03 -0.14117E+03  0.32977E+03 -0.29552E+03  0.31707E+03  0.11639E+03      298.00
  0.29804E-01  0.92402E+03   -0.28750E-01 -0.28750E-01  0.57500E-01  0.00000E+00  0.00000E+00  0.00000E+00   -0.18854E+03 -0.14198E+03  0.33053E+03 -0.29597E+03  0.31774E+03  0.11649E+03      298.00
  0.30073E-01  0.92619E+03   -0.29000E-01 -0.29000E-01  0.58000E-01  0.00000E+00  0.00000E+00  0.00000E+00   -0.18967E+03 -0.14200E+03  0.33167E+03 -0.29655E+03  0.31817E+03  0.11702E+03      298.00
  0.30341E-01  0.92774E+03   -0.29250E-01 -0.29250E-01  0.58500E-01  0.00000E+00  0.00000E+00  0.00000E+00   -0.18989E+03 -0.14250E+03  0.33239E+03 -0.29698E+03  0.31869E+03  0.11710E+03      298.00
  0.30610E-01  0.92992E+03   -0.29500E-01 -0.29500E-01  0.59000E-01  0.00000E+00  0.00000E+00  0.00000E+00   -0.19075E+03 -0.14278E+03  0.33353E+03 -0.29753E+03  0.31919E+03  0.11763E+03      298.00
  0.30879E-01  0.93162E+03   -0.29750E-01 -0.29750E-01  0.59500E-01  0.00000E+00  0.00000E+00  0.00000E+00   -0.19119E+03 -0.14324E+03  0.33443E+03 -0.29793E+03  0.31964E+03  0.11795E+03      298.00
  0.31148E-01  0.93329E+03   -0.30000E-01 -0.30000E-01  0.60000E-01  0.00000E+00  0.00000E+00  0.00000E+00   -0.19126E+03 -0.14392E+03  0.33518E+03 -0.29838E+03  0.32025E+03  0.11806E+03      298.00
  0.31418E-01  0.93527E+03   -0.30250E-01 -0.30250E-01  0.60500E-01  0.00000E+00  0.00000E+00  0.00000E+00   -0.19197E+03 -0.14416E+03  0.33613E+03 -0.29894E+03  0.32078E+03  0.11833E+03      298.00
  0.31687E-01  0.93711E+03   -0.30500E-01 -0.30500E-01  0.61000E-01  0.00000E+00  0.00000E+00  0.00000E+00   -0.19281E+03 -0.14438E+03  0.33719E+03 -0.29937E+03  0.32113E+03  0.11884E+03      298.00
  0.31957E-01  0.93871E+03   -0.30750E-01 -0.30750E-01  0.61500E-01  0.00000E+00  0.00000E+00  0.00000E+00   -0.19307E+03 -0.14486E+03  0.33792E+03 -0.29981E+03  0.32167E+03  0.11892E+03      298.00
  0.32227E-01  0.94059E+03   -0.31000E-01 -0.31000E-01  0.62000E-01  0.00000E+00  0.00000E+00  0.00000E+00   -0.19381E+03 -0.14517E+03  0.33898E+03 -0.30024E+03  0.32206E+03  0.11943E+03      298.00
  0.32497E-01  0.94211E+03   -0.31250E-01 -0.31250E-01  0.62500E-01  0.00000E+00  0.00000E+00  0.00000E+00   -0.19406E+03 -0.14564E+03  0.33970E+03 -0.30066E+03  0.32256E+03  0.11950E+03      298.00
  0.32768E-01  0.94398E+03   -0.31500E-01 -0.31500E-01  0.63000E-01  0.00000E+00  0.00000E+00  0.00000E+00   -0.19481E+03 -0.14595E+03  0.34076E+03 -0.30109E+03  0.32294E+03  0.12001E+03      298.00
  0.33038E-01  0.94542E+03   -0.31750E-01 -0.31750E-01  0.63500E-01  0.00000E+00  0.00000E+00  0.00000E+00   -0.19509E+03 -0.14637E+03  0.34146E+03 -0.30148E+03  0.32341E+03  0.12007E+03      298.00
  0.33309E-01  0.94729E+03   -0.32000E-01 -0.32000E-01  0.64000E-01  0.00000E+00  0.00000E+00  0.00000E+00   -0.19580E+03 -0.14672E+03  0.34252E+03 -0.30190E+03  0.32380E+03  0.12057E+03      298.00
  0.33581E-01  0.94867E+03   -0.32250E-01 -0.32250E-01  0.64500E-01  0.00000E+00  0.00000E+00  0.00000E+00   -0.19616E+03 -0.14704E+03  0.34320E+03 -0.30229E+03  0.32422E+03  0.12062E+03      298.00
  0.33852E-01  0.95052E+03   -0.32500E-01 -0.32500E-01  0.65000E-01  0.00000E+00  0.00000E+00  0.00000E+00   -0.19678E+03 -0.14747E+03  0.34425E+03 -0.30269E+03  0.32462E+03  0.12112E+03      298.00
  0.34123E-01  0.95184E+03   -0.32750E-01 -0.32750E-01  0.65500E-01  0.00000E+00  0.00000E+00  0.00000E+00   -0.19724E+03 -0.14769E+03  0.34492E+03 -0.30307E+03  0.32500E+03  0.12116E+03      298.00
  0.34395E-01  0.95368E+03   -0.33000E-01 -0.33000E-01  0.66000E-01  0.00000E+00  0.00000E+00  0.00000E+00   -0.19776E+03 -0.14821E+03  0.34597E+03 -0.30345E+03  0.32541E+03  0.12167E+03      298.00
  0.34667E-01  0.95513E+03   -0.33250E-01 -0.33250E-01  0.66500E-01  0.00000E+00  0.00000E+00  0.00000E+00   -0.19814E+03 -0.14866E+03  0.34681E+03 -0.30377E+03  0.32576E+03  0.12195E+03      298.00
  0.34940E-01  0.95655E+03   -0.33500E-01 -0.33500E-01  0.67000E-01  0.00000E+00  0.00000E+00  0.00000E+00   -0.19846E+03 -0.14905E+03  0.34751E+03 -0.30416E+03  0.32622E+03  0.12201E+03      298.00
  0.35212E-01  0.95805E+03   -0.33750E-01 -0.33750E-01  0.67500E-01  0.00000E+00  0.00000E+00  0.00000E+00   -0.19922E+03 -0.14911E+03  0.34834E+03 -0.30457E+03  0.32653E+03  0.12223E+03      298.00
  0.35485E-01  0.95976E+03   -0.34000E-01 -0.34000E-01  0.68000E-01  0.00000E+00  0.00000E+00  0.00000E+00   -0.19966E+03 -0.14969E+03  0.34935E+03 -0.30489E+03  0.32690E+03  0.12273E+03      298.00
  0.35758E-01  0.96116E+03   -0.34250E-01 -0.34250E-01  0.68500E-01  0.00000E+00  0.00000E+00  0.00000E+00   -0.20005E+03 -0.15012E+03  0.35017E+03 -0.30519E+03  0.32723E+03  0.12300E+03      298.00
  0.36031E-01  0.96246E+03   -0.34500E-01 -0.34500E-01  0.69000E-01  0.00000E+00  0.00000E+00  0.00000E+00   -0.20033E+03 -0.15051E+03  0.35084E+03 -0.30553E+03  0.32764E+03  0.12306E+03      298.00
  0.36304E-01  0.96412E+03   -0.34750E-01 -0.34750E-01  0.69500E-01  0.00000E+00  0.00000E+00  0.00000E+00   -0.20097E+03 -0.15086E+03  0.35183E+03 -0.30588E+03  0.32795E+03  0.12350E+03      298.00
  0.36578E-01  0.96531E+03   -0.35000E-01 -0.35000E-01  0.70000E-01  0.00000E+00  0.00000E+00  0.00000E+00   -0.20129E+03 -0.15120E+03  0.35249E+03 -0.30618E+03  0.32830E+03  0.12356E+03      298.00
  0.36852E-01  0.96696E+03   -0.35250E-01 -0.35250E-01  0.70500E-01  0.00000E+00  0.00000E+00  0.00000E+00   -0.20191E+03 -0.15156E+03  0.35347E+03 -0.30653E+03  0.32862E+03  0.12400E+03      298.00
  0.37126E-01  0.96810E+03   -0.35500E-01 -0.35500E-01  0.71000E-01  0.00000E+00  0.00000E+00  0.00000E+00   -0.20226E+03 -0.15185E+03  0.35411E+03 -0.30682E+03  0.32893E+03  0.12405E+03      298.00
  0.37401E-01  0.96973E+03   -0.35750E-01 -0.35750E-01  0.71500E-01  0.00000E+00  0.00000E+00  0.00000E+00   -0.20284E+03 -0.15226E+03  0.35510E+03 -0.30716E+03  0.32925E+03  0.12450E+03      298.00
  0.37675E-01  0.97082E+03   -0.36000E-01 -0.36000E-01  0.72000E-01  0.00000E+00  0.00000E+00  0.00000E+00   -0.20324E+03 -0.15249E+03  0.35572E+03 -0.30743E+03  0.32954E+03  0.12453E+03      298.00
  0.37950E-01  0.97244E+03   -0.36250E-01 -0.36250E-01  0.72500E-01  0.00000E+00  0.00000E+00  0.00000E+00   -0.20375E+03 -0.15295E+03  0.35670E+03 -0.30775E+03  0.32986E+03  0.12498E+03      298.00
  0.38225E-01  0.97349E+03   -0.36500E-01 -0.36500E-01  0.73000E-01  0.00000E+00  0.00000E+00  0.00000E+00   -0.20420E+03 -0.15312E+03  0.35732E+03 -0.30803E+03  0.33012E+03  0.12501E+03      298.00
  0.38500E-01  0.97509E+03   -0.36750E-01 -0.36750E-01  0.73500E-01  0.00000E+00  0.00000E+00  0.00000E+00   -0.20465E+03 -0.15364E+03  0.35829E+03 -0.30833E+03  0.33045E+03  0.12545E+03      298.00
  0.38776E-01  0.97609E+03   -0.37000E-01 -0.37000E-01  0.74000E-01  0.00000E+00  0.00000E+00  0.00000E+00   -0.20514E+03 -0.15376E+03  0.35890E+03 -0.30859E+03  0.33067E+03  0.12548E+03      298.00
  0.39052E-01  0.97767E+03   -0.37250E-01 -0.37250E-01  0.74500E-01  0.00000E+00  0.00000E+00  0.00000E+00   -0.20555E+03 -0.15432E+03  0.35987E+03 -0.30888E+03  0.33101E+03  0.12592E+03      298.00
  0.39328E-01  0.97864E+03   -0.37500E-01 -0.37500E-01  0.75000E-01  0.00000E+00  0.00000E+00  0.00000E+00   -0.20607E+03 -0.15440E+03  0.36047E+03 -0.30914E+03  0.33121E+03  0.12594E+03      298.00
          Evm          Svm            E11          E22          E33          E23          E13          E12         SDEV11       SDEV22       SDEV33       SDEV23       SDEV13       SDEV12      TEMP
  0.39328E-01  0.97906E+03   -0.37500E-01 -0.37500E-01  0.75000E-01  0.00000E+00  0.00000E+00  0.00000E+00   -0.20576E+03 -0.15486E+03  0.36062E+03 -0.30920E+03  0.33141E+03  0.12608E+03      298.00
  0.39604E-01  0.97991E+03   -0.37750E-01 -0.37750E-01  0.75500E-01  0.00000E+00  0.00000E+00  0.00000E+00   -0.20647E+03 -0.15478E+03  0.36125E+03 -0.30940E+03  0.33149E+03  0.12617E+03      298.00
  0.39881E-01  0.98143E+03   -0.38000E-01 -0.38000E-01  0.76000E-01  0.00000E+00  0.00000E+00  0.00000E+00   -0.20686E+03 -0.15534E+03  0.36220E+03 -0.30967E+03  0.33180E+03  0.12661E+03      298.00
  0.40157E-01  0.98236E+03   -0.38250E-01 -0.38250E-01  0.76500E-01  0.00000E+00  0.00000E+00  0.00000E+00   -0.20740E+03 -0.15540E+03  0.36279E+03 -0.30991E+03  0.33198E+03  0.12662E+03      298.00
  0.40434E-01  0.98331E+03   -0.38500E-01 -0.38500E-01  0.77000E-01  0.00000E+00  0.00000E+00  0.00000E+00   -0.20776E+03 -0.15581E+03  0.36357E+03 -0.30999E+03  0.33207E+03  0.12697E+03      298.00
  0.40712E-01  0.98503E+03   -0.38750E-01 -0.38750E-01  0.77500E-01  0.00000E+00  0.00000E+00  0.00000E+00   -0.20813E+03 -0.15637E+03  0.36450E+03 -0.31038E+03  0.33252E+03  0.12729E+03      298.00
  0.40989E-01  0.98595E+03   -0.39000E-01 -0.39000E-01  0.78000E-01  0.00000E+00  0.00000E+00  0.00000E+00   -0.20855E+03 -0.15654E+03  0.36509E+03 -0.31060E+03  0.33273E+03  0.12731E+03      298.00
  0.41267E-01  0.98686E+03   -0.39250E-01 -0.39250E-01  0.78500E-01  0.00000E+00  0.00000E+00  0.00000E+00   -0.20898E+03 -0.15687E+03  0.36585E+03 -0.31069E+03  0.33279E+03  0.12764E+03      298.00
  0.41545E-01  0.98827E+03   -0.39500E-01 -0.39500E-01  0.79000E-01  0.00000E+00  0.00000E+00  0.00000E+00   -0.20949E+03 -0.15710E+03  0.36659E+03 -0.31108E+03  0.33316E+03  0.12772E+03      298.00
  0.41823E-01  0.98918E+03   -0.39750E-01 -0.39750E-01  0.79500E-01  0.00000E+00  0.00000E+00  0.00000E+00   -0.20986E+03 -0.15750E+03  0.36736E+03 -0.31115E+03  0.33323E+03  0.12806E+03      298.00
  0.42102E-01  0.99054E+03   -0.40000E-01 -0.40000E-01  0.80000E-01  0.00000E+00  0.00000E+00  0.00000E+00   -0.21041E+03 -0.15768E+03  0.36809E+03 -0.31153E+03  0.33358E+03  0.12814E+03      298.00
  0.42380E-01  0.99145E+03   -0.40250E-01 -0.40250E-01  0.80500E-01  0.00000E+00  0.00000E+00  0.00000E+00   -0.21072E+03 -0.15813E+03  0.36885E+03 -0.31159E+03  0.33366E+03  0.12849E+03      298.00
  0.42659E-01  0.99243E+03   -0.40500E-01 -0.40500E-01  0.81000E-01  0.00000E+00  0.00000E+00  0.00000E+00   -0.21108E+03 -0.15849E+03  0.36957E+03 -0.31174E+03  0.33382E+03  0.12870E+03      298.00
  0.42939E-01  0.99385E+03   -0.40750E-01 -0.40750E-01  0.81500E-01  0.00000E+00  0.00000E+00  0.00000E+00   -0.21161E+03 -0.15871E+03  0.37031E+03 -0.31214E+03  0.33419E+03  0.12878E+03      298.00
  0.43218E-01  0.99473E+03   -0.41000E-01 -0.41000E-01  0.82000E-01  0.00000E+00  0.00000E+00  0.00000E+00   -0.21194E+03 -0.15913E+03  0.37107E+03 -0.31219E+03  0.33426E+03  0.12911E+03      298.00
  0.43498E-01  0.99600E+03   -0.41250E-01 -0.41250E-01  0.82500E-01  0.00000E+00  0.00000E+00  0.00000E+00   -0.21249E+03 -0.15929E+03  0.37178E+03 -0.31254E+03  0.33456E+03  0.12919E+03      298.00
  0.43778E-01  0.99687E+03   -0.41500E-01 -0.41500E-01  0.83000E-01  0.00000E+00  0.00000E+00  0.00000E+00   -0.21278E+03 -0.15975E+03  0.37253E+03 -0.31258E+03  0.33463E+03  0.12952E+03      298.00
  0.44058E-01  0.99781E+03   -0.41750E-01 -0.41750E-01  0.83500E-01  0.00000E+00  0.00000E+00  0.00000E+00   -0.21313E+03 -0.16010E+03  0.37323E+03 -0.31272E+03  0.33477E+03  0.12972E+03      298.00
  0.44339E-01  0.99912E+03   -0.42000E-01 -0.42000E-01  0.84000E-01  0.00000E+00  0.00000E+00  0.00000E+00   -0.21367E+03 -0.16029E+03  0.37396E+03 -0.31308E+03  0.33510E+03  0.12980E+03      298.00
  0.44619E-01  0.99997E+03   -0.42250E-01 -0.42250E-01  0.84500E-01  0.00000E+00  0.00000E+00  0.00000E+00   -0.21397E+03 -0.16073E+03  0.37470E+03 -0.31312E+03  0.33516E+03  0.13012E+03      298.00
  0.44900E-01  0.10012E+04   -0.42500E-01 -0.42500E-01  0.85000E-01  0.00000E+00  0.00000E+00  0.00000E+00   -0.21452E+03 -0.16087E+03  0.37539E+03 -0.31343E+03  0.33541E+03  0.13019E+03      298.00
  0.45182E-01  0.10020E+04   -0.42750E-01 -0.42750E-01  0.85500E-01  0.00000E+00  0.00000E+00  0.00000E+00   -0.21479E+03 -0.16134E+03  0.37613E+03 -0.31347E+03  0.33548E+03  0.13051E+03      298.00
  0.45463E-01  0.10031E+04   -0.43000E-01 -0.43000E-01  0.86000E-01  0.00000E+00  0.00000E+00  0.00000E+00   -0.21536E+03 -0.16146E+03  0.37682E+03 -0.31377E+03  0.33572E+03  0.13058E+03      298.00
  0.45745E-01  0.10040E+04   -0.43250E-01 -0.43250E-01  0.86500E-01  0.00000E+00  0.00000E+00  0.00000E+00   -0.21560E+03 -0.16195E+03  0.37755E+03 -0.31379E+03  0.33579E+03  0.13089E+03      298.00
  0.46027E-01  0.10048E+04   -0.43500E-01 -0.43500E-01  0.87000E-01  0.00000E+00  0.00000E+00  0.00000E+00   -0.21595E+03 -0.16229E+03  0.37824E+03 -0.31390E+03  0.33589E+03  0.13109E+03      298.00
  0.46309E-01  0.10060E+04   -0.43750E-01 -0.43750E-01  0.87500E-01  0.00000E+00  0.00000E+00  0.00000E+00   -0.21650E+03 -0.16243E+03  0.37893E+03 -0.31422E+03  0.33615E+03  0.13115E+03      298.00
  0.46592E-01  0.10068E+04   -0.44000E-01 -0.44000E-01  0.88000E-01  0.00000E+00  0.00000E+00  0.00000E+00   -0.21676E+03 -0.16290E+03  0.37966E+03 -0.31424E+03  0.33621E+03  0.13146E+03      298.00
  0.46875E-01  0.10079E+04   -0.44250E-01 -0.44250E-01  0.88500E-01  0.00000E+00  0.00000E+00  0.00000E+00   -0.21732E+03 -0.16301E+03  0.38033E+03 -0.31451E+03  0.33641E+03  0.13153E+03      298.00
  0.47158E-01  0.10087E+04   -0.44500E-01 -0.44500E-01  0.89000E-01  0.00000E+00  0.00000E+00  0.00000E+00   -0.21755E+03 -0.16350E+03  0.38106E+03 -0.31453E+03  0.33647E+03  0.13183E+03      298.00
  0.47441E-01  0.10097E+04   -0.44750E-01 -0.44750E-01  0.89500E-01  0.00000E+00  0.00000E+00  0.00000E+00   -0.21812E+03 -0.16360E+03  0.38172E+03 -0.31478E+03  0.33665E+03  0.13189E+03      298.00
  0.47724E-01  0.10105E+04   -0.45000E-01 -0.45000E-01  0.90000E-01  0.00000E+00  0.00000E+00  0.00000E+00   -0.21834E+03 -0.16410E+03  0.38244E+03 -0.31479E+03  0.33671E+03  0.13219E+03      298.00
  0.48008E-01  0.10115E+04   -0.45250E-01 -0.45250E-01  0.90500E-01  0.00000E+00  0.00000E+00  0.00000E+00   -0.21891E+03 -0.16419E+03  0.38309E+03 -0.31504E+03  0.33688E+03  0.13226E+03      298.00
  0.48292E-01  0.10123E+04   -0.45500E-01 -0.45500E-01  0.91000E-01  0.00000E+00  0.00000E+00  0.00000E+00   -0.21911E+03 -0.16470E+03  0.38381E+03 -0.31505E+03  0.33694E+03  0.13255E+03      298.00
  0.48577E-01  0.10133E+04   -0.45750E-01 -0.45750E-01  0.91500E-01  0.00000E+00  0.00000E+00  0.00000E+00   -0.21968E+03 -0.16478E+03  0.38446E+03 -0.31529E+03  0.33709E+03  0.13262E+03      298.00
  0.48861E-01  0.10138E+04   -0.46000E-01 -0.46000E-01  0.92000E-01  0.00000E+00  0.00000E+00  0.00000E+00   -0.21996E+03 -0.16512E+03  0.38508E+03 -0.31527E+03  0.33707E+03  0.13282E+03      298.00
  0.49146E-01  0.10148E+04   -0.46250E-01 -0.46250E-01  0.92500E-01  0.00000E+00  0.00000E+00  0.00000E+00   -0.22025E+03 -0.16559E+03  0.38584E+03 -0.31538E+03  0.33722E+03  0.13309E+03      298.00
  0.49431E-01  0.10158E+04   -0.46500E-01 -0.46500E-01  0.93000E-01  0.00000E+00  0.00000E+00  0.00000E+00   -0.22083E+03 -0.16566E+03  0.38649E+03 -0.31562E+03  0.33738E+03  0.13314E+03      298.00
  0.49717E-01  0.10164E+04   -0.46750E-01 -0.46750E-01  0.93500E-01  0.00000E+00  0.00000E+00  0.00000E+00   -0.22110E+03 -0.16601E+03  0.38711E+03 -0.31560E+03  0.33736E+03  0.13335E+03      298.00
  0.50002E-01  0.10171E+04   -0.47000E-01 -0.47000E-01  0.94000E-01  0.00000E+00  0.00000E+00  0.00000E+00   -0.22146E+03 -0.16631E+03  0.38776E+03 -0.31567E+03  0.33742E+03  0.13351E+03      298.00
  0.50288E-01  0.10180E+04   -0.47250E-01 -0.47250E-01  0.94500E-01  0.00000E+00  0.00000E+00  0.00000E+00   -0.22183E+03 -0.16660E+03  0.38843E+03 -0.31578E+03  0.33750E+03  0.13368E+03      298.00
  0.50574E-01  0.10188E+04   -0.47500E-01 -0.47500E-01  0.95000E-01  0.00000E+00  0.00000E+00  0.00000E+00   -0.22221E+03 -0.16689E+03  0.38910E+03 -0.31587E+03  0.33758E+03  0.13385E+03      298.00
  0.50861E-01  0.10196E+04   -0.47750E-01 -0.47750E-01  0.95500E-01  0.00000E+00  0.00000E+00  0.00000E+00   -0.22258E+03 -0.16719E+03  0.38976E+03 -0.31597E+03  0.33766E+03  0.13402E+03      298.00
  0.51148E-01  0.10204E+04   -0.48000E-01 -0.48000E-01  0.96000E-01  0.00000E+00  0.00000E+00  0.00000E+00   -0.22295E+03 -0.16748E+03  0.39043E+03 -0.31606E+03  0.33773E+03  0.13419E+03      298.00
  0.51435E-01  0.10212E+04   -0.48250E-01 -0.48250E-01  0.96500E-01  0.00000E+00  0.00000E+00  0.00000E+00   -0.22332E+03 -0.16776E+03  0.39109E+03 -0.31614E+03  0.33780E+03  0.13435E+03      298.00
  0.51722E-01  0.10219E+04   -0.48500E-01 -0.48500E-01  0.97000E-01  0.00000E+00  0.00000E+00  0.00000E+00   -0.22369E+03 -0.16805E+03  0.39174E+03 -0.31622E+03  0.33786E+03  0.13452E+03      298.00
  0.52009E-01  0.10227E+04   -0.48750E-01 -0.48750E-01  0.97500E-01  0.00000E+00  0.00000E+00  0.00000E+00   -0.22406E+03 -0.16834E+03  0.39240E+03 -0.31630E+03  0.33792E+03  0.13468E+03      298.00
  0.52297E-01  0.10235E+04   -0.49000E-01 -0.49000E-01  0.98000E-01  0.00000E+00  0.00000E+00  0.00000E+00   -0.22443E+03 -0.16863E+03  0.39305E+03 -0.31638E+03  0.33798E+03  0.13485E+03      298.00
  0.52585E-01  0.10242E+04   -0.49250E-01 -0.49250E-01  0.98500E-01  0.00000E+00  0.00000E+00  0.00000E+00   -0.22479E+03 -0.16891E+03  0.39371E+03 -0.31645E+03  0.33803E+03  0.13501E+03      298.00
  0.52873E-01  0.10250E+04   -0.49500E-01 -0.49500E-01  0.99000E-01  0.00000E+00  0.00000E+00  0.00000E+00   -0.22515E+03 -0.16920E+03  0.39436E+03 -0.31652E+03  0.33808E+03  0.13517E+03      298.00
  0.53162E-01  0.10257E+04   -0.49750E-01 -0.49750E-01  0.99500E-01  0.00000E+00  0.00000E+00  0.00000E+00   -0.22552E+03 -0.16948E+03  0.39500E+03 -0.31659E+03  0.33813E+03  0.13533E+03      298.00
  0.53451E-01  0.10264E+04   -0.50000E-01 -0.50000E-01  0.10000E+00  0.00000E+00  0.00000E+00  0.00000E+00   -0.22588E+03 -0.16977E+03  0.39565E+03 -0.31666E+03  0.33817E+03  0.13549E+03      298.00
          Evm          Svm            E11          E22          E33          E23          E13          E12         SDEV11       SDEV22       SDEV33       SDEV23       SDEV13       SDEV12      TEMP
  0.53451E-01  0.10269E+04   -0.50000E-01 -0.50000E-01  0.10000E+00  0.00000E+00  0.00000E+00  0.00000E+00   -0.22558E+03 -0.17024E+03  0.39582E+03 -0.31674E+03  0.33842E+03  0.13562E+03      298.00
  0.53740E-01  0.10274E+04   -0.50250E-01 -0.50250E-01  0.10050E+00  0.00000E+00  0.00000E+00  0.00000E+00   -0.22636E+03 -0.17000E+03  0.39636E+03 -0.31683E+03  0.33830E+03  0.13564E+03      298.00
  0.54029E-01  0.10279E+04   -0.50500E-01 -0.50500E-01  0.10100E+00  0.00000E+00  0.00000E+00  0.00000E+00   -0.22663E+03 -0.17032E+03  0.39695E+03 -0.31680E+03  0.33826E+03  0.13581E+03      298.00
  0.54319E-01  0.10286E+04   -0.50750E-01 -0.50750E-01  0.10150E+00  0.00000E+00  0.00000E+00  0.00000E+00   -0.22697E+03 -0.17061E+03  0.39757E+03 -0.31683E+03  0.33828E+03  0.13596E+03      298.00
  0.54609E-01  0.10292E+04   -0.51000E-01 -0.51000E-01  0.10200E+00  0.00000E+00  0.00000E+00  0.00000E+00   -0.22732E+03 -0.17089E+03  0.39821E+03 -0.31688E+03  0.33831E+03  0.13611E+03      298.00
  0.54899E-01  0.10299E+04   -0.51250E-01 -0.51250E-01  0.10250E+00  0.00000E+00  0.00000E+00  0.00000E+00   -0.22768E+03 -0.17117E+03  0.39885E+03 -0.31693E+03  0.33833E+03  0.13627E+03      298.00
  0.55189E-01  0.10306E+04   -0.51500E-01 -0.51500E-01  0.10300E+00  0.00000E+00  0.00000E+00  0.00000E+00   -0.22803E+03 -0.17145E+03  0.39948E+03 -0.31698E+03  0.33836E+03  0.13642E+03      298.00
  0.55480E-01  0.10313E+04   -0.51750E-01 -0.51750E-01  0.10350E+00  0.00000E+00  0.00000E+00  0.00000E+00   -0.22838E+03 -0.17173E+03  0.40011E+03 -0.31702E+03  0.33838E+03  0.13657E+03      298.00
  0.55771E-01  0.10320E+04   -0.52000E-01 -0.52000E-01  0.10400E+00  0.00000E+00  0.00000E+00  0.00000E+00   -0.22874E+03 -0.17201E+03  0.40074E+03 -0.31706E+03  0.33839E+03  0.13672E+03      298.00
  0.56062E-01  0.10326E+04   -0.52250E-01 -0.52250E-01  0.10450E+00  0.00000E+00  0.00000E+00  0.00000E+00   -0.22909E+03 -0.17228E+03  0.40137E+03 -0.31710E+03  0.33841E+03  0.13687E+03      298.00
  0.56354E-01  0.10333E+04   -0.52500E-01 -0.52500E-01  0.10500E+00  0.00000E+00  0.00000E+00  0.00000E+00   -0.22944E+03 -0.17256E+03  0.40200E+03 -0.31713E+03  0.33842E+03  0.13702E+03      298.00
  0.56646E-01  0.10339E+04   -0.52750E-01 -0.52750E-01  0.10550E+00  0.00000E+00  0.00000E+00  0.00000E+00   -0.22979E+03 -0.17284E+03  0.40262E+03 -0.31717E+03  0.33842E+03  0.13717E+03      298.00
  0.56938E-01  0.10348E+04   -0.53000E-01 -0.53000E-01  0.10600E+00  0.00000E+00  0.00000E+00  0.00000E+00   -0.23031E+03 -0.17298E+03  0.40329E+03 -0.31731E+03  0.33849E+03  0.13730E+03      298.00
  0.57230E-01  0.10352E+04   -0.53250E-01 -0.53250E-01  0.10650E+00  0.00000E+00  0.00000E+00  0.00000E+00   -0.23052E+03 -0.17336E+03  0.40388E+03 -0.31724E+03  0.33844E+03  0.13747E+03      298.00
  0.57523E-01  0.10358E+04   -0.53500E-01 -0.53500E-01  0.10700E+00  0.00000E+00  0.00000E+00  0.00000E+00   -0.23084E+03 -0.17365E+03  0.40449E+03 -0.31725E+03  0.33843E+03  0.13761E+03      298.00
  0.57815E-01  0.10366E+04   -0.53750E-01 -0.53750E-01  0.10750E+00  0.00000E+00  0.00000E+00  0.00000E+00   -0.23136E+03 -0.17379E+03  0.40515E+03 -0.31738E+03  0.33847E+03  0.13774E+03      298.00
  0.58109E-01  0.10371E+04   -0.54000E-01 -0.54000E-01  0.10800E+00  0.00000E+00  0.00000E+00  0.00000E+00   -0.23156E+03 -0.17418E+03  0.40573E+03 -0.31731E+03  0.33842E+03  0.13790E+03      298.00
  0.58402E-01  0.10377E+04   -0.54250E-01 -0.54250E-01  0.10850E+00  0.00000E+00  0.00000E+00  0.00000E+00   -0.23188E+03 -0.17446E+03  0.40634E+03 -0.31731E+03  0.33840E+03  0.13804E+03      298.00
  0.58696E-01  0.10384E+04   -0.54500E-01 -0.54500E-01  0.10900E+00  0.00000E+00  0.00000E+00  0.00000E+00   -0.23239E+03 -0.17460E+03  0.40699E+03 -0.31742E+03  0.33844E+03  0.13817E+03      298.00
  0.58990E-01  0.10389E+04   -0.54750E-01 -0.54750E-01  0.10950E+00  0.00000E+00  0.00000E+00  0.00000E+00   -0.23259E+03 -0.17498E+03  0.40757E+03 -0.31735E+03  0.33838E+03  0.13833E+03      298.00
  0.59284E-01  0.10396E+04   -0.55000E-01 -0.55000E-01  0.11000E+00  0.00000E+00  0.00000E+00  0.00000E+00   -0.23308E+03 -0.17513E+03  0.40821E+03 -0.31744E+03  0.33839E+03  0.13845E+03      298.00
  0.59578E-01  0.10401E+04   -0.55250E-01 -0.55250E-01  0.11050E+00  0.00000E+00  0.00000E+00  0.00000E+00   -0.23327E+03 -0.17552E+03  0.40879E+03 -0.31736E+03  0.33834E+03  0.13861E+03      298.00
  0.59873E-01  0.10408E+04   -0.55500E-01 -0.55500E-01  0.11100E+00  0.00000E+00  0.00000E+00  0.00000E+00   -0.23377E+03 -0.17566E+03  0.40943E+03 -0.31745E+03  0.33834E+03  0.13873E+03      298.00
  0.60168E-01  0.10412E+04   -0.55750E-01 -0.55750E-01  0.11150E+00  0.00000E+00  0.00000E+00  0.00000E+00   -0.23395E+03 -0.17605E+03  0.41000E+03 -0.31737E+03  0.33829E+03  0.13888E+03      298.00
  0.60464E-01  0.10419E+04   -0.56000E-01 -0.56000E-01  0.11200E+00  0.00000E+00  0.00000E+00  0.00000E+00   -0.23444E+03 -0.17619E+03  0.41064E+03 -0.31745E+03  0.33828E+03  0.13900E+03      298.00
  0.60759E-01  0.10423E+04   -0.56250E-01 -0.56250E-01  0.11250E+00  0.00000E+00  0.00000E+00  0.00000E+00   -0.23463E+03 -0.17658E+03  0.41121E+03 -0.31737E+03  0.33822E+03  0.13916E+03      298.00
  0.61055E-01  0.10430E+04   -0.56500E-01 -0.56500E-01  0.11300E+00  0.00000E+00  0.00000E+00  0.00000E+00   -0.23512E+03 -0.17672E+03  0.41184E+03 -0.31743E+03  0.33821E+03  0.13928E+03      298.00
  0.61351E-01  0.10434E+04   -0.56750E-01 -0.56750E-01  0.11350E+00  0.00000E+00  0.00000E+00  0.00000E+00   -0.23530E+03 -0.17711E+03  0.41241E+03 -0.31735E+03  0.33815E+03  0.13943E+03      298.00
  0.61648E-01  0.10441E+04   -0.57000E-01 -0.57000E-01  0.11400E+00  0.00000E+00  0.00000E+00  0.00000E+00   -0.23578E+03 -0.17725E+03  0.41303E+03 -0.31741E+03  0.33813E+03  0.13955E+03      298.00
  0.61944E-01  0.10445E+04   -0.57250E-01 -0.57250E-01  0.11450E+00  0.00000E+00  0.00000E+00  0.00000E+00   -0.23597E+03 -0.17763E+03  0.41360E+03 -0.31733E+03  0.33807E+03  0.13970E+03      298.00
  0.62241E-01  0.10451E+04   -0.57500E-01 -0.57500E-01  0.11500E+00  0.00000E+00  0.00000E+00  0.00000E+00   -0.23645E+03 -0.17777E+03  0.41422E+03 -0.31739E+03  0.33804E+03  0.13981E+03      298.00
  0.62539E-01  0.10455E+04   -0.57750E-01 -0.57750E-01  0.11550E+00  0.00000E+00  0.00000E+00  0.00000E+00   -0.23663E+03 -0.17816E+03  0.41479E+03 -0.31730E+03  0.33797E+03  0.13996E+03      298.00
  0.62836E-01  0.10462E+04   -0.58000E-01 -0.58000E-01  0.11600E+00  0.00000E+00  0.00000E+00  0.00000E+00   -0.23711E+03 -0.17830E+03  0.41541E+03 -0.31735E+03  0.33794E+03  0.14008E+03      298.00
  0.63134E-01  0.10466E+04   -0.58250E-01 -0.58250E-01  0.11650E+00  0.00000E+00  0.00000E+00  0.00000E+00   -0.23730E+03 -0.17868E+03  0.41598E+03 -0.31726E+03  0.33787E+03  0.14022E+03      298.00
  0.63432E-01  0.10472E+04   -0.58500E-01 -0.58500E-01  0.11700E+00  0.00000E+00  0.00000E+00  0.00000E+00   -0.23777E+03 -0.17882E+03  0.41659E+03 -0.31730E+03  0.33783E+03  0.14034E+03      298.00
  0.63730E-01  0.10477E+04   -0.58750E-01 -0.58750E-01  0.11750E+00  0.00000E+00  0.00000E+00  0.00000E+00   -0.23813E+03 -0.17905E+03  0.41718E+03 -0.31729E+03  0.33777E+03  0.14047E+03      298.00
  0.64029E-01  0.10481E+04   -0.59000E-01 -0.59000E-01  0.11800E+00  0.00000E+00  0.00000E+00  0.00000E+00   -0.23829E+03 -0.17946E+03  0.41774E+03 -0.31719E+03  0.33770E+03  0.14061E+03      298.00
  0.64328E-01  0.10487E+04   -0.59250E-01 -0.59250E-01  0.11850E+00  0.00000E+00  0.00000E+00  0.00000E+00   -0.23875E+03 -0.17960E+03  0.41835E+03 -0.31722E+03  0.33765E+03  0.14072E+03      298.00
  0.64627E-01  0.10492E+04   -0.59500E-01 -0.59500E-01  0.11900E+00  0.00000E+00  0.00000E+00  0.00000E+00   -0.23911E+03 -0.17983E+03  0.41894E+03 -0.31719E+03  0.33758E+03  0.14085E+03      298.00
  0.64927E-01  0.10497E+04   -0.59750E-01 -0.59750E-01  0.11950E+00  0.00000E+00  0.00000E+00  0.00000E+00   -0.23944E+03 -0.18008E+03  0.41952E+03 -0.31716E+03  0.33751E+03  0.14098E+03      298.00
  0.65226E-01  0.10501E+04   -0.60000E-01 -0.60000E-01  0.12000E+00  0.00000E+00  0.00000E+00  0.00000E+00   -0.23977E+03 -0.18034E+03  0.42010E+03 -0.31713E+03  0.33744E+03  0.14111E+03      298.00
  0.65526E-01  0.10506E+04   -0.60250E-01 -0.60250E-01  0.12050E+00  0.00000E+00  0.00000E+00  0.00000E+00   -0.24009E+03 -0.18059E+03  0.42068E+03 -0.31709E+03  0.33737E+03  0.14123E+03      298.00
  0.65827E-01  0.10511E+04   -0.60500E-01 -0.60500E-01  0.12100E+00  0.00000E+00  0.00000E+00  0.00000E+00   -0.24041E+03 -0.18085E+03  0.42126E+03 -0.31705E+03  0.33729E+03  0.14136E+03      298.00
  0.66127E-01  0.10515E+04   -0.60750E-01 -0.60750E-01  0.12150E+00  0.00000E+00  0.00000E+00  0.00000E+00   -0.24074E+03 -0.18111E+03  0.42184E+03 -0.31700E+03  0.33721E+03  0.14148E+03      298.00
  0.66428E-01  0.10520E+04   -0.61000E-01 -0.61000E-01  0.12200E+00  0.00000E+00  0.00000E+00  0.00000E+00   -0.24106E+03 -0.18136E+03  0.42242E+03 -0.31696E+03  0.33714E+03  0.14160E+03      298.00
  0.66729E-01  0.10524E+04   -0.61250E-01 -0.61250E-01  0.12250E+00  0.00000E+00  0.00000E+00  0.00000E+00   -0.24138E+03 -0.18162E+03  0.42299E+03 -0.31692E+03  0.33706E+03  0.14173E+03      298.00
  0.67031E-01  0.10529E+04   -0.61500E-01 -0.61500E-01  0.12300E+00  0.00000E+00  0.00000E+00  0.00000E+00   -0.24170E+03 -0.18187E+03  0.42357E+03 -0.31687E+03  0.33697E+03  0.14185E+03      298.00
  0.67333E-01  0.10533E+04   -0.61750E-01 -0.61750E-01  0.12350E+00  0.00000E+00  0.00000E+00  0.00000E+00   -0.24202E+03 -0.18213E+03  0.42414E+03 -0.31682E+03  0.33689E+03  0.14197E+03      298.00
  0.67635E-01  0.10538E+04   -0.62000E-01 -0.62000E-01  0.12400E+00  0.00000E+00  0.00000E+00  0.00000E+00   -0.24234E+03 -0.18238E+03  0.42472E+03 -0.31677E+03  0.33680E+03  0.14209E+03      298.00
  0.67937E-01  0.10542E+04   -0.62250E-01 -0.62250E-01  0.12450E+00  0.00000E+00  0.00000E+00  0.00000E+00   -0.24265E+03 -0.18263E+03  0.42529E+03 -0.31671E+03  0.33671E+03  0.14221E+03      298.00
  0.68239E-01  0.10546E+04   -0.62500E-01 -0.62500E-01  0.12500E+00  0.00000E+00  0.00000E+00  0.00000E+00   -0.24297E+03 -0.18289E+03  0.42586E+03 -0.31666E+03  0.33662E+03  0.14233E+03      298.00
