    STEP   AVACS   MODE1   MODE2   MODE3   MODE4
       1   5.000   0.110   0.890   0.000   0.000
       2   7.000   0.133   0.867   0.000   0.000
       3   7.000   0.163   0.837   0.000   0.000
       4   7.000   0.215   0.785   0.000   0.000
       5   8.000   0.323   0.677   0.000   0.000
       6   7.000   0.430   0.570   0.000   0.000
       7   6.000   0.540   0.460   0.000   0.000
       8   4.000   0.657   0.343   0.000   0.000
       9   5.000   0.619   0.381   0.000   0.000
      10   4.000   0.548   0.452   0.000   0.000
      11   5.000   0.509   0.491   0.000   0.000
      12   6.000   0.470   0.530   0.000   0.000
      13   6.000   0.394   0.606   0.000   0.000
      14   6.000   0.294   0.706   0.000   0.000
      15   6.000   0.169   0.831   0.000   0.000
      16   3.000   0.010   0.990   0.000   0.000
      17   5.000   0.055   0.945   0.000   0.000
      18   5.000   0.131   0.869   0.000   0.000
      19   4.000   0.143   0.839   0.019   0.000
      20   5.000   0.171   0.759   0.070   0.000
      21   5.000   0.199   0.681   0.120   0.000
      22   6.000   0.231   0.604   0.165   0.000
      23   6.000   0.334   0.494   0.172   0.000
      24   7.000   0.481   0.395   0.124   0.000
      25   8.000   0.586   0.353   0.062   0.000
      26   4.000   0.657   0.343   0.000   0.000
      27   5.000   0.619   0.381   0.000   0.000
      28   4.000   0.548   0.452   0.000   0.000
      29   5.000   0.509   0.491   0.000   0.000
      30   6.000   0.470   0.530   0.000   0.000
      31   6.000   0.394   0.606   0.000   0.000
      32   6.000   0.294   0.706   0.000   0.000
      33   6.000   0.169   0.831   0.000   0.000
      34   3.000   0.010   0.990   0.000   0.000
      35   5.000   0.055   0.945   0.000   0.000
      36   5.000   0.131   0.869   0.000   0.000
  STRAIN   AVACS   PRITW   SECTW   MODE1   MODE2   MODE3   MODE4   TWFR3   EFFR3   TWFR4   EFFR4
   0.000   4.000   0.000   0.000   0.143   0.839   0.019   0.000   0.000   0.000   0.000   0.000
   0.001   4.000   0.000   0.000   0.140   0.841   0.019   0.000   0.000   0.000   0.000   0.000
   0.001   4.000   0.000   0.000   0.137   0.843   0.019   0.000   0.000   0.000   0.000   0.000
   0.002   4.000   0.000   0.000   0.135   0.845   0.019   0.000   0.000   0.000   0.000   0.000
   0.002   4.000   0.000   0.000   0.134   0.846   0.020   0.000   0.001   0.000   0.000   0.000
   0.003   4.000   0.000   0.000   0.132   0.847   0.021   0.000   0.001   0.000   0.000   0.000
   0.003   4.000   0.000   0.000   0.131   0.848   0.021   0.000   0.001   0.000   0.000   0.000
   0.004   4.000   0.000   0.000   0.129   0.849   0.022   0.000   0.001   0.000   0.000   0.000
   0.004   4.000   0.000   0.000   0.128   0.849   0.023   0.000   0.001   0.000   0.000   0.000
   0.005   4.000   0.000   0.000   0.127   0.849   0.023   0.000   0.001   0.000   0.000   0.000
   0.005   4.000   0.000   0.000   0.127   0.849   0.024   0.000   0.001   0.000   0.000   0.000
   0.006   4.000   0.000   0.000   0.126   0.849   0.025   0.000   0.002   0.000   0.000   0.000
   0.006   4.000   0.000   0.000   0.125   0.849   0.026   0.000   0.002   0.000   0.000   0.000
   0.007   4.000   0.000   0.000   0.125   0.848   0.027   0.000   0.002   0.000   0.000   0.000
   0.007   4.000   0.000   0.000   0.124   0.848   0.028   0.000   0.002   0.000   0.000   0.000
   0.008   4.000   0.000   0.000   0.124   0.847   0.029   0.000   0.002   0.000   0.000   0.000
   0.008   4.000   0.000   0.000   0.123   0.847   0.030   0.000   0.003   0.000   0.000   0.000
   0.009   4.000   0.000   0.000   0.123   0.846   0.031   0.000   0.003   0.000   0.000   0.000
   0.009   4.000   0.000   0.000   0.123   0.845   0.032   0.000   0.003   0.000   0.000   0.000
   0.010   4.000   0.000   0.000   0.123   0.844   0.033   0.000   0.003   0.000   0.000   0.000
   0.010   4.000   0.000   0.000   0.122   0.843   0.034   0.000   0.003   0.000   0.000   0.000
   0.011   4.000   0.000   0.000   0.122   0.842   0.035   0.000   0.004   0.000   0.000   0.000
   0.011   4.000   0.000   0.000   0.122   0.841   0.036   0.000   0.004   0.000   0.000   0.000
   0.012   4.000   0.000   0.000   0.122   0.840   0.037   0.000   0.004   0.000   0.000   0.000
   0.012   4.000   0.000   0.000   0.122   0.839   0.038   0.000   0.004   0.000   0.000   0.000
   0.013   5.000   0.000   0.000   0.122   0.838   0.040   0.000   0.005   0.000   0.000   0.000
   0.013   5.000   0.000   0.000   0.122   0.837   0.041   0.000   0.005   0.000   0.000   0.000
   0.014   5.000   0.000   0.000   0.122   0.836   0.042   0.000   0.005   0.000   0.000   0.000
   0.014   5.000   0.000   0.000   0.122   0.835   0.043   0.000   0.005   0.000   0.000   0.000
   0.015   5.000   0.000   0.000   0.122   0.833   0.044   0.000   0.006   0.000   0.000   0.000
   0.015   5.000   0.000   0.000   0.123   0.832   0.045   0.000   0.006   0.000   0.000   0.000
   0.016   6.000   0.000   0.000   0.123   0.831   0.046   0.000   0.006   0.000   0.000   0.000
   0.016   6.000   0.000   0.000   0.123   0.830   0.047   0.000   0.007   0.000   0.000   0.000
   0.017   6.000   0.000   0.000   0.123   0.829   0.049   0.000   0.007   0.000   0.000   0.000
   0.017   6.000   0.000   0.000   0.123   0.827   0.050   0.000   0.007   0.000   0.000   0.000
   0.018   6.000   0.000   0.000   0.123   0.826   0.051   0.000   0.008   0.000   0.000   0.000
   0.018   6.000   0.000   0.000   0.123   0.825   0.052   0.000   0.008   0.000   0.000   0.000
   0.019   6.000   0.000   0.000   0.123   0.824   0.053   0.000   0.008   0.000   0.000   0.000
   0.019   6.000   0.000   0.000   0.123   0.822   0.054   0.000   0.009   0.000   0.000   0.000
   0.020   6.000   0.000   0.000   0.124   0.821   0.055   0.000   0.009   0.000   0.000   0.000
   0.020   6.000   0.000   0.000   0.124   0.820   0.056   0.000   0.010   0.000   0.000   0.000
   0.021   6.000   0.000   0.000   0.124   0.819   0.058   0.000   0.010   0.000   0.000   0.000
   0.021   6.000   0.000   0.000   0.124   0.817   0.059   0.000   0.010   0.000   0.000   0.000
   0.022   6.000   0.000   0.000   0.124   0.816   0.060   0.000   0.011   0.000   0.000   0.000
   0.022   6.000   0.000   0.000   0.124   0.815   0.061   0.000   0.011   0.000   0.000   0.000
   0.023   6.000   0.000   0.000   0.124   0.814   0.062   0.000   0.012   0.000   0.000   0.000
   0.023   6.000   0.000   0.000   0.124   0.813   0.063   0.000   0.012   0.000   0.000   0.000
   0.024   6.000   0.000   0.000   0.124   0.811   0.064   0.000   0.012   0.000   0.000   0.000
   0.024   6.000   0.000   0.000   0.124   0.810   0.065   0.000   0.013   0.000   0.000   0.000
   0.025   6.000   0.000   0.000   0.125   0.809   0.066   0.000   0.013   0.000   0.000   0.000
   0.025   6.000   0.000   0.000   0.125   0.808   0.068   0.000   0.014   0.000   0.000   0.000
    STEP   AVACS   MODE1   MODE2   MODE3   MODE4
       1   5.000   0.049   0.950   0.000   0.001
       2   6.000   0.075   0.924   0.000   0.001
       3   6.000   0.105   0.893   0.000   0.002
       4   6.000   0.156   0.842   0.000   0.002
       5   7.000   0.280   0.718   0.000   0.002
       6   7.000   0.402   0.596   0.000   0.002
       7   6.000   0.521   0.477   0.000   0.002
       8   5.000   0.663   0.337   0.000   0.000
       9   5.000   0.625   0.375   0.000   0.000
      10   4.000   0.557   0.443   0.000   0.000
      11   6.000   0.514   0.486   0.000   0.000
      12   6.000   0.466   0.534   0.000   0.000
      13   7.000   0.395   0.605   0.000   0.000
      14   6.000   0.297   0.703   0.000   0.000
      15   6.000   0.169   0.831   0.000   0.000
      16   3.000   0.011   0.989   0.000   0.000
      17   4.000   0.040   0.960   0.000   0.000
      18   4.000   0.090   0.894   0.017   0.000
      19   6.000   0.125   0.808   0.068   0.000
      20   6.000   0.159   0.725   0.116   0.000
      21   5.000   0.189   0.648   0.163   0.000
      22   6.000   0.215   0.581   0.204   0.000
      23   5.000   0.329   0.466   0.205   0.000
      24   7.000   0.481   0.369   0.150   0.000
      25   8.000   0.588   0.329   0.083   0.000
      26   5.000   0.663   0.337   0.000   0.000
      27   5.000   0.625   0.375   0.000   0.000
      28   4.000   0.557   0.443   0.000   0.000
      29   6.000   0.514   0.486   0.000   0.000
      30   6.000   0.466   0.534   0.000   0.000
      31   7.000   0.395   0.605   0.000   0.000
      32   6.000   0.297   0.703   0.000   0.000
      33   6.000   0.169   0.831   0.000   0.000
      34   3.000   0.011   0.989   0.000   0.000
      35   4.000   0.040   0.960   0.000   0.000
      36   5.000   0.048   0.952   0.000   0.000
  STRAIN   AVACS   PRITW   SECTW   MODE1   MODE2   MODE3   MODE4   TWFR3   EFFR3   TWFR4   EFFR4
   0.025   6.000   0.000   0.000   0.125   0.808   0.068   0.000   0.014   0.000   0.000   0.000
   0.026   6.000   0.000   0.000   0.125   0.807   0.069   0.000   0.014   0.000   0.000   0.000
   0.026   6.000   0.000   0.000   0.125   0.806   0.070   0.000   0.015   0.000   0.000   0.000
   0.027   6.000   0.000   0.000   0.125   0.804   0.071   0.000   0.015   0.000   0.000   0.000
   0.027   6.000   0.000   0.000   0.125   0.803   0.072   0.000   0.016   0.000   0.000   0.000
   0.028   6.000   0.000   0.000   0.125   0.802   0.073   0.000   0.016   0.000   0.000   0.000
   0.028   6.000   0.000   0.000   0.125   0.801   0.074   0.000   0.017   0.000   0.000   0.000
   0.029   6.000   0.000   0.000   0.125   0.800   0.075   0.000   0.017   0.000   0.000   0.000
   0.029   6.000   0.000   0.000   0.125   0.799   0.076   0.000   0.018   0.000   0.000   0.000
   0.030   6.000   0.000   0.000   0.125   0.798   0.077   0.000   0.018   0.000   0.000   0.000
   0.030   6.000   0.000   0.000   0.125   0.797   0.078   0.000   0.019   0.000   0.000   0.000
   0.031   6.000   0.000   0.000   0.125   0.796   0.079   0.000   0.019   0.000   0.000   0.000
   0.031   6.000   0.000   0.000   0.125   0.795   0.080   0.000   0.020   0.000   0.000   0.000
   0.032   6.000   0.000   0.000   0.125   0.794   0.081   0.000   0.020   0.000   0.000   0.000
   0.032   6.000   0.000   0.000   0.125   0.793   0.082   0.000   0.021   0.000   0.000   0.000
   0.033   6.000   0.000   0.000   0.125   0.792   0.083   0.000   0.022   0.000   0.000   0.000
   0.033   6.000   0.000   0.000   0.124   0.791   0.084   0.000   0.022   0.000   0.000   0.000
   0.034   6.000   0.000   0.000   0.124   0.790   0.086   0.000   0.023   0.000   0.000   0.000
   0.034   6.000   0.000   0.000   0.124   0.789   0.087   0.000   0.023   0.000   0.000   0.000
   0.035   6.000   0.000   0.000   0.124   0.788   0.088   0.000   0.024   0.000   0.000   0.000
   0.035   6.000   0.000   0.000   0.124   0.787   0.089   0.000   0.024   0.000   0.000   0.000
   0.036   6.000   0.000   0.000   0.124   0.786   0.090   0.000   0.025   0.000   0.000   0.000
   0.036   6.000   0.000   0.000   0.124   0.785   0.091   0.000   0.026   0.000   0.000   0.000
   0.037   6.000   0.000   0.000   0.124   0.785   0.092   0.000   0.026   0.000   0.000   0.000
   0.037   6.000   0.000   0.000   0.124   0.784   0.093   0.000   0.027   0.000   0.000   0.000
   0.038   6.000   0.000   0.000   0.124   0.783   0.094   0.000   0.028   0.000   0.000   0.000
   0.038   6.000   0.000   0.000   0.123   0.782   0.095   0.000   0.028   0.000   0.000   0.000
   0.039   6.000   0.000   0.000   0.123   0.781   0.096   0.000   0.029   0.000   0.000   0.000
   0.039   6.000   0.000   0.000   0.123   0.780   0.097   0.000   0.030   0.000   0.000   0.000
   0.040   6.000   0.000   0.000   0.123   0.779   0.098   0.000   0.030   0.000   0.000   0.000
   0.040   6.000   0.000   0.000   0.123   0.779   0.099   0.000   0.031   0.000   0.000   0.000
   0.041   6.000   0.000   0.000   0.123   0.778   0.100   0.000   0.032   0.000   0.000   0.000
   0.041   6.000   0.000   0.000   0.123   0.777   0.100   0.000   0.032   0.000   0.000   0.000
   0.042   6.000   0.000   0.000   0.122   0.776   0.101   0.000   0.033   0.000   0.000   0.000
   0.042   6.000   0.000   0.000   0.122   0.775   0.102   0.000   0.034   0.000   0.000   0.000
   0.043   6.000   0.000   0.000   0.122   0.775   0.103   0.000   0.034   0.000   0.000   0.000
   0.043   6.000   0.000   0.000   0.122   0.774   0.104   0.000   0.035   0.000   0.000   0.000
   0.044   6.000   0.000   0.000   0.122   0.773   0.105   0.000   0.036   0.000   0.000   0.000
   0.044   6.000   0.000   0.000   0.121   0.772   0.106   0.000   0.037   0.000   0.000   0.000
   0.045   6.000   0.000   0.000   0.121   0.772   0.107   0.000   0.037   0.000   0.000   0.000
   0.045   6.000   0.000   0.000   0.121   0.771   0.108   0.000   0.038   0.000   0.000   0.000
   0.046   6.000   0.000   0.000   0.121   0.770   0.109   0.000   0.039   0.000   0.000   0.000
   0.046   6.000   0.000   0.000   0.121   0.769   0.110   0.000   0.040   0.000   0.000   0.000
   0.047   6.000   0.000   0.000   0.120   0.769   0.111   0.000   0.040   0.000   0.000   0.000
   0.047   6.000   0.000   0.000   0.120   0.768   0.112   0.000   0.041   0.000   0.000   0.000
   0.048   6.000   0.000   0.000   0.120   0.767   0.113   0.000   0.042   0.000   0.000   0.000
   0.048   6.000   0.000   0.000   0.120   0.766   0.114   0.000   0.043   0.000   0.000   0.000
   0.049   6.000   0.000   0.000   0.119   0.766   0.115   0.000   0.043   0.000   0.000   0.000
   0.049   6.000   0.000   0.000   0.119   0.765   0.116   0.000   0.044   0.000   0.000   0.000
   0.050   6.000   0.000   0.000   0.119   0.764   0.117   0.000   0.045   0.000   0.000   0.000
   0.050   6.000   0.000   0.000   0.119   0.764   0.118   0.000   0.046   0.000   0.000   0.000
    STEP   AVACS   MODE1   MODE2   MODE3   MODE4
       1   6.000   0.021   0.965   0.000   0.014
       2   7.000   0.050   0.933   0.000   0.017
       3   7.000   0.085   0.895   0.000   0.021
       4   6.000   0.147   0.827   0.000   0.026
       5   7.000   0.276   0.698   0.000   0.026
       6   9.000   0.399   0.577   0.000   0.024
       7   7.000   0.520   0.461   0.000   0.020
       8   5.000   0.670   0.329   0.000   0.001
       9   4.000   0.639   0.361   0.000   0.000
      10   4.000   0.574   0.426   0.000   0.000
      11   5.000   0.529   0.471   0.000   0.000
      12   6.000   0.480   0.520   0.000   0.000
      13   7.000   0.408   0.592   0.000   0.000
      14   6.000   0.308   0.692   0.000   0.000
      15   5.000   0.177   0.823   0.000   0.000
      16   2.000   0.020   0.980   0.000   0.000
      17   3.000   0.030   0.949   0.021   0.000
      18   5.000   0.076   0.853   0.072   0.000
      19   6.000   0.119   0.764   0.118   0.000
      20   6.000   0.157   0.683   0.160   0.000
      21   5.000   0.187   0.613   0.199   0.000
      22   6.000   0.216   0.550   0.235   0.000
      23   5.000   0.329   0.441   0.231   0.000
      24   7.000   0.481   0.348   0.170   0.000
      25   7.000   0.589   0.311   0.100   0.000
      26   5.000   0.670   0.327   0.003   0.000
      27   4.000   0.639   0.361   0.000   0.000
      28   4.000   0.574   0.426   0.000   0.000
      29   5.000   0.529   0.471   0.000   0.000
      30   6.000   0.480   0.520   0.000   0.000
      31   7.000   0.408   0.592   0.000   0.000
      32   6.000   0.308   0.692   0.000   0.000
      33   5.000   0.177   0.823   0.000   0.000
      34   2.000   0.020   0.980   0.000   0.000
      35   4.000   0.000   0.995   0.000   0.005
      36   4.000   0.002   0.986   0.000   0.012
  STRAIN   AVACS   PRITW   SECTW   MODE1   MODE2   MODE3   MODE4   TWFR3   EFFR3   TWFR4   EFFR4
   0.050   6.000   0.000   0.000   0.119   0.764   0.118   0.000   0.046   0.000   0.000   0.000
   0.051   6.000   0.000   0.000   0.118   0.763   0.119   0.000   0.047   0.000   0.000   0.000
   0.051   6.000   0.000   0.000   0.118   0.762   0.120   0.000   0.047   0.000   0.000   0.000
   0.052   6.000   0.000   0.000   0.118   0.762   0.120   0.000   0.048   0.000   0.000   0.000
   0.052   6.000   0.000   0.000   0.118   0.761   0.121   0.000   0.049   0.000   0.000   0.000
   0.053   6.000   0.000   0.000   0.117   0.760   0.122   0.000   0.050   0.000   0.000   0.000
   0.053   6.000   0.000   0.000   0.117   0.760   0.123   0.000   0.051   0.000   0.000   0.000
   0.054   6.000   0.000   0.000   0.117   0.759   0.124   0.000   0.052   0.000   0.000   0.000
   0.054   6.000   0.000   0.000   0.117   0.758   0.125   0.000   0.053   0.000   0.000   0.000
   0.055   6.000   0.000   0.000   0.116   0.758   0.126   0.000   0.053   0.000   0.000   0.000
   0.055   6.000   0.000   0.000   0.116   0.757   0.127   0.000   0.054   0.000   0.000   0.000
   0.056   6.000   0.000   0.000   0.116   0.757   0.128   0.000   0.055   0.000   0.000   0.000
   0.056   6.000   0.000   0.000   0.115   0.756   0.129   0.000   0.056   0.000   0.000   0.000
   0.057   6.000   0.000   0.000   0.115   0.755   0.130   0.000   0.057   0.000   0.000   0.000
   0.057   6.000   0.000   0.000   0.115   0.755   0.130   0.000   0.058   0.000   0.000   0.000
   0.058   6.000   0.000   0.000   0.114   0.754   0.131   0.000   0.059   0.000   0.000   0.000
   0.058   6.000   0.000   0.000   0.114   0.754   0.132   0.000   0.060   0.000   0.000   0.000
   0.059   6.000   0.000   0.000   0.114   0.753   0.133   0.000   0.060   0.000   0.000   0.000
   0.059   6.000   0.000   0.000   0.114   0.752   0.134   0.000   0.061   0.000   0.000   0.000
   0.060   6.000   0.000   0.000   0.113   0.752   0.135   0.000   0.062   0.000   0.000   0.000
   0.060   6.000   0.000   0.000   0.113   0.751   0.136   0.000   0.063   0.000   0.000   0.000
   0.061   6.000   0.000   0.000   0.113   0.751   0.137   0.000   0.064   0.000   0.000   0.000
   0.061   6.000   0.000   0.000   0.112   0.750   0.137   0.000   0.065   0.000   0.000   0.000
   0.062   6.000   0.000   0.000   0.112   0.750   0.138   0.000   0.066   0.000   0.000   0.000
   0.062   6.000   0.000   0.000   0.112   0.749   0.139   0.000   0.067   0.000   0.000   0.000
   0.063   6.000   0.000   0.000   0.111   0.749   0.140   0.000   0.068   0.000   0.000   0.000
   0.063   6.000   0.000   0.000   0.111   0.748   0.141   0.000   0.069   0.000   0.000   0.000
   0.064   6.000   0.000   0.000   0.111   0.748   0.142   0.000   0.070   0.000   0.000   0.000
   0.064   6.000   0.000   0.000   0.110   0.747   0.143   0.000   0.071   0.000   0.000   0.000
   0.065   6.000   0.000   0.000   0.110   0.747   0.144   0.000   0.072   0.000   0.000   0.000
   0.065   6.000   0.000   0.000   0.110   0.746   0.144   0.000   0.073   0.000   0.000   0.000
   0.066   6.000   0.000   0.000   0.109   0.746   0.145   0.000   0.074   0.000   0.000   0.000
   0.066   6.000   0.000   0.000   0.109   0.745   0.146   0.000   0.075   0.000   0.000   0.000
   0.067   6.000   0.000   0.000   0.108   0.745   0.147   0.000   0.076   0.000   0.000   0.000
   0.067   6.000   0.000   0.000   0.108   0.744   0.148   0.000   0.077   0.000   0.000   0.000
   0.068   6.000   0.000   0.000   0.108   0.744   0.149   0.000   0.078   0.000   0.000   0.000
   0.068   6.000   0.000   0.000   0.107   0.743   0.149   0.000   0.079   0.000   0.000   0.000
   0.069   6.000   0.000   0.000   0.107   0.743   0.150   0.000   0.080   0.000   0.000   0.000
   0.069   6.000   0.000   0.000   0.107   0.742   0.151   0.000   0.081   0.000   0.000   0.000
   0.070   6.000   0.000   0.000   0.106   0.742   0.152   0.000   0.082   0.000   0.000   0.000
   0.070   6.000   0.000   0.000   0.106   0.741   0.153   0.000   0.083   0.000   0.000   0.000
   0.071   6.000   0.000   0.000   0.105   0.741   0.154   0.000   0.084   0.000   0.000   0.000
   0.071   6.000   0.000   0.000   0.105   0.740   0.155   0.000   0.085   0.000   0.000   0.000
   0.072   6.000   0.000   0.000   0.105   0.740   0.155   0.000   0.086   0.000   0.000   0.000
   0.072   6.000   0.000   0.000   0.104   0.740   0.156   0.000   0.087   0.000   0.000   0.000
   0.073   6.000   0.000   0.000   0.104   0.739   0.157   0.000   0.088   0.000   0.000   0.000
   0.073   6.000   0.000   0.000   0.103   0.739   0.158   0.000   0.089   0.000   0.000   0.000
   0.074   6.000   0.000   0.000   0.103   0.738   0.159   0.000   0.090   0.000   0.000   0.000
   0.074   6.000   0.000   0.000   0.103   0.738   0.159   0.000   0.091   0.000   0.000   0.000
   0.075   6.000   0.000   0.000   0.102   0.738   0.160   0.000   0.093   0.000   0.000   0.000
   0.075   6.000   0.000   0.000   0.102   0.737   0.161   0.000   0.094   0.000   0.000   0.000
    STEP   AVACS   MODE1   MODE2   MODE3   MODE4
       1   6.000   0.001   0.961   0.000   0.038
       2   7.000   0.024   0.936   0.000   0.041
       3   8.000   0.061   0.892   0.000   0.047
       4   7.000   0.132   0.811   0.000   0.057
       5   8.000   0.265   0.678   0.000   0.056
       6   9.000   0.392   0.556   0.000   0.052
       7   7.000   0.516   0.441   0.000   0.043
       8   5.000   0.665   0.328   0.000   0.007
       9   4.000   0.649   0.351   0.000   0.000
      10   4.000   0.589   0.411   0.000   0.000
      11   5.000   0.539   0.461   0.000   0.000
      12   6.000   0.489   0.511   0.000   0.000
      13   7.000   0.417   0.583   0.000   0.000
      14   6.000   0.316   0.684   0.000   0.000
      15   4.000   0.183   0.817   0.000   0.000
      16   2.000   0.025   0.959   0.016   0.000
      17   5.000   0.006   0.921   0.073   0.000
      18   6.000   0.054   0.825   0.120   0.000
      19   6.000   0.102   0.737   0.161   0.000
      20   6.000   0.144   0.659   0.198   0.000
      21   5.000   0.176   0.593   0.231   0.000
      22   6.000   0.210   0.529   0.261   0.000
      23   5.000   0.328   0.421   0.251   0.000
      24   7.000   0.480   0.335   0.185   0.000
      25   7.000   0.588   0.301   0.111   0.000
      26   5.000   0.672   0.317   0.011   0.000
      27   4.000   0.649   0.351   0.000   0.000
      28   4.000   0.589   0.410   0.000   0.000
      29   5.000   0.539   0.461   0.000   0.000
      30   6.000   0.489   0.511   0.000   0.000
      31   7.000   0.417   0.583   0.000   0.000
      32   6.000   0.316   0.684   0.000   0.000
      33   4.000   0.183   0.817   0.000   0.000
      34   2.000   0.030   0.955   0.000   0.015
      35   4.000   0.000   0.964   0.000   0.036
      36   6.000   0.000   0.961   0.000   0.039
  STRAIN   AVACS   PRITW   SECTW   MODE1   MODE2   MODE3   MODE4   TWFR3   EFFR3   TWFR4   EFFR4
   0.075   6.000   0.000   0.000   0.102   0.737   0.161   0.000   0.094   0.000   0.000   0.000
   0.076   6.000   0.000   0.000   0.101   0.737   0.162   0.000   0.095   0.000   0.000   0.000
   0.076   6.000   0.000   0.000   0.101   0.736   0.163   0.000   0.096   0.000   0.000   0.000
   0.077   6.000   0.000   0.000   0.100   0.736   0.164   0.000   0.097   0.000   0.000   0.000
   0.077   6.000   0.000   0.000   0.100   0.736   0.164   0.000   0.098   0.000   0.000   0.000
   0.078   6.000   0.000   0.000   0.100   0.735   0.165   0.000   0.099   0.000   0.000   0.000
   0.078   5.000   1.000   0.000   0.499   0.474   0.000   0.027   0.100   1.000   0.000   0.000
   0.079   5.000   1.000   0.000   0.499   0.474   0.000   0.027   0.100   1.000   0.000   0.000
   0.079   5.000   1.000   0.000   0.499   0.474   0.000   0.027   0.100   1.000   0.000   0.000
   0.080   5.000   1.000   0.000   0.500   0.473   0.000   0.027   0.100   1.000   0.000   0.000
   0.080   5.000   1.000   0.000   0.500   0.472   0.000   0.028   0.100   1.000   0.001   0.000
   0.081   5.000   1.000   0.000   0.500   0.472   0.000   0.028   0.100   1.000   0.001   0.000
   0.081   5.000   1.000   0.000   0.500   0.472   0.000   0.028   0.100   1.000   0.001   0.000
   0.082   5.000   1.000   0.000   0.500   0.471   0.000   0.029   0.100   1.000   0.001   0.000
   0.082   5.000   1.000   0.000   0.500   0.471   0.000   0.029   0.100   1.000   0.001   0.000
   0.083   5.000   1.000   0.000   0.500   0.471   0.000   0.029   0.100   1.000   0.001   0.000
   0.083   5.000   1.000   0.000   0.500   0.470   0.000   0.029   0.100   1.000   0.001   0.000
   0.084   5.000   1.000   0.000   0.501   0.470   0.000   0.030   0.100   1.000   0.002   0.000
   0.084   5.000   1.000   0.000   0.501   0.469   0.000   0.030   0.100   1.000   0.002   0.000
   0.085   5.000   1.000   0.000   0.501   0.469   0.000   0.030   0.100   1.000   0.002   0.000
   0.085   5.000   1.000   0.000   0.501   0.469   0.000   0.030   0.100   1.000   0.002   0.000
   0.086   5.000   1.000   0.000   0.501   0.468   0.000   0.031   0.100   1.000   0.002   0.000
   0.086   5.000   1.000   0.000   0.501   0.468   0.000   0.031   0.100   1.000   0.002   0.000
   0.087   5.000   1.000   0.000   0.501   0.468   0.000   0.031   0.100   1.000   0.002   0.000
   0.087   5.000   1.000   0.000   0.501   0.467   0.000   0.031   0.100   1.000   0.003   0.000
   0.088   6.000   1.000   0.000   0.501   0.467   0.000   0.031   0.100   1.000   0.003   0.000
   0.088   6.000   1.000   0.000   0.502   0.467   0.000   0.032   0.100   1.000   0.003   0.000
   0.089   6.000   1.000   0.000   0.502   0.466   0.000   0.032   0.100   1.000   0.003   0.000
   0.089   6.000   1.000   0.000   0.502   0.466   0.000   0.032   0.100   1.000   0.003   0.000
   0.090   6.000   1.000   0.000   0.502   0.466   0.000   0.032   0.100   1.000   0.003   0.000
   0.090   6.000   1.000   0.000   0.502   0.465   0.000   0.032   0.100   1.000   0.004   0.000
   0.091   6.000   1.000   0.000   0.502   0.465   0.000   0.033   0.100   1.000   0.004   0.000
   0.091   6.000   1.000   0.000   0.502   0.465   0.000   0.033   0.100   1.000   0.004   0.000
   0.092   6.000   1.000   0.000   0.503   0.465   0.000   0.033   0.100   1.000   0.004   0.000
   0.092   6.000   1.000   0.000   0.503   0.464   0.000   0.033   0.100   1.000   0.004   0.000
   0.093   6.000   1.000   0.000   0.503   0.464   0.000   0.033   0.100   1.000   0.004   0.000
   0.093   6.000   1.000   0.000   0.503   0.464   0.000   0.033   0.100   1.000   0.005   0.000
   0.094   6.000   1.000   0.000   0.503   0.464   0.000   0.033   0.100   1.000   0.005   0.000
   0.094   6.000   1.000   0.000   0.503   0.464   0.000   0.034   0.100   1.000   0.005   0.000
   0.095   6.000   1.000   0.000   0.503   0.463   0.000   0.034   0.100   1.000   0.005   0.000
   0.095   6.000   1.000   0.000   0.503   0.463   0.000   0.034   0.100   1.000   0.005   0.000
   0.096   6.000   1.000   0.000   0.503   0.463   0.000   0.034   0.100   1.000   0.005   0.000
   0.096   6.000   1.000   0.000   0.503   0.463   0.000   0.034   0.100   1.000   0.006   0.000
   0.097   6.000   1.000   0.000   0.503   0.462   0.000   0.034   0.100   1.000   0.006   0.000
   0.097   6.000   1.000   0.000   0.503   0.462   0.000   0.034   0.100   1.000   0.006   0.000
   0.098   6.000   1.000   0.000   0.503   0.462   0.000   0.034   0.100   1.000   0.006   0.000
   0.098   6.000   1.000   0.000   0.504   0.462   0.000   0.034   0.100   1.000   0.006   0.000
   0.099   6.000   1.000   0.000   0.504   0.462   0.000   0.034   0.100   1.000   0.006   0.000
   0.099   6.000   1.000   0.000   0.504   0.462   0.000   0.034   0.100   1.000   0.007   0.000
   0.100   6.000   1.000   0.000   0.504   0.462   0.000   0.035   0.100   1.000   0.007   0.000
   0.100   6.000   1.000   0.000   0.504   0.462   0.000   0.035   0.100   1.000   0.007   0.000
    STEP   AVACS   MODE1   MODE2   MODE3   MODE4
       1   5.000   0.513   0.433   0.054   0.000
       2   6.000   0.454   0.464   0.082   0.000
       3   7.000   0.415   0.522   0.063   0.000
       4   7.000   0.375   0.588   0.037   0.000
       5   4.000   0.337   0.659   0.004   0.000
       6   6.000   0.251   0.748   0.001   0.000
       7   6.000   0.159   0.841   0.001   0.000
       8   7.000   0.051   0.949   0.000   0.000
       9   6.000   0.076   0.924   0.000   0.000
      10   5.000   0.163   0.837   0.000   0.000
      11   7.000   0.233   0.767   0.000   0.000
      12   7.000   0.294   0.705   0.000   0.000
      13   7.000   0.349   0.651   0.000   0.000
      14   5.000   0.394   0.606   0.000   0.000
      15   5.000   0.449   0.551   0.000   0.000
      16   5.000   0.498   0.502   0.000   0.000
      17   6.000   0.529   0.470   0.000   0.001
      18   4.000   0.548   0.452   0.000   0.000
      19   6.000   0.504   0.462   0.000   0.035
      20   7.000   0.451   0.516   0.000   0.034
      21   5.000   0.417   0.571   0.000   0.012
      22   5.000   0.401   0.598   0.000   0.001
      23   4.000   0.341   0.659   0.000   0.000
      24   6.000   0.252   0.748   0.000   0.000
      25   6.000   0.159   0.841   0.000   0.000
      26   7.000   0.051   0.949   0.000   0.000
      27   6.000   0.074   0.921   0.000   0.004
      28   5.000   0.161   0.834   0.000   0.004
      29   7.000   0.232   0.765   0.000   0.004
      30   7.000   0.293   0.704   0.000   0.003
      31   7.000   0.348   0.650   0.000   0.002
      32   5.000   0.393   0.606   0.000   0.001
      33   5.000   0.449   0.551   0.000   0.000
      34   5.000   0.498   0.502   0.001   0.000
      35   6.000   0.526   0.469   0.005   0.000
      36   4.000   0.546   0.452   0.002   0.000
  STRAIN   AVACS   PRITW   SECTW   MODE1   MODE2   MODE3   MODE4   TWFR3   EFFR3   TWFR4   EFFR4
   0.100   6.000   1.000   0.000   0.504   0.462   0.000   0.035   0.100   1.000   0.007   0.000
   0.101   6.000   1.000   0.000   0.504   0.461   0.000   0.035   0.100   1.000   0.007   0.000
   0.101   6.000   1.000   0.000   0.504   0.461   0.000   0.035   0.100   1.000   0.007   0.000
   0.102   6.000   1.000   0.000   0.504   0.461   0.000   0.035   0.100   1.000   0.007   0.000
   0.102   6.000   1.000   0.000   0.504   0.461   0.000   0.035   0.100   1.000   0.008   0.000
   0.103   6.000   1.000   0.000   0.504   0.461   0.000   0.035   0.100   1.000   0.008   0.000
   0.103   6.000   1.000   0.000   0.504   0.461   0.000   0.035   0.100   1.000   0.008   0.000
   0.104   6.000   1.000   0.000   0.504   0.461   0.000   0.035   0.100   1.000   0.008   0.000
   0.104   6.000   1.000   0.000   0.504   0.461   0.000   0.035   0.100   1.000   0.008   0.000
   0.105   6.000   1.000   0.000   0.504   0.461   0.000   0.035   0.100   1.000   0.008   0.000
   0.105   6.000   1.000   0.000   0.504   0.461   0.000   0.035   0.100   1.000   0.009   0.000
   0.106   6.000   1.000   0.000   0.505   0.461   0.000   0.035   0.100   1.000   0.009   0.000
   0.106   6.000   1.000   0.000   0.505   0.461   0.000   0.034   0.100   1.000   0.009   0.000
   0.107   6.000   1.000   0.000   0.505   0.461   0.000   0.034   0.100   1.000   0.009   0.000
   0.107   6.000   1.000   0.000   0.505   0.461   0.000   0.034   0.100   1.000   0.009   0.000
   0.108   6.000   1.000   0.000   0.505   0.461   0.000   0.034   0.100   1.000   0.010   0.000
   0.108   6.000   1.000   0.000   0.505   0.461   0.000   0.034   0.100   1.000   0.010   0.000
   0.109   6.000   1.000   0.000   0.505   0.461   0.000   0.034   0.100   1.000   0.010   0.000
   0.109   6.000   1.000   0.000   0.505   0.461   0.000   0.034   0.100   1.000   0.010   0.000
   0.110   6.000   1.000   0.000   0.505   0.461   0.000   0.034   0.100   1.000   0.010   0.000
   0.110   6.000   1.000   0.000   0.505   0.461   0.000   0.034   0.100   1.000   0.010   0.000
   0.111   6.000   1.000   0.000   0.505   0.461   0.000   0.034   0.100   1.000   0.011   0.000
   0.111   6.000   1.000   0.000   0.505   0.461   0.000   0.034   0.100   1.000   0.011   0.000
   0.112   6.000   1.000   0.000   0.505   0.461   0.000   0.034   0.100   1.000   0.011   0.000
   0.112   6.000   1.000   0.000   0.505   0.461   0.000   0.033   0.100   1.000   0.011   0.000
   0.113   6.000   1.000   0.000   0.505   0.462   0.000   0.033   0.100   1.000   0.011   0.000
   0.113   6.000   1.000   0.000   0.505   0.462   0.000   0.033   0.100   1.000   0.011   0.000
   0.114   6.000   1.000   0.000   0.505   0.462   0.000   0.033   0.100   1.000   0.012   0.000
   0.114   6.000   1.000   0.000   0.505   0.462   0.000   0.033   0.100   1.000   0.012   0.000
   0.115   6.000   1.000   0.000   0.505   0.462   0.000   0.033   0.100   1.000   0.012   0.000
   0.115   6.000   1.000   0.000   0.505   0.462   0.000   0.032   0.100   1.000   0.012   0.000
   0.116   6.000   1.000   0.000   0.505   0.462   0.000   0.032   0.100   1.000   0.012   0.000
   0.116   6.000   1.000   0.000   0.505   0.463   0.000   0.032   0.100   1.000   0.012   0.000
   0.117   6.000   1.000   0.000   0.505   0.463   0.000   0.032   0.100   1.000   0.012   0.000
   0.117   6.000   1.000   0.000   0.505   0.463   0.000   0.031   0.100   1.000   0.013   0.000
   0.118   6.000   1.000   0.000   0.505   0.463   0.000   0.031   0.100   1.000   0.013   0.000
   0.118   6.000   1.000   0.000   0.505   0.464   0.000   0.031   0.100   1.000   0.013   0.000
   0.119   6.000   1.000   0.000   0.505   0.464   0.000   0.031   0.100   1.000   0.013   0.000
   0.119   6.000   1.000   0.000   0.505   0.464   0.000   0.030   0.100   1.000   0.013   0.000
   0.120   6.000   1.000   0.000   0.505   0.465   0.000   0.030   0.100   1.000   0.013   0.000
   0.120   6.000   1.000   0.000   0.505   0.465   0.000   0.030   0.100   1.000   0.014   0.000
   0.121   6.000   1.000   0.000   0.505   0.465   0.000   0.030   0.100   1.000   0.014   0.000
   0.121   6.000   1.000   0.000   0.505   0.466   0.000   0.029   0.100   1.000   0.014   0.000
   0.122   6.000   1.000   0.000   0.505   0.466   0.000   0.029   0.100   1.000   0.014   0.000
   0.122   6.000   1.000   0.000   0.505   0.467   0.000   0.028   0.100   1.000   0.014   0.000
   0.123   6.000   1.000   0.000   0.505   0.467   0.000   0.028   0.100   1.000   0.014   0.000
   0.123   6.000   1.000   0.000   0.505   0.468   0.000   0.028   0.100   1.000   0.014   0.000
   0.124   6.000   1.000   0.000   0.505   0.468   0.000   0.027   0.100   1.000   0.015   0.000
   0.124   6.000   1.000   0.000   0.505   0.468   0.000   0.027   0.100   1.000   0.015   0.000
   0.125   6.000   1.000   0.000   0.505   0.469   0.000   0.027   0.100   1.000   0.015   0.000
   0.125   5.000   1.000   0.000   0.505   0.469   0.000   0.026   0.100   1.000   0.015   0.000
    STEP   AVACS   MODE1   MODE2   MODE3   MODE4
       1   3.000   0.508   0.470   0.023   0.000
       2   7.000   0.443   0.491   0.067   0.000
       3   7.000   0.399   0.544   0.057   0.000
       4   7.000   0.358   0.606   0.036   0.000
       5   6.000   0.332   0.663   0.005   0.000
       6   6.000   0.257   0.742   0.002   0.000
       7   7.000   0.175   0.824   0.001   0.000
       8   7.000   0.075   0.925   0.001   0.000
       9   5.000   0.074   0.925   0.000   0.000
      10   5.000   0.166   0.834   0.000   0.000
      11   7.000   0.237   0.763   0.000   0.000
      12   7.000   0.298   0.702   0.000   0.000
      13   7.000   0.352   0.648   0.000   0.000
      14   6.000   0.396   0.604   0.000   0.000
      15   5.000   0.445   0.555   0.000   0.000
      16   5.000   0.486   0.514   0.000   0.000
      17   6.000   0.517   0.483   0.000   0.001
      18   5.000   0.529   0.471   0.000   0.000
      19   5.000   0.505   0.469   0.000   0.026
      20   7.000   0.453   0.524   0.000   0.023
      21   5.000   0.436   0.561   0.000   0.002
      22   6.000   0.384   0.615   0.000   0.001
      23   6.000   0.336   0.664   0.000   0.000
      24   6.000   0.258   0.742   0.000   0.000
      25   7.000   0.175   0.824   0.000   0.000
      26   7.000   0.075   0.925   0.000   0.000
      27   5.000   0.072   0.923   0.000   0.005
      28   5.000   0.163   0.832   0.000   0.005
      29   7.000   0.235   0.761   0.000   0.004
      30   7.000   0.297   0.700   0.000   0.003
      31   7.000   0.352   0.646   0.000   0.002
      32   6.000   0.396   0.604   0.000   0.001
      33   5.000   0.445   0.555   0.000   0.000
      34   5.000   0.485   0.514   0.001   0.000
      35   6.000   0.512   0.482   0.006   0.000
      36   5.000   0.529   0.471   0.000   0.000
