          Evm          Svm            E11          E22          E33          E23          E13          E12         SDEV11       SDEV22       SDEV33       SDEV23       SDEV13       SDEV12      TEMP
  0.00000E+00  0.33250E+03    0.00000E+00  0.00000E+00  0.00000E+00  0.00000E+00  0.00000E+00  0.00000E+00   -0.75998E+02 -0.11468E+03  0.19068E+03  0.91836E+02 -0.74222E+01  0.26842E+02      298.00
  0.43010E-03  0.34060E+03   -0.25000E-03 -0.25000E-03  0.50000E-03  0.00000E+00  0.00000E+00  0.00000E+00   -0.77122E+02 -0.11637E+03  0.19349E+03  0.97102E+02 -0.68973E+01  0.26984E+02      298.00
  0.85617E-03  0.34833E+03   -0.50000E-03 -0.50000E-03  0.10000E-02  0.00000E+00  0.00000E+00  0.00000E+00   -0.78216E+02 -0.11802E+03  0.19623E+03  0.10192E+03 -0.65492E+01  0.27131E+02      298.00
  0.12787E-02  0.35583E+03   -0.75000E-03 -0.75000E-03  0.15000E-02  0.00000E+00  0.00000E+00  0.00000E+00   -0.79267E+02 -0.11965E+03  0.19891E+03  0.10647E+03 -0.63512E+01  0.27309E+02      298.00
  0.16980E-02  0.36318E+03   -0.10000E-02 -0.10000E-02  0.20000E-02  0.00000E+00  0.00000E+00  0.00000E+00   -0.80267E+02 -0.12127E+03  0.20153E+03  0.11085E+03 -0.62696E+01  0.27534E+02      298.00
  0.21141E-02  0.37032E+03   -0.12500E-02 -0.12500E-02  0.25000E-02  0.00000E+00  0.00000E+00  0.00000E+00   -0.81237E+02 -0.12286E+03  0.20410E+03  0.11500E+03 -0.62789E+01  0.27784E+02      298.00
  0.25275E-02  0.37739E+03   -0.15000E-02 -0.15000E-02  0.30000E-02  0.00000E+00  0.00000E+00  0.00000E+00   -0.82157E+02 -0.12446E+03  0.20662E+03  0.11907E+03 -0.63553E+01  0.28093E+02      298.00
  0.29381E-02  0.38422E+03   -0.17500E-02 -0.17500E-02  0.35000E-02  0.00000E+00  0.00000E+00  0.00000E+00   -0.83060E+02 -0.12603E+03  0.20909E+03  0.12292E+03 -0.64906E+01  0.28409E+02      298.00
  0.33463E-02  0.39097E+03   -0.20000E-02 -0.20000E-02  0.40000E-02  0.00000E+00  0.00000E+00  0.00000E+00   -0.83925E+02 -0.12759E+03  0.21152E+03  0.12668E+03 -0.66703E+01  0.28770E+02      298.00
  0.37520E-02  0.39766E+03   -0.22500E-02 -0.22500E-02  0.45000E-02  0.00000E+00  0.00000E+00  0.00000E+00   -0.84752E+02 -0.12915E+03  0.21390E+03  0.13040E+03 -0.68665E+01  0.29178E+02      298.00
  0.41554E-02  0.40411E+03   -0.25000E-02 -0.25000E-02  0.50000E-02  0.00000E+00  0.00000E+00  0.00000E+00   -0.85573E+02 -0.13068E+03  0.21625E+03  0.13390E+03 -0.71138E+01  0.29578E+02      298.00
  0.45568E-02  0.41046E+03   -0.27500E-02 -0.27500E-02  0.55000E-02  0.00000E+00  0.00000E+00  0.00000E+00   -0.86368E+02 -0.13219E+03  0.21856E+03  0.13731E+03 -0.73869E+01  0.30004E+02      298.00
  0.49561E-02  0.41670E+03   -0.30000E-02 -0.30000E-02  0.60000E-02  0.00000E+00  0.00000E+00  0.00000E+00   -0.87140E+02 -0.13369E+03  0.22083E+03  0.14064E+03 -0.76817E+01  0.30453E+02      298.00
  0.53536E-02  0.42298E+03   -0.32500E-02 -0.32500E-02  0.65000E-02  0.00000E+00  0.00000E+00  0.00000E+00   -0.87873E+02 -0.13519E+03  0.22307E+03  0.14401E+03 -0.79413E+01  0.30952E+02      298.00
  0.57491E-02  0.42903E+03   -0.35000E-02 -0.35000E-02  0.70000E-02  0.00000E+00  0.00000E+00  0.00000E+00   -0.88605E+02 -0.13666E+03  0.22527E+03  0.14718E+03 -0.82714E+01  0.31435E+02      298.00
  0.61429E-02  0.43500E+03   -0.37500E-02 -0.37500E-02  0.75000E-02  0.00000E+00  0.00000E+00  0.00000E+00   -0.89318E+02 -0.13812E+03  0.22744E+03  0.15029E+03 -0.86169E+01  0.31933E+02      298.00
  0.65350E-02  0.44088E+03   -0.40000E-02 -0.40000E-02  0.80000E-02  0.00000E+00  0.00000E+00  0.00000E+00   -0.90013E+02 -0.13957E+03  0.22958E+03  0.15334E+03 -0.89765E+01  0.32446E+02      298.00
  0.69256E-02  0.44668E+03   -0.42500E-02 -0.42500E-02  0.85000E-02  0.00000E+00  0.00000E+00  0.00000E+00   -0.90691E+02 -0.14100E+03  0.23169E+03  0.15634E+03 -0.93493E+01  0.32969E+02      298.00
  0.73146E-02  0.45241E+03   -0.45000E-02 -0.45000E-02  0.90000E-02  0.00000E+00  0.00000E+00  0.00000E+00   -0.91354E+02 -0.14242E+03  0.23377E+03  0.15928E+03 -0.97343E+01  0.33503E+02      298.00
  0.77022E-02  0.45821E+03   -0.47500E-02 -0.47500E-02  0.95000E-02  0.00000E+00  0.00000E+00  0.00000E+00   -0.91980E+02 -0.14385E+03  0.23583E+03  0.16230E+03 -0.10025E+02  0.34078E+02      298.00
  0.80881E-02  0.46379E+03   -0.50000E-02 -0.50000E-02  0.10000E-01  0.00000E+00  0.00000E+00  0.00000E+00   -0.92614E+02 -0.14524E+03  0.23785E+03  0.16514E+03 -0.10430E+02  0.34625E+02      298.00
  0.84728E-02  0.46930E+03   -0.52500E-02 -0.52500E-02  0.10500E-01  0.00000E+00  0.00000E+00  0.00000E+00   -0.93234E+02 -0.14662E+03  0.23985E+03  0.16793E+03 -0.10847E+02  0.35178E+02      298.00
  0.88561E-02  0.47474E+03   -0.55000E-02 -0.55000E-02  0.11000E-01  0.00000E+00  0.00000E+00  0.00000E+00   -0.93842E+02 -0.14798E+03  0.24182E+03  0.17067E+03 -0.11275E+02  0.35735E+02      298.00
  0.92381E-02  0.48001E+03   -0.57500E-02 -0.57500E-02  0.11500E-01  0.00000E+00  0.00000E+00  0.00000E+00   -0.94453E+02 -0.14932E+03  0.24377E+03  0.17328E+03 -0.11797E+02  0.36275E+02      298.00
  0.96190E-02  0.48545E+03   -0.60000E-02 -0.60000E-02  0.12000E-01  0.00000E+00  0.00000E+00  0.00000E+00   -0.95019E+02 -0.15068E+03  0.24570E+03  0.17607E+03 -0.12072E+02  0.36859E+02      298.00
  0.99986E-02  0.49070E+03   -0.62500E-02 -0.62500E-02  0.12500E-01  0.00000E+00  0.00000E+00  0.00000E+00   -0.95592E+02 -0.15200E+03  0.24760E+03  0.17870E+03 -0.12529E+02  0.37423E+02      298.00
  0.10377E-01  0.49589E+03   -0.65000E-02 -0.65000E-02  0.13000E-01  0.00000E+00  0.00000E+00  0.00000E+00   -0.96155E+02 -0.15332E+03  0.24947E+03  0.18129E+03 -0.12996E+02  0.37987E+02      298.00
  0.10754E-01  0.50102E+03   -0.67500E-02 -0.67500E-02  0.13500E-01  0.00000E+00  0.00000E+00  0.00000E+00   -0.96708E+02 -0.15461E+03  0.25132E+03  0.18384E+03 -0.13473E+02  0.38551E+02      298.00
  0.11131E-01  0.50609E+03   -0.70000E-02 -0.70000E-02  0.14000E-01  0.00000E+00  0.00000E+00  0.00000E+00   -0.97252E+02 -0.15590E+03  0.25315E+03  0.18636E+03 -0.13959E+02  0.39114E+02      298.00
  0.11506E-01  0.51111E+03   -0.72500E-02 -0.72500E-02  0.14500E-01  0.00000E+00  0.00000E+00  0.00000E+00   -0.97787E+02 -0.15717E+03  0.25496E+03  0.18884E+03 -0.14455E+02  0.39674E+02      298.00
  0.11880E-01  0.51607E+03   -0.75000E-02 -0.75000E-02  0.15000E-01  0.00000E+00  0.00000E+00  0.00000E+00   -0.98314E+02 -0.15843E+03  0.25674E+03  0.19129E+03 -0.14958E+02  0.40233E+02      298.00
  0.12253E-01  0.52098E+03   -0.77500E-02 -0.77500E-02  0.15500E-01  0.00000E+00  0.00000E+00  0.00000E+00   -0.98831E+02 -0.15968E+03  0.25851E+03  0.19372E+03 -0.15466E+02  0.40790E+02      298.00
  0.12625E-01  0.52585E+03   -0.80000E-02 -0.80000E-02  0.16000E-01  0.00000E+00  0.00000E+00  0.00000E+00   -0.99340E+02 -0.16091E+03  0.26025E+03  0.19612E+03 -0.15978E+02  0.41345E+02      298.00
  0.12996E-01  0.53068E+03   -0.82500E-02 -0.82500E-02  0.16500E-01  0.00000E+00  0.00000E+00  0.00000E+00   -0.99840E+02 -0.16213E+03  0.26197E+03  0.19850E+03 -0.16494E+02  0.41898E+02      298.00
  0.13367E-01  0.53546E+03   -0.85000E-02 -0.85000E-02  0.17000E-01  0.00000E+00  0.00000E+00  0.00000E+00   -0.10033E+03 -0.16334E+03  0.26367E+03  0.20086E+03 -0.17010E+02  0.42449E+02      298.00
  0.13736E-01  0.54021E+03   -0.87500E-02 -0.87500E-02  0.17500E-01  0.00000E+00  0.00000E+00  0.00000E+00   -0.10081E+03 -0.16454E+03  0.26535E+03  0.20322E+03 -0.17520E+02  0.42999E+02      298.00
  0.14104E-01  0.54493E+03   -0.90000E-02 -0.90000E-02  0.18000E-01  0.00000E+00  0.00000E+00  0.00000E+00   -0.10129E+03 -0.16573E+03  0.26702E+03  0.20555E+03 -0.18026E+02  0.43547E+02      298.00
  0.14472E-01  0.54959E+03   -0.92500E-02 -0.92500E-02  0.18500E-01  0.00000E+00  0.00000E+00  0.00000E+00   -0.10176E+03 -0.16690E+03  0.26866E+03  0.20785E+03 -0.18545E+02  0.44086E+02      298.00
  0.14838E-01  0.55416E+03   -0.95000E-02 -0.95000E-02  0.19000E-01  0.00000E+00  0.00000E+00  0.00000E+00   -0.10223E+03 -0.16805E+03  0.27028E+03  0.21009E+03 -0.19088E+02  0.44612E+02      298.00
  0.15204E-01  0.55866E+03   -0.97500E-02 -0.97500E-02  0.19500E-01  0.00000E+00  0.00000E+00  0.00000E+00   -0.10269E+03 -0.16919E+03  0.27188E+03  0.21228E+03 -0.19645E+02  0.45128E+02      298.00
  0.15569E-01  0.56313E+03   -0.10000E-01 -0.10000E-01  0.20000E-01  0.00000E+00  0.00000E+00  0.00000E+00   -0.10315E+03 -0.17032E+03  0.27347E+03  0.21448E+03 -0.20197E+02  0.45643E+02      298.00
  0.15933E-01  0.56758E+03   -0.10250E-01 -0.10250E-01  0.20500E-01  0.00000E+00  0.00000E+00  0.00000E+00   -0.10360E+03 -0.17143E+03  0.27503E+03  0.21665E+03 -0.20751E+02  0.46155E+02      298.00
  0.16297E-01  0.57199E+03   -0.10500E-01 -0.10500E-01  0.21000E-01  0.00000E+00  0.00000E+00  0.00000E+00   -0.10404E+03 -0.17254E+03  0.27658E+03  0.21881E+03 -0.21312E+02  0.46662E+02      298.00
  0.16659E-01  0.57639E+03   -0.10750E-01 -0.10750E-01  0.21500E-01  0.00000E+00  0.00000E+00  0.00000E+00   -0.10449E+03 -0.17363E+03  0.27811E+03  0.22097E+03 -0.21995E+02  0.47185E+02      298.00
  0.17021E-01  0.58071E+03   -0.11000E-01 -0.11000E-01  0.22000E-01  0.00000E+00  0.00000E+00  0.00000E+00   -0.10492E+03 -0.17470E+03  0.27963E+03  0.22308E+03 -0.22552E+02  0.47680E+02      298.00
  0.17382E-01  0.58500E+03   -0.11250E-01 -0.11250E-01  0.22500E-01  0.00000E+00  0.00000E+00  0.00000E+00   -0.10534E+03 -0.17577E+03  0.28112E+03  0.22520E+03 -0.22970E+02  0.48158E+02      298.00
  0.17743E-01  0.58914E+03   -0.11500E-01 -0.11500E-01  0.23000E-01  0.00000E+00  0.00000E+00  0.00000E+00   -0.10577E+03 -0.17682E+03  0.28259E+03  0.22722E+03 -0.23402E+02  0.48601E+02      298.00
  0.18103E-01  0.59340E+03   -0.11750E-01 -0.11750E-01  0.23500E-01  0.00000E+00  0.00000E+00  0.00000E+00   -0.10619E+03 -0.17786E+03  0.28405E+03  0.22933E+03 -0.23947E+02  0.49090E+02      298.00
  0.18462E-01  0.59775E+03   -0.12000E-01 -0.12000E-01  0.24000E-01  0.00000E+00  0.00000E+00  0.00000E+00   -0.10660E+03 -0.17890E+03  0.28550E+03  0.23148E+03 -0.24756E+02  0.49634E+02      298.00
  0.18820E-01  0.60172E+03   -0.12250E-01 -0.12250E-01  0.24500E-01  0.00000E+00  0.00000E+00  0.00000E+00   -0.10701E+03 -0.17991E+03  0.28692E+03  0.23343E+03 -0.25060E+02  0.50032E+02      298.00
  0.19178E-01  0.60588E+03   -0.12500E-01 -0.12500E-01  0.25000E-01  0.00000E+00  0.00000E+00  0.00000E+00   -0.10741E+03 -0.18092E+03  0.28833E+03  0.23549E+03 -0.25596E+02  0.50506E+02      298.00
          Evm          Svm            E11          E22          E33          E23          E13          E12         SDEV11       SDEV22       SDEV33       SDEV23       SDEV13       SDEV12      TEMP
  0.19178E-01  0.60592E+03   -0.12500E-01 -0.12500E-01  0.25000E-01  0.00000E+00  0.00000E+00  0.00000E+00   -0.10743E+03 -0.18091E+03  0.28833E+03  0.23548E+03 -0.25928E+02  0.50556E+02      298.00
  0.19534E-01  0.60994E+03   -0.12750E-01 -0.12750E-01  0.25500E-01  0.00000E+00  0.00000E+00  0.00000E+00   -0.10782E+03 -0.18191E+03  0.28972E+03  0.23749E+03 -0.26152E+02  0.50962E+02      298.00
  0.19891E-01  0.61409E+03   -0.13000E-01 -0.13000E-01  0.26000E-01  0.00000E+00  0.00000E+00  0.00000E+00   -0.10822E+03 -0.18289E+03  0.29111E+03  0.23953E+03 -0.26973E+02  0.51472E+02      298.00
  0.20246E-01  0.61793E+03   -0.13250E-01 -0.13250E-01  0.26500E-01  0.00000E+00  0.00000E+00  0.00000E+00   -0.10861E+03 -0.18384E+03  0.29246E+03  0.24142E+03 -0.27266E+02  0.51847E+02      298.00
  0.20601E-01  0.62203E+03   -0.13500E-01 -0.13500E-01  0.27000E-01  0.00000E+00  0.00000E+00  0.00000E+00   -0.10901E+03 -0.18480E+03  0.29381E+03  0.24344E+03 -0.28076E+02  0.52349E+02      298.00
  0.20955E-01  0.62575E+03   -0.13750E-01 -0.13750E-01  0.27500E-01  0.00000E+00  0.00000E+00  0.00000E+00   -0.10940E+03 -0.18573E+03  0.29513E+03  0.24527E+03 -0.28387E+02  0.52701E+02      298.00
  0.21309E-01  0.62982E+03   -0.14000E-01 -0.14000E-01  0.28000E-01  0.00000E+00  0.00000E+00  0.00000E+00   -0.10979E+03 -0.18667E+03  0.29645E+03  0.24729E+03 -0.29172E+02  0.53200E+02      298.00
  0.21662E-01  0.63339E+03   -0.14250E-01 -0.14250E-01  0.28500E-01  0.00000E+00  0.00000E+00  0.00000E+00   -0.11018E+03 -0.18756E+03  0.29774E+03  0.24902E+03 -0.29509E+02  0.53524E+02      298.00
  0.22015E-01  0.63747E+03   -0.14500E-01 -0.14500E-01  0.29000E-01  0.00000E+00  0.00000E+00  0.00000E+00   -0.11055E+03 -0.18848E+03  0.29903E+03  0.25108E+03 -0.30260E+02  0.54027E+02      298.00
  0.22367E-01  0.64108E+03   -0.14750E-01 -0.14750E-01  0.29500E-01  0.00000E+00  0.00000E+00  0.00000E+00   -0.11093E+03 -0.18937E+03  0.30029E+03  0.25285E+03 -0.30614E+02  0.54368E+02      298.00
  0.22718E-01  0.64481E+03   -0.15000E-01 -0.15000E-01  0.30000E-01  0.00000E+00  0.00000E+00  0.00000E+00   -0.11130E+03 -0.19025E+03  0.30154E+03  0.25470E+03 -0.31140E+02  0.54758E+02      298.00
  0.23069E-01  0.64844E+03   -0.15250E-01 -0.15250E-01  0.30500E-01  0.00000E+00  0.00000E+00  0.00000E+00   -0.11168E+03 -0.19110E+03  0.30278E+03  0.25647E+03 -0.31711E+02  0.55133E+02      298.00
  0.23419E-01  0.65206E+03   -0.15500E-01 -0.15500E-01  0.31000E-01  0.00000E+00  0.00000E+00  0.00000E+00   -0.11205E+03 -0.19195E+03  0.30400E+03  0.25826E+03 -0.32234E+02  0.55504E+02      298.00
  0.23768E-01  0.65592E+03   -0.15750E-01 -0.15750E-01  0.31500E-01  0.00000E+00  0.00000E+00  0.00000E+00   -0.11241E+03 -0.19281E+03  0.30522E+03  0.26021E+03 -0.32936E+02  0.55960E+02      298.00
  0.24117E-01  0.65931E+03   -0.16000E-01 -0.16000E-01  0.32000E-01  0.00000E+00  0.00000E+00  0.00000E+00   -0.11277E+03 -0.19363E+03  0.30640E+03  0.26187E+03 -0.33316E+02  0.56257E+02      298.00
  0.24466E-01  0.66282E+03   -0.16250E-01 -0.16250E-01  0.32500E-01  0.00000E+00  0.00000E+00  0.00000E+00   -0.11314E+03 -0.19444E+03  0.30758E+03  0.26361E+03 -0.33851E+02  0.56609E+02      298.00
  0.24814E-01  0.66640E+03   -0.16500E-01 -0.16500E-01  0.33000E-01  0.00000E+00  0.00000E+00  0.00000E+00   -0.11349E+03 -0.19526E+03  0.30875E+03  0.26540E+03 -0.34328E+02  0.56971E+02      298.00
  0.25161E-01  0.66998E+03   -0.16750E-01 -0.16750E-01  0.33500E-01  0.00000E+00  0.00000E+00  0.00000E+00   -0.11383E+03 -0.19607E+03  0.30990E+03  0.26722E+03 -0.34787E+02  0.57337E+02      298.00
  0.25508E-01  0.67352E+03   -0.17000E-01 -0.17000E-01  0.34000E-01  0.00000E+00  0.00000E+00  0.00000E+00   -0.11420E+03 -0.19685E+03  0.31105E+03  0.26897E+03 -0.35562E+02  0.57735E+02      298.00
  0.25855E-01  0.67674E+03   -0.17250E-01 -0.17250E-01  0.34500E-01  0.00000E+00  0.00000E+00  0.00000E+00   -0.11455E+03 -0.19761E+03  0.31216E+03  0.27055E+03 -0.35919E+02  0.57995E+02      298.00
  0.26201E-01  0.68017E+03   -0.17500E-01 -0.17500E-01  0.35000E-01  0.00000E+00  0.00000E+00  0.00000E+00   -0.11490E+03 -0.19838E+03  0.31327E+03  0.27228E+03 -0.36395E+02  0.58330E+02      298.00
  0.26546E-01  0.68359E+03   -0.17750E-01 -0.17750E-01  0.35500E-01  0.00000E+00  0.00000E+00  0.00000E+00   -0.11523E+03 -0.19914E+03  0.31437E+03  0.27401E+03 -0.36864E+02  0.58664E+02      298.00
  0.26891E-01  0.68696E+03   -0.18000E-01 -0.18000E-01  0.36000E-01  0.00000E+00  0.00000E+00  0.00000E+00   -0.11557E+03 -0.19988E+03  0.31546E+03  0.27571E+03 -0.37341E+02  0.58989E+02      298.00
  0.27235E-01  0.69032E+03   -0.18250E-01 -0.18250E-01  0.36500E-01  0.00000E+00  0.00000E+00  0.00000E+00   -0.11594E+03 -0.20060E+03  0.31654E+03  0.27737E+03 -0.38100E+02  0.59352E+02      298.00
  0.27579E-01  0.69341E+03   -0.18500E-01 -0.18500E-01  0.37000E-01  0.00000E+00  0.00000E+00  0.00000E+00   -0.11627E+03 -0.20132E+03  0.31758E+03  0.27891E+03 -0.38423E+02  0.59586E+02      298.00
  0.27923E-01  0.69667E+03   -0.18750E-01 -0.18750E-01  0.37500E-01  0.00000E+00  0.00000E+00  0.00000E+00   -0.11660E+03 -0.20203E+03  0.31863E+03  0.28056E+03 -0.38892E+02  0.59890E+02      298.00
  0.28266E-01  0.69991E+03   -0.19000E-01 -0.19000E-01  0.38000E-01  0.00000E+00  0.00000E+00  0.00000E+00   -0.11693E+03 -0.20273E+03  0.31966E+03  0.28220E+03 -0.39359E+02  0.60188E+02      298.00
  0.28608E-01  0.70310E+03   -0.19250E-01 -0.19250E-01  0.38500E-01  0.00000E+00  0.00000E+00  0.00000E+00   -0.11726E+03 -0.20342E+03  0.32069E+03  0.28382E+03 -0.39827E+02  0.60479E+02      298.00
  0.28951E-01  0.70626E+03   -0.19500E-01 -0.19500E-01  0.39000E-01  0.00000E+00  0.00000E+00  0.00000E+00   -0.11759E+03 -0.20410E+03  0.32169E+03  0.28543E+03 -0.40297E+02  0.60764E+02      298.00
  0.29292E-01  0.70939E+03   -0.19750E-01 -0.19750E-01  0.39500E-01  0.00000E+00  0.00000E+00  0.00000E+00   -0.11792E+03 -0.20477E+03  0.32269E+03  0.28701E+03 -0.40767E+02  0.61041E+02      298.00
  0.29633E-01  0.71248E+03   -0.20000E-01 -0.20000E-01  0.40000E-01  0.00000E+00  0.00000E+00  0.00000E+00   -0.11825E+03 -0.20543E+03  0.32367E+03  0.28858E+03 -0.41236E+02  0.61311E+02      298.00
  0.29974E-01  0.71557E+03   -0.20250E-01 -0.20250E-01  0.40500E-01  0.00000E+00  0.00000E+00  0.00000E+00   -0.11860E+03 -0.20606E+03  0.32465E+03  0.29010E+03 -0.41966E+02  0.61620E+02      298.00
  0.30314E-01  0.71846E+03   -0.20500E-01 -0.20500E-01  0.41000E-01  0.00000E+00  0.00000E+00  0.00000E+00   -0.11891E+03 -0.20670E+03  0.32560E+03  0.29157E+03 -0.42246E+02  0.61815E+02      298.00
  0.30654E-01  0.72146E+03   -0.20750E-01 -0.20750E-01  0.41500E-01  0.00000E+00  0.00000E+00  0.00000E+00   -0.11923E+03 -0.20733E+03  0.32655E+03  0.29310E+03 -0.42699E+02  0.62069E+02      298.00
  0.30994E-01  0.72444E+03   -0.21000E-01 -0.21000E-01  0.42000E-01  0.00000E+00  0.00000E+00  0.00000E+00   -0.11954E+03 -0.20794E+03  0.32749E+03  0.29462E+03 -0.43150E+02  0.62316E+02      298.00
  0.31333E-01  0.72738E+03   -0.21250E-01 -0.21250E-01  0.42500E-01  0.00000E+00  0.00000E+00  0.00000E+00   -0.11986E+03 -0.20855E+03  0.32841E+03  0.29612E+03 -0.43599E+02  0.62558E+02      298.00
  0.31671E-01  0.73030E+03   -0.21500E-01 -0.21500E-01  0.43000E-01  0.00000E+00  0.00000E+00  0.00000E+00   -0.12018E+03 -0.20915E+03  0.32933E+03  0.29761E+03 -0.44047E+02  0.62793E+02      298.00
  0.32010E-01  0.73318E+03   -0.21750E-01 -0.21750E-01  0.43500E-01  0.00000E+00  0.00000E+00  0.00000E+00   -0.12049E+03 -0.20974E+03  0.33023E+03  0.29908E+03 -0.44492E+02  0.63022E+02      298.00
  0.32347E-01  0.73603E+03   -0.22000E-01 -0.22000E-01  0.44000E-01  0.00000E+00  0.00000E+00  0.00000E+00   -0.12080E+03 -0.21032E+03  0.33112E+03  0.30054E+03 -0.44935E+02  0.63246E+02      298.00
  0.32685E-01  0.73885E+03   -0.22250E-01 -0.22250E-01  0.44500E-01  0.00000E+00  0.00000E+00  0.00000E+00   -0.12111E+03 -0.21089E+03  0.33200E+03  0.30199E+03 -0.45376E+02  0.63463E+02      298.00
  0.33022E-01  0.74164E+03   -0.22500E-01 -0.22500E-01  0.45000E-01  0.00000E+00  0.00000E+00  0.00000E+00   -0.12142E+03 -0.21145E+03  0.33287E+03  0.30342E+03 -0.45814E+02  0.63675E+02      298.00
  0.33358E-01  0.74440E+03   -0.22750E-01 -0.22750E-01  0.45500E-01  0.00000E+00  0.00000E+00  0.00000E+00   -0.12173E+03 -0.21200E+03  0.33373E+03  0.30484E+03 -0.46249E+02  0.63881E+02      298.00
  0.33695E-01  0.74714E+03   -0.23000E-01 -0.23000E-01  0.46000E-01  0.00000E+00  0.00000E+00  0.00000E+00   -0.12204E+03 -0.21254E+03  0.33458E+03  0.30624E+03 -0.46682E+02  0.64082E+02      298.00
  0.34031E-01  0.74997E+03   -0.23250E-01 -0.23250E-01  0.46500E-01  0.00000E+00  0.00000E+00  0.00000E+00   -0.12235E+03 -0.21307E+03  0.33543E+03  0.30768E+03 -0.47321E+02  0.64324E+02      298.00
  0.34366E-01  0.75260E+03   -0.23500E-01 -0.23500E-01  0.47000E-01  0.00000E+00  0.00000E+00  0.00000E+00   -0.12266E+03 -0.21359E+03  0.33625E+03  0.30902E+03 -0.47789E+02  0.64506E+02      298.00
  0.34701E-01  0.75525E+03   -0.23750E-01 -0.23750E-01  0.47500E-01  0.00000E+00  0.00000E+00  0.00000E+00   -0.12297E+03 -0.21410E+03  0.33707E+03  0.31038E+03 -0.48225E+02  0.64690E+02      298.00
  0.35036E-01  0.75789E+03   -0.24000E-01 -0.24000E-01  0.48000E-01  0.00000E+00  0.00000E+00  0.00000E+00   -0.12327E+03 -0.21461E+03  0.33788E+03  0.31175E+03 -0.48640E+02  0.64873E+02      298.00
  0.35370E-01  0.76051E+03   -0.24250E-01 -0.24250E-01  0.48500E-01  0.00000E+00  0.00000E+00  0.00000E+00   -0.12356E+03 -0.21511E+03  0.33867E+03  0.31311E+03 -0.49043E+02  0.65052E+02      298.00
  0.35704E-01  0.76310E+03   -0.24500E-01 -0.24500E-01  0.49000E-01  0.00000E+00  0.00000E+00  0.00000E+00   -0.12386E+03 -0.21560E+03  0.33946E+03  0.31446E+03 -0.49439E+02  0.65225E+02      298.00
  0.36038E-01  0.76567E+03   -0.24750E-01 -0.24750E-01  0.49500E-01  0.00000E+00  0.00000E+00  0.00000E+00   -0.12415E+03 -0.21608E+03  0.34023E+03  0.31579E+03 -0.49832E+02  0.65393E+02      298.00
  0.36371E-01  0.76821E+03   -0.25000E-01 -0.25000E-01  0.50000E-01  0.00000E+00  0.00000E+00  0.00000E+00   -0.12445E+03 -0.21655E+03  0.34100E+03  0.31711E+03 -0.50222E+02  0.65555E+02      298.00
          Evm          Svm            E11          E22          E33          E23          E13          E12         SDEV11       SDEV22       SDEV33       SDEV23       SDEV13       SDEV12      TEMP
  0.36371E-01  0.76785E+03   -0.25000E-01 -0.25000E-01  0.50000E-01  0.00000E+00  0.00000E+00  0.00000E+00   -0.12448E+03 -0.21651E+03  0.34099E+03  0.31683E+03 -0.50389E+02  0.65497E+02      298.00
  0.36704E-01  0.77069E+03   -0.25250E-01 -0.25250E-01  0.50500E-01  0.00000E+00  0.00000E+00  0.00000E+00   -0.12474E+03 -0.21702E+03  0.34176E+03  0.31841E+03 -0.50626E+02  0.65706E+02      298.00
  0.37037E-01  0.77318E+03   -0.25500E-01 -0.25500E-01  0.51000E-01  0.00000E+00  0.00000E+00  0.00000E+00   -0.12503E+03 -0.21747E+03  0.34250E+03  0.31970E+03 -0.51010E+02  0.65859E+02      298.00
  0.37369E-01  0.77563E+03   -0.25750E-01 -0.25750E-01  0.51500E-01  0.00000E+00  0.00000E+00  0.00000E+00   -0.12532E+03 -0.21792E+03  0.34324E+03  0.32099E+03 -0.51394E+02  0.66005E+02      298.00
  0.37701E-01  0.77806E+03   -0.26000E-01 -0.26000E-01  0.52000E-01  0.00000E+00  0.00000E+00  0.00000E+00   -0.12561E+03 -0.21836E+03  0.34397E+03  0.32226E+03 -0.51778E+02  0.66145E+02      298.00
  0.38032E-01  0.78046E+03   -0.26250E-01 -0.26250E-01  0.52500E-01  0.00000E+00  0.00000E+00  0.00000E+00   -0.12590E+03 -0.21879E+03  0.34469E+03  0.32351E+03 -0.52159E+02  0.66280E+02      298.00
  0.38364E-01  0.78283E+03   -0.26500E-01 -0.26500E-01  0.53000E-01  0.00000E+00  0.00000E+00  0.00000E+00   -0.12618E+03 -0.21921E+03  0.34540E+03  0.32475E+03 -0.52539E+02  0.66410E+02      298.00
  0.38695E-01  0.78518E+03   -0.26750E-01 -0.26750E-01  0.53500E-01  0.00000E+00  0.00000E+00  0.00000E+00   -0.12647E+03 -0.21963E+03  0.34610E+03  0.32598E+03 -0.52916E+02  0.66535E+02      298.00
  0.39025E-01  0.78747E+03   -0.27000E-01 -0.27000E-01  0.54000E-01  0.00000E+00  0.00000E+00  0.00000E+00   -0.12678E+03 -0.22001E+03  0.34679E+03  0.32715E+03 -0.53446E+02  0.66681E+02      298.00
  0.39355E-01  0.78976E+03   -0.27250E-01 -0.27250E-01  0.54500E-01  0.00000E+00  0.00000E+00  0.00000E+00   -0.12706E+03 -0.22041E+03  0.34747E+03  0.32836E+03 -0.53816E+02  0.66795E+02      298.00
  0.39685E-01  0.79203E+03   -0.27500E-01 -0.27500E-01  0.55000E-01  0.00000E+00  0.00000E+00  0.00000E+00   -0.12734E+03 -0.22081E+03  0.34814E+03  0.32955E+03 -0.54184E+02  0.66905E+02      298.00
  0.40015E-01  0.79428E+03   -0.27750E-01 -0.27750E-01  0.55500E-01  0.00000E+00  0.00000E+00  0.00000E+00   -0.12762E+03 -0.22119E+03  0.34881E+03  0.33074E+03 -0.54551E+02  0.67010E+02      298.00
  0.40344E-01  0.79650E+03   -0.28000E-01 -0.28000E-01  0.56000E-01  0.00000E+00  0.00000E+00  0.00000E+00   -0.12790E+03 -0.22157E+03  0.34947E+03  0.33191E+03 -0.54915E+02  0.67111E+02      298.00
  0.40673E-01  0.79870E+03   -0.28250E-01 -0.28250E-01  0.56500E-01  0.00000E+00  0.00000E+00  0.00000E+00   -0.12817E+03 -0.22194E+03  0.35011E+03  0.33307E+03 -0.55278E+02  0.67206E+02      298.00
  0.41002E-01  0.80087E+03   -0.28500E-01 -0.28500E-01  0.57000E-01  0.00000E+00  0.00000E+00  0.00000E+00   -0.12845E+03 -0.22230E+03  0.35075E+03  0.33422E+03 -0.55638E+02  0.67298E+02      298.00
  0.41331E-01  0.80302E+03   -0.28750E-01 -0.28750E-01  0.57500E-01  0.00000E+00  0.00000E+00  0.00000E+00   -0.12873E+03 -0.22265E+03  0.35138E+03  0.33536E+03 -0.55995E+02  0.67385E+02      298.00
  0.41659E-01  0.80515E+03   -0.29000E-01 -0.29000E-01  0.58000E-01  0.00000E+00  0.00000E+00  0.00000E+00   -0.12900E+03 -0.22300E+03  0.35200E+03  0.33649E+03 -0.56349E+02  0.67467E+02      298.00
  0.41987E-01  0.80726E+03   -0.29250E-01 -0.29250E-01  0.58500E-01  0.00000E+00  0.00000E+00  0.00000E+00   -0.12927E+03 -0.22334E+03  0.35262E+03  0.33760E+03 -0.56701E+02  0.67546E+02      298.00
  0.42314E-01  0.80934E+03   -0.29500E-01 -0.29500E-01  0.59000E-01  0.00000E+00  0.00000E+00  0.00000E+00   -0.12955E+03 -0.22368E+03  0.35322E+03  0.33871E+03 -0.57049E+02  0.67620E+02      298.00
  0.42642E-01  0.81140E+03   -0.29750E-01 -0.29750E-01  0.59500E-01  0.00000E+00  0.00000E+00  0.00000E+00   -0.12982E+03 -0.22400E+03  0.35382E+03  0.33981E+03 -0.57394E+02  0.67690E+02      298.00
  0.42969E-01  0.81344E+03   -0.30000E-01 -0.30000E-01  0.60000E-01  0.00000E+00  0.00000E+00  0.00000E+00   -0.13009E+03 -0.22432E+03  0.35441E+03  0.34090E+03 -0.57737E+02  0.67757E+02      298.00
  0.43296E-01  0.81546E+03   -0.30250E-01 -0.30250E-01  0.60500E-01  0.00000E+00  0.00000E+00  0.00000E+00   -0.13036E+03 -0.22464E+03  0.35499E+03  0.34197E+03 -0.58076E+02  0.67819E+02      298.00
  0.43622E-01  0.81745E+03   -0.30500E-01 -0.30500E-01  0.61000E-01  0.00000E+00  0.00000E+00  0.00000E+00   -0.13062E+03 -0.22494E+03  0.35557E+03  0.34304E+03 -0.58413E+02  0.67877E+02      298.00
  0.43948E-01  0.81943E+03   -0.30750E-01 -0.30750E-01  0.61500E-01  0.00000E+00  0.00000E+00  0.00000E+00   -0.13089E+03 -0.22524E+03  0.35613E+03  0.34410E+03 -0.58747E+02  0.67932E+02      298.00
  0.44274E-01  0.82138E+03   -0.31000E-01 -0.31000E-01  0.62000E-01  0.00000E+00  0.00000E+00  0.00000E+00   -0.13116E+03 -0.22554E+03  0.35669E+03  0.34515E+03 -0.59077E+02  0.67982E+02      298.00
  0.44600E-01  0.82331E+03   -0.31250E-01 -0.31250E-01  0.62500E-01  0.00000E+00  0.00000E+00  0.00000E+00   -0.13142E+03 -0.22582E+03  0.35724E+03  0.34619E+03 -0.59405E+02  0.68029E+02      298.00
  0.44925E-01  0.82523E+03   -0.31500E-01 -0.31500E-01  0.63000E-01  0.00000E+00  0.00000E+00  0.00000E+00   -0.13168E+03 -0.22610E+03  0.35779E+03  0.34722E+03 -0.59729E+02  0.68073E+02      298.00
  0.45251E-01  0.82712E+03   -0.31750E-01 -0.31750E-01  0.63500E-01  0.00000E+00  0.00000E+00  0.00000E+00   -0.13195E+03 -0.22638E+03  0.35832E+03  0.34824E+03 -0.60051E+02  0.68112E+02      298.00
  0.45575E-01  0.82899E+03   -0.32000E-01 -0.32000E-01  0.64000E-01  0.00000E+00  0.00000E+00  0.00000E+00   -0.13221E+03 -0.22665E+03  0.35885E+03  0.34925E+03 -0.60369E+02  0.68148E+02      298.00
  0.45900E-01  0.83085E+03   -0.32250E-01 -0.32250E-01  0.64500E-01  0.00000E+00  0.00000E+00  0.00000E+00   -0.13247E+03 -0.22691E+03  0.35938E+03  0.35026E+03 -0.60685E+02  0.68181E+02      298.00
  0.46224E-01  0.83268E+03   -0.32500E-01 -0.32500E-01  0.65000E-01  0.00000E+00  0.00000E+00  0.00000E+00   -0.13273E+03 -0.22716E+03  0.35989E+03  0.35125E+03 -0.60997E+02  0.68210E+02      298.00
  0.46549E-01  0.83450E+03   -0.32750E-01 -0.32750E-01  0.65500E-01  0.00000E+00  0.00000E+00  0.00000E+00   -0.13299E+03 -0.22741E+03  0.36040E+03  0.35224E+03 -0.61307E+02  0.68236E+02      298.00
  0.46873E-01  0.83630E+03   -0.33000E-01 -0.33000E-01  0.66000E-01  0.00000E+00  0.00000E+00  0.00000E+00   -0.13324E+03 -0.22766E+03  0.36090E+03  0.35321E+03 -0.61613E+02  0.68258E+02      298.00
  0.47196E-01  0.83807E+03   -0.33250E-01 -0.33250E-01  0.66500E-01  0.00000E+00  0.00000E+00  0.00000E+00   -0.13350E+03 -0.22789E+03  0.36139E+03  0.35418E+03 -0.61916E+02  0.68277E+02      298.00
  0.47520E-01  0.83983E+03   -0.33500E-01 -0.33500E-01  0.67000E-01  0.00000E+00  0.00000E+00  0.00000E+00   -0.13375E+03 -0.22813E+03  0.36188E+03  0.35514E+03 -0.62216E+02  0.68293E+02      298.00
  0.47843E-01  0.84157E+03   -0.33750E-01 -0.33750E-01  0.67500E-01  0.00000E+00  0.00000E+00  0.00000E+00   -0.13401E+03 -0.22835E+03  0.36236E+03  0.35610E+03 -0.62513E+02  0.68306E+02      298.00
  0.48166E-01  0.84330E+03   -0.34000E-01 -0.34000E-01  0.68000E-01  0.00000E+00  0.00000E+00  0.00000E+00   -0.13426E+03 -0.22857E+03  0.36284E+03  0.35704E+03 -0.62807E+02  0.68315E+02      298.00
  0.48488E-01  0.84500E+03   -0.34250E-01 -0.34250E-01  0.68500E-01  0.00000E+00  0.00000E+00  0.00000E+00   -0.13452E+03 -0.22879E+03  0.36330E+03  0.35798E+03 -0.63097E+02  0.68322E+02      298.00
  0.48811E-01  0.84669E+03   -0.34500E-01 -0.34500E-01  0.69000E-01  0.00000E+00  0.00000E+00  0.00000E+00   -0.13477E+03 -0.22900E+03  0.36376E+03  0.35891E+03 -0.63385E+02  0.68325E+02      298.00
  0.49133E-01  0.84836E+03   -0.34750E-01 -0.34750E-01  0.69500E-01  0.00000E+00  0.00000E+00  0.00000E+00   -0.13502E+03 -0.22920E+03  0.36422E+03  0.35983E+03 -0.63669E+02  0.68326E+02      298.00
  0.49455E-01  0.85002E+03   -0.35000E-01 -0.35000E-01  0.70000E-01  0.00000E+00  0.00000E+00  0.00000E+00   -0.13527E+03 -0.22940E+03  0.36467E+03  0.36074E+03 -0.63950E+02  0.68324E+02      298.00
  0.49777E-01  0.85165E+03   -0.35250E-01 -0.35250E-01  0.70500E-01  0.00000E+00  0.00000E+00  0.00000E+00   -0.13552E+03 -0.22959E+03  0.36511E+03  0.36165E+03 -0.64227E+02  0.68318E+02      298.00
  0.50098E-01  0.85327E+03   -0.35500E-01 -0.35500E-01  0.71000E-01  0.00000E+00  0.00000E+00  0.00000E+00   -0.13576E+03 -0.22978E+03  0.36554E+03  0.36255E+03 -0.64502E+02  0.68310E+02      298.00
  0.50420E-01  0.85488E+03   -0.35750E-01 -0.35750E-01  0.71500E-01  0.00000E+00  0.00000E+00  0.00000E+00   -0.13601E+03 -0.22996E+03  0.36597E+03  0.36344E+03 -0.64773E+02  0.68300E+02      298.00
  0.50741E-01  0.85647E+03   -0.36000E-01 -0.36000E-01  0.72000E-01  0.00000E+00  0.00000E+00  0.00000E+00   -0.13626E+03 -0.23014E+03  0.36640E+03  0.36432E+03 -0.65041E+02  0.68286E+02      298.00
  0.51062E-01  0.85804E+03   -0.36250E-01 -0.36250E-01  0.72500E-01  0.00000E+00  0.00000E+00  0.00000E+00   -0.13650E+03 -0.23031E+03  0.36681E+03  0.36520E+03 -0.65305E+02  0.68270E+02      298.00
  0.51382E-01  0.85960E+03   -0.36500E-01 -0.36500E-01  0.73000E-01  0.00000E+00  0.00000E+00  0.00000E+00   -0.13675E+03 -0.23048E+03  0.36722E+03  0.36607E+03 -0.65566E+02  0.68251E+02      298.00
  0.51703E-01  0.86114E+03   -0.36750E-01 -0.36750E-01  0.73500E-01  0.00000E+00  0.00000E+00  0.00000E+00   -0.13699E+03 -0.23064E+03  0.36763E+03  0.36694E+03 -0.65824E+02  0.68230E+02      298.00
  0.52023E-01  0.86266E+03   -0.37000E-01 -0.37000E-01  0.74000E-01  0.00000E+00  0.00000E+00  0.00000E+00   -0.13723E+03 -0.23079E+03  0.36803E+03  0.36779E+03 -0.66079E+02  0.68206E+02      298.00
  0.52343E-01  0.86417E+03   -0.37250E-01 -0.37250E-01  0.74500E-01  0.00000E+00  0.00000E+00  0.00000E+00   -0.13748E+03 -0.23094E+03  0.36842E+03  0.36864E+03 -0.66330E+02  0.68180E+02      298.00
  0.52663E-01  0.86567E+03   -0.37500E-01 -0.37500E-01  0.75000E-01  0.00000E+00  0.00000E+00  0.00000E+00   -0.13772E+03 -0.23109E+03  0.36881E+03  0.36949E+03 -0.66577E+02  0.68152E+02      298.00
          Evm          Svm            E11          E22          E33          E23          E13          E12         SDEV11       SDEV22       SDEV33       SDEV23       SDEV13       SDEV12      TEMP
  0.52663E-01  0.86522E+03   -0.37500E-01 -0.37500E-01  0.75000E-01  0.00000E+00  0.00000E+00  0.00000E+00   -0.13774E+03 -0.23105E+03  0.36879E+03  0.36913E+03 -0.66818E+02  0.68063E+02      298.00
  0.52982E-01  0.86714E+03   -0.37750E-01 -0.37750E-01  0.75500E-01  0.00000E+00  0.00000E+00  0.00000E+00   -0.13796E+03 -0.23123E+03  0.36919E+03  0.37032E+03 -0.66833E+02  0.68119E+02      298.00
  0.53302E-01  0.86862E+03   -0.38000E-01 -0.38000E-01  0.76000E-01  0.00000E+00  0.00000E+00  0.00000E+00   -0.13820E+03 -0.23137E+03  0.36957E+03  0.37116E+03 -0.67062E+02  0.68087E+02      298.00
  0.53621E-01  0.87007E+03   -0.38250E-01 -0.38250E-01  0.76500E-01  0.00000E+00  0.00000E+00  0.00000E+00   -0.13844E+03 -0.23150E+03  0.36994E+03  0.37199E+03 -0.67299E+02  0.68052E+02      298.00
  0.53940E-01  0.87151E+03   -0.38500E-01 -0.38500E-01  0.77000E-01  0.00000E+00  0.00000E+00  0.00000E+00   -0.13867E+03 -0.23163E+03  0.37030E+03  0.37281E+03 -0.67533E+02  0.68014E+02      298.00
  0.54258E-01  0.87293E+03   -0.38750E-01 -0.38750E-01  0.77500E-01  0.00000E+00  0.00000E+00  0.00000E+00   -0.13891E+03 -0.23175E+03  0.37066E+03  0.37362E+03 -0.67763E+02  0.67974E+02      298.00
  0.54577E-01  0.62272E+03   -0.39000E-01 -0.39000E-01  0.78000E-01  0.00000E+00  0.00000E+00  0.00000E+00   -0.32725E+03  0.60492E+02  0.26675E+03 -0.38991E+02  0.54107E+02  0.18401E+03      298.00
  0.54898E-01  0.62314E+03   -0.39250E-01 -0.39250E-01  0.78500E-01  0.00000E+00  0.00000E+00  0.00000E+00   -0.32726E+03  0.60199E+02  0.26706E+03 -0.38994E+02  0.54013E+02  0.18433E+03      298.00
  0.55219E-01  0.62426E+03   -0.39500E-01 -0.39500E-01  0.79000E-01  0.00000E+00  0.00000E+00  0.00000E+00   -0.32800E+03  0.60525E+02  0.26748E+03 -0.39041E+02  0.54240E+02  0.18449E+03      298.00
  0.55541E-01  0.62432E+03   -0.39750E-01 -0.39750E-01  0.79500E-01  0.00000E+00  0.00000E+00  0.00000E+00   -0.32808E+03  0.60349E+02  0.26773E+03 -0.38962E+02  0.53911E+02  0.18445E+03      298.00
  0.55862E-01  0.62495E+03   -0.40000E-01 -0.40000E-01  0.80000E-01  0.00000E+00  0.00000E+00  0.00000E+00   -0.32844E+03  0.60417E+02  0.26802E+03 -0.39005E+02  0.54035E+02  0.18458E+03      298.00
  0.56184E-01  0.62545E+03   -0.40250E-01 -0.40250E-01  0.80500E-01  0.00000E+00  0.00000E+00  0.00000E+00   -0.32877E+03  0.60454E+02  0.26831E+03 -0.38998E+02  0.54018E+02  0.18464E+03      298.00
  0.56506E-01  0.62611E+03   -0.40500E-01 -0.40500E-01  0.81000E-01  0.00000E+00  0.00000E+00  0.00000E+00   -0.32927E+03  0.60653E+02  0.26862E+03 -0.39046E+02  0.54173E+02  0.18463E+03      298.00
  0.56827E-01  0.62670E+03   -0.40750E-01 -0.40750E-01  0.81500E-01  0.00000E+00  0.00000E+00  0.00000E+00   -0.32966E+03  0.60724E+02  0.26893E+03 -0.39031E+02  0.54172E+02  0.18471E+03      298.00
  0.57149E-01  0.62727E+03   -0.41000E-01 -0.41000E-01  0.82000E-01  0.00000E+00  0.00000E+00  0.00000E+00   -0.33003E+03  0.60789E+02  0.26924E+03 -0.39021E+02  0.54164E+02  0.18478E+03      298.00
  0.57471E-01  0.62781E+03   -0.41250E-01 -0.41250E-01  0.82500E-01  0.00000E+00  0.00000E+00  0.00000E+00   -0.33040E+03  0.60851E+02  0.26955E+03 -0.39009E+02  0.54153E+02  0.18485E+03      298.00
  0.57793E-01  0.62835E+03   -0.41500E-01 -0.41500E-01  0.83000E-01  0.00000E+00  0.00000E+00  0.00000E+00   -0.33076E+03  0.60912E+02  0.26985E+03 -0.38996E+02  0.54138E+02  0.18490E+03      298.00
  0.58115E-01  0.62887E+03   -0.41750E-01 -0.41750E-01  0.83500E-01  0.00000E+00  0.00000E+00  0.00000E+00   -0.33112E+03  0.60972E+02  0.27015E+03 -0.38980E+02  0.54120E+02  0.18496E+03      298.00
  0.58438E-01  0.62939E+03   -0.42000E-01 -0.42000E-01  0.84000E-01  0.00000E+00  0.00000E+00  0.00000E+00   -0.33148E+03  0.61030E+02  0.27045E+03 -0.38961E+02  0.54099E+02  0.18501E+03      298.00
  0.58760E-01  0.62989E+03   -0.42250E-01 -0.42250E-01  0.84500E-01  0.00000E+00  0.00000E+00  0.00000E+00   -0.33183E+03  0.61087E+02  0.27074E+03 -0.38940E+02  0.54074E+02  0.18505E+03      298.00
  0.59082E-01  0.63039E+03   -0.42500E-01 -0.42500E-01  0.85000E-01  0.00000E+00  0.00000E+00  0.00000E+00   -0.33218E+03  0.61143E+02  0.27103E+03 -0.38917E+02  0.54045E+02  0.18509E+03      298.00
  0.59405E-01  0.63087E+03   -0.42750E-01 -0.42750E-01  0.85500E-01  0.00000E+00  0.00000E+00  0.00000E+00   -0.33252E+03  0.61197E+02  0.27132E+03 -0.38891E+02  0.54013E+02  0.18513E+03      298.00
  0.59727E-01  0.63135E+03   -0.43000E-01 -0.43000E-01  0.86000E-01  0.00000E+00  0.00000E+00  0.00000E+00   -0.33286E+03  0.61251E+02  0.27161E+03 -0.38862E+02  0.53978E+02  0.18516E+03      298.00
  0.60050E-01  0.63182E+03   -0.43250E-01 -0.43250E-01  0.86500E-01  0.00000E+00  0.00000E+00  0.00000E+00   -0.33320E+03  0.61303E+02  0.27189E+03 -0.38832E+02  0.53938E+02  0.18519E+03      298.00
  0.60373E-01  0.63227E+03   -0.43500E-01 -0.43500E-01  0.87000E-01  0.00000E+00  0.00000E+00  0.00000E+00   -0.33353E+03  0.61354E+02  0.27218E+03 -0.38798E+02  0.53895E+02  0.18521E+03      298.00
  0.60695E-01  0.63272E+03   -0.43750E-01 -0.43750E-01  0.87500E-01  0.00000E+00  0.00000E+00  0.00000E+00   -0.33386E+03  0.61404E+02  0.27246E+03 -0.38762E+02  0.53848E+02  0.18523E+03      298.00
  0.61018E-01  0.63304E+03   -0.44000E-01 -0.44000E-01  0.88000E-01  0.00000E+00  0.00000E+00  0.00000E+00   -0.33423E+03  0.61484E+02  0.27274E+03 -0.38601E+02  0.53584E+02  0.18515E+03      298.00
  0.61342E-01  0.63319E+03   -0.44250E-01 -0.44250E-01  0.88500E-01  0.00000E+00  0.00000E+00  0.00000E+00   -0.33422E+03  0.61451E+02  0.27277E+03 -0.38668E+02  0.53693E+02  0.18528E+03      298.00
  0.61665E-01  0.63448E+03   -0.44500E-01 -0.44500E-01  0.89000E-01  0.00000E+00  0.00000E+00  0.00000E+00   -0.33503E+03  0.61547E+02  0.27349E+03 -0.38603E+02  0.53587E+02  0.18550E+03      298.00
  0.61988E-01  0.63462E+03   -0.44750E-01 -0.44750E-01  0.89500E-01  0.00000E+00  0.00000E+00  0.00000E+00   -0.33512E+03  0.61623E+02  0.27350E+03 -0.38647E+02  0.53705E+02  0.18552E+03      298.00
  0.62311E-01  0.63525E+03   -0.45000E-01 -0.45000E-01  0.90000E-01  0.00000E+00  0.00000E+00  0.00000E+00   -0.33566E+03  0.61638E+02  0.27402E+03 -0.38496E+02  0.53440E+02  0.18547E+03      298.00
  0.62635E-01  0.63540E+03   -0.45250E-01 -0.45250E-01  0.90500E-01  0.00000E+00  0.00000E+00  0.00000E+00   -0.33575E+03  0.61711E+02  0.27403E+03 -0.38544E+02  0.53566E+02  0.18550E+03      298.00
  0.62958E-01  0.63599E+03   -0.45500E-01 -0.45500E-01  0.91000E-01  0.00000E+00  0.00000E+00  0.00000E+00   -0.33628E+03  0.61729E+02  0.27455E+03 -0.38376E+02  0.53275E+02  0.18542E+03      298.00
  0.63282E-01  0.63614E+03   -0.45750E-01 -0.45750E-01  0.91500E-01  0.00000E+00  0.00000E+00  0.00000E+00   -0.33635E+03  0.61795E+02  0.27456E+03 -0.38430E+02  0.53406E+02  0.18545E+03      298.00
  0.63606E-01  0.63668E+03   -0.46000E-01 -0.46000E-01  0.92000E-01  0.00000E+00  0.00000E+00  0.00000E+00   -0.33688E+03  0.61816E+02  0.27506E+03 -0.38243E+02  0.53087E+02  0.18535E+03      298.00
  0.63930E-01  0.63683E+03   -0.46250E-01 -0.46250E-01  0.92500E-01  0.00000E+00  0.00000E+00  0.00000E+00   -0.33695E+03  0.61875E+02  0.27508E+03 -0.38302E+02  0.53224E+02  0.18539E+03      298.00
  0.64254E-01  0.63733E+03   -0.46500E-01 -0.46500E-01  0.93000E-01  0.00000E+00  0.00000E+00  0.00000E+00   -0.33747E+03  0.61899E+02  0.27557E+03 -0.38094E+02  0.52875E+02  0.18526E+03      298.00
  0.64578E-01  0.63749E+03   -0.46750E-01 -0.46750E-01  0.93500E-01  0.00000E+00  0.00000E+00  0.00000E+00   -0.33754E+03  0.61952E+02  0.27558E+03 -0.38160E+02  0.53021E+02  0.18531E+03      298.00
  0.64902E-01  0.63794E+03   -0.47000E-01 -0.47000E-01  0.94000E-01  0.00000E+00  0.00000E+00  0.00000E+00   -0.33805E+03  0.61979E+02  0.27608E+03 -0.37928E+02  0.52637E+02  0.18514E+03      298.00
  0.65227E-01  0.63810E+03   -0.47250E-01 -0.47250E-01  0.94500E-01  0.00000E+00  0.00000E+00  0.00000E+00   -0.33811E+03  0.62025E+02  0.27608E+03 -0.38001E+02  0.52792E+02  0.18520E+03      298.00
  0.65551E-01  0.63851E+03   -0.47500E-01 -0.47500E-01  0.95000E-01  0.00000E+00  0.00000E+00  0.00000E+00   -0.33863E+03  0.62056E+02  0.27657E+03 -0.37744E+02  0.52370E+02  0.18500E+03      298.00
  0.65876E-01  0.63867E+03   -0.47750E-01 -0.47750E-01  0.95500E-01  0.00000E+00  0.00000E+00  0.00000E+00   -0.33867E+03  0.62095E+02  0.27658E+03 -0.37826E+02  0.52538E+02  0.18507E+03      298.00
  0.66201E-01  0.63903E+03   -0.48000E-01 -0.48000E-01  0.96000E-01  0.00000E+00  0.00000E+00  0.00000E+00   -0.33919E+03  0.62130E+02  0.27706E+03 -0.37541E+02  0.52073E+02  0.18484E+03      298.00
  0.66526E-01  0.63920E+03   -0.48250E-01 -0.48250E-01  0.96500E-01  0.00000E+00  0.00000E+00  0.00000E+00   -0.33923E+03  0.62162E+02  0.27706E+03 -0.37633E+02  0.52255E+02  0.18492E+03      298.00
  0.66851E-01  0.63969E+03   -0.48500E-01 -0.48500E-01  0.97000E-01  0.00000E+00  0.00000E+00  0.00000E+00   -0.33977E+03  0.62225E+02  0.27754E+03 -0.37421E+02  0.51941E+02  0.18474E+03      298.00
  0.67176E-01  0.63947E+03   -0.48750E-01 -0.48750E-01  0.97500E-01  0.00000E+00  0.00000E+00  0.00000E+00   -0.33964E+03  0.62218E+02  0.27742E+03 -0.37459E+02  0.52030E+02  0.18467E+03      298.00
  0.67502E-01  0.64011E+03   -0.49000E-01 -0.49000E-01  0.98000E-01  0.00000E+00  0.00000E+00  0.00000E+00   -0.34029E+03  0.62282E+02  0.27801E+03 -0.37188E+02  0.51592E+02  0.18453E+03      298.00
  0.67828E-01  0.63993E+03   -0.49250E-01 -0.49250E-01  0.98500E-01  0.00000E+00  0.00000E+00  0.00000E+00   -0.34017E+03  0.62275E+02  0.27789E+03 -0.37235E+02  0.51695E+02  0.18448E+03      298.00
  0.68153E-01  0.64050E+03   -0.49500E-01 -0.49500E-01  0.99000E-01  0.00000E+00  0.00000E+00  0.00000E+00   -0.34081E+03  0.62340E+02  0.27847E+03 -0.36932E+02  0.51208E+02  0.18430E+03      298.00
  0.68479E-01  0.64034E+03   -0.49750E-01 -0.49750E-01  0.99500E-01  0.00000E+00  0.00000E+00  0.00000E+00   -0.34069E+03  0.62330E+02  0.27836E+03 -0.36989E+02  0.51325E+02  0.18427E+03      298.00
  0.68805E-01  0.64085E+03   -0.50000E-01 -0.50000E-01  0.10000E+00  0.00000E+00  0.00000E+00  0.00000E+00   -0.34133E+03  0.62394E+02  0.27893E+03 -0.36650E+02  0.50782E+02  0.18405E+03      298.00
          Evm          Svm            E11          E22          E33          E23          E13          E12         SDEV11       SDEV22       SDEV33       SDEV23       SDEV13       SDEV12      TEMP
  0.68805E-01  0.64074E+03   -0.50000E-01 -0.50000E-01  0.10000E+00  0.00000E+00  0.00000E+00  0.00000E+00   -0.34114E+03  0.62322E+02  0.27881E+03 -0.36795E+02  0.51023E+02  0.18411E+03      298.00
  0.69132E-01  0.64074E+03   -0.50250E-01 -0.50250E-01  0.10050E+00  0.00000E+00  0.00000E+00  0.00000E+00   -0.34114E+03  0.62322E+02  0.27881E+03 -0.36795E+02  0.51023E+02  0.18411E+03      298.00
  0.69458E-01  0.64103E+03   -0.50500E-01 -0.50500E-01  0.10100E+00  0.00000E+00  0.00000E+00  0.00000E+00   -0.34171E+03  0.62429E+02  0.27928E+03 -0.36424E+02  0.50469E+02  0.18376E+03      298.00
  0.69785E-01  0.64084E+03   -0.50750E-01 -0.50750E-01  0.10150E+00  0.00000E+00  0.00000E+00  0.00000E+00   -0.34158E+03  0.62399E+02  0.27918E+03 -0.36464E+02  0.50541E+02  0.18372E+03      298.00
  0.70112E-01  0.64129E+03   -0.51000E-01 -0.51000E-01  0.10200E+00  0.00000E+00  0.00000E+00  0.00000E+00   -0.34220E+03  0.62473E+02  0.27973E+03 -0.36101E+02  0.49972E+02  0.18346E+03      298.00
  0.70439E-01  0.64114E+03   -0.51250E-01 -0.51250E-01  0.10250E+00  0.00000E+00  0.00000E+00  0.00000E+00   -0.34208E+03  0.62444E+02  0.27963E+03 -0.36151E+02  0.50063E+02  0.18344E+03      298.00
  0.70766E-01  0.64137E+03   -0.51500E-01 -0.51500E-01  0.10300E+00  0.00000E+00  0.00000E+00  0.00000E+00   -0.34256E+03  0.62484E+02  0.28008E+03 -0.35809E+02  0.49536E+02  0.18312E+03      298.00
  0.71093E-01  0.64139E+03   -0.51750E-01 -0.51750E-01  0.10350E+00  0.00000E+00  0.00000E+00  0.00000E+00   -0.34253E+03  0.62455E+02  0.28008E+03 -0.35851E+02  0.49596E+02  0.18316E+03      298.00
  0.71421E-01  0.64154E+03   -0.52000E-01 -0.52000E-01  0.10400E+00  0.00000E+00  0.00000E+00  0.00000E+00   -0.34303E+03  0.62519E+02  0.28052E+03 -0.35434E+02  0.48955E+02  0.18277E+03      298.00
  0.71749E-01  0.64158E+03   -0.52250E-01 -0.52250E-01  0.10450E+00  0.00000E+00  0.00000E+00  0.00000E+00   -0.34300E+03  0.62488E+02  0.28051E+03 -0.35485E+02  0.49032E+02  0.18282E+03      298.00
  0.72077E-01  0.64171E+03   -0.52500E-01 -0.52500E-01  0.10500E+00  0.00000E+00  0.00000E+00  0.00000E+00   -0.34347E+03  0.62519E+02  0.28095E+03 -0.35086E+02  0.48411E+02  0.18244E+03      298.00
  0.72405E-01  0.64191E+03   -0.52750E-01 -0.52750E-01  0.10550E+00  0.00000E+00  0.00000E+00  0.00000E+00   -0.34352E+03  0.62499E+02  0.28102E+03 -0.35135E+02  0.48475E+02  0.18254E+03      298.00
  0.72733E-01  0.64177E+03   -0.53000E-01 -0.53000E-01  0.10600E+00  0.00000E+00  0.00000E+00  0.00000E+00   -0.34392E+03  0.62544E+02  0.28137E+03 -0.34649E+02  0.47726E+02  0.18202E+03      298.00
  0.73062E-01  0.64198E+03   -0.53250E-01 -0.53250E-01  0.10650E+00  0.00000E+00  0.00000E+00  0.00000E+00   -0.34397E+03  0.62522E+02  0.28145E+03 -0.34708E+02  0.47807E+02  0.18213E+03      298.00
  0.73391E-01  0.64199E+03   -0.53500E-01 -0.53500E-01  0.10700E+00  0.00000E+00  0.00000E+00  0.00000E+00   -0.34441E+03  0.62541E+02  0.28187E+03 -0.34239E+02  0.47070E+02  0.18168E+03      298.00
  0.73720E-01  0.64219E+03   -0.53750E-01 -0.53750E-01  0.10750E+00  0.00000E+00  0.00000E+00  0.00000E+00   -0.34447E+03  0.62530E+02  0.28194E+03 -0.34288E+02  0.47140E+02  0.18177E+03      298.00
  0.74050E-01  0.64193E+03   -0.54000E-01 -0.54000E-01  0.10800E+00  0.00000E+00  0.00000E+00  0.00000E+00   -0.34484E+03  0.62555E+02  0.28228E+03 -0.33725E+02  0.46255E+02  0.18118E+03      298.00
  0.74379E-01  0.64214E+03   -0.54250E-01 -0.54250E-01  0.10850E+00  0.00000E+00  0.00000E+00  0.00000E+00   -0.34489E+03  0.62541E+02  0.28235E+03 -0.33784E+02  0.46343E+02  0.18128E+03      298.00
  0.74709E-01  0.64201E+03   -0.54500E-01 -0.54500E-01  0.10900E+00  0.00000E+00  0.00000E+00  0.00000E+00   -0.34531E+03  0.62547E+02  0.28276E+03 -0.33230E+02  0.45461E+02  0.18075E+03      298.00
  0.75040E-01  0.64207E+03   -0.54750E-01 -0.54750E-01  0.10950E+00  0.00000E+00  0.00000E+00  0.00000E+00   -0.34530E+03  0.62542E+02  0.28276E+03 -0.33274E+02  0.45536E+02  0.18080E+03      298.00
  0.75370E-01  0.64187E+03   -0.55000E-01 -0.55000E-01  0.11000E+00  0.00000E+00  0.00000E+00  0.00000E+00   -0.34570E+03  0.62540E+02  0.28316E+03 -0.32675E+02  0.44576E+02  0.18022E+03      298.00
  0.75701E-01  0.64182E+03   -0.55250E-01 -0.55250E-01  0.11050E+00  0.00000E+00  0.00000E+00  0.00000E+00   -0.34564E+03  0.62540E+02  0.28310E+03 -0.32708E+02  0.44640E+02  0.18023E+03      298.00
  0.76031E-01  0.64155E+03   -0.55500E-01 -0.55500E-01  0.11100E+00  0.00000E+00  0.00000E+00  0.00000E+00   -0.34603E+03  0.62530E+02  0.28350E+03 -0.32058E+02  0.43593E+02  0.17960E+03      298.00
  0.76363E-01  0.64150E+03   -0.55750E-01 -0.55750E-01  0.11150E+00  0.00000E+00  0.00000E+00  0.00000E+00   -0.34598E+03  0.62527E+02  0.28345E+03 -0.32089E+02  0.43652E+02  0.17961E+03      298.00
  0.76694E-01  0.64116E+03   -0.56000E-01 -0.56000E-01  0.11200E+00  0.00000E+00  0.00000E+00  0.00000E+00   -0.34636E+03  0.62509E+02  0.28385E+03 -0.31382E+02  0.42506E+02  0.17894E+03      298.00
  0.77026E-01  0.64120E+03   -0.56250E-01 -0.56250E-01  0.11250E+00  0.00000E+00  0.00000E+00  0.00000E+00   -0.34635E+03  0.62498E+02  0.28385E+03 -0.31418E+02  0.42566E+02  0.17896E+03      298.00
  0.77358E-01  0.64077E+03   -0.56500E-01 -0.56500E-01  0.11300E+00  0.00000E+00  0.00000E+00  0.00000E+00   -0.34671E+03  0.62471E+02  0.28424E+03 -0.30645E+02  0.41306E+02  0.17823E+03      298.00
  0.77691E-01  0.64088E+03   -0.56750E-01 -0.56750E-01  0.11350E+00  0.00000E+00  0.00000E+00  0.00000E+00   -0.34674E+03  0.62456E+02  0.28428E+03 -0.30685E+02  0.41369E+02  0.17828E+03      298.00
  0.78024E-01  0.64036E+03   -0.57000E-01 -0.57000E-01  0.11400E+00  0.00000E+00  0.00000E+00  0.00000E+00   -0.34709E+03  0.62416E+02  0.28467E+03 -0.29837E+02  0.39979E+02  0.17748E+03      298.00
  0.78357E-01  0.64047E+03   -0.57250E-01 -0.57250E-01  0.11450E+00  0.00000E+00  0.00000E+00  0.00000E+00   -0.34711E+03  0.62407E+02  0.28471E+03 -0.29879E+02  0.40043E+02  0.17753E+03      298.00
  0.78691E-01  0.63989E+03   -0.57500E-01 -0.57500E-01  0.11500E+00  0.00000E+00  0.00000E+00  0.00000E+00   -0.34744E+03  0.62355E+02  0.28508E+03 -0.28985E+02  0.38569E+02  0.17670E+03      298.00
  0.79025E-01  0.63987E+03   -0.57750E-01 -0.57750E-01  0.11550E+00  0.00000E+00  0.00000E+00  0.00000E+00   -0.34741E+03  0.62363E+02  0.28505E+03 -0.29010E+02  0.38616E+02  0.17671E+03      298.00
  0.79359E-01  0.63914E+03   -0.58000E-01 -0.58000E-01  0.11600E+00  0.00000E+00  0.00000E+00  0.00000E+00   -0.34772E+03  0.62296E+02  0.28543E+03 -0.27991E+02  0.36927E+02  0.17576E+03      298.00
  0.79694E-01  0.63913E+03   -0.58250E-01 -0.58250E-01  0.11650E+00  0.00000E+00  0.00000E+00  0.00000E+00   -0.34769E+03  0.62299E+02  0.28540E+03 -0.28018E+02  0.36979E+02  0.17578E+03      298.00
  0.80029E-01  0.63832E+03   -0.58500E-01 -0.58500E-01  0.11700E+00  0.00000E+00  0.00000E+00  0.00000E+00   -0.34798E+03  0.62209E+02  0.28577E+03 -0.26921E+02  0.35157E+02  0.17477E+03      298.00
  0.80364E-01  0.63839E+03   -0.58750E-01 -0.58750E-01  0.11750E+00  0.00000E+00  0.00000E+00  0.00000E+00   -0.34800E+03  0.62197E+02  0.28580E+03 -0.26951E+02  0.35206E+02  0.17480E+03      298.00
  0.80700E-01  0.63749E+03   -0.59000E-01 -0.59000E-01  0.11800E+00  0.00000E+00  0.00000E+00  0.00000E+00   -0.34828E+03  0.62085E+02  0.28620E+03 -0.25740E+02  0.33178E+02  0.17370E+03      298.00
  0.81037E-01  0.63752E+03   -0.59250E-01 -0.59250E-01  0.11850E+00  0.00000E+00  0.00000E+00  0.00000E+00   -0.34828E+03  0.62088E+02  0.28619E+03 -0.25767E+02  0.33222E+02  0.17372E+03      298.00
  0.81374E-01  0.63642E+03   -0.59500E-01 -0.59500E-01  0.11900E+00  0.00000E+00  0.00000E+00  0.00000E+00   -0.34851E+03  0.61970E+02  0.28654E+03 -0.24417E+02  0.30955E+02  0.17250E+03      298.00
  0.81711E-01  0.63642E+03   -0.59750E-01 -0.59750E-01  0.11950E+00  0.00000E+00  0.00000E+00  0.00000E+00   -0.34849E+03  0.61976E+02  0.28652E+03 -0.24440E+02  0.30996E+02  0.17251E+03      298.00
  0.82049E-01  0.63520E+03   -0.60000E-01 -0.60000E-01  0.12000E+00  0.00000E+00  0.00000E+00  0.00000E+00   -0.34870E+03  0.61818E+02  0.28689E+03 -0.22936E+02  0.28464E+02  0.17117E+03      298.00
  0.82388E-01  0.63525E+03   -0.60250E-01 -0.60250E-01  0.12050E+00  0.00000E+00  0.00000E+00  0.00000E+00   -0.34872E+03  0.61808E+02  0.28691E+03 -0.22961E+02  0.28508E+02  0.17119E+03      298.00
  0.82726E-01  0.63391E+03   -0.60500E-01 -0.60500E-01  0.12100E+00  0.00000E+00  0.00000E+00  0.00000E+00   -0.34890E+03  0.61617E+02  0.28729E+03 -0.21289E+02  0.25676E+02  0.16972E+03      298.00
  0.83066E-01  0.63394E+03   -0.60750E-01 -0.60750E-01  0.12150E+00  0.00000E+00  0.00000E+00  0.00000E+00   -0.34890E+03  0.61620E+02  0.28728E+03 -0.21316E+02  0.25719E+02  0.16974E+03      298.00
  0.83406E-01  0.63240E+03   -0.61000E-01 -0.61000E-01  0.12200E+00  0.00000E+00  0.00000E+00  0.00000E+00   -0.34902E+03  0.61413E+02  0.28761E+03 -0.19476E+02  0.22593E+02  0.16813E+03      298.00
  0.83747E-01  0.63243E+03   -0.61250E-01 -0.61250E-01  0.12250E+00  0.00000E+00  0.00000E+00  0.00000E+00   -0.34902E+03  0.61410E+02  0.28761E+03 -0.19497E+02  0.22632E+02  0.16815E+03      298.00
  0.84088E-01  0.63082E+03   -0.61500E-01 -0.61500E-01  0.12300E+00  0.00000E+00  0.00000E+00  0.00000E+00   -0.34914E+03  0.61132E+02  0.28800E+03 -0.17449E+02  0.19143E+02  0.16638E+03      298.00
  0.84431E-01  0.63083E+03   -0.61750E-01 -0.61750E-01  0.12350E+00  0.00000E+00  0.00000E+00  0.00000E+00   -0.34913E+03  0.61136E+02  0.28800E+03 -0.17471E+02  0.19178E+02  0.16640E+03      298.00
  0.84773E-01  0.62901E+03   -0.62000E-01 -0.62000E-01  0.12400E+00  0.00000E+00  0.00000E+00  0.00000E+00   -0.34917E+03  0.60829E+02  0.28834E+03 -0.15174E+02  0.15250E+02  0.16444E+03      298.00
  0.85117E-01  0.62902E+03   -0.62250E-01 -0.62250E-01  0.12450E+00  0.00000E+00  0.00000E+00  0.00000E+00   -0.34917E+03  0.60834E+02  0.28833E+03 -0.15195E+02  0.15288E+02  0.16446E+03      298.00
  0.85461E-01  0.62713E+03   -0.62500E-01 -0.62500E-01  0.12500E+00  0.00000E+00  0.00000E+00  0.00000E+00   -0.34916E+03  0.60453E+02  0.28871E+03 -0.12670E+02  0.10971E+02  0.16234E+03      298.00
