    STEP   AVACS   MODE1   MODE2   MODE3   MODE4
       1   5.000   0.166   0.834   0.000   0.000
       2   6.000   0.271   0.729   0.000   0.000
       3   5.000   0.362   0.638   0.000   0.000
       4   4.000   0.463   0.537   0.000   0.000
       5   7.000   0.462   0.538   0.000   0.000
       6   8.000   0.478   0.522   0.000   0.000
       7   6.000   0.520   0.480   0.000   0.000
       8   5.000   0.621   0.379   0.000   0.000
       9   6.000   0.599   0.401   0.000   0.000
      10   6.000   0.516   0.484   0.000   0.000
      11   5.000   0.453   0.547   0.000   0.000
      12   7.000   0.398   0.602   0.000   0.000
      13   6.000   0.339   0.661   0.000   0.000
      14   6.000   0.279   0.721   0.000   0.000
      15   6.000   0.216   0.784   0.000   0.000
      16   6.000   0.145   0.855   0.000   0.000
      17   5.000   0.060   0.940   0.000   0.000
      18   4.000   0.044   0.956   0.000   0.000
      19   5.000   0.166   0.834   0.000   0.000
      20   6.000   0.271   0.729   0.000   0.000
      21   5.000   0.362   0.638   0.000   0.000
      22   4.000   0.463   0.537   0.000   0.000
      23   6.000   0.493   0.474   0.033   0.000
      24   6.000   0.506   0.395   0.099   0.000
      25   5.000   0.512   0.350   0.138   0.000
      26   5.000   0.623   0.376   0.001   0.000
      27   6.000   0.599   0.401   0.000   0.000
      28   6.000   0.516   0.484   0.000   0.000
      29   5.000   0.453   0.547   0.000   0.000
      30   7.000   0.398   0.602   0.000   0.000
      31   6.000   0.339   0.661   0.000   0.000
      32   6.000   0.279   0.721   0.000   0.000
      33   6.000   0.216   0.784   0.000   0.000
      34   6.000   0.145   0.855   0.000   0.000
      35   5.000   0.060   0.940   0.000   0.000
      36   4.000   0.044   0.956   0.000   0.000
  STRAIN   AVACS   PRITW   SECTW   MODE1   MODE2   MODE3   MODE4   TWFR3   EFFR3   TWFR4   EFFR4
   0.000   5.000   0.000   0.000   0.166   0.834   0.000   0.000   0.000   0.000   0.000   0.000
   0.001   5.000   0.000   0.000   0.163   0.837   0.000   0.000   0.000   0.000   0.000   0.000
   0.001   5.000   0.000   0.000   0.160   0.840   0.000   0.000   0.000   0.000   0.000   0.000
   0.002   5.000   0.000   0.000   0.158   0.842   0.000   0.000   0.000   0.000   0.000   0.000
   0.002   5.000   0.000   0.000   0.157   0.843   0.000   0.000   0.000   0.000   0.000   0.000
   0.003   5.000   0.000   0.000   0.155   0.845   0.000   0.000   0.000   0.000   0.000   0.000
   0.003   5.000   0.000   0.000   0.154   0.846   0.000   0.000   0.000   0.000   0.000   0.000
   0.004   5.000   0.000   0.000   0.153   0.847   0.000   0.000   0.000   0.000   0.000   0.000
   0.004   6.000   0.000   0.000   0.153   0.847   0.000   0.000   0.000   0.000   0.000   0.000
   0.005   6.000   0.000   0.000   0.152   0.848   0.000   0.000   0.000   0.000   0.000   0.000
   0.005   6.000   0.000   0.000   0.151   0.849   0.000   0.000   0.000   0.000   0.000   0.000
   0.006   6.000   0.000   0.000   0.151   0.849   0.000   0.000   0.000   0.000   0.000   0.000
   0.006   6.000   0.000   0.000   0.151   0.849   0.000   0.000   0.000   0.000   0.000   0.000
   0.007   6.000   0.000   0.000   0.151   0.849   0.000   0.000   0.000   0.000   0.000   0.000
   0.007   6.000   0.000   0.000   0.151   0.849   0.000   0.000   0.000   0.000   0.000   0.000
   0.008   6.000   0.000   0.000   0.151   0.849   0.000   0.000   0.000   0.000   0.000   0.000
   0.008   6.000   0.000   0.000   0.150   0.850   0.000   0.000   0.000   0.000   0.000   0.000
   0.009   6.000   0.000   0.000   0.150   0.850   0.000   0.000   0.000   0.000   0.000   0.000
   0.009   6.000   0.000   0.000   0.151   0.849   0.000   0.000   0.000   0.000   0.000   0.000
   0.010   6.000   0.000   0.000   0.151   0.849   0.000   0.000   0.000   0.000   0.000   0.000
   0.010   6.000   0.000   0.000   0.151   0.849   0.000   0.000   0.000   0.000   0.000   0.000
   0.011   6.000   0.000   0.000   0.151   0.849   0.000   0.000   0.000   0.000   0.000   0.000
   0.011   6.000   0.000   0.000   0.151   0.849   0.000   0.000   0.000   0.000   0.000   0.000
   0.012   6.000   0.000   0.000   0.151   0.849   0.000   0.000   0.000   0.000   0.000   0.000
   0.012   6.000   0.000   0.000   0.152   0.848   0.000   0.000   0.000   0.000   0.000   0.000
   0.013   6.000   0.000   0.000   0.152   0.848   0.000   0.000   0.000   0.000   0.000   0.000
   0.013   6.000   0.000   0.000   0.152   0.848   0.000   0.000   0.000   0.000   0.000   0.000
   0.014   6.000   0.000   0.000   0.152   0.848   0.000   0.000   0.000   0.000   0.000   0.000
   0.014   6.000   0.000   0.000   0.153   0.847   0.000   0.000   0.000   0.000   0.000   0.000
   0.015   6.000   0.000   0.000   0.153   0.847   0.000   0.000   0.000   0.000   0.000   0.000
   0.015   6.000   0.000   0.000   0.153   0.847   0.000   0.000   0.000   0.000   0.000   0.000
   0.016   5.000   0.000   0.000   0.153   0.847   0.000   0.000   0.000   0.000   0.000   0.000
   0.016   5.000   0.000   0.000   0.154   0.846   0.000   0.000   0.000   0.000   0.000   0.000
   0.017   5.000   0.000   0.000   0.154   0.846   0.000   0.000   0.000   0.000   0.000   0.000
   0.017   5.000   0.000   0.000   0.154   0.846   0.000   0.000   0.000   0.000   0.000   0.000
   0.018   5.000   0.000   0.000   0.154   0.846   0.000   0.000   0.000   0.000   0.000   0.000
   0.018   5.000   0.000   0.000   0.155   0.845   0.000   0.000   0.000   0.000   0.000   0.000
   0.019   5.000   0.000   0.000   0.155   0.845   0.000   0.000   0.000   0.000   0.000   0.000
   0.019   5.000   0.000   0.000   0.155   0.845   0.000   0.000   0.000   0.000   0.000   0.000
   0.020   5.000   0.000   0.000   0.155   0.845   0.000   0.000   0.000   0.000   0.000   0.000
   0.020   5.000   0.000   0.000   0.156   0.844   0.000   0.000   0.000   0.000   0.000   0.000
   0.021   5.000   0.000   0.000   0.156   0.844   0.000   0.000   0.000   0.000   0.000   0.000
   0.021   5.000   0.000   0.000   0.156   0.844   0.000   0.000   0.000   0.000   0.000   0.000
   0.022   5.000   0.000   0.000   0.156   0.844   0.000   0.000   0.000   0.000   0.000   0.000
   0.022   5.000   0.000   0.000   0.157   0.843   0.000   0.000   0.000   0.000   0.000   0.000
   0.023   5.000   0.000   0.000   0.157   0.843   0.000   0.000   0.000   0.000   0.000   0.000
   0.023   5.000   0.000   0.000   0.157   0.843   0.000   0.000   0.000   0.000   0.000   0.000
   0.024   5.000   0.000   0.000   0.157   0.843   0.000   0.000   0.000   0.000   0.000   0.000
   0.024   5.000   0.000   0.000   0.158   0.842   0.000   0.000   0.000   0.000   0.000   0.000
   0.025   5.000   0.000   0.000   0.158   0.842   0.000   0.000   0.000   0.000   0.000   0.000
   0.025   5.000   0.000   0.000   0.158   0.842   0.000   0.000   0.000   0.000   0.000   0.000
    STEP   AVACS   MODE1   MODE2   MODE3   MODE4
       1   5.000   0.158   0.842   0.000   0.000
       2   5.000   0.263   0.737   0.000   0.000
       3   5.000   0.361   0.639   0.000   0.000
       4   5.000   0.435   0.565   0.000   0.000
       5   7.000   0.434   0.563   0.000   0.004
       6   8.000   0.462   0.532   0.000   0.006
       7   7.000   0.511   0.483   0.000   0.006
       8   5.000   0.611   0.388   0.000   0.002
       9   6.000   0.598   0.402   0.000   0.000
      10   6.000   0.523   0.477   0.000   0.000
      11   5.000   0.465   0.535   0.000   0.000
      12   7.000   0.409   0.591   0.000   0.000
      13   7.000   0.351   0.649   0.000   0.000
      14   6.000   0.291   0.709   0.000   0.000
      15   6.000   0.228   0.772   0.000   0.000
      16   6.000   0.158   0.842   0.000   0.000
      17   6.000   0.071   0.929   0.000   0.000
      18   5.000   0.038   0.962   0.000   0.000
      19   5.000   0.158   0.842   0.000   0.000
      20   5.000   0.263   0.737   0.000   0.000
      21   5.000   0.361   0.639   0.000   0.000
      22   5.000   0.445   0.545   0.010   0.000
      23   6.000   0.478   0.454   0.068   0.000
      24   6.000   0.499   0.370   0.131   0.000
      25   5.000   0.512   0.321   0.168   0.000
      26   5.000   0.624   0.355   0.020   0.000
      27   6.000   0.598   0.402   0.000   0.000
      28   6.000   0.523   0.477   0.000   0.000
      29   5.000   0.465   0.535   0.000   0.000
      30   7.000   0.409   0.591   0.000   0.000
      31   7.000   0.351   0.649   0.000   0.000
      32   6.000   0.291   0.708   0.000   0.000
      33   6.000   0.228   0.771   0.000   0.000
      34   6.000   0.157   0.842   0.000   0.000
      35   6.000   0.071   0.928   0.000   0.000
      36   5.000   0.038   0.962   0.000   0.000
  STRAIN   AVACS   PRITW   SECTW   MODE1   MODE2   MODE3   MODE4   TWFR3   EFFR3   TWFR4   EFFR4
   0.025   5.000   0.000   0.000   0.158   0.842   0.000   0.000   0.000   0.000   0.000   0.000
   0.026   5.000   0.000   0.000   0.159   0.841   0.000   0.000   0.000   0.000   0.000   0.000
   0.026   5.000   0.000   0.000   0.159   0.841   0.000   0.000   0.000   0.000   0.000   0.000
   0.027   5.000   0.000   0.000   0.159   0.841   0.000   0.000   0.000   0.000   0.000   0.000
   0.027   5.000   0.000   0.000   0.159   0.841   0.000   0.000   0.000   0.000   0.000   0.000
   0.028   5.000   0.000   0.000   0.159   0.840   0.000   0.000   0.000   0.000   0.000   0.000
   0.028   5.000   0.000   0.000   0.160   0.840   0.000   0.000   0.000   0.000   0.000   0.000
   0.029   5.000   0.000   0.000   0.160   0.840   0.000   0.000   0.000   0.000   0.000   0.000
   0.029   5.000   0.000   0.000   0.160   0.840   0.000   0.000   0.000   0.000   0.000   0.000
   0.030   5.000   0.000   0.000   0.160   0.840   0.000   0.000   0.000   0.000   0.000   0.000
   0.030   5.000   0.000   0.000   0.161   0.839   0.000   0.000   0.000   0.000   0.000   0.000
   0.031   5.000   0.000   0.000   0.161   0.839   0.000   0.000   0.000   0.000   0.000   0.000
   0.031   5.000   0.000   0.000   0.161   0.839   0.000   0.000   0.000   0.000   0.000   0.000
   0.032   5.000   0.000   0.000   0.161   0.839   0.000   0.000   0.000   0.000   0.000   0.000
   0.032   5.000   0.000   0.000   0.161   0.839   0.000   0.000   0.000   0.000   0.000   0.000
   0.033   5.000   0.000   0.000   0.162   0.838   0.000   0.000   0.000   0.000   0.000   0.000
   0.033   5.000   0.000   0.000   0.162   0.838   0.000   0.000   0.000   0.000   0.000   0.000
   0.034   5.000   0.000   0.000   0.162   0.838   0.000   0.000   0.000   0.000   0.000   0.000
   0.034   5.000   0.000   0.000   0.162   0.838   0.000   0.000   0.000   0.000   0.000   0.000
   0.035   5.000   0.000   0.000   0.162   0.838   0.000   0.000   0.000   0.000   0.000   0.000
   0.035   6.000   0.000   0.000   0.162   0.837   0.000   0.000   0.000   0.000   0.000   0.000
   0.036   6.000   0.000   0.000   0.163   0.837   0.000   0.000   0.000   0.000   0.000   0.000
   0.036   6.000   0.000   0.000   0.163   0.837   0.000   0.000   0.000   0.000   0.000   0.000
   0.037   6.000   0.000   0.000   0.163   0.837   0.000   0.000   0.000   0.000   0.000   0.000
   0.037   6.000   0.000   0.000   0.163   0.837   0.000   0.000   0.000   0.000   0.000   0.000
   0.038   6.000   0.000   0.000   0.163   0.837   0.000   0.000   0.000   0.000   0.000   0.000
   0.038   6.000   0.000   0.000   0.163   0.837   0.000   0.000   0.000   0.000   0.000   0.000
   0.039   6.000   0.000   0.000   0.164   0.836   0.000   0.000   0.000   0.000   0.000   0.000
   0.039   6.000   0.000   0.000   0.164   0.836   0.000   0.000   0.000   0.000   0.000   0.000
   0.040   6.000   0.000   0.000   0.164   0.836   0.000   0.000   0.000   0.000   0.000   0.000
   0.040   6.000   0.000   0.000   0.164   0.836   0.000   0.000   0.000   0.000   0.000   0.000
   0.041   6.000   0.000   0.000   0.164   0.836   0.000   0.000   0.000   0.000   0.000   0.000
   0.041   6.000   0.000   0.000   0.164   0.835   0.000   0.000   0.000   0.000   0.000   0.000
   0.042   6.000   0.000   0.000   0.165   0.835   0.000   0.000   0.000   0.000   0.000   0.000
   0.042   6.000   0.000   0.000   0.165   0.835   0.000   0.000   0.000   0.000   0.000   0.000
   0.043   6.000   0.000   0.000   0.165   0.835   0.000   0.000   0.000   0.000   0.000   0.000
   0.043   6.000   0.000   0.000   0.165   0.835   0.000   0.000   0.000   0.000   0.000   0.000
   0.044   6.000   0.000   0.000   0.165   0.835   0.000   0.000   0.000   0.000   0.000   0.000
   0.044   6.000   0.000   0.000   0.165   0.835   0.000   0.000   0.000   0.000   0.000   0.000
   0.045   6.000   0.000   0.000   0.165   0.835   0.000   0.000   0.000   0.000   0.000   0.000
   0.045   6.000   0.000   0.000   0.166   0.834   0.000   0.000   0.000   0.000   0.000   0.000
   0.046   6.000   0.000   0.000   0.166   0.834   0.000   0.000   0.000   0.000   0.000   0.000
   0.046   6.000   0.000   0.000   0.166   0.834   0.000   0.000   0.000   0.000   0.000   0.000
   0.047   6.000   0.000   0.000   0.166   0.834   0.000   0.000   0.000   0.000   0.000   0.000
   0.047   6.000   0.000   0.000   0.166   0.834   0.000   0.000   0.000   0.000   0.000   0.000
   0.048   6.000   0.000   0.000   0.166   0.834   0.000   0.000   0.000   0.000   0.000   0.000
   0.048   6.000   0.000   0.000   0.166   0.834   0.000   0.000   0.000   0.000   0.000   0.000
   0.049   6.000   0.000   0.000   0.166   0.833   0.000   0.000   0.000   0.000   0.000   0.000
   0.049   6.000   0.000   0.000   0.167   0.833   0.000   0.000   0.000   0.000   0.000   0.000
   0.050   6.000   0.000   0.000   0.167   0.833   0.000   0.000   0.000   0.000   0.000   0.000
   0.050   6.000   0.000   0.000   0.167   0.833   0.000   0.000   0.000   0.000   0.000   0.000
    STEP   AVACS   MODE1   MODE2   MODE3   MODE4
       1   6.000   0.167   0.833   0.000   0.000
       2   5.000   0.271   0.728   0.000   0.000
       3   4.000   0.368   0.632   0.000   0.000
       4   7.000   0.399   0.580   0.000   0.021
       5   8.000   0.426   0.517   0.000   0.057
       6   9.000   0.464   0.462   0.000   0.074
       7   9.000   0.520   0.408   0.000   0.072
       8   6.000   0.617   0.352   0.000   0.031
       9   6.000   0.616   0.383   0.000   0.001
      10   6.000   0.538   0.462   0.000   0.000
      11   6.000   0.482   0.518   0.000   0.000
      12   7.000   0.424   0.576   0.000   0.000
      13   7.000   0.366   0.634   0.000   0.000
      14   6.000   0.306   0.694   0.000   0.000
      15   6.000   0.243   0.757   0.000   0.000
      16   6.000   0.173   0.827   0.000   0.000
      17   6.000   0.086   0.914   0.000   0.000
      18   6.000   0.045   0.955   0.000   0.000
      19   6.000   0.167   0.833   0.000   0.000
      20   5.000   0.271   0.729   0.000   0.000
      21   4.000   0.367   0.632   0.001   0.000
      22   6.000   0.426   0.525   0.048   0.000
      23   6.000   0.468   0.426   0.105   0.000
      24   6.000   0.496   0.341   0.163   0.000
      25   5.000   0.513   0.293   0.194   0.000
      26   6.000   0.627   0.328   0.045   0.000
      27   6.000   0.616   0.384   0.001   0.000
      28   6.000   0.538   0.462   0.000   0.000
      29   6.000   0.481   0.518   0.000   0.001
      30   7.000   0.424   0.575   0.000   0.002
      31   7.000   0.365   0.633   0.000   0.002
      32   6.000   0.305   0.692   0.000   0.003
      33   6.000   0.242   0.754   0.000   0.004
      34   6.000   0.171   0.825   0.000   0.004
      35   6.000   0.084   0.912   0.000   0.004
      36   6.000   0.045   0.954   0.000   0.001
  STRAIN   AVACS   PRITW   SECTW   MODE1   MODE2   MODE3   MODE4   TWFR3   EFFR3   TWFR4   EFFR4
   0.050   6.000   0.000   0.000   0.167   0.833   0.000   0.000   0.000   0.000   0.000   0.000
   0.051   6.000   0.000   0.000   0.167   0.833   0.000   0.000   0.000   0.000   0.000   0.000
   0.051   6.000   0.000   0.000   0.167   0.833   0.000   0.000   0.000   0.000   0.000   0.000
   0.052   6.000   0.000   0.000   0.167   0.833   0.000   0.000   0.000   0.000   0.000   0.000
   0.052   6.000   0.000   0.000   0.167   0.833   0.000   0.000   0.000   0.000   0.000   0.000
   0.053   6.000   0.000   0.000   0.167   0.833   0.000   0.000   0.000   0.000   0.000   0.000
   0.053   6.000   0.000   0.000   0.167   0.832   0.000   0.000   0.000   0.000   0.000   0.000
   0.054   6.000   0.000   0.000   0.168   0.832   0.000   0.000   0.000   0.000   0.000   0.000
   0.054   6.000   0.000   0.000   0.168   0.832   0.000   0.000   0.000   0.000   0.000   0.000
   0.055   6.000   0.000   0.000   0.168   0.832   0.000   0.000   0.000   0.000   0.000   0.000
   0.055   6.000   0.000   0.000   0.168   0.832   0.000   0.000   0.000   0.000   0.000   0.000
   0.056   6.000   0.000   0.000   0.168   0.832   0.000   0.000   0.000   0.000   0.000   0.000
   0.056   6.000   0.000   0.000   0.168   0.832   0.000   0.000   0.000   0.000   0.000   0.000
   0.057   6.000   0.000   0.000   0.168   0.832   0.000   0.000   0.000   0.000   0.000   0.000
   0.057   6.000   0.000   0.000   0.168   0.832   0.000   0.000   0.000   0.000   0.000   0.000
   0.058   6.000   0.000   0.000   0.168   0.832   0.000   0.000   0.000   0.000   0.000   0.000
   0.058   6.000   0.000   0.000   0.168   0.831   0.000   0.000   0.000   0.000   0.000   0.000
   0.059   6.000   0.000   0.000   0.168   0.831   0.000   0.000   0.000   0.000   0.000   0.000
   0.059   6.000   0.000   0.000   0.169   0.831   0.000   0.000   0.000   0.000   0.000   0.000
   0.060   6.000   0.000   0.000   0.169   0.831   0.000   0.000   0.000   0.000   0.000   0.000
   0.060   6.000   0.000   0.000   0.169   0.831   0.000   0.000   0.000   0.000   0.000   0.000
   0.061   6.000   0.000   0.000   0.169   0.831   0.000   0.000   0.000   0.000   0.000   0.000
   0.061   6.000   0.000   0.000   0.169   0.831   0.000   0.000   0.000   0.000   0.000   0.000
   0.062   6.000   0.000   0.000   0.169   0.831   0.000   0.000   0.000   0.000   0.000   0.000
   0.062   6.000   0.000   0.000   0.169   0.831   0.000   0.000   0.000   0.000   0.000   0.000
   0.063   6.000   0.000   0.000   0.169   0.831   0.000   0.000   0.000   0.000   0.000   0.000
   0.063   6.000   0.000   0.000   0.169   0.830   0.000   0.000   0.000   0.000   0.000   0.000
   0.064   6.000   0.000   0.000   0.169   0.830   0.000   0.000   0.000   0.000   0.000   0.000
   0.064   6.000   0.000   0.000   0.169   0.830   0.000   0.000   0.000   0.000   0.000   0.000
   0.065   6.000   0.000   0.000   0.170   0.830   0.000   0.000   0.000   0.000   0.000   0.000
   0.065   6.000   0.000   0.000   0.170   0.830   0.000   0.000   0.000   0.000   0.000   0.000
   0.066   6.000   0.000   0.000   0.170   0.830   0.000   0.000   0.000   0.000   0.000   0.000
   0.066   6.000   0.000   0.000   0.170   0.830   0.000   0.000   0.000   0.000   0.000   0.000
   0.067   6.000   0.000   0.000   0.170   0.830   0.000   0.000   0.000   0.000   0.000   0.000
   0.067   6.000   0.000   0.000   0.170   0.830   0.000   0.000   0.000   0.000   0.000   0.000
   0.068   6.000   0.000   0.000   0.170   0.830   0.000   0.000   0.000   0.000   0.000   0.000
   0.068   6.000   0.000   0.000   0.170   0.830   0.000   0.000   0.000   0.000   0.000   0.000
   0.069   6.000   0.000   0.000   0.170   0.830   0.000   0.000   0.000   0.000   0.000   0.000
   0.069   6.000   0.000   0.000   0.170   0.829   0.000   0.000   0.000   0.000   0.000   0.000
   0.070   6.000   0.000   0.000   0.170   0.829   0.000   0.000   0.000   0.000   0.000   0.000
   0.070   6.000   0.000   0.000   0.170   0.829   0.000   0.000   0.000   0.000   0.000   0.000
   0.071   6.000   0.000   0.000   0.170   0.829   0.000   0.000   0.000   0.000   0.000   0.000
   0.071   6.000   0.000   0.000   0.170   0.829   0.000   0.000   0.000   0.000   0.000   0.000
   0.072   6.000   0.000   0.000   0.171   0.829   0.000   0.000   0.000   0.000   0.000   0.000
   0.072   6.000   0.000   0.000   0.171   0.829   0.000   0.000   0.000   0.000   0.000   0.000
   0.073   6.000   0.000   0.000   0.171   0.829   0.000   0.000   0.000   0.000   0.000   0.000
   0.073   6.000   0.000   0.000   0.171   0.829   0.000   0.000   0.000   0.000   0.000   0.000
   0.074   6.000   0.000   0.000   0.171   0.829   0.000   0.000   0.000   0.000   0.000   0.000
   0.074   6.000   0.000   0.000   0.171   0.829   0.000   0.000   0.000   0.000   0.000   0.000
   0.075   6.000   0.000   0.000   0.171   0.829   0.001   0.000   0.000   0.000   0.000   0.000
   0.075   6.000   0.000   0.000   0.171   0.828   0.001   0.000   0.000   0.000   0.000   0.000
    STEP   AVACS   MODE1   MODE2   MODE3   MODE4
       1   6.000   0.171   0.827   0.000   0.001
       2   6.000   0.275   0.724   0.000   0.001
       3   4.000   0.368   0.630   0.000   0.002
       4   7.000   0.380   0.545   0.000   0.074
       5  11.000   0.420   0.452   0.000   0.128
       6  10.000   0.465   0.384   0.000   0.151
       7   7.000   0.528   0.331   0.000   0.141
       8   6.000   0.625   0.301   0.000   0.074
       9   6.000   0.629   0.369   0.000   0.002
      10   5.000   0.552   0.448   0.000   0.000
      11   6.000   0.496   0.504   0.000   0.000
      12   7.000   0.438   0.562   0.000   0.000
      13   7.000   0.379   0.621   0.000   0.000
      14   6.000   0.320   0.680   0.000   0.000
      15   6.000   0.258   0.742   0.000   0.000
      16   6.000   0.187   0.813   0.000   0.000
      17   6.000   0.099   0.901   0.000   0.000
      18   5.000   0.050   0.949   0.000   0.000
      19   6.000   0.171   0.828   0.001   0.000
      20   6.000   0.275   0.724   0.001   0.000
      21   4.000   0.363   0.624   0.014   0.000
      22   5.000   0.404   0.511   0.085   0.000
      23   6.000   0.451   0.409   0.140   0.000
      24   6.000   0.487   0.320   0.194   0.000
      25   5.000   0.514   0.267   0.219   0.000
      26   6.000   0.626   0.307   0.067   0.000
      27   6.000   0.628   0.370   0.002   0.000
      28   5.000   0.552   0.448   0.000   0.000
      29   6.000   0.496   0.502   0.000   0.002
      30   7.000   0.436   0.559   0.000   0.005
      31   7.000   0.377   0.616   0.000   0.007
      32   6.000   0.317   0.675   0.000   0.008
      33   6.000   0.253   0.737   0.000   0.010
      34   6.000   0.182   0.807   0.000   0.011
      35   6.000   0.094   0.894   0.000   0.012
      36   5.000   0.051   0.948   0.000   0.001
  STRAIN   AVACS   PRITW   SECTW   MODE1   MODE2   MODE3   MODE4   TWFR3   EFFR3   TWFR4   EFFR4
   0.075   6.000   0.000   0.000   0.171   0.828   0.001   0.000   0.000   0.000   0.000   0.000
   0.076   6.000   0.000   0.000   0.171   0.828   0.001   0.000   0.000   0.000   0.000   0.000
   0.076   6.000   0.000   0.000   0.171   0.828   0.001   0.000   0.000   0.000   0.000   0.000
   0.077   6.000   0.000   0.000   0.171   0.828   0.001   0.000   0.000   0.000   0.000   0.000
   0.077   6.000   0.000   0.000   0.171   0.828   0.001   0.000   0.000   0.000   0.000   0.000
   0.078   6.000   0.000   0.000   0.171   0.828   0.001   0.000   0.000   0.000   0.000   0.000
   0.078   6.000   0.000   0.000   0.171   0.828   0.001   0.000   0.000   0.000   0.000   0.000
   0.079   6.000   0.000   0.000   0.171   0.828   0.001   0.000   0.000   0.000   0.000   0.000
   0.079   6.000   0.000   0.000   0.171   0.828   0.001   0.000   0.000   0.000   0.000   0.000
   0.080   6.000   0.000   0.000   0.172   0.828   0.001   0.000   0.000   0.000   0.000   0.000
   0.080   6.000   0.000   0.000   0.172   0.828   0.001   0.000   0.000   0.000   0.000   0.000
   0.081   6.000   0.000   0.000   0.172   0.828   0.001   0.000   0.000   0.000   0.000   0.000
   0.081   6.000   0.000   0.000   0.172   0.828   0.001   0.000   0.000   0.000   0.000   0.000
   0.082   6.000   0.000   0.000   0.172   0.828   0.001   0.000   0.000   0.000   0.000   0.000
   0.082   6.000   0.000   0.000   0.172   0.827   0.001   0.000   0.000   0.000   0.000   0.000
   0.083   6.000   0.000   0.000   0.172   0.827   0.001   0.000   0.000   0.000   0.000   0.000
   0.083   6.000   0.000   0.000   0.172   0.827   0.001   0.000   0.000   0.000   0.000   0.000
   0.084   6.000   0.000   0.000   0.172   0.827   0.001   0.000   0.000   0.000   0.000   0.000
   0.084   6.000   0.000   0.000   0.172   0.827   0.001   0.000   0.000   0.000   0.000   0.000
   0.085   6.000   0.000   0.000   0.172   0.827   0.001   0.000   0.000   0.000   0.000   0.000
   0.085   6.000   0.000   0.000   0.172   0.827   0.001   0.000   0.000   0.000   0.000   0.000
   0.086   6.000   0.000   0.000   0.172   0.827   0.001   0.000   0.000   0.000   0.000   0.000
   0.086   6.000   0.000   0.000   0.172   0.827   0.001   0.000   0.000   0.000   0.000   0.000
   0.087   6.000   0.000   0.000   0.172   0.827   0.001   0.000   0.000   0.000   0.000   0.000
   0.087   6.000   0.000   0.000   0.172   0.827   0.001   0.000   0.000   0.000   0.000   0.000
   0.088   6.000   0.000   0.000   0.172   0.827   0.001   0.000   0.000   0.000   0.000   0.000
   0.088   6.000   0.000   0.000   0.172   0.827   0.001   0.000   0.000   0.000   0.000   0.000
   0.089   6.000   0.000   0.000   0.172   0.826   0.001   0.000   0.000   0.000   0.000   0.000
   0.089   6.000   0.000   0.000   0.172   0.826   0.001   0.000   0.000   0.000   0.000   0.000
   0.090   6.000   0.000   0.000   0.173   0.826   0.001   0.000   0.000   0.000   0.000   0.000
   0.090   6.000   0.000   0.000   0.173   0.826   0.001   0.000   0.000   0.000   0.000   0.000
   0.091   6.000   0.000   0.000   0.173   0.826   0.001   0.000   0.000   0.000   0.000   0.000
   0.091   6.000   0.000   0.000   0.173   0.826   0.001   0.000   0.000   0.000   0.000   0.000
   0.092   6.000   0.000   0.000   0.173   0.826   0.001   0.000   0.000   0.000   0.000   0.000
   0.092   6.000   0.000   0.000   0.173   0.826   0.001   0.000   0.000   0.000   0.000   0.000
   0.093   6.000   0.000   0.000   0.173   0.826   0.001   0.000   0.000   0.000   0.000   0.000
   0.093   6.000   0.000   0.000   0.173   0.826   0.001   0.000   0.000   0.000   0.000   0.000
   0.094   6.000   0.000   0.000   0.173   0.826   0.001   0.000   0.000   0.000   0.000   0.000
   0.094   6.000   0.000   0.000   0.173   0.826   0.001   0.000   0.000   0.000   0.000   0.000
   0.095   6.000   0.000   0.000   0.173   0.826   0.001   0.000   0.000   0.000   0.000   0.000
   0.095   6.000   0.000   0.000   0.173   0.826   0.001   0.000   0.000   0.000   0.000   0.000
   0.096   6.000   0.000   0.000   0.173   0.825   0.001   0.000   0.000   0.000   0.000   0.000
   0.096   6.000   0.000   0.000   0.173   0.825   0.002   0.000   0.000   0.000   0.000   0.000
   0.097   6.000   0.000   0.000   0.173   0.825   0.002   0.000   0.000   0.000   0.000   0.000
   0.097   6.000   0.000   0.000   0.173   0.825   0.002   0.000   0.000   0.000   0.000   0.000
   0.098   6.000   0.000   0.000   0.173   0.825   0.002   0.000   0.000   0.000   0.000   0.000
   0.098   6.000   0.000   0.000   0.173   0.825   0.002   0.000   0.000   0.000   0.000   0.000
   0.099   6.000   0.000   0.000   0.173   0.825   0.002   0.000   0.001   0.000   0.000   0.000
   0.099   6.000   0.000   0.000   0.173   0.825   0.002   0.000   0.001   0.000   0.000   0.000
   0.100   6.000   0.000   0.000   0.173   0.825   0.002   0.000   0.001   0.000   0.000   0.000
   0.100   6.000   0.000   0.000   0.173   0.825   0.002   0.000   0.001   0.000   0.000   0.000
    STEP   AVACS   MODE1   MODE2   MODE3   MODE4
       1   6.000   0.175   0.824   0.000   0.001
       2   5.000   0.278   0.721   0.000   0.001
       3   7.000   0.317   0.643   0.000   0.040
       4   9.000   0.361   0.529   0.000   0.109
       5  11.000   0.407   0.440   0.000   0.152
       6  10.000   0.459   0.372   0.000   0.169
       7   9.000   0.528   0.319   0.000   0.154
       8   7.000   0.629   0.283   0.000   0.088
       9   6.000   0.640   0.358   0.000   0.002
      10   5.000   0.566   0.434   0.000   0.000
      11   6.000   0.510   0.490   0.000   0.000
      12   7.000   0.451   0.549   0.000   0.000
      13   7.000   0.393   0.607   0.000   0.000
      14   6.000   0.334   0.666   0.000   0.000
      15   6.000   0.271   0.729   0.000   0.000
      16   6.000   0.200   0.800   0.000   0.000
      17   6.000   0.112   0.888   0.000   0.000
      18   5.000   0.053   0.946   0.001   0.000
      19   6.000   0.173   0.825   0.002   0.000
      20   4.000   0.274   0.720   0.006   0.000
      21   5.000   0.343   0.611   0.046   0.000
      22   5.000   0.381   0.499   0.121   0.000
      23   6.000   0.433   0.394   0.173   0.000
      24   6.000   0.476   0.302   0.222   0.000
      25   5.000   0.515   0.243   0.242   0.000
      26   6.000   0.625   0.289   0.086   0.000
      27   6.000   0.637   0.359   0.004   0.000
      28   5.000   0.566   0.434   0.000   0.000
      29   6.000   0.509   0.488   0.000   0.003
      30   7.000   0.449   0.545   0.000   0.006
      31   7.000   0.390   0.601   0.000   0.009
      32   6.000   0.330   0.659   0.000   0.011
      33   6.000   0.266   0.721   0.000   0.013
      34   7.000   0.194   0.791   0.000   0.015
      35   6.000   0.105   0.880   0.000   0.016
      36   5.000   0.054   0.944   0.000   0.002
  STRAIN   AVACS   PRITW   SECTW   MODE1   MODE2   MODE3   MODE4   TWFR3   EFFR3   TWFR4   EFFR4
   0.100   6.000   0.000   0.000   0.173   0.825   0.002   0.000   0.001   0.000   0.000   0.000
   0.101   6.000   0.000   0.000   0.173   0.825   0.002   0.000   0.001   0.000   0.000   0.000
   0.101   6.000   0.000   0.000   0.173   0.825   0.002   0.000   0.001   0.000   0.000   0.000
   0.102   6.000   0.000   0.000   0.173   0.825   0.002   0.000   0.001   0.000   0.000   0.000
   0.102   6.000   0.000   0.000   0.173   0.825   0.002   0.000   0.001   0.000   0.000   0.000
   0.103   6.000   0.000   0.000   0.174   0.824   0.002   0.000   0.001   0.000   0.000   0.000
   0.103   6.000   0.000   0.000   0.174   0.824   0.002   0.000   0.001   0.000   0.000   0.000
   0.104   6.000   0.000   0.000   0.174   0.824   0.002   0.000   0.001   0.000   0.000   0.000
   0.104   6.000   0.000   0.000   0.174   0.824   0.002   0.000   0.001   0.000   0.000   0.000
   0.105   6.000   0.000   0.000   0.174   0.824   0.002   0.000   0.001   0.000   0.000   0.000
   0.105   6.000   0.000   0.000   0.174   0.824   0.002   0.000   0.001   0.000   0.000   0.000
   0.106   6.000   0.000   0.000   0.174   0.824   0.002   0.000   0.001   0.000   0.000   0.000
   0.106   6.000   0.000   0.000   0.174   0.824   0.002   0.000   0.001   0.000   0.000   0.000
   0.107   6.000   0.000   0.000   0.174   0.824   0.002   0.000   0.001   0.000   0.000   0.000
   0.107   6.000   0.000   0.000   0.174   0.824   0.003   0.000   0.001   0.000   0.000   0.000
   0.108   6.000   0.000   0.000   0.174   0.824   0.003   0.000   0.001   0.000   0.000   0.000
   0.108   6.000   0.000   0.000   0.174   0.824   0.003   0.000   0.001   0.000   0.000   0.000
   0.109   6.000   0.000   0.000   0.174   0.824   0.003   0.000   0.001   0.000   0.000   0.000
   0.109   6.000   0.000   0.000   0.174   0.823   0.003   0.000   0.001   0.000   0.000   0.000
   0.110   6.000   0.000   0.000   0.174   0.823   0.003   0.000   0.001   0.000   0.000   0.000
   0.110   6.000   0.000   0.000   0.174   0.823   0.003   0.000   0.001   0.000   0.000   0.000
   0.111   6.000   0.000   0.000   0.174   0.823   0.003   0.000   0.001   0.000   0.000   0.000
   0.111   6.000   0.000   0.000   0.174   0.823   0.003   0.000   0.001   0.000   0.000   0.000
   0.112   6.000   0.000   0.000   0.174   0.823   0.003   0.000   0.001   0.000   0.000   0.000
   0.112   6.000   0.000   0.000   0.174   0.823   0.003   0.000   0.001   0.000   0.000   0.000
   0.113   6.000   0.000   0.000   0.174   0.823   0.003   0.000   0.001   0.000   0.000   0.000
   0.113   6.000   0.000   0.000   0.174   0.823   0.003   0.000   0.001   0.000   0.000   0.000
   0.114   6.000   0.000   0.000   0.174   0.823   0.003   0.000   0.001   0.000   0.000   0.000
   0.114   6.000   0.000   0.000   0.174   0.823   0.003   0.000   0.001   0.000   0.000   0.000
   0.115   6.000   0.000   0.000   0.174   0.823   0.004   0.000   0.001   0.000   0.000   0.000
   0.115   6.000   0.000   0.000   0.174   0.822   0.004   0.000   0.001   0.000   0.000   0.000
   0.116   6.000   0.000   0.000   0.174   0.822   0.004   0.000   0.001   0.000   0.000   0.000
   0.116   6.000   0.000   0.000   0.174   0.822   0.004   0.000   0.001   0.000   0.000   0.000
   0.117   6.000   0.000   0.000   0.174   0.822   0.004   0.000   0.001   0.000   0.000   0.000
   0.117   6.000   0.000   0.000   0.174   0.822   0.004   0.000   0.001   0.000   0.000   0.000
   0.118   6.000   0.000   0.000   0.174   0.822   0.004   0.000   0.001   0.000   0.000   0.000
   0.118   6.000   0.000   0.000   0.174   0.822   0.004   0.000   0.001   0.000   0.000   0.000
   0.119   6.000   0.000   0.000   0.174   0.822   0.004   0.000   0.001   0.000   0.000   0.000
   0.119   6.000   0.000   0.000   0.174   0.822   0.004   0.000   0.001   0.000   0.000   0.000
   0.120   6.000   0.000   0.000   0.174   0.822   0.004   0.000   0.001   0.000   0.000   0.000
   0.120   6.000   0.000   0.000   0.174   0.822   0.004   0.000   0.001   0.000   0.000   0.000
   0.121   6.000   0.000   0.000   0.174   0.822   0.005   0.000   0.002   0.000   0.000   0.000
   0.121   6.000   0.000   0.000   0.174   0.821   0.005   0.000   0.002   0.000   0.000   0.000
   0.122   6.000   0.000   0.000   0.174   0.821   0.005   0.000   0.002   0.000   0.000   0.000
   0.122   6.000   0.000   0.000   0.174   0.821   0.005   0.000   0.002   0.000   0.000   0.000
   0.123   6.000   0.000   0.000   0.174   0.821   0.005   0.000   0.002   0.000   0.000   0.000
   0.123   6.000   0.000   0.000   0.174   0.821   0.005   0.000   0.002   0.000   0.000   0.000
   0.124   6.000   0.000   0.000   0.174   0.821   0.005   0.000   0.002   0.000   0.000   0.000
   0.124   6.000   0.000   0.000   0.174   0.821   0.005   0.000   0.002   0.000   0.000   0.000
   0.125   6.000   0.000   0.000   0.174   0.821   0.005   0.000   0.002   0.000   0.000   0.000
   0.125   6.000   0.000   0.000   0.174   0.821   0.006   0.000   0.002   0.000   0.000   0.000
    STEP   AVACS   MODE1   MODE2   MODE3   MODE4
       1   6.000   0.177   0.822   0.000   0.001
       2   4.000   0.275   0.724   0.000   0.001
       3   7.000   0.289   0.644   0.000   0.068
       4  10.000   0.339   0.548   0.000   0.113
       5  10.000   0.390   0.470   0.000   0.140
       6  11.000   0.447   0.405   0.000   0.148
       7   9.000   0.522   0.346   0.000   0.132
       8   7.000   0.630   0.292   0.000   0.078
       9   6.000   0.651   0.347   0.000   0.002
      10   5.000   0.581   0.419   0.000   0.000
      11   7.000   0.524   0.476   0.000   0.000
      12   7.000   0.465   0.535   0.000   0.000
      13   7.000   0.407   0.593   0.000   0.000
      14   7.000   0.348   0.652   0.000   0.000
      15   6.000   0.285   0.715   0.000   0.000
      16   6.000   0.213   0.787   0.000   0.000
      17   6.000   0.124   0.876   0.000   0.000
      18   5.000   0.054   0.942   0.003   0.000
      19   6.000   0.174   0.821   0.006   0.000
      20   4.000   0.265   0.713   0.023   0.000
      21   5.000   0.319   0.599   0.081   0.000
      22   4.000   0.359   0.486   0.155   0.000
      23   6.000   0.416   0.381   0.204   0.000
      24   6.000   0.465   0.287   0.248   0.000
      25   5.000   0.516   0.222   0.262   0.000
      26   6.000   0.625   0.274   0.102   0.000
      27   6.000   0.646   0.347   0.007   0.000
      28   5.000   0.580   0.419   0.000   0.000
      29   7.000   0.523   0.474   0.000   0.003
      30   7.000   0.463   0.532   0.000   0.006
      31   7.000   0.404   0.588   0.000   0.008
      32   7.000   0.344   0.646   0.000   0.011
      33   6.000   0.280   0.708   0.000   0.013
      34   6.000   0.207   0.779   0.000   0.014
      35   6.000   0.117   0.868   0.000   0.015
      36   5.000   0.056   0.942   0.000   0.002
