    STEP   AVACS   MODE1   MODE2   MODE3   MODE4
       1   5.000   0.191   0.809   0.000   0.000
       2   5.000   0.167   0.833   0.000   0.000
       3   6.000   0.079   0.921   0.000   0.000
       4   3.000   0.003   0.997   0.000   0.000
       5   6.000   0.163   0.837   0.000   0.000
       6   6.000   0.286   0.714   0.000   0.000
       7   6.000   0.385   0.615   0.000   0.000
       8   7.000   0.466   0.534   0.000   0.000
       9   5.000   0.519   0.481   0.000   0.000
      10   5.000   0.555   0.445   0.000   0.000
      11   5.000   0.620   0.380   0.000   0.000
      12   5.000   0.658   0.332   0.010   0.000
      13   8.000   0.584   0.309   0.107   0.000
      14   7.000   0.478   0.352   0.170   0.000
      15   6.000   0.329   0.458   0.213   0.000
      16   6.000   0.276   0.554   0.170   0.000
      17   7.000   0.247   0.641   0.112   0.000
      18   6.000   0.217   0.728   0.056   0.000
      19   5.000   0.197   0.800   0.003   0.000
      20   5.000   0.167   0.833   0.000   0.000
      21   6.000   0.079   0.921   0.000   0.000
      22   3.000   0.003   0.997   0.000   0.000
      23   6.000   0.163   0.837   0.000   0.000
      24   6.000   0.286   0.714   0.000   0.000
      25   6.000   0.385   0.615   0.000   0.000
      26   7.000   0.466   0.534   0.000   0.000
      27   5.000   0.519   0.481   0.000   0.000
      28   5.000   0.555   0.445   0.000   0.000
      29   5.000   0.620   0.380   0.000   0.000
      30   5.000   0.651   0.349   0.000   0.000
      31   6.000   0.533   0.467   0.000   0.000
      32   8.000   0.429   0.571   0.000   0.000
      33   8.000   0.325   0.675   0.000   0.000
      34   9.000   0.220   0.780   0.000   0.000
      35   7.000   0.163   0.837   0.000   0.000
      36   6.000   0.138   0.862   0.000   0.000
  STRAIN   AVACS   PRITW   SECTW   MODE1   MODE2   MODE3   MODE4   TWFR3   EFFR3   TWFR4   EFFR4
   0.000   5.000   0.000   0.000   0.197   0.800   0.003   0.000   0.000   0.000   0.000   0.000
   0.001   5.000   0.000   0.000   0.194   0.803   0.002   0.000   0.000   0.000   0.000   0.000
   0.001   5.000   0.000   0.000   0.191   0.806   0.002   0.000   0.000   0.000   0.000   0.000
   0.002   5.000   0.000   0.000   0.189   0.809   0.002   0.000   0.000   0.000   0.000   0.000
   0.002   5.000   0.000   0.000   0.186   0.811   0.003   0.000   0.000   0.000   0.000   0.000
   0.003   5.000   0.000   0.000   0.184   0.813   0.003   0.000   0.000   0.000   0.000   0.000
   0.003   5.000   0.000   0.000   0.182   0.815   0.003   0.000   0.000   0.000   0.000   0.000
   0.004   5.000   0.000   0.000   0.180   0.817   0.003   0.000   0.000   0.000   0.000   0.000
   0.004   5.000   0.000   0.000   0.178   0.818   0.004   0.000   0.000   0.000   0.000   0.000
   0.005   5.000   0.000   0.000   0.176   0.819   0.004   0.000   0.000   0.000   0.000   0.000
   0.005   5.000   0.000   0.000   0.175   0.820   0.005   0.000   0.000   0.000   0.000   0.000
   0.006   5.000   0.000   0.000   0.174   0.821   0.006   0.000   0.000   0.000   0.000   0.000
   0.006   5.000   0.000   0.000   0.172   0.821   0.006   0.000   0.000   0.000   0.000   0.000
   0.007   5.000   0.000   0.000   0.172   0.821   0.007   0.000   0.000   0.000   0.000   0.000
   0.007   5.000   0.000   0.000   0.171   0.821   0.008   0.000   0.000   0.000   0.000   0.000
   0.008   5.000   0.000   0.000   0.170   0.821   0.009   0.000   0.000   0.000   0.000   0.000
   0.008   5.000   0.000   0.000   0.170   0.821   0.010   0.000   0.001   0.000   0.000   0.000
   0.009   5.000   0.000   0.000   0.169   0.820   0.011   0.000   0.001   0.000   0.000   0.000
   0.009   5.000   0.000   0.000   0.169   0.819   0.012   0.000   0.001   0.000   0.000   0.000
   0.010   5.000   0.000   0.000   0.169   0.818   0.013   0.000   0.001   0.000   0.000   0.000
   0.010   5.000   0.000   0.000   0.169   0.817   0.014   0.000   0.001   0.000   0.000   0.000
   0.011   5.000   0.000   0.000   0.169   0.816   0.015   0.000   0.001   0.000   0.000   0.000
   0.011   5.000   0.000   0.000   0.169   0.815   0.016   0.000   0.001   0.000   0.000   0.000
   0.012   5.000   0.000   0.000   0.169   0.814   0.017   0.000   0.001   0.000   0.000   0.000
   0.012   5.000   0.000   0.000   0.169   0.813   0.019   0.000   0.001   0.000   0.000   0.000
   0.013   5.000   0.000   0.000   0.169   0.811   0.020   0.000   0.001   0.000   0.000   0.000
   0.013   5.000   0.000   0.000   0.169   0.810   0.021   0.000   0.002   0.000   0.000   0.000
   0.014   5.000   0.000   0.000   0.169   0.809   0.022   0.000   0.002   0.000   0.000   0.000
   0.014   5.000   0.000   0.000   0.169   0.807   0.023   0.000   0.002   0.000   0.000   0.000
   0.015   5.000   0.000   0.000   0.170   0.806   0.025   0.000   0.002   0.000   0.000   0.000
   0.015   5.000   0.000   0.000   0.170   0.804   0.026   0.000   0.002   0.000   0.000   0.000
   0.016   5.000   0.000   0.000   0.170   0.803   0.027   0.000   0.002   0.000   0.000   0.000
   0.016   5.000   0.000   0.000   0.170   0.802   0.028   0.000   0.003   0.000   0.000   0.000
   0.017   6.000   0.000   0.000   0.170   0.800   0.029   0.000   0.003   0.000   0.000   0.000
   0.017   6.000   0.000   0.000   0.171   0.799   0.031   0.000   0.003   0.000   0.000   0.000
   0.018   6.000   0.000   0.000   0.171   0.797   0.032   0.000   0.003   0.000   0.000   0.000
   0.018   6.000   0.000   0.000   0.171   0.796   0.033   0.000   0.003   0.000   0.000   0.000
   0.019   6.000   0.000   0.000   0.171   0.794   0.034   0.000   0.004   0.000   0.000   0.000
   0.019   6.000   0.000   0.000   0.171   0.793   0.035   0.000   0.004   0.000   0.000   0.000
   0.020   6.000   0.000   0.000   0.172   0.792   0.037   0.000   0.004   0.000   0.000   0.000
   0.020   6.000   0.000   0.000   0.172   0.790   0.038   0.000   0.004   0.000   0.000   0.000
   0.021   6.000   0.000   0.000   0.172   0.789   0.039   0.000   0.005   0.000   0.000   0.000
   0.021   6.000   0.000   0.000   0.172   0.788   0.040   0.000   0.005   0.000   0.000   0.000
   0.022   6.000   0.000   0.000   0.172   0.786   0.041   0.000   0.005   0.000   0.000   0.000
   0.022   6.000   0.000   0.000   0.172   0.785   0.043   0.000   0.006   0.000   0.000   0.000
   0.023   6.000   0.000   0.000   0.173   0.784   0.044   0.000   0.006   0.000   0.000   0.000
   0.023   6.000   0.000   0.000   0.173   0.783   0.045   0.000   0.006   0.000   0.000   0.000
   0.024   6.000   0.000   0.000   0.173   0.781   0.046   0.000   0.007   0.000   0.000   0.000
   0.024   6.000   0.000   0.000   0.173   0.780   0.047   0.000   0.007   0.000   0.000   0.000
   0.025   6.000   0.000   0.000   0.173   0.779   0.048   0.000   0.007   0.000   0.000   0.000
   0.025   6.000   0.000   0.000   0.173   0.778   0.049   0.000   0.008   0.000   0.000   0.000
    STEP   AVACS   MODE1   MODE2   MODE3   MODE4
       1   5.000   0.062   0.937   0.000   0.001
       2   5.000   0.136   0.864   0.000   0.000
       3   4.000   0.057   0.943   0.000   0.000
       4   3.000   0.002   0.998   0.000   0.000
       5   6.000   0.165   0.835   0.000   0.000
       6   6.000   0.291   0.709   0.000   0.000
       7   7.000   0.390   0.610   0.000   0.000
       8   7.000   0.466   0.534   0.000   0.000
       9   6.000   0.523   0.477   0.000   0.000
      10   5.000   0.566   0.434   0.000   0.000
      11   5.000   0.630   0.370   0.000   0.000
      12   5.000   0.662   0.312   0.025   0.000
      13   7.000   0.588   0.285   0.127   0.000
      14   7.000   0.479   0.327   0.194   0.000
      15   4.000   0.319   0.431   0.250   0.000
      16   5.000   0.272   0.520   0.208   0.000
      17   7.000   0.242   0.603   0.155   0.000
      18   7.000   0.209   0.688   0.103   0.000
      19   6.000   0.173   0.778   0.049   0.000
      20   5.000   0.136   0.862   0.002   0.000
      21   4.000   0.057   0.943   0.000   0.000
      22   3.000   0.002   0.998   0.000   0.000
      23   6.000   0.165   0.835   0.000   0.000
      24   6.000   0.291   0.709   0.000   0.000
      25   7.000   0.390   0.610   0.000   0.000
      26   7.000   0.466   0.534   0.000   0.000
      27   6.000   0.523   0.477   0.000   0.000
      28   5.000   0.566   0.434   0.000   0.000
      29   5.000   0.630   0.370   0.000   0.000
      30   6.000   0.643   0.356   0.000   0.001
      31   8.000   0.518   0.479   0.000   0.003
      32   8.000   0.404   0.592   0.000   0.004
      33   7.000   0.288   0.708   0.000   0.004
      34   6.000   0.167   0.830   0.000   0.004
      35   6.000   0.111   0.887   0.000   0.003
      36   6.000   0.082   0.916   0.000   0.002
  STRAIN   AVACS   PRITW   SECTW   MODE1   MODE2   MODE3   MODE4   TWFR3   EFFR3   TWFR4   EFFR4
   0.025   6.000   0.000   0.000   0.173   0.778   0.049   0.000   0.008   0.000   0.000   0.000
   0.026   6.000   0.000   0.000   0.173   0.777   0.050   0.000   0.008   0.000   0.000   0.000
   0.026   6.000   0.000   0.000   0.173   0.775   0.052   0.000   0.008   0.000   0.000   0.000
   0.027   6.000   0.000   0.000   0.173   0.774   0.053   0.000   0.009   0.000   0.000   0.000
   0.027   6.000   0.000   0.000   0.173   0.773   0.054   0.000   0.009   0.000   0.000   0.000
   0.028   6.000   0.000   0.000   0.173   0.772   0.055   0.000   0.010   0.000   0.000   0.000
   0.028   6.000   0.000   0.000   0.173   0.771   0.056   0.000   0.010   0.000   0.000   0.000
   0.029   6.000   0.000   0.000   0.173   0.770   0.057   0.000   0.010   0.000   0.000   0.000
   0.029   6.000   0.000   0.000   0.173   0.769   0.058   0.000   0.011   0.000   0.000   0.000
   0.030   6.000   0.000   0.000   0.173   0.768   0.059   0.000   0.011   0.000   0.000   0.000
   0.030   6.000   0.000   0.000   0.173   0.767   0.060   0.000   0.012   0.000   0.000   0.000
   0.031   6.000   0.000   0.000   0.173   0.766   0.061   0.000   0.012   0.000   0.000   0.000
   0.031   6.000   0.000   0.000   0.172   0.765   0.062   0.000   0.012   0.000   0.000   0.000
   0.032   6.000   0.000   0.000   0.172   0.764   0.063   0.000   0.013   0.000   0.000   0.000
   0.032   6.000   0.000   0.000   0.172   0.763   0.064   0.000   0.013   0.000   0.000   0.000
   0.033   6.000   0.000   0.000   0.172   0.762   0.066   0.000   0.014   0.000   0.000   0.000
   0.033   6.000   0.000   0.000   0.172   0.762   0.067   0.000   0.014   0.000   0.000   0.000
   0.034   6.000   0.000   0.000   0.172   0.761   0.068   0.000   0.015   0.000   0.000   0.000
   0.034   6.000   0.000   0.000   0.172   0.760   0.069   0.000   0.015   0.000   0.000   0.000
   0.035   6.000   0.000   0.000   0.171   0.759   0.070   0.000   0.016   0.000   0.000   0.000
   0.035   6.000   0.000   0.000   0.171   0.758   0.071   0.000   0.016   0.000   0.000   0.000
   0.036   6.000   0.000   0.000   0.171   0.757   0.072   0.000   0.017   0.000   0.000   0.000
   0.036   6.000   0.000   0.000   0.171   0.756   0.073   0.000   0.017   0.000   0.000   0.000
   0.037   6.000   0.000   0.000   0.171   0.756   0.074   0.000   0.018   0.000   0.000   0.000
   0.037   6.000   0.000   0.000   0.170   0.755   0.075   0.000   0.018   0.000   0.000   0.000
   0.038   6.000   0.000   0.000   0.170   0.754   0.076   0.000   0.019   0.000   0.000   0.000
   0.038   6.000   0.000   0.000   0.170   0.753   0.077   0.000   0.020   0.000   0.000   0.000
   0.039   6.000   0.000   0.000   0.170   0.753   0.078   0.000   0.020   0.000   0.000   0.000
   0.039   6.000   0.000   0.000   0.169   0.752   0.079   0.000   0.021   0.000   0.000   0.000
   0.040   6.000   0.000   0.000   0.169   0.751   0.080   0.000   0.021   0.000   0.000   0.000
   0.040   6.000   0.000   0.000   0.169   0.750   0.081   0.000   0.022   0.000   0.000   0.000
   0.041   6.000   0.000   0.000   0.169   0.750   0.082   0.000   0.022   0.000   0.000   0.000
   0.041   6.000   0.000   0.000   0.168   0.749   0.083   0.000   0.023   0.000   0.000   0.000
   0.042   6.000   0.000   0.000   0.168   0.748   0.084   0.000   0.024   0.000   0.000   0.000
   0.042   6.000   0.000   0.000   0.168   0.748   0.085   0.000   0.024   0.000   0.000   0.000
   0.043   6.000   0.000   0.000   0.167   0.747   0.086   0.000   0.025   0.000   0.000   0.000
   0.043   6.000   0.000   0.000   0.167   0.746   0.087   0.000   0.025   0.000   0.000   0.000
   0.044   6.000   0.000   0.000   0.167   0.746   0.088   0.000   0.026   0.000   0.000   0.000
   0.044   6.000   0.000   0.000   0.166   0.745   0.089   0.000   0.027   0.000   0.000   0.000
   0.045   6.000   0.000   0.000   0.166   0.744   0.090   0.000   0.027   0.000   0.000   0.000
   0.045   6.000   0.000   0.000   0.166   0.744   0.091   0.000   0.028   0.000   0.000   0.000
   0.046   6.000   0.000   0.000   0.166   0.743   0.092   0.000   0.029   0.000   0.000   0.000
   0.046   6.000   0.000   0.000   0.165   0.742   0.093   0.000   0.029   0.000   0.000   0.000
   0.047   6.000   0.000   0.000   0.165   0.742   0.093   0.000   0.030   0.000   0.000   0.000
   0.047   6.000   0.000   0.000   0.164   0.741   0.094   0.000   0.031   0.000   0.000   0.000
   0.048   6.000   0.000   0.000   0.164   0.740   0.095   0.000   0.031   0.000   0.000   0.000
   0.048   6.000   0.000   0.000   0.164   0.740   0.096   0.000   0.032   0.000   0.000   0.000
   0.049   6.000   0.000   0.000   0.163   0.739   0.097   0.000   0.033   0.000   0.000   0.000
   0.049   6.000   0.000   0.000   0.163   0.739   0.098   0.000   0.034   0.000   0.000   0.000
   0.050   6.000   0.000   0.000   0.163   0.738   0.099   0.000   0.034   0.000   0.000   0.000
   0.050   6.000   0.000   0.000   0.162   0.738   0.100   0.000   0.035   0.000   0.000   0.000
    STEP   AVACS   MODE1   MODE2   MODE3   MODE4
       1   6.000   0.030   0.949   0.000   0.021
       2   4.000   0.012   0.978   0.000   0.010
       3   4.000   0.056   0.944   0.000   0.000
       4   3.000   0.008   0.991   0.000   0.000
       5   6.000   0.172   0.828   0.000   0.000
       6   6.000   0.301   0.699   0.000   0.000
       7   6.000   0.402   0.598   0.000   0.000
       8   7.000   0.480   0.520   0.000   0.000
       9   6.000   0.537   0.463   0.000   0.000
      10   5.000   0.580   0.420   0.000   0.000
      11   4.000   0.644   0.356   0.000   0.000
      12   4.000   0.666   0.298   0.036   0.000
      13   6.000   0.589   0.271   0.140   0.000
      14   7.000   0.479   0.309   0.212   0.000
      15   5.000   0.318   0.409   0.273   0.000
      16   5.000   0.270   0.491   0.238   0.000
      17   7.000   0.239   0.569   0.192   0.000
      18   7.000   0.203   0.650   0.147   0.000
      19   6.000   0.162   0.738   0.100   0.000
      20   5.000   0.115   0.836   0.049   0.000
      21   4.000   0.054   0.940   0.005   0.000
      22   3.000   0.008   0.992   0.000   0.000
      23   6.000   0.172   0.828   0.000   0.000
      24   6.000   0.301   0.699   0.000   0.000
      25   6.000   0.402   0.598   0.000   0.000
      26   7.000   0.480   0.520   0.000   0.000
      27   6.000   0.537   0.463   0.000   0.000
      28   5.000   0.580   0.420   0.000   0.000
      29   4.000   0.644   0.356   0.000   0.000
      30   6.000   0.640   0.343   0.000   0.017
      31   9.000   0.518   0.449   0.000   0.033
      32   9.000   0.402   0.558   0.000   0.040
      33   8.000   0.284   0.674   0.000   0.042
      34   7.000   0.160   0.799   0.000   0.041
      35   7.000   0.092   0.874   0.000   0.034
      36   7.000   0.059   0.914   0.000   0.027
  STRAIN   AVACS   PRITW   SECTW   MODE1   MODE2   MODE3   MODE4   TWFR3   EFFR3   TWFR4   EFFR4
   0.050   6.000   0.000   0.000   0.162   0.738   0.100   0.000   0.035   0.000   0.000   0.000
   0.051   6.000   0.000   0.000   0.162   0.737   0.101   0.000   0.036   0.000   0.000   0.000
   0.051   6.000   0.000   0.000   0.162   0.737   0.102   0.000   0.036   0.000   0.000   0.000
   0.052   6.000   0.000   0.000   0.161   0.736   0.103   0.000   0.037   0.000   0.000   0.000
   0.052   6.000   0.000   0.000   0.161   0.735   0.104   0.000   0.038   0.000   0.000   0.000
   0.053   6.000   0.000   0.000   0.160   0.735   0.105   0.000   0.039   0.000   0.000   0.000
   0.053   6.000   0.000   0.000   0.160   0.734   0.106   0.000   0.039   0.000   0.000   0.000
   0.054   6.000   0.000   0.000   0.160   0.734   0.107   0.000   0.040   0.000   0.000   0.000
   0.054   6.000   0.000   0.000   0.159   0.733   0.108   0.000   0.041   0.000   0.000   0.000
   0.055   6.000   0.000   0.000   0.159   0.733   0.108   0.000   0.042   0.000   0.000   0.000
   0.055   6.000   0.000   0.000   0.158   0.732   0.109   0.000   0.043   0.000   0.000   0.000
   0.056   6.000   0.000   0.000   0.158   0.732   0.110   0.000   0.043   0.000   0.000   0.000
   0.056   6.000   0.000   0.000   0.157   0.731   0.111   0.000   0.044   0.000   0.000   0.000
   0.057   6.000   0.000   0.000   0.157   0.731   0.112   0.000   0.045   0.000   0.000   0.000
   0.057   6.000   0.000   0.000   0.157   0.730   0.113   0.000   0.046   0.000   0.000   0.000
   0.058   6.000   0.000   0.000   0.156   0.730   0.114   0.000   0.047   0.000   0.000   0.000
   0.058   6.000   0.000   0.000   0.156   0.729   0.115   0.000   0.047   0.000   0.000   0.000
   0.059   6.000   0.000   0.000   0.155   0.729   0.116   0.000   0.048   0.000   0.000   0.000
   0.059   6.000   0.000   0.000   0.155   0.728   0.117   0.000   0.049   0.000   0.000   0.000
   0.060   6.000   0.000   0.000   0.154   0.728   0.118   0.000   0.050   0.000   0.000   0.000
   0.060   6.000   0.000   0.000   0.154   0.727   0.119   0.000   0.051   0.000   0.000   0.000
   0.061   6.000   0.000   0.000   0.154   0.727   0.119   0.000   0.052   0.000   0.000   0.000
   0.061   6.000   0.000   0.000   0.153   0.727   0.120   0.000   0.052   0.000   0.000   0.000
   0.062   5.000   0.000   0.000   0.153   0.726   0.121   0.000   0.053   0.000   0.000   0.000
   0.062   5.000   0.000   0.000   0.152   0.726   0.122   0.000   0.054   0.000   0.000   0.000
   0.063   5.000   0.000   0.000   0.152   0.725   0.123   0.000   0.055   0.000   0.000   0.000
   0.063   5.000   0.000   0.000   0.151   0.725   0.124   0.000   0.056   0.000   0.000   0.000
   0.064   5.000   0.000   0.000   0.151   0.724   0.125   0.000   0.057   0.000   0.000   0.000
   0.064   5.000   0.000   0.000   0.150   0.724   0.126   0.000   0.058   0.000   0.000   0.000
   0.065   5.000   0.000   0.000   0.150   0.723   0.127   0.000   0.059   0.000   0.000   0.000
   0.065   5.000   0.000   0.000   0.150   0.723   0.127   0.000   0.060   0.000   0.000   0.000
   0.066   5.000   0.000   0.000   0.149   0.723   0.128   0.000   0.060   0.000   0.000   0.000
   0.066   5.000   0.000   0.000   0.149   0.722   0.129   0.000   0.061   0.000   0.000   0.000
   0.067   5.000   0.000   0.000   0.148   0.722   0.130   0.000   0.062   0.000   0.000   0.000
   0.067   5.000   0.000   0.000   0.148   0.721   0.131   0.000   0.063   0.000   0.000   0.000
   0.068   5.000   0.000   0.000   0.147   0.721   0.132   0.000   0.064   0.000   0.000   0.000
   0.068   5.000   0.000   0.000   0.147   0.720   0.133   0.000   0.065   0.000   0.000   0.000
   0.069   5.000   0.000   0.000   0.146   0.720   0.134   0.000   0.066   0.000   0.000   0.000
   0.069   5.000   0.000   0.000   0.146   0.720   0.134   0.000   0.067   0.000   0.000   0.000
   0.070   5.000   0.000   0.000   0.145   0.719   0.135   0.000   0.068   0.000   0.000   0.000
   0.070   5.000   0.000   0.000   0.145   0.719   0.136   0.000   0.069   0.000   0.000   0.000
   0.071   5.000   0.000   0.000   0.144   0.718   0.137   0.000   0.070   0.000   0.000   0.000
   0.071   5.000   0.000   0.000   0.144   0.718   0.138   0.000   0.071   0.000   0.000   0.000
   0.072   5.000   0.000   0.000   0.144   0.718   0.139   0.000   0.072   0.000   0.000   0.000
   0.072   5.000   0.000   0.000   0.143   0.717   0.140   0.000   0.073   0.000   0.000   0.000
   0.073   5.000   0.000   0.000   0.143   0.717   0.140   0.000   0.074   0.000   0.000   0.000
   0.073   5.000   0.000   0.000   0.142   0.717   0.141   0.000   0.075   0.000   0.000   0.000
   0.074   6.000   0.000   0.000   0.142   0.716   0.142   0.000   0.076   0.000   0.000   0.000
   0.074   6.000   0.000   0.000   0.141   0.716   0.143   0.000   0.077   0.000   0.000   0.000
   0.075   6.000   0.000   0.000   0.141   0.715   0.144   0.000   0.078   0.000   0.000   0.000
   0.075   6.000   0.000   0.000   0.140   0.715   0.145   0.000   0.079   0.000   0.000   0.000
    STEP   AVACS   MODE1   MODE2   MODE3   MODE4
       1   7.000   0.005   0.942   0.000   0.053
       2   5.000   0.000   0.951   0.000   0.049
       3   4.000   0.000   0.966   0.000   0.034
       4   2.000   0.016   0.983   0.000   0.001
       5   5.000   0.178   0.822   0.000   0.000
       6   6.000   0.310   0.690   0.000   0.000
       7   6.000   0.411   0.589   0.000   0.000
       8   6.000   0.488   0.512   0.000   0.000
       9   6.000   0.546   0.454   0.000   0.000
      10   5.000   0.590   0.410   0.000   0.000
      11   4.000   0.654   0.346   0.000   0.000
      12   4.000   0.668   0.290   0.042   0.000
      13   6.000   0.588   0.264   0.147   0.000
      14   7.000   0.478   0.299   0.223   0.000
      15   5.000   0.318   0.392   0.290   0.000
      16   5.000   0.262   0.474   0.264   0.000
      17   6.000   0.227   0.548   0.225   0.000
      18   6.000   0.186   0.628   0.186   0.000
      19   6.000   0.140   0.715   0.145   0.000
      20   5.000   0.089   0.813   0.099   0.000
      21   4.000   0.032   0.922   0.045   0.000
      22   2.000   0.017   0.983   0.000   0.000
      23   5.000   0.178   0.822   0.000   0.000
      24   6.000   0.310   0.690   0.000   0.000
      25   6.000   0.411   0.589   0.000   0.000
      26   6.000   0.488   0.512   0.000   0.000
      27   6.000   0.546   0.454   0.000   0.000
      28   5.000   0.590   0.410   0.000   0.000
      29   4.000   0.654   0.346   0.000   0.000
      30   7.000   0.640   0.324   0.000   0.036
      31   9.000   0.515   0.419   0.000   0.065
      32   9.000   0.395   0.527   0.000   0.078
      33   9.000   0.272   0.645   0.000   0.083
      34   6.000   0.143   0.774   0.000   0.083
      35   8.000   0.069   0.861   0.000   0.070
      36   9.000   0.033   0.908   0.000   0.060
  STRAIN   AVACS   PRITW   SECTW   MODE1   MODE2   MODE3   MODE4   TWFR3   EFFR3   TWFR4   EFFR4
   0.075   6.000   0.000   0.000   0.140   0.715   0.145   0.000   0.079   0.000   0.000   0.000
   0.076   6.000   0.000   0.000   0.140   0.715   0.146   0.000   0.080   0.000   0.000   0.000
   0.076   6.000   0.000   0.000   0.139   0.714   0.146   0.000   0.081   0.000   0.000   0.000
   0.077   6.000   0.000   0.000   0.139   0.714   0.147   0.000   0.082   0.000   0.000   0.000
   0.077   6.000   0.000   0.000   0.138   0.714   0.148   0.000   0.083   0.000   0.000   0.000
   0.078   6.000   0.000   0.000   0.138   0.713   0.149   0.000   0.084   0.000   0.000   0.000
   0.078   6.000   0.000   0.000   0.137   0.713   0.150   0.000   0.085   0.000   0.000   0.000
   0.079   6.000   0.000   0.000   0.137   0.712   0.151   0.000   0.086   0.000   0.000   0.000
   0.079   6.000   0.000   0.000   0.137   0.712   0.151   0.000   0.087   0.000   0.000   0.000
   0.080   6.000   0.000   0.000   0.136   0.712   0.152   0.000   0.088   0.000   0.000   0.000
   0.080   6.000   0.000   0.000   0.136   0.711   0.153   0.000   0.090   0.000   0.000   0.000
   0.081   6.000   0.000   0.000   0.135   0.711   0.154   0.000   0.091   0.000   0.000   0.000
   0.081   6.000   0.000   0.000   0.135   0.711   0.155   0.000   0.092   0.000   0.000   0.000
   0.082   6.000   0.000   0.000   0.134   0.710   0.155   0.000   0.093   0.000   0.000   0.000
   0.082   6.000   0.000   0.000   0.134   0.710   0.156   0.000   0.094   0.000   0.000   0.000
   0.083   6.000   0.000   0.000   0.133   0.710   0.157   0.000   0.095   0.000   0.000   0.000
   0.083   6.000   0.000   0.000   0.133   0.709   0.158   0.000   0.096   0.000   0.000   0.000
   0.084   6.000   0.000   0.000   0.132   0.709   0.159   0.000   0.097   0.000   0.000   0.000
   0.084   6.000   0.000   0.000   0.132   0.709   0.159   0.000   0.098   0.000   0.000   0.000
   0.085   6.000   0.000   0.000   0.131   0.708   0.160   0.000   0.100   0.000   0.000   0.000
   0.085   5.000   1.000   0.000   0.498   0.460   0.000   0.043   0.101   1.000   0.000   0.000
   0.086   5.000   1.000   0.000   0.498   0.459   0.000   0.043   0.101   1.000   0.000   0.000
   0.086   5.000   1.000   0.000   0.498   0.459   0.000   0.043   0.101   1.000   0.000   0.000
   0.087   5.000   1.000   0.000   0.498   0.459   0.000   0.044   0.101   1.000   0.001   0.000
   0.087   5.000   1.000   0.000   0.498   0.458   0.000   0.044   0.101   1.000   0.001   0.000
   0.088   5.000   1.000   0.000   0.498   0.458   0.000   0.044   0.101   1.000   0.001   0.000
   0.088   5.000   1.000   0.000   0.498   0.457   0.000   0.044   0.101   1.000   0.001   0.000
   0.089   5.000   1.000   0.000   0.499   0.457   0.000   0.044   0.101   1.000   0.002   0.000
   0.089   5.000   1.000   0.000   0.499   0.457   0.000   0.045   0.101   1.000   0.002   0.000
   0.090   5.000   1.000   0.000   0.499   0.456   0.000   0.045   0.101   1.000   0.002   0.000
   0.090   5.000   1.000   0.000   0.499   0.456   0.000   0.045   0.101   1.000   0.002   0.000
   0.091   5.000   1.000   0.000   0.499   0.456   0.000   0.045   0.101   1.000   0.002   0.000
   0.091   5.000   1.000   0.000   0.499   0.455   0.000   0.045   0.101   1.000   0.003   0.000
   0.092   5.000   1.000   0.000   0.499   0.455   0.000   0.046   0.101   1.000   0.003   0.000
   0.092   5.000   1.000   0.000   0.499   0.455   0.000   0.046   0.101   1.000   0.003   0.000
   0.093   5.000   1.000   0.000   0.499   0.455   0.000   0.046   0.101   1.000   0.003   0.000
   0.093   5.000   1.000   0.000   0.500   0.454   0.000   0.046   0.101   1.000   0.004   0.000
   0.094   5.000   1.000   0.000   0.500   0.454   0.000   0.046   0.101   1.000   0.004   0.000
   0.094   5.000   1.000   0.000   0.500   0.454   0.000   0.046   0.101   1.000   0.004   0.000
   0.095   5.000   1.000   0.000   0.500   0.454   0.000   0.047   0.101   1.000   0.004   0.000
   0.095   5.000   1.000   0.000   0.500   0.453   0.000   0.047   0.101   1.000   0.004   0.000
   0.096   5.000   1.000   0.000   0.500   0.453   0.000   0.047   0.101   1.000   0.005   0.000
   0.096   5.000   1.000   0.000   0.500   0.453   0.000   0.047   0.101   1.000   0.005   0.000
   0.097   5.000   1.000   0.000   0.500   0.453   0.000   0.047   0.101   1.000   0.005   0.000
   0.097   5.000   1.000   0.000   0.500   0.453   0.000   0.047   0.101   1.000   0.005   0.000
   0.098   6.000   1.000   0.000   0.500   0.453   0.000   0.047   0.101   1.000   0.006   0.000
   0.098   6.000   1.000   0.000   0.500   0.452   0.000   0.047   0.101   1.000   0.006   0.000
   0.099   6.000   1.000   0.000   0.500   0.452   0.000   0.047   0.101   1.000   0.006   0.000
   0.099   6.000   1.000   0.000   0.500   0.452   0.000   0.047   0.101   1.000   0.006   0.000
   0.100   6.000   1.000   0.000   0.501   0.452   0.000   0.047   0.101   1.000   0.007   0.000
   0.100   6.000   1.000   0.000   0.501   0.452   0.000   0.047   0.101   1.000   0.007   0.000
    STEP   AVACS   MODE1   MODE2   MODE3   MODE4
       1   5.000   0.519   0.394   0.087   0.000
       2   3.000   0.557   0.428   0.014   0.000
       3   6.000   0.536   0.460   0.004   0.000
       4   6.000   0.508   0.492   0.000   0.000
       5   5.000   0.448   0.551   0.000   0.000
       6   4.000   0.384   0.615   0.000   0.001
       7   7.000   0.338   0.660   0.000   0.002
       8   7.000   0.283   0.714   0.000   0.003
       9   7.000   0.222   0.774   0.000   0.004
      10   6.000   0.152   0.843   0.000   0.005
      11   5.000   0.068   0.927   0.000   0.005
      12   4.000   0.022   0.978   0.000   0.000
      13   5.000   0.135   0.865   0.000   0.000
      14   5.000   0.238   0.761   0.000   0.000
      15   4.000   0.338   0.662   0.000   0.000
      16   5.000   0.404   0.594   0.000   0.002
      17   7.000   0.414   0.559   0.000   0.027
      18   7.000   0.450   0.503   0.000   0.047
      19   6.000   0.501   0.452   0.000   0.048
      20   3.000   0.569   0.430   0.000   0.001
      21   6.000   0.539   0.460   0.000   0.001
      22   6.000   0.508   0.491   0.000   0.000
      23   5.000   0.448   0.551   0.000   0.000
      24   4.000   0.385   0.615   0.000   0.000
      25   7.000   0.339   0.661   0.000   0.000
      26   7.000   0.284   0.716   0.000   0.000
      27   7.000   0.223   0.777   0.000   0.000
      28   6.000   0.154   0.846   0.000   0.000
      29   5.000   0.070   0.930   0.000   0.000
      30   4.000   0.022   0.978   0.000   0.000
      31   5.000   0.135   0.865   0.000   0.000
      32   5.000   0.238   0.761   0.000   0.000
      33   4.000   0.336   0.662   0.002   0.000
      34   6.000   0.391   0.573   0.036   0.000
      35   7.000   0.429   0.500   0.071   0.000
      36   6.000   0.464   0.437   0.099   0.000
  STRAIN   AVACS   PRITW   SECTW   MODE1   MODE2   MODE3   MODE4   TWFR3   EFFR3   TWFR4   EFFR4
   0.100   6.000   1.000   0.000   0.501   0.452   0.000   0.047   0.101   1.000   0.007   0.000
   0.101   6.000   1.000   0.000   0.501   0.452   0.000   0.048   0.101   1.000   0.007   0.000
   0.101   6.000   1.000   0.000   0.501   0.452   0.000   0.048   0.101   1.000   0.007   0.000
   0.102   6.000   1.000   0.000   0.501   0.451   0.000   0.048   0.101   1.000   0.008   0.000
   0.102   6.000   1.000   0.000   0.501   0.451   0.000   0.048   0.101   1.000   0.008   0.000
   0.103   6.000   1.000   0.000   0.501   0.451   0.000   0.048   0.101   1.000   0.008   0.000
   0.103   6.000   1.000   0.000   0.501   0.451   0.000   0.048   0.101   1.000   0.008   0.000
   0.104   6.000   1.000   0.000   0.501   0.451   0.000   0.048   0.101   1.000   0.009   0.000
   0.104   6.000   1.000   0.000   0.501   0.451   0.000   0.048   0.101   1.000   0.009   0.000
   0.105   6.000   1.000   0.000   0.502   0.451   0.000   0.048   0.101   1.000   0.009   0.000
   0.105   6.000   1.000   0.000   0.502   0.451   0.000   0.048   0.101   1.000   0.009   0.000
   0.106   6.000   1.000   0.000   0.502   0.451   0.000   0.048   0.101   1.000   0.009   0.000
   0.106   6.000   1.000   0.000   0.502   0.451   0.000   0.048   0.101   1.000   0.010   0.000
   0.107   6.000   1.000   0.000   0.502   0.450   0.000   0.048   0.101   1.000   0.010   0.000
   0.107   6.000   1.000   0.000   0.502   0.451   0.000   0.048   0.101   1.000   0.010   0.000
   0.108   6.000   1.000   0.000   0.502   0.450   0.000   0.048   0.101   1.000   0.010   0.000
   0.108   6.000   1.000   0.000   0.502   0.451   0.000   0.047   0.101   1.000   0.011   0.000
   0.109   6.000   1.000   0.000   0.502   0.450   0.000   0.047   0.101   1.000   0.011   0.000
   0.109   6.000   1.000   0.000   0.502   0.450   0.000   0.047   0.101   1.000   0.011   0.000
   0.110   6.000   1.000   0.000   0.502   0.450   0.000   0.047   0.101   1.000   0.011   0.000
   0.110   6.000   1.000   0.000   0.502   0.450   0.000   0.047   0.101   1.000   0.012   0.000
   0.111   6.000   1.000   0.000   0.503   0.450   0.000   0.047   0.101   1.000   0.012   0.000
   0.111   6.000   1.000   0.000   0.503   0.450   0.000   0.047   0.101   1.000   0.012   0.000
   0.112   6.000   1.000   0.000   0.503   0.450   0.000   0.047   0.101   1.000   0.012   0.000
   0.112   6.000   1.000   0.000   0.503   0.450   0.000   0.047   0.101   1.000   0.013   0.000
   0.113   6.000   1.000   0.000   0.503   0.450   0.000   0.047   0.101   1.000   0.013   0.000
   0.113   6.000   1.000   0.000   0.503   0.451   0.000   0.047   0.101   1.000   0.013   0.000
   0.114   6.000   1.000   0.000   0.503   0.450   0.000   0.047   0.101   1.000   0.013   0.000
   0.114   6.000   1.000   0.000   0.503   0.451   0.000   0.046   0.101   1.000   0.014   0.000
   0.115   6.000   1.000   0.000   0.503   0.451   0.000   0.046   0.101   1.000   0.014   0.000
   0.115   6.000   1.000   0.000   0.503   0.451   0.000   0.046   0.101   1.000   0.014   0.000
   0.116   6.000   1.000   0.000   0.503   0.451   0.000   0.046   0.101   1.000   0.014   0.000
   0.116   6.000   1.000   0.000   0.503   0.451   0.000   0.046   0.101   1.000   0.014   0.000
   0.117   6.000   1.000   0.000   0.503   0.451   0.000   0.046   0.101   1.000   0.015   0.000
   0.117   6.000   1.000   0.000   0.503   0.451   0.000   0.046   0.101   1.000   0.015   0.000
   0.118   6.000   1.000   0.000   0.503   0.451   0.000   0.046   0.101   1.000   0.015   0.000
   0.118   6.000   1.000   0.000   0.503   0.451   0.000   0.045   0.101   1.000   0.015   0.000
   0.119   6.000   1.000   0.000   0.503   0.451   0.000   0.045   0.101   1.000   0.016   0.000
   0.119   6.000   1.000   0.000   0.503   0.451   0.000   0.045   0.101   1.000   0.016   0.000
   0.120   6.000   1.000   0.000   0.504   0.452   0.000   0.045   0.101   1.000   0.016   0.000
   0.120   6.000   1.000   0.000   0.504   0.452   0.000   0.045   0.101   1.000   0.016   0.000
   0.121   6.000   1.000   0.000   0.504   0.452   0.000   0.045   0.101   1.000   0.016   0.000
   0.121   6.000   1.000   0.000   0.504   0.452   0.000   0.044   0.101   1.000   0.017   0.000
   0.122   6.000   1.000   0.000   0.504   0.452   0.000   0.044   0.101   1.000   0.017   0.000
   0.122   6.000   1.000   0.000   0.504   0.452   0.000   0.044   0.101   1.000   0.017   0.000
   0.123   6.000   1.000   0.000   0.504   0.452   0.000   0.044   0.101   1.000   0.017   0.000
   0.123   6.000   1.000   0.000   0.504   0.452   0.000   0.044   0.101   1.000   0.018   0.000
   0.124   6.000   1.000   0.000   0.504   0.453   0.000   0.043   0.101   1.000   0.018   0.000
   0.124   6.000   1.000   0.000   0.504   0.453   0.000   0.043   0.101   1.000   0.018   0.000
   0.125   6.000   1.000   0.000   0.504   0.453   0.000   0.043   0.101   1.000   0.018   0.000
   0.125   6.000   1.000   0.000   0.504   0.453   0.000   0.043   0.101   1.000   0.018   0.000
    STEP   AVACS   MODE1   MODE2   MODE3   MODE4
       1   5.000   0.514   0.429   0.057   0.000
       2   4.000   0.546   0.451   0.003   0.000
       3   6.000   0.523   0.472   0.005   0.000
       4   5.000   0.496   0.504   0.000   0.000
       5   5.000   0.445   0.555   0.000   0.000
       6   6.000   0.387   0.613   0.000   0.001
       7   7.000   0.341   0.657   0.000   0.002
       8   7.000   0.286   0.710   0.000   0.003
       9   7.000   0.225   0.771   0.000   0.004
      10   6.000   0.154   0.841   0.000   0.005
      11   6.000   0.069   0.926   0.000   0.005
      12   6.000   0.038   0.961   0.000   0.000
      13   6.000   0.149   0.850   0.000   0.000
      14   6.000   0.246   0.754   0.000   0.000
      15   4.000   0.338   0.662   0.000   0.000
      16   5.000   0.402   0.597   0.000   0.001
      17   5.000   0.424   0.564   0.000   0.012
      18   7.000   0.453   0.505   0.000   0.042
      19   6.000   0.504   0.453   0.000   0.043
      20   4.000   0.548   0.451   0.000   0.001
      21   6.000   0.527   0.472   0.000   0.001
      22   5.000   0.496   0.503   0.000   0.000
      23   5.000   0.445   0.555   0.000   0.000
      24   6.000   0.387   0.613   0.000   0.000
      25   7.000   0.342   0.658   0.000   0.000
      26   7.000   0.287   0.712   0.000   0.000
      27   7.000   0.226   0.774   0.000   0.000
      28   6.000   0.157   0.843   0.000   0.000
      29   6.000   0.071   0.929   0.000   0.000
      30   6.000   0.038   0.962   0.000   0.000
      31   6.000   0.149   0.851   0.000   0.000
      32   6.000   0.246   0.754   0.001   0.000
      33   4.000   0.335   0.662   0.003   0.000
      34   7.000   0.379   0.589   0.032   0.000
      35   7.000   0.418   0.522   0.060   0.000
      36   6.000   0.456   0.463   0.081   0.000
