    STEP   AVACS   MODE1   MODE2   MODE3   MODE4
       1   6.000   0.263   0.737   0.000   0.000
       2   6.000   0.266   0.734   0.000   0.000
       3   4.000   0.257   0.743   0.000   0.000
       4   6.000   0.300   0.700   0.000   0.000
       5   5.000   0.348   0.652   0.000   0.000
       6   7.000   0.438   0.562   0.000   0.000
       7   6.000   0.491   0.509   0.000   0.000
       8   7.000   0.533   0.467   0.000   0.000
       9   5.000   0.538   0.462   0.000   0.000
      10   6.000   0.552   0.448   0.000   0.000
      11   5.000   0.507   0.493   0.000   0.000
      12   5.000   0.462   0.538   0.000   0.000
      13   6.000   0.424   0.576   0.000   0.000
      14   6.000   0.330   0.670   0.000   0.000
      15   4.000   0.189   0.811   0.000   0.000
      16   5.000   0.175   0.825   0.000   0.000
      17   5.000   0.181   0.819   0.000   0.000
      18   6.000   0.236   0.764   0.000   0.000
      19   6.000   0.263   0.737   0.000   0.000
      20   6.000   0.266   0.734   0.000   0.000
      21   4.000   0.257   0.743   0.000   0.000
      22   6.000   0.300   0.700   0.000   0.000
      23   5.000   0.348   0.652   0.000   0.000
      24   7.000   0.438   0.562   0.000   0.000
      25   6.000   0.491   0.509   0.000   0.000
      26   7.000   0.533   0.467   0.000   0.000
      27   5.000   0.538   0.462   0.000   0.000
      28   6.000   0.552   0.448   0.000   0.000
      29   5.000   0.507   0.493   0.000   0.000
      30   5.000   0.462   0.538   0.000   0.000
      31   6.000   0.424   0.576   0.000   0.000
      32   6.000   0.330   0.670   0.000   0.000
      33   4.000   0.189   0.811   0.000   0.000
      34   5.000   0.175   0.825   0.000   0.000
      35   5.000   0.181   0.819   0.000   0.000
      36   6.000   0.236   0.764   0.000   0.000
  STRAIN   AVACS   PRITW   SECTW   MODE1   MODE2   MODE3   MODE4   TWFR3   EFFR3   TWFR4   EFFR4
   0.000   6.000   0.000   0.000   0.263   0.737   0.000   0.000   0.000   0.000   0.000   0.000
   0.001   6.000   0.000   0.000   0.258   0.742   0.000   0.000   0.000   0.000   0.000   0.000
   0.001   6.000   0.000   0.000   0.254   0.746   0.000   0.000   0.000   0.000   0.000   0.000
   0.002   6.000   0.000   0.000   0.250   0.750   0.000   0.000   0.000   0.000   0.000   0.000
   0.002   6.000   0.000   0.000   0.247   0.753   0.000   0.000   0.000   0.000   0.000   0.000
   0.003   6.000   0.000   0.000   0.245   0.755   0.000   0.000   0.000   0.000   0.000   0.000
   0.003   6.000   0.000   0.000   0.242   0.758   0.000   0.000   0.000   0.000   0.000   0.000
   0.004   6.000   0.000   0.000   0.240   0.760   0.000   0.000   0.000   0.000   0.000   0.000
   0.004   6.000   0.000   0.000   0.238   0.762   0.000   0.000   0.000   0.000   0.000   0.000
   0.005   6.000   0.000   0.000   0.237   0.763   0.000   0.000   0.000   0.000   0.000   0.000
   0.005   6.000   0.000   0.000   0.236   0.764   0.000   0.000   0.000   0.000   0.000   0.000
   0.006   6.000   0.000   0.000   0.235   0.765   0.000   0.000   0.000   0.000   0.000   0.000
   0.006   6.000   0.000   0.000   0.234   0.766   0.000   0.000   0.000   0.000   0.000   0.000
   0.007   6.000   0.000   0.000   0.234   0.766   0.000   0.000   0.000   0.000   0.000   0.000
   0.007   6.000   0.000   0.000   0.233   0.767   0.000   0.000   0.000   0.000   0.000   0.000
   0.008   6.000   0.000   0.000   0.233   0.767   0.000   0.000   0.000   0.000   0.000   0.000
   0.008   6.000   0.000   0.000   0.233   0.767   0.000   0.000   0.000   0.000   0.000   0.000
   0.009   6.000   0.000   0.000   0.233   0.767   0.000   0.000   0.000   0.000   0.000   0.000
   0.009   6.000   0.000   0.000   0.233   0.767   0.000   0.000   0.000   0.000   0.000   0.000
   0.010   6.000   0.000   0.000   0.233   0.767   0.000   0.000   0.000   0.000   0.000   0.000
   0.010   6.000   0.000   0.000   0.233   0.767   0.000   0.000   0.000   0.000   0.000   0.000
   0.011   6.000   0.000   0.000   0.233   0.767   0.000   0.000   0.000   0.000   0.000   0.000
   0.011   6.000   0.000   0.000   0.234   0.766   0.000   0.000   0.000   0.000   0.000   0.000
   0.012   6.000   0.000   0.000   0.234   0.766   0.000   0.000   0.000   0.000   0.000   0.000
   0.012   6.000   0.000   0.000   0.235   0.765   0.000   0.000   0.000   0.000   0.000   0.000
   0.013   6.000   0.000   0.000   0.235   0.765   0.000   0.000   0.000   0.000   0.000   0.000
   0.013   6.000   0.000   0.000   0.235   0.765   0.000   0.000   0.000   0.000   0.000   0.000
   0.014   6.000   0.000   0.000   0.236   0.764   0.000   0.000   0.000   0.000   0.000   0.000
   0.014   6.000   0.000   0.000   0.236   0.764   0.000   0.000   0.000   0.000   0.000   0.000
   0.015   6.000   0.000   0.000   0.237   0.763   0.000   0.000   0.000   0.000   0.000   0.000
   0.015   6.000   0.000   0.000   0.237   0.763   0.000   0.000   0.000   0.000   0.000   0.000
   0.016   6.000   0.000   0.000   0.238   0.762   0.000   0.000   0.000   0.000   0.000   0.000
   0.016   6.000   0.000   0.000   0.238   0.762   0.000   0.000   0.000   0.000   0.000   0.000
   0.017   6.000   0.000   0.000   0.239   0.761   0.000   0.000   0.000   0.000   0.000   0.000
   0.017   6.000   0.000   0.000   0.239   0.761   0.000   0.000   0.000   0.000   0.000   0.000
   0.018   6.000   0.000   0.000   0.240   0.760   0.000   0.000   0.000   0.000   0.000   0.000
   0.018   6.000   0.000   0.000   0.240   0.760   0.000   0.000   0.000   0.000   0.000   0.000
   0.019   6.000   0.000   0.000   0.241   0.759   0.000   0.000   0.000   0.000   0.000   0.000
   0.019   6.000   0.000   0.000   0.241   0.759   0.000   0.000   0.000   0.000   0.000   0.000
   0.020   6.000   0.000   0.000   0.241   0.759   0.000   0.000   0.000   0.000   0.000   0.000
   0.020   6.000   0.000   0.000   0.242   0.758   0.000   0.000   0.000   0.000   0.000   0.000
   0.021   6.000   0.000   0.000   0.242   0.758   0.000   0.000   0.000   0.000   0.000   0.000
   0.021   6.000   0.000   0.000   0.243   0.757   0.000   0.000   0.000   0.000   0.000   0.000
   0.022   6.000   0.000   0.000   0.243   0.757   0.000   0.000   0.000   0.000   0.000   0.000
   0.022   6.000   0.000   0.000   0.244   0.756   0.000   0.000   0.000   0.000   0.000   0.000
   0.023   6.000   0.000   0.000   0.244   0.756   0.000   0.000   0.000   0.000   0.000   0.000
   0.023   6.000   0.000   0.000   0.244   0.756   0.000   0.000   0.000   0.000   0.000   0.000
   0.024   6.000   0.000   0.000   0.245   0.755   0.000   0.000   0.000   0.000   0.000   0.000
   0.024   6.000   0.000   0.000   0.245   0.755   0.000   0.000   0.000   0.000   0.000   0.000
   0.025   6.000   0.000   0.000   0.245   0.755   0.000   0.000   0.000   0.000   0.000   0.000
   0.025   6.000   0.000   0.000   0.246   0.754   0.000   0.000   0.000   0.000   0.000   0.000
    STEP   AVACS   MODE1   MODE2   MODE3   MODE4
       1   6.000   0.246   0.754   0.000   0.000
       2   5.000   0.250   0.750   0.000   0.000
       3   5.000   0.245   0.755   0.000   0.000
       4   6.000   0.273   0.727   0.000   0.000
       5   5.000   0.358   0.642   0.000   0.000
       6   6.000   0.450   0.550   0.000   0.000
       7   6.000   0.505   0.495   0.000   0.000
       8   7.000   0.546   0.454   0.000   0.000
       9   5.000   0.551   0.449   0.000   0.000
      10   6.000   0.555   0.445   0.000   0.000
      11   5.000   0.516   0.484   0.000   0.000
      12   6.000   0.471   0.529   0.000   0.000
      13   6.000   0.432   0.568   0.000   0.000
      14   5.000   0.335   0.665   0.000   0.000
      15   4.000   0.200   0.800   0.000   0.000
      16   6.000   0.184   0.816   0.001   0.000
      17   5.000   0.181   0.819   0.000   0.000
      18   6.000   0.226   0.774   0.000   0.000
      19   6.000   0.246   0.754   0.000   0.000
      20   5.000   0.250   0.750   0.000   0.000
      21   5.000   0.245   0.755   0.000   0.000
      22   6.000   0.272   0.727   0.000   0.000
      23   5.000   0.358   0.642   0.000   0.000
      24   6.000   0.450   0.550   0.000   0.000
      25   6.000   0.505   0.495   0.000   0.000
      26   7.000   0.546   0.454   0.000   0.000
      27   5.000   0.551   0.449   0.000   0.000
      28   6.000   0.555   0.445   0.000   0.000
      29   5.000   0.516   0.484   0.000   0.000
      30   6.000   0.471   0.529   0.000   0.000
      31   6.000   0.432   0.568   0.000   0.000
      32   5.000   0.335   0.665   0.000   0.000
      33   4.000   0.200   0.800   0.000   0.000
      34   6.000   0.184   0.816   0.000   0.000
      35   5.000   0.181   0.819   0.000   0.000
      36   6.000   0.226   0.774   0.000   0.000
  STRAIN   AVACS   PRITW   SECTW   MODE1   MODE2   MODE3   MODE4   TWFR3   EFFR3   TWFR4   EFFR4
   0.025   6.000   0.000   0.000   0.246   0.754   0.000   0.000   0.000   0.000   0.000   0.000
   0.026   6.000   0.000   0.000   0.246   0.754   0.000   0.000   0.000   0.000   0.000   0.000
   0.026   5.000   0.000   0.000   0.246   0.753   0.000   0.000   0.000   0.000   0.000   0.000
   0.027   5.000   0.000   0.000   0.247   0.753   0.000   0.000   0.000   0.000   0.000   0.000
   0.027   5.000   0.000   0.000   0.247   0.753   0.000   0.000   0.000   0.000   0.000   0.000
   0.028   5.000   0.000   0.000   0.247   0.753   0.000   0.000   0.000   0.000   0.000   0.000
   0.028   5.000   0.000   0.000   0.247   0.752   0.000   0.000   0.000   0.000   0.000   0.000
   0.029   5.000   0.000   0.000   0.248   0.752   0.000   0.000   0.000   0.000   0.000   0.000
   0.029   5.000   0.000   0.000   0.248   0.752   0.000   0.000   0.000   0.000   0.000   0.000
   0.030   5.000   0.000   0.000   0.248   0.751   0.000   0.000   0.000   0.000   0.000   0.000
   0.030   5.000   0.000   0.000   0.248   0.751   0.000   0.000   0.000   0.000   0.000   0.000
   0.031   5.000   0.000   0.000   0.249   0.751   0.001   0.000   0.000   0.000   0.000   0.000
   0.031   5.000   0.000   0.000   0.249   0.751   0.001   0.000   0.000   0.000   0.000   0.000
   0.032   5.000   0.000   0.000   0.249   0.750   0.001   0.000   0.000   0.000   0.000   0.000
   0.032   5.000   0.000   0.000   0.249   0.750   0.001   0.000   0.000   0.000   0.000   0.000
   0.033   5.000   0.000   0.000   0.249   0.750   0.001   0.000   0.000   0.000   0.000   0.000
   0.033   5.000   0.000   0.000   0.250   0.750   0.001   0.000   0.000   0.000   0.000   0.000
   0.034   5.000   0.000   0.000   0.250   0.749   0.001   0.000   0.000   0.000   0.000   0.000
   0.034   5.000   0.000   0.000   0.250   0.749   0.001   0.000   0.000   0.000   0.000   0.000
   0.035   5.000   0.000   0.000   0.250   0.749   0.001   0.000   0.000   0.000   0.000   0.000
   0.035   5.000   0.000   0.000   0.250   0.749   0.001   0.000   0.000   0.000   0.000   0.000
   0.036   5.000   0.000   0.000   0.250   0.749   0.001   0.000   0.000   0.000   0.000   0.000
   0.036   5.000   0.000   0.000   0.250   0.748   0.001   0.000   0.000   0.000   0.000   0.000
   0.037   5.000   0.000   0.000   0.250   0.748   0.001   0.000   0.000   0.000   0.000   0.000
   0.037   5.000   0.000   0.000   0.250   0.748   0.002   0.000   0.000   0.000   0.000   0.000
   0.038   5.000   0.000   0.000   0.250   0.748   0.002   0.000   0.000   0.000   0.000   0.000
   0.038   5.000   0.000   0.000   0.250   0.748   0.002   0.000   0.000   0.000   0.000   0.000
   0.039   5.000   0.000   0.000   0.250   0.747   0.002   0.000   0.000   0.000   0.000   0.000
   0.039   5.000   0.000   0.000   0.250   0.747   0.002   0.000   0.000   0.000   0.000   0.000
   0.040   5.000   0.000   0.000   0.250   0.747   0.002   0.000   0.000   0.000   0.000   0.000
   0.040   5.000   0.000   0.000   0.250   0.747   0.003   0.000   0.000   0.000   0.000   0.000
   0.041   5.000   0.000   0.000   0.250   0.747   0.003   0.000   0.000   0.000   0.000   0.000
   0.041   5.000   0.000   0.000   0.250   0.747   0.003   0.000   0.000   0.000   0.000   0.000
   0.042   5.000   0.000   0.000   0.250   0.746   0.003   0.000   0.000   0.000   0.000   0.000
   0.042   5.000   0.000   0.000   0.250   0.746   0.004   0.000   0.000   0.000   0.000   0.000
   0.043   5.000   0.000   0.000   0.250   0.746   0.004   0.000   0.000   0.000   0.000   0.000
   0.043   5.000   0.000   0.000   0.250   0.746   0.004   0.000   0.000   0.000   0.000   0.000
   0.044   5.000   0.000   0.000   0.250   0.746   0.005   0.000   0.000   0.000   0.000   0.000
   0.044   5.000   0.000   0.000   0.250   0.745   0.005   0.000   0.000   0.000   0.000   0.000
   0.045   5.000   0.000   0.000   0.249   0.745   0.005   0.000   0.001   0.000   0.000   0.000
   0.045   5.000   0.000   0.000   0.249   0.745   0.006   0.000   0.001   0.000   0.000   0.000
   0.046   5.000   0.000   0.000   0.249   0.745   0.006   0.000   0.001   0.000   0.000   0.000
   0.046   5.000   0.000   0.000   0.249   0.745   0.007   0.000   0.001   0.000   0.000   0.000
   0.047   5.000   0.000   0.000   0.248   0.744   0.007   0.000   0.001   0.000   0.000   0.000
   0.047   5.000   0.000   0.000   0.248   0.744   0.008   0.000   0.001   0.000   0.000   0.000
   0.048   5.000   0.000   0.000   0.248   0.744   0.008   0.000   0.001   0.000   0.000   0.000
   0.048   5.000   0.000   0.000   0.248   0.744   0.009   0.000   0.001   0.000   0.000   0.000
   0.049   5.000   0.000   0.000   0.247   0.743   0.009   0.000   0.001   0.000   0.000   0.000
   0.049   5.000   0.000   0.000   0.247   0.743   0.010   0.000   0.001   0.000   0.000   0.000
   0.050   5.000   0.000   0.000   0.247   0.743   0.011   0.000   0.001   0.000   0.000   0.000
   0.050   5.000   0.000   0.000   0.246   0.743   0.011   0.000   0.001   0.000   0.000   0.000
    STEP   AVACS   MODE1   MODE2   MODE3   MODE4
       1   5.000   0.250   0.749   0.000   0.001
       2   5.000   0.253   0.746   0.000   0.000
       3   4.000   0.257   0.742   0.000   0.001
       4   6.000   0.291   0.708   0.000   0.001
       5   5.000   0.370   0.627   0.000   0.002
       6   6.000   0.464   0.533   0.000   0.003
       7   6.000   0.520   0.477   0.000   0.003
       8   7.000   0.562   0.436   0.000   0.002
       9   5.000   0.569   0.431   0.000   0.000
      10   6.000   0.574   0.426   0.000   0.000
      11   5.000   0.536   0.464   0.000   0.000
      12   6.000   0.490   0.510   0.000   0.000
      13   6.000   0.444   0.556   0.000   0.000
      14   5.000   0.345   0.655   0.000   0.000
      15   3.000   0.231   0.767   0.001   0.000
      16   5.000   0.202   0.784   0.014   0.000
      17   4.000   0.180   0.805   0.015   0.000
      18   5.000   0.230   0.759   0.011   0.000
      19   5.000   0.246   0.743   0.011   0.000
      20   5.000   0.250   0.741   0.009   0.000
      21   4.000   0.250   0.740   0.009   0.000
      22   6.000   0.287   0.708   0.006   0.000
      23   5.000   0.371   0.629   0.000   0.000
      24   6.000   0.465   0.535   0.000   0.000
      25   6.000   0.521   0.479   0.000   0.000
      26   7.000   0.562   0.438   0.000   0.000
      27   5.000   0.569   0.431   0.000   0.000
      28   6.000   0.574   0.426   0.000   0.000
      29   5.000   0.536   0.463   0.000   0.001
      30   6.000   0.490   0.510   0.000   0.000
      31   6.000   0.444   0.556   0.000   0.000
      32   5.000   0.345   0.655   0.000   0.000
      33   3.000   0.232   0.767   0.000   0.001
      34   5.000   0.212   0.785   0.000   0.003
      35   4.000   0.186   0.812   0.000   0.002
      36   5.000   0.235   0.764   0.000   0.001
  STRAIN   AVACS   PRITW   SECTW   MODE1   MODE2   MODE3   MODE4   TWFR3   EFFR3   TWFR4   EFFR4
   0.050   5.000   0.000   0.000   0.246   0.743   0.011   0.000   0.001   0.000   0.000   0.000
   0.051   5.000   0.000   0.000   0.246   0.742   0.012   0.000   0.001   0.000   0.000   0.000
   0.051   5.000   0.000   0.000   0.246   0.742   0.012   0.000   0.001   0.000   0.000   0.000
   0.052   5.000   0.000   0.000   0.245   0.742   0.013   0.000   0.001   0.000   0.000   0.000
   0.052   5.000   0.000   0.000   0.245   0.741   0.014   0.000   0.002   0.000   0.000   0.000
   0.053   5.000   0.000   0.000   0.244   0.741   0.014   0.000   0.002   0.000   0.000   0.000
   0.053   5.000   0.000   0.000   0.244   0.741   0.015   0.000   0.002   0.000   0.000   0.000
   0.054   5.000   0.000   0.000   0.243   0.741   0.016   0.000   0.002   0.000   0.000   0.000
   0.054   5.000   0.000   0.000   0.243   0.740   0.017   0.000   0.002   0.000   0.000   0.000
   0.055   5.000   0.000   0.000   0.243   0.740   0.017   0.000   0.002   0.000   0.000   0.000
   0.055   5.000   0.000   0.000   0.242   0.740   0.018   0.000   0.002   0.000   0.000   0.000
   0.056   5.000   0.000   0.000   0.242   0.739   0.019   0.000   0.002   0.000   0.000   0.000
   0.056   5.000   0.000   0.000   0.241   0.739   0.020   0.000   0.003   0.000   0.000   0.000
   0.057   5.000   0.000   0.000   0.241   0.739   0.020   0.000   0.003   0.000   0.000   0.000
   0.057   5.000   0.000   0.000   0.240   0.739   0.021   0.000   0.003   0.000   0.000   0.000
   0.058   5.000   0.000   0.000   0.240   0.738   0.022   0.000   0.003   0.000   0.000   0.000
   0.058   5.000   0.000   0.000   0.239   0.738   0.023   0.000   0.003   0.000   0.000   0.000
   0.059   5.000   0.000   0.000   0.239   0.738   0.024   0.000   0.003   0.000   0.000   0.000
   0.059   5.000   0.000   0.000   0.238   0.737   0.024   0.000   0.004   0.000   0.000   0.000
   0.060   6.000   0.000   0.000   0.238   0.737   0.025   0.000   0.004   0.000   0.000   0.000
   0.060   6.000   0.000   0.000   0.237   0.737   0.026   0.000   0.004   0.000   0.000   0.000
   0.061   6.000   0.000   0.000   0.237   0.736   0.027   0.000   0.004   0.000   0.000   0.000
   0.061   6.000   0.000   0.000   0.236   0.736   0.028   0.000   0.004   0.000   0.000   0.000
   0.062   6.000   0.000   0.000   0.236   0.736   0.029   0.000   0.005   0.000   0.000   0.000
   0.062   6.000   0.000   0.000   0.235   0.736   0.029   0.000   0.005   0.000   0.000   0.000
   0.063   6.000   0.000   0.000   0.235   0.735   0.030   0.000   0.005   0.000   0.000   0.000
   0.063   6.000   0.000   0.000   0.234   0.735   0.031   0.000   0.005   0.000   0.000   0.000
   0.064   6.000   0.000   0.000   0.233   0.735   0.032   0.000   0.006   0.000   0.000   0.000
   0.064   6.000   0.000   0.000   0.233   0.734   0.033   0.000   0.006   0.000   0.000   0.000
   0.065   6.000   0.000   0.000   0.232   0.734   0.034   0.000   0.006   0.000   0.000   0.000
   0.065   6.000   0.000   0.000   0.232   0.734   0.034   0.000   0.006   0.000   0.000   0.000
   0.066   6.000   0.000   0.000   0.231   0.733   0.035   0.000   0.007   0.000   0.000   0.000
   0.066   6.000   0.000   0.000   0.231   0.733   0.036   0.000   0.007   0.000   0.000   0.000
   0.067   6.000   0.000   0.000   0.230   0.733   0.037   0.000   0.007   0.000   0.000   0.000
   0.067   6.000   0.000   0.000   0.229   0.733   0.038   0.000   0.008   0.000   0.000   0.000
   0.068   6.000   0.000   0.000   0.229   0.732   0.039   0.000   0.008   0.000   0.000   0.000
   0.068   6.000   0.000   0.000   0.228   0.732   0.040   0.000   0.008   0.000   0.000   0.000
   0.069   6.000   0.000   0.000   0.228   0.732   0.040   0.000   0.008   0.000   0.000   0.000
   0.069   6.000   0.000   0.000   0.227   0.731   0.041   0.000   0.009   0.000   0.000   0.000
   0.070   6.000   0.000   0.000   0.227   0.731   0.042   0.000   0.009   0.000   0.000   0.000
   0.070   6.000   0.000   0.000   0.226   0.731   0.043   0.000   0.009   0.000   0.000   0.000
   0.071   6.000   0.000   0.000   0.225   0.731   0.044   0.000   0.010   0.000   0.000   0.000
   0.071   6.000   0.000   0.000   0.225   0.730   0.045   0.000   0.010   0.000   0.000   0.000
   0.072   6.000   0.000   0.000   0.224   0.730   0.046   0.000   0.010   0.000   0.000   0.000
   0.072   6.000   0.000   0.000   0.224   0.730   0.047   0.000   0.011   0.000   0.000   0.000
   0.073   6.000   0.000   0.000   0.223   0.730   0.047   0.000   0.011   0.000   0.000   0.000
   0.073   6.000   0.000   0.000   0.222   0.729   0.048   0.000   0.012   0.000   0.000   0.000
   0.074   6.000   0.000   0.000   0.222   0.729   0.049   0.000   0.012   0.000   0.000   0.000
   0.074   6.000   0.000   0.000   0.221   0.729   0.050   0.000   0.012   0.000   0.000   0.000
   0.075   6.000   0.000   0.000   0.221   0.729   0.051   0.000   0.013   0.000   0.000   0.000
   0.075   6.000   0.000   0.000   0.220   0.728   0.052   0.000   0.013   0.000   0.000   0.000
    STEP   AVACS   MODE1   MODE2   MODE3   MODE4
       1   5.000   0.136   0.852   0.000   0.011
       2   5.000   0.149   0.829   0.000   0.021
       3   6.000   0.187   0.786   0.000   0.027
       4   5.000   0.288   0.707   0.000   0.005
       5   4.000   0.380   0.613   0.000   0.007
       6   6.000   0.476   0.515   0.000   0.008
       7   6.000   0.534   0.458   0.000   0.008
       8   6.000   0.576   0.419   0.000   0.005
       9   5.000   0.585   0.415   0.000   0.001
      10   6.000   0.587   0.413   0.000   0.000
      11   5.000   0.551   0.449   0.000   0.000
      12   6.000   0.505   0.494   0.000   0.000
      13   6.000   0.455   0.545   0.000   0.000
      14   4.000   0.355   0.645   0.000   0.000
      15   4.000   0.245   0.734   0.021   0.000
      16   6.000   0.189   0.757   0.054   0.000
      17   5.000   0.170   0.776   0.054   0.000
      18   6.000   0.208   0.740   0.051   0.000
      19   6.000   0.220   0.728   0.052   0.000
      20   5.000   0.222   0.730   0.048   0.000
      21   5.000   0.221   0.730   0.049   0.000
      22   7.000   0.270   0.699   0.031   0.000
      23   4.000   0.383   0.616   0.001   0.000
      24   6.000   0.479   0.521   0.000   0.000
      25   6.000   0.536   0.464   0.000   0.000
      26   6.000   0.577   0.423   0.000   0.000
      27   5.000   0.585   0.415   0.000   0.000
      28   6.000   0.587   0.412   0.000   0.001
      29   5.000   0.551   0.447   0.000   0.002
      30   6.000   0.506   0.494   0.000   0.000
      31   6.000   0.455   0.545   0.000   0.000
      32   4.000   0.355   0.645   0.000   0.000
      33   4.000   0.262   0.733   0.000   0.005
      34   5.000   0.201   0.779   0.000   0.020
      35   4.000   0.136   0.847   0.000   0.016
      36   6.000   0.134   0.854   0.000   0.012
  STRAIN   AVACS   PRITW   SECTW   MODE1   MODE2   MODE3   MODE4   TWFR3   EFFR3   TWFR4   EFFR4
   0.075   6.000   0.000   0.000   0.220   0.728   0.052   0.000   0.013   0.000   0.000   0.000
   0.076   6.000   0.000   0.000   0.219   0.728   0.053   0.000   0.014   0.000   0.000   0.000
   0.076   6.000   0.000   0.000   0.219   0.728   0.053   0.000   0.014   0.000   0.000   0.000
   0.077   6.000   0.000   0.000   0.218   0.728   0.054   0.000   0.014   0.000   0.000   0.000
   0.077   6.000   0.000   0.000   0.218   0.727   0.055   0.000   0.015   0.000   0.000   0.000
   0.078   6.000   0.000   0.000   0.217   0.727   0.056   0.000   0.015   0.000   0.000   0.000
   0.078   6.000   0.000   0.000   0.216   0.727   0.057   0.000   0.016   0.000   0.000   0.000
   0.079   6.000   0.000   0.000   0.216   0.727   0.058   0.000   0.016   0.000   0.000   0.000
   0.079   6.000   0.000   0.000   0.215   0.726   0.059   0.000   0.017   0.000   0.000   0.000
   0.080   6.000   0.000   0.000   0.214   0.726   0.059   0.000   0.017   0.000   0.000   0.000
   0.080   6.000   0.000   0.000   0.214   0.726   0.060   0.000   0.017   0.000   0.000   0.000
   0.081   6.000   0.000   0.000   0.213   0.726   0.061   0.000   0.018   0.000   0.000   0.000
   0.081   6.000   0.000   0.000   0.213   0.725   0.062   0.000   0.018   0.000   0.000   0.000
   0.082   6.000   0.000   0.000   0.212   0.725   0.063   0.000   0.019   0.000   0.000   0.000
   0.082   6.000   0.000   0.000   0.211   0.725   0.064   0.000   0.019   0.000   0.000   0.000
   0.083   6.000   0.000   0.000   0.211   0.725   0.065   0.000   0.020   0.000   0.000   0.000
   0.083   6.000   0.000   0.000   0.210   0.724   0.065   0.000   0.020   0.000   0.000   0.000
   0.084   6.000   0.000   0.000   0.209   0.724   0.066   0.000   0.021   0.000   0.000   0.000
   0.084   6.000   0.000   0.000   0.209   0.724   0.067   0.000   0.021   0.000   0.000   0.000
   0.085   6.000   0.000   0.000   0.208   0.724   0.068   0.000   0.022   0.000   0.000   0.000
   0.085   6.000   0.000   0.000   0.207   0.724   0.069   0.000   0.022   0.000   0.000   0.000
   0.086   6.000   0.000   0.000   0.207   0.723   0.070   0.000   0.023   0.000   0.000   0.000
   0.086   6.000   0.000   0.000   0.206   0.723   0.071   0.000   0.023   0.000   0.000   0.000
   0.087   6.000   0.000   0.000   0.206   0.723   0.071   0.000   0.024   0.000   0.000   0.000
   0.087   6.000   0.000   0.000   0.205   0.723   0.072   0.000   0.025   0.000   0.000   0.000
   0.088   6.000   0.000   0.000   0.204   0.723   0.073   0.000   0.025   0.000   0.000   0.000
   0.088   6.000   0.000   0.000   0.204   0.722   0.074   0.000   0.026   0.000   0.000   0.000
   0.089   6.000   0.000   0.000   0.203   0.722   0.075   0.000   0.026   0.000   0.000   0.000
   0.089   6.000   0.000   0.000   0.202   0.722   0.076   0.000   0.027   0.000   0.000   0.000
   0.090   6.000   0.000   0.000   0.202   0.722   0.077   0.000   0.027   0.000   0.000   0.000
   0.090   6.000   0.000   0.000   0.201   0.722   0.077   0.000   0.028   0.000   0.000   0.000
   0.091   6.000   0.000   0.000   0.200   0.721   0.078   0.000   0.029   0.000   0.000   0.000
   0.091   6.000   0.000   0.000   0.200   0.721   0.079   0.000   0.029   0.000   0.000   0.000
   0.092   6.000   0.000   0.000   0.199   0.721   0.080   0.000   0.030   0.000   0.000   0.000
   0.092   6.000   0.000   0.000   0.198   0.721   0.081   0.000   0.030   0.000   0.000   0.000
   0.093   6.000   0.000   0.000   0.198   0.721   0.082   0.000   0.031   0.000   0.000   0.000
   0.093   6.000   0.000   0.000   0.197   0.721   0.082   0.000   0.032   0.000   0.000   0.000
   0.094   6.000   0.000   0.000   0.196   0.720   0.083   0.000   0.032   0.000   0.000   0.000
   0.094   6.000   0.000   0.000   0.196   0.720   0.084   0.000   0.033   0.000   0.000   0.000
   0.095   6.000   0.000   0.000   0.195   0.720   0.085   0.000   0.034   0.000   0.000   0.000
   0.095   6.000   0.000   0.000   0.194   0.720   0.086   0.000   0.034   0.000   0.000   0.000
   0.096   6.000   0.000   0.000   0.194   0.720   0.087   0.000   0.035   0.000   0.000   0.000
   0.096   6.000   0.000   0.000   0.193   0.719   0.088   0.000   0.036   0.000   0.000   0.000
   0.097   6.000   0.000   0.000   0.192   0.719   0.088   0.000   0.036   0.000   0.000   0.000
   0.097   6.000   0.000   0.000   0.192   0.719   0.089   0.000   0.037   0.000   0.000   0.000
   0.098   6.000   0.000   0.000   0.191   0.719   0.090   0.000   0.038   0.000   0.000   0.000
   0.098   6.000   0.000   0.000   0.190   0.719   0.091   0.000   0.038   0.000   0.000   0.000
   0.099   6.000   0.000   0.000   0.190   0.719   0.092   0.000   0.039   0.000   0.000   0.000
   0.099   6.000   0.000   0.000   0.189   0.719   0.092   0.000   0.040   0.000   0.000   0.000
   0.100   6.000   0.000   0.000   0.188   0.718   0.093   0.000   0.040   0.000   0.000   0.000
   0.100   6.000   0.000   0.000   0.188   0.718   0.094   0.000   0.041   0.000   0.000   0.000
    STEP   AVACS   MODE1   MODE2   MODE3   MODE4
       1   6.000   0.043   0.900   0.000   0.057
       2   6.000   0.089   0.839   0.000   0.072
       3   7.000   0.139   0.791   0.000   0.069
       4   5.000   0.200   0.749   0.000   0.050
       5   5.000   0.378   0.602   0.000   0.020
       6   5.000   0.488   0.502   0.000   0.010
       7   6.000   0.548   0.444   0.000   0.009
       8   6.000   0.589   0.406   0.000   0.005
       9   5.000   0.599   0.401   0.000   0.001
      10   6.000   0.596   0.404   0.001   0.000
      11   5.000   0.561   0.437   0.002   0.000
      12   6.000   0.518   0.482   0.000   0.000
      13   5.000   0.464   0.536   0.000   0.000
      14   4.000   0.363   0.637   0.000   0.000
      15   5.000   0.239   0.702   0.060   0.000
      16   7.000   0.162   0.734   0.104   0.000
      17   5.000   0.157   0.749   0.094   0.000
      18   6.000   0.180   0.726   0.094   0.000
      19   6.000   0.188   0.718   0.094   0.000
      20   6.000   0.189   0.721   0.091   0.000
      21   5.000   0.184   0.721   0.094   0.000
      22   6.000   0.237   0.693   0.070   0.000
      23   4.000   0.387   0.598   0.015   0.000
      24   5.000   0.491   0.509   0.000   0.000
      25   6.000   0.550   0.450   0.000   0.000
      26   6.000   0.591   0.409   0.000   0.000
      27   5.000   0.599   0.401   0.000   0.000
      28   6.000   0.596   0.403   0.000   0.001
      29   5.000   0.563   0.435   0.000   0.002
      30   6.000   0.518   0.482   0.000   0.000
      31   5.000   0.464   0.536   0.000   0.000
      32   4.000   0.363   0.637   0.000   0.000
      33   6.000   0.266   0.686   0.000   0.048
      34   6.000   0.163   0.761   0.000   0.076
      35   6.000   0.056   0.889   0.000   0.054
      36   4.000   0.007   0.958   0.000   0.035
  STRAIN   AVACS   PRITW   SECTW   MODE1   MODE2   MODE3   MODE4   TWFR3   EFFR3   TWFR4   EFFR4
   0.100   6.000   0.000   0.000   0.188   0.718   0.094   0.000   0.041   0.000   0.000   0.000
   0.101   6.000   0.000   0.000   0.187   0.718   0.095   0.000   0.042   0.000   0.000   0.000
   0.101   6.000   0.000   0.000   0.186   0.718   0.096   0.000   0.042   0.000   0.000   0.000
   0.102   6.000   0.000   0.000   0.186   0.718   0.097   0.000   0.043   0.000   0.000   0.000
   0.102   6.000   0.000   0.000   0.185   0.718   0.097   0.000   0.044   0.000   0.000   0.000
   0.103   6.000   0.000   0.000   0.184   0.718   0.098   0.000   0.045   0.000   0.000   0.000
   0.103   6.000   0.000   0.000   0.183   0.717   0.099   0.000   0.045   0.000   0.000   0.000
   0.104   6.000   0.000   0.000   0.183   0.717   0.100   0.000   0.046   0.000   0.000   0.000
   0.104   6.000   0.000   0.000   0.182   0.717   0.101   0.000   0.047   0.000   0.000   0.000
   0.105   6.000   0.000   0.000   0.181   0.717   0.102   0.000   0.048   0.000   0.000   0.000
   0.105   6.000   0.000   0.000   0.181   0.717   0.102   0.000   0.048   0.000   0.000   0.000
   0.106   6.000   0.000   0.000   0.180   0.717   0.103   0.000   0.049   0.000   0.000   0.000
   0.106   6.000   0.000   0.000   0.179   0.717   0.104   0.000   0.050   0.000   0.000   0.000
   0.107   6.000   0.000   0.000   0.179   0.717   0.105   0.000   0.051   0.000   0.000   0.000
   0.107   6.000   0.000   0.000   0.178   0.717   0.106   0.000   0.051   0.000   0.000   0.000
   0.108   6.000   0.000   0.000   0.177   0.716   0.106   0.000   0.052   0.000   0.000   0.000
   0.108   6.000   0.000   0.000   0.176   0.716   0.107   0.000   0.053   0.000   0.000   0.000
   0.109   6.000   0.000   0.000   0.176   0.716   0.108   0.000   0.054   0.000   0.000   0.000
   0.109   6.000   0.000   0.000   0.175   0.716   0.109   0.000   0.055   0.000   0.000   0.000
   0.110   6.000   0.000   0.000   0.174   0.716   0.110   0.000   0.055   0.000   0.000   0.000
   0.110   6.000   0.000   0.000   0.174   0.716   0.110   0.000   0.056   0.000   0.000   0.000
   0.111   6.000   0.000   0.000   0.173   0.716   0.111   0.000   0.057   0.000   0.000   0.000
   0.111   6.000   0.000   0.000   0.172   0.716   0.112   0.000   0.058   0.000   0.000   0.000
   0.112   6.000   0.000   0.000   0.171   0.716   0.113   0.000   0.059   0.000   0.000   0.000
   0.112   7.000   0.000   0.000   0.171   0.716   0.114   0.000   0.060   0.000   0.000   0.000
   0.113   7.000   0.000   0.000   0.170   0.716   0.114   0.000   0.060   0.000   0.000   0.000
   0.113   7.000   0.000   0.000   0.169   0.715   0.115   0.000   0.061   0.000   0.000   0.000
   0.114   7.000   0.000   0.000   0.169   0.715   0.116   0.000   0.062   0.000   0.000   0.000
   0.114   7.000   0.000   0.000   0.168   0.715   0.117   0.000   0.063   0.000   0.000   0.000
   0.115   7.000   0.000   0.000   0.167   0.715   0.118   0.000   0.064   0.000   0.000   0.000
   0.115   7.000   0.000   0.000   0.167   0.715   0.118   0.000   0.065   0.000   0.000   0.000
   0.116   7.000   0.000   0.000   0.166   0.715   0.119   0.000   0.066   0.000   0.000   0.000
   0.116   7.000   0.000   0.000   0.165   0.715   0.120   0.000   0.067   0.000   0.000   0.000
   0.117   7.000   0.000   0.000   0.164   0.715   0.121   0.000   0.067   0.000   0.000   0.000
   0.117   7.000   0.000   0.000   0.164   0.715   0.121   0.000   0.068   0.000   0.000   0.000
   0.118   7.000   0.000   0.000   0.163   0.715   0.122   0.000   0.069   0.000   0.000   0.000
   0.118   7.000   0.000   0.000   0.162   0.715   0.123   0.000   0.070   0.000   0.000   0.000
   0.119   7.000   0.000   0.000   0.161   0.715   0.124   0.000   0.071   0.000   0.000   0.000
   0.119   7.000   0.000   0.000   0.161   0.715   0.125   0.000   0.072   0.000   0.000   0.000
   0.120   7.000   0.000   0.000   0.160   0.715   0.125   0.000   0.073   0.000   0.000   0.000
   0.120   7.000   0.000   0.000   0.159   0.715   0.126   0.000   0.074   0.000   0.000   0.000
   0.121   7.000   0.000   0.000   0.159   0.715   0.127   0.000   0.075   0.000   0.000   0.000
   0.121   7.000   0.000   0.000   0.158   0.714   0.128   0.000   0.076   0.000   0.000   0.000
   0.122   7.000   0.000   0.000   0.157   0.714   0.128   0.000   0.077   0.000   0.000   0.000
   0.122   7.000   0.000   0.000   0.156   0.714   0.129   0.000   0.078   0.000   0.000   0.000
   0.123   7.000   0.000   0.000   0.156   0.714   0.130   0.000   0.078   0.000   0.000   0.000
   0.123   7.000   0.000   0.000   0.155   0.714   0.131   0.000   0.079   0.000   0.000   0.000
   0.124   7.000   0.000   0.000   0.154   0.714   0.131   0.000   0.080   0.000   0.000   0.000
   0.124   7.000   0.000   0.000   0.153   0.714   0.132   0.000   0.081   0.000   0.000   0.000
   0.125   7.000   0.000   0.000   0.153   0.714   0.133   0.000   0.082   0.000   0.000   0.000
   0.125   7.000   0.000   0.000   0.152   0.714   0.134   0.000   0.083   0.000   0.000   0.000
    STEP   AVACS   MODE1   MODE2   MODE3   MODE4
       1   6.000   0.003   0.936   0.000   0.062
       2   7.000   0.048   0.888   0.000   0.063
       3   7.000   0.106   0.826   0.000   0.068
       4   7.000   0.172   0.747   0.000   0.081
       5   7.000   0.326   0.618   0.000   0.056
       6   5.000   0.497   0.495   0.000   0.008
       7   6.000   0.561   0.433   0.000   0.006
       8   6.000   0.602   0.395   0.000   0.004
       9   5.000   0.612   0.388   0.000   0.000
      10   6.000   0.602   0.395   0.003   0.000
      11   5.000   0.568   0.426   0.006   0.000
      12   6.000   0.529   0.471   0.000   0.000
      13   5.000   0.473   0.527   0.000   0.000
      14   4.000   0.373   0.625   0.003   0.000
      15   4.000   0.226   0.672   0.102   0.000
      16   7.000   0.129   0.713   0.158   0.000
      17   5.000   0.134   0.730   0.136   0.000
      18   6.000   0.148   0.716   0.136   0.000
      19   7.000   0.152   0.714   0.134   0.000
      20   6.000   0.153   0.716   0.131   0.000
      21   5.000   0.150   0.712   0.138   0.000
      22   5.000   0.204   0.689   0.108   0.000
      23   7.000   0.381   0.572   0.047   0.000
      24   5.000   0.498   0.498   0.004   0.000
      25   6.000   0.562   0.437   0.000   0.000
      26   6.000   0.603   0.397   0.000   0.000
      27   5.000   0.612   0.388   0.000   0.000
      28   6.000   0.604   0.395   0.000   0.001
      29   5.000   0.573   0.426   0.000   0.001
      30   6.000   0.529   0.471   0.000   0.000
      31   5.000   0.473   0.527   0.000   0.000
      32   4.000   0.374   0.626   0.000   0.000
      33   6.000   0.267   0.683   0.000   0.050
      34   7.000   0.150   0.787   0.000   0.063
      35   6.000   0.024   0.915   0.000   0.061
      36   6.000   0.000   0.935   0.000   0.065
