          Evm          Svm            E11          E22          E33          E23          E13          E12         SDEV11       SDEV22       SDEV33       SDEV23       SDEV13       SDEV12      TEMP
  0.00000E+00  0.46731E+03    0.00000E+00  0.00000E+00  0.00000E+00  0.00000E+00  0.00000E+00  0.00000E+00   -0.40114E+02 -0.24111E+03  0.28122E+03 -0.28856E+02  0.11208E+02  0.49185E+02      298.00
  0.45135E-03  0.47812E+03   -0.25000E-03 -0.25000E-03  0.50000E-03  0.00000E+00  0.00000E+00  0.00000E+00   -0.43472E+02 -0.24547E+03  0.28894E+03 -0.28973E+02  0.11947E+02  0.49032E+02      298.00
  0.90458E-03  0.48900E+03   -0.50000E-03 -0.50000E-03  0.10000E-02  0.00000E+00  0.00000E+00  0.00000E+00   -0.46460E+02 -0.25002E+03  0.29648E+03 -0.29110E+02  0.12545E+02  0.49140E+02      298.00
  0.13593E-02  0.49935E+03   -0.75000E-03 -0.75000E-03  0.15000E-02  0.00000E+00  0.00000E+00  0.00000E+00   -0.49076E+02 -0.25448E+03  0.30355E+03 -0.29216E+02  0.13046E+02  0.49364E+02      298.00
  0.18152E-02  0.50962E+03   -0.10000E-02 -0.10000E-02  0.20000E-02  0.00000E+00  0.00000E+00  0.00000E+00   -0.51406E+02 -0.25903E+03  0.31044E+03 -0.29327E+02  0.13487E+02  0.49723E+02      298.00
  0.22721E-02  0.51979E+03   -0.12500E-02 -0.12500E-02  0.25000E-02  0.00000E+00  0.00000E+00  0.00000E+00   -0.53464E+02 -0.26368E+03  0.31715E+03 -0.29420E+02  0.13900E+02  0.50171E+02      298.00
  0.27297E-02  0.52983E+03   -0.15000E-02 -0.15000E-02  0.30000E-02  0.00000E+00  0.00000E+00  0.00000E+00   -0.55305E+02 -0.26838E+03  0.32368E+03 -0.29504E+02  0.14267E+02  0.50709E+02      298.00
  0.31879E-02  0.53944E+03   -0.17500E-02 -0.17500E-02  0.35000E-02  0.00000E+00  0.00000E+00  0.00000E+00   -0.56980E+02 -0.27291E+03  0.32989E+03 -0.29585E+02  0.14539E+02  0.51334E+02      298.00
  0.36466E-02  0.54896E+03   -0.20000E-02 -0.20000E-02  0.40000E-02  0.00000E+00  0.00000E+00  0.00000E+00   -0.58470E+02 -0.27750E+03  0.33598E+03 -0.29646E+02  0.14831E+02  0.51974E+02      298.00
  0.41056E-02  0.55806E+03   -0.22500E-02 -0.22500E-02  0.45000E-02  0.00000E+00  0.00000E+00  0.00000E+00   -0.59826E+02 -0.28193E+03  0.34175E+03 -0.29696E+02  0.15090E+02  0.52623E+02      298.00
  0.45649E-02  0.56678E+03   -0.25000E-02 -0.25000E-02  0.50000E-02  0.00000E+00  0.00000E+00  0.00000E+00   -0.61076E+02 -0.28620E+03  0.34727E+03 -0.29738E+02  0.15305E+02  0.53301E+02      298.00
  0.50244E-02  0.57609E+03   -0.27500E-02 -0.27500E-02  0.55000E-02  0.00000E+00  0.00000E+00  0.00000E+00   -0.62249E+02 -0.29083E+03  0.35308E+03 -0.29775E+02  0.15366E+02  0.54243E+02      298.00
  0.54841E-02  0.58441E+03   -0.30000E-02 -0.30000E-02  0.60000E-02  0.00000E+00  0.00000E+00  0.00000E+00   -0.63283E+02 -0.29501E+03  0.35829E+03 -0.29781E+02  0.15622E+02  0.54880E+02      298.00
  0.59439E-02  0.59299E+03   -0.32500E-02 -0.32500E-02  0.65000E-02  0.00000E+00  0.00000E+00  0.00000E+00   -0.64287E+02 -0.29932E+03  0.36361E+03 -0.29792E+02  0.15705E+02  0.55742E+02      298.00
  0.64038E-02  0.60142E+03   -0.35000E-02 -0.35000E-02  0.70000E-02  0.00000E+00  0.00000E+00  0.00000E+00   -0.65199E+02 -0.30362E+03  0.36882E+03 -0.29777E+02  0.15827E+02  0.56567E+02      298.00
  0.68637E-02  0.61009E+03   -0.37500E-02 -0.37500E-02  0.75000E-02  0.00000E+00  0.00000E+00  0.00000E+00   -0.66019E+02 -0.30812E+03  0.37413E+03 -0.29724E+02  0.15946E+02  0.57439E+02      298.00
  0.73236E-02  0.61783E+03   -0.40000E-02 -0.40000E-02  0.80000E-02  0.00000E+00  0.00000E+00  0.00000E+00   -0.66870E+02 -0.31204E+03  0.37891E+03 -0.29705E+02  0.15997E+02  0.58267E+02      298.00
  0.77836E-02  0.62622E+03   -0.42500E-02 -0.42500E-02  0.85000E-02  0.00000E+00  0.00000E+00  0.00000E+00   -0.67570E+02 -0.31645E+03  0.38402E+03 -0.29610E+02  0.16153E+02  0.59089E+02      298.00
  0.82435E-02  0.63347E+03   -0.45000E-02 -0.45000E-02  0.90000E-02  0.00000E+00  0.00000E+00  0.00000E+00   -0.68332E+02 -0.32015E+03  0.38848E+03 -0.29559E+02  0.16203E+02  0.59867E+02      298.00
  0.87035E-02  0.64143E+03   -0.47500E-02 -0.47500E-02  0.95000E-02  0.00000E+00  0.00000E+00  0.00000E+00   -0.69032E+02 -0.32429E+03  0.39332E+03 -0.29470E+02  0.16210E+02  0.60791E+02      298.00
  0.91634E-02  0.64879E+03   -0.50000E-02 -0.50000E-02  0.10000E-01  0.00000E+00  0.00000E+00  0.00000E+00   -0.69681E+02 -0.32814E+03  0.39782E+03 -0.29361E+02  0.16296E+02  0.61563E+02      298.00
  0.96232E-02  0.65627E+03   -0.52500E-02 -0.52500E-02  0.10500E-01  0.00000E+00  0.00000E+00  0.00000E+00   -0.70305E+02 -0.33206E+03  0.40236E+03 -0.29234E+02  0.16342E+02  0.62392E+02      298.00
  0.10083E-01  0.66456E+03   -0.55000E-02 -0.55000E-02  0.11000E-01  0.00000E+00  0.00000E+00  0.00000E+00   -0.70943E+02 -0.33641E+03  0.40735E+03 -0.29088E+02  0.16216E+02  0.63511E+02      298.00
  0.10543E-01  0.67176E+03   -0.57500E-02 -0.57500E-02  0.11500E-01  0.00000E+00  0.00000E+00  0.00000E+00   -0.71533E+02 -0.34019E+03  0.41172E+03 -0.28932E+02  0.16232E+02  0.64339E+02      298.00
  0.11002E-01  0.67885E+03   -0.60000E-02 -0.60000E-02  0.12000E-01  0.00000E+00  0.00000E+00  0.00000E+00   -0.72102E+02 -0.34392E+03  0.41602E+03 -0.28760E+02  0.16244E+02  0.65157E+02      298.00
  0.11462E-01  0.68583E+03   -0.62500E-02 -0.62500E-02  0.12500E-01  0.00000E+00  0.00000E+00  0.00000E+00   -0.72655E+02 -0.34759E+03  0.42025E+03 -0.28573E+02  0.16250E+02  0.65967E+02      298.00
  0.11922E-01  0.69268E+03   -0.65000E-02 -0.65000E-02  0.13000E-01  0.00000E+00  0.00000E+00  0.00000E+00   -0.73193E+02 -0.35121E+03  0.42440E+03 -0.28371E+02  0.16250E+02  0.66767E+02      298.00
  0.12381E-01  0.69942E+03   -0.67500E-02 -0.67500E-02  0.13500E-01  0.00000E+00  0.00000E+00  0.00000E+00   -0.73719E+02 -0.35476E+03  0.42848E+03 -0.28154E+02  0.16245E+02  0.67557E+02      298.00
  0.12841E-01  0.70590E+03   -0.70000E-02 -0.70000E-02  0.14000E-01  0.00000E+00  0.00000E+00  0.00000E+00   -0.74232E+02 -0.35818E+03  0.43241E+03 -0.27931E+02  0.16296E+02  0.68260E+02      298.00
  0.13300E-01  0.71141E+03   -0.72500E-02 -0.72500E-02  0.14500E-01  0.00000E+00  0.00000E+00  0.00000E+00   -0.74791E+02 -0.36100E+03  0.43579E+03 -0.27735E+02  0.16228E+02  0.68936E+02      298.00
  0.13760E-01  0.71784E+03   -0.75000E-02 -0.75000E-02  0.15000E-01  0.00000E+00  0.00000E+00  0.00000E+00   -0.75270E+02 -0.36441E+03  0.43968E+03 -0.27470E+02  0.16249E+02  0.69663E+02      298.00
  0.14219E-01  0.72512E+03   -0.77500E-02 -0.77500E-02  0.15500E-01  0.00000E+00  0.00000E+00  0.00000E+00   -0.75804E+02 -0.36825E+03  0.44405E+03 -0.27194E+02  0.16039E+02  0.70730E+02      298.00
  0.14678E-01  0.73133E+03   -0.80000E-02 -0.80000E-02  0.16000E-01  0.00000E+00  0.00000E+00  0.00000E+00   -0.76177E+02 -0.37163E+03  0.44781E+03 -0.26859E+02  0.16235E+02  0.71250E+02      298.00
  0.15137E-01  0.73647E+03   -0.82500E-02 -0.82500E-02  0.16500E-01  0.00000E+00  0.00000E+00  0.00000E+00   -0.76718E+02 -0.37424E+03  0.45096E+03 -0.26622E+02  0.16144E+02  0.71894E+02      298.00
  0.15597E-01  0.74246E+03   -0.85000E-02 -0.85000E-02  0.17000E-01  0.00000E+00  0.00000E+00  0.00000E+00   -0.77217E+02 -0.37738E+03  0.45460E+03 -0.26326E+02  0.16030E+02  0.72683E+02      298.00
  0.16056E-01  0.74837E+03   -0.87500E-02 -0.87500E-02  0.17500E-01  0.00000E+00  0.00000E+00  0.00000E+00   -0.77701E+02 -0.38047E+03  0.45818E+03 -0.26013E+02  0.15926E+02  0.73449E+02      298.00
  0.16515E-01  0.75418E+03   -0.90000E-02 -0.90000E-02  0.18000E-01  0.00000E+00  0.00000E+00  0.00000E+00   -0.78170E+02 -0.38353E+03  0.46170E+03 -0.25682E+02  0.15838E+02  0.74185E+02      298.00
  0.16974E-01  0.76079E+03   -0.92500E-02 -0.92500E-02  0.18500E-01  0.00000E+00  0.00000E+00  0.00000E+00   -0.78559E+02 -0.38710E+03  0.46565E+03 -0.25269E+02  0.15822E+02  0.74974E+02      298.00
  0.17433E-01  0.76639E+03   -0.95000E-02 -0.95000E-02  0.19000E-01  0.00000E+00  0.00000E+00  0.00000E+00   -0.79002E+02 -0.39005E+03  0.46905E+03 -0.24906E+02  0.15765E+02  0.75649E+02      298.00
  0.17892E-01  0.77105E+03   -0.97500E-02 -0.97500E-02  0.19500E-01  0.00000E+00  0.00000E+00  0.00000E+00   -0.79493E+02 -0.39243E+03  0.47192E+03 -0.24591E+02  0.15673E+02  0.76218E+02      298.00
  0.18351E-01  0.77648E+03   -0.10000E-01 -0.10000E-01  0.20000E-01  0.00000E+00  0.00000E+00  0.00000E+00   -0.79919E+02 -0.39529E+03  0.47521E+03 -0.24202E+02  0.15626E+02  0.76858E+02      298.00
  0.18810E-01  0.78182E+03   -0.10250E-01 -0.10250E-01  0.20500E-01  0.00000E+00  0.00000E+00  0.00000E+00   -0.80339E+02 -0.39812E+03  0.47846E+03 -0.23799E+02  0.15584E+02  0.77480E+02      298.00
  0.19269E-01  0.78707E+03   -0.10500E-01 -0.10500E-01  0.21000E-01  0.00000E+00  0.00000E+00  0.00000E+00   -0.80753E+02 -0.40089E+03  0.48165E+03 -0.23386E+02  0.15539E+02  0.78090E+02      298.00
  0.19728E-01  0.79224E+03   -0.10750E-01 -0.10750E-01  0.21500E-01  0.00000E+00  0.00000E+00  0.00000E+00   -0.81164E+02 -0.40362E+03  0.48478E+03 -0.22961E+02  0.15492E+02  0.78689E+02      298.00
  0.20187E-01  0.79732E+03   -0.11000E-01 -0.11000E-01  0.22000E-01  0.00000E+00  0.00000E+00  0.00000E+00   -0.81572E+02 -0.40630E+03  0.48787E+03 -0.22526E+02  0.15442E+02  0.79278E+02      298.00
  0.20646E-01  0.80231E+03   -0.11250E-01 -0.11250E-01  0.22500E-01  0.00000E+00  0.00000E+00  0.00000E+00   -0.81976E+02 -0.40893E+03  0.49091E+03 -0.22081E+02  0.15389E+02  0.79856E+02      298.00
  0.21105E-01  0.80820E+03   -0.11500E-01 -0.11500E-01  0.23000E-01  0.00000E+00  0.00000E+00  0.00000E+00   -0.82378E+02 -0.41205E+03  0.49443E+03 -0.21574E+02  0.15191E+02  0.80697E+02      298.00
  0.21564E-01  0.81209E+03   -0.11750E-01 -0.11750E-01  0.23500E-01  0.00000E+00  0.00000E+00  0.00000E+00   -0.82787E+02 -0.41407E+03  0.49686E+03 -0.21163E+02  0.15245E+02  0.81015E+02      298.00
  0.22023E-01  0.81775E+03   -0.12000E-01 -0.12000E-01  0.24000E-01  0.00000E+00  0.00000E+00  0.00000E+00   -0.83174E+02 -0.41708E+03  0.50025E+03 -0.20633E+02  0.15067E+02  0.81802E+02      298.00
  0.22481E-01  0.82238E+03   -0.12250E-01 -0.12250E-01  0.24500E-01  0.00000E+00  0.00000E+00  0.00000E+00   -0.83589E+02 -0.41949E+03  0.50307E+03 -0.20160E+02  0.14962E+02  0.82373E+02      298.00
  0.22940E-01  0.82696E+03   -0.12500E-01 -0.12500E-01  0.25000E-01  0.00000E+00  0.00000E+00  0.00000E+00   -0.83987E+02 -0.42188E+03  0.50587E+03 -0.19669E+02  0.14878E+02  0.82917E+02      298.00
          Evm          Svm            E11          E22          E33          E23          E13          E12         SDEV11       SDEV22       SDEV33       SDEV23       SDEV13       SDEV12      TEMP
  0.22940E-01  0.82653E+03   -0.12500E-01 -0.12500E-01  0.25000E-01  0.00000E+00  0.00000E+00  0.00000E+00   -0.83876E+02 -0.42175E+03  0.50563E+03 -0.19654E+02  0.15132E+02  0.82593E+02      298.00
  0.23399E-01  0.83148E+03   -0.12750E-01 -0.12750E-01  0.25500E-01  0.00000E+00  0.00000E+00  0.00000E+00   -0.84339E+02 -0.42429E+03  0.50863E+03 -0.19148E+02  0.14880E+02  0.83369E+02      298.00
  0.23858E-01  0.83589E+03   -0.13000E-01 -0.13000E-01  0.26000E-01  0.00000E+00  0.00000E+00  0.00000E+00   -0.84760E+02 -0.42656E+03  0.51132E+03 -0.18654E+02  0.14735E+02  0.83944E+02      298.00
  0.24317E-01  0.84024E+03   -0.13250E-01 -0.13250E-01  0.26500E-01  0.00000E+00  0.00000E+00  0.00000E+00   -0.85157E+02 -0.42882E+03  0.51398E+03 -0.18140E+02  0.14629E+02  0.84474E+02      298.00
  0.24775E-01  0.84453E+03   -0.13500E-01 -0.13500E-01  0.27000E-01  0.00000E+00  0.00000E+00  0.00000E+00   -0.85546E+02 -0.43105E+03  0.51660E+03 -0.17616E+02  0.14533E+02  0.84982E+02      298.00
  0.25234E-01  0.84793E+03   -0.13750E-01 -0.13750E-01  0.27500E-01  0.00000E+00  0.00000E+00  0.00000E+00   -0.85909E+02 -0.43282E+03  0.51873E+03 -0.17124E+02  0.14608E+02  0.85202E+02      298.00
  0.25693E-01  0.85290E+03   -0.14000E-01 -0.14000E-01  0.28000E-01  0.00000E+00  0.00000E+00  0.00000E+00   -0.86264E+02 -0.43545E+03  0.52172E+03 -0.16516E+02  0.14441E+02  0.85871E+02      298.00
  0.26152E-01  0.85694E+03   -0.14250E-01 -0.14250E-01  0.28500E-01  0.00000E+00  0.00000E+00  0.00000E+00   -0.86661E+02 -0.43753E+03  0.52419E+03 -0.15976E+02  0.14310E+02  0.86376E+02      298.00
  0.26611E-01  0.86094E+03   -0.14500E-01 -0.14500E-01  0.29000E-01  0.00000E+00  0.00000E+00  0.00000E+00   -0.87054E+02 -0.43959E+03  0.52664E+03 -0.15426E+02  0.14174E+02  0.86879E+02      298.00
  0.27069E-01  0.86411E+03   -0.14750E-01 -0.14750E-01  0.29500E-01  0.00000E+00  0.00000E+00  0.00000E+00   -0.87414E+02 -0.44122E+03  0.52864E+03 -0.14908E+02  0.14235E+02  0.87072E+02      298.00
  0.27528E-01  0.86877E+03   -0.15000E-01 -0.15000E-01  0.30000E-01  0.00000E+00  0.00000E+00  0.00000E+00   -0.87726E+02 -0.44371E+03  0.53144E+03 -0.14252E+02  0.14127E+02  0.87640E+02      298.00
  0.27987E-01  0.87255E+03   -0.15250E-01 -0.15250E-01  0.30500E-01  0.00000E+00  0.00000E+00  0.00000E+00   -0.88048E+02 -0.44571E+03  0.53376E+03 -0.13651E+02  0.14115E+02  0.87990E+02      298.00
  0.28446E-01  0.87629E+03   -0.15500E-01 -0.15500E-01  0.31000E-01  0.00000E+00  0.00000E+00  0.00000E+00   -0.88387E+02 -0.44767E+03  0.53605E+03 -0.13051E+02  0.14069E+02  0.88365E+02      298.00
  0.28905E-01  0.87997E+03   -0.15750E-01 -0.15750E-01  0.31500E-01  0.00000E+00  0.00000E+00  0.00000E+00   -0.88742E+02 -0.44957E+03  0.53831E+03 -0.12452E+02  0.13984E+02  0.88769E+02      298.00
  0.29363E-01  0.88358E+03   -0.16000E-01 -0.16000E-01  0.32000E-01  0.00000E+00  0.00000E+00  0.00000E+00   -0.89100E+02 -0.45143E+03  0.54053E+03 -0.11850E+02  0.13888E+02  0.89173E+02      298.00
  0.29822E-01  0.88713E+03   -0.16250E-01 -0.16250E-01  0.32500E-01  0.00000E+00  0.00000E+00  0.00000E+00   -0.89455E+02 -0.45326E+03  0.54272E+03 -0.11241E+02  0.13789E+02  0.89570E+02      298.00
  0.30281E-01  0.89063E+03   -0.16500E-01 -0.16500E-01  0.33000E-01  0.00000E+00  0.00000E+00  0.00000E+00   -0.89809E+02 -0.45506E+03  0.54487E+03 -0.10625E+02  0.13689E+02  0.89959E+02      298.00
  0.30740E-01  0.89406E+03   -0.16750E-01 -0.16750E-01  0.33500E-01  0.00000E+00  0.00000E+00  0.00000E+00   -0.90160E+02 -0.45682E+03  0.54698E+03 -0.10004E+02  0.13588E+02  0.90340E+02      298.00
  0.31199E-01  0.89744E+03   -0.17000E-01 -0.17000E-01  0.34000E-01  0.00000E+00  0.00000E+00  0.00000E+00   -0.90510E+02 -0.45855E+03  0.54906E+03 -0.93759E+01  0.13486E+02  0.90713E+02      298.00
  0.31658E-01  0.90076E+03   -0.17250E-01 -0.17250E-01  0.34500E-01  0.00000E+00  0.00000E+00  0.00000E+00   -0.90857E+02 -0.46025E+03  0.55111E+03 -0.87423E+01  0.13383E+02  0.91079E+02      298.00
  0.32116E-01  0.90402E+03   -0.17500E-01 -0.17500E-01  0.35000E-01  0.00000E+00  0.00000E+00  0.00000E+00   -0.91202E+02 -0.46192E+03  0.55312E+03 -0.81030E+01  0.13278E+02  0.91437E+02      298.00
  0.32575E-01  0.90723E+03   -0.17750E-01 -0.17750E-01  0.35500E-01  0.00000E+00  0.00000E+00  0.00000E+00   -0.91545E+02 -0.46356E+03  0.55510E+03 -0.74581E+01  0.13172E+02  0.91787E+02      298.00
  0.33034E-01  0.91038E+03   -0.18000E-01 -0.18000E-01  0.36000E-01  0.00000E+00  0.00000E+00  0.00000E+00   -0.91886E+02 -0.46516E+03  0.55705E+03 -0.68077E+01  0.13065E+02  0.92130E+02      298.00
  0.33493E-01  0.91348E+03   -0.18250E-01 -0.18250E-01  0.36500E-01  0.00000E+00  0.00000E+00  0.00000E+00   -0.92225E+02 -0.46674E+03  0.55896E+03 -0.61520E+01  0.12957E+02  0.92466E+02      298.00
  0.33952E-01  0.91653E+03   -0.18500E-01 -0.18500E-01  0.37000E-01  0.00000E+00  0.00000E+00  0.00000E+00   -0.92562E+02 -0.46829E+03  0.56085E+03 -0.54911E+01  0.12848E+02  0.92795E+02      298.00
  0.34411E-01  0.92010E+03   -0.18750E-01 -0.18750E-01  0.37500E-01  0.00000E+00  0.00000E+00  0.00000E+00   -0.92877E+02 -0.47014E+03  0.56301E+03 -0.47689E+01  0.12704E+02  0.93227E+02      298.00
  0.34870E-01  0.92304E+03   -0.19000E-01 -0.19000E-01  0.38000E-01  0.00000E+00  0.00000E+00  0.00000E+00   -0.93210E+02 -0.47162E+03  0.56483E+03 -0.40979E+01  0.12589E+02  0.93543E+02      298.00
  0.35329E-01  0.92593E+03   -0.19250E-01 -0.19250E-01  0.38500E-01  0.00000E+00  0.00000E+00  0.00000E+00   -0.93543E+02 -0.47308E+03  0.56662E+03 -0.34232E+01  0.12475E+02  0.93853E+02      298.00
  0.35788E-01  0.92877E+03   -0.19500E-01 -0.19500E-01  0.39000E-01  0.00000E+00  0.00000E+00  0.00000E+00   -0.93875E+02 -0.47450E+03  0.56838E+03 -0.27437E+01  0.12359E+02  0.94155E+02      298.00
  0.36247E-01  0.93156E+03   -0.19750E-01 -0.19750E-01  0.39500E-01  0.00000E+00  0.00000E+00  0.00000E+00   -0.94204E+02 -0.47590E+03  0.57011E+03 -0.20596E+01  0.12242E+02  0.94451E+02      298.00
  0.36706E-01  0.93430E+03   -0.20000E-01 -0.20000E-01  0.40000E-01  0.00000E+00  0.00000E+00  0.00000E+00   -0.94532E+02 -0.47728E+03  0.57181E+03 -0.13711E+01  0.12124E+02  0.94741E+02      298.00
  0.37165E-01  0.93700E+03   -0.20250E-01 -0.20250E-01  0.40500E-01  0.00000E+00  0.00000E+00  0.00000E+00   -0.94858E+02 -0.47863E+03  0.57349E+03 -0.67838E+00  0.12005E+02  0.95025E+02      298.00
  0.37624E-01  0.93966E+03   -0.20500E-01 -0.20500E-01  0.41000E-01  0.00000E+00  0.00000E+00  0.00000E+00   -0.95183E+02 -0.47995E+03  0.57513E+03  0.18574E-01  0.11886E+02  0.95302E+02      298.00
  0.38083E-01  0.94227E+03   -0.20750E-01 -0.20750E-01  0.41500E-01  0.00000E+00  0.00000E+00  0.00000E+00   -0.95506E+02 -0.48125E+03  0.57675E+03  0.71959E+00  0.11765E+02  0.95573E+02      298.00
  0.38542E-01  0.94483E+03   -0.21000E-01 -0.21000E-01  0.42000E-01  0.00000E+00  0.00000E+00  0.00000E+00   -0.95827E+02 -0.48252E+03  0.57835E+03  0.14246E+01  0.11643E+02  0.95839E+02      298.00
  0.39001E-01  0.94735E+03   -0.21250E-01 -0.21250E-01  0.42500E-01  0.00000E+00  0.00000E+00  0.00000E+00   -0.96147E+02 -0.48377E+03  0.57991E+03  0.21334E+01  0.11521E+02  0.96098E+02      298.00
  0.39460E-01  0.94983E+03   -0.21500E-01 -0.21500E-01  0.43000E-01  0.00000E+00  0.00000E+00  0.00000E+00   -0.96466E+02 -0.48499E+03  0.58146E+03  0.28459E+01  0.11397E+02  0.96352E+02      298.00
  0.39919E-01  0.95227E+03   -0.21750E-01 -0.21750E-01  0.43500E-01  0.00000E+00  0.00000E+00  0.00000E+00   -0.96783E+02 -0.48619E+03  0.58297E+03  0.35621E+01  0.11273E+02  0.96600E+02      298.00
  0.40378E-01  0.95308E+03   -0.22000E-01 -0.22000E-01  0.44000E-01  0.00000E+00  0.00000E+00  0.00000E+00   -0.97241E+02 -0.48637E+03  0.58361E+03  0.40490E+01  0.11169E+02  0.96610E+02      298.00
  0.40838E-01  0.95712E+03   -0.22250E-01 -0.22250E-01  0.44500E-01  0.00000E+00  0.00000E+00  0.00000E+00   -0.97403E+02 -0.48858E+03  0.58598E+03  0.50184E+01  0.11021E+02  0.97093E+02      298.00
  0.41297E-01  0.95781E+03   -0.22500E-01 -0.22500E-01  0.45000E-01  0.00000E+00  0.00000E+00  0.00000E+00   -0.97862E+02 -0.48870E+03  0.58656E+03  0.55045E+01  0.10918E+02  0.97086E+02      298.00
  0.41756E-01  0.96171E+03   -0.22750E-01 -0.22750E-01  0.45500E-01  0.00000E+00  0.00000E+00  0.00000E+00   -0.98025E+02 -0.49081E+03  0.58884E+03  0.64750E+01  0.10769E+02  0.97548E+02      298.00
  0.42215E-01  0.96238E+03   -0.23000E-01 -0.23000E-01  0.46000E-01  0.00000E+00  0.00000E+00  0.00000E+00   -0.98477E+02 -0.49092E+03  0.58940E+03  0.69709E+01  0.10666E+02  0.97536E+02      298.00
  0.42675E-01  0.96615E+03   -0.23250E-01 -0.23250E-01  0.46500E-01  0.00000E+00  0.00000E+00  0.00000E+00   -0.98642E+02 -0.49297E+03  0.59161E+03  0.79447E+01  0.10514E+02  0.97982E+02      298.00
  0.43134E-01  0.96679E+03   -0.23500E-01 -0.23500E-01  0.47000E-01  0.00000E+00  0.00000E+00  0.00000E+00   -0.99085E+02 -0.49306E+03  0.59215E+03  0.84509E+01  0.10415E+02  0.97963E+02      298.00
  0.43593E-01  0.96882E+03   -0.23750E-01 -0.23750E-01  0.47500E-01  0.00000E+00  0.00000E+00  0.00000E+00   -0.99401E+02 -0.49403E+03  0.59343E+03  0.91745E+01  0.10287E+02  0.98153E+02      298.00
  0.44053E-01  0.97093E+03   -0.24000E-01 -0.24000E-01  0.48000E-01  0.00000E+00  0.00000E+00  0.00000E+00   -0.99706E+02 -0.49504E+03  0.59474E+03  0.99185E+01  0.10158E+02  0.98354E+02      298.00
  0.44512E-01  0.97302E+03   -0.24250E-01 -0.24250E-01  0.48500E-01  0.00000E+00  0.00000E+00  0.00000E+00   -0.10001E+03 -0.49604E+03  0.59605E+03  0.10670E+02  0.10029E+02  0.98553E+02      298.00
  0.44972E-01  0.97507E+03   -0.24500E-01 -0.24500E-01  0.49000E-01  0.00000E+00  0.00000E+00  0.00000E+00   -0.10030E+03 -0.49702E+03  0.59732E+03  0.11422E+02  0.99007E+01  0.98744E+02      298.00
  0.45431E-01  0.97708E+03   -0.24750E-01 -0.24750E-01  0.49500E-01  0.00000E+00  0.00000E+00  0.00000E+00   -0.10060E+03 -0.49798E+03  0.59858E+03  0.12177E+02  0.97729E+01  0.98929E+02      298.00
  0.45890E-01  0.97906E+03   -0.25000E-01 -0.25000E-01  0.50000E-01  0.00000E+00  0.00000E+00  0.00000E+00   -0.10090E+03 -0.49892E+03  0.59981E+03  0.12934E+02  0.96456E+01  0.99108E+02      298.00
          Evm          Svm            E11          E22          E33          E23          E13          E12         SDEV11       SDEV22       SDEV33       SDEV23       SDEV13       SDEV12      TEMP
  0.45890E-01  0.97988E+03   -0.25000E-01 -0.25000E-01  0.50000E-01  0.00000E+00  0.00000E+00  0.00000E+00   -0.10081E+03 -0.49943E+03  0.60025E+03  0.13071E+02  0.96315E+01  0.99229E+02      298.00
  0.46350E-01  0.98108E+03   -0.25250E-01 -0.25250E-01  0.50500E-01  0.00000E+00  0.00000E+00  0.00000E+00   -0.10118E+03 -0.49988E+03  0.60107E+03  0.13707E+02  0.95137E+01  0.99297E+02      298.00
  0.46809E-01  0.98293E+03   -0.25500E-01 -0.25500E-01  0.51000E-01  0.00000E+00  0.00000E+00  0.00000E+00   -0.10148E+03 -0.50074E+03  0.60223E+03  0.14459E+02  0.93871E+01  0.99457E+02      298.00
  0.47269E-01  0.98480E+03   -0.25750E-01 -0.25750E-01  0.51500E-01  0.00000E+00  0.00000E+00  0.00000E+00   -0.10178E+03 -0.50162E+03  0.60340E+03  0.15223E+02  0.92603E+01  0.99620E+02      298.00
  0.47728E-01  0.98665E+03   -0.26000E-01 -0.26000E-01  0.52000E-01  0.00000E+00  0.00000E+00  0.00000E+00   -0.10206E+03 -0.50249E+03  0.60455E+03  0.15991E+02  0.91336E+01  0.99779E+02      298.00
  0.48188E-01  0.98847E+03   -0.26250E-01 -0.26250E-01  0.52500E-01  0.00000E+00  0.00000E+00  0.00000E+00   -0.10235E+03 -0.50334E+03  0.60569E+03  0.16762E+02  0.90071E+01  0.99933E+02      298.00
  0.48648E-01  0.99026E+03   -0.26500E-01 -0.26500E-01  0.53000E-01  0.00000E+00  0.00000E+00  0.00000E+00   -0.10264E+03 -0.50417E+03  0.60681E+03  0.17534E+02  0.88805E+01  0.10008E+03      298.00
  0.49107E-01  0.99202E+03   -0.26750E-01 -0.26750E-01  0.53500E-01  0.00000E+00  0.00000E+00  0.00000E+00   -0.10292E+03 -0.50498E+03  0.60791E+03  0.18309E+02  0.87536E+01  0.10023E+03      298.00
  0.49567E-01  0.99375E+03   -0.27000E-01 -0.27000E-01  0.54000E-01  0.00000E+00  0.00000E+00  0.00000E+00   -0.10321E+03 -0.50578E+03  0.60899E+03  0.19087E+02  0.86262E+01  0.10037E+03      298.00
  0.50026E-01  0.99545E+03   -0.27250E-01 -0.27250E-01  0.54500E-01  0.00000E+00  0.00000E+00  0.00000E+00   -0.10349E+03 -0.50656E+03  0.61005E+03  0.19866E+02  0.84982E+01  0.10051E+03      298.00
  0.50486E-01  0.99851E+03   -0.27500E-01 -0.27500E-01  0.55000E-01  0.00000E+00  0.00000E+00  0.00000E+00   -0.10357E+03 -0.50824E+03  0.61181E+03  0.20930E+02  0.83890E+01  0.10080E+03      298.00
  0.50946E-01  0.99997E+03   -0.27750E-01 -0.27750E-01  0.55500E-01  0.00000E+00  0.00000E+00  0.00000E+00   -0.10387E+03 -0.50887E+03  0.61274E+03  0.21681E+02  0.82729E+01  0.10089E+03      298.00
  0.51405E-01  0.10016E+04   -0.28000E-01 -0.28000E-01  0.56000E-01  0.00000E+00  0.00000E+00  0.00000E+00   -0.10416E+03 -0.50960E+03  0.61376E+03  0.22466E+02  0.81232E+01  0.10104E+03      298.00
  0.51865E-01  0.10032E+04   -0.28250E-01 -0.28250E-01  0.56500E-01  0.00000E+00  0.00000E+00  0.00000E+00   -0.10445E+03 -0.51029E+03  0.61474E+03  0.23246E+02  0.79737E+01  0.10117E+03      298.00
  0.52324E-01  0.10047E+04   -0.28500E-01 -0.28500E-01  0.57000E-01  0.00000E+00  0.00000E+00  0.00000E+00   -0.10473E+03 -0.51097E+03  0.61570E+03  0.24030E+02  0.78264E+01  0.10130E+03      298.00
  0.52784E-01  0.10062E+04   -0.28750E-01 -0.28750E-01  0.57500E-01  0.00000E+00  0.00000E+00  0.00000E+00   -0.10502E+03 -0.51164E+03  0.61665E+03  0.24816E+02  0.76818E+01  0.10143E+03      298.00
  0.53244E-01  0.10077E+04   -0.29000E-01 -0.29000E-01  0.58000E-01  0.00000E+00  0.00000E+00  0.00000E+00   -0.10530E+03 -0.51229E+03  0.61759E+03  0.25604E+02  0.75390E+01  0.10155E+03      298.00
  0.53703E-01  0.10092E+04   -0.29250E-01 -0.29250E-01  0.58500E-01  0.00000E+00  0.00000E+00  0.00000E+00   -0.10558E+03 -0.51293E+03  0.61851E+03  0.26394E+02  0.73976E+01  0.10166E+03      298.00
  0.54163E-01  0.10106E+04   -0.29500E-01 -0.29500E-01  0.59000E-01  0.00000E+00  0.00000E+00  0.00000E+00   -0.10585E+03 -0.51356E+03  0.61941E+03  0.27186E+02  0.72571E+01  0.10177E+03      298.00
  0.54622E-01  0.10120E+04   -0.29750E-01 -0.29750E-01  0.59500E-01  0.00000E+00  0.00000E+00  0.00000E+00   -0.10613E+03 -0.51417E+03  0.62030E+03  0.27979E+02  0.71170E+01  0.10187E+03      298.00
  0.55082E-01  0.10134E+04   -0.30000E-01 -0.30000E-01  0.60000E-01  0.00000E+00  0.00000E+00  0.00000E+00   -0.10641E+03 -0.51477E+03  0.62117E+03  0.28774E+02  0.69773E+01  0.10197E+03      298.00
  0.55542E-01  0.10148E+04   -0.30250E-01 -0.30250E-01  0.60500E-01  0.00000E+00  0.00000E+00  0.00000E+00   -0.10668E+03 -0.51535E+03  0.62203E+03  0.29570E+02  0.68377E+01  0.10207E+03      298.00
  0.56002E-01  0.10162E+04   -0.30500E-01 -0.30500E-01  0.61000E-01  0.00000E+00  0.00000E+00  0.00000E+00   -0.10695E+03 -0.51592E+03  0.62288E+03  0.30367E+02  0.66983E+01  0.10216E+03      298.00
  0.56461E-01  0.10175E+04   -0.30750E-01 -0.30750E-01  0.61500E-01  0.00000E+00  0.00000E+00  0.00000E+00   -0.10722E+03 -0.51648E+03  0.62371E+03  0.31166E+02  0.65588E+01  0.10225E+03      298.00
  0.56921E-01  0.10188E+04   -0.31000E-01 -0.31000E-01  0.62000E-01  0.00000E+00  0.00000E+00  0.00000E+00   -0.10749E+03 -0.51703E+03  0.62452E+03  0.31966E+02  0.64193E+01  0.10234E+03      298.00
  0.57381E-01  0.10201E+04   -0.31250E-01 -0.31250E-01  0.62500E-01  0.00000E+00  0.00000E+00  0.00000E+00   -0.10776E+03 -0.51756E+03  0.62532E+03  0.32767E+02  0.62797E+01  0.10242E+03      298.00
  0.57841E-01  0.10214E+04   -0.31500E-01 -0.31500E-01  0.63000E-01  0.00000E+00  0.00000E+00  0.00000E+00   -0.10803E+03 -0.51808E+03  0.62611E+03  0.33570E+02  0.61401E+01  0.10250E+03      298.00
  0.58300E-01  0.10226E+04   -0.31750E-01 -0.31750E-01  0.63500E-01  0.00000E+00  0.00000E+00  0.00000E+00   -0.10830E+03 -0.51859E+03  0.62689E+03  0.34373E+02  0.60003E+01  0.10257E+03      298.00
  0.58760E-01  0.10238E+04   -0.32000E-01 -0.32000E-01  0.64000E-01  0.00000E+00  0.00000E+00  0.00000E+00   -0.10857E+03 -0.51908E+03  0.62765E+03  0.35178E+02  0.58605E+01  0.10265E+03      298.00
  0.59220E-01  0.10250E+04   -0.32250E-01 -0.32250E-01  0.64500E-01  0.00000E+00  0.00000E+00  0.00000E+00   -0.10883E+03 -0.51957E+03  0.62840E+03  0.35983E+02  0.57205E+01  0.10272E+03      298.00
  0.59680E-01  0.10262E+04   -0.32500E-01 -0.32500E-01  0.65000E-01  0.00000E+00  0.00000E+00  0.00000E+00   -0.10910E+03 -0.52004E+03  0.62913E+03  0.36789E+02  0.55804E+01  0.10278E+03      298.00
  0.60139E-01  0.10274E+04   -0.32750E-01 -0.32750E-01  0.65500E-01  0.00000E+00  0.00000E+00  0.00000E+00   -0.10936E+03 -0.52050E+03  0.62986E+03  0.37597E+02  0.54401E+01  0.10285E+03      298.00
  0.60599E-01  0.10285E+04   -0.33000E-01 -0.33000E-01  0.66000E-01  0.00000E+00  0.00000E+00  0.00000E+00   -0.10962E+03 -0.52095E+03  0.63057E+03  0.38405E+02  0.52998E+01  0.10291E+03      298.00
  0.61059E-01  0.10296E+04   -0.33250E-01 -0.33250E-01  0.66500E-01  0.00000E+00  0.00000E+00  0.00000E+00   -0.10988E+03 -0.52138E+03  0.63127E+03  0.39214E+02  0.51593E+01  0.10297E+03      298.00
  0.61519E-01  0.10307E+04   -0.33500E-01 -0.33500E-01  0.67000E-01  0.00000E+00  0.00000E+00  0.00000E+00   -0.11014E+03 -0.52181E+03  0.63195E+03  0.40024E+02  0.50186E+01  0.10302E+03      298.00
  0.61979E-01  0.10318E+04   -0.33750E-01 -0.33750E-01  0.67500E-01  0.00000E+00  0.00000E+00  0.00000E+00   -0.11040E+03 -0.52222E+03  0.63263E+03  0.40834E+02  0.48779E+01  0.10308E+03      298.00
  0.62439E-01  0.10329E+04   -0.34000E-01 -0.34000E-01  0.68000E-01  0.00000E+00  0.00000E+00  0.00000E+00   -0.11066E+03 -0.52263E+03  0.63329E+03  0.41646E+02  0.47370E+01  0.10313E+03      298.00
  0.62898E-01  0.10339E+04   -0.34250E-01 -0.34250E-01  0.68500E-01  0.00000E+00  0.00000E+00  0.00000E+00   -0.11092E+03 -0.52302E+03  0.63394E+03  0.42458E+02  0.45960E+01  0.10317E+03      298.00
  0.63358E-01  0.10350E+04   -0.34500E-01 -0.34500E-01  0.69000E-01  0.00000E+00  0.00000E+00  0.00000E+00   -0.11118E+03 -0.52340E+03  0.63458E+03  0.43270E+02  0.44550E+01  0.10322E+03      298.00
  0.63818E-01  0.10360E+04   -0.34750E-01 -0.34750E-01  0.69500E-01  0.00000E+00  0.00000E+00  0.00000E+00   -0.11144E+03 -0.52378E+03  0.63521E+03  0.44084E+02  0.43138E+01  0.10326E+03      298.00
  0.64278E-01  0.10370E+04   -0.35000E-01 -0.35000E-01  0.70000E-01  0.00000E+00  0.00000E+00  0.00000E+00   -0.11169E+03 -0.52414E+03  0.63583E+03  0.44898E+02  0.41724E+01  0.10330E+03      298.00
  0.64738E-01  0.10380E+04   -0.35250E-01 -0.35250E-01  0.70500E-01  0.00000E+00  0.00000E+00  0.00000E+00   -0.11195E+03 -0.52449E+03  0.63644E+03  0.45712E+02  0.40310E+01  0.10334E+03      298.00
  0.65198E-01  0.10389E+04   -0.35500E-01 -0.35500E-01  0.71000E-01  0.00000E+00  0.00000E+00  0.00000E+00   -0.11220E+03 -0.52483E+03  0.63703E+03  0.46527E+02  0.38895E+01  0.10337E+03      298.00
  0.65658E-01  0.10399E+04   -0.35750E-01 -0.35750E-01  0.71500E-01  0.00000E+00  0.00000E+00  0.00000E+00   -0.11245E+03 -0.52517E+03  0.63762E+03  0.47343E+02  0.37479E+01  0.10340E+03      298.00
  0.66118E-01  0.10408E+04   -0.36000E-01 -0.36000E-01  0.72000E-01  0.00000E+00  0.00000E+00  0.00000E+00   -0.11271E+03 -0.52549E+03  0.63820E+03  0.48159E+02  0.36062E+01  0.10343E+03      298.00
  0.66577E-01  0.10417E+04   -0.36250E-01 -0.36250E-01  0.72500E-01  0.00000E+00  0.00000E+00  0.00000E+00   -0.11296E+03 -0.52580E+03  0.63876E+03  0.48975E+02  0.34645E+01  0.10346E+03      298.00
  0.67037E-01  0.10426E+04   -0.36500E-01 -0.36500E-01  0.73000E-01  0.00000E+00  0.00000E+00  0.00000E+00   -0.11321E+03 -0.52611E+03  0.63932E+03  0.49792E+02  0.33226E+01  0.10348E+03      298.00
  0.67497E-01  0.10435E+04   -0.36750E-01 -0.36750E-01  0.73500E-01  0.00000E+00  0.00000E+00  0.00000E+00   -0.11346E+03 -0.52640E+03  0.63986E+03  0.50609E+02  0.31807E+01  0.10351E+03      298.00
  0.67957E-01  0.10444E+04   -0.37000E-01 -0.37000E-01  0.74000E-01  0.00000E+00  0.00000E+00  0.00000E+00   -0.11371E+03 -0.52669E+03  0.64040E+03  0.51427E+02  0.30387E+01  0.10353E+03      298.00
  0.68417E-01  0.10453E+04   -0.37250E-01 -0.37250E-01  0.74500E-01  0.00000E+00  0.00000E+00  0.00000E+00   -0.11396E+03 -0.52697E+03  0.64093E+03  0.52245E+02  0.28966E+01  0.10355E+03      298.00
  0.68877E-01  0.10461E+04   -0.37500E-01 -0.37500E-01  0.75000E-01  0.00000E+00  0.00000E+00  0.00000E+00   -0.11420E+03 -0.52724E+03  0.64144E+03  0.53063E+02  0.27545E+01  0.10356E+03      298.00
          Evm          Svm            E11          E22          E33          E23          E13          E12         SDEV11       SDEV22       SDEV33       SDEV23       SDEV13       SDEV12      TEMP
  0.68877E-01  0.10458E+04   -0.37500E-01 -0.37500E-01  0.75000E-01  0.00000E+00  0.00000E+00  0.00000E+00   -0.11431E+03 -0.52699E+03  0.64130E+03  0.52950E+02  0.26265E+01  0.10363E+03      298.00
  0.69337E-01  0.10470E+04   -0.37750E-01 -0.37750E-01  0.75500E-01  0.00000E+00  0.00000E+00  0.00000E+00   -0.11446E+03 -0.52751E+03  0.64197E+03  0.53885E+02  0.25681E+01  0.10362E+03      298.00
  0.69797E-01  0.10478E+04   -0.38000E-01 -0.38000E-01  0.76000E-01  0.00000E+00  0.00000E+00  0.00000E+00   -0.11470E+03 -0.52774E+03  0.64244E+03  0.54696E+02  0.24595E+01  0.10359E+03      298.00
  0.70256E-01  0.10486E+04   -0.38250E-01 -0.38250E-01  0.76500E-01  0.00000E+00  0.00000E+00  0.00000E+00   -0.11494E+03 -0.52799E+03  0.64294E+03  0.55519E+02  0.23254E+01  0.10360E+03      298.00
  0.70716E-01  0.10494E+04   -0.38500E-01 -0.38500E-01  0.77000E-01  0.00000E+00  0.00000E+00  0.00000E+00   -0.11519E+03 -0.52823E+03  0.64342E+03  0.56339E+02  0.21855E+01  0.10360E+03      298.00
  0.71176E-01  0.10501E+04   -0.38750E-01 -0.38750E-01  0.77500E-01  0.00000E+00  0.00000E+00  0.00000E+00   -0.11543E+03 -0.52846E+03  0.64389E+03  0.57159E+02  0.20438E+01  0.10361E+03      298.00
  0.71636E-01  0.10509E+04   -0.39000E-01 -0.39000E-01  0.78000E-01  0.00000E+00  0.00000E+00  0.00000E+00   -0.11568E+03 -0.52868E+03  0.64435E+03  0.57978E+02  0.19015E+01  0.10361E+03      298.00
  0.72096E-01  0.10517E+04   -0.39250E-01 -0.39250E-01  0.78500E-01  0.00000E+00  0.00000E+00  0.00000E+00   -0.11592E+03 -0.52889E+03  0.64481E+03  0.58798E+02  0.17590E+01  0.10361E+03      298.00
  0.72556E-01  0.10524E+04   -0.39500E-01 -0.39500E-01  0.79000E-01  0.00000E+00  0.00000E+00  0.00000E+00   -0.11616E+03 -0.52909E+03  0.64525E+03  0.59618E+02  0.16164E+01  0.10361E+03      298.00
  0.73016E-01  0.10531E+04   -0.39750E-01 -0.39750E-01  0.79500E-01  0.00000E+00  0.00000E+00  0.00000E+00   -0.11640E+03 -0.52929E+03  0.64569E+03  0.60438E+02  0.14738E+01  0.10361E+03      298.00
  0.73475E-01  0.10539E+04   -0.40000E-01 -0.40000E-01  0.80000E-01  0.00000E+00  0.00000E+00  0.00000E+00   -0.11664E+03 -0.52948E+03  0.64612E+03  0.61259E+02  0.13312E+01  0.10361E+03      298.00
  0.73935E-01  0.10546E+04   -0.40250E-01 -0.40250E-01  0.80500E-01  0.00000E+00  0.00000E+00  0.00000E+00   -0.11688E+03 -0.52966E+03  0.64654E+03  0.62079E+02  0.11885E+01  0.10360E+03      298.00
  0.74395E-01  0.10553E+04   -0.40500E-01 -0.40500E-01  0.81000E-01  0.00000E+00  0.00000E+00  0.00000E+00   -0.11712E+03 -0.52983E+03  0.64696E+03  0.62899E+02  0.10458E+01  0.10359E+03      298.00
  0.74855E-01  0.10559E+04   -0.40750E-01 -0.40750E-01  0.81500E-01  0.00000E+00  0.00000E+00  0.00000E+00   -0.11736E+03 -0.53000E+03  0.64736E+03  0.63720E+02  0.90311E+00  0.10358E+03      298.00
  0.75315E-01  0.10566E+04   -0.41000E-01 -0.41000E-01  0.82000E-01  0.00000E+00  0.00000E+00  0.00000E+00   -0.11760E+03 -0.53016E+03  0.64776E+03  0.64540E+02  0.76038E+00  0.10357E+03      298.00
  0.75774E-01  0.10573E+04   -0.41250E-01 -0.41250E-01  0.82500E-01  0.00000E+00  0.00000E+00  0.00000E+00   -0.11784E+03 -0.53031E+03  0.64815E+03  0.65361E+02  0.61764E+00  0.10356E+03      298.00
  0.76234E-01  0.10579E+04   -0.41500E-01 -0.41500E-01  0.83000E-01  0.00000E+00  0.00000E+00  0.00000E+00   -0.11807E+03 -0.53046E+03  0.64854E+03  0.66181E+02  0.47488E+00  0.10354E+03      298.00
  0.76694E-01  0.10586E+04   -0.41750E-01 -0.41750E-01  0.83500E-01  0.00000E+00  0.00000E+00  0.00000E+00   -0.11831E+03 -0.53060E+03  0.64891E+03  0.67001E+02  0.33211E+00  0.10353E+03      298.00
  0.77154E-01  0.10592E+04   -0.42000E-01 -0.42000E-01  0.84000E-01  0.00000E+00  0.00000E+00  0.00000E+00   -0.11855E+03 -0.53073E+03  0.64928E+03  0.67822E+02  0.18933E+00  0.10351E+03      298.00
  0.77614E-01  0.10598E+04   -0.42250E-01 -0.42250E-01  0.84500E-01  0.00000E+00  0.00000E+00  0.00000E+00   -0.11878E+03 -0.53086E+03  0.64964E+03  0.68642E+02  0.46546E-01  0.10349E+03      298.00
  0.78073E-01  0.10604E+04   -0.42500E-01 -0.42500E-01  0.85000E-01  0.00000E+00  0.00000E+00  0.00000E+00   -0.11902E+03 -0.53098E+03  0.65000E+03  0.69462E+02 -0.96247E-01  0.10347E+03      298.00
  0.78533E-01  0.10610E+04   -0.42750E-01 -0.42750E-01  0.85500E-01  0.00000E+00  0.00000E+00  0.00000E+00   -0.11925E+03 -0.53109E+03  0.65034E+03  0.70282E+02 -0.23904E+00  0.10344E+03      298.00
  0.78993E-01  0.10616E+04   -0.43000E-01 -0.43000E-01  0.86000E-01  0.00000E+00  0.00000E+00  0.00000E+00   -0.11948E+03 -0.53120E+03  0.65068E+03  0.71102E+02 -0.38184E+00  0.10342E+03      298.00
  0.79452E-01  0.10622E+04   -0.43250E-01 -0.43250E-01  0.86500E-01  0.00000E+00  0.00000E+00  0.00000E+00   -0.11971E+03 -0.53130E+03  0.65102E+03  0.71922E+02 -0.52465E+00  0.10339E+03      298.00
  0.79912E-01  0.10628E+04   -0.43500E-01 -0.43500E-01  0.87000E-01  0.00000E+00  0.00000E+00  0.00000E+00   -0.11995E+03 -0.53140E+03  0.65134E+03  0.72742E+02 -0.66745E+00  0.10336E+03      298.00
  0.80372E-01  0.10633E+04   -0.43750E-01 -0.43750E-01  0.87500E-01  0.00000E+00  0.00000E+00  0.00000E+00   -0.12018E+03 -0.53149E+03  0.65166E+03  0.73561E+02 -0.81025E+00  0.10334E+03      298.00
  0.80831E-01  0.10639E+04   -0.44000E-01 -0.44000E-01  0.88000E-01  0.00000E+00  0.00000E+00  0.00000E+00   -0.12041E+03 -0.53157E+03  0.65198E+03  0.74381E+02 -0.95304E+00  0.10330E+03      298.00
  0.81291E-01  0.10644E+04   -0.44250E-01 -0.44250E-01  0.88500E-01  0.00000E+00  0.00000E+00  0.00000E+00   -0.12064E+03 -0.53165E+03  0.65229E+03  0.75200E+02 -0.10958E+01  0.10327E+03      298.00
  0.81751E-01  0.10650E+04   -0.44500E-01 -0.44500E-01  0.89000E-01  0.00000E+00  0.00000E+00  0.00000E+00   -0.12087E+03 -0.53172E+03  0.65259E+03  0.76019E+02 -0.12386E+01  0.10324E+03      298.00
  0.82210E-01  0.10655E+04   -0.44750E-01 -0.44750E-01  0.89500E-01  0.00000E+00  0.00000E+00  0.00000E+00   -0.12110E+03 -0.53179E+03  0.65288E+03  0.76838E+02 -0.13814E+01  0.10320E+03      298.00
  0.82670E-01  0.10660E+04   -0.45000E-01 -0.45000E-01  0.90000E-01  0.00000E+00  0.00000E+00  0.00000E+00   -0.12133E+03 -0.53185E+03  0.65317E+03  0.77656E+02 -0.15242E+01  0.10317E+03      298.00
  0.83129E-01  0.10665E+04   -0.45250E-01 -0.45250E-01  0.90500E-01  0.00000E+00  0.00000E+00  0.00000E+00   -0.12155E+03 -0.53190E+03  0.65345E+03  0.78475E+02 -0.16669E+01  0.10313E+03      298.00
  0.83589E-01  0.10670E+04   -0.45500E-01 -0.45500E-01  0.91000E-01  0.00000E+00  0.00000E+00  0.00000E+00   -0.12178E+03 -0.53195E+03  0.65373E+03  0.79293E+02 -0.18097E+01  0.10309E+03      298.00
  0.84048E-01  0.10675E+04   -0.45750E-01 -0.45750E-01  0.91500E-01  0.00000E+00  0.00000E+00  0.00000E+00   -0.12201E+03 -0.53200E+03  0.65400E+03  0.80110E+02 -0.19524E+01  0.10305E+03      298.00
  0.84508E-01  0.10684E+04   -0.46000E-01 -0.46000E-01  0.92000E-01  0.00000E+00  0.00000E+00  0.00000E+00   -0.12211E+03 -0.53235E+03  0.65447E+03  0.81157E+02 -0.20838E+01  0.10304E+03      298.00
  0.84967E-01  0.10685E+04   -0.46250E-01 -0.46250E-01  0.92500E-01  0.00000E+00  0.00000E+00  0.00000E+00   -0.12245E+03 -0.53209E+03  0.65453E+03  0.81754E+02 -0.22116E+01  0.10294E+03      298.00
  0.85427E-01  0.10694E+04   -0.46500E-01 -0.46500E-01  0.93000E-01  0.00000E+00  0.00000E+00  0.00000E+00   -0.12256E+03 -0.53241E+03  0.65497E+03  0.82790E+02 -0.23582E+01  0.10294E+03      298.00
  0.85886E-01  0.10694E+04   -0.46750E-01 -0.46750E-01  0.93500E-01  0.00000E+00  0.00000E+00  0.00000E+00   -0.12289E+03 -0.53214E+03  0.65503E+03  0.83388E+02 -0.24935E+01  0.10285E+03      298.00
  0.86345E-01  0.10703E+04   -0.47000E-01 -0.47000E-01  0.94000E-01  0.00000E+00  0.00000E+00  0.00000E+00   -0.12301E+03 -0.53245E+03  0.65545E+03  0.84421E+02 -0.26409E+01  0.10284E+03      298.00
  0.86805E-01  0.10703E+04   -0.47250E-01 -0.47250E-01  0.94500E-01  0.00000E+00  0.00000E+00  0.00000E+00   -0.12334E+03 -0.53217E+03  0.65551E+03  0.85020E+02 -0.27775E+01  0.10275E+03      298.00
  0.87264E-01  0.10712E+04   -0.47500E-01 -0.47500E-01  0.95000E-01  0.00000E+00  0.00000E+00  0.00000E+00   -0.12345E+03 -0.53246E+03  0.65592E+03  0.86051E+02 -0.29241E+01  0.10274E+03      298.00
  0.87723E-01  0.10712E+04   -0.47750E-01 -0.47750E-01  0.95500E-01  0.00000E+00  0.00000E+00  0.00000E+00   -0.12379E+03 -0.53219E+03  0.65597E+03  0.86651E+02 -0.30615E+01  0.10265E+03      298.00
  0.88183E-01  0.10720E+04   -0.48000E-01 -0.48000E-01  0.96000E-01  0.00000E+00  0.00000E+00  0.00000E+00   -0.12390E+03 -0.53246E+03  0.65636E+03  0.87680E+02 -0.32072E+01  0.10263E+03      298.00
  0.88642E-01  0.10720E+04   -0.48250E-01 -0.48250E-01  0.96500E-01  0.00000E+00  0.00000E+00  0.00000E+00   -0.12423E+03 -0.53218E+03  0.65641E+03  0.88280E+02 -0.33453E+01  0.10255E+03      298.00
  0.89101E-01  0.10728E+04   -0.48500E-01 -0.48500E-01  0.97000E-01  0.00000E+00  0.00000E+00  0.00000E+00   -0.12434E+03 -0.53244E+03  0.65678E+03  0.89307E+02 -0.34901E+01  0.10252E+03      298.00
  0.89560E-01  0.10728E+04   -0.48750E-01 -0.48750E-01  0.97500E-01  0.00000E+00  0.00000E+00  0.00000E+00   -0.12467E+03 -0.53216E+03  0.65683E+03  0.89908E+02 -0.36290E+01  0.10243E+03      298.00
  0.90019E-01  0.10736E+04   -0.49000E-01 -0.49000E-01  0.98000E-01  0.00000E+00  0.00000E+00  0.00000E+00   -0.12478E+03 -0.53241E+03  0.65718E+03  0.90933E+02 -0.37728E+01  0.10241E+03      298.00
  0.90478E-01  0.10736E+04   -0.49250E-01 -0.49250E-01  0.98500E-01  0.00000E+00  0.00000E+00  0.00000E+00   -0.12511E+03 -0.53212E+03  0.65722E+03  0.91534E+02 -0.39126E+01  0.10232E+03      298.00
  0.90938E-01  0.10744E+04   -0.49500E-01 -0.49500E-01  0.99000E-01  0.00000E+00  0.00000E+00  0.00000E+00   -0.12521E+03 -0.53235E+03  0.65757E+03  0.92557E+02 -0.40554E+01  0.10229E+03      298.00
  0.91397E-01  0.10744E+04   -0.49750E-01 -0.49750E-01  0.99500E-01  0.00000E+00  0.00000E+00  0.00000E+00   -0.12554E+03 -0.53206E+03  0.65760E+03  0.93159E+02 -0.41960E+01  0.10220E+03      298.00
  0.91856E-01  0.10752E+04   -0.50000E-01 -0.50000E-01  0.10000E+00  0.00000E+00  0.00000E+00  0.00000E+00   -0.12565E+03 -0.53228E+03  0.65793E+03  0.94180E+02 -0.43379E+01  0.10217E+03      298.00
          Evm          Svm            E11          E22          E33          E23          E13          E12         SDEV11       SDEV22       SDEV33       SDEV23       SDEV13       SDEV12      TEMP
  0.91856E-01  0.10746E+04   -0.50000E-01 -0.50000E-01  0.10000E+00  0.00000E+00  0.00000E+00  0.00000E+00   -0.12589E+03 -0.53182E+03  0.65771E+03  0.93854E+02 -0.45628E+01  0.10230E+03      298.00
  0.92315E-01  0.10756E+04   -0.50250E-01 -0.50250E-01  0.10050E+00  0.00000E+00  0.00000E+00  0.00000E+00   -0.12587E+03 -0.53227E+03  0.65814E+03  0.95010E+02 -0.45683E+01  0.10218E+03      298.00
  0.92774E-01  0.10759E+04   -0.50500E-01 -0.50500E-01  0.10100E+00  0.00000E+00  0.00000E+00  0.00000E+00   -0.12608E+03 -0.53221E+03  0.65828E+03  0.95807E+02 -0.46198E+01  0.10204E+03      298.00
  0.93232E-01  0.10759E+04   -0.50750E-01 -0.50750E-01  0.10150E+00  0.00000E+00  0.00000E+00  0.00000E+00   -0.12641E+03 -0.53190E+03  0.65830E+03  0.96402E+02 -0.47631E+01  0.10195E+03      298.00
  0.93691E-01  0.10766E+04   -0.51000E-01 -0.51000E-01  0.10200E+00  0.00000E+00  0.00000E+00  0.00000E+00   -0.12652E+03 -0.53209E+03  0.65860E+03  0.97419E+02 -0.49041E+01  0.10191E+03      298.00
  0.94150E-01  0.10766E+04   -0.51250E-01 -0.51250E-01  0.10250E+00  0.00000E+00  0.00000E+00  0.00000E+00   -0.12684E+03 -0.53179E+03  0.65863E+03  0.98021E+02 -0.50477E+01  0.10182E+03      298.00
  0.94609E-01  0.10773E+04   -0.51500E-01 -0.51500E-01  0.10300E+00  0.00000E+00  0.00000E+00  0.00000E+00   -0.12694E+03 -0.53197E+03  0.65891E+03  0.99036E+02 -0.51872E+01  0.10177E+03      298.00
  0.95068E-01  0.10773E+04   -0.51750E-01 -0.51750E-01  0.10350E+00  0.00000E+00  0.00000E+00  0.00000E+00   -0.12727E+03 -0.53167E+03  0.65893E+03  0.99638E+02 -0.53317E+01  0.10168E+03      298.00
  0.95527E-01  0.10779E+04   -0.52000E-01 -0.52000E-01  0.10400E+00  0.00000E+00  0.00000E+00  0.00000E+00   -0.12737E+03 -0.53183E+03  0.65920E+03  0.10065E+03 -0.54703E+01  0.10164E+03      298.00
  0.95985E-01  0.10779E+04   -0.52250E-01 -0.52250E-01  0.10450E+00  0.00000E+00  0.00000E+00  0.00000E+00   -0.12769E+03 -0.53153E+03  0.65922E+03  0.10125E+03 -0.56158E+01  0.10154E+03      298.00
  0.96444E-01  0.10786E+04   -0.52500E-01 -0.52500E-01  0.10500E+00  0.00000E+00  0.00000E+00  0.00000E+00   -0.12780E+03 -0.53168E+03  0.65948E+03  0.10226E+03 -0.57538E+01  0.10149E+03      298.00
  0.96902E-01  0.10785E+04   -0.52750E-01 -0.52750E-01  0.10550E+00  0.00000E+00  0.00000E+00  0.00000E+00   -0.12812E+03 -0.53138E+03  0.65949E+03  0.10287E+03 -0.59004E+01  0.10140E+03      298.00
  0.97361E-01  0.10792E+04   -0.53000E-01 -0.53000E-01  0.10600E+00  0.00000E+00  0.00000E+00  0.00000E+00   -0.12822E+03 -0.53152E+03  0.65974E+03  0.10387E+03 -0.60379E+01  0.10135E+03      298.00
  0.97820E-01  0.10792E+04   -0.53250E-01 -0.53250E-01  0.10650E+00  0.00000E+00  0.00000E+00  0.00000E+00   -0.12854E+03 -0.53121E+03  0.65975E+03  0.10448E+03 -0.61855E+01  0.10126E+03      298.00
  0.98278E-01  0.10798E+04   -0.53500E-01 -0.53500E-01  0.10700E+00  0.00000E+00  0.00000E+00  0.00000E+00   -0.12864E+03 -0.53134E+03  0.65998E+03  0.10548E+03 -0.63226E+01  0.10120E+03      298.00
  0.98737E-01  0.10798E+04   -0.53750E-01 -0.53750E-01  0.10750E+00  0.00000E+00  0.00000E+00  0.00000E+00   -0.12896E+03 -0.53103E+03  0.65999E+03  0.10608E+03 -0.64714E+01  0.10111E+03      298.00
  0.99195E-01  0.10803E+04   -0.54000E-01 -0.54000E-01  0.10800E+00  0.00000E+00  0.00000E+00  0.00000E+00   -0.12907E+03 -0.53115E+03  0.66021E+03  0.10709E+03 -0.66081E+01  0.10105E+03      298.00
  0.99653E-01  0.10803E+04   -0.54250E-01 -0.54250E-01  0.10850E+00  0.00000E+00  0.00000E+00  0.00000E+00   -0.12938E+03 -0.53084E+03  0.66022E+03  0.10769E+03 -0.67580E+01  0.10096E+03      298.00
  0.10011E+00  0.10809E+04   -0.54500E-01 -0.54500E-01  0.10900E+00  0.00000E+00  0.00000E+00  0.00000E+00   -0.12949E+03 -0.53094E+03  0.66043E+03  0.10869E+03 -0.68947E+01  0.10090E+03      298.00
  0.10057E+00  0.10809E+04   -0.54750E-01 -0.54750E-01  0.10950E+00  0.00000E+00  0.00000E+00  0.00000E+00   -0.12980E+03 -0.53063E+03  0.66042E+03  0.10929E+03 -0.70457E+01  0.10081E+03      298.00
  0.10103E+00  0.10815E+04   -0.55000E-01 -0.55000E-01  0.11000E+00  0.00000E+00  0.00000E+00  0.00000E+00   -0.12990E+03 -0.53072E+03  0.66062E+03  0.11029E+03 -0.71825E+01  0.10075E+03      298.00
  0.10149E+00  0.10814E+04   -0.55250E-01 -0.55250E-01  0.11050E+00  0.00000E+00  0.00000E+00  0.00000E+00   -0.13021E+03 -0.53041E+03  0.66062E+03  0.11089E+03 -0.73345E+01  0.10065E+03      298.00
  0.10194E+00  0.10820E+04   -0.55500E-01 -0.55500E-01  0.11100E+00  0.00000E+00  0.00000E+00  0.00000E+00   -0.13032E+03 -0.53049E+03  0.66081E+03  0.11189E+03 -0.74717E+01  0.10059E+03      298.00
  0.10240E+00  0.10823E+04   -0.55750E-01 -0.55750E-01  0.11150E+00  0.00000E+00  0.00000E+00  0.00000E+00   -0.13051E+03 -0.53040E+03  0.66091E+03  0.11271E+03 -0.75821E+01  0.10049E+03      298.00
  0.10286E+00  0.10822E+04   -0.56000E-01 -0.56000E-01  0.11200E+00  0.00000E+00  0.00000E+00  0.00000E+00   -0.13083E+03 -0.53005E+03  0.66089E+03  0.11329E+03 -0.77605E+01  0.10041E+03      298.00
  0.10332E+00  0.10827E+04   -0.56250E-01 -0.56250E-01  0.11250E+00  0.00000E+00  0.00000E+00  0.00000E+00   -0.13094E+03 -0.53012E+03  0.66106E+03  0.11428E+03 -0.79059E+01  0.10035E+03      298.00
  0.10378E+00  0.10830E+04   -0.56500E-01 -0.56500E-01  0.11300E+00  0.00000E+00  0.00000E+00  0.00000E+00   -0.13113E+03 -0.53002E+03  0.66115E+03  0.11509E+03 -0.80199E+01  0.10025E+03      298.00
  0.10423E+00  0.10833E+04   -0.56750E-01 -0.56750E-01  0.11350E+00  0.00000E+00  0.00000E+00  0.00000E+00   -0.13133E+03 -0.52988E+03  0.66122E+03  0.11589E+03 -0.81548E+01  0.10016E+03      298.00
  0.10469E+00  0.10835E+04   -0.57000E-01 -0.57000E-01  0.11400E+00  0.00000E+00  0.00000E+00  0.00000E+00   -0.13154E+03 -0.52975E+03  0.66129E+03  0.11669E+03 -0.82990E+01  0.10008E+03      298.00
  0.10515E+00  0.10837E+04   -0.57250E-01 -0.57250E-01  0.11450E+00  0.00000E+00  0.00000E+00  0.00000E+00   -0.13174E+03 -0.52961E+03  0.66135E+03  0.11748E+03 -0.84466E+01  0.99998E+02      298.00
  0.10561E+00  0.10840E+04   -0.57500E-01 -0.57500E-01  0.11500E+00  0.00000E+00  0.00000E+00  0.00000E+00   -0.13195E+03 -0.52947E+03  0.66142E+03  0.11827E+03 -0.85958E+01  0.99917E+02      298.00
  0.10607E+00  0.10842E+04   -0.57750E-01 -0.57750E-01  0.11550E+00  0.00000E+00  0.00000E+00  0.00000E+00   -0.13216E+03 -0.52932E+03  0.66148E+03  0.11906E+03 -0.87459E+01  0.99837E+02      298.00
  0.10652E+00  0.10844E+04   -0.58000E-01 -0.58000E-01  0.11600E+00  0.00000E+00  0.00000E+00  0.00000E+00   -0.13236E+03 -0.52917E+03  0.66153E+03  0.11985E+03 -0.88966E+01  0.99756E+02      298.00
  0.10698E+00  0.10846E+04   -0.58250E-01 -0.58250E-01  0.11650E+00  0.00000E+00  0.00000E+00  0.00000E+00   -0.13257E+03 -0.52902E+03  0.66159E+03  0.12064E+03 -0.90478E+01  0.99675E+02      298.00
  0.10744E+00  0.10848E+04   -0.58500E-01 -0.58500E-01  0.11700E+00  0.00000E+00  0.00000E+00  0.00000E+00   -0.13277E+03 -0.52886E+03  0.66164E+03  0.12143E+03 -0.91994E+01  0.99593E+02      298.00
  0.10790E+00  0.10851E+04   -0.58750E-01 -0.58750E-01  0.11750E+00  0.00000E+00  0.00000E+00  0.00000E+00   -0.13298E+03 -0.52870E+03  0.66168E+03  0.12222E+03 -0.93514E+01  0.99511E+02      298.00
  0.10835E+00  0.10853E+04   -0.59000E-01 -0.59000E-01  0.11800E+00  0.00000E+00  0.00000E+00  0.00000E+00   -0.13318E+03 -0.52854E+03  0.66173E+03  0.12301E+03 -0.95036E+01  0.99429E+02      298.00
  0.10881E+00  0.10855E+04   -0.59250E-01 -0.59250E-01  0.11850E+00  0.00000E+00  0.00000E+00  0.00000E+00   -0.13339E+03 -0.52838E+03  0.66177E+03  0.12380E+03 -0.96560E+01  0.99346E+02      298.00
  0.10927E+00  0.10857E+04   -0.59500E-01 -0.59500E-01  0.11900E+00  0.00000E+00  0.00000E+00  0.00000E+00   -0.13359E+03 -0.52822E+03  0.66181E+03  0.12458E+03 -0.98086E+01  0.99262E+02      298.00
  0.10972E+00  0.10859E+04   -0.59750E-01 -0.59750E-01  0.11950E+00  0.00000E+00  0.00000E+00  0.00000E+00   -0.13380E+03 -0.52805E+03  0.66184E+03  0.12537E+03 -0.99612E+01  0.99178E+02      298.00
  0.11018E+00  0.10861E+04   -0.60000E-01 -0.60000E-01  0.12000E+00  0.00000E+00  0.00000E+00  0.00000E+00   -0.13400E+03 -0.52788E+03  0.66188E+03  0.12615E+03 -0.10114E+02  0.99093E+02      298.00
  0.11064E+00  0.10863E+04   -0.60250E-01 -0.60250E-01  0.12050E+00  0.00000E+00  0.00000E+00  0.00000E+00   -0.13420E+03 -0.52770E+03  0.66190E+03  0.12694E+03 -0.10266E+02  0.99008E+02      298.00
  0.11110E+00  0.10864E+04   -0.60500E-01 -0.60500E-01  0.12100E+00  0.00000E+00  0.00000E+00  0.00000E+00   -0.13440E+03 -0.52753E+03  0.66193E+03  0.12772E+03 -0.10419E+02  0.98922E+02      298.00
  0.11155E+00  0.10866E+04   -0.60750E-01 -0.60750E-01  0.12150E+00  0.00000E+00  0.00000E+00  0.00000E+00   -0.13461E+03 -0.52735E+03  0.66196E+03  0.12850E+03 -0.10571E+02  0.98835E+02      298.00
  0.11201E+00  0.10868E+04   -0.61000E-01 -0.61000E-01  0.12200E+00  0.00000E+00  0.00000E+00  0.00000E+00   -0.13481E+03 -0.52717E+03  0.66198E+03  0.12928E+03 -0.10723E+02  0.98747E+02      298.00
  0.11247E+00  0.10870E+04   -0.61250E-01 -0.61250E-01  0.12250E+00  0.00000E+00  0.00000E+00  0.00000E+00   -0.13501E+03 -0.52699E+03  0.66199E+03  0.13006E+03 -0.10875E+02  0.98659E+02      298.00
  0.11292E+00  0.10872E+04   -0.61500E-01 -0.61500E-01  0.12300E+00  0.00000E+00  0.00000E+00  0.00000E+00   -0.13521E+03 -0.52680E+03  0.66201E+03  0.13085E+03 -0.11026E+02  0.98570E+02      298.00
  0.11338E+00  0.10874E+04   -0.61750E-01 -0.61750E-01  0.12350E+00  0.00000E+00  0.00000E+00  0.00000E+00   -0.13541E+03 -0.52662E+03  0.66202E+03  0.13162E+03 -0.11177E+02  0.98479E+02      298.00
  0.11384E+00  0.10875E+04   -0.62000E-01 -0.62000E-01  0.12400E+00  0.00000E+00  0.00000E+00  0.00000E+00   -0.13561E+03 -0.52643E+03  0.66203E+03  0.13240E+03 -0.11328E+02  0.98389E+02      298.00
  0.11429E+00  0.10877E+04   -0.62250E-01 -0.62250E-01  0.12450E+00  0.00000E+00  0.00000E+00  0.00000E+00   -0.13580E+03 -0.52624E+03  0.66204E+03  0.13318E+03 -0.11479E+02  0.98297E+02      298.00
  0.11475E+00  0.10879E+04   -0.62500E-01 -0.62500E-01  0.12500E+00  0.00000E+00  0.00000E+00  0.00000E+00   -0.13600E+03 -0.52604E+03  0.66205E+03  0.13396E+03 -0.11629E+02  0.98205E+02      298.00
