TEXTURE AT STRAIN =    0.0250
   0.988   1.025   0.988  <-- length of phase ellipsoid axes
  101.23   90.00   -0.00  <-- Euler angles (deg) of phase ellipsoid axes
B         1
   13.57   46.22  176.70   1.0000000
TEXTURE AT STRAIN =    0.0500
   0.975   1.051   0.975  <-- length of phase ellipsoid axes
 -163.37   90.00 -180.00  <-- Euler angles (deg) of phase ellipsoid axes
B         1
   13.74   44.27  176.68   1.0000000
TEXTURE AT STRAIN =    0.0750
   0.963   1.078   0.963  <-- length of phase ellipsoid axes
 -163.38   90.00 -180.00  <-- Euler angles (deg) of phase ellipsoid axes
B         1
   13.91   42.34  176.65   1.0000000
TEXTURE AT STRAIN =    0.1000
   0.951   1.105   0.951  <-- length of phase ellipsoid axes
 -158.56   90.01 -180.00  <-- Euler angles (deg) of phase ellipsoid axes
B         1
   14.05   40.42  176.62   1.0000000
TEXTURE AT STRAIN =    0.1250
   0.939   1.133   0.939  <-- length of phase ellipsoid axes
 -143.23   90.00 -180.00  <-- Euler angles (deg) of phase ellipsoid axes
B         1
   14.18   38.55  176.62   1.0000000
