          S1          S2          D1          D2
  0.3939E+02 -0.2421E+03 -0.2997E-09 -0.4130E-02
 -0.1570E+02 -0.2369E+03 -0.7355E-03 -0.4172E-02
 -0.6727E+02 -0.2232E+03 -0.1469E-02 -0.4037E-02
 -0.1078E+03 -0.2045E+03 -0.2164E-02 -0.3749E-02
 -0.1578E+03 -0.1688E+03 -0.2786E-02 -0.3320E-02
 -0.1817E+03 -0.1451E+03 -0.3295E-02 -0.2765E-02
 -0.2120E+03 -0.1005E+03 -0.3703E-02 -0.2138E-02
 -0.2304E+03 -0.6159E+02 -0.3955E-02 -0.1439E-02
 -0.2422E+03 -0.1679E+02 -0.4079E-02 -0.7193E-03
 -0.2458E+03  0.2526E+02 -0.4068E-02 -0.7589E-07
 -0.2426E+03  0.7624E+02 -0.3906E-02  0.6887E-03
 -0.2365E+03  0.9882E+02 -0.3670E-02  0.1336E-02
 -0.2193E+03  0.1349E+03 -0.3366E-02  0.1943E-02
 -0.2004E+03  0.1619E+03 -0.2974E-02  0.2496E-02
 -0.1715E+03  0.1905E+03 -0.2509E-02  0.2990E-02
 -0.1452E+03  0.2090E+03 -0.1971E-02  0.3414E-02
 -0.9294E+02  0.2328E+03 -0.1365E-02  0.3750E-02
 -0.6734E+02  0.2399E+03 -0.7005E-03  0.3972E-02
 -0.3940E+02  0.2421E+03 -0.1019E-06  0.4130E-02
  0.1570E+02  0.2369E+03  0.7355E-03  0.4172E-02
  0.6727E+02  0.2232E+03  0.1469E-02  0.4037E-02
  0.1078E+03  0.2045E+03  0.2164E-02  0.3749E-02
  0.1578E+03  0.1688E+03  0.2786E-02  0.3320E-02
  0.1817E+03  0.1451E+03  0.3295E-02  0.2765E-02
  0.2120E+03  0.1005E+03  0.3703E-02  0.2138E-02
  0.2304E+03  0.6159E+02  0.3955E-02  0.1439E-02
  0.2422E+03  0.1679E+02  0.4079E-02  0.7193E-03
  0.2458E+03 -0.2526E+02  0.4068E-02  0.7589E-07
  0.2426E+03 -0.7624E+02  0.3906E-02 -0.6887E-03
  0.2365E+03 -0.9882E+02  0.3670E-02 -0.1336E-02
  0.2193E+03 -0.1349E+03  0.3366E-02 -0.1943E-02
  0.2004E+03 -0.1619E+03  0.2974E-02 -0.2496E-02
  0.1715E+03 -0.1905E+03  0.2509E-02 -0.2990E-02
  0.1452E+03 -0.2090E+03  0.1971E-02 -0.3414E-02
  0.9294E+02 -0.2328E+03  0.1365E-02 -0.3750E-02
  0.6734E+02 -0.2399E+03  0.7005E-03 -0.3972E-02
  0.3939E+02 -0.2421E+03 -0.2997E-09 -0.4130E-02
          S1          S2          D1          D2
  0.6757E+02 -0.4229E+03 -0.1370E-07 -0.2365E-02
 -0.1611E+02 -0.4148E+03 -0.4221E-03 -0.2394E-02
 -0.1071E+03 -0.3906E+03 -0.8472E-03 -0.2328E-02
 -0.1662E+03 -0.3636E+03 -0.1256E-02 -0.2176E-02
 -0.2589E+03 -0.2965E+03 -0.1633E-02 -0.1947E-02
 -0.3004E+03 -0.2554E+03 -0.1943E-02 -0.1630E-02
 -0.3481E+03 -0.1849E+03 -0.2199E-02 -0.1269E-02
 -0.3838E+03 -0.1109E+03 -0.2358E-02 -0.8581E-03
 -0.4043E+03 -0.3168E+02 -0.2439E-02 -0.4302E-03
 -0.4102E+03  0.4290E+02 -0.2438E-02 -0.2864E-07
 -0.4047E+03  0.1402E+03 -0.2329E-02  0.4105E-03
 -0.3929E+03  0.1836E+03 -0.2175E-02  0.7917E-03
 -0.3633E+03  0.2489E+03 -0.1972E-02  0.1139E-02
 -0.3384E+03  0.2845E+03 -0.1733E-02  0.1454E-02
 -0.2891E+03  0.3325E+03 -0.1459E-02  0.1739E-02
 -0.2463E+03  0.3630E+03 -0.1143E-02  0.1979E-02
 -0.1493E+03  0.4089E+03 -0.7857E-03  0.2159E-02
 -0.1111E+03  0.4193E+03 -0.4018E-03  0.2278E-02
 -0.6755E+02  0.4229E+03 -0.6039E-07  0.2365E-02
  0.1613E+02  0.4148E+03  0.4221E-03  0.2394E-02
  0.1071E+03  0.3906E+03  0.8472E-03  0.2328E-02
  0.1662E+03  0.3635E+03  0.1256E-02  0.2176E-02
  0.2589E+03  0.2965E+03  0.1633E-02  0.1947E-02
  0.3004E+03  0.2554E+03  0.1943E-02  0.1630E-02
  0.3481E+03  0.1849E+03  0.2199E-02  0.1269E-02
  0.3838E+03  0.1109E+03  0.2358E-02  0.8581E-03
  0.4043E+03  0.3170E+02  0.2439E-02  0.4302E-03
  0.4102E+03 -0.4287E+02  0.2438E-02  0.2838E-07
  0.4047E+03 -0.1402E+03  0.2329E-02 -0.4106E-03
  0.3929E+03 -0.1836E+03  0.2175E-02 -0.7917E-03
  0.3633E+03 -0.2489E+03  0.1972E-02 -0.1139E-02
  0.3384E+03 -0.2845E+03  0.1733E-02 -0.1454E-02
  0.2891E+03 -0.3325E+03  0.1459E-02 -0.1739E-02
  0.2463E+03 -0.3630E+03  0.1143E-02 -0.1979E-02
  0.1493E+03 -0.4089E+03  0.7857E-03 -0.2159E-02
  0.1111E+03 -0.4193E+03  0.4018E-03 -0.2278E-02
  0.6757E+02 -0.4229E+03 -0.1370E-07 -0.2365E-02
          S1          S2          D1          D2
  0.8314E+02 -0.5069E+03  0.2304E-09 -0.1973E-02
 -0.1236E+02 -0.4978E+03 -0.3526E-03 -0.2000E-02
 -0.1140E+03 -0.4707E+03 -0.7106E-03 -0.1952E-02
 -0.1819E+03 -0.4396E+03 -0.1060E-02 -0.1836E-02
 -0.2868E+03 -0.3626E+03 -0.1391E-02 -0.1657E-02
 -0.3394E+03 -0.3109E+03 -0.1666E-02 -0.1398E-02
 -0.3925E+03 -0.2330E+03 -0.1897E-02 -0.1095E-02
 -0.4419E+03 -0.1310E+03 -0.2042E-02 -0.7433E-03
 -0.4676E+03 -0.3278E+02 -0.2112E-02 -0.3725E-03
 -0.4748E+03  0.6050E+02 -0.2106E-02 -0.2138E-07
 -0.4683E+03  0.1733E+03 -0.2005E-02  0.3534E-03
 -0.4457E+03  0.2518E+03 -0.1861E-02  0.6773E-03
 -0.4210E+03  0.3062E+03 -0.1673E-02  0.9659E-03
 -0.3931E+03  0.3460E+03 -0.1463E-02  0.1228E-02
 -0.3381E+03  0.3994E+03 -0.1228E-02  0.1464E-02
 -0.2840E+03  0.4380E+03 -0.9591E-03  0.1661E-02
 -0.1739E+03  0.4916E+03 -0.6560E-03  0.1802E-02
 -0.1323E+03  0.5029E+03 -0.3352E-03  0.1900E-02
 -0.8278E+02  0.5069E+03 -0.4404E-07  0.1973E-02
  0.1257E+02  0.4978E+03  0.3527E-03  0.2000E-02
  0.1141E+03  0.4707E+03  0.7106E-03  0.1952E-02
  0.1822E+03  0.4395E+03  0.1060E-02  0.1836E-02
  0.2871E+03  0.3626E+03  0.1390E-02  0.1657E-02
  0.3394E+03  0.3111E+03  0.1666E-02  0.1398E-02
  0.3922E+03  0.2336E+03  0.1897E-02  0.1095E-02
  0.4419E+03  0.1310E+03  0.2043E-02  0.7434E-03
  0.4675E+03  0.3302E+02  0.2113E-02  0.3725E-03
  0.4748E+03 -0.6019E+02  0.2106E-02  0.2309E-07
  0.4682E+03 -0.1735E+03  0.2005E-02 -0.3535E-03
  0.4457E+03 -0.2520E+03  0.1861E-02 -0.6773E-03
  0.4210E+03 -0.3062E+03  0.1673E-02 -0.9659E-03
  0.3931E+03 -0.3460E+03  0.1463E-02 -0.1228E-02
  0.3379E+03 -0.3996E+03  0.1228E-02 -0.1464E-02
  0.2839E+03 -0.4382E+03  0.9590E-03 -0.1661E-02
  0.1738E+03 -0.4917E+03  0.6558E-03 -0.1802E-02
  0.1324E+03 -0.5030E+03  0.3351E-03 -0.1900E-02
  0.8314E+02 -0.5069E+03  0.2304E-09 -0.1973E-02
          S1          S2          D1          D2
  0.9122E+02 -0.5507E+03  0.4021E-09 -0.1816E-02
 -0.5803E+01 -0.5414E+03 -0.3251E-03 -0.1844E-02
 -0.1101E+03 -0.5134E+03 -0.6575E-03 -0.1807E-02
 -0.1788E+03 -0.4821E+03 -0.9864E-03 -0.1709E-02
 -0.2882E+03 -0.4009E+03 -0.1306E-02 -0.1556E-02
 -0.3487E+03 -0.3416E+03 -0.1574E-02 -0.1321E-02
 -0.4032E+03 -0.2619E+03 -0.1804E-02 -0.1041E-02
 -0.4611E+03 -0.1419E+03 -0.1950E-02 -0.7098E-03
 -0.4896E+03 -0.3338E+02 -0.2018E-02 -0.3559E-03
 -0.4975E+03  0.7587E+02 -0.2010E-02 -0.1532E-07
 -0.4902E+03  0.1979E+03 -0.1904E-02  0.3358E-03
 -0.4648E+03  0.2934E+03 -0.1749E-02  0.6367E-03
 -0.4429E+03  0.3407E+03 -0.1563E-02  0.9026E-03
 -0.4160E+03  0.3792E+03 -0.1362E-02  0.1143E-02
 -0.3654E+03  0.4283E+03 -0.1142E-02  0.1361E-02
 -0.2951E+03  0.4785E+03 -0.8897E-03  0.1541E-02
 -0.1816E+03  0.5355E+03 -0.6050E-03  0.1662E-02
 -0.1406E+03  0.5466E+03 -0.3086E-03  0.1750E-02
 -0.9055E+02  0.5506E+03 -0.3617E-07  0.1816E-02
  0.6162E+01  0.5413E+03  0.3251E-03  0.1844E-02
  0.1104E+03  0.5133E+03  0.6575E-03  0.1807E-02
  0.1791E+03  0.4819E+03  0.9862E-03  0.1708E-02
  0.2888E+03  0.4006E+03  0.1305E-02  0.1555E-02
  0.3486E+03  0.3420E+03  0.1573E-02  0.1320E-02
  0.4027E+03  0.2630E+03  0.1803E-02  0.1041E-02
  0.4611E+03  0.1419E+03  0.1950E-02  0.7098E-03
  0.4895E+03  0.3377E+02  0.2019E-02  0.3560E-03
  0.4974E+03 -0.7508E+02  0.2010E-02  0.1490E-07
  0.4900E+03 -0.1984E+03  0.1905E-02 -0.3358E-03
  0.4648E+03 -0.2934E+03  0.1749E-02 -0.6367E-03
  0.4430E+03 -0.3407E+03  0.1563E-02 -0.9025E-03
  0.4160E+03 -0.3792E+03  0.1362E-02 -0.1143E-02
  0.3651E+03 -0.4287E+03  0.1142E-02 -0.1361E-02
  0.2946E+03 -0.4790E+03  0.8895E-03 -0.1541E-02
  0.1815E+03 -0.5357E+03  0.6048E-03 -0.1662E-02
  0.1409E+03 -0.5467E+03  0.3085E-03 -0.1750E-02
  0.9122E+02 -0.5507E+03  0.4021E-09 -0.1816E-02
          S1          S2          D1          D2
  0.9534E+02 -0.5750E+03 -0.7394E-08 -0.1739E-02
 -0.1310E+01 -0.5656E+03 -0.3116E-03 -0.1767E-02
 -0.1016E+03 -0.5382E+03 -0.6327E-03 -0.1739E-02
 -0.1689E+03 -0.5076E+03 -0.9540E-03 -0.1653E-02
 -0.2779E+03 -0.4260E+03 -0.1273E-02 -0.1517E-02
 -0.3454E+03 -0.3604E+03 -0.1544E-02 -0.1295E-02
 -0.3994E+03 -0.2817E+03 -0.1779E-02 -0.1027E-02
 -0.4633E+03 -0.1480E+03 -0.1933E-02 -0.7037E-03
 -0.4932E+03 -0.3413E+02 -0.2003E-02 -0.3532E-03
 -0.5016E+03  0.9254E+02 -0.1994E-02 -0.1235E-07
 -0.4926E+03  0.2264E+03 -0.1878E-02  0.3311E-03
 -0.4698E+03  0.3202E+03 -0.1705E-02  0.6207E-03
 -0.4503E+03  0.3624E+03 -0.1516E-02  0.8754E-03
 -0.4257E+03  0.3975E+03 -0.1317E-02  0.1105E-02
 -0.3826E+03  0.4394E+03 -0.1103E-02  0.1315E-02
 -0.2712E+03  0.5157E+03 -0.8588E-03  0.1488E-02
 -0.1818E+03  0.5605E+03 -0.5808E-03  0.1596E-02
 -0.1431E+03  0.5710E+03 -0.2958E-03  0.1677E-02
 -0.9475E+02  0.5749E+03 -0.3742E-07  0.1739E-02
  0.1496E+01  0.5655E+03  0.3116E-03  0.1767E-02
  0.1018E+03  0.5382E+03  0.6327E-03  0.1738E-02
  0.1692E+03  0.5075E+03  0.9539E-03  0.1652E-02
  0.2787E+03  0.4256E+03  0.1272E-02  0.1516E-02
  0.3453E+03  0.3607E+03  0.1543E-02  0.1295E-02
  0.3989E+03  0.2826E+03  0.1779E-02  0.1027E-02
  0.4633E+03  0.1480E+03  0.1934E-02  0.7037E-03
  0.4931E+03  0.3443E+02  0.2003E-02  0.3533E-03
  0.5015E+03 -0.9170E+02  0.1994E-02  0.1275E-07
  0.4924E+03 -0.2272E+03  0.1878E-02 -0.3312E-03
  0.4698E+03 -0.3202E+03  0.1705E-02 -0.6207E-03
  0.4503E+03 -0.3624E+03  0.1516E-02 -0.8754E-03
  0.4257E+03 -0.3975E+03  0.1317E-02 -0.1105E-02
  0.3825E+03 -0.4396E+03  0.1103E-02 -0.1315E-02
  0.2700E+03 -0.5165E+03  0.8587E-03 -0.1487E-02
  0.1819E+03 -0.5608E+03  0.5806E-03 -0.1595E-02
  0.1434E+03 -0.5711E+03  0.2957E-03 -0.1677E-02
  0.9534E+02 -0.5750E+03 -0.7394E-08 -0.1739E-02
          S1          S2          D1          D2
  0.9707E+02 -0.5891E+03 -0.4689E-10 -0.1697E-02
  0.2669E+01 -0.5801E+03 -0.3042E-03 -0.1725E-02
 -0.8976E+02 -0.5544E+03 -0.6200E-03 -0.1703E-02
 -0.1571E+03 -0.5240E+03 -0.9393E-03 -0.1627E-02
 -0.2621E+03 -0.4449E+03 -0.1262E-02 -0.1504E-02
 -0.3368E+03 -0.3728E+03 -0.1539E-02 -0.1292E-02
 -0.3893E+03 -0.2964E+03 -0.1784E-02 -0.1030E-02
 -0.4580E+03 -0.1514E+03 -0.1949E-02 -0.7093E-03
 -0.4885E+03 -0.3510E+02 -0.2022E-02 -0.3565E-03
 -0.4973E+03  0.1089E+03 -0.2011E-02 -0.1221E-07
 -0.4835E+03  0.2820E+03 -0.1875E-02  0.3307E-03
 -0.4687E+03  0.3394E+03 -0.1688E-02  0.6145E-03
 -0.4518E+03  0.3761E+03 -0.1495E-02  0.8631E-03
 -0.4302E+03  0.4068E+03 -0.1296E-02  0.1087E-02
 -0.3946E+03  0.4416E+03 -0.1086E-02  0.1294E-02
 -0.2431E+03  0.5440E+03 -0.8437E-03  0.1461E-02
 -0.1788E+03  0.5756E+03 -0.5681E-03  0.1561E-02
 -0.1426E+03  0.5854E+03 -0.2889E-03  0.1638E-02
 -0.9667E+02  0.5891E+03 -0.3598E-07  0.1698E-02
 -0.2614E+01  0.5800E+03  0.3042E-03  0.1725E-02
  0.8987E+02  0.5543E+03  0.6200E-03  0.1703E-02
  0.1572E+03  0.5239E+03  0.9392E-03  0.1627E-02
  0.2629E+03  0.4445E+03  0.1262E-02  0.1504E-02
  0.3368E+03  0.3730E+03  0.1539E-02  0.1291E-02
  0.3890E+03  0.2971E+03  0.1784E-02  0.1030E-02
  0.4580E+03  0.1514E+03  0.1949E-02  0.7093E-03
  0.4884E+03  0.3524E+02  0.2022E-02  0.3565E-03
  0.4973E+03 -0.1085E+03  0.2011E-02  0.1063E-07
  0.4835E+03 -0.2820E+03  0.1875E-02 -0.3307E-03
  0.4687E+03 -0.3394E+03  0.1688E-02 -0.6145E-03
  0.4518E+03 -0.3761E+03  0.1495E-02 -0.8631E-03
  0.4302E+03 -0.4068E+03  0.1296E-02 -0.1087E-02
  0.3946E+03 -0.4417E+03  0.1086E-02 -0.1294E-02
  0.2426E+03 -0.5443E+03  0.8436E-03 -0.1461E-02
  0.1788E+03 -0.5758E+03  0.5680E-03 -0.1560E-02
  0.1428E+03 -0.5854E+03  0.2888E-03 -0.1638E-02
  0.9707E+02 -0.5891E+03 -0.4689E-10 -0.1697E-02
