          Evm          Svm            E11          E22          E33          E23          E13          E12         SDEV11       SDEV22       SDEV33       SDEV23       SDEV13       SDEV12      TEMP
  0.00000E+00  0.46622E+03    0.00000E+00  0.00000E+00  0.00000E+00  0.00000E+00  0.00000E+00  0.00000E+00   -0.40348E+02 -0.24143E+03  0.28178E+03  0.52155E+01 -0.10481E+02 -0.51576E+02      298.00
  0.45329E-03  0.47675E+03   -0.25000E-03 -0.25000E-03  0.50000E-03  0.00000E+00  0.00000E+00  0.00000E+00   -0.43157E+02 -0.24597E+03  0.28913E+03  0.61438E+01 -0.12307E+02 -0.50944E+02      298.00
  0.90813E-03  0.48719E+03   -0.50000E-03 -0.50000E-03  0.10000E-02  0.00000E+00  0.00000E+00  0.00000E+00   -0.45688E+02 -0.25056E+03  0.29625E+03  0.70055E+01 -0.13783E+02 -0.50653E+02      298.00
  0.13642E-02  0.49721E+03   -0.75000E-03 -0.75000E-03  0.15000E-02  0.00000E+00  0.00000E+00  0.00000E+00   -0.47930E+02 -0.25504E+03  0.30297E+03  0.78154E+01 -0.15020E+02 -0.50535E+02      298.00
  0.18212E-02  0.50699E+03   -0.10000E-02 -0.10000E-02  0.20000E-02  0.00000E+00  0.00000E+00  0.00000E+00   -0.49917E+02 -0.25951E+03  0.30943E+03  0.85932E+01 -0.16134E+02 -0.50528E+02      298.00
  0.22789E-02  0.51662E+03   -0.12500E-02 -0.12500E-02  0.25000E-02  0.00000E+00  0.00000E+00  0.00000E+00   -0.51724E+02 -0.26398E+03  0.31571E+03  0.93343E+01 -0.17032E+02 -0.50726E+02      298.00
  0.27372E-02  0.52619E+03   -0.15000E-02 -0.15000E-02  0.30000E-02  0.00000E+00  0.00000E+00  0.00000E+00   -0.53342E+02 -0.26851E+03  0.32186E+03  0.10069E+02 -0.17820E+02 -0.51042E+02      298.00
  0.31960E-02  0.53563E+03   -0.17500E-02 -0.17500E-02  0.35000E-02  0.00000E+00  0.00000E+00  0.00000E+00   -0.54823E+02 -0.27304E+03  0.32786E+03  0.10782E+02 -0.18460E+02 -0.51495E+02      298.00
  0.36551E-02  0.54471E+03   -0.20000E-02 -0.20000E-02  0.40000E-02  0.00000E+00  0.00000E+00  0.00000E+00   -0.56196E+02 -0.27741E+03  0.33361E+03  0.11452E+02 -0.18983E+02 -0.52031E+02      298.00
  0.41144E-02  0.55372E+03   -0.22500E-02 -0.22500E-02  0.45000E-02  0.00000E+00  0.00000E+00  0.00000E+00   -0.57426E+02 -0.28183E+03  0.33926E+03  0.12132E+02 -0.19511E+02 -0.52582E+02      298.00
  0.45739E-02  0.56248E+03   -0.25000E-02 -0.25000E-02  0.50000E-02  0.00000E+00  0.00000E+00  0.00000E+00   -0.58583E+02 -0.28614E+03  0.34472E+03  0.12786E+02 -0.19917E+02 -0.53227E+02      298.00
  0.50336E-02  0.57097E+03   -0.27500E-02 -0.27500E-02  0.55000E-02  0.00000E+00  0.00000E+00  0.00000E+00   -0.59673E+02 -0.29032E+03  0.34999E+03  0.13411E+02 -0.20259E+02 -0.53912E+02      298.00
  0.54933E-02  0.57950E+03   -0.30000E-02 -0.30000E-02  0.60000E-02  0.00000E+00  0.00000E+00  0.00000E+00   -0.60667E+02 -0.29459E+03  0.35525E+03  0.14061E+02 -0.20537E+02 -0.54663E+02      298.00
  0.59531E-02  0.58779E+03   -0.32500E-02 -0.32500E-02  0.65000E-02  0.00000E+00  0.00000E+00  0.00000E+00   -0.61611E+02 -0.29874E+03  0.36035E+03  0.14692E+02 -0.20760E+02 -0.55444E+02      298.00
  0.64129E-02  0.59585E+03   -0.35000E-02 -0.35000E-02  0.70000E-02  0.00000E+00  0.00000E+00  0.00000E+00   -0.62488E+02 -0.30280E+03  0.36529E+03  0.15318E+02 -0.21025E+02 -0.56183E+02      298.00
  0.68727E-02  0.60385E+03   -0.37500E-02 -0.37500E-02  0.75000E-02  0.00000E+00  0.00000E+00  0.00000E+00   -0.63351E+02 -0.30682E+03  0.37017E+03  0.15934E+02 -0.21121E+02 -0.57057E+02      298.00
  0.73324E-02  0.61149E+03   -0.40000E-02 -0.40000E-02  0.80000E-02  0.00000E+00  0.00000E+00  0.00000E+00   -0.64175E+02 -0.31066E+03  0.37484E+03  0.16525E+02 -0.21276E+02 -0.57856E+02      298.00
  0.77922E-02  0.61905E+03   -0.42500E-02 -0.42500E-02  0.85000E-02  0.00000E+00  0.00000E+00  0.00000E+00   -0.64948E+02 -0.31449E+03  0.37944E+03  0.17129E+02 -0.21410E+02 -0.58663E+02      298.00
  0.82519E-02  0.62685E+03   -0.45000E-02 -0.45000E-02  0.90000E-02  0.00000E+00  0.00000E+00  0.00000E+00   -0.65666E+02 -0.31848E+03  0.38415E+03  0.17784E+02 -0.21447E+02 -0.59576E+02      298.00
  0.87115E-02  0.63416E+03   -0.47500E-02 -0.47500E-02  0.95000E-02  0.00000E+00  0.00000E+00  0.00000E+00   -0.66379E+02 -0.32220E+03  0.38858E+03  0.18392E+02 -0.21533E+02 -0.60402E+02      298.00
  0.91710E-02  0.64172E+03   -0.50000E-02 -0.50000E-02  0.10000E-01  0.00000E+00  0.00000E+00  0.00000E+00   -0.67033E+02 -0.32608E+03  0.39312E+03  0.19059E+02 -0.21551E+02 -0.61306E+02      298.00
  0.96305E-02  0.64879E+03   -0.52500E-02 -0.52500E-02  0.10500E-01  0.00000E+00  0.00000E+00  0.00000E+00   -0.67691E+02 -0.32969E+03  0.39738E+03  0.19677E+02 -0.21616E+02 -0.62125E+02      298.00
  0.10090E-01  0.65660E+03   -0.55000E-02 -0.55000E-02  0.11000E-01  0.00000E+00  0.00000E+00  0.00000E+00   -0.68297E+02 -0.33374E+03  0.40204E+03  0.20405E+02 -0.21546E+02 -0.63142E+02      298.00
  0.10549E-01  0.66334E+03   -0.57500E-02 -0.57500E-02  0.11500E-01  0.00000E+00  0.00000E+00  0.00000E+00   -0.68997E+02 -0.33710E+03  0.40610E+03  0.20987E+02 -0.21215E+02 -0.64210E+02      298.00
  0.11008E-01  0.66960E+03   -0.60000E-02 -0.60000E-02  0.12000E-01  0.00000E+00  0.00000E+00  0.00000E+00   -0.69645E+02 -0.34026E+03  0.40990E+03  0.21540E+02 -0.21360E+02 -0.64897E+02      298.00
  0.11467E-01  0.67726E+03   -0.62500E-02 -0.62500E-02  0.12500E-01  0.00000E+00  0.00000E+00  0.00000E+00   -0.70159E+02 -0.34427E+03  0.41443E+03  0.22328E+02 -0.21257E+02 -0.65914E+02      298.00
  0.11926E-01  0.68392E+03   -0.65000E-02 -0.65000E-02  0.13000E-01  0.00000E+00  0.00000E+00  0.00000E+00   -0.70736E+02 -0.34768E+03  0.41842E+03  0.22987E+02 -0.21186E+02 -0.66789E+02      298.00
  0.12385E-01  0.69049E+03   -0.67500E-02 -0.67500E-02  0.13500E-01  0.00000E+00  0.00000E+00  0.00000E+00   -0.71288E+02 -0.35105E+03  0.42234E+03  0.23657E+02 -0.21145E+02 -0.67627E+02      298.00
  0.12844E-01  0.69611E+03   -0.70000E-02 -0.70000E-02  0.14000E-01  0.00000E+00  0.00000E+00  0.00000E+00   -0.71915E+02 -0.35384E+03  0.42575E+03  0.24196E+02 -0.21081E+02 -0.68379E+02      298.00
  0.13303E-01  0.70248E+03   -0.72500E-02 -0.72500E-02  0.14500E-01  0.00000E+00  0.00000E+00  0.00000E+00   -0.72443E+02 -0.35711E+03  0.42955E+03  0.24879E+02 -0.21036E+02 -0.69196E+02      298.00
  0.13761E-01  0.70874E+03   -0.75000E-02 -0.75000E-02  0.15000E-01  0.00000E+00  0.00000E+00  0.00000E+00   -0.72958E+02 -0.36032E+03  0.43328E+03  0.25568E+02 -0.20990E+02 -0.69998E+02      298.00
  0.14220E-01  0.71490E+03   -0.77500E-02 -0.77500E-02  0.15500E-01  0.00000E+00  0.00000E+00  0.00000E+00   -0.73466E+02 -0.36349E+03  0.43695E+03  0.26263E+02 -0.20940E+02 -0.70790E+02      298.00
  0.14678E-01  0.72097E+03   -0.80000E-02 -0.80000E-02  0.16000E-01  0.00000E+00  0.00000E+00  0.00000E+00   -0.73965E+02 -0.36660E+03  0.44056E+03  0.26964E+02 -0.20886E+02 -0.71572E+02      298.00
  0.15136E-01  0.72693E+03   -0.82500E-02 -0.82500E-02  0.16500E-01  0.00000E+00  0.00000E+00  0.00000E+00   -0.74456E+02 -0.36965E+03  0.44411E+03  0.27670E+02 -0.20826E+02 -0.72343E+02      298.00
  0.15595E-01  0.73280E+03   -0.85000E-02 -0.85000E-02  0.17000E-01  0.00000E+00  0.00000E+00  0.00000E+00   -0.74941E+02 -0.37266E+03  0.44760E+03  0.28381E+02 -0.20763E+02 -0.73104E+02      298.00
  0.16053E-01  0.73858E+03   -0.87500E-02 -0.87500E-02  0.17500E-01  0.00000E+00  0.00000E+00  0.00000E+00   -0.75420E+02 -0.37562E+03  0.45104E+03  0.29097E+02 -0.20696E+02 -0.73854E+02      298.00
  0.16511E-01  0.74426E+03   -0.90000E-02 -0.90000E-02  0.18000E-01  0.00000E+00  0.00000E+00  0.00000E+00   -0.75892E+02 -0.37852E+03  0.45441E+03  0.29818E+02 -0.20627E+02 -0.74593E+02      298.00
  0.16969E-01  0.75070E+03   -0.92500E-02 -0.92500E-02  0.18500E-01  0.00000E+00  0.00000E+00  0.00000E+00   -0.76303E+02 -0.38187E+03  0.45818E+03  0.30683E+02 -0.20323E+02 -0.75552E+02      298.00
  0.17426E-01  0.75617E+03   -0.95000E-02 -0.95000E-02  0.19000E-01  0.00000E+00  0.00000E+00  0.00000E+00   -0.76777E+02 -0.38465E+03  0.46143E+03  0.31406E+02 -0.20232E+02 -0.76281E+02      298.00
  0.17884E-01  0.76158E+03   -0.97500E-02 -0.97500E-02  0.19500E-01  0.00000E+00  0.00000E+00  0.00000E+00   -0.77224E+02 -0.38742E+03  0.46464E+03  0.32148E+02 -0.20178E+02 -0.76966E+02      298.00
  0.18342E-01  0.76691E+03   -0.10000E-01 -0.10000E-01  0.20000E-01  0.00000E+00  0.00000E+00  0.00000E+00   -0.77659E+02 -0.39014E+03  0.46780E+03  0.32898E+02 -0.20141E+02 -0.77625E+02      298.00
  0.18799E-01  0.77215E+03   -0.10250E-01 -0.10250E-01  0.20500E-01  0.00000E+00  0.00000E+00  0.00000E+00   -0.78085E+02 -0.39282E+03  0.47090E+03  0.33656E+02 -0.20112E+02 -0.78265E+02      298.00
  0.19257E-01  0.77731E+03   -0.10500E-01 -0.10500E-01  0.21000E-01  0.00000E+00  0.00000E+00  0.00000E+00   -0.78503E+02 -0.39546E+03  0.47396E+03  0.34419E+02 -0.20085E+02 -0.78890E+02      298.00
  0.19714E-01  0.78239E+03   -0.10750E-01 -0.10750E-01  0.21500E-01  0.00000E+00  0.00000E+00  0.00000E+00   -0.78919E+02 -0.39805E+03  0.47697E+03  0.35187E+02 -0.20051E+02 -0.79509E+02      298.00
  0.20171E-01  0.78738E+03   -0.11000E-01 -0.11000E-01  0.22000E-01  0.00000E+00  0.00000E+00  0.00000E+00   -0.79352E+02 -0.40057E+03  0.47992E+03  0.35948E+02 -0.19955E+02 -0.80166E+02      298.00
  0.20628E-01  0.79147E+03   -0.11250E-01 -0.11250E-01  0.22500E-01  0.00000E+00  0.00000E+00  0.00000E+00   -0.79958E+02 -0.40247E+03  0.48243E+03  0.36509E+02 -0.19839E+02 -0.80800E+02      298.00
  0.21085E-01  0.79628E+03   -0.11500E-01 -0.11500E-01  0.23000E-01  0.00000E+00  0.00000E+00  0.00000E+00   -0.80383E+02 -0.40489E+03  0.48527E+03  0.37272E+02 -0.19768E+02 -0.81414E+02      298.00
  0.21542E-01  0.80186E+03   -0.11750E-01 -0.11750E-01  0.23500E-01  0.00000E+00  0.00000E+00  0.00000E+00   -0.80722E+02 -0.40779E+03  0.48851E+03  0.38206E+02 -0.19435E+02 -0.82256E+02      298.00
  0.21999E-01  0.80635E+03   -0.12000E-01 -0.12000E-01  0.24000E-01  0.00000E+00  0.00000E+00  0.00000E+00   -0.81208E+02 -0.40999E+03  0.49120E+03  0.38916E+02 -0.19389E+02 -0.82851E+02      298.00
  0.22456E-01  0.81029E+03   -0.12250E-01 -0.12250E-01  0.24500E-01  0.00000E+00  0.00000E+00  0.00000E+00   -0.81688E+02 -0.41189E+03  0.49358E+03  0.39569E+02 -0.19355E+02 -0.83343E+02      298.00
  0.22913E-01  0.81481E+03   -0.12500E-01 -0.12500E-01  0.25000E-01  0.00000E+00  0.00000E+00  0.00000E+00   -0.82089E+02 -0.41416E+03  0.49625E+03  0.40356E+02 -0.19294E+02 -0.83904E+02      298.00
          Evm          Svm            E11          E22          E33          E23          E13          E12         SDEV11       SDEV22       SDEV33       SDEV23       SDEV13       SDEV12      TEMP
  0.22913E-01  0.81526E+03   -0.12500E-01 -0.12500E-01  0.25000E-01  0.00000E+00  0.00000E+00  0.00000E+00   -0.81942E+02 -0.41452E+03  0.49646E+03  0.40494E+02 -0.19451E+02 -0.83799E+02      298.00
  0.23370E-01  0.81928E+03   -0.12750E-01 -0.12750E-01  0.25500E-01  0.00000E+00  0.00000E+00  0.00000E+00   -0.82488E+02 -0.41640E+03  0.49889E+03  0.41147E+02 -0.19219E+02 -0.84466E+02      298.00
  0.23826E-01  0.82365E+03   -0.13000E-01 -0.13000E-01  0.26000E-01  0.00000E+00  0.00000E+00  0.00000E+00   -0.82889E+02 -0.41858E+03  0.50147E+03  0.41936E+02 -0.19142E+02 -0.85019E+02      298.00
  0.24283E-01  0.82796E+03   -0.13250E-01 -0.13250E-01  0.26500E-01  0.00000E+00  0.00000E+00  0.00000E+00   -0.83281E+02 -0.42074E+03  0.50402E+03  0.42733E+02 -0.19073E+02 -0.85555E+02      298.00
  0.24740E-01  0.83220E+03   -0.13500E-01 -0.13500E-01  0.27000E-01  0.00000E+00  0.00000E+00  0.00000E+00   -0.83671E+02 -0.42285E+03  0.50652E+03  0.43533E+02 -0.19001E+02 -0.86083E+02      298.00
  0.25196E-01  0.83637E+03   -0.13750E-01 -0.13750E-01  0.27500E-01  0.00000E+00  0.00000E+00  0.00000E+00   -0.84058E+02 -0.42493E+03  0.50898E+03  0.44335E+02 -0.18926E+02 -0.86603E+02      298.00
  0.25653E-01  0.84122E+03   -0.14000E-01 -0.14000E-01  0.28000E-01  0.00000E+00  0.00000E+00  0.00000E+00   -0.84382E+02 -0.42740E+03  0.51178E+03  0.45288E+02 -0.18594E+02 -0.87349E+02      298.00
  0.26109E-01  0.84452E+03   -0.14250E-01 -0.14250E-01  0.28500E-01  0.00000E+00  0.00000E+00  0.00000E+00   -0.84891E+02 -0.42891E+03  0.51380E+03  0.45917E+02 -0.18569E+02 -0.87773E+02      298.00
  0.26565E-01  0.84846E+03   -0.14500E-01 -0.14500E-01  0.29000E-01  0.00000E+00  0.00000E+00  0.00000E+00   -0.85276E+02 -0.43085E+03  0.51613E+03  0.46720E+02 -0.18495E+02 -0.88262E+02      298.00
  0.27021E-01  0.85237E+03   -0.14750E-01 -0.14750E-01  0.29500E-01  0.00000E+00  0.00000E+00  0.00000E+00   -0.85651E+02 -0.43278E+03  0.51843E+03  0.47533E+02 -0.18422E+02 -0.88741E+02      298.00
  0.27478E-01  0.85621E+03   -0.15000E-01 -0.15000E-01  0.30000E-01  0.00000E+00  0.00000E+00  0.00000E+00   -0.86024E+02 -0.43467E+03  0.52070E+03  0.48349E+02 -0.18348E+02 -0.89212E+02      298.00
  0.27934E-01  0.85999E+03   -0.15250E-01 -0.15250E-01  0.30500E-01  0.00000E+00  0.00000E+00  0.00000E+00   -0.86394E+02 -0.43653E+03  0.52292E+03  0.49167E+02 -0.18273E+02 -0.89674E+02      298.00
  0.28390E-01  0.86371E+03   -0.15500E-01 -0.15500E-01  0.31000E-01  0.00000E+00  0.00000E+00  0.00000E+00   -0.86761E+02 -0.43835E+03  0.52511E+03  0.49987E+02 -0.18196E+02 -0.90129E+02      298.00
  0.28846E-01  0.86736E+03   -0.15750E-01 -0.15750E-01  0.31500E-01  0.00000E+00  0.00000E+00  0.00000E+00   -0.87126E+02 -0.44014E+03  0.52726E+03  0.50810E+02 -0.18117E+02 -0.90576E+02      298.00
  0.29302E-01  0.87096E+03   -0.16000E-01 -0.16000E-01  0.32000E-01  0.00000E+00  0.00000E+00  0.00000E+00   -0.87489E+02 -0.44189E+03  0.52938E+03  0.51634E+02 -0.18038E+02 -0.91015E+02      298.00
  0.29757E-01  0.87431E+03   -0.16250E-01 -0.16250E-01  0.32500E-01  0.00000E+00  0.00000E+00  0.00000E+00   -0.87904E+02 -0.44346E+03  0.53136E+03  0.52404E+02 -0.17829E+02 -0.91517E+02      298.00
  0.30213E-01  0.87799E+03   -0.16500E-01 -0.16500E-01  0.33000E-01  0.00000E+00  0.00000E+00  0.00000E+00   -0.88265E+02 -0.44525E+03  0.53352E+03  0.53264E+02 -0.17696E+02 -0.92006E+02      298.00
  0.30669E-01  0.88140E+03   -0.16750E-01 -0.16750E-01  0.33500E-01  0.00000E+00  0.00000E+00  0.00000E+00   -0.88625E+02 -0.44690E+03  0.53552E+03  0.54089E+02 -0.17613E+02 -0.92421E+02      298.00
  0.31125E-01  0.88477E+03   -0.17000E-01 -0.17000E-01  0.34000E-01  0.00000E+00  0.00000E+00  0.00000E+00   -0.88979E+02 -0.44852E+03  0.53750E+03  0.54920E+02 -0.17534E+02 -0.92826E+02      298.00
  0.31580E-01  0.88808E+03   -0.17250E-01 -0.17250E-01  0.34500E-01  0.00000E+00  0.00000E+00  0.00000E+00   -0.89330E+02 -0.45012E+03  0.53945E+03  0.55754E+02 -0.17455E+02 -0.93223E+02      298.00
  0.32036E-01  0.89134E+03   -0.17500E-01 -0.17500E-01  0.35000E-01  0.00000E+00  0.00000E+00  0.00000E+00   -0.89678E+02 -0.45168E+03  0.54136E+03  0.56589E+02 -0.17375E+02 -0.93612E+02      298.00
  0.32491E-01  0.89455E+03   -0.17750E-01 -0.17750E-01  0.35500E-01  0.00000E+00  0.00000E+00  0.00000E+00   -0.90024E+02 -0.45321E+03  0.54324E+03  0.57426E+02 -0.17295E+02 -0.93994E+02      298.00
  0.32947E-01  0.89770E+03   -0.18000E-01 -0.18000E-01  0.36000E-01  0.00000E+00  0.00000E+00  0.00000E+00   -0.90368E+02 -0.45472E+03  0.54509E+03  0.58264E+02 -0.17214E+02 -0.94368E+02      298.00
  0.33402E-01  0.90080E+03   -0.18250E-01 -0.18250E-01  0.36500E-01  0.00000E+00  0.00000E+00  0.00000E+00   -0.90710E+02 -0.45619E+03  0.54690E+03  0.59104E+02 -0.17133E+02 -0.94735E+02      298.00
  0.33858E-01  0.90385E+03   -0.18500E-01 -0.18500E-01  0.37000E-01  0.00000E+00  0.00000E+00  0.00000E+00   -0.91049E+02 -0.45764E+03  0.54869E+03  0.59945E+02 -0.17051E+02 -0.95094E+02      298.00
  0.34313E-01  0.90686E+03   -0.18750E-01 -0.18750E-01  0.37500E-01  0.00000E+00  0.00000E+00  0.00000E+00   -0.91386E+02 -0.45906E+03  0.55044E+03  0.60788E+02 -0.16969E+02 -0.95447E+02      298.00
  0.34768E-01  0.90965E+03   -0.19000E-01 -0.19000E-01  0.38000E-01  0.00000E+00  0.00000E+00  0.00000E+00   -0.91788E+02 -0.46030E+03  0.55209E+03  0.61570E+02 -0.16728E+02 -0.95892E+02      298.00
  0.35223E-01  0.91381E+03   -0.19250E-01 -0.19250E-01  0.38500E-01  0.00000E+00  0.00000E+00  0.00000E+00   -0.91896E+02 -0.46251E+03  0.55441E+03  0.62749E+02 -0.16795E+02 -0.96238E+02      298.00
  0.35678E-01  0.91663E+03   -0.19500E-01 -0.19500E-01  0.39000E-01  0.00000E+00  0.00000E+00  0.00000E+00   -0.92220E+02 -0.46384E+03  0.55606E+03  0.63596E+02 -0.16716E+02 -0.96560E+02      298.00
  0.36133E-01  0.91943E+03   -0.19750E-01 -0.19750E-01  0.39500E-01  0.00000E+00  0.00000E+00  0.00000E+00   -0.92545E+02 -0.46514E+03  0.55769E+03  0.64444E+02 -0.16635E+02 -0.96880E+02      298.00
  0.36588E-01  0.92218E+03   -0.20000E-01 -0.20000E-01  0.40000E-01  0.00000E+00  0.00000E+00  0.00000E+00   -0.92871E+02 -0.46642E+03  0.55929E+03  0.65291E+02 -0.16554E+02 -0.97193E+02      298.00
  0.37043E-01  0.92489E+03   -0.20250E-01 -0.20250E-01  0.40500E-01  0.00000E+00  0.00000E+00  0.00000E+00   -0.93196E+02 -0.46767E+03  0.56087E+03  0.66139E+02 -0.16476E+02 -0.97498E+02      298.00
  0.37498E-01  0.92755E+03   -0.20500E-01 -0.20500E-01  0.41000E-01  0.00000E+00  0.00000E+00  0.00000E+00   -0.93520E+02 -0.46890E+03  0.56242E+03  0.66986E+02 -0.16398E+02 -0.97798E+02      298.00
  0.37953E-01  0.93016E+03   -0.20750E-01 -0.20750E-01  0.41500E-01  0.00000E+00  0.00000E+00  0.00000E+00   -0.93843E+02 -0.47009E+03  0.56394E+03  0.67834E+02 -0.16319E+02 -0.98092E+02      298.00
  0.38407E-01  0.93253E+03   -0.21000E-01 -0.21000E-01  0.42000E-01  0.00000E+00  0.00000E+00  0.00000E+00   -0.94241E+02 -0.47111E+03  0.56536E+03  0.68624E+02 -0.16349E+02 -0.98321E+02      298.00
  0.38862E-01  0.93534E+03   -0.21250E-01 -0.21250E-01  0.42500E-01  0.00000E+00  0.00000E+00  0.00000E+00   -0.94477E+02 -0.47246E+03  0.56694E+03  0.69548E+02 -0.16144E+02 -0.98681E+02      298.00
  0.39317E-01  0.93756E+03   -0.21500E-01 -0.21500E-01  0.43000E-01  0.00000E+00  0.00000E+00  0.00000E+00   -0.94873E+02 -0.47340E+03  0.56827E+03  0.70327E+02 -0.16175E+02 -0.98888E+02      298.00
  0.39771E-01  0.94027E+03   -0.21750E-01 -0.21750E-01  0.43500E-01  0.00000E+00  0.00000E+00  0.00000E+00   -0.95113E+02 -0.47469E+03  0.56980E+03  0.71246E+02 -0.15970E+02 -0.99238E+02      298.00
  0.40226E-01  0.94242E+03   -0.22000E-01 -0.22000E-01  0.44000E-01  0.00000E+00  0.00000E+00  0.00000E+00   -0.95500E+02 -0.47559E+03  0.57109E+03  0.72027E+02 -0.15996E+02 -0.99435E+02      298.00
  0.40680E-01  0.94485E+03   -0.22250E-01 -0.22250E-01  0.44500E-01  0.00000E+00  0.00000E+00  0.00000E+00   -0.95811E+02 -0.47668E+03  0.57249E+03  0.72893E+02 -0.15911E+02 -0.99708E+02      298.00
  0.41135E-01  0.94718E+03   -0.22500E-01 -0.22500E-01  0.45000E-01  0.00000E+00  0.00000E+00  0.00000E+00   -0.96121E+02 -0.47771E+03  0.57384E+03  0.73746E+02 -0.15822E+02 -0.99967E+02      298.00
  0.41589E-01  0.94947E+03   -0.22750E-01 -0.22750E-01  0.45500E-01  0.00000E+00  0.00000E+00  0.00000E+00   -0.96429E+02 -0.47873E+03  0.57516E+03  0.74599E+02 -0.15733E+02 -0.10022E+03      298.00
  0.42043E-01  0.95173E+03   -0.23000E-01 -0.23000E-01  0.46000E-01  0.00000E+00  0.00000E+00  0.00000E+00   -0.96735E+02 -0.47972E+03  0.57646E+03  0.75452E+02 -0.15644E+02 -0.10047E+03      298.00
  0.42498E-01  0.95395E+03   -0.23250E-01 -0.23250E-01  0.46500E-01  0.00000E+00  0.00000E+00  0.00000E+00   -0.97039E+02 -0.48070E+03  0.57774E+03  0.76305E+02 -0.15556E+02 -0.10071E+03      298.00
  0.42952E-01  0.95613E+03   -0.23500E-01 -0.23500E-01  0.47000E-01  0.00000E+00  0.00000E+00  0.00000E+00   -0.97342E+02 -0.48165E+03  0.57899E+03  0.77159E+02 -0.15468E+02 -0.10094E+03      298.00
  0.43406E-01  0.95827E+03   -0.23750E-01 -0.23750E-01  0.47500E-01  0.00000E+00  0.00000E+00  0.00000E+00   -0.97642E+02 -0.48258E+03  0.58022E+03  0.78009E+02 -0.15380E+02 -0.10117E+03      298.00
  0.43860E-01  0.96039E+03   -0.24000E-01 -0.24000E-01  0.48000E-01  0.00000E+00  0.00000E+00  0.00000E+00   -0.97942E+02 -0.48349E+03  0.58144E+03  0.78863E+02 -0.15292E+02 -0.10140E+03      298.00
  0.44314E-01  0.96247E+03   -0.24250E-01 -0.24250E-01  0.48500E-01  0.00000E+00  0.00000E+00  0.00000E+00   -0.98239E+02 -0.48439E+03  0.58263E+03  0.79718E+02 -0.15204E+02 -0.10162E+03      298.00
  0.44768E-01  0.96333E+03   -0.24500E-01 -0.24500E-01  0.49000E-01  0.00000E+00  0.00000E+00  0.00000E+00   -0.98614E+02 -0.48459E+03  0.58320E+03  0.80277E+02 -0.15265E+02 -0.10159E+03      298.00
  0.45222E-01  0.96654E+03   -0.24750E-01 -0.24750E-01  0.49500E-01  0.00000E+00  0.00000E+00  0.00000E+00   -0.98830E+02 -0.48612E+03  0.58495E+03  0.81431E+02 -0.15036E+02 -0.10204E+03      298.00
  0.45676E-01  0.96735E+03   -0.25000E-01 -0.25000E-01  0.50000E-01  0.00000E+00  0.00000E+00  0.00000E+00   -0.99200E+02 -0.48630E+03  0.58550E+03  0.81991E+02 -0.15092E+02 -0.10201E+03      298.00
          Evm          Svm            E11          E22          E33          E23          E13          E12         SDEV11       SDEV22       SDEV33       SDEV23       SDEV13       SDEV12      TEMP
  0.45676E-01  0.96808E+03   -0.25000E-01 -0.25000E-01  0.50000E-01  0.00000E+00  0.00000E+00  0.00000E+00   -0.99163E+02 -0.48669E+03  0.58586E+03  0.82152E+02 -0.14808E+02 -0.10226E+03      298.00
  0.46130E-01  0.96936E+03   -0.25250E-01 -0.25250E-01  0.50500E-01  0.00000E+00  0.00000E+00  0.00000E+00   -0.99490E+02 -0.48715E+03  0.58664E+03  0.82857E+02 -0.14981E+02 -0.10223E+03      298.00
  0.46584E-01  0.97123E+03   -0.25500E-01 -0.25500E-01  0.51000E-01  0.00000E+00  0.00000E+00  0.00000E+00   -0.99780E+02 -0.48793E+03  0.58771E+03  0.83703E+02 -0.14924E+02 -0.10240E+03      298.00
  0.47038E-01  0.97313E+03   -0.25750E-01 -0.25750E-01  0.51500E-01  0.00000E+00  0.00000E+00  0.00000E+00   -0.10007E+03 -0.48872E+03  0.58879E+03  0.84560E+02 -0.14842E+02 -0.10259E+03      298.00
  0.47492E-01  0.97500E+03   -0.26000E-01 -0.26000E-01  0.52000E-01  0.00000E+00  0.00000E+00  0.00000E+00   -0.10035E+03 -0.48949E+03  0.58985E+03  0.85417E+02 -0.14756E+02 -0.10277E+03      298.00
  0.47945E-01  0.97684E+03   -0.26250E-01 -0.26250E-01  0.52500E-01  0.00000E+00  0.00000E+00  0.00000E+00   -0.10064E+03 -0.49025E+03  0.59089E+03  0.86274E+02 -0.14670E+02 -0.10296E+03      298.00
  0.48399E-01  0.97865E+03   -0.26500E-01 -0.26500E-01  0.53000E-01  0.00000E+00  0.00000E+00  0.00000E+00   -0.10092E+03 -0.49099E+03  0.59191E+03  0.87131E+02 -0.14584E+02 -0.10313E+03      298.00
  0.48853E-01  0.98043E+03   -0.26750E-01 -0.26750E-01  0.53500E-01  0.00000E+00  0.00000E+00  0.00000E+00   -0.10121E+03 -0.49171E+03  0.59292E+03  0.87988E+02 -0.14497E+02 -0.10331E+03      298.00
  0.49306E-01  0.98218E+03   -0.27000E-01 -0.27000E-01  0.54000E-01  0.00000E+00  0.00000E+00  0.00000E+00   -0.10149E+03 -0.49242E+03  0.59390E+03  0.88844E+02 -0.14411E+02 -0.10348E+03      298.00
  0.49760E-01  0.98390E+03   -0.27250E-01 -0.27250E-01  0.54500E-01  0.00000E+00  0.00000E+00  0.00000E+00   -0.10177E+03 -0.49311E+03  0.59487E+03  0.89700E+02 -0.14324E+02 -0.10364E+03      298.00
  0.50213E-01  0.98559E+03   -0.27500E-01 -0.27500E-01  0.55000E-01  0.00000E+00  0.00000E+00  0.00000E+00   -0.10204E+03 -0.49378E+03  0.59583E+03  0.90556E+02 -0.14237E+02 -0.10380E+03      298.00
  0.50667E-01  0.98726E+03   -0.27750E-01 -0.27750E-01  0.55500E-01  0.00000E+00  0.00000E+00  0.00000E+00   -0.10232E+03 -0.49444E+03  0.59676E+03  0.91412E+02 -0.14150E+02 -0.10396E+03      298.00
  0.51120E-01  0.98890E+03   -0.28000E-01 -0.28000E-01  0.56000E-01  0.00000E+00  0.00000E+00  0.00000E+00   -0.10260E+03 -0.49508E+03  0.59768E+03  0.92267E+02 -0.14064E+02 -0.10411E+03      298.00
  0.51573E-01  0.99051E+03   -0.28250E-01 -0.28250E-01  0.56500E-01  0.00000E+00  0.00000E+00  0.00000E+00   -0.10287E+03 -0.49571E+03  0.59858E+03  0.93122E+02 -0.13976E+02 -0.10426E+03      298.00
  0.52026E-01  0.99210E+03   -0.28500E-01 -0.28500E-01  0.57000E-01  0.00000E+00  0.00000E+00  0.00000E+00   -0.10315E+03 -0.49632E+03  0.59946E+03  0.93977E+02 -0.13889E+02 -0.10441E+03      298.00
  0.52480E-01  0.99366E+03   -0.28750E-01 -0.28750E-01  0.57500E-01  0.00000E+00  0.00000E+00  0.00000E+00   -0.10342E+03 -0.49691E+03  0.60033E+03  0.94831E+02 -0.13802E+02 -0.10455E+03      298.00
  0.52933E-01  0.99520E+03   -0.29000E-01 -0.29000E-01  0.58000E-01  0.00000E+00  0.00000E+00  0.00000E+00   -0.10369E+03 -0.49749E+03  0.60118E+03  0.95684E+02 -0.13715E+02 -0.10469E+03      298.00
  0.53386E-01  0.99671E+03   -0.29250E-01 -0.29250E-01  0.58500E-01  0.00000E+00  0.00000E+00  0.00000E+00   -0.10396E+03 -0.49806E+03  0.60202E+03  0.96538E+02 -0.13628E+02 -0.10482E+03      298.00
  0.53839E-01  0.99819E+03   -0.29500E-01 -0.29500E-01  0.59000E-01  0.00000E+00  0.00000E+00  0.00000E+00   -0.10423E+03 -0.49861E+03  0.60284E+03  0.97391E+02 -0.13541E+02 -0.10495E+03      298.00
  0.54292E-01  0.99966E+03   -0.29750E-01 -0.29750E-01  0.59500E-01  0.00000E+00  0.00000E+00  0.00000E+00   -0.10449E+03 -0.49915E+03  0.60365E+03  0.98243E+02 -0.13454E+02 -0.10507E+03      298.00
  0.54745E-01  0.10011E+04   -0.30000E-01 -0.30000E-01  0.60000E-01  0.00000E+00  0.00000E+00  0.00000E+00   -0.10476E+03 -0.49968E+03  0.60444E+03  0.99095E+02 -0.13366E+02 -0.10520E+03      298.00
  0.55197E-01  0.10025E+04   -0.30250E-01 -0.30250E-01  0.60500E-01  0.00000E+00  0.00000E+00  0.00000E+00   -0.10503E+03 -0.50019E+03  0.60521E+03  0.99946E+02 -0.13279E+02 -0.10532E+03      298.00
  0.55650E-01  0.10039E+04   -0.30500E-01 -0.30500E-01  0.61000E-01  0.00000E+00  0.00000E+00  0.00000E+00   -0.10529E+03 -0.50069E+03  0.60597E+03  0.10080E+03 -0.13192E+02 -0.10543E+03      298.00
  0.56103E-01  0.10053E+04   -0.30750E-01 -0.30750E-01  0.61500E-01  0.00000E+00  0.00000E+00  0.00000E+00   -0.10555E+03 -0.50117E+03  0.60672E+03  0.10165E+03 -0.13105E+02 -0.10554E+03      298.00
  0.56556E-01  0.10066E+04   -0.31000E-01 -0.31000E-01  0.62000E-01  0.00000E+00  0.00000E+00  0.00000E+00   -0.10581E+03 -0.50164E+03  0.60746E+03  0.10250E+03 -0.13018E+02 -0.10565E+03      298.00
  0.57008E-01  0.10079E+04   -0.31250E-01 -0.31250E-01  0.62500E-01  0.00000E+00  0.00000E+00  0.00000E+00   -0.10607E+03 -0.50210E+03  0.60818E+03  0.10335E+03 -0.12932E+02 -0.10575E+03      298.00
  0.57461E-01  0.10092E+04   -0.31500E-01 -0.31500E-01  0.63000E-01  0.00000E+00  0.00000E+00  0.00000E+00   -0.10633E+03 -0.50255E+03  0.60888E+03  0.10420E+03 -0.12845E+02 -0.10585E+03      298.00
  0.57913E-01  0.10105E+04   -0.31750E-01 -0.31750E-01  0.63500E-01  0.00000E+00  0.00000E+00  0.00000E+00   -0.10659E+03 -0.50298E+03  0.60957E+03  0.10504E+03 -0.12759E+02 -0.10595E+03      298.00
  0.58366E-01  0.10118E+04   -0.32000E-01 -0.32000E-01  0.64000E-01  0.00000E+00  0.00000E+00  0.00000E+00   -0.10685E+03 -0.50341E+03  0.61025E+03  0.10589E+03 -0.12673E+02 -0.10605E+03      298.00
  0.58818E-01  0.10130E+04   -0.32250E-01 -0.32250E-01  0.64500E-01  0.00000E+00  0.00000E+00  0.00000E+00   -0.10710E+03 -0.50382E+03  0.61092E+03  0.10674E+03 -0.12587E+02 -0.10614E+03      298.00
  0.59270E-01  0.10153E+04   -0.32500E-01 -0.32500E-01  0.65000E-01  0.00000E+00  0.00000E+00  0.00000E+00   -0.10707E+03 -0.50496E+03  0.61203E+03  0.10799E+03 -0.12623E+02 -0.10620E+03      298.00
  0.59722E-01  0.10154E+04   -0.32750E-01 -0.32750E-01  0.65500E-01  0.00000E+00  0.00000E+00  0.00000E+00   -0.10750E+03 -0.50468E+03  0.61218E+03  0.10845E+03 -0.12601E+02 -0.10615E+03      298.00
  0.60175E-01  0.10165E+04   -0.33000E-01 -0.33000E-01  0.66000E-01  0.00000E+00  0.00000E+00  0.00000E+00   -0.10777E+03 -0.50501E+03  0.61278E+03  0.10927E+03 -0.12510E+02 -0.10623E+03      298.00
  0.60627E-01  0.10187E+04   -0.33250E-01 -0.33250E-01  0.66500E-01  0.00000E+00  0.00000E+00  0.00000E+00   -0.10783E+03 -0.50604E+03  0.61386E+03  0.11050E+03 -0.12432E+02 -0.10639E+03      298.00
  0.61079E-01  0.10189E+04   -0.33500E-01 -0.33500E-01  0.67000E-01  0.00000E+00  0.00000E+00  0.00000E+00   -0.10825E+03 -0.50577E+03  0.61403E+03  0.11098E+03 -0.12364E+02 -0.10637E+03      298.00
  0.61531E-01  0.10210E+04   -0.33750E-01 -0.33750E-01  0.67500E-01  0.00000E+00  0.00000E+00  0.00000E+00   -0.10832E+03 -0.50673E+03  0.61505E+03  0.11219E+03 -0.12283E+02 -0.10652E+03      298.00
  0.61982E-01  0.10212E+04   -0.34000E-01 -0.34000E-01  0.68000E-01  0.00000E+00  0.00000E+00  0.00000E+00   -0.10875E+03 -0.50646E+03  0.61520E+03  0.11267E+03 -0.12209E+02 -0.10651E+03      298.00
  0.62434E-01  0.10232E+04   -0.34250E-01 -0.34250E-01  0.68500E-01  0.00000E+00  0.00000E+00  0.00000E+00   -0.10882E+03 -0.50737E+03  0.61619E+03  0.11387E+03 -0.12132E+02 -0.10664E+03      298.00
  0.62886E-01  0.10233E+04   -0.34500E-01 -0.34500E-01  0.69000E-01  0.00000E+00  0.00000E+00  0.00000E+00   -0.10924E+03 -0.50710E+03  0.61633E+03  0.11436E+03 -0.12056E+02 -0.10663E+03      298.00
  0.63338E-01  0.10253E+04   -0.34750E-01 -0.34750E-01  0.69500E-01  0.00000E+00  0.00000E+00  0.00000E+00   -0.10930E+03 -0.50798E+03  0.61728E+03  0.11556E+03 -0.11983E+02 -0.10675E+03      298.00
  0.63789E-01  0.10254E+04   -0.35000E-01 -0.35000E-01  0.70000E-01  0.00000E+00  0.00000E+00  0.00000E+00   -0.10972E+03 -0.50770E+03  0.61742E+03  0.11604E+03 -0.11905E+02 -0.10673E+03      298.00
  0.64241E-01  0.10273E+04   -0.35250E-01 -0.35250E-01  0.70500E-01  0.00000E+00  0.00000E+00  0.00000E+00   -0.10979E+03 -0.50854E+03  0.61833E+03  0.11723E+03 -0.11837E+02 -0.10685E+03      298.00
  0.64692E-01  0.10275E+04   -0.35500E-01 -0.35500E-01  0.71000E-01  0.00000E+00  0.00000E+00  0.00000E+00   -0.11020E+03 -0.50826E+03  0.61846E+03  0.11772E+03 -0.11756E+02 -0.10683E+03      298.00
  0.65144E-01  0.10293E+04   -0.35750E-01 -0.35750E-01  0.71500E-01  0.00000E+00  0.00000E+00  0.00000E+00   -0.11026E+03 -0.50907E+03  0.61934E+03  0.11891E+03 -0.11694E+02 -0.10693E+03      298.00
  0.65595E-01  0.10294E+04   -0.36000E-01 -0.36000E-01  0.72000E-01  0.00000E+00  0.00000E+00  0.00000E+00   -0.11067E+03 -0.50878E+03  0.61946E+03  0.11940E+03 -0.11610E+02 -0.10691E+03      298.00
  0.66046E-01  0.10303E+04   -0.36250E-01 -0.36250E-01  0.72500E-01  0.00000E+00  0.00000E+00  0.00000E+00   -0.11093E+03 -0.50899E+03  0.61992E+03  0.12022E+03 -0.11514E+02 -0.10696E+03      298.00
  0.66497E-01  0.10321E+04   -0.36500E-01 -0.36500E-01  0.73000E-01  0.00000E+00  0.00000E+00  0.00000E+00   -0.11098E+03 -0.50979E+03  0.62077E+03  0.12142E+03 -0.11465E+02 -0.10705E+03      298.00
  0.66948E-01  0.10323E+04   -0.36750E-01 -0.36750E-01  0.73500E-01  0.00000E+00  0.00000E+00  0.00000E+00   -0.11138E+03 -0.50949E+03  0.62088E+03  0.12191E+03 -0.11382E+02 -0.10702E+03      298.00
  0.67400E-01  0.10340E+04   -0.37000E-01 -0.37000E-01  0.74000E-01  0.00000E+00  0.00000E+00  0.00000E+00   -0.11145E+03 -0.51023E+03  0.62167E+03  0.12309E+03 -0.11331E+02 -0.10710E+03      298.00
  0.67850E-01  0.10341E+04   -0.37250E-01 -0.37250E-01  0.74500E-01  0.00000E+00  0.00000E+00  0.00000E+00   -0.11185E+03 -0.50993E+03  0.62178E+03  0.12359E+03 -0.11242E+02 -0.10708E+03      298.00
  0.68301E-01  0.10349E+04   -0.37500E-01 -0.37500E-01  0.75000E-01  0.00000E+00  0.00000E+00  0.00000E+00   -0.11210E+03 -0.51010E+03  0.62219E+03  0.12440E+03 -0.11148E+02 -0.10711E+03      298.00
          Evm          Svm            E11          E22          E33          E23          E13          E12         SDEV11       SDEV22       SDEV33       SDEV23       SDEV13       SDEV12      TEMP
  0.68301E-01  0.10354E+04   -0.37500E-01 -0.37500E-01  0.75000E-01  0.00000E+00  0.00000E+00  0.00000E+00   -0.11213E+03 -0.51027E+03  0.62240E+03  0.12454E+03 -0.10820E+02 -0.10738E+03      298.00
  0.68752E-01  0.10366E+04   -0.37750E-01 -0.37750E-01  0.75500E-01  0.00000E+00  0.00000E+00  0.00000E+00   -0.11216E+03 -0.51082E+03  0.62297E+03  0.12558E+03 -0.11056E+02 -0.10721E+03      298.00
  0.69203E-01  0.10367E+04   -0.38000E-01 -0.38000E-01  0.76000E-01  0.00000E+00  0.00000E+00  0.00000E+00   -0.11254E+03 -0.51052E+03  0.62306E+03  0.12609E+03 -0.11020E+02 -0.10715E+03      298.00
  0.69654E-01  0.10375E+04   -0.38250E-01 -0.38250E-01  0.76500E-01  0.00000E+00  0.00000E+00  0.00000E+00   -0.11278E+03 -0.51066E+03  0.62344E+03  0.12689E+03 -0.10938E+02 -0.10717E+03      298.00
  0.70104E-01  0.10391E+04   -0.38500E-01 -0.38500E-01  0.77000E-01  0.00000E+00  0.00000E+00  0.00000E+00   -0.11283E+03 -0.51134E+03  0.62417E+03  0.12807E+03 -0.10912E+02 -0.10721E+03      298.00
  0.70555E-01  0.10392E+04   -0.38750E-01 -0.38750E-01  0.77500E-01  0.00000E+00  0.00000E+00  0.00000E+00   -0.11322E+03 -0.51103E+03  0.62425E+03  0.12858E+03 -0.10818E+02 -0.10719E+03      298.00
  0.71006E-01  0.10399E+04   -0.39000E-01 -0.39000E-01  0.78000E-01  0.00000E+00  0.00000E+00  0.00000E+00   -0.11347E+03 -0.51115E+03  0.62461E+03  0.12938E+03 -0.10728E+02 -0.10721E+03      298.00
  0.71456E-01  0.10407E+04   -0.39250E-01 -0.39250E-01  0.78500E-01  0.00000E+00  0.00000E+00  0.00000E+00   -0.11369E+03 -0.51129E+03  0.62499E+03  0.13021E+03 -0.10648E+02 -0.10722E+03      298.00
  0.71906E-01  0.10422E+04   -0.39500E-01 -0.39500E-01  0.79000E-01  0.00000E+00  0.00000E+00  0.00000E+00   -0.11374E+03 -0.51192E+03  0.62565E+03  0.13138E+03 -0.10631E+02 -0.10724E+03      298.00
  0.72357E-01  0.10423E+04   -0.39750E-01 -0.39750E-01  0.79500E-01  0.00000E+00  0.00000E+00  0.00000E+00   -0.11413E+03 -0.51160E+03  0.62572E+03  0.13189E+03 -0.10534E+02 -0.10722E+03      298.00
  0.72807E-01  0.10430E+04   -0.40000E-01 -0.40000E-01  0.80000E-01  0.00000E+00  0.00000E+00  0.00000E+00   -0.11436E+03 -0.51169E+03  0.62606E+03  0.13269E+03 -0.10445E+02 -0.10723E+03      298.00
  0.73257E-01  0.10438E+04   -0.40250E-01 -0.40250E-01  0.80500E-01  0.00000E+00  0.00000E+00  0.00000E+00   -0.11459E+03 -0.51181E+03  0.62640E+03  0.13351E+03 -0.10368E+02 -0.10724E+03      298.00
  0.73707E-01  0.10452E+04   -0.40500E-01 -0.40500E-01  0.81000E-01  0.00000E+00  0.00000E+00  0.00000E+00   -0.11463E+03 -0.51238E+03  0.62701E+03  0.13467E+03 -0.10359E+02 -0.10724E+03      298.00
  0.74157E-01  0.10453E+04   -0.40750E-01 -0.40750E-01  0.81500E-01  0.00000E+00  0.00000E+00  0.00000E+00   -0.11501E+03 -0.51205E+03  0.62707E+03  0.13518E+03 -0.10258E+02 -0.10721E+03      298.00
  0.74607E-01  0.10459E+04   -0.41000E-01 -0.41000E-01  0.82000E-01  0.00000E+00  0.00000E+00  0.00000E+00   -0.11525E+03 -0.51212E+03  0.62737E+03  0.13598E+03 -0.10171E+02 -0.10721E+03      298.00
  0.75057E-01  0.10466E+04   -0.41250E-01 -0.41250E-01  0.82500E-01  0.00000E+00  0.00000E+00  0.00000E+00   -0.11547E+03 -0.51221E+03  0.62768E+03  0.13680E+03 -0.10095E+02 -0.10721E+03      298.00
  0.75507E-01  0.10473E+04   -0.41500E-01 -0.41500E-01  0.83000E-01  0.00000E+00  0.00000E+00  0.00000E+00   -0.11569E+03 -0.51229E+03  0.62798E+03  0.13762E+03 -0.10023E+02 -0.10720E+03      298.00
  0.75956E-01  0.10480E+04   -0.41750E-01 -0.41750E-01  0.83500E-01  0.00000E+00  0.00000E+00  0.00000E+00   -0.11591E+03 -0.51236E+03  0.62827E+03  0.13844E+03 -0.99509E+01 -0.10719E+03      298.00
  0.76406E-01  0.10493E+04   -0.42000E-01 -0.42000E-01  0.84000E-01  0.00000E+00  0.00000E+00  0.00000E+00   -0.11595E+03 -0.51286E+03  0.62881E+03  0.13958E+03 -0.99549E+01 -0.10717E+03      298.00
  0.76855E-01  0.10493E+04   -0.42250E-01 -0.42250E-01  0.84500E-01  0.00000E+00  0.00000E+00  0.00000E+00   -0.11632E+03 -0.51253E+03  0.62885E+03  0.14010E+03 -0.98479E+01 -0.10714E+03      298.00
  0.77305E-01  0.10499E+04   -0.42500E-01 -0.42500E-01  0.85000E-01  0.00000E+00  0.00000E+00  0.00000E+00   -0.11655E+03 -0.51256E+03  0.62911E+03  0.14089E+03 -0.97637E+01 -0.10713E+03      298.00
  0.77754E-01  0.10506E+04   -0.42750E-01 -0.42750E-01  0.85500E-01  0.00000E+00  0.00000E+00  0.00000E+00   -0.11677E+03 -0.51261E+03  0.62937E+03  0.14171E+03 -0.96912E+01 -0.10712E+03      298.00
  0.78204E-01  0.10512E+04   -0.43000E-01 -0.43000E-01  0.86000E-01  0.00000E+00  0.00000E+00  0.00000E+00   -0.11698E+03 -0.51265E+03  0.62963E+03  0.14252E+03 -0.96217E+01 -0.10710E+03      298.00
  0.78653E-01  0.10518E+04   -0.43250E-01 -0.43250E-01  0.86500E-01  0.00000E+00  0.00000E+00  0.00000E+00   -0.11719E+03 -0.51269E+03  0.62988E+03  0.14334E+03 -0.95529E+01 -0.10707E+03      298.00
  0.79102E-01  0.10524E+04   -0.43500E-01 -0.43500E-01  0.87000E-01  0.00000E+00  0.00000E+00  0.00000E+00   -0.11741E+03 -0.51272E+03  0.63013E+03  0.14415E+03 -0.94845E+01 -0.10705E+03      298.00
  0.79551E-01  0.10530E+04   -0.43750E-01 -0.43750E-01  0.87500E-01  0.00000E+00  0.00000E+00  0.00000E+00   -0.11762E+03 -0.51275E+03  0.63037E+03  0.14496E+03 -0.94166E+01 -0.10702E+03      298.00
  0.80000E-01  0.10536E+04   -0.44000E-01 -0.44000E-01  0.88000E-01  0.00000E+00  0.00000E+00  0.00000E+00   -0.11783E+03 -0.51277E+03  0.63060E+03  0.14577E+03 -0.93491E+01 -0.10700E+03      298.00
  0.80449E-01  0.10542E+04   -0.44250E-01 -0.44250E-01  0.88500E-01  0.00000E+00  0.00000E+00  0.00000E+00   -0.11804E+03 -0.51278E+03  0.63082E+03  0.14658E+03 -0.92820E+01 -0.10697E+03      298.00
  0.80898E-01  0.10547E+04   -0.44500E-01 -0.44500E-01  0.89000E-01  0.00000E+00  0.00000E+00  0.00000E+00   -0.11825E+03 -0.51279E+03  0.63104E+03  0.14738E+03 -0.92153E+01 -0.10693E+03      298.00
  0.81346E-01  0.10553E+04   -0.44750E-01 -0.44750E-01  0.89500E-01  0.00000E+00  0.00000E+00  0.00000E+00   -0.11846E+03 -0.51280E+03  0.63126E+03  0.14819E+03 -0.91492E+01 -0.10690E+03      298.00
  0.81795E-01  0.10558E+04   -0.45000E-01 -0.45000E-01  0.90000E-01  0.00000E+00  0.00000E+00  0.00000E+00   -0.11867E+03 -0.51279E+03  0.63146E+03  0.14900E+03 -0.90835E+01 -0.10686E+03      298.00
  0.82244E-01  0.10564E+04   -0.45250E-01 -0.45250E-01  0.90500E-01  0.00000E+00  0.00000E+00  0.00000E+00   -0.11888E+03 -0.51279E+03  0.63166E+03  0.14980E+03 -0.90183E+01 -0.10683E+03      298.00
  0.82692E-01  0.10569E+04   -0.45500E-01 -0.45500E-01  0.91000E-01  0.00000E+00  0.00000E+00  0.00000E+00   -0.11908E+03 -0.51278E+03  0.63186E+03  0.15061E+03 -0.89538E+01 -0.10679E+03      298.00
  0.83140E-01  0.10574E+04   -0.45750E-01 -0.45750E-01  0.91500E-01  0.00000E+00  0.00000E+00  0.00000E+00   -0.11929E+03 -0.51276E+03  0.63205E+03  0.15141E+03 -0.88899E+01 -0.10674E+03      298.00
  0.83589E-01  0.10579E+04   -0.46000E-01 -0.46000E-01  0.92000E-01  0.00000E+00  0.00000E+00  0.00000E+00   -0.11949E+03 -0.51274E+03  0.63223E+03  0.15221E+03 -0.88267E+01 -0.10670E+03      298.00
  0.84037E-01  0.10584E+04   -0.46250E-01 -0.46250E-01  0.92500E-01  0.00000E+00  0.00000E+00  0.00000E+00   -0.11970E+03 -0.51271E+03  0.63241E+03  0.15302E+03 -0.87644E+01 -0.10666E+03      298.00
  0.84485E-01  0.10589E+04   -0.46500E-01 -0.46500E-01  0.93000E-01  0.00000E+00  0.00000E+00  0.00000E+00   -0.11990E+03 -0.51268E+03  0.63258E+03  0.15382E+03 -0.87031E+01 -0.10661E+03      298.00
  0.84933E-01  0.10594E+04   -0.46750E-01 -0.46750E-01  0.93500E-01  0.00000E+00  0.00000E+00  0.00000E+00   -0.12010E+03 -0.51264E+03  0.63275E+03  0.15462E+03 -0.86430E+01 -0.10656E+03      298.00
  0.85381E-01  0.10599E+04   -0.47000E-01 -0.47000E-01  0.94000E-01  0.00000E+00  0.00000E+00  0.00000E+00   -0.12030E+03 -0.51260E+03  0.63291E+03  0.15542E+03 -0.85844E+01 -0.10651E+03      298.00
  0.85829E-01  0.10604E+04   -0.47250E-01 -0.47250E-01  0.94500E-01  0.00000E+00  0.00000E+00  0.00000E+00   -0.12050E+03 -0.51256E+03  0.63306E+03  0.15622E+03 -0.85279E+01 -0.10645E+03      298.00
  0.86277E-01  0.10609E+04   -0.47500E-01 -0.47500E-01  0.95000E-01  0.00000E+00  0.00000E+00  0.00000E+00   -0.12070E+03 -0.51251E+03  0.63321E+03  0.15701E+03 -0.84738E+01 -0.10639E+03      298.00
  0.86724E-01  0.10613E+04   -0.47750E-01 -0.47750E-01  0.95500E-01  0.00000E+00  0.00000E+00  0.00000E+00   -0.12090E+03 -0.51246E+03  0.63336E+03  0.15781E+03 -0.84228E+01 -0.10633E+03      298.00
  0.87172E-01  0.10618E+04   -0.48000E-01 -0.48000E-01  0.96000E-01  0.00000E+00  0.00000E+00  0.00000E+00   -0.12109E+03 -0.51241E+03  0.63350E+03  0.15861E+03 -0.83756E+01 -0.10627E+03      298.00
  0.87619E-01  0.10622E+04   -0.48250E-01 -0.48250E-01  0.96500E-01  0.00000E+00  0.00000E+00  0.00000E+00   -0.12128E+03 -0.51235E+03  0.63363E+03  0.15941E+03 -0.83324E+01 -0.10620E+03      298.00
  0.88067E-01  0.10627E+04   -0.48500E-01 -0.48500E-01  0.97000E-01  0.00000E+00  0.00000E+00  0.00000E+00   -0.12147E+03 -0.51229E+03  0.63376E+03  0.16021E+03 -0.82920E+01 -0.10612E+03      298.00
  0.88514E-01  0.10630E+04   -0.48750E-01 -0.48750E-01  0.97500E-01  0.00000E+00  0.00000E+00  0.00000E+00   -0.12175E+03 -0.51209E+03  0.63384E+03  0.16092E+03 -0.81039E+01 -0.10614E+03      298.00
  0.88961E-01  0.10635E+04   -0.49000E-01 -0.49000E-01  0.98000E-01  0.00000E+00  0.00000E+00  0.00000E+00   -0.12188E+03 -0.51212E+03  0.63400E+03  0.16177E+03 -0.81615E+01 -0.10600E+03      298.00
  0.89408E-01  0.10638E+04   -0.49250E-01 -0.49250E-01  0.98500E-01  0.00000E+00  0.00000E+00  0.00000E+00   -0.12214E+03 -0.51194E+03  0.63408E+03  0.16250E+03 -0.79796E+01 -0.10602E+03      298.00
  0.89855E-01  0.10643E+04   -0.49500E-01 -0.49500E-01  0.99000E-01  0.00000E+00  0.00000E+00  0.00000E+00   -0.12227E+03 -0.51195E+03  0.63422E+03  0.16335E+03 -0.80435E+01 -0.10587E+03      298.00
  0.90302E-01  0.10646E+04   -0.49750E-01 -0.49750E-01  0.99500E-01  0.00000E+00  0.00000E+00  0.00000E+00   -0.12254E+03 -0.51176E+03  0.63430E+03  0.16407E+03 -0.78556E+01 -0.10589E+03      298.00
  0.90749E-01  0.10650E+04   -0.50000E-01 -0.50000E-01  0.10000E+00  0.00000E+00  0.00000E+00  0.00000E+00   -0.12275E+03 -0.51163E+03  0.63438E+03  0.16483E+03 -0.77840E+01 -0.10583E+03      298.00
          Evm          Svm            E11          E22          E33          E23          E13          E12         SDEV11       SDEV22       SDEV33       SDEV23       SDEV13       SDEV12      TEMP
  0.90749E-01  0.10654E+04   -0.50000E-01 -0.50000E-01  0.10000E+00  0.00000E+00  0.00000E+00  0.00000E+00   -0.12275E+03 -0.51177E+03  0.63452E+03  0.16500E+03 -0.74395E+01 -0.10608E+03      298.00
  0.91196E-01  0.10655E+04   -0.50250E-01 -0.50250E-01  0.10050E+00  0.00000E+00  0.00000E+00  0.00000E+00   -0.12288E+03 -0.51165E+03  0.63453E+03  0.16570E+03 -0.78119E+01 -0.10571E+03      298.00
  0.91642E-01  0.10659E+04   -0.50500E-01 -0.50500E-01  0.10100E+00  0.00000E+00  0.00000E+00  0.00000E+00   -0.12306E+03 -0.51156E+03  0.63463E+03  0.16650E+03 -0.77731E+01 -0.10564E+03      298.00
  0.92089E-01  0.10663E+04   -0.50750E-01 -0.50750E-01  0.10150E+00  0.00000E+00  0.00000E+00  0.00000E+00   -0.12328E+03 -0.51143E+03  0.63471E+03  0.16727E+03 -0.76666E+01 -0.10560E+03      298.00
  0.92535E-01  0.10667E+04   -0.51000E-01 -0.51000E-01  0.10200E+00  0.00000E+00  0.00000E+00  0.00000E+00   -0.12349E+03 -0.51131E+03  0.63480E+03  0.16804E+03 -0.75697E+01 -0.10556E+03      298.00
  0.92982E-01  0.10670E+04   -0.51250E-01 -0.51250E-01  0.10250E+00  0.00000E+00  0.00000E+00  0.00000E+00   -0.12368E+03 -0.51119E+03  0.63488E+03  0.16882E+03 -0.74924E+01 -0.10550E+03      298.00
  0.93428E-01  0.10674E+04   -0.51500E-01 -0.51500E-01  0.10300E+00  0.00000E+00  0.00000E+00  0.00000E+00   -0.12387E+03 -0.51108E+03  0.63495E+03  0.16960E+03 -0.74274E+01 -0.10543E+03      298.00
  0.93874E-01  0.10678E+04   -0.51750E-01 -0.51750E-01  0.10350E+00  0.00000E+00  0.00000E+00  0.00000E+00   -0.12406E+03 -0.51096E+03  0.63502E+03  0.17038E+03 -0.73691E+01 -0.10535E+03      298.00
  0.94320E-01  0.10681E+04   -0.52000E-01 -0.52000E-01  0.10400E+00  0.00000E+00  0.00000E+00  0.00000E+00   -0.12425E+03 -0.51084E+03  0.63509E+03  0.17116E+03 -0.73143E+01 -0.10527E+03      298.00
  0.94766E-01  0.10685E+04   -0.52250E-01 -0.52250E-01  0.10450E+00  0.00000E+00  0.00000E+00  0.00000E+00   -0.12444E+03 -0.51071E+03  0.63515E+03  0.17194E+03 -0.72607E+01 -0.10519E+03      298.00
  0.95212E-01  0.10688E+04   -0.52500E-01 -0.52500E-01  0.10500E+00  0.00000E+00  0.00000E+00  0.00000E+00   -0.12462E+03 -0.51058E+03  0.63520E+03  0.17272E+03 -0.72066E+01 -0.10511E+03      298.00
  0.95658E-01  0.10691E+04   -0.52750E-01 -0.52750E-01  0.10550E+00  0.00000E+00  0.00000E+00  0.00000E+00   -0.12481E+03 -0.51045E+03  0.63526E+03  0.17349E+03 -0.71506E+01 -0.10503E+03      298.00
  0.96103E-01  0.10695E+04   -0.53000E-01 -0.53000E-01  0.10600E+00  0.00000E+00  0.00000E+00  0.00000E+00   -0.12500E+03 -0.51031E+03  0.63531E+03  0.17427E+03 -0.70921E+01 -0.10494E+03      298.00
  0.96549E-01  0.10698E+04   -0.53250E-01 -0.53250E-01  0.10650E+00  0.00000E+00  0.00000E+00  0.00000E+00   -0.12519E+03 -0.51016E+03  0.63535E+03  0.17504E+03 -0.70312E+01 -0.10487E+03      298.00
  0.96994E-01  0.10701E+04   -0.53500E-01 -0.53500E-01  0.10700E+00  0.00000E+00  0.00000E+00  0.00000E+00   -0.12538E+03 -0.51002E+03  0.63540E+03  0.17581E+03 -0.69684E+01 -0.10479E+03      298.00
  0.97440E-01  0.10704E+04   -0.53750E-01 -0.53750E-01  0.10750E+00  0.00000E+00  0.00000E+00  0.00000E+00   -0.12557E+03 -0.50986E+03  0.63543E+03  0.17658E+03 -0.69040E+01 -0.10471E+03      298.00
  0.97885E-01  0.10707E+04   -0.54000E-01 -0.54000E-01  0.10800E+00  0.00000E+00  0.00000E+00  0.00000E+00   -0.12576E+03 -0.50971E+03  0.63547E+03  0.17735E+03 -0.68386E+01 -0.10463E+03      298.00
  0.98330E-01  0.10710E+04   -0.54250E-01 -0.54250E-01  0.10850E+00  0.00000E+00  0.00000E+00  0.00000E+00   -0.12595E+03 -0.50955E+03  0.63550E+03  0.17811E+03 -0.67726E+01 -0.10455E+03      298.00
  0.98775E-01  0.10713E+04   -0.54500E-01 -0.54500E-01  0.10900E+00  0.00000E+00  0.00000E+00  0.00000E+00   -0.12614E+03 -0.50939E+03  0.63553E+03  0.17888E+03 -0.67062E+01 -0.10447E+03      298.00
  0.99220E-01  0.10716E+04   -0.54750E-01 -0.54750E-01  0.10950E+00  0.00000E+00  0.00000E+00  0.00000E+00   -0.12632E+03 -0.50922E+03  0.63555E+03  0.17964E+03 -0.66395E+01 -0.10438E+03      298.00
  0.99665E-01  0.10719E+04   -0.55000E-01 -0.55000E-01  0.11000E+00  0.00000E+00  0.00000E+00  0.00000E+00   -0.12651E+03 -0.50906E+03  0.63557E+03  0.18041E+03 -0.65726E+01 -0.10430E+03      298.00
  0.10011E+00  0.10722E+04   -0.55250E-01 -0.55250E-01  0.11050E+00  0.00000E+00  0.00000E+00  0.00000E+00   -0.12670E+03 -0.50889E+03  0.63558E+03  0.18117E+03 -0.65055E+01 -0.10422E+03      298.00
  0.10055E+00  0.10725E+04   -0.55500E-01 -0.55500E-01  0.11100E+00  0.00000E+00  0.00000E+00  0.00000E+00   -0.12689E+03 -0.50871E+03  0.63560E+03  0.18193E+03 -0.64384E+01 -0.10413E+03      298.00
  0.10100E+00  0.10728E+04   -0.55750E-01 -0.55750E-01  0.11150E+00  0.00000E+00  0.00000E+00  0.00000E+00   -0.12707E+03 -0.50854E+03  0.63561E+03  0.18269E+03 -0.63711E+01 -0.10405E+03      298.00
  0.10144E+00  0.10731E+04   -0.56000E-01 -0.56000E-01  0.11200E+00  0.00000E+00  0.00000E+00  0.00000E+00   -0.12726E+03 -0.50836E+03  0.63561E+03  0.18345E+03 -0.63036E+01 -0.10396E+03      298.00
  0.10189E+00  0.10733E+04   -0.56250E-01 -0.56250E-01  0.11250E+00  0.00000E+00  0.00000E+00  0.00000E+00   -0.12744E+03 -0.50817E+03  0.63562E+03  0.18421E+03 -0.62360E+01 -0.10388E+03      298.00
  0.10233E+00  0.10736E+04   -0.56500E-01 -0.56500E-01  0.11300E+00  0.00000E+00  0.00000E+00  0.00000E+00   -0.12763E+03 -0.50799E+03  0.63562E+03  0.18497E+03 -0.61683E+01 -0.10379E+03      298.00
  0.10278E+00  0.10738E+04   -0.56750E-01 -0.56750E-01  0.11350E+00  0.00000E+00  0.00000E+00  0.00000E+00   -0.12781E+03 -0.50780E+03  0.63561E+03  0.18572E+03 -0.61005E+01 -0.10370E+03      298.00
  0.10322E+00  0.10741E+04   -0.57000E-01 -0.57000E-01  0.11400E+00  0.00000E+00  0.00000E+00  0.00000E+00   -0.12800E+03 -0.50761E+03  0.63560E+03  0.18648E+03 -0.60324E+01 -0.10361E+03      298.00
  0.10366E+00  0.10744E+04   -0.57250E-01 -0.57250E-01  0.11450E+00  0.00000E+00  0.00000E+00  0.00000E+00   -0.12818E+03 -0.50741E+03  0.63559E+03  0.18723E+03 -0.59643E+01 -0.10352E+03      298.00
  0.10411E+00  0.10746E+04   -0.57500E-01 -0.57500E-01  0.11500E+00  0.00000E+00  0.00000E+00  0.00000E+00   -0.12836E+03 -0.50722E+03  0.63558E+03  0.18798E+03 -0.58959E+01 -0.10343E+03      298.00
  0.10455E+00  0.10748E+04   -0.57750E-01 -0.57750E-01  0.11550E+00  0.00000E+00  0.00000E+00  0.00000E+00   -0.12855E+03 -0.50702E+03  0.63556E+03  0.18873E+03 -0.58274E+01 -0.10334E+03      298.00
  0.10499E+00  0.10751E+04   -0.58000E-01 -0.58000E-01  0.11600E+00  0.00000E+00  0.00000E+00  0.00000E+00   -0.12873E+03 -0.50681E+03  0.63555E+03  0.18948E+03 -0.57588E+01 -0.10325E+03      298.00
  0.10544E+00  0.10753E+04   -0.58250E-01 -0.58250E-01  0.11650E+00  0.00000E+00  0.00000E+00  0.00000E+00   -0.12891E+03 -0.50661E+03  0.63552E+03  0.19023E+03 -0.56899E+01 -0.10315E+03      298.00
  0.10588E+00  0.10756E+04   -0.58500E-01 -0.58500E-01  0.11700E+00  0.00000E+00  0.00000E+00  0.00000E+00   -0.12909E+03 -0.50640E+03  0.63550E+03  0.19098E+03 -0.56210E+01 -0.10306E+03      298.00
  0.10632E+00  0.10758E+04   -0.58750E-01 -0.58750E-01  0.11750E+00  0.00000E+00  0.00000E+00  0.00000E+00   -0.12928E+03 -0.50619E+03  0.63547E+03  0.19173E+03 -0.55519E+01 -0.10297E+03      298.00
  0.10677E+00  0.10760E+04   -0.59000E-01 -0.59000E-01  0.11800E+00  0.00000E+00  0.00000E+00  0.00000E+00   -0.12946E+03 -0.50598E+03  0.63544E+03  0.19247E+03 -0.54826E+01 -0.10287E+03      298.00
  0.10721E+00  0.10762E+04   -0.59250E-01 -0.59250E-01  0.11850E+00  0.00000E+00  0.00000E+00  0.00000E+00   -0.12964E+03 -0.50576E+03  0.63540E+03  0.19322E+03 -0.54132E+01 -0.10278E+03      298.00
  0.10765E+00  0.10765E+04   -0.59500E-01 -0.59500E-01  0.11900E+00  0.00000E+00  0.00000E+00  0.00000E+00   -0.12982E+03 -0.50555E+03  0.63537E+03  0.19396E+03 -0.53437E+01 -0.10268E+03      298.00
  0.10809E+00  0.10770E+04   -0.59750E-01 -0.59750E-01  0.11950E+00  0.00000E+00  0.00000E+00  0.00000E+00   -0.12986E+03 -0.50556E+03  0.63541E+03  0.19495E+03 -0.54029E+01 -0.10251E+03      298.00
  0.10854E+00  0.10769E+04   -0.60000E-01 -0.60000E-01  0.12000E+00  0.00000E+00  0.00000E+00  0.00000E+00   -0.13017E+03 -0.50512E+03  0.63529E+03  0.19546E+03 -0.52248E+01 -0.10247E+03      298.00
  0.10898E+00  0.10774E+04   -0.60250E-01 -0.60250E-01  0.12050E+00  0.00000E+00  0.00000E+00  0.00000E+00   -0.13022E+03 -0.50511E+03  0.63532E+03  0.19643E+03 -0.52615E+01 -0.10231E+03      298.00
  0.10942E+00  0.10773E+04   -0.60500E-01 -0.60500E-01  0.12100E+00  0.00000E+00  0.00000E+00  0.00000E+00   -0.13053E+03 -0.50467E+03  0.63519E+03  0.19694E+03 -0.50832E+01 -0.10228E+03      298.00
  0.10986E+00  0.10778E+04   -0.60750E-01 -0.60750E-01  0.12150E+00  0.00000E+00  0.00000E+00  0.00000E+00   -0.13058E+03 -0.50464E+03  0.63522E+03  0.19790E+03 -0.51171E+01 -0.10212E+03      298.00
  0.11031E+00  0.10780E+04   -0.61000E-01 -0.61000E-01  0.12200E+00  0.00000E+00  0.00000E+00  0.00000E+00   -0.13075E+03 -0.50441E+03  0.63516E+03  0.19864E+03 -0.50835E+01 -0.10199E+03      298.00
  0.11075E+00  0.10782E+04   -0.61250E-01 -0.61250E-01  0.12250E+00  0.00000E+00  0.00000E+00  0.00000E+00   -0.13093E+03 -0.50418E+03  0.63511E+03  0.19938E+03 -0.50154E+01 -0.10189E+03      298.00
  0.11119E+00  0.10784E+04   -0.61500E-01 -0.61500E-01  0.12300E+00  0.00000E+00  0.00000E+00  0.00000E+00   -0.13110E+03 -0.50394E+03  0.63505E+03  0.20011E+03 -0.49433E+01 -0.10179E+03      298.00
  0.11163E+00  0.10786E+04   -0.61750E-01 -0.61750E-01  0.12350E+00  0.00000E+00  0.00000E+00  0.00000E+00   -0.13128E+03 -0.50370E+03  0.63498E+03  0.20084E+03 -0.48704E+01 -0.10169E+03      298.00
  0.11207E+00  0.10788E+04   -0.62000E-01 -0.62000E-01  0.12400E+00  0.00000E+00  0.00000E+00  0.00000E+00   -0.13146E+03 -0.50346E+03  0.63492E+03  0.20158E+03 -0.47975E+01 -0.10159E+03      298.00
  0.11251E+00  0.10789E+04   -0.62250E-01 -0.62250E-01  0.12450E+00  0.00000E+00  0.00000E+00  0.00000E+00   -0.13164E+03 -0.50321E+03  0.63485E+03  0.20231E+03 -0.47248E+01 -0.10149E+03      298.00
  0.11296E+00  0.10791E+04   -0.62500E-01 -0.62500E-01  0.12500E+00  0.00000E+00  0.00000E+00  0.00000E+00   -0.13181E+03 -0.50297E+03  0.63478E+03  0.20304E+03 -0.46521E+01 -0.10138E+03      298.00
