TEXTURE AT STRAIN =    0.0250
   0.988   1.025   0.988  <-- length of phase ellipsoid axes
   50.59   90.00    0.24  <-- Euler angles (deg) of phase ellipsoid axes
B         1
  -33.18   86.09   65.21   1.0000000
TEXTURE AT STRAIN =    0.0500
   0.976   1.051   0.975  <-- length of phase ellipsoid axes
   50.58   90.00    0.12  <-- Euler angles (deg) of phase ellipsoid axes
B         1
  -33.21   85.82   64.88   1.0000000
TEXTURE AT STRAIN =    0.0750
   0.964   1.077   0.963  <-- length of phase ellipsoid axes
   50.64   90.00    0.08  <-- Euler angles (deg) of phase ellipsoid axes
B         1
  -33.24   85.52   64.56   1.0000000
TEXTURE AT STRAIN =    0.1000
   0.952   1.104   0.951  <-- length of phase ellipsoid axes
   50.65   90.00    0.06  <-- Euler angles (deg) of phase ellipsoid axes
B         1
  -33.27   85.21   64.26   1.0000000
TEXTURE AT STRAIN =    0.1250
   0.940   1.132   0.939  <-- length of phase ellipsoid axes
   50.64   90.00    0.05  <-- Euler angles (deg) of phase ellipsoid axes
B         1
  -33.30   84.87   63.97   1.0000000
