    STEP   AVACS   MODE1   MODE2   MODE3   MODE4
       1   6.000   0.472   0.528   0.000   0.000
       2   4.000   0.511   0.489   0.000   0.000
       3   6.000   0.565   0.435   0.000   0.000
       4   6.000   0.572   0.428   0.000   0.000
       5   5.000   0.543   0.457   0.000   0.000
       6   7.000   0.520   0.480   0.000   0.000
       7   6.000   0.472   0.528   0.000   0.000
       8   6.000   0.418   0.582   0.000   0.000
       9   5.000   0.350   0.650   0.000   0.000
      10   6.000   0.285   0.715   0.000   0.000
      11   6.000   0.265   0.735   0.000   0.000
      12   6.000   0.299   0.701   0.000   0.000
      13   5.000   0.333   0.667   0.000   0.000
      14   5.000   0.341   0.659   0.000   0.000
      15   4.000   0.309   0.691   0.000   0.000
      16   5.000   0.339   0.661   0.000   0.000
      17   4.000   0.359   0.641   0.000   0.000
      18   4.000   0.379   0.621   0.000   0.000
      19   6.000   0.472   0.528   0.000   0.000
      20   4.000   0.511   0.489   0.000   0.000
      21   6.000   0.565   0.435   0.000   0.000
      22   6.000   0.572   0.428   0.000   0.000
      23   5.000   0.543   0.457   0.000   0.000
      24   7.000   0.520   0.480   0.000   0.000
      25   6.000   0.472   0.528   0.000   0.000
      26   6.000   0.418   0.582   0.000   0.000
      27   5.000   0.350   0.650   0.000   0.000
      28   6.000   0.285   0.715   0.000   0.000
      29   6.000   0.265   0.735   0.000   0.000
      30   6.000   0.299   0.701   0.000   0.000
      31   5.000   0.333   0.667   0.000   0.000
      32   5.000   0.341   0.659   0.000   0.000
      33   4.000   0.309   0.691   0.000   0.000
      34   5.000   0.339   0.661   0.000   0.000
      35   4.000   0.359   0.641   0.000   0.000
      36   4.000   0.379   0.621   0.000   0.000
  STRAIN   AVACS   PRITW   SECTW   MODE1   MODE2   MODE3   MODE4   TWFR3   EFFR3   TWFR4   EFFR4
   0.000   6.000   0.000   0.000   0.472   0.528   0.000   0.000   0.000   0.000   0.000   0.000
   0.001   6.000   0.000   0.000   0.472   0.528   0.000   0.000   0.000   0.000   0.000   0.000
   0.001   6.000   0.000   0.000   0.471   0.529   0.000   0.000   0.000   0.000   0.000   0.000
   0.002   6.000   0.000   0.000   0.471   0.529   0.000   0.000   0.000   0.000   0.000   0.000
   0.002   6.000   0.000   0.000   0.470   0.530   0.000   0.000   0.000   0.000   0.000   0.000
   0.003   6.000   0.000   0.000   0.470   0.530   0.000   0.000   0.000   0.000   0.000   0.000
   0.003   6.000   0.000   0.000   0.469   0.531   0.000   0.000   0.000   0.000   0.000   0.000
   0.004   6.000   0.000   0.000   0.469   0.531   0.000   0.000   0.000   0.000   0.000   0.000
   0.004   6.000   0.000   0.000   0.468   0.532   0.000   0.000   0.000   0.000   0.000   0.000
   0.005   6.000   0.000   0.000   0.468   0.532   0.000   0.000   0.000   0.000   0.000   0.000
   0.005   6.000   0.000   0.000   0.467   0.533   0.000   0.000   0.000   0.000   0.000   0.000
   0.006   6.000   0.000   0.000   0.467   0.533   0.000   0.000   0.000   0.000   0.000   0.000
   0.006   6.000   0.000   0.000   0.467   0.533   0.000   0.000   0.000   0.000   0.000   0.000
   0.007   6.000   0.000   0.000   0.466   0.534   0.000   0.000   0.000   0.000   0.000   0.000
   0.007   6.000   0.000   0.000   0.466   0.534   0.000   0.000   0.000   0.000   0.000   0.000
   0.008   6.000   0.000   0.000   0.465   0.535   0.000   0.000   0.000   0.000   0.000   0.000
   0.008   6.000   0.000   0.000   0.464   0.536   0.000   0.000   0.000   0.000   0.000   0.000
   0.009   6.000   0.000   0.000   0.465   0.535   0.000   0.000   0.000   0.000   0.000   0.000
   0.009   6.000   0.000   0.000   0.464   0.536   0.000   0.000   0.000   0.000   0.000   0.000
   0.010   6.000   0.000   0.000   0.464   0.536   0.000   0.000   0.000   0.000   0.000   0.000
   0.010   6.000   0.000   0.000   0.464   0.536   0.000   0.000   0.000   0.000   0.000   0.000
   0.011   6.000   0.000   0.000   0.463   0.537   0.000   0.000   0.000   0.000   0.000   0.000
   0.011   6.000   0.000   0.000   0.463   0.537   0.000   0.000   0.000   0.000   0.000   0.000
   0.012   6.000   0.000   0.000   0.463   0.537   0.000   0.000   0.000   0.000   0.000   0.000
   0.012   6.000   0.000   0.000   0.462   0.538   0.000   0.000   0.000   0.000   0.000   0.000
   0.013   6.000   0.000   0.000   0.462   0.538   0.000   0.000   0.000   0.000   0.000   0.000
   0.013   6.000   0.000   0.000   0.462   0.538   0.000   0.000   0.000   0.000   0.000   0.000
   0.014   6.000   0.000   0.000   0.461   0.539   0.000   0.000   0.000   0.000   0.000   0.000
   0.014   6.000   0.000   0.000   0.461   0.539   0.000   0.000   0.000   0.000   0.000   0.000
   0.015   6.000   0.000   0.000   0.461   0.539   0.000   0.000   0.000   0.000   0.000   0.000
   0.015   6.000   0.000   0.000   0.461   0.539   0.000   0.000   0.000   0.000   0.000   0.000
   0.016   6.000   0.000   0.000   0.460   0.540   0.000   0.000   0.000   0.000   0.000   0.000
   0.016   6.000   0.000   0.000   0.460   0.540   0.000   0.000   0.000   0.000   0.000   0.000
   0.017   6.000   0.000   0.000   0.460   0.540   0.000   0.000   0.000   0.000   0.000   0.000
   0.017   6.000   0.000   0.000   0.459   0.541   0.000   0.000   0.000   0.000   0.000   0.000
   0.018   6.000   0.000   0.000   0.459   0.541   0.000   0.000   0.000   0.000   0.000   0.000
   0.018   6.000   0.000   0.000   0.458   0.542   0.000   0.000   0.000   0.000   0.000   0.000
   0.019   6.000   0.000   0.000   0.458   0.542   0.000   0.000   0.000   0.000   0.000   0.000
   0.019   6.000   0.000   0.000   0.458   0.542   0.000   0.000   0.000   0.000   0.000   0.000
   0.020   6.000   0.000   0.000   0.458   0.542   0.000   0.000   0.000   0.000   0.000   0.000
   0.020   6.000   0.000   0.000   0.458   0.542   0.000   0.000   0.000   0.000   0.000   0.000
   0.021   6.000   0.000   0.000   0.457   0.543   0.000   0.000   0.000   0.000   0.000   0.000
   0.021   6.000   0.000   0.000   0.457   0.543   0.000   0.000   0.000   0.000   0.000   0.000
   0.022   6.000   0.000   0.000   0.457   0.543   0.000   0.000   0.000   0.000   0.000   0.000
   0.022   6.000   0.000   0.000   0.457   0.543   0.000   0.000   0.000   0.000   0.000   0.000
   0.023   6.000   0.000   0.000   0.456   0.544   0.000   0.000   0.000   0.000   0.000   0.000
   0.023   6.000   0.000   0.000   0.456   0.544   0.000   0.000   0.000   0.000   0.000   0.000
   0.024   6.000   0.000   0.000   0.456   0.544   0.000   0.000   0.000   0.000   0.000   0.000
   0.024   6.000   0.000   0.000   0.455   0.545   0.000   0.000   0.000   0.000   0.000   0.000
   0.025   6.000   0.000   0.000   0.455   0.545   0.000   0.000   0.000   0.000   0.000   0.000
   0.025   6.000   0.000   0.000   0.455   0.545   0.000   0.000   0.000   0.000   0.000   0.000
    STEP   AVACS   MODE1   MODE2   MODE3   MODE4
       1   6.000   0.455   0.545   0.000   0.000
       2   6.000   0.489   0.511   0.000   0.000
       3   6.000   0.532   0.468   0.000   0.000
       4   6.000   0.549   0.451   0.000   0.000
       5   5.000   0.531   0.469   0.000   0.000
       6   7.000   0.515   0.485   0.000   0.000
       7   6.000   0.470   0.530   0.000   0.000
       8   7.000   0.415   0.585   0.000   0.000
       9   5.000   0.342   0.658   0.000   0.000
      10   6.000   0.241   0.759   0.000   0.000
      11   6.000   0.223   0.777   0.000   0.000
      12   8.000   0.275   0.725   0.000   0.000
      13   6.000   0.299   0.701   0.000   0.000
      14   6.000   0.300   0.700   0.000   0.000
      15   5.000   0.272   0.728   0.000   0.000
      16   6.000   0.275   0.725   0.000   0.000
      17   5.000   0.308   0.692   0.000   0.000
      18   4.000   0.356   0.644   0.000   0.000
      19   6.000   0.455   0.545   0.000   0.000
      20   6.000   0.489   0.511   0.000   0.000
      21   6.000   0.532   0.468   0.000   0.000
      22   6.000   0.549   0.451   0.000   0.000
      23   5.000   0.531   0.469   0.000   0.000
      24   7.000   0.515   0.485   0.000   0.000
      25   6.000   0.470   0.530   0.000   0.000
      26   7.000   0.415   0.585   0.000   0.000
      27   5.000   0.342   0.658   0.000   0.000
      28   6.000   0.241   0.759   0.000   0.000
      29   6.000   0.223   0.777   0.000   0.000
      30   8.000   0.275   0.725   0.000   0.000
      31   6.000   0.299   0.701   0.000   0.000
      32   6.000   0.299   0.700   0.000   0.000
      33   5.000   0.272   0.728   0.000   0.000
      34   6.000   0.274   0.725   0.001   0.000
      35   5.000   0.307   0.692   0.000   0.000
      36   4.000   0.356   0.644   0.000   0.000
  STRAIN   AVACS   PRITW   SECTW   MODE1   MODE2   MODE3   MODE4   TWFR3   EFFR3   TWFR4   EFFR4
   0.025   6.000   0.000   0.000   0.455   0.545   0.000   0.000   0.000   0.000   0.000   0.000
   0.026   6.000   0.000   0.000   0.454   0.546   0.000   0.000   0.000   0.000   0.000   0.000
   0.026   6.000   0.000   0.000   0.454   0.546   0.000   0.000   0.000   0.000   0.000   0.000
   0.027   6.000   0.000   0.000   0.454   0.546   0.000   0.000   0.000   0.000   0.000   0.000
   0.027   6.000   0.000   0.000   0.454   0.546   0.000   0.000   0.000   0.000   0.000   0.000
   0.028   6.000   0.000   0.000   0.453   0.547   0.000   0.000   0.000   0.000   0.000   0.000
   0.028   6.000   0.000   0.000   0.453   0.547   0.000   0.000   0.000   0.000   0.000   0.000
   0.029   6.000   0.000   0.000   0.453   0.547   0.000   0.000   0.000   0.000   0.000   0.000
   0.029   6.000   0.000   0.000   0.452   0.548   0.000   0.000   0.000   0.000   0.000   0.000
   0.030   6.000   0.000   0.000   0.452   0.548   0.000   0.000   0.000   0.000   0.000   0.000
   0.030   6.000   0.000   0.000   0.452   0.548   0.000   0.000   0.000   0.000   0.000   0.000
   0.031   6.000   0.000   0.000   0.452   0.548   0.000   0.000   0.000   0.000   0.000   0.000
   0.031   6.000   0.000   0.000   0.451   0.549   0.000   0.000   0.000   0.000   0.000   0.000
   0.032   6.000   0.000   0.000   0.451   0.549   0.000   0.000   0.000   0.000   0.000   0.000
   0.032   6.000   0.000   0.000   0.451   0.549   0.000   0.000   0.000   0.000   0.000   0.000
   0.033   6.000   0.000   0.000   0.450   0.550   0.000   0.000   0.000   0.000   0.000   0.000
   0.033   6.000   0.000   0.000   0.450   0.550   0.000   0.000   0.000   0.000   0.000   0.000
   0.034   6.000   0.000   0.000   0.450   0.550   0.000   0.000   0.000   0.000   0.000   0.000
   0.034   6.000   0.000   0.000   0.450   0.550   0.000   0.000   0.000   0.000   0.000   0.000
   0.035   6.000   0.000   0.000   0.449   0.551   0.000   0.000   0.000   0.000   0.000   0.000
   0.035   6.000   0.000   0.000   0.449   0.551   0.000   0.000   0.000   0.000   0.000   0.000
   0.036   6.000   0.000   0.000   0.449   0.551   0.000   0.000   0.000   0.000   0.000   0.000
   0.036   6.000   0.000   0.000   0.448   0.552   0.000   0.000   0.000   0.000   0.000   0.000
   0.037   6.000   0.000   0.000   0.448   0.552   0.000   0.000   0.000   0.000   0.000   0.000
   0.037   6.000   0.000   0.000   0.448   0.552   0.000   0.000   0.000   0.000   0.000   0.000
   0.038   6.000   0.000   0.000   0.448   0.552   0.000   0.000   0.000   0.000   0.000   0.000
   0.038   6.000   0.000   0.000   0.447   0.553   0.000   0.000   0.000   0.000   0.000   0.000
   0.039   6.000   0.000   0.000   0.447   0.553   0.000   0.000   0.000   0.000   0.000   0.000
   0.039   6.000   0.000   0.000   0.447   0.553   0.000   0.000   0.000   0.000   0.000   0.000
   0.040   6.000   0.000   0.000   0.446   0.554   0.000   0.000   0.000   0.000   0.000   0.000
   0.040   6.000   0.000   0.000   0.446   0.554   0.000   0.000   0.000   0.000   0.000   0.000
   0.041   6.000   0.000   0.000   0.446   0.554   0.000   0.000   0.000   0.000   0.000   0.000
   0.041   6.000   0.000   0.000   0.446   0.554   0.000   0.000   0.000   0.000   0.000   0.000
   0.042   6.000   0.000   0.000   0.445   0.555   0.000   0.000   0.000   0.000   0.000   0.000
   0.042   6.000   0.000   0.000   0.445   0.555   0.000   0.000   0.000   0.000   0.000   0.000
   0.043   6.000   0.000   0.000   0.445   0.555   0.000   0.000   0.000   0.000   0.000   0.000
   0.043   6.000   0.000   0.000   0.444   0.556   0.000   0.000   0.000   0.000   0.000   0.000
   0.044   6.000   0.000   0.000   0.444   0.556   0.000   0.000   0.000   0.000   0.000   0.000
   0.044   6.000   0.000   0.000   0.444   0.556   0.000   0.000   0.000   0.000   0.000   0.000
   0.045   6.000   0.000   0.000   0.443   0.557   0.000   0.000   0.000   0.000   0.000   0.000
   0.045   6.000   0.000   0.000   0.443   0.557   0.000   0.000   0.000   0.000   0.000   0.000
   0.046   6.000   0.000   0.000   0.443   0.557   0.000   0.000   0.000   0.000   0.000   0.000
   0.046   6.000   0.000   0.000   0.443   0.557   0.000   0.000   0.000   0.000   0.000   0.000
   0.047   6.000   0.000   0.000   0.442   0.558   0.000   0.000   0.000   0.000   0.000   0.000
   0.047   6.000   0.000   0.000   0.442   0.558   0.000   0.000   0.000   0.000   0.000   0.000
   0.048   6.000   0.000   0.000   0.442   0.558   0.000   0.000   0.000   0.000   0.000   0.000
   0.048   6.000   0.000   0.000   0.441   0.559   0.000   0.000   0.000   0.000   0.000   0.000
   0.049   6.000   0.000   0.000   0.441   0.559   0.000   0.000   0.000   0.000   0.000   0.000
   0.049   6.000   0.000   0.000   0.441   0.559   0.000   0.000   0.000   0.000   0.000   0.000
   0.050   6.000   0.000   0.000   0.440   0.559   0.000   0.000   0.000   0.000   0.000   0.000
   0.050   6.000   0.000   0.000   0.440   0.560   0.000   0.000   0.000   0.000   0.000   0.000
    STEP   AVACS   MODE1   MODE2   MODE3   MODE4
       1   6.000   0.440   0.560   0.000   0.000
       2   6.000   0.478   0.522   0.000   0.000
       3   5.000   0.511   0.488   0.000   0.000
       4   6.000   0.540   0.460   0.000   0.000
       5   5.000   0.523   0.477   0.000   0.000
       6   7.000   0.514   0.485   0.000   0.001
       7   6.000   0.470   0.528   0.000   0.002
       8   7.000   0.416   0.582   0.000   0.002
       9   5.000   0.341   0.657   0.000   0.002
      10   6.000   0.259   0.739   0.000   0.001
      11   6.000   0.239   0.760   0.000   0.001
      12   7.000   0.279   0.721   0.000   0.000
      13   6.000   0.295   0.705   0.000   0.000
      14   6.000   0.287   0.713   0.000   0.000
      15   5.000   0.242   0.757   0.000   0.001
      16   6.000   0.252   0.746   0.000   0.002
      17   5.000   0.269   0.730   0.000   0.001
      18   5.000   0.342   0.658   0.000   0.000
      19   6.000   0.440   0.560   0.000   0.000
      20   6.000   0.478   0.522   0.000   0.000
      21   5.000   0.511   0.488   0.000   0.001
      22   6.000   0.540   0.459   0.000   0.000
      23   5.000   0.523   0.477   0.000   0.000
      24   7.000   0.514   0.486   0.000   0.000
      25   6.000   0.471   0.529   0.000   0.000
      26   7.000   0.417   0.583   0.000   0.000
      27   5.000   0.342   0.658   0.000   0.000
      28   6.000   0.259   0.740   0.001   0.000
      29   6.000   0.238   0.761   0.001   0.000
      30   7.000   0.279   0.721   0.000   0.000
      31   6.000   0.294   0.705   0.000   0.000
      32   6.000   0.286   0.713   0.001   0.000
      33   5.000   0.241   0.757   0.002   0.000
      34   6.000   0.250   0.747   0.004   0.000
      35   5.000   0.268   0.731   0.001   0.000
      36   5.000   0.342   0.658   0.000   0.000
  STRAIN   AVACS   PRITW   SECTW   MODE1   MODE2   MODE3   MODE4   TWFR3   EFFR3   TWFR4   EFFR4
   0.050   6.000   0.000   0.000   0.440   0.560   0.000   0.000   0.000   0.000   0.000   0.000
   0.051   6.000   0.000   0.000   0.440   0.560   0.000   0.000   0.000   0.000   0.000   0.000
   0.051   6.000   0.000   0.000   0.440   0.560   0.000   0.000   0.000   0.000   0.000   0.000
   0.052   6.000   0.000   0.000   0.439   0.561   0.000   0.000   0.000   0.000   0.000   0.000
   0.052   6.000   0.000   0.000   0.439   0.561   0.000   0.000   0.000   0.000   0.000   0.000
   0.053   6.000   0.000   0.000   0.439   0.561   0.000   0.000   0.000   0.000   0.000   0.000
   0.053   6.000   0.000   0.000   0.438   0.562   0.000   0.000   0.000   0.000   0.000   0.000
   0.054   6.000   0.000   0.000   0.438   0.562   0.000   0.000   0.000   0.000   0.000   0.000
   0.054   6.000   0.000   0.000   0.438   0.562   0.000   0.000   0.000   0.000   0.000   0.000
   0.055   6.000   0.000   0.000   0.438   0.562   0.000   0.000   0.000   0.000   0.000   0.000
   0.055   6.000   0.000   0.000   0.437   0.563   0.000   0.000   0.000   0.000   0.000   0.000
   0.056   6.000   0.000   0.000   0.437   0.563   0.000   0.000   0.000   0.000   0.000   0.000
   0.056   6.000   0.000   0.000   0.437   0.563   0.000   0.000   0.000   0.000   0.000   0.000
   0.057   6.000   0.000   0.000   0.436   0.564   0.000   0.000   0.000   0.000   0.000   0.000
   0.057   6.000   0.000   0.000   0.436   0.564   0.000   0.000   0.000   0.000   0.000   0.000
   0.058   6.000   0.000   0.000   0.436   0.564   0.000   0.000   0.000   0.000   0.000   0.000
   0.058   6.000   0.000   0.000   0.435   0.565   0.000   0.000   0.000   0.000   0.000   0.000
   0.059   6.000   0.000   0.000   0.435   0.565   0.000   0.000   0.000   0.000   0.000   0.000
   0.059   6.000   0.000   0.000   0.435   0.565   0.000   0.000   0.000   0.000   0.000   0.000
   0.060   6.000   0.000   0.000   0.435   0.565   0.000   0.000   0.000   0.000   0.000   0.000
   0.060   6.000   0.000   0.000   0.434   0.566   0.000   0.000   0.000   0.000   0.000   0.000
   0.061   6.000   0.000   0.000   0.434   0.566   0.000   0.000   0.000   0.000   0.000   0.000
   0.061   6.000   0.000   0.000   0.434   0.566   0.000   0.000   0.000   0.000   0.000   0.000
   0.062   6.000   0.000   0.000   0.433   0.567   0.000   0.000   0.000   0.000   0.000   0.000
   0.062   6.000   0.000   0.000   0.433   0.567   0.000   0.000   0.000   0.000   0.000   0.000
   0.063   6.000   0.000   0.000   0.433   0.567   0.000   0.000   0.000   0.000   0.000   0.000
   0.063   6.000   0.000   0.000   0.432   0.568   0.000   0.000   0.000   0.000   0.000   0.000
   0.064   6.000   0.000   0.000   0.432   0.568   0.000   0.000   0.000   0.000   0.000   0.000
   0.064   6.000   0.000   0.000   0.432   0.568   0.000   0.000   0.000   0.000   0.000   0.000
   0.065   6.000   0.000   0.000   0.432   0.568   0.000   0.000   0.000   0.000   0.000   0.000
   0.065   6.000   0.000   0.000   0.431   0.569   0.000   0.000   0.000   0.000   0.000   0.000
   0.066   6.000   0.000   0.000   0.431   0.569   0.000   0.000   0.000   0.000   0.000   0.000
   0.066   6.000   0.000   0.000   0.431   0.569   0.000   0.000   0.000   0.000   0.000   0.000
   0.067   6.000   0.000   0.000   0.430   0.570   0.000   0.000   0.000   0.000   0.000   0.000
   0.067   6.000   0.000   0.000   0.430   0.570   0.000   0.000   0.000   0.000   0.000   0.000
   0.068   6.000   0.000   0.000   0.430   0.570   0.000   0.000   0.000   0.000   0.000   0.000
   0.068   6.000   0.000   0.000   0.430   0.570   0.000   0.000   0.000   0.000   0.000   0.000
   0.069   6.000   0.000   0.000   0.429   0.571   0.000   0.000   0.000   0.000   0.000   0.000
   0.069   6.000   0.000   0.000   0.429   0.571   0.000   0.000   0.000   0.000   0.000   0.000
   0.070   6.000   0.000   0.000   0.429   0.571   0.000   0.000   0.000   0.000   0.000   0.000
   0.070   6.000   0.000   0.000   0.428   0.572   0.000   0.000   0.000   0.000   0.000   0.000
   0.071   6.000   0.000   0.000   0.428   0.572   0.000   0.000   0.000   0.000   0.000   0.000
   0.071   6.000   0.000   0.000   0.428   0.572   0.000   0.000   0.000   0.000   0.000   0.000
   0.072   6.000   0.000   0.000   0.427   0.573   0.000   0.000   0.000   0.000   0.000   0.000
   0.072   6.000   0.000   0.000   0.427   0.573   0.000   0.000   0.000   0.000   0.000   0.000
   0.073   6.000   0.000   0.000   0.427   0.573   0.000   0.000   0.000   0.000   0.000   0.000
   0.073   6.000   0.000   0.000   0.426   0.574   0.000   0.000   0.000   0.000   0.000   0.000
   0.074   6.000   0.000   0.000   0.426   0.574   0.000   0.000   0.000   0.000   0.000   0.000
   0.074   6.000   0.000   0.000   0.426   0.574   0.000   0.000   0.000   0.000   0.000   0.000
   0.075   6.000   0.000   0.000   0.426   0.574   0.000   0.000   0.000   0.000   0.000   0.000
   0.075   6.000   0.000   0.000   0.425   0.575   0.000   0.000   0.000   0.000   0.000   0.000
    STEP   AVACS   MODE1   MODE2   MODE3   MODE4
       1   6.000   0.425   0.575   0.000   0.000
       2   6.000   0.465   0.535   0.000   0.000
       3   5.000   0.485   0.515   0.000   0.000
       4   6.000   0.526   0.474   0.000   0.000
       5   5.000   0.513   0.487   0.000   0.000
       6   7.000   0.510   0.486   0.000   0.004
       7   6.000   0.468   0.525   0.000   0.007
       8   7.000   0.414   0.578   0.000   0.008
       9   5.000   0.336   0.658   0.000   0.006
      10   6.000   0.263   0.734   0.000   0.004
      11   6.000   0.240   0.757   0.000   0.002
      12   7.000   0.273   0.727   0.000   0.001
      13   6.000   0.280   0.720   0.000   0.001
      14   6.000   0.263   0.736   0.000   0.001
      15   5.000   0.209   0.788   0.000   0.003
      16   6.000   0.213   0.782   0.000   0.006
      17   5.000   0.220   0.777   0.000   0.004
      18   5.000   0.327   0.672   0.000   0.000
      19   6.000   0.425   0.575   0.000   0.000
      20   6.000   0.465   0.535   0.000   0.000
      21   5.000   0.485   0.513   0.000   0.002
      22   6.000   0.526   0.473   0.000   0.001
      23   5.000   0.513   0.487   0.000   0.000
      24   7.000   0.511   0.489   0.000   0.000
      25   6.000   0.471   0.529   0.000   0.000
      26   7.000   0.417   0.583   0.000   0.000
      27   5.000   0.339   0.661   0.000   0.000
      28   6.000   0.262   0.736   0.003   0.000
      29   6.000   0.239   0.758   0.002   0.000
      30   7.000   0.272   0.727   0.001   0.000
      31   6.000   0.279   0.720   0.001   0.000
      32   6.000   0.262   0.737   0.001   0.000
      33   5.000   0.205   0.790   0.004   0.000
      34   6.000   0.209   0.785   0.007   0.000
      35   5.000   0.220   0.779   0.001   0.000
      36   5.000   0.327   0.673   0.000   0.000
  STRAIN   AVACS   PRITW   SECTW   MODE1   MODE2   MODE3   MODE4   TWFR3   EFFR3   TWFR4   EFFR4
   0.075   6.000   0.000   0.000   0.425   0.575   0.000   0.000   0.000   0.000   0.000   0.000
   0.076   6.000   0.000   0.000   0.425   0.575   0.000   0.000   0.000   0.000   0.000   0.000
   0.076   6.000   0.000   0.000   0.425   0.575   0.000   0.000   0.000   0.000   0.000   0.000
   0.077   6.000   0.000   0.000   0.424   0.576   0.000   0.000   0.000   0.000   0.000   0.000
   0.077   6.000   0.000   0.000   0.424   0.576   0.000   0.000   0.000   0.000   0.000   0.000
   0.078   6.000   0.000   0.000   0.424   0.576   0.000   0.000   0.000   0.000   0.000   0.000
   0.078   6.000   0.000   0.000   0.423   0.577   0.000   0.000   0.000   0.000   0.000   0.000
   0.079   6.000   0.000   0.000   0.423   0.577   0.000   0.000   0.000   0.000   0.000   0.000
   0.079   6.000   0.000   0.000   0.423   0.577   0.000   0.000   0.000   0.000   0.000   0.000
   0.080   6.000   0.000   0.000   0.422   0.577   0.000   0.000   0.000   0.000   0.000   0.000
   0.080   6.000   0.000   0.000   0.422   0.578   0.000   0.000   0.000   0.000   0.000   0.000
   0.081   6.000   0.000   0.000   0.422   0.578   0.000   0.000   0.000   0.000   0.000   0.000
   0.081   6.000   0.000   0.000   0.422   0.578   0.000   0.000   0.000   0.000   0.000   0.000
   0.082   6.000   0.000   0.000   0.421   0.579   0.000   0.000   0.000   0.000   0.000   0.000
   0.082   6.000   0.000   0.000   0.421   0.579   0.000   0.000   0.000   0.000   0.000   0.000
   0.083   6.000   0.000   0.000   0.421   0.579   0.000   0.000   0.000   0.000   0.000   0.000
   0.083   6.000   0.000   0.000   0.420   0.580   0.000   0.000   0.000   0.000   0.000   0.000
   0.084   6.000   0.000   0.000   0.420   0.580   0.000   0.000   0.000   0.000   0.000   0.000
   0.084   6.000   0.000   0.000   0.420   0.580   0.000   0.000   0.000   0.000   0.000   0.000
   0.085   6.000   0.000   0.000   0.419   0.581   0.000   0.000   0.000   0.000   0.000   0.000
   0.085   6.000   0.000   0.000   0.419   0.581   0.000   0.000   0.000   0.000   0.000   0.000
   0.086   6.000   0.000   0.000   0.419   0.581   0.000   0.000   0.000   0.000   0.000   0.000
   0.086   6.000   0.000   0.000   0.418   0.582   0.000   0.000   0.000   0.000   0.000   0.000
   0.087   6.000   0.000   0.000   0.418   0.582   0.000   0.000   0.000   0.000   0.000   0.000
   0.087   6.000   0.000   0.000   0.418   0.582   0.000   0.000   0.000   0.000   0.000   0.000
   0.088   6.000   0.000   0.000   0.417   0.583   0.000   0.000   0.000   0.000   0.000   0.000
   0.088   6.000   0.000   0.000   0.417   0.583   0.000   0.000   0.000   0.000   0.000   0.000
   0.089   6.000   0.000   0.000   0.417   0.583   0.000   0.000   0.000   0.000   0.000   0.000
   0.089   6.000   0.000   0.000   0.416   0.584   0.000   0.000   0.000   0.000   0.000   0.000
   0.090   6.000   0.000   0.000   0.416   0.584   0.000   0.000   0.000   0.000   0.000   0.000
   0.090   6.000   0.000   0.000   0.416   0.584   0.000   0.000   0.000   0.000   0.000   0.000
   0.091   6.000   0.000   0.000   0.416   0.584   0.000   0.000   0.000   0.000   0.000   0.000
   0.091   6.000   0.000   0.000   0.415   0.585   0.000   0.000   0.000   0.000   0.000   0.000
   0.092   6.000   0.000   0.000   0.415   0.585   0.000   0.000   0.000   0.000   0.000   0.000
   0.092   6.000   0.000   0.000   0.414   0.586   0.000   0.000   0.000   0.000   0.000   0.000
   0.093   6.000   0.000   0.000   0.414   0.586   0.000   0.000   0.000   0.000   0.000   0.000
   0.093   6.000   0.000   0.000   0.414   0.586   0.000   0.000   0.000   0.000   0.000   0.000
   0.094   6.000   0.000   0.000   0.414   0.586   0.000   0.000   0.000   0.000   0.000   0.000
   0.094   6.000   0.000   0.000   0.413   0.587   0.000   0.000   0.000   0.000   0.000   0.000
   0.095   6.000   0.000   0.000   0.413   0.587   0.000   0.000   0.000   0.000   0.000   0.000
   0.095   6.000   0.000   0.000   0.412   0.587   0.000   0.000   0.000   0.000   0.000   0.000
   0.096   6.000   0.000   0.000   0.412   0.588   0.000   0.000   0.000   0.000   0.000   0.000
   0.096   6.000   0.000   0.000   0.412   0.588   0.000   0.000   0.000   0.000   0.000   0.000
   0.097   6.000   0.000   0.000   0.412   0.588   0.000   0.000   0.000   0.000   0.000   0.000
   0.097   6.000   0.000   0.000   0.411   0.589   0.000   0.000   0.000   0.000   0.000   0.000
   0.098   6.000   0.000   0.000   0.411   0.589   0.000   0.000   0.000   0.000   0.000   0.000
   0.098   6.000   0.000   0.000   0.411   0.589   0.000   0.000   0.000   0.000   0.000   0.000
   0.099   6.000   0.000   0.000   0.411   0.589   0.000   0.000   0.000   0.000   0.000   0.000
   0.099   6.000   0.000   0.000   0.410   0.590   0.000   0.000   0.000   0.000   0.000   0.000
   0.100   6.000   0.000   0.000   0.410   0.590   0.000   0.000   0.000   0.000   0.000   0.000
   0.100   6.000   0.000   0.000   0.410   0.590   0.000   0.000   0.000   0.000   0.000   0.000
    STEP   AVACS   MODE1   MODE2   MODE3   MODE4
       1   6.000   0.410   0.590   0.000   0.000
       2   6.000   0.451   0.549   0.000   0.000
       3   5.000   0.455   0.545   0.000   0.000
       4   6.000   0.507   0.492   0.000   0.000
       5   6.000   0.503   0.497   0.000   0.000
       6   7.000   0.506   0.489   0.000   0.005
       7   6.000   0.467   0.523   0.000   0.010
       8   7.000   0.413   0.575   0.000   0.012
       9   5.000   0.329   0.661   0.000   0.009
      10   6.000   0.260   0.735   0.000   0.005
      11   5.000   0.237   0.760   0.000   0.003
      12   7.000   0.262   0.738   0.000   0.001
      13   6.000   0.259   0.740   0.000   0.001
      14   6.000   0.233   0.766   0.000   0.001
      15   5.000   0.172   0.825   0.000   0.004
      16   6.000   0.165   0.827   0.000   0.008
      17   4.000   0.177   0.818   0.000   0.005
      18   6.000   0.312   0.688   0.000   0.000
      19   6.000   0.410   0.590   0.000   0.000
      20   6.000   0.451   0.549   0.000   0.000
      21   5.000   0.454   0.543   0.000   0.003
      22   6.000   0.507   0.490   0.000   0.002
      23   6.000   0.503   0.497   0.000   0.000
      24   7.000   0.508   0.492   0.000   0.000
      25   6.000   0.470   0.530   0.000   0.000
      26   7.000   0.417   0.583   0.000   0.000
      27   5.000   0.333   0.666   0.000   0.000
      28   6.000   0.257   0.737   0.005   0.000
      29   5.000   0.235   0.761   0.004   0.000
      30   7.000   0.261   0.738   0.001   0.000
      31   6.000   0.258   0.741   0.002   0.000
      32   6.000   0.231   0.767   0.002   0.000
      33   5.000   0.167   0.828   0.005   0.000
      34   6.000   0.161   0.831   0.008   0.000
      35   4.000   0.179   0.821   0.000   0.000
      36   6.000   0.312   0.688   0.000   0.000
  STRAIN   AVACS   PRITW   SECTW   MODE1   MODE2   MODE3   MODE4   TWFR3   EFFR3   TWFR4   EFFR4
   0.100   6.000   0.000   0.000   0.410   0.590   0.000   0.000   0.000   0.000   0.000   0.000
   0.101   6.000   0.000   0.000   0.409   0.591   0.000   0.000   0.000   0.000   0.000   0.000
   0.101   6.000   0.000   0.000   0.409   0.591   0.000   0.000   0.000   0.000   0.000   0.000
   0.102   6.000   0.000   0.000   0.408   0.592   0.000   0.000   0.000   0.000   0.000   0.000
   0.102   6.000   0.000   0.000   0.408   0.592   0.000   0.000   0.000   0.000   0.000   0.000
   0.103   6.000   0.000   0.000   0.408   0.592   0.000   0.000   0.000   0.000   0.000   0.000
   0.103   6.000   0.000   0.000   0.408   0.592   0.000   0.000   0.000   0.000   0.000   0.000
   0.104   6.000   0.000   0.000   0.407   0.593   0.000   0.000   0.000   0.000   0.000   0.000
   0.104   6.000   0.000   0.000   0.407   0.593   0.000   0.000   0.000   0.000   0.000   0.000
   0.105   6.000   0.000   0.000   0.407   0.593   0.000   0.000   0.000   0.000   0.000   0.000
   0.105   6.000   0.000   0.000   0.406   0.594   0.000   0.000   0.000   0.000   0.000   0.000
   0.106   6.000   0.000   0.000   0.406   0.594   0.000   0.000   0.000   0.000   0.000   0.000
   0.106   6.000   0.000   0.000   0.406   0.594   0.000   0.000   0.000   0.000   0.000   0.000
   0.107   6.000   0.000   0.000   0.405   0.595   0.000   0.000   0.000   0.000   0.000   0.000
   0.107   6.000   0.000   0.000   0.405   0.595   0.000   0.000   0.000   0.000   0.000   0.000
   0.108   6.000   0.000   0.000   0.405   0.595   0.000   0.000   0.000   0.000   0.000   0.000
   0.108   6.000   0.000   0.000   0.404   0.596   0.000   0.000   0.000   0.000   0.000   0.000
   0.109   6.000   0.000   0.000   0.404   0.596   0.000   0.000   0.000   0.000   0.000   0.000
   0.109   6.000   0.000   0.000   0.404   0.596   0.000   0.000   0.000   0.000   0.000   0.000
   0.110   6.000   0.000   0.000   0.403   0.597   0.000   0.000   0.000   0.000   0.000   0.000
   0.110   6.000   0.000   0.000   0.403   0.597   0.000   0.000   0.000   0.000   0.000   0.000
   0.111   6.000   0.000   0.000   0.403   0.597   0.000   0.000   0.000   0.000   0.000   0.000
   0.111   6.000   0.000   0.000   0.402   0.598   0.000   0.000   0.000   0.000   0.000   0.000
   0.112   6.000   0.000   0.000   0.402   0.598   0.000   0.000   0.000   0.000   0.000   0.000
   0.112   6.000   0.000   0.000   0.402   0.598   0.000   0.000   0.000   0.000   0.000   0.000
   0.113   6.000   0.000   0.000   0.401   0.599   0.000   0.000   0.000   0.000   0.000   0.000
   0.113   6.000   0.000   0.000   0.401   0.599   0.000   0.000   0.000   0.000   0.000   0.000
   0.114   6.000   0.000   0.000   0.401   0.599   0.000   0.000   0.000   0.000   0.000   0.000
   0.114   6.000   0.000   0.000   0.400   0.599   0.000   0.000   0.000   0.000   0.000   0.000
   0.115   6.000   0.000   0.000   0.400   0.600   0.000   0.000   0.000   0.000   0.000   0.000
   0.115   6.000   0.000   0.000   0.400   0.600   0.000   0.000   0.000   0.000   0.000   0.000
   0.116   6.000   0.000   0.000   0.400   0.600   0.000   0.000   0.000   0.000   0.000   0.000
   0.116   6.000   0.000   0.000   0.399   0.601   0.000   0.000   0.000   0.000   0.000   0.000
   0.117   6.000   0.000   0.000   0.399   0.601   0.000   0.000   0.000   0.000   0.000   0.000
   0.117   6.000   0.000   0.000   0.399   0.601   0.000   0.000   0.000   0.000   0.000   0.000
   0.118   6.000   0.000   0.000   0.398   0.602   0.000   0.000   0.000   0.000   0.000   0.000
   0.118   6.000   0.000   0.000   0.398   0.602   0.000   0.000   0.000   0.000   0.000   0.000
   0.119   6.000   0.000   0.000   0.398   0.602   0.000   0.000   0.000   0.000   0.000   0.000
   0.119   6.000   0.000   0.000   0.397   0.603   0.000   0.000   0.000   0.000   0.000   0.000
   0.120   6.000   0.000   0.000   0.397   0.603   0.000   0.000   0.000   0.000   0.000   0.000
   0.120   6.000   0.000   0.000   0.397   0.603   0.000   0.000   0.000   0.000   0.000   0.000
   0.121   6.000   0.000   0.000   0.396   0.604   0.000   0.000   0.000   0.000   0.000   0.000
   0.121   6.000   0.000   0.000   0.396   0.604   0.000   0.000   0.000   0.000   0.000   0.000
   0.122   6.000   0.000   0.000   0.396   0.604   0.000   0.000   0.000   0.000   0.000   0.000
   0.122   6.000   0.000   0.000   0.395   0.605   0.000   0.000   0.000   0.000   0.000   0.000
   0.123   6.000   0.000   0.000   0.395   0.605   0.000   0.000   0.000   0.000   0.000   0.000
   0.123   6.000   0.000   0.000   0.395   0.605   0.000   0.000   0.000   0.000   0.000   0.000
   0.124   6.000   0.000   0.000   0.394   0.606   0.000   0.000   0.000   0.000   0.000   0.000
   0.124   6.000   0.000   0.000   0.394   0.606   0.000   0.000   0.000   0.000   0.000   0.000
   0.125   6.000   0.000   0.000   0.394   0.606   0.000   0.000   0.000   0.000   0.000   0.000
   0.125   6.000   0.000   0.000   0.393   0.607   0.000   0.000   0.000   0.000   0.000   0.000
    STEP   AVACS   MODE1   MODE2   MODE3   MODE4
       1   6.000   0.393   0.607   0.000   0.000
       2   6.000   0.435   0.565   0.000   0.000
       3   5.000   0.422   0.578   0.000   0.000
       4   6.000   0.486   0.513   0.001   0.000
       5   6.000   0.492   0.508   0.000   0.000
       6   7.000   0.502   0.494   0.000   0.005
       7   7.000   0.467   0.523   0.000   0.010
       8   7.000   0.413   0.575   0.000   0.012
       9   5.000   0.323   0.668   0.000   0.009
      10   6.000   0.255   0.740   0.000   0.005
      11   5.000   0.233   0.765   0.000   0.002
      12   7.000   0.246   0.753   0.000   0.001
      13   7.000   0.233   0.766   0.000   0.001
      14   6.000   0.197   0.802   0.000   0.001
      15   5.000   0.130   0.868   0.000   0.003
      16   5.000   0.113   0.880   0.000   0.008
      17   4.000   0.160   0.835   0.000   0.004
      18   7.000   0.296   0.704   0.000   0.000
      19   6.000   0.393   0.607   0.000   0.000
      20   6.000   0.435   0.565   0.000   0.000
      21   5.000   0.422   0.577   0.000   0.002
      22   6.000   0.486   0.512   0.000   0.002
      23   6.000   0.492   0.508   0.000   0.000
      24   7.000   0.503   0.497   0.000   0.000
      25   7.000   0.470   0.530   0.000   0.000
      26   7.000   0.417   0.582   0.000   0.000
      27   5.000   0.327   0.672   0.000   0.000
      28   6.000   0.250   0.742   0.008   0.000
      29   5.000   0.230   0.765   0.005   0.000
      30   7.000   0.245   0.753   0.001   0.000
      31   7.000   0.231   0.767   0.002   0.000
      32   6.000   0.196   0.802   0.002   0.000
      33   5.000   0.126   0.870   0.004   0.000
      34   4.000   0.110   0.884   0.006   0.000
      35   4.000   0.162   0.838   0.000   0.000
      36   7.000   0.296   0.704   0.000   0.000
