          Evm          Svm            E11          E22          E33          E23          E13          E12         SDEV11       SDEV22       SDEV33       SDEV23       SDEV13       SDEV12      TEMP
  0.00000E+00  0.43763E+03    0.00000E+00  0.00000E+00  0.00000E+00  0.00000E+00  0.00000E+00  0.00000E+00   -0.30832E+02 -0.10122E+03  0.13205E+03 -0.20873E+03  0.72382E+02  0.26770E+02      298.00
  0.22631E-03  0.44410E+03   -0.25000E-03 -0.25000E-03  0.50000E-03  0.00000E+00  0.00000E+00  0.00000E+00   -0.32792E+02 -0.10217E+03  0.13496E+03 -0.21162E+03  0.73500E+02  0.26281E+02      298.00
  0.45423E-03  0.45044E+03   -0.50000E-03 -0.50000E-03  0.10000E-02  0.00000E+00  0.00000E+00  0.00000E+00   -0.34741E+02 -0.10302E+03  0.13776E+03 -0.21447E+03  0.74522E+02  0.26079E+02      298.00
  0.68361E-03  0.45663E+03   -0.75000E-03 -0.75000E-03  0.15000E-02  0.00000E+00  0.00000E+00  0.00000E+00   -0.36320E+02 -0.10415E+03  0.14047E+03 -0.21721E+03  0.75597E+02  0.25673E+02      298.00
  0.91432E-03  0.46309E+03   -0.10000E-02 -0.10000E-02  0.20000E-02  0.00000E+00  0.00000E+00  0.00000E+00   -0.38052E+02 -0.10505E+03  0.14310E+03 -0.22017E+03  0.76642E+02  0.25573E+02      298.00
  0.11461E-02  0.46889E+03   -0.12500E-02 -0.12500E-02  0.25000E-02  0.00000E+00  0.00000E+00  0.00000E+00   -0.39296E+02 -0.10633E+03  0.14562E+03 -0.22269E+03  0.77648E+02  0.25260E+02      298.00
  0.13790E-02  0.47477E+03   -0.15000E-02 -0.15000E-02  0.30000E-02  0.00000E+00  0.00000E+00  0.00000E+00   -0.40792E+02 -0.10729E+03  0.14808E+03 -0.22532E+03  0.78530E+02  0.25436E+02      298.00
  0.16129E-02  0.48091E+03   -0.17500E-02 -0.17500E-02  0.35000E-02  0.00000E+00  0.00000E+00  0.00000E+00   -0.41823E+02 -0.10866E+03  0.15048E+03 -0.22808E+03  0.79655E+02  0.25015E+02      298.00
  0.18476E-02  0.48684E+03   -0.20000E-02 -0.20000E-02  0.40000E-02  0.00000E+00  0.00000E+00  0.00000E+00   -0.43097E+02 -0.10971E+03  0.15281E+03 -0.23078E+03  0.80592E+02  0.25124E+02      298.00
  0.20830E-02  0.49247E+03   -0.22500E-02 -0.22500E-02  0.45000E-02  0.00000E+00  0.00000E+00  0.00000E+00   -0.44215E+02 -0.11086E+03  0.15508E+03 -0.23328E+03  0.81451E+02  0.25329E+02      298.00
  0.23192E-02  0.49830E+03   -0.25000E-02 -0.25000E-02  0.50000E-02  0.00000E+00  0.00000E+00  0.00000E+00   -0.45278E+02 -0.11202E+03  0.15730E+03 -0.23593E+03  0.82390E+02  0.25439E+02      298.00
  0.25559E-02  0.50416E+03   -0.27500E-02 -0.27500E-02  0.55000E-02  0.00000E+00  0.00000E+00  0.00000E+00   -0.46024E+02 -0.11345E+03  0.15947E+03 -0.23857E+03  0.83444E+02  0.25222E+02      298.00
  0.27932E-02  0.50982E+03   -0.30000E-02 -0.30000E-02  0.60000E-02  0.00000E+00  0.00000E+00  0.00000E+00   -0.46916E+02 -0.11468E+03  0.16159E+03 -0.24114E+03  0.84359E+02  0.25359E+02      298.00
  0.30309E-02  0.51521E+03   -0.32500E-02 -0.32500E-02  0.65000E-02  0.00000E+00  0.00000E+00  0.00000E+00   -0.47635E+02 -0.11600E+03  0.16363E+03 -0.24355E+03  0.85270E+02  0.25385E+02      298.00
  0.32691E-02  0.52082E+03   -0.35000E-02 -0.35000E-02  0.70000E-02  0.00000E+00  0.00000E+00  0.00000E+00   -0.48582E+02 -0.11711E+03  0.16569E+03 -0.24612E+03  0.86093E+02  0.25824E+02      298.00
  0.35077E-02  0.52631E+03   -0.37500E-02 -0.37500E-02  0.75000E-02  0.00000E+00  0.00000E+00  0.00000E+00   -0.49399E+02 -0.11829E+03  0.16768E+03 -0.24863E+03  0.86950E+02  0.26121E+02      298.00
  0.37466E-02  0.53161E+03   -0.40000E-02 -0.40000E-02  0.80000E-02  0.00000E+00  0.00000E+00  0.00000E+00   -0.50075E+02 -0.11954E+03  0.16961E+03 -0.25103E+03  0.87817E+02  0.26296E+02      298.00
  0.39859E-02  0.53716E+03   -0.42500E-02 -0.42500E-02  0.85000E-02  0.00000E+00  0.00000E+00  0.00000E+00   -0.50725E+02 -0.12085E+03  0.17157E+03 -0.25357E+03  0.88710E+02  0.26528E+02      298.00
  0.42255E-02  0.54222E+03   -0.45000E-02 -0.45000E-02  0.90000E-02  0.00000E+00  0.00000E+00  0.00000E+00   -0.51091E+02 -0.12233E+03  0.17342E+03 -0.25582E+03  0.89619E+02  0.26466E+02      298.00
  0.44654E-02  0.54772E+03   -0.47500E-02 -0.47500E-02  0.95000E-02  0.00000E+00  0.00000E+00  0.00000E+00   -0.51877E+02 -0.12345E+03  0.17533E+03 -0.25838E+03  0.90423E+02  0.26981E+02      298.00
  0.47055E-02  0.55300E+03   -0.50000E-02 -0.50000E-02  0.10000E-01  0.00000E+00  0.00000E+00  0.00000E+00   -0.52440E+02 -0.12473E+03  0.17717E+03 -0.26080E+03  0.91280E+02  0.27229E+02      298.00
  0.49457E-02  0.55778E+03   -0.52500E-02 -0.52500E-02  0.10500E-01  0.00000E+00  0.00000E+00  0.00000E+00   -0.52729E+02 -0.12619E+03  0.17892E+03 -0.26290E+03  0.92121E+02  0.27259E+02      298.00
  0.51863E-02  0.56322E+03   -0.55000E-02 -0.55000E-02  0.11000E-01  0.00000E+00  0.00000E+00  0.00000E+00   -0.53484E+02 -0.12727E+03  0.18076E+03 -0.26545E+03  0.92904E+02  0.27836E+02      298.00
  0.54270E-02  0.56837E+03   -0.57500E-02 -0.57500E-02  0.11500E-01  0.00000E+00  0.00000E+00  0.00000E+00   -0.53915E+02 -0.12861E+03  0.18252E+03 -0.26781E+03  0.93764E+02  0.28026E+02      298.00
  0.56679E-02  0.57342E+03   -0.60000E-02 -0.60000E-02  0.12000E-01  0.00000E+00  0.00000E+00  0.00000E+00   -0.54281E+02 -0.12998E+03  0.18426E+03 -0.27011E+03  0.94616E+02  0.28190E+02      298.00
  0.59089E-02  0.57837E+03   -0.62500E-02 -0.62500E-02  0.12500E-01  0.00000E+00  0.00000E+00  0.00000E+00   -0.54708E+02 -0.13127E+03  0.18598E+03 -0.27236E+03  0.95414E+02  0.28481E+02      298.00
  0.61501E-02  0.58328E+03   -0.65000E-02 -0.65000E-02  0.13000E-01  0.00000E+00  0.00000E+00  0.00000E+00   -0.55137E+02 -0.13254E+03  0.18768E+03 -0.27460E+03  0.96194E+02  0.28802E+02      298.00
  0.63914E-02  0.58814E+03   -0.67500E-02 -0.67500E-02  0.13500E-01  0.00000E+00  0.00000E+00  0.00000E+00   -0.55549E+02 -0.13381E+03  0.18936E+03 -0.27682E+03  0.96968E+02  0.29125E+02      298.00
  0.66328E-02  0.59295E+03   -0.70000E-02 -0.70000E-02  0.14000E-01  0.00000E+00  0.00000E+00  0.00000E+00   -0.55945E+02 -0.13507E+03  0.19102E+03 -0.27901E+03  0.97733E+02  0.29451E+02      298.00
  0.68745E-02  0.59771E+03   -0.72500E-02 -0.72500E-02  0.14500E-01  0.00000E+00  0.00000E+00  0.00000E+00   -0.56327E+02 -0.13633E+03  0.19266E+03 -0.28118E+03  0.98490E+02  0.29780E+02      298.00
  0.71162E-02  0.60243E+03   -0.75000E-02 -0.75000E-02  0.15000E-01  0.00000E+00  0.00000E+00  0.00000E+00   -0.56699E+02 -0.13759E+03  0.19429E+03 -0.28333E+03  0.99238E+02  0.30112E+02      298.00
  0.73581E-02  0.60710E+03   -0.77500E-02 -0.77500E-02  0.15500E-01  0.00000E+00  0.00000E+00  0.00000E+00   -0.57059E+02 -0.13884E+03  0.19590E+03 -0.28545E+03  0.99978E+02  0.30447E+02      298.00
  0.76001E-02  0.61173E+03   -0.80000E-02 -0.80000E-02  0.16000E-01  0.00000E+00  0.00000E+00  0.00000E+00   -0.57410E+02 -0.14008E+03  0.19749E+03 -0.28755E+03  0.10071E+03  0.30784E+02      298.00
  0.78422E-02  0.61631E+03   -0.82500E-02 -0.82500E-02  0.16500E-01  0.00000E+00  0.00000E+00  0.00000E+00   -0.57752E+02 -0.14132E+03  0.19907E+03 -0.28963E+03  0.10143E+03  0.31122E+02      298.00
  0.80845E-02  0.62085E+03   -0.85000E-02 -0.85000E-02  0.17000E-01  0.00000E+00  0.00000E+00  0.00000E+00   -0.58207E+02 -0.14235E+03  0.20056E+03 -0.29176E+03  0.10218E+03  0.31380E+02      298.00
  0.83267E-02  0.62534E+03   -0.87500E-02 -0.87500E-02  0.17500E-01  0.00000E+00  0.00000E+00  0.00000E+00   -0.58482E+02 -0.14363E+03  0.20211E+03 -0.29378E+03  0.10291E+03  0.31648E+02      298.00
  0.85692E-02  0.62935E+03   -0.90000E-02 -0.90000E-02  0.18000E-01  0.00000E+00  0.00000E+00  0.00000E+00   -0.58553E+02 -0.14512E+03  0.20368E+03 -0.29547E+03  0.10353E+03  0.31999E+02      298.00
  0.88119E-02  0.63411E+03   -0.92500E-02 -0.92500E-02  0.18500E-01  0.00000E+00  0.00000E+00  0.00000E+00   -0.58946E+02 -0.14629E+03  0.20524E+03 -0.29768E+03  0.10429E+03  0.32335E+02      298.00
  0.90546E-02  0.63846E+03   -0.95000E-02 -0.95000E-02  0.19000E-01  0.00000E+00  0.00000E+00  0.00000E+00   -0.59269E+02 -0.14748E+03  0.20675E+03 -0.29964E+03  0.10497E+03  0.32697E+02      298.00
  0.92975E-02  0.64277E+03   -0.97500E-02 -0.97500E-02  0.19500E-01  0.00000E+00  0.00000E+00  0.00000E+00   -0.59584E+02 -0.14867E+03  0.20825E+03 -0.30159E+03  0.10564E+03  0.33057E+02      298.00
  0.95405E-02  0.64704E+03   -0.10000E-01 -0.10000E-01  0.20000E-01  0.00000E+00  0.00000E+00  0.00000E+00   -0.59887E+02 -0.14985E+03  0.20974E+03 -0.30351E+03  0.10630E+03  0.33408E+02      298.00
  0.97836E-02  0.65155E+03   -0.10250E-01 -0.10250E-01  0.20500E-01  0.00000E+00  0.00000E+00  0.00000E+00   -0.60193E+02 -0.15106E+03  0.21125E+03 -0.30558E+03  0.10704E+03  0.33682E+02      298.00
  0.10027E-01  0.65547E+03   -0.10500E-01 -0.10500E-01  0.21000E-01  0.00000E+00  0.00000E+00  0.00000E+00   -0.60450E+02 -0.15224E+03  0.21269E+03 -0.30730E+03  0.10763E+03  0.34068E+02      298.00
  0.10270E-01  0.65967E+03   -0.10750E-01 -0.10750E-01  0.21500E-01  0.00000E+00  0.00000E+00  0.00000E+00   -0.60797E+02 -0.15329E+03  0.21409E+03 -0.30924E+03  0.10834E+03  0.34269E+02      298.00
  0.10514E-01  0.66345E+03   -0.11000E-01 -0.11000E-01  0.22000E-01  0.00000E+00  0.00000E+00  0.00000E+00   -0.60963E+02 -0.15460E+03  0.21556E+03 -0.31084E+03  0.10887E+03  0.34733E+02      298.00
  0.10757E-01  0.66780E+03   -0.11250E-01 -0.11250E-01  0.22500E-01  0.00000E+00  0.00000E+00  0.00000E+00   -0.61397E+02 -0.15556E+03  0.21696E+03 -0.31289E+03  0.10959E+03  0.34980E+02      298.00
  0.11001E-01  0.67154E+03   -0.11500E-01 -0.11500E-01  0.23000E-01  0.00000E+00  0.00000E+00  0.00000E+00   -0.61523E+02 -0.15690E+03  0.21842E+03 -0.31446E+03  0.11012E+03  0.35412E+02      298.00
  0.11245E-01  0.67580E+03   -0.11750E-01 -0.11750E-01  0.23500E-01  0.00000E+00  0.00000E+00  0.00000E+00   -0.61948E+02 -0.15785E+03  0.21980E+03 -0.31647E+03  0.11083E+03  0.35654E+02      298.00
  0.11489E-01  0.67983E+03   -0.12000E-01 -0.12000E-01  0.24000E-01  0.00000E+00  0.00000E+00  0.00000E+00   -0.62152E+02 -0.15908E+03  0.22123E+03 -0.31825E+03  0.11147E+03  0.35928E+02      298.00
  0.11733E-01  0.68342E+03   -0.12250E-01 -0.12250E-01  0.24500E-01  0.00000E+00  0.00000E+00  0.00000E+00   -0.62318E+02 -0.16033E+03  0.22265E+03 -0.31976E+03  0.11197E+03  0.36392E+02      298.00
  0.11977E-01  0.68758E+03   -0.12500E-01 -0.12500E-01  0.25000E-01  0.00000E+00  0.00000E+00  0.00000E+00   -0.62712E+02 -0.16130E+03  0.22401E+03 -0.32170E+03  0.11266E+03  0.36614E+02      298.00
          Evm          Svm            E11          E22          E33          E23          E13          E12         SDEV11       SDEV22       SDEV33       SDEV23       SDEV13       SDEV12      TEMP
  0.11977E-01  0.68748E+03   -0.12500E-01 -0.12500E-01  0.25000E-01  0.00000E+00  0.00000E+00  0.00000E+00   -0.62711E+02 -0.16136E+03  0.22408E+03 -0.32160E+03  0.11254E+03  0.36898E+02      298.00
  0.12222E-01  0.69143E+03   -0.12750E-01 -0.12750E-01  0.25500E-01  0.00000E+00  0.00000E+00  0.00000E+00   -0.62972E+02 -0.16242E+03  0.22539E+03 -0.32341E+03  0.11325E+03  0.36947E+02      298.00
  0.12466E-01  0.69527E+03   -0.13000E-01 -0.13000E-01  0.26000E-01  0.00000E+00  0.00000E+00  0.00000E+00   -0.63186E+02 -0.16359E+03  0.22678E+03 -0.32510E+03  0.11386E+03  0.37222E+02      298.00
  0.12711E-01  0.69905E+03   -0.13250E-01 -0.13250E-01  0.26500E-01  0.00000E+00  0.00000E+00  0.00000E+00   -0.63425E+02 -0.16472E+03  0.22814E+03 -0.32678E+03  0.11445E+03  0.37527E+02      298.00
  0.12955E-01  0.70279E+03   -0.13500E-01 -0.13500E-01  0.27000E-01  0.00000E+00  0.00000E+00  0.00000E+00   -0.63674E+02 -0.16583E+03  0.22950E+03 -0.32843E+03  0.11503E+03  0.37842E+02      298.00
  0.13200E-01  0.70649E+03   -0.13750E-01 -0.13750E-01  0.27500E-01  0.00000E+00  0.00000E+00  0.00000E+00   -0.63926E+02 -0.16693E+03  0.23085E+03 -0.33006E+03  0.11559E+03  0.38159E+02      298.00
  0.13445E-01  0.71015E+03   -0.14000E-01 -0.14000E-01  0.28000E-01  0.00000E+00  0.00000E+00  0.00000E+00   -0.64178E+02 -0.16801E+03  0.23219E+03 -0.33167E+03  0.11615E+03  0.38475E+02      298.00
  0.13691E-01  0.71378E+03   -0.14250E-01 -0.14250E-01  0.28500E-01  0.00000E+00  0.00000E+00  0.00000E+00   -0.64430E+02 -0.16909E+03  0.23352E+03 -0.33326E+03  0.11671E+03  0.38789E+02      298.00
  0.13936E-01  0.71736E+03   -0.14500E-01 -0.14500E-01  0.29000E-01  0.00000E+00  0.00000E+00  0.00000E+00   -0.64680E+02 -0.17016E+03  0.23484E+03 -0.33483E+03  0.11726E+03  0.39103E+02      298.00
  0.14182E-01  0.72092E+03   -0.14750E-01 -0.14750E-01  0.29500E-01  0.00000E+00  0.00000E+00  0.00000E+00   -0.64930E+02 -0.17123E+03  0.23616E+03 -0.33639E+03  0.11780E+03  0.39413E+02      298.00
  0.14427E-01  0.72443E+03   -0.15000E-01 -0.15000E-01  0.30000E-01  0.00000E+00  0.00000E+00  0.00000E+00   -0.65179E+02 -0.17229E+03  0.23747E+03 -0.33793E+03  0.11833E+03  0.39721E+02      298.00
  0.14673E-01  0.72792E+03   -0.15250E-01 -0.15250E-01  0.30500E-01  0.00000E+00  0.00000E+00  0.00000E+00   -0.65427E+02 -0.17334E+03  0.23876E+03 -0.33945E+03  0.11886E+03  0.40026E+02      298.00
  0.14919E-01  0.73137E+03   -0.15500E-01 -0.15500E-01  0.31000E-01  0.00000E+00  0.00000E+00  0.00000E+00   -0.65674E+02 -0.17438E+03  0.24006E+03 -0.34095E+03  0.11939E+03  0.40329E+02      298.00
  0.15165E-01  0.73478E+03   -0.15750E-01 -0.15750E-01  0.31500E-01  0.00000E+00  0.00000E+00  0.00000E+00   -0.65920E+02 -0.17542E+03  0.24134E+03 -0.34243E+03  0.11990E+03  0.40629E+02      298.00
  0.15412E-01  0.73817E+03   -0.16000E-01 -0.16000E-01  0.32000E-01  0.00000E+00  0.00000E+00  0.00000E+00   -0.66165E+02 -0.17645E+03  0.24261E+03 -0.34390E+03  0.12042E+03  0.40927E+02      298.00
  0.15658E-01  0.74152E+03   -0.16250E-01 -0.16250E-01  0.32500E-01  0.00000E+00  0.00000E+00  0.00000E+00   -0.66409E+02 -0.17747E+03  0.24388E+03 -0.34535E+03  0.12092E+03  0.41223E+02      298.00
  0.15905E-01  0.74483E+03   -0.16500E-01 -0.16500E-01  0.33000E-01  0.00000E+00  0.00000E+00  0.00000E+00   -0.66653E+02 -0.17849E+03  0.24514E+03 -0.34678E+03  0.12142E+03  0.41517E+02      298.00
  0.16152E-01  0.74812E+03   -0.16750E-01 -0.16750E-01  0.33500E-01  0.00000E+00  0.00000E+00  0.00000E+00   -0.66896E+02 -0.17950E+03  0.24640E+03 -0.34820E+03  0.12192E+03  0.41808E+02      298.00
  0.16399E-01  0.75137E+03   -0.17000E-01 -0.17000E-01  0.34000E-01  0.00000E+00  0.00000E+00  0.00000E+00   -0.67139E+02 -0.18051E+03  0.24764E+03 -0.34960E+03  0.12241E+03  0.42097E+02      298.00
  0.16646E-01  0.75459E+03   -0.17250E-01 -0.17250E-01  0.34500E-01  0.00000E+00  0.00000E+00  0.00000E+00   -0.67381E+02 -0.18150E+03  0.24888E+03 -0.35099E+03  0.12289E+03  0.42384E+02      298.00
  0.16893E-01  0.75778E+03   -0.17500E-01 -0.17500E-01  0.35000E-01  0.00000E+00  0.00000E+00  0.00000E+00   -0.67622E+02 -0.18249E+03  0.25012E+03 -0.35235E+03  0.12337E+03  0.42668E+02      298.00
  0.17141E-01  0.76094E+03   -0.17750E-01 -0.17750E-01  0.35500E-01  0.00000E+00  0.00000E+00  0.00000E+00   -0.67863E+02 -0.18348E+03  0.25134E+03 -0.35371E+03  0.12384E+03  0.42950E+02      298.00
  0.17389E-01  0.76407E+03   -0.18000E-01 -0.18000E-01  0.36000E-01  0.00000E+00  0.00000E+00  0.00000E+00   -0.68103E+02 -0.18446E+03  0.25256E+03 -0.35504E+03  0.12431E+03  0.43230E+02      298.00
  0.17636E-01  0.76717E+03   -0.18250E-01 -0.18250E-01  0.36500E-01  0.00000E+00  0.00000E+00  0.00000E+00   -0.68343E+02 -0.18543E+03  0.25377E+03 -0.35636E+03  0.12477E+03  0.43508E+02      298.00
  0.17885E-01  0.77024E+03   -0.18500E-01 -0.18500E-01  0.37000E-01  0.00000E+00  0.00000E+00  0.00000E+00   -0.68582E+02 -0.18640E+03  0.25498E+03 -0.35767E+03  0.12523E+03  0.43783E+02      298.00
  0.18133E-01  0.77327E+03   -0.18750E-01 -0.18750E-01  0.37500E-01  0.00000E+00  0.00000E+00  0.00000E+00   -0.68821E+02 -0.18736E+03  0.25618E+03 -0.35895E+03  0.12568E+03  0.44057E+02      298.00
  0.18381E-01  0.77628E+03   -0.19000E-01 -0.19000E-01  0.38000E-01  0.00000E+00  0.00000E+00  0.00000E+00   -0.69059E+02 -0.18831E+03  0.25737E+03 -0.36023E+03  0.12613E+03  0.44328E+02      298.00
  0.18630E-01  0.77926E+03   -0.19250E-01 -0.19250E-01  0.38500E-01  0.00000E+00  0.00000E+00  0.00000E+00   -0.69297E+02 -0.18926E+03  0.25856E+03 -0.36149E+03  0.12657E+03  0.44597E+02      298.00
  0.18879E-01  0.78221E+03   -0.19500E-01 -0.19500E-01  0.39000E-01  0.00000E+00  0.00000E+00  0.00000E+00   -0.69535E+02 -0.19020E+03  0.25974E+03 -0.36273E+03  0.12700E+03  0.44864E+02      298.00
  0.19128E-01  0.78513E+03   -0.19750E-01 -0.19750E-01  0.39500E-01  0.00000E+00  0.00000E+00  0.00000E+00   -0.69772E+02 -0.19114E+03  0.26091E+03 -0.36396E+03  0.12743E+03  0.45128E+02      298.00
  0.19377E-01  0.78802E+03   -0.20000E-01 -0.20000E-01  0.40000E-01  0.00000E+00  0.00000E+00  0.00000E+00   -0.70009E+02 -0.19207E+03  0.26208E+03 -0.36517E+03  0.12786E+03  0.45391E+02      298.00
  0.19626E-01  0.79089E+03   -0.20250E-01 -0.20250E-01  0.40500E-01  0.00000E+00  0.00000E+00  0.00000E+00   -0.70245E+02 -0.19299E+03  0.26324E+03 -0.36637E+03  0.12828E+03  0.45651E+02      298.00
  0.19876E-01  0.79373E+03   -0.20500E-01 -0.20500E-01  0.41000E-01  0.00000E+00  0.00000E+00  0.00000E+00   -0.70481E+02 -0.19391E+03  0.26439E+03 -0.36755E+03  0.12870E+03  0.45909E+02      298.00
  0.20126E-01  0.79653E+03   -0.20750E-01 -0.20750E-01  0.41500E-01  0.00000E+00  0.00000E+00  0.00000E+00   -0.70717E+02 -0.19482E+03  0.26554E+03 -0.36872E+03  0.12911E+03  0.46166E+02      298.00
  0.20376E-01  0.79932E+03   -0.21000E-01 -0.21000E-01  0.42000E-01  0.00000E+00  0.00000E+00  0.00000E+00   -0.70952E+02 -0.19573E+03  0.26668E+03 -0.36988E+03  0.12951E+03  0.46420E+02      298.00
  0.20626E-01  0.80207E+03   -0.21250E-01 -0.21250E-01  0.42500E-01  0.00000E+00  0.00000E+00  0.00000E+00   -0.71188E+02 -0.19663E+03  0.26782E+03 -0.37102E+03  0.12992E+03  0.46672E+02      298.00
  0.20877E-01  0.80480E+03   -0.21500E-01 -0.21500E-01  0.43000E-01  0.00000E+00  0.00000E+00  0.00000E+00   -0.71422E+02 -0.19752E+03  0.26895E+03 -0.37214E+03  0.13031E+03  0.46922E+02      298.00
  0.21127E-01  0.80750E+03   -0.21750E-01 -0.21750E-01  0.43500E-01  0.00000E+00  0.00000E+00  0.00000E+00   -0.71657E+02 -0.19841E+03  0.27007E+03 -0.37326E+03  0.13071E+03  0.47170E+02      298.00
  0.21378E-01  0.81017E+03   -0.22000E-01 -0.22000E-01  0.44000E-01  0.00000E+00  0.00000E+00  0.00000E+00   -0.71891E+02 -0.19930E+03  0.27119E+03 -0.37436E+03  0.13109E+03  0.47416E+02      298.00
  0.21629E-01  0.81282E+03   -0.22250E-01 -0.22250E-01  0.44500E-01  0.00000E+00  0.00000E+00  0.00000E+00   -0.72125E+02 -0.20018E+03  0.27230E+03 -0.37544E+03  0.13148E+03  0.47661E+02      298.00
  0.21880E-01  0.81544E+03   -0.22500E-01 -0.22500E-01  0.45000E-01  0.00000E+00  0.00000E+00  0.00000E+00   -0.72359E+02 -0.20105E+03  0.27341E+03 -0.37652E+03  0.13185E+03  0.47903E+02      298.00
  0.22132E-01  0.81804E+03   -0.22750E-01 -0.22750E-01  0.45500E-01  0.00000E+00  0.00000E+00  0.00000E+00   -0.72592E+02 -0.20192E+03  0.27451E+03 -0.37757E+03  0.13223E+03  0.48143E+02      298.00
  0.22384E-01  0.82061E+03   -0.23000E-01 -0.23000E-01  0.46000E-01  0.00000E+00  0.00000E+00  0.00000E+00   -0.72825E+02 -0.20278E+03  0.27560E+03 -0.37862E+03  0.13260E+03  0.48381E+02      298.00
  0.22635E-01  0.82316E+03   -0.23250E-01 -0.23250E-01  0.46500E-01  0.00000E+00  0.00000E+00  0.00000E+00   -0.73058E+02 -0.20364E+03  0.27669E+03 -0.37965E+03  0.13296E+03  0.48618E+02      298.00
  0.22888E-01  0.82568E+03   -0.23500E-01 -0.23500E-01  0.47000E-01  0.00000E+00  0.00000E+00  0.00000E+00   -0.73290E+02 -0.20449E+03  0.27778E+03 -0.38067E+03  0.13332E+03  0.48852E+02      298.00
  0.23140E-01  0.82817E+03   -0.23750E-01 -0.23750E-01  0.47500E-01  0.00000E+00  0.00000E+00  0.00000E+00   -0.73522E+02 -0.20534E+03  0.27886E+03 -0.38168E+03  0.13368E+03  0.49085E+02      298.00
  0.23392E-01  0.83064E+03   -0.24000E-01 -0.24000E-01  0.48000E-01  0.00000E+00  0.00000E+00  0.00000E+00   -0.73754E+02 -0.20618E+03  0.27993E+03 -0.38267E+03  0.13403E+03  0.49316E+02      298.00
  0.23645E-01  0.83350E+03   -0.24250E-01 -0.24250E-01  0.48500E-01  0.00000E+00  0.00000E+00  0.00000E+00   -0.74006E+02 -0.20706E+03  0.28106E+03 -0.38389E+03  0.13447E+03  0.49480E+02      298.00
  0.23898E-01  0.83592E+03   -0.24500E-01 -0.24500E-01  0.49000E-01  0.00000E+00  0.00000E+00  0.00000E+00   -0.74235E+02 -0.20789E+03  0.28213E+03 -0.38486E+03  0.13481E+03  0.49708E+02      298.00
  0.24151E-01  0.83832E+03   -0.24750E-01 -0.24750E-01  0.49500E-01  0.00000E+00  0.00000E+00  0.00000E+00   -0.74467E+02 -0.20872E+03  0.28318E+03 -0.38581E+03  0.13515E+03  0.49937E+02      298.00
  0.24405E-01  0.84069E+03   -0.25000E-01 -0.25000E-01  0.50000E-01  0.00000E+00  0.00000E+00  0.00000E+00   -0.74700E+02 -0.20954E+03  0.28424E+03 -0.38675E+03  0.13548E+03  0.50164E+02      298.00
          Evm          Svm            E11          E22          E33          E23          E13          E12         SDEV11       SDEV22       SDEV33       SDEV23       SDEV13       SDEV12      TEMP
  0.24405E-01  0.84029E+03   -0.25000E-01 -0.25000E-01  0.50000E-01  0.00000E+00  0.00000E+00  0.00000E+00   -0.74777E+02 -0.20944E+03  0.28422E+03 -0.38651E+03  0.13530E+03  0.50471E+02      298.00
  0.24658E-01  0.84305E+03   -0.25250E-01 -0.25250E-01  0.50500E-01  0.00000E+00  0.00000E+00  0.00000E+00   -0.74948E+02 -0.21034E+03  0.28528E+03 -0.38769E+03  0.13581E+03  0.50405E+02      298.00
  0.24912E-01  0.84537E+03   -0.25500E-01 -0.25500E-01  0.51000E-01  0.00000E+00  0.00000E+00  0.00000E+00   -0.75164E+02 -0.21116E+03  0.28632E+03 -0.38860E+03  0.13614E+03  0.50611E+02      298.00
  0.25166E-01  0.84767E+03   -0.25750E-01 -0.25750E-01  0.51500E-01  0.00000E+00  0.00000E+00  0.00000E+00   -0.75395E+02 -0.21197E+03  0.28736E+03 -0.38951E+03  0.13646E+03  0.50831E+02      298.00
  0.25420E-01  0.84996E+03   -0.26000E-01 -0.26000E-01  0.52000E-01  0.00000E+00  0.00000E+00  0.00000E+00   -0.75626E+02 -0.21277E+03  0.28839E+03 -0.39040E+03  0.13678E+03  0.51050E+02      298.00
  0.25675E-01  0.85221E+03   -0.26250E-01 -0.26250E-01  0.52500E-01  0.00000E+00  0.00000E+00  0.00000E+00   -0.75857E+02 -0.21356E+03  0.28942E+03 -0.39129E+03  0.13709E+03  0.51268E+02      298.00
  0.25929E-01  0.85445E+03   -0.26500E-01 -0.26500E-01  0.53000E-01  0.00000E+00  0.00000E+00  0.00000E+00   -0.76088E+02 -0.21435E+03  0.29044E+03 -0.39216E+03  0.13740E+03  0.51484E+02      298.00
  0.26184E-01  0.85667E+03   -0.26750E-01 -0.26750E-01  0.53500E-01  0.00000E+00  0.00000E+00  0.00000E+00   -0.76319E+02 -0.21514E+03  0.29146E+03 -0.39302E+03  0.13770E+03  0.51698E+02      298.00
  0.26440E-01  0.85886E+03   -0.27000E-01 -0.27000E-01  0.54000E-01  0.00000E+00  0.00000E+00  0.00000E+00   -0.76549E+02 -0.21592E+03  0.29247E+03 -0.39386E+03  0.13800E+03  0.51910E+02      298.00
  0.26695E-01  0.86103E+03   -0.27250E-01 -0.27250E-01  0.54500E-01  0.00000E+00  0.00000E+00  0.00000E+00   -0.76779E+02 -0.21670E+03  0.29348E+03 -0.39470E+03  0.13830E+03  0.52120E+02      298.00
  0.26951E-01  0.86318E+03   -0.27500E-01 -0.27500E-01  0.55000E-01  0.00000E+00  0.00000E+00  0.00000E+00   -0.77008E+02 -0.21747E+03  0.29448E+03 -0.39553E+03  0.13860E+03  0.52329E+02      298.00
  0.27206E-01  0.86531E+03   -0.27750E-01 -0.27750E-01  0.55500E-01  0.00000E+00  0.00000E+00  0.00000E+00   -0.77238E+02 -0.21824E+03  0.29548E+03 -0.39634E+03  0.13889E+03  0.52536E+02      298.00
  0.27463E-01  0.86742E+03   -0.28000E-01 -0.28000E-01  0.56000E-01  0.00000E+00  0.00000E+00  0.00000E+00   -0.77466E+02 -0.21900E+03  0.29647E+03 -0.39714E+03  0.13917E+03  0.52742E+02      298.00
  0.27719E-01  0.86950E+03   -0.28250E-01 -0.28250E-01  0.56500E-01  0.00000E+00  0.00000E+00  0.00000E+00   -0.77695E+02 -0.21976E+03  0.29746E+03 -0.39794E+03  0.13945E+03  0.52946E+02      298.00
  0.27975E-01  0.87157E+03   -0.28500E-01 -0.28500E-01  0.57000E-01  0.00000E+00  0.00000E+00  0.00000E+00   -0.77924E+02 -0.22052E+03  0.29844E+03 -0.39872E+03  0.13973E+03  0.53148E+02      298.00
  0.28232E-01  0.87378E+03   -0.28750E-01 -0.28750E-01  0.57500E-01  0.00000E+00  0.00000E+00  0.00000E+00   -0.78018E+02 -0.22150E+03  0.29952E+03 -0.39951E+03  0.14004E+03  0.53331E+02      298.00
  0.28489E-01  0.87566E+03   -0.29000E-01 -0.29000E-01  0.58000E-01  0.00000E+00  0.00000E+00  0.00000E+00   -0.78371E+02 -0.22203E+03  0.30040E+03 -0.40026E+03  0.14029E+03  0.53531E+02      298.00
  0.28747E-01  0.87781E+03   -0.29250E-01 -0.29250E-01  0.58500E-01  0.00000E+00  0.00000E+00  0.00000E+00   -0.78470E+02 -0.22300E+03  0.30147E+03 -0.40102E+03  0.14058E+03  0.53718E+02      298.00
  0.29004E-01  0.87965E+03   -0.29500E-01 -0.29500E-01  0.59000E-01  0.00000E+00  0.00000E+00  0.00000E+00   -0.78822E+02 -0.22351E+03  0.30233E+03 -0.40175E+03  0.14082E+03  0.53919E+02      298.00
  0.29262E-01  0.88177E+03   -0.29750E-01 -0.29750E-01  0.59500E-01  0.00000E+00  0.00000E+00  0.00000E+00   -0.78923E+02 -0.22447E+03  0.30339E+03 -0.40250E+03  0.14111E+03  0.54102E+02      298.00
  0.29520E-01  0.88356E+03   -0.30000E-01 -0.30000E-01  0.60000E-01  0.00000E+00  0.00000E+00  0.00000E+00   -0.79273E+02 -0.22498E+03  0.30425E+03 -0.40320E+03  0.14134E+03  0.54300E+02      298.00
  0.29778E-01  0.88565E+03   -0.30250E-01 -0.30250E-01  0.60500E-01  0.00000E+00  0.00000E+00  0.00000E+00   -0.79376E+02 -0.22593E+03  0.30530E+03 -0.40393E+03  0.14162E+03  0.54479E+02      298.00
  0.30037E-01  0.88740E+03   -0.30500E-01 -0.30500E-01  0.61000E-01  0.00000E+00  0.00000E+00  0.00000E+00   -0.79723E+02 -0.22643E+03  0.30615E+03 -0.40460E+03  0.14185E+03  0.54676E+02      298.00
  0.30296E-01  0.88946E+03   -0.30750E-01 -0.30750E-01  0.61500E-01  0.00000E+00  0.00000E+00  0.00000E+00   -0.79827E+02 -0.22737E+03  0.30719E+03 -0.40532E+03  0.14213E+03  0.54851E+02      298.00
  0.30555E-01  0.89116E+03   -0.31000E-01 -0.31000E-01  0.62000E-01  0.00000E+00  0.00000E+00  0.00000E+00   -0.80172E+02 -0.22786E+03  0.30803E+03 -0.40597E+03  0.14234E+03  0.55047E+02      298.00
  0.30814E-01  0.89319E+03   -0.31250E-01 -0.31250E-01  0.62500E-01  0.00000E+00  0.00000E+00  0.00000E+00   -0.80278E+02 -0.22879E+03  0.30907E+03 -0.40667E+03  0.14261E+03  0.55217E+02      298.00
  0.31073E-01  0.89514E+03   -0.31500E-01 -0.31500E-01  0.63000E-01  0.00000E+00  0.00000E+00  0.00000E+00   -0.80595E+02 -0.22939E+03  0.30998E+03 -0.40744E+03  0.14288E+03  0.55393E+02      298.00
  0.31333E-01  0.89685E+03   -0.31750E-01 -0.31750E-01  0.63500E-01  0.00000E+00  0.00000E+00  0.00000E+00   -0.80724E+02 -0.23020E+03  0.31093E+03 -0.40799E+03  0.14309E+03  0.55567E+02      298.00
  0.31593E-01  0.89866E+03   -0.32000E-01 -0.32000E-01  0.64000E-01  0.00000E+00  0.00000E+00  0.00000E+00   -0.80942E+02 -0.23091E+03  0.31185E+03 -0.40864E+03  0.14333E+03  0.55735E+02      298.00
  0.31853E-01  0.90054E+03   -0.32250E-01 -0.32250E-01  0.64500E-01  0.00000E+00  0.00000E+00  0.00000E+00   -0.81263E+02 -0.23149E+03  0.31275E+03 -0.40936E+03  0.14358E+03  0.55924E+02      298.00
  0.32114E-01  0.90220E+03   -0.32500E-01 -0.32500E-01  0.65000E-01  0.00000E+00  0.00000E+00  0.00000E+00   -0.81394E+02 -0.23229E+03  0.31369E+03 -0.40989E+03  0.14378E+03  0.56094E+02      298.00
  0.32375E-01  0.90396E+03   -0.32750E-01 -0.32750E-01  0.65500E-01  0.00000E+00  0.00000E+00  0.00000E+00   -0.81612E+02 -0.23299E+03  0.31460E+03 -0.41051E+03  0.14401E+03  0.56259E+02      298.00
  0.32636E-01  0.90569E+03   -0.33000E-01 -0.33000E-01  0.66000E-01  0.00000E+00  0.00000E+00  0.00000E+00   -0.81833E+02 -0.23368E+03  0.31551E+03 -0.41111E+03  0.14423E+03  0.56428E+02      298.00
  0.32897E-01  0.90741E+03   -0.33250E-01 -0.33250E-01  0.66500E-01  0.00000E+00  0.00000E+00  0.00000E+00   -0.82055E+02 -0.23436E+03  0.31641E+03 -0.41171E+03  0.14445E+03  0.56598E+02      298.00
  0.33158E-01  0.90910E+03   -0.33500E-01 -0.33500E-01  0.67000E-01  0.00000E+00  0.00000E+00  0.00000E+00   -0.82277E+02 -0.23504E+03  0.31731E+03 -0.41230E+03  0.14467E+03  0.56766E+02      298.00
  0.33420E-01  0.91078E+03   -0.33750E-01 -0.33750E-01  0.67500E-01  0.00000E+00  0.00000E+00  0.00000E+00   -0.82499E+02 -0.23571E+03  0.31821E+03 -0.41288E+03  0.14488E+03  0.56934E+02      298.00
  0.33682E-01  0.91245E+03   -0.34000E-01 -0.34000E-01  0.68000E-01  0.00000E+00  0.00000E+00  0.00000E+00   -0.82721E+02 -0.23638E+03  0.31910E+03 -0.41345E+03  0.14509E+03  0.57100E+02      298.00
  0.33945E-01  0.91409E+03   -0.34250E-01 -0.34250E-01  0.68500E-01  0.00000E+00  0.00000E+00  0.00000E+00   -0.82943E+02 -0.23705E+03  0.31999E+03 -0.41401E+03  0.14529E+03  0.57266E+02      298.00
  0.34207E-01  0.91573E+03   -0.34500E-01 -0.34500E-01  0.69000E-01  0.00000E+00  0.00000E+00  0.00000E+00   -0.83165E+02 -0.23771E+03  0.32088E+03 -0.41456E+03  0.14549E+03  0.57431E+02      298.00
  0.34470E-01  0.91734E+03   -0.34750E-01 -0.34750E-01  0.69500E-01  0.00000E+00  0.00000E+00  0.00000E+00   -0.83387E+02 -0.23837E+03  0.32176E+03 -0.41510E+03  0.14569E+03  0.57595E+02      298.00
  0.34733E-01  0.91894E+03   -0.35000E-01 -0.35000E-01  0.70000E-01  0.00000E+00  0.00000E+00  0.00000E+00   -0.83609E+02 -0.23903E+03  0.32264E+03 -0.41564E+03  0.14589E+03  0.57757E+02      298.00
  0.34996E-01  0.92052E+03   -0.35250E-01 -0.35250E-01  0.70500E-01  0.00000E+00  0.00000E+00  0.00000E+00   -0.83831E+02 -0.23968E+03  0.32351E+03 -0.41617E+03  0.14608E+03  0.57919E+02      298.00
  0.35260E-01  0.92209E+03   -0.35500E-01 -0.35500E-01  0.71000E-01  0.00000E+00  0.00000E+00  0.00000E+00   -0.84053E+02 -0.24033E+03  0.32438E+03 -0.41669E+03  0.14627E+03  0.58080E+02      298.00
  0.35524E-01  0.92364E+03   -0.35750E-01 -0.35750E-01  0.71500E-01  0.00000E+00  0.00000E+00  0.00000E+00   -0.84275E+02 -0.24097E+03  0.32525E+03 -0.41720E+03  0.14646E+03  0.58241E+02      298.00
  0.35788E-01  0.92518E+03   -0.36000E-01 -0.36000E-01  0.72000E-01  0.00000E+00  0.00000E+00  0.00000E+00   -0.84498E+02 -0.24161E+03  0.32611E+03 -0.41770E+03  0.14664E+03  0.58400E+02      298.00
  0.36052E-01  0.92670E+03   -0.36250E-01 -0.36250E-01  0.72500E-01  0.00000E+00  0.00000E+00  0.00000E+00   -0.84720E+02 -0.24225E+03  0.32697E+03 -0.41819E+03  0.14682E+03  0.58559E+02      298.00
  0.36317E-01  0.92821E+03   -0.36500E-01 -0.36500E-01  0.73000E-01  0.00000E+00  0.00000E+00  0.00000E+00   -0.84943E+02 -0.24289E+03  0.32783E+03 -0.41868E+03  0.14700E+03  0.58716E+02      298.00
  0.36582E-01  0.92970E+03   -0.36750E-01 -0.36750E-01  0.73500E-01  0.00000E+00  0.00000E+00  0.00000E+00   -0.85165E+02 -0.24352E+03  0.32868E+03 -0.41916E+03  0.14718E+03  0.58873E+02      298.00
  0.36847E-01  0.93118E+03   -0.37000E-01 -0.37000E-01  0.74000E-01  0.00000E+00  0.00000E+00  0.00000E+00   -0.85388E+02 -0.24415E+03  0.32953E+03 -0.41963E+03  0.14735E+03  0.59030E+02      298.00
  0.37112E-01  0.93264E+03   -0.37250E-01 -0.37250E-01  0.74500E-01  0.00000E+00  0.00000E+00  0.00000E+00   -0.85610E+02 -0.24477E+03  0.33038E+03 -0.42009E+03  0.14752E+03  0.59185E+02      298.00
  0.37378E-01  0.93409E+03   -0.37500E-01 -0.37500E-01  0.75000E-01  0.00000E+00  0.00000E+00  0.00000E+00   -0.85833E+02 -0.24539E+03  0.33122E+03 -0.42055E+03  0.14769E+03  0.59339E+02      298.00
          Evm          Svm            E11          E22          E33          E23          E13          E12         SDEV11       SDEV22       SDEV33       SDEV23       SDEV13       SDEV12      TEMP
  0.37378E-01  0.93365E+03   -0.37500E-01 -0.37500E-01  0.75000E-01  0.00000E+00  0.00000E+00  0.00000E+00   -0.86041E+02 -0.24507E+03  0.33111E+03 -0.42037E+03  0.14752E+03  0.59614E+02      298.00
  0.37644E-01  0.93502E+03   -0.37750E-01 -0.37750E-01  0.75500E-01  0.00000E+00  0.00000E+00  0.00000E+00   -0.85940E+02 -0.24604E+03  0.33198E+03 -0.42070E+03  0.14777E+03  0.59464E+02      298.00
  0.37910E-01  0.93696E+03   -0.38000E-01 -0.38000E-01  0.76000E-01  0.00000E+00  0.00000E+00  0.00000E+00   -0.86274E+02 -0.24663E+03  0.33291E+03 -0.42144E+03  0.14802E+03  0.59645E+02      298.00
  0.38177E-01  0.93786E+03   -0.38250E-01 -0.38250E-01  0.76500E-01  0.00000E+00  0.00000E+00  0.00000E+00   -0.86352E+02 -0.24730E+03  0.33365E+03 -0.42157E+03  0.14812E+03  0.59718E+02      298.00
  0.38444E-01  0.93976E+03   -0.38500E-01 -0.38500E-01  0.77000E-01  0.00000E+00  0.00000E+00  0.00000E+00   -0.86718E+02 -0.24786E+03  0.33457E+03 -0.42230E+03  0.14834E+03  0.59946E+02      298.00
  0.38711E-01  0.94065E+03   -0.38750E-01 -0.38750E-01  0.77500E-01  0.00000E+00  0.00000E+00  0.00000E+00   -0.86803E+02 -0.24851E+03  0.33531E+03 -0.42243E+03  0.14843E+03  0.60022E+02      298.00
  0.38978E-01  0.94202E+03   -0.39000E-01 -0.39000E-01  0.78000E-01  0.00000E+00  0.00000E+00  0.00000E+00   -0.87019E+02 -0.24912E+03  0.33614E+03 -0.42284E+03  0.14858E+03  0.60167E+02      298.00
  0.39246E-01  0.94338E+03   -0.39250E-01 -0.39250E-01  0.78500E-01  0.00000E+00  0.00000E+00  0.00000E+00   -0.87247E+02 -0.24971E+03  0.33696E+03 -0.42325E+03  0.14873E+03  0.60321E+02      298.00
  0.39513E-01  0.94472E+03   -0.39500E-01 -0.39500E-01  0.79000E-01  0.00000E+00  0.00000E+00  0.00000E+00   -0.87477E+02 -0.25030E+03  0.33778E+03 -0.42365E+03  0.14888E+03  0.60476E+02      298.00
  0.39782E-01  0.94605E+03   -0.39750E-01 -0.39750E-01  0.79500E-01  0.00000E+00  0.00000E+00  0.00000E+00   -0.87707E+02 -0.25089E+03  0.33860E+03 -0.42405E+03  0.14902E+03  0.60631E+02      298.00
  0.40050E-01  0.94737E+03   -0.40000E-01 -0.40000E-01  0.80000E-01  0.00000E+00  0.00000E+00  0.00000E+00   -0.87938E+02 -0.25147E+03  0.33941E+03 -0.42443E+03  0.14916E+03  0.60786E+02      298.00
  0.40319E-01  0.94868E+03   -0.40250E-01 -0.40250E-01  0.80500E-01  0.00000E+00  0.00000E+00  0.00000E+00   -0.88169E+02 -0.25205E+03  0.34022E+03 -0.42481E+03  0.14930E+03  0.60940E+02      298.00
  0.40588E-01  0.94997E+03   -0.40500E-01 -0.40500E-01  0.81000E-01  0.00000E+00  0.00000E+00  0.00000E+00   -0.88400E+02 -0.25263E+03  0.34103E+03 -0.42519E+03  0.14943E+03  0.61093E+02      298.00
  0.40857E-01  0.95125E+03   -0.40750E-01 -0.40750E-01  0.81500E-01  0.00000E+00  0.00000E+00  0.00000E+00   -0.88629E+02 -0.25320E+03  0.34183E+03 -0.42556E+03  0.14957E+03  0.61244E+02      298.00
  0.41126E-01  0.95252E+03   -0.41000E-01 -0.41000E-01  0.82000E-01  0.00000E+00  0.00000E+00  0.00000E+00   -0.88858E+02 -0.25377E+03  0.34263E+03 -0.42591E+03  0.14970E+03  0.61393E+02      298.00
  0.41396E-01  0.95377E+03   -0.41250E-01 -0.41250E-01  0.82500E-01  0.00000E+00  0.00000E+00  0.00000E+00   -0.89087E+02 -0.25434E+03  0.34343E+03 -0.42627E+03  0.14983E+03  0.61540E+02      298.00
  0.41666E-01  0.95501E+03   -0.41500E-01 -0.41500E-01  0.83000E-01  0.00000E+00  0.00000E+00  0.00000E+00   -0.89314E+02 -0.25491E+03  0.34423E+03 -0.42661E+03  0.14995E+03  0.61686E+02      298.00
  0.41937E-01  0.95623E+03   -0.41750E-01 -0.41750E-01  0.83500E-01  0.00000E+00  0.00000E+00  0.00000E+00   -0.89541E+02 -0.25548E+03  0.34502E+03 -0.42695E+03  0.15008E+03  0.61830E+02      298.00
  0.42207E-01  0.95745E+03   -0.42000E-01 -0.42000E-01  0.84000E-01  0.00000E+00  0.00000E+00  0.00000E+00   -0.89769E+02 -0.25604E+03  0.34581E+03 -0.42728E+03  0.15020E+03  0.61975E+02      298.00
  0.42478E-01  0.95865E+03   -0.42250E-01 -0.42250E-01  0.84500E-01  0.00000E+00  0.00000E+00  0.00000E+00   -0.89997E+02 -0.25660E+03  0.34660E+03 -0.42761E+03  0.15032E+03  0.62120E+02      298.00
  0.42749E-01  0.95984E+03   -0.42500E-01 -0.42500E-01  0.85000E-01  0.00000E+00  0.00000E+00  0.00000E+00   -0.90228E+02 -0.25715E+03  0.34738E+03 -0.42792E+03  0.15043E+03  0.62267E+02      298.00
  0.43021E-01  0.96031E+03   -0.42750E-01 -0.42750E-01  0.85500E-01  0.00000E+00  0.00000E+00  0.00000E+00   -0.90359E+02 -0.25762E+03  0.34798E+03 -0.42786E+03  0.15045E+03  0.62318E+02      298.00
  0.43292E-01  0.96148E+03   -0.43000E-01 -0.43000E-01  0.86000E-01  0.00000E+00  0.00000E+00  0.00000E+00   -0.90594E+02 -0.25817E+03  0.34876E+03 -0.42817E+03  0.15056E+03  0.62465E+02      298.00
  0.43564E-01  0.96278E+03   -0.43250E-01 -0.43250E-01  0.86500E-01  0.00000E+00  0.00000E+00  0.00000E+00   -0.90831E+02 -0.25869E+03  0.34952E+03 -0.42858E+03  0.15075E+03  0.62470E+02      298.00
  0.43837E-01  0.96393E+03   -0.43500E-01 -0.43500E-01  0.87000E-01  0.00000E+00  0.00000E+00  0.00000E+00   -0.91037E+02 -0.25930E+03  0.35034E+03 -0.42884E+03  0.15083E+03  0.62701E+02      298.00
  0.44109E-01  0.96507E+03   -0.43750E-01 -0.43750E-01  0.87500E-01  0.00000E+00  0.00000E+00  0.00000E+00   -0.91242E+02 -0.25983E+03  0.35107E+03 -0.42917E+03  0.15099E+03  0.62691E+02      298.00
  0.44382E-01  0.96620E+03   -0.44000E-01 -0.44000E-01  0.88000E-01  0.00000E+00  0.00000E+00  0.00000E+00   -0.91463E+02 -0.26042E+03  0.35188E+03 -0.42942E+03  0.15105E+03  0.62938E+02      298.00
  0.44655E-01  0.96721E+03   -0.44250E-01 -0.44250E-01  0.88500E-01  0.00000E+00  0.00000E+00  0.00000E+00   -0.91687E+02 -0.26094E+03  0.35263E+03 -0.42964E+03  0.15113E+03  0.63094E+02      298.00
  0.44929E-01  0.96842E+03   -0.44500E-01 -0.44500E-01  0.89000E-01  0.00000E+00  0.00000E+00  0.00000E+00   -0.91913E+02 -0.26146E+03  0.35337E+03 -0.43000E+03  0.15130E+03  0.63091E+02      298.00
  0.45202E-01  0.96953E+03   -0.44750E-01 -0.44750E-01  0.89500E-01  0.00000E+00  0.00000E+00  0.00000E+00   -0.92129E+02 -0.26205E+03  0.35418E+03 -0.43024E+03  0.15137E+03  0.63325E+02      298.00
  0.45476E-01  0.97060E+03   -0.45000E-01 -0.45000E-01  0.90000E-01  0.00000E+00  0.00000E+00  0.00000E+00   -0.92328E+02 -0.26257E+03  0.35490E+03 -0.43052E+03  0.15152E+03  0.63311E+02      298.00
  0.45751E-01  0.97169E+03   -0.45250E-01 -0.45250E-01  0.90500E-01  0.00000E+00  0.00000E+00  0.00000E+00   -0.92556E+02 -0.26314E+03  0.35570E+03 -0.43075E+03  0.15157E+03  0.63557E+02      298.00
  0.46025E-01  0.97274E+03   -0.45500E-01 -0.45500E-01  0.91000E-01  0.00000E+00  0.00000E+00  0.00000E+00   -0.92747E+02 -0.26366E+03  0.35641E+03 -0.43102E+03  0.15172E+03  0.63535E+02      298.00
  0.46300E-01  0.97382E+03   -0.45750E-01 -0.45750E-01  0.91500E-01  0.00000E+00  0.00000E+00  0.00000E+00   -0.92985E+02 -0.26422E+03  0.35721E+03 -0.43125E+03  0.15177E+03  0.63789E+02      298.00
  0.46575E-01  0.97484E+03   -0.46000E-01 -0.46000E-01  0.92000E-01  0.00000E+00  0.00000E+00  0.00000E+00   -0.93170E+02 -0.26474E+03  0.35791E+03 -0.43150E+03  0.15192E+03  0.63761E+02      298.00
  0.46850E-01  0.97590E+03   -0.46250E-01 -0.46250E-01  0.92500E-01  0.00000E+00  0.00000E+00  0.00000E+00   -0.93415E+02 -0.26529E+03  0.35871E+03 -0.43172E+03  0.15196E+03  0.64021E+02      298.00
  0.47126E-01  0.97690E+03   -0.46500E-01 -0.46500E-01  0.93000E-01  0.00000E+00  0.00000E+00  0.00000E+00   -0.93596E+02 -0.26581E+03  0.35941E+03 -0.43196E+03  0.15210E+03  0.63988E+02      298.00
  0.47402E-01  0.97794E+03   -0.46750E-01 -0.46750E-01  0.93500E-01  0.00000E+00  0.00000E+00  0.00000E+00   -0.93846E+02 -0.26635E+03  0.36020E+03 -0.43217E+03  0.15214E+03  0.64251E+02      298.00
  0.47678E-01  0.97892E+03   -0.47000E-01 -0.47000E-01  0.94000E-01  0.00000E+00  0.00000E+00  0.00000E+00   -0.94023E+02 -0.26687E+03  0.36090E+03 -0.43239E+03  0.15228E+03  0.64215E+02      298.00
  0.47955E-01  0.97994E+03   -0.47250E-01 -0.47250E-01  0.94500E-01  0.00000E+00  0.00000E+00  0.00000E+00   -0.94278E+02 -0.26741E+03  0.36168E+03 -0.43259E+03  0.15231E+03  0.64480E+02      298.00
  0.48232E-01  0.98090E+03   -0.47500E-01 -0.47500E-01  0.95000E-01  0.00000E+00  0.00000E+00  0.00000E+00   -0.94452E+02 -0.26792E+03  0.36237E+03 -0.43280E+03  0.15245E+03  0.64441E+02      298.00
  0.48509E-01  0.98191E+03   -0.47750E-01 -0.47750E-01  0.95500E-01  0.00000E+00  0.00000E+00  0.00000E+00   -0.94710E+02 -0.26845E+03  0.36316E+03 -0.43300E+03  0.15248E+03  0.64707E+02      298.00
  0.48786E-01  0.98284E+03   -0.48000E-01 -0.48000E-01  0.96000E-01  0.00000E+00  0.00000E+00  0.00000E+00   -0.94881E+02 -0.26896E+03  0.36384E+03 -0.43319E+03  0.15261E+03  0.64666E+02      298.00
  0.49064E-01  0.98383E+03   -0.48250E-01 -0.48250E-01  0.96500E-01  0.00000E+00  0.00000E+00  0.00000E+00   -0.95142E+02 -0.26948E+03  0.36462E+03 -0.43338E+03  0.15263E+03  0.64931E+02      298.00
  0.49342E-01  0.98474E+03   -0.48500E-01 -0.48500E-01  0.97000E-01  0.00000E+00  0.00000E+00  0.00000E+00   -0.95311E+02 -0.26999E+03  0.36530E+03 -0.43357E+03  0.15276E+03  0.64889E+02      298.00
  0.49620E-01  0.98572E+03   -0.48750E-01 -0.48750E-01  0.97500E-01  0.00000E+00  0.00000E+00  0.00000E+00   -0.95573E+02 -0.27050E+03  0.36608E+03 -0.43375E+03  0.15278E+03  0.65153E+02      298.00
  0.49898E-01  0.98661E+03   -0.49000E-01 -0.49000E-01  0.98000E-01  0.00000E+00  0.00000E+00  0.00000E+00   -0.95741E+02 -0.27101E+03  0.36675E+03 -0.43392E+03  0.15291E+03  0.65110E+02      298.00
  0.50177E-01  0.98757E+03   -0.49250E-01 -0.49250E-01  0.98500E-01  0.00000E+00  0.00000E+00  0.00000E+00   -0.96005E+02 -0.27152E+03  0.36752E+03 -0.43409E+03  0.15292E+03  0.65373E+02      298.00
  0.50456E-01  0.98844E+03   -0.49500E-01 -0.49500E-01  0.99000E-01  0.00000E+00  0.00000E+00  0.00000E+00   -0.96172E+02 -0.27203E+03  0.36820E+03 -0.43425E+03  0.15305E+03  0.65330E+02      298.00
  0.50736E-01  0.98941E+03   -0.49750E-01 -0.49750E-01  0.99500E-01  0.00000E+00  0.00000E+00  0.00000E+00   -0.96358E+02 -0.27258E+03  0.36893E+03 -0.43444E+03  0.15314E+03  0.65400E+02      298.00
  0.51015E-01  0.99028E+03   -0.50000E-01 -0.50000E-01  0.10000E+00  0.00000E+00  0.00000E+00  0.00000E+00   -0.96642E+02 -0.27304E+03  0.36968E+03 -0.43456E+03  0.15313E+03  0.65687E+02      298.00
          Evm          Svm            E11          E22          E33          E23          E13          E12         SDEV11       SDEV22       SDEV33       SDEV23       SDEV13       SDEV12      TEMP
  0.51015E-01  0.99065E+03   -0.50000E-01 -0.50000E-01  0.10000E+00  0.00000E+00  0.00000E+00  0.00000E+00   -0.96862E+02 -0.27290E+03  0.36977E+03 -0.43480E+03  0.15310E+03  0.65920E+02      298.00
  0.51295E-01  0.99206E+03   -0.50250E-01 -0.50250E-01  0.10050E+00  0.00000E+00  0.00000E+00  0.00000E+00   -0.96888E+02 -0.27370E+03  0.37059E+03 -0.43519E+03  0.15340E+03  0.65681E+02      298.00
  0.51576E-01  0.99184E+03   -0.50500E-01 -0.50500E-01  0.10100E+00  0.00000E+00  0.00000E+00  0.00000E+00   -0.97018E+02 -0.27401E+03  0.37103E+03 -0.43476E+03  0.15326E+03  0.65792E+02      298.00
  0.51856E-01  0.99289E+03   -0.50750E-01 -0.50750E-01  0.10150E+00  0.00000E+00  0.00000E+00  0.00000E+00   -0.97216E+02 -0.27456E+03  0.37178E+03 -0.43500E+03  0.15338E+03  0.65826E+02      298.00
  0.52137E-01  0.99354E+03   -0.51000E-01 -0.51000E-01  0.10200E+00  0.00000E+00  0.00000E+00  0.00000E+00   -0.97444E+02 -0.27500E+03  0.37244E+03 -0.43502E+03  0.15338E+03  0.65995E+02      298.00
  0.52418E-01  0.99460E+03   -0.51250E-01 -0.51250E-01  0.10250E+00  0.00000E+00  0.00000E+00  0.00000E+00   -0.97641E+02 -0.27555E+03  0.37319E+03 -0.43526E+03  0.15350E+03  0.66030E+02      298.00
  0.52699E-01  0.99524E+03   -0.51500E-01 -0.51500E-01  0.10300E+00  0.00000E+00  0.00000E+00  0.00000E+00   -0.97871E+02 -0.27598E+03  0.37386E+03 -0.43528E+03  0.15349E+03  0.66200E+02      298.00
  0.52981E-01  0.99628E+03   -0.51750E-01 -0.51750E-01  0.10350E+00  0.00000E+00  0.00000E+00  0.00000E+00   -0.98065E+02 -0.27654E+03  0.37460E+03 -0.43551E+03  0.15361E+03  0.66233E+02      298.00
  0.53263E-01  0.99691E+03   -0.52000E-01 -0.52000E-01  0.10400E+00  0.00000E+00  0.00000E+00  0.00000E+00   -0.98298E+02 -0.27696E+03  0.37526E+03 -0.43552E+03  0.15360E+03  0.66402E+02      298.00
  0.53546E-01  0.99793E+03   -0.52250E-01 -0.52250E-01  0.10450E+00  0.00000E+00  0.00000E+00  0.00000E+00   -0.98491E+02 -0.27751E+03  0.37600E+03 -0.43573E+03  0.15372E+03  0.66434E+02      298.00
  0.53828E-01  0.99855E+03   -0.52500E-01 -0.52500E-01  0.10500E+00  0.00000E+00  0.00000E+00  0.00000E+00   -0.98725E+02 -0.27794E+03  0.37666E+03 -0.43574E+03  0.15371E+03  0.66603E+02      298.00
  0.54111E-01  0.99954E+03   -0.52750E-01 -0.52750E-01  0.10550E+00  0.00000E+00  0.00000E+00  0.00000E+00   -0.98916E+02 -0.27848E+03  0.37740E+03 -0.43594E+03  0.15382E+03  0.66634E+02      298.00
  0.54394E-01  0.10004E+04   -0.53000E-01 -0.53000E-01  0.10600E+00  0.00000E+00  0.00000E+00  0.00000E+00   -0.99112E+02 -0.27899E+03  0.37810E+03 -0.43606E+03  0.15388E+03  0.66715E+02      298.00
  0.54678E-01  0.10009E+04   -0.53250E-01 -0.53250E-01  0.10650E+00  0.00000E+00  0.00000E+00  0.00000E+00   -0.99360E+02 -0.27939E+03  0.37875E+03 -0.43604E+03  0.15385E+03  0.66894E+02      298.00
  0.54961E-01  0.10019E+04   -0.53500E-01 -0.53500E-01  0.10700E+00  0.00000E+00  0.00000E+00  0.00000E+00   -0.99551E+02 -0.27992E+03  0.37947E+03 -0.43623E+03  0.15395E+03  0.66927E+02      298.00
  0.55246E-01  0.10027E+04   -0.53750E-01 -0.53750E-01  0.10750E+00  0.00000E+00  0.00000E+00  0.00000E+00   -0.99748E+02 -0.28043E+03  0.38018E+03 -0.43633E+03  0.15401E+03  0.67007E+02      298.00
  0.55530E-01  0.10033E+04   -0.54000E-01 -0.54000E-01  0.10800E+00  0.00000E+00  0.00000E+00  0.00000E+00   -0.99998E+02 -0.28082E+03  0.38081E+03 -0.43630E+03  0.15398E+03  0.67186E+02      298.00
  0.55815E-01  0.10042E+04   -0.54250E-01 -0.54250E-01  0.10850E+00  0.00000E+00  0.00000E+00  0.00000E+00   -0.10019E+03 -0.28135E+03  0.38154E+03 -0.43647E+03  0.15407E+03  0.67218E+02      298.00
  0.56099E-01  0.10050E+04   -0.54500E-01 -0.54500E-01  0.10900E+00  0.00000E+00  0.00000E+00  0.00000E+00   -0.10039E+03 -0.28185E+03  0.38223E+03 -0.43656E+03  0.15412E+03  0.67297E+02      298.00
  0.56385E-01  0.10057E+04   -0.54750E-01 -0.54750E-01  0.10950E+00  0.00000E+00  0.00000E+00  0.00000E+00   -0.10059E+03 -0.28232E+03  0.38291E+03 -0.43662E+03  0.15416E+03  0.67385E+02      298.00
  0.56670E-01  0.10065E+04   -0.55000E-01 -0.55000E-01  0.11000E+00  0.00000E+00  0.00000E+00  0.00000E+00   -0.10080E+03 -0.28279E+03  0.38360E+03 -0.43669E+03  0.15420E+03  0.67478E+02      298.00
  0.56956E-01  0.10072E+04   -0.55250E-01 -0.55250E-01  0.11050E+00  0.00000E+00  0.00000E+00  0.00000E+00   -0.10101E+03 -0.28326E+03  0.38427E+03 -0.43675E+03  0.15423E+03  0.67571E+02      298.00
  0.57242E-01  0.10079E+04   -0.55500E-01 -0.55500E-01  0.11100E+00  0.00000E+00  0.00000E+00  0.00000E+00   -0.10122E+03 -0.28373E+03  0.38495E+03 -0.43680E+03  0.15426E+03  0.67665E+02      298.00
  0.57529E-01  0.10086E+04   -0.55750E-01 -0.55750E-01  0.11150E+00  0.00000E+00  0.00000E+00  0.00000E+00   -0.10144E+03 -0.28419E+03  0.38563E+03 -0.43686E+03  0.15429E+03  0.67758E+02      298.00
  0.57815E-01  0.10094E+04   -0.56000E-01 -0.56000E-01  0.11200E+00  0.00000E+00  0.00000E+00  0.00000E+00   -0.10165E+03 -0.28465E+03  0.38630E+03 -0.43690E+03  0.15432E+03  0.67851E+02      298.00
  0.58103E-01  0.10101E+04   -0.56250E-01 -0.56250E-01  0.11250E+00  0.00000E+00  0.00000E+00  0.00000E+00   -0.10186E+03 -0.28512E+03  0.38698E+03 -0.43695E+03  0.15435E+03  0.67943E+02      298.00
  0.58390E-01  0.10108E+04   -0.56500E-01 -0.56500E-01  0.11300E+00  0.00000E+00  0.00000E+00  0.00000E+00   -0.10207E+03 -0.28558E+03  0.38765E+03 -0.43699E+03  0.15438E+03  0.68036E+02      298.00
  0.58677E-01  0.10114E+04   -0.56750E-01 -0.56750E-01  0.11350E+00  0.00000E+00  0.00000E+00  0.00000E+00   -0.10228E+03 -0.28603E+03  0.38832E+03 -0.43703E+03  0.15440E+03  0.68128E+02      298.00
  0.58965E-01  0.10121E+04   -0.57000E-01 -0.57000E-01  0.11400E+00  0.00000E+00  0.00000E+00  0.00000E+00   -0.10250E+03 -0.28649E+03  0.38899E+03 -0.43706E+03  0.15443E+03  0.68219E+02      298.00
  0.59254E-01  0.10128E+04   -0.57250E-01 -0.57250E-01  0.11450E+00  0.00000E+00  0.00000E+00  0.00000E+00   -0.10271E+03 -0.28694E+03  0.38965E+03 -0.43709E+03  0.15445E+03  0.68311E+02      298.00
  0.59542E-01  0.10135E+04   -0.57500E-01 -0.57500E-01  0.11500E+00  0.00000E+00  0.00000E+00  0.00000E+00   -0.10292E+03 -0.28740E+03  0.39032E+03 -0.43712E+03  0.15447E+03  0.68401E+02      298.00
  0.59831E-01  0.10141E+04   -0.57750E-01 -0.57750E-01  0.11550E+00  0.00000E+00  0.00000E+00  0.00000E+00   -0.10313E+03 -0.28785E+03  0.39098E+03 -0.43714E+03  0.15449E+03  0.68492E+02      298.00
  0.60120E-01  0.10148E+04   -0.58000E-01 -0.58000E-01  0.11600E+00  0.00000E+00  0.00000E+00  0.00000E+00   -0.10335E+03 -0.28830E+03  0.39165E+03 -0.43716E+03  0.15451E+03  0.68582E+02      298.00
  0.60410E-01  0.10155E+04   -0.58250E-01 -0.58250E-01  0.11650E+00  0.00000E+00  0.00000E+00  0.00000E+00   -0.10356E+03 -0.28875E+03  0.39231E+03 -0.43717E+03  0.15452E+03  0.68672E+02      298.00
  0.60699E-01  0.10161E+04   -0.58500E-01 -0.58500E-01  0.11700E+00  0.00000E+00  0.00000E+00  0.00000E+00   -0.10377E+03 -0.28920E+03  0.39297E+03 -0.43718E+03  0.15454E+03  0.68761E+02      298.00
  0.60989E-01  0.10167E+04   -0.58750E-01 -0.58750E-01  0.11750E+00  0.00000E+00  0.00000E+00  0.00000E+00   -0.10398E+03 -0.28964E+03  0.39363E+03 -0.43719E+03  0.15455E+03  0.68850E+02      298.00
  0.61280E-01  0.10174E+04   -0.59000E-01 -0.59000E-01  0.11800E+00  0.00000E+00  0.00000E+00  0.00000E+00   -0.10420E+03 -0.29009E+03  0.39428E+03 -0.43720E+03  0.15457E+03  0.68939E+02      298.00
  0.61571E-01  0.10180E+04   -0.59250E-01 -0.59250E-01  0.11850E+00  0.00000E+00  0.00000E+00  0.00000E+00   -0.10441E+03 -0.29053E+03  0.39494E+03 -0.43720E+03  0.15458E+03  0.69027E+02      298.00
  0.61861E-01  0.10186E+04   -0.59500E-01 -0.59500E-01  0.11900E+00  0.00000E+00  0.00000E+00  0.00000E+00   -0.10462E+03 -0.29097E+03  0.39559E+03 -0.43719E+03  0.15459E+03  0.69115E+02      298.00
  0.62153E-01  0.10192E+04   -0.59750E-01 -0.59750E-01  0.11950E+00  0.00000E+00  0.00000E+00  0.00000E+00   -0.10483E+03 -0.29142E+03  0.39625E+03 -0.43719E+03  0.15460E+03  0.69202E+02      298.00
  0.62444E-01  0.10199E+04   -0.60000E-01 -0.60000E-01  0.12000E+00  0.00000E+00  0.00000E+00  0.00000E+00   -0.10504E+03 -0.29186E+03  0.39690E+03 -0.43718E+03  0.15460E+03  0.69289E+02      298.00
  0.62736E-01  0.10205E+04   -0.60250E-01 -0.60250E-01  0.12050E+00  0.00000E+00  0.00000E+00  0.00000E+00   -0.10526E+03 -0.29229E+03  0.39755E+03 -0.43717E+03  0.15461E+03  0.69376E+02      298.00
  0.63028E-01  0.10211E+04   -0.60500E-01 -0.60500E-01  0.12100E+00  0.00000E+00  0.00000E+00  0.00000E+00   -0.10547E+03 -0.29273E+03  0.39820E+03 -0.43715E+03  0.15462E+03  0.69462E+02      298.00
  0.63321E-01  0.10217E+04   -0.60750E-01 -0.60750E-01  0.12150E+00  0.00000E+00  0.00000E+00  0.00000E+00   -0.10568E+03 -0.29317E+03  0.39885E+03 -0.43713E+03  0.15462E+03  0.69548E+02      298.00
  0.63614E-01  0.10222E+04   -0.61000E-01 -0.61000E-01  0.12200E+00  0.00000E+00  0.00000E+00  0.00000E+00   -0.10589E+03 -0.29360E+03  0.39949E+03 -0.43711E+03  0.15462E+03  0.69633E+02      298.00
  0.63907E-01  0.10228E+04   -0.61250E-01 -0.61250E-01  0.12250E+00  0.00000E+00  0.00000E+00  0.00000E+00   -0.10610E+03 -0.29404E+03  0.40014E+03 -0.43708E+03  0.15463E+03  0.69718E+02      298.00
  0.64200E-01  0.10238E+04   -0.61500E-01 -0.61500E-01  0.12300E+00  0.00000E+00  0.00000E+00  0.00000E+00   -0.10626E+03 -0.29465E+03  0.40091E+03 -0.43721E+03  0.15471E+03  0.69758E+02      298.00
  0.64494E-01  0.10240E+04   -0.61750E-01 -0.61750E-01  0.12350E+00  0.00000E+00  0.00000E+00  0.00000E+00   -0.10650E+03 -0.29493E+03  0.40143E+03 -0.43702E+03  0.15464E+03  0.69861E+02      298.00
  0.64788E-01  0.10249E+04   -0.62000E-01 -0.62000E-01  0.12400E+00  0.00000E+00  0.00000E+00  0.00000E+00   -0.10668E+03 -0.29552E+03  0.40220E+03 -0.43714E+03  0.15471E+03  0.69918E+02      298.00
  0.65082E-01  0.10251E+04   -0.62250E-01 -0.62250E-01  0.12450E+00  0.00000E+00  0.00000E+00  0.00000E+00   -0.10693E+03 -0.29579E+03  0.40271E+03 -0.43695E+03  0.15464E+03  0.70027E+02      298.00
  0.65377E-01  0.10260E+04   -0.62500E-01 -0.62500E-01  0.12500E+00  0.00000E+00  0.00000E+00  0.00000E+00   -0.10710E+03 -0.29637E+03  0.40347E+03 -0.43705E+03  0.15470E+03  0.70087E+02      298.00
