          Evm          Svm            E11          E22          E33          E23          E13          E12         SDEV11       SDEV22       SDEV33       SDEV23       SDEV13       SDEV12      TEMP
  0.00000E+00  0.30958E+03    0.00000E+00  0.00000E+00  0.00000E+00  0.00000E+00  0.00000E+00  0.00000E+00   -0.20311E+03  0.80654E+02  0.12246E+03  0.18607E+01 -0.18670E+02 -0.14752E+02      298.00
  0.29667E-03  0.31347E+03   -0.25000E-03 -0.25000E-03  0.50000E-03  0.00000E+00  0.00000E+00  0.00000E+00   -0.20544E+03  0.80125E+02  0.12532E+03  0.20517E+01 -0.19028E+02 -0.14948E+02      298.00
  0.59649E-03  0.31689E+03   -0.50000E-03 -0.50000E-03  0.10000E-02  0.00000E+00  0.00000E+00  0.00000E+00   -0.20745E+03  0.79584E+02  0.12787E+03  0.22136E+01 -0.19448E+02 -0.15150E+02      298.00
  0.89913E-03  0.32114E+03   -0.75000E-03 -0.75000E-03  0.15000E-02  0.00000E+00  0.00000E+00  0.00000E+00   -0.21004E+03  0.79456E+02  0.13059E+03  0.23905E+01 -0.19810E+02 -0.15382E+02      298.00
  0.12041E-02  0.32491E+03   -0.10000E-02 -0.10000E-02  0.20000E-02  0.00000E+00  0.00000E+00  0.00000E+00   -0.21233E+03  0.79316E+02  0.13301E+03  0.25244E+01 -0.20168E+02 -0.15590E+02      298.00
  0.15111E-02  0.32867E+03   -0.12500E-02 -0.12500E-02  0.25000E-02  0.00000E+00  0.00000E+00  0.00000E+00   -0.21462E+03  0.79287E+02  0.13533E+03  0.26468E+01 -0.20513E+02 -0.15797E+02      298.00
  0.18200E-02  0.33243E+03   -0.15000E-02 -0.15000E-02  0.30000E-02  0.00000E+00  0.00000E+00  0.00000E+00   -0.21692E+03  0.79357E+02  0.13756E+03  0.27572E+01 -0.20847E+02 -0.16002E+02      298.00
  0.21303E-02  0.33617E+03   -0.17500E-02 -0.17500E-02  0.35000E-02  0.00000E+00  0.00000E+00  0.00000E+00   -0.21922E+03  0.79517E+02  0.13971E+03  0.28573E+01 -0.21170E+02 -0.16205E+02      298.00
  0.24420E-02  0.33951E+03   -0.20000E-02 -0.20000E-02  0.40000E-02  0.00000E+00  0.00000E+00  0.00000E+00   -0.22127E+03  0.79627E+02  0.14164E+03  0.29326E+01 -0.21453E+02 -0.16482E+02      298.00
  0.27549E-02  0.34323E+03   -0.22500E-02 -0.22500E-02  0.45000E-02  0.00000E+00  0.00000E+00  0.00000E+00   -0.22359E+03  0.79943E+02  0.14364E+03  0.30163E+01 -0.21767E+02 -0.16672E+02      298.00
  0.30688E-02  0.34693E+03   -0.25000E-02 -0.25000E-02  0.50000E-02  0.00000E+00  0.00000E+00  0.00000E+00   -0.22590E+03  0.80323E+02  0.14558E+03  0.30930E+01 -0.22070E+02 -0.16854E+02      298.00
  0.33835E-02  0.35061E+03   -0.27500E-02 -0.27500E-02  0.55000E-02  0.00000E+00  0.00000E+00  0.00000E+00   -0.22822E+03  0.80763E+02  0.14746E+03  0.31623E+01 -0.22368E+02 -0.17036E+02      298.00
  0.36989E-02  0.35427E+03   -0.30000E-02 -0.30000E-02  0.60000E-02  0.00000E+00  0.00000E+00  0.00000E+00   -0.23053E+03  0.81254E+02  0.14928E+03  0.32248E+01 -0.22659E+02 -0.17222E+02      298.00
  0.40150E-02  0.35791E+03   -0.32500E-02 -0.32500E-02  0.65000E-02  0.00000E+00  0.00000E+00  0.00000E+00   -0.23284E+03  0.81791E+02  0.15105E+03  0.32795E+01 -0.22943E+02 -0.17429E+02      298.00
  0.43315E-02  0.36165E+03   -0.35000E-02 -0.35000E-02  0.70000E-02  0.00000E+00  0.00000E+00  0.00000E+00   -0.23524E+03  0.82430E+02  0.15281E+03  0.33368E+01 -0.23206E+02 -0.17492E+02      298.00
  0.46484E-02  0.36550E+03   -0.37500E-02 -0.37500E-02  0.75000E-02  0.00000E+00  0.00000E+00  0.00000E+00   -0.23766E+03  0.83133E+02  0.15453E+03  0.33494E+01 -0.23755E+02 -0.17825E+02      298.00
  0.49655E-02  0.36875E+03   -0.40000E-02 -0.40000E-02  0.80000E-02  0.00000E+00  0.00000E+00  0.00000E+00   -0.23977E+03  0.83675E+02  0.15610E+03  0.34277E+01 -0.23813E+02 -0.17808E+02      298.00
  0.52830E-02  0.37238E+03   -0.42500E-02 -0.42500E-02  0.85000E-02  0.00000E+00  0.00000E+00  0.00000E+00   -0.24211E+03  0.84384E+02  0.15772E+03  0.34615E+01 -0.24033E+02 -0.18023E+02      298.00
  0.56006E-02  0.37590E+03   -0.45000E-02 -0.45000E-02  0.90000E-02  0.00000E+00  0.00000E+00  0.00000E+00   -0.24438E+03  0.85092E+02  0.15929E+03  0.34982E+01 -0.24299E+02 -0.18163E+02      298.00
  0.59184E-02  0.37938E+03   -0.47500E-02 -0.47500E-02  0.95000E-02  0.00000E+00  0.00000E+00  0.00000E+00   -0.24663E+03  0.85816E+02  0.16081E+03  0.35305E+01 -0.24561E+02 -0.18323E+02      298.00
  0.62363E-02  0.38282E+03   -0.50000E-02 -0.50000E-02  0.10000E-01  0.00000E+00  0.00000E+00  0.00000E+00   -0.24884E+03  0.86534E+02  0.16230E+03  0.35480E+01 -0.24780E+02 -0.18642E+02      298.00
  0.65543E-02  0.38628E+03   -0.52500E-02 -0.52500E-02  0.10500E-01  0.00000E+00  0.00000E+00  0.00000E+00   -0.25108E+03  0.87306E+02  0.16378E+03  0.35721E+01 -0.25040E+02 -0.18815E+02      298.00
  0.68723E-02  0.38999E+03   -0.55000E-02 -0.55000E-02  0.11000E-01  0.00000E+00  0.00000E+00  0.00000E+00   -0.25345E+03  0.88188E+02  0.16527E+03  0.35606E+01 -0.25598E+02 -0.19102E+02      298.00
  0.71901E-02  0.39309E+03   -0.57500E-02 -0.57500E-02  0.11500E-01  0.00000E+00  0.00000E+00  0.00000E+00   -0.25550E+03  0.88875E+02  0.16663E+03  0.36122E+01 -0.25560E+02 -0.19155E+02      298.00
  0.75081E-02  0.39646E+03   -0.60000E-02 -0.60000E-02  0.12000E-01  0.00000E+00  0.00000E+00  0.00000E+00   -0.25770E+03  0.89683E+02  0.16802E+03  0.36318E+01 -0.25807E+02 -0.19300E+02      298.00
  0.78259E-02  0.39969E+03   -0.62500E-02 -0.62500E-02  0.12500E-01  0.00000E+00  0.00000E+00  0.00000E+00   -0.25979E+03  0.90444E+02  0.16934E+03  0.36472E+01 -0.26112E+02 -0.19516E+02      298.00
  0.81437E-02  0.40341E+03   -0.65000E-02 -0.65000E-02  0.13000E-01  0.00000E+00  0.00000E+00  0.00000E+00   -0.26222E+03  0.91441E+02  0.17078E+03  0.36438E+01 -0.26630E+02 -0.19533E+02      298.00
  0.84612E-02  0.40641E+03   -0.67500E-02 -0.67500E-02  0.13500E-01  0.00000E+00  0.00000E+00  0.00000E+00   -0.26421E+03  0.92160E+02  0.17205E+03  0.36832E+01 -0.26599E+02 -0.19630E+02      298.00
  0.87787E-02  0.40962E+03   -0.70000E-02 -0.70000E-02  0.14000E-01  0.00000E+00  0.00000E+00  0.00000E+00   -0.26630E+03  0.92968E+02  0.17334E+03  0.36936E+01 -0.26813E+02 -0.19827E+02      298.00
  0.90961E-02  0.41281E+03   -0.72500E-02 -0.72500E-02  0.14500E-01  0.00000E+00  0.00000E+00  0.00000E+00   -0.26839E+03  0.93775E+02  0.17461E+03  0.36971E+01 -0.27021E+02 -0.20072E+02      298.00
  0.94133E-02  0.41591E+03   -0.75000E-02 -0.75000E-02  0.15000E-01  0.00000E+00  0.00000E+00  0.00000E+00   -0.27040E+03  0.94563E+02  0.17584E+03  0.37029E+01 -0.27307E+02 -0.20297E+02      298.00
  0.97304E-02  0.41918E+03   -0.77500E-02 -0.77500E-02  0.15500E-01  0.00000E+00  0.00000E+00  0.00000E+00   -0.27257E+03  0.95455E+02  0.17712E+03  0.37184E+01 -0.27534E+02 -0.20292E+02      298.00
  0.10047E-01  0.42261E+03   -0.80000E-02 -0.80000E-02  0.16000E-01  0.00000E+00  0.00000E+00  0.00000E+00   -0.27477E+03  0.96377E+02  0.17839E+03  0.36837E+01 -0.28045E+02 -0.20682E+02      298.00
  0.10364E-01  0.42544E+03   -0.82500E-02 -0.82500E-02  0.16500E-01  0.00000E+00  0.00000E+00  0.00000E+00   -0.27668E+03  0.97126E+02  0.17955E+03  0.37317E+01 -0.28020E+02 -0.20551E+02      298.00
  0.10680E-01  0.42848E+03   -0.85000E-02 -0.85000E-02  0.17000E-01  0.00000E+00  0.00000E+00  0.00000E+00   -0.27867E+03  0.97937E+02  0.18073E+03  0.37364E+01 -0.28226E+02 -0.20726E+02      298.00
  0.10997E-01  0.43182E+03   -0.87500E-02 -0.87500E-02  0.17500E-01  0.00000E+00  0.00000E+00  0.00000E+00   -0.28084E+03  0.98877E+02  0.18196E+03  0.37163E+01 -0.28757E+02 -0.20879E+02      298.00
  0.11313E-01  0.43454E+03   -0.90000E-02 -0.90000E-02  0.18000E-01  0.00000E+00  0.00000E+00  0.00000E+00   -0.28266E+03  0.99585E+02  0.18307E+03  0.37436E+01 -0.28698E+02 -0.21003E+02      298.00
  0.11629E-01  0.43749E+03   -0.92500E-02 -0.92500E-02  0.18500E-01  0.00000E+00  0.00000E+00  0.00000E+00   -0.28459E+03  0.10038E+03  0.18421E+03  0.37455E+01 -0.28895E+02 -0.21183E+02      298.00
  0.11945E-01  0.44074E+03   -0.95000E-02 -0.95000E-02  0.19000E-01  0.00000E+00  0.00000E+00  0.00000E+00   -0.28668E+03  0.10129E+03  0.18539E+03  0.37093E+01 -0.29404E+02 -0.21528E+02      298.00
  0.12260E-01  0.44339E+03   -0.97500E-02 -0.97500E-02  0.19500E-01  0.00000E+00  0.00000E+00  0.00000E+00   -0.28847E+03  0.10201E+03  0.18646E+03  0.37504E+01 -0.29368E+02 -0.21425E+02      298.00
  0.12575E-01  0.44625E+03   -0.10000E-01 -0.10000E-01  0.20000E-01  0.00000E+00  0.00000E+00  0.00000E+00   -0.29035E+03  0.10280E+03  0.18756E+03  0.37512E+01 -0.29562E+02 -0.21594E+02      298.00
  0.12891E-01  0.44941E+03   -0.10250E-01 -0.10250E-01  0.20500E-01  0.00000E+00  0.00000E+00  0.00000E+00   -0.29240E+03  0.10371E+03  0.18870E+03  0.37276E+01 -0.30078E+02 -0.21754E+02      298.00
  0.13206E-01  0.45196E+03   -0.10500E-01 -0.10500E-01  0.21000E-01  0.00000E+00  0.00000E+00  0.00000E+00   -0.29411E+03  0.10439E+03  0.18972E+03  0.37526E+01 -0.30016E+02 -0.21847E+02      298.00
  0.13520E-01  0.45474E+03   -0.10750E-01 -0.10750E-01  0.21500E-01  0.00000E+00  0.00000E+00  0.00000E+00   -0.29594E+03  0.10516E+03  0.19078E+03  0.37523E+01 -0.30206E+02 -0.22011E+02      298.00
  0.13835E-01  0.45781E+03   -0.11000E-01 -0.11000E-01  0.22000E-01  0.00000E+00  0.00000E+00  0.00000E+00   -0.29792E+03  0.10603E+03  0.19189E+03  0.37217E+01 -0.30708E+02 -0.22255E+02      298.00
  0.14149E-01  0.46028E+03   -0.11250E-01 -0.11250E-01  0.22500E-01  0.00000E+00  0.00000E+00  0.00000E+00   -0.29959E+03  0.10671E+03  0.19288E+03  0.37523E+01 -0.30654E+02 -0.22248E+02      298.00
  0.14464E-01  0.46297E+03   -0.11500E-01 -0.11500E-01  0.23000E-01  0.00000E+00  0.00000E+00  0.00000E+00   -0.30136E+03  0.10746E+03  0.19390E+03  0.37513E+01 -0.30840E+02 -0.22403E+02      298.00
  0.14778E-01  0.46595E+03   -0.11750E-01 -0.11750E-01  0.23500E-01  0.00000E+00  0.00000E+00  0.00000E+00   -0.30328E+03  0.10832E+03  0.19497E+03  0.37248E+01 -0.31339E+02 -0.22586E+02      298.00
  0.15092E-01  0.46820E+03   -0.12000E-01 -0.12000E-01  0.24000E-01  0.00000E+00  0.00000E+00  0.00000E+00   -0.30481E+03  0.10892E+03  0.19588E+03  0.37663E+01 -0.31259E+02 -0.22505E+02      298.00
  0.15405E-01  0.47096E+03   -0.12250E-01 -0.12250E-01  0.24500E-01  0.00000E+00  0.00000E+00  0.00000E+00   -0.30662E+03  0.10970E+03  0.19692E+03  0.37493E+01 -0.31474E+02 -0.22760E+02      298.00
  0.15719E-01  0.47339E+03   -0.12500E-01 -0.12500E-01  0.25000E-01  0.00000E+00  0.00000E+00  0.00000E+00   -0.30822E+03  0.11037E+03  0.19785E+03  0.37626E+01 -0.31639E+02 -0.22799E+02      298.00
          Evm          Svm            E11          E22          E33          E23          E13          E12         SDEV11       SDEV22       SDEV33       SDEV23       SDEV13       SDEV12      TEMP
  0.15719E-01  0.47367E+03   -0.12500E-01 -0.12500E-01  0.25000E-01  0.00000E+00  0.00000E+00  0.00000E+00   -0.30839E+03  0.11047E+03  0.19792E+03  0.37338E+01 -0.31773E+02 -0.22959E+02      298.00
  0.16032E-01  0.47597E+03   -0.12750E-01 -0.12750E-01  0.25500E-01  0.00000E+00  0.00000E+00  0.00000E+00   -0.30992E+03  0.11110E+03  0.19883E+03  0.37606E+01 -0.31844E+02 -0.22923E+02      298.00
  0.16346E-01  0.47853E+03   -0.13000E-01 -0.13000E-01  0.26000E-01  0.00000E+00  0.00000E+00  0.00000E+00   -0.31161E+03  0.11182E+03  0.19979E+03  0.37601E+01 -0.32053E+02 -0.23026E+02      298.00
  0.16659E-01  0.48106E+03   -0.13250E-01 -0.13250E-01  0.26500E-01  0.00000E+00  0.00000E+00  0.00000E+00   -0.31327E+03  0.11253E+03  0.20074E+03  0.37588E+01 -0.32256E+02 -0.23136E+02      298.00
  0.16972E-01  0.48356E+03   -0.13500E-01 -0.13500E-01  0.27000E-01  0.00000E+00  0.00000E+00  0.00000E+00   -0.31491E+03  0.11323E+03  0.20169E+03  0.37572E+01 -0.32456E+02 -0.23250E+02      298.00
  0.17285E-01  0.48603E+03   -0.13750E-01 -0.13750E-01  0.27500E-01  0.00000E+00  0.00000E+00  0.00000E+00   -0.31654E+03  0.11392E+03  0.20262E+03  0.37554E+01 -0.32654E+02 -0.23366E+02      298.00
  0.17597E-01  0.48847E+03   -0.14000E-01 -0.14000E-01  0.28000E-01  0.00000E+00  0.00000E+00  0.00000E+00   -0.31814E+03  0.11460E+03  0.20354E+03  0.37534E+01 -0.32850E+02 -0.23481E+02      298.00
  0.17910E-01  0.49088E+03   -0.14250E-01 -0.14250E-01  0.28500E-01  0.00000E+00  0.00000E+00  0.00000E+00   -0.31973E+03  0.11528E+03  0.20445E+03  0.37513E+01 -0.33043E+02 -0.23597E+02      298.00
  0.18222E-01  0.49327E+03   -0.14500E-01 -0.14500E-01  0.29000E-01  0.00000E+00  0.00000E+00  0.00000E+00   -0.32130E+03  0.11594E+03  0.20536E+03  0.37492E+01 -0.33235E+02 -0.23711E+02      298.00
  0.18534E-01  0.49563E+03   -0.14750E-01 -0.14750E-01  0.29500E-01  0.00000E+00  0.00000E+00  0.00000E+00   -0.32285E+03  0.11660E+03  0.20625E+03  0.37470E+01 -0.33426E+02 -0.23825E+02      298.00
  0.18846E-01  0.49852E+03   -0.15000E-01 -0.15000E-01  0.30000E-01  0.00000E+00  0.00000E+00  0.00000E+00   -0.32472E+03  0.11744E+03  0.20727E+03  0.36955E+01 -0.33809E+02 -0.24198E+02      298.00
  0.19158E-01  0.50087E+03   -0.15250E-01 -0.15250E-01  0.30500E-01  0.00000E+00  0.00000E+00  0.00000E+00   -0.32629E+03  0.11810E+03  0.20819E+03  0.37115E+01 -0.33841E+02 -0.24259E+02      298.00
  0.19470E-01  0.50259E+03   -0.15500E-01 -0.15500E-01  0.31000E-01  0.00000E+00  0.00000E+00  0.00000E+00   -0.32742E+03  0.11854E+03  0.20888E+03  0.37367E+01 -0.34051E+02 -0.24154E+02      298.00
  0.19782E-01  0.50543E+03   -0.15750E-01 -0.15750E-01  0.31500E-01  0.00000E+00  0.00000E+00  0.00000E+00   -0.32928E+03  0.11937E+03  0.20992E+03  0.37068E+01 -0.34196E+02 -0.24500E+02      298.00
  0.20093E-01  0.50765E+03   -0.16000E-01 -0.16000E-01  0.32000E-01  0.00000E+00  0.00000E+00  0.00000E+00   -0.33075E+03  0.11998E+03  0.21076E+03  0.37046E+01 -0.34372E+02 -0.24570E+02      298.00
  0.20405E-01  0.50985E+03   -0.16250E-01 -0.16250E-01  0.32500E-01  0.00000E+00  0.00000E+00  0.00000E+00   -0.33219E+03  0.12059E+03  0.21160E+03  0.37037E+01 -0.34550E+02 -0.24675E+02      298.00
  0.20716E-01  0.51204E+03   -0.16500E-01 -0.16500E-01  0.33000E-01  0.00000E+00  0.00000E+00  0.00000E+00   -0.33363E+03  0.12119E+03  0.21243E+03  0.37009E+01 -0.34739E+02 -0.24776E+02      298.00
  0.21027E-01  0.51418E+03   -0.16750E-01 -0.16750E-01  0.33500E-01  0.00000E+00  0.00000E+00  0.00000E+00   -0.33503E+03  0.12178E+03  0.21325E+03  0.37005E+01 -0.34913E+02 -0.24872E+02      298.00
  0.21338E-01  0.51630E+03   -0.17000E-01 -0.17000E-01  0.34000E-01  0.00000E+00  0.00000E+00  0.00000E+00   -0.33642E+03  0.12236E+03  0.21406E+03  0.36986E+01 -0.35088E+02 -0.24979E+02      298.00
  0.21649E-01  0.51840E+03   -0.17250E-01 -0.17250E-01  0.34500E-01  0.00000E+00  0.00000E+00  0.00000E+00   -0.33780E+03  0.12293E+03  0.21486E+03  0.36968E+01 -0.35261E+02 -0.25082E+02      298.00
  0.21960E-01  0.51975E+03   -0.17500E-01 -0.17500E-01  0.35000E-01  0.00000E+00  0.00000E+00  0.00000E+00   -0.33868E+03  0.12322E+03  0.21546E+03  0.37213E+01 -0.35274E+02 -0.25158E+02      298.00
  0.22271E-01  0.52180E+03   -0.17750E-01 -0.17750E-01  0.35500E-01  0.00000E+00  0.00000E+00  0.00000E+00   -0.34002E+03  0.12378E+03  0.21624E+03  0.37196E+01 -0.35451E+02 -0.25256E+02      298.00
  0.22582E-01  0.52383E+03   -0.18000E-01 -0.18000E-01  0.36000E-01  0.00000E+00  0.00000E+00  0.00000E+00   -0.34136E+03  0.12434E+03  0.21702E+03  0.37177E+01 -0.35623E+02 -0.25352E+02      298.00
  0.22892E-01  0.52585E+03   -0.18250E-01 -0.18250E-01  0.36500E-01  0.00000E+00  0.00000E+00  0.00000E+00   -0.34268E+03  0.12488E+03  0.21780E+03  0.37157E+01 -0.35792E+02 -0.25448E+02      298.00
  0.23203E-01  0.52784E+03   -0.18500E-01 -0.18500E-01  0.37000E-01  0.00000E+00  0.00000E+00  0.00000E+00   -0.34398E+03  0.12542E+03  0.21856E+03  0.37138E+01 -0.35960E+02 -0.25543E+02      298.00
  0.23514E-01  0.52980E+03   -0.18750E-01 -0.18750E-01  0.37500E-01  0.00000E+00  0.00000E+00  0.00000E+00   -0.34527E+03  0.12595E+03  0.21932E+03  0.37120E+01 -0.36127E+02 -0.25637E+02      298.00
  0.23824E-01  0.53175E+03   -0.19000E-01 -0.19000E-01  0.38000E-01  0.00000E+00  0.00000E+00  0.00000E+00   -0.34654E+03  0.12647E+03  0.22007E+03  0.37101E+01 -0.36292E+02 -0.25730E+02      298.00
  0.24134E-01  0.53367E+03   -0.19250E-01 -0.19250E-01  0.38500E-01  0.00000E+00  0.00000E+00  0.00000E+00   -0.34780E+03  0.12699E+03  0.22081E+03  0.37084E+01 -0.36456E+02 -0.25822E+02      298.00
  0.24445E-01  0.53557E+03   -0.19500E-01 -0.19500E-01  0.39000E-01  0.00000E+00  0.00000E+00  0.00000E+00   -0.34904E+03  0.12749E+03  0.22155E+03  0.37066E+01 -0.36617E+02 -0.25913E+02      298.00
  0.24755E-01  0.53744E+03   -0.19750E-01 -0.19750E-01  0.39500E-01  0.00000E+00  0.00000E+00  0.00000E+00   -0.35027E+03  0.12799E+03  0.22228E+03  0.37050E+01 -0.36778E+02 -0.26003E+02      298.00
  0.25065E-01  0.53930E+03   -0.20000E-01 -0.20000E-01  0.40000E-01  0.00000E+00  0.00000E+00  0.00000E+00   -0.35148E+03  0.12849E+03  0.22300E+03  0.37034E+01 -0.36936E+02 -0.26093E+02      298.00
  0.25375E-01  0.54113E+03   -0.20250E-01 -0.20250E-01  0.40500E-01  0.00000E+00  0.00000E+00  0.00000E+00   -0.35268E+03  0.12897E+03  0.22371E+03  0.37018E+01 -0.37093E+02 -0.26181E+02      298.00
  0.25685E-01  0.54294E+03   -0.20500E-01 -0.20500E-01  0.41000E-01  0.00000E+00  0.00000E+00  0.00000E+00   -0.35386E+03  0.12945E+03  0.22441E+03  0.37004E+01 -0.37249E+02 -0.26268E+02      298.00
  0.25995E-01  0.54472E+03   -0.20750E-01 -0.20750E-01  0.41500E-01  0.00000E+00  0.00000E+00  0.00000E+00   -0.35503E+03  0.12992E+03  0.22511E+03  0.36989E+01 -0.37403E+02 -0.26355E+02      298.00
  0.26305E-01  0.54649E+03   -0.21000E-01 -0.21000E-01  0.42000E-01  0.00000E+00  0.00000E+00  0.00000E+00   -0.35618E+03  0.13038E+03  0.22580E+03  0.36976E+01 -0.37555E+02 -0.26440E+02      298.00
  0.26615E-01  0.54823E+03   -0.21250E-01 -0.21250E-01  0.42500E-01  0.00000E+00  0.00000E+00  0.00000E+00   -0.35732E+03  0.13084E+03  0.22649E+03  0.36963E+01 -0.37706E+02 -0.26525E+02      298.00
  0.26925E-01  0.54996E+03   -0.21500E-01 -0.21500E-01  0.43000E-01  0.00000E+00  0.00000E+00  0.00000E+00   -0.35845E+03  0.13128E+03  0.22717E+03  0.36950E+01 -0.37856E+02 -0.26609E+02      298.00
  0.27235E-01  0.55166E+03   -0.21750E-01 -0.21750E-01  0.43500E-01  0.00000E+00  0.00000E+00  0.00000E+00   -0.35956E+03  0.13173E+03  0.22784E+03  0.36939E+01 -0.38004E+02 -0.26691E+02      298.00
  0.27545E-01  0.55335E+03   -0.22000E-01 -0.22000E-01  0.44000E-01  0.00000E+00  0.00000E+00  0.00000E+00   -0.36066E+03  0.13216E+03  0.22850E+03  0.36928E+01 -0.38150E+02 -0.26773E+02      298.00
  0.27854E-01  0.55559E+03   -0.22250E-01 -0.22250E-01  0.44500E-01  0.00000E+00  0.00000E+00  0.00000E+00   -0.36207E+03  0.13280E+03  0.22927E+03  0.36485E+01 -0.38767E+02 -0.26955E+02      298.00
  0.28164E-01  0.55710E+03   -0.22500E-01 -0.22500E-01  0.45000E-01  0.00000E+00  0.00000E+00  0.00000E+00   -0.36309E+03  0.13318E+03  0.22991E+03  0.36649E+01 -0.38681E+02 -0.26968E+02      298.00
  0.28473E-01  0.55872E+03   -0.22750E-01 -0.22750E-01  0.45500E-01  0.00000E+00  0.00000E+00  0.00000E+00   -0.36415E+03  0.13359E+03  0.23056E+03  0.36639E+01 -0.38830E+02 -0.27047E+02      298.00
  0.28783E-01  0.56031E+03   -0.23000E-01 -0.23000E-01  0.46000E-01  0.00000E+00  0.00000E+00  0.00000E+00   -0.36519E+03  0.13399E+03  0.23119E+03  0.36636E+01 -0.38967E+02 -0.27125E+02      298.00
  0.29092E-01  0.56189E+03   -0.23250E-01 -0.23250E-01  0.46500E-01  0.00000E+00  0.00000E+00  0.00000E+00   -0.36621E+03  0.13439E+03  0.23182E+03  0.36633E+01 -0.39103E+02 -0.27201E+02      298.00
  0.29402E-01  0.56345E+03   -0.23500E-01 -0.23500E-01  0.47000E-01  0.00000E+00  0.00000E+00  0.00000E+00   -0.36723E+03  0.13478E+03  0.23245E+03  0.36632E+01 -0.39237E+02 -0.27277E+02      298.00
  0.29711E-01  0.56498E+03   -0.23750E-01 -0.23750E-01  0.47500E-01  0.00000E+00  0.00000E+00  0.00000E+00   -0.36823E+03  0.13516E+03  0.23307E+03  0.36630E+01 -0.39370E+02 -0.27352E+02      298.00
  0.30021E-01  0.56650E+03   -0.24000E-01 -0.24000E-01  0.48000E-01  0.00000E+00  0.00000E+00  0.00000E+00   -0.36922E+03  0.13554E+03  0.23368E+03  0.36630E+01 -0.39502E+02 -0.27426E+02      298.00
  0.30330E-01  0.56800E+03   -0.24250E-01 -0.24250E-01  0.48500E-01  0.00000E+00  0.00000E+00  0.00000E+00   -0.37019E+03  0.13591E+03  0.23428E+03  0.36630E+01 -0.39632E+02 -0.27499E+02      298.00
  0.30639E-01  0.56948E+03   -0.24500E-01 -0.24500E-01  0.49000E-01  0.00000E+00  0.00000E+00  0.00000E+00   -0.37116E+03  0.13628E+03  0.23488E+03  0.36631E+01 -0.39761E+02 -0.27571E+02      298.00
  0.30949E-01  0.57095E+03   -0.24750E-01 -0.24750E-01  0.49500E-01  0.00000E+00  0.00000E+00  0.00000E+00   -0.37211E+03  0.13663E+03  0.23548E+03  0.36633E+01 -0.39888E+02 -0.27642E+02      298.00
  0.31258E-01  0.57239E+03   -0.25000E-01 -0.25000E-01  0.50000E-01  0.00000E+00  0.00000E+00  0.00000E+00   -0.37305E+03  0.13699E+03  0.23606E+03  0.36635E+01 -0.40014E+02 -0.27712E+02      298.00
          Evm          Svm            E11          E22          E33          E23          E13          E12         SDEV11       SDEV22       SDEV33       SDEV23       SDEV13       SDEV12      TEMP
  0.31258E-01  0.57224E+03   -0.25000E-01 -0.25000E-01  0.50000E-01  0.00000E+00  0.00000E+00  0.00000E+00   -0.37295E+03  0.13693E+03  0.23603E+03  0.36711E+01 -0.39955E+02 -0.27701E+02      298.00
  0.31567E-01  0.57354E+03   -0.25250E-01 -0.25250E-01  0.50500E-01  0.00000E+00  0.00000E+00  0.00000E+00   -0.37379E+03  0.13722E+03  0.23657E+03  0.36759E+01 -0.40067E+02 -0.27767E+02      298.00
  0.31877E-01  0.57493E+03   -0.25500E-01 -0.25500E-01  0.51000E-01  0.00000E+00  0.00000E+00  0.00000E+00   -0.37470E+03  0.13756E+03  0.23714E+03  0.36766E+01 -0.40192E+02 -0.27835E+02      298.00
  0.32186E-01  0.57633E+03   -0.25750E-01 -0.25750E-01  0.51500E-01  0.00000E+00  0.00000E+00  0.00000E+00   -0.37560E+03  0.13789E+03  0.23771E+03  0.36768E+01 -0.40315E+02 -0.27903E+02      298.00
  0.32495E-01  0.57771E+03   -0.26000E-01 -0.26000E-01  0.52000E-01  0.00000E+00  0.00000E+00  0.00000E+00   -0.37650E+03  0.13822E+03  0.23828E+03  0.36770E+01 -0.40437E+02 -0.27970E+02      298.00
  0.32805E-01  0.57907E+03   -0.26250E-01 -0.26250E-01  0.52500E-01  0.00000E+00  0.00000E+00  0.00000E+00   -0.37738E+03  0.13854E+03  0.23884E+03  0.36772E+01 -0.40558E+02 -0.28037E+02      298.00
  0.33114E-01  0.58041E+03   -0.26500E-01 -0.26500E-01  0.53000E-01  0.00000E+00  0.00000E+00  0.00000E+00   -0.37826E+03  0.13886E+03  0.23940E+03  0.36775E+01 -0.40678E+02 -0.28103E+02      298.00
  0.33423E-01  0.58174E+03   -0.26750E-01 -0.26750E-01  0.53500E-01  0.00000E+00  0.00000E+00  0.00000E+00   -0.37912E+03  0.13917E+03  0.23995E+03  0.36779E+01 -0.40797E+02 -0.28167E+02      298.00
  0.33733E-01  0.58305E+03   -0.27000E-01 -0.27000E-01  0.54000E-01  0.00000E+00  0.00000E+00  0.00000E+00   -0.37997E+03  0.13948E+03  0.24049E+03  0.36783E+01 -0.40914E+02 -0.28231E+02      298.00
  0.34042E-01  0.58435E+03   -0.27250E-01 -0.27250E-01  0.54500E-01  0.00000E+00  0.00000E+00  0.00000E+00   -0.38081E+03  0.13978E+03  0.24103E+03  0.36788E+01 -0.41031E+02 -0.28295E+02      298.00
  0.34351E-01  0.58563E+03   -0.27500E-01 -0.27500E-01  0.55000E-01  0.00000E+00  0.00000E+00  0.00000E+00   -0.38164E+03  0.14007E+03  0.24157E+03  0.36793E+01 -0.41146E+02 -0.28357E+02      298.00
  0.34661E-01  0.58690E+03   -0.27750E-01 -0.27750E-01  0.55500E-01  0.00000E+00  0.00000E+00  0.00000E+00   -0.38246E+03  0.14036E+03  0.24210E+03  0.36799E+01 -0.41260E+02 -0.28419E+02      298.00
  0.34970E-01  0.58815E+03   -0.28000E-01 -0.28000E-01  0.56000E-01  0.00000E+00  0.00000E+00  0.00000E+00   -0.38327E+03  0.14065E+03  0.24262E+03  0.36805E+01 -0.41374E+02 -0.28480E+02      298.00
  0.35280E-01  0.58938E+03   -0.28250E-01 -0.28250E-01  0.56500E-01  0.00000E+00  0.00000E+00  0.00000E+00   -0.38406E+03  0.14092E+03  0.24314E+03  0.36812E+01 -0.41486E+02 -0.28540E+02      298.00
  0.35589E-01  0.59060E+03   -0.28500E-01 -0.28500E-01  0.57000E-01  0.00000E+00  0.00000E+00  0.00000E+00   -0.38485E+03  0.14120E+03  0.24365E+03  0.36819E+01 -0.41598E+02 -0.28599E+02      298.00
  0.35898E-01  0.59181E+03   -0.28750E-01 -0.28750E-01  0.57500E-01  0.00000E+00  0.00000E+00  0.00000E+00   -0.38563E+03  0.14147E+03  0.24417E+03  0.36827E+01 -0.41709E+02 -0.28658E+02      298.00
  0.36208E-01  0.59300E+03   -0.29000E-01 -0.29000E-01  0.58000E-01  0.00000E+00  0.00000E+00  0.00000E+00   -0.38640E+03  0.14173E+03  0.24467E+03  0.36835E+01 -0.41819E+02 -0.28716E+02      298.00
  0.36517E-01  0.59417E+03   -0.29250E-01 -0.29250E-01  0.58500E-01  0.00000E+00  0.00000E+00  0.00000E+00   -0.38716E+03  0.14199E+03  0.24517E+03  0.36843E+01 -0.41928E+02 -0.28773E+02      298.00
  0.36827E-01  0.59534E+03   -0.29500E-01 -0.29500E-01  0.59000E-01  0.00000E+00  0.00000E+00  0.00000E+00   -0.38791E+03  0.14224E+03  0.24567E+03  0.36852E+01 -0.42036E+02 -0.28830E+02      298.00
  0.37136E-01  0.59648E+03   -0.29750E-01 -0.29750E-01  0.59500E-01  0.00000E+00  0.00000E+00  0.00000E+00   -0.38865E+03  0.14249E+03  0.24616E+03  0.36861E+01 -0.42144E+02 -0.28885E+02      298.00
  0.37446E-01  0.59762E+03   -0.30000E-01 -0.30000E-01  0.60000E-01  0.00000E+00  0.00000E+00  0.00000E+00   -0.38938E+03  0.14273E+03  0.24665E+03  0.36870E+01 -0.42251E+02 -0.28940E+02      298.00
  0.37755E-01  0.59874E+03   -0.30250E-01 -0.30250E-01  0.60500E-01  0.00000E+00  0.00000E+00  0.00000E+00   -0.39011E+03  0.14297E+03  0.24713E+03  0.36880E+01 -0.42357E+02 -0.28995E+02      298.00
  0.38065E-01  0.59985E+03   -0.30500E-01 -0.30500E-01  0.61000E-01  0.00000E+00  0.00000E+00  0.00000E+00   -0.39082E+03  0.14321E+03  0.24761E+03  0.36890E+01 -0.42463E+02 -0.29048E+02      298.00
  0.38374E-01  0.60095E+03   -0.30750E-01 -0.30750E-01  0.61500E-01  0.00000E+00  0.00000E+00  0.00000E+00   -0.39152E+03  0.14344E+03  0.24809E+03  0.36900E+01 -0.42568E+02 -0.29101E+02      298.00
  0.38684E-01  0.60203E+03   -0.31000E-01 -0.31000E-01  0.62000E-01  0.00000E+00  0.00000E+00  0.00000E+00   -0.39222E+03  0.14366E+03  0.24856E+03  0.36910E+01 -0.42673E+02 -0.29154E+02      298.00
  0.38994E-01  0.60370E+03   -0.31250E-01 -0.31250E-01  0.62500E-01  0.00000E+00  0.00000E+00  0.00000E+00   -0.39332E+03  0.14411E+03  0.24921E+03  0.36833E+01 -0.42768E+02 -0.29233E+02      298.00
  0.39303E-01  0.60480E+03   -0.31500E-01 -0.31500E-01  0.63000E-01  0.00000E+00  0.00000E+00  0.00000E+00   -0.39401E+03  0.14434E+03  0.24967E+03  0.36755E+01 -0.42980E+02 -0.29293E+02      298.00
  0.39613E-01  0.60584E+03   -0.31750E-01 -0.31750E-01  0.63500E-01  0.00000E+00  0.00000E+00  0.00000E+00   -0.39468E+03  0.14455E+03  0.25013E+03  0.36774E+01 -0.43081E+02 -0.29343E+02      298.00
  0.39923E-01  0.60686E+03   -0.32000E-01 -0.32000E-01  0.64000E-01  0.00000E+00  0.00000E+00  0.00000E+00   -0.39534E+03  0.14476E+03  0.25058E+03  0.36787E+01 -0.43183E+02 -0.29392E+02      298.00
  0.40232E-01  0.60788E+03   -0.32250E-01 -0.32250E-01  0.64500E-01  0.00000E+00  0.00000E+00  0.00000E+00   -0.39599E+03  0.14496E+03  0.25103E+03  0.36802E+01 -0.43285E+02 -0.29441E+02      298.00
  0.40542E-01  0.60888E+03   -0.32500E-01 -0.32500E-01  0.65000E-01  0.00000E+00  0.00000E+00  0.00000E+00   -0.39663E+03  0.14516E+03  0.25147E+03  0.36816E+01 -0.43386E+02 -0.29489E+02      298.00
  0.40852E-01  0.60987E+03   -0.32750E-01 -0.32750E-01  0.65500E-01  0.00000E+00  0.00000E+00  0.00000E+00   -0.39727E+03  0.14535E+03  0.25192E+03  0.36830E+01 -0.43488E+02 -0.29536E+02      298.00
  0.41161E-01  0.61085E+03   -0.33000E-01 -0.33000E-01  0.66000E-01  0.00000E+00  0.00000E+00  0.00000E+00   -0.39789E+03  0.14554E+03  0.25235E+03  0.36844E+01 -0.43589E+02 -0.29583E+02      298.00
  0.41471E-01  0.61182E+03   -0.33250E-01 -0.33250E-01  0.66500E-01  0.00000E+00  0.00000E+00  0.00000E+00   -0.39851E+03  0.14572E+03  0.25279E+03  0.36858E+01 -0.43690E+02 -0.29629E+02      298.00
  0.41781E-01  0.61278E+03   -0.33500E-01 -0.33500E-01  0.67000E-01  0.00000E+00  0.00000E+00  0.00000E+00   -0.39913E+03  0.14591E+03  0.25322E+03  0.36872E+01 -0.43790E+02 -0.29674E+02      298.00
  0.42091E-01  0.61373E+03   -0.33750E-01 -0.33750E-01  0.67500E-01  0.00000E+00  0.00000E+00  0.00000E+00   -0.39973E+03  0.14608E+03  0.25365E+03  0.36886E+01 -0.43891E+02 -0.29719E+02      298.00
  0.42401E-01  0.61467E+03   -0.34000E-01 -0.34000E-01  0.68000E-01  0.00000E+00  0.00000E+00  0.00000E+00   -0.40033E+03  0.14626E+03  0.25407E+03  0.36900E+01 -0.43991E+02 -0.29764E+02      298.00
  0.42711E-01  0.61560E+03   -0.34250E-01 -0.34250E-01  0.68500E-01  0.00000E+00  0.00000E+00  0.00000E+00   -0.40092E+03  0.14643E+03  0.25449E+03  0.36913E+01 -0.44092E+02 -0.29808E+02      298.00
  0.43021E-01  0.61652E+03   -0.34500E-01 -0.34500E-01  0.69000E-01  0.00000E+00  0.00000E+00  0.00000E+00   -0.40151E+03  0.14660E+03  0.25491E+03  0.36926E+01 -0.44193E+02 -0.29851E+02      298.00
  0.43331E-01  0.61743E+03   -0.34750E-01 -0.34750E-01  0.69500E-01  0.00000E+00  0.00000E+00  0.00000E+00   -0.40209E+03  0.14676E+03  0.25533E+03  0.36939E+01 -0.44293E+02 -0.29894E+02      298.00
  0.43641E-01  0.61833E+03   -0.35000E-01 -0.35000E-01  0.70000E-01  0.00000E+00  0.00000E+00  0.00000E+00   -0.40266E+03  0.14693E+03  0.25574E+03  0.36952E+01 -0.44394E+02 -0.29936E+02      298.00
  0.43952E-01  0.61922E+03   -0.35250E-01 -0.35250E-01  0.70500E-01  0.00000E+00  0.00000E+00  0.00000E+00   -0.40323E+03  0.14708E+03  0.25615E+03  0.36964E+01 -0.44494E+02 -0.29978E+02      298.00
  0.44262E-01  0.62010E+03   -0.35500E-01 -0.35500E-01  0.71000E-01  0.00000E+00  0.00000E+00  0.00000E+00   -0.40379E+03  0.14724E+03  0.25655E+03  0.36976E+01 -0.44595E+02 -0.30019E+02      298.00
  0.44572E-01  0.62042E+03   -0.35750E-01 -0.35750E-01  0.71500E-01  0.00000E+00  0.00000E+00  0.00000E+00   -0.40400E+03  0.14718E+03  0.25681E+03  0.37173E+01 -0.44494E+02 -0.30022E+02      298.00
  0.44883E-01  0.62097E+03   -0.36000E-01 -0.36000E-01  0.72000E-01  0.00000E+00  0.00000E+00  0.00000E+00   -0.40431E+03  0.14721E+03  0.25710E+03  0.37166E+01 -0.44710E+02 -0.30054E+02      298.00
  0.45193E-01  0.62184E+03   -0.36250E-01 -0.36250E-01  0.72500E-01  0.00000E+00  0.00000E+00  0.00000E+00   -0.40486E+03  0.14736E+03  0.25750E+03  0.37171E+01 -0.44812E+02 -0.30094E+02      298.00
  0.45504E-01  0.62331E+03   -0.36500E-01 -0.36500E-01  0.73000E-01  0.00000E+00  0.00000E+00  0.00000E+00   -0.40579E+03  0.14774E+03  0.25805E+03  0.36980E+01 -0.45129E+02 -0.30186E+02      298.00
  0.45814E-01  0.62436E+03   -0.36750E-01 -0.36750E-01  0.73500E-01  0.00000E+00  0.00000E+00  0.00000E+00   -0.40649E+03  0.14796E+03  0.25853E+03  0.37043E+01 -0.45090E+02 -0.30217E+02      298.00
  0.46125E-01  0.62469E+03   -0.37000E-01 -0.37000E-01  0.74000E-01  0.00000E+00  0.00000E+00  0.00000E+00   -0.40670E+03  0.14791E+03  0.25879E+03  0.37217E+01 -0.45002E+02 -0.30220E+02      298.00
  0.46435E-01  0.62522E+03   -0.37250E-01 -0.37250E-01  0.74500E-01  0.00000E+00  0.00000E+00  0.00000E+00   -0.40701E+03  0.14793E+03  0.25907E+03  0.37203E+01 -0.45219E+02 -0.30251E+02      298.00
  0.46746E-01  0.62664E+03   -0.37500E-01 -0.37500E-01  0.75000E-01  0.00000E+00  0.00000E+00  0.00000E+00   -0.40790E+03  0.14829E+03  0.25961E+03  0.37016E+01 -0.45540E+02 -0.30338E+02      298.00
          Evm          Svm            E11          E22          E33          E23          E13          E12         SDEV11       SDEV22       SDEV33       SDEV23       SDEV13       SDEV12      TEMP
  0.46746E-01  0.62646E+03   -0.37500E-01 -0.37500E-01  0.75000E-01  0.00000E+00  0.00000E+00  0.00000E+00   -0.40781E+03  0.14823E+03  0.25958E+03  0.37154E+01 -0.45327E+02 -0.30309E+02      298.00
  0.47057E-01  0.62770E+03   -0.37750E-01 -0.37750E-01  0.75500E-01  0.00000E+00  0.00000E+00  0.00000E+00   -0.40860E+03  0.14852E+03  0.26009E+03  0.37061E+01 -0.45509E+02 -0.30371E+02      298.00
  0.47368E-01  0.62796E+03   -0.38000E-01 -0.38000E-01  0.76000E-01  0.00000E+00  0.00000E+00  0.00000E+00   -0.40877E+03  0.14844E+03  0.26033E+03  0.37247E+01 -0.45412E+02 -0.30370E+02      298.00
  0.47679E-01  0.62848E+03   -0.38250E-01 -0.38250E-01  0.76500E-01  0.00000E+00  0.00000E+00  0.00000E+00   -0.40906E+03  0.14846E+03  0.26060E+03  0.37226E+01 -0.45630E+02 -0.30401E+02      298.00
  0.47990E-01  0.62984E+03   -0.38500E-01 -0.38500E-01  0.77000E-01  0.00000E+00  0.00000E+00  0.00000E+00   -0.40992E+03  0.14880E+03  0.26112E+03  0.37045E+01 -0.45956E+02 -0.30482E+02      298.00
  0.48301E-01  0.63079E+03   -0.38750E-01 -0.38750E-01  0.77500E-01  0.00000E+00  0.00000E+00  0.00000E+00   -0.41055E+03  0.14898E+03  0.26156E+03  0.37110E+01 -0.45913E+02 -0.30512E+02      298.00
  0.48612E-01  0.63077E+03   -0.39000E-01 -0.39000E-01  0.78000E-01  0.00000E+00  0.00000E+00  0.00000E+00   -0.41053E+03  0.14880E+03  0.26173E+03  0.37381E+01 -0.45691E+02 -0.30489E+02      298.00
  0.48923E-01  0.63162E+03   -0.39250E-01 -0.39250E-01  0.78500E-01  0.00000E+00  0.00000E+00  0.00000E+00   -0.41104E+03  0.14895E+03  0.26209E+03  0.37242E+01 -0.46048E+02 -0.30544E+02      298.00
  0.49234E-01  0.63292E+03   -0.39500E-01 -0.39500E-01  0.79000E-01  0.00000E+00  0.00000E+00  0.00000E+00   -0.41185E+03  0.14926E+03  0.26259E+03  0.37066E+01 -0.46377E+02 -0.30621E+02      298.00
  0.49545E-01  0.63384E+03   -0.39750E-01 -0.39750E-01  0.79500E-01  0.00000E+00  0.00000E+00  0.00000E+00   -0.41246E+03  0.14943E+03  0.26302E+03  0.37132E+01 -0.46332E+02 -0.30650E+02      298.00
  0.49856E-01  0.63389E+03   -0.40000E-01 -0.40000E-01  0.80000E-01  0.00000E+00  0.00000E+00  0.00000E+00   -0.41250E+03  0.14928E+03  0.26321E+03  0.37399E+01 -0.46103E+02 -0.30630E+02      298.00
  0.50168E-01  0.63517E+03   -0.40250E-01 -0.40250E-01  0.80500E-01  0.00000E+00  0.00000E+00  0.00000E+00   -0.41326E+03  0.14959E+03  0.26367E+03  0.37069E+01 -0.46709E+02 -0.30722E+02      298.00
  0.50479E-01  0.63533E+03   -0.40500E-01 -0.40500E-01  0.81000E-01  0.00000E+00  0.00000E+00  0.00000E+00   -0.41339E+03  0.14948E+03  0.26391E+03  0.37372E+01 -0.46358E+02 -0.30697E+02      298.00
  0.50791E-01  0.63687E+03   -0.40750E-01 -0.40750E-01  0.81500E-01  0.00000E+00  0.00000E+00  0.00000E+00   -0.41436E+03  0.14988E+03  0.26447E+03  0.37123E+01 -0.46769E+02 -0.30787E+02      298.00
  0.51102E-01  0.63686E+03   -0.41000E-01 -0.41000E-01  0.82000E-01  0.00000E+00  0.00000E+00  0.00000E+00   -0.41436E+03  0.14971E+03  0.26465E+03  0.37401E+01 -0.46527E+02 -0.30763E+02      298.00
  0.51414E-01  0.63807E+03   -0.41250E-01 -0.41250E-01  0.82500E-01  0.00000E+00  0.00000E+00  0.00000E+00   -0.41507E+03  0.14999E+03  0.26508E+03  0.37075E+01 -0.47142E+02 -0.30850E+02      298.00
  0.51725E-01  0.63822E+03   -0.41500E-01 -0.41500E-01  0.83000E-01  0.00000E+00  0.00000E+00  0.00000E+00   -0.41519E+03  0.14988E+03  0.26531E+03  0.37374E+01 -0.46787E+02 -0.30826E+02      298.00
  0.52037E-01  0.63970E+03   -0.41750E-01 -0.41750E-01  0.83500E-01  0.00000E+00  0.00000E+00  0.00000E+00   -0.41612E+03  0.15026E+03  0.26586E+03  0.37128E+01 -0.47203E+02 -0.30913E+02      298.00
  0.52349E-01  0.63969E+03   -0.42000E-01 -0.42000E-01  0.84000E-01  0.00000E+00  0.00000E+00  0.00000E+00   -0.41612E+03  0.15009E+03  0.26603E+03  0.37398E+01 -0.46959E+02 -0.30889E+02      298.00
  0.52661E-01  0.64087E+03   -0.42250E-01 -0.42250E-01  0.84500E-01  0.00000E+00  0.00000E+00  0.00000E+00   -0.41681E+03  0.15036E+03  0.26645E+03  0.37072E+01 -0.47583E+02 -0.30974E+02      298.00
  0.52973E-01  0.64152E+03   -0.42500E-01 -0.42500E-01  0.85000E-01  0.00000E+00  0.00000E+00  0.00000E+00   -0.41722E+03  0.15044E+03  0.26678E+03  0.37095E+01 -0.47655E+02 -0.31000E+02      298.00
  0.53284E-01  0.64167E+03   -0.42750E-01 -0.42750E-01  0.85500E-01  0.00000E+00  0.00000E+00  0.00000E+00   -0.41734E+03  0.15033E+03  0.26701E+03  0.37370E+01 -0.47328E+02 -0.30979E+02      298.00
  0.53597E-01  0.64311E+03   -0.43000E-01 -0.43000E-01  0.86000E-01  0.00000E+00  0.00000E+00  0.00000E+00   -0.41823E+03  0.15069E+03  0.26754E+03  0.37120E+01 -0.47755E+02 -0.31065E+02      298.00
  0.53909E-01  0.64284E+03   -0.43250E-01 -0.43250E-01  0.86500E-01  0.00000E+00  0.00000E+00  0.00000E+00   -0.41803E+03  0.15045E+03  0.26757E+03  0.37250E+01 -0.47743E+02 -0.31043E+02      298.00
  0.54221E-01  0.64419E+03   -0.43500E-01 -0.43500E-01  0.87000E-01  0.00000E+00  0.00000E+00  0.00000E+00   -0.41888E+03  0.15076E+03  0.26811E+03  0.37094E+01 -0.48077E+02 -0.31116E+02      298.00
  0.54533E-01  0.64435E+03   -0.43750E-01 -0.43750E-01  0.87500E-01  0.00000E+00  0.00000E+00  0.00000E+00   -0.41900E+03  0.15065E+03  0.26834E+03  0.37352E+01 -0.47769E+02 -0.31098E+02      298.00
  0.54845E-01  0.64573E+03   -0.44000E-01 -0.44000E-01  0.88000E-01  0.00000E+00  0.00000E+00  0.00000E+00   -0.41985E+03  0.15100E+03  0.26885E+03  0.37102E+01 -0.48206E+02 -0.31181E+02      298.00
  0.55158E-01  0.64548E+03   -0.44250E-01 -0.44250E-01  0.88500E-01  0.00000E+00  0.00000E+00  0.00000E+00   -0.41966E+03  0.15077E+03  0.26889E+03  0.37223E+01 -0.48195E+02 -0.31160E+02      298.00
  0.55470E-01  0.64679E+03   -0.44500E-01 -0.44500E-01  0.89000E-01  0.00000E+00  0.00000E+00  0.00000E+00   -0.42048E+03  0.15106E+03  0.26942E+03  0.37066E+01 -0.48533E+02 -0.31231E+02      298.00
  0.55782E-01  0.64745E+03   -0.44750E-01 -0.44750E-01  0.89500E-01  0.00000E+00  0.00000E+00  0.00000E+00   -0.42088E+03  0.15114E+03  0.26974E+03  0.37037E+01 -0.48687E+02 -0.31262E+02      298.00
  0.56095E-01  0.64808E+03   -0.45000E-01 -0.45000E-01  0.90000E-01  0.00000E+00  0.00000E+00  0.00000E+00   -0.42126E+03  0.15121E+03  0.27006E+03  0.37030E+01 -0.48798E+02 -0.31289E+02      298.00
  0.56407E-01  0.64871E+03   -0.45250E-01 -0.45250E-01  0.90500E-01  0.00000E+00  0.00000E+00  0.00000E+00   -0.42165E+03  0.15128E+03  0.27037E+03  0.37020E+01 -0.48915E+02 -0.31317E+02      298.00
  0.56720E-01  0.64933E+03   -0.45500E-01 -0.45500E-01  0.91000E-01  0.00000E+00  0.00000E+00  0.00000E+00   -0.42203E+03  0.15134E+03  0.27069E+03  0.37010E+01 -0.49032E+02 -0.31345E+02      298.00
  0.57033E-01  0.64994E+03   -0.45750E-01 -0.45750E-01  0.91500E-01  0.00000E+00  0.00000E+00  0.00000E+00   -0.42241E+03  0.15140E+03  0.27100E+03  0.36998E+01 -0.49149E+02 -0.31372E+02      298.00
  0.57345E-01  0.65056E+03   -0.46000E-01 -0.46000E-01  0.92000E-01  0.00000E+00  0.00000E+00  0.00000E+00   -0.42278E+03  0.15147E+03  0.27131E+03  0.36986E+01 -0.49267E+02 -0.31399E+02      298.00
  0.57658E-01  0.65116E+03   -0.46250E-01 -0.46250E-01  0.92500E-01  0.00000E+00  0.00000E+00  0.00000E+00   -0.42315E+03  0.15153E+03  0.27162E+03  0.36974E+01 -0.49385E+02 -0.31426E+02      298.00
  0.57971E-01  0.65176E+03   -0.46500E-01 -0.46500E-01  0.93000E-01  0.00000E+00  0.00000E+00  0.00000E+00   -0.42352E+03  0.15159E+03  0.27193E+03  0.36960E+01 -0.49504E+02 -0.31452E+02      298.00
  0.58284E-01  0.65236E+03   -0.46750E-01 -0.46750E-01  0.93500E-01  0.00000E+00  0.00000E+00  0.00000E+00   -0.42388E+03  0.15164E+03  0.27224E+03  0.36946E+01 -0.49623E+02 -0.31479E+02      298.00
  0.58597E-01  0.65295E+03   -0.47000E-01 -0.47000E-01  0.94000E-01  0.00000E+00  0.00000E+00  0.00000E+00   -0.42424E+03  0.15170E+03  0.27254E+03  0.36931E+01 -0.49743E+02 -0.31505E+02      298.00
  0.58910E-01  0.65354E+03   -0.47250E-01 -0.47250E-01  0.94500E-01  0.00000E+00  0.00000E+00  0.00000E+00   -0.42460E+03  0.15175E+03  0.27284E+03  0.36916E+01 -0.49863E+02 -0.31531E+02      298.00
  0.59223E-01  0.65412E+03   -0.47500E-01 -0.47500E-01  0.95000E-01  0.00000E+00  0.00000E+00  0.00000E+00   -0.42495E+03  0.15181E+03  0.27314E+03  0.36899E+01 -0.49983E+02 -0.31557E+02      298.00
  0.59536E-01  0.65470E+03   -0.47750E-01 -0.47750E-01  0.95500E-01  0.00000E+00  0.00000E+00  0.00000E+00   -0.42530E+03  0.15186E+03  0.27344E+03  0.36883E+01 -0.50104E+02 -0.31583E+02      298.00
  0.59849E-01  0.65528E+03   -0.48000E-01 -0.48000E-01  0.96000E-01  0.00000E+00  0.00000E+00  0.00000E+00   -0.42565E+03  0.15191E+03  0.27374E+03  0.36865E+01 -0.50225E+02 -0.31609E+02      298.00
  0.60163E-01  0.65585E+03   -0.48250E-01 -0.48250E-01  0.96500E-01  0.00000E+00  0.00000E+00  0.00000E+00   -0.42599E+03  0.15196E+03  0.27404E+03  0.36847E+01 -0.50347E+02 -0.31634E+02      298.00
  0.60476E-01  0.65641E+03   -0.48500E-01 -0.48500E-01  0.97000E-01  0.00000E+00  0.00000E+00  0.00000E+00   -0.42633E+03  0.15200E+03  0.27433E+03  0.36827E+01 -0.50469E+02 -0.31659E+02      298.00
  0.60790E-01  0.65697E+03   -0.48750E-01 -0.48750E-01  0.97500E-01  0.00000E+00  0.00000E+00  0.00000E+00   -0.42667E+03  0.15205E+03  0.27462E+03  0.36808E+01 -0.50591E+02 -0.31685E+02      298.00
  0.61103E-01  0.65753E+03   -0.49000E-01 -0.49000E-01  0.98000E-01  0.00000E+00  0.00000E+00  0.00000E+00   -0.42701E+03  0.15209E+03  0.27491E+03  0.36787E+01 -0.50714E+02 -0.31710E+02      298.00
  0.61417E-01  0.65808E+03   -0.49250E-01 -0.49250E-01  0.98500E-01  0.00000E+00  0.00000E+00  0.00000E+00   -0.42734E+03  0.15214E+03  0.27520E+03  0.36766E+01 -0.50837E+02 -0.31735E+02      298.00
  0.61730E-01  0.65863E+03   -0.49500E-01 -0.49500E-01  0.99000E-01  0.00000E+00  0.00000E+00  0.00000E+00   -0.42767E+03  0.15218E+03  0.27549E+03  0.36744E+01 -0.50960E+02 -0.31759E+02      298.00
  0.62044E-01  0.65917E+03   -0.49750E-01 -0.49750E-01  0.99500E-01  0.00000E+00  0.00000E+00  0.00000E+00   -0.42799E+03  0.15222E+03  0.27578E+03  0.36721E+01 -0.51084E+02 -0.31784E+02      298.00
  0.62358E-01  0.65971E+03   -0.50000E-01 -0.50000E-01  0.10000E+00  0.00000E+00  0.00000E+00  0.00000E+00   -0.42832E+03  0.15225E+03  0.27606E+03  0.36698E+01 -0.51208E+02 -0.31808E+02      298.00
          Evm          Svm            E11          E22          E33          E23          E13          E12         SDEV11       SDEV22       SDEV33       SDEV23       SDEV13       SDEV12      TEMP
  0.62358E-01  0.65956E+03   -0.50000E-01 -0.50000E-01  0.10000E+00  0.00000E+00  0.00000E+00  0.00000E+00   -0.42825E+03  0.15220E+03  0.27605E+03  0.36827E+01 -0.50979E+02 -0.31788E+02      298.00
  0.62672E-01  0.66026E+03   -0.50250E-01 -0.50250E-01  0.10050E+00  0.00000E+00  0.00000E+00  0.00000E+00   -0.42865E+03  0.15230E+03  0.27635E+03  0.36657E+01 -0.51363E+02 -0.31835E+02      298.00
  0.62986E-01  0.66077E+03   -0.50500E-01 -0.50500E-01  0.10100E+00  0.00000E+00  0.00000E+00  0.00000E+00   -0.42895E+03  0.15233E+03  0.27663E+03  0.36652E+01 -0.51454E+02 -0.31857E+02      298.00
  0.63300E-01  0.66130E+03   -0.50750E-01 -0.50750E-01  0.10150E+00  0.00000E+00  0.00000E+00  0.00000E+00   -0.42927E+03  0.15236E+03  0.27691E+03  0.36623E+01 -0.51583E+02 -0.31881E+02      298.00
  0.63614E-01  0.66182E+03   -0.51000E-01 -0.51000E-01  0.10200E+00  0.00000E+00  0.00000E+00  0.00000E+00   -0.42958E+03  0.15239E+03  0.27719E+03  0.36598E+01 -0.51708E+02 -0.31905E+02      298.00
  0.63928E-01  0.66234E+03   -0.51250E-01 -0.51250E-01  0.10250E+00  0.00000E+00  0.00000E+00  0.00000E+00   -0.42989E+03  0.15242E+03  0.27746E+03  0.36571E+01 -0.51834E+02 -0.31929E+02      298.00
  0.64242E-01  0.66285E+03   -0.51500E-01 -0.51500E-01  0.10300E+00  0.00000E+00  0.00000E+00  0.00000E+00   -0.43019E+03  0.15245E+03  0.27774E+03  0.36543E+01 -0.51960E+02 -0.31953E+02      298.00
  0.64556E-01  0.66336E+03   -0.51750E-01 -0.51750E-01  0.10350E+00  0.00000E+00  0.00000E+00  0.00000E+00   -0.43049E+03  0.15248E+03  0.27801E+03  0.36515E+01 -0.52087E+02 -0.31977E+02      298.00
  0.64870E-01  0.66387E+03   -0.52000E-01 -0.52000E-01  0.10400E+00  0.00000E+00  0.00000E+00  0.00000E+00   -0.43079E+03  0.15251E+03  0.27828E+03  0.36486E+01 -0.52213E+02 -0.32000E+02      298.00
  0.65185E-01  0.66437E+03   -0.52250E-01 -0.52250E-01  0.10450E+00  0.00000E+00  0.00000E+00  0.00000E+00   -0.43109E+03  0.15254E+03  0.27855E+03  0.36456E+01 -0.52340E+02 -0.32024E+02      298.00
  0.65499E-01  0.66486E+03   -0.52500E-01 -0.52500E-01  0.10500E+00  0.00000E+00  0.00000E+00  0.00000E+00   -0.43138E+03  0.15256E+03  0.27882E+03  0.36426E+01 -0.52467E+02 -0.32047E+02      298.00
  0.65814E-01  0.66536E+03   -0.52750E-01 -0.52750E-01  0.10550E+00  0.00000E+00  0.00000E+00  0.00000E+00   -0.43168E+03  0.15259E+03  0.27909E+03  0.36394E+01 -0.52595E+02 -0.32070E+02      298.00
  0.66128E-01  0.66585E+03   -0.53000E-01 -0.53000E-01  0.10600E+00  0.00000E+00  0.00000E+00  0.00000E+00   -0.43196E+03  0.15261E+03  0.27936E+03  0.36363E+01 -0.52723E+02 -0.32094E+02      298.00
  0.66443E-01  0.66633E+03   -0.53250E-01 -0.53250E-01  0.10650E+00  0.00000E+00  0.00000E+00  0.00000E+00   -0.43225E+03  0.15263E+03  0.27962E+03  0.36330E+01 -0.52850E+02 -0.32117E+02      298.00
  0.66758E-01  0.66681E+03   -0.53500E-01 -0.53500E-01  0.10700E+00  0.00000E+00  0.00000E+00  0.00000E+00   -0.43253E+03  0.15265E+03  0.27988E+03  0.36297E+01 -0.52979E+02 -0.32140E+02      298.00
  0.67073E-01  0.66729E+03   -0.53750E-01 -0.53750E-01  0.10750E+00  0.00000E+00  0.00000E+00  0.00000E+00   -0.43281E+03  0.15267E+03  0.28015E+03  0.36263E+01 -0.53107E+02 -0.32163E+02      298.00
  0.67388E-01  0.66776E+03   -0.54000E-01 -0.54000E-01  0.10800E+00  0.00000E+00  0.00000E+00  0.00000E+00   -0.43309E+03  0.15268E+03  0.28041E+03  0.36228E+01 -0.53236E+02 -0.32186E+02      298.00
  0.67702E-01  0.66823E+03   -0.54250E-01 -0.54250E-01  0.10850E+00  0.00000E+00  0.00000E+00  0.00000E+00   -0.43336E+03  0.15270E+03  0.28066E+03  0.36193E+01 -0.53365E+02 -0.32208E+02      298.00
  0.68017E-01  0.66870E+03   -0.54500E-01 -0.54500E-01  0.10900E+00  0.00000E+00  0.00000E+00  0.00000E+00   -0.43364E+03  0.15271E+03  0.28092E+03  0.36157E+01 -0.53494E+02 -0.32231E+02      298.00
  0.68333E-01  0.66916E+03   -0.54750E-01 -0.54750E-01  0.10950E+00  0.00000E+00  0.00000E+00  0.00000E+00   -0.43391E+03  0.15273E+03  0.28118E+03  0.36120E+01 -0.53623E+02 -0.32254E+02      298.00
  0.68648E-01  0.66962E+03   -0.55000E-01 -0.55000E-01  0.11000E+00  0.00000E+00  0.00000E+00  0.00000E+00   -0.43417E+03  0.15274E+03  0.28143E+03  0.36083E+01 -0.53752E+02 -0.32276E+02      298.00
  0.68963E-01  0.67007E+03   -0.55250E-01 -0.55250E-01  0.11050E+00  0.00000E+00  0.00000E+00  0.00000E+00   -0.43444E+03  0.15275E+03  0.28168E+03  0.36045E+01 -0.53882E+02 -0.32299E+02      298.00
  0.69278E-01  0.67052E+03   -0.55500E-01 -0.55500E-01  0.11100E+00  0.00000E+00  0.00000E+00  0.00000E+00   -0.43470E+03  0.15276E+03  0.28194E+03  0.36006E+01 -0.54012E+02 -0.32321E+02      298.00
  0.69594E-01  0.67097E+03   -0.55750E-01 -0.55750E-01  0.11150E+00  0.00000E+00  0.00000E+00  0.00000E+00   -0.43496E+03  0.15277E+03  0.28219E+03  0.35967E+01 -0.54142E+02 -0.32343E+02      298.00
  0.69909E-01  0.67141E+03   -0.56000E-01 -0.56000E-01  0.11200E+00  0.00000E+00  0.00000E+00  0.00000E+00   -0.43521E+03  0.15278E+03  0.28243E+03  0.35927E+01 -0.54272E+02 -0.32366E+02      298.00
  0.70224E-01  0.67185E+03   -0.56250E-01 -0.56250E-01  0.11250E+00  0.00000E+00  0.00000E+00  0.00000E+00   -0.43547E+03  0.15278E+03  0.28268E+03  0.35886E+01 -0.54402E+02 -0.32388E+02      298.00
  0.70540E-01  0.67229E+03   -0.56500E-01 -0.56500E-01  0.11300E+00  0.00000E+00  0.00000E+00  0.00000E+00   -0.43572E+03  0.15279E+03  0.28293E+03  0.35845E+01 -0.54533E+02 -0.32410E+02      298.00
  0.70856E-01  0.67272E+03   -0.56750E-01 -0.56750E-01  0.11350E+00  0.00000E+00  0.00000E+00  0.00000E+00   -0.43596E+03  0.15279E+03  0.28317E+03  0.35803E+01 -0.54663E+02 -0.32432E+02      298.00
  0.71171E-01  0.67315E+03   -0.57000E-01 -0.57000E-01  0.11400E+00  0.00000E+00  0.00000E+00  0.00000E+00   -0.43621E+03  0.15280E+03  0.28341E+03  0.35760E+01 -0.54794E+02 -0.32454E+02      298.00
  0.71487E-01  0.67357E+03   -0.57250E-01 -0.57250E-01  0.11450E+00  0.00000E+00  0.00000E+00  0.00000E+00   -0.43645E+03  0.15280E+03  0.28366E+03  0.35717E+01 -0.54925E+02 -0.32476E+02      298.00
  0.71803E-01  0.67400E+03   -0.57500E-01 -0.57500E-01  0.11500E+00  0.00000E+00  0.00000E+00  0.00000E+00   -0.43669E+03  0.15280E+03  0.28390E+03  0.35673E+01 -0.55055E+02 -0.32498E+02      298.00
  0.72119E-01  0.67441E+03   -0.57750E-01 -0.57750E-01  0.11550E+00  0.00000E+00  0.00000E+00  0.00000E+00   -0.43693E+03  0.15280E+03  0.28414E+03  0.35628E+01 -0.55186E+02 -0.32520E+02      298.00
  0.72435E-01  0.67483E+03   -0.58000E-01 -0.58000E-01  0.11600E+00  0.00000E+00  0.00000E+00  0.00000E+00   -0.43717E+03  0.15280E+03  0.28437E+03  0.35582E+01 -0.55317E+02 -0.32541E+02      298.00
  0.72751E-01  0.67524E+03   -0.58250E-01 -0.58250E-01  0.11650E+00  0.00000E+00  0.00000E+00  0.00000E+00   -0.43740E+03  0.15279E+03  0.28461E+03  0.35536E+01 -0.55449E+02 -0.32563E+02      298.00
  0.73067E-01  0.67564E+03   -0.58500E-01 -0.58500E-01  0.11700E+00  0.00000E+00  0.00000E+00  0.00000E+00   -0.43763E+03  0.15279E+03  0.28484E+03  0.35490E+01 -0.55580E+02 -0.32585E+02      298.00
  0.73383E-01  0.67604E+03   -0.58750E-01 -0.58750E-01  0.11750E+00  0.00000E+00  0.00000E+00  0.00000E+00   -0.43786E+03  0.15278E+03  0.28508E+03  0.35443E+01 -0.55711E+02 -0.32606E+02      298.00
  0.73699E-01  0.67644E+03   -0.59000E-01 -0.59000E-01  0.11800E+00  0.00000E+00  0.00000E+00  0.00000E+00   -0.43809E+03  0.15278E+03  0.28531E+03  0.35395E+01 -0.55843E+02 -0.32628E+02      298.00
  0.74016E-01  0.67684E+03   -0.59250E-01 -0.59250E-01  0.11850E+00  0.00000E+00  0.00000E+00  0.00000E+00   -0.43831E+03  0.15277E+03  0.28554E+03  0.35346E+01 -0.55974E+02 -0.32649E+02      298.00
  0.74332E-01  0.67723E+03   -0.59500E-01 -0.59500E-01  0.11900E+00  0.00000E+00  0.00000E+00  0.00000E+00   -0.43853E+03  0.15276E+03  0.28577E+03  0.35297E+01 -0.56106E+02 -0.32671E+02      298.00
  0.74649E-01  0.67762E+03   -0.59750E-01 -0.59750E-01  0.11950E+00  0.00000E+00  0.00000E+00  0.00000E+00   -0.43875E+03  0.15275E+03  0.28600E+03  0.35247E+01 -0.56237E+02 -0.32692E+02      298.00
  0.74965E-01  0.67801E+03   -0.60000E-01 -0.60000E-01  0.12000E+00  0.00000E+00  0.00000E+00  0.00000E+00   -0.43896E+03  0.15274E+03  0.28622E+03  0.35197E+01 -0.56369E+02 -0.32713E+02      298.00
  0.75282E-01  0.67839E+03   -0.60250E-01 -0.60250E-01  0.12050E+00  0.00000E+00  0.00000E+00  0.00000E+00   -0.43918E+03  0.15273E+03  0.28645E+03  0.35146E+01 -0.56500E+02 -0.32735E+02      298.00
  0.75599E-01  0.67877E+03   -0.60500E-01 -0.60500E-01  0.12100E+00  0.00000E+00  0.00000E+00  0.00000E+00   -0.43939E+03  0.15272E+03  0.28667E+03  0.35094E+01 -0.56632E+02 -0.32756E+02      298.00
  0.75915E-01  0.10684E+04   -0.60750E-01 -0.60750E-01  0.12150E+00  0.00000E+00  0.00000E+00  0.00000E+00   -0.27814E+03 -0.30273E+03  0.58087E+03  0.21327E+03 -0.18640E+03  0.21687E+03      298.00
  0.76323E-01  0.10693E+04   -0.61000E-01 -0.61000E-01  0.12200E+00  0.00000E+00  0.00000E+00  0.00000E+00   -0.27824E+03 -0.30280E+03  0.58104E+03  0.21394E+03 -0.18700E+03  0.21686E+03      298.00
  0.76731E-01  0.10698E+04   -0.61250E-01 -0.61250E-01  0.12250E+00  0.00000E+00  0.00000E+00  0.00000E+00   -0.27824E+03 -0.30285E+03  0.58109E+03  0.21446E+03 -0.18746E+03  0.21672E+03      298.00
  0.77138E-01  0.10704E+04   -0.61500E-01 -0.61500E-01  0.12300E+00  0.00000E+00  0.00000E+00  0.00000E+00   -0.27826E+03 -0.30290E+03  0.58115E+03  0.21499E+03 -0.18795E+03  0.21660E+03      298.00
  0.77545E-01  0.10710E+04   -0.61750E-01 -0.61750E-01  0.12350E+00  0.00000E+00  0.00000E+00  0.00000E+00   -0.27828E+03 -0.30293E+03  0.58121E+03  0.21552E+03 -0.18844E+03  0.21648E+03      298.00
  0.77952E-01  0.10715E+04   -0.62000E-01 -0.62000E-01  0.12400E+00  0.00000E+00  0.00000E+00  0.00000E+00   -0.27829E+03 -0.30297E+03  0.58126E+03  0.21604E+03 -0.18892E+03  0.21635E+03      298.00
  0.78359E-01  0.10721E+04   -0.62250E-01 -0.62250E-01  0.12450E+00  0.00000E+00  0.00000E+00  0.00000E+00   -0.27831E+03 -0.30300E+03  0.58131E+03  0.21656E+03 -0.18941E+03  0.21622E+03      298.00
  0.78766E-01  0.10726E+04   -0.62500E-01 -0.62500E-01  0.12500E+00  0.00000E+00  0.00000E+00  0.00000E+00   -0.27832E+03 -0.30303E+03  0.58135E+03  0.21708E+03 -0.18989E+03  0.21609E+03      298.00
