    STEP   AVACS   MODE1   MODE2   MODE3   MODE4
       1   6.000   0.186   0.814   0.000   0.000
       2   5.000   0.235   0.765   0.000   0.000
       3   6.000   0.271   0.729   0.000   0.000
       4   6.000   0.332   0.668   0.000   0.000
       5   6.000   0.376   0.624   0.000   0.000
       6   6.000   0.411   0.589   0.000   0.000
       7   7.000   0.449   0.551   0.000   0.000
       8   6.000   0.415   0.585   0.000   0.000
       9   6.000   0.381   0.619   0.000   0.000
      10   5.000   0.290   0.710   0.000   0.000
      11   6.000   0.348   0.652   0.000   0.000
      12   7.000   0.352   0.648   0.000   0.000
      13   6.000   0.303   0.697   0.000   0.000
      14   6.000   0.232   0.768   0.000   0.000
      15   7.000   0.126   0.874   0.000   0.000
      16   4.000   0.009   0.991   0.000   0.000
      17   5.000   0.077   0.923   0.000   0.000
      18   6.000   0.134   0.866   0.000   0.000
      19   6.000   0.186   0.814   0.000   0.000
      20   5.000   0.235   0.765   0.000   0.000
      21   6.000   0.271   0.729   0.000   0.000
      22   6.000   0.332   0.668   0.000   0.000
      23   6.000   0.376   0.624   0.000   0.000
      24   6.000   0.411   0.589   0.000   0.000
      25   7.000   0.449   0.551   0.000   0.000
      26   6.000   0.415   0.585   0.000   0.000
      27   6.000   0.381   0.619   0.000   0.000
      28   5.000   0.290   0.710   0.000   0.000
      29   6.000   0.348   0.652   0.000   0.000
      30   7.000   0.352   0.648   0.000   0.000
      31   6.000   0.303   0.697   0.000   0.000
      32   6.000   0.232   0.768   0.000   0.000
      33   7.000   0.126   0.874   0.000   0.000
      34   4.000   0.009   0.991   0.000   0.000
      35   5.000   0.077   0.923   0.000   0.000
      36   6.000   0.134   0.866   0.000   0.000
  STRAIN   AVACS   PRITW   SECTW   MODE1   MODE2   MODE3   MODE4   TWFR3   EFFR3   TWFR4   EFFR4
   0.000   6.000   0.000   0.000   0.186   0.814   0.000   0.000   0.000   0.000   0.000   0.000
   0.001   6.000   0.000   0.000   0.186   0.814   0.000   0.000   0.000   0.000   0.000   0.000
   0.001   6.000   0.000   0.000   0.185   0.815   0.000   0.000   0.000   0.000   0.000   0.000
   0.002   6.000   0.000   0.000   0.185   0.815   0.000   0.000   0.000   0.000   0.000   0.000
   0.002   6.000   0.000   0.000   0.184   0.816   0.000   0.000   0.000   0.000   0.000   0.000
   0.003   6.000   0.000   0.000   0.184   0.816   0.000   0.000   0.000   0.000   0.000   0.000
   0.003   6.000   0.000   0.000   0.184   0.816   0.000   0.000   0.000   0.000   0.000   0.000
   0.004   6.000   0.000   0.000   0.183   0.817   0.000   0.000   0.000   0.000   0.000   0.000
   0.004   6.000   0.000   0.000   0.183   0.817   0.000   0.000   0.000   0.000   0.000   0.000
   0.005   6.000   0.000   0.000   0.183   0.817   0.000   0.000   0.000   0.000   0.000   0.000
   0.005   6.000   0.000   0.000   0.182   0.818   0.000   0.000   0.000   0.000   0.000   0.000
   0.006   6.000   0.000   0.000   0.182   0.818   0.000   0.000   0.000   0.000   0.000   0.000
   0.006   6.000   0.000   0.000   0.182   0.818   0.000   0.000   0.000   0.000   0.000   0.000
   0.007   6.000   0.000   0.000   0.182   0.818   0.000   0.000   0.000   0.000   0.000   0.000
   0.007   6.000   0.000   0.000   0.182   0.818   0.000   0.000   0.000   0.000   0.000   0.000
   0.008   6.000   0.000   0.000   0.181   0.819   0.000   0.000   0.000   0.000   0.000   0.000
   0.008   6.000   0.000   0.000   0.181   0.819   0.000   0.000   0.000   0.000   0.000   0.000
   0.009   6.000   0.000   0.000   0.181   0.819   0.000   0.000   0.000   0.000   0.000   0.000
   0.009   6.000   0.000   0.000   0.181   0.819   0.000   0.000   0.000   0.000   0.000   0.000
   0.010   6.000   0.000   0.000   0.181   0.819   0.000   0.000   0.000   0.000   0.000   0.000
   0.010   6.000   0.000   0.000   0.181   0.819   0.000   0.000   0.000   0.000   0.000   0.000
   0.011   6.000   0.000   0.000   0.181   0.819   0.000   0.000   0.000   0.000   0.000   0.000
   0.011   6.000   0.000   0.000   0.180   0.820   0.000   0.000   0.000   0.000   0.000   0.000
   0.012   6.000   0.000   0.000   0.180   0.820   0.000   0.000   0.000   0.000   0.000   0.000
   0.012   6.000   0.000   0.000   0.180   0.820   0.000   0.000   0.000   0.000   0.000   0.000
   0.013   6.000   0.000   0.000   0.180   0.820   0.000   0.000   0.000   0.000   0.000   0.000
   0.013   6.000   0.000   0.000   0.180   0.820   0.000   0.000   0.000   0.000   0.000   0.000
   0.014   6.000   0.000   0.000   0.180   0.820   0.000   0.000   0.000   0.000   0.000   0.000
   0.014   6.000   0.000   0.000   0.180   0.820   0.000   0.000   0.000   0.000   0.000   0.000
   0.015   6.000   0.000   0.000   0.179   0.820   0.000   0.000   0.000   0.000   0.000   0.000
   0.015   6.000   0.000   0.000   0.179   0.821   0.000   0.000   0.000   0.000   0.000   0.000
   0.016   6.000   0.000   0.000   0.179   0.821   0.000   0.000   0.000   0.000   0.000   0.000
   0.016   6.000   0.000   0.000   0.179   0.821   0.000   0.000   0.000   0.000   0.000   0.000
   0.017   6.000   0.000   0.000   0.179   0.821   0.000   0.000   0.000   0.000   0.000   0.000
   0.017   6.000   0.000   0.000   0.179   0.821   0.000   0.000   0.000   0.000   0.000   0.000
   0.018   6.000   0.000   0.000   0.179   0.821   0.000   0.000   0.000   0.000   0.000   0.000
   0.018   6.000   0.000   0.000   0.178   0.821   0.000   0.000   0.000   0.000   0.000   0.000
   0.019   6.000   0.000   0.000   0.178   0.822   0.000   0.000   0.000   0.000   0.000   0.000
   0.019   6.000   0.000   0.000   0.178   0.822   0.000   0.000   0.000   0.000   0.000   0.000
   0.020   6.000   0.000   0.000   0.178   0.822   0.000   0.000   0.000   0.000   0.000   0.000
   0.020   6.000   0.000   0.000   0.178   0.822   0.000   0.000   0.000   0.000   0.000   0.000
   0.021   6.000   0.000   0.000   0.178   0.822   0.000   0.000   0.000   0.000   0.000   0.000
   0.021   6.000   0.000   0.000   0.178   0.822   0.000   0.000   0.000   0.000   0.000   0.000
   0.022   6.000   0.000   0.000   0.177   0.822   0.000   0.000   0.000   0.000   0.000   0.000
   0.022   6.000   0.000   0.000   0.177   0.823   0.000   0.000   0.000   0.000   0.000   0.000
   0.023   6.000   0.000   0.000   0.177   0.823   0.000   0.000   0.000   0.000   0.000   0.000
   0.023   6.000   0.000   0.000   0.177   0.823   0.000   0.000   0.000   0.000   0.000   0.000
   0.024   6.000   0.000   0.000   0.177   0.823   0.000   0.000   0.000   0.000   0.000   0.000
   0.024   6.000   0.000   0.000   0.177   0.823   0.000   0.000   0.000   0.000   0.000   0.000
   0.025   6.000   0.000   0.000   0.177   0.823   0.000   0.000   0.000   0.000   0.000   0.000
   0.025   6.000   0.000   0.000   0.177   0.823   0.000   0.000   0.000   0.000   0.000   0.000
    STEP   AVACS   MODE1   MODE2   MODE3   MODE4
       1   6.000   0.177   0.823   0.000   0.000
       2   5.000   0.227   0.773   0.000   0.000
       3   6.000   0.263   0.737   0.000   0.000
       4   6.000   0.320   0.680   0.000   0.000
       5   6.000   0.355   0.645   0.000   0.000
       6   6.000   0.419   0.580   0.000   0.000
       7   7.000   0.460   0.540   0.000   0.000
       8   5.000   0.427   0.573   0.000   0.000
       9   6.000   0.381   0.619   0.000   0.000
      10   5.000   0.309   0.691   0.000   0.000
      11   7.000   0.357   0.643   0.000   0.000
      12   7.000   0.351   0.649   0.000   0.000
      13   6.000   0.301   0.699   0.000   0.000
      14   7.000   0.222   0.778   0.000   0.000
      15   7.000   0.102   0.898   0.000   0.000
      16   4.000   0.000   1.000   0.000   0.000
      17   5.000   0.061   0.939   0.000   0.000
      18   6.000   0.122   0.878   0.000   0.000
      19   6.000   0.176   0.823   0.000   0.000
      20   5.000   0.227   0.773   0.000   0.000
      21   6.000   0.263   0.737   0.000   0.000
      22   6.000   0.320   0.680   0.000   0.000
      23   6.000   0.355   0.645   0.000   0.000
      24   6.000   0.420   0.580   0.000   0.000
      25   7.000   0.460   0.540   0.000   0.000
      26   5.000   0.427   0.573   0.000   0.000
      27   6.000   0.381   0.619   0.000   0.000
      28   5.000   0.309   0.691   0.000   0.000
      29   7.000   0.357   0.643   0.000   0.000
      30   7.000   0.351   0.649   0.000   0.000
      31   6.000   0.301   0.699   0.000   0.000
      32   7.000   0.222   0.778   0.000   0.000
      33   7.000   0.102   0.898   0.000   0.000
      34   4.000   0.000   1.000   0.000   0.000
      35   5.000   0.061   0.939   0.000   0.000
      36   6.000   0.122   0.878   0.000   0.000
  STRAIN   AVACS   PRITW   SECTW   MODE1   MODE2   MODE3   MODE4   TWFR3   EFFR3   TWFR4   EFFR4
   0.025   6.000   0.000   0.000   0.176   0.823   0.000   0.000   0.000   0.000   0.000   0.000
   0.026   6.000   0.000   0.000   0.176   0.823   0.000   0.000   0.000   0.000   0.000   0.000
   0.026   6.000   0.000   0.000   0.176   0.824   0.000   0.000   0.000   0.000   0.000   0.000
   0.027   6.000   0.000   0.000   0.176   0.824   0.000   0.000   0.000   0.000   0.000   0.000
   0.027   6.000   0.000   0.000   0.176   0.824   0.000   0.000   0.000   0.000   0.000   0.000
   0.028   6.000   0.000   0.000   0.176   0.824   0.000   0.000   0.000   0.000   0.000   0.000
   0.028   6.000   0.000   0.000   0.176   0.824   0.000   0.000   0.000   0.000   0.000   0.000
   0.029   6.000   0.000   0.000   0.175   0.824   0.000   0.000   0.000   0.000   0.000   0.000
   0.029   6.000   0.000   0.000   0.175   0.824   0.000   0.000   0.000   0.000   0.000   0.000
   0.030   6.000   0.000   0.000   0.175   0.825   0.000   0.000   0.000   0.000   0.000   0.000
   0.030   6.000   0.000   0.000   0.175   0.825   0.000   0.000   0.000   0.000   0.000   0.000
   0.031   6.000   0.000   0.000   0.175   0.825   0.000   0.000   0.000   0.000   0.000   0.000
   0.031   6.000   0.000   0.000   0.175   0.825   0.000   0.000   0.000   0.000   0.000   0.000
   0.032   6.000   0.000   0.000   0.174   0.825   0.000   0.000   0.000   0.000   0.000   0.000
   0.032   6.000   0.000   0.000   0.174   0.825   0.000   0.000   0.000   0.000   0.000   0.000
   0.033   6.000   0.000   0.000   0.174   0.825   0.000   0.000   0.000   0.000   0.000   0.000
   0.033   6.000   0.000   0.000   0.174   0.826   0.000   0.000   0.000   0.000   0.000   0.000
   0.034   6.000   0.000   0.000   0.174   0.826   0.000   0.000   0.000   0.000   0.000   0.000
   0.034   6.000   0.000   0.000   0.174   0.826   0.000   0.001   0.000   0.000   0.000   0.000
   0.035   6.000   0.000   0.000   0.173   0.826   0.000   0.001   0.000   0.000   0.000   0.000
   0.035   6.000   0.000   0.000   0.173   0.826   0.000   0.001   0.000   0.000   0.000   0.000
   0.036   6.000   0.000   0.000   0.173   0.826   0.000   0.001   0.000   0.000   0.000   0.000
   0.036   6.000   0.000   0.000   0.173   0.826   0.000   0.001   0.000   0.000   0.000   0.000
   0.037   6.000   0.000   0.000   0.173   0.827   0.000   0.001   0.000   0.000   0.000   0.000
   0.037   6.000   0.000   0.000   0.173   0.827   0.000   0.001   0.000   0.000   0.000   0.000
   0.038   6.000   0.000   0.000   0.172   0.827   0.000   0.001   0.000   0.000   0.000   0.000
   0.038   6.000   0.000   0.000   0.172   0.827   0.000   0.001   0.000   0.000   0.000   0.000
   0.039   6.000   0.000   0.000   0.172   0.827   0.000   0.001   0.000   0.000   0.000   0.000
   0.039   6.000   0.000   0.000   0.172   0.827   0.000   0.001   0.000   0.000   0.000   0.000
   0.040   6.000   0.000   0.000   0.172   0.827   0.000   0.001   0.000   0.000   0.000   0.000
   0.040   6.000   0.000   0.000   0.172   0.828   0.000   0.001   0.000   0.000   0.000   0.000
   0.041   6.000   0.000   0.000   0.171   0.828   0.000   0.001   0.000   0.000   0.000   0.000
   0.041   6.000   0.000   0.000   0.171   0.828   0.000   0.001   0.000   0.000   0.000   0.000
   0.042   6.000   0.000   0.000   0.171   0.828   0.000   0.001   0.000   0.000   0.000   0.000
   0.042   6.000   0.000   0.000   0.171   0.828   0.000   0.001   0.000   0.000   0.000   0.000
   0.043   6.000   0.000   0.000   0.171   0.828   0.000   0.001   0.000   0.000   0.000   0.000
   0.043   6.000   0.000   0.000   0.170   0.828   0.000   0.001   0.000   0.000   0.000   0.000
   0.044   6.000   0.000   0.000   0.170   0.829   0.000   0.001   0.000   0.000   0.000   0.000
   0.044   6.000   0.000   0.000   0.170   0.829   0.000   0.001   0.000   0.000   0.000   0.000
   0.045   6.000   0.000   0.000   0.170   0.829   0.000   0.001   0.000   0.000   0.000   0.000
   0.045   6.000   0.000   0.000   0.170   0.829   0.000   0.001   0.000   0.000   0.000   0.000
   0.046   6.000   0.000   0.000   0.170   0.829   0.000   0.001   0.000   0.000   0.000   0.000
   0.046   6.000   0.000   0.000   0.169   0.829   0.000   0.001   0.000   0.000   0.000   0.000
   0.047   6.000   0.000   0.000   0.169   0.829   0.000   0.001   0.000   0.000   0.000   0.000
   0.047   6.000   0.000   0.000   0.169   0.830   0.000   0.001   0.000   0.000   0.000   0.000
   0.048   6.000   0.000   0.000   0.169   0.830   0.000   0.001   0.000   0.000   0.000   0.000
   0.048   6.000   0.000   0.000   0.169   0.830   0.000   0.001   0.000   0.000   0.000   0.000
   0.049   6.000   0.000   0.000   0.169   0.830   0.000   0.002   0.000   0.000   0.000   0.000
   0.049   6.000   0.000   0.000   0.168   0.830   0.000   0.002   0.000   0.000   0.000   0.000
   0.050   6.000   0.000   0.000   0.168   0.830   0.000   0.002   0.000   0.000   0.000   0.000
   0.050   6.000   0.000   0.000   0.168   0.830   0.000   0.002   0.000   0.000   0.000   0.000
    STEP   AVACS   MODE1   MODE2   MODE3   MODE4
       1   6.000   0.169   0.831   0.000   0.000
       2   5.000   0.223   0.777   0.000   0.000
       3   5.000   0.266   0.734   0.000   0.000
       4   6.000   0.329   0.671   0.000   0.001
       5   6.000   0.368   0.630   0.000   0.002
       6   6.000   0.429   0.565   0.000   0.005
       7   7.000   0.473   0.523   0.000   0.004
       8   5.000   0.444   0.556   0.000   0.000
       9   6.000   0.397   0.603   0.000   0.000
      10   5.000   0.340   0.659   0.000   0.000
      11   7.000   0.379   0.621   0.000   0.000
      12   7.000   0.363   0.637   0.000   0.000
      13   6.000   0.307   0.693   0.000   0.000
      14   7.000   0.224   0.776   0.000   0.000
      15   7.000   0.099   0.901   0.000   0.000
      16   4.000   0.012   0.988   0.000   0.000
      17   5.000   0.046   0.952   0.000   0.002
      18   5.000   0.110   0.888   0.000   0.002
      19   6.000   0.168   0.830   0.000   0.002
      20   5.000   0.222   0.777   0.000   0.001
      21   5.000   0.266   0.734   0.000   0.000
      22   6.000   0.329   0.671   0.000   0.000
      23   6.000   0.368   0.631   0.001   0.000
      24   6.000   0.431   0.569   0.000   0.000
      25   7.000   0.474   0.525   0.000   0.000
      26   5.000   0.444   0.556   0.000   0.000
      27   6.000   0.397   0.602   0.000   0.001
      28   5.000   0.340   0.659   0.000   0.000
      29   7.000   0.379   0.621   0.000   0.000
      30   7.000   0.363   0.637   0.000   0.000
      31   6.000   0.307   0.693   0.000   0.000
      32   7.000   0.224   0.776   0.000   0.000
      33   7.000   0.099   0.901   0.000   0.000
      34   4.000   0.011   0.987   0.000   0.002
      35   5.000   0.047   0.953   0.000   0.000
      36   5.000   0.111   0.889   0.000   0.000
  STRAIN   AVACS   PRITW   SECTW   MODE1   MODE2   MODE3   MODE4   TWFR3   EFFR3   TWFR4   EFFR4
   0.050   6.000   0.000   0.000   0.168   0.830   0.000   0.002   0.000   0.000   0.000   0.000
   0.051   6.000   0.000   0.000   0.168   0.830   0.000   0.002   0.000   0.000   0.000   0.000
   0.051   6.000   0.000   0.000   0.168   0.831   0.000   0.002   0.000   0.000   0.000   0.000
   0.052   6.000   0.000   0.000   0.167   0.831   0.000   0.002   0.000   0.000   0.000   0.000
   0.052   6.000   0.000   0.000   0.167   0.831   0.000   0.002   0.000   0.000   0.000   0.000
   0.053   6.000   0.000   0.000   0.167   0.831   0.000   0.002   0.000   0.000   0.000   0.000
   0.053   6.000   0.000   0.000   0.167   0.831   0.000   0.002   0.000   0.000   0.000   0.000
   0.054   6.000   0.000   0.000   0.167   0.831   0.000   0.002   0.000   0.000   0.000   0.000
   0.054   6.000   0.000   0.000   0.167   0.831   0.000   0.002   0.000   0.000   0.000   0.000
   0.055   6.000   0.000   0.000   0.166   0.832   0.000   0.002   0.000   0.000   0.000   0.000
   0.055   6.000   0.000   0.000   0.166   0.832   0.000   0.002   0.000   0.000   0.000   0.000
   0.056   6.000   0.000   0.000   0.166   0.832   0.000   0.002   0.000   0.000   0.000   0.000
   0.056   6.000   0.000   0.000   0.166   0.832   0.000   0.002   0.000   0.000   0.000   0.000
   0.057   6.000   0.000   0.000   0.166   0.832   0.000   0.002   0.000   0.000   0.000   0.000
   0.057   6.000   0.000   0.000   0.165   0.832   0.000   0.002   0.000   0.000   0.000   0.000
   0.058   6.000   0.000   0.000   0.165   0.832   0.000   0.002   0.000   0.000   0.001   0.000
   0.058   6.000   0.000   0.000   0.165   0.833   0.000   0.002   0.000   0.000   0.001   0.000
   0.059   6.000   0.000   0.000   0.165   0.833   0.000   0.002   0.000   0.000   0.001   0.000
   0.059   6.000   0.000   0.000   0.165   0.833   0.000   0.002   0.000   0.000   0.001   0.000
   0.060   6.000   0.000   0.000   0.165   0.833   0.000   0.002   0.000   0.000   0.001   0.000
   0.060   6.000   0.000   0.000   0.164   0.833   0.000   0.002   0.000   0.000   0.001   0.000
   0.061   6.000   0.000   0.000   0.164   0.833   0.000   0.002   0.000   0.000   0.001   0.000
   0.061   6.000   0.000   0.000   0.164   0.833   0.000   0.002   0.000   0.000   0.001   0.000
   0.062   6.000   0.000   0.000   0.164   0.834   0.000   0.002   0.000   0.000   0.001   0.000
   0.062   6.000   0.000   0.000   0.164   0.834   0.000   0.003   0.000   0.000   0.001   0.000
   0.063   6.000   0.000   0.000   0.164   0.834   0.000   0.003   0.000   0.000   0.001   0.000
   0.063   6.000   0.000   0.000   0.163   0.834   0.000   0.003   0.000   0.000   0.001   0.000
   0.064   6.000   0.000   0.000   0.163   0.834   0.000   0.003   0.000   0.000   0.001   0.000
   0.064   6.000   0.000   0.000   0.163   0.834   0.000   0.003   0.000   0.000   0.001   0.000
   0.065   6.000   0.000   0.000   0.163   0.834   0.000   0.003   0.000   0.000   0.001   0.000
   0.065   6.000   0.000   0.000   0.163   0.835   0.000   0.003   0.000   0.000   0.001   0.000
   0.066   6.000   0.000   0.000   0.163   0.835   0.000   0.003   0.000   0.000   0.001   0.000
   0.066   6.000   0.000   0.000   0.162   0.835   0.000   0.003   0.000   0.000   0.001   0.000
   0.067   6.000   0.000   0.000   0.162   0.835   0.000   0.003   0.000   0.000   0.001   0.000
   0.067   6.000   0.000   0.000   0.162   0.835   0.000   0.003   0.000   0.000   0.001   0.000
   0.068   6.000   0.000   0.000   0.162   0.835   0.000   0.003   0.000   0.000   0.001   0.000
   0.068   6.000   0.000   0.000   0.162   0.836   0.000   0.003   0.000   0.000   0.001   0.000
   0.069   6.000   0.000   0.000   0.162   0.836   0.000   0.003   0.000   0.000   0.001   0.000
   0.069   6.000   0.000   0.000   0.161   0.836   0.000   0.003   0.000   0.000   0.001   0.000
   0.070   6.000   0.000   0.000   0.161   0.836   0.000   0.003   0.000   0.000   0.001   0.000
   0.070   6.000   0.000   0.000   0.161   0.836   0.000   0.003   0.000   0.000   0.001   0.000
   0.071   6.000   0.000   0.000   0.161   0.836   0.000   0.003   0.000   0.000   0.001   0.000
   0.071   6.000   0.000   0.000   0.161   0.836   0.000   0.003   0.000   0.000   0.001   0.000
   0.072   6.000   0.000   0.000   0.160   0.837   0.000   0.003   0.000   0.000   0.001   0.000
   0.072   6.000   0.000   0.000   0.160   0.837   0.000   0.003   0.000   0.000   0.001   0.000
   0.073   6.000   0.000   0.000   0.160   0.837   0.000   0.003   0.000   0.000   0.001   0.000
   0.073   6.000   0.000   0.000   0.160   0.837   0.000   0.003   0.000   0.000   0.001   0.000
   0.074   6.000   0.000   0.000   0.160   0.837   0.000   0.003   0.000   0.000   0.001   0.000
   0.074   6.000   0.000   0.000   0.160   0.837   0.000   0.003   0.000   0.000   0.001   0.000
   0.075   6.000   0.000   0.000   0.160   0.837   0.000   0.003   0.000   0.000   0.001   0.000
   0.075   6.000   0.000   0.000   0.159   0.838   0.000   0.003   0.000   0.000   0.001   0.000
    STEP   AVACS   MODE1   MODE2   MODE3   MODE4
       1   6.000   0.161   0.839   0.000   0.000
       2   4.000   0.218   0.782   0.000   0.000
       3   5.000   0.267   0.733   0.000   0.000
       4   6.000   0.332   0.667   0.000   0.002
       5   6.000   0.371   0.624   0.000   0.005
       6   5.000   0.438   0.550   0.000   0.011
       7   7.000   0.485   0.506   0.000   0.009
       8   5.000   0.459   0.540   0.000   0.001
       9   6.000   0.410   0.590   0.000   0.000
      10   5.000   0.368   0.631   0.000   0.000
      11   7.000   0.394   0.606   0.000   0.000
      12   7.000   0.370   0.630   0.000   0.000
      13   7.000   0.310   0.690   0.000   0.000
      14   7.000   0.221   0.779   0.000   0.000
      15   5.000   0.092   0.907   0.000   0.000
      16   5.000   0.028   0.971   0.000   0.000
      17   5.000   0.030   0.966   0.000   0.004
      18   5.000   0.098   0.898   0.000   0.004
      19   6.000   0.159   0.838   0.000   0.003
      20   4.000   0.217   0.781   0.000   0.002
      21   5.000   0.267   0.733   0.000   0.000
      22   6.000   0.331   0.668   0.001   0.000
      23   6.000   0.370   0.627   0.003   0.000
      24   5.000   0.442   0.558   0.000   0.000
      25   7.000   0.488   0.512   0.000   0.000
      26   5.000   0.460   0.540   0.000   0.000
      27   6.000   0.410   0.589   0.000   0.002
      28   5.000   0.368   0.632   0.000   0.000
      29   7.000   0.394   0.606   0.000   0.000
      30   7.000   0.370   0.630   0.000   0.000
      31   7.000   0.310   0.690   0.000   0.000
      32   7.000   0.221   0.779   0.000   0.000
      33   5.000   0.092   0.907   0.000   0.000
      34   4.000   0.025   0.968   0.000   0.006
      35   5.000   0.032   0.968   0.000   0.000
      36   5.000   0.100   0.900   0.000   0.000
  STRAIN   AVACS   PRITW   SECTW   MODE1   MODE2   MODE3   MODE4   TWFR3   EFFR3   TWFR4   EFFR4
   0.075   6.000   0.000   0.000   0.159   0.838   0.000   0.003   0.000   0.000   0.001   0.000
   0.076   6.000   0.000   0.000   0.159   0.838   0.000   0.003   0.000   0.000   0.001   0.000
   0.076   6.000   0.000   0.000   0.159   0.838   0.000   0.003   0.000   0.000   0.001   0.000
   0.077   6.000   0.000   0.000   0.159   0.838   0.000   0.003   0.000   0.000   0.001   0.000
   0.077   6.000   0.000   0.000   0.159   0.838   0.000   0.003   0.000   0.000   0.001   0.000
   0.078   6.000   0.000   0.000   0.159   0.838   0.000   0.003   0.000   0.000   0.001   0.000
   0.078   6.000   0.000   0.000   0.158   0.839   0.000   0.003   0.000   0.000   0.001   0.000
   0.079   6.000   0.000   0.000   0.158   0.839   0.000   0.003   0.000   0.000   0.001   0.000
   0.079   6.000   0.000   0.000   0.158   0.839   0.000   0.003   0.000   0.000   0.001   0.000
   0.080   6.000   0.000   0.000   0.158   0.839   0.000   0.003   0.000   0.000   0.001   0.000
   0.080   6.000   0.000   0.000   0.158   0.839   0.000   0.003   0.000   0.000   0.001   0.000
   0.081   6.000   0.000   0.000   0.158   0.839   0.000   0.003   0.000   0.000   0.001   0.000
   0.081   6.000   0.000   0.000   0.157   0.839   0.000   0.003   0.000   0.000   0.001   0.000
   0.082   5.000   0.000   0.000   0.157   0.840   0.000   0.003   0.000   0.000   0.001   0.000
   0.082   5.000   0.000   0.000   0.157   0.840   0.000   0.003   0.000   0.000   0.001   0.000
   0.083   5.000   0.000   0.000   0.157   0.840   0.000   0.003   0.000   0.000   0.001   0.000
   0.083   5.000   0.000   0.000   0.157   0.840   0.000   0.003   0.000   0.000   0.002   0.000
   0.084   5.000   0.000   0.000   0.157   0.840   0.000   0.003   0.000   0.000   0.002   0.000
   0.084   5.000   0.000   0.000   0.156   0.840   0.000   0.003   0.000   0.000   0.002   0.000
   0.085   5.000   0.000   0.000   0.156   0.841   0.000   0.003   0.000   0.000   0.002   0.000
   0.085   5.000   0.000   0.000   0.156   0.841   0.000   0.003   0.000   0.000   0.002   0.000
   0.086   5.000   0.000   0.000   0.156   0.841   0.000   0.003   0.000   0.000   0.002   0.000
   0.086   5.000   0.000   0.000   0.156   0.841   0.000   0.003   0.000   0.000   0.002   0.000
   0.087   5.000   0.000   0.000   0.156   0.841   0.000   0.003   0.000   0.000   0.002   0.000
   0.087   5.000   0.000   0.000   0.156   0.841   0.000   0.003   0.000   0.000   0.002   0.000
   0.088   5.000   0.000   0.000   0.155   0.842   0.000   0.003   0.000   0.000   0.002   0.000
   0.088   5.000   0.000   0.000   0.155   0.842   0.000   0.003   0.000   0.000   0.002   0.000
   0.089   5.000   0.000   0.000   0.155   0.842   0.000   0.003   0.000   0.000   0.002   0.000
   0.089   5.000   0.000   0.000   0.155   0.842   0.000   0.003   0.000   0.000   0.002   0.000
   0.090   5.000   0.000   0.000   0.155   0.842   0.000   0.003   0.000   0.000   0.002   0.000
   0.090   5.000   0.000   0.000   0.155   0.842   0.000   0.003   0.000   0.000   0.002   0.000
   0.091   5.000   0.000   0.000   0.154   0.843   0.000   0.003   0.000   0.000   0.002   0.000
   0.091   5.000   0.000   0.000   0.154   0.843   0.000   0.003   0.000   0.000   0.002   0.000
   0.092   5.000   0.000   0.000   0.154   0.843   0.000   0.003   0.000   0.000   0.002   0.000
   0.092   5.000   0.000   0.000   0.154   0.843   0.000   0.003   0.000   0.000   0.002   0.000
   0.093   5.000   0.000   0.000   0.154   0.843   0.000   0.003   0.000   0.000   0.002   0.000
   0.093   5.000   0.000   0.000   0.154   0.843   0.000   0.003   0.000   0.000   0.002   0.000
   0.094   5.000   0.000   0.000   0.154   0.843   0.000   0.003   0.000   0.000   0.002   0.000
   0.094   5.000   0.000   0.000   0.153   0.844   0.000   0.003   0.000   0.000   0.002   0.000
   0.095   5.000   0.000   0.000   0.153   0.844   0.000   0.003   0.000   0.000   0.002   0.000
   0.095   5.000   0.000   0.000   0.153   0.844   0.000   0.003   0.000   0.000   0.002   0.000
   0.096   5.000   0.000   0.000   0.153   0.844   0.000   0.003   0.000   0.000   0.002   0.000
   0.096   5.000   0.000   0.000   0.153   0.844   0.000   0.003   0.000   0.000   0.002   0.000
   0.097   5.000   0.000   0.000   0.153   0.844   0.000   0.003   0.000   0.000   0.002   0.000
   0.097   5.000   0.000   0.000   0.153   0.844   0.000   0.003   0.000   0.000   0.002   0.000
   0.098   5.000   0.000   0.000   0.153   0.845   0.000   0.003   0.000   0.000   0.002   0.000
   0.098   5.000   0.000   0.000   0.152   0.845   0.000   0.003   0.000   0.000   0.002   0.000
   0.099   5.000   0.000   0.000   0.152   0.845   0.000   0.003   0.000   0.000   0.002   0.000
   0.099   5.000   0.000   0.000   0.152   0.845   0.000   0.003   0.000   0.000   0.002   0.000
   0.100   5.000   0.000   0.000   0.152   0.845   0.000   0.003   0.000   0.000   0.002   0.000
   0.100   5.000   0.000   0.000   0.152   0.845   0.000   0.003   0.000   0.000   0.002   0.000
    STEP   AVACS   MODE1   MODE2   MODE3   MODE4
       1   5.000   0.153   0.847   0.000   0.000
       2   4.000   0.213   0.786   0.000   0.000
       3   4.000   0.268   0.732   0.000   0.000
       4   6.000   0.333   0.665   0.000   0.002
       5   6.000   0.372   0.623   0.000   0.005
       6   5.000   0.449   0.539   0.000   0.012
       7   7.000   0.499   0.492   0.000   0.010
       8   5.000   0.475   0.524   0.000   0.001
       9   6.000   0.422   0.578   0.000   0.000
      10   6.000   0.393   0.606   0.000   0.000
      11   7.000   0.406   0.593   0.000   0.000
      12   7.000   0.376   0.624   0.000   0.000
      13   7.000   0.311   0.689   0.000   0.000
      14   7.000   0.217   0.783   0.000   0.000
      15   5.000   0.099   0.901   0.000   0.000
      16   6.000   0.044   0.956   0.000   0.000
      17   4.000   0.014   0.982   0.000   0.004
      18   5.000   0.086   0.910   0.000   0.004
      19   5.000   0.152   0.846   0.000   0.003
      20   4.000   0.213   0.786   0.000   0.001
      21   5.000   0.268   0.732   0.000   0.000
      22   6.000   0.332   0.666   0.003   0.000
      23   6.000   0.367   0.625   0.008   0.000
      24   5.000   0.453   0.547   0.000   0.000
      25   7.000   0.502   0.498   0.000   0.000
      26   5.000   0.476   0.524   0.000   0.000
      27   6.000   0.422   0.576   0.000   0.002
      28   6.000   0.393   0.606   0.000   0.000
      29   7.000   0.406   0.593   0.000   0.000
      30   7.000   0.376   0.624   0.000   0.000
      31   7.000   0.311   0.689   0.000   0.000
      32   7.000   0.217   0.783   0.000   0.000
      33   5.000   0.098   0.901   0.000   0.001
      34   6.000   0.041   0.952   0.000   0.008
      35   4.000   0.016   0.983   0.000   0.000
      36   5.000   0.088   0.911   0.000   0.000
  STRAIN   AVACS   PRITW   SECTW   MODE1   MODE2   MODE3   MODE4   TWFR3   EFFR3   TWFR4   EFFR4
   0.100   5.000   0.000   0.000   0.152   0.846   0.000   0.003   0.000   0.000   0.002   0.000
   0.101   5.000   0.000   0.000   0.152   0.846   0.000   0.003   0.000   0.000   0.002   0.000
   0.101   5.000   0.000   0.000   0.151   0.846   0.000   0.003   0.000   0.000   0.002   0.000
   0.102   5.000   0.000   0.000   0.151   0.846   0.000   0.003   0.000   0.000   0.002   0.000
   0.102   5.000   0.000   0.000   0.151   0.846   0.000   0.003   0.000   0.000   0.002   0.000
   0.103   5.000   0.000   0.000   0.151   0.846   0.000   0.003   0.000   0.000   0.002   0.000
   0.103   5.000   0.000   0.000   0.151   0.846   0.000   0.003   0.000   0.000   0.002   0.000
   0.104   5.000   0.000   0.000   0.151   0.847   0.000   0.003   0.000   0.000   0.002   0.000
   0.104   5.000   0.000   0.000   0.151   0.847   0.000   0.003   0.000   0.000   0.002   0.000
   0.105   5.000   0.000   0.000   0.150   0.847   0.000   0.003   0.000   0.000   0.002   0.000
   0.105   5.000   0.000   0.000   0.150   0.847   0.000   0.003   0.000   0.000   0.002   0.000
   0.106   5.000   0.000   0.000   0.150   0.847   0.000   0.003   0.000   0.000   0.002   0.000
   0.106   5.000   0.000   0.000   0.150   0.847   0.000   0.003   0.000   0.000   0.002   0.000
   0.107   5.000   0.000   0.000   0.150   0.848   0.000   0.003   0.000   0.000   0.002   0.000
   0.107   5.000   0.000   0.000   0.150   0.848   0.000   0.003   0.000   0.000   0.002   0.000
   0.108   5.000   0.000   0.000   0.150   0.848   0.000   0.003   0.000   0.000   0.002   0.000
   0.108   5.000   0.000   0.000   0.149   0.848   0.000   0.003   0.000   0.000   0.003   0.000
   0.109   5.000   0.000   0.000   0.149   0.848   0.000   0.003   0.000   0.000   0.003   0.000
   0.109   5.000   0.000   0.000   0.149   0.848   0.000   0.002   0.000   0.000   0.003   0.000
   0.110   5.000   0.000   0.000   0.149   0.849   0.000   0.002   0.000   0.000   0.003   0.000
   0.110   5.000   0.000   0.000   0.149   0.849   0.000   0.002   0.000   0.000   0.003   0.000
   0.111   5.000   0.000   0.000   0.149   0.849   0.000   0.002   0.000   0.000   0.003   0.000
   0.111   5.000   0.000   0.000   0.149   0.849   0.000   0.002   0.000   0.000   0.003   0.000
   0.112   5.000   0.000   0.000   0.148   0.849   0.000   0.002   0.000   0.000   0.003   0.000
   0.112   5.000   0.000   0.000   0.148   0.849   0.000   0.002   0.000   0.000   0.003   0.000
   0.113   5.000   0.000   0.000   0.148   0.849   0.000   0.002   0.000   0.000   0.003   0.000
   0.113   5.000   0.000   0.000   0.148   0.850   0.000   0.002   0.000   0.000   0.003   0.000
   0.114   5.000   0.000   0.000   0.148   0.850   0.000   0.002   0.000   0.000   0.003   0.000
   0.114   5.000   0.000   0.000   0.148   0.850   0.000   0.002   0.000   0.000   0.003   0.000
   0.115   5.000   0.000   0.000   0.148   0.850   0.000   0.002   0.000   0.000   0.003   0.000
   0.115   5.000   0.000   0.000   0.147   0.850   0.000   0.002   0.000   0.000   0.003   0.000
   0.116   5.000   0.000   0.000   0.147   0.850   0.000   0.002   0.000   0.000   0.003   0.000
   0.116   5.000   0.000   0.000   0.147   0.851   0.000   0.002   0.000   0.000   0.003   0.000
   0.117   5.000   0.000   0.000   0.147   0.851   0.000   0.002   0.000   0.000   0.003   0.000
   0.117   5.000   0.000   0.000   0.147   0.851   0.000   0.002   0.000   0.000   0.003   0.000
   0.118   5.000   0.000   0.000   0.147   0.851   0.000   0.002   0.000   0.000   0.003   0.000
   0.118   5.000   0.000   0.000   0.147   0.851   0.000   0.002   0.000   0.000   0.003   0.000
   0.119   5.000   0.000   0.000   0.146   0.851   0.000   0.002   0.000   0.000   0.003   0.000
   0.119   5.000   0.000   0.000   0.146   0.852   0.000   0.002   0.000   0.000   0.003   0.000
   0.120   5.000   0.000   0.000   0.146   0.852   0.000   0.002   0.000   0.000   0.003   0.000
   0.120   5.000   0.000   0.000   0.146   0.852   0.000   0.002   0.000   0.000   0.003   0.000
   0.121   5.000   0.000   0.000   0.146   0.852   0.000   0.002   0.000   0.000   0.003   0.000
   0.121   5.000   0.000   0.000   0.146   0.852   0.000   0.002   0.000   0.000   0.003   0.000
   0.122   5.000   0.000   0.000   0.146   0.852   0.000   0.002   0.000   0.000   0.003   0.000
   0.122   5.000   0.000   0.000   0.145   0.853   0.000   0.002   0.000   0.000   0.003   0.000
   0.123   5.000   0.000   0.000   0.145   0.853   0.000   0.002   0.000   0.000   0.003   0.000
   0.123   5.000   0.000   0.000   0.145   0.853   0.000   0.002   0.000   0.000   0.003   0.000
   0.124   5.000   0.000   0.000   0.145   0.853   0.000   0.002   0.000   0.000   0.003   0.000
   0.124   5.000   0.000   0.000   0.145   0.853   0.000   0.002   0.000   0.000   0.003   0.000
   0.125   5.000   0.000   0.000   0.145   0.853   0.000   0.002   0.000   0.000   0.003   0.000
   0.125   5.000   0.000   0.000   0.145   0.853   0.000   0.002   0.000   0.000   0.003   0.000
    STEP   AVACS   MODE1   MODE2   MODE3   MODE4
       1   5.000   0.145   0.854   0.000   0.000
       2   4.000   0.209   0.790   0.000   0.000
       3   4.000   0.270   0.730   0.000   0.000
       4   6.000   0.335   0.664   0.000   0.002
       5   6.000   0.373   0.624   0.000   0.004
       6   5.000   0.460   0.531   0.000   0.010
       7   7.000   0.513   0.479   0.000   0.008
       8   5.000   0.492   0.507   0.000   0.001
       9   6.000   0.435   0.564   0.000   0.000
      10   6.000   0.416   0.584   0.000   0.000
      11   7.000   0.417   0.583   0.000   0.000
      12   7.000   0.380   0.620   0.000   0.000
      13   7.000   0.311   0.688   0.000   0.000
      14   7.000   0.212   0.788   0.000   0.000
      15   5.000   0.116   0.884   0.000   0.000
      16   6.000   0.059   0.941   0.000   0.000
      17   4.000   0.000   0.998   0.000   0.002
      18   5.000   0.076   0.922   0.000   0.003
      19   5.000   0.145   0.854   0.000   0.002
      20   4.000   0.209   0.790   0.000   0.001
      21   4.000   0.270   0.730   0.000   0.000
      22   6.000   0.329   0.664   0.007   0.000
      23   7.000   0.361   0.622   0.016   0.000
      24   5.000   0.463   0.537   0.000   0.000
      25   7.000   0.515   0.485   0.000   0.000
      26   5.000   0.492   0.508   0.000   0.000
      27   6.000   0.435   0.564   0.000   0.001
      28   6.000   0.416   0.584   0.000   0.000
      29   7.000   0.417   0.583   0.000   0.000
      30   7.000   0.380   0.620   0.000   0.000
      31   7.000   0.311   0.689   0.000   0.000
      32   7.000   0.212   0.788   0.000   0.000
      33   5.000   0.114   0.883   0.000   0.002
      34   6.000   0.056   0.937   0.000   0.007
      35   4.000   0.001   0.999   0.000   0.000
      36   5.000   0.077   0.923   0.000   0.000
