          Evm          Svm            E11          E22          E33          E23          E13          E12         SDEV11       SDEV22       SDEV33       SDEV23       SDEV13       SDEV12      TEMP
  0.00000E+00  0.47040E+03    0.00000E+00  0.00000E+00  0.00000E+00  0.00000E+00  0.00000E+00  0.00000E+00   -0.78816E+02 -0.19439E+03  0.27320E+03 -0.63879E+02  0.26182E+02  0.98360E+02      298.00
  0.43559E-03  0.48004E+03   -0.25000E-03 -0.25000E-03  0.50000E-03  0.00000E+00  0.00000E+00  0.00000E+00   -0.81531E+02 -0.19775E+03  0.27928E+03 -0.66342E+02  0.26978E+02  0.99044E+02      298.00
  0.87192E-03  0.48957E+03   -0.50000E-03 -0.50000E-03  0.10000E-02  0.00000E+00  0.00000E+00  0.00000E+00   -0.84212E+02 -0.20099E+03  0.28520E+03 -0.68571E+02  0.27954E+02  0.99965E+02      298.00
  0.13088E-02  0.49866E+03   -0.75000E-03 -0.75000E-03  0.15000E-02  0.00000E+00  0.00000E+00  0.00000E+00   -0.86571E+02 -0.20426E+03  0.29083E+03 -0.70686E+02  0.28708E+02  0.10084E+03      298.00
  0.17463E-02  0.50785E+03   -0.10000E-02 -0.10000E-02  0.20000E-02  0.00000E+00  0.00000E+00  0.00000E+00   -0.88889E+02 -0.20753E+03  0.29642E+03 -0.72727E+02  0.29578E+02  0.10194E+03      298.00
  0.21840E-02  0.51676E+03   -0.12500E-02 -0.12500E-02  0.25000E-02  0.00000E+00  0.00000E+00  0.00000E+00   -0.91010E+02 -0.21079E+03  0.30180E+03 -0.74668E+02  0.30354E+02  0.10305E+03      298.00
  0.26220E-02  0.52552E+03   -0.15000E-02 -0.15000E-02  0.30000E-02  0.00000E+00  0.00000E+00  0.00000E+00   -0.93021E+02 -0.21402E+03  0.30704E+03 -0.76520E+02  0.31126E+02  0.10424E+03      298.00
  0.30602E-02  0.53412E+03   -0.17500E-02 -0.17500E-02  0.35000E-02  0.00000E+00  0.00000E+00  0.00000E+00   -0.94918E+02 -0.21724E+03  0.31216E+03 -0.78303E+02  0.31878E+02  0.10548E+03      298.00
  0.34985E-02  0.54267E+03   -0.20000E-02 -0.20000E-02  0.40000E-02  0.00000E+00  0.00000E+00  0.00000E+00   -0.96684E+02 -0.22050E+03  0.31719E+03 -0.80089E+02  0.32566E+02  0.10676E+03      298.00
  0.39369E-02  0.55089E+03   -0.22500E-02 -0.22500E-02  0.45000E-02  0.00000E+00  0.00000E+00  0.00000E+00   -0.98400E+02 -0.22362E+03  0.32202E+03 -0.81716E+02  0.33305E+02  0.10806E+03      298.00
  0.43753E-02  0.55915E+03   -0.25000E-02 -0.25000E-02  0.50000E-02  0.00000E+00  0.00000E+00  0.00000E+00   -0.99984E+02 -0.22684E+03  0.32683E+03 -0.83405E+02  0.33954E+02  0.10941E+03      298.00
  0.48137E-02  0.56717E+03   -0.27500E-02 -0.27500E-02  0.55000E-02  0.00000E+00  0.00000E+00  0.00000E+00   -0.10153E+03 -0.22996E+03  0.33149E+03 -0.84979E+02  0.34644E+02  0.11076E+03      298.00
  0.52521E-02  0.57507E+03   -0.30000E-02 -0.30000E-02  0.60000E-02  0.00000E+00  0.00000E+00  0.00000E+00   -0.10301E+03 -0.23305E+03  0.33606E+03 -0.86526E+02  0.35311E+02  0.11213E+03      298.00
  0.56903E-02  0.58285E+03   -0.32500E-02 -0.32500E-02  0.65000E-02  0.00000E+00  0.00000E+00  0.00000E+00   -0.10443E+03 -0.23611E+03  0.34053E+03 -0.88034E+02  0.35975E+02  0.11351E+03      298.00
  0.61285E-02  0.59049E+03   -0.35000E-02 -0.35000E-02  0.70000E-02  0.00000E+00  0.00000E+00  0.00000E+00   -0.10579E+03 -0.23912E+03  0.34492E+03 -0.89509E+02  0.36634E+02  0.11490E+03      298.00
  0.65666E-02  0.59801E+03   -0.37500E-02 -0.37500E-02  0.75000E-02  0.00000E+00  0.00000E+00  0.00000E+00   -0.10711E+03 -0.24210E+03  0.34922E+03 -0.90954E+02  0.37287E+02  0.11629E+03      298.00
  0.70046E-02  0.60541E+03   -0.40000E-02 -0.40000E-02  0.80000E-02  0.00000E+00  0.00000E+00  0.00000E+00   -0.10839E+03 -0.24505E+03  0.35343E+03 -0.92373E+02  0.37933E+02  0.11768E+03      298.00
  0.74424E-02  0.61269E+03   -0.42500E-02 -0.42500E-02  0.85000E-02  0.00000E+00  0.00000E+00  0.00000E+00   -0.10962E+03 -0.24795E+03  0.35757E+03 -0.93768E+02  0.38573E+02  0.11906E+03      298.00
  0.78801E-02  0.61986E+03   -0.45000E-02 -0.45000E-02  0.90000E-02  0.00000E+00  0.00000E+00  0.00000E+00   -0.11081E+03 -0.25081E+03  0.36163E+03 -0.95142E+02  0.39207E+02  0.12044E+03      298.00
  0.83177E-02  0.62691E+03   -0.47500E-02 -0.47500E-02  0.95000E-02  0.00000E+00  0.00000E+00  0.00000E+00   -0.11197E+03 -0.25364E+03  0.36561E+03 -0.96497E+02  0.39836E+02  0.12181E+03      298.00
  0.87551E-02  0.63385E+03   -0.50000E-02 -0.50000E-02  0.10000E-01  0.00000E+00  0.00000E+00  0.00000E+00   -0.11310E+03 -0.25643E+03  0.36952E+03 -0.97833E+02  0.40459E+02  0.12316E+03      298.00
  0.91923E-02  0.64068E+03   -0.52500E-02 -0.52500E-02  0.10500E-01  0.00000E+00  0.00000E+00  0.00000E+00   -0.11419E+03 -0.25917E+03  0.37336E+03 -0.99153E+02  0.41078E+02  0.12451E+03      298.00
  0.96294E-02  0.64741E+03   -0.55000E-02 -0.55000E-02  0.11000E-01  0.00000E+00  0.00000E+00  0.00000E+00   -0.11526E+03 -0.26188E+03  0.37714E+03 -0.10046E+03  0.41693E+02  0.12584E+03      298.00
  0.10066E-01  0.65403E+03   -0.57500E-02 -0.57500E-02  0.11500E-01  0.00000E+00  0.00000E+00  0.00000E+00   -0.11630E+03 -0.26454E+03  0.38084E+03 -0.10175E+03  0.42303E+02  0.12715E+03      298.00
  0.10503E-01  0.66046E+03   -0.60000E-02 -0.60000E-02  0.12000E-01  0.00000E+00  0.00000E+00  0.00000E+00   -0.11725E+03 -0.26720E+03  0.38444E+03 -0.10304E+03  0.42817E+02  0.12839E+03      298.00
  0.10940E-01  0.66688E+03   -0.62500E-02 -0.62500E-02  0.12500E-01  0.00000E+00  0.00000E+00  0.00000E+00   -0.11824E+03 -0.26978E+03  0.38802E+03 -0.10431E+03  0.43419E+02  0.12967E+03      298.00
  0.11376E-01  0.67319E+03   -0.65000E-02 -0.65000E-02  0.13000E-01  0.00000E+00  0.00000E+00  0.00000E+00   -0.11921E+03 -0.27233E+03  0.39154E+03 -0.10556E+03  0.44020E+02  0.13094E+03      298.00
  0.11812E-01  0.67941E+03   -0.67500E-02 -0.67500E-02  0.13500E-01  0.00000E+00  0.00000E+00  0.00000E+00   -0.12016E+03 -0.27484E+03  0.39499E+03 -0.10680E+03  0.44618E+02  0.13218E+03      298.00
  0.12248E-01  0.68553E+03   -0.70000E-02 -0.70000E-02  0.14000E-01  0.00000E+00  0.00000E+00  0.00000E+00   -0.12108E+03 -0.27731E+03  0.39839E+03 -0.10803E+03  0.45212E+02  0.13341E+03      298.00
  0.12684E-01  0.69156E+03   -0.72500E-02 -0.72500E-02  0.14500E-01  0.00000E+00  0.00000E+00  0.00000E+00   -0.12199E+03 -0.27974E+03  0.40173E+03 -0.10925E+03  0.45803E+02  0.13463E+03      298.00
  0.13120E-01  0.69750E+03   -0.75000E-02 -0.75000E-02  0.15000E-01  0.00000E+00  0.00000E+00  0.00000E+00   -0.12289E+03 -0.28213E+03  0.40501E+03 -0.11047E+03  0.46391E+02  0.13582E+03      298.00
  0.13555E-01  0.70334E+03   -0.77500E-02 -0.77500E-02  0.15500E-01  0.00000E+00  0.00000E+00  0.00000E+00   -0.12376E+03 -0.28448E+03  0.40824E+03 -0.11167E+03  0.46975E+02  0.13699E+03      298.00
  0.13991E-01  0.70941E+03   -0.80000E-02 -0.80000E-02  0.16000E-01  0.00000E+00  0.00000E+00  0.00000E+00   -0.12471E+03 -0.28684E+03  0.41155E+03 -0.11292E+03  0.47697E+02  0.13829E+03      298.00
  0.14426E-01  0.71507E+03   -0.82500E-02 -0.82500E-02  0.16500E-01  0.00000E+00  0.00000E+00  0.00000E+00   -0.12555E+03 -0.28912E+03  0.41467E+03 -0.11411E+03  0.48274E+02  0.13942E+03      298.00
  0.14861E-01  0.72065E+03   -0.85000E-02 -0.85000E-02  0.17000E-01  0.00000E+00  0.00000E+00  0.00000E+00   -0.12637E+03 -0.29136E+03  0.41773E+03 -0.11529E+03  0.48846E+02  0.14054E+03      298.00
  0.15295E-01  0.72614E+03   -0.87500E-02 -0.87500E-02  0.17500E-01  0.00000E+00  0.00000E+00  0.00000E+00   -0.12718E+03 -0.29357E+03  0.42075E+03 -0.11646E+03  0.49416E+02  0.14163E+03      298.00
  0.15730E-01  0.73155E+03   -0.90000E-02 -0.90000E-02  0.18000E-01  0.00000E+00  0.00000E+00  0.00000E+00   -0.12797E+03 -0.29574E+03  0.42371E+03 -0.11763E+03  0.49983E+02  0.14271E+03      298.00
  0.16164E-01  0.73687E+03   -0.92500E-02 -0.92500E-02  0.18500E-01  0.00000E+00  0.00000E+00  0.00000E+00   -0.12875E+03 -0.29788E+03  0.42663E+03 -0.11879E+03  0.50548E+02  0.14377E+03      298.00
  0.16599E-01  0.74212E+03   -0.95000E-02 -0.95000E-02  0.19000E-01  0.00000E+00  0.00000E+00  0.00000E+00   -0.12952E+03 -0.29998E+03  0.42950E+03 -0.11994E+03  0.51110E+02  0.14480E+03      298.00
  0.17033E-01  0.74728E+03   -0.97500E-02 -0.97500E-02  0.19500E-01  0.00000E+00  0.00000E+00  0.00000E+00   -0.13027E+03 -0.30205E+03  0.43231E+03 -0.12108E+03  0.51670E+02  0.14582E+03      298.00
  0.17466E-01  0.75237E+03   -0.10000E-01 -0.10000E-01  0.20000E-01  0.00000E+00  0.00000E+00  0.00000E+00   -0.13101E+03 -0.30408E+03  0.43509E+03 -0.12222E+03  0.52228E+02  0.14682E+03      298.00
  0.17900E-01  0.75738E+03   -0.10250E-01 -0.10250E-01  0.20500E-01  0.00000E+00  0.00000E+00  0.00000E+00   -0.13173E+03 -0.30608E+03  0.43781E+03 -0.12335E+03  0.52784E+02  0.14781E+03      298.00
  0.18334E-01  0.76231E+03   -0.10500E-01 -0.10500E-01  0.21000E-01  0.00000E+00  0.00000E+00  0.00000E+00   -0.13245E+03 -0.30804E+03  0.44049E+03 -0.12448E+03  0.53338E+02  0.14877E+03      298.00
  0.18767E-01  0.76717E+03   -0.10750E-01 -0.10750E-01  0.21500E-01  0.00000E+00  0.00000E+00  0.00000E+00   -0.13315E+03 -0.30998E+03  0.44313E+03 -0.12560E+03  0.53889E+02  0.14972E+03      298.00
  0.19200E-01  0.77214E+03   -0.11000E-01 -0.11000E-01  0.22000E-01  0.00000E+00  0.00000E+00  0.00000E+00   -0.13381E+03 -0.31199E+03  0.44580E+03 -0.12680E+03  0.54410E+02  0.15068E+03      298.00
  0.19633E-01  0.77685E+03   -0.11250E-01 -0.11250E-01  0.22500E-01  0.00000E+00  0.00000E+00  0.00000E+00   -0.13449E+03 -0.31386E+03  0.44835E+03 -0.12790E+03  0.54957E+02  0.15159E+03      298.00
  0.20066E-01  0.78122E+03   -0.11500E-01 -0.11500E-01  0.23000E-01  0.00000E+00  0.00000E+00  0.00000E+00   -0.13507E+03 -0.31566E+03  0.45074E+03 -0.12896E+03  0.55365E+02  0.15236E+03      298.00
  0.20499E-01  0.78579E+03   -0.11750E-01 -0.11750E-01  0.23500E-01  0.00000E+00  0.00000E+00  0.00000E+00   -0.13573E+03 -0.31747E+03  0.45320E+03 -0.13006E+03  0.55909E+02  0.15323E+03      298.00
  0.20931E-01  0.79029E+03   -0.12000E-01 -0.12000E-01  0.24000E-01  0.00000E+00  0.00000E+00  0.00000E+00   -0.13638E+03 -0.31924E+03  0.45563E+03 -0.13114E+03  0.56454E+02  0.15410E+03      298.00
  0.21364E-01  0.79472E+03   -0.12250E-01 -0.12250E-01  0.24500E-01  0.00000E+00  0.00000E+00  0.00000E+00   -0.13702E+03 -0.32098E+03  0.45801E+03 -0.13222E+03  0.56997E+02  0.15494E+03      298.00
  0.21796E-01  0.79908E+03   -0.12500E-01 -0.12500E-01  0.25000E-01  0.00000E+00  0.00000E+00  0.00000E+00   -0.13765E+03 -0.32270E+03  0.46035E+03 -0.13330E+03  0.57537E+02  0.15577E+03      298.00
          Evm          Svm            E11          E22          E33          E23          E13          E12         SDEV11       SDEV22       SDEV33       SDEV23       SDEV13       SDEV12      TEMP
  0.21796E-01  0.79882E+03   -0.12500E-01 -0.12500E-01  0.25000E-01  0.00000E+00  0.00000E+00  0.00000E+00   -0.13781E+03 -0.32244E+03  0.46025E+03 -0.13304E+03  0.57775E+02  0.15580E+03      298.00
  0.22228E-01  0.80337E+03   -0.12750E-01 -0.12750E-01  0.25500E-01  0.00000E+00  0.00000E+00  0.00000E+00   -0.13828E+03 -0.32437E+03  0.46265E+03 -0.13435E+03  0.58090E+02  0.15659E+03      298.00
  0.22660E-01  0.80761E+03   -0.13000E-01 -0.13000E-01  0.26000E-01  0.00000E+00  0.00000E+00  0.00000E+00   -0.13888E+03 -0.32604E+03  0.46492E+03 -0.13543E+03  0.58610E+02  0.15738E+03      298.00
  0.23092E-01  0.81178E+03   -0.13250E-01 -0.13250E-01  0.26500E-01  0.00000E+00  0.00000E+00  0.00000E+00   -0.13948E+03 -0.32766E+03  0.46714E+03 -0.13649E+03  0.59143E+02  0.15816E+03      298.00
  0.23523E-01  0.81588E+03   -0.13500E-01 -0.13500E-01  0.27000E-01  0.00000E+00  0.00000E+00  0.00000E+00   -0.14007E+03 -0.32926E+03  0.46933E+03 -0.13754E+03  0.59674E+02  0.15892E+03      298.00
  0.23955E-01  0.81992E+03   -0.13750E-01 -0.13750E-01  0.27500E-01  0.00000E+00  0.00000E+00  0.00000E+00   -0.14065E+03 -0.33083E+03  0.47148E+03 -0.13859E+03  0.60203E+02  0.15967E+03      298.00
  0.24386E-01  0.82390E+03   -0.14000E-01 -0.14000E-01  0.28000E-01  0.00000E+00  0.00000E+00  0.00000E+00   -0.14122E+03 -0.33238E+03  0.47360E+03 -0.13963E+03  0.60729E+02  0.16040E+03      298.00
  0.24817E-01  0.82782E+03   -0.14250E-01 -0.14250E-01  0.28500E-01  0.00000E+00  0.00000E+00  0.00000E+00   -0.14178E+03 -0.33390E+03  0.47568E+03 -0.14067E+03  0.61254E+02  0.16112E+03      298.00
  0.25248E-01  0.83168E+03   -0.14500E-01 -0.14500E-01  0.29000E-01  0.00000E+00  0.00000E+00  0.00000E+00   -0.14233E+03 -0.33539E+03  0.47772E+03 -0.14170E+03  0.61776E+02  0.16183E+03      298.00
  0.25679E-01  0.83548E+03   -0.14750E-01 -0.14750E-01  0.29500E-01  0.00000E+00  0.00000E+00  0.00000E+00   -0.14288E+03 -0.33686E+03  0.47973E+03 -0.14273E+03  0.62297E+02  0.16252E+03      298.00
  0.26110E-01  0.83923E+03   -0.15000E-01 -0.15000E-01  0.30000E-01  0.00000E+00  0.00000E+00  0.00000E+00   -0.14341E+03 -0.33830E+03  0.48171E+03 -0.14375E+03  0.62815E+02  0.16319E+03      298.00
  0.26540E-01  0.84292E+03   -0.15250E-01 -0.15250E-01  0.30500E-01  0.00000E+00  0.00000E+00  0.00000E+00   -0.14394E+03 -0.33971E+03  0.48365E+03 -0.14476E+03  0.63332E+02  0.16385E+03      298.00
  0.26971E-01  0.84655E+03   -0.15500E-01 -0.15500E-01  0.31000E-01  0.00000E+00  0.00000E+00  0.00000E+00   -0.14446E+03 -0.34110E+03  0.48556E+03 -0.14578E+03  0.63846E+02  0.16450E+03      298.00
  0.27401E-01  0.85013E+03   -0.15750E-01 -0.15750E-01  0.31500E-01  0.00000E+00  0.00000E+00  0.00000E+00   -0.14497E+03 -0.34247E+03  0.48744E+03 -0.14678E+03  0.64358E+02  0.16513E+03      298.00
  0.27831E-01  0.85365E+03   -0.16000E-01 -0.16000E-01  0.32000E-01  0.00000E+00  0.00000E+00  0.00000E+00   -0.14547E+03 -0.34381E+03  0.48929E+03 -0.14778E+03  0.64869E+02  0.16575E+03      298.00
  0.28261E-01  0.85712E+03   -0.16250E-01 -0.16250E-01  0.32500E-01  0.00000E+00  0.00000E+00  0.00000E+00   -0.14597E+03 -0.34513E+03  0.49110E+03 -0.14878E+03  0.65377E+02  0.16636E+03      298.00
  0.28690E-01  0.86007E+03   -0.16500E-01 -0.16500E-01  0.33000E-01  0.00000E+00  0.00000E+00  0.00000E+00   -0.14635E+03 -0.34634E+03  0.49268E+03 -0.14966E+03  0.65699E+02  0.16675E+03      298.00
  0.29120E-01  0.86344E+03   -0.16750E-01 -0.16750E-01  0.33500E-01  0.00000E+00  0.00000E+00  0.00000E+00   -0.14682E+03 -0.34761E+03  0.49444E+03 -0.15065E+03  0.66199E+02  0.16734E+03      298.00
  0.29549E-01  0.86676E+03   -0.17000E-01 -0.17000E-01  0.34000E-01  0.00000E+00  0.00000E+00  0.00000E+00   -0.14730E+03 -0.34887E+03  0.49616E+03 -0.15163E+03  0.66706E+02  0.16791E+03      298.00
  0.29979E-01  0.87004E+03   -0.17250E-01 -0.17250E-01  0.34500E-01  0.00000E+00  0.00000E+00  0.00000E+00   -0.14777E+03 -0.35009E+03  0.49786E+03 -0.15261E+03  0.67211E+02  0.16847E+03      298.00
  0.30408E-01  0.87326E+03   -0.17500E-01 -0.17500E-01  0.35000E-01  0.00000E+00  0.00000E+00  0.00000E+00   -0.14823E+03 -0.35130E+03  0.49953E+03 -0.15358E+03  0.67714E+02  0.16901E+03      298.00
  0.30837E-01  0.87644E+03   -0.17750E-01 -0.17750E-01  0.35500E-01  0.00000E+00  0.00000E+00  0.00000E+00   -0.14868E+03 -0.35249E+03  0.50117E+03 -0.15455E+03  0.68216E+02  0.16955E+03      298.00
  0.31266E-01  0.87956E+03   -0.18000E-01 -0.18000E-01  0.36000E-01  0.00000E+00  0.00000E+00  0.00000E+00   -0.14913E+03 -0.35365E+03  0.50278E+03 -0.15551E+03  0.68715E+02  0.17007E+03      298.00
  0.31695E-01  0.88264E+03   -0.18250E-01 -0.18250E-01  0.36500E-01  0.00000E+00  0.00000E+00  0.00000E+00   -0.14957E+03 -0.35479E+03  0.50436E+03 -0.15647E+03  0.69212E+02  0.17058E+03      298.00
  0.32123E-01  0.88567E+03   -0.18500E-01 -0.18500E-01  0.37000E-01  0.00000E+00  0.00000E+00  0.00000E+00   -0.15000E+03 -0.35592E+03  0.50591E+03 -0.15743E+03  0.69708E+02  0.17108E+03      298.00
  0.32552E-01  0.88866E+03   -0.18750E-01 -0.18750E-01  0.37500E-01  0.00000E+00  0.00000E+00  0.00000E+00   -0.15042E+03 -0.35702E+03  0.50744E+03 -0.15838E+03  0.70201E+02  0.17157E+03      298.00
  0.32980E-01  0.89161E+03   -0.19000E-01 -0.19000E-01  0.38000E-01  0.00000E+00  0.00000E+00  0.00000E+00   -0.15084E+03 -0.35810E+03  0.50894E+03 -0.15932E+03  0.70693E+02  0.17205E+03      298.00
  0.33408E-01  0.89450E+03   -0.19250E-01 -0.19250E-01  0.38500E-01  0.00000E+00  0.00000E+00  0.00000E+00   -0.15126E+03 -0.35916E+03  0.51042E+03 -0.16026E+03  0.71183E+02  0.17251E+03      298.00
  0.33836E-01  0.89736E+03   -0.19500E-01 -0.19500E-01  0.39000E-01  0.00000E+00  0.00000E+00  0.00000E+00   -0.15166E+03 -0.36021E+03  0.51187E+03 -0.16120E+03  0.71670E+02  0.17297E+03      298.00
  0.34264E-01  0.90017E+03   -0.19750E-01 -0.19750E-01  0.39500E-01  0.00000E+00  0.00000E+00  0.00000E+00   -0.15206E+03 -0.36123E+03  0.51329E+03 -0.16213E+03  0.72156E+02  0.17341E+03      298.00
  0.34691E-01  0.90294E+03   -0.20000E-01 -0.20000E-01  0.40000E-01  0.00000E+00  0.00000E+00  0.00000E+00   -0.15246E+03 -0.36223E+03  0.51469E+03 -0.16306E+03  0.72641E+02  0.17384E+03      298.00
  0.35119E-01  0.90567E+03   -0.20250E-01 -0.20250E-01  0.40500E-01  0.00000E+00  0.00000E+00  0.00000E+00   -0.15284E+03 -0.36322E+03  0.51606E+03 -0.16398E+03  0.73123E+02  0.17427E+03      298.00
  0.35546E-01  0.90836E+03   -0.20500E-01 -0.20500E-01  0.41000E-01  0.00000E+00  0.00000E+00  0.00000E+00   -0.15322E+03 -0.36419E+03  0.51741E+03 -0.16490E+03  0.73604E+02  0.17468E+03      298.00
  0.35973E-01  0.91100E+03   -0.20750E-01 -0.20750E-01  0.41500E-01  0.00000E+00  0.00000E+00  0.00000E+00   -0.15360E+03 -0.36514E+03  0.51874E+03 -0.16581E+03  0.74083E+02  0.17508E+03      298.00
  0.36401E-01  0.91361E+03   -0.21000E-01 -0.21000E-01  0.42000E-01  0.00000E+00  0.00000E+00  0.00000E+00   -0.15397E+03 -0.36607E+03  0.52004E+03 -0.16672E+03  0.74560E+02  0.17548E+03      298.00
  0.36827E-01  0.91618E+03   -0.21250E-01 -0.21250E-01  0.42500E-01  0.00000E+00  0.00000E+00  0.00000E+00   -0.15433E+03 -0.36699E+03  0.52132E+03 -0.16763E+03  0.75035E+02  0.17586E+03      298.00
  0.37254E-01  0.91871E+03   -0.21500E-01 -0.21500E-01  0.43000E-01  0.00000E+00  0.00000E+00  0.00000E+00   -0.15469E+03 -0.36788E+03  0.52258E+03 -0.16853E+03  0.75508E+02  0.17623E+03      298.00
  0.37681E-01  0.92120E+03   -0.21750E-01 -0.21750E-01  0.43500E-01  0.00000E+00  0.00000E+00  0.00000E+00   -0.15505E+03 -0.36877E+03  0.52381E+03 -0.16943E+03  0.75980E+02  0.17660E+03      298.00
  0.38107E-01  0.92365E+03   -0.22000E-01 -0.22000E-01  0.44000E-01  0.00000E+00  0.00000E+00  0.00000E+00   -0.15539E+03 -0.36963E+03  0.52502E+03 -0.17033E+03  0.76450E+02  0.17695E+03      298.00
  0.38534E-01  0.92607E+03   -0.22250E-01 -0.22250E-01  0.44500E-01  0.00000E+00  0.00000E+00  0.00000E+00   -0.15573E+03 -0.37048E+03  0.52621E+03 -0.17122E+03  0.76919E+02  0.17730E+03      298.00
  0.38960E-01  0.92845E+03   -0.22500E-01 -0.22500E-01  0.45000E-01  0.00000E+00  0.00000E+00  0.00000E+00   -0.15607E+03 -0.37131E+03  0.52738E+03 -0.17210E+03  0.77385E+02  0.17764E+03      298.00
  0.39386E-01  0.93080E+03   -0.22750E-01 -0.22750E-01  0.45500E-01  0.00000E+00  0.00000E+00  0.00000E+00   -0.15640E+03 -0.37212E+03  0.52853E+03 -0.17298E+03  0.77850E+02  0.17796E+03      298.00
  0.39812E-01  0.93311E+03   -0.23000E-01 -0.23000E-01  0.46000E-01  0.00000E+00  0.00000E+00  0.00000E+00   -0.15673E+03 -0.37292E+03  0.52965E+03 -0.17386E+03  0.78314E+02  0.17828E+03      298.00
  0.40237E-01  0.93514E+03   -0.23250E-01 -0.23250E-01  0.46500E-01  0.00000E+00  0.00000E+00  0.00000E+00   -0.15697E+03 -0.37369E+03  0.53066E+03 -0.17470E+03  0.78636E+02  0.17848E+03      298.00
  0.40663E-01  0.93740E+03   -0.23500E-01 -0.23500E-01  0.47000E-01  0.00000E+00  0.00000E+00  0.00000E+00   -0.15728E+03 -0.37446E+03  0.53175E+03 -0.17558E+03  0.79090E+02  0.17878E+03      298.00
  0.41088E-01  0.93961E+03   -0.23750E-01 -0.23750E-01  0.47500E-01  0.00000E+00  0.00000E+00  0.00000E+00   -0.15760E+03 -0.37522E+03  0.53282E+03 -0.17645E+03  0.79553E+02  0.17908E+03      298.00
  0.41514E-01  0.94179E+03   -0.24000E-01 -0.24000E-01  0.48000E-01  0.00000E+00  0.00000E+00  0.00000E+00   -0.15791E+03 -0.37596E+03  0.53386E+03 -0.17731E+03  0.80014E+02  0.17937E+03      298.00
  0.41939E-01  0.94393E+03   -0.24250E-01 -0.24250E-01  0.48500E-01  0.00000E+00  0.00000E+00  0.00000E+00   -0.15821E+03 -0.37668E+03  0.53489E+03 -0.17816E+03  0.80473E+02  0.17964E+03      298.00
  0.42364E-01  0.94605E+03   -0.24500E-01 -0.24500E-01  0.49000E-01  0.00000E+00  0.00000E+00  0.00000E+00   -0.15851E+03 -0.37739E+03  0.53590E+03 -0.17902E+03  0.80931E+02  0.17992E+03      298.00
  0.42789E-01  0.94813E+03   -0.24750E-01 -0.24750E-01  0.49500E-01  0.00000E+00  0.00000E+00  0.00000E+00   -0.15881E+03 -0.37808E+03  0.53689E+03 -0.17987E+03  0.81387E+02  0.18018E+03      298.00
  0.43213E-01  0.95018E+03   -0.25000E-01 -0.25000E-01  0.50000E-01  0.00000E+00  0.00000E+00  0.00000E+00   -0.15910E+03 -0.37876E+03  0.53786E+03 -0.18071E+03  0.81841E+02  0.18044E+03      298.00
          Evm          Svm            E11          E22          E33          E23          E13          E12         SDEV11       SDEV22       SDEV33       SDEV23       SDEV13       SDEV12      TEMP
  0.43213E-01  0.95057E+03   -0.25000E-01 -0.25000E-01  0.50000E-01  0.00000E+00  0.00000E+00  0.00000E+00   -0.15931E+03 -0.37871E+03  0.53802E+03 -0.18071E+03  0.82197E+02  0.18068E+03      298.00
  0.43638E-01  0.95297E+03   -0.25250E-01 -0.25250E-01  0.50500E-01  0.00000E+00  0.00000E+00  0.00000E+00   -0.15953E+03 -0.37961E+03  0.53914E+03 -0.18178E+03  0.82578E+02  0.18096E+03      298.00
  0.44062E-01  0.95417E+03   -0.25500E-01 -0.25500E-01  0.51000E-01  0.00000E+00  0.00000E+00  0.00000E+00   -0.15967E+03 -0.38007E+03  0.53974E+03 -0.18238E+03  0.82750E+02  0.18092E+03      298.00
  0.44486E-01  0.95691E+03   -0.25750E-01 -0.25750E-01  0.51500E-01  0.00000E+00  0.00000E+00  0.00000E+00   -0.16007E+03 -0.38091E+03  0.54098E+03 -0.18347E+03  0.83450E+02  0.18142E+03      298.00
  0.44910E-01  0.95820E+03   -0.26000E-01 -0.26000E-01  0.52000E-01  0.00000E+00  0.00000E+00  0.00000E+00   -0.16017E+03 -0.38143E+03  0.54161E+03 -0.18418E+03  0.83562E+02  0.18139E+03      298.00
  0.45334E-01  0.96071E+03   -0.26250E-01 -0.26250E-01  0.52500E-01  0.00000E+00  0.00000E+00  0.00000E+00   -0.16060E+03 -0.38214E+03  0.54275E+03 -0.18513E+03  0.84325E+02  0.18185E+03      298.00
  0.45758E-01  0.96259E+03   -0.26500E-01 -0.26500E-01  0.53000E-01  0.00000E+00  0.00000E+00  0.00000E+00   -0.16088E+03 -0.38274E+03  0.54362E+03 -0.18595E+03  0.84784E+02  0.18207E+03      298.00
  0.46182E-01  0.96443E+03   -0.26750E-01 -0.26750E-01  0.53500E-01  0.00000E+00  0.00000E+00  0.00000E+00   -0.16113E+03 -0.38333E+03  0.54446E+03 -0.18677E+03  0.85223E+02  0.18228E+03      298.00
  0.46605E-01  0.96519E+03   -0.27000E-01 -0.27000E-01  0.54000E-01  0.00000E+00  0.00000E+00  0.00000E+00   -0.16124E+03 -0.38363E+03  0.54488E+03 -0.18720E+03  0.85375E+02  0.18211E+03      298.00
  0.47028E-01  0.96803E+03   -0.27250E-01 -0.27250E-01  0.54500E-01  0.00000E+00  0.00000E+00  0.00000E+00   -0.16164E+03 -0.38447E+03  0.54610E+03 -0.18841E+03  0.86093E+02  0.18266E+03      298.00
  0.47452E-01  0.96875E+03   -0.27500E-01 -0.27500E-01  0.55000E-01  0.00000E+00  0.00000E+00  0.00000E+00   -0.16174E+03 -0.38475E+03  0.54650E+03 -0.18883E+03  0.86250E+02  0.18248E+03      298.00
  0.47875E-01  0.97047E+03   -0.27750E-01 -0.27750E-01  0.55500E-01  0.00000E+00  0.00000E+00  0.00000E+00   -0.16198E+03 -0.38529E+03  0.54728E+03 -0.18964E+03  0.86677E+02  0.18266E+03      298.00
  0.48298E-01  0.97218E+03   -0.28000E-01 -0.28000E-01  0.56000E-01  0.00000E+00  0.00000E+00  0.00000E+00   -0.16222E+03 -0.38582E+03  0.54805E+03 -0.19044E+03  0.87111E+02  0.18283E+03      298.00
  0.48720E-01  0.97387E+03   -0.28250E-01 -0.28250E-01  0.56500E-01  0.00000E+00  0.00000E+00  0.00000E+00   -0.16246E+03 -0.38634E+03  0.54880E+03 -0.19124E+03  0.87545E+02  0.18299E+03      298.00
  0.49143E-01  0.97554E+03   -0.28500E-01 -0.28500E-01  0.57000E-01  0.00000E+00  0.00000E+00  0.00000E+00   -0.16269E+03 -0.38685E+03  0.54954E+03 -0.19204E+03  0.87977E+02  0.18315E+03      298.00
  0.49566E-01  0.97718E+03   -0.28750E-01 -0.28750E-01  0.57500E-01  0.00000E+00  0.00000E+00  0.00000E+00   -0.16292E+03 -0.38734E+03  0.55027E+03 -0.19284E+03  0.88407E+02  0.18331E+03      298.00
  0.49988E-01  0.97879E+03   -0.29000E-01 -0.29000E-01  0.58000E-01  0.00000E+00  0.00000E+00  0.00000E+00   -0.16315E+03 -0.38783E+03  0.55098E+03 -0.19363E+03  0.88836E+02  0.18345E+03      298.00
  0.50410E-01  0.98038E+03   -0.29250E-01 -0.29250E-01  0.58500E-01  0.00000E+00  0.00000E+00  0.00000E+00   -0.16337E+03 -0.38830E+03  0.55167E+03 -0.19442E+03  0.89263E+02  0.18360E+03      298.00
  0.50832E-01  0.98195E+03   -0.29500E-01 -0.29500E-01  0.59000E-01  0.00000E+00  0.00000E+00  0.00000E+00   -0.16359E+03 -0.38877E+03  0.55236E+03 -0.19521E+03  0.89689E+02  0.18373E+03      298.00
  0.51254E-01  0.98349E+03   -0.29750E-01 -0.29750E-01  0.59500E-01  0.00000E+00  0.00000E+00  0.00000E+00   -0.16381E+03 -0.38922E+03  0.55303E+03 -0.19600E+03  0.90112E+02  0.18386E+03      298.00
  0.51676E-01  0.98501E+03   -0.30000E-01 -0.30000E-01  0.60000E-01  0.00000E+00  0.00000E+00  0.00000E+00   -0.16402E+03 -0.38966E+03  0.55368E+03 -0.19678E+03  0.90535E+02  0.18398E+03      298.00
  0.52097E-01  0.98651E+03   -0.30250E-01 -0.30250E-01  0.60500E-01  0.00000E+00  0.00000E+00  0.00000E+00   -0.16423E+03 -0.39009E+03  0.55432E+03 -0.19755E+03  0.90956E+02  0.18410E+03      298.00
  0.52519E-01  0.98799E+03   -0.30500E-01 -0.30500E-01  0.61000E-01  0.00000E+00  0.00000E+00  0.00000E+00   -0.16443E+03 -0.39052E+03  0.55495E+03 -0.19833E+03  0.91375E+02  0.18422E+03      298.00
  0.52940E-01  0.98944E+03   -0.30750E-01 -0.30750E-01  0.61500E-01  0.00000E+00  0.00000E+00  0.00000E+00   -0.16463E+03 -0.39093E+03  0.55556E+03 -0.19910E+03  0.91793E+02  0.18432E+03      298.00
  0.53361E-01  0.99088E+03   -0.31000E-01 -0.31000E-01  0.62000E-01  0.00000E+00  0.00000E+00  0.00000E+00   -0.16483E+03 -0.39133E+03  0.55617E+03 -0.19987E+03  0.92209E+02  0.18443E+03      298.00
  0.53782E-01  0.99229E+03   -0.31250E-01 -0.31250E-01  0.62500E-01  0.00000E+00  0.00000E+00  0.00000E+00   -0.16503E+03 -0.39173E+03  0.55675E+03 -0.20064E+03  0.92624E+02  0.18452E+03      298.00
  0.54203E-01  0.99368E+03   -0.31500E-01 -0.31500E-01  0.63000E-01  0.00000E+00  0.00000E+00  0.00000E+00   -0.16522E+03 -0.39211E+03  0.55733E+03 -0.20140E+03  0.93037E+02  0.18461E+03      298.00
  0.54624E-01  0.99505E+03   -0.31750E-01 -0.31750E-01  0.63500E-01  0.00000E+00  0.00000E+00  0.00000E+00   -0.16541E+03 -0.39248E+03  0.55790E+03 -0.20216E+03  0.93449E+02  0.18470E+03      298.00
  0.55044E-01  0.99640E+03   -0.32000E-01 -0.32000E-01  0.64000E-01  0.00000E+00  0.00000E+00  0.00000E+00   -0.16560E+03 -0.39285E+03  0.55845E+03 -0.20292E+03  0.93859E+02  0.18478E+03      298.00
  0.55464E-01  0.99773E+03   -0.32250E-01 -0.32250E-01  0.64500E-01  0.00000E+00  0.00000E+00  0.00000E+00   -0.16578E+03 -0.39320E+03  0.55899E+03 -0.20368E+03  0.94268E+02  0.18486E+03      298.00
  0.55885E-01  0.99904E+03   -0.32500E-01 -0.32500E-01  0.65000E-01  0.00000E+00  0.00000E+00  0.00000E+00   -0.16596E+03 -0.39355E+03  0.55951E+03 -0.20443E+03  0.94676E+02  0.18493E+03      298.00
  0.56305E-01  0.10003E+04   -0.32750E-01 -0.32750E-01  0.65500E-01  0.00000E+00  0.00000E+00  0.00000E+00   -0.16614E+03 -0.39389E+03  0.56003E+03 -0.20518E+03  0.95082E+02  0.18500E+03      298.00
  0.56724E-01  0.10016E+04   -0.33000E-01 -0.33000E-01  0.66000E-01  0.00000E+00  0.00000E+00  0.00000E+00   -0.16632E+03 -0.39422E+03  0.56054E+03 -0.20593E+03  0.95487E+02  0.18506E+03      298.00
  0.57144E-01  0.10029E+04   -0.33250E-01 -0.33250E-01  0.66500E-01  0.00000E+00  0.00000E+00  0.00000E+00   -0.16649E+03 -0.39454E+03  0.56103E+03 -0.20667E+03  0.95890E+02  0.18511E+03      298.00
  0.57564E-01  0.10041E+04   -0.33500E-01 -0.33500E-01  0.67000E-01  0.00000E+00  0.00000E+00  0.00000E+00   -0.16666E+03 -0.39485E+03  0.56151E+03 -0.20742E+03  0.96292E+02  0.18517E+03      298.00
  0.57983E-01  0.10053E+04   -0.33750E-01 -0.33750E-01  0.67500E-01  0.00000E+00  0.00000E+00  0.00000E+00   -0.16683E+03 -0.39516E+03  0.56198E+03 -0.20815E+03  0.96693E+02  0.18522E+03      298.00
  0.58402E-01  0.10065E+04   -0.34000E-01 -0.34000E-01  0.68000E-01  0.00000E+00  0.00000E+00  0.00000E+00   -0.16699E+03 -0.39545E+03  0.56244E+03 -0.20889E+03  0.97093E+02  0.18526E+03      298.00
  0.58822E-01  0.10077E+04   -0.34250E-01 -0.34250E-01  0.68500E-01  0.00000E+00  0.00000E+00  0.00000E+00   -0.16715E+03 -0.39574E+03  0.56289E+03 -0.20962E+03  0.97491E+02  0.18530E+03      298.00
  0.59241E-01  0.10089E+04   -0.34500E-01 -0.34500E-01  0.69000E-01  0.00000E+00  0.00000E+00  0.00000E+00   -0.16731E+03 -0.39602E+03  0.56333E+03 -0.21036E+03  0.97888E+02  0.18533E+03      298.00
  0.59659E-01  0.10100E+04   -0.34750E-01 -0.34750E-01  0.69500E-01  0.00000E+00  0.00000E+00  0.00000E+00   -0.16747E+03 -0.39629E+03  0.56376E+03 -0.21108E+03  0.98284E+02  0.18536E+03      298.00
  0.60078E-01  0.10111E+04   -0.35000E-01 -0.35000E-01  0.70000E-01  0.00000E+00  0.00000E+00  0.00000E+00   -0.16762E+03 -0.39656E+03  0.56418E+03 -0.21181E+03  0.98678E+02  0.18539E+03      298.00
  0.60496E-01  0.10122E+04   -0.35250E-01 -0.35250E-01  0.70500E-01  0.00000E+00  0.00000E+00  0.00000E+00   -0.16777E+03 -0.39681E+03  0.56459E+03 -0.21253E+03  0.99071E+02  0.18541E+03      298.00
  0.60915E-01  0.10133E+04   -0.35500E-01 -0.35500E-01  0.71000E-01  0.00000E+00  0.00000E+00  0.00000E+00   -0.16792E+03 -0.39706E+03  0.56498E+03 -0.21326E+03  0.99463E+02  0.18543E+03      298.00
  0.61333E-01  0.10144E+04   -0.35750E-01 -0.35750E-01  0.71500E-01  0.00000E+00  0.00000E+00  0.00000E+00   -0.16807E+03 -0.39730E+03  0.56537E+03 -0.21397E+03  0.99854E+02  0.18545E+03      298.00
  0.61751E-01  0.10155E+04   -0.36000E-01 -0.36000E-01  0.72000E-01  0.00000E+00  0.00000E+00  0.00000E+00   -0.16822E+03 -0.39754E+03  0.56575E+03 -0.21469E+03  0.10024E+03  0.18546E+03      298.00
  0.62169E-01  0.10165E+04   -0.36250E-01 -0.36250E-01  0.72500E-01  0.00000E+00  0.00000E+00  0.00000E+00   -0.16836E+03 -0.39776E+03  0.56612E+03 -0.21540E+03  0.10063E+03  0.18546E+03      298.00
  0.62586E-01  0.10176E+04   -0.36500E-01 -0.36500E-01  0.73000E-01  0.00000E+00  0.00000E+00  0.00000E+00   -0.16850E+03 -0.39798E+03  0.56648E+03 -0.21611E+03  0.10102E+03  0.18546E+03      298.00
  0.63004E-01  0.10186E+04   -0.36750E-01 -0.36750E-01  0.73500E-01  0.00000E+00  0.00000E+00  0.00000E+00   -0.16864E+03 -0.39819E+03  0.56683E+03 -0.21682E+03  0.10141E+03  0.18546E+03      298.00
  0.63421E-01  0.10196E+04   -0.37000E-01 -0.37000E-01  0.74000E-01  0.00000E+00  0.00000E+00  0.00000E+00   -0.16877E+03 -0.39840E+03  0.56717E+03 -0.21753E+03  0.10179E+03  0.18546E+03      298.00
  0.63839E-01  0.10206E+04   -0.37250E-01 -0.37250E-01  0.74500E-01  0.00000E+00  0.00000E+00  0.00000E+00   -0.16891E+03 -0.39860E+03  0.56750E+03 -0.21823E+03  0.10217E+03  0.18545E+03      298.00
  0.64256E-01  0.10215E+04   -0.37500E-01 -0.37500E-01  0.75000E-01  0.00000E+00  0.00000E+00  0.00000E+00   -0.16904E+03 -0.39879E+03  0.56783E+03 -0.21893E+03  0.10256E+03  0.18544E+03      298.00
          Evm          Svm            E11          E22          E33          E23          E13          E12         SDEV11       SDEV22       SDEV33       SDEV23       SDEV13       SDEV12      TEMP
  0.64256E-01  0.10220E+04   -0.37500E-01 -0.37500E-01  0.75000E-01  0.00000E+00  0.00000E+00  0.00000E+00   -0.16919E+03 -0.39879E+03  0.56798E+03 -0.21905E+03  0.10282E+03  0.18566E+03      298.00
  0.64672E-01  0.10225E+04   -0.37750E-01 -0.37750E-01  0.75500E-01  0.00000E+00  0.00000E+00  0.00000E+00   -0.16918E+03 -0.39897E+03  0.56815E+03 -0.21964E+03  0.10296E+03  0.18544E+03      298.00
  0.65089E-01  0.10235E+04   -0.38000E-01 -0.38000E-01  0.76000E-01  0.00000E+00  0.00000E+00  0.00000E+00   -0.16930E+03 -0.39915E+03  0.56845E+03 -0.22033E+03  0.10332E+03  0.18541E+03      298.00
  0.65506E-01  0.10244E+04   -0.38250E-01 -0.38250E-01  0.76500E-01  0.00000E+00  0.00000E+00  0.00000E+00   -0.16942E+03 -0.39932E+03  0.56875E+03 -0.22102E+03  0.10370E+03  0.18538E+03      298.00
  0.65922E-01  0.10253E+04   -0.38500E-01 -0.38500E-01  0.77000E-01  0.00000E+00  0.00000E+00  0.00000E+00   -0.16955E+03 -0.39949E+03  0.56903E+03 -0.22171E+03  0.10408E+03  0.18536E+03      298.00
  0.66338E-01  0.10262E+04   -0.38750E-01 -0.38750E-01  0.77500E-01  0.00000E+00  0.00000E+00  0.00000E+00   -0.16967E+03 -0.39965E+03  0.56932E+03 -0.22240E+03  0.10446E+03  0.18533E+03      298.00
  0.66754E-01  0.10271E+04   -0.39000E-01 -0.39000E-01  0.78000E-01  0.00000E+00  0.00000E+00  0.00000E+00   -0.16979E+03 -0.39980E+03  0.56959E+03 -0.22309E+03  0.10483E+03  0.18530E+03      298.00
  0.67170E-01  0.10280E+04   -0.39250E-01 -0.39250E-01  0.78500E-01  0.00000E+00  0.00000E+00  0.00000E+00   -0.16991E+03 -0.39995E+03  0.56985E+03 -0.22377E+03  0.10521E+03  0.18526E+03      298.00
  0.67586E-01  0.10288E+04   -0.39500E-01 -0.39500E-01  0.79000E-01  0.00000E+00  0.00000E+00  0.00000E+00   -0.17002E+03 -0.40009E+03  0.57011E+03 -0.22445E+03  0.10558E+03  0.18522E+03      298.00
  0.68002E-01  0.10297E+04   -0.39750E-01 -0.39750E-01  0.79500E-01  0.00000E+00  0.00000E+00  0.00000E+00   -0.17014E+03 -0.40022E+03  0.57036E+03 -0.22513E+03  0.10595E+03  0.18518E+03      298.00
  0.68417E-01  0.10305E+04   -0.40000E-01 -0.40000E-01  0.80000E-01  0.00000E+00  0.00000E+00  0.00000E+00   -0.17025E+03 -0.40035E+03  0.57060E+03 -0.22581E+03  0.10633E+03  0.18513E+03      298.00
  0.68832E-01  0.10314E+04   -0.40250E-01 -0.40250E-01  0.80500E-01  0.00000E+00  0.00000E+00  0.00000E+00   -0.17036E+03 -0.40047E+03  0.57083E+03 -0.22649E+03  0.10670E+03  0.18509E+03      298.00
  0.69247E-01  0.10322E+04   -0.40500E-01 -0.40500E-01  0.81000E-01  0.00000E+00  0.00000E+00  0.00000E+00   -0.17047E+03 -0.40059E+03  0.57106E+03 -0.22716E+03  0.10707E+03  0.18503E+03      298.00
  0.69662E-01  0.10330E+04   -0.40750E-01 -0.40750E-01  0.81500E-01  0.00000E+00  0.00000E+00  0.00000E+00   -0.17058E+03 -0.40070E+03  0.57128E+03 -0.22783E+03  0.10744E+03  0.18498E+03      298.00
  0.70077E-01  0.10338E+04   -0.41000E-01 -0.41000E-01  0.82000E-01  0.00000E+00  0.00000E+00  0.00000E+00   -0.17068E+03 -0.40081E+03  0.57149E+03 -0.22850E+03  0.10780E+03  0.18492E+03      298.00
  0.70492E-01  0.10345E+04   -0.41250E-01 -0.41250E-01  0.82500E-01  0.00000E+00  0.00000E+00  0.00000E+00   -0.17078E+03 -0.40091E+03  0.57169E+03 -0.22917E+03  0.10817E+03  0.18486E+03      298.00
  0.70906E-01  0.10353E+04   -0.41500E-01 -0.41500E-01  0.83000E-01  0.00000E+00  0.00000E+00  0.00000E+00   -0.17089E+03 -0.40100E+03  0.57189E+03 -0.22983E+03  0.10854E+03  0.18480E+03      298.00
  0.71321E-01  0.10361E+04   -0.41750E-01 -0.41750E-01  0.83500E-01  0.00000E+00  0.00000E+00  0.00000E+00   -0.17099E+03 -0.40109E+03  0.57208E+03 -0.23049E+03  0.10890E+03  0.18474E+03      298.00
  0.71735E-01  0.10368E+04   -0.42000E-01 -0.42000E-01  0.84000E-01  0.00000E+00  0.00000E+00  0.00000E+00   -0.17109E+03 -0.40118E+03  0.57226E+03 -0.23115E+03  0.10927E+03  0.18467E+03      298.00
  0.72149E-01  0.10375E+04   -0.42250E-01 -0.42250E-01  0.84500E-01  0.00000E+00  0.00000E+00  0.00000E+00   -0.17118E+03 -0.40126E+03  0.57244E+03 -0.23181E+03  0.10963E+03  0.18460E+03      298.00
  0.72562E-01  0.10383E+04   -0.42500E-01 -0.42500E-01  0.85000E-01  0.00000E+00  0.00000E+00  0.00000E+00   -0.17128E+03 -0.40133E+03  0.57261E+03 -0.23246E+03  0.10999E+03  0.18452E+03      298.00
  0.72976E-01  0.10390E+04   -0.42750E-01 -0.42750E-01  0.85500E-01  0.00000E+00  0.00000E+00  0.00000E+00   -0.17137E+03 -0.40140E+03  0.57277E+03 -0.23312E+03  0.11035E+03  0.18445E+03      298.00
  0.73390E-01  0.10397E+04   -0.43000E-01 -0.43000E-01  0.86000E-01  0.00000E+00  0.00000E+00  0.00000E+00   -0.17147E+03 -0.40146E+03  0.57293E+03 -0.23377E+03  0.11071E+03  0.18437E+03      298.00
  0.73803E-01  0.10404E+04   -0.43250E-01 -0.43250E-01  0.86500E-01  0.00000E+00  0.00000E+00  0.00000E+00   -0.17156E+03 -0.40152E+03  0.57308E+03 -0.23442E+03  0.11107E+03  0.18429E+03      298.00
  0.74216E-01  0.10410E+04   -0.43500E-01 -0.43500E-01  0.87000E-01  0.00000E+00  0.00000E+00  0.00000E+00   -0.17165E+03 -0.40158E+03  0.57322E+03 -0.23507E+03  0.11143E+03  0.18420E+03      298.00
  0.74629E-01  0.10417E+04   -0.43750E-01 -0.43750E-01  0.87500E-01  0.00000E+00  0.00000E+00  0.00000E+00   -0.17174E+03 -0.40163E+03  0.57336E+03 -0.23571E+03  0.11179E+03  0.18412E+03      298.00
  0.75042E-01  0.10424E+04   -0.44000E-01 -0.44000E-01  0.88000E-01  0.00000E+00  0.00000E+00  0.00000E+00   -0.17182E+03 -0.40167E+03  0.57349E+03 -0.23635E+03  0.11214E+03  0.18403E+03      298.00
  0.75454E-01  0.10430E+04   -0.44250E-01 -0.44250E-01  0.88500E-01  0.00000E+00  0.00000E+00  0.00000E+00   -0.17191E+03 -0.40171E+03  0.57362E+03 -0.23699E+03  0.11250E+03  0.18394E+03      298.00
  0.75867E-01  0.10437E+04   -0.44500E-01 -0.44500E-01  0.89000E-01  0.00000E+00  0.00000E+00  0.00000E+00   -0.17199E+03 -0.40175E+03  0.57374E+03 -0.23763E+03  0.11285E+03  0.18384E+03      298.00
  0.76279E-01  0.10443E+04   -0.44750E-01 -0.44750E-01  0.89500E-01  0.00000E+00  0.00000E+00  0.00000E+00   -0.17208E+03 -0.40178E+03  0.57385E+03 -0.23827E+03  0.11321E+03  0.18375E+03      298.00
  0.76691E-01  0.10449E+04   -0.45000E-01 -0.45000E-01  0.90000E-01  0.00000E+00  0.00000E+00  0.00000E+00   -0.17216E+03 -0.40180E+03  0.57396E+03 -0.23891E+03  0.11356E+03  0.18365E+03      298.00
  0.77103E-01  0.10455E+04   -0.45250E-01 -0.45250E-01  0.90500E-01  0.00000E+00  0.00000E+00  0.00000E+00   -0.17224E+03 -0.40182E+03  0.57406E+03 -0.23954E+03  0.11391E+03  0.18355E+03      298.00
  0.77515E-01  0.10461E+04   -0.45500E-01 -0.45500E-01  0.91000E-01  0.00000E+00  0.00000E+00  0.00000E+00   -0.17232E+03 -0.40184E+03  0.57416E+03 -0.24017E+03  0.11426E+03  0.18345E+03      298.00
  0.77927E-01  0.10464E+04   -0.45750E-01 -0.45750E-01  0.91500E-01  0.00000E+00  0.00000E+00  0.00000E+00   -0.17229E+03 -0.40187E+03  0.57416E+03 -0.24067E+03  0.11443E+03  0.18322E+03      298.00
  0.78338E-01  0.10471E+04   -0.46000E-01 -0.46000E-01  0.92000E-01  0.00000E+00  0.00000E+00  0.00000E+00   -0.17237E+03 -0.40189E+03  0.57426E+03 -0.24132E+03  0.11478E+03  0.18312E+03      298.00
  0.78750E-01  0.10476E+04   -0.46250E-01 -0.46250E-01  0.92500E-01  0.00000E+00  0.00000E+00  0.00000E+00   -0.17244E+03 -0.40190E+03  0.57434E+03 -0.24195E+03  0.11513E+03  0.18301E+03      298.00
  0.79161E-01  0.10482E+04   -0.46500E-01 -0.46500E-01  0.93000E-01  0.00000E+00  0.00000E+00  0.00000E+00   -0.17252E+03 -0.40190E+03  0.57442E+03 -0.24257E+03  0.11547E+03  0.18290E+03      298.00
  0.79572E-01  0.10488E+04   -0.46750E-01 -0.46750E-01  0.93500E-01  0.00000E+00  0.00000E+00  0.00000E+00   -0.17259E+03 -0.40190E+03  0.57449E+03 -0.24319E+03  0.11582E+03  0.18279E+03      298.00
  0.79983E-01  0.10493E+04   -0.47000E-01 -0.47000E-01  0.94000E-01  0.00000E+00  0.00000E+00  0.00000E+00   -0.17266E+03 -0.40189E+03  0.57455E+03 -0.24381E+03  0.11617E+03  0.18268E+03      298.00
  0.80393E-01  0.10499E+04   -0.47250E-01 -0.47250E-01  0.94500E-01  0.00000E+00  0.00000E+00  0.00000E+00   -0.17273E+03 -0.40188E+03  0.57461E+03 -0.24443E+03  0.11652E+03  0.18256E+03      298.00
  0.80804E-01  0.10506E+04   -0.47500E-01 -0.47500E-01  0.95000E-01  0.00000E+00  0.00000E+00  0.00000E+00   -0.17278E+03 -0.40193E+03  0.57472E+03 -0.24522E+03  0.11678E+03  0.18248E+03      298.00
  0.81214E-01  0.10510E+04   -0.47750E-01 -0.47750E-01  0.95500E-01  0.00000E+00  0.00000E+00  0.00000E+00   -0.17288E+03 -0.40186E+03  0.57473E+03 -0.24570E+03  0.11721E+03  0.18235E+03      298.00
  0.81624E-01  0.10517E+04   -0.48000E-01 -0.48000E-01  0.96000E-01  0.00000E+00  0.00000E+00  0.00000E+00   -0.17292E+03 -0.40189E+03  0.57481E+03 -0.24644E+03  0.11747E+03  0.18224E+03      298.00
  0.82034E-01  0.10522E+04   -0.48250E-01 -0.48250E-01  0.96500E-01  0.00000E+00  0.00000E+00  0.00000E+00   -0.17299E+03 -0.40187E+03  0.57486E+03 -0.24709E+03  0.11781E+03  0.18212E+03      298.00
  0.82444E-01  0.10527E+04   -0.48500E-01 -0.48500E-01  0.97000E-01  0.00000E+00  0.00000E+00  0.00000E+00   -0.17305E+03 -0.40184E+03  0.57489E+03 -0.24770E+03  0.11815E+03  0.18200E+03      298.00
  0.82853E-01  0.10532E+04   -0.48750E-01 -0.48750E-01  0.97500E-01  0.00000E+00  0.00000E+00  0.00000E+00   -0.17312E+03 -0.40181E+03  0.57492E+03 -0.24830E+03  0.11849E+03  0.18187E+03      298.00
  0.83263E-01  0.10537E+04   -0.49000E-01 -0.49000E-01  0.98000E-01  0.00000E+00  0.00000E+00  0.00000E+00   -0.17318E+03 -0.40177E+03  0.57495E+03 -0.24890E+03  0.11883E+03  0.18174E+03      298.00
  0.83672E-01  0.10542E+04   -0.49250E-01 -0.49250E-01  0.98500E-01  0.00000E+00  0.00000E+00  0.00000E+00   -0.17324E+03 -0.40172E+03  0.57497E+03 -0.24950E+03  0.11918E+03  0.18161E+03      298.00
  0.84081E-01  0.10546E+04   -0.49500E-01 -0.49500E-01  0.99000E-01  0.00000E+00  0.00000E+00  0.00000E+00   -0.17331E+03 -0.40168E+03  0.57498E+03 -0.25010E+03  0.11952E+03  0.18147E+03      298.00
  0.84490E-01  0.10551E+04   -0.49750E-01 -0.49750E-01  0.99500E-01  0.00000E+00  0.00000E+00  0.00000E+00   -0.17337E+03 -0.40163E+03  0.57499E+03 -0.25070E+03  0.11986E+03  0.18134E+03      298.00
  0.84899E-01  0.10556E+04   -0.50000E-01 -0.50000E-01  0.10000E+00  0.00000E+00  0.00000E+00  0.00000E+00   -0.17343E+03 -0.40157E+03  0.57500E+03 -0.25129E+03  0.12019E+03  0.18120E+03      298.00
          Evm          Svm            E11          E22          E33          E23          E13          E12         SDEV11       SDEV22       SDEV33       SDEV23       SDEV13       SDEV12      TEMP
  0.84899E-01  0.10558E+04   -0.50000E-01 -0.50000E-01  0.10000E+00  0.00000E+00  0.00000E+00  0.00000E+00   -0.17367E+03 -0.40140E+03  0.57507E+03 -0.25123E+03  0.12066E+03  0.18140E+03      298.00
  0.85307E-01  0.10560E+04   -0.50250E-01 -0.50250E-01  0.10050E+00  0.00000E+00  0.00000E+00  0.00000E+00   -0.17351E+03 -0.40148E+03  0.57500E+03 -0.25183E+03  0.12059E+03  0.18107E+03      298.00
  0.85716E-01  0.10565E+04   -0.50500E-01 -0.50500E-01  0.10100E+00  0.00000E+00  0.00000E+00  0.00000E+00   -0.17355E+03 -0.40145E+03  0.57500E+03 -0.25247E+03  0.12088E+03  0.18093E+03      298.00
  0.86124E-01  0.10569E+04   -0.50750E-01 -0.50750E-01  0.10150E+00  0.00000E+00  0.00000E+00  0.00000E+00   -0.17360E+03 -0.40139E+03  0.57499E+03 -0.25307E+03  0.12121E+03  0.18078E+03      298.00
  0.86532E-01  0.10573E+04   -0.51000E-01 -0.51000E-01  0.10200E+00  0.00000E+00  0.00000E+00  0.00000E+00   -0.17366E+03 -0.40132E+03  0.57498E+03 -0.25366E+03  0.12154E+03  0.18064E+03      298.00
  0.86940E-01  0.10578E+04   -0.51250E-01 -0.51250E-01  0.10250E+00  0.00000E+00  0.00000E+00  0.00000E+00   -0.17371E+03 -0.40125E+03  0.57497E+03 -0.25424E+03  0.12188E+03  0.18049E+03      298.00
  0.87347E-01  0.10582E+04   -0.51500E-01 -0.51500E-01  0.10300E+00  0.00000E+00  0.00000E+00  0.00000E+00   -0.17377E+03 -0.40118E+03  0.57495E+03 -0.25483E+03  0.12221E+03  0.18035E+03      298.00
  0.87755E-01  0.10586E+04   -0.51750E-01 -0.51750E-01  0.10350E+00  0.00000E+00  0.00000E+00  0.00000E+00   -0.17382E+03 -0.40110E+03  0.57493E+03 -0.25541E+03  0.12254E+03  0.18020E+03      298.00
  0.88162E-01  0.10590E+04   -0.52000E-01 -0.52000E-01  0.10400E+00  0.00000E+00  0.00000E+00  0.00000E+00   -0.17388E+03 -0.40102E+03  0.57490E+03 -0.25599E+03  0.12288E+03  0.18005E+03      298.00
  0.88569E-01  0.10594E+04   -0.52250E-01 -0.52250E-01  0.10450E+00  0.00000E+00  0.00000E+00  0.00000E+00   -0.17393E+03 -0.40094E+03  0.57487E+03 -0.25657E+03  0.12321E+03  0.17990E+03      298.00
  0.88976E-01  0.10598E+04   -0.52500E-01 -0.52500E-01  0.10500E+00  0.00000E+00  0.00000E+00  0.00000E+00   -0.17398E+03 -0.40085E+03  0.57483E+03 -0.25715E+03  0.12354E+03  0.17974E+03      298.00
  0.89383E-01  0.10602E+04   -0.52750E-01 -0.52750E-01  0.10550E+00  0.00000E+00  0.00000E+00  0.00000E+00   -0.17403E+03 -0.40077E+03  0.57479E+03 -0.25772E+03  0.12387E+03  0.17959E+03      298.00
  0.89790E-01  0.10606E+04   -0.53000E-01 -0.53000E-01  0.10600E+00  0.00000E+00  0.00000E+00  0.00000E+00   -0.17408E+03 -0.40067E+03  0.57475E+03 -0.25830E+03  0.12420E+03  0.17943E+03      298.00
  0.90196E-01  0.10609E+04   -0.53250E-01 -0.53250E-01  0.10650E+00  0.00000E+00  0.00000E+00  0.00000E+00   -0.17413E+03 -0.40058E+03  0.57471E+03 -0.25887E+03  0.12453E+03  0.17928E+03      298.00
  0.90602E-01  0.10613E+04   -0.53500E-01 -0.53500E-01  0.10700E+00  0.00000E+00  0.00000E+00  0.00000E+00   -0.17417E+03 -0.40048E+03  0.57466E+03 -0.25944E+03  0.12486E+03  0.17912E+03      298.00
  0.91009E-01  0.10617E+04   -0.53750E-01 -0.53750E-01  0.10750E+00  0.00000E+00  0.00000E+00  0.00000E+00   -0.17422E+03 -0.40038E+03  0.57460E+03 -0.26001E+03  0.12518E+03  0.17896E+03      298.00
  0.91414E-01  0.10620E+04   -0.54000E-01 -0.54000E-01  0.10800E+00  0.00000E+00  0.00000E+00  0.00000E+00   -0.17427E+03 -0.40028E+03  0.57454E+03 -0.26057E+03  0.12551E+03  0.17880E+03      298.00
  0.91820E-01  0.10624E+04   -0.54250E-01 -0.54250E-01  0.10850E+00  0.00000E+00  0.00000E+00  0.00000E+00   -0.17431E+03 -0.40017E+03  0.57448E+03 -0.26114E+03  0.12584E+03  0.17863E+03      298.00
  0.92226E-01  0.10627E+04   -0.54500E-01 -0.54500E-01  0.10900E+00  0.00000E+00  0.00000E+00  0.00000E+00   -0.17436E+03 -0.40006E+03  0.57442E+03 -0.26170E+03  0.12616E+03  0.17847E+03      298.00
  0.92631E-01  0.10631E+04   -0.54750E-01 -0.54750E-01  0.10950E+00  0.00000E+00  0.00000E+00  0.00000E+00   -0.17440E+03 -0.39995E+03  0.57435E+03 -0.26226E+03  0.12649E+03  0.17831E+03      298.00
  0.93036E-01  0.10634E+04   -0.55000E-01 -0.55000E-01  0.11000E+00  0.00000E+00  0.00000E+00  0.00000E+00   -0.17445E+03 -0.39984E+03  0.57428E+03 -0.26282E+03  0.12681E+03  0.17814E+03      298.00
  0.93441E-01  0.10637E+04   -0.55250E-01 -0.55250E-01  0.11050E+00  0.00000E+00  0.00000E+00  0.00000E+00   -0.17449E+03 -0.39972E+03  0.57421E+03 -0.26338E+03  0.12714E+03  0.17797E+03      298.00
  0.93846E-01  0.10641E+04   -0.55500E-01 -0.55500E-01  0.11100E+00  0.00000E+00  0.00000E+00  0.00000E+00   -0.17453E+03 -0.39960E+03  0.57413E+03 -0.26394E+03  0.12746E+03  0.17780E+03      298.00
  0.94251E-01  0.10644E+04   -0.55750E-01 -0.55750E-01  0.11150E+00  0.00000E+00  0.00000E+00  0.00000E+00   -0.17457E+03 -0.39948E+03  0.57405E+03 -0.26449E+03  0.12778E+03  0.17763E+03      298.00
  0.94655E-01  0.10647E+04   -0.56000E-01 -0.56000E-01  0.11200E+00  0.00000E+00  0.00000E+00  0.00000E+00   -0.17461E+03 -0.39935E+03  0.57396E+03 -0.26505E+03  0.12810E+03  0.17746E+03      298.00
  0.95060E-01  0.10650E+04   -0.56250E-01 -0.56250E-01  0.11250E+00  0.00000E+00  0.00000E+00  0.00000E+00   -0.17465E+03 -0.39922E+03  0.57388E+03 -0.26560E+03  0.12843E+03  0.17729E+03      298.00
  0.95464E-01  0.10653E+04   -0.56500E-01 -0.56500E-01  0.11300E+00  0.00000E+00  0.00000E+00  0.00000E+00   -0.17469E+03 -0.39909E+03  0.57378E+03 -0.26615E+03  0.12875E+03  0.17712E+03      298.00
  0.95868E-01  0.10661E+04   -0.56750E-01 -0.56750E-01  0.11350E+00  0.00000E+00  0.00000E+00  0.00000E+00   -0.17480E+03 -0.39898E+03  0.57378E+03 -0.26708E+03  0.12907E+03  0.17706E+03      298.00
  0.96271E-01  0.10659E+04   -0.57000E-01 -0.57000E-01  0.11400E+00  0.00000E+00  0.00000E+00  0.00000E+00   -0.17476E+03 -0.39884E+03  0.57360E+03 -0.26728E+03  0.12937E+03  0.17677E+03      298.00
  0.96675E-01  0.10666E+04   -0.57250E-01 -0.57250E-01  0.11450E+00  0.00000E+00  0.00000E+00  0.00000E+00   -0.17487E+03 -0.39871E+03  0.57358E+03 -0.26817E+03  0.12970E+03  0.17671E+03      298.00
  0.97078E-01  0.10665E+04   -0.57500E-01 -0.57500E-01  0.11500E+00  0.00000E+00  0.00000E+00  0.00000E+00   -0.17484E+03 -0.39856E+03  0.57339E+03 -0.26837E+03  0.13000E+03  0.17641E+03      298.00
  0.97482E-01  0.10672E+04   -0.57750E-01 -0.57750E-01  0.11550E+00  0.00000E+00  0.00000E+00  0.00000E+00   -0.17495E+03 -0.39842E+03  0.57337E+03 -0.26925E+03  0.13034E+03  0.17635E+03      298.00
  0.97885E-01  0.10671E+04   -0.58000E-01 -0.58000E-01  0.11600E+00  0.00000E+00  0.00000E+00  0.00000E+00   -0.17491E+03 -0.39827E+03  0.57318E+03 -0.26945E+03  0.13064E+03  0.17605E+03      298.00
  0.98287E-01  0.10677E+04   -0.58250E-01 -0.58250E-01  0.11650E+00  0.00000E+00  0.00000E+00  0.00000E+00   -0.17502E+03 -0.39813E+03  0.57315E+03 -0.27033E+03  0.13098E+03  0.17599E+03      298.00
  0.98690E-01  0.10676E+04   -0.58500E-01 -0.58500E-01  0.11700E+00  0.00000E+00  0.00000E+00  0.00000E+00   -0.17498E+03 -0.39797E+03  0.57295E+03 -0.27052E+03  0.13127E+03  0.17569E+03      298.00
  0.99093E-01  0.10683E+04   -0.58750E-01 -0.58750E-01  0.11750E+00  0.00000E+00  0.00000E+00  0.00000E+00   -0.17509E+03 -0.39782E+03  0.57291E+03 -0.27139E+03  0.13161E+03  0.17562E+03      298.00
  0.99495E-01  0.10685E+04   -0.59000E-01 -0.59000E-01  0.11800E+00  0.00000E+00  0.00000E+00  0.00000E+00   -0.17511E+03 -0.39768E+03  0.57279E+03 -0.27194E+03  0.13189E+03  0.17542E+03      298.00
  0.99897E-01  0.10688E+04   -0.59250E-01 -0.59250E-01  0.11850E+00  0.00000E+00  0.00000E+00  0.00000E+00   -0.17514E+03 -0.39753E+03  0.57266E+03 -0.27247E+03  0.13220E+03  0.17523E+03      298.00
  0.10030E+00  0.10690E+04   -0.59500E-01 -0.59500E-01  0.11900E+00  0.00000E+00  0.00000E+00  0.00000E+00   -0.17517E+03 -0.39737E+03  0.57254E+03 -0.27300E+03  0.13252E+03  0.17505E+03      298.00
  0.10070E+00  0.10692E+04   -0.59750E-01 -0.59750E-01  0.11950E+00  0.00000E+00  0.00000E+00  0.00000E+00   -0.17520E+03 -0.39720E+03  0.57241E+03 -0.27353E+03  0.13283E+03  0.17486E+03      298.00
  0.10110E+00  0.10695E+04   -0.60000E-01 -0.60000E-01  0.12000E+00  0.00000E+00  0.00000E+00  0.00000E+00   -0.17524E+03 -0.39704E+03  0.57228E+03 -0.27405E+03  0.13315E+03  0.17467E+03      298.00
  0.10150E+00  0.10697E+04   -0.60250E-01 -0.60250E-01  0.12050E+00  0.00000E+00  0.00000E+00  0.00000E+00   -0.17527E+03 -0.39687E+03  0.57214E+03 -0.27458E+03  0.13346E+03  0.17448E+03      298.00
  0.10190E+00  0.10700E+04   -0.60500E-01 -0.60500E-01  0.12100E+00  0.00000E+00  0.00000E+00  0.00000E+00   -0.17530E+03 -0.39670E+03  0.57200E+03 -0.27510E+03  0.13378E+03  0.17429E+03      298.00
  0.10231E+00  0.10702E+04   -0.60750E-01 -0.60750E-01  0.12150E+00  0.00000E+00  0.00000E+00  0.00000E+00   -0.17533E+03 -0.39653E+03  0.57186E+03 -0.27561E+03  0.13409E+03  0.17410E+03      298.00
  0.10271E+00  0.10704E+04   -0.61000E-01 -0.61000E-01  0.12200E+00  0.00000E+00  0.00000E+00  0.00000E+00   -0.17536E+03 -0.39636E+03  0.57172E+03 -0.27613E+03  0.13441E+03  0.17391E+03      298.00
  0.10311E+00  0.10706E+04   -0.61250E-01 -0.61250E-01  0.12250E+00  0.00000E+00  0.00000E+00  0.00000E+00   -0.17539E+03 -0.39619E+03  0.57158E+03 -0.27665E+03  0.13472E+03  0.17372E+03      298.00
  0.10351E+00  0.10708E+04   -0.61500E-01 -0.61500E-01  0.12300E+00  0.00000E+00  0.00000E+00  0.00000E+00   -0.17542E+03 -0.39601E+03  0.57143E+03 -0.27716E+03  0.13504E+03  0.17352E+03      298.00
  0.10391E+00  0.10710E+04   -0.61750E-01 -0.61750E-01  0.12350E+00  0.00000E+00  0.00000E+00  0.00000E+00   -0.17545E+03 -0.39583E+03  0.57128E+03 -0.27767E+03  0.13535E+03  0.17333E+03      298.00
  0.10431E+00  0.10712E+04   -0.62000E-01 -0.62000E-01  0.12400E+00  0.00000E+00  0.00000E+00  0.00000E+00   -0.17548E+03 -0.39565E+03  0.57113E+03 -0.27818E+03  0.13566E+03  0.17313E+03      298.00
  0.10471E+00  0.10715E+04   -0.62250E-01 -0.62250E-01  0.12450E+00  0.00000E+00  0.00000E+00  0.00000E+00   -0.17551E+03 -0.39547E+03  0.57097E+03 -0.27869E+03  0.13597E+03  0.17294E+03      298.00
  0.10511E+00  0.10717E+04   -0.62500E-01 -0.62500E-01  0.12500E+00  0.00000E+00  0.00000E+00  0.00000E+00   -0.17554E+03 -0.39528E+03  0.57082E+03 -0.27920E+03  0.13629E+03  0.17274E+03      298.00
