TEXTURE AT STRAIN =    0.0250
   0.988   1.025   0.988  <-- length of phase ellipsoid axes
 -179.94   90.00  180.00  <-- Euler angles (deg) of phase ellipsoid axes
B         1
  112.30  138.27  -81.58   1.0000000
TEXTURE AT STRAIN =    0.0500
   0.975   1.051   0.975  <-- length of phase ellipsoid axes
 -166.65   90.00  180.00  <-- Euler angles (deg) of phase ellipsoid axes
B         1
  111.80  139.91  -81.63   1.0000000
TEXTURE AT STRAIN =    0.0750
   0.963   1.078   0.963  <-- length of phase ellipsoid axes
 -177.57   90.00  180.00  <-- Euler angles (deg) of phase ellipsoid axes
B         1
  111.28  141.54  -81.71   1.0000000
TEXTURE AT STRAIN =    0.1000
   0.951   1.105   0.951  <-- length of phase ellipsoid axes
  167.90   90.00  180.00  <-- Euler angles (deg) of phase ellipsoid axes
B         1
  110.77  143.15  -81.81   1.0000000
TEXTURE AT STRAIN =    0.1250
   0.939   1.133   0.939  <-- length of phase ellipsoid axes
  163.18   90.00  180.00  <-- Euler angles (deg) of phase ellipsoid axes
B         1
  110.26  144.73  -81.94   1.0000000
