          Evm          Svm            E11          E22          E33          E23          E13          E12         SDEV11       SDEV22       SDEV33       SDEV23       SDEV13       SDEV12      TEMP
  0.00000E+00  0.31186E+03    0.00000E+00  0.00000E+00  0.00000E+00  0.00000E+00  0.00000E+00  0.00000E+00    0.22665E+02 -0.14508E+03  0.12241E+03 -0.23309E+01 -0.15925E+01  0.11890E+03      298.00
  0.29440E-03  0.31592E+03   -0.25000E-03 -0.25000E-03  0.50000E-03  0.00000E+00  0.00000E+00  0.00000E+00    0.21959E+02 -0.14711E+03  0.12515E+03 -0.23712E+01 -0.15900E+01  0.11986E+03      298.00
  0.59151E-03  0.31964E+03   -0.50000E-03 -0.50000E-03  0.10000E-02  0.00000E+00  0.00000E+00  0.00000E+00    0.21352E+02 -0.14901E+03  0.12766E+03 -0.23985E+01 -0.15874E+01  0.12071E+03      298.00
  0.89104E-03  0.32338E+03   -0.75000E-03 -0.75000E-03  0.15000E-02  0.00000E+00  0.00000E+00  0.00000E+00    0.20813E+02 -0.15087E+03  0.13006E+03 -0.24274E+01 -0.15962E+01  0.12163E+03      298.00
  0.11927E-02  0.32710E+03   -0.10000E-02 -0.10000E-02  0.20000E-02  0.00000E+00  0.00000E+00  0.00000E+00    0.20354E+02 -0.15271E+03  0.13236E+03 -0.24547E+01 -0.16023E+01  0.12259E+03      298.00
  0.14962E-02  0.33080E+03   -0.12500E-02 -0.12500E-02  0.25000E-02  0.00000E+00  0.00000E+00  0.00000E+00    0.19967E+02 -0.15453E+03  0.13456E+03 -0.24800E+01 -0.16056E+01  0.12359E+03      298.00
  0.18012E-02  0.33449E+03   -0.15000E-02 -0.15000E-02  0.30000E-02  0.00000E+00  0.00000E+00  0.00000E+00    0.19644E+02 -0.15633E+03  0.13668E+03 -0.25033E+01 -0.16059E+01  0.12463E+03      298.00
  0.21077E-02  0.33816E+03   -0.17500E-02 -0.17500E-02  0.35000E-02  0.00000E+00  0.00000E+00  0.00000E+00    0.19380E+02 -0.15811E+03  0.13873E+03 -0.25247E+01 -0.16034E+01  0.12569E+03      298.00
  0.24154E-02  0.34138E+03   -0.20000E-02 -0.20000E-02  0.40000E-02  0.00000E+00  0.00000E+00  0.00000E+00    0.19094E+02 -0.15967E+03  0.14058E+03 -0.25978E+01 -0.17672E+01  0.12660E+03      298.00
  0.27242E-02  0.34527E+03   -0.22500E-02 -0.22500E-02  0.45000E-02  0.00000E+00  0.00000E+00  0.00000E+00    0.18989E+02 -0.16155E+03  0.14256E+03 -0.24768E+01 -0.14400E+01  0.12782E+03      298.00
  0.30339E-02  0.34863E+03   -0.25000E-02 -0.25000E-02  0.50000E-02  0.00000E+00  0.00000E+00  0.00000E+00    0.18813E+02 -0.16315E+03  0.14434E+03 -0.26292E+01 -0.17418E+01  0.12884E+03      298.00
  0.33444E-02  0.35233E+03   -0.27500E-02 -0.27500E-02  0.55000E-02  0.00000E+00  0.00000E+00  0.00000E+00    0.18757E+02 -0.16492E+03  0.14617E+03 -0.25759E+01 -0.15759E+01  0.13004E+03      298.00
  0.36556E-02  0.35581E+03   -0.30000E-02 -0.30000E-02  0.60000E-02  0.00000E+00  0.00000E+00  0.00000E+00    0.18690E+02 -0.16658E+03  0.14789E+03 -0.26578E+01 -0.17147E+01  0.13116E+03      298.00
  0.39673E-02  0.35947E+03   -0.32500E-02 -0.32500E-02  0.65000E-02  0.00000E+00  0.00000E+00  0.00000E+00    0.18701E+02 -0.16832E+03  0.14962E+03 -0.26002E+01 -0.15401E+01  0.13239E+03      298.00
  0.42795E-02  0.36290E+03   -0.35000E-02 -0.35000E-02  0.70000E-02  0.00000E+00  0.00000E+00  0.00000E+00    0.18696E+02 -0.16995E+03  0.15126E+03 -0.26810E+01 -0.16772E+01  0.13354E+03      298.00
  0.45921E-02  0.36652E+03   -0.37500E-02 -0.37500E-02  0.75000E-02  0.00000E+00  0.00000E+00  0.00000E+00    0.18762E+02 -0.17167E+03  0.15291E+03 -0.26194E+01 -0.14955E+01  0.13479E+03      298.00
  0.49050E-02  0.36991E+03   -0.40000E-02 -0.40000E-02  0.80000E-02  0.00000E+00  0.00000E+00  0.00000E+00    0.18808E+02 -0.17327E+03  0.15446E+03 -0.26988E+01 -0.16304E+01  0.13596E+03      298.00
  0.52182E-02  0.37336E+03   -0.42500E-02 -0.42500E-02  0.85000E-02  0.00000E+00  0.00000E+00  0.00000E+00    0.18892E+02 -0.17490E+03  0.15600E+03 -0.27081E+01 -0.16109E+01  0.13717E+03      298.00
  0.55315E-02  0.37683E+03   -0.45000E-02 -0.45000E-02  0.90000E-02  0.00000E+00  0.00000E+00  0.00000E+00    0.19020E+02 -0.17654E+03  0.15752E+03 -0.26967E+01 -0.15558E+01  0.13839E+03      298.00
  0.58451E-02  0.38025E+03   -0.47500E-02 -0.47500E-02  0.95000E-02  0.00000E+00  0.00000E+00  0.00000E+00    0.19140E+02 -0.17815E+03  0.15901E+03 -0.27023E+01 -0.15260E+01  0.13962E+03      298.00
  0.61587E-02  0.38364E+03   -0.50000E-02 -0.50000E-02  0.10000E-01  0.00000E+00  0.00000E+00  0.00000E+00    0.19279E+02 -0.17974E+03  0.16046E+03 -0.27061E+01 -0.14936E+01  0.14084E+03      298.00
  0.64724E-02  0.38701E+03   -0.52500E-02 -0.52500E-02  0.10500E-01  0.00000E+00  0.00000E+00  0.00000E+00    0.19433E+02 -0.18132E+03  0.16189E+03 -0.27089E+01 -0.14597E+01  0.14207E+03      298.00
  0.67861E-02  0.39035E+03   -0.55000E-02 -0.55000E-02  0.11000E-01  0.00000E+00  0.00000E+00  0.00000E+00    0.19599E+02 -0.18289E+03  0.16329E+03 -0.27109E+01 -0.14242E+01  0.14329E+03      298.00
  0.70999E-02  0.39367E+03   -0.57500E-02 -0.57500E-02  0.11500E-01  0.00000E+00  0.00000E+00  0.00000E+00    0.19777E+02 -0.18445E+03  0.16467E+03 -0.27120E+01 -0.13873E+01  0.14452E+03      298.00
  0.74136E-02  0.39696E+03   -0.60000E-02 -0.60000E-02  0.12000E-01  0.00000E+00  0.00000E+00  0.00000E+00    0.19964E+02 -0.18599E+03  0.16602E+03 -0.27123E+01 -0.13491E+01  0.14574E+03      298.00
  0.77273E-02  0.40022E+03   -0.62500E-02 -0.62500E-02  0.12500E-01  0.00000E+00  0.00000E+00  0.00000E+00    0.20160E+02 -0.18751E+03  0.16735E+03 -0.27119E+01 -0.13096E+01  0.14695E+03      298.00
  0.80409E-02  0.40345E+03   -0.65000E-02 -0.65000E-02  0.13000E-01  0.00000E+00  0.00000E+00  0.00000E+00    0.20364E+02 -0.18902E+03  0.16866E+03 -0.27107E+01 -0.12689E+01  0.14817E+03      298.00
  0.83544E-02  0.40666E+03   -0.67500E-02 -0.67500E-02  0.13500E-01  0.00000E+00  0.00000E+00  0.00000E+00    0.20574E+02 -0.19052E+03  0.16995E+03 -0.27089E+01 -0.12270E+01  0.14938E+03      298.00
  0.86678E-02  0.40984E+03   -0.70000E-02 -0.70000E-02  0.14000E-01  0.00000E+00  0.00000E+00  0.00000E+00    0.20790E+02 -0.19201E+03  0.17122E+03 -0.27063E+01 -0.11841E+01  0.15058E+03      298.00
  0.89812E-02  0.41299E+03   -0.72500E-02 -0.72500E-02  0.14500E-01  0.00000E+00  0.00000E+00  0.00000E+00    0.21011E+02 -0.19348E+03  0.17247E+03 -0.27032E+01 -0.11401E+01  0.15177E+03      298.00
  0.92944E-02  0.41612E+03   -0.75000E-02 -0.75000E-02  0.15000E-01  0.00000E+00  0.00000E+00  0.00000E+00    0.21236E+02 -0.19494E+03  0.17370E+03 -0.26994E+01 -0.10950E+01  0.15296E+03      298.00
  0.96074E-02  0.41922E+03   -0.77500E-02 -0.77500E-02  0.15500E-01  0.00000E+00  0.00000E+00  0.00000E+00    0.21464E+02 -0.19638E+03  0.17492E+03 -0.26950E+01 -0.10490E+01  0.15415E+03      298.00
  0.99204E-02  0.42229E+03   -0.80000E-02 -0.80000E-02  0.16000E-01  0.00000E+00  0.00000E+00  0.00000E+00    0.21696E+02 -0.19781E+03  0.17612E+03 -0.26900E+01 -0.10020E+01  0.15532E+03      298.00
  0.10233E-01  0.42533E+03   -0.82500E-02 -0.82500E-02  0.16500E-01  0.00000E+00  0.00000E+00  0.00000E+00    0.21930E+02 -0.19923E+03  0.17730E+03 -0.26844E+01 -0.95416E+00  0.15649E+03      298.00
  0.10546E-01  0.42834E+03   -0.85000E-02 -0.85000E-02  0.17000E-01  0.00000E+00  0.00000E+00  0.00000E+00    0.22165E+02 -0.20063E+03  0.17847E+03 -0.26782E+01 -0.90538E+00  0.15765E+03      298.00
  0.10858E-01  0.43133E+03   -0.87500E-02 -0.87500E-02  0.17500E-01  0.00000E+00  0.00000E+00  0.00000E+00    0.22403E+02 -0.20202E+03  0.17962E+03 -0.26715E+01 -0.85572E+00  0.15880E+03      298.00
  0.11171E-01  0.43428E+03   -0.90000E-02 -0.90000E-02  0.18000E-01  0.00000E+00  0.00000E+00  0.00000E+00    0.22641E+02 -0.20340E+03  0.18076E+03 -0.26643E+01 -0.80520E+00  0.15994E+03      298.00
  0.11483E-01  0.43722E+03   -0.92500E-02 -0.92500E-02  0.18500E-01  0.00000E+00  0.00000E+00  0.00000E+00    0.22880E+02 -0.20476E+03  0.18188E+03 -0.26565E+01 -0.75384E+00  0.16108E+03      298.00
  0.11795E-01  0.44012E+03   -0.95000E-02 -0.95000E-02  0.19000E-01  0.00000E+00  0.00000E+00  0.00000E+00    0.23120E+02 -0.20611E+03  0.18299E+03 -0.26482E+01 -0.70164E+00  0.16220E+03      298.00
  0.12107E-01  0.44299E+03   -0.97500E-02 -0.97500E-02  0.19500E-01  0.00000E+00  0.00000E+00  0.00000E+00    0.23359E+02 -0.20745E+03  0.18409E+03 -0.26393E+01 -0.64862E+00  0.16332E+03      298.00
  0.12418E-01  0.44584E+03   -0.10000E-01 -0.10000E-01  0.20000E-01  0.00000E+00  0.00000E+00  0.00000E+00    0.23598E+02 -0.20877E+03  0.18517E+03 -0.26299E+01 -0.59477E+00  0.16442E+03      298.00
  0.12730E-01  0.44866E+03   -0.10250E-01 -0.10250E-01  0.20500E-01  0.00000E+00  0.00000E+00  0.00000E+00    0.23837E+02 -0.21008E+03  0.18625E+03 -0.26200E+01 -0.54012E+00  0.16552E+03      298.00
  0.13041E-01  0.45145E+03   -0.10500E-01 -0.10500E-01  0.21000E-01  0.00000E+00  0.00000E+00  0.00000E+00    0.24075E+02 -0.21138E+03  0.18731E+03 -0.26096E+01 -0.48465E+00  0.16660E+03      298.00
  0.13352E-01  0.45422E+03   -0.10750E-01 -0.10750E-01  0.21500E-01  0.00000E+00  0.00000E+00  0.00000E+00    0.24312E+02 -0.21267E+03  0.18836E+03 -0.25987E+01 -0.42836E+00  0.16768E+03      298.00
  0.13663E-01  0.45696E+03   -0.11000E-01 -0.11000E-01  0.22000E-01  0.00000E+00  0.00000E+00  0.00000E+00    0.24548E+02 -0.21394E+03  0.18939E+03 -0.25872E+01 -0.37127E+00  0.16875E+03      298.00
  0.13974E-01  0.45967E+03   -0.11250E-01 -0.11250E-01  0.22500E-01  0.00000E+00  0.00000E+00  0.00000E+00    0.24782E+02 -0.21520E+03  0.19042E+03 -0.25752E+01 -0.31336E+00  0.16980E+03      298.00
  0.14285E-01  0.46235E+03   -0.11500E-01 -0.11500E-01  0.23000E-01  0.00000E+00  0.00000E+00  0.00000E+00    0.25015E+02 -0.21645E+03  0.19143E+03 -0.25627E+01 -0.25463E+00  0.17085E+03      298.00
  0.14595E-01  0.46501E+03   -0.11750E-01 -0.11750E-01  0.23500E-01  0.00000E+00  0.00000E+00  0.00000E+00    0.25246E+02 -0.21768E+03  0.19243E+03 -0.25497E+01 -0.19507E+00  0.17189E+03      298.00
  0.14906E-01  0.46764E+03   -0.12000E-01 -0.12000E-01  0.24000E-01  0.00000E+00  0.00000E+00  0.00000E+00    0.25476E+02 -0.21890E+03  0.19343E+03 -0.25361E+01 -0.13468E+00  0.17291E+03      298.00
  0.15216E-01  0.47025E+03   -0.12250E-01 -0.12250E-01  0.24500E-01  0.00000E+00  0.00000E+00  0.00000E+00    0.25703E+02 -0.22011E+03  0.19441E+03 -0.25220E+01 -0.73450E-01  0.17393E+03      298.00
  0.15526E-01  0.47283E+03   -0.12500E-01 -0.12500E-01  0.25000E-01  0.00000E+00  0.00000E+00  0.00000E+00    0.25929E+02 -0.22131E+03  0.19538E+03 -0.25073E+01 -0.11367E-01  0.17494E+03      298.00
          Evm          Svm            E11          E22          E33          E23          E13          E12         SDEV11       SDEV22       SDEV33       SDEV23       SDEV13       SDEV12      TEMP
  0.15526E-01  0.47299E+03   -0.12500E-01 -0.12500E-01  0.25000E-01  0.00000E+00  0.00000E+00  0.00000E+00    0.25950E+02 -0.22138E+03  0.19543E+03 -0.24691E+01  0.10142E+00  0.17501E+03      298.00
  0.15836E-01  0.47539E+03   -0.12750E-01 -0.12750E-01  0.25500E-01  0.00000E+00  0.00000E+00  0.00000E+00    0.26155E+02 -0.22250E+03  0.19635E+03 -0.24938E+01  0.51533E-01  0.17594E+03      298.00
  0.16146E-01  0.47791E+03   -0.13000E-01 -0.13000E-01  0.26000E-01  0.00000E+00  0.00000E+00  0.00000E+00    0.26374E+02 -0.22367E+03  0.19730E+03 -0.24765E+01  0.11542E+00  0.17692E+03      298.00
  0.16455E-01  0.48041E+03   -0.13250E-01 -0.13250E-01  0.26500E-01  0.00000E+00  0.00000E+00  0.00000E+00    0.26594E+02 -0.22483E+03  0.19824E+03 -0.24600E+01  0.18009E+00  0.17790E+03      298.00
  0.16765E-01  0.48289E+03   -0.13500E-01 -0.13500E-01  0.27000E-01  0.00000E+00  0.00000E+00  0.00000E+00    0.26810E+02 -0.22598E+03  0.19917E+03 -0.24431E+01  0.24568E+00  0.17886E+03      298.00
  0.17074E-01  0.48561E+03   -0.13750E-01 -0.13750E-01  0.27500E-01  0.00000E+00  0.00000E+00  0.00000E+00    0.27060E+02 -0.22724E+03  0.20018E+03 -0.22783E+01  0.67361E+00  0.17995E+03      298.00
  0.17383E-01  0.48802E+03   -0.14000E-01 -0.14000E-01  0.28000E-01  0.00000E+00  0.00000E+00  0.00000E+00    0.27269E+02 -0.22836E+03  0.20109E+03 -0.22694E+01  0.71325E+00  0.18088E+03      298.00
  0.17692E-01  0.49042E+03   -0.14250E-01 -0.14250E-01  0.28500E-01  0.00000E+00  0.00000E+00  0.00000E+00    0.27479E+02 -0.22947E+03  0.20199E+03 -0.22500E+01  0.78413E+00  0.18182E+03      298.00
  0.18001E-01  0.49279E+03   -0.14500E-01 -0.14500E-01  0.29000E-01  0.00000E+00  0.00000E+00  0.00000E+00    0.27686E+02 -0.23057E+03  0.20289E+03 -0.22307E+01  0.85267E+00  0.18274E+03      298.00
  0.18310E-01  0.49514E+03   -0.14750E-01 -0.14750E-01  0.29500E-01  0.00000E+00  0.00000E+00  0.00000E+00    0.27890E+02 -0.23166E+03  0.20377E+03 -0.22107E+01  0.92269E+00  0.18366E+03      298.00
  0.18619E-01  0.49746E+03   -0.15000E-01 -0.15000E-01  0.30000E-01  0.00000E+00  0.00000E+00  0.00000E+00    0.28091E+02 -0.23274E+03  0.20465E+03 -0.21901E+01  0.99378E+00  0.18456E+03      298.00
  0.18927E-01  0.49976E+03   -0.15250E-01 -0.15250E-01  0.30500E-01  0.00000E+00  0.00000E+00  0.00000E+00    0.28290E+02 -0.23381E+03  0.20552E+03 -0.21691E+01  0.10651E+01  0.18546E+03      298.00
  0.19236E-01  0.50204E+03   -0.15500E-01 -0.15500E-01  0.31000E-01  0.00000E+00  0.00000E+00  0.00000E+00    0.28487E+02 -0.23487E+03  0.20638E+03 -0.21471E+01  0.11386E+01  0.18634E+03      298.00
  0.19544E-01  0.50429E+03   -0.15750E-01 -0.15750E-01  0.31500E-01  0.00000E+00  0.00000E+00  0.00000E+00    0.28680E+02 -0.23591E+03  0.20723E+03 -0.21243E+01  0.12131E+01  0.18722E+03      298.00
  0.19852E-01  0.50651E+03   -0.16000E-01 -0.16000E-01  0.32000E-01  0.00000E+00  0.00000E+00  0.00000E+00    0.28872E+02 -0.23695E+03  0.20808E+03 -0.21009E+01  0.12888E+01  0.18808E+03      298.00
  0.20160E-01  0.50872E+03   -0.16250E-01 -0.16250E-01  0.32500E-01  0.00000E+00  0.00000E+00  0.00000E+00    0.29060E+02 -0.23797E+03  0.20891E+03 -0.20767E+01  0.13657E+01  0.18894E+03      298.00
  0.20468E-01  0.51090E+03   -0.16500E-01 -0.16500E-01  0.33000E-01  0.00000E+00  0.00000E+00  0.00000E+00    0.29246E+02 -0.23898E+03  0.20974E+03 -0.20518E+01  0.14439E+01  0.18979E+03      298.00
  0.20776E-01  0.51305E+03   -0.16750E-01 -0.16750E-01  0.33500E-01  0.00000E+00  0.00000E+00  0.00000E+00    0.29429E+02 -0.23999E+03  0.21056E+03 -0.20262E+01  0.15232E+01  0.19062E+03      298.00
  0.21084E-01  0.51519E+03   -0.17000E-01 -0.17000E-01  0.34000E-01  0.00000E+00  0.00000E+00  0.00000E+00    0.29609E+02 -0.24098E+03  0.21137E+03 -0.19998E+01  0.16038E+01  0.19145E+03      298.00
  0.21392E-01  0.51730E+03   -0.17250E-01 -0.17250E-01  0.34500E-01  0.00000E+00  0.00000E+00  0.00000E+00    0.29787E+02 -0.24196E+03  0.21217E+03 -0.19726E+01  0.16857E+01  0.19227E+03      298.00
  0.21699E-01  0.51938E+03   -0.17500E-01 -0.17500E-01  0.35000E-01  0.00000E+00  0.00000E+00  0.00000E+00    0.29961E+02 -0.24293E+03  0.21297E+03 -0.19447E+01  0.17689E+01  0.19308E+03      298.00
  0.22007E-01  0.52145E+03   -0.17750E-01 -0.17750E-01  0.35500E-01  0.00000E+00  0.00000E+00  0.00000E+00    0.30133E+02 -0.24389E+03  0.21376E+03 -0.19160E+01  0.18534E+01  0.19388E+03      298.00
  0.22314E-01  0.52349E+03   -0.18000E-01 -0.18000E-01  0.36000E-01  0.00000E+00  0.00000E+00  0.00000E+00    0.30303E+02 -0.24484E+03  0.21454E+03 -0.18865E+01  0.19392E+01  0.19466E+03      298.00
  0.22622E-01  0.52551E+03   -0.18250E-01 -0.18250E-01  0.36500E-01  0.00000E+00  0.00000E+00  0.00000E+00    0.30469E+02 -0.24578E+03  0.21531E+03 -0.18562E+01  0.20263E+01  0.19545E+03      298.00
  0.22929E-01  0.52750E+03   -0.18500E-01 -0.18500E-01  0.37000E-01  0.00000E+00  0.00000E+00  0.00000E+00    0.30633E+02 -0.24671E+03  0.21607E+03 -0.18252E+01  0.21148E+01  0.19622E+03      298.00
  0.23236E-01  0.52948E+03   -0.18750E-01 -0.18750E-01  0.37500E-01  0.00000E+00  0.00000E+00  0.00000E+00    0.30795E+02 -0.24762E+03  0.21683E+03 -0.17933E+01  0.22047E+01  0.19698E+03      298.00
  0.23543E-01  0.53143E+03   -0.19000E-01 -0.19000E-01  0.38000E-01  0.00000E+00  0.00000E+00  0.00000E+00    0.30953E+02 -0.24853E+03  0.21758E+03 -0.17606E+01  0.22959E+01  0.19773E+03      298.00
  0.23850E-01  0.53336E+03   -0.19250E-01 -0.19250E-01  0.38500E-01  0.00000E+00  0.00000E+00  0.00000E+00    0.31109E+02 -0.24943E+03  0.21832E+03 -0.17271E+01  0.23885E+01  0.19847E+03      298.00
  0.24157E-01  0.53527E+03   -0.19500E-01 -0.19500E-01  0.39000E-01  0.00000E+00  0.00000E+00  0.00000E+00    0.31262E+02 -0.25032E+03  0.21906E+03 -0.16927E+01  0.24825E+01  0.19921E+03      298.00
  0.24464E-01  0.53716E+03   -0.19750E-01 -0.19750E-01  0.39500E-01  0.00000E+00  0.00000E+00  0.00000E+00    0.31412E+02 -0.25120E+03  0.21979E+03 -0.16576E+01  0.25779E+01  0.19993E+03      298.00
  0.24771E-01  0.53903E+03   -0.20000E-01 -0.20000E-01  0.40000E-01  0.00000E+00  0.00000E+00  0.00000E+00    0.31560E+02 -0.25207E+03  0.22051E+03 -0.16216E+01  0.26747E+01  0.20065E+03      298.00
  0.25078E-01  0.54087E+03   -0.20250E-01 -0.20250E-01  0.40500E-01  0.00000E+00  0.00000E+00  0.00000E+00    0.31705E+02 -0.25293E+03  0.22122E+03 -0.15847E+01  0.27730E+01  0.20136E+03      298.00
  0.25385E-01  0.54270E+03   -0.20500E-01 -0.20500E-01  0.41000E-01  0.00000E+00  0.00000E+00  0.00000E+00    0.31847E+02 -0.25378E+03  0.22193E+03 -0.15470E+01  0.28727E+01  0.20206E+03      298.00
  0.25691E-01  0.54450E+03   -0.20750E-01 -0.20750E-01  0.41500E-01  0.00000E+00  0.00000E+00  0.00000E+00    0.31986E+02 -0.25462E+03  0.22263E+03 -0.15085E+01  0.29738E+01  0.20275E+03      298.00
  0.25998E-01  0.54629E+03   -0.21000E-01 -0.21000E-01  0.42000E-01  0.00000E+00  0.00000E+00  0.00000E+00    0.32123E+02 -0.25545E+03  0.22333E+03 -0.14691E+01  0.30764E+01  0.20343E+03      298.00
  0.26305E-01  0.54805E+03   -0.21250E-01 -0.21250E-01  0.42500E-01  0.00000E+00  0.00000E+00  0.00000E+00    0.32258E+02 -0.25627E+03  0.22401E+03 -0.14289E+01  0.31804E+01  0.20410E+03      298.00
  0.26611E-01  0.54979E+03   -0.21500E-01 -0.21500E-01  0.43000E-01  0.00000E+00  0.00000E+00  0.00000E+00    0.32389E+02 -0.25708E+03  0.22469E+03 -0.13879E+01  0.32859E+01  0.20477E+03      298.00
  0.26918E-01  0.55152E+03   -0.21750E-01 -0.21750E-01  0.43500E-01  0.00000E+00  0.00000E+00  0.00000E+00    0.32518E+02 -0.25789E+03  0.22537E+03 -0.13460E+01  0.33928E+01  0.20543E+03      298.00
  0.27224E-01  0.55322E+03   -0.22000E-01 -0.22000E-01  0.44000E-01  0.00000E+00  0.00000E+00  0.00000E+00    0.32644E+02 -0.25868E+03  0.22604E+03 -0.13033E+01  0.35011E+01  0.20608E+03      298.00
  0.27531E-01  0.55491E+03   -0.22250E-01 -0.22250E-01  0.44500E-01  0.00000E+00  0.00000E+00  0.00000E+00    0.32768E+02 -0.25947E+03  0.22670E+03 -0.12597E+01  0.36109E+01  0.20672E+03      298.00
  0.27837E-01  0.55657E+03   -0.22500E-01 -0.22500E-01  0.45000E-01  0.00000E+00  0.00000E+00  0.00000E+00    0.32889E+02 -0.26024E+03  0.22735E+03 -0.12153E+01  0.37221E+01  0.20735E+03      298.00
  0.28143E-01  0.55822E+03   -0.22750E-01 -0.22750E-01  0.45500E-01  0.00000E+00  0.00000E+00  0.00000E+00    0.33008E+02 -0.26101E+03  0.22800E+03 -0.11700E+01  0.38348E+01  0.20797E+03      298.00
  0.28450E-01  0.55984E+03   -0.23000E-01 -0.23000E-01  0.46000E-01  0.00000E+00  0.00000E+00  0.00000E+00    0.33124E+02 -0.26177E+03  0.22865E+03 -0.11240E+01  0.39488E+01  0.20859E+03      298.00
  0.28756E-01  0.56145E+03   -0.23250E-01 -0.23250E-01  0.46500E-01  0.00000E+00  0.00000E+00  0.00000E+00    0.33237E+02 -0.26252E+03  0.22928E+03 -0.10771E+01  0.40643E+01  0.20920E+03      298.00
  0.29062E-01  0.56240E+03   -0.23500E-01 -0.23500E-01  0.47000E-01  0.00000E+00  0.00000E+00  0.00000E+00    0.33258E+02 -0.26297E+03  0.22971E+03 -0.11356E+01  0.39274E+01  0.20953E+03      298.00
  0.29369E-01  0.56464E+03   -0.23750E-01 -0.23750E-01  0.47500E-01  0.00000E+00  0.00000E+00  0.00000E+00    0.33460E+02 -0.26401E+03  0.23055E+03 -0.96983E+00  0.43247E+01  0.21040E+03      298.00
  0.29675E-01  0.56557E+03   -0.24000E-01 -0.24000E-01  0.48000E-01  0.00000E+00  0.00000E+00  0.00000E+00    0.33480E+02 -0.26445E+03  0.23097E+03 -0.10402E+01  0.41621E+01  0.21072E+03      298.00
  0.29981E-01  0.56772E+03   -0.24250E-01 -0.24250E-01  0.48500E-01  0.00000E+00  0.00000E+00  0.00000E+00    0.33670E+02 -0.26545E+03  0.23178E+03 -0.86999E+00  0.45656E+01  0.21156E+03      298.00
  0.30287E-01  0.56863E+03   -0.24500E-01 -0.24500E-01  0.49000E-01  0.00000E+00  0.00000E+00  0.00000E+00    0.33687E+02 -0.26588E+03  0.23220E+03 -0.94117E+00  0.44022E+01  0.21187E+03      298.00
  0.30594E-01  0.57073E+03   -0.24750E-01 -0.24750E-01  0.49500E-01  0.00000E+00  0.00000E+00  0.00000E+00    0.33871E+02 -0.26686E+03  0.23298E+03 -0.76713E+00  0.48116E+01  0.21269E+03      298.00
  0.30900E-01  0.57163E+03   -0.25000E-01 -0.25000E-01  0.50000E-01  0.00000E+00  0.00000E+00  0.00000E+00    0.33885E+02 -0.26728E+03  0.23340E+03 -0.83902E+00  0.46476E+01  0.21300E+03      298.00
          Evm          Svm            E11          E22          E33          E23          E13          E12         SDEV11       SDEV22       SDEV33       SDEV23       SDEV13       SDEV12      TEMP
  0.30900E-01  0.57214E+03   -0.25000E-01 -0.25000E-01  0.50000E-01  0.00000E+00  0.00000E+00  0.00000E+00    0.33964E+02 -0.26752E+03  0.23356E+03 -0.85095E+00  0.46520E+01  0.21321E+03      298.00
  0.31206E-01  0.57303E+03   -0.25250E-01 -0.25250E-01  0.50500E-01  0.00000E+00  0.00000E+00  0.00000E+00    0.33969E+02 -0.26794E+03  0.23397E+03 -0.78454E+00  0.47711E+01  0.21351E+03      298.00
  0.31512E-01  0.57513E+03   -0.25500E-01 -0.25500E-01  0.51000E-01  0.00000E+00  0.00000E+00  0.00000E+00    0.34154E+02 -0.26891E+03  0.23476E+03 -0.60763E+00  0.51898E+01  0.21433E+03      298.00
  0.31818E-01  0.57700E+03   -0.25750E-01 -0.25750E-01  0.51500E-01  0.00000E+00  0.00000E+00  0.00000E+00    0.34312E+02 -0.26978E+03  0.23547E+03 -0.67495E+00  0.50993E+01  0.21505E+03      298.00
  0.32124E-01  0.57825E+03   -0.26000E-01 -0.26000E-01  0.52000E-01  0.00000E+00  0.00000E+00  0.00000E+00    0.34374E+02 -0.27037E+03  0.23600E+03 -0.61692E+00  0.52397E+01  0.21551E+03      298.00
  0.32431E-01  0.57972E+03   -0.26250E-01 -0.26250E-01  0.52500E-01  0.00000E+00  0.00000E+00  0.00000E+00    0.34469E+02 -0.27105E+03  0.23659E+03 -0.55994E+00  0.53700E+01  0.21606E+03      298.00
  0.32737E-01  0.58106E+03   -0.26500E-01 -0.26500E-01  0.53000E-01  0.00000E+00  0.00000E+00  0.00000E+00    0.34545E+02 -0.27168E+03  0.23714E+03 -0.50363E+00  0.55021E+01  0.21655E+03      298.00
  0.33043E-01  0.58244E+03   -0.26750E-01 -0.26750E-01  0.53500E-01  0.00000E+00  0.00000E+00  0.00000E+00    0.34628E+02 -0.27233E+03  0.23770E+03 -0.44607E+00  0.56350E+01  0.21706E+03      298.00
  0.33349E-01  0.58378E+03   -0.27000E-01 -0.27000E-01  0.54000E-01  0.00000E+00  0.00000E+00  0.00000E+00    0.34704E+02 -0.27295E+03  0.23825E+03 -0.38811E+00  0.57691E+01  0.21755E+03      298.00
  0.33655E-01  0.58511E+03   -0.27250E-01 -0.27250E-01  0.54500E-01  0.00000E+00  0.00000E+00  0.00000E+00    0.34779E+02 -0.27358E+03  0.23880E+03 -0.32935E+00  0.59041E+01  0.21805E+03      298.00
  0.33961E-01  0.58643E+03   -0.27500E-01 -0.27500E-01  0.55000E-01  0.00000E+00  0.00000E+00  0.00000E+00    0.34852E+02 -0.27419E+03  0.23934E+03 -0.26998E+00  0.60402E+01  0.21853E+03      298.00
  0.34267E-01  0.58773E+03   -0.27750E-01 -0.27750E-01  0.55500E-01  0.00000E+00  0.00000E+00  0.00000E+00    0.34923E+02 -0.27480E+03  0.23988E+03 -0.20982E+00  0.61773E+01  0.21900E+03      298.00
  0.34573E-01  0.58901E+03   -0.28000E-01 -0.28000E-01  0.56000E-01  0.00000E+00  0.00000E+00  0.00000E+00    0.34991E+02 -0.27541E+03  0.24042E+03 -0.14880E+00  0.63151E+01  0.21947E+03      298.00
  0.34879E-01  0.59029E+03   -0.28250E-01 -0.28250E-01  0.56500E-01  0.00000E+00  0.00000E+00  0.00000E+00    0.35058E+02 -0.27600E+03  0.24094E+03 -0.86163E-01  0.64537E+01  0.21994E+03      298.00
  0.35185E-01  0.59157E+03   -0.28500E-01 -0.28500E-01  0.57000E-01  0.00000E+00  0.00000E+00  0.00000E+00    0.35125E+02 -0.27660E+03  0.24148E+03 -0.16376E-01  0.65943E+01  0.22041E+03      298.00
  0.35492E-01  0.59280E+03   -0.28750E-01 -0.28750E-01  0.57500E-01  0.00000E+00  0.00000E+00  0.00000E+00    0.35189E+02 -0.27718E+03  0.24199E+03  0.34124E-01  0.67400E+01  0.22086E+03      298.00
  0.35798E-01  0.59403E+03   -0.29000E-01 -0.29000E-01  0.58000E-01  0.00000E+00  0.00000E+00  0.00000E+00    0.35251E+02 -0.27776E+03  0.24251E+03  0.97804E-01  0.68812E+01  0.22130E+03      298.00
  0.36104E-01  0.59524E+03   -0.29250E-01 -0.29250E-01  0.58500E-01  0.00000E+00  0.00000E+00  0.00000E+00    0.35308E+02 -0.27833E+03  0.24302E+03  0.16027E+00  0.70237E+01  0.22174E+03      298.00
  0.36410E-01  0.59644E+03   -0.29500E-01 -0.29500E-01  0.59000E-01  0.00000E+00  0.00000E+00  0.00000E+00    0.35364E+02 -0.27889E+03  0.24353E+03  0.22327E+00  0.71667E+01  0.22217E+03      298.00
  0.36716E-01  0.59763E+03   -0.29750E-01 -0.29750E-01  0.59500E-01  0.00000E+00  0.00000E+00  0.00000E+00    0.35418E+02 -0.27945E+03  0.24403E+03  0.28660E+00  0.73103E+01  0.22260E+03      298.00
  0.37023E-01  0.59880E+03   -0.30000E-01 -0.30000E-01  0.60000E-01  0.00000E+00  0.00000E+00  0.00000E+00    0.35470E+02 -0.28000E+03  0.24453E+03  0.35027E+00  0.74545E+01  0.22302E+03      298.00
  0.37329E-01  0.59996E+03   -0.30250E-01 -0.30250E-01  0.60500E-01  0.00000E+00  0.00000E+00  0.00000E+00    0.35520E+02 -0.28054E+03  0.24502E+03  0.41425E+00  0.75992E+01  0.22344E+03      298.00
  0.37635E-01  0.60111E+03   -0.30500E-01 -0.30500E-01  0.61000E-01  0.00000E+00  0.00000E+00  0.00000E+00    0.35569E+02 -0.28108E+03  0.24551E+03  0.47850E+00  0.77443E+01  0.22385E+03      298.00
  0.37942E-01  0.60224E+03   -0.30750E-01 -0.30750E-01  0.61500E-01  0.00000E+00  0.00000E+00  0.00000E+00    0.35615E+02 -0.28161E+03  0.24600E+03  0.54299E+00  0.78898E+01  0.22426E+03      298.00
  0.38248E-01  0.60336E+03   -0.31000E-01 -0.31000E-01  0.62000E-01  0.00000E+00  0.00000E+00  0.00000E+00    0.35660E+02 -0.28214E+03  0.24648E+03  0.60769E+00  0.80357E+01  0.22465E+03      298.00
  0.38554E-01  0.60447E+03   -0.31250E-01 -0.31250E-01  0.62500E-01  0.00000E+00  0.00000E+00  0.00000E+00    0.35703E+02 -0.28266E+03  0.24696E+03  0.67257E+00  0.81819E+01  0.22505E+03      298.00
  0.38861E-01  0.60557E+03   -0.31500E-01 -0.31500E-01  0.63000E-01  0.00000E+00  0.00000E+00  0.00000E+00    0.35744E+02 -0.28318E+03  0.24744E+03  0.73760E+00  0.83283E+01  0.22544E+03      298.00
  0.39167E-01  0.60666E+03   -0.31750E-01 -0.31750E-01  0.63500E-01  0.00000E+00  0.00000E+00  0.00000E+00    0.35783E+02 -0.28369E+03  0.24791E+03  0.80273E+00  0.84749E+01  0.22582E+03      298.00
  0.39474E-01  0.60773E+03   -0.32000E-01 -0.32000E-01  0.64000E-01  0.00000E+00  0.00000E+00  0.00000E+00    0.35820E+02 -0.28419E+03  0.24837E+03  0.86795E+00  0.86216E+01  0.22620E+03      298.00
  0.39780E-01  0.60879E+03   -0.32250E-01 -0.32250E-01  0.64500E-01  0.00000E+00  0.00000E+00  0.00000E+00    0.35856E+02 -0.28469E+03  0.24884E+03  0.93320E+00  0.87683E+01  0.22658E+03      298.00
  0.40087E-01  0.60985E+03   -0.32500E-01 -0.32500E-01  0.65000E-01  0.00000E+00  0.00000E+00  0.00000E+00    0.35890E+02 -0.28519E+03  0.24930E+03  0.99847E+00  0.89150E+01  0.22695E+03      298.00
  0.40393E-01  0.61089E+03   -0.32750E-01 -0.32750E-01  0.65500E-01  0.00000E+00  0.00000E+00  0.00000E+00    0.35923E+02 -0.28568E+03  0.24976E+03  0.10637E+01  0.90617E+01  0.22731E+03      298.00
  0.40700E-01  0.61192E+03   -0.33000E-01 -0.33000E-01  0.66000E-01  0.00000E+00  0.00000E+00  0.00000E+00    0.35953E+02 -0.28616E+03  0.25021E+03  0.11289E+01  0.92082E+01  0.22767E+03      298.00
  0.41007E-01  0.61293E+03   -0.33250E-01 -0.33250E-01  0.66500E-01  0.00000E+00  0.00000E+00  0.00000E+00    0.35983E+02 -0.28664E+03  0.25066E+03  0.11939E+01  0.93544E+01  0.22803E+03      298.00
  0.41313E-01  0.61394E+03   -0.33500E-01 -0.33500E-01  0.67000E-01  0.00000E+00  0.00000E+00  0.00000E+00    0.36010E+02 -0.28712E+03  0.25111E+03  0.12589E+01  0.95004E+01  0.22838E+03      298.00
  0.41620E-01  0.61494E+03   -0.33750E-01 -0.33750E-01  0.67500E-01  0.00000E+00  0.00000E+00  0.00000E+00    0.36036E+02 -0.28759E+03  0.25155E+03  0.13236E+01  0.96461E+01  0.22872E+03      298.00
  0.41927E-01  0.61593E+03   -0.34000E-01 -0.34000E-01  0.68000E-01  0.00000E+00  0.00000E+00  0.00000E+00    0.36061E+02 -0.28805E+03  0.25199E+03  0.13882E+01  0.97914E+01  0.22906E+03      298.00
  0.42234E-01  0.61641E+03   -0.34250E-01 -0.34250E-01  0.68500E-01  0.00000E+00  0.00000E+00  0.00000E+00    0.36022E+02 -0.28829E+03  0.25227E+03  0.12810E+01  0.95269E+01  0.22921E+03      298.00
  0.42541E-01  0.61708E+03   -0.34500E-01 -0.34500E-01  0.69000E-01  0.00000E+00  0.00000E+00  0.00000E+00    0.35991E+02 -0.28861E+03  0.25262E+03  0.14792E+01  0.99460E+01  0.22940E+03      298.00
  0.42848E-01  0.61802E+03   -0.34750E-01 -0.34750E-01  0.69500E-01  0.00000E+00  0.00000E+00  0.00000E+00    0.36008E+02 -0.28905E+03  0.25305E+03  0.15399E+01  0.10090E+02  0.22972E+03      298.00
  0.43155E-01  0.62004E+03   -0.35000E-01 -0.35000E-01  0.70000E-01  0.00000E+00  0.00000E+00  0.00000E+00    0.36191E+02 -0.28999E+03  0.25380E+03  0.16037E+01  0.10266E+02  0.23051E+03      298.00
  0.43462E-01  0.62028E+03   -0.35250E-01 -0.35250E-01  0.70500E-01  0.00000E+00  0.00000E+00  0.00000E+00    0.36109E+02 -0.29012E+03  0.25401E+03  0.15431E+01  0.10110E+02  0.23054E+03      298.00
  0.43769E-01  0.62191E+03   -0.35500E-01 -0.35500E-01  0.71000E-01  0.00000E+00  0.00000E+00  0.00000E+00    0.36215E+02 -0.29087E+03  0.25465E+03  0.17656E+01  0.10659E+02  0.23114E+03      298.00
  0.44076E-01  0.62178E+03   -0.35750E-01 -0.35750E-01  0.71500E-01  0.00000E+00  0.00000E+00  0.00000E+00    0.36100E+02 -0.29083E+03  0.25473E+03  0.17711E+01  0.10585E+02  0.23101E+03      298.00
  0.44383E-01  0.62294E+03   -0.36000E-01 -0.36000E-01  0.72000E-01  0.00000E+00  0.00000E+00  0.00000E+00    0.36133E+02 -0.29137E+03  0.25524E+03  0.17644E+01  0.10613E+02  0.23143E+03      298.00
  0.44691E-01  0.62361E+03   -0.36250E-01 -0.36250E-01  0.72500E-01  0.00000E+00  0.00000E+00  0.00000E+00    0.36104E+02 -0.29169E+03  0.25559E+03  0.19111E+01  0.10928E+02  0.23163E+03      298.00
  0.44998E-01  0.62452E+03   -0.36500E-01 -0.36500E-01  0.73000E-01  0.00000E+00  0.00000E+00  0.00000E+00    0.36116E+02 -0.29212E+03  0.25600E+03  0.19697E+01  0.11066E+02  0.23193E+03      298.00
  0.45305E-01  0.62642E+03   -0.36750E-01 -0.36750E-01  0.73500E-01  0.00000E+00  0.00000E+00  0.00000E+00    0.36283E+02 -0.29300E+03  0.25672E+03  0.20350E+01  0.11244E+02  0.23267E+03      298.00
  0.45613E-01  0.62665E+03   -0.37000E-01 -0.37000E-01  0.74000E-01  0.00000E+00  0.00000E+00  0.00000E+00    0.36199E+02 -0.29312E+03  0.25692E+03  0.19787E+01  0.11097E+02  0.23270E+03      298.00
  0.45920E-01  0.62816E+03   -0.37250E-01 -0.37250E-01  0.74500E-01  0.00000E+00  0.00000E+00  0.00000E+00    0.36287E+02 -0.29382E+03  0.25754E+03  0.21894E+01  0.11622E+02  0.23324E+03      298.00
  0.46228E-01  0.62805E+03   -0.37500E-01 -0.37500E-01  0.75000E-01  0.00000E+00  0.00000E+00  0.00000E+00    0.36176E+02 -0.29379E+03  0.25762E+03  0.21818E+01  0.11525E+02  0.23313E+03      298.00
          Evm          Svm            E11          E22          E33          E23          E13          E12         SDEV11       SDEV22       SDEV33       SDEV23       SDEV13       SDEV12      TEMP
  0.46228E-01  0.62857E+03   -0.37500E-01 -0.37500E-01  0.75000E-01  0.00000E+00  0.00000E+00  0.00000E+00    0.36230E+02 -0.29402E+03  0.25779E+03  0.22095E+01  0.11634E+02  0.23334E+03      298.00
  0.46535E-01  0.62912E+03   -0.37750E-01 -0.37750E-01  0.75500E-01  0.00000E+00  0.00000E+00  0.00000E+00    0.36198E+02 -0.29429E+03  0.25809E+03  0.21569E+01  0.11506E+02  0.23351E+03      298.00
  0.46843E-01  0.62976E+03   -0.38000E-01 -0.38000E-01  0.76000E-01  0.00000E+00  0.00000E+00  0.00000E+00    0.36161E+02 -0.29459E+03  0.25843E+03  0.23181E+01  0.11858E+02  0.23369E+03      298.00
  0.47151E-01  0.63062E+03   -0.38250E-01 -0.38250E-01  0.76500E-01  0.00000E+00  0.00000E+00  0.00000E+00    0.36166E+02 -0.29500E+03  0.25884E+03  0.23718E+01  0.11989E+02  0.23398E+03      298.00
  0.47459E-01  0.63241E+03   -0.38500E-01 -0.38500E-01  0.77000E-01  0.00000E+00  0.00000E+00  0.00000E+00    0.36315E+02 -0.29583E+03  0.25952E+03  0.24369E+01  0.12167E+02  0.23466E+03      298.00
  0.47766E-01  0.63262E+03   -0.38750E-01 -0.38750E-01  0.77500E-01  0.00000E+00  0.00000E+00  0.00000E+00    0.36229E+02 -0.29595E+03  0.25972E+03  0.23872E+01  0.12034E+02  0.23469E+03      298.00
  0.48074E-01  0.63404E+03   -0.39000E-01 -0.39000E-01  0.78000E-01  0.00000E+00  0.00000E+00  0.00000E+00    0.36303E+02 -0.29660E+03  0.26030E+03  0.25797E+01  0.12522E+02  0.23519E+03      298.00
  0.48382E-01  0.63394E+03   -0.39250E-01 -0.39250E-01  0.78500E-01  0.00000E+00  0.00000E+00  0.00000E+00    0.36194E+02 -0.29658E+03  0.26038E+03  0.25611E+01  0.12406E+02  0.23509E+03      298.00
  0.48690E-01  0.63496E+03   -0.39500E-01 -0.39500E-01  0.79000E-01  0.00000E+00  0.00000E+00  0.00000E+00    0.36205E+02 -0.29705E+03  0.26085E+03  0.25778E+01  0.12478E+02  0.23544E+03      298.00
  0.48998E-01  0.63555E+03   -0.39750E-01 -0.39750E-01  0.79500E-01  0.00000E+00  0.00000E+00  0.00000E+00    0.36165E+02 -0.29734E+03  0.26117E+03  0.26885E+01  0.12724E+02  0.23560E+03      298.00
  0.49307E-01  0.63635E+03   -0.40000E-01 -0.40000E-01  0.80000E-01  0.00000E+00  0.00000E+00  0.00000E+00    0.36162E+02 -0.29772E+03  0.26156E+03  0.27374E+01  0.12844E+02  0.23587E+03      298.00
  0.49615E-01  0.63803E+03   -0.40250E-01 -0.40250E-01  0.80500E-01  0.00000E+00  0.00000E+00  0.00000E+00    0.36294E+02 -0.29850E+03  0.26220E+03  0.28012E+01  0.13019E+02  0.23651E+03      298.00
  0.49923E-01  0.63850E+03   -0.40500E-01 -0.40500E-01  0.81000E-01  0.00000E+00  0.00000E+00  0.00000E+00    0.36233E+02 -0.29873E+03  0.26249E+03  0.29858E+01  0.13432E+02  0.23660E+03      298.00
  0.50231E-01  0.63928E+03   -0.40750E-01 -0.40750E-01  0.81500E-01  0.00000E+00  0.00000E+00  0.00000E+00    0.36230E+02 -0.29910E+03  0.26287E+03  0.29812E+01  0.13416E+02  0.23686E+03      298.00
  0.50540E-01  0.64005E+03   -0.41000E-01 -0.41000E-01  0.82000E-01  0.00000E+00  0.00000E+00  0.00000E+00    0.36221E+02 -0.29946E+03  0.26324E+03  0.30389E+01  0.13566E+02  0.23710E+03      298.00
  0.50848E-01  0.64081E+03   -0.41250E-01 -0.41250E-01  0.82500E-01  0.00000E+00  0.00000E+00  0.00000E+00    0.36211E+02 -0.29982E+03  0.26361E+03  0.30766E+01  0.13651E+02  0.23735E+03      298.00
  0.51157E-01  0.64157E+03   -0.41500E-01 -0.41500E-01  0.83000E-01  0.00000E+00  0.00000E+00  0.00000E+00    0.36203E+02 -0.30018E+03  0.26398E+03  0.31183E+01  0.13759E+02  0.23760E+03      298.00
  0.51465E-01  0.64232E+03   -0.41750E-01 -0.41750E-01  0.83500E-01  0.00000E+00  0.00000E+00  0.00000E+00    0.36191E+02 -0.30054E+03  0.26435E+03  0.31588E+01  0.13856E+02  0.23784E+03      298.00
  0.51774E-01  0.64306E+03   -0.42000E-01 -0.42000E-01  0.84000E-01  0.00000E+00  0.00000E+00  0.00000E+00    0.36181E+02 -0.30089E+03  0.26471E+03  0.31978E+01  0.13955E+02  0.23808E+03      298.00
  0.52083E-01  0.64380E+03   -0.42250E-01 -0.42250E-01  0.84500E-01  0.00000E+00  0.00000E+00  0.00000E+00    0.36168E+02 -0.30124E+03  0.26507E+03  0.32368E+01  0.14051E+02  0.23831E+03      298.00
  0.52392E-01  0.64454E+03   -0.42500E-01 -0.42500E-01  0.85000E-01  0.00000E+00  0.00000E+00  0.00000E+00    0.36155E+02 -0.30159E+03  0.26544E+03  0.32744E+01  0.14147E+02  0.23855E+03      298.00
  0.52700E-01  0.64526E+03   -0.42750E-01 -0.42750E-01  0.85500E-01  0.00000E+00  0.00000E+00  0.00000E+00    0.36141E+02 -0.30194E+03  0.26580E+03  0.33116E+01  0.14240E+02  0.23878E+03      298.00
  0.53009E-01  0.64599E+03   -0.43000E-01 -0.43000E-01  0.86000E-01  0.00000E+00  0.00000E+00  0.00000E+00    0.36127E+02 -0.30228E+03  0.26615E+03  0.33478E+01  0.14333E+02  0.23901E+03      298.00
  0.53318E-01  0.64670E+03   -0.43250E-01 -0.43250E-01  0.86500E-01  0.00000E+00  0.00000E+00  0.00000E+00    0.36111E+02 -0.30262E+03  0.26651E+03  0.33834E+01  0.14424E+02  0.23923E+03      298.00
  0.53627E-01  0.64741E+03   -0.43500E-01 -0.43500E-01  0.87000E-01  0.00000E+00  0.00000E+00  0.00000E+00    0.36096E+02 -0.30296E+03  0.26686E+03  0.34182E+01  0.14513E+02  0.23946E+03      298.00
  0.53937E-01  0.64812E+03   -0.43750E-01 -0.43750E-01  0.87500E-01  0.00000E+00  0.00000E+00  0.00000E+00    0.36079E+02 -0.30329E+03  0.26722E+03  0.34522E+01  0.14602E+02  0.23968E+03      298.00
  0.54246E-01  0.64882E+03   -0.44000E-01 -0.44000E-01  0.88000E-01  0.00000E+00  0.00000E+00  0.00000E+00    0.36062E+02 -0.30363E+03  0.26757E+03  0.34855E+01  0.14688E+02  0.23990E+03      298.00
  0.54555E-01  0.64952E+03   -0.44250E-01 -0.44250E-01  0.88500E-01  0.00000E+00  0.00000E+00  0.00000E+00    0.36043E+02 -0.30396E+03  0.26792E+03  0.35181E+01  0.14774E+02  0.24012E+03      298.00
  0.54864E-01  0.65021E+03   -0.44500E-01 -0.44500E-01  0.89000E-01  0.00000E+00  0.00000E+00  0.00000E+00    0.36025E+02 -0.30429E+03  0.26826E+03  0.35500E+01  0.14858E+02  0.24034E+03      298.00
  0.55174E-01  0.65089E+03   -0.44750E-01 -0.44750E-01  0.89500E-01  0.00000E+00  0.00000E+00  0.00000E+00    0.36005E+02 -0.30461E+03  0.26861E+03  0.35812E+01  0.14941E+02  0.24055E+03      298.00
  0.55483E-01  0.65157E+03   -0.45000E-01 -0.45000E-01  0.90000E-01  0.00000E+00  0.00000E+00  0.00000E+00    0.35985E+02 -0.30494E+03  0.26895E+03  0.36117E+01  0.15023E+02  0.24077E+03      298.00
  0.55793E-01  0.65225E+03   -0.45250E-01 -0.45250E-01  0.90500E-01  0.00000E+00  0.00000E+00  0.00000E+00    0.35964E+02 -0.30526E+03  0.26929E+03  0.36415E+01  0.15103E+02  0.24098E+03      298.00
  0.56103E-01  0.65292E+03   -0.45500E-01 -0.45500E-01  0.91000E-01  0.00000E+00  0.00000E+00  0.00000E+00    0.35943E+02 -0.30558E+03  0.26964E+03  0.36706E+01  0.15182E+02  0.24118E+03      298.00
  0.56412E-01  0.65358E+03   -0.45750E-01 -0.45750E-01  0.91500E-01  0.00000E+00  0.00000E+00  0.00000E+00    0.35921E+02 -0.30590E+03  0.26998E+03  0.36991E+01  0.15260E+02  0.24139E+03      298.00
  0.56722E-01  0.65424E+03   -0.46000E-01 -0.46000E-01  0.92000E-01  0.00000E+00  0.00000E+00  0.00000E+00    0.35898E+02 -0.30621E+03  0.27031E+03  0.37270E+01  0.15337E+02  0.24159E+03      298.00
  0.57032E-01  0.65490E+03   -0.46250E-01 -0.46250E-01  0.92500E-01  0.00000E+00  0.00000E+00  0.00000E+00    0.35875E+02 -0.30652E+03  0.27065E+03  0.37542E+01  0.15413E+02  0.24180E+03      298.00
  0.57342E-01  0.65555E+03   -0.46500E-01 -0.46500E-01  0.93000E-01  0.00000E+00  0.00000E+00  0.00000E+00    0.35851E+02 -0.30683E+03  0.27098E+03  0.37807E+01  0.15487E+02  0.24200E+03      298.00
  0.57652E-01  0.65620E+03   -0.46750E-01 -0.46750E-01  0.93500E-01  0.00000E+00  0.00000E+00  0.00000E+00    0.35826E+02 -0.30714E+03  0.27132E+03  0.38067E+01  0.15561E+02  0.24220E+03      298.00
  0.57962E-01  0.65684E+03   -0.47000E-01 -0.47000E-01  0.94000E-01  0.00000E+00  0.00000E+00  0.00000E+00    0.35801E+02 -0.30745E+03  0.27165E+03  0.38321E+01  0.15633E+02  0.24239E+03      298.00
  0.58272E-01  0.65748E+03   -0.47250E-01 -0.47250E-01  0.94500E-01  0.00000E+00  0.00000E+00  0.00000E+00    0.35776E+02 -0.30775E+03  0.27198E+03  0.38569E+01  0.15704E+02  0.24259E+03      298.00
  0.58583E-01  0.65811E+03   -0.47500E-01 -0.47500E-01  0.95000E-01  0.00000E+00  0.00000E+00  0.00000E+00    0.35749E+02 -0.30806E+03  0.27231E+03  0.38811E+01  0.15774E+02  0.24278E+03      298.00
  0.58893E-01  0.65874E+03   -0.47750E-01 -0.47750E-01  0.95500E-01  0.00000E+00  0.00000E+00  0.00000E+00    0.35723E+02 -0.30836E+03  0.27263E+03  0.39047E+01  0.15843E+02  0.24297E+03      298.00
  0.59203E-01  0.65936E+03   -0.48000E-01 -0.48000E-01  0.96000E-01  0.00000E+00  0.00000E+00  0.00000E+00    0.35695E+02 -0.30865E+03  0.27296E+03  0.39278E+01  0.15911E+02  0.24316E+03      298.00
  0.59514E-01  0.65998E+03   -0.48250E-01 -0.48250E-01  0.96500E-01  0.00000E+00  0.00000E+00  0.00000E+00    0.35667E+02 -0.30895E+03  0.27328E+03  0.39503E+01  0.15978E+02  0.24335E+03      298.00
  0.59824E-01  0.66060E+03   -0.48500E-01 -0.48500E-01  0.97000E-01  0.00000E+00  0.00000E+00  0.00000E+00    0.35639E+02 -0.30924E+03  0.27361E+03  0.39723E+01  0.16044E+02  0.24353E+03      298.00
  0.60135E-01  0.66121E+03   -0.48750E-01 -0.48750E-01  0.97500E-01  0.00000E+00  0.00000E+00  0.00000E+00    0.35610E+02 -0.30954E+03  0.27393E+03  0.39938E+01  0.16110E+02  0.24371E+03      298.00
  0.60446E-01  0.66181E+03   -0.49000E-01 -0.49000E-01  0.98000E-01  0.00000E+00  0.00000E+00  0.00000E+00    0.35580E+02 -0.30983E+03  0.27425E+03  0.40147E+01  0.16174E+02  0.24390E+03      298.00
  0.60756E-01  0.66241E+03   -0.49250E-01 -0.49250E-01  0.98500E-01  0.00000E+00  0.00000E+00  0.00000E+00    0.35550E+02 -0.31012E+03  0.27457E+03  0.40352E+01  0.16237E+02  0.24408E+03      298.00
  0.61067E-01  0.66301E+03   -0.49500E-01 -0.49500E-01  0.99000E-01  0.00000E+00  0.00000E+00  0.00000E+00    0.35520E+02 -0.31040E+03  0.27488E+03  0.40551E+01  0.16299E+02  0.24425E+03      298.00
  0.61378E-01  0.66360E+03   -0.49750E-01 -0.49750E-01  0.99500E-01  0.00000E+00  0.00000E+00  0.00000E+00    0.35489E+02 -0.31069E+03  0.27520E+03  0.40746E+01  0.16361E+02  0.24443E+03      298.00
  0.61689E-01  0.66419E+03   -0.50000E-01 -0.50000E-01  0.10000E+00  0.00000E+00  0.00000E+00  0.00000E+00    0.35457E+02 -0.31097E+03  0.27551E+03  0.40936E+01  0.16421E+02  0.24461E+03      298.00
          Evm          Svm            E11          E22          E33          E23          E13          E12         SDEV11       SDEV22       SDEV33       SDEV23       SDEV13       SDEV12      TEMP
  0.61689E-01  0.66410E+03   -0.50000E-01 -0.50000E-01  0.10000E+00  0.00000E+00  0.00000E+00  0.00000E+00    0.35443E+02 -0.31092E+03  0.27548E+03  0.40813E+01  0.16365E+02  0.24457E+03      298.00
  0.62000E-01  0.66485E+03   -0.50250E-01 -0.50250E-01  0.10050E+00  0.00000E+00  0.00000E+00  0.00000E+00    0.35435E+02 -0.31128E+03  0.27585E+03  0.41176E+01  0.16509E+02  0.24481E+03      298.00
  0.62312E-01  0.66555E+03   -0.50500E-01 -0.50500E-01  0.10100E+00  0.00000E+00  0.00000E+00  0.00000E+00    0.35416E+02 -0.31162E+03  0.27620E+03  0.41418E+01  0.16603E+02  0.24502E+03      298.00
  0.62623E-01  0.66530E+03   -0.50750E-01 -0.50750E-01  0.10150E+00  0.00000E+00  0.00000E+00  0.00000E+00    0.35384E+02 -0.31150E+03  0.27612E+03  0.41273E+01  0.16524E+02  0.24493E+03      298.00
  0.62934E-01  0.66660E+03   -0.51000E-01 -0.51000E-01  0.10200E+00  0.00000E+00  0.00000E+00  0.00000E+00    0.35340E+02 -0.31212E+03  0.27678E+03  0.41722E+01  0.16700E+02  0.24532E+03      298.00
  0.63246E-01  0.66715E+03   -0.51250E-01 -0.51250E-01  0.10250E+00  0.00000E+00  0.00000E+00  0.00000E+00    0.35300E+02 -0.31239E+03  0.27709E+03  0.41848E+01  0.16734E+02  0.24548E+03      298.00
  0.63557E-01  0.66770E+03   -0.51500E-01 -0.51500E-01  0.10300E+00  0.00000E+00  0.00000E+00  0.00000E+00    0.35266E+02 -0.31265E+03  0.27738E+03  0.42009E+01  0.16784E+02  0.24564E+03      298.00
  0.63869E-01  0.66848E+03   -0.51750E-01 -0.51750E-01  0.10350E+00  0.00000E+00  0.00000E+00  0.00000E+00    0.35256E+02 -0.31302E+03  0.27777E+03  0.42239E+01  0.16891E+02  0.24589E+03      298.00
  0.64180E-01  0.66815E+03   -0.52000E-01 -0.52000E-01  0.10400E+00  0.00000E+00  0.00000E+00  0.00000E+00    0.35216E+02 -0.31287E+03  0.27766E+03  0.42125E+01  0.16812E+02  0.24576E+03      298.00
  0.64492E-01  0.66940E+03   -0.52250E-01 -0.52250E-01  0.10450E+00  0.00000E+00  0.00000E+00  0.00000E+00    0.35166E+02 -0.31347E+03  0.27830E+03  0.42483E+01  0.16967E+02  0.24613E+03      298.00
  0.64804E-01  0.66993E+03   -0.52500E-01 -0.52500E-01  0.10500E+00  0.00000E+00  0.00000E+00  0.00000E+00    0.35124E+02 -0.31373E+03  0.27860E+03  0.42608E+01  0.17002E+02  0.24629E+03      298.00
  0.65116E-01  0.66978E+03   -0.52750E-01 -0.52750E-01  0.10550E+00  0.00000E+00  0.00000E+00  0.00000E+00    0.35106E+02 -0.31366E+03  0.27855E+03  0.42577E+01  0.16960E+02  0.24623E+03      298.00
  0.65428E-01  0.67103E+03   -0.53000E-01 -0.53000E-01  0.10600E+00  0.00000E+00  0.00000E+00  0.00000E+00    0.35056E+02 -0.31426E+03  0.27920E+03  0.42896E+01  0.17120E+02  0.24660E+03      298.00
  0.65740E-01  0.67154E+03   -0.53250E-01 -0.53250E-01  0.10650E+00  0.00000E+00  0.00000E+00  0.00000E+00    0.35011E+02 -0.31450E+03  0.27949E+03  0.43016E+01  0.17151E+02  0.24674E+03      298.00
  0.66052E-01  0.67140E+03   -0.53500E-01 -0.53500E-01  0.10700E+00  0.00000E+00  0.00000E+00  0.00000E+00    0.34994E+02 -0.31444E+03  0.27944E+03  0.43006E+01  0.17115E+02  0.24669E+03      298.00
  0.66364E-01  0.67263E+03   -0.53750E-01 -0.53750E-01  0.10750E+00  0.00000E+00  0.00000E+00  0.00000E+00    0.34943E+02 -0.31503E+03  0.28008E+03  0.43279E+01  0.17267E+02  0.24706E+03      298.00
  0.66676E-01  0.67312E+03   -0.54000E-01 -0.54000E-01  0.10800E+00  0.00000E+00  0.00000E+00  0.00000E+00    0.34896E+02 -0.31527E+03  0.28037E+03  0.43397E+01  0.17298E+02  0.24719E+03      298.00
  0.66989E-01  0.67299E+03   -0.54250E-01 -0.54250E-01  0.10850E+00  0.00000E+00  0.00000E+00  0.00000E+00    0.34879E+02 -0.31520E+03  0.28032E+03  0.43404E+01  0.17264E+02  0.24714E+03      298.00
  0.67301E-01  0.67419E+03   -0.54500E-01 -0.54500E-01  0.10900E+00  0.00000E+00  0.00000E+00  0.00000E+00    0.34825E+02 -0.31578E+03  0.28096E+03  0.43633E+01  0.17408E+02  0.24750E+03      298.00
  0.67614E-01  0.67467E+03   -0.54750E-01 -0.54750E-01  0.10950E+00  0.00000E+00  0.00000E+00  0.00000E+00    0.34776E+02 -0.31601E+03  0.28124E+03  0.43750E+01  0.17438E+02  0.24763E+03      298.00
  0.67926E-01  0.67454E+03   -0.55000E-01 -0.55000E-01  0.11000E+00  0.00000E+00  0.00000E+00  0.00000E+00    0.34759E+02 -0.31595E+03  0.28119E+03  0.43770E+01  0.17408E+02  0.24758E+03      298.00
  0.68239E-01  0.67571E+03   -0.55250E-01 -0.55250E-01  0.11050E+00  0.00000E+00  0.00000E+00  0.00000E+00    0.34704E+02 -0.31652E+03  0.28182E+03  0.43960E+01  0.17544E+02  0.24792E+03      298.00
  0.68552E-01  0.67619E+03   -0.55500E-01 -0.55500E-01  0.11100E+00  0.00000E+00  0.00000E+00  0.00000E+00    0.34654E+02 -0.31675E+03  0.28209E+03  0.44075E+01  0.17574E+02  0.24805E+03      298.00
  0.68865E-01  0.67606E+03   -0.55750E-01 -0.55750E-01  0.11150E+00  0.00000E+00  0.00000E+00  0.00000E+00    0.34637E+02 -0.31669E+03  0.28205E+03  0.44108E+01  0.17546E+02  0.24800E+03      298.00
  0.69177E-01  0.67721E+03   -0.56000E-01 -0.56000E-01  0.11200E+00  0.00000E+00  0.00000E+00  0.00000E+00    0.34578E+02 -0.31724E+03  0.28266E+03  0.44262E+01  0.17675E+02  0.24833E+03      298.00
  0.69490E-01  0.67767E+03   -0.56250E-01 -0.56250E-01  0.11250E+00  0.00000E+00  0.00000E+00  0.00000E+00    0.34527E+02 -0.31747E+03  0.28294E+03  0.44375E+01  0.17705E+02  0.24845E+03      298.00
  0.69804E-01  0.67755E+03   -0.56500E-01 -0.56500E-01  0.11300E+00  0.00000E+00  0.00000E+00  0.00000E+00    0.34510E+02 -0.31741E+03  0.28290E+03  0.44419E+01  0.17679E+02  0.24841E+03      298.00
  0.70117E-01  0.67867E+03   -0.56750E-01 -0.56750E-01  0.11350E+00  0.00000E+00  0.00000E+00  0.00000E+00    0.34450E+02 -0.31795E+03  0.28350E+03  0.44540E+01  0.17801E+02  0.24873E+03      298.00
  0.70430E-01  0.67912E+03   -0.57000E-01 -0.57000E-01  0.11400E+00  0.00000E+00  0.00000E+00  0.00000E+00    0.34397E+02 -0.31817E+03  0.28377E+03  0.44651E+01  0.17831E+02  0.24885E+03      298.00
  0.70743E-01  0.67900E+03   -0.57250E-01 -0.57250E-01  0.11450E+00  0.00000E+00  0.00000E+00  0.00000E+00    0.34380E+02 -0.31811E+03  0.28373E+03  0.44704E+01  0.17807E+02  0.24880E+03      298.00
  0.71057E-01  0.68009E+03   -0.57500E-01 -0.57500E-01  0.11500E+00  0.00000E+00  0.00000E+00  0.00000E+00    0.34318E+02 -0.31864E+03  0.28433E+03  0.44796E+01  0.17924E+02  0.24911E+03      298.00
  0.71370E-01  0.68053E+03   -0.57750E-01 -0.57750E-01  0.11550E+00  0.00000E+00  0.00000E+00  0.00000E+00    0.34264E+02 -0.31886E+03  0.28459E+03  0.44905E+01  0.17953E+02  0.24923E+03      298.00
  0.71684E-01  0.10442E+04   -0.58000E-01 -0.58000E-01  0.11600E+00  0.00000E+00  0.00000E+00  0.00000E+00   -0.38021E+03 -0.19433E+03  0.57454E+03 -0.16890E+03  0.22312E+03  0.17010E+03      298.00
  0.72097E-01  0.10445E+04   -0.58250E-01 -0.58250E-01  0.11650E+00  0.00000E+00  0.00000E+00  0.00000E+00   -0.37981E+03 -0.19477E+03  0.57458E+03 -0.16975E+03  0.22318E+03  0.17000E+03      298.00
  0.72509E-01  0.10454E+04   -0.58500E-01 -0.58500E-01  0.11700E+00  0.00000E+00  0.00000E+00  0.00000E+00   -0.37985E+03 -0.19494E+03  0.57479E+03 -0.17030E+03  0.22381E+03  0.16990E+03      298.00
  0.72922E-01  0.10462E+04   -0.58750E-01 -0.58750E-01  0.11750E+00  0.00000E+00  0.00000E+00  0.00000E+00   -0.37990E+03 -0.19507E+03  0.57497E+03 -0.17080E+03  0.22444E+03  0.16978E+03      298.00
  0.73334E-01  0.10470E+04   -0.59000E-01 -0.59000E-01  0.11800E+00  0.00000E+00  0.00000E+00  0.00000E+00   -0.37995E+03 -0.19520E+03  0.57515E+03 -0.17129E+03  0.22507E+03  0.16964E+03      298.00
  0.73746E-01  0.10478E+04   -0.59250E-01 -0.59250E-01  0.11850E+00  0.00000E+00  0.00000E+00  0.00000E+00   -0.38000E+03 -0.19532E+03  0.57532E+03 -0.17177E+03  0.22570E+03  0.16951E+03      298.00
  0.74158E-01  0.10485E+04   -0.59500E-01 -0.59500E-01  0.11900E+00  0.00000E+00  0.00000E+00  0.00000E+00   -0.38004E+03 -0.19544E+03  0.57548E+03 -0.17226E+03  0.22632E+03  0.16937E+03      298.00
  0.74569E-01  0.10493E+04   -0.59750E-01 -0.59750E-01  0.11950E+00  0.00000E+00  0.00000E+00  0.00000E+00   -0.38007E+03 -0.19557E+03  0.57564E+03 -0.17274E+03  0.22694E+03  0.16923E+03      298.00
  0.74981E-01  0.10500E+04   -0.60000E-01 -0.60000E-01  0.12000E+00  0.00000E+00  0.00000E+00  0.00000E+00   -0.38010E+03 -0.19569E+03  0.57578E+03 -0.17322E+03  0.22756E+03  0.16909E+03      298.00
  0.75392E-01  0.10508E+04   -0.60250E-01 -0.60250E-01  0.12050E+00  0.00000E+00  0.00000E+00  0.00000E+00   -0.38012E+03 -0.19580E+03  0.57592E+03 -0.17370E+03  0.22817E+03  0.16894E+03      298.00
  0.75803E-01  0.10515E+04   -0.60500E-01 -0.60500E-01  0.12100E+00  0.00000E+00  0.00000E+00  0.00000E+00   -0.38014E+03 -0.19592E+03  0.57605E+03 -0.17418E+03  0.22879E+03  0.16879E+03      298.00
  0.76214E-01  0.10522E+04   -0.60750E-01 -0.60750E-01  0.12150E+00  0.00000E+00  0.00000E+00  0.00000E+00   -0.38015E+03 -0.19603E+03  0.57618E+03 -0.17465E+03  0.22940E+03  0.16864E+03      298.00
  0.76625E-01  0.10529E+04   -0.61000E-01 -0.61000E-01  0.12200E+00  0.00000E+00  0.00000E+00  0.00000E+00   -0.38015E+03 -0.19615E+03  0.57630E+03 -0.17513E+03  0.23000E+03  0.16849E+03      298.00
  0.77035E-01  0.10536E+04   -0.61250E-01 -0.61250E-01  0.12250E+00  0.00000E+00  0.00000E+00  0.00000E+00   -0.38015E+03 -0.19626E+03  0.57641E+03 -0.17560E+03  0.23061E+03  0.16833E+03      298.00
  0.77445E-01  0.10542E+04   -0.61500E-01 -0.61500E-01  0.12300E+00  0.00000E+00  0.00000E+00  0.00000E+00   -0.38015E+03 -0.19637E+03  0.57652E+03 -0.17607E+03  0.23121E+03  0.16817E+03      298.00
  0.77856E-01  0.10549E+04   -0.61750E-01 -0.61750E-01  0.12350E+00  0.00000E+00  0.00000E+00  0.00000E+00   -0.38014E+03 -0.19647E+03  0.57661E+03 -0.17654E+03  0.23180E+03  0.16801E+03      298.00
  0.78266E-01  0.10555E+04   -0.62000E-01 -0.62000E-01  0.12400E+00  0.00000E+00  0.00000E+00  0.00000E+00   -0.38013E+03 -0.19658E+03  0.57671E+03 -0.17701E+03  0.23240E+03  0.16784E+03      298.00
  0.78675E-01  0.10562E+04   -0.62250E-01 -0.62250E-01  0.12450E+00  0.00000E+00  0.00000E+00  0.00000E+00   -0.38011E+03 -0.19668E+03  0.57679E+03 -0.17748E+03  0.23299E+03  0.16767E+03      298.00
  0.79085E-01  0.10568E+04   -0.62500E-01 -0.62500E-01  0.12500E+00  0.00000E+00  0.00000E+00  0.00000E+00   -0.38009E+03 -0.19679E+03  0.57687E+03 -0.17794E+03  0.23358E+03  0.16750E+03      298.00
