          Evm          Svm            E11          E22          E33          E23          E13          E12         SDEV11       SDEV22       SDEV33       SDEV23       SDEV13       SDEV12      TEMP
  0.00000E+00  0.30694E+03    0.00000E+00  0.00000E+00  0.00000E+00  0.00000E+00  0.00000E+00  0.00000E+00   -0.15628E+03  0.36208E+02  0.12007E+03  0.14535E+02 -0.24072E+02  0.10265E+03      298.00
  0.29340E-03  0.31044E+03   -0.25000E-03 -0.25000E-03  0.50000E-03  0.00000E+00  0.00000E+00  0.00000E+00   -0.15829E+03  0.35597E+02  0.12269E+03  0.15011E+02 -0.24536E+02  0.10299E+03      298.00
  0.58982E-03  0.31414E+03   -0.50000E-03 -0.50000E-03  0.10000E-02  0.00000E+00  0.00000E+00  0.00000E+00   -0.16039E+03  0.35142E+02  0.12525E+03  0.15446E+02 -0.24972E+02  0.10349E+03      298.00
  0.88884E-03  0.31780E+03   -0.75000E-03 -0.75000E-03  0.15000E-02  0.00000E+00  0.00000E+00  0.00000E+00   -0.16244E+03  0.34765E+02  0.12767E+03  0.15852E+02 -0.25383E+02  0.10403E+03      298.00
  0.11902E-02  0.32144E+03   -0.10000E-02 -0.10000E-02  0.20000E-02  0.00000E+00  0.00000E+00  0.00000E+00   -0.16446E+03  0.34471E+02  0.12999E+03  0.16231E+02 -0.25779E+02  0.10462E+03      298.00
  0.14935E-02  0.32506E+03   -0.12500E-02 -0.12500E-02  0.25000E-02  0.00000E+00  0.00000E+00  0.00000E+00   -0.16646E+03  0.34251E+02  0.13221E+03  0.16587E+02 -0.26163E+02  0.10526E+03      298.00
  0.17985E-02  0.32864E+03   -0.15000E-02 -0.15000E-02  0.30000E-02  0.00000E+00  0.00000E+00  0.00000E+00   -0.16840E+03  0.34069E+02  0.13433E+03  0.16932E+02 -0.26542E+02  0.10596E+03      298.00
  0.21051E-02  0.33227E+03   -0.17500E-02 -0.17500E-02  0.35000E-02  0.00000E+00  0.00000E+00  0.00000E+00   -0.17037E+03  0.33976E+02  0.13639E+03  0.17239E+02 -0.26902E+02  0.10672E+03      298.00
  0.24129E-02  0.33588E+03   -0.20000E-02 -0.20000E-02  0.40000E-02  0.00000E+00  0.00000E+00  0.00000E+00   -0.17232E+03  0.33939E+02  0.13838E+03  0.17540E+02 -0.27271E+02  0.10750E+03      298.00
  0.27219E-02  0.33948E+03   -0.22500E-02 -0.22500E-02  0.45000E-02  0.00000E+00  0.00000E+00  0.00000E+00   -0.17425E+03  0.33949E+02  0.14030E+03  0.17827E+02 -0.27626E+02  0.10833E+03      298.00
  0.30319E-02  0.34305E+03   -0.25000E-02 -0.25000E-02  0.50000E-02  0.00000E+00  0.00000E+00  0.00000E+00   -0.17616E+03  0.33999E+02  0.14216E+03  0.18101E+02 -0.27978E+02  0.10918E+03      298.00
  0.33427E-02  0.34661E+03   -0.27500E-02 -0.27500E-02  0.55000E-02  0.00000E+00  0.00000E+00  0.00000E+00   -0.17805E+03  0.34086E+02  0.14396E+03  0.18365E+02 -0.28326E+02  0.11006E+03      298.00
  0.36542E-02  0.35015E+03   -0.30000E-02 -0.30000E-02  0.60000E-02  0.00000E+00  0.00000E+00  0.00000E+00   -0.17992E+03  0.34208E+02  0.14571E+03  0.18618E+02 -0.28671E+02  0.11097E+03      298.00
  0.39663E-02  0.35367E+03   -0.32500E-02 -0.32500E-02  0.65000E-02  0.00000E+00  0.00000E+00  0.00000E+00   -0.18177E+03  0.34361E+02  0.14741E+03  0.18862E+02 -0.29014E+02  0.11190E+03      298.00
  0.42789E-02  0.35717E+03   -0.35000E-02 -0.35000E-02  0.70000E-02  0.00000E+00  0.00000E+00  0.00000E+00   -0.18361E+03  0.34542E+02  0.14906E+03  0.19097E+02 -0.29353E+02  0.11285E+03      298.00
  0.45919E-02  0.36065E+03   -0.37500E-02 -0.37500E-02  0.75000E-02  0.00000E+00  0.00000E+00  0.00000E+00   -0.18542E+03  0.34747E+02  0.15068E+03  0.19325E+02 -0.29690E+02  0.11381E+03      298.00
  0.49052E-02  0.36410E+03   -0.40000E-02 -0.40000E-02  0.80000E-02  0.00000E+00  0.00000E+00  0.00000E+00   -0.18723E+03  0.34974E+02  0.15225E+03  0.19545E+02 -0.30024E+02  0.11480E+03      298.00
  0.52189E-02  0.36760E+03   -0.42500E-02 -0.42500E-02  0.85000E-02  0.00000E+00  0.00000E+00  0.00000E+00   -0.18907E+03  0.35256E+02  0.15381E+03  0.19730E+02 -0.30316E+02  0.11580E+03      298.00
  0.55327E-02  0.37096E+03   -0.45000E-02 -0.45000E-02  0.90000E-02  0.00000E+00  0.00000E+00  0.00000E+00   -0.19078E+03  0.35489E+02  0.15529E+03  0.19967E+02 -0.30688E+02  0.11680E+03      298.00
  0.58467E-02  0.37439E+03   -0.47500E-02 -0.47500E-02  0.95000E-02  0.00000E+00  0.00000E+00  0.00000E+00   -0.19258E+03  0.35798E+02  0.15679E+03  0.20141E+02 -0.30974E+02  0.11782E+03      298.00
  0.61607E-02  0.37771E+03   -0.50000E-02 -0.50000E-02  0.10000E-01  0.00000E+00  0.00000E+00  0.00000E+00   -0.19426E+03  0.36100E+02  0.15816E+03  0.20415E+02 -0.31501E+02  0.11881E+03      298.00
  0.64748E-02  0.38105E+03   -0.52500E-02 -0.52500E-02  0.10500E-01  0.00000E+00  0.00000E+00  0.00000E+00   -0.19599E+03  0.36409E+02  0.15958E+03  0.20609E+02 -0.31827E+02  0.11984E+03      298.00
  0.67889E-02  0.38436E+03   -0.55000E-02 -0.55000E-02  0.11000E-01  0.00000E+00  0.00000E+00  0.00000E+00   -0.19769E+03  0.36726E+02  0.16096E+03  0.20797E+02 -0.32147E+02  0.12087E+03      298.00
  0.71030E-02  0.38812E+03   -0.57500E-02 -0.57500E-02  0.11500E-01  0.00000E+00  0.00000E+00  0.00000E+00   -0.19962E+03  0.37156E+02  0.16247E+03  0.20960E+02 -0.32472E+02  0.12209E+03      298.00
  0.74169E-02  0.39136E+03   -0.60000E-02 -0.60000E-02  0.12000E-01  0.00000E+00  0.00000E+00  0.00000E+00   -0.20128E+03  0.37483E+02  0.16380E+03  0.21142E+02 -0.32788E+02  0.12312E+03      298.00
  0.77308E-02  0.39459E+03   -0.62500E-02 -0.62500E-02  0.12500E-01  0.00000E+00  0.00000E+00  0.00000E+00   -0.20293E+03  0.37821E+02  0.16511E+03  0.21318E+02 -0.33101E+02  0.12416E+03      298.00
  0.80446E-02  0.39778E+03   -0.65000E-02 -0.65000E-02  0.13000E-01  0.00000E+00  0.00000E+00  0.00000E+00   -0.20456E+03  0.38165E+02  0.16639E+03  0.21490E+02 -0.33410E+02  0.12519E+03      298.00
  0.83584E-02  0.40095E+03   -0.67500E-02 -0.67500E-02  0.13500E-01  0.00000E+00  0.00000E+00  0.00000E+00   -0.20617E+03  0.38515E+02  0.16766E+03  0.21659E+02 -0.33717E+02  0.12622E+03      298.00
  0.86720E-02  0.40409E+03   -0.70000E-02 -0.70000E-02  0.14000E-01  0.00000E+00  0.00000E+00  0.00000E+00   -0.20777E+03  0.38869E+02  0.16891E+03  0.21825E+02 -0.34022E+02  0.12725E+03      298.00
  0.89855E-02  0.40720E+03   -0.72500E-02 -0.72500E-02  0.14500E-01  0.00000E+00  0.00000E+00  0.00000E+00   -0.20936E+03  0.39227E+02  0.17013E+03  0.21988E+02 -0.34325E+02  0.12827E+03      298.00
  0.92988E-02  0.41029E+03   -0.75000E-02 -0.75000E-02  0.15000E-01  0.00000E+00  0.00000E+00  0.00000E+00   -0.21093E+03  0.39587E+02  0.17134E+03  0.22148E+02 -0.34625E+02  0.12929E+03      298.00
  0.96120E-02  0.41334E+03   -0.77500E-02 -0.77500E-02  0.15500E-01  0.00000E+00  0.00000E+00  0.00000E+00   -0.21248E+03  0.39949E+02  0.17253E+03  0.22306E+02 -0.34923E+02  0.13030E+03      298.00
  0.99251E-02  0.41636E+03   -0.80000E-02 -0.80000E-02  0.16000E-01  0.00000E+00  0.00000E+00  0.00000E+00   -0.21401E+03  0.40312E+02  0.17370E+03  0.22461E+02 -0.35219E+02  0.13131E+03      298.00
  0.10238E-01  0.41936E+03   -0.82500E-02 -0.82500E-02  0.16500E-01  0.00000E+00  0.00000E+00  0.00000E+00   -0.21553E+03  0.40677E+02  0.17486E+03  0.22614E+02 -0.35513E+02  0.13231E+03      298.00
  0.10551E-01  0.42233E+03   -0.85000E-02 -0.85000E-02  0.17000E-01  0.00000E+00  0.00000E+00  0.00000E+00   -0.21704E+03  0.41042E+02  0.17600E+03  0.22765E+02 -0.35805E+02  0.13331E+03      298.00
  0.10863E-01  0.42526E+03   -0.87500E-02 -0.87500E-02  0.17500E-01  0.00000E+00  0.00000E+00  0.00000E+00   -0.21853E+03  0.41406E+02  0.17712E+03  0.22914E+02 -0.36094E+02  0.13430E+03      298.00
  0.11176E-01  0.42817E+03   -0.90000E-02 -0.90000E-02  0.18000E-01  0.00000E+00  0.00000E+00  0.00000E+00   -0.22000E+03  0.41770E+02  0.17823E+03  0.23061E+02 -0.36381E+02  0.13528E+03      298.00
  0.11488E-01  0.43106E+03   -0.92500E-02 -0.92500E-02  0.18500E-01  0.00000E+00  0.00000E+00  0.00000E+00   -0.22146E+03  0.42134E+02  0.17932E+03  0.23206E+02 -0.36666E+02  0.13625E+03      298.00
  0.11800E-01  0.43398E+03   -0.95000E-02 -0.95000E-02  0.19000E-01  0.00000E+00  0.00000E+00  0.00000E+00   -0.22295E+03  0.42472E+02  0.18048E+03  0.23261E+02 -0.36741E+02  0.13729E+03      298.00
  0.12112E-01  0.43675E+03   -0.97500E-02 -0.97500E-02  0.19500E-01  0.00000E+00  0.00000E+00  0.00000E+00   -0.22434E+03  0.42860E+02  0.18148E+03  0.23490E+02 -0.37233E+02  0.13818E+03      298.00
  0.12423E-01  0.43960E+03   -0.10000E-01 -0.10000E-01  0.20000E-01  0.00000E+00  0.00000E+00  0.00000E+00   -0.22579E+03  0.43192E+02  0.18260E+03  0.23543E+02 -0.37304E+02  0.13920E+03      298.00
  0.12735E-01  0.44231E+03   -0.10250E-01 -0.10250E-01  0.20500E-01  0.00000E+00  0.00000E+00  0.00000E+00   -0.22715E+03  0.43576E+02  0.18357E+03  0.23767E+02 -0.37787E+02  0.14008E+03      298.00
  0.13046E-01  0.44510E+03   -0.10500E-01 -0.10500E-01  0.21000E-01  0.00000E+00  0.00000E+00  0.00000E+00   -0.22857E+03  0.43905E+02  0.18466E+03  0.23819E+02 -0.37858E+02  0.14107E+03      298.00
  0.13357E-01  0.44784E+03   -0.10750E-01 -0.10750E-01  0.21500E-01  0.00000E+00  0.00000E+00  0.00000E+00   -0.22995E+03  0.44264E+02  0.18569E+03  0.23950E+02 -0.38130E+02  0.14201E+03      298.00
  0.13668E-01  0.45052E+03   -0.11000E-01 -0.11000E-01  0.22000E-01  0.00000E+00  0.00000E+00  0.00000E+00   -0.23131E+03  0.44614E+02  0.18669E+03  0.24084E+02 -0.38401E+02  0.14293E+03      298.00
  0.13979E-01  0.45318E+03   -0.11250E-01 -0.11250E-01  0.22500E-01  0.00000E+00  0.00000E+00  0.00000E+00   -0.23265E+03  0.44962E+02  0.18769E+03  0.24216E+02 -0.38670E+02  0.14383E+03      298.00
  0.14290E-01  0.45580E+03   -0.11500E-01 -0.11500E-01  0.23000E-01  0.00000E+00  0.00000E+00  0.00000E+00   -0.23398E+03  0.45307E+02  0.18867E+03  0.24346E+02 -0.38936E+02  0.14473E+03      298.00
  0.14600E-01  0.45840E+03   -0.11750E-01 -0.11750E-01  0.23500E-01  0.00000E+00  0.00000E+00  0.00000E+00   -0.23529E+03  0.45648E+02  0.18964E+03  0.24475E+02 -0.39200E+02  0.14562E+03      298.00
  0.14910E-01  0.46097E+03   -0.12000E-01 -0.12000E-01  0.24000E-01  0.00000E+00  0.00000E+00  0.00000E+00   -0.23658E+03  0.45986E+02  0.19060E+03  0.24602E+02 -0.39460E+02  0.14650E+03      298.00
  0.15221E-01  0.46352E+03   -0.12250E-01 -0.12250E-01  0.24500E-01  0.00000E+00  0.00000E+00  0.00000E+00   -0.23786E+03  0.46308E+02  0.19155E+03  0.24726E+02 -0.39712E+02  0.14738E+03      298.00
  0.15530E-01  0.46602E+03   -0.12500E-01 -0.12500E-01  0.25000E-01  0.00000E+00  0.00000E+00  0.00000E+00   -0.23915E+03  0.46718E+02  0.19243E+03  0.24949E+02 -0.40212E+02  0.14815E+03      298.00
          Evm          Svm            E11          E22          E33          E23          E13          E12         SDEV11       SDEV22       SDEV33       SDEV23       SDEV13       SDEV12      TEMP
  0.15530E-01  0.46574E+03   -0.12500E-01 -0.12500E-01  0.25000E-01  0.00000E+00  0.00000E+00  0.00000E+00   -0.23899E+03  0.46615E+02  0.19237E+03  0.24919E+02 -0.40084E+02  0.14808E+03      298.00
  0.15840E-01  0.46850E+03   -0.12750E-01 -0.12750E-01  0.25500E-01  0.00000E+00  0.00000E+00  0.00000E+00   -0.24040E+03  0.46981E+02  0.19342E+03  0.24959E+02 -0.40188E+02  0.14906E+03      298.00
  0.16150E-01  0.47099E+03   -0.13000E-01 -0.13000E-01  0.26000E-01  0.00000E+00  0.00000E+00  0.00000E+00   -0.24165E+03  0.47315E+02  0.19434E+03  0.25093E+02 -0.40469E+02  0.14991E+03      298.00
  0.16459E-01  0.47341E+03   -0.13250E-01 -0.13250E-01  0.26500E-01  0.00000E+00  0.00000E+00  0.00000E+00   -0.24288E+03  0.47631E+02  0.19525E+03  0.25213E+02 -0.40716E+02  0.15074E+03      298.00
  0.16769E-01  0.47582E+03   -0.13500E-01 -0.13500E-01  0.27000E-01  0.00000E+00  0.00000E+00  0.00000E+00   -0.24409E+03  0.47947E+02  0.19614E+03  0.25333E+02 -0.40964E+02  0.15157E+03      298.00
  0.17078E-01  0.47820E+03   -0.13750E-01 -0.13750E-01  0.27500E-01  0.00000E+00  0.00000E+00  0.00000E+00   -0.24529E+03  0.48261E+02  0.19703E+03  0.25452E+02 -0.41210E+02  0.15238E+03      298.00
  0.17387E-01  0.48056E+03   -0.14000E-01 -0.14000E-01  0.28000E-01  0.00000E+00  0.00000E+00  0.00000E+00   -0.24648E+03  0.48571E+02  0.19791E+03  0.25570E+02 -0.41455E+02  0.15318E+03      298.00
  0.17696E-01  0.48289E+03   -0.14250E-01 -0.14250E-01  0.28500E-01  0.00000E+00  0.00000E+00  0.00000E+00   -0.24766E+03  0.48878E+02  0.19878E+03  0.25687E+02 -0.41698E+02  0.15398E+03      298.00
  0.18004E-01  0.48519E+03   -0.14500E-01 -0.14500E-01  0.29000E-01  0.00000E+00  0.00000E+00  0.00000E+00   -0.24882E+03  0.49182E+02  0.19964E+03  0.25802E+02 -0.41938E+02  0.15476E+03      298.00
  0.18313E-01  0.48747E+03   -0.14750E-01 -0.14750E-01  0.29500E-01  0.00000E+00  0.00000E+00  0.00000E+00   -0.24997E+03  0.49481E+02  0.20049E+03  0.25917E+02 -0.42176E+02  0.15554E+03      298.00
  0.18622E-01  0.48972E+03   -0.15000E-01 -0.15000E-01  0.30000E-01  0.00000E+00  0.00000E+00  0.00000E+00   -0.25111E+03  0.49777E+02  0.20133E+03  0.26030E+02 -0.42412E+02  0.15630E+03      298.00
  0.18930E-01  0.49195E+03   -0.15250E-01 -0.15250E-01  0.30500E-01  0.00000E+00  0.00000E+00  0.00000E+00   -0.25224E+03  0.50070E+02  0.20217E+03  0.26142E+02 -0.42646E+02  0.15706E+03      298.00
  0.19238E-01  0.49415E+03   -0.15500E-01 -0.15500E-01  0.31000E-01  0.00000E+00  0.00000E+00  0.00000E+00   -0.25335E+03  0.50358E+02  0.20299E+03  0.26253E+02 -0.42878E+02  0.15781E+03      298.00
  0.19546E-01  0.49633E+03   -0.15750E-01 -0.15750E-01  0.31500E-01  0.00000E+00  0.00000E+00  0.00000E+00   -0.25445E+03  0.50643E+02  0.20381E+03  0.26362E+02 -0.43107E+02  0.15855E+03      298.00
  0.19854E-01  0.49848E+03   -0.16000E-01 -0.16000E-01  0.32000E-01  0.00000E+00  0.00000E+00  0.00000E+00   -0.25554E+03  0.50924E+02  0.20462E+03  0.26471E+02 -0.43333E+02  0.15928E+03      298.00
  0.20162E-01  0.50061E+03   -0.16250E-01 -0.16250E-01  0.32500E-01  0.00000E+00  0.00000E+00  0.00000E+00   -0.25662E+03  0.51201E+02  0.20542E+03  0.26578E+02 -0.43558E+02  0.16000E+03      298.00
  0.20470E-01  0.50272E+03   -0.16500E-01 -0.16500E-01  0.33000E-01  0.00000E+00  0.00000E+00  0.00000E+00   -0.25768E+03  0.51474E+02  0.20621E+03  0.26684E+02 -0.43780E+02  0.16071E+03      298.00
  0.20777E-01  0.50480E+03   -0.16750E-01 -0.16750E-01  0.33500E-01  0.00000E+00  0.00000E+00  0.00000E+00   -0.25874E+03  0.51744E+02  0.20699E+03  0.26789E+02 -0.44000E+02  0.16141E+03      298.00
  0.21085E-01  0.50685E+03   -0.17000E-01 -0.17000E-01  0.34000E-01  0.00000E+00  0.00000E+00  0.00000E+00   -0.25978E+03  0.52010E+02  0.20777E+03  0.26893E+02 -0.44217E+02  0.16210E+03      298.00
  0.21392E-01  0.50889E+03   -0.17250E-01 -0.17250E-01  0.34500E-01  0.00000E+00  0.00000E+00  0.00000E+00   -0.26081E+03  0.52271E+02  0.20854E+03  0.26995E+02 -0.44432E+02  0.16279E+03      298.00
  0.21700E-01  0.51090E+03   -0.17500E-01 -0.17500E-01  0.35000E-01  0.00000E+00  0.00000E+00  0.00000E+00   -0.26182E+03  0.52529E+02  0.20929E+03  0.27097E+02 -0.44644E+02  0.16346E+03      298.00
  0.22007E-01  0.51288E+03   -0.17750E-01 -0.17750E-01  0.35500E-01  0.00000E+00  0.00000E+00  0.00000E+00   -0.26283E+03  0.52784E+02  0.21005E+03  0.27197E+02 -0.44854E+02  0.16413E+03      298.00
  0.22314E-01  0.51484E+03   -0.18000E-01 -0.18000E-01  0.36000E-01  0.00000E+00  0.00000E+00  0.00000E+00   -0.26382E+03  0.53034E+02  0.21079E+03  0.27296E+02 -0.45062E+02  0.16479E+03      298.00
  0.22621E-01  0.51678E+03   -0.18250E-01 -0.18250E-01  0.36500E-01  0.00000E+00  0.00000E+00  0.00000E+00   -0.26481E+03  0.53281E+02  0.21153E+03  0.27393E+02 -0.45267E+02  0.16544E+03      298.00
  0.22928E-01  0.51870E+03   -0.18500E-01 -0.18500E-01  0.37000E-01  0.00000E+00  0.00000E+00  0.00000E+00   -0.26578E+03  0.53524E+02  0.21226E+03  0.27490E+02 -0.45469E+02  0.16608E+03      298.00
  0.23235E-01  0.51995E+03   -0.18750E-01 -0.18750E-01  0.37500E-01  0.00000E+00  0.00000E+00  0.00000E+00   -0.26636E+03  0.53602E+02  0.21275E+03  0.27674E+02 -0.45767E+02  0.16648E+03      298.00
  0.23542E-01  0.52187E+03   -0.19000E-01 -0.19000E-01  0.38000E-01  0.00000E+00  0.00000E+00  0.00000E+00   -0.26733E+03  0.53848E+02  0.21348E+03  0.27767E+02 -0.45970E+02  0.16712E+03      298.00
  0.23849E-01  0.52372E+03   -0.19250E-01 -0.19250E-01  0.38500E-01  0.00000E+00  0.00000E+00  0.00000E+00   -0.26828E+03  0.54085E+02  0.21419E+03  0.27859E+02 -0.46164E+02  0.16773E+03      298.00
  0.24156E-01  0.52556E+03   -0.19500E-01 -0.19500E-01  0.39000E-01  0.00000E+00  0.00000E+00  0.00000E+00   -0.26921E+03  0.54319E+02  0.21489E+03  0.27949E+02 -0.46357E+02  0.16834E+03      298.00
  0.24462E-01  0.52737E+03   -0.19750E-01 -0.19750E-01  0.39500E-01  0.00000E+00  0.00000E+00  0.00000E+00   -0.27014E+03  0.54548E+02  0.21559E+03  0.28039E+02 -0.46546E+02  0.16894E+03      298.00
  0.24769E-01  0.52916E+03   -0.20000E-01 -0.20000E-01  0.40000E-01  0.00000E+00  0.00000E+00  0.00000E+00   -0.27105E+03  0.54774E+02  0.21628E+03  0.28127E+02 -0.46733E+02  0.16953E+03      298.00
  0.25075E-01  0.53093E+03   -0.20250E-01 -0.20250E-01  0.40500E-01  0.00000E+00  0.00000E+00  0.00000E+00   -0.27195E+03  0.54996E+02  0.21696E+03  0.28214E+02 -0.46918E+02  0.17011E+03      298.00
  0.25382E-01  0.53268E+03   -0.20500E-01 -0.20500E-01  0.41000E-01  0.00000E+00  0.00000E+00  0.00000E+00   -0.27285E+03  0.55215E+02  0.21763E+03  0.28299E+02 -0.47099E+02  0.17068E+03      298.00
  0.25688E-01  0.53440E+03   -0.20750E-01 -0.20750E-01  0.41500E-01  0.00000E+00  0.00000E+00  0.00000E+00   -0.27373E+03  0.55430E+02  0.21830E+03  0.28383E+02 -0.47278E+02  0.17125E+03      298.00
  0.25995E-01  0.53611E+03   -0.21000E-01 -0.21000E-01  0.42000E-01  0.00000E+00  0.00000E+00  0.00000E+00   -0.27460E+03  0.55642E+02  0.21896E+03  0.28466E+02 -0.47454E+02  0.17181E+03      298.00
  0.26301E-01  0.53766E+03   -0.21250E-01 -0.21250E-01  0.42500E-01  0.00000E+00  0.00000E+00  0.00000E+00   -0.27542E+03  0.55838E+02  0.21958E+03  0.28546E+02 -0.47638E+02  0.17229E+03      298.00
  0.26607E-01  0.53938E+03   -0.21500E-01 -0.21500E-01  0.43000E-01  0.00000E+00  0.00000E+00  0.00000E+00   -0.27628E+03  0.56039E+02  0.22024E+03  0.28630E+02 -0.47799E+02  0.17287E+03      298.00
  0.26913E-01  0.54096E+03   -0.21750E-01 -0.21750E-01  0.43500E-01  0.00000E+00  0.00000E+00  0.00000E+00   -0.27710E+03  0.56235E+02  0.22087E+03  0.28707E+02 -0.47974E+02  0.17337E+03      298.00
  0.27220E-01  0.54264E+03   -0.22000E-01 -0.22000E-01  0.44000E-01  0.00000E+00  0.00000E+00  0.00000E+00   -0.27795E+03  0.56435E+02  0.22151E+03  0.28788E+02 -0.48133E+02  0.17393E+03      298.00
  0.27526E-01  0.54418E+03   -0.22250E-01 -0.22250E-01  0.44500E-01  0.00000E+00  0.00000E+00  0.00000E+00   -0.27875E+03  0.56618E+02  0.22213E+03  0.28862E+02 -0.48300E+02  0.17442E+03      298.00
  0.27832E-01  0.54582E+03   -0.22500E-01 -0.22500E-01  0.45000E-01  0.00000E+00  0.00000E+00  0.00000E+00   -0.27958E+03  0.56816E+02  0.22276E+03  0.28940E+02 -0.48456E+02  0.17496E+03      298.00
  0.28138E-01  0.54732E+03   -0.22750E-01 -0.22750E-01  0.45500E-01  0.00000E+00  0.00000E+00  0.00000E+00   -0.28035E+03  0.56986E+02  0.22337E+03  0.29013E+02 -0.48614E+02  0.17544E+03      298.00
  0.28444E-01  0.54892E+03   -0.23000E-01 -0.23000E-01  0.46000E-01  0.00000E+00  0.00000E+00  0.00000E+00   -0.28117E+03  0.57184E+02  0.22399E+03  0.29088E+02 -0.48768E+02  0.17596E+03      298.00
  0.28750E-01  0.55128E+03   -0.23250E-01 -0.23250E-01  0.46500E-01  0.00000E+00  0.00000E+00  0.00000E+00   -0.28238E+03  0.57525E+02  0.22486E+03  0.29119E+02 -0.48903E+02  0.17680E+03      298.00
  0.29056E-01  0.55280E+03   -0.23500E-01 -0.23500E-01  0.47000E-01  0.00000E+00  0.00000E+00  0.00000E+00   -0.28316E+03  0.57719E+02  0.22544E+03  0.29219E+02 -0.49146E+02  0.17728E+03      298.00
  0.29362E-01  0.55421E+03   -0.23750E-01 -0.23750E-01  0.47500E-01  0.00000E+00  0.00000E+00  0.00000E+00   -0.28388E+03  0.57871E+02  0.22601E+03  0.29297E+02 -0.49289E+02  0.17772E+03      298.00
  0.29668E-01  0.55568E+03   -0.24000E-01 -0.24000E-01  0.48000E-01  0.00000E+00  0.00000E+00  0.00000E+00   -0.28464E+03  0.58038E+02  0.22660E+03  0.29363E+02 -0.49430E+02  0.17820E+03      298.00
  0.29974E-01  0.55710E+03   -0.24250E-01 -0.24250E-01  0.48500E-01  0.00000E+00  0.00000E+00  0.00000E+00   -0.28537E+03  0.58193E+02  0.22718E+03  0.29432E+02 -0.49567E+02  0.17865E+03      298.00
  0.30279E-01  0.55851E+03   -0.24500E-01 -0.24500E-01  0.49000E-01  0.00000E+00  0.00000E+00  0.00000E+00   -0.28609E+03  0.58348E+02  0.22775E+03  0.29497E+02 -0.49702E+02  0.17910E+03      298.00
  0.30585E-01  0.55990E+03   -0.24750E-01 -0.24750E-01  0.49500E-01  0.00000E+00  0.00000E+00  0.00000E+00   -0.28681E+03  0.58499E+02  0.22831E+03  0.29563E+02 -0.49834E+02  0.17954E+03      298.00
  0.30891E-01  0.56128E+03   -0.25000E-01 -0.25000E-01  0.50000E-01  0.00000E+00  0.00000E+00  0.00000E+00   -0.28752E+03  0.58647E+02  0.22887E+03  0.29627E+02 -0.49964E+02  0.17998E+03      298.00
          Evm          Svm            E11          E22          E33          E23          E13          E12         SDEV11       SDEV22       SDEV33       SDEV23       SDEV13       SDEV12      TEMP
  0.30891E-01  0.56085E+03   -0.25000E-01 -0.25000E-01  0.50000E-01  0.00000E+00  0.00000E+00  0.00000E+00   -0.28730E+03  0.58551E+02  0.22875E+03  0.29614E+02 -0.49896E+02  0.17982E+03      298.00
  0.31197E-01  0.56265E+03   -0.25250E-01 -0.25250E-01  0.50500E-01  0.00000E+00  0.00000E+00  0.00000E+00   -0.28823E+03  0.58785E+02  0.22944E+03  0.29662E+02 -0.50017E+02  0.18044E+03      298.00
  0.31503E-01  0.56399E+03   -0.25500E-01 -0.25500E-01  0.51000E-01  0.00000E+00  0.00000E+00  0.00000E+00   -0.28892E+03  0.58939E+02  0.22998E+03  0.29746E+02 -0.50216E+02  0.18084E+03      298.00
  0.31809E-01  0.56527E+03   -0.25750E-01 -0.25750E-01  0.51500E-01  0.00000E+00  0.00000E+00  0.00000E+00   -0.28957E+03  0.59067E+02  0.23051E+03  0.29813E+02 -0.50337E+02  0.18124E+03      298.00
  0.32115E-01  0.56659E+03   -0.26000E-01 -0.26000E-01  0.52000E-01  0.00000E+00  0.00000E+00  0.00000E+00   -0.29026E+03  0.59206E+02  0.23105E+03  0.29870E+02 -0.50458E+02  0.18166E+03      298.00
  0.32420E-01  0.56786E+03   -0.26250E-01 -0.26250E-01  0.52500E-01  0.00000E+00  0.00000E+00  0.00000E+00   -0.29091E+03  0.59336E+02  0.23158E+03  0.29929E+02 -0.50574E+02  0.18206E+03      298.00
  0.32726E-01  0.56913E+03   -0.26500E-01 -0.26500E-01  0.53000E-01  0.00000E+00  0.00000E+00  0.00000E+00   -0.29157E+03  0.59464E+02  0.23211E+03  0.29986E+02 -0.50689E+02  0.18246E+03      298.00
  0.33032E-01  0.57038E+03   -0.26750E-01 -0.26750E-01  0.53500E-01  0.00000E+00  0.00000E+00  0.00000E+00   -0.29222E+03  0.59589E+02  0.23263E+03  0.30042E+02 -0.50801E+02  0.18285E+03      298.00
  0.33338E-01  0.57162E+03   -0.27000E-01 -0.27000E-01  0.54000E-01  0.00000E+00  0.00000E+00  0.00000E+00   -0.29286E+03  0.59710E+02  0.23315E+03  0.30097E+02 -0.50911E+02  0.18324E+03      298.00
  0.33644E-01  0.57286E+03   -0.27250E-01 -0.27250E-01  0.54500E-01  0.00000E+00  0.00000E+00  0.00000E+00   -0.29349E+03  0.59831E+02  0.23366E+03  0.30149E+02 -0.51018E+02  0.18363E+03      298.00
  0.33950E-01  0.57318E+03   -0.27500E-01 -0.27500E-01  0.55000E-01  0.00000E+00  0.00000E+00  0.00000E+00   -0.29367E+03  0.59718E+02  0.23395E+03  0.30144E+02 -0.50876E+02  0.18369E+03      298.00
  0.34256E-01  0.57498E+03   -0.27750E-01 -0.27750E-01  0.55500E-01  0.00000E+00  0.00000E+00  0.00000E+00   -0.29461E+03  0.60012E+02  0.23459E+03  0.30255E+02 -0.51204E+02  0.18425E+03      298.00
  0.34562E-01  0.57567E+03   -0.28000E-01 -0.28000E-01  0.56000E-01  0.00000E+00  0.00000E+00  0.00000E+00   -0.29498E+03  0.60028E+02  0.23495E+03  0.30318E+02 -0.51280E+02  0.18441E+03      298.00
  0.34868E-01  0.57705E+03   -0.28250E-01 -0.28250E-01  0.56500E-01  0.00000E+00  0.00000E+00  0.00000E+00   -0.29569E+03  0.60159E+02  0.23553E+03  0.30324E+02 -0.51296E+02  0.18488E+03      298.00
  0.35174E-01  0.57878E+03   -0.28500E-01 -0.28500E-01  0.57000E-01  0.00000E+00  0.00000E+00  0.00000E+00   -0.29658E+03  0.60402E+02  0.23618E+03  0.30385E+02 -0.51483E+02  0.18546E+03      298.00
  0.35480E-01  0.57903E+03   -0.28750E-01 -0.28750E-01  0.57500E-01  0.00000E+00  0.00000E+00  0.00000E+00   -0.29675E+03  0.60309E+02  0.23644E+03  0.30378E+02 -0.51373E+02  0.18547E+03      298.00
  0.35786E-01  0.58067E+03   -0.29000E-01 -0.29000E-01  0.58000E-01  0.00000E+00  0.00000E+00  0.00000E+00   -0.29757E+03  0.60544E+02  0.23703E+03  0.30499E+02 -0.51689E+02  0.18599E+03      298.00
  0.36093E-01  0.58137E+03   -0.29250E-01 -0.29250E-01  0.58500E-01  0.00000E+00  0.00000E+00  0.00000E+00   -0.29795E+03  0.60566E+02  0.23739E+03  0.30554E+02 -0.51766E+02  0.18615E+03      298.00
  0.36399E-01  0.58250E+03   -0.29500E-01 -0.29500E-01  0.59000E-01  0.00000E+00  0.00000E+00  0.00000E+00   -0.29863E+03  0.60769E+02  0.23786E+03  0.30581E+02 -0.51860E+02  0.18641E+03      298.00
  0.36705E-01  0.58344E+03   -0.29750E-01 -0.29750E-01  0.59500E-01  0.00000E+00  0.00000E+00  0.00000E+00   -0.29904E+03  0.60740E+02  0.23830E+03  0.30646E+02 -0.51936E+02  0.18677E+03      298.00
  0.37011E-01  0.58460E+03   -0.30000E-01 -0.30000E-01  0.60000E-01  0.00000E+00  0.00000E+00  0.00000E+00   -0.29974E+03  0.60952E+02  0.23879E+03  0.30666E+02 -0.52027E+02  0.18704E+03      298.00
  0.37318E-01  0.58554E+03   -0.30250E-01 -0.30250E-01  0.60500E-01  0.00000E+00  0.00000E+00  0.00000E+00   -0.30012E+03  0.60898E+02  0.23922E+03  0.30737E+02 -0.52102E+02  0.18741E+03      298.00
  0.37624E-01  0.58682E+03   -0.30500E-01 -0.30500E-01  0.61000E-01  0.00000E+00  0.00000E+00  0.00000E+00   -0.30079E+03  0.61029E+02  0.23976E+03  0.30739E+02 -0.52124E+02  0.18783E+03      298.00
  0.37931E-01  0.58753E+03   -0.30750E-01 -0.30750E-01  0.61500E-01  0.00000E+00  0.00000E+00  0.00000E+00   -0.30118E+03  0.61075E+02  0.24010E+03  0.30817E+02 -0.52267E+02  0.18798E+03      298.00
  0.38237E-01  0.58869E+03   -0.31000E-01 -0.31000E-01  0.62000E-01  0.00000E+00  0.00000E+00  0.00000E+00   -0.30188E+03  0.61287E+02  0.24059E+03  0.30832E+02 -0.52355E+02  0.18826E+03      298.00
  0.38544E-01  0.58958E+03   -0.31250E-01 -0.31250E-01  0.62500E-01  0.00000E+00  0.00000E+00  0.00000E+00   -0.30226E+03  0.61244E+02  0.24101E+03  0.30891E+02 -0.52419E+02  0.18860E+03      298.00
  0.38850E-01  0.59106E+03   -0.31500E-01 -0.31500E-01  0.63000E-01  0.00000E+00  0.00000E+00  0.00000E+00   -0.30320E+03  0.61628E+02  0.24157E+03  0.30935E+02 -0.52636E+02  0.18889E+03      298.00
  0.39157E-01  0.59218E+03   -0.31750E-01 -0.31750E-01  0.63500E-01  0.00000E+00  0.00000E+00  0.00000E+00   -0.30362E+03  0.61535E+02  0.24208E+03  0.30944E+02 -0.52590E+02  0.18943E+03      298.00
  0.39463E-01  0.59246E+03   -0.32000E-01 -0.32000E-01  0.64000E-01  0.00000E+00  0.00000E+00  0.00000E+00   -0.30374E+03  0.61404E+02  0.24234E+03  0.30942E+02 -0.52485E+02  0.18950E+03      298.00
  0.39770E-01  0.59329E+03   -0.32250E-01 -0.32250E-01  0.64500E-01  0.00000E+00  0.00000E+00  0.00000E+00   -0.30421E+03  0.61507E+02  0.24270E+03  0.31041E+02 -0.52705E+02  0.18967E+03      298.00
  0.40077E-01  0.59428E+03   -0.32500E-01 -0.32500E-01  0.65000E-01  0.00000E+00  0.00000E+00  0.00000E+00   -0.30473E+03  0.61584E+02  0.24315E+03  0.31077E+02 -0.52772E+02  0.18996E+03      298.00
  0.40384E-01  0.59571E+03   -0.32750E-01 -0.32750E-01  0.65500E-01  0.00000E+00  0.00000E+00  0.00000E+00   -0.30567E+03  0.61972E+02  0.24369E+03  0.31109E+02 -0.52972E+02  0.19023E+03      298.00
  0.40691E-01  0.59678E+03   -0.33000E-01 -0.33000E-01  0.66000E-01  0.00000E+00  0.00000E+00  0.00000E+00   -0.30602E+03  0.61840E+02  0.24418E+03  0.31127E+02 -0.52931E+02  0.19078E+03      298.00
  0.40998E-01  0.59709E+03   -0.33250E-01 -0.33250E-01  0.66500E-01  0.00000E+00  0.00000E+00  0.00000E+00   -0.30620E+03  0.61755E+02  0.24444E+03  0.31138E+02 -0.52870E+02  0.19082E+03      298.00
  0.41305E-01  0.59858E+03   -0.33500E-01 -0.33500E-01  0.67000E-01  0.00000E+00  0.00000E+00  0.00000E+00   -0.30697E+03  0.61958E+02  0.24501E+03  0.31192E+02 -0.53042E+02  0.19130E+03      298.00
  0.41612E-01  0.59934E+03   -0.33750E-01 -0.33750E-01  0.67500E-01  0.00000E+00  0.00000E+00  0.00000E+00   -0.30737E+03  0.61988E+02  0.24538E+03  0.31231E+02 -0.53111E+02  0.19150E+03      298.00
  0.41919E-01  0.59970E+03   -0.34000E-01 -0.34000E-01  0.68000E-01  0.00000E+00  0.00000E+00  0.00000E+00   -0.30760E+03  0.61938E+02  0.24566E+03  0.31223E+02 -0.53046E+02  0.19154E+03      298.00
  0.42226E-01  0.60110E+03   -0.34250E-01 -0.34250E-01  0.68500E-01  0.00000E+00  0.00000E+00  0.00000E+00   -0.30831E+03  0.62107E+02  0.24620E+03  0.31288E+02 -0.53219E+02  0.19201E+03      298.00
  0.42533E-01  0.60137E+03   -0.34500E-01 -0.34500E-01  0.69000E-01  0.00000E+00  0.00000E+00  0.00000E+00   -0.30848E+03  0.62033E+02  0.24645E+03  0.31287E+02 -0.53165E+02  0.19202E+03      298.00
  0.42840E-01  0.60279E+03   -0.34750E-01 -0.34750E-01  0.69500E-01  0.00000E+00  0.00000E+00  0.00000E+00   -0.30920E+03  0.62205E+02  0.24700E+03  0.31350E+02 -0.53342E+02  0.19248E+03      298.00
  0.43148E-01  0.60345E+03   -0.35000E-01 -0.35000E-01  0.70000E-01  0.00000E+00  0.00000E+00  0.00000E+00   -0.30956E+03  0.62218E+02  0.24734E+03  0.31385E+02 -0.53394E+02  0.19265E+03      298.00
  0.43455E-01  0.60382E+03   -0.35250E-01 -0.35250E-01  0.70500E-01  0.00000E+00  0.00000E+00  0.00000E+00   -0.30978E+03  0.62163E+02  0.24761E+03  0.31378E+02 -0.53337E+02  0.19270E+03      298.00
  0.43763E-01  0.60450E+03   -0.35500E-01 -0.35500E-01  0.71000E-01  0.00000E+00  0.00000E+00  0.00000E+00   -0.31013E+03  0.62190E+02  0.24794E+03  0.31455E+02 -0.53491E+02  0.19286E+03      298.00
  0.44070E-01  0.60588E+03   -0.35750E-01 -0.35750E-01  0.71500E-01  0.00000E+00  0.00000E+00  0.00000E+00   -0.31084E+03  0.62346E+02  0.24850E+03  0.31468E+02 -0.53553E+02  0.19332E+03      298.00
  0.44378E-01  0.60594E+03   -0.36000E-01 -0.36000E-01  0.72000E-01  0.00000E+00  0.00000E+00  0.00000E+00   -0.31098E+03  0.62357E+02  0.24862E+03  0.31512E+02 -0.53640E+02  0.19317E+03      298.00
  0.44686E-01  0.60734E+03   -0.36250E-01 -0.36250E-01  0.72500E-01  0.00000E+00  0.00000E+00  0.00000E+00   -0.31162E+03  0.62399E+02  0.24922E+03  0.31526E+02 -0.53652E+02  0.19371E+03      298.00
  0.44993E-01  0.60769E+03   -0.36500E-01 -0.36500E-01  0.73000E-01  0.00000E+00  0.00000E+00  0.00000E+00   -0.31184E+03  0.62347E+02  0.24949E+03  0.31522E+02 -0.53607E+02  0.19376E+03      298.00
  0.45301E-01  0.60891E+03   -0.36750E-01 -0.36750E-01  0.73500E-01  0.00000E+00  0.00000E+00  0.00000E+00   -0.31245E+03  0.62476E+02  0.24998E+03  0.31577E+02 -0.53752E+02  0.19415E+03      298.00
  0.45609E-01  0.60953E+03   -0.37000E-01 -0.37000E-01  0.74000E-01  0.00000E+00  0.00000E+00  0.00000E+00   -0.31279E+03  0.62480E+02  0.25031E+03  0.31606E+02 -0.53796E+02  0.19430E+03      298.00
  0.45917E-01  0.60989E+03   -0.37250E-01 -0.37250E-01  0.74500E-01  0.00000E+00  0.00000E+00  0.00000E+00   -0.31300E+03  0.62429E+02  0.25057E+03  0.31604E+02 -0.53757E+02  0.19435E+03      298.00
  0.46225E-01  0.61051E+03   -0.37500E-01 -0.37500E-01  0.75000E-01  0.00000E+00  0.00000E+00  0.00000E+00   -0.31332E+03  0.62439E+02  0.25088E+03  0.31668E+02 -0.53884E+02  0.19449E+03      298.00
          Evm          Svm            E11          E22          E33          E23          E13          E12         SDEV11       SDEV22       SDEV33       SDEV23       SDEV13       SDEV12      TEMP
  0.46225E-01  0.61078E+03   -0.37500E-01 -0.37500E-01  0.75000E-01  0.00000E+00  0.00000E+00  0.00000E+00   -0.31346E+03  0.62494E+02  0.25097E+03  0.31660E+02 -0.53885E+02  0.19460E+03      298.00
  0.46533E-01  0.61168E+03   -0.37750E-01 -0.37750E-01  0.75500E-01  0.00000E+00  0.00000E+00  0.00000E+00   -0.31394E+03  0.62556E+02  0.25138E+03  0.31682E+02 -0.53935E+02  0.19487E+03      298.00
  0.46842E-01  0.61174E+03   -0.38000E-01 -0.38000E-01  0.76000E-01  0.00000E+00  0.00000E+00  0.00000E+00   -0.31406E+03  0.62559E+02  0.25150E+03  0.31721E+02 -0.54022E+02  0.19473E+03      298.00
  0.47150E-01  0.61304E+03   -0.38250E-01 -0.38250E-01  0.76500E-01  0.00000E+00  0.00000E+00  0.00000E+00   -0.31466E+03  0.62589E+02  0.25207E+03  0.31733E+02 -0.54024E+02  0.19523E+03      298.00
  0.47458E-01  0.61309E+03   -0.38500E-01 -0.38500E-01  0.77000E-01  0.00000E+00  0.00000E+00  0.00000E+00   -0.31478E+03  0.62594E+02  0.25219E+03  0.31768E+02 -0.54108E+02  0.19507E+03      298.00
  0.47767E-01  0.61439E+03   -0.38750E-01 -0.38750E-01  0.77500E-01  0.00000E+00  0.00000E+00  0.00000E+00   -0.31538E+03  0.62620E+02  0.25276E+03  0.31781E+02 -0.54111E+02  0.19557E+03      298.00
  0.48075E-01  0.61444E+03   -0.39000E-01 -0.39000E-01  0.78000E-01  0.00000E+00  0.00000E+00  0.00000E+00   -0.31551E+03  0.62631E+02  0.25288E+03  0.31814E+02 -0.54192E+02  0.19542E+03      298.00
  0.48384E-01  0.61533E+03   -0.39250E-01 -0.39250E-01  0.78500E-01  0.00000E+00  0.00000E+00  0.00000E+00   -0.31591E+03  0.62579E+02  0.25334E+03  0.31809E+02 -0.54135E+02  0.19576E+03      298.00
  0.48693E-01  0.61628E+03   -0.39500E-01 -0.39500E-01  0.79000E-01  0.00000E+00  0.00000E+00  0.00000E+00   -0.31651E+03  0.62785E+02  0.25373E+03  0.31873E+02 -0.54339E+02  0.19591E+03      298.00
  0.49002E-01  0.61663E+03   -0.39750E-01 -0.39750E-01  0.79500E-01  0.00000E+00  0.00000E+00  0.00000E+00   -0.31661E+03  0.62601E+02  0.25401E+03  0.31853E+02 -0.54215E+02  0.19609E+03      298.00
  0.49311E-01  0.61755E+03   -0.40000E-01 -0.40000E-01  0.80000E-01  0.00000E+00  0.00000E+00  0.00000E+00   -0.31719E+03  0.62801E+02  0.25439E+03  0.31917E+02 -0.54417E+02  0.19623E+03      298.00
  0.49620E-01  0.61789E+03   -0.40250E-01 -0.40250E-01  0.80500E-01  0.00000E+00  0.00000E+00  0.00000E+00   -0.31728E+03  0.62618E+02  0.25467E+03  0.31899E+02 -0.54299E+02  0.19641E+03      298.00
  0.49929E-01  0.61878E+03   -0.40500E-01 -0.40500E-01  0.81000E-01  0.00000E+00  0.00000E+00  0.00000E+00   -0.31785E+03  0.62812E+02  0.25504E+03  0.31961E+02 -0.54496E+02  0.19654E+03      298.00
  0.50238E-01  0.61913E+03   -0.40750E-01 -0.40750E-01  0.81500E-01  0.00000E+00  0.00000E+00  0.00000E+00   -0.31794E+03  0.62629E+02  0.25532E+03  0.31944E+02 -0.54381E+02  0.19671E+03      298.00
  0.50547E-01  0.61999E+03   -0.41000E-01 -0.41000E-01  0.82000E-01  0.00000E+00  0.00000E+00  0.00000E+00   -0.31850E+03  0.62818E+02  0.25568E+03  0.32004E+02 -0.54572E+02  0.19684E+03      298.00
  0.50856E-01  0.62033E+03   -0.41250E-01 -0.41250E-01  0.82500E-01  0.00000E+00  0.00000E+00  0.00000E+00   -0.31859E+03  0.62634E+02  0.25596E+03  0.31988E+02 -0.54462E+02  0.19701E+03      298.00
  0.51166E-01  0.62117E+03   -0.41500E-01 -0.41500E-01  0.83000E-01  0.00000E+00  0.00000E+00  0.00000E+00   -0.31914E+03  0.62821E+02  0.25632E+03  0.32045E+02 -0.54647E+02  0.19712E+03      298.00
  0.51475E-01  0.62150E+03   -0.41750E-01 -0.41750E-01  0.83500E-01  0.00000E+00  0.00000E+00  0.00000E+00   -0.31922E+03  0.62635E+02  0.25659E+03  0.32031E+02 -0.54541E+02  0.19729E+03      298.00
  0.51785E-01  0.62232E+03   -0.42000E-01 -0.42000E-01  0.84000E-01  0.00000E+00  0.00000E+00  0.00000E+00   -0.31976E+03  0.62821E+02  0.25694E+03  0.32083E+02 -0.54718E+02  0.19739E+03      298.00
  0.52095E-01  0.62265E+03   -0.42250E-01 -0.42250E-01  0.84500E-01  0.00000E+00  0.00000E+00  0.00000E+00   -0.31984E+03  0.62630E+02  0.25721E+03  0.32074E+02 -0.54619E+02  0.19757E+03      298.00
  0.52404E-01  0.62344E+03   -0.42500E-01 -0.42500E-01  0.85000E-01  0.00000E+00  0.00000E+00  0.00000E+00   -0.32038E+03  0.62824E+02  0.25756E+03  0.32116E+02 -0.54781E+02  0.19764E+03      298.00
  0.52714E-01  0.62414E+03   -0.42750E-01 -0.42750E-01  0.85500E-01  0.00000E+00  0.00000E+00  0.00000E+00   -0.32077E+03  0.62888E+02  0.25789E+03  0.32175E+02 -0.54922E+02  0.19779E+03      298.00
  0.53024E-01  0.62471E+03   -0.43000E-01 -0.43000E-01  0.86000E-01  0.00000E+00  0.00000E+00  0.00000E+00   -0.32096E+03  0.62781E+02  0.25817E+03  0.32256E+02 -0.55051E+02  0.19803E+03      298.00
  0.53334E-01  0.62454E+03   -0.43250E-01 -0.43250E-01  0.86500E-01  0.00000E+00  0.00000E+00  0.00000E+00   -0.32097E+03  0.62712E+02  0.25826E+03  0.32124E+02 -0.54791E+02  0.19788E+03      298.00
  0.53644E-01  0.62561E+03   -0.43500E-01 -0.43500E-01  0.87000E-01  0.00000E+00  0.00000E+00  0.00000E+00   -0.32165E+03  0.62886E+02  0.25876E+03  0.32177E+02 -0.54927E+02  0.19805E+03      298.00
  0.53955E-01  0.62596E+03   -0.43750E-01 -0.43750E-01  0.87500E-01  0.00000E+00  0.00000E+00  0.00000E+00   -0.32165E+03  0.62629E+02  0.25902E+03  0.32198E+02 -0.54864E+02  0.19830E+03      298.00
  0.54265E-01  0.62652E+03   -0.44000E-01 -0.44000E-01  0.88000E-01  0.00000E+00  0.00000E+00  0.00000E+00   -0.32205E+03  0.62736E+02  0.25932E+03  0.32215E+02 -0.54947E+02  0.19833E+03      298.00
  0.54575E-01  0.62700E+03   -0.44250E-01 -0.44250E-01  0.88500E-01  0.00000E+00  0.00000E+00  0.00000E+00   -0.32222E+03  0.62607E+02  0.25961E+03  0.32235E+02 -0.54935E+02  0.19853E+03      298.00
  0.54886E-01  0.62770E+03   -0.44500E-01 -0.44500E-01  0.89000E-01  0.00000E+00  0.00000E+00  0.00000E+00   -0.32277E+03  0.62832E+02  0.25994E+03  0.32260E+02 -0.55081E+02  0.19853E+03      298.00
  0.55196E-01  0.62803E+03   -0.44750E-01 -0.44750E-01  0.89500E-01  0.00000E+00  0.00000E+00  0.00000E+00   -0.32278E+03  0.62582E+02  0.26019E+03  0.32274E+02 -0.55009E+02  0.19876E+03      298.00
  0.55507E-01  0.62871E+03   -0.45000E-01 -0.45000E-01  0.90000E-01  0.00000E+00  0.00000E+00  0.00000E+00   -0.32331E+03  0.62803E+02  0.26051E+03  0.32298E+02 -0.55153E+02  0.19875E+03      298.00
  0.55818E-01  0.62903E+03   -0.45250E-01 -0.45250E-01  0.90500E-01  0.00000E+00  0.00000E+00  0.00000E+00   -0.32332E+03  0.62551E+02  0.26077E+03  0.32312E+02 -0.55082E+02  0.19898E+03      298.00
  0.56129E-01  0.62969E+03   -0.45500E-01 -0.45500E-01  0.91000E-01  0.00000E+00  0.00000E+00  0.00000E+00   -0.32385E+03  0.62770E+02  0.26108E+03  0.32336E+02 -0.55226E+02  0.19896E+03      298.00
  0.56440E-01  0.63000E+03   -0.45750E-01 -0.45750E-01  0.91500E-01  0.00000E+00  0.00000E+00  0.00000E+00   -0.32385E+03  0.62516E+02  0.26133E+03  0.32349E+02 -0.55153E+02  0.19918E+03      298.00
  0.56751E-01  0.63065E+03   -0.46000E-01 -0.46000E-01  0.92000E-01  0.00000E+00  0.00000E+00  0.00000E+00   -0.32437E+03  0.62732E+02  0.26164E+03  0.32373E+02 -0.55297E+02  0.19916E+03      298.00
  0.57062E-01  0.63096E+03   -0.46250E-01 -0.46250E-01  0.92500E-01  0.00000E+00  0.00000E+00  0.00000E+00   -0.32437E+03  0.62478E+02  0.26189E+03  0.32386E+02 -0.55224E+02  0.19938E+03      298.00
  0.57373E-01  0.63159E+03   -0.46500E-01 -0.46500E-01  0.93000E-01  0.00000E+00  0.00000E+00  0.00000E+00   -0.32488E+03  0.62690E+02  0.26219E+03  0.32409E+02 -0.55368E+02  0.19935E+03      298.00
  0.57685E-01  0.63146E+03   -0.46750E-01 -0.46750E-01  0.93500E-01  0.00000E+00  0.00000E+00  0.00000E+00   -0.32473E+03  0.62566E+02  0.26216E+03  0.32405E+02 -0.55308E+02  0.19940E+03      298.00
  0.57996E-01  0.63230E+03   -0.47000E-01 -0.47000E-01  0.94000E-01  0.00000E+00  0.00000E+00  0.00000E+00   -0.32508E+03  0.62385E+02  0.26270E+03  0.32446E+02 -0.55328E+02  0.19966E+03      298.00
  0.58308E-01  0.63280E+03   -0.47250E-01 -0.47250E-01  0.94500E-01  0.00000E+00  0.00000E+00  0.00000E+00   -0.32546E+03  0.62497E+02  0.26297E+03  0.32457E+02 -0.55409E+02  0.19966E+03      298.00
  0.58619E-01  0.63323E+03   -0.47500E-01 -0.47500E-01  0.95000E-01  0.00000E+00  0.00000E+00  0.00000E+00   -0.32558E+03  0.62345E+02  0.26324E+03  0.32482E+02 -0.55405E+02  0.19985E+03      298.00
  0.58931E-01  0.63370E+03   -0.47750E-01 -0.47750E-01  0.95500E-01  0.00000E+00  0.00000E+00  0.00000E+00   -0.32596E+03  0.62455E+02  0.26351E+03  0.32490E+02 -0.55480E+02  0.19983E+03      298.00
  0.59243E-01  0.63368E+03   -0.48000E-01 -0.48000E-01  0.96000E-01  0.00000E+00  0.00000E+00  0.00000E+00   -0.32595E+03  0.62378E+02  0.26357E+03  0.32486E+02 -0.55467E+02  0.19978E+03      298.00
  0.59555E-01  0.63458E+03   -0.48250E-01 -0.48250E-01  0.96500E-01  0.00000E+00  0.00000E+00  0.00000E+00   -0.32644E+03  0.62407E+02  0.26404E+03  0.32522E+02 -0.55547E+02  0.20000E+03      298.00
  0.59867E-01  0.63455E+03   -0.48500E-01 -0.48500E-01  0.97000E-01  0.00000E+00  0.00000E+00  0.00000E+00   -0.32635E+03  0.62319E+02  0.26403E+03  0.32527E+02 -0.55519E+02  0.20006E+03      298.00
  0.60179E-01  0.63536E+03   -0.48750E-01 -0.48750E-01  0.97500E-01  0.00000E+00  0.00000E+00  0.00000E+00   -0.32675E+03  0.62201E+02  0.26455E+03  0.32566E+02 -0.55570E+02  0.20025E+03      298.00
  0.60491E-01  0.63595E+03   -0.49000E-01 -0.49000E-01  0.98000E-01  0.00000E+00  0.00000E+00  0.00000E+00   -0.32729E+03  0.62449E+02  0.26484E+03  0.32561E+02 -0.55680E+02  0.20017E+03      298.00
  0.60804E-01  0.63582E+03   -0.49250E-01 -0.49250E-01  0.98500E-01  0.00000E+00  0.00000E+00  0.00000E+00   -0.32712E+03  0.62308E+02  0.26481E+03  0.32571E+02 -0.55640E+02  0.20023E+03      298.00
  0.61116E-01  0.63658E+03   -0.49500E-01 -0.49500E-01  0.99000E-01  0.00000E+00  0.00000E+00  0.00000E+00   -0.32740E+03  0.62089E+02  0.26532E+03  0.32618E+02 -0.55665E+02  0.20049E+03      298.00
  0.61429E-01  0.63715E+03   -0.49750E-01 -0.49750E-01  0.99500E-01  0.00000E+00  0.00000E+00  0.00000E+00   -0.32795E+03  0.62342E+02  0.26561E+03  0.32601E+02 -0.55760E+02  0.20039E+03      298.00
  0.61741E-01  0.63702E+03   -0.50000E-01 -0.50000E-01  0.10000E+00  0.00000E+00  0.00000E+00  0.00000E+00   -0.32777E+03  0.62202E+02  0.26557E+03  0.32616E+02 -0.55729E+02  0.20045E+03      298.00
          Evm          Svm            E11          E22          E33          E23          E13          E12         SDEV11       SDEV22       SDEV33       SDEV23       SDEV13       SDEV12      TEMP
  0.61741E-01  0.63748E+03   -0.50000E-01 -0.50000E-01  0.10000E+00  0.00000E+00  0.00000E+00  0.00000E+00   -0.32791E+03  0.62056E+02  0.26585E+03  0.32645E+02 -0.55739E+02  0.20066E+03      298.00
  0.62054E-01  0.63748E+03   -0.50250E-01 -0.50250E-01  0.10050E+00  0.00000E+00  0.00000E+00  0.00000E+00   -0.32791E+03  0.62056E+02  0.26585E+03  0.32645E+02 -0.55739E+02  0.20066E+03      298.00
  0.62367E-01  0.63769E+03   -0.50500E-01 -0.50500E-01  0.10100E+00  0.00000E+00  0.00000E+00  0.00000E+00   -0.32814E+03  0.62034E+02  0.26611E+03  0.32660E+02 -0.55792E+02  0.20050E+03      298.00
  0.62680E-01  0.63868E+03   -0.50750E-01 -0.50750E-01  0.10150E+00  0.00000E+00  0.00000E+00  0.00000E+00   -0.32879E+03  0.62187E+02  0.26660E+03  0.32652E+02 -0.55863E+02  0.20065E+03      298.00
  0.62993E-01  0.63857E+03   -0.51000E-01 -0.51000E-01  0.10200E+00  0.00000E+00  0.00000E+00  0.00000E+00   -0.32862E+03  0.62055E+02  0.26657E+03  0.32672E+02 -0.55843E+02  0.20072E+03      298.00
  0.63306E-01  0.63884E+03   -0.51250E-01 -0.51250E-01  0.10250E+00  0.00000E+00  0.00000E+00  0.00000E+00   -0.32877E+03  0.61923E+02  0.26685E+03  0.32700E+02 -0.55874E+02  0.20069E+03      298.00
  0.63619E-01  0.63978E+03   -0.51500E-01 -0.51500E-01  0.10300E+00  0.00000E+00  0.00000E+00  0.00000E+00   -0.32940E+03  0.62068E+02  0.26733E+03  0.32687E+02 -0.55937E+02  0.20083E+03      298.00
  0.63933E-01  0.63968E+03   -0.51750E-01 -0.51750E-01  0.10350E+00  0.00000E+00  0.00000E+00  0.00000E+00   -0.32924E+03  0.61942E+02  0.26730E+03  0.32709E+02 -0.55923E+02  0.20089E+03      298.00
  0.64246E-01  0.63994E+03   -0.52000E-01 -0.52000E-01  0.10400E+00  0.00000E+00  0.00000E+00  0.00000E+00   -0.32939E+03  0.61811E+02  0.26758E+03  0.32737E+02 -0.55953E+02  0.20086E+03      298.00
  0.64560E-01  0.64083E+03   -0.52250E-01 -0.52250E-01  0.10450E+00  0.00000E+00  0.00000E+00  0.00000E+00   -0.32999E+03  0.61950E+02  0.26804E+03  0.32718E+02 -0.56008E+02  0.20098E+03      298.00
  0.64873E-01  0.64074E+03   -0.52500E-01 -0.52500E-01  0.10500E+00  0.00000E+00  0.00000E+00  0.00000E+00   -0.32984E+03  0.61828E+02  0.26801E+03  0.32742E+02 -0.55999E+02  0.20104E+03      298.00
  0.65187E-01  0.64100E+03   -0.52750E-01 -0.52750E-01  0.10550E+00  0.00000E+00  0.00000E+00  0.00000E+00   -0.32999E+03  0.61699E+02  0.26829E+03  0.32768E+02 -0.56027E+02  0.20101E+03      298.00
  0.65501E-01  0.64185E+03   -0.53000E-01 -0.53000E-01  0.10600E+00  0.00000E+00  0.00000E+00  0.00000E+00   -0.33057E+03  0.61831E+02  0.26874E+03  0.32743E+02 -0.56074E+02  0.20111E+03      298.00
  0.65815E-01  0.64176E+03   -0.53250E-01 -0.53250E-01  0.10650E+00  0.00000E+00  0.00000E+00  0.00000E+00   -0.33043E+03  0.61712E+02  0.26871E+03  0.32770E+02 -0.56071E+02  0.20117E+03      298.00
  0.66129E-01  0.64202E+03   -0.53500E-01 -0.53500E-01  0.10700E+00  0.00000E+00  0.00000E+00  0.00000E+00   -0.33058E+03  0.61585E+02  0.26900E+03  0.32794E+02 -0.56095E+02  0.20114E+03      298.00
  0.66443E-01  0.64282E+03   -0.53750E-01 -0.53750E-01  0.10750E+00  0.00000E+00  0.00000E+00  0.00000E+00   -0.33114E+03  0.61709E+02  0.26943E+03  0.32764E+02 -0.56133E+02  0.20121E+03      298.00
  0.66758E-01  0.64275E+03   -0.54000E-01 -0.54000E-01  0.10800E+00  0.00000E+00  0.00000E+00  0.00000E+00   -0.33100E+03  0.61592E+02  0.26940E+03  0.32794E+02 -0.56137E+02  0.20128E+03      298.00
  0.67072E-01  0.64299E+03   -0.54250E-01 -0.54250E-01  0.10850E+00  0.00000E+00  0.00000E+00  0.00000E+00   -0.33115E+03  0.61467E+02  0.26968E+03  0.32815E+02 -0.56157E+02  0.20124E+03      298.00
  0.67387E-01  0.64375E+03   -0.54500E-01 -0.54500E-01  0.10900E+00  0.00000E+00  0.00000E+00  0.00000E+00   -0.33169E+03  0.61585E+02  0.27010E+03  0.32780E+02 -0.56185E+02  0.20130E+03      298.00
  0.67701E-01  0.64369E+03   -0.54750E-01 -0.54750E-01  0.10950E+00  0.00000E+00  0.00000E+00  0.00000E+00   -0.33155E+03  0.61469E+02  0.27008E+03  0.32813E+02 -0.56196E+02  0.20138E+03      298.00
  0.68016E-01  0.64393E+03   -0.55000E-01 -0.55000E-01  0.11000E+00  0.00000E+00  0.00000E+00  0.00000E+00   -0.33170E+03  0.61346E+02  0.27036E+03  0.32830E+02 -0.56211E+02  0.20133E+03      298.00
  0.68331E-01  0.64407E+03   -0.55250E-01 -0.55250E-01  0.11050E+00  0.00000E+00  0.00000E+00  0.00000E+00   -0.33177E+03  0.61258E+02  0.27051E+03  0.32847E+02 -0.56250E+02  0.20132E+03      298.00
  0.68646E-01  0.64483E+03   -0.55500E-01 -0.55500E-01  0.11100E+00  0.00000E+00  0.00000E+00  0.00000E+00   -0.33213E+03  0.61183E+02  0.27094E+03  0.32868E+02 -0.56287E+02  0.20155E+03      298.00
  0.68961E-01  0.64521E+03   -0.55750E-01 -0.55750E-01  0.11150E+00  0.00000E+00  0.00000E+00  0.00000E+00   -0.33260E+03  0.61395E+02  0.27120E+03  0.32789E+02 -0.56258E+02  0.20138E+03      298.00
  0.69276E-01  0.64514E+03   -0.56000E-01 -0.56000E-01  0.11200E+00  0.00000E+00  0.00000E+00  0.00000E+00   -0.33244E+03  0.61265E+02  0.27117E+03  0.32832E+02 -0.56282E+02  0.20147E+03      298.00
  0.69591E-01  0.64541E+03   -0.56250E-01 -0.56250E-01  0.11250E+00  0.00000E+00  0.00000E+00  0.00000E+00   -0.33260E+03  0.61148E+02  0.27146E+03  0.32843E+02 -0.56296E+02  0.20143E+03      298.00
  0.69907E-01  0.64554E+03   -0.56500E-01 -0.56500E-01  0.11300E+00  0.00000E+00  0.00000E+00  0.00000E+00   -0.33267E+03  0.61059E+02  0.27161E+03  0.32854E+02 -0.56326E+02  0.20142E+03      298.00
  0.70222E-01  0.64629E+03   -0.56750E-01 -0.56750E-01  0.11350E+00  0.00000E+00  0.00000E+00  0.00000E+00   -0.33327E+03  0.61216E+02  0.27205E+03  0.32788E+02 -0.56295E+02  0.20142E+03      298.00
  0.70538E-01  0.64625E+03   -0.57000E-01 -0.57000E-01  0.11400E+00  0.00000E+00  0.00000E+00  0.00000E+00   -0.33312E+03  0.61087E+02  0.27203E+03  0.32836E+02 -0.56331E+02  0.20153E+03      298.00
  0.70854E-01  0.64649E+03   -0.57250E-01 -0.57250E-01  0.11450E+00  0.00000E+00  0.00000E+00  0.00000E+00   -0.33327E+03  0.60924E+02  0.27235E+03  0.32840E+02 -0.56333E+02  0.20146E+03      298.00
  0.71170E-01  0.64678E+03   -0.57500E-01 -0.57500E-01  0.11500E+00  0.00000E+00  0.00000E+00  0.00000E+00   -0.33331E+03  0.60865E+02  0.27245E+03  0.32876E+02 -0.56371E+02  0.20167E+03      298.00
  0.71486E-01  0.64694E+03   -0.57750E-01 -0.57750E-01  0.11550E+00  0.00000E+00  0.00000E+00  0.00000E+00   -0.33357E+03  0.60854E+02  0.27271E+03  0.32830E+02 -0.56312E+02  0.20146E+03      298.00
  0.71802E-01  0.64727E+03   -0.58000E-01 -0.58000E-01  0.11600E+00  0.00000E+00  0.00000E+00  0.00000E+00   -0.33364E+03  0.60781E+02  0.27286E+03  0.32862E+02 -0.56367E+02  0.20165E+03      298.00
  0.72118E-01  0.64743E+03   -0.58250E-01 -0.58250E-01  0.11650E+00  0.00000E+00  0.00000E+00  0.00000E+00   -0.33389E+03  0.60723E+02  0.27317E+03  0.32820E+02 -0.56318E+02  0.20145E+03      298.00
  0.72435E-01  0.64774E+03   -0.58500E-01 -0.58500E-01  0.11700E+00  0.00000E+00  0.00000E+00  0.00000E+00   -0.33395E+03  0.60690E+02  0.27327E+03  0.32850E+02 -0.56370E+02  0.20164E+03      298.00
  0.72751E-01  0.64789E+03   -0.58750E-01 -0.58750E-01  0.11750E+00  0.00000E+00  0.00000E+00  0.00000E+00   -0.33421E+03  0.60641E+02  0.27357E+03  0.32796E+02 -0.56294E+02  0.20141E+03      298.00
  0.73068E-01  0.64819E+03   -0.59000E-01 -0.59000E-01  0.11800E+00  0.00000E+00  0.00000E+00  0.00000E+00   -0.33428E+03  0.60612E+02  0.27367E+03  0.32823E+02 -0.56351E+02  0.20160E+03      298.00
  0.73384E-01  0.64834E+03   -0.59250E-01 -0.59250E-01  0.11850E+00  0.00000E+00  0.00000E+00  0.00000E+00   -0.33454E+03  0.60567E+02  0.27397E+03  0.32769E+02 -0.56275E+02  0.20137E+03      298.00
  0.73701E-01  0.64862E+03   -0.59500E-01 -0.59500E-01  0.11900E+00  0.00000E+00  0.00000E+00  0.00000E+00   -0.33460E+03  0.60535E+02  0.27407E+03  0.32794E+02 -0.56330E+02  0.20155E+03      298.00
  0.74018E-01  0.64905E+03   -0.59750E-01 -0.59750E-01  0.11950E+00  0.00000E+00  0.00000E+00  0.00000E+00   -0.33491E+03  0.60455E+02  0.27446E+03  0.32764E+02 -0.56310E+02  0.20150E+03      298.00
  0.74335E-01  0.64930E+03   -0.60000E-01 -0.60000E-01  0.12000E+00  0.00000E+00  0.00000E+00  0.00000E+00   -0.33500E+03  0.60459E+02  0.27454E+03  0.32775E+02 -0.56351E+02  0.20162E+03      298.00
  0.74652E-01  0.64947E+03   -0.60250E-01 -0.60250E-01  0.12050E+00  0.00000E+00  0.00000E+00  0.00000E+00   -0.33522E+03  0.60373E+02  0.27485E+03  0.32741E+02 -0.56309E+02  0.20145E+03      298.00
  0.74970E-01  0.64969E+03   -0.60500E-01 -0.60500E-01  0.12100E+00  0.00000E+00  0.00000E+00  0.00000E+00   -0.33528E+03  0.60361E+02  0.27492E+03  0.32761E+02 -0.56335E+02  0.20157E+03      298.00
  0.75287E-01  0.64971E+03   -0.60750E-01 -0.60750E-01  0.12150E+00  0.00000E+00  0.00000E+00  0.00000E+00   -0.33550E+03  0.60341E+02  0.27516E+03  0.32697E+02 -0.56333E+02  0.20126E+03      298.00
  0.75605E-01  0.64989E+03   -0.61000E-01 -0.61000E-01  0.12200E+00  0.00000E+00  0.00000E+00  0.00000E+00   -0.33549E+03  0.60263E+02  0.27523E+03  0.32732E+02 -0.56323E+02  0.20142E+03      298.00
  0.75922E-01  0.65012E+03   -0.61250E-01 -0.61250E-01  0.12250E+00  0.00000E+00  0.00000E+00  0.00000E+00   -0.33575E+03  0.60211E+02  0.27554E+03  0.32676E+02 -0.56338E+02  0.20125E+03      298.00
  0.76240E-01  0.65027E+03   -0.61500E-01 -0.61500E-01  0.12300E+00  0.00000E+00  0.00000E+00  0.00000E+00   -0.33573E+03  0.60128E+02  0.27561E+03  0.32719E+02 -0.56318E+02  0.20140E+03      298.00
  0.76558E-01  0.65049E+03   -0.61750E-01 -0.61750E-01  0.12350E+00  0.00000E+00  0.00000E+00  0.00000E+00   -0.33598E+03  0.60068E+02  0.27591E+03  0.32652E+02 -0.56320E+02  0.20124E+03      298.00
  0.76876E-01  0.65063E+03   -0.62000E-01 -0.62000E-01  0.12400E+00  0.00000E+00  0.00000E+00  0.00000E+00   -0.33597E+03  0.59989E+02  0.27598E+03  0.32699E+02 -0.56299E+02  0.20137E+03      298.00
  0.77194E-01  0.65082E+03   -0.62250E-01 -0.62250E-01  0.12450E+00  0.00000E+00  0.00000E+00  0.00000E+00   -0.33622E+03  0.59939E+02  0.27628E+03  0.32614E+02 -0.56275E+02  0.20119E+03      298.00
  0.77513E-01  0.65097E+03   -0.62500E-01 -0.62500E-01  0.12500E+00  0.00000E+00  0.00000E+00  0.00000E+00   -0.33621E+03  0.59866E+02  0.27634E+03  0.32666E+02 -0.56261E+02  0.20131E+03      298.00
