    STEP   AVACS   MODE1   MODE2   MODE3   MODE4
       1   6.000   0.465   0.535   0.000   0.000
       2   4.000   0.355   0.645   0.000   0.000
       3   5.000   0.203   0.733   0.064   0.000
       4   5.000   0.044   0.790   0.166   0.000
       5   6.000   0.000   0.768   0.232   0.000
       6   7.000   0.007   0.722   0.271   0.000
       7   8.000   0.077   0.622   0.301   0.000
       8  10.000   0.156   0.518   0.326   0.000
       9  10.000   0.230   0.422   0.349   0.000
      10   9.000   0.301   0.330   0.370   0.000
      11   8.000   0.372   0.238   0.390   0.000
      12   7.000   0.465   0.151   0.384   0.000
      13   8.000   0.585   0.120   0.295   0.000
      14   5.000   0.671   0.159   0.171   0.000
      15   5.000   0.755   0.245   0.000   0.000
      16   5.000   0.698   0.302   0.000   0.000
      17   6.000   0.634   0.366   0.000   0.000
      18   6.000   0.556   0.444   0.000   0.000
      19   6.000   0.465   0.535   0.000   0.000
      20   4.000   0.355   0.645   0.000   0.000
      21   6.000   0.240   0.760   0.000   0.000
      22   8.000   0.099   0.901   0.000   0.000
      23   7.000   0.000   1.000   0.000   0.000
      24   8.000   0.000   1.000   0.000   0.000
      25   9.000   0.000   1.000   0.000   0.000
      26   9.000   0.001   0.999   0.000   0.000
      27  10.000   0.058   0.942   0.000   0.000
      28  12.000   0.176   0.824   0.000   0.000
      29  12.000   0.293   0.707   0.000   0.000
      30  11.000   0.407   0.593   0.000   0.000
      31   8.000   0.520   0.480   0.000   0.000
      32   8.000   0.641   0.359   0.000   0.000
      33   5.000   0.755   0.245   0.000   0.000
      34   5.000   0.698   0.302   0.000   0.000
      35   6.000   0.634   0.366   0.000   0.000
      36   6.000   0.556   0.444   0.000   0.000
  STRAIN   AVACS   PRITW   SECTW   MODE1   MODE2   MODE3   MODE4   TWFR3   EFFR3   TWFR4   EFFR4
   0.000   6.000   0.000   0.000   0.465   0.535   0.000   0.000   0.000   0.000   0.000   0.000
   0.001   6.000   0.000   0.000   0.464   0.536   0.000   0.000   0.000   0.000   0.000   0.000
   0.001   6.000   0.000   0.000   0.464   0.536   0.000   0.000   0.000   0.000   0.000   0.000
   0.002   6.000   0.000   0.000   0.463   0.537   0.000   0.000   0.000   0.000   0.000   0.000
   0.002   6.000   0.000   0.000   0.462   0.538   0.000   0.000   0.000   0.000   0.000   0.000
   0.003   6.000   0.000   0.000   0.462   0.538   0.000   0.000   0.000   0.000   0.000   0.000
   0.003   6.000   0.000   0.000   0.461   0.539   0.000   0.000   0.000   0.000   0.000   0.000
   0.004   6.000   0.000   0.000   0.461   0.539   0.000   0.000   0.000   0.000   0.000   0.000
   0.004   6.000   0.000   0.000   0.460   0.540   0.000   0.000   0.000   0.000   0.000   0.000
   0.005   6.000   0.000   0.000   0.460   0.540   0.000   0.000   0.000   0.000   0.000   0.000
   0.005   6.000   0.000   0.000   0.459   0.541   0.000   0.000   0.000   0.000   0.000   0.000
   0.006   6.000   0.000   0.000   0.459   0.541   0.000   0.000   0.000   0.000   0.000   0.000
   0.006   6.000   0.000   0.000   0.458   0.542   0.000   0.000   0.000   0.000   0.000   0.000
   0.007   6.000   0.000   0.000   0.458   0.542   0.000   0.000   0.000   0.000   0.000   0.000
   0.007   6.000   0.000   0.000   0.458   0.542   0.000   0.000   0.000   0.000   0.000   0.000
   0.008   6.000   0.000   0.000   0.457   0.543   0.000   0.000   0.000   0.000   0.000   0.000
   0.008   6.000   0.000   0.000   0.457   0.543   0.000   0.000   0.000   0.000   0.000   0.000
   0.009   6.000   0.000   0.000   0.457   0.543   0.000   0.000   0.000   0.000   0.000   0.000
   0.009   6.000   0.000   0.000   0.456   0.544   0.000   0.000   0.000   0.000   0.000   0.000
   0.010   6.000   0.000   0.000   0.456   0.544   0.000   0.000   0.000   0.000   0.000   0.000
   0.010   6.000   0.000   0.000   0.456   0.544   0.000   0.000   0.000   0.000   0.000   0.000
   0.011   6.000   0.000   0.000   0.455   0.545   0.000   0.000   0.000   0.000   0.000   0.000
   0.011   6.000   0.000   0.000   0.455   0.545   0.000   0.000   0.000   0.000   0.000   0.000
   0.012   6.000   0.000   0.000   0.455   0.545   0.000   0.000   0.000   0.000   0.000   0.000
   0.012   6.000   0.000   0.000   0.454   0.546   0.000   0.000   0.000   0.000   0.000   0.000
   0.013   6.000   0.000   0.000   0.454   0.546   0.000   0.000   0.000   0.000   0.000   0.000
   0.013   6.000   0.000   0.000   0.454   0.546   0.000   0.000   0.000   0.000   0.000   0.000
   0.014   6.000   0.000   0.000   0.453   0.547   0.000   0.000   0.000   0.000   0.000   0.000
   0.014   6.000   0.000   0.000   0.453   0.547   0.000   0.000   0.000   0.000   0.000   0.000
   0.015   6.000   0.000   0.000   0.453   0.547   0.000   0.000   0.000   0.000   0.000   0.000
   0.015   6.000   0.000   0.000   0.453   0.547   0.000   0.000   0.000   0.000   0.000   0.000
   0.016   6.000   0.000   0.000   0.452   0.548   0.000   0.000   0.000   0.000   0.000   0.000
   0.016   6.000   0.000   0.000   0.452   0.548   0.000   0.000   0.000   0.000   0.000   0.000
   0.017   6.000   0.000   0.000   0.452   0.548   0.000   0.000   0.000   0.000   0.000   0.000
   0.017   6.000   0.000   0.000   0.452   0.548   0.000   0.000   0.000   0.000   0.000   0.000
   0.018   6.000   0.000   0.000   0.451   0.549   0.000   0.000   0.000   0.000   0.000   0.000
   0.018   6.000   0.000   0.000   0.451   0.549   0.000   0.000   0.000   0.000   0.000   0.000
   0.019   6.000   0.000   0.000   0.451   0.549   0.000   0.000   0.000   0.000   0.000   0.000
   0.019   6.000   0.000   0.000   0.450   0.550   0.000   0.000   0.000   0.000   0.000   0.000
   0.020   6.000   0.000   0.000   0.450   0.550   0.000   0.000   0.000   0.000   0.000   0.000
   0.020   6.000   0.000   0.000   0.450   0.550   0.000   0.000   0.000   0.000   0.000   0.000
   0.021   6.000   0.000   0.000   0.449   0.551   0.000   0.000   0.000   0.000   0.000   0.000
   0.021   6.000   0.000   0.000   0.449   0.551   0.000   0.000   0.000   0.000   0.000   0.000
   0.022   6.000   0.000   0.000   0.449   0.551   0.000   0.000   0.000   0.000   0.000   0.000
   0.022   6.000   0.000   0.000   0.449   0.551   0.000   0.000   0.000   0.000   0.000   0.000
   0.023   6.000   0.000   0.000   0.448   0.552   0.000   0.000   0.000   0.000   0.000   0.000
   0.023   6.000   0.000   0.000   0.448   0.552   0.000   0.000   0.000   0.000   0.000   0.000
   0.024   6.000   0.000   0.000   0.448   0.552   0.000   0.000   0.000   0.000   0.000   0.000
   0.024   6.000   0.000   0.000   0.447   0.553   0.000   0.000   0.000   0.000   0.000   0.000
   0.025   6.000   0.000   0.000   0.447   0.553   0.000   0.000   0.000   0.000   0.000   0.000
   0.025   6.000   0.000   0.000   0.447   0.553   0.000   0.000   0.000   0.000   0.000   0.000
    STEP   AVACS   MODE1   MODE2   MODE3   MODE4
       1   6.000   0.447   0.553   0.000   0.000
       2   6.000   0.339   0.661   0.000   0.000
       3   4.000   0.201   0.792   0.007   0.000
       4   5.000   0.045   0.852   0.103   0.000
       5   6.000   0.000   0.823   0.177   0.000
       6   6.000   0.043   0.736   0.221   0.000
       7   7.000   0.120   0.621   0.259   0.000
       8   7.000   0.190   0.518   0.292   0.000
       9   7.000   0.254   0.423   0.323   0.000
      10   7.000   0.316   0.332   0.352   0.000
      11   6.000   0.379   0.239   0.382   0.000
      12   5.000   0.464   0.146   0.390   0.000
      13   6.000   0.587   0.114   0.298   0.000
      14   4.000   0.667   0.159   0.174   0.000
      15   5.000   0.744   0.256   0.000   0.000
      16   7.000   0.681   0.319   0.000   0.000
      17   7.000   0.613   0.387   0.000   0.000
      18   6.000   0.536   0.464   0.000   0.000
      19   6.000   0.447   0.553   0.000   0.000
      20   6.000   0.339   0.661   0.000   0.000
      21   4.000   0.202   0.798   0.000   0.000
      22   4.000   0.063   0.932   0.000   0.005
      23   7.000   0.000   0.993   0.000   0.007
      24   7.000   0.000   0.993   0.000   0.007
      25   8.000   0.000   0.993   0.000   0.007
      26   8.000   0.000   0.993   0.000   0.007
      27  10.000   0.028   0.965   0.000   0.007
      28   9.000   0.140   0.853   0.000   0.007
      29   9.000   0.268   0.726   0.000   0.006
      30   9.000   0.389   0.606   0.000   0.006
      31   8.000   0.508   0.487   0.000   0.005
      32   7.000   0.632   0.365   0.000   0.003
      33   5.000   0.744   0.256   0.000   0.000
      34   7.000   0.681   0.319   0.000   0.000
      35   7.000   0.613   0.387   0.000   0.000
      36   6.000   0.536   0.464   0.000   0.000
  STRAIN   AVACS   PRITW   SECTW   MODE1   MODE2   MODE3   MODE4   TWFR3   EFFR3   TWFR4   EFFR4
   0.025   6.000   0.000   0.000   0.447   0.553   0.000   0.000   0.000   0.000   0.000   0.000
   0.026   6.000   0.000   0.000   0.447   0.553   0.000   0.000   0.000   0.000   0.000   0.000
   0.026   6.000   0.000   0.000   0.446   0.554   0.000   0.000   0.000   0.000   0.000   0.000
   0.027   6.000   0.000   0.000   0.446   0.554   0.000   0.000   0.000   0.000   0.000   0.000
   0.027   6.000   0.000   0.000   0.446   0.554   0.000   0.000   0.000   0.000   0.000   0.000
   0.028   6.000   0.000   0.000   0.446   0.554   0.000   0.000   0.000   0.000   0.000   0.000
   0.028   6.000   0.000   0.000   0.445   0.555   0.000   0.000   0.000   0.000   0.000   0.000
   0.029   6.000   0.000   0.000   0.445   0.555   0.000   0.000   0.000   0.000   0.000   0.000
   0.029   6.000   0.000   0.000   0.445   0.555   0.000   0.000   0.000   0.000   0.000   0.000
   0.030   6.000   0.000   0.000   0.444   0.556   0.000   0.000   0.000   0.000   0.000   0.000
   0.030   6.000   0.000   0.000   0.444   0.556   0.000   0.000   0.000   0.000   0.000   0.000
   0.031   6.000   0.000   0.000   0.444   0.556   0.000   0.000   0.000   0.000   0.000   0.000
   0.031   6.000   0.000   0.000   0.444   0.556   0.000   0.000   0.000   0.000   0.000   0.000
   0.032   6.000   0.000   0.000   0.443   0.557   0.000   0.000   0.000   0.000   0.000   0.000
   0.032   6.000   0.000   0.000   0.443   0.557   0.000   0.000   0.000   0.000   0.000   0.000
   0.033   6.000   0.000   0.000   0.443   0.557   0.000   0.000   0.000   0.000   0.000   0.000
   0.033   6.000   0.000   0.000   0.442   0.558   0.000   0.000   0.000   0.000   0.000   0.000
   0.034   6.000   0.000   0.000   0.442   0.558   0.000   0.000   0.000   0.000   0.000   0.000
   0.034   6.000   0.000   0.000   0.442   0.558   0.000   0.000   0.000   0.000   0.000   0.000
   0.035   6.000   0.000   0.000   0.442   0.558   0.000   0.000   0.000   0.000   0.000   0.000
   0.035   6.000   0.000   0.000   0.441   0.559   0.000   0.000   0.000   0.000   0.000   0.000
   0.036   6.000   0.000   0.000   0.441   0.559   0.000   0.000   0.000   0.000   0.000   0.000
   0.036   6.000   0.000   0.000   0.441   0.559   0.000   0.000   0.000   0.000   0.000   0.000
   0.037   6.000   0.000   0.000   0.440   0.560   0.000   0.000   0.000   0.000   0.000   0.000
   0.037   6.000   0.000   0.000   0.440   0.560   0.000   0.000   0.000   0.000   0.000   0.000
   0.038   6.000   0.000   0.000   0.440   0.560   0.000   0.000   0.000   0.000   0.000   0.000
   0.038   6.000   0.000   0.000   0.440   0.560   0.000   0.000   0.000   0.000   0.000   0.000
   0.039   6.000   0.000   0.000   0.439   0.561   0.000   0.000   0.000   0.000   0.000   0.000
   0.039   6.000   0.000   0.000   0.439   0.561   0.000   0.000   0.000   0.000   0.000   0.000
   0.040   6.000   0.000   0.000   0.439   0.561   0.000   0.000   0.000   0.000   0.000   0.000
   0.040   6.000   0.000   0.000   0.438   0.562   0.000   0.000   0.000   0.000   0.000   0.000
   0.041   6.000   0.000   0.000   0.438   0.562   0.000   0.000   0.000   0.000   0.000   0.000
   0.041   6.000   0.000   0.000   0.438   0.562   0.000   0.000   0.000   0.000   0.000   0.000
   0.042   6.000   0.000   0.000   0.438   0.562   0.000   0.000   0.000   0.000   0.000   0.000
   0.042   6.000   0.000   0.000   0.437   0.563   0.000   0.000   0.000   0.000   0.000   0.000
   0.043   6.000   0.000   0.000   0.437   0.563   0.000   0.000   0.000   0.000   0.000   0.000
   0.043   6.000   0.000   0.000   0.437   0.563   0.000   0.000   0.000   0.000   0.000   0.000
   0.044   6.000   0.000   0.000   0.436   0.564   0.000   0.000   0.000   0.000   0.000   0.000
   0.044   6.000   0.000   0.000   0.436   0.564   0.000   0.000   0.000   0.000   0.000   0.000
   0.045   6.000   0.000   0.000   0.436   0.564   0.000   0.000   0.000   0.000   0.000   0.000
   0.045   6.000   0.000   0.000   0.435   0.565   0.000   0.000   0.000   0.000   0.000   0.000
   0.046   6.000   0.000   0.000   0.435   0.565   0.000   0.000   0.000   0.000   0.000   0.000
   0.046   6.000   0.000   0.000   0.435   0.565   0.000   0.000   0.000   0.000   0.000   0.000
   0.047   6.000   0.000   0.000   0.435   0.565   0.000   0.000   0.000   0.000   0.000   0.000
   0.047   6.000   0.000   0.000   0.434   0.566   0.000   0.000   0.000   0.000   0.000   0.000
   0.048   6.000   0.000   0.000   0.434   0.566   0.000   0.000   0.000   0.000   0.000   0.000
   0.048   6.000   0.000   0.000   0.434   0.566   0.000   0.000   0.000   0.000   0.000   0.000
   0.049   6.000   0.000   0.000   0.433   0.567   0.000   0.000   0.000   0.000   0.000   0.000
   0.049   6.000   0.000   0.000   0.433   0.567   0.000   0.000   0.000   0.000   0.000   0.000
   0.050   6.000   0.000   0.000   0.433   0.567   0.000   0.000   0.000   0.000   0.000   0.000
   0.050   6.000   0.000   0.000   0.432   0.567   0.000   0.000   0.000   0.000   0.000   0.000
    STEP   AVACS   MODE1   MODE2   MODE3   MODE4
       1   6.000   0.433   0.567   0.000   0.000
       2   6.000   0.326   0.674   0.000   0.000
       3   4.000   0.191   0.809   0.000   0.000
       4   5.000   0.048   0.914   0.038   0.000
       5   5.000   0.016   0.874   0.111   0.000
       6   7.000   0.098   0.735   0.167   0.000
       7   7.000   0.168   0.619   0.213   0.000
       8   7.000   0.229   0.518   0.253   0.000
       9   7.000   0.285   0.426   0.289   0.000
      10   7.000   0.339   0.336   0.325   0.000
      11   6.000   0.394   0.244   0.363   0.000
      12   5.000   0.465   0.148   0.387   0.000
      13   6.000   0.589   0.113   0.299   0.000
      14   4.000   0.663   0.163   0.174   0.000
      15   5.000   0.736   0.264   0.000   0.000
      16   7.000   0.671   0.329   0.000   0.000
      17   7.000   0.601   0.399   0.000   0.000
      18   6.000   0.523   0.477   0.000   0.000
      19   6.000   0.433   0.567   0.000   0.000
      20   6.000   0.326   0.674   0.000   0.000
      21   4.000   0.191   0.808   0.000   0.000
      22   4.000   0.051   0.901   0.000   0.048
      23   7.000   0.000   0.918   0.000   0.082
      24   9.000   0.000   0.911   0.000   0.089
      25  10.000   0.000   0.910   0.000   0.090
      26  10.000   0.003   0.908   0.000   0.089
      27  11.000   0.054   0.853   0.000   0.093
      28  12.000   0.159   0.746   0.000   0.095
      29  11.000   0.281   0.628   0.000   0.091
      30  11.000   0.398   0.519   0.000   0.082
      31  10.000   0.514   0.417   0.000   0.069
      32   7.000   0.634   0.321   0.000   0.045
      33   5.000   0.736   0.264   0.000   0.000
      34   7.000   0.671   0.329   0.000   0.000
      35   7.000   0.601   0.399   0.000   0.000
      36   6.000   0.523   0.477   0.000   0.000
  STRAIN   AVACS   PRITW   SECTW   MODE1   MODE2   MODE3   MODE4   TWFR3   EFFR3   TWFR4   EFFR4
   0.050   6.000   0.000   0.000   0.433   0.567   0.000   0.000   0.000   0.000   0.000   0.000
   0.051   6.000   0.000   0.000   0.432   0.568   0.000   0.000   0.000   0.000   0.000   0.000
   0.051   6.000   0.000   0.000   0.432   0.568   0.000   0.000   0.000   0.000   0.000   0.000
   0.052   6.000   0.000   0.000   0.432   0.568   0.000   0.000   0.000   0.000   0.000   0.000
   0.052   6.000   0.000   0.000   0.431   0.569   0.000   0.000   0.000   0.000   0.000   0.000
   0.053   6.000   0.000   0.000   0.431   0.569   0.000   0.000   0.000   0.000   0.000   0.000
   0.053   6.000   0.000   0.000   0.431   0.569   0.000   0.000   0.000   0.000   0.000   0.000
   0.054   6.000   0.000   0.000   0.430   0.570   0.000   0.000   0.000   0.000   0.000   0.000
   0.054   6.000   0.000   0.000   0.430   0.570   0.000   0.000   0.000   0.000   0.000   0.000
   0.055   6.000   0.000   0.000   0.430   0.570   0.000   0.000   0.000   0.000   0.000   0.000
   0.055   6.000   0.000   0.000   0.430   0.570   0.000   0.000   0.000   0.000   0.000   0.000
   0.056   6.000   0.000   0.000   0.429   0.571   0.000   0.000   0.000   0.000   0.000   0.000
   0.056   6.000   0.000   0.000   0.429   0.571   0.000   0.000   0.000   0.000   0.000   0.000
   0.057   6.000   0.000   0.000   0.429   0.571   0.000   0.000   0.000   0.000   0.000   0.000
   0.057   6.000   0.000   0.000   0.429   0.571   0.000   0.000   0.000   0.000   0.000   0.000
   0.058   6.000   0.000   0.000   0.428   0.572   0.000   0.000   0.000   0.000   0.000   0.000
   0.058   6.000   0.000   0.000   0.428   0.572   0.000   0.000   0.000   0.000   0.000   0.000
   0.059   6.000   0.000   0.000   0.427   0.573   0.000   0.000   0.000   0.000   0.000   0.000
   0.059   6.000   0.000   0.000   0.427   0.573   0.000   0.000   0.000   0.000   0.000   0.000
   0.060   6.000   0.000   0.000   0.427   0.573   0.000   0.000   0.000   0.000   0.000   0.000
   0.060   6.000   0.000   0.000   0.427   0.573   0.000   0.000   0.000   0.000   0.000   0.000
   0.061   6.000   0.000   0.000   0.426   0.574   0.000   0.000   0.000   0.000   0.000   0.000
   0.061   6.000   0.000   0.000   0.426   0.574   0.000   0.000   0.000   0.000   0.000   0.000
   0.062   6.000   0.000   0.000   0.426   0.574   0.000   0.000   0.000   0.000   0.000   0.000
   0.062   6.000   0.000   0.000   0.425   0.575   0.000   0.000   0.000   0.000   0.000   0.000
   0.063   6.000   0.000   0.000   0.425   0.575   0.000   0.000   0.000   0.000   0.000   0.000
   0.063   6.000   0.000   0.000   0.425   0.575   0.000   0.000   0.000   0.000   0.000   0.000
   0.064   6.000   0.000   0.000   0.425   0.575   0.000   0.000   0.000   0.000   0.000   0.000
   0.064   6.000   0.000   0.000   0.424   0.576   0.000   0.000   0.000   0.000   0.000   0.000
   0.065   6.000   0.000   0.000   0.424   0.576   0.000   0.000   0.000   0.000   0.000   0.000
   0.065   6.000   0.000   0.000   0.424   0.576   0.000   0.000   0.000   0.000   0.000   0.000
   0.066   6.000   0.000   0.000   0.423   0.577   0.000   0.000   0.000   0.000   0.000   0.000
   0.066   6.000   0.000   0.000   0.423   0.577   0.000   0.000   0.000   0.000   0.000   0.000
   0.067   6.000   0.000   0.000   0.423   0.577   0.000   0.000   0.000   0.000   0.000   0.000
   0.067   6.000   0.000   0.000   0.422   0.577   0.000   0.000   0.000   0.000   0.000   0.000
   0.068   6.000   0.000   0.000   0.422   0.578   0.000   0.000   0.000   0.000   0.000   0.000
   0.068   6.000   0.000   0.000   0.422   0.578   0.000   0.000   0.000   0.000   0.000   0.000
   0.069   6.000   0.000   0.000   0.422   0.578   0.000   0.000   0.000   0.000   0.000   0.000
   0.069   6.000   0.000   0.000   0.421   0.579   0.000   0.000   0.000   0.000   0.000   0.000
   0.070   6.000   0.000   0.000   0.421   0.579   0.000   0.000   0.000   0.000   0.000   0.000
   0.070   6.000   0.000   0.000   0.421   0.579   0.000   0.000   0.000   0.000   0.000   0.000
   0.071   6.000   0.000   0.000   0.420   0.580   0.000   0.000   0.000   0.000   0.000   0.000
   0.071   6.000   0.000   0.000   0.420   0.580   0.000   0.000   0.000   0.000   0.000   0.000
   0.072   6.000   0.000   0.000   0.420   0.580   0.000   0.000   0.000   0.000   0.000   0.000
   0.072   6.000   0.000   0.000   0.419   0.581   0.000   0.000   0.000   0.000   0.000   0.000
   0.073   6.000   0.000   0.000   0.419   0.581   0.000   0.000   0.000   0.000   0.000   0.000
   0.073   6.000   0.000   0.000   0.419   0.581   0.000   0.000   0.000   0.000   0.000   0.000
   0.074   6.000   0.000   0.000   0.419   0.581   0.000   0.000   0.000   0.000   0.000   0.000
   0.074   6.000   0.000   0.000   0.418   0.582   0.000   0.000   0.000   0.000   0.000   0.000
   0.075   6.000   0.000   0.000   0.418   0.582   0.000   0.000   0.000   0.000   0.000   0.000
   0.075   6.000   0.000   0.000   0.418   0.582   0.000   0.000   0.000   0.000   0.000   0.000
    STEP   AVACS   MODE1   MODE2   MODE3   MODE4
       1   6.000   0.417   0.582   0.000   0.000
       2   6.000   0.312   0.688   0.000   0.000
       3   5.000   0.181   0.819   0.000   0.000
       4   2.000   0.045   0.954   0.001   0.000
       5   6.000   0.055   0.893   0.052   0.000
       6   7.000   0.134   0.752   0.114   0.000
       7   7.000   0.198   0.636   0.166   0.000
       8   7.000   0.253   0.535   0.212   0.000
       9   7.000   0.304   0.441   0.255   0.000
      10   7.000   0.353   0.349   0.297   0.000
      11   6.000   0.404   0.254   0.342   0.000
      12   5.000   0.465   0.152   0.383   0.000
      13   6.000   0.589   0.113   0.298   0.000
      14   4.000   0.660   0.167   0.173   0.000
      15   5.000   0.727   0.273   0.000   0.000
      16   7.000   0.659   0.341   0.000   0.000
      17   7.000   0.587   0.413   0.000   0.000
      18   6.000   0.507   0.493   0.000   0.000
      19   6.000   0.418   0.582   0.000   0.000
      20   6.000   0.312   0.688   0.000   0.000
      21   5.000   0.181   0.819   0.000   0.000
      22   2.000   0.042   0.953   0.000   0.005
      23   6.000   0.000   0.939   0.000   0.061
      24   6.000   0.000   0.866   0.000   0.134
      25   8.000   0.002   0.841   0.000   0.157
      26  10.000   0.032   0.794   0.000   0.174
      27  11.000   0.081   0.728   0.000   0.191
      28  11.000   0.174   0.620   0.000   0.206
      29  13.000   0.290   0.501   0.000   0.209
      30  11.000   0.404   0.397   0.000   0.199
      31  10.000   0.518   0.312   0.000   0.170
      32   8.000   0.635   0.260   0.000   0.105
      33   5.000   0.727   0.273   0.000   0.000
      34   7.000   0.659   0.341   0.000   0.000
      35   7.000   0.587   0.413   0.000   0.000
      36   6.000   0.507   0.493   0.000   0.000
  STRAIN   AVACS   PRITW   SECTW   MODE1   MODE2   MODE3   MODE4   TWFR3   EFFR3   TWFR4   EFFR4
   0.075   6.000   0.000   0.000   0.418   0.582   0.000   0.000   0.000   0.000   0.000   0.000
   0.076   6.000   0.000   0.000   0.417   0.583   0.000   0.000   0.000   0.000   0.000   0.000
   0.076   6.000   0.000   0.000   0.417   0.583   0.000   0.000   0.000   0.000   0.000   0.000
   0.077   6.000   0.000   0.000   0.417   0.583   0.000   0.000   0.000   0.000   0.000   0.000
   0.077   6.000   0.000   0.000   0.416   0.584   0.000   0.000   0.000   0.000   0.000   0.000
   0.078   6.000   0.000   0.000   0.416   0.584   0.000   0.000   0.000   0.000   0.000   0.000
   0.078   6.000   0.000   0.000   0.416   0.584   0.000   0.000   0.000   0.000   0.000   0.000
   0.079   6.000   0.000   0.000   0.416   0.584   0.000   0.000   0.000   0.000   0.000   0.000
   0.079   6.000   0.000   0.000   0.415   0.585   0.000   0.000   0.000   0.000   0.000   0.000
   0.080   6.000   0.000   0.000   0.415   0.585   0.000   0.000   0.000   0.000   0.000   0.000
   0.080   6.000   0.000   0.000   0.415   0.585   0.000   0.000   0.000   0.000   0.000   0.000
   0.081   6.000   0.000   0.000   0.414   0.586   0.000   0.000   0.000   0.000   0.000   0.000
   0.081   6.000   0.000   0.000   0.414   0.586   0.000   0.000   0.000   0.000   0.000   0.000
   0.082   6.000   0.000   0.000   0.414   0.586   0.000   0.000   0.000   0.000   0.000   0.000
   0.082   6.000   0.000   0.000   0.413   0.587   0.000   0.000   0.000   0.000   0.000   0.000
   0.083   6.000   0.000   0.000   0.413   0.587   0.000   0.000   0.000   0.000   0.000   0.000
   0.083   6.000   0.000   0.000   0.413   0.587   0.000   0.000   0.000   0.000   0.000   0.000
   0.084   6.000   0.000   0.000   0.412   0.588   0.000   0.000   0.000   0.000   0.000   0.000
   0.084   6.000   0.000   0.000   0.412   0.588   0.000   0.000   0.000   0.000   0.000   0.000
   0.085   6.000   0.000   0.000   0.411   0.589   0.000   0.000   0.000   0.000   0.000   0.000
   0.085   6.000   0.000   0.000   0.411   0.589   0.000   0.000   0.000   0.000   0.000   0.000
   0.086   6.000   0.000   0.000   0.411   0.589   0.000   0.000   0.000   0.000   0.000   0.000
   0.086   6.000   0.000   0.000   0.411   0.589   0.000   0.000   0.000   0.000   0.000   0.000
   0.087   6.000   0.000   0.000   0.410   0.589   0.000   0.000   0.000   0.000   0.000   0.000
   0.087   6.000   0.000   0.000   0.410   0.590   0.000   0.000   0.000   0.000   0.000   0.000
   0.088   6.000   0.000   0.000   0.410   0.590   0.000   0.000   0.000   0.000   0.000   0.000
   0.088   6.000   0.000   0.000   0.409   0.591   0.000   0.000   0.000   0.000   0.000   0.000
   0.089   6.000   0.000   0.000   0.409   0.591   0.000   0.000   0.000   0.000   0.000   0.000
   0.089   6.000   0.000   0.000   0.409   0.591   0.000   0.000   0.000   0.000   0.000   0.000
   0.090   6.000   0.000   0.000   0.408   0.592   0.000   0.000   0.000   0.000   0.000   0.000
   0.090   6.000   0.000   0.000   0.408   0.592   0.000   0.000   0.000   0.000   0.000   0.000
   0.091   6.000   0.000   0.000   0.408   0.592   0.000   0.000   0.000   0.000   0.000   0.000
   0.091   6.000   0.000   0.000   0.407   0.593   0.000   0.000   0.000   0.000   0.000   0.000
   0.092   6.000   0.000   0.000   0.407   0.593   0.000   0.000   0.000   0.000   0.000   0.000
   0.092   6.000   0.000   0.000   0.407   0.593   0.000   0.000   0.000   0.000   0.000   0.000
   0.093   6.000   0.000   0.000   0.407   0.593   0.000   0.000   0.000   0.000   0.000   0.000
   0.093   6.000   0.000   0.000   0.406   0.594   0.000   0.000   0.000   0.000   0.000   0.000
   0.094   6.000   0.000   0.000   0.406   0.594   0.000   0.000   0.000   0.000   0.000   0.000
   0.094   6.000   0.000   0.000   0.406   0.594   0.000   0.000   0.000   0.000   0.000   0.000
   0.095   6.000   0.000   0.000   0.405   0.594   0.000   0.000   0.000   0.000   0.000   0.000
   0.095   6.000   0.000   0.000   0.405   0.595   0.000   0.000   0.000   0.000   0.000   0.000
   0.096   6.000   0.000   0.000   0.405   0.595   0.000   0.000   0.000   0.000   0.000   0.000
   0.096   6.000   0.000   0.000   0.405   0.595   0.000   0.000   0.000   0.000   0.000   0.000
   0.097   6.000   0.000   0.000   0.404   0.596   0.000   0.000   0.000   0.000   0.000   0.000
   0.097   6.000   0.000   0.000   0.404   0.596   0.000   0.000   0.000   0.000   0.000   0.000
   0.098   6.000   0.000   0.000   0.403   0.596   0.000   0.000   0.000   0.000   0.000   0.000
   0.098   6.000   0.000   0.000   0.403   0.597   0.000   0.000   0.000   0.000   0.000   0.000
   0.099   6.000   0.000   0.000   0.403   0.597   0.000   0.000   0.000   0.000   0.000   0.000
   0.099   6.000   0.000   0.000   0.402   0.598   0.000   0.000   0.000   0.000   0.000   0.000
   0.100   6.000   0.000   0.000   0.402   0.598   0.000   0.000   0.000   0.000   0.000   0.000
   0.100   6.000   0.000   0.000   0.402   0.598   0.000   0.000   0.000   0.000   0.000   0.000
    STEP   AVACS   MODE1   MODE2   MODE3   MODE4
       1   6.000   0.402   0.598   0.000   0.000
       2   6.000   0.298   0.701   0.000   0.000
       3   6.000   0.171   0.829   0.000   0.000
       4   3.000   0.029   0.970   0.000   0.000
       5   5.000   0.076   0.907   0.016   0.000
       6   6.000   0.160   0.774   0.066   0.000
       7   7.000   0.220   0.659   0.121   0.000
       8   7.000   0.272   0.557   0.172   0.000
       9   7.000   0.319   0.461   0.220   0.000
      10   7.000   0.365   0.366   0.269   0.000
      11   6.000   0.412   0.267   0.322   0.000
      12   4.000   0.465   0.157   0.378   0.000
      13   6.000   0.589   0.113   0.298   0.000
      14   4.000   0.659   0.174   0.167   0.000
      15   6.000   0.717   0.283   0.001   0.000
      16   7.000   0.646   0.354   0.000   0.000
      17   7.000   0.571   0.429   0.000   0.000
      18   6.000   0.491   0.509   0.000   0.000
      19   6.000   0.402   0.598   0.000   0.000
      20   6.000   0.298   0.701   0.000   0.000
      21   6.000   0.171   0.829   0.000   0.000
      22   3.000   0.026   0.968   0.000   0.006
      23   5.000   0.084   0.914   0.000   0.002
      24   5.000   0.044   0.934   0.000   0.022
      25   7.000   0.022   0.871   0.000   0.107
      26   8.000   0.055   0.786   0.000   0.159
      27  10.000   0.097   0.712   0.000   0.191
      28  10.000   0.181   0.599   0.000   0.220
      29  10.000   0.293   0.468   0.000   0.238
      30  11.000   0.405   0.358   0.000   0.237
      31  10.000   0.517   0.276   0.000   0.207
      32   6.000   0.631   0.246   0.000   0.122
      33   6.000   0.717   0.282   0.000   0.000
      34   7.000   0.646   0.354   0.000   0.000
      35   7.000   0.571   0.428   0.000   0.000
      36   6.000   0.491   0.509   0.000   0.000
  STRAIN   AVACS   PRITW   SECTW   MODE1   MODE2   MODE3   MODE4   TWFR3   EFFR3   TWFR4   EFFR4
   0.100   6.000   0.000   0.000   0.402   0.598   0.000   0.000   0.000   0.000   0.000   0.000
   0.101   6.000   0.000   0.000   0.402   0.598   0.000   0.000   0.000   0.000   0.000   0.000
   0.101   6.000   0.000   0.000   0.401   0.599   0.000   0.000   0.000   0.000   0.000   0.000
   0.102   6.000   0.000   0.000   0.401   0.599   0.000   0.000   0.000   0.000   0.000   0.000
   0.102   6.000   0.000   0.000   0.401   0.599   0.000   0.000   0.000   0.000   0.000   0.000
   0.103   6.000   0.000   0.000   0.400   0.600   0.000   0.000   0.000   0.000   0.000   0.000
   0.103   6.000   0.000   0.000   0.400   0.600   0.000   0.000   0.000   0.000   0.000   0.000
   0.104   6.000   0.000   0.000   0.400   0.600   0.000   0.000   0.000   0.000   0.000   0.000
   0.104   6.000   0.000   0.000   0.399   0.601   0.000   0.000   0.000   0.000   0.000   0.000
   0.105   6.000   0.000   0.000   0.399   0.601   0.000   0.000   0.000   0.000   0.000   0.000
   0.105   6.000   0.000   0.000   0.399   0.601   0.000   0.000   0.000   0.000   0.000   0.000
   0.106   6.000   0.000   0.000   0.398   0.602   0.000   0.000   0.000   0.000   0.000   0.000
   0.106   6.000   0.000   0.000   0.398   0.602   0.000   0.000   0.000   0.000   0.000   0.000
   0.107   6.000   0.000   0.000   0.398   0.602   0.000   0.000   0.000   0.000   0.000   0.000
   0.107   6.000   0.000   0.000   0.397   0.603   0.000   0.000   0.000   0.000   0.000   0.000
   0.108   6.000   0.000   0.000   0.397   0.603   0.000   0.000   0.000   0.000   0.000   0.000
   0.108   6.000   0.000   0.000   0.397   0.603   0.000   0.000   0.000   0.000   0.000   0.000
   0.109   6.000   0.000   0.000   0.396   0.604   0.000   0.000   0.000   0.000   0.000   0.000
   0.109   6.000   0.000   0.000   0.396   0.604   0.000   0.000   0.000   0.000   0.000   0.000
   0.110   6.000   0.000   0.000   0.396   0.604   0.000   0.000   0.000   0.000   0.000   0.000
   0.110   6.000   0.000   0.000   0.395   0.604   0.000   0.000   0.000   0.000   0.000   0.000
   0.111   6.000   0.000   0.000   0.395   0.605   0.000   0.000   0.000   0.000   0.000   0.000
   0.111   6.000   0.000   0.000   0.395   0.605   0.000   0.000   0.000   0.000   0.000   0.000
   0.112   6.000   0.000   0.000   0.395   0.605   0.000   0.000   0.000   0.000   0.000   0.000
   0.112   6.000   0.000   0.000   0.394   0.606   0.000   0.000   0.000   0.000   0.000   0.000
   0.113   6.000   0.000   0.000   0.394   0.606   0.000   0.000   0.000   0.000   0.000   0.000
   0.113   6.000   0.000   0.000   0.394   0.606   0.000   0.000   0.000   0.000   0.000   0.000
   0.114   6.000   0.000   0.000   0.393   0.607   0.000   0.000   0.000   0.000   0.000   0.000
   0.114   6.000   0.000   0.000   0.393   0.607   0.000   0.000   0.000   0.000   0.000   0.000
   0.115   6.000   0.000   0.000   0.393   0.607   0.000   0.000   0.000   0.000   0.000   0.000
   0.115   6.000   0.000   0.000   0.392   0.608   0.000   0.000   0.000   0.000   0.000   0.000
   0.116   6.000   0.000   0.000   0.392   0.608   0.000   0.000   0.000   0.000   0.000   0.000
   0.116   6.000   0.000   0.000   0.392   0.608   0.000   0.000   0.000   0.000   0.000   0.000
   0.117   6.000   0.000   0.000   0.391   0.609   0.000   0.000   0.000   0.000   0.000   0.000
   0.117   6.000   0.000   0.000   0.391   0.609   0.000   0.000   0.000   0.000   0.000   0.000
   0.118   6.000   0.000   0.000   0.391   0.609   0.000   0.000   0.000   0.000   0.000   0.000
   0.118   6.000   0.000   0.000   0.390   0.610   0.000   0.000   0.000   0.000   0.000   0.000
   0.119   6.000   0.000   0.000   0.390   0.610   0.000   0.000   0.000   0.000   0.000   0.000
   0.119   6.000   0.000   0.000   0.390   0.610   0.000   0.000   0.000   0.000   0.000   0.000
   0.120   6.000   0.000   0.000   0.389   0.611   0.000   0.000   0.000   0.000   0.000   0.000
   0.120   6.000   0.000   0.000   0.389   0.611   0.000   0.000   0.000   0.000   0.000   0.000
   0.121   6.000   0.000   0.000   0.389   0.611   0.000   0.000   0.000   0.000   0.000   0.000
   0.121   6.000   0.000   0.000   0.388   0.612   0.000   0.000   0.000   0.000   0.000   0.000
   0.122   6.000   0.000   0.000   0.388   0.612   0.000   0.000   0.000   0.000   0.000   0.000
   0.122   6.000   0.000   0.000   0.388   0.612   0.000   0.000   0.000   0.000   0.000   0.000
   0.123   6.000   0.000   0.000   0.387   0.613   0.000   0.000   0.000   0.000   0.000   0.000
   0.123   6.000   0.000   0.000   0.387   0.613   0.000   0.000   0.000   0.000   0.000   0.000
   0.124   6.000   0.000   0.000   0.387   0.613   0.000   0.000   0.000   0.000   0.000   0.000
   0.124   6.000   0.000   0.000   0.386   0.613   0.000   0.000   0.000   0.000   0.000   0.000
   0.125   6.000   0.000   0.000   0.386   0.614   0.000   0.000   0.000   0.000   0.000   0.000
   0.125   6.000   0.000   0.000   0.386   0.614   0.000   0.000   0.000   0.000   0.000   0.000
    STEP   AVACS   MODE1   MODE2   MODE3   MODE4
       1   6.000   0.386   0.614   0.000   0.000
       2   6.000   0.284   0.716   0.000   0.000
       3   6.000   0.160   0.840   0.000   0.000
       4   3.000   0.014   0.986   0.000   0.000
       5   6.000   0.075   0.918   0.006   0.000
       6   6.000   0.173   0.797   0.031   0.000
       7   7.000   0.236   0.685   0.078   0.000
       8   7.000   0.286   0.582   0.132   0.000
       9   7.000   0.331   0.484   0.185   0.000
      10   7.000   0.374   0.386   0.240   0.000
      11   7.000   0.419   0.281   0.300   0.000
      12   4.000   0.468   0.163   0.369   0.000
      13   6.000   0.588   0.113   0.298   0.000
      14   5.000   0.657   0.181   0.161   0.000
      15   6.000   0.705   0.293   0.001   0.000
      16   7.000   0.631   0.369   0.000   0.000
      17   7.000   0.555   0.445   0.000   0.000
      18   7.000   0.474   0.526   0.000   0.000
      19   6.000   0.386   0.614   0.000   0.000
      20   6.000   0.284   0.716   0.000   0.000
      21   6.000   0.160   0.840   0.000   0.000
      22   3.000   0.012   0.984   0.000   0.004
      23   6.000   0.079   0.920   0.000   0.001
      24   5.000   0.185   0.813   0.000   0.002
      25   5.000   0.100   0.883   0.000   0.017
      26   7.000   0.070   0.839   0.000   0.090
      27   8.000   0.105   0.755   0.000   0.140
      28  10.000   0.179   0.640   0.000   0.181
      29   9.000   0.292   0.498   0.000   0.210
      30  10.000   0.403   0.381   0.000   0.216
      31  10.000   0.513   0.295   0.000   0.192
      32   7.000   0.625   0.264   0.000   0.111
      33   6.000   0.706   0.293   0.000   0.000
      34   7.000   0.631   0.369   0.000   0.000
      35   7.000   0.555   0.445   0.000   0.000
      36   7.000   0.474   0.526   0.000   0.000
