TEXTURE AT STRAIN =    0.0250
   0.988   1.025   0.988  <-- length of phase ellipsoid axes
  164.77   90.00 -180.00  <-- Euler angles (deg) of phase ellipsoid axes
B         1
  179.56  104.90  -97.25   1.0000000
TEXTURE AT STRAIN =    0.0500
   0.975   1.051   0.975  <-- length of phase ellipsoid axes
  174.67   90.00  180.00  <-- Euler angles (deg) of phase ellipsoid axes
B         1
  179.70  105.75  -97.52   1.0000000
TEXTURE AT STRAIN =    0.0750
   0.963   1.078   0.963  <-- length of phase ellipsoid axes
  173.40   90.00  180.00  <-- Euler angles (deg) of phase ellipsoid axes
B         1
  179.85  106.64  -97.80   1.0000000
TEXTURE AT STRAIN =    0.1000
   0.951   1.105   0.951  <-- length of phase ellipsoid axes
  164.93   90.00 -180.00  <-- Euler angles (deg) of phase ellipsoid axes
B         1
 -179.99  107.58  -98.07   1.0000000
TEXTURE AT STRAIN =    0.1250
   0.939   1.133   0.939  <-- length of phase ellipsoid axes
  167.08   90.00 -180.00  <-- Euler angles (deg) of phase ellipsoid axes
B         1
 -179.82  108.58  -98.36   1.0000000
