    STEP   AVACS   MODE1   MODE2   MODE3   MODE4
       1   6.000   0.529   0.421   0.050   0.000
       2   3.000   0.535   0.465   0.000   0.000
       3   4.000   0.536   0.464   0.000   0.000
       4   6.000   0.522   0.478   0.000   0.000
       5   6.000   0.459   0.541   0.000   0.000
       6   5.000   0.382   0.618   0.000   0.000
       7   5.000   0.318   0.682   0.000   0.000
       8   7.000   0.266   0.734   0.000   0.000
       9   6.000   0.206   0.794   0.000   0.000
      10   5.000   0.137   0.863   0.000   0.000
      11   5.000   0.056   0.944   0.000   0.000
      12   5.000   0.039   0.961   0.000   0.000
      13   4.000   0.135   0.865   0.000   0.000
      14   4.000   0.230   0.770   0.000   0.000
      15   5.000   0.328   0.672   0.000   0.000
      16   4.000   0.438   0.562   0.000   0.000
      17   6.000   0.451   0.549   0.000   0.000
      18   7.000   0.463   0.537   0.000   0.000
      19   5.000   0.503   0.497   0.000   0.000
      20   3.000   0.535   0.465   0.000   0.000
      21   4.000   0.536   0.464   0.000   0.000
      22   6.000   0.522   0.478   0.000   0.000
      23   6.000   0.459   0.541   0.000   0.000
      24   5.000   0.382   0.618   0.000   0.000
      25   5.000   0.318   0.682   0.000   0.000
      26   7.000   0.266   0.734   0.000   0.000
      27   6.000   0.206   0.794   0.000   0.000
      28   5.000   0.137   0.863   0.000   0.000
      29   5.000   0.056   0.944   0.000   0.000
      30   5.000   0.039   0.961   0.000   0.000
      31   4.000   0.135   0.865   0.000   0.000
      32   4.000   0.230   0.770   0.000   0.000
      33   5.000   0.328   0.672   0.000   0.000
      34   4.000   0.438   0.562   0.000   0.000
      35   6.000   0.474   0.510   0.016   0.000
      36   6.000   0.493   0.458   0.050   0.000
  STRAIN   AVACS   PRITW   SECTW   MODE1   MODE2   MODE3   MODE4   TWFR3   EFFR3   TWFR4   EFFR4
   0.000   5.000   0.000   0.000   0.503   0.497   0.000   0.000   0.000   0.000   0.000   0.000
   0.001   5.000   0.000   0.000   0.502   0.498   0.000   0.000   0.000   0.000   0.000   0.000
   0.001   5.000   0.000   0.000   0.501   0.499   0.000   0.000   0.000   0.000   0.000   0.000
   0.002   4.000   0.000   0.000   0.501   0.499   0.000   0.000   0.000   0.000   0.000   0.000
   0.002   4.000   0.000   0.000   0.500   0.500   0.000   0.000   0.000   0.000   0.000   0.000
   0.003   4.000   0.000   0.000   0.500   0.500   0.000   0.000   0.000   0.000   0.000   0.000
   0.003   4.000   0.000   0.000   0.499   0.501   0.000   0.000   0.000   0.000   0.000   0.000
   0.004   4.000   0.000   0.000   0.499   0.501   0.000   0.000   0.000   0.000   0.000   0.000
   0.004   4.000   0.000   0.000   0.499   0.501   0.000   0.000   0.000   0.000   0.000   0.000
   0.005   4.000   0.000   0.000   0.499   0.501   0.000   0.000   0.000   0.000   0.000   0.000
   0.005   4.000   0.000   0.000   0.499   0.501   0.000   0.000   0.000   0.000   0.000   0.000
   0.006   4.000   0.000   0.000   0.498   0.502   0.000   0.000   0.000   0.000   0.000   0.000
   0.006   4.000   0.000   0.000   0.498   0.502   0.000   0.000   0.000   0.000   0.000   0.000
   0.007   4.000   0.000   0.000   0.498   0.502   0.000   0.000   0.000   0.000   0.000   0.000
   0.007   4.000   0.000   0.000   0.498   0.502   0.000   0.000   0.000   0.000   0.000   0.000
   0.008   4.000   0.000   0.000   0.498   0.502   0.000   0.000   0.000   0.000   0.000   0.000
   0.008   4.000   0.000   0.000   0.498   0.502   0.000   0.000   0.000   0.000   0.000   0.000
   0.009   4.000   0.000   0.000   0.498   0.502   0.000   0.000   0.000   0.000   0.000   0.000
   0.009   4.000   0.000   0.000   0.498   0.501   0.000   0.000   0.000   0.000   0.000   0.000
   0.010   4.000   0.000   0.000   0.499   0.501   0.000   0.000   0.000   0.000   0.000   0.000
   0.010   4.000   0.000   0.000   0.499   0.501   0.000   0.000   0.000   0.000   0.000   0.000
   0.011   4.000   0.000   0.000   0.499   0.501   0.000   0.000   0.000   0.000   0.000   0.000
   0.011   4.000   0.000   0.000   0.499   0.501   0.000   0.000   0.000   0.000   0.000   0.000
   0.012   4.000   0.000   0.000   0.499   0.501   0.000   0.000   0.000   0.000   0.000   0.000
   0.012   4.000   0.000   0.000   0.499   0.501   0.000   0.000   0.000   0.000   0.000   0.000
   0.013   4.000   0.000   0.000   0.499   0.501   0.000   0.000   0.000   0.000   0.000   0.000
   0.013   4.000   0.000   0.000   0.499   0.501   0.000   0.000   0.000   0.000   0.000   0.000
   0.014   4.000   0.000   0.000   0.499   0.500   0.000   0.000   0.000   0.000   0.000   0.000
   0.014   4.000   0.000   0.000   0.499   0.500   0.000   0.000   0.000   0.000   0.000   0.000
   0.015   4.000   0.000   0.000   0.500   0.500   0.000   0.000   0.000   0.000   0.000   0.000
   0.015   4.000   0.000   0.000   0.500   0.500   0.000   0.000   0.000   0.000   0.000   0.000
   0.016   4.000   0.000   0.000   0.500   0.500   0.000   0.000   0.000   0.000   0.000   0.000
   0.016   4.000   0.000   0.000   0.500   0.500   0.000   0.000   0.000   0.000   0.000   0.000
   0.017   4.000   0.000   0.000   0.500   0.500   0.000   0.000   0.000   0.000   0.000   0.000
   0.017   4.000   0.000   0.000   0.500   0.499   0.000   0.000   0.000   0.000   0.000   0.000
   0.018   4.000   0.000   0.000   0.500   0.499   0.000   0.000   0.000   0.000   0.000   0.000
   0.018   4.000   0.000   0.000   0.501   0.499   0.000   0.000   0.000   0.000   0.000   0.000
   0.019   4.000   0.000   0.000   0.501   0.499   0.000   0.000   0.000   0.000   0.000   0.000
   0.019   4.000   0.000   0.000   0.501   0.499   0.000   0.001   0.000   0.000   0.000   0.000
   0.020   4.000   0.000   0.000   0.501   0.498   0.000   0.001   0.000   0.000   0.000   0.000
   0.020   4.000   0.000   0.000   0.501   0.498   0.000   0.001   0.000   0.000   0.000   0.000
   0.021   4.000   0.000   0.000   0.502   0.498   0.000   0.001   0.000   0.000   0.000   0.000
   0.021   4.000   0.000   0.000   0.502   0.497   0.000   0.001   0.000   0.000   0.000   0.000
   0.022   4.000   0.000   0.000   0.502   0.497   0.000   0.001   0.000   0.000   0.000   0.000
   0.022   5.000   0.000   0.000   0.503   0.497   0.000   0.001   0.000   0.000   0.000   0.000
   0.023   5.000   0.000   0.000   0.503   0.496   0.000   0.001   0.000   0.000   0.000   0.000
   0.023   5.000   0.000   0.000   0.503   0.496   0.000   0.001   0.000   0.000   0.000   0.000
   0.024   5.000   0.000   0.000   0.504   0.495   0.000   0.001   0.000   0.000   0.000   0.000
   0.024   5.000   0.000   0.000   0.504   0.495   0.000   0.001   0.000   0.000   0.000   0.000
   0.025   5.000   0.000   0.000   0.505   0.494   0.000   0.001   0.000   0.000   0.000   0.000
   0.025   5.000   0.000   0.000   0.505   0.494   0.000   0.001   0.000   0.000   0.000   0.000
    STEP   AVACS   MODE1   MODE2   MODE3   MODE4
       1   5.000   0.529   0.447   0.024   0.000
       2   5.000   0.519   0.481   0.000   0.000
       3   5.000   0.509   0.491   0.000   0.000
       4   6.000   0.499   0.501   0.000   0.000
       5   5.000   0.448   0.552   0.000   0.000
       6   6.000   0.372   0.628   0.000   0.000
       7   7.000   0.318   0.682   0.000   0.000
       8   7.000   0.267   0.733   0.000   0.000
       9   7.000   0.206   0.794   0.000   0.000
      10   5.000   0.138   0.862   0.000   0.000
      11   5.000   0.055   0.945   0.000   0.000
      12   4.000   0.035   0.965   0.000   0.000
      13   5.000   0.139   0.860   0.000   0.000
      14   5.000   0.239   0.761   0.000   0.000
      15   5.000   0.331   0.669   0.000   0.000
      16   6.000   0.415   0.585   0.000   0.000
      17   5.000   0.472   0.528   0.000   0.000
      18   5.000   0.464   0.535   0.000   0.001
      19   5.000   0.505   0.494   0.000   0.001
      20   5.000   0.519   0.481   0.000   0.000
      21   5.000   0.509   0.491   0.000   0.000
      22   6.000   0.499   0.501   0.000   0.000
      23   5.000   0.448   0.552   0.000   0.000
      24   6.000   0.372   0.628   0.000   0.000
      25   7.000   0.318   0.682   0.000   0.000
      26   7.000   0.267   0.733   0.000   0.000
      27   7.000   0.206   0.794   0.000   0.000
      28   5.000   0.138   0.862   0.000   0.000
      29   5.000   0.055   0.945   0.000   0.000
      30   4.000   0.035   0.965   0.000   0.000
      31   5.000   0.139   0.861   0.000   0.000
      32   5.000   0.239   0.761   0.000   0.000
      33   5.000   0.331   0.669   0.000   0.000
      34   6.000   0.415   0.585   0.000   0.000
      35   5.000   0.471   0.527   0.002   0.000
      36   6.000   0.493   0.484   0.024   0.000
  STRAIN   AVACS   PRITW   SECTW   MODE1   MODE2   MODE3   MODE4   TWFR3   EFFR3   TWFR4   EFFR4
   0.025   5.000   0.000   0.000   0.505   0.494   0.000   0.001   0.000   0.000   0.000   0.000
   0.026   5.000   0.000   0.000   0.506   0.493   0.000   0.001   0.000   0.000   0.000   0.000
   0.026   5.000   0.000   0.000   0.506   0.493   0.000   0.001   0.000   0.000   0.000   0.000
   0.027   5.000   0.000   0.000   0.507   0.492   0.000   0.001   0.000   0.000   0.000   0.000
   0.027   5.000   0.000   0.000   0.507   0.491   0.000   0.001   0.000   0.000   0.000   0.000
   0.028   5.000   0.000   0.000   0.508   0.491   0.000   0.001   0.000   0.000   0.000   0.000
   0.028   5.000   0.000   0.000   0.508   0.490   0.000   0.002   0.000   0.000   0.000   0.000
   0.029   5.000   0.000   0.000   0.509   0.490   0.000   0.002   0.000   0.000   0.000   0.000
   0.029   5.000   0.000   0.000   0.509   0.489   0.000   0.002   0.000   0.000   0.000   0.000
   0.030   5.000   0.000   0.000   0.510   0.488   0.000   0.002   0.000   0.000   0.000   0.000
   0.030   5.000   0.000   0.000   0.510   0.488   0.000   0.002   0.000   0.000   0.000   0.000
   0.031   5.000   0.000   0.000   0.511   0.487   0.000   0.002   0.000   0.000   0.000   0.000
   0.031   4.000   0.000   0.000   0.511   0.487   0.000   0.002   0.000   0.000   0.000   0.000
   0.032   4.000   0.000   0.000   0.512   0.486   0.000   0.002   0.000   0.000   0.000   0.000
   0.032   4.000   0.000   0.000   0.513   0.485   0.000   0.002   0.000   0.000   0.000   0.000
   0.033   4.000   0.000   0.000   0.513   0.485   0.000   0.002   0.000   0.000   0.000   0.000
   0.033   4.000   0.000   0.000   0.514   0.484   0.000   0.002   0.000   0.000   0.000   0.000
   0.034   4.000   0.000   0.000   0.514   0.484   0.000   0.002   0.000   0.000   0.000   0.000
   0.034   4.000   0.000   0.000   0.515   0.483   0.000   0.002   0.000   0.000   0.000   0.000
   0.035   4.000   0.000   0.000   0.515   0.483   0.000   0.002   0.000   0.000   0.000   0.000
   0.035   4.000   0.000   0.000   0.516   0.482   0.000   0.002   0.000   0.000   0.000   0.000
   0.036   4.000   0.000   0.000   0.516   0.481   0.000   0.002   0.000   0.000   0.000   0.000
   0.036   4.000   0.000   0.000   0.517   0.481   0.000   0.002   0.000   0.000   0.000   0.000
   0.037   4.000   0.000   0.000   0.517   0.480   0.000   0.002   0.000   0.000   0.000   0.000
   0.037   4.000   0.000   0.000   0.518   0.480   0.000   0.002   0.000   0.000   0.000   0.000
   0.038   4.000   0.000   0.000   0.518   0.479   0.000   0.002   0.000   0.000   0.000   0.000
   0.038   4.000   0.000   0.000   0.519   0.479   0.000   0.002   0.000   0.000   0.000   0.000
   0.039   4.000   0.000   0.000   0.519   0.478   0.000   0.002   0.000   0.000   0.000   0.000
   0.039   4.000   0.000   0.000   0.520   0.478   0.000   0.002   0.000   0.000   0.000   0.000
   0.040   4.000   0.000   0.000   0.520   0.477   0.000   0.002   0.000   0.000   0.000   0.000
   0.040   4.000   0.000   0.000   0.521   0.477   0.000   0.002   0.000   0.000   0.000   0.000
   0.041   4.000   0.000   0.000   0.521   0.476   0.000   0.002   0.000   0.000   0.000   0.000
   0.041   4.000   0.000   0.000   0.522   0.476   0.000   0.002   0.000   0.000   0.000   0.000
   0.042   4.000   0.000   0.000   0.522   0.476   0.000   0.002   0.000   0.000   0.000   0.000
   0.042   5.000   0.000   0.000   0.523   0.475   0.000   0.002   0.000   0.000   0.000   0.000
   0.043   5.000   0.000   0.000   0.523   0.475   0.000   0.002   0.000   0.000   0.000   0.000
   0.043   5.000   0.000   0.000   0.524   0.474   0.000   0.002   0.000   0.000   0.000   0.000
   0.044   5.000   0.000   0.000   0.524   0.474   0.000   0.002   0.000   0.000   0.000   0.000
   0.044   5.000   0.000   0.000   0.525   0.473   0.000   0.002   0.000   0.000   0.000   0.000
   0.045   5.000   0.000   0.000   0.525   0.473   0.000   0.002   0.000   0.000   0.000   0.000
   0.045   5.000   0.000   0.000   0.526   0.473   0.000   0.001   0.000   0.000   0.000   0.000
   0.046   5.000   0.000   0.000   0.526   0.472   0.000   0.001   0.000   0.000   0.000   0.000
   0.046   5.000   0.000   0.000   0.526   0.472   0.000   0.001   0.000   0.000   0.000   0.000
   0.047   5.000   0.000   0.000   0.526   0.472   0.000   0.001   0.000   0.000   0.000   0.000
   0.047   5.000   0.000   0.000   0.526   0.472   0.000   0.001   0.000   0.000   0.000   0.000
   0.048   5.000   0.000   0.000   0.526   0.473   0.000   0.001   0.000   0.000   0.000   0.000
   0.048   5.000   0.000   0.000   0.526   0.473   0.000   0.001   0.000   0.000   0.001   0.000
   0.049   5.000   0.000   0.000   0.526   0.473   0.000   0.001   0.000   0.000   0.001   0.000
   0.049   5.000   0.000   0.000   0.525   0.473   0.000   0.001   0.000   0.000   0.001   0.000
   0.050   5.000   0.000   0.000   0.525   0.474   0.000   0.001   0.000   0.000   0.001   0.000
   0.050   5.000   0.000   0.000   0.525   0.474   0.000   0.001   0.000   0.000   0.001   0.000
    STEP   AVACS   MODE1   MODE2   MODE3   MODE4
       1   5.000   0.525   0.474   0.001   0.000
       2   6.000   0.510   0.490   0.000   0.000
       3   6.000   0.502   0.497   0.000   0.000
       4   5.000   0.491   0.509   0.000   0.000
       5   5.000   0.446   0.554   0.000   0.000
       6   5.000   0.374   0.626   0.000   0.000
       7   7.000   0.325   0.674   0.000   0.001
       8   7.000   0.273   0.726   0.000   0.001
       9   6.000   0.212   0.787   0.000   0.001
      10   5.000   0.142   0.856   0.000   0.002
      11   5.000   0.058   0.940   0.000   0.002
      12   5.000   0.055   0.945   0.000   0.000
      13   6.000   0.168   0.832   0.000   0.000
      14   5.000   0.258   0.742   0.000   0.000
      15   5.000   0.339   0.661   0.000   0.000
      16   6.000   0.414   0.586   0.000   0.000
      17   6.000   0.469   0.530   0.000   0.001
      18   5.000   0.499   0.500   0.000   0.002
      19   5.000   0.525   0.474   0.000   0.001
      20   6.000   0.510   0.490   0.000   0.000
      21   6.000   0.502   0.497   0.000   0.000
      22   5.000   0.491   0.509   0.000   0.000
      23   5.000   0.446   0.554   0.000   0.000
      24   5.000   0.374   0.626   0.000   0.000
      25   7.000   0.326   0.674   0.000   0.000
      26   7.000   0.273   0.727   0.000   0.000
      27   6.000   0.212   0.788   0.000   0.000
      28   5.000   0.143   0.857   0.000   0.000
      29   5.000   0.059   0.941   0.000   0.000
      30   5.000   0.055   0.945   0.000   0.000
      31   6.000   0.168   0.832   0.000   0.000
      32   5.000   0.258   0.742   0.000   0.000
      33   5.000   0.338   0.661   0.000   0.000
      34   6.000   0.413   0.586   0.002   0.000
      35   6.000   0.464   0.529   0.007   0.000
      36   5.000   0.491   0.493   0.016   0.000
  STRAIN   AVACS   PRITW   SECTW   MODE1   MODE2   MODE3   MODE4   TWFR3   EFFR3   TWFR4   EFFR4
   0.050   5.000   0.000   0.000   0.525   0.474   0.000   0.001   0.000   0.000   0.001   0.000
   0.051   5.000   0.000   0.000   0.524   0.474   0.000   0.001   0.000   0.000   0.001   0.000
   0.051   5.000   0.000   0.000   0.524   0.475   0.000   0.001   0.000   0.000   0.001   0.000
   0.052   5.000   0.000   0.000   0.524   0.475   0.000   0.001   0.000   0.000   0.001   0.000
   0.052   5.000   0.000   0.000   0.523   0.475   0.000   0.001   0.000   0.000   0.001   0.000
   0.053   5.000   0.000   0.000   0.523   0.476   0.000   0.001   0.000   0.000   0.001   0.000
   0.053   5.000   0.000   0.000   0.522   0.476   0.000   0.001   0.000   0.000   0.001   0.000
   0.054   5.000   0.000   0.000   0.522   0.477   0.000   0.002   0.000   0.000   0.001   0.000
   0.054   5.000   0.000   0.000   0.521   0.477   0.000   0.002   0.000   0.000   0.001   0.000
   0.055   5.000   0.000   0.000   0.521   0.477   0.000   0.002   0.000   0.000   0.001   0.000
   0.055   5.000   0.000   0.000   0.521   0.478   0.000   0.002   0.000   0.000   0.001   0.000
   0.056   5.000   0.000   0.000   0.520   0.478   0.000   0.002   0.000   0.000   0.001   0.000
   0.056   5.000   0.000   0.000   0.520   0.479   0.000   0.002   0.000   0.000   0.001   0.000
   0.057   5.000   0.000   0.000   0.519   0.479   0.000   0.002   0.000   0.000   0.001   0.000
   0.057   5.000   0.000   0.000   0.519   0.479   0.000   0.002   0.000   0.000   0.001   0.000
   0.058   5.000   0.000   0.000   0.518   0.480   0.000   0.002   0.000   0.000   0.001   0.000
   0.058   5.000   0.000   0.000   0.518   0.480   0.000   0.002   0.000   0.000   0.001   0.000
   0.059   5.000   0.000   0.000   0.517   0.481   0.000   0.002   0.000   0.000   0.001   0.000
   0.059   5.000   0.000   0.000   0.517   0.481   0.000   0.002   0.000   0.000   0.001   0.000
   0.060   5.000   0.000   0.000   0.516   0.482   0.000   0.002   0.000   0.000   0.001   0.000
   0.060   5.000   0.000   0.000   0.516   0.482   0.000   0.002   0.000   0.000   0.001   0.000
   0.061   5.000   0.000   0.000   0.516   0.482   0.000   0.002   0.000   0.000   0.001   0.000
   0.061   5.000   0.000   0.000   0.515   0.483   0.000   0.002   0.000   0.000   0.001   0.000
   0.062   5.000   0.000   0.000   0.515   0.483   0.000   0.002   0.000   0.000   0.001   0.000
   0.062   5.000   0.000   0.000   0.514   0.484   0.000   0.002   0.000   0.000   0.001   0.000
   0.063   5.000   0.000   0.000   0.514   0.484   0.000   0.002   0.000   0.000   0.001   0.000
   0.063   5.000   0.000   0.000   0.513   0.485   0.000   0.002   0.000   0.000   0.001   0.000
   0.064   5.000   0.000   0.000   0.513   0.485   0.000   0.002   0.000   0.000   0.001   0.000
   0.064   5.000   0.000   0.000   0.512   0.485   0.000   0.002   0.000   0.000   0.001   0.000
   0.065   5.000   0.000   0.000   0.512   0.486   0.000   0.002   0.000   0.000   0.001   0.000
   0.065   5.000   0.000   0.000   0.511   0.486   0.000   0.002   0.000   0.000   0.001   0.000
   0.066   5.000   0.000   0.000   0.511   0.487   0.000   0.002   0.000   0.000   0.001   0.000
   0.066   5.000   0.000   0.000   0.510   0.487   0.000   0.003   0.000   0.000   0.001   0.000
   0.067   5.000   0.000   0.000   0.510   0.488   0.000   0.003   0.000   0.000   0.001   0.000
   0.067   5.000   0.000   0.000   0.509   0.488   0.000   0.003   0.000   0.000   0.001   0.000
   0.068   5.000   0.000   0.000   0.509   0.489   0.000   0.003   0.000   0.000   0.001   0.000
   0.068   5.000   0.000   0.000   0.508   0.489   0.000   0.003   0.000   0.000   0.001   0.000
   0.069   5.000   0.000   0.000   0.508   0.490   0.000   0.003   0.000   0.000   0.001   0.000
   0.069   5.000   0.000   0.000   0.507   0.490   0.000   0.003   0.000   0.000   0.001   0.000
   0.070   5.000   0.000   0.000   0.507   0.490   0.000   0.003   0.000   0.000   0.001   0.000
   0.070   5.000   0.000   0.000   0.506   0.491   0.000   0.003   0.000   0.000   0.001   0.000
   0.071   5.000   0.000   0.000   0.506   0.491   0.000   0.003   0.000   0.000   0.001   0.000
   0.071   5.000   0.000   0.000   0.505   0.492   0.000   0.003   0.000   0.000   0.001   0.000
   0.072   5.000   0.000   0.000   0.505   0.492   0.000   0.003   0.000   0.000   0.001   0.000
   0.072   4.000   0.000   0.000   0.504   0.493   0.000   0.003   0.000   0.000   0.001   0.000
   0.073   4.000   0.000   0.000   0.504   0.493   0.000   0.003   0.000   0.000   0.001   0.000
   0.073   4.000   0.000   0.000   0.503   0.494   0.000   0.003   0.000   0.000   0.001   0.000
   0.074   4.000   0.000   0.000   0.503   0.494   0.000   0.003   0.000   0.000   0.001   0.000
   0.074   4.000   0.000   0.000   0.502   0.495   0.000   0.003   0.000   0.000   0.001   0.000
   0.075   4.000   0.000   0.000   0.502   0.495   0.000   0.003   0.000   0.000   0.001   0.000
   0.075   4.000   0.000   0.000   0.501   0.495   0.000   0.003   0.000   0.000   0.001   0.000
    STEP   AVACS   MODE1   MODE2   MODE3   MODE4
       1   4.000   0.503   0.497   0.000   0.000
       2   6.000   0.501   0.499   0.000   0.000
       3   6.000   0.490   0.510   0.001   0.000
       4   5.000   0.477   0.523   0.000   0.000
       5   5.000   0.442   0.558   0.000   0.000
       6   5.000   0.374   0.626   0.000   0.000
       7   7.000   0.331   0.667   0.000   0.002
       8   7.000   0.277   0.718   0.000   0.004
       9   6.000   0.215   0.779   0.000   0.006
      10   5.000   0.145   0.849   0.000   0.006
      11   6.000   0.058   0.936   0.000   0.006
      12   6.000   0.092   0.908   0.000   0.001
      13   6.000   0.196   0.803   0.000   0.001
      14   7.000   0.276   0.723   0.000   0.000
      15   5.000   0.342   0.658   0.000   0.000
      16   6.000   0.404   0.594   0.000   0.002
      17   6.000   0.454   0.543   0.000   0.003
      18   5.000   0.481   0.514   0.000   0.005
      19   4.000   0.501   0.495   0.000   0.003
      20   6.000   0.501   0.499   0.000   0.000
      21   6.000   0.490   0.508   0.000   0.002
      22   5.000   0.477   0.522   0.000   0.001
      23   5.000   0.442   0.558   0.000   0.000
      24   5.000   0.374   0.626   0.000   0.000
      25   7.000   0.332   0.668   0.000   0.000
      26   7.000   0.279   0.721   0.000   0.000
      27   6.000   0.218   0.782   0.000   0.000
      28   5.000   0.148   0.852   0.000   0.000
      29   6.000   0.061   0.939   0.000   0.000
      30   6.000   0.092   0.908   0.000   0.000
      31   6.000   0.196   0.804   0.000   0.000
      32   7.000   0.276   0.724   0.000   0.000
      33   5.000   0.341   0.658   0.000   0.000
      34   6.000   0.401   0.595   0.005   0.000
      35   6.000   0.445   0.543   0.012   0.000
      36   6.000   0.470   0.514   0.016   0.000
  STRAIN   AVACS   PRITW   SECTW   MODE1   MODE2   MODE3   MODE4   TWFR3   EFFR3   TWFR4   EFFR4
   0.075   4.000   0.000   0.000   0.501   0.495   0.000   0.003   0.000   0.000   0.001   0.000
   0.076   4.000   0.000   0.000   0.501   0.496   0.000   0.003   0.000   0.000   0.001   0.000
   0.076   4.000   0.000   0.000   0.500   0.496   0.000   0.003   0.000   0.000   0.001   0.000
   0.077   4.000   0.000   0.000   0.500   0.497   0.000   0.003   0.000   0.000   0.001   0.000
   0.077   4.000   0.000   0.000   0.499   0.497   0.000   0.003   0.000   0.000   0.001   0.000
   0.078   4.000   0.000   0.000   0.499   0.498   0.000   0.003   0.000   0.000   0.001   0.000
   0.078   4.000   0.000   0.000   0.498   0.498   0.000   0.003   0.000   0.000   0.001   0.000
   0.079   4.000   0.000   0.000   0.498   0.499   0.000   0.004   0.000   0.000   0.001   0.000
   0.079   4.000   0.000   0.000   0.497   0.499   0.000   0.004   0.000   0.000   0.001   0.000
   0.080   4.000   0.000   0.000   0.497   0.500   0.000   0.004   0.000   0.000   0.001   0.000
   0.080   4.000   0.000   0.000   0.496   0.500   0.000   0.004   0.000   0.000   0.001   0.000
   0.081   4.000   0.000   0.000   0.496   0.501   0.000   0.004   0.000   0.000   0.001   0.000
   0.081   4.000   0.000   0.000   0.495   0.501   0.000   0.004   0.000   0.000   0.001   0.000
   0.082   4.000   0.000   0.000   0.495   0.502   0.000   0.004   0.000   0.000   0.001   0.000
   0.082   4.000   0.000   0.000   0.494   0.502   0.000   0.004   0.000   0.000   0.001   0.000
   0.083   4.000   0.000   0.000   0.494   0.503   0.000   0.004   0.000   0.000   0.001   0.000
   0.083   5.000   0.000   0.000   0.493   0.503   0.000   0.004   0.000   0.000   0.001   0.000
   0.084   5.000   0.000   0.000   0.493   0.504   0.000   0.004   0.000   0.000   0.001   0.000
   0.084   5.000   0.000   0.000   0.492   0.504   0.000   0.004   0.000   0.000   0.001   0.000
   0.085   5.000   0.000   0.000   0.492   0.505   0.000   0.004   0.000   0.000   0.001   0.000
   0.085   5.000   0.000   0.000   0.491   0.505   0.000   0.004   0.000   0.000   0.001   0.000
   0.086   5.000   0.000   0.000   0.491   0.505   0.000   0.004   0.000   0.000   0.001   0.000
   0.086   5.000   0.000   0.000   0.490   0.506   0.000   0.004   0.000   0.000   0.002   0.000
   0.087   5.000   0.000   0.000   0.490   0.506   0.000   0.004   0.000   0.000   0.002   0.000
   0.087   5.000   0.000   0.000   0.489   0.507   0.000   0.004   0.000   0.000   0.002   0.000
   0.088   4.000   0.000   0.000   0.489   0.507   0.000   0.004   0.000   0.000   0.002   0.000
   0.088   4.000   0.000   0.000   0.488   0.508   0.000   0.004   0.000   0.000   0.002   0.000
   0.089   4.000   0.000   0.000   0.487   0.508   0.000   0.004   0.000   0.000   0.002   0.000
   0.089   4.000   0.000   0.000   0.487   0.509   0.000   0.004   0.000   0.000   0.002   0.000
   0.090   4.000   0.000   0.000   0.486   0.509   0.000   0.004   0.000   0.000   0.002   0.000
   0.090   4.000   0.000   0.000   0.486   0.510   0.000   0.004   0.000   0.000   0.002   0.000
   0.091   4.000   0.000   0.000   0.485   0.510   0.000   0.004   0.000   0.000   0.002   0.000
   0.091   4.000   0.000   0.000   0.485   0.511   0.000   0.004   0.000   0.000   0.002   0.000
   0.092   4.000   0.000   0.000   0.484   0.511   0.000   0.004   0.000   0.000   0.002   0.000
   0.092   4.000   0.000   0.000   0.484   0.512   0.000   0.004   0.000   0.000   0.002   0.000
   0.093   4.000   0.000   0.000   0.483   0.513   0.000   0.004   0.000   0.000   0.002   0.000
   0.093   4.000   0.000   0.000   0.483   0.513   0.000   0.004   0.000   0.000   0.002   0.000
   0.094   4.000   0.000   0.000   0.482   0.514   0.000   0.004   0.000   0.000   0.002   0.000
   0.094   4.000   0.000   0.000   0.482   0.514   0.000   0.004   0.000   0.000   0.002   0.000
   0.095   4.000   0.000   0.000   0.481   0.515   0.000   0.004   0.000   0.000   0.002   0.000
   0.095   4.000   0.000   0.000   0.481   0.515   0.000   0.004   0.000   0.000   0.002   0.000
   0.096   4.000   0.000   0.000   0.480   0.516   0.000   0.004   0.000   0.000   0.002   0.000
   0.096   4.000   0.000   0.000   0.480   0.516   0.000   0.004   0.000   0.000   0.002   0.000
   0.097   4.000   0.000   0.000   0.479   0.517   0.000   0.004   0.000   0.000   0.002   0.000
   0.097   4.000   0.000   0.000   0.479   0.517   0.000   0.004   0.000   0.000   0.002   0.000
   0.098   4.000   0.000   0.000   0.478   0.518   0.000   0.004   0.000   0.000   0.002   0.000
   0.098   4.000   0.000   0.000   0.478   0.518   0.000   0.004   0.000   0.000   0.002   0.000
   0.099   4.000   0.000   0.000   0.477   0.519   0.000   0.004   0.000   0.000   0.002   0.000
   0.099   4.000   0.000   0.000   0.477   0.519   0.000   0.004   0.000   0.000   0.002   0.000
   0.100   4.000   0.000   0.000   0.476   0.520   0.000   0.004   0.000   0.000   0.002   0.000
   0.100   4.000   0.000   0.000   0.476   0.520   0.000   0.004   0.000   0.000   0.002   0.000
    STEP   AVACS   MODE1   MODE2   MODE3   MODE4
       1   4.000   0.477   0.523   0.000   0.000
       2   6.000   0.490   0.510   0.000   0.000
       3   6.000   0.474   0.525   0.001   0.000
       4   5.000   0.467   0.533   0.000   0.000
       5   5.000   0.436   0.564   0.000   0.000
       6   4.000   0.373   0.627   0.000   0.000
       7   7.000   0.335   0.661   0.000   0.004
       8   7.000   0.281   0.711   0.000   0.008
       9   6.000   0.219   0.771   0.000   0.010
      10   5.000   0.147   0.841   0.000   0.011
      11   5.000   0.052   0.939   0.000   0.009
      12   6.000   0.124   0.875   0.000   0.001
      13   7.000   0.219   0.780   0.000   0.001
      14   7.000   0.289   0.711   0.000   0.001
      15   5.000   0.339   0.660   0.000   0.001
      16   6.000   0.386   0.610   0.000   0.004
      17   6.000   0.430   0.564   0.000   0.006
      18   6.000   0.454   0.539   0.000   0.007
      19   4.000   0.475   0.520   0.000   0.004
      20   6.000   0.490   0.510   0.000   0.000
      21   6.000   0.474   0.523   0.000   0.003
      22   5.000   0.467   0.531   0.000   0.002
      23   5.000   0.436   0.563   0.000   0.000
      24   4.000   0.373   0.627   0.000   0.000
      25   7.000   0.337   0.663   0.000   0.000
      26   7.000   0.284   0.716   0.000   0.000
      27   6.000   0.223   0.777   0.000   0.000
      28   5.000   0.152   0.848   0.000   0.000
      29   5.000   0.057   0.943   0.000   0.000
      30   6.000   0.123   0.876   0.000   0.000
      31   7.000   0.218   0.781   0.000   0.000
      32   7.000   0.288   0.711   0.000   0.000
      33   5.000   0.339   0.660   0.001   0.000
      34   6.000   0.381   0.611   0.009   0.000
      35   7.000   0.419   0.565   0.016   0.000
      36   6.000   0.444   0.542   0.014   0.000
  STRAIN   AVACS   PRITW   SECTW   MODE1   MODE2   MODE3   MODE4   TWFR3   EFFR3   TWFR4   EFFR4
   0.100   4.000   0.000   0.000   0.475   0.520   0.000   0.004   0.000   0.000   0.002   0.000
   0.101   4.000   0.000   0.000   0.475   0.521   0.000   0.004   0.000   0.000   0.002   0.000
   0.101   4.000   0.000   0.000   0.475   0.521   0.000   0.004   0.000   0.000   0.002   0.000
   0.102   4.000   0.000   0.000   0.474   0.522   0.000   0.004   0.000   0.000   0.002   0.000
   0.102   4.000   0.000   0.000   0.474   0.522   0.000   0.004   0.000   0.000   0.002   0.000
   0.103   4.000   0.000   0.000   0.473   0.523   0.000   0.004   0.000   0.000   0.002   0.000
   0.103   4.000   0.000   0.000   0.472   0.523   0.000   0.004   0.000   0.000   0.002   0.000
   0.104   4.000   0.000   0.000   0.472   0.524   0.000   0.004   0.000   0.000   0.002   0.000
   0.104   4.000   0.000   0.000   0.471   0.524   0.000   0.004   0.000   0.000   0.002   0.000
   0.105   4.000   0.000   0.000   0.471   0.525   0.000   0.004   0.000   0.000   0.002   0.000
   0.105   4.000   0.000   0.000   0.470   0.526   0.000   0.004   0.000   0.000   0.002   0.000
   0.106   4.000   0.000   0.000   0.470   0.526   0.000   0.004   0.000   0.000   0.002   0.000
   0.106   4.000   0.000   0.000   0.469   0.527   0.000   0.004   0.000   0.000   0.002   0.000
   0.107   4.000   0.000   0.000   0.469   0.527   0.000   0.004   0.000   0.000   0.002   0.000
   0.107   4.000   0.000   0.000   0.468   0.528   0.000   0.004   0.000   0.000   0.002   0.000
   0.108   4.000   0.000   0.000   0.468   0.528   0.000   0.004   0.000   0.000   0.002   0.000
   0.108   4.000   0.000   0.000   0.467   0.529   0.000   0.004   0.000   0.000   0.002   0.000
   0.109   4.000   0.000   0.000   0.467   0.529   0.000   0.004   0.000   0.000   0.002   0.000
   0.109   4.000   0.000   0.000   0.466   0.530   0.000   0.004   0.000   0.000   0.003   0.000
   0.110   4.000   0.000   0.000   0.466   0.530   0.000   0.004   0.000   0.000   0.003   0.000
   0.110   4.000   0.000   0.000   0.465   0.531   0.000   0.004   0.000   0.000   0.003   0.000
   0.111   4.000   0.000   0.000   0.465   0.531   0.000   0.004   0.000   0.000   0.003   0.000
   0.111   4.000   0.000   0.000   0.464   0.532   0.000   0.004   0.000   0.000   0.003   0.000
   0.112   4.000   0.000   0.000   0.464   0.532   0.000   0.004   0.000   0.000   0.003   0.000
   0.112   4.000   0.000   0.000   0.463   0.533   0.000   0.004   0.000   0.000   0.003   0.000
   0.113   4.000   0.000   0.000   0.463   0.534   0.000   0.004   0.000   0.000   0.003   0.000
   0.113   4.000   0.000   0.000   0.462   0.534   0.000   0.004   0.000   0.000   0.003   0.000
   0.114   4.000   0.000   0.000   0.462   0.535   0.000   0.004   0.000   0.000   0.003   0.000
   0.114   4.000   0.000   0.000   0.461   0.535   0.000   0.004   0.000   0.000   0.003   0.000
   0.115   4.000   0.000   0.000   0.461   0.536   0.000   0.004   0.000   0.000   0.003   0.000
   0.115   4.000   0.000   0.000   0.460   0.537   0.000   0.003   0.000   0.000   0.003   0.000
   0.116   4.000   0.000   0.000   0.460   0.537   0.000   0.003   0.000   0.000   0.003   0.000
   0.116   4.000   0.000   0.000   0.459   0.538   0.000   0.003   0.000   0.000   0.003   0.000
   0.117   4.000   0.000   0.000   0.459   0.538   0.000   0.003   0.000   0.000   0.003   0.000
   0.117   4.000   0.000   0.000   0.458   0.539   0.000   0.003   0.000   0.000   0.003   0.000
   0.118   4.000   0.000   0.000   0.458   0.539   0.000   0.003   0.000   0.000   0.003   0.000
   0.118   4.000   0.000   0.000   0.457   0.539   0.000   0.003   0.000   0.000   0.003   0.000
   0.119   4.000   0.000   0.000   0.457   0.540   0.000   0.003   0.000   0.000   0.003   0.000
   0.119   4.000   0.000   0.000   0.456   0.541   0.000   0.003   0.000   0.000   0.003   0.000
   0.120   4.000   0.000   0.000   0.456   0.541   0.000   0.003   0.000   0.000   0.003   0.000
   0.120   4.000   0.000   0.000   0.456   0.542   0.000   0.003   0.000   0.000   0.003   0.000
   0.121   4.000   0.000   0.000   0.455   0.542   0.000   0.003   0.000   0.000   0.003   0.000
   0.121   4.000   0.000   0.000   0.454   0.543   0.000   0.003   0.000   0.000   0.003   0.000
   0.122   4.000   0.000   0.000   0.454   0.543   0.000   0.003   0.000   0.000   0.003   0.000
   0.122   4.000   0.000   0.000   0.453   0.544   0.000   0.003   0.000   0.000   0.003   0.000
   0.123   4.000   0.000   0.000   0.453   0.545   0.000   0.002   0.000   0.000   0.003   0.000
   0.123   4.000   0.000   0.000   0.452   0.545   0.000   0.002   0.000   0.000   0.003   0.000
   0.124   4.000   0.000   0.000   0.452   0.545   0.000   0.002   0.000   0.000   0.003   0.000
   0.124   4.000   0.000   0.000   0.451   0.546   0.000   0.002   0.000   0.000   0.003   0.000
   0.125   4.000   0.000   0.000   0.451   0.547   0.000   0.002   0.000   0.000   0.003   0.000
   0.125   4.000   0.000   0.000   0.450   0.548   0.000   0.002   0.000   0.000   0.003   0.000
    STEP   AVACS   MODE1   MODE2   MODE3   MODE4
       1   4.000   0.451   0.549   0.000   0.000
       2   6.000   0.478   0.522   0.000   0.000
       3   5.000   0.456   0.543   0.002   0.000
       4   6.000   0.456   0.543   0.001   0.000
       5   5.000   0.430   0.570   0.000   0.000
       6   4.000   0.374   0.626   0.000   0.001
       7   7.000   0.340   0.655   0.000   0.005
       8   7.000   0.286   0.705   0.000   0.009
       9   6.000   0.223   0.765   0.000   0.012
      10   5.000   0.151   0.836   0.000   0.013
      11   5.000   0.047   0.945   0.000   0.008
      12   7.000   0.150   0.849   0.000   0.001
      13   7.000   0.235   0.764   0.000   0.001
      14   7.000   0.295   0.704   0.000   0.001
      15   6.000   0.331   0.668   0.000   0.001
      16   6.000   0.363   0.632   0.000   0.005
      17   6.000   0.402   0.591   0.000   0.007
      18   6.000   0.422   0.570   0.000   0.008
      19   4.000   0.450   0.548   0.000   0.002
      20   6.000   0.478   0.522   0.000   0.000
      21   5.000   0.457   0.540   0.000   0.003
      22   6.000   0.456   0.541   0.000   0.002
      23   5.000   0.430   0.569   0.000   0.000
      24   4.000   0.374   0.626   0.000   0.000
      25   7.000   0.342   0.658   0.000   0.000
      26   7.000   0.290   0.710   0.000   0.000
      27   6.000   0.228   0.772   0.000   0.000
      28   5.000   0.157   0.843   0.000   0.000
      29   5.000   0.049   0.949   0.002   0.000
      30   7.000   0.149   0.850   0.001   0.000
      31   7.000   0.235   0.765   0.001   0.000
      32   7.000   0.295   0.705   0.001   0.000
      33   6.000   0.330   0.668   0.002   0.000
      34   6.000   0.354   0.633   0.013   0.000
      35   7.000   0.389   0.592   0.018   0.000
      36   6.000   0.415   0.574   0.011   0.000
