          Evm          Svm            E11          E22          E33          E23          E13          E12         SDEV11       SDEV22       SDEV33       SDEV23       SDEV13       SDEV12      TEMP
  0.00000E+00  0.29447E+03    0.00000E+00  0.00000E+00  0.00000E+00  0.00000E+00  0.00000E+00  0.00000E+00    0.29784E+02 -0.14557E+03  0.11578E+03 -0.21899E+02 -0.13010E+02 -0.10254E+03      298.00
  0.29490E-03  0.29756E+03   -0.25000E-03 -0.25000E-03  0.50000E-03  0.00000E+00  0.00000E+00  0.00000E+00    0.29603E+02 -0.14772E+03  0.11812E+03 -0.22129E+02 -0.13257E+02 -0.10258E+03      298.00
  0.59262E-03  0.30075E+03   -0.50000E-03 -0.50000E-03  0.10000E-02  0.00000E+00  0.00000E+00  0.00000E+00    0.29484E+02 -0.14988E+03  0.12040E+03 -0.22331E+02 -0.13364E+02 -0.10275E+03      298.00
  0.89287E-03  0.30393E+03   -0.75000E-03 -0.75000E-03  0.15000E-02  0.00000E+00  0.00000E+00  0.00000E+00    0.29415E+02 -0.15200E+03  0.12258E+03 -0.22511E+02 -0.13443E+02 -0.10299E+03      298.00
  0.11954E-02  0.30709E+03   -0.10000E-02 -0.10000E-02  0.20000E-02  0.00000E+00  0.00000E+00  0.00000E+00    0.29385E+02 -0.15407E+03  0.12468E+03 -0.22657E+02 -0.13507E+02 -0.10328E+03      298.00
  0.14999E-02  0.31022E+03   -0.12500E-02 -0.12500E-02  0.25000E-02  0.00000E+00  0.00000E+00  0.00000E+00    0.29392E+02 -0.15609E+03  0.12670E+03 -0.22775E+02 -0.13557E+02 -0.10362E+03      298.00
  0.18062E-02  0.31338E+03   -0.15000E-02 -0.15000E-02  0.30000E-02  0.00000E+00  0.00000E+00  0.00000E+00    0.29548E+02 -0.15820E+03  0.12865E+03 -0.22908E+02 -0.13579E+02 -0.10393E+03      298.00
  0.21141E-02  0.31645E+03   -0.17500E-02 -0.17500E-02  0.35000E-02  0.00000E+00  0.00000E+00  0.00000E+00    0.29512E+02 -0.16004E+03  0.13052E+03 -0.22964E+02 -0.13625E+02 -0.10444E+03      298.00
  0.24234E-02  0.31956E+03   -0.20000E-02 -0.20000E-02  0.40000E-02  0.00000E+00  0.00000E+00  0.00000E+00    0.29709E+02 -0.16206E+03  0.13235E+03 -0.23046E+02 -0.13653E+02 -0.10485E+03      298.00
  0.27340E-02  0.32288E+03   -0.22500E-02 -0.22500E-02  0.45000E-02  0.00000E+00  0.00000E+00  0.00000E+00    0.29855E+02 -0.16404E+03  0.13419E+03 -0.23147E+02 -0.13539E+02 -0.10549E+03      298.00
  0.30457E-02  0.32588E+03   -0.25000E-02 -0.25000E-02  0.50000E-02  0.00000E+00  0.00000E+00  0.00000E+00    0.29979E+02 -0.16587E+03  0.13589E+03 -0.23129E+02 -0.13535E+02 -0.10603E+03      298.00
  0.33585E-02  0.32885E+03   -0.27500E-02 -0.27500E-02  0.55000E-02  0.00000E+00  0.00000E+00  0.00000E+00    0.30123E+02 -0.16767E+03  0.13755E+03 -0.23081E+02 -0.13507E+02 -0.10659E+03      298.00
  0.36722E-02  0.33178E+03   -0.30000E-02 -0.30000E-02  0.60000E-02  0.00000E+00  0.00000E+00  0.00000E+00    0.30289E+02 -0.16945E+03  0.13916E+03 -0.23016E+02 -0.13458E+02 -0.10716E+03      298.00
  0.39868E-02  0.33464E+03   -0.32500E-02 -0.32500E-02  0.65000E-02  0.00000E+00  0.00000E+00  0.00000E+00    0.30500E+02 -0.17120E+03  0.14070E+03 -0.22992E+02 -0.13480E+02 -0.10771E+03      298.00
  0.43021E-02  0.33755E+03   -0.35000E-02 -0.35000E-02  0.70000E-02  0.00000E+00  0.00000E+00  0.00000E+00    0.30698E+02 -0.17293E+03  0.14223E+03 -0.22919E+02 -0.13400E+02 -0.10834E+03      298.00
  0.46181E-02  0.34036E+03   -0.37500E-02 -0.37500E-02  0.75000E-02  0.00000E+00  0.00000E+00  0.00000E+00    0.30870E+02 -0.17456E+03  0.14369E+03 -0.22869E+02 -0.13370E+02 -0.10898E+03      298.00
  0.49347E-02  0.34321E+03   -0.40000E-02 -0.40000E-02  0.80000E-02  0.00000E+00  0.00000E+00  0.00000E+00    0.31092E+02 -0.17624E+03  0.14515E+03 -0.22769E+02 -0.13282E+02 -0.10964E+03      298.00
  0.52519E-02  0.34604E+03   -0.42500E-02 -0.42500E-02  0.85000E-02  0.00000E+00  0.00000E+00  0.00000E+00    0.31287E+02 -0.17786E+03  0.14658E+03 -0.22685E+02 -0.13207E+02 -0.11035E+03      298.00
  0.55696E-02  0.34882E+03   -0.45000E-02 -0.45000E-02  0.90000E-02  0.00000E+00  0.00000E+00  0.00000E+00    0.31528E+02 -0.17950E+03  0.14797E+03 -0.22545E+02 -0.13090E+02 -0.11102E+03      298.00
  0.58878E-02  0.35168E+03   -0.47500E-02 -0.47500E-02  0.95000E-02  0.00000E+00  0.00000E+00  0.00000E+00    0.31773E+02 -0.18113E+03  0.14936E+03 -0.22431E+02 -0.12972E+02 -0.11176E+03      298.00
  0.62063E-02  0.35438E+03   -0.50000E-02 -0.50000E-02  0.10000E-01  0.00000E+00  0.00000E+00  0.00000E+00    0.32028E+02 -0.18272E+03  0.15069E+03 -0.22243E+02 -0.12821E+02 -0.11244E+03      298.00
  0.65252E-02  0.35715E+03   -0.52500E-02 -0.52500E-02  0.10500E-01  0.00000E+00  0.00000E+00  0.00000E+00    0.32299E+02 -0.18433E+03  0.15203E+03 -0.22077E+02 -0.12671E+02 -0.11316E+03      298.00
  0.68445E-02  0.35977E+03   -0.55000E-02 -0.55000E-02  0.11000E-01  0.00000E+00  0.00000E+00  0.00000E+00    0.32560E+02 -0.18587E+03  0.15331E+03 -0.21830E+02 -0.12479E+02 -0.11382E+03      298.00
  0.71641E-02  0.36238E+03   -0.57500E-02 -0.57500E-02  0.11500E-01  0.00000E+00  0.00000E+00  0.00000E+00    0.32828E+02 -0.18740E+03  0.15457E+03 -0.21593E+02 -0.12296E+02 -0.11450E+03      298.00
  0.74840E-02  0.36490E+03   -0.60000E-02 -0.60000E-02  0.12000E-01  0.00000E+00  0.00000E+00  0.00000E+00    0.33091E+02 -0.18890E+03  0.15581E+03 -0.21276E+02 -0.12054E+02 -0.11514E+03      298.00
  0.78042E-02  0.36735E+03   -0.62500E-02 -0.62500E-02  0.12500E-01  0.00000E+00  0.00000E+00  0.00000E+00    0.33349E+02 -0.19036E+03  0.15701E+03 -0.20961E+02 -0.11818E+02 -0.11577E+03      298.00
  0.81248E-02  0.36978E+03   -0.65000E-02 -0.65000E-02  0.13000E-01  0.00000E+00  0.00000E+00  0.00000E+00    0.33608E+02 -0.19180E+03  0.15819E+03 -0.20640E+02 -0.11578E+02 -0.11639E+03      298.00
  0.84457E-02  0.37223E+03   -0.67500E-02 -0.67500E-02  0.13500E-01  0.00000E+00  0.00000E+00  0.00000E+00    0.33879E+02 -0.19326E+03  0.15938E+03 -0.20241E+02 -0.11272E+02 -0.11704E+03      298.00
  0.87668E-02  0.37455E+03   -0.70000E-02 -0.70000E-02  0.14000E-01  0.00000E+00  0.00000E+00  0.00000E+00    0.34138E+02 -0.19468E+03  0.16054E+03 -0.19753E+02 -0.10902E+02 -0.11762E+03      298.00
  0.90883E-02  0.37689E+03   -0.72500E-02 -0.72500E-02  0.14500E-01  0.00000E+00  0.00000E+00  0.00000E+00    0.34401E+02 -0.19610E+03  0.16170E+03 -0.19245E+02 -0.10516E+02 -0.11821E+03      298.00
  0.94101E-02  0.37910E+03   -0.75000E-02 -0.75000E-02  0.15000E-01  0.00000E+00  0.00000E+00  0.00000E+00    0.34645E+02 -0.19746E+03  0.16281E+03 -0.18703E+02 -0.10109E+02 -0.11876E+03      298.00
  0.97322E-02  0.38124E+03   -0.77500E-02 -0.77500E-02  0.15500E-01  0.00000E+00  0.00000E+00  0.00000E+00    0.34886E+02 -0.19880E+03  0.16391E+03 -0.18090E+02 -0.96463E+01 -0.11927E+03      298.00
  0.10055E-01  0.38337E+03   -0.80000E-02 -0.80000E-02  0.16000E-01  0.00000E+00  0.00000E+00  0.00000E+00    0.35130E+02 -0.20014E+03  0.16501E+03 -0.17373E+02 -0.91042E+01 -0.11977E+03      298.00
  0.10377E-01  0.38544E+03   -0.82500E-02 -0.82500E-02  0.16500E-01  0.00000E+00  0.00000E+00  0.00000E+00    0.35365E+02 -0.20147E+03  0.16610E+03 -0.16593E+02 -0.85178E+01 -0.12024E+03      298.00
  0.10701E-01  0.38734E+03   -0.85000E-02 -0.85000E-02  0.17000E-01  0.00000E+00  0.00000E+00  0.00000E+00    0.35574E+02 -0.20273E+03  0.16715E+03 -0.15709E+02 -0.78541E+01 -0.12063E+03      298.00
  0.11024E-01  0.38924E+03   -0.87500E-02 -0.87500E-02  0.17500E-01  0.00000E+00  0.00000E+00  0.00000E+00    0.35786E+02 -0.20400E+03  0.16821E+03 -0.14720E+02 -0.71060E+01 -0.12100E+03      298.00
  0.11348E-01  0.39104E+03   -0.90000E-02 -0.90000E-02  0.18000E-01  0.00000E+00  0.00000E+00  0.00000E+00    0.35978E+02 -0.20523E+03  0.16925E+03 -0.13622E+02 -0.62800E+01 -0.12132E+03      298.00
  0.11673E-01  0.39275E+03   -0.92500E-02 -0.92500E-02  0.18500E-01  0.00000E+00  0.00000E+00  0.00000E+00    0.36153E+02 -0.20643E+03  0.17028E+03 -0.12379E+02 -0.53419E+01 -0.12157E+03      298.00
  0.11998E-01  0.39436E+03   -0.95000E-02 -0.95000E-02  0.19000E-01  0.00000E+00  0.00000E+00  0.00000E+00    0.36307E+02 -0.20760E+03  0.17129E+03 -0.10969E+02 -0.42776E+01 -0.12175E+03      298.00
  0.12324E-01  0.39589E+03   -0.97500E-02 -0.97500E-02  0.19500E-01  0.00000E+00  0.00000E+00  0.00000E+00    0.36440E+02 -0.20873E+03  0.17230E+03 -0.93941E+01 -0.30866E+01 -0.12187E+03      298.00
  0.12650E-01  0.39728E+03   -0.10000E-01 -0.10000E-01  0.20000E-01  0.00000E+00  0.00000E+00  0.00000E+00    0.36537E+02 -0.20982E+03  0.17328E+03 -0.76031E+01 -0.17332E+01 -0.12189E+03      298.00
  0.12977E-01  0.39859E+03   -0.10250E-01 -0.10250E-01  0.20500E-01  0.00000E+00  0.00000E+00  0.00000E+00    0.36608E+02 -0.21087E+03  0.17426E+03 -0.55808E+01 -0.20215E+00 -0.12182E+03      298.00
  0.13305E-01  0.39982E+03   -0.10500E-01 -0.10500E-01  0.21000E-01  0.00000E+00  0.00000E+00  0.00000E+00    0.36642E+02 -0.21188E+03  0.17524E+03 -0.33204E+01  0.15093E+01 -0.12165E+03      298.00
  0.13634E-01  0.40095E+03   -0.10750E-01 -0.10750E-01  0.21500E-01  0.00000E+00  0.00000E+00  0.00000E+00    0.36633E+02 -0.21283E+03  0.17620E+03 -0.78745E+00  0.34268E+01 -0.12138E+03      298.00
  0.13964E-01  0.40201E+03   -0.11000E-01 -0.11000E-01  0.22000E-01  0.00000E+00  0.00000E+00  0.00000E+00    0.36578E+02 -0.21373E+03  0.17715E+03  0.20380E+01  0.55642E+01 -0.12098E+03      298.00
  0.14294E-01  0.40305E+03   -0.11250E-01 -0.11250E-01  0.22500E-01  0.00000E+00  0.00000E+00  0.00000E+00    0.36480E+02 -0.21457E+03  0.17809E+03  0.51326E+01  0.79028E+01 -0.12049E+03      298.00
  0.14626E-01  0.40410E+03   -0.11500E-01 -0.11500E-01  0.23000E-01  0.00000E+00  0.00000E+00  0.00000E+00    0.36338E+02 -0.21537E+03  0.17903E+03  0.84803E+01  0.10428E+02 -0.11990E+03      298.00
  0.14958E-01  0.40518E+03   -0.11750E-01 -0.11750E-01  0.23500E-01  0.00000E+00  0.00000E+00  0.00000E+00    0.36148E+02 -0.21610E+03  0.17995E+03  0.12082E+02  0.13137E+02 -0.11920E+03      298.00
  0.15291E-01  0.40635E+03   -0.12000E-01 -0.12000E-01  0.24000E-01  0.00000E+00  0.00000E+00  0.00000E+00    0.35920E+02 -0.21680E+03  0.18088E+03  0.15874E+02  0.15980E+02 -0.11844E+03      298.00
  0.15625E-01  0.40762E+03   -0.12250E-01 -0.12250E-01  0.24500E-01  0.00000E+00  0.00000E+00  0.00000E+00    0.35657E+02 -0.21744E+03  0.18179E+03  0.19836E+02  0.18939E+02 -0.11761E+03      298.00
  0.15959E-01  0.40907E+03   -0.12500E-01 -0.12500E-01  0.25000E-01  0.00000E+00  0.00000E+00  0.00000E+00    0.35365E+02 -0.21807E+03  0.18271E+03  0.23948E+02  0.21999E+02 -0.11674E+03      298.00
          Evm          Svm            E11          E22          E33          E23          E13          E12         SDEV11       SDEV22       SDEV33       SDEV23       SDEV13       SDEV12      TEMP
  0.15959E-01  0.40906E+03   -0.12500E-01 -0.12500E-01  0.25000E-01  0.00000E+00  0.00000E+00  0.00000E+00    0.35380E+02 -0.21807E+03  0.18269E+03  0.23783E+02  0.21873E+02 -0.11679E+03      298.00
  0.16294E-01  0.41065E+03   -0.12750E-01 -0.12750E-01  0.25500E-01  0.00000E+00  0.00000E+00  0.00000E+00    0.35035E+02 -0.21864E+03  0.18360E+03  0.28176E+02  0.25129E+02 -0.11582E+03      298.00
  0.16630E-01  0.41239E+03   -0.13000E-01 -0.13000E-01  0.26000E-01  0.00000E+00  0.00000E+00  0.00000E+00    0.34677E+02 -0.21917E+03  0.18450E+03  0.32504E+02  0.28316E+02 -0.11486E+03      298.00
  0.16965E-01  0.41434E+03   -0.13250E-01 -0.13250E-01  0.26500E-01  0.00000E+00  0.00000E+00  0.00000E+00    0.34289E+02 -0.21968E+03  0.18539E+03  0.36932E+02  0.31561E+02 -0.11386E+03      298.00
  0.17301E-01  0.41648E+03   -0.13500E-01 -0.13500E-01  0.27000E-01  0.00000E+00  0.00000E+00  0.00000E+00    0.33876E+02 -0.22015E+03  0.18627E+03  0.41436E+02  0.34843E+02 -0.11284E+03      298.00
  0.17636E-01  0.41881E+03   -0.13750E-01 -0.13750E-01  0.27500E-01  0.00000E+00  0.00000E+00  0.00000E+00    0.33433E+02 -0.22058E+03  0.18715E+03  0.46027E+02  0.38171E+02 -0.11178E+03      298.00
  0.17971E-01  0.42136E+03   -0.14000E-01 -0.14000E-01  0.28000E-01  0.00000E+00  0.00000E+00  0.00000E+00    0.32962E+02 -0.22097E+03  0.18801E+03  0.50698E+02  0.41536E+02 -0.11069E+03      298.00
  0.18306E-01  0.42415E+03   -0.14250E-01 -0.14250E-01  0.28500E-01  0.00000E+00  0.00000E+00  0.00000E+00    0.32457E+02 -0.22134E+03  0.18888E+03  0.55483E+02  0.44965E+02 -0.10958E+03      298.00
  0.18640E-01  0.42715E+03   -0.14500E-01 -0.14500E-01  0.29000E-01  0.00000E+00  0.00000E+00  0.00000E+00    0.31921E+02 -0.22165E+03  0.18973E+03  0.60360E+02  0.48438E+02 -0.10842E+03      298.00
  0.18973E-01  0.43041E+03   -0.14750E-01 -0.14750E-01  0.29500E-01  0.00000E+00  0.00000E+00  0.00000E+00    0.31348E+02 -0.22194E+03  0.19059E+03  0.65350E+02  0.51970E+02 -0.10723E+03      298.00
  0.19305E-01  0.43393E+03   -0.15000E-01 -0.15000E-01  0.30000E-01  0.00000E+00  0.00000E+00  0.00000E+00    0.30737E+02 -0.22218E+03  0.19144E+03  0.70462E+02  0.55566E+02 -0.10600E+03      298.00
  0.19636E-01  0.43773E+03   -0.15250E-01 -0.15250E-01  0.30500E-01  0.00000E+00  0.00000E+00  0.00000E+00    0.30087E+02 -0.22237E+03  0.19228E+03  0.75700E+02  0.59225E+02 -0.10473E+03      298.00
  0.19965E-01  0.44177E+03   -0.15500E-01 -0.15500E-01  0.31000E-01  0.00000E+00  0.00000E+00  0.00000E+00    0.29392E+02 -0.22250E+03  0.19311E+03  0.81054E+02  0.62935E+02 -0.10341E+03      298.00
  0.20293E-01  0.44619E+03   -0.15750E-01 -0.15750E-01  0.31500E-01  0.00000E+00  0.00000E+00  0.00000E+00    0.28672E+02 -0.22264E+03  0.19397E+03  0.86534E+02  0.66707E+02 -0.10207E+03      298.00
  0.20619E-01  0.45087E+03   -0.16000E-01 -0.16000E-01  0.32000E-01  0.00000E+00  0.00000E+00  0.00000E+00    0.27907E+02 -0.22271E+03  0.19480E+03  0.92141E+02  0.70529E+02 -0.10067E+03      298.00
  0.20943E-01  0.45575E+03   -0.16250E-01 -0.16250E-01  0.32500E-01  0.00000E+00  0.00000E+00  0.00000E+00    0.27104E+02 -0.22270E+03  0.19560E+03  0.97804E+02  0.74342E+02 -0.99234E+02      298.00
  0.21265E-01  0.46103E+03   -0.16500E-01 -0.16500E-01  0.33000E-01  0.00000E+00  0.00000E+00  0.00000E+00    0.26308E+02 -0.22276E+03  0.19645E+03  0.10352E+03  0.78158E+02 -0.97821E+02      298.00
  0.21585E-01  0.46645E+03   -0.16750E-01 -0.16750E-01  0.33500E-01  0.00000E+00  0.00000E+00  0.00000E+00    0.25475E+02 -0.22273E+03  0.19726E+03  0.10928E+03  0.81941E+02 -0.96351E+02      298.00
  0.21902E-01  0.47216E+03   -0.17000E-01 -0.17000E-01  0.34000E-01  0.00000E+00  0.00000E+00  0.00000E+00    0.24650E+02 -0.22273E+03  0.19809E+03  0.11505E+03  0.85681E+02 -0.94898E+02      298.00
  0.22217E-01  0.47802E+03   -0.17250E-01 -0.17250E-01  0.34500E-01  0.00000E+00  0.00000E+00  0.00000E+00    0.23811E+02 -0.22271E+03  0.19890E+03  0.12080E+03  0.89352E+02 -0.93427E+02      298.00
  0.22529E-01  0.48414E+03   -0.17500E-01 -0.17500E-01  0.35000E-01  0.00000E+00  0.00000E+00  0.00000E+00    0.22947E+02 -0.22264E+03  0.19969E+03  0.12666E+03  0.93038E+02 -0.91898E+02      298.00
  0.22838E-01  0.49031E+03   -0.17750E-01 -0.17750E-01  0.35500E-01  0.00000E+00  0.00000E+00  0.00000E+00    0.22120E+02 -0.22262E+03  0.20050E+03  0.13232E+03  0.96549E+02 -0.90444E+02      298.00
  0.23145E-01  0.49685E+03   -0.18000E-01 -0.18000E-01  0.36000E-01  0.00000E+00  0.00000E+00  0.00000E+00    0.21270E+02 -0.22260E+03  0.20133E+03  0.13814E+03  0.10012E+03 -0.88947E+02      298.00
  0.23449E-01  0.50350E+03   -0.18250E-01 -0.18250E-01  0.36500E-01  0.00000E+00  0.00000E+00  0.00000E+00    0.20379E+02 -0.22249E+03  0.20211E+03  0.14402E+03  0.10367E+03 -0.87382E+02      298.00
  0.23750E-01  0.51048E+03   -0.18500E-01 -0.18500E-01  0.37000E-01  0.00000E+00  0.00000E+00  0.00000E+00    0.19481E+02 -0.22240E+03  0.20291E+03  0.14998E+03  0.10723E+03 -0.85808E+02      298.00
  0.24048E-01  0.51772E+03   -0.18750E-01 -0.18750E-01  0.37500E-01  0.00000E+00  0.00000E+00  0.00000E+00    0.18549E+02 -0.22226E+03  0.20371E+03  0.15606E+03  0.11082E+03 -0.84182E+02      298.00
  0.24343E-01  0.52526E+03   -0.19000E-01 -0.19000E-01  0.38000E-01  0.00000E+00  0.00000E+00  0.00000E+00    0.17582E+02 -0.22209E+03  0.20451E+03  0.16227E+03  0.11445E+03 -0.82507E+02      298.00
  0.24635E-01  0.53314E+03   -0.19250E-01 -0.19250E-01  0.38500E-01  0.00000E+00  0.00000E+00  0.00000E+00    0.16572E+02 -0.22187E+03  0.20530E+03  0.16864E+03  0.11814E+03 -0.80771E+02      298.00
  0.24924E-01  0.54138E+03   -0.19500E-01 -0.19500E-01  0.39000E-01  0.00000E+00  0.00000E+00  0.00000E+00    0.15517E+02 -0.22161E+03  0.20609E+03  0.17518E+03  0.12190E+03 -0.78974E+02      298.00
  0.25209E-01  0.55000E+03   -0.19750E-01 -0.19750E-01  0.39500E-01  0.00000E+00  0.00000E+00  0.00000E+00    0.14412E+02 -0.22129E+03  0.20688E+03  0.18191E+03  0.12573E+03 -0.77112E+02      298.00
  0.25491E-01  0.55907E+03   -0.20000E-01 -0.20000E-01  0.40000E-01  0.00000E+00  0.00000E+00  0.00000E+00    0.13246E+02 -0.22091E+03  0.20767E+03  0.18887E+03  0.12967E+03 -0.75166E+02      298.00
  0.25770E-01  0.56856E+03   -0.20250E-01 -0.20250E-01  0.40500E-01  0.00000E+00  0.00000E+00  0.00000E+00    0.12023E+02 -0.22047E+03  0.20845E+03  0.19603E+03  0.13369E+03 -0.73150E+02      298.00
  0.26045E-01  0.57857E+03   -0.20500E-01 -0.20500E-01  0.41000E-01  0.00000E+00  0.00000E+00  0.00000E+00    0.10731E+02 -0.21997E+03  0.20924E+03  0.20346E+03  0.13783E+03 -0.71044E+02      298.00
  0.26316E-01  0.58910E+03   -0.20750E-01 -0.20750E-01  0.41500E-01  0.00000E+00  0.00000E+00  0.00000E+00    0.93662E+01 -0.21939E+03  0.21002E+03  0.21116E+03  0.14209E+03 -0.68846E+02      298.00
  0.26584E-01  0.60019E+03   -0.21000E-01 -0.21000E-01  0.42000E-01  0.00000E+00  0.00000E+00  0.00000E+00    0.79251E+01 -0.21873E+03  0.21080E+03  0.21913E+03  0.14648E+03 -0.66555E+02      298.00
  0.26847E-01  0.61185E+03   -0.21250E-01 -0.21250E-01  0.42500E-01  0.00000E+00  0.00000E+00  0.00000E+00    0.64052E+01 -0.21799E+03  0.21159E+03  0.22739E+03  0.15100E+03 -0.64172E+02      298.00
  0.27106E-01  0.62423E+03   -0.21500E-01 -0.21500E-01  0.43000E-01  0.00000E+00  0.00000E+00  0.00000E+00    0.47857E+01 -0.21715E+03  0.21237E+03  0.23602E+03  0.15570E+03 -0.61660E+02      298.00
  0.27362E-01  0.63739E+03   -0.21750E-01 -0.21750E-01  0.43500E-01  0.00000E+00  0.00000E+00  0.00000E+00    0.30591E+01 -0.21621E+03  0.21315E+03  0.24506E+03  0.16060E+03 -0.59013E+02      298.00
  0.27612E-01  0.65135E+03   -0.22000E-01 -0.22000E-01  0.44000E-01  0.00000E+00  0.00000E+00  0.00000E+00    0.12211E+01 -0.21516E+03  0.21393E+03  0.25451E+03  0.16569E+03 -0.56230E+02      298.00
  0.27859E-01  0.66616E+03   -0.22250E-01 -0.22250E-01  0.44500E-01  0.00000E+00  0.00000E+00  0.00000E+00   -0.73086E+00 -0.21399E+03  0.21472E+03  0.26438E+03  0.17098E+03 -0.53308E+02      298.00
  0.28100E-01  0.68156E+03   -0.22500E-01 -0.22500E-01  0.45000E-01  0.00000E+00  0.00000E+00  0.00000E+00   -0.27625E+01 -0.21273E+03  0.21550E+03  0.27450E+03  0.17638E+03 -0.50309E+02      298.00
  0.28338E-01  0.69690E+03   -0.22750E-01 -0.22750E-01  0.45500E-01  0.00000E+00  0.00000E+00  0.00000E+00   -0.47796E+01 -0.21150E+03  0.21628E+03  0.28440E+03  0.18164E+03 -0.47403E+02      298.00
  0.28570E-01  0.70770E+03   -0.23000E-01 -0.23000E-01  0.46000E-01  0.00000E+00  0.00000E+00  0.00000E+00   -0.61547E+01 -0.21091E+03  0.21707E+03  0.29110E+03  0.18521E+03 -0.45637E+02      298.00
  0.28800E-01  0.71495E+03   -0.23250E-01 -0.23250E-01  0.46500E-01  0.00000E+00  0.00000E+00  0.00000E+00   -0.69973E+01 -0.21085E+03  0.21785E+03  0.29537E+03  0.18751E+03 -0.44703E+02      298.00
  0.29029E-01  0.72232E+03   -0.23500E-01 -0.23500E-01  0.47000E-01  0.00000E+00  0.00000E+00  0.00000E+00   -0.78443E+01 -0.21081E+03  0.21865E+03  0.29969E+03  0.18982E+03 -0.43753E+02      298.00
  0.29256E-01  0.72917E+03   -0.23750E-01 -0.23750E-01  0.47500E-01  0.00000E+00  0.00000E+00  0.00000E+00   -0.86199E+01 -0.21082E+03  0.21944E+03  0.30366E+03  0.19195E+03 -0.42916E+02      298.00
  0.29482E-01  0.73514E+03   -0.24000E-01 -0.24000E-01  0.48000E-01  0.00000E+00  0.00000E+00  0.00000E+00   -0.92812E+01 -0.21090E+03  0.22018E+03  0.30706E+03  0.19379E+03 -0.42243E+02      298.00
  0.29706E-01  0.74057E+03   -0.24250E-01 -0.24250E-01  0.48500E-01  0.00000E+00  0.00000E+00  0.00000E+00   -0.98505E+01 -0.21115E+03  0.22100E+03  0.31005E+03  0.19539E+03 -0.41768E+02      298.00
  0.29930E-01  0.74533E+03   -0.24500E-01 -0.24500E-01  0.49000E-01  0.00000E+00  0.00000E+00  0.00000E+00   -0.10338E+02 -0.21144E+03  0.22177E+03  0.31262E+03  0.19679E+03 -0.41399E+02      298.00
  0.30153E-01  0.74999E+03   -0.24750E-01 -0.24750E-01  0.49500E-01  0.00000E+00  0.00000E+00  0.00000E+00   -0.10807E+02 -0.21182E+03  0.22262E+03  0.31505E+03  0.19815E+03 -0.41200E+02      298.00
  0.30376E-01  0.75414E+03   -0.25000E-01 -0.25000E-01  0.50000E-01  0.00000E+00  0.00000E+00  0.00000E+00   -0.11234E+02 -0.21205E+03  0.22328E+03  0.31732E+03  0.19937E+03 -0.40802E+02      298.00
          Evm          Svm            E11          E22          E33          E23          E13          E12         SDEV11       SDEV22       SDEV33       SDEV23       SDEV13       SDEV12      TEMP
  0.30376E-01  0.75368E+03   -0.25000E-01 -0.25000E-01  0.50000E-01  0.00000E+00  0.00000E+00  0.00000E+00   -0.11110E+02 -0.21218E+03  0.22329E+03  0.31699E+03  0.19922E+03 -0.40883E+02      298.00
  0.30598E-01  0.75814E+03   -0.25250E-01 -0.25250E-01  0.50500E-01  0.00000E+00  0.00000E+00  0.00000E+00   -0.11607E+02 -0.21245E+03  0.22406E+03  0.31937E+03  0.20052E+03 -0.40615E+02      298.00
  0.30820E-01  0.76199E+03   -0.25500E-01 -0.25500E-01  0.51000E-01  0.00000E+00  0.00000E+00  0.00000E+00   -0.11851E+02 -0.21309E+03  0.22494E+03  0.32124E+03  0.20157E+03 -0.40520E+02      298.00
  0.31041E-01  0.76569E+03   -0.25750E-01 -0.25750E-01  0.51500E-01  0.00000E+00  0.00000E+00  0.00000E+00   -0.12199E+02 -0.21356E+03  0.22576E+03  0.32308E+03  0.20260E+03 -0.40467E+02      298.00
  0.31262E-01  0.76898E+03   -0.26000E-01 -0.26000E-01  0.52000E-01  0.00000E+00  0.00000E+00  0.00000E+00   -0.12555E+02 -0.21377E+03  0.22632E+03  0.32486E+03  0.20354E+03 -0.40153E+02      298.00
  0.31483E-01  0.77247E+03   -0.26250E-01 -0.26250E-01  0.52500E-01  0.00000E+00  0.00000E+00  0.00000E+00   -0.12865E+02 -0.21422E+03  0.22708E+03  0.32659E+03  0.20453E+03 -0.40058E+02      298.00
  0.31703E-01  0.77573E+03   -0.26500E-01 -0.26500E-01  0.53000E-01  0.00000E+00  0.00000E+00  0.00000E+00   -0.13146E+02 -0.21469E+03  0.22784E+03  0.32817E+03  0.20542E+03 -0.40003E+02      298.00
  0.31924E-01  0.77889E+03   -0.26750E-01 -0.26750E-01  0.53500E-01  0.00000E+00  0.00000E+00  0.00000E+00   -0.13425E+02 -0.21516E+03  0.22859E+03  0.32972E+03  0.20628E+03 -0.39947E+02      298.00
  0.32144E-01  0.78199E+03   -0.27000E-01 -0.27000E-01  0.54000E-01  0.00000E+00  0.00000E+00  0.00000E+00   -0.13706E+02 -0.21561E+03  0.22932E+03  0.33124E+03  0.20711E+03 -0.39885E+02      298.00
  0.32364E-01  0.78482E+03   -0.27250E-01 -0.27250E-01  0.54500E-01  0.00000E+00  0.00000E+00  0.00000E+00   -0.13935E+02 -0.21612E+03  0.23006E+03  0.33257E+03  0.20787E+03 -0.39885E+02      298.00
  0.32584E-01  0.78778E+03   -0.27500E-01 -0.27500E-01  0.55000E-01  0.00000E+00  0.00000E+00  0.00000E+00   -0.14207E+02 -0.21657E+03  0.23078E+03  0.33400E+03  0.20865E+03 -0.39843E+02      298.00
  0.32803E-01  0.79071E+03   -0.27750E-01 -0.27750E-01  0.55500E-01  0.00000E+00  0.00000E+00  0.00000E+00   -0.14475E+02 -0.21704E+03  0.23151E+03  0.33541E+03  0.20944E+03 -0.39831E+02      298.00
  0.33023E-01  0.79335E+03   -0.28000E-01 -0.28000E-01  0.56000E-01  0.00000E+00  0.00000E+00  0.00000E+00   -0.14692E+02 -0.21755E+03  0.23224E+03  0.33662E+03  0.21014E+03 -0.39866E+02      298.00
  0.33242E-01  0.79621E+03   -0.28250E-01 -0.28250E-01  0.56500E-01  0.00000E+00  0.00000E+00  0.00000E+00   -0.14955E+02 -0.21803E+03  0.23298E+03  0.33796E+03  0.21092E+03 -0.39895E+02      298.00
  0.33462E-01  0.79874E+03   -0.28500E-01 -0.28500E-01  0.57000E-01  0.00000E+00  0.00000E+00  0.00000E+00   -0.15151E+02 -0.21855E+03  0.23371E+03  0.33911E+03  0.21158E+03 -0.39934E+02      298.00
  0.33681E-01  0.80157E+03   -0.28750E-01 -0.28750E-01  0.57500E-01  0.00000E+00  0.00000E+00  0.00000E+00   -0.15401E+02 -0.21904E+03  0.23444E+03  0.34043E+03  0.21234E+03 -0.39950E+02      298.00
  0.33901E-01  0.80364E+03   -0.29000E-01 -0.29000E-01  0.58000E-01  0.00000E+00  0.00000E+00  0.00000E+00   -0.15531E+02 -0.21959E+03  0.23512E+03  0.34136E+03  0.21279E+03 -0.39952E+02      298.00
  0.34120E-01  0.80688E+03   -0.29250E-01 -0.29250E-01  0.58500E-01  0.00000E+00  0.00000E+00  0.00000E+00   -0.15896E+02 -0.21999E+03  0.23588E+03  0.34291E+03  0.21374E+03 -0.40008E+02      298.00
  0.34339E-01  0.80919E+03   -0.29500E-01 -0.29500E-01  0.59000E-01  0.00000E+00  0.00000E+00  0.00000E+00   -0.16005E+02 -0.22058E+03  0.23659E+03  0.34392E+03  0.21434E+03 -0.40011E+02      298.00
  0.34559E-01  0.81150E+03   -0.29750E-01 -0.29750E-01  0.59500E-01  0.00000E+00  0.00000E+00  0.00000E+00   -0.16150E+02 -0.22114E+03  0.23729E+03  0.34493E+03  0.21493E+03 -0.40054E+02      298.00
  0.34778E-01  0.81357E+03   -0.30000E-01 -0.30000E-01  0.60000E-01  0.00000E+00  0.00000E+00  0.00000E+00   -0.16380E+02 -0.22158E+03  0.23796E+03  0.34590E+03  0.21537E+03 -0.40085E+02      298.00
  0.34997E-01  0.81601E+03   -0.30250E-01 -0.30250E-01  0.60500E-01  0.00000E+00  0.00000E+00  0.00000E+00   -0.16547E+02 -0.22215E+03  0.23870E+03  0.34690E+03  0.21608E+03 -0.40242E+02      298.00
  0.35217E-01  0.81893E+03   -0.30500E-01 -0.30500E-01  0.61000E-01  0.00000E+00  0.00000E+00  0.00000E+00   -0.16784E+02 -0.22260E+03  0.23939E+03  0.34835E+03  0.21685E+03 -0.40066E+02      298.00
  0.35436E-01  0.82108E+03   -0.30750E-01 -0.30750E-01  0.61500E-01  0.00000E+00  0.00000E+00  0.00000E+00   -0.16944E+02 -0.22313E+03  0.24008E+03  0.34928E+03  0.21740E+03 -0.40141E+02      298.00
  0.35655E-01  0.82321E+03   -0.31000E-01 -0.31000E-01  0.62000E-01  0.00000E+00  0.00000E+00  0.00000E+00   -0.17108E+02 -0.22366E+03  0.24077E+03  0.35019E+03  0.21793E+03 -0.40218E+02      298.00
  0.35875E-01  0.82532E+03   -0.31250E-01 -0.31250E-01  0.62500E-01  0.00000E+00  0.00000E+00  0.00000E+00   -0.17275E+02 -0.22418E+03  0.24146E+03  0.35110E+03  0.21846E+03 -0.40295E+02      298.00
  0.36094E-01  0.82741E+03   -0.31500E-01 -0.31500E-01  0.63000E-01  0.00000E+00  0.00000E+00  0.00000E+00   -0.17445E+02 -0.22470E+03  0.24214E+03  0.35200E+03  0.21899E+03 -0.40374E+02      298.00
  0.36314E-01  0.82949E+03   -0.31750E-01 -0.31750E-01  0.63500E-01  0.00000E+00  0.00000E+00  0.00000E+00   -0.17616E+02 -0.22521E+03  0.24283E+03  0.35289E+03  0.21951E+03 -0.40452E+02      298.00
  0.36533E-01  0.83155E+03   -0.32000E-01 -0.32000E-01  0.64000E-01  0.00000E+00  0.00000E+00  0.00000E+00   -0.17789E+02 -0.22572E+03  0.24351E+03  0.35378E+03  0.22003E+03 -0.40531E+02      298.00
  0.36753E-01  0.83359E+03   -0.32250E-01 -0.32250E-01  0.64500E-01  0.00000E+00  0.00000E+00  0.00000E+00   -0.17963E+02 -0.22622E+03  0.24418E+03  0.35465E+03  0.22054E+03 -0.40610E+02      298.00
  0.36972E-01  0.83562E+03   -0.32500E-01 -0.32500E-01  0.65000E-01  0.00000E+00  0.00000E+00  0.00000E+00   -0.18137E+02 -0.22672E+03  0.24486E+03  0.35552E+03  0.22105E+03 -0.40689E+02      298.00
  0.37192E-01  0.83769E+03   -0.32750E-01 -0.32750E-01  0.65500E-01  0.00000E+00  0.00000E+00  0.00000E+00   -0.18396E+02 -0.22716E+03  0.24555E+03  0.35639E+03  0.22159E+03 -0.40878E+02      298.00
  0.37412E-01  0.83989E+03   -0.33000E-01 -0.33000E-01  0.66000E-01  0.00000E+00  0.00000E+00  0.00000E+00   -0.18736E+02 -0.22720E+03  0.24594E+03  0.35764E+03  0.22217E+03 -0.40534E+02      298.00
  0.37632E-01  0.84262E+03   -0.33250E-01 -0.33250E-01  0.66500E-01  0.00000E+00  0.00000E+00  0.00000E+00   -0.18686E+02 -0.22819E+03  0.24687E+03  0.35871E+03  0.22287E+03 -0.40585E+02      298.00
  0.37851E-01  0.84433E+03   -0.33500E-01 -0.33500E-01  0.67000E-01  0.00000E+00  0.00000E+00  0.00000E+00   -0.19138E+02 -0.22839E+03  0.24753E+03  0.35951E+03  0.22320E+03 -0.40869E+02      298.00
  0.38071E-01  0.84633E+03   -0.33750E-01 -0.33750E-01  0.67500E-01  0.00000E+00  0.00000E+00  0.00000E+00   -0.19120E+02 -0.22906E+03  0.24818E+03  0.36030E+03  0.22374E+03 -0.40812E+02      298.00
  0.38291E-01  0.84820E+03   -0.34000E-01 -0.34000E-01  0.68000E-01  0.00000E+00  0.00000E+00  0.00000E+00   -0.19288E+02 -0.22956E+03  0.24885E+03  0.36107E+03  0.22421E+03 -0.40922E+02      298.00
  0.38511E-01  0.85005E+03   -0.34250E-01 -0.34250E-01  0.68500E-01  0.00000E+00  0.00000E+00  0.00000E+00   -0.19475E+02 -0.23003E+03  0.24951E+03  0.36184E+03  0.22466E+03 -0.41023E+02      298.00
  0.38731E-01  0.85189E+03   -0.34500E-01 -0.34500E-01  0.69000E-01  0.00000E+00  0.00000E+00  0.00000E+00   -0.19660E+02 -0.23050E+03  0.25016E+03  0.36261E+03  0.22511E+03 -0.41122E+02      298.00
  0.38952E-01  0.85371E+03   -0.34750E-01 -0.34750E-01  0.69500E-01  0.00000E+00  0.00000E+00  0.00000E+00   -0.19844E+02 -0.23097E+03  0.25082E+03  0.36337E+03  0.22555E+03 -0.41218E+02      298.00
  0.39172E-01  0.85551E+03   -0.35000E-01 -0.35000E-01  0.70000E-01  0.00000E+00  0.00000E+00  0.00000E+00   -0.20026E+02 -0.23144E+03  0.25146E+03  0.36412E+03  0.22599E+03 -0.41312E+02      298.00
  0.39392E-01  0.85730E+03   -0.35250E-01 -0.35250E-01  0.70500E-01  0.00000E+00  0.00000E+00  0.00000E+00   -0.20206E+02 -0.23190E+03  0.25211E+03  0.36487E+03  0.22643E+03 -0.41404E+02      298.00
  0.39613E-01  0.85907E+03   -0.35500E-01 -0.35500E-01  0.71000E-01  0.00000E+00  0.00000E+00  0.00000E+00   -0.20385E+02 -0.23237E+03  0.25276E+03  0.36560E+03  0.22686E+03 -0.41495E+02      298.00
  0.39834E-01  0.86083E+03   -0.35750E-01 -0.35750E-01  0.71500E-01  0.00000E+00  0.00000E+00  0.00000E+00   -0.20563E+02 -0.23283E+03  0.25340E+03  0.36633E+03  0.22728E+03 -0.41585E+02      298.00
  0.40054E-01  0.86257E+03   -0.36000E-01 -0.36000E-01  0.72000E-01  0.00000E+00  0.00000E+00  0.00000E+00   -0.20741E+02 -0.23330E+03  0.25404E+03  0.36705E+03  0.22771E+03 -0.41674E+02      298.00
  0.40275E-01  0.86459E+03   -0.36250E-01 -0.36250E-01  0.72500E-01  0.00000E+00  0.00000E+00  0.00000E+00   -0.21015E+02 -0.23371E+03  0.25473E+03  0.36788E+03  0.22828E+03 -0.41885E+02      298.00
  0.40496E-01  0.86633E+03   -0.36500E-01 -0.36500E-01  0.73000E-01  0.00000E+00  0.00000E+00  0.00000E+00   -0.21195E+02 -0.23417E+03  0.25536E+03  0.36860E+03  0.22870E+03 -0.41960E+02      298.00
  0.40717E-01  0.86808E+03   -0.36750E-01 -0.36750E-01  0.73500E-01  0.00000E+00  0.00000E+00  0.00000E+00   -0.21375E+02 -0.23462E+03  0.25600E+03  0.36933E+03  0.22913E+03 -0.42034E+02      298.00
  0.40939E-01  0.86981E+03   -0.37000E-01 -0.37000E-01  0.74000E-01  0.00000E+00  0.00000E+00  0.00000E+00   -0.21554E+02 -0.23507E+03  0.25663E+03  0.37005E+03  0.22955E+03 -0.42107E+02      298.00
  0.41160E-01  0.87153E+03   -0.37250E-01 -0.37250E-01  0.74500E-01  0.00000E+00  0.00000E+00  0.00000E+00   -0.21734E+02 -0.23552E+03  0.25726E+03  0.37076E+03  0.22996E+03 -0.42182E+02      298.00
  0.41381E-01  0.87322E+03   -0.37500E-01 -0.37500E-01  0.75000E-01  0.00000E+00  0.00000E+00  0.00000E+00   -0.21913E+02 -0.23597E+03  0.25789E+03  0.37146E+03  0.23037E+03 -0.42256E+02      298.00
          Evm          Svm            E11          E22          E33          E23          E13          E12         SDEV11       SDEV22       SDEV33       SDEV23       SDEV13       SDEV12      TEMP
  0.41381E-01  0.87347E+03   -0.37500E-01 -0.37500E-01  0.75000E-01  0.00000E+00  0.00000E+00  0.00000E+00   -0.22007E+02 -0.23587E+03  0.25788E+03  0.37167E+03  0.23041E+03 -0.42183E+02      298.00
  0.41603E-01  0.87490E+03   -0.37750E-01 -0.37750E-01  0.75500E-01  0.00000E+00  0.00000E+00  0.00000E+00   -0.22094E+02 -0.23642E+03  0.25851E+03  0.37215E+03  0.23078E+03 -0.42334E+02      298.00
  0.41824E-01  0.87656E+03   -0.38000E-01 -0.38000E-01  0.76000E-01  0.00000E+00  0.00000E+00  0.00000E+00   -0.22273E+02 -0.23686E+03  0.25913E+03  0.37283E+03  0.23118E+03 -0.42408E+02      298.00
  0.42046E-01  0.87865E+03   -0.38250E-01 -0.38250E-01  0.76500E-01  0.00000E+00  0.00000E+00  0.00000E+00   -0.22493E+02 -0.23729E+03  0.25978E+03  0.37374E+03  0.23176E+03 -0.42446E+02      298.00
  0.42268E-01  0.87980E+03   -0.38500E-01 -0.38500E-01  0.77000E-01  0.00000E+00  0.00000E+00  0.00000E+00   -0.22551E+02 -0.23793E+03  0.26048E+03  0.37400E+03  0.23201E+03 -0.42744E+02      298.00
  0.42490E-01  0.88190E+03   -0.38750E-01 -0.38750E-01  0.77500E-01  0.00000E+00  0.00000E+00  0.00000E+00   -0.22859E+02 -0.23815E+03  0.26101E+03  0.37507E+03  0.23253E+03 -0.42585E+02      298.00
  0.42712E-01  0.88306E+03   -0.39000E-01 -0.39000E-01  0.78000E-01  0.00000E+00  0.00000E+00  0.00000E+00   -0.22908E+02 -0.23884E+03  0.26175E+03  0.37531E+03  0.23278E+03 -0.42924E+02      298.00
  0.42934E-01  0.88508E+03   -0.39250E-01 -0.39250E-01  0.78500E-01  0.00000E+00  0.00000E+00  0.00000E+00   -0.23221E+02 -0.23902E+03  0.26224E+03  0.37637E+03  0.23329E+03 -0.42735E+02      298.00
  0.43156E-01  0.88623E+03   -0.39500E-01 -0.39500E-01  0.79000E-01  0.00000E+00  0.00000E+00  0.00000E+00   -0.23271E+02 -0.23972E+03  0.26299E+03  0.37660E+03  0.23353E+03 -0.43082E+02      298.00
  0.43379E-01  0.88819E+03   -0.39750E-01 -0.39750E-01  0.79500E-01  0.00000E+00  0.00000E+00  0.00000E+00   -0.23582E+02 -0.23988E+03  0.26346E+03  0.37762E+03  0.23402E+03 -0.42887E+02      298.00
  0.43601E-01  0.88933E+03   -0.40000E-01 -0.40000E-01  0.80000E-01  0.00000E+00  0.00000E+00  0.00000E+00   -0.23633E+02 -0.24058E+03  0.26421E+03  0.37785E+03  0.23425E+03 -0.43233E+02      298.00
  0.43824E-01  0.89089E+03   -0.40250E-01 -0.40250E-01  0.80500E-01  0.00000E+00  0.00000E+00  0.00000E+00   -0.23794E+02 -0.24104E+03  0.26483E+03  0.37844E+03  0.23466E+03 -0.43350E+02      298.00
  0.44047E-01  0.89238E+03   -0.40500E-01 -0.40500E-01  0.81000E-01  0.00000E+00  0.00000E+00  0.00000E+00   -0.23982E+02 -0.24145E+03  0.26543E+03  0.37905E+03  0.23500E+03 -0.43409E+02      298.00
  0.44270E-01  0.89388E+03   -0.40750E-01 -0.40750E-01  0.81500E-01  0.00000E+00  0.00000E+00  0.00000E+00   -0.24159E+02 -0.24187E+03  0.26603E+03  0.37964E+03  0.23535E+03 -0.43491E+02      298.00
  0.44493E-01  0.89535E+03   -0.41000E-01 -0.41000E-01  0.82000E-01  0.00000E+00  0.00000E+00  0.00000E+00   -0.24344E+02 -0.24229E+03  0.26663E+03  0.38023E+03  0.23570E+03 -0.43562E+02      298.00
  0.44717E-01  0.89682E+03   -0.41250E-01 -0.41250E-01  0.82500E-01  0.00000E+00  0.00000E+00  0.00000E+00   -0.24524E+02 -0.24270E+03  0.26723E+03  0.38081E+03  0.23603E+03 -0.43640E+02      298.00
  0.44940E-01  0.89826E+03   -0.41500E-01 -0.41500E-01  0.83000E-01  0.00000E+00  0.00000E+00  0.00000E+00   -0.24708E+02 -0.24311E+03  0.26782E+03  0.38139E+03  0.23637E+03 -0.43714E+02      298.00
  0.45164E-01  0.89970E+03   -0.41750E-01 -0.41750E-01  0.83500E-01  0.00000E+00  0.00000E+00  0.00000E+00   -0.24890E+02 -0.24352E+03  0.26841E+03  0.38196E+03  0.23670E+03 -0.43789E+02      298.00
  0.45388E-01  0.90111E+03   -0.42000E-01 -0.42000E-01  0.84000E-01  0.00000E+00  0.00000E+00  0.00000E+00   -0.25074E+02 -0.24393E+03  0.26900E+03  0.38252E+03  0.23702E+03 -0.43864E+02      298.00
  0.45611E-01  0.90252E+03   -0.42250E-01 -0.42250E-01  0.84500E-01  0.00000E+00  0.00000E+00  0.00000E+00   -0.25257E+02 -0.24433E+03  0.26959E+03  0.38307E+03  0.23734E+03 -0.43940E+02      298.00
  0.45835E-01  0.90391E+03   -0.42500E-01 -0.42500E-01  0.85000E-01  0.00000E+00  0.00000E+00  0.00000E+00   -0.25441E+02 -0.24474E+03  0.27018E+03  0.38362E+03  0.23766E+03 -0.44015E+02      298.00
  0.46060E-01  0.90529E+03   -0.42750E-01 -0.42750E-01  0.85500E-01  0.00000E+00  0.00000E+00  0.00000E+00   -0.25625E+02 -0.24514E+03  0.27076E+03  0.38416E+03  0.23797E+03 -0.44090E+02      298.00
  0.46284E-01  0.90665E+03   -0.43000E-01 -0.43000E-01  0.86000E-01  0.00000E+00  0.00000E+00  0.00000E+00   -0.25809E+02 -0.24554E+03  0.27134E+03  0.38469E+03  0.23828E+03 -0.44165E+02      298.00
  0.46508E-01  0.90800E+03   -0.43250E-01 -0.43250E-01  0.86500E-01  0.00000E+00  0.00000E+00  0.00000E+00   -0.25994E+02 -0.24593E+03  0.27193E+03  0.38522E+03  0.23858E+03 -0.44241E+02      298.00
  0.46733E-01  0.90934E+03   -0.43500E-01 -0.43500E-01  0.87000E-01  0.00000E+00  0.00000E+00  0.00000E+00   -0.26179E+02 -0.24633E+03  0.27251E+03  0.38574E+03  0.23888E+03 -0.44316E+02      298.00
  0.46958E-01  0.91066E+03   -0.43750E-01 -0.43750E-01  0.87500E-01  0.00000E+00  0.00000E+00  0.00000E+00   -0.26364E+02 -0.24672E+03  0.27308E+03  0.38625E+03  0.23917E+03 -0.44391E+02      298.00
  0.47183E-01  0.91197E+03   -0.44000E-01 -0.44000E-01  0.88000E-01  0.00000E+00  0.00000E+00  0.00000E+00   -0.26550E+02 -0.24711E+03  0.27366E+03  0.38676E+03  0.23946E+03 -0.44466E+02      298.00
  0.47408E-01  0.91327E+03   -0.44250E-01 -0.44250E-01  0.88500E-01  0.00000E+00  0.00000E+00  0.00000E+00   -0.26735E+02 -0.24750E+03  0.27423E+03  0.38726E+03  0.23975E+03 -0.44541E+02      298.00
  0.47633E-01  0.91455E+03   -0.44500E-01 -0.44500E-01  0.89000E-01  0.00000E+00  0.00000E+00  0.00000E+00   -0.26922E+02 -0.24788E+03  0.27481E+03  0.38775E+03  0.24003E+03 -0.44616E+02      298.00
  0.47858E-01  0.91582E+03   -0.44750E-01 -0.44750E-01  0.89500E-01  0.00000E+00  0.00000E+00  0.00000E+00   -0.27109E+02 -0.24827E+03  0.27538E+03  0.38824E+03  0.24030E+03 -0.44691E+02      298.00
  0.48084E-01  0.91708E+03   -0.45000E-01 -0.45000E-01  0.90000E-01  0.00000E+00  0.00000E+00  0.00000E+00   -0.27296E+02 -0.24865E+03  0.27594E+03  0.38873E+03  0.24057E+03 -0.44766E+02      298.00
  0.48310E-01  0.91833E+03   -0.45250E-01 -0.45250E-01  0.90500E-01  0.00000E+00  0.00000E+00  0.00000E+00   -0.27484E+02 -0.24903E+03  0.27651E+03  0.38920E+03  0.24084E+03 -0.44841E+02      298.00
  0.48535E-01  0.91956E+03   -0.45500E-01 -0.45500E-01  0.91000E-01  0.00000E+00  0.00000E+00  0.00000E+00   -0.27672E+02 -0.24941E+03  0.27708E+03  0.38967E+03  0.24110E+03 -0.44916E+02      298.00
  0.48761E-01  0.92078E+03   -0.45750E-01 -0.45750E-01  0.91500E-01  0.00000E+00  0.00000E+00  0.00000E+00   -0.27861E+02 -0.24978E+03  0.27764E+03  0.39014E+03  0.24136E+03 -0.44991E+02      298.00
  0.48987E-01  0.92199E+03   -0.46000E-01 -0.46000E-01  0.92000E-01  0.00000E+00  0.00000E+00  0.00000E+00   -0.28051E+02 -0.25015E+03  0.27820E+03  0.39060E+03  0.24162E+03 -0.45066E+02      298.00
  0.49214E-01  0.92319E+03   -0.46250E-01 -0.46250E-01  0.92500E-01  0.00000E+00  0.00000E+00  0.00000E+00   -0.28241E+02 -0.25052E+03  0.27877E+03  0.39105E+03  0.24187E+03 -0.45141E+02      298.00
  0.49440E-01  0.92438E+03   -0.46500E-01 -0.46500E-01  0.93000E-01  0.00000E+00  0.00000E+00  0.00000E+00   -0.28432E+02 -0.25089E+03  0.27932E+03  0.39150E+03  0.24211E+03 -0.45216E+02      298.00
  0.49667E-01  0.92555E+03   -0.46750E-01 -0.46750E-01  0.93500E-01  0.00000E+00  0.00000E+00  0.00000E+00   -0.28624E+02 -0.25126E+03  0.27988E+03  0.39194E+03  0.24235E+03 -0.45291E+02      298.00
  0.49894E-01  0.92671E+03   -0.47000E-01 -0.47000E-01  0.94000E-01  0.00000E+00  0.00000E+00  0.00000E+00   -0.28816E+02 -0.25162E+03  0.28044E+03  0.39238E+03  0.24259E+03 -0.45366E+02      298.00
  0.50121E-01  0.92786E+03   -0.47250E-01 -0.47250E-01  0.94500E-01  0.00000E+00  0.00000E+00  0.00000E+00   -0.29010E+02 -0.25198E+03  0.28099E+03  0.39282E+03  0.24282E+03 -0.45441E+02      298.00
  0.50348E-01  0.92799E+03   -0.47500E-01 -0.47500E-01  0.95000E-01  0.00000E+00  0.00000E+00  0.00000E+00   -0.29067E+02 -0.25242E+03  0.28148E+03  0.39266E+03  0.24268E+03 -0.45633E+02      298.00
  0.50575E-01  0.92964E+03   -0.47750E-01 -0.47750E-01  0.95500E-01  0.00000E+00  0.00000E+00  0.00000E+00   -0.29469E+02 -0.25224E+03  0.28171E+03  0.39374E+03  0.24306E+03 -0.45161E+02      298.00
  0.50803E-01  0.93035E+03   -0.48000E-01 -0.48000E-01  0.96000E-01  0.00000E+00  0.00000E+00  0.00000E+00   -0.29484E+02 -0.25319E+03  0.28267E+03  0.39356E+03  0.24309E+03 -0.45808E+02      298.00
  0.51030E-01  0.93182E+03   -0.48250E-01 -0.48250E-01  0.96500E-01  0.00000E+00  0.00000E+00  0.00000E+00   -0.29853E+02 -0.25296E+03  0.28281E+03  0.39453E+03  0.24349E+03 -0.45323E+02      298.00
  0.51258E-01  0.93256E+03   -0.48500E-01 -0.48500E-01  0.97000E-01  0.00000E+00  0.00000E+00  0.00000E+00   -0.29885E+02 -0.25388E+03  0.28376E+03  0.39439E+03  0.24352E+03 -0.45957E+02      298.00
  0.51486E-01  0.93396E+03   -0.48750E-01 -0.48750E-01  0.97500E-01  0.00000E+00  0.00000E+00  0.00000E+00   -0.30240E+02 -0.25367E+03  0.28391E+03  0.39532E+03  0.24389E+03 -0.45486E+02      298.00
  0.51714E-01  0.93473E+03   -0.49000E-01 -0.49000E-01  0.98000E-01  0.00000E+00  0.00000E+00  0.00000E+00   -0.30292E+02 -0.25456E+03  0.28485E+03  0.39520E+03  0.24393E+03 -0.46106E+02      298.00
  0.51943E-01  0.93581E+03   -0.49250E-01 -0.49250E-01  0.98500E-01  0.00000E+00  0.00000E+00  0.00000E+00   -0.30471E+02 -0.25494E+03  0.28541E+03  0.39556E+03  0.24416E+03 -0.46249E+02      298.00
  0.52172E-01  0.93688E+03   -0.49500E-01 -0.49500E-01  0.99000E-01  0.00000E+00  0.00000E+00  0.00000E+00   -0.30676E+02 -0.25528E+03  0.28596E+03  0.39595E+03  0.24437E+03 -0.46332E+02      298.00
  0.52400E-01  0.93794E+03   -0.49750E-01 -0.49750E-01  0.99500E-01  0.00000E+00  0.00000E+00  0.00000E+00   -0.30885E+02 -0.25561E+03  0.28650E+03  0.39635E+03  0.24456E+03 -0.46406E+02      298.00
  0.52630E-01  0.93898E+03   -0.50000E-01 -0.50000E-01  0.10000E+00  0.00000E+00  0.00000E+00  0.00000E+00   -0.31096E+02 -0.25594E+03  0.28704E+03  0.39674E+03  0.24474E+03 -0.46480E+02      298.00
          Evm          Svm            E11          E22          E33          E23          E13          E12         SDEV11       SDEV22       SDEV33       SDEV23       SDEV13       SDEV12      TEMP
  0.52630E-01  0.93895E+03   -0.50000E-01 -0.50000E-01  0.10000E+00  0.00000E+00  0.00000E+00  0.00000E+00   -0.31180E+02 -0.25562E+03  0.28680E+03  0.39696E+03  0.24471E+03 -0.46152E+02      298.00
  0.52859E-01  0.94000E+03   -0.50250E-01 -0.50250E-01  0.10050E+00  0.00000E+00  0.00000E+00  0.00000E+00   -0.31324E+02 -0.25624E+03  0.28756E+03  0.39716E+03  0.24489E+03 -0.46510E+02      298.00
  0.53088E-01  0.94103E+03   -0.50500E-01 -0.50500E-01  0.10100E+00  0.00000E+00  0.00000E+00  0.00000E+00   -0.31526E+02 -0.25658E+03  0.28811E+03  0.39752E+03  0.24509E+03 -0.46621E+02      298.00
  0.53318E-01  0.94204E+03   -0.50750E-01 -0.50750E-01  0.10150E+00  0.00000E+00  0.00000E+00  0.00000E+00   -0.31742E+02 -0.25690E+03  0.28864E+03  0.39789E+03  0.24526E+03 -0.46700E+02      298.00
  0.53548E-01  0.94304E+03   -0.51000E-01 -0.51000E-01  0.10200E+00  0.00000E+00  0.00000E+00  0.00000E+00   -0.31962E+02 -0.25721E+03  0.28918E+03  0.39827E+03  0.24543E+03 -0.46775E+02      298.00
  0.53777E-01  0.94404E+03   -0.51250E-01 -0.51250E-01  0.10250E+00  0.00000E+00  0.00000E+00  0.00000E+00   -0.32184E+02 -0.25752E+03  0.28971E+03  0.39865E+03  0.24558E+03 -0.46850E+02      298.00
  0.54008E-01  0.94502E+03   -0.51500E-01 -0.51500E-01  0.10300E+00  0.00000E+00  0.00000E+00  0.00000E+00   -0.32408E+02 -0.25783E+03  0.29024E+03  0.39902E+03  0.24574E+03 -0.46925E+02      298.00
  0.54238E-01  0.94599E+03   -0.51750E-01 -0.51750E-01  0.10350E+00  0.00000E+00  0.00000E+00  0.00000E+00   -0.32636E+02 -0.25813E+03  0.29077E+03  0.39939E+03  0.24588E+03 -0.47001E+02      298.00
  0.54469E-01  0.94695E+03   -0.52000E-01 -0.52000E-01  0.10400E+00  0.00000E+00  0.00000E+00  0.00000E+00   -0.32866E+02 -0.25843E+03  0.29130E+03  0.39975E+03  0.24603E+03 -0.47077E+02      298.00
  0.54699E-01  0.94791E+03   -0.52250E-01 -0.52250E-01  0.10450E+00  0.00000E+00  0.00000E+00  0.00000E+00   -0.33100E+02 -0.25872E+03  0.29182E+03  0.40012E+03  0.24616E+03 -0.47153E+02      298.00
  0.54930E-01  0.94885E+03   -0.52500E-01 -0.52500E-01  0.10500E+00  0.00000E+00  0.00000E+00  0.00000E+00   -0.33337E+02 -0.25901E+03  0.29235E+03  0.40048E+03  0.24629E+03 -0.47230E+02      298.00
  0.55161E-01  0.94978E+03   -0.52750E-01 -0.52750E-01  0.10550E+00  0.00000E+00  0.00000E+00  0.00000E+00   -0.33578E+02 -0.25929E+03  0.29287E+03  0.40084E+03  0.24641E+03 -0.47308E+02      298.00
  0.55392E-01  0.95071E+03   -0.53000E-01 -0.53000E-01  0.10600E+00  0.00000E+00  0.00000E+00  0.00000E+00   -0.33822E+02 -0.25957E+03  0.29340E+03  0.40119E+03  0.24653E+03 -0.47386E+02      298.00
  0.55624E-01  0.95162E+03   -0.53250E-01 -0.53250E-01  0.10650E+00  0.00000E+00  0.00000E+00  0.00000E+00   -0.34071E+02 -0.25985E+03  0.29392E+03  0.40155E+03  0.24664E+03 -0.47466E+02      298.00
  0.55856E-01  0.95252E+03   -0.53500E-01 -0.53500E-01  0.10700E+00  0.00000E+00  0.00000E+00  0.00000E+00   -0.34324E+02 -0.26011E+03  0.29444E+03  0.40190E+03  0.24675E+03 -0.47546E+02      298.00
  0.56087E-01  0.95342E+03   -0.53750E-01 -0.53750E-01  0.10750E+00  0.00000E+00  0.00000E+00  0.00000E+00   -0.34582E+02 -0.26038E+03  0.29496E+03  0.40225E+03  0.24684E+03 -0.47627E+02      298.00
  0.56319E-01  0.95431E+03   -0.54000E-01 -0.54000E-01  0.10800E+00  0.00000E+00  0.00000E+00  0.00000E+00   -0.34846E+02 -0.26063E+03  0.29548E+03  0.40260E+03  0.24693E+03 -0.47709E+02      298.00
  0.56552E-01  0.95518E+03   -0.54250E-01 -0.54250E-01  0.10850E+00  0.00000E+00  0.00000E+00  0.00000E+00   -0.35115E+02 -0.26088E+03  0.29600E+03  0.40295E+03  0.24701E+03 -0.47793E+02      298.00
  0.56784E-01  0.95605E+03   -0.54500E-01 -0.54500E-01  0.10900E+00  0.00000E+00  0.00000E+00  0.00000E+00   -0.35390E+02 -0.26112E+03  0.29651E+03  0.40330E+03  0.24709E+03 -0.47878E+02      298.00
  0.57017E-01  0.95691E+03   -0.54750E-01 -0.54750E-01  0.10950E+00  0.00000E+00  0.00000E+00  0.00000E+00   -0.35671E+02 -0.26136E+03  0.29703E+03  0.40365E+03  0.24715E+03 -0.47965E+02      298.00
  0.57249E-01  0.95776E+03   -0.55000E-01 -0.55000E-01  0.11000E+00  0.00000E+00  0.00000E+00  0.00000E+00   -0.35960E+02 -0.26158E+03  0.29754E+03  0.40400E+03  0.24721E+03 -0.48053E+02      298.00
  0.57482E-01  0.95859E+03   -0.55250E-01 -0.55250E-01  0.11050E+00  0.00000E+00  0.00000E+00  0.00000E+00   -0.36257E+02 -0.26180E+03  0.29806E+03  0.40435E+03  0.24726E+03 -0.48144E+02      298.00
  0.57716E-01  0.95942E+03   -0.55500E-01 -0.55500E-01  0.11100E+00  0.00000E+00  0.00000E+00  0.00000E+00   -0.36562E+02 -0.26201E+03  0.29857E+03  0.40471E+03  0.24729E+03 -0.48236E+02      298.00
  0.57949E-01  0.96024E+03   -0.55750E-01 -0.55750E-01  0.11150E+00  0.00000E+00  0.00000E+00  0.00000E+00   -0.36877E+02 -0.26220E+03  0.29908E+03  0.40506E+03  0.24732E+03 -0.48332E+02      298.00
  0.58183E-01  0.96105E+03   -0.56000E-01 -0.56000E-01  0.11200E+00  0.00000E+00  0.00000E+00  0.00000E+00   -0.37202E+02 -0.26239E+03  0.29959E+03  0.40541E+03  0.24734E+03 -0.48430E+02      298.00
  0.58416E-01  0.96185E+03   -0.56250E-01 -0.56250E-01  0.11250E+00  0.00000E+00  0.00000E+00  0.00000E+00   -0.37538E+02 -0.26256E+03  0.30010E+03  0.40577E+03  0.24734E+03 -0.48531E+02      298.00
  0.58650E-01  0.96264E+03   -0.56500E-01 -0.56500E-01  0.11300E+00  0.00000E+00  0.00000E+00  0.00000E+00   -0.37887E+02 -0.26272E+03  0.30061E+03  0.40613E+03  0.24734E+03 -0.48636E+02      298.00
  0.58885E-01  0.96368E+03   -0.56750E-01 -0.56750E-01  0.11350E+00  0.00000E+00  0.00000E+00  0.00000E+00   -0.38121E+02 -0.26284E+03  0.30096E+03  0.40671E+03  0.24749E+03 -0.48373E+02      298.00
  0.59119E-01  0.96395E+03   -0.57000E-01 -0.57000E-01  0.11400E+00  0.00000E+00  0.00000E+00  0.00000E+00   -0.38620E+02 -0.26286E+03  0.30148E+03  0.40680E+03  0.24725E+03 -0.48750E+02      298.00
  0.59353E-01  0.96438E+03   -0.57250E-01 -0.57250E-01  0.11450E+00  0.00000E+00  0.00000E+00  0.00000E+00   -0.38543E+02 -0.26297E+03  0.30151E+03  0.40703E+03  0.24739E+03 -0.48579E+02      298.00
  0.59588E-01  0.96509E+03   -0.57500E-01 -0.57500E-01  0.11500E+00  0.00000E+00  0.00000E+00  0.00000E+00   -0.39206E+02 -0.26305E+03  0.30226E+03  0.40744E+03  0.24708E+03 -0.48634E+02      298.00
  0.59823E-01  0.96639E+03   -0.57750E-01 -0.57750E-01  0.11550E+00  0.00000E+00  0.00000E+00  0.00000E+00   -0.39610E+02 -0.26335E+03  0.30296E+03  0.40803E+03  0.24714E+03 -0.48833E+02      298.00
  0.60058E-01  0.96714E+03   -0.58000E-01 -0.58000E-01  0.11600E+00  0.00000E+00  0.00000E+00  0.00000E+00   -0.40044E+02 -0.26342E+03  0.30347E+03  0.40843E+03  0.24705E+03 -0.48942E+02      298.00
  0.60293E-01  0.96666E+03   -0.58250E-01 -0.58250E-01  0.11650E+00  0.00000E+00  0.00000E+00  0.00000E+00   -0.39925E+02 -0.26345E+03  0.30338E+03  0.40815E+03  0.24694E+03 -0.48898E+02      298.00
  0.60529E-01  0.96756E+03   -0.58500E-01 -0.58500E-01  0.11700E+00  0.00000E+00  0.00000E+00  0.00000E+00   -0.40838E+02 -0.26341E+03  0.30425E+03  0.40870E+03  0.24655E+03 -0.49185E+02      298.00
  0.60765E-01  0.96899E+03   -0.58750E-01 -0.58750E-01  0.11750E+00  0.00000E+00  0.00000E+00  0.00000E+00   -0.41388E+02 -0.26357E+03  0.30496E+03  0.40947E+03  0.24656E+03 -0.49365E+02      298.00
  0.61001E-01  0.96875E+03   -0.59000E-01 -0.59000E-01  0.11800E+00  0.00000E+00  0.00000E+00  0.00000E+00   -0.41267E+02 -0.26366E+03  0.30493E+03  0.40928E+03  0.24654E+03 -0.49345E+02      298.00
  0.61237E-01  0.96983E+03   -0.59250E-01 -0.59250E-01  0.11850E+00  0.00000E+00  0.00000E+00  0.00000E+00   -0.42329E+02 -0.26358E+03  0.30591E+03  0.40997E+03  0.24606E+03 -0.49727E+02      298.00
  0.61473E-01  0.97056E+03   -0.59500E-01 -0.59500E-01  0.11900E+00  0.00000E+00  0.00000E+00  0.00000E+00   -0.42753E+02 -0.26366E+03  0.30642E+03  0.41039E+03  0.24592E+03 -0.49788E+02      298.00
  0.61710E-01  0.97144E+03   -0.59750E-01 -0.59750E-01  0.11950E+00  0.00000E+00  0.00000E+00  0.00000E+00   -0.43399E+02 -0.26353E+03  0.30693E+03  0.41101E+03  0.24571E+03 -0.49940E+02      298.00
  0.61947E-01  0.97147E+03   -0.60000E-01 -0.60000E-01  0.12000E+00  0.00000E+00  0.00000E+00  0.00000E+00   -0.43307E+02 -0.26363E+03  0.30694E+03  0.41097E+03  0.24578E+03 -0.49915E+02      298.00
  0.62184E-01  0.97306E+03   -0.60250E-01 -0.60250E-01  0.12050E+00  0.00000E+00  0.00000E+00  0.00000E+00   -0.44634E+02 -0.26333E+03  0.30796E+03  0.41212E+03  0.24528E+03 -0.50254E+02      298.00
  0.62421E-01  0.97368E+03   -0.60500E-01 -0.60500E-01  0.12100E+00  0.00000E+00  0.00000E+00  0.00000E+00   -0.45266E+02 -0.26325E+03  0.30851E+03  0.41257E+03  0.24494E+03 -0.50471E+02      298.00
  0.62659E-01  0.97365E+03   -0.60750E-01 -0.60750E-01  0.12150E+00  0.00000E+00  0.00000E+00  0.00000E+00   -0.45186E+02 -0.26327E+03  0.30846E+03  0.41254E+03  0.24499E+03 -0.50377E+02      298.00
  0.62897E-01  0.97457E+03   -0.61000E-01 -0.61000E-01  0.12200E+00  0.00000E+00  0.00000E+00  0.00000E+00   -0.46697E+02 -0.26273E+03  0.30943E+03  0.41350E+03  0.24405E+03 -0.50809E+02      298.00
  0.63135E-01  0.97509E+03   -0.61250E-01 -0.61250E-01  0.12250E+00  0.00000E+00  0.00000E+00  0.00000E+00   -0.47462E+02 -0.26232E+03  0.30979E+03  0.41406E+03  0.24368E+03 -0.50920E+02      298.00
  0.63373E-01  0.97589E+03   -0.61500E-01 -0.61500E-01  0.12300E+00  0.00000E+00  0.00000E+00  0.00000E+00   -0.48247E+02 -0.26219E+03  0.31043E+03  0.41467E+03  0.24323E+03 -0.51216E+02      298.00
  0.63612E-01  0.97592E+03   -0.61750E-01 -0.61750E-01  0.12350E+00  0.00000E+00  0.00000E+00  0.00000E+00   -0.48184E+02 -0.26225E+03  0.31044E+03  0.41465E+03  0.24328E+03 -0.51195E+02      298.00
  0.63850E-01  0.97702E+03   -0.62000E-01 -0.62000E-01  0.12400E+00  0.00000E+00  0.00000E+00  0.00000E+00   -0.50130E+02 -0.26130E+03  0.31143E+03  0.41594E+03  0.24211E+03 -0.51730E+02      298.00
  0.64089E-01  0.97711E+03   -0.62250E-01 -0.62250E-01  0.12450E+00  0.00000E+00  0.00000E+00  0.00000E+00   -0.50061E+02 -0.26144E+03  0.31150E+03  0.41593E+03  0.24214E+03 -0.51744E+02      298.00
  0.64328E-01  0.97815E+03   -0.62500E-01 -0.62500E-01  0.12500E+00  0.00000E+00  0.00000E+00  0.00000E+00   -0.52204E+02 -0.26015E+03  0.31236E+03  0.41735E+03  0.24088E+03 -0.52291E+02      298.00
