          Evm          Svm            E11          E22          E33          E23          E13          E12         SDEV11       SDEV22       SDEV33       SDEV23       SDEV13       SDEV12      TEMP
  0.00000E+00  0.31168E+03    0.00000E+00  0.00000E+00  0.00000E+00  0.00000E+00  0.00000E+00  0.00000E+00   -0.12516E+03  0.30239E+01  0.12214E+03 -0.27639E+01  0.73724E+01  0.13048E+03      298.00
  0.29390E-03  0.31572E+03   -0.25000E-03 -0.25000E-03  0.50000E-03  0.00000E+00  0.00000E+00  0.00000E+00   -0.12695E+03  0.20925E+01  0.12486E+03 -0.28095E+01  0.76187E+01  0.13155E+03      298.00
  0.59050E-03  0.31898E+03   -0.50000E-03 -0.50000E-03  0.10000E-02  0.00000E+00  0.00000E+00  0.00000E+00   -0.12849E+03  0.12691E+01  0.12722E+03 -0.27775E+01  0.75757E+01  0.13230E+03      298.00
  0.88963E-03  0.32316E+03   -0.75000E-03 -0.75000E-03  0.15000E-02  0.00000E+00  0.00000E+00  0.00000E+00   -0.13021E+03  0.45501E+00  0.12975E+03 -0.27990E+01  0.79257E+01  0.13359E+03      298.00
  0.11908E-02  0.32642E+03   -0.10000E-02 -0.10000E-02  0.20000E-02  0.00000E+00  0.00000E+00  0.00000E+00   -0.13173E+03 -0.18785E+00  0.13191E+03 -0.27792E+01  0.78802E+01  0.13443E+03      298.00
  0.14939E-02  0.33010E+03   -0.12500E-02 -0.12500E-02  0.25000E-02  0.00000E+00  0.00000E+00  0.00000E+00   -0.13329E+03 -0.81950E+00  0.13411E+03 -0.27814E+01  0.80006E+01  0.13555E+03      298.00
  0.17986E-02  0.33377E+03   -0.15000E-02 -0.15000E-02  0.30000E-02  0.00000E+00  0.00000E+00  0.00000E+00   -0.13485E+03 -0.13790E+01  0.13623E+03 -0.27724E+01  0.81438E+01  0.13670E+03      298.00
  0.21047E-02  0.33742E+03   -0.17500E-02 -0.17500E-02  0.35000E-02  0.00000E+00  0.00000E+00  0.00000E+00   -0.13638E+03 -0.18837E+01  0.13827E+03 -0.27625E+01  0.82856E+01  0.13789E+03      298.00
  0.24120E-02  0.34106E+03   -0.20000E-02 -0.20000E-02  0.40000E-02  0.00000E+00  0.00000E+00  0.00000E+00   -0.13790E+03 -0.23366E+01  0.14024E+03 -0.27514E+01  0.84257E+01  0.13911E+03      298.00
  0.27204E-02  0.34468E+03   -0.22500E-02 -0.22500E-02  0.45000E-02  0.00000E+00  0.00000E+00  0.00000E+00   -0.13941E+03 -0.27419E+01  0.14215E+03 -0.27395E+01  0.85645E+01  0.14035E+03      298.00
  0.30297E-02  0.34829E+03   -0.25000E-02 -0.25000E-02  0.50000E-02  0.00000E+00  0.00000E+00  0.00000E+00   -0.14090E+03 -0.31037E+01  0.14400E+03 -0.27269E+01  0.87021E+01  0.14161E+03      298.00
  0.33398E-02  0.35187E+03   -0.27500E-02 -0.27500E-02  0.55000E-02  0.00000E+00  0.00000E+00  0.00000E+00   -0.14237E+03 -0.34259E+01  0.14580E+03 -0.27138E+01  0.88387E+01  0.14289E+03      298.00
  0.36505E-02  0.35543E+03   -0.30000E-02 -0.30000E-02  0.60000E-02  0.00000E+00  0.00000E+00  0.00000E+00   -0.14383E+03 -0.37118E+01  0.14755E+03 -0.27005E+01  0.89744E+01  0.14418E+03      298.00
  0.39619E-02  0.35898E+03   -0.32500E-02 -0.32500E-02  0.65000E-02  0.00000E+00  0.00000E+00  0.00000E+00   -0.14528E+03 -0.39648E+01  0.14925E+03 -0.26870E+01  0.91094E+01  0.14549E+03      298.00
  0.42737E-02  0.36250E+03   -0.35000E-02 -0.35000E-02  0.70000E-02  0.00000E+00  0.00000E+00  0.00000E+00   -0.14672E+03 -0.41877E+01  0.15091E+03 -0.26733E+01  0.92436E+01  0.14680E+03      298.00
  0.45859E-02  0.36600E+03   -0.37500E-02 -0.37500E-02  0.75000E-02  0.00000E+00  0.00000E+00  0.00000E+00   -0.14814E+03 -0.43832E+01  0.15253E+03 -0.26596E+01  0.93772E+01  0.14813E+03      298.00
  0.48985E-02  0.36947E+03   -0.40000E-02 -0.40000E-02  0.80000E-02  0.00000E+00  0.00000E+00  0.00000E+00   -0.14955E+03 -0.45538E+01  0.15411E+03 -0.26457E+01  0.95101E+01  0.14946E+03      298.00
  0.52113E-02  0.37293E+03   -0.42500E-02 -0.42500E-02  0.85000E-02  0.00000E+00  0.00000E+00  0.00000E+00   -0.15095E+03 -0.47017E+01  0.15565E+03 -0.26319E+01  0.96426E+01  0.15080E+03      298.00
  0.55243E-02  0.37636E+03   -0.45000E-02 -0.45000E-02  0.90000E-02  0.00000E+00  0.00000E+00  0.00000E+00   -0.15234E+03 -0.48290E+01  0.15717E+03 -0.26179E+01  0.97745E+01  0.15214E+03      298.00
  0.58375E-02  0.37976E+03   -0.47500E-02 -0.47500E-02  0.95000E-02  0.00000E+00  0.00000E+00  0.00000E+00   -0.15371E+03 -0.49375E+01  0.15865E+03 -0.26039E+01  0.99058E+01  0.15348E+03      298.00
  0.61509E-02  0.38314E+03   -0.50000E-02 -0.50000E-02  0.10000E-01  0.00000E+00  0.00000E+00  0.00000E+00   -0.15507E+03 -0.50291E+01  0.16010E+03 -0.25898E+01  0.10037E+02  0.15483E+03      298.00
  0.64643E-02  0.38649E+03   -0.52500E-02 -0.52500E-02  0.10500E-01  0.00000E+00  0.00000E+00  0.00000E+00   -0.15642E+03 -0.51052E+01  0.16153E+03 -0.25755E+01  0.10167E+02  0.15617E+03      298.00
  0.67777E-02  0.38982E+03   -0.55000E-02 -0.55000E-02  0.11000E-01  0.00000E+00  0.00000E+00  0.00000E+00   -0.15776E+03 -0.51674E+01  0.16293E+03 -0.25610E+01  0.10297E+02  0.15751E+03      298.00
  0.70912E-02  0.39312E+03   -0.57500E-02 -0.57500E-02  0.11500E-01  0.00000E+00  0.00000E+00  0.00000E+00   -0.15909E+03 -0.52169E+01  0.16430E+03 -0.25464E+01  0.10427E+02  0.15885E+03      298.00
  0.74046E-02  0.39672E+03   -0.60000E-02 -0.60000E-02  0.12000E-01  0.00000E+00  0.00000E+00  0.00000E+00   -0.16055E+03 -0.52044E+01  0.16575E+03 -0.23973E+01  0.10877E+02  0.16031E+03      298.00
  0.77180E-02  0.39994E+03   -0.62500E-02 -0.62500E-02  0.12500E-01  0.00000E+00  0.00000E+00  0.00000E+00   -0.16184E+03 -0.52379E+01  0.16708E+03 -0.23897E+01  0.10971E+02  0.16163E+03      298.00
  0.80313E-02  0.40317E+03   -0.65000E-02 -0.65000E-02  0.13000E-01  0.00000E+00  0.00000E+00  0.00000E+00   -0.16313E+03 -0.52551E+01  0.16839E+03 -0.23766E+01  0.11102E+02  0.16296E+03      298.00
  0.83446E-02  0.40636E+03   -0.67500E-02 -0.67500E-02  0.13500E-01  0.00000E+00  0.00000E+00  0.00000E+00   -0.16441E+03 -0.52656E+01  0.16968E+03 -0.23628E+01  0.11227E+02  0.16428E+03      298.00
  0.86577E-02  0.40953E+03   -0.70000E-02 -0.70000E-02  0.14000E-01  0.00000E+00  0.00000E+00  0.00000E+00   -0.16568E+03 -0.52691E+01  0.17094E+03 -0.23485E+01  0.11353E+02  0.16559E+03      298.00
  0.89708E-02  0.41267E+03   -0.72500E-02 -0.72500E-02  0.14500E-01  0.00000E+00  0.00000E+00  0.00000E+00   -0.16693E+03 -0.52667E+01  0.17219E+03 -0.23335E+01  0.11478E+02  0.16690E+03      298.00
  0.92837E-02  0.41578E+03   -0.75000E-02 -0.75000E-02  0.15000E-01  0.00000E+00  0.00000E+00  0.00000E+00   -0.16817E+03 -0.52589E+01  0.17343E+03 -0.23179E+01  0.11602E+02  0.16820E+03      298.00
  0.95966E-02  0.41886E+03   -0.77500E-02 -0.77500E-02  0.15500E-01  0.00000E+00  0.00000E+00  0.00000E+00   -0.16940E+03 -0.52465E+01  0.17464E+03 -0.23016E+01  0.11726E+02  0.16949E+03      298.00
  0.99093E-02  0.42191E+03   -0.80000E-02 -0.80000E-02  0.16000E-01  0.00000E+00  0.00000E+00  0.00000E+00   -0.17061E+03 -0.52303E+01  0.17584E+03 -0.22846E+01  0.11850E+02  0.17077E+03      298.00
  0.10222E-01  0.42494E+03   -0.82500E-02 -0.82500E-02  0.16500E-01  0.00000E+00  0.00000E+00  0.00000E+00   -0.17181E+03 -0.52107E+01  0.17702E+03 -0.22668E+01  0.11974E+02  0.17205E+03      298.00
  0.10534E-01  0.42794E+03   -0.85000E-02 -0.85000E-02  0.17000E-01  0.00000E+00  0.00000E+00  0.00000E+00   -0.17300E+03 -0.51885E+01  0.17819E+03 -0.22481E+01  0.12097E+02  0.17331E+03      298.00
  0.10847E-01  0.43091E+03   -0.87500E-02 -0.87500E-02  0.17500E-01  0.00000E+00  0.00000E+00  0.00000E+00   -0.17418E+03 -0.51643E+01  0.17934E+03 -0.22286E+01  0.12220E+02  0.17457E+03      298.00
  0.11159E-01  0.43385E+03   -0.90000E-02 -0.90000E-02  0.18000E-01  0.00000E+00  0.00000E+00  0.00000E+00   -0.17534E+03 -0.51387E+01  0.18048E+03 -0.22081E+01  0.12342E+02  0.17582E+03      298.00
  0.11471E-01  0.43677E+03   -0.92500E-02 -0.92500E-02  0.18500E-01  0.00000E+00  0.00000E+00  0.00000E+00   -0.17650E+03 -0.51126E+01  0.18161E+03 -0.21867E+01  0.12464E+02  0.17706E+03      298.00
  0.11783E-01  0.43966E+03   -0.95000E-02 -0.95000E-02  0.19000E-01  0.00000E+00  0.00000E+00  0.00000E+00   -0.17763E+03 -0.50869E+01  0.18272E+03 -0.21641E+01  0.12586E+02  0.17829E+03      298.00
  0.12094E-01  0.44252E+03   -0.97500E-02 -0.97500E-02  0.19500E-01  0.00000E+00  0.00000E+00  0.00000E+00   -0.17875E+03 -0.50629E+01  0.18382E+03 -0.21403E+01  0.12706E+02  0.17951E+03      298.00
  0.12406E-01  0.44535E+03   -0.10000E-01 -0.10000E-01  0.20000E-01  0.00000E+00  0.00000E+00  0.00000E+00   -0.17986E+03 -0.50422E+01  0.18490E+03 -0.21152E+01  0.12826E+02  0.18072E+03      298.00
  0.12717E-01  0.44815E+03   -0.10250E-01 -0.10250E-01  0.20500E-01  0.00000E+00  0.00000E+00  0.00000E+00   -0.18095E+03 -0.50276E+01  0.18597E+03 -0.20887E+01  0.12943E+02  0.18193E+03      298.00
  0.13028E-01  0.45093E+03   -0.10500E-01 -0.10500E-01  0.21000E-01  0.00000E+00  0.00000E+00  0.00000E+00   -0.18201E+03 -0.50238E+01  0.18704E+03 -0.20609E+01  0.13058E+02  0.18313E+03      298.00
  0.13340E-01  0.45343E+03   -0.10750E-01 -0.10750E-01  0.21500E-01  0.00000E+00  0.00000E+00  0.00000E+00   -0.18324E+03 -0.47654E+01  0.18801E+03 -0.21681E+01  0.12994E+02  0.18409E+03      298.00
  0.13651E-01  0.45613E+03   -0.11000E-01 -0.11000E-01  0.22000E-01  0.00000E+00  0.00000E+00  0.00000E+00   -0.18431E+03 -0.47308E+01  0.18904E+03 -0.21389E+01  0.13096E+02  0.18524E+03      298.00
  0.13961E-01  0.45912E+03   -0.11250E-01 -0.11250E-01  0.22500E-01  0.00000E+00  0.00000E+00  0.00000E+00   -0.18525E+03 -0.49017E+01  0.19015E+03 -0.19828E+01  0.13447E+02  0.18663E+03      298.00
  0.14272E-01  0.46153E+03   -0.11500E-01 -0.11500E-01  0.23000E-01  0.00000E+00  0.00000E+00  0.00000E+00   -0.18645E+03 -0.46321E+01  0.19109E+03 -0.20887E+01  0.13369E+02  0.18754E+03      298.00
  0.14582E-01  0.46414E+03   -0.11750E-01 -0.11750E-01  0.23500E-01  0.00000E+00  0.00000E+00  0.00000E+00   -0.18749E+03 -0.45943E+01  0.19208E+03 -0.20563E+01  0.13468E+02  0.18865E+03      298.00
  0.14893E-01  0.46705E+03   -0.12000E-01 -0.12000E-01  0.24000E-01  0.00000E+00  0.00000E+00  0.00000E+00   -0.18838E+03 -0.47814E+01  0.19316E+03 -0.18994E+01  0.13810E+02  0.19001E+03      298.00
  0.15203E-01  0.46962E+03   -0.12250E-01 -0.12250E-01  0.24500E-01  0.00000E+00  0.00000E+00  0.00000E+00   -0.18937E+03 -0.47725E+01  0.19414E+03 -0.18743E+01  0.13894E+02  0.19113E+03      298.00
  0.15513E-01  0.47220E+03   -0.12500E-01 -0.12500E-01  0.25000E-01  0.00000E+00  0.00000E+00  0.00000E+00   -0.19038E+03 -0.47404E+01  0.19512E+03 -0.18638E+01  0.14005E+02  0.19224E+03      298.00
          Evm          Svm            E11          E22          E33          E23          E13          E12         SDEV11       SDEV22       SDEV33       SDEV23       SDEV13       SDEV12      TEMP
  0.15513E-01  0.47208E+03   -0.12500E-01 -0.12500E-01  0.25000E-01  0.00000E+00  0.00000E+00  0.00000E+00   -0.19055E+03 -0.45296E+01  0.19508E+03 -0.19485E+01  0.13934E+02  0.19208E+03      298.00
  0.15823E-01  0.47445E+03   -0.12750E-01 -0.12750E-01  0.25500E-01  0.00000E+00  0.00000E+00  0.00000E+00   -0.19160E+03 -0.43955E+01  0.19599E+03 -0.19295E+01  0.13976E+02  0.19304E+03      298.00
  0.16133E-01  0.47696E+03   -0.13000E-01 -0.13000E-01  0.26000E-01  0.00000E+00  0.00000E+00  0.00000E+00   -0.19258E+03 -0.43605E+01  0.19695E+03 -0.18983E+01  0.14088E+02  0.19411E+03      298.00
  0.16443E-01  0.47945E+03   -0.13250E-01 -0.13250E-01  0.26500E-01  0.00000E+00  0.00000E+00  0.00000E+00   -0.19356E+03 -0.43300E+01  0.19789E+03 -0.18669E+01  0.14207E+02  0.19518E+03      298.00
  0.16752E-01  0.48219E+03   -0.13500E-01 -0.13500E-01  0.27000E-01  0.00000E+00  0.00000E+00  0.00000E+00   -0.19436E+03 -0.45487E+01  0.19891E+03 -0.17100E+01  0.14534E+02  0.19648E+03      298.00
  0.17062E-01  0.48460E+03   -0.13750E-01 -0.13750E-01  0.27500E-01  0.00000E+00  0.00000E+00  0.00000E+00   -0.19530E+03 -0.45264E+01  0.19983E+03 -0.16840E+01  0.14620E+02  0.19752E+03      298.00
  0.17371E-01  0.48703E+03   -0.14000E-01 -0.14000E-01  0.28000E-01  0.00000E+00  0.00000E+00  0.00000E+00   -0.19627E+03 -0.44799E+01  0.20075E+03 -0.16707E+01  0.14734E+02  0.19856E+03      298.00
  0.17680E-01  0.48944E+03   -0.14250E-01 -0.14250E-01  0.28500E-01  0.00000E+00  0.00000E+00  0.00000E+00   -0.19745E+03 -0.42072E+01  0.20166E+03 -0.17198E+01  0.14863E+02  0.19947E+03      298.00
  0.17989E-01  0.49178E+03   -0.14500E-01 -0.14500E-01  0.29000E-01  0.00000E+00  0.00000E+00  0.00000E+00   -0.19836E+03 -0.41918E+01  0.20255E+03 -0.16319E+01  0.15016E+02  0.20048E+03      298.00
  0.18298E-01  0.49410E+03   -0.14750E-01 -0.14750E-01  0.29500E-01  0.00000E+00  0.00000E+00  0.00000E+00   -0.19922E+03 -0.42136E+01  0.20344E+03 -0.15846E+01  0.15137E+02  0.20149E+03      298.00
  0.18607E-01  0.49643E+03   -0.15000E-01 -0.15000E-01  0.30000E-01  0.00000E+00  0.00000E+00  0.00000E+00   -0.20026E+03 -0.40622E+01  0.20432E+03 -0.15554E+01  0.15284E+02  0.20243E+03      298.00
  0.18915E-01  0.49870E+03   -0.15250E-01 -0.15250E-01  0.30500E-01  0.00000E+00  0.00000E+00  0.00000E+00   -0.20121E+03 -0.39797E+01  0.20519E+03 -0.15211E+01  0.15408E+02  0.20337E+03      298.00
  0.19224E-01  0.50096E+03   -0.15500E-01 -0.15500E-01  0.31000E-01  0.00000E+00  0.00000E+00  0.00000E+00   -0.20210E+03 -0.39524E+01  0.20605E+03 -0.14778E+01  0.15525E+02  0.20433E+03      298.00
  0.19532E-01  0.50319E+03   -0.15750E-01 -0.15750E-01  0.31500E-01  0.00000E+00  0.00000E+00  0.00000E+00   -0.20297E+03 -0.39298E+01  0.20690E+03 -0.14331E+01  0.15644E+02  0.20529E+03      298.00
  0.19841E-01  0.50540E+03   -0.16000E-01 -0.16000E-01  0.32000E-01  0.00000E+00  0.00000E+00  0.00000E+00   -0.20384E+03 -0.39087E+01  0.20775E+03 -0.13878E+01  0.15763E+02  0.20623E+03      298.00
  0.20149E-01  0.50759E+03   -0.16250E-01 -0.16250E-01  0.32500E-01  0.00000E+00  0.00000E+00  0.00000E+00   -0.20470E+03 -0.38880E+01  0.20858E+03 -0.13420E+01  0.15882E+02  0.20716E+03      298.00
  0.20457E-01  0.50975E+03   -0.16500E-01 -0.16500E-01  0.33000E-01  0.00000E+00  0.00000E+00  0.00000E+00   -0.20555E+03 -0.38675E+01  0.20941E+03 -0.12955E+01  0.16001E+02  0.20808E+03      298.00
  0.20765E-01  0.51189E+03   -0.16750E-01 -0.16750E-01  0.33500E-01  0.00000E+00  0.00000E+00  0.00000E+00   -0.20639E+03 -0.38475E+01  0.21023E+03 -0.12482E+01  0.16121E+02  0.20900E+03      298.00
  0.21073E-01  0.51401E+03   -0.17000E-01 -0.17000E-01  0.34000E-01  0.00000E+00  0.00000E+00  0.00000E+00   -0.20722E+03 -0.38282E+01  0.21105E+03 -0.12002E+01  0.16240E+02  0.20990E+03      298.00
  0.21381E-01  0.51611E+03   -0.17250E-01 -0.17250E-01  0.34500E-01  0.00000E+00  0.00000E+00  0.00000E+00   -0.20804E+03 -0.38096E+01  0.21185E+03 -0.11515E+01  0.16360E+02  0.21079E+03      298.00
  0.21689E-01  0.51818E+03   -0.17500E-01 -0.17500E-01  0.35000E-01  0.00000E+00  0.00000E+00  0.00000E+00   -0.20886E+03 -0.37920E+01  0.21265E+03 -0.11019E+01  0.16480E+02  0.21166E+03      298.00
  0.21997E-01  0.52023E+03   -0.17750E-01 -0.17750E-01  0.35500E-01  0.00000E+00  0.00000E+00  0.00000E+00   -0.20967E+03 -0.37753E+01  0.21344E+03 -0.10516E+01  0.16599E+02  0.21253E+03      298.00
  0.22305E-01  0.52226E+03   -0.18000E-01 -0.18000E-01  0.36000E-01  0.00000E+00  0.00000E+00  0.00000E+00   -0.21046E+03 -0.37597E+01  0.21422E+03 -0.10005E+01  0.16719E+02  0.21339E+03      298.00
  0.22612E-01  0.52426E+03   -0.18250E-01 -0.18250E-01  0.36500E-01  0.00000E+00  0.00000E+00  0.00000E+00   -0.21125E+03 -0.37453E+01  0.21500E+03 -0.94870E+00  0.16838E+02  0.21424E+03      298.00
  0.22920E-01  0.52624E+03   -0.18500E-01 -0.18500E-01  0.37000E-01  0.00000E+00  0.00000E+00  0.00000E+00   -0.21203E+03 -0.37320E+01  0.21577E+03 -0.89615E+00  0.16958E+02  0.21508E+03      298.00
  0.23227E-01  0.52820E+03   -0.18750E-01 -0.18750E-01  0.37500E-01  0.00000E+00  0.00000E+00  0.00000E+00   -0.21281E+03 -0.37199E+01  0.21653E+03 -0.84291E+00  0.17077E+02  0.21590E+03      298.00
  0.23535E-01  0.53014E+03   -0.19000E-01 -0.19000E-01  0.38000E-01  0.00000E+00  0.00000E+00  0.00000E+00   -0.21357E+03 -0.37090E+01  0.21728E+03 -0.78899E+00  0.17196E+02  0.21672E+03      298.00
  0.23842E-01  0.53206E+03   -0.19250E-01 -0.19250E-01  0.38500E-01  0.00000E+00  0.00000E+00  0.00000E+00   -0.21433E+03 -0.36994E+01  0.21803E+03 -0.73444E+00  0.17315E+02  0.21753E+03      298.00
  0.24150E-01  0.53396E+03   -0.19500E-01 -0.19500E-01  0.39000E-01  0.00000E+00  0.00000E+00  0.00000E+00   -0.21507E+03 -0.36910E+01  0.21877E+03 -0.67930E+00  0.17434E+02  0.21833E+03      298.00
  0.24457E-01  0.53583E+03   -0.19750E-01 -0.19750E-01  0.39500E-01  0.00000E+00  0.00000E+00  0.00000E+00   -0.21581E+03 -0.36839E+01  0.21950E+03 -0.62359E+00  0.17552E+02  0.21912E+03      298.00
  0.24764E-01  0.53768E+03   -0.20000E-01 -0.20000E-01  0.40000E-01  0.00000E+00  0.00000E+00  0.00000E+00   -0.21654E+03 -0.36780E+01  0.22022E+03 -0.56737E+00  0.17670E+02  0.21990E+03      298.00
  0.25071E-01  0.53952E+03   -0.20250E-01 -0.20250E-01  0.40500E-01  0.00000E+00  0.00000E+00  0.00000E+00   -0.21727E+03 -0.36734E+01  0.22094E+03 -0.51067E+00  0.17788E+02  0.22066E+03      298.00
  0.25378E-01  0.54133E+03   -0.20500E-01 -0.20500E-01  0.41000E-01  0.00000E+00  0.00000E+00  0.00000E+00   -0.21798E+03 -0.36701E+01  0.22165E+03 -0.45354E+00  0.17905E+02  0.22142E+03      298.00
  0.25686E-01  0.54312E+03   -0.20750E-01 -0.20750E-01  0.41500E-01  0.00000E+00  0.00000E+00  0.00000E+00   -0.21869E+03 -0.36680E+01  0.22236E+03 -0.39603E+00  0.18022E+02  0.22217E+03      298.00
  0.25993E-01  0.54489E+03   -0.21000E-01 -0.21000E-01  0.42000E-01  0.00000E+00  0.00000E+00  0.00000E+00   -0.21939E+03 -0.36671E+01  0.22305E+03 -0.33819E+00  0.18139E+02  0.22292E+03      298.00
  0.26300E-01  0.54664E+03   -0.21250E-01 -0.21250E-01  0.42500E-01  0.00000E+00  0.00000E+00  0.00000E+00   -0.22008E+03 -0.36675E+01  0.22375E+03 -0.28007E+00  0.18255E+02  0.22365E+03      298.00
  0.26607E-01  0.54838E+03   -0.21500E-01 -0.21500E-01  0.43000E-01  0.00000E+00  0.00000E+00  0.00000E+00   -0.22076E+03 -0.36692E+01  0.22443E+03 -0.22171E+00  0.18371E+02  0.22437E+03      298.00
  0.26914E-01  0.55009E+03   -0.21750E-01 -0.21750E-01  0.43500E-01  0.00000E+00  0.00000E+00  0.00000E+00   -0.22144E+03 -0.36720E+01  0.22511E+03 -0.16318E+00  0.18486E+02  0.22508E+03      298.00
  0.27220E-01  0.55178E+03   -0.22000E-01 -0.22000E-01  0.44000E-01  0.00000E+00  0.00000E+00  0.00000E+00   -0.22210E+03 -0.36761E+01  0.22578E+03 -0.10452E+00  0.18601E+02  0.22579E+03      298.00
  0.27527E-01  0.55345E+03   -0.22250E-01 -0.22250E-01  0.44500E-01  0.00000E+00  0.00000E+00  0.00000E+00   -0.22276E+03 -0.36813E+01  0.22645E+03 -0.45786E-01  0.18715E+02  0.22648E+03      298.00
  0.27834E-01  0.55511E+03   -0.22500E-01 -0.22500E-01  0.45000E-01  0.00000E+00  0.00000E+00  0.00000E+00   -0.22342E+03 -0.36878E+01  0.22711E+03  0.12970E-01  0.18828E+02  0.22717E+03      298.00
  0.28141E-01  0.55674E+03   -0.22750E-01 -0.22750E-01  0.45500E-01  0.00000E+00  0.00000E+00  0.00000E+00   -0.22406E+03 -0.36954E+01  0.22776E+03  0.71694E-01  0.18941E+02  0.22785E+03      298.00
  0.28448E-01  0.55836E+03   -0.23000E-01 -0.23000E-01  0.46000E-01  0.00000E+00  0.00000E+00  0.00000E+00   -0.22470E+03 -0.37042E+01  0.22841E+03  0.13033E+00  0.19054E+02  0.22852E+03      298.00
  0.28755E-01  0.55996E+03   -0.23250E-01 -0.23250E-01  0.46500E-01  0.00000E+00  0.00000E+00  0.00000E+00   -0.22533E+03 -0.37141E+01  0.22905E+03  0.18884E+00  0.19165E+02  0.22918E+03      298.00
  0.29061E-01  0.56154E+03   -0.23500E-01 -0.23500E-01  0.47000E-01  0.00000E+00  0.00000E+00  0.00000E+00   -0.22596E+03 -0.37251E+01  0.22968E+03  0.24717E+00  0.19276E+02  0.22983E+03      298.00
  0.29368E-01  0.56310E+03   -0.23750E-01 -0.23750E-01  0.47500E-01  0.00000E+00  0.00000E+00  0.00000E+00   -0.22657E+03 -0.37373E+01  0.23031E+03  0.30525E+00  0.19386E+02  0.23048E+03      298.00
  0.29675E-01  0.56464E+03   -0.24000E-01 -0.24000E-01  0.48000E-01  0.00000E+00  0.00000E+00  0.00000E+00   -0.22718E+03 -0.37505E+01  0.23094E+03  0.36306E+00  0.19496E+02  0.23111E+03      298.00
  0.29982E-01  0.56663E+03   -0.24250E-01 -0.24250E-01  0.48500E-01  0.00000E+00  0.00000E+00  0.00000E+00   -0.22791E+03 -0.37794E+01  0.23169E+03  0.42120E+00  0.19572E+02  0.23199E+03      298.00
  0.30288E-01  0.56767E+03   -0.24500E-01 -0.24500E-01  0.49000E-01  0.00000E+00  0.00000E+00  0.00000E+00   -0.22838E+03 -0.37784E+01  0.23216E+03  0.47912E+00  0.19722E+02  0.23236E+03      298.00
  0.30595E-01  0.56962E+03   -0.24750E-01 -0.24750E-01  0.49500E-01  0.00000E+00  0.00000E+00  0.00000E+00   -0.22910E+03 -0.38106E+01  0.23291E+03  0.54110E+00  0.19788E+02  0.23322E+03      298.00
  0.30902E-01  0.57098E+03   -0.25000E-01 -0.25000E-01  0.50000E-01  0.00000E+00  0.00000E+00  0.00000E+00   -0.22971E+03 -0.37691E+01  0.23348E+03  0.58911E+00  0.20079E+02  0.23372E+03      298.00
          Evm          Svm            E11          E22          E33          E23          E13          E12         SDEV11       SDEV22       SDEV33       SDEV23       SDEV13       SDEV12      TEMP
  0.30902E-01  0.57057E+03   -0.25000E-01 -0.25000E-01  0.50000E-01  0.00000E+00  0.00000E+00  0.00000E+00   -0.22949E+03 -0.38581E+01  0.23335E+03  0.58843E+00  0.19861E+02  0.23357E+03      298.00
  0.31209E-01  0.57211E+03   -0.25250E-01 -0.25250E-01  0.50500E-01  0.00000E+00  0.00000E+00  0.00000E+00   -0.23014E+03 -0.38302E+01  0.23397E+03  0.64695E+00  0.20040E+02  0.23418E+03      298.00
  0.31515E-01  0.57291E+03   -0.25500E-01 -0.25500E-01  0.51000E-01  0.00000E+00  0.00000E+00  0.00000E+00   -0.23045E+03 -0.39195E+01  0.23437E+03  0.69667E+00  0.20012E+02  0.23449E+03      298.00
  0.31822E-01  0.57499E+03   -0.25750E-01 -0.25750E-01  0.51500E-01  0.00000E+00  0.00000E+00  0.00000E+00   -0.23128E+03 -0.38680E+01  0.23515E+03  0.75552E+00  0.20250E+02  0.23535E+03      298.00
  0.32129E-01  0.57687E+03   -0.26000E-01 -0.26000E-01  0.52000E-01  0.00000E+00  0.00000E+00  0.00000E+00   -0.23196E+03 -0.39134E+01  0.23587E+03  0.81291E+00  0.20386E+02  0.23618E+03      298.00
  0.32435E-01  0.57730E+03   -0.26250E-01 -0.26250E-01  0.52500E-01  0.00000E+00  0.00000E+00  0.00000E+00   -0.23217E+03 -0.39874E+01  0.23616E+03  0.88670E+00  0.20225E+02  0.23630E+03      298.00
  0.32742E-01  0.57917E+03   -0.26500E-01 -0.26500E-01  0.53000E-01  0.00000E+00  0.00000E+00  0.00000E+00   -0.23294E+03 -0.39378E+01  0.23688E+03  0.91281E+00  0.20566E+02  0.23706E+03      298.00
  0.33049E-01  0.58097E+03   -0.26750E-01 -0.26750E-01  0.53500E-01  0.00000E+00  0.00000E+00  0.00000E+00   -0.23359E+03 -0.39841E+01  0.23758E+03  0.97715E+00  0.20684E+02  0.23784E+03      298.00
  0.33356E-01  0.58139E+03   -0.27000E-01 -0.27000E-01  0.54000E-01  0.00000E+00  0.00000E+00  0.00000E+00   -0.23380E+03 -0.40581E+01  0.23786E+03  0.10548E+01  0.20536E+02  0.23795E+03      298.00
  0.33663E-01  0.58320E+03   -0.27250E-01 -0.27250E-01  0.54500E-01  0.00000E+00  0.00000E+00  0.00000E+00   -0.23454E+03 -0.40131E+01  0.23855E+03  0.10659E+01  0.20862E+02  0.23869E+03      298.00
  0.33969E-01  0.58494E+03   -0.27500E-01 -0.27500E-01  0.55000E-01  0.00000E+00  0.00000E+00  0.00000E+00   -0.23517E+03 -0.40634E+01  0.23923E+03  0.11322E+01  0.20978E+02  0.23945E+03      298.00
  0.34276E-01  0.58534E+03   -0.27750E-01 -0.27750E-01  0.55500E-01  0.00000E+00  0.00000E+00  0.00000E+00   -0.23537E+03 -0.41372E+01  0.23951E+03  0.12153E+01  0.20839E+02  0.23955E+03      298.00
  0.34583E-01  0.58710E+03   -0.28000E-01 -0.28000E-01  0.56000E-01  0.00000E+00  0.00000E+00  0.00000E+00   -0.23609E+03 -0.40961E+01  0.24019E+03  0.12122E+01  0.21151E+02  0.24026E+03      298.00
  0.34890E-01  0.58879E+03   -0.28250E-01 -0.28250E-01  0.56500E-01  0.00000E+00  0.00000E+00  0.00000E+00   -0.23670E+03 -0.41504E+01  0.24085E+03  0.12794E+01  0.21263E+02  0.24099E+03      298.00
  0.35197E-01  0.58916E+03   -0.28500E-01 -0.28500E-01  0.57000E-01  0.00000E+00  0.00000E+00  0.00000E+00   -0.23689E+03 -0.42240E+01  0.24112E+03  0.13678E+01  0.21133E+02  0.24108E+03      298.00
  0.35503E-01  0.59087E+03   -0.28750E-01 -0.28750E-01  0.57500E-01  0.00000E+00  0.00000E+00  0.00000E+00   -0.23759E+03 -0.41865E+01  0.24178E+03  0.13513E+01  0.21431E+02  0.24177E+03      298.00
  0.35810E-01  0.59250E+03   -0.29000E-01 -0.29000E-01  0.58000E-01  0.00000E+00  0.00000E+00  0.00000E+00   -0.23818E+03 -0.42445E+01  0.24242E+03  0.14185E+01  0.21540E+02  0.24248E+03      298.00
  0.36117E-01  0.59286E+03   -0.29250E-01 -0.29250E-01  0.58500E-01  0.00000E+00  0.00000E+00  0.00000E+00   -0.23837E+03 -0.43181E+01  0.24268E+03  0.15117E+01  0.21419E+02  0.24255E+03      298.00
  0.36424E-01  0.59452E+03   -0.29500E-01 -0.29500E-01  0.59000E-01  0.00000E+00  0.00000E+00  0.00000E+00   -0.23905E+03 -0.42838E+01  0.24333E+03  0.14829E+01  0.21704E+02  0.24322E+03      298.00
  0.36731E-01  0.59609E+03   -0.29750E-01 -0.29750E-01  0.59500E-01  0.00000E+00  0.00000E+00  0.00000E+00   -0.23961E+03 -0.43456E+01  0.24396E+03  0.15493E+01  0.21810E+02  0.24390E+03      298.00
  0.37038E-01  0.59643E+03   -0.30000E-01 -0.30000E-01  0.60000E-01  0.00000E+00  0.00000E+00  0.00000E+00   -0.23979E+03 -0.44191E+01  0.24421E+03  0.16468E+01  0.21696E+02  0.24397E+03      298.00
  0.37345E-01  0.59747E+03   -0.30250E-01 -0.30250E-01  0.60500E-01  0.00000E+00  0.00000E+00  0.00000E+00   -0.24019E+03 -0.44366E+01  0.24463E+03  0.15862E+01  0.21928E+02  0.24440E+03      298.00
  0.37652E-01  0.59955E+03   -0.30500E-01 -0.30500E-01  0.61000E-01  0.00000E+00  0.00000E+00  0.00000E+00   -0.24099E+03 -0.44564E+01  0.24545E+03  0.16602E+01  0.22087E+02  0.24527E+03      298.00
  0.37959E-01  0.59988E+03   -0.30750E-01 -0.30750E-01  0.61500E-01  0.00000E+00  0.00000E+00  0.00000E+00   -0.24118E+03 -0.45271E+01  0.24570E+03  0.17707E+01  0.21967E+02  0.24534E+03      298.00
  0.38267E-01  0.60196E+03   -0.31000E-01 -0.31000E-01  0.62000E-01  0.00000E+00  0.00000E+00  0.00000E+00   -0.24197E+03 -0.45107E+01  0.24648E+03  0.17870E+01  0.22210E+02  0.24623E+03      298.00
  0.38574E-01  0.60211E+03   -0.31250E-01 -0.31250E-01  0.62500E-01  0.00000E+00  0.00000E+00  0.00000E+00   -0.24207E+03 -0.46011E+01  0.24667E+03  0.18572E+01  0.22128E+02  0.24621E+03      298.00
  0.38881E-01  0.60417E+03   -0.31500E-01 -0.31500E-01  0.63000E-01  0.00000E+00  0.00000E+00  0.00000E+00   -0.24285E+03 -0.45881E+01  0.24744E+03  0.18618E+01  0.22379E+02  0.24710E+03      298.00
  0.39188E-01  0.60431E+03   -0.31750E-01 -0.31750E-01  0.63500E-01  0.00000E+00  0.00000E+00  0.00000E+00   -0.24295E+03 -0.46790E+01  0.24763E+03  0.19327E+01  0.22300E+02  0.24707E+03      298.00
  0.39495E-01  0.60633E+03   -0.32000E-01 -0.32000E-01  0.64000E-01  0.00000E+00  0.00000E+00  0.00000E+00   -0.24372E+03 -0.46687E+01  0.24839E+03  0.19327E+01  0.22544E+02  0.24794E+03      298.00
  0.39803E-01  0.60646E+03   -0.32250E-01 -0.32250E-01  0.64500E-01  0.00000E+00  0.00000E+00  0.00000E+00   -0.24382E+03 -0.47595E+01  0.24858E+03  0.20041E+01  0.22468E+02  0.24791E+03      298.00
  0.40110E-01  0.60844E+03   -0.32500E-01 -0.32500E-01  0.65000E-01  0.00000E+00  0.00000E+00  0.00000E+00   -0.24457E+03 -0.47516E+01  0.24932E+03  0.19999E+01  0.22707E+02  0.24876E+03      298.00
  0.40417E-01  0.60857E+03   -0.32750E-01 -0.32750E-01  0.65500E-01  0.00000E+00  0.00000E+00  0.00000E+00   -0.24466E+03 -0.48424E+01  0.24951E+03  0.20719E+01  0.22634E+02  0.24873E+03      298.00
  0.40725E-01  0.61051E+03   -0.33000E-01 -0.33000E-01  0.66000E-01  0.00000E+00  0.00000E+00  0.00000E+00   -0.24540E+03 -0.48370E+01  0.25024E+03  0.20636E+01  0.22867E+02  0.24956E+03      298.00
  0.41032E-01  0.61063E+03   -0.33250E-01 -0.33250E-01  0.66500E-01  0.00000E+00  0.00000E+00  0.00000E+00   -0.24550E+03 -0.49276E+01  0.25042E+03  0.21359E+01  0.22796E+02  0.24953E+03      298.00
  0.41340E-01  0.61137E+03   -0.33500E-01 -0.33500E-01  0.67000E-01  0.00000E+00  0.00000E+00  0.00000E+00   -0.24580E+03 -0.49826E+01  0.25078E+03  0.20865E+01  0.22929E+02  0.24978E+03      298.00
  0.41648E-01  0.61355E+03   -0.33750E-01 -0.33750E-01  0.67500E-01  0.00000E+00  0.00000E+00  0.00000E+00   -0.24663E+03 -0.49660E+01  0.25159E+03  0.21587E+01  0.23098E+02  0.25074E+03      298.00
  0.41955E-01  0.61426E+03   -0.34000E-01 -0.34000E-01  0.68000E-01  0.00000E+00  0.00000E+00  0.00000E+00   -0.24700E+03 -0.49475E+01  0.25194E+03  0.20586E+01  0.23282E+02  0.25094E+03      298.00
  0.42263E-01  0.61516E+03   -0.34250E-01 -0.34250E-01  0.68500E-01  0.00000E+00  0.00000E+00  0.00000E+00   -0.24738E+03 -0.49906E+01  0.25237E+03  0.21362E+01  0.23298E+02  0.25128E+03      298.00
  0.42570E-01  0.61619E+03   -0.34500E-01 -0.34500E-01  0.69000E-01  0.00000E+00  0.00000E+00  0.00000E+00   -0.24778E+03 -0.50387E+01  0.25282E+03  0.21367E+01  0.23407E+02  0.25168E+03      298.00
  0.42878E-01  0.61711E+03   -0.34750E-01 -0.34750E-01  0.69500E-01  0.00000E+00  0.00000E+00  0.00000E+00   -0.24816E+03 -0.50865E+01  0.25325E+03  0.21750E+01  0.23466E+02  0.25203E+03      298.00
  0.43186E-01  0.61810E+03   -0.35000E-01 -0.35000E-01  0.70000E-01  0.00000E+00  0.00000E+00  0.00000E+00   -0.24855E+03 -0.51330E+01  0.25369E+03  0.21936E+01  0.23551E+02  0.25240E+03      298.00
  0.43494E-01  0.61902E+03   -0.35250E-01 -0.35250E-01  0.70500E-01  0.00000E+00  0.00000E+00  0.00000E+00   -0.24893E+03 -0.51824E+01  0.25411E+03  0.22202E+01  0.23621E+02  0.25275E+03      298.00
  0.43802E-01  0.61997E+03   -0.35500E-01 -0.35500E-01  0.71000E-01  0.00000E+00  0.00000E+00  0.00000E+00   -0.24931E+03 -0.52295E+01  0.25454E+03  0.22423E+01  0.23699E+02  0.25312E+03      298.00
  0.44110E-01  0.62089E+03   -0.35750E-01 -0.35750E-01  0.71500E-01  0.00000E+00  0.00000E+00  0.00000E+00   -0.24968E+03 -0.52795E+01  0.25496E+03  0.22650E+01  0.23772E+02  0.25346E+03      298.00
  0.44417E-01  0.62181E+03   -0.36000E-01 -0.36000E-01  0.72000E-01  0.00000E+00  0.00000E+00  0.00000E+00   -0.25006E+03 -0.53276E+01  0.25539E+03  0.22867E+01  0.23847E+02  0.25381E+03      298.00
  0.44726E-01  0.62272E+03   -0.36250E-01 -0.36250E-01  0.72500E-01  0.00000E+00  0.00000E+00  0.00000E+00   -0.25043E+03 -0.53781E+01  0.25580E+03  0.23074E+01  0.23920E+02  0.25415E+03      298.00
  0.45034E-01  0.62362E+03   -0.36500E-01 -0.36500E-01  0.73000E-01  0.00000E+00  0.00000E+00  0.00000E+00   -0.25079E+03 -0.54273E+01  0.25622E+03  0.23279E+01  0.23994E+02  0.25449E+03      298.00
  0.45342E-01  0.62451E+03   -0.36750E-01 -0.36750E-01  0.73500E-01  0.00000E+00  0.00000E+00  0.00000E+00   -0.25115E+03 -0.54784E+01  0.25663E+03  0.23471E+01  0.24067E+02  0.25482E+03      298.00
  0.45650E-01  0.62540E+03   -0.37000E-01 -0.37000E-01  0.74000E-01  0.00000E+00  0.00000E+00  0.00000E+00   -0.25152E+03 -0.55286E+01  0.25704E+03  0.23661E+01  0.24140E+02  0.25516E+03      298.00
  0.45958E-01  0.62627E+03   -0.37250E-01 -0.37250E-01  0.74500E-01  0.00000E+00  0.00000E+00  0.00000E+00   -0.25187E+03 -0.55802E+01  0.25745E+03  0.23839E+01  0.24213E+02  0.25548E+03      298.00
  0.46267E-01  0.62714E+03   -0.37500E-01 -0.37500E-01  0.75000E-01  0.00000E+00  0.00000E+00  0.00000E+00   -0.25223E+03 -0.56314E+01  0.25786E+03  0.24014E+01  0.24285E+02  0.25581E+03      298.00
          Evm          Svm            E11          E22          E33          E23          E13          E12         SDEV11       SDEV22       SDEV33       SDEV23       SDEV13       SDEV12      TEMP
  0.46267E-01  0.62694E+03   -0.37500E-01 -0.37500E-01  0.75000E-01  0.00000E+00  0.00000E+00  0.00000E+00   -0.25208E+03 -0.57238E+01  0.25780E+03  0.24676E+01  0.24190E+02  0.25575E+03      298.00
  0.46575E-01  0.62821E+03   -0.37750E-01 -0.37750E-01  0.75500E-01  0.00000E+00  0.00000E+00  0.00000E+00   -0.25256E+03 -0.57641E+01  0.25833E+03  0.24549E+01  0.24328E+02  0.25627E+03      298.00
  0.46883E-01  0.62887E+03   -0.38000E-01 -0.38000E-01  0.76000E-01  0.00000E+00  0.00000E+00  0.00000E+00   -0.25292E+03 -0.57429E+01  0.25866E+03  0.24063E+01  0.24458E+02  0.25645E+03      298.00
  0.47192E-01  0.62969E+03   -0.38250E-01 -0.38250E-01  0.76500E-01  0.00000E+00  0.00000E+00  0.00000E+00   -0.25327E+03 -0.57864E+01  0.25906E+03  0.24640E+01  0.24486E+02  0.25675E+03      298.00
  0.47500E-01  0.63054E+03   -0.38500E-01 -0.38500E-01  0.77000E-01  0.00000E+00  0.00000E+00  0.00000E+00   -0.25361E+03 -0.58425E+01  0.25945E+03  0.24562E+01  0.24579E+02  0.25707E+03      298.00
  0.47809E-01  0.63137E+03   -0.38750E-01 -0.38750E-01  0.77500E-01  0.00000E+00  0.00000E+00  0.00000E+00   -0.25395E+03 -0.58946E+01  0.25985E+03  0.24821E+01  0.24639E+02  0.25737E+03      298.00
  0.48118E-01  0.63219E+03   -0.39000E-01 -0.39000E-01  0.78000E-01  0.00000E+00  0.00000E+00  0.00000E+00   -0.25429E+03 -0.59489E+01  0.26024E+03  0.24891E+01  0.24715E+02  0.25767E+03      298.00
  0.48426E-01  0.63301E+03   -0.39250E-01 -0.39250E-01  0.78500E-01  0.00000E+00  0.00000E+00  0.00000E+00   -0.25462E+03 -0.60030E+01  0.26063E+03  0.25052E+01  0.24783E+02  0.25797E+03      298.00
  0.48735E-01  0.63382E+03   -0.39500E-01 -0.39500E-01  0.79000E-01  0.00000E+00  0.00000E+00  0.00000E+00   -0.25495E+03 -0.60575E+01  0.26101E+03  0.25155E+01  0.24855E+02  0.25827E+03      298.00
  0.49044E-01  0.63462E+03   -0.39750E-01 -0.39750E-01  0.79500E-01  0.00000E+00  0.00000E+00  0.00000E+00   -0.25528E+03 -0.61126E+01  0.26140E+03  0.25279E+01  0.24925E+02  0.25856E+03      298.00
  0.49353E-01  0.63542E+03   -0.40000E-01 -0.40000E-01  0.80000E-01  0.00000E+00  0.00000E+00  0.00000E+00   -0.25561E+03 -0.61677E+01  0.26178E+03  0.25382E+01  0.24995E+02  0.25885E+03      298.00
  0.49662E-01  0.63621E+03   -0.40250E-01 -0.40250E-01  0.80500E-01  0.00000E+00  0.00000E+00  0.00000E+00   -0.25593E+03 -0.62236E+01  0.26216E+03  0.25488E+01  0.25065E+02  0.25914E+03      298.00
  0.49971E-01  0.63699E+03   -0.40500E-01 -0.40500E-01  0.81000E-01  0.00000E+00  0.00000E+00  0.00000E+00   -0.25625E+03 -0.62794E+01  0.26253E+03  0.25583E+01  0.25134E+02  0.25942E+03      298.00
  0.50280E-01  0.63777E+03   -0.40750E-01 -0.40750E-01  0.81500E-01  0.00000E+00  0.00000E+00  0.00000E+00   -0.25657E+03 -0.63360E+01  0.26291E+03  0.25674E+01  0.25204E+02  0.25970E+03      298.00
  0.50589E-01  0.63854E+03   -0.41000E-01 -0.41000E-01  0.82000E-01  0.00000E+00  0.00000E+00  0.00000E+00   -0.25689E+03 -0.63926E+01  0.26328E+03  0.25759E+01  0.25273E+02  0.25998E+03      298.00
  0.50899E-01  0.63930E+03   -0.41250E-01 -0.41250E-01  0.82500E-01  0.00000E+00  0.00000E+00  0.00000E+00   -0.25720E+03 -0.64498E+01  0.26365E+03  0.25838E+01  0.25343E+02  0.26025E+03      298.00
  0.51208E-01  0.64006E+03   -0.41500E-01 -0.41500E-01  0.83000E-01  0.00000E+00  0.00000E+00  0.00000E+00   -0.25752E+03 -0.65071E+01  0.26402E+03  0.25911E+01  0.25412E+02  0.26052E+03      298.00
  0.51517E-01  0.64081E+03   -0.41750E-01 -0.41750E-01  0.83500E-01  0.00000E+00  0.00000E+00  0.00000E+00   -0.25782E+03 -0.65650E+01  0.26439E+03  0.25979E+01  0.25481E+02  0.26079E+03      298.00
  0.51827E-01  0.64155E+03   -0.42000E-01 -0.42000E-01  0.84000E-01  0.00000E+00  0.00000E+00  0.00000E+00   -0.25813E+03 -0.66231E+01  0.26475E+03  0.26041E+01  0.25550E+02  0.26106E+03      298.00
  0.52136E-01  0.64229E+03   -0.42250E-01 -0.42250E-01  0.84500E-01  0.00000E+00  0.00000E+00  0.00000E+00   -0.25844E+03 -0.66817E+01  0.26512E+03  0.26098E+01  0.25618E+02  0.26132E+03      298.00
  0.52446E-01  0.64303E+03   -0.42500E-01 -0.42500E-01  0.85000E-01  0.00000E+00  0.00000E+00  0.00000E+00   -0.25874E+03 -0.67404E+01  0.26548E+03  0.26150E+01  0.25687E+02  0.26158E+03      298.00
  0.52755E-01  0.64375E+03   -0.42750E-01 -0.42750E-01  0.85500E-01  0.00000E+00  0.00000E+00  0.00000E+00   -0.25904E+03 -0.67997E+01  0.26584E+03  0.26196E+01  0.25756E+02  0.26184E+03      298.00
  0.53065E-01  0.64448E+03   -0.43000E-01 -0.43000E-01  0.86000E-01  0.00000E+00  0.00000E+00  0.00000E+00   -0.25934E+03 -0.68591E+01  0.26620E+03  0.26237E+01  0.25824E+02  0.26210E+03      298.00
  0.53375E-01  0.64519E+03   -0.43250E-01 -0.43250E-01  0.86500E-01  0.00000E+00  0.00000E+00  0.00000E+00   -0.25963E+03 -0.69191E+01  0.26655E+03  0.26273E+01  0.25892E+02  0.26235E+03      298.00
  0.53685E-01  0.64590E+03   -0.43500E-01 -0.43500E-01  0.87000E-01  0.00000E+00  0.00000E+00  0.00000E+00   -0.25993E+03 -0.69792E+01  0.26691E+03  0.26304E+01  0.25961E+02  0.26260E+03      298.00
  0.53995E-01  0.64661E+03   -0.43750E-01 -0.43750E-01  0.87500E-01  0.00000E+00  0.00000E+00  0.00000E+00   -0.26022E+03 -0.70398E+01  0.26726E+03  0.26330E+01  0.26029E+02  0.26285E+03      298.00
  0.54305E-01  0.64731E+03   -0.44000E-01 -0.44000E-01  0.88000E-01  0.00000E+00  0.00000E+00  0.00000E+00   -0.26051E+03 -0.71007E+01  0.26761E+03  0.26350E+01  0.26097E+02  0.26309E+03      298.00
  0.54615E-01  0.64801E+03   -0.44250E-01 -0.44250E-01  0.88500E-01  0.00000E+00  0.00000E+00  0.00000E+00   -0.26079E+03 -0.71619E+01  0.26796E+03  0.26367E+01  0.26165E+02  0.26334E+03      298.00
  0.54925E-01  0.64870E+03   -0.44500E-01 -0.44500E-01  0.89000E-01  0.00000E+00  0.00000E+00  0.00000E+00   -0.26108E+03 -0.72234E+01  0.26830E+03  0.26378E+01  0.26232E+02  0.26358E+03      298.00
  0.55235E-01  0.64938E+03   -0.44750E-01 -0.44750E-01  0.89500E-01  0.00000E+00  0.00000E+00  0.00000E+00   -0.26136E+03 -0.72854E+01  0.26865E+03  0.26384E+01  0.26300E+02  0.26382E+03      298.00
  0.55545E-01  0.65006E+03   -0.45000E-01 -0.45000E-01  0.90000E-01  0.00000E+00  0.00000E+00  0.00000E+00   -0.26164E+03 -0.73476E+01  0.26899E+03  0.26386E+01  0.26368E+02  0.26405E+03      298.00
  0.55856E-01  0.65073E+03   -0.45250E-01 -0.45250E-01  0.90500E-01  0.00000E+00  0.00000E+00  0.00000E+00   -0.26192E+03 -0.74101E+01  0.26933E+03  0.26384E+01  0.26436E+02  0.26428E+03      298.00
  0.56166E-01  0.65140E+03   -0.45500E-01 -0.45500E-01  0.91000E-01  0.00000E+00  0.00000E+00  0.00000E+00   -0.26220E+03 -0.74730E+01  0.26967E+03  0.26377E+01  0.26503E+02  0.26452E+03      298.00
  0.56477E-01  0.65207E+03   -0.45750E-01 -0.45750E-01  0.91500E-01  0.00000E+00  0.00000E+00  0.00000E+00   -0.26247E+03 -0.75362E+01  0.27001E+03  0.26365E+01  0.26571E+02  0.26474E+03      298.00
  0.56787E-01  0.65273E+03   -0.46000E-01 -0.46000E-01  0.92000E-01  0.00000E+00  0.00000E+00  0.00000E+00   -0.26275E+03 -0.75998E+01  0.27035E+03  0.26349E+01  0.26638E+02  0.26497E+03      298.00
  0.57098E-01  0.65338E+03   -0.46250E-01 -0.46250E-01  0.92500E-01  0.00000E+00  0.00000E+00  0.00000E+00   -0.26302E+03 -0.76637E+01  0.27068E+03  0.26329E+01  0.26705E+02  0.26520E+03      298.00
  0.57408E-01  0.65403E+03   -0.46500E-01 -0.46500E-01  0.93000E-01  0.00000E+00  0.00000E+00  0.00000E+00   -0.26329E+03 -0.77279E+01  0.27101E+03  0.26304E+01  0.26772E+02  0.26542E+03      298.00
  0.57719E-01  0.65467E+03   -0.46750E-01 -0.46750E-01  0.93500E-01  0.00000E+00  0.00000E+00  0.00000E+00   -0.26355E+03 -0.77924E+01  0.27135E+03  0.26276E+01  0.26840E+02  0.26564E+03      298.00
  0.58030E-01  0.65531E+03   -0.47000E-01 -0.47000E-01  0.94000E-01  0.00000E+00  0.00000E+00  0.00000E+00   -0.26382E+03 -0.78572E+01  0.27168E+03  0.26243E+01  0.26907E+02  0.26586E+03      298.00
  0.58341E-01  0.65595E+03   -0.47250E-01 -0.47250E-01  0.94500E-01  0.00000E+00  0.00000E+00  0.00000E+00   -0.26408E+03 -0.79224E+01  0.27200E+03  0.26206E+01  0.26974E+02  0.26607E+03      298.00
  0.58652E-01  0.65658E+03   -0.47500E-01 -0.47500E-01  0.95000E-01  0.00000E+00  0.00000E+00  0.00000E+00   -0.26434E+03 -0.79879E+01  0.27233E+03  0.26165E+01  0.27041E+02  0.26629E+03      298.00
  0.58963E-01  0.65721E+03   -0.47750E-01 -0.47750E-01  0.95500E-01  0.00000E+00  0.00000E+00  0.00000E+00   -0.26460E+03 -0.80538E+01  0.27266E+03  0.26121E+01  0.27108E+02  0.26650E+03      298.00
  0.59274E-01  0.65783E+03   -0.48000E-01 -0.48000E-01  0.96000E-01  0.00000E+00  0.00000E+00  0.00000E+00   -0.26486E+03 -0.81199E+01  0.27298E+03  0.26072E+01  0.27174E+02  0.26671E+03      298.00
  0.59585E-01  0.65844E+03   -0.48250E-01 -0.48250E-01  0.96500E-01  0.00000E+00  0.00000E+00  0.00000E+00   -0.26512E+03 -0.81864E+01  0.27330E+03  0.26020E+01  0.27241E+02  0.26691E+03      298.00
  0.59897E-01  0.65906E+03   -0.48500E-01 -0.48500E-01  0.97000E-01  0.00000E+00  0.00000E+00  0.00000E+00   -0.26537E+03 -0.82532E+01  0.27362E+03  0.25963E+01  0.27308E+02  0.26712E+03      298.00
  0.60208E-01  0.65966E+03   -0.48750E-01 -0.48750E-01  0.97500E-01  0.00000E+00  0.00000E+00  0.00000E+00   -0.26562E+03 -0.83203E+01  0.27394E+03  0.25903E+01  0.27374E+02  0.26732E+03      298.00
  0.60520E-01  0.66027E+03   -0.49000E-01 -0.49000E-01  0.98000E-01  0.00000E+00  0.00000E+00  0.00000E+00   -0.26587E+03 -0.83878E+01  0.27426E+03  0.25840E+01  0.27441E+02  0.26753E+03      298.00
  0.60831E-01  0.66087E+03   -0.49250E-01 -0.49250E-01  0.98500E-01  0.00000E+00  0.00000E+00  0.00000E+00   -0.26612E+03 -0.84556E+01  0.27458E+03  0.25773E+01  0.27507E+02  0.26772E+03      298.00
  0.61143E-01  0.66146E+03   -0.49500E-01 -0.49500E-01  0.99000E-01  0.00000E+00  0.00000E+00  0.00000E+00   -0.26637E+03 -0.85237E+01  0.27489E+03  0.25702E+01  0.27574E+02  0.26792E+03      298.00
  0.61454E-01  0.66205E+03   -0.49750E-01 -0.49750E-01  0.99500E-01  0.00000E+00  0.00000E+00  0.00000E+00   -0.26661E+03 -0.85921E+01  0.27520E+03  0.25628E+01  0.27640E+02  0.26812E+03      298.00
  0.61766E-01  0.66264E+03   -0.50000E-01 -0.50000E-01  0.10000E+00  0.00000E+00  0.00000E+00  0.00000E+00   -0.26685E+03 -0.86608E+01  0.27551E+03  0.25550E+01  0.27706E+02  0.26831E+03      298.00
          Evm          Svm            E11          E22          E33          E23          E13          E12         SDEV11       SDEV22       SDEV33       SDEV23       SDEV13       SDEV12      TEMP
  0.61766E-01  0.66249E+03   -0.50000E-01 -0.50000E-01  0.10000E+00  0.00000E+00  0.00000E+00  0.00000E+00   -0.26672E+03 -0.87529E+01  0.27548E+03  0.26300E+01  0.27594E+02  0.26828E+03      298.00
  0.62078E-01  0.66279E+03   -0.50250E-01 -0.50250E-01  0.10050E+00  0.00000E+00  0.00000E+00  0.00000E+00   -0.26689E+03 -0.88186E+01  0.27571E+03  0.26972E+01  0.27552E+02  0.26833E+03      298.00
  0.62390E-01  0.66401E+03   -0.50500E-01 -0.50500E-01  0.10100E+00  0.00000E+00  0.00000E+00  0.00000E+00   -0.26738E+03 -0.88130E+01  0.27620E+03  0.24972E+01  0.27900E+02  0.26881E+03      298.00
  0.62702E-01  0.66443E+03   -0.50750E-01 -0.50750E-01  0.10150E+00  0.00000E+00  0.00000E+00  0.00000E+00   -0.26759E+03 -0.88637E+01  0.27646E+03  0.25102E+01  0.27935E+02  0.26891E+03      298.00
  0.63014E-01  0.66489E+03   -0.51000E-01 -0.51000E-01  0.10200E+00  0.00000E+00  0.00000E+00  0.00000E+00   -0.26779E+03 -0.89383E+01  0.27673E+03  0.25286E+01  0.27957E+02  0.26905E+03      298.00
  0.63326E-01  0.66554E+03   -0.51250E-01 -0.51250E-01  0.10250E+00  0.00000E+00  0.00000E+00  0.00000E+00   -0.26805E+03 -0.90085E+01  0.27706E+03  0.25084E+01  0.28042E+02  0.26927E+03      298.00
  0.63638E-01  0.66604E+03   -0.51500E-01 -0.51500E-01  0.10300E+00  0.00000E+00  0.00000E+00  0.00000E+00   -0.26826E+03 -0.90806E+01  0.27735E+03  0.25024E+01  0.28099E+02  0.26942E+03      298.00
  0.63951E-01  0.66664E+03   -0.51750E-01 -0.51750E-01  0.10350E+00  0.00000E+00  0.00000E+00  0.00000E+00   -0.26851E+03 -0.91503E+01  0.27766E+03  0.24918E+01  0.28169E+02  0.26962E+03      298.00
  0.64263E-01  0.66716E+03   -0.52000E-01 -0.52000E-01  0.10400E+00  0.00000E+00  0.00000E+00  0.00000E+00   -0.26873E+03 -0.92225E+01  0.27795E+03  0.24808E+01  0.28233E+02  0.26979E+03      298.00
  0.64576E-01  0.66773E+03   -0.52250E-01 -0.52250E-01  0.10450E+00  0.00000E+00  0.00000E+00  0.00000E+00   -0.26896E+03 -0.92933E+01  0.27826E+03  0.24713E+01  0.28299E+02  0.26998E+03      298.00
  0.64888E-01  0.66826E+03   -0.52500E-01 -0.52500E-01  0.10500E+00  0.00000E+00  0.00000E+00  0.00000E+00   -0.26918E+03 -0.93658E+01  0.27855E+03  0.24593E+01  0.28364E+02  0.27014E+03      298.00
  0.65201E-01  0.66881E+03   -0.52750E-01 -0.52750E-01  0.10550E+00  0.00000E+00  0.00000E+00  0.00000E+00   -0.26941E+03 -0.94376E+01  0.27885E+03  0.24492E+01  0.28430E+02  0.27032E+03      298.00
  0.65513E-01  0.66934E+03   -0.53000E-01 -0.53000E-01  0.10600E+00  0.00000E+00  0.00000E+00  0.00000E+00   -0.26963E+03 -0.95103E+01  0.27914E+03  0.24368E+01  0.28495E+02  0.27049E+03      298.00
  0.65826E-01  0.66988E+03   -0.53250E-01 -0.53250E-01  0.10650E+00  0.00000E+00  0.00000E+00  0.00000E+00   -0.26985E+03 -0.95831E+01  0.27944E+03  0.24258E+01  0.28560E+02  0.27066E+03      298.00
  0.66139E-01  0.67040E+03   -0.53500E-01 -0.53500E-01  0.10700E+00  0.00000E+00  0.00000E+00  0.00000E+00   -0.27007E+03 -0.96562E+01  0.27972E+03  0.24132E+01  0.28625E+02  0.27083E+03      298.00
  0.66452E-01  0.67093E+03   -0.53750E-01 -0.53750E-01  0.10750E+00  0.00000E+00  0.00000E+00  0.00000E+00   -0.27029E+03 -0.97297E+01  0.28002E+03  0.24014E+01  0.28690E+02  0.27100E+03      298.00
  0.66765E-01  0.67145E+03   -0.54000E-01 -0.54000E-01  0.10800E+00  0.00000E+00  0.00000E+00  0.00000E+00   -0.27050E+03 -0.98034E+01  0.28030E+03  0.23885E+01  0.28755E+02  0.27116E+03      298.00
  0.67078E-01  0.67197E+03   -0.54250E-01 -0.54250E-01  0.10850E+00  0.00000E+00  0.00000E+00  0.00000E+00   -0.27072E+03 -0.98775E+01  0.28059E+03  0.23760E+01  0.28820E+02  0.27133E+03      298.00
  0.67391E-01  0.67248E+03   -0.54500E-01 -0.54500E-01  0.10900E+00  0.00000E+00  0.00000E+00  0.00000E+00   -0.27093E+03 -0.99518E+01  0.28088E+03  0.23627E+01  0.28885E+02  0.27149E+03      298.00
  0.67705E-01  0.67299E+03   -0.54750E-01 -0.54750E-01  0.10950E+00  0.00000E+00  0.00000E+00  0.00000E+00   -0.27114E+03 -0.10027E+02  0.28116E+03  0.23496E+01  0.28949E+02  0.27165E+03      298.00
  0.68018E-01  0.67349E+03   -0.55000E-01 -0.55000E-01  0.11000E+00  0.00000E+00  0.00000E+00  0.00000E+00   -0.27135E+03 -0.10101E+02  0.28145E+03  0.23358E+01  0.29014E+02  0.27181E+03      298.00
  0.68331E-01  0.67399E+03   -0.55250E-01 -0.55250E-01  0.11050E+00  0.00000E+00  0.00000E+00  0.00000E+00   -0.27155E+03 -0.10177E+02  0.28173E+03  0.23222E+01  0.29078E+02  0.27196E+03      298.00
  0.68645E-01  0.67449E+03   -0.55500E-01 -0.55500E-01  0.11100E+00  0.00000E+00  0.00000E+00  0.00000E+00   -0.27176E+03 -0.10252E+02  0.28201E+03  0.23080E+01  0.29143E+02  0.27212E+03      298.00
  0.68958E-01  0.67499E+03   -0.55750E-01 -0.55750E-01  0.11150E+00  0.00000E+00  0.00000E+00  0.00000E+00   -0.27196E+03 -0.10328E+02  0.28229E+03  0.22938E+01  0.29207E+02  0.27227E+03      298.00
  0.69272E-01  0.67547E+03   -0.56000E-01 -0.56000E-01  0.11200E+00  0.00000E+00  0.00000E+00  0.00000E+00   -0.27216E+03 -0.10404E+02  0.28257E+03  0.22793E+01  0.29271E+02  0.27242E+03      298.00
  0.69586E-01  0.67596E+03   -0.56250E-01 -0.56250E-01  0.11250E+00  0.00000E+00  0.00000E+00  0.00000E+00   -0.27236E+03 -0.10481E+02  0.28284E+03  0.22646E+01  0.29335E+02  0.27257E+03      298.00
  0.69900E-01  0.67644E+03   -0.56500E-01 -0.56500E-01  0.11300E+00  0.00000E+00  0.00000E+00  0.00000E+00   -0.27256E+03 -0.10558E+02  0.28312E+03  0.22496E+01  0.29399E+02  0.27272E+03      298.00
  0.70214E-01  0.67692E+03   -0.56750E-01 -0.56750E-01  0.11350E+00  0.00000E+00  0.00000E+00  0.00000E+00   -0.27276E+03 -0.10635E+02  0.28339E+03  0.22345E+01  0.29463E+02  0.27287E+03      298.00
  0.70528E-01  0.67740E+03   -0.57000E-01 -0.57000E-01  0.11400E+00  0.00000E+00  0.00000E+00  0.00000E+00   -0.27295E+03 -0.10712E+02  0.28367E+03  0.22190E+01  0.29527E+02  0.27301E+03      298.00
  0.70842E-01  0.67787E+03   -0.57250E-01 -0.57250E-01  0.11450E+00  0.00000E+00  0.00000E+00  0.00000E+00   -0.27315E+03 -0.10790E+02  0.28394E+03  0.22035E+01  0.29590E+02  0.27316E+03      298.00
  0.71156E-01  0.67834E+03   -0.57500E-01 -0.57500E-01  0.11500E+00  0.00000E+00  0.00000E+00  0.00000E+00   -0.27334E+03 -0.10868E+02  0.28421E+03  0.21876E+01  0.29654E+02  0.27330E+03      298.00
  0.71470E-01  0.67880E+03   -0.57750E-01 -0.57750E-01  0.11550E+00  0.00000E+00  0.00000E+00  0.00000E+00   -0.27353E+03 -0.10946E+02  0.28448E+03  0.21716E+01  0.29717E+02  0.27344E+03      298.00
  0.71784E-01  0.67926E+03   -0.58000E-01 -0.58000E-01  0.11600E+00  0.00000E+00  0.00000E+00  0.00000E+00   -0.27372E+03 -0.11025E+02  0.28474E+03  0.21554E+01  0.29780E+02  0.27358E+03      298.00
  0.72099E-01  0.67972E+03   -0.58250E-01 -0.58250E-01  0.11650E+00  0.00000E+00  0.00000E+00  0.00000E+00   -0.27391E+03 -0.11104E+02  0.28501E+03  0.21390E+01  0.29843E+02  0.27372E+03      298.00
  0.72413E-01  0.68017E+03   -0.58500E-01 -0.58500E-01  0.11700E+00  0.00000E+00  0.00000E+00  0.00000E+00   -0.27409E+03 -0.11183E+02  0.28528E+03  0.21224E+01  0.29906E+02  0.27385E+03      298.00
  0.72728E-01  0.68062E+03   -0.58750E-01 -0.58750E-01  0.11750E+00  0.00000E+00  0.00000E+00  0.00000E+00   -0.27428E+03 -0.11263E+02  0.28554E+03  0.21056E+01  0.29969E+02  0.27399E+03      298.00
  0.73042E-01  0.68107E+03   -0.59000E-01 -0.59000E-01  0.11800E+00  0.00000E+00  0.00000E+00  0.00000E+00   -0.27446E+03 -0.11342E+02  0.28580E+03  0.20886E+01  0.30032E+02  0.27412E+03      298.00
  0.73357E-01  0.10430E+04   -0.59250E-01 -0.59250E-01  0.11850E+00  0.00000E+00  0.00000E+00  0.00000E+00   -0.47170E+03 -0.92070E+02  0.56377E+03 -0.35376E+02  0.29359E+03 -0.27197E+02      298.00
  0.73763E-01  0.10433E+04   -0.59500E-01 -0.59500E-01  0.11900E+00  0.00000E+00  0.00000E+00  0.00000E+00   -0.47146E+03 -0.92325E+02  0.56378E+03 -0.36168E+02  0.29406E+03 -0.26849E+02      298.00
  0.74168E-01  0.10441E+04   -0.59750E-01 -0.59750E-01  0.11950E+00  0.00000E+00  0.00000E+00  0.00000E+00   -0.47140E+03 -0.92517E+02  0.56391E+03 -0.36331E+02  0.29484E+03 -0.26839E+02      298.00
  0.74573E-01  0.10448E+04   -0.60000E-01 -0.60000E-01  0.12000E+00  0.00000E+00  0.00000E+00  0.00000E+00   -0.47131E+03 -0.92722E+02  0.56403E+03 -0.36444E+02  0.29558E+03 -0.26856E+02      298.00
  0.74978E-01  0.10455E+04   -0.60250E-01 -0.60250E-01  0.12050E+00  0.00000E+00  0.00000E+00  0.00000E+00   -0.47121E+03 -0.92925E+02  0.56414E+03 -0.36552E+02  0.29631E+03 -0.26875E+02      298.00
  0.75383E-01  0.10461E+04   -0.60500E-01 -0.60500E-01  0.12100E+00  0.00000E+00  0.00000E+00  0.00000E+00   -0.47111E+03 -0.93128E+02  0.56424E+03 -0.36660E+02  0.29705E+03 -0.26894E+02      298.00
  0.75787E-01  0.10468E+04   -0.60750E-01 -0.60750E-01  0.12150E+00  0.00000E+00  0.00000E+00  0.00000E+00   -0.47100E+03 -0.93331E+02  0.56433E+03 -0.36767E+02  0.29778E+03 -0.26912E+02      298.00
  0.76191E-01  0.10475E+04   -0.61000E-01 -0.61000E-01  0.12200E+00  0.00000E+00  0.00000E+00  0.00000E+00   -0.47089E+03 -0.93534E+02  0.56442E+03 -0.36876E+02  0.29851E+03 -0.26929E+02      298.00
  0.76596E-01  0.10481E+04   -0.61250E-01 -0.61250E-01  0.12250E+00  0.00000E+00  0.00000E+00  0.00000E+00   -0.47077E+03 -0.93737E+02  0.56450E+03 -0.36984E+02  0.29924E+03 -0.26945E+02      298.00
  0.76999E-01  0.10487E+04   -0.61500E-01 -0.61500E-01  0.12300E+00  0.00000E+00  0.00000E+00  0.00000E+00   -0.47064E+03 -0.93939E+02  0.56458E+03 -0.37093E+02  0.29996E+03 -0.26961E+02      298.00
  0.77403E-01  0.10494E+04   -0.61750E-01 -0.61750E-01  0.12350E+00  0.00000E+00  0.00000E+00  0.00000E+00   -0.47051E+03 -0.94141E+02  0.56465E+03 -0.37202E+02  0.30068E+03 -0.26976E+02      298.00
  0.77807E-01  0.10500E+04   -0.62000E-01 -0.62000E-01  0.12400E+00  0.00000E+00  0.00000E+00  0.00000E+00   -0.47037E+03 -0.94343E+02  0.56472E+03 -0.37311E+02  0.30139E+03 -0.26991E+02      298.00
  0.78210E-01  0.10506E+04   -0.62250E-01 -0.62250E-01  0.12450E+00  0.00000E+00  0.00000E+00  0.00000E+00   -0.47023E+03 -0.94545E+02  0.56478E+03 -0.37421E+02  0.30211E+03 -0.27005E+02      298.00
  0.78613E-01  0.10512E+04   -0.62500E-01 -0.62500E-01  0.12500E+00  0.00000E+00  0.00000E+00  0.00000E+00   -0.47008E+03 -0.94746E+02  0.56483E+03 -0.37530E+02  0.30282E+03 -0.27018E+02      298.00
