TEXTURE AT STRAIN =    0.0250
   0.988   1.025   0.988  <-- length of phase ellipsoid axes
  154.69   90.00 -180.00  <-- Euler angles (deg) of phase ellipsoid axes
B         1
   58.22   91.95 -133.57   1.0000000
TEXTURE AT STRAIN =    0.0500
   0.975   1.051   0.975  <-- length of phase ellipsoid axes
   56.52   90.00   -0.00  <-- Euler angles (deg) of phase ellipsoid axes
B         1
   58.21   92.10 -132.79   1.0000000
TEXTURE AT STRAIN =    0.0750
   0.963   1.078   0.963  <-- length of phase ellipsoid axes
   56.64   90.00   -0.00  <-- Euler angles (deg) of phase ellipsoid axes
B         1
   58.21   92.25 -132.00   1.0000000
TEXTURE AT STRAIN =    0.1000
   0.951   1.105   0.951  <-- length of phase ellipsoid axes
   56.63   90.00   -0.00  <-- Euler angles (deg) of phase ellipsoid axes
B         1
   58.20   92.42 -131.25   1.0000000
TEXTURE AT STRAIN =    0.1250
   0.940   1.132   0.939  <-- length of phase ellipsoid axes
  160.94   90.00 -179.91  <-- Euler angles (deg) of phase ellipsoid axes
B         1
   95.12  150.69   71.75   1.0000000
