    STEP   AVACS   MODE1   MODE2   MODE3   MODE4
       1   6.000   0.288   0.712   0.000   0.000
       2   7.000   0.255   0.745   0.000   0.000
       3   6.000   0.199   0.801   0.000   0.000
       4   6.000   0.136   0.864   0.000   0.000
       5   5.000   0.146   0.854   0.000   0.000
       6   5.000   0.194   0.806   0.000   0.000
       7   5.000   0.206   0.794   0.000   0.000
       8   5.000   0.210   0.790   0.000   0.000
       9   5.000   0.208   0.792   0.000   0.000
      10   4.000   0.199   0.801   0.000   0.000
      11   6.000   0.270   0.730   0.000   0.000
      12   5.000   0.349   0.651   0.000   0.000
      13   6.000   0.395   0.605   0.000   0.000
      14   6.000   0.391   0.609   0.000   0.000
      15   5.000   0.351   0.649   0.000   0.000
      16   6.000   0.323   0.677   0.000   0.000
      17   7.000   0.336   0.664   0.000   0.000
      18   6.000   0.317   0.683   0.000   0.000
      19   6.000   0.288   0.712   0.000   0.000
      20   7.000   0.255   0.745   0.000   0.000
      21   6.000   0.199   0.801   0.000   0.000
      22   6.000   0.136   0.864   0.000   0.000
      23   5.000   0.146   0.854   0.000   0.000
      24   5.000   0.194   0.806   0.000   0.000
      25   5.000   0.206   0.794   0.000   0.000
      26   5.000   0.210   0.790   0.000   0.000
      27   5.000   0.208   0.792   0.000   0.000
      28   4.000   0.199   0.801   0.000   0.000
      29   6.000   0.270   0.730   0.000   0.000
      30   5.000   0.349   0.651   0.000   0.000
      31   6.000   0.395   0.605   0.000   0.000
      32   6.000   0.391   0.609   0.000   0.000
      33   5.000   0.351   0.649   0.000   0.000
      34   6.000   0.323   0.677   0.000   0.000
      35   7.000   0.336   0.664   0.000   0.000
      36   6.000   0.317   0.683   0.000   0.000
  STRAIN   AVACS   PRITW   SECTW   MODE1   MODE2   MODE3   MODE4   TWFR3   EFFR3   TWFR4   EFFR4
   0.000   6.000   0.000   0.000   0.288   0.712   0.000   0.000   0.000   0.000   0.000   0.000
   0.001   6.000   0.000   0.000   0.288   0.712   0.000   0.000   0.000   0.000   0.000   0.000
   0.001   6.000   0.000   0.000   0.287   0.713   0.000   0.000   0.000   0.000   0.000   0.000
   0.002   6.000   0.000   0.000   0.286   0.714   0.000   0.000   0.000   0.000   0.000   0.000
   0.002   6.000   0.000   0.000   0.286   0.714   0.000   0.000   0.000   0.000   0.000   0.000
   0.003   6.000   0.000   0.000   0.286   0.714   0.000   0.000   0.000   0.000   0.000   0.000
   0.003   6.000   0.000   0.000   0.285   0.715   0.000   0.000   0.000   0.000   0.000   0.000
   0.004   6.000   0.000   0.000   0.285   0.715   0.000   0.000   0.000   0.000   0.000   0.000
   0.004   6.000   0.000   0.000   0.284   0.716   0.000   0.000   0.000   0.000   0.000   0.000
   0.005   6.000   0.000   0.000   0.284   0.716   0.000   0.000   0.000   0.000   0.000   0.000
   0.005   6.000   0.000   0.000   0.284   0.716   0.000   0.000   0.000   0.000   0.000   0.000
   0.006   6.000   0.000   0.000   0.283   0.716   0.000   0.000   0.000   0.000   0.000   0.000
   0.006   6.000   0.000   0.000   0.283   0.717   0.000   0.000   0.000   0.000   0.000   0.000
   0.007   6.000   0.000   0.000   0.283   0.717   0.000   0.000   0.000   0.000   0.000   0.000
   0.007   6.000   0.000   0.000   0.283   0.717   0.000   0.000   0.000   0.000   0.000   0.000
   0.008   6.000   0.000   0.000   0.283   0.717   0.000   0.000   0.000   0.000   0.000   0.000
   0.008   6.000   0.000   0.000   0.282   0.718   0.000   0.000   0.000   0.000   0.000   0.000
   0.009   6.000   0.000   0.000   0.282   0.718   0.000   0.000   0.000   0.000   0.000   0.000
   0.009   6.000   0.000   0.000   0.282   0.718   0.000   0.000   0.000   0.000   0.000   0.000
   0.010   6.000   0.000   0.000   0.282   0.718   0.000   0.000   0.000   0.000   0.000   0.000
   0.010   6.000   0.000   0.000   0.281   0.719   0.000   0.000   0.000   0.000   0.000   0.000
   0.011   6.000   0.000   0.000   0.281   0.719   0.000   0.000   0.000   0.000   0.000   0.000
   0.011   6.000   0.000   0.000   0.281   0.719   0.000   0.000   0.000   0.000   0.000   0.000
   0.012   6.000   0.000   0.000   0.281   0.719   0.000   0.000   0.000   0.000   0.000   0.000
   0.012   6.000   0.000   0.000   0.281   0.719   0.000   0.000   0.000   0.000   0.000   0.000
   0.013   6.000   0.000   0.000   0.281   0.719   0.000   0.000   0.000   0.000   0.000   0.000
   0.013   6.000   0.000   0.000   0.280   0.720   0.000   0.000   0.000   0.000   0.000   0.000
   0.014   6.000   0.000   0.000   0.280   0.720   0.000   0.000   0.000   0.000   0.000   0.000
   0.014   6.000   0.000   0.000   0.280   0.720   0.000   0.000   0.000   0.000   0.000   0.000
   0.015   6.000   0.000   0.000   0.280   0.720   0.000   0.000   0.000   0.000   0.000   0.000
   0.015   6.000   0.000   0.000   0.280   0.720   0.000   0.000   0.000   0.000   0.000   0.000
   0.016   6.000   0.000   0.000   0.279   0.721   0.000   0.000   0.000   0.000   0.000   0.000
   0.016   6.000   0.000   0.000   0.279   0.720   0.000   0.000   0.000   0.000   0.000   0.000
   0.017   6.000   0.000   0.000   0.279   0.721   0.000   0.000   0.000   0.000   0.000   0.000
   0.017   6.000   0.000   0.000   0.279   0.721   0.000   0.000   0.000   0.000   0.000   0.000
   0.018   6.000   0.000   0.000   0.279   0.721   0.000   0.000   0.000   0.000   0.000   0.000
   0.018   6.000   0.000   0.000   0.278   0.721   0.000   0.000   0.000   0.000   0.000   0.000
   0.019   6.000   0.000   0.000   0.278   0.722   0.000   0.000   0.000   0.000   0.000   0.000
   0.019   6.000   0.000   0.000   0.278   0.722   0.000   0.000   0.000   0.000   0.000   0.000
   0.020   6.000   0.000   0.000   0.278   0.722   0.000   0.000   0.000   0.000   0.000   0.000
   0.020   6.000   0.000   0.000   0.278   0.722   0.000   0.000   0.000   0.000   0.000   0.000
   0.021   6.000   0.000   0.000   0.277   0.722   0.000   0.000   0.000   0.000   0.000   0.000
   0.021   6.000   0.000   0.000   0.277   0.723   0.000   0.000   0.000   0.000   0.000   0.000
   0.022   6.000   0.000   0.000   0.277   0.723   0.000   0.000   0.000   0.000   0.000   0.000
   0.022   6.000   0.000   0.000   0.276   0.723   0.000   0.000   0.000   0.000   0.000   0.000
   0.023   6.000   0.000   0.000   0.276   0.723   0.000   0.000   0.000   0.000   0.000   0.000
   0.023   6.000   0.000   0.000   0.276   0.724   0.000   0.000   0.000   0.000   0.000   0.000
   0.024   6.000   0.000   0.000   0.276   0.724   0.000   0.000   0.000   0.000   0.000   0.000
   0.024   6.000   0.000   0.000   0.276   0.724   0.000   0.000   0.000   0.000   0.000   0.000
   0.025   6.000   0.000   0.000   0.275   0.724   0.000   0.000   0.000   0.000   0.000   0.000
   0.025   6.000   0.000   0.000   0.275   0.724   0.000   0.001   0.000   0.000   0.000   0.000
    STEP   AVACS   MODE1   MODE2   MODE3   MODE4
       1   6.000   0.276   0.724   0.000   0.000
       2   7.000   0.241   0.759   0.000   0.000
       3   7.000   0.184   0.816   0.000   0.000
       4   7.000   0.102   0.898   0.000   0.000
       5   5.000   0.134   0.866   0.000   0.000
       6   6.000   0.188   0.812   0.000   0.000
       7   5.000   0.204   0.796   0.000   0.000
       8   5.000   0.214   0.785   0.000   0.000
       9   5.000   0.216   0.784   0.000   0.000
      10   4.000   0.207   0.792   0.000   0.000
      11   6.000   0.269   0.731   0.000   0.000
      12   5.000   0.356   0.644   0.000   0.000
      13   7.000   0.400   0.600   0.000   0.000
      14   6.000   0.392   0.608   0.000   0.000
      15   5.000   0.329   0.671   0.000   0.000
      16   6.000   0.304   0.696   0.000   0.000
      17   7.000   0.323   0.677   0.000   0.000
      18   6.000   0.304   0.695   0.000   0.000
      19   6.000   0.275   0.724   0.000   0.001
      20   7.000   0.241   0.759   0.000   0.000
      21   7.000   0.184   0.815   0.000   0.000
      22   7.000   0.102   0.898   0.000   0.000
      23   5.000   0.134   0.866   0.000   0.000
      24   6.000   0.188   0.812   0.000   0.000
      25   5.000   0.204   0.796   0.000   0.000
      26   5.000   0.215   0.785   0.000   0.000
      27   5.000   0.216   0.784   0.000   0.000
      28   4.000   0.208   0.792   0.000   0.000
      29   6.000   0.269   0.731   0.000   0.000
      30   5.000   0.356   0.644   0.000   0.000
      31   7.000   0.399   0.600   0.000   0.001
      32   6.000   0.392   0.607   0.000   0.001
      33   5.000   0.329   0.670   0.000   0.000
      34   6.000   0.304   0.696   0.000   0.000
      35   7.000   0.323   0.677   0.000   0.000
      36   6.000   0.304   0.696   0.000   0.000
  STRAIN   AVACS   PRITW   SECTW   MODE1   MODE2   MODE3   MODE4   TWFR3   EFFR3   TWFR4   EFFR4
   0.025   6.000   0.000   0.000   0.275   0.724   0.000   0.001   0.000   0.000   0.000   0.000
   0.026   6.000   0.000   0.000   0.275   0.724   0.000   0.001   0.000   0.000   0.000   0.000
   0.026   6.000   0.000   0.000   0.275   0.725   0.000   0.001   0.000   0.000   0.000   0.000
   0.027   6.000   0.000   0.000   0.275   0.725   0.000   0.001   0.000   0.000   0.000   0.000
   0.027   6.000   0.000   0.000   0.274   0.725   0.000   0.001   0.000   0.000   0.000   0.000
   0.028   6.000   0.000   0.000   0.274   0.725   0.000   0.001   0.000   0.000   0.000   0.000
   0.028   6.000   0.000   0.000   0.274   0.726   0.000   0.001   0.000   0.000   0.000   0.000
   0.029   6.000   0.000   0.000   0.274   0.725   0.000   0.001   0.000   0.000   0.000   0.000
   0.029   6.000   0.000   0.000   0.273   0.726   0.000   0.001   0.000   0.000   0.000   0.000
   0.030   6.000   0.000   0.000   0.273   0.726   0.000   0.001   0.000   0.000   0.000   0.000
   0.030   6.000   0.000   0.000   0.273   0.726   0.000   0.001   0.000   0.000   0.000   0.000
   0.031   6.000   0.000   0.000   0.273   0.726   0.000   0.001   0.000   0.000   0.000   0.000
   0.031   6.000   0.000   0.000   0.272   0.727   0.000   0.001   0.000   0.000   0.000   0.000
   0.032   6.000   0.000   0.000   0.272   0.727   0.000   0.001   0.000   0.000   0.000   0.000
   0.032   6.000   0.000   0.000   0.272   0.727   0.000   0.001   0.000   0.000   0.000   0.000
   0.033   6.000   0.000   0.000   0.272   0.727   0.000   0.001   0.000   0.000   0.000   0.000
   0.033   6.000   0.000   0.000   0.271   0.727   0.000   0.001   0.000   0.000   0.000   0.000
   0.034   6.000   0.000   0.000   0.271   0.728   0.000   0.002   0.000   0.000   0.000   0.000
   0.034   6.000   0.000   0.000   0.271   0.727   0.000   0.002   0.000   0.000   0.000   0.000
   0.035   6.000   0.000   0.000   0.271   0.728   0.000   0.002   0.000   0.000   0.000   0.000
   0.035   6.000   0.000   0.000   0.270   0.728   0.000   0.002   0.000   0.000   0.000   0.000
   0.036   6.000   0.000   0.000   0.270   0.728   0.000   0.002   0.000   0.000   0.000   0.000
   0.036   6.000   0.000   0.000   0.270   0.728   0.000   0.002   0.000   0.000   0.000   0.000
   0.037   6.000   0.000   0.000   0.270   0.728   0.000   0.002   0.000   0.000   0.000   0.000
   0.037   6.000   0.000   0.000   0.269   0.729   0.000   0.002   0.000   0.000   0.000   0.000
   0.038   6.000   0.000   0.000   0.269   0.729   0.000   0.002   0.000   0.000   0.000   0.000
   0.038   6.000   0.000   0.000   0.269   0.729   0.000   0.002   0.000   0.000   0.000   0.000
   0.039   6.000   0.000   0.000   0.269   0.729   0.000   0.002   0.000   0.000   0.000   0.000
   0.039   6.000   0.000   0.000   0.268   0.729   0.000   0.002   0.000   0.000   0.000   0.000
   0.040   6.000   0.000   0.000   0.268   0.729   0.000   0.003   0.000   0.000   0.000   0.000
   0.040   6.000   0.000   0.000   0.268   0.730   0.000   0.003   0.000   0.000   0.000   0.000
   0.041   6.000   0.000   0.000   0.268   0.730   0.000   0.003   0.000   0.000   0.000   0.000
   0.041   6.000   0.000   0.000   0.267   0.730   0.000   0.003   0.000   0.000   0.000   0.000
   0.042   6.000   0.000   0.000   0.267   0.730   0.000   0.003   0.000   0.000   0.000   0.000
   0.042   6.000   0.000   0.000   0.267   0.730   0.000   0.003   0.000   0.000   0.001   0.000
   0.043   6.000   0.000   0.000   0.266   0.730   0.000   0.003   0.000   0.000   0.001   0.000
   0.043   6.000   0.000   0.000   0.266   0.731   0.000   0.003   0.000   0.000   0.001   0.000
   0.044   6.000   0.000   0.000   0.266   0.731   0.000   0.003   0.000   0.000   0.001   0.000
   0.044   6.000   0.000   0.000   0.266   0.731   0.000   0.003   0.000   0.000   0.001   0.000
   0.045   6.000   0.000   0.000   0.265   0.731   0.000   0.004   0.000   0.000   0.001   0.000
   0.045   6.000   0.000   0.000   0.265   0.731   0.000   0.004   0.000   0.000   0.001   0.000
   0.046   6.000   0.000   0.000   0.265   0.731   0.000   0.004   0.000   0.000   0.001   0.000
   0.046   6.000   0.000   0.000   0.265   0.732   0.000   0.004   0.000   0.000   0.001   0.000
   0.047   6.000   0.000   0.000   0.264   0.732   0.000   0.004   0.000   0.000   0.001   0.000
   0.047   6.000   0.000   0.000   0.264   0.732   0.000   0.004   0.000   0.000   0.001   0.000
   0.048   6.000   0.000   0.000   0.264   0.732   0.000   0.004   0.000   0.000   0.001   0.000
   0.048   6.000   0.000   0.000   0.263   0.732   0.000   0.004   0.000   0.000   0.001   0.000
   0.049   6.000   0.000   0.000   0.263   0.732   0.000   0.004   0.000   0.000   0.001   0.000
   0.049   6.000   0.000   0.000   0.263   0.733   0.000   0.004   0.000   0.000   0.001   0.000
   0.050   6.000   0.000   0.000   0.263   0.733   0.000   0.005   0.000   0.000   0.001   0.000
   0.050   6.000   0.000   0.000   0.262   0.733   0.000   0.005   0.000   0.000   0.001   0.000
    STEP   AVACS   MODE1   MODE2   MODE3   MODE4
       1   6.000   0.264   0.735   0.000   0.000
       2   7.000   0.230   0.770   0.000   0.000
       3   7.000   0.176   0.824   0.000   0.000
       4   7.000   0.094   0.906   0.000   0.000
       5   5.000   0.132   0.868   0.000   0.000
       6   6.000   0.190   0.810   0.000   0.000
       7   5.000   0.208   0.791   0.000   0.000
       8   5.000   0.220   0.778   0.000   0.002
       9   5.000   0.223   0.773   0.000   0.003
      10   4.000   0.218   0.779   0.000   0.003
      11   6.000   0.283   0.717   0.000   0.000
      12   5.000   0.368   0.632   0.000   0.000
      13   7.000   0.407   0.593   0.000   0.000
      14   7.000   0.396   0.604   0.000   0.000
      15   5.000   0.326   0.674   0.000   0.000
      16   6.000   0.297   0.702   0.000   0.000
      17   7.000   0.314   0.684   0.000   0.002
      18   6.000   0.292   0.704   0.000   0.004
      19   6.000   0.262   0.733   0.000   0.005
      20   7.000   0.228   0.768   0.000   0.004
      21   7.000   0.174   0.823   0.000   0.003
      22   7.000   0.093   0.906   0.000   0.001
      23   5.000   0.132   0.868   0.000   0.000
      24   6.000   0.190   0.810   0.000   0.000
      25   5.000   0.209   0.791   0.000   0.000
      26   5.000   0.221   0.779   0.000   0.000
      27   5.000   0.225   0.775   0.000   0.000
      28   4.000   0.220   0.780   0.000   0.000
      29   6.000   0.283   0.717   0.000   0.000
      30   5.000   0.367   0.631   0.000   0.002
      31   7.000   0.404   0.590   0.000   0.006
      32   7.000   0.394   0.601   0.000   0.006
      33   5.000   0.325   0.673   0.000   0.002
      34   6.000   0.297   0.702   0.000   0.000
      35   7.000   0.315   0.685   0.000   0.000
      36   6.000   0.294   0.706   0.000   0.000
  STRAIN   AVACS   PRITW   SECTW   MODE1   MODE2   MODE3   MODE4   TWFR3   EFFR3   TWFR4   EFFR4
   0.050   6.000   0.000   0.000   0.262   0.733   0.000   0.005   0.000   0.000   0.001   0.000
   0.051   6.000   0.000   0.000   0.262   0.733   0.000   0.005   0.000   0.000   0.001   0.000
   0.051   6.000   0.000   0.000   0.262   0.733   0.000   0.005   0.000   0.000   0.001   0.000
   0.052   6.000   0.000   0.000   0.262   0.733   0.000   0.005   0.000   0.000   0.001   0.000
   0.052   6.000   0.000   0.000   0.261   0.734   0.000   0.005   0.000   0.000   0.001   0.000
   0.053   6.000   0.000   0.000   0.261   0.734   0.000   0.005   0.000   0.000   0.001   0.000
   0.053   6.000   0.000   0.000   0.261   0.734   0.000   0.005   0.000   0.000   0.001   0.000
   0.054   6.000   0.000   0.000   0.261   0.734   0.000   0.005   0.000   0.000   0.001   0.000
   0.054   6.000   0.000   0.000   0.260   0.734   0.000   0.005   0.000   0.000   0.001   0.000
   0.055   6.000   0.000   0.000   0.260   0.735   0.000   0.005   0.000   0.000   0.001   0.000
   0.055   6.000   0.000   0.000   0.260   0.735   0.000   0.006   0.000   0.000   0.001   0.000
   0.056   6.000   0.000   0.000   0.260   0.735   0.000   0.006   0.000   0.000   0.002   0.000
   0.056   6.000   0.000   0.000   0.259   0.735   0.000   0.006   0.000   0.000   0.002   0.000
   0.057   6.000   0.000   0.000   0.259   0.735   0.000   0.006   0.000   0.000   0.002   0.000
   0.057   6.000   0.000   0.000   0.259   0.735   0.000   0.006   0.000   0.000   0.002   0.000
   0.058   6.000   0.000   0.000   0.258   0.736   0.000   0.006   0.000   0.000   0.002   0.000
   0.058   6.000   0.000   0.000   0.258   0.736   0.000   0.006   0.000   0.000   0.002   0.000
   0.059   6.000   0.000   0.000   0.258   0.736   0.000   0.006   0.000   0.000   0.002   0.000
   0.059   6.000   0.000   0.000   0.258   0.736   0.000   0.006   0.000   0.000   0.002   0.000
   0.060   6.000   0.000   0.000   0.257   0.736   0.000   0.006   0.000   0.000   0.002   0.000
   0.060   6.000   0.000   0.000   0.257   0.737   0.000   0.006   0.000   0.000   0.002   0.000
   0.061   6.000   0.000   0.000   0.257   0.737   0.000   0.006   0.000   0.000   0.002   0.000
   0.061   6.000   0.000   0.000   0.257   0.737   0.000   0.006   0.000   0.000   0.002   0.000
   0.062   6.000   0.000   0.000   0.256   0.737   0.000   0.006   0.000   0.000   0.002   0.000
   0.062   6.000   0.000   0.000   0.256   0.737   0.000   0.006   0.000   0.000   0.002   0.000
   0.063   6.000   0.000   0.000   0.256   0.738   0.000   0.006   0.000   0.000   0.002   0.000
   0.063   6.000   0.000   0.000   0.256   0.738   0.000   0.007   0.000   0.000   0.002   0.000
   0.064   6.000   0.000   0.000   0.255   0.738   0.000   0.007   0.000   0.000   0.002   0.000
   0.064   6.000   0.000   0.000   0.255   0.738   0.000   0.007   0.000   0.000   0.002   0.000
   0.065   6.000   0.000   0.000   0.255   0.738   0.000   0.007   0.000   0.000   0.002   0.000
   0.065   6.000   0.000   0.000   0.255   0.739   0.000   0.007   0.000   0.000   0.003   0.000
   0.066   6.000   0.000   0.000   0.254   0.739   0.000   0.007   0.000   0.000   0.003   0.000
   0.066   6.000   0.000   0.000   0.254   0.739   0.000   0.007   0.000   0.000   0.003   0.000
   0.067   6.000   0.000   0.000   0.254   0.739   0.000   0.007   0.000   0.000   0.003   0.000
   0.067   6.000   0.000   0.000   0.254   0.739   0.000   0.007   0.000   0.000   0.003   0.000
   0.068   6.000   0.000   0.000   0.253   0.740   0.000   0.007   0.000   0.000   0.003   0.000
   0.068   6.000   0.000   0.000   0.253   0.740   0.000   0.007   0.000   0.000   0.003   0.000
   0.069   6.000   0.000   0.000   0.253   0.740   0.000   0.007   0.000   0.000   0.003   0.000
   0.069   6.000   0.000   0.000   0.253   0.740   0.000   0.007   0.000   0.000   0.003   0.000
   0.070   6.000   0.000   0.000   0.253   0.741   0.000   0.007   0.000   0.000   0.003   0.000
   0.070   6.000   0.000   0.000   0.252   0.741   0.000   0.007   0.000   0.000   0.003   0.000
   0.071   6.000   0.000   0.000   0.252   0.741   0.000   0.007   0.000   0.000   0.003   0.000
   0.071   6.000   0.000   0.000   0.252   0.741   0.000   0.007   0.000   0.000   0.003   0.000
   0.072   6.000   0.000   0.000   0.252   0.741   0.000   0.007   0.000   0.000   0.003   0.000
   0.072   6.000   0.000   0.000   0.251   0.742   0.000   0.007   0.000   0.000   0.003   0.000
   0.073   6.000   0.000   0.000   0.251   0.742   0.000   0.007   0.000   0.000   0.003   0.000
   0.073   6.000   0.000   0.000   0.251   0.742   0.000   0.007   0.000   0.000   0.003   0.000
   0.074   6.000   0.000   0.000   0.251   0.742   0.000   0.007   0.000   0.000   0.004   0.000
   0.074   6.000   0.000   0.000   0.251   0.742   0.000   0.007   0.000   0.000   0.004   0.000
   0.075   6.000   0.000   0.000   0.250   0.743   0.000   0.007   0.000   0.000   0.004   0.000
   0.075   6.000   0.000   0.000   0.250   0.743   0.000   0.007   0.000   0.000   0.004   0.000
    STEP   AVACS   MODE1   MODE2   MODE3   MODE4
       1   6.000   0.253   0.747   0.000   0.000
       2   7.000   0.218   0.782   0.000   0.000
       3   7.000   0.165   0.835   0.000   0.000
       4   6.000   0.075   0.925   0.000   0.000
       5   5.000   0.129   0.871   0.000   0.000
       6   6.000   0.188   0.812   0.000   0.000
       7   6.000   0.210   0.789   0.000   0.000
       8   6.000   0.225   0.771   0.000   0.003
       9   5.000   0.232   0.764   0.000   0.005
      10   4.000   0.229   0.767   0.000   0.004
      11   6.000   0.292   0.707   0.000   0.001
      12   5.000   0.379   0.621   0.000   0.000
      13   7.000   0.413   0.587   0.000   0.000
      14   7.000   0.398   0.602   0.000   0.000
      15   5.000   0.317   0.683   0.000   0.000
      16   6.000   0.288   0.712   0.000   0.000
      17   7.000   0.303   0.693   0.000   0.004
      18   6.000   0.280   0.714   0.000   0.006
      19   6.000   0.250   0.743   0.000   0.007
      20   7.000   0.215   0.778   0.000   0.007
      21   7.000   0.163   0.833   0.000   0.004
      22   6.000   0.074   0.923   0.000   0.002
      23   5.000   0.129   0.871   0.000   0.000
      24   6.000   0.188   0.812   0.000   0.000
      25   6.000   0.211   0.789   0.000   0.000
      26   6.000   0.227   0.773   0.000   0.000
      27   5.000   0.234   0.766   0.000   0.000
      28   4.000   0.231   0.769   0.000   0.000
      29   6.000   0.292   0.708   0.000   0.000
      30   5.000   0.377   0.620   0.000   0.003
      31   7.000   0.409   0.581   0.000   0.009
      32   7.000   0.395   0.596   0.000   0.009
      33   5.000   0.316   0.681   0.000   0.003
      34   6.000   0.288   0.712   0.000   0.000
      35   7.000   0.304   0.696   0.000   0.000
      36   6.000   0.283   0.717   0.000   0.000
  STRAIN   AVACS   PRITW   SECTW   MODE1   MODE2   MODE3   MODE4   TWFR3   EFFR3   TWFR4   EFFR4
   0.075   6.000   0.000   0.000   0.250   0.743   0.000   0.007   0.000   0.000   0.004   0.000
   0.076   6.000   0.000   0.000   0.250   0.743   0.000   0.007   0.000   0.000   0.004   0.000
   0.076   6.000   0.000   0.000   0.250   0.743   0.000   0.007   0.000   0.000   0.004   0.000
   0.077   6.000   0.000   0.000   0.249   0.744   0.000   0.007   0.000   0.000   0.004   0.000
   0.077   6.000   0.000   0.000   0.249   0.744   0.000   0.007   0.000   0.000   0.004   0.000
   0.078   6.000   0.000   0.000   0.249   0.744   0.000   0.007   0.000   0.000   0.004   0.000
   0.078   6.000   0.000   0.000   0.249   0.744   0.000   0.007   0.000   0.000   0.004   0.000
   0.079   6.000   0.000   0.000   0.248   0.744   0.000   0.007   0.000   0.000   0.004   0.000
   0.079   6.000   0.000   0.000   0.248   0.745   0.000   0.007   0.000   0.000   0.004   0.000
   0.080   6.000   0.000   0.000   0.248   0.745   0.000   0.007   0.000   0.000   0.004   0.000
   0.080   6.000   0.000   0.000   0.248   0.745   0.000   0.007   0.000   0.000   0.004   0.000
   0.081   6.000   0.000   0.000   0.248   0.745   0.000   0.007   0.000   0.000   0.004   0.000
   0.081   6.000   0.000   0.000   0.247   0.746   0.000   0.007   0.000   0.000   0.004   0.000
   0.082   6.000   0.000   0.000   0.247   0.746   0.000   0.007   0.000   0.000   0.004   0.000
   0.082   6.000   0.000   0.000   0.247   0.746   0.000   0.007   0.000   0.000   0.005   0.000
   0.083   6.000   0.000   0.000   0.247   0.746   0.000   0.007   0.000   0.000   0.005   0.000
   0.083   6.000   0.000   0.000   0.247   0.747   0.000   0.007   0.000   0.000   0.005   0.000
   0.084   6.000   0.000   0.000   0.246   0.747   0.000   0.007   0.000   0.000   0.005   0.000
   0.084   6.000   0.000   0.000   0.246   0.747   0.000   0.007   0.000   0.000   0.005   0.000
   0.085   6.000   0.000   0.000   0.246   0.747   0.000   0.007   0.000   0.000   0.005   0.000
   0.085   6.000   0.000   0.000   0.246   0.748   0.000   0.007   0.000   0.000   0.005   0.000
   0.086   6.000   0.000   0.000   0.245   0.748   0.000   0.007   0.000   0.000   0.005   0.000
   0.086   6.000   0.000   0.000   0.245   0.748   0.000   0.007   0.000   0.000   0.005   0.000
   0.087   6.000   0.000   0.000   0.245   0.748   0.000   0.007   0.000   0.000   0.005   0.000
   0.087   6.000   0.000   0.000   0.245   0.749   0.000   0.007   0.000   0.000   0.005   0.000
   0.088   6.000   0.000   0.000   0.245   0.749   0.000   0.007   0.000   0.000   0.005   0.000
   0.088   6.000   0.000   0.000   0.244   0.749   0.000   0.007   0.000   0.000   0.005   0.000
   0.089   6.000   0.000   0.000   0.244   0.749   0.000   0.007   0.000   0.000   0.005   0.000
   0.089   6.000   0.000   0.000   0.244   0.750   0.000   0.007   0.000   0.000   0.005   0.000
   0.090   6.000   0.000   0.000   0.244   0.750   0.000   0.007   0.000   0.000   0.005   0.000
   0.090   6.000   0.000   0.000   0.243   0.750   0.000   0.006   0.000   0.000   0.005   0.000
   0.091   6.000   0.000   0.000   0.243   0.750   0.000   0.006   0.000   0.000   0.006   0.000
   0.091   6.000   0.000   0.000   0.243   0.751   0.000   0.006   0.000   0.000   0.006   0.000
   0.092   6.000   0.000   0.000   0.243   0.751   0.000   0.006   0.000   0.000   0.006   0.000
   0.092   6.000   0.000   0.000   0.243   0.751   0.000   0.006   0.000   0.000   0.006   0.000
   0.093   6.000   0.000   0.000   0.242   0.751   0.000   0.006   0.000   0.000   0.006   0.000
   0.093   6.000   0.000   0.000   0.242   0.752   0.000   0.006   0.000   0.000   0.006   0.000
   0.094   6.000   0.000   0.000   0.242   0.752   0.000   0.006   0.000   0.000   0.006   0.000
   0.094   6.000   0.000   0.000   0.242   0.752   0.000   0.006   0.000   0.000   0.006   0.000
   0.095   6.000   0.000   0.000   0.242   0.752   0.000   0.006   0.000   0.000   0.006   0.000
   0.095   6.000   0.000   0.000   0.241   0.753   0.000   0.006   0.000   0.000   0.006   0.000
   0.096   6.000   0.000   0.000   0.241   0.753   0.000   0.006   0.000   0.000   0.006   0.000
   0.096   6.000   0.000   0.000   0.241   0.753   0.000   0.006   0.000   0.000   0.006   0.000
   0.097   6.000   0.000   0.000   0.241   0.753   0.000   0.006   0.000   0.000   0.006   0.000
   0.097   6.000   0.000   0.000   0.240   0.754   0.000   0.006   0.000   0.000   0.006   0.000
   0.098   6.000   0.000   0.000   0.240   0.754   0.000   0.006   0.000   0.000   0.006   0.000
   0.098   6.000   0.000   0.000   0.240   0.754   0.000   0.006   0.000   0.000   0.006   0.000
   0.099   6.000   0.000   0.000   0.240   0.754   0.000   0.006   0.000   0.000   0.006   0.000
   0.099   6.000   0.000   0.000   0.240   0.755   0.000   0.006   0.000   0.000   0.006   0.000
   0.100   6.000   0.000   0.000   0.239   0.755   0.000   0.006   0.000   0.000   0.006   0.000
   0.100   6.000   0.000   0.000   0.239   0.755   0.000   0.006   0.000   0.000   0.006   0.000
    STEP   AVACS   MODE1   MODE2   MODE3   MODE4
       1   6.000   0.242   0.758   0.000   0.000
       2   7.000   0.206   0.794   0.000   0.000
       3   7.000   0.153   0.847   0.000   0.000
       4   5.000   0.054   0.945   0.000   0.000
       5   5.000   0.124   0.876   0.000   0.000
       6   6.000   0.185   0.815   0.000   0.000
       7   6.000   0.211   0.789   0.000   0.000
       8   6.000   0.231   0.767   0.000   0.002
       9   5.000   0.241   0.755   0.000   0.004
      10   4.000   0.240   0.757   0.000   0.003
      11   6.000   0.301   0.699   0.000   0.000
      12   5.000   0.389   0.611   0.000   0.000
      13   7.000   0.419   0.581   0.000   0.000
      14   7.000   0.400   0.600   0.000   0.000
      15   5.000   0.310   0.690   0.000   0.000
      16   6.000   0.278   0.722   0.000   0.000
      17   7.000   0.293   0.704   0.000   0.003
      18   6.000   0.269   0.725   0.000   0.005
      19   6.000   0.239   0.755   0.000   0.006
      20   7.000   0.204   0.791   0.000   0.005
      21   7.000   0.151   0.845   0.000   0.004
      22   5.000   0.054   0.944   0.000   0.002
      23   5.000   0.124   0.876   0.000   0.000
      24   6.000   0.185   0.815   0.000   0.000
      25   6.000   0.211   0.789   0.000   0.000
      26   6.000   0.232   0.768   0.000   0.000
      27   5.000   0.242   0.757   0.000   0.000
      28   5.000   0.242   0.758   0.000   0.000
      29   6.000   0.301   0.699   0.000   0.000
      30   5.000   0.388   0.609   0.000   0.003
      31   7.000   0.416   0.576   0.000   0.008
      32   7.000   0.398   0.595   0.000   0.007
      33   5.000   0.309   0.689   0.000   0.003
      34   6.000   0.278   0.722   0.000   0.000
      35   7.000   0.294   0.706   0.000   0.000
      36   6.000   0.271   0.728   0.000   0.000
  STRAIN   AVACS   PRITW   SECTW   MODE1   MODE2   MODE3   MODE4   TWFR3   EFFR3   TWFR4   EFFR4
   0.100   6.000   0.000   0.000   0.239   0.755   0.000   0.006   0.000   0.000   0.006   0.000
   0.101   6.000   0.000   0.000   0.239   0.755   0.000   0.006   0.000   0.000   0.007   0.000
   0.101   6.000   0.000   0.000   0.239   0.756   0.000   0.006   0.000   0.000   0.007   0.000
   0.102   6.000   0.000   0.000   0.239   0.756   0.000   0.006   0.000   0.000   0.007   0.000
   0.102   6.000   0.000   0.000   0.238   0.756   0.000   0.006   0.000   0.000   0.007   0.000
   0.103   6.000   0.000   0.000   0.238   0.756   0.000   0.005   0.000   0.000   0.007   0.000
   0.103   6.000   0.000   0.000   0.238   0.757   0.000   0.005   0.000   0.000   0.007   0.000
   0.104   6.000   0.000   0.000   0.238   0.757   0.000   0.005   0.000   0.000   0.007   0.000
   0.104   6.000   0.000   0.000   0.238   0.757   0.000   0.005   0.000   0.000   0.007   0.000
   0.105   6.000   0.000   0.000   0.237   0.757   0.000   0.005   0.000   0.000   0.007   0.000
   0.105   6.000   0.000   0.000   0.237   0.758   0.000   0.005   0.000   0.000   0.007   0.000
   0.106   6.000   0.000   0.000   0.237   0.758   0.000   0.005   0.000   0.000   0.007   0.000
   0.106   6.000   0.000   0.000   0.237   0.758   0.000   0.005   0.000   0.000   0.007   0.000
   0.107   6.000   0.000   0.000   0.237   0.758   0.000   0.005   0.000   0.000   0.007   0.000
   0.107   6.000   0.000   0.000   0.236   0.759   0.000   0.005   0.000   0.000   0.007   0.000
   0.108   6.000   0.000   0.000   0.236   0.759   0.000   0.005   0.000   0.000   0.007   0.000
   0.108   6.000   0.000   0.000   0.236   0.759   0.000   0.005   0.000   0.000   0.007   0.000
   0.109   6.000   0.000   0.000   0.236   0.759   0.000   0.005   0.000   0.000   0.007   0.000
   0.109   6.000   0.000   0.000   0.236   0.760   0.000   0.005   0.000   0.000   0.007   0.000
   0.110   6.000   0.000   0.000   0.235   0.760   0.000   0.005   0.000   0.000   0.007   0.000
   0.110   6.000   0.000   0.000   0.235   0.760   0.000   0.005   0.000   0.000   0.007   0.000
   0.111   6.000   0.000   0.000   0.235   0.760   0.000   0.005   0.000   0.000   0.007   0.000
   0.111   6.000   0.000   0.000   0.235   0.761   0.000   0.005   0.000   0.000   0.007   0.000
   0.112   6.000   0.000   0.000   0.235   0.761   0.000   0.005   0.000   0.000   0.007   0.000
   0.112   6.000   0.000   0.000   0.234   0.761   0.000   0.005   0.000   0.000   0.008   0.000
   0.113   6.000   0.000   0.000   0.234   0.761   0.000   0.005   0.000   0.000   0.008   0.000
   0.113   6.000   0.000   0.000   0.234   0.762   0.000   0.005   0.000   0.000   0.008   0.000
   0.114   6.000   0.000   0.000   0.234   0.762   0.000   0.004   0.000   0.000   0.008   0.000
   0.114   6.000   0.000   0.000   0.233   0.762   0.000   0.004   0.000   0.000   0.008   0.000
   0.115   6.000   0.000   0.000   0.233   0.762   0.000   0.004   0.000   0.000   0.008   0.000
   0.115   6.000   0.000   0.000   0.233   0.763   0.000   0.004   0.000   0.000   0.008   0.000
   0.116   6.000   0.000   0.000   0.233   0.763   0.000   0.004   0.000   0.000   0.008   0.000
   0.116   6.000   0.000   0.000   0.233   0.763   0.000   0.004   0.000   0.000   0.008   0.000
   0.117   6.000   0.000   0.000   0.232   0.763   0.000   0.004   0.000   0.000   0.008   0.000
   0.117   6.000   0.000   0.000   0.232   0.764   0.000   0.004   0.000   0.000   0.008   0.000
   0.118   6.000   0.000   0.000   0.232   0.764   0.000   0.004   0.000   0.000   0.008   0.000
   0.118   6.000   0.000   0.000   0.232   0.764   0.000   0.004   0.000   0.000   0.008   0.000
   0.119   6.000   0.000   0.000   0.231   0.764   0.000   0.004   0.000   0.000   0.008   0.000
   0.119   6.000   0.000   0.000   0.231   0.765   0.000   0.004   0.000   0.000   0.008   0.000
   0.120   6.000   0.000   0.000   0.231   0.765   0.000   0.004   0.000   0.000   0.008   0.000
   0.120   6.000   0.000   0.000   0.231   0.765   0.000   0.004   0.000   0.000   0.008   0.000
   0.121   6.000   0.000   0.000   0.231   0.765   0.000   0.004   0.000   0.000   0.008   0.000
   0.121   6.000   0.000   0.000   0.230   0.766   0.000   0.004   0.000   0.000   0.008   0.000
   0.122   6.000   0.000   0.000   0.230   0.766   0.000   0.004   0.000   0.000   0.008   0.000
   0.122   6.000   0.000   0.000   0.230   0.766   0.000   0.004   0.000   0.000   0.008   0.000
   0.123   6.000   0.000   0.000   0.230   0.766   0.000   0.004   0.000   0.000   0.008   0.000
   0.123   6.000   0.000   0.000   0.230   0.767   0.000   0.004   0.000   0.000   0.008   0.000
   0.124   6.000   0.000   0.000   0.229   0.767   0.000   0.004   0.000   0.000   0.008   0.000
   0.124   6.000   0.000   0.000   0.229   0.767   0.000   0.004   0.000   0.000   0.008   0.000
   0.125   6.000   0.000   0.000   0.229   0.767   0.000   0.004   0.000   0.000   0.008   0.000
   0.125   6.000   0.000   0.000   0.229   0.768   0.000   0.004   0.000   0.000   0.008   0.000
    STEP   AVACS   MODE1   MODE2   MODE3   MODE4
       1   6.000   0.230   0.770   0.000   0.000
       2   7.000   0.194   0.806   0.000   0.000
       3   7.000   0.141   0.859   0.000   0.000
       4   5.000   0.036   0.964   0.000   0.000
       5   6.000   0.117   0.883   0.000   0.000
       6   6.000   0.180   0.820   0.000   0.000
       7   6.000   0.210   0.790   0.000   0.000
       8   6.000   0.236   0.762   0.000   0.001
       9   5.000   0.250   0.747   0.000   0.002
      10   5.000   0.252   0.746   0.000   0.002
      11   6.000   0.310   0.689   0.000   0.000
      12   6.000   0.399   0.600   0.000   0.000
      13   7.000   0.425   0.575   0.000   0.000
      14   7.000   0.402   0.598   0.000   0.000
      15   5.000   0.305   0.695   0.000   0.000
      16   5.000   0.269   0.731   0.000   0.000
      17   7.000   0.283   0.715   0.000   0.002
      18   6.000   0.259   0.737   0.000   0.003
      19   6.000   0.229   0.768   0.000   0.004
      20   7.000   0.192   0.804   0.000   0.003
      21   7.000   0.140   0.858   0.000   0.002
      22   5.000   0.036   0.963   0.000   0.001
      23   6.000   0.117   0.883   0.000   0.000
      24   6.000   0.180   0.820   0.000   0.000
      25   6.000   0.210   0.790   0.000   0.000
      26   6.000   0.237   0.763   0.000   0.000
      27   5.000   0.251   0.749   0.000   0.000
      28   5.000   0.252   0.748   0.000   0.000
      29   6.000   0.310   0.690   0.000   0.000
      30   6.000   0.399   0.599   0.000   0.002
      31   7.000   0.423   0.572   0.000   0.005
      32   7.000   0.400   0.595   0.000   0.005
      33   5.000   0.304   0.694   0.000   0.002
      34   5.000   0.269   0.731   0.000   0.000
      35   7.000   0.284   0.716   0.000   0.000
      36   6.000   0.261   0.739   0.000   0.000
