          Evm          Svm            E11          E22          E33          E23          E13          E12         SDEV11       SDEV22       SDEV33       SDEV23       SDEV13       SDEV12      TEMP
  0.00000E+00  0.47241E+03    0.00000E+00  0.00000E+00  0.00000E+00  0.00000E+00  0.00000E+00  0.00000E+00   -0.19318E+03 -0.79188E+02  0.27237E+03  0.31990E+02  0.66999E+02 -0.99959E+02      298.00
  0.43241E-03  0.48339E+03   -0.25000E-03 -0.25000E-03  0.50000E-03  0.00000E+00  0.00000E+00  0.00000E+00   -0.19750E+03 -0.82482E+02  0.27998E+03  0.31863E+02  0.67532E+02 -0.10106E+03      298.00
  0.86681E-03  0.49415E+03   -0.50000E-03 -0.50000E-03  0.10000E-02  0.00000E+00  0.00000E+00  0.00000E+00   -0.20180E+03 -0.85480E+02  0.28728E+03  0.31856E+02  0.68121E+02 -0.10228E+03      298.00
  0.13028E-02  0.50456E+03   -0.75000E-03 -0.75000E-03  0.15000E-02  0.00000E+00  0.00000E+00  0.00000E+00   -0.20602E+03 -0.88192E+02  0.29421E+03  0.31947E+02  0.68731E+02 -0.10356E+03      298.00
  0.17402E-02  0.51477E+03   -0.10000E-02 -0.10000E-02  0.20000E-02  0.00000E+00  0.00000E+00  0.00000E+00   -0.21018E+03 -0.90717E+02  0.30090E+03  0.32096E+02  0.69392E+02 -0.10493E+03      298.00
  0.21786E-02  0.52468E+03   -0.12500E-02 -0.12500E-02  0.25000E-02  0.00000E+00  0.00000E+00  0.00000E+00   -0.21414E+03 -0.93161E+02  0.30730E+03  0.32213E+02  0.70117E+02 -0.10643E+03      298.00
  0.26178E-02  0.53451E+03   -0.15000E-02 -0.15000E-02  0.30000E-02  0.00000E+00  0.00000E+00  0.00000E+00   -0.21814E+03 -0.95410E+02  0.31355E+03  0.32424E+02  0.70862E+02 -0.10798E+03      298.00
  0.30578E-02  0.54416E+03   -0.17500E-02 -0.17500E-02  0.35000E-02  0.00000E+00  0.00000E+00  0.00000E+00   -0.22209E+03 -0.97526E+02  0.31962E+03  0.32672E+02  0.71626E+02 -0.10958E+03      298.00
  0.34983E-02  0.55362E+03   -0.20000E-02 -0.20000E-02  0.40000E-02  0.00000E+00  0.00000E+00  0.00000E+00   -0.22598E+03 -0.99529E+02  0.32551E+03  0.32944E+02  0.72405E+02 -0.11122E+03      298.00
  0.39393E-02  0.56291E+03   -0.22500E-02 -0.22500E-02  0.45000E-02  0.00000E+00  0.00000E+00  0.00000E+00   -0.22981E+03 -0.10144E+03  0.33125E+03  0.33234E+02  0.73194E+02 -0.11290E+03      298.00
  0.43806E-02  0.57161E+03   -0.25000E-02 -0.25000E-02  0.50000E-02  0.00000E+00  0.00000E+00  0.00000E+00   -0.23334E+03 -0.10326E+03  0.33660E+03  0.33467E+02  0.73952E+02 -0.11454E+03      298.00
  0.48223E-02  0.58058E+03   -0.27500E-02 -0.27500E-02  0.55000E-02  0.00000E+00  0.00000E+00  0.00000E+00   -0.23706E+03 -0.10500E+03  0.34206E+03  0.33787E+02  0.74743E+02 -0.11626E+03      298.00
  0.52641E-02  0.58938E+03   -0.30000E-02 -0.30000E-02  0.60000E-02  0.00000E+00  0.00000E+00  0.00000E+00   -0.24072E+03 -0.10666E+03  0.34738E+03  0.34115E+02  0.75529E+02 -0.11799E+03      298.00
  0.57062E-02  0.59802E+03   -0.32500E-02 -0.32500E-02  0.65000E-02  0.00000E+00  0.00000E+00  0.00000E+00   -0.24433E+03 -0.10826E+03  0.35259E+03  0.34444E+02  0.76309E+02 -0.11972E+03      298.00
  0.61484E-02  0.60652E+03   -0.35000E-02 -0.35000E-02  0.70000E-02  0.00000E+00  0.00000E+00  0.00000E+00   -0.24787E+03 -0.10981E+03  0.35768E+03  0.34774E+02  0.77080E+02 -0.12146E+03      298.00
  0.65907E-02  0.61486E+03   -0.37500E-02 -0.37500E-02  0.75000E-02  0.00000E+00  0.00000E+00  0.00000E+00   -0.25136E+03 -0.11131E+03  0.36267E+03  0.35101E+02  0.77840E+02 -0.12320E+03      298.00
  0.70331E-02  0.62306E+03   -0.40000E-02 -0.40000E-02  0.80000E-02  0.00000E+00  0.00000E+00  0.00000E+00   -0.25479E+03 -0.11277E+03  0.36756E+03  0.35425E+02  0.78586E+02 -0.12493E+03      298.00
  0.74755E-02  0.63112E+03   -0.42500E-02 -0.42500E-02  0.85000E-02  0.00000E+00  0.00000E+00  0.00000E+00   -0.25816E+03 -0.11418E+03  0.37235E+03  0.35744E+02  0.79317E+02 -0.12665E+03      298.00
  0.79180E-02  0.63904E+03   -0.45000E-02 -0.45000E-02  0.90000E-02  0.00000E+00  0.00000E+00  0.00000E+00   -0.26149E+03 -0.11556E+03  0.37704E+03  0.36058E+02  0.80031E+02 -0.12836E+03      298.00
  0.83605E-02  0.64683E+03   -0.47500E-02 -0.47500E-02  0.95000E-02  0.00000E+00  0.00000E+00  0.00000E+00   -0.26475E+03 -0.11690E+03  0.38165E+03  0.36364E+02  0.80728E+02 -0.13005E+03      298.00
  0.88030E-02  0.65438E+03   -0.50000E-02 -0.50000E-02  0.10000E-01  0.00000E+00  0.00000E+00  0.00000E+00   -0.26782E+03 -0.11829E+03  0.38612E+03  0.36580E+02  0.81434E+02 -0.13177E+03      298.00
  0.92456E-02  0.66191E+03   -0.52500E-02 -0.52500E-02  0.10500E-01  0.00000E+00  0.00000E+00  0.00000E+00   -0.27101E+03 -0.11956E+03  0.39057E+03  0.36886E+02  0.82087E+02 -0.13342E+03      298.00
  0.96881E-02  0.66991E+03   -0.55000E-02 -0.55000E-02  0.11000E-01  0.00000E+00  0.00000E+00  0.00000E+00   -0.27432E+03 -0.12094E+03  0.39526E+03  0.37152E+02  0.82830E+02 -0.13525E+03      298.00
  0.10131E-01  0.67642E+03   -0.57500E-02 -0.57500E-02  0.11500E-01  0.00000E+00  0.00000E+00  0.00000E+00   -0.27714E+03 -0.12200E+03  0.39914E+03  0.37447E+02  0.83321E+02 -0.13664E+03      298.00
  0.10573E-01  0.68382E+03   -0.60000E-02 -0.60000E-02  0.12000E-01  0.00000E+00  0.00000E+00  0.00000E+00   -0.28029E+03 -0.12321E+03  0.40349E+03  0.37740E+02  0.83941E+02 -0.13829E+03      298.00
  0.11016E-01  0.69085E+03   -0.62500E-02 -0.62500E-02  0.12500E-01  0.00000E+00  0.00000E+00  0.00000E+00   -0.28326E+03 -0.12438E+03  0.40764E+03  0.37998E+02  0.84517E+02 -0.13987E+03      298.00
  0.11458E-01  0.69751E+03   -0.65000E-02 -0.65000E-02  0.13000E-01  0.00000E+00  0.00000E+00  0.00000E+00   -0.28601E+03 -0.12556E+03  0.41158E+03  0.38185E+02  0.85069E+02 -0.14140E+03      298.00
  0.11901E-01  0.70545E+03   -0.67500E-02 -0.67500E-02  0.13500E-01  0.00000E+00  0.00000E+00  0.00000E+00   -0.28952E+03 -0.12670E+03  0.41623E+03  0.38581E+02  0.85689E+02 -0.14316E+03      298.00
  0.12343E-01  0.71211E+03   -0.70000E-02 -0.70000E-02  0.14000E-01  0.00000E+00  0.00000E+00  0.00000E+00   -0.29234E+03 -0.12782E+03  0.42016E+03  0.38802E+02  0.86202E+02 -0.14468E+03      298.00
  0.12786E-01  0.71867E+03   -0.72500E-02 -0.72500E-02  0.14500E-01  0.00000E+00  0.00000E+00  0.00000E+00   -0.29512E+03 -0.12891E+03  0.42403E+03  0.39013E+02  0.86696E+02 -0.14617E+03      298.00
  0.13228E-01  0.72512E+03   -0.75000E-02 -0.75000E-02  0.15000E-01  0.00000E+00  0.00000E+00  0.00000E+00   -0.29785E+03 -0.12999E+03  0.42784E+03  0.39213E+02  0.87169E+02 -0.14764E+03      298.00
  0.13671E-01  0.73146E+03   -0.77500E-02 -0.77500E-02  0.15500E-01  0.00000E+00  0.00000E+00  0.00000E+00   -0.30054E+03 -0.13105E+03  0.43159E+03  0.39403E+02  0.87622E+02 -0.14909E+03      298.00
  0.14113E-01  0.73741E+03   -0.80000E-02 -0.80000E-02  0.16000E-01  0.00000E+00  0.00000E+00  0.00000E+00   -0.30300E+03 -0.13212E+03  0.43512E+03  0.39524E+02  0.88045E+02 -0.15048E+03      298.00
  0.14556E-01  0.74355E+03   -0.82500E-02 -0.82500E-02  0.16500E-01  0.00000E+00  0.00000E+00  0.00000E+00   -0.30564E+03 -0.13311E+03  0.43876E+03  0.39723E+02  0.88444E+02 -0.15187E+03      298.00
  0.14999E-01  0.74852E+03   -0.85000E-02 -0.85000E-02  0.17000E-01  0.00000E+00  0.00000E+00  0.00000E+00   -0.30774E+03 -0.13401E+03  0.44175E+03  0.39831E+02  0.88721E+02 -0.15298E+03      298.00
  0.15441E-01  0.75446E+03   -0.87500E-02 -0.87500E-02  0.17500E-01  0.00000E+00  0.00000E+00  0.00000E+00   -0.31026E+03 -0.13501E+03  0.44527E+03  0.39981E+02  0.89098E+02 -0.15434E+03      298.00
  0.15884E-01  0.76031E+03   -0.90000E-02 -0.90000E-02  0.18000E-01  0.00000E+00  0.00000E+00  0.00000E+00   -0.31275E+03 -0.13599E+03  0.44875E+03  0.40122E+02  0.89456E+02 -0.15569E+03      298.00
  0.16326E-01  0.76607E+03   -0.92500E-02 -0.92500E-02  0.18500E-01  0.00000E+00  0.00000E+00  0.00000E+00   -0.31520E+03 -0.13697E+03  0.45217E+03  0.40253E+02  0.89795E+02 -0.15701E+03      298.00
  0.16769E-01  0.77172E+03   -0.95000E-02 -0.95000E-02  0.19000E-01  0.00000E+00  0.00000E+00  0.00000E+00   -0.31761E+03 -0.13792E+03  0.45553E+03  0.40373E+02  0.90116E+02 -0.15832E+03      298.00
  0.17212E-01  0.77729E+03   -0.97500E-02 -0.97500E-02  0.19500E-01  0.00000E+00  0.00000E+00  0.00000E+00   -0.31998E+03 -0.13887E+03  0.45885E+03  0.40483E+02  0.90418E+02 -0.15960E+03      298.00
  0.17655E-01  0.78276E+03   -0.10000E-01 -0.10000E-01  0.20000E-01  0.00000E+00  0.00000E+00  0.00000E+00   -0.32231E+03 -0.13980E+03  0.46211E+03  0.40585E+02  0.90703E+02 -0.16086E+03      298.00
  0.18097E-01  0.78814E+03   -0.10250E-01 -0.10250E-01  0.20500E-01  0.00000E+00  0.00000E+00  0.00000E+00   -0.32461E+03 -0.14072E+03  0.46533E+03  0.40676E+02  0.90969E+02 -0.16209E+03      298.00
  0.18540E-01  0.79343E+03   -0.10500E-01 -0.10500E-01  0.21000E-01  0.00000E+00  0.00000E+00  0.00000E+00   -0.32687E+03 -0.14163E+03  0.46849E+03  0.40759E+02  0.91217E+02 -0.16331E+03      298.00
  0.18983E-01  0.79863E+03   -0.10750E-01 -0.10750E-01  0.21500E-01  0.00000E+00  0.00000E+00  0.00000E+00   -0.32909E+03 -0.14252E+03  0.47161E+03  0.40833E+02  0.91448E+02 -0.16451E+03      298.00
  0.19426E-01  0.80502E+03   -0.11000E-01 -0.11000E-01  0.22000E-01  0.00000E+00  0.00000E+00  0.00000E+00   -0.33172E+03 -0.14366E+03  0.47537E+03  0.40861E+02  0.91844E+02 -0.16609E+03      298.00
  0.19869E-01  0.80999E+03   -0.11250E-01 -0.11250E-01  0.22500E-01  0.00000E+00  0.00000E+00  0.00000E+00   -0.33386E+03 -0.14451E+03  0.47837E+03  0.40921E+02  0.92029E+02 -0.16722E+03      298.00
  0.20312E-01  0.81494E+03   -0.11500E-01 -0.11500E-01  0.23000E-01  0.00000E+00  0.00000E+00  0.00000E+00   -0.33600E+03 -0.14534E+03  0.48134E+03  0.40988E+02  0.92196E+02 -0.16835E+03      298.00
  0.20755E-01  0.81980E+03   -0.11750E-01 -0.11750E-01  0.23500E-01  0.00000E+00  0.00000E+00  0.00000E+00   -0.33808E+03 -0.14619E+03  0.48427E+03  0.41018E+02  0.92361E+02 -0.16947E+03      298.00
  0.21198E-01  0.82341E+03   -0.12000E-01 -0.12000E-01  0.24000E-01  0.00000E+00  0.00000E+00  0.00000E+00   -0.33968E+03 -0.14682E+03  0.48651E+03  0.41063E+02  0.92360E+02 -0.17021E+03      298.00
  0.21641E-01  0.82932E+03   -0.12250E-01 -0.12250E-01  0.24500E-01  0.00000E+00  0.00000E+00  0.00000E+00   -0.34210E+03 -0.14791E+03  0.49001E+03  0.41024E+02  0.92667E+02 -0.17170E+03      298.00
  0.22084E-01  0.83275E+03   -0.12500E-01 -0.12500E-01  0.25000E-01  0.00000E+00  0.00000E+00  0.00000E+00   -0.34362E+03 -0.14852E+03  0.49214E+03  0.41046E+02  0.92637E+02 -0.17240E+03      298.00
          Evm          Svm            E11          E22          E33          E23          E13          E12         SDEV11       SDEV22       SDEV33       SDEV23       SDEV13       SDEV12      TEMP
  0.22084E-01  0.83332E+03   -0.12500E-01 -0.12500E-01  0.25000E-01  0.00000E+00  0.00000E+00  0.00000E+00   -0.34403E+03 -0.14844E+03  0.49246E+03  0.41189E+02  0.92626E+02 -0.17246E+03      298.00
  0.22527E-01  0.83727E+03   -0.12750E-01 -0.12750E-01  0.25500E-01  0.00000E+00  0.00000E+00  0.00000E+00   -0.34558E+03 -0.14931E+03  0.49488E+03  0.41063E+02  0.92730E+02 -0.17342E+03      298.00
  0.22971E-01  0.84174E+03   -0.13000E-01 -0.13000E-01  0.26000E-01  0.00000E+00  0.00000E+00  0.00000E+00   -0.34751E+03 -0.15008E+03  0.49759E+03  0.41072E+02  0.92811E+02 -0.17444E+03      298.00
  0.23414E-01  0.84614E+03   -0.13250E-01 -0.13250E-01  0.26500E-01  0.00000E+00  0.00000E+00  0.00000E+00   -0.34942E+03 -0.15085E+03  0.50027E+03  0.41079E+02  0.92876E+02 -0.17544E+03      298.00
  0.23857E-01  0.85047E+03   -0.13500E-01 -0.13500E-01  0.27000E-01  0.00000E+00  0.00000E+00  0.00000E+00   -0.35130E+03 -0.15160E+03  0.50290E+03  0.41076E+02  0.92928E+02 -0.17642E+03      298.00
  0.24301E-01  0.85473E+03   -0.13750E-01 -0.13750E-01  0.27500E-01  0.00000E+00  0.00000E+00  0.00000E+00   -0.35315E+03 -0.15235E+03  0.50550E+03  0.41065E+02  0.92966E+02 -0.17739E+03      298.00
  0.24744E-01  0.86004E+03   -0.14000E-01 -0.14000E-01  0.28000E-01  0.00000E+00  0.00000E+00  0.00000E+00   -0.35530E+03 -0.15337E+03  0.50867E+03  0.40954E+02  0.93161E+02 -0.17874E+03      298.00
  0.25188E-01  0.86308E+03   -0.14250E-01 -0.14250E-01  0.28500E-01  0.00000E+00  0.00000E+00  0.00000E+00   -0.35669E+03 -0.15390E+03  0.51059E+03  0.40950E+02  0.93041E+02 -0.17933E+03      298.00
  0.25632E-01  0.86709E+03   -0.14500E-01 -0.14500E-01  0.29000E-01  0.00000E+00  0.00000E+00  0.00000E+00   -0.35844E+03 -0.15461E+03  0.51305E+03  0.40920E+02  0.93033E+02 -0.18023E+03      298.00
  0.26075E-01  0.87108E+03   -0.14750E-01 -0.14750E-01  0.29500E-01  0.00000E+00  0.00000E+00  0.00000E+00   -0.36018E+03 -0.15532E+03  0.51549E+03  0.40882E+02  0.93017E+02 -0.18113E+03      298.00
  0.26519E-01  0.87500E+03   -0.15000E-01 -0.15000E-01  0.30000E-01  0.00000E+00  0.00000E+00  0.00000E+00   -0.36188E+03 -0.15602E+03  0.51790E+03  0.40836E+02  0.92989E+02 -0.18202E+03      298.00
  0.26963E-01  0.87885E+03   -0.15250E-01 -0.15250E-01  0.30500E-01  0.00000E+00  0.00000E+00  0.00000E+00   -0.36356E+03 -0.15671E+03  0.52027E+03  0.40782E+02  0.92949E+02 -0.18289E+03      298.00
  0.27407E-01  0.88366E+03   -0.15500E-01 -0.15500E-01  0.31000E-01  0.00000E+00  0.00000E+00  0.00000E+00   -0.36549E+03 -0.15767E+03  0.52317E+03  0.40611E+02  0.93058E+02 -0.18412E+03      298.00
  0.27851E-01  0.88641E+03   -0.15750E-01 -0.15750E-01  0.31500E-01  0.00000E+00  0.00000E+00  0.00000E+00   -0.36678E+03 -0.15814E+03  0.52493E+03  0.40593E+02  0.92868E+02 -0.18464E+03      298.00
  0.28295E-01  0.89004E+03   -0.16000E-01 -0.16000E-01  0.32000E-01  0.00000E+00  0.00000E+00  0.00000E+00   -0.36837E+03 -0.15880E+03  0.52717E+03  0.40523E+02  0.92786E+02 -0.18545E+03      298.00
  0.28740E-01  0.89364E+03   -0.16250E-01 -0.16250E-01  0.32500E-01  0.00000E+00  0.00000E+00  0.00000E+00   -0.36995E+03 -0.15946E+03  0.52940E+03  0.40445E+02  0.92698E+02 -0.18626E+03      298.00
  0.29184E-01  0.89719E+03   -0.16500E-01 -0.16500E-01  0.33000E-01  0.00000E+00  0.00000E+00  0.00000E+00   -0.37150E+03 -0.16011E+03  0.53160E+03  0.40360E+02  0.92599E+02 -0.18705E+03      298.00
  0.29628E-01  0.90051E+03   -0.16750E-01 -0.16750E-01  0.33500E-01  0.00000E+00  0.00000E+00  0.00000E+00   -0.37283E+03 -0.16085E+03  0.53368E+03  0.40169E+02  0.92535E+02 -0.18786E+03      298.00
  0.30073E-01  0.90413E+03   -0.17000E-01 -0.17000E-01  0.34000E-01  0.00000E+00  0.00000E+00  0.00000E+00   -0.37445E+03 -0.16147E+03  0.53592E+03  0.40098E+02  0.92406E+02 -0.18866E+03      298.00
  0.30517E-01  0.90748E+03   -0.17250E-01 -0.17250E-01  0.34500E-01  0.00000E+00  0.00000E+00  0.00000E+00   -0.37592E+03 -0.16209E+03  0.53801E+03  0.39995E+02  0.92272E+02 -0.18941E+03      298.00
  0.30962E-01  0.91080E+03   -0.17500E-01 -0.17500E-01  0.35000E-01  0.00000E+00  0.00000E+00  0.00000E+00   -0.37737E+03 -0.16271E+03  0.54008E+03  0.39888E+02  0.92129E+02 -0.19015E+03      298.00
  0.31407E-01  0.91406E+03   -0.17750E-01 -0.17750E-01  0.35500E-01  0.00000E+00  0.00000E+00  0.00000E+00   -0.37880E+03 -0.16332E+03  0.54212E+03  0.39774E+02  0.91977E+02 -0.19088E+03      298.00
  0.31852E-01  0.91727E+03   -0.18000E-01 -0.18000E-01  0.36000E-01  0.00000E+00  0.00000E+00  0.00000E+00   -0.38021E+03 -0.16392E+03  0.54413E+03  0.39655E+02  0.91814E+02 -0.19159E+03      298.00
  0.32296E-01  0.92043E+03   -0.18250E-01 -0.18250E-01  0.36500E-01  0.00000E+00  0.00000E+00  0.00000E+00   -0.38160E+03 -0.16451E+03  0.54611E+03  0.39530E+02  0.91641E+02 -0.19229E+03      298.00
  0.32741E-01  0.92339E+03   -0.18500E-01 -0.18500E-01  0.37000E-01  0.00000E+00  0.00000E+00  0.00000E+00   -0.38275E+03 -0.16523E+03  0.54798E+03  0.39282E+02  0.91520E+02 -0.19303E+03      298.00
  0.33186E-01  0.92661E+03   -0.18750E-01 -0.18750E-01  0.37500E-01  0.00000E+00  0.00000E+00  0.00000E+00   -0.38424E+03 -0.16576E+03  0.55000E+03  0.39202E+02  0.91298E+02 -0.19371E+03      298.00
  0.33632E-01  0.92960E+03   -0.19000E-01 -0.19000E-01  0.38000E-01  0.00000E+00  0.00000E+00  0.00000E+00   -0.38556E+03 -0.16633E+03  0.55188E+03  0.39063E+02  0.91095E+02 -0.19437E+03      298.00
  0.34077E-01  0.93255E+03   -0.19250E-01 -0.19250E-01  0.38500E-01  0.00000E+00  0.00000E+00  0.00000E+00   -0.38685E+03 -0.16690E+03  0.55375E+03  0.38918E+02  0.90885E+02 -0.19502E+03      298.00
  0.34522E-01  0.93545E+03   -0.19500E-01 -0.19500E-01  0.39000E-01  0.00000E+00  0.00000E+00  0.00000E+00   -0.38813E+03 -0.16746E+03  0.55559E+03  0.38767E+02  0.90665E+02 -0.19566E+03      298.00
  0.34968E-01  0.93831E+03   -0.19750E-01 -0.19750E-01  0.39500E-01  0.00000E+00  0.00000E+00  0.00000E+00   -0.38939E+03 -0.16801E+03  0.55740E+03  0.38612E+02  0.90437E+02 -0.19629E+03      298.00
  0.35413E-01  0.94076E+03   -0.20000E-01 -0.20000E-01  0.40000E-01  0.00000E+00  0.00000E+00  0.00000E+00   -0.39039E+03 -0.16860E+03  0.55898E+03  0.38386E+02  0.90217E+02 -0.19685E+03      298.00
  0.35859E-01  0.94389E+03   -0.20250E-01 -0.20250E-01  0.40500E-01  0.00000E+00  0.00000E+00  0.00000E+00   -0.39182E+03 -0.16913E+03  0.56095E+03  0.38258E+02  0.89969E+02 -0.19754E+03      298.00
  0.36305E-01  0.94661E+03   -0.20500E-01 -0.20500E-01  0.41000E-01  0.00000E+00  0.00000E+00  0.00000E+00   -0.39302E+03 -0.16967E+03  0.56269E+03  0.38089E+02  0.89715E+02 -0.19813E+03      298.00
  0.36750E-01  0.94893E+03   -0.20750E-01 -0.20750E-01  0.41500E-01  0.00000E+00  0.00000E+00  0.00000E+00   -0.39396E+03 -0.17024E+03  0.56420E+03  0.37845E+02  0.89474E+02 -0.19867E+03      298.00
  0.37196E-01  0.95192E+03   -0.21000E-01 -0.21000E-01  0.42000E-01  0.00000E+00  0.00000E+00  0.00000E+00   -0.39533E+03 -0.17075E+03  0.56608E+03  0.37711E+02  0.89195E+02 -0.19931E+03      298.00
  0.37642E-01  0.95417E+03   -0.21250E-01 -0.21250E-01  0.42500E-01  0.00000E+00  0.00000E+00  0.00000E+00   -0.39623E+03 -0.17132E+03  0.56755E+03  0.37453E+02  0.88942E+02 -0.19983E+03      298.00
  0.38088E-01  0.95706E+03   -0.21500E-01 -0.21500E-01  0.43000E-01  0.00000E+00  0.00000E+00  0.00000E+00   -0.39758E+03 -0.17180E+03  0.56938E+03  0.37320E+02  0.88641E+02 -0.20044E+03      298.00
  0.38535E-01  0.95923E+03   -0.21750E-01 -0.21750E-01  0.43500E-01  0.00000E+00  0.00000E+00  0.00000E+00   -0.39845E+03 -0.17236E+03  0.57081E+03  0.37051E+02  0.88375E+02 -0.20095E+03      298.00
  0.38981E-01  0.96171E+03   -0.22000E-01 -0.22000E-01  0.44000E-01  0.00000E+00  0.00000E+00  0.00000E+00   -0.39952E+03 -0.17289E+03  0.57241E+03  0.36837E+02  0.88083E+02 -0.20150E+03      298.00
  0.39427E-01  0.96414E+03   -0.22250E-01 -0.22250E-01  0.44500E-01  0.00000E+00  0.00000E+00  0.00000E+00   -0.40060E+03 -0.17338E+03  0.57398E+03  0.36637E+02  0.87773E+02 -0.20203E+03      298.00
  0.39874E-01  0.96653E+03   -0.22500E-01 -0.22500E-01  0.45000E-01  0.00000E+00  0.00000E+00  0.00000E+00   -0.40168E+03 -0.17384E+03  0.57552E+03  0.36453E+02  0.87446E+02 -0.20253E+03      298.00
  0.40320E-01  0.96978E+03   -0.22750E-01 -0.22750E-01  0.45500E-01  0.00000E+00  0.00000E+00  0.00000E+00   -0.40302E+03 -0.17454E+03  0.57755E+03  0.36176E+02  0.87228E+02 -0.20335E+03      298.00
  0.40767E-01  0.97205E+03   -0.23000E-01 -0.23000E-01  0.46000E-01  0.00000E+00  0.00000E+00  0.00000E+00   -0.40415E+03 -0.17489E+03  0.57903E+03  0.36068E+02  0.86838E+02 -0.20376E+03      298.00
  0.41214E-01  0.97430E+03   -0.23250E-01 -0.23250E-01  0.46500E-01  0.00000E+00  0.00000E+00  0.00000E+00   -0.40530E+03 -0.17521E+03  0.58051E+03  0.35977E+02  0.86431E+02 -0.20415E+03      298.00
  0.41661E-01  0.97531E+03   -0.23500E-01 -0.23500E-01  0.47000E-01  0.00000E+00  0.00000E+00  0.00000E+00   -0.40582E+03 -0.17547E+03  0.58129E+03  0.35807E+02  0.85993E+02 -0.20424E+03      298.00
  0.42108E-01  0.97874E+03   -0.23750E-01 -0.23750E-01  0.47500E-01  0.00000E+00  0.00000E+00  0.00000E+00   -0.40737E+03 -0.17605E+03  0.58341E+03  0.35614E+02  0.85694E+02 -0.20504E+03      298.00
  0.42555E-01  0.97969E+03   -0.24000E-01 -0.24000E-01  0.48000E-01  0.00000E+00  0.00000E+00  0.00000E+00   -0.40776E+03 -0.17640E+03  0.58416E+03  0.35364E+02  0.85293E+02 -0.20517E+03      298.00
  0.43002E-01  0.98300E+03   -0.24250E-01 -0.24250E-01  0.48500E-01  0.00000E+00  0.00000E+00  0.00000E+00   -0.40927E+03 -0.17694E+03  0.58621E+03  0.35166E+02  0.84968E+02 -0.20594E+03      298.00
  0.43449E-01  0.98392E+03   -0.24500E-01 -0.24500E-01  0.49000E-01  0.00000E+00  0.00000E+00  0.00000E+00   -0.40961E+03 -0.17733E+03  0.58694E+03  0.34878E+02  0.84585E+02 -0.20608E+03      298.00
  0.43897E-01  0.98758E+03   -0.24750E-01 -0.24750E-01  0.49500E-01  0.00000E+00  0.00000E+00  0.00000E+00   -0.41122E+03 -0.17796E+03  0.58918E+03  0.34615E+02  0.84268E+02 -0.20700E+03      298.00
  0.44344E-01  0.98801E+03   -0.25000E-01 -0.25000E-01  0.50000E-01  0.00000E+00  0.00000E+00  0.00000E+00   -0.41143E+03 -0.17821E+03  0.58964E+03  0.34407E+02  0.83824E+02 -0.20694E+03      298.00
          Evm          Svm            E11          E22          E33          E23          E13          E12         SDEV11       SDEV22       SDEV33       SDEV23       SDEV13       SDEV12      TEMP
  0.44344E-01  0.98886E+03   -0.25000E-01 -0.25000E-01  0.50000E-01  0.00000E+00  0.00000E+00  0.00000E+00   -0.41178E+03 -0.17833E+03  0.59011E+03  0.34374E+02  0.83872E+02 -0.20721E+03      298.00
  0.44792E-01  0.98997E+03   -0.25250E-01 -0.25250E-01  0.50500E-01  0.00000E+00  0.00000E+00  0.00000E+00   -0.41230E+03 -0.17864E+03  0.59094E+03  0.34162E+02  0.83440E+02 -0.20735E+03      298.00
  0.45239E-01  0.99187E+03   -0.25500E-01 -0.25500E-01  0.51000E-01  0.00000E+00  0.00000E+00  0.00000E+00   -0.41314E+03 -0.17907E+03  0.59221E+03  0.33916E+02  0.83046E+02 -0.20775E+03      298.00
  0.45687E-01  0.99380E+03   -0.25750E-01 -0.25750E-01  0.51500E-01  0.00000E+00  0.00000E+00  0.00000E+00   -0.41399E+03 -0.17950E+03  0.59349E+03  0.33661E+02  0.82652E+02 -0.20815E+03      298.00
  0.46135E-01  0.99571E+03   -0.26000E-01 -0.26000E-01  0.52000E-01  0.00000E+00  0.00000E+00  0.00000E+00   -0.41483E+03 -0.17993E+03  0.59476E+03  0.33400E+02  0.82255E+02 -0.20856E+03      298.00
  0.46583E-01  0.99758E+03   -0.26250E-01 -0.26250E-01  0.52500E-01  0.00000E+00  0.00000E+00  0.00000E+00   -0.41565E+03 -0.18036E+03  0.59601E+03  0.33134E+02  0.81853E+02 -0.20896E+03      298.00
  0.47031E-01  0.99943E+03   -0.26500E-01 -0.26500E-01  0.53000E-01  0.00000E+00  0.00000E+00  0.00000E+00   -0.41646E+03 -0.18079E+03  0.59725E+03  0.32863E+02  0.81448E+02 -0.20935E+03      298.00
  0.47479E-01  0.10012E+04   -0.26750E-01 -0.26750E-01  0.53500E-01  0.00000E+00  0.00000E+00  0.00000E+00   -0.41725E+03 -0.18121E+03  0.59846E+03  0.32587E+02  0.81038E+02 -0.20973E+03      298.00
  0.47928E-01  0.10030E+04   -0.27000E-01 -0.27000E-01  0.54000E-01  0.00000E+00  0.00000E+00  0.00000E+00   -0.41803E+03 -0.18164E+03  0.59966E+03  0.32308E+02  0.80623E+02 -0.21011E+03      298.00
  0.48376E-01  0.10048E+04   -0.27250E-01 -0.27250E-01  0.54500E-01  0.00000E+00  0.00000E+00  0.00000E+00   -0.41879E+03 -0.18205E+03  0.60085E+03  0.32026E+02  0.80204E+02 -0.21048E+03      298.00
  0.48824E-01  0.10065E+04   -0.27500E-01 -0.27500E-01  0.55000E-01  0.00000E+00  0.00000E+00  0.00000E+00   -0.41954E+03 -0.18247E+03  0.60201E+03  0.31742E+02  0.79780E+02 -0.21085E+03      298.00
  0.49273E-01  0.10082E+04   -0.27750E-01 -0.27750E-01  0.55500E-01  0.00000E+00  0.00000E+00  0.00000E+00   -0.42029E+03 -0.18288E+03  0.60316E+03  0.31456E+02  0.79350E+02 -0.21120E+03      298.00
  0.49722E-01  0.10099E+04   -0.28000E-01 -0.28000E-01  0.56000E-01  0.00000E+00  0.00000E+00  0.00000E+00   -0.42101E+03 -0.18328E+03  0.60430E+03  0.31168E+02  0.78916E+02 -0.21155E+03      298.00
  0.50171E-01  0.10115E+04   -0.28250E-01 -0.28250E-01  0.56500E-01  0.00000E+00  0.00000E+00  0.00000E+00   -0.42173E+03 -0.18368E+03  0.60541E+03  0.30878E+02  0.78476E+02 -0.21189E+03      298.00
  0.50619E-01  0.10132E+04   -0.28500E-01 -0.28500E-01  0.57000E-01  0.00000E+00  0.00000E+00  0.00000E+00   -0.42244E+03 -0.18407E+03  0.60652E+03  0.30587E+02  0.78031E+02 -0.21223E+03      298.00
  0.51068E-01  0.10148E+04   -0.28750E-01 -0.28750E-01  0.57500E-01  0.00000E+00  0.00000E+00  0.00000E+00   -0.42314E+03 -0.18446E+03  0.60760E+03  0.30295E+02  0.77581E+02 -0.21255E+03      298.00
  0.51517E-01  0.10163E+04   -0.29000E-01 -0.29000E-01  0.58000E-01  0.00000E+00  0.00000E+00  0.00000E+00   -0.42383E+03 -0.18485E+03  0.60868E+03  0.30002E+02  0.77126E+02 -0.21287E+03      298.00
  0.51967E-01  0.10179E+04   -0.29250E-01 -0.29250E-01  0.58500E-01  0.00000E+00  0.00000E+00  0.00000E+00   -0.42451E+03 -0.18523E+03  0.60973E+03  0.29708E+02  0.76666E+02 -0.21318E+03      298.00
  0.52416E-01  0.10194E+04   -0.29500E-01 -0.29500E-01  0.59000E-01  0.00000E+00  0.00000E+00  0.00000E+00   -0.42518E+03 -0.18560E+03  0.61077E+03  0.29412E+02  0.76201E+02 -0.21348E+03      298.00
  0.52865E-01  0.10209E+04   -0.29750E-01 -0.29750E-01  0.59500E-01  0.00000E+00  0.00000E+00  0.00000E+00   -0.42584E+03 -0.18597E+03  0.61180E+03  0.29115E+02  0.75732E+02 -0.21378E+03      298.00
  0.53315E-01  0.10223E+04   -0.30000E-01 -0.30000E-01  0.60000E-01  0.00000E+00  0.00000E+00  0.00000E+00   -0.42648E+03 -0.18633E+03  0.61282E+03  0.28817E+02  0.75258E+02 -0.21407E+03      298.00
  0.53764E-01  0.10238E+04   -0.30250E-01 -0.30250E-01  0.60500E-01  0.00000E+00  0.00000E+00  0.00000E+00   -0.42712E+03 -0.18669E+03  0.61382E+03  0.28517E+02  0.74779E+02 -0.21435E+03      298.00
  0.54214E-01  0.10252E+04   -0.30500E-01 -0.30500E-01  0.61000E-01  0.00000E+00  0.00000E+00  0.00000E+00   -0.42775E+03 -0.18705E+03  0.61480E+03  0.28215E+02  0.74296E+02 -0.21463E+03      298.00
  0.54664E-01  0.10266E+04   -0.30750E-01 -0.30750E-01  0.61500E-01  0.00000E+00  0.00000E+00  0.00000E+00   -0.42837E+03 -0.18740E+03  0.61577E+03  0.27912E+02  0.73809E+02 -0.21490E+03      298.00
  0.55114E-01  0.10280E+04   -0.31000E-01 -0.31000E-01  0.62000E-01  0.00000E+00  0.00000E+00  0.00000E+00   -0.42899E+03 -0.18775E+03  0.61673E+03  0.27607E+02  0.73318E+02 -0.21517E+03      298.00
  0.55564E-01  0.10293E+04   -0.31250E-01 -0.31250E-01  0.62500E-01  0.00000E+00  0.00000E+00  0.00000E+00   -0.42959E+03 -0.18809E+03  0.61768E+03  0.27300E+02  0.72823E+02 -0.21543E+03      298.00
  0.56014E-01  0.10307E+04   -0.31500E-01 -0.31500E-01  0.63000E-01  0.00000E+00  0.00000E+00  0.00000E+00   -0.43018E+03 -0.18843E+03  0.61861E+03  0.26992E+02  0.72324E+02 -0.21568E+03      298.00
  0.56464E-01  0.10320E+04   -0.31750E-01 -0.31750E-01  0.63500E-01  0.00000E+00  0.00000E+00  0.00000E+00   -0.43076E+03 -0.18877E+03  0.61953E+03  0.26682E+02  0.71821E+02 -0.21593E+03      298.00
  0.56914E-01  0.10333E+04   -0.32000E-01 -0.32000E-01  0.64000E-01  0.00000E+00  0.00000E+00  0.00000E+00   -0.43134E+03 -0.18910E+03  0.62044E+03  0.26370E+02  0.71315E+02 -0.21617E+03      298.00
  0.57364E-01  0.10346E+04   -0.32250E-01 -0.32250E-01  0.64500E-01  0.00000E+00  0.00000E+00  0.00000E+00   -0.43190E+03 -0.18943E+03  0.62134E+03  0.26057E+02  0.70805E+02 -0.21641E+03      298.00
  0.57815E-01  0.10358E+04   -0.32500E-01 -0.32500E-01  0.65000E-01  0.00000E+00  0.00000E+00  0.00000E+00   -0.43246E+03 -0.18976E+03  0.62222E+03  0.25742E+02  0.70291E+02 -0.21664E+03      298.00
  0.58265E-01  0.10370E+04   -0.32750E-01 -0.32750E-01  0.65500E-01  0.00000E+00  0.00000E+00  0.00000E+00   -0.43301E+03 -0.19009E+03  0.62309E+03  0.25425E+02  0.69774E+02 -0.21687E+03      298.00
  0.58716E-01  0.10382E+04   -0.33000E-01 -0.33000E-01  0.66000E-01  0.00000E+00  0.00000E+00  0.00000E+00   -0.43354E+03 -0.19041E+03  0.62395E+03  0.25106E+02  0.69254E+02 -0.21709E+03      298.00
  0.59167E-01  0.10394E+04   -0.33250E-01 -0.33250E-01  0.66500E-01  0.00000E+00  0.00000E+00  0.00000E+00   -0.43407E+03 -0.19072E+03  0.62480E+03  0.24786E+02  0.68730E+02 -0.21730E+03      298.00
  0.59618E-01  0.10406E+04   -0.33500E-01 -0.33500E-01  0.67000E-01  0.00000E+00  0.00000E+00  0.00000E+00   -0.43460E+03 -0.19104E+03  0.62563E+03  0.24464E+02  0.68203E+02 -0.21751E+03      298.00
  0.60068E-01  0.10418E+04   -0.33750E-01 -0.33750E-01  0.67500E-01  0.00000E+00  0.00000E+00  0.00000E+00   -0.43511E+03 -0.19135E+03  0.62646E+03  0.24141E+02  0.67673E+02 -0.21772E+03      298.00
  0.60519E-01  0.10429E+04   -0.34000E-01 -0.34000E-01  0.68000E-01  0.00000E+00  0.00000E+00  0.00000E+00   -0.43562E+03 -0.19166E+03  0.62727E+03  0.23815E+02  0.67140E+02 -0.21792E+03      298.00
  0.60971E-01  0.10440E+04   -0.34250E-01 -0.34250E-01  0.68500E-01  0.00000E+00  0.00000E+00  0.00000E+00   -0.43611E+03 -0.19196E+03  0.62808E+03  0.23489E+02  0.66604E+02 -0.21812E+03      298.00
  0.61422E-01  0.10451E+04   -0.34500E-01 -0.34500E-01  0.69000E-01  0.00000E+00  0.00000E+00  0.00000E+00   -0.43660E+03 -0.19227E+03  0.62887E+03  0.23160E+02  0.66065E+02 -0.21831E+03      298.00
  0.61873E-01  0.10462E+04   -0.34750E-01 -0.34750E-01  0.69500E-01  0.00000E+00  0.00000E+00  0.00000E+00   -0.43708E+03 -0.19257E+03  0.62965E+03  0.22830E+02  0.65523E+02 -0.21850E+03      298.00
  0.62324E-01  0.10473E+04   -0.35000E-01 -0.35000E-01  0.70000E-01  0.00000E+00  0.00000E+00  0.00000E+00   -0.43756E+03 -0.19287E+03  0.63042E+03  0.22499E+02  0.64978E+02 -0.21868E+03      298.00
  0.62776E-01  0.10483E+04   -0.35250E-01 -0.35250E-01  0.70500E-01  0.00000E+00  0.00000E+00  0.00000E+00   -0.43802E+03 -0.19316E+03  0.63118E+03  0.22166E+02  0.64430E+02 -0.21886E+03      298.00
  0.63227E-01  0.10494E+04   -0.35500E-01 -0.35500E-01  0.71000E-01  0.00000E+00  0.00000E+00  0.00000E+00   -0.43848E+03 -0.19345E+03  0.63193E+03  0.21832E+02  0.63879E+02 -0.21904E+03      298.00
  0.63679E-01  0.10504E+04   -0.35750E-01 -0.35750E-01  0.71500E-01  0.00000E+00  0.00000E+00  0.00000E+00   -0.43893E+03 -0.19374E+03  0.63267E+03  0.21496E+02  0.63326E+02 -0.21921E+03      298.00
  0.64131E-01  0.10514E+04   -0.36000E-01 -0.36000E-01  0.72000E-01  0.00000E+00  0.00000E+00  0.00000E+00   -0.43938E+03 -0.19403E+03  0.63341E+03  0.21159E+02  0.62770E+02 -0.21937E+03      298.00
  0.64583E-01  0.10524E+04   -0.36250E-01 -0.36250E-01  0.72500E-01  0.00000E+00  0.00000E+00  0.00000E+00   -0.43981E+03 -0.19431E+03  0.63413E+03  0.20820E+02  0.62212E+02 -0.21953E+03      298.00
  0.65035E-01  0.10533E+04   -0.36500E-01 -0.36500E-01  0.73000E-01  0.00000E+00  0.00000E+00  0.00000E+00   -0.44024E+03 -0.19460E+03  0.63484E+03  0.20480E+02  0.61651E+02 -0.21969E+03      298.00
  0.65487E-01  0.10541E+04   -0.36750E-01 -0.36750E-01  0.73500E-01  0.00000E+00  0.00000E+00  0.00000E+00   -0.44042E+03 -0.19501E+03  0.63543E+03  0.20070E+02  0.61243E+02 -0.21987E+03      298.00
  0.65939E-01  0.10560E+04   -0.37000E-01 -0.37000E-01  0.74000E-01  0.00000E+00  0.00000E+00  0.00000E+00   -0.44129E+03 -0.19534E+03  0.63663E+03  0.19624E+02  0.60559E+02 -0.22031E+03      298.00
  0.66391E-01  0.10568E+04   -0.37250E-01 -0.37250E-01  0.74500E-01  0.00000E+00  0.00000E+00  0.00000E+00   -0.44173E+03 -0.19556E+03  0.63729E+03  0.19329E+02  0.59963E+02 -0.22041E+03      298.00
  0.66843E-01  0.10577E+04   -0.37500E-01 -0.37500E-01  0.75000E-01  0.00000E+00  0.00000E+00  0.00000E+00   -0.44219E+03 -0.19577E+03  0.63797E+03  0.19036E+02  0.59362E+02 -0.22051E+03      298.00
          Evm          Svm            E11          E22          E33          E23          E13          E12         SDEV11       SDEV22       SDEV33       SDEV23       SDEV13       SDEV12      TEMP
  0.66843E-01  0.10574E+04   -0.37500E-01 -0.37500E-01  0.75000E-01  0.00000E+00  0.00000E+00  0.00000E+00   -0.44220E+03 -0.19560E+03  0.63780E+03  0.19191E+02  0.59300E+02 -0.22033E+03      298.00
  0.67296E-01  0.10587E+04   -0.37750E-01 -0.37750E-01  0.75500E-01  0.00000E+00  0.00000E+00  0.00000E+00   -0.44267E+03 -0.19598E+03  0.63865E+03  0.18744E+02  0.58755E+02 -0.22063E+03      298.00
  0.67748E-01  0.10595E+04   -0.38000E-01 -0.38000E-01  0.76000E-01  0.00000E+00  0.00000E+00  0.00000E+00   -0.44305E+03 -0.19623E+03  0.63927E+03  0.18411E+02  0.58172E+02 -0.22073E+03      298.00
  0.68201E-01  0.10604E+04   -0.38250E-01 -0.38250E-01  0.76500E-01  0.00000E+00  0.00000E+00  0.00000E+00   -0.44346E+03 -0.19646E+03  0.63992E+03  0.18089E+02  0.57578E+02 -0.22085E+03      298.00
  0.68653E-01  0.10612E+04   -0.38500E-01 -0.38500E-01  0.77000E-01  0.00000E+00  0.00000E+00  0.00000E+00   -0.44386E+03 -0.19670E+03  0.64056E+03  0.17767E+02  0.56981E+02 -0.22095E+03      298.00
  0.69106E-01  0.10620E+04   -0.38750E-01 -0.38750E-01  0.77500E-01  0.00000E+00  0.00000E+00  0.00000E+00   -0.44425E+03 -0.19693E+03  0.64119E+03  0.17433E+02  0.56387E+02 -0.22106E+03      298.00
  0.69559E-01  0.10629E+04   -0.39000E-01 -0.39000E-01  0.78000E-01  0.00000E+00  0.00000E+00  0.00000E+00   -0.44461E+03 -0.19719E+03  0.64180E+03  0.17081E+02  0.55800E+02 -0.22118E+03      298.00
  0.70012E-01  0.10637E+04   -0.39250E-01 -0.39250E-01  0.78500E-01  0.00000E+00  0.00000E+00  0.00000E+00   -0.44494E+03 -0.19747E+03  0.64241E+03  0.16702E+02  0.55226E+02 -0.22131E+03      298.00
  0.70464E-01  0.10645E+04   -0.39500E-01 -0.39500E-01  0.79000E-01  0.00000E+00  0.00000E+00  0.00000E+00   -0.44523E+03 -0.19779E+03  0.64301E+03  0.16292E+02  0.54667E+02 -0.22146E+03      298.00
  0.70918E-01  0.10653E+04   -0.39750E-01 -0.39750E-01  0.79500E-01  0.00000E+00  0.00000E+00  0.00000E+00   -0.44548E+03 -0.19812E+03  0.64361E+03  0.15859E+02  0.54119E+02 -0.22161E+03      298.00
  0.71371E-01  0.10660E+04   -0.40000E-01 -0.40000E-01  0.80000E-01  0.00000E+00  0.00000E+00  0.00000E+00   -0.44573E+03 -0.19846E+03  0.64419E+03  0.15421E+02  0.53571E+02 -0.22177E+03      298.00
  0.71824E-01  0.10668E+04   -0.40250E-01 -0.40250E-01  0.80500E-01  0.00000E+00  0.00000E+00  0.00000E+00   -0.44599E+03 -0.19878E+03  0.64477E+03  0.14998E+02  0.53013E+02 -0.22191E+03      298.00
  0.72277E-01  0.10675E+04   -0.40500E-01 -0.40500E-01  0.81000E-01  0.00000E+00  0.00000E+00  0.00000E+00   -0.44627E+03 -0.19907E+03  0.64534E+03  0.14599E+02  0.52441E+02 -0.22203E+03      298.00
  0.72731E-01  0.10683E+04   -0.40750E-01 -0.40750E-01  0.81500E-01  0.00000E+00  0.00000E+00  0.00000E+00   -0.44657E+03 -0.19933E+03  0.64590E+03  0.14220E+02  0.51854E+02 -0.22214E+03      298.00
  0.73184E-01  0.10690E+04   -0.41000E-01 -0.41000E-01  0.82000E-01  0.00000E+00  0.00000E+00  0.00000E+00   -0.44688E+03 -0.19958E+03  0.64646E+03  0.13855E+02  0.51257E+02 -0.22223E+03      298.00
  0.73638E-01  0.10697E+04   -0.41250E-01 -0.41250E-01  0.82500E-01  0.00000E+00  0.00000E+00  0.00000E+00   -0.44719E+03 -0.19981E+03  0.64700E+03  0.13498E+02  0.50654E+02 -0.22231E+03      298.00
  0.74091E-01  0.10704E+04   -0.41500E-01 -0.41500E-01  0.83000E-01  0.00000E+00  0.00000E+00  0.00000E+00   -0.44750E+03 -0.20004E+03  0.64754E+03  0.13145E+02  0.50046E+02 -0.22239E+03      298.00
  0.74545E-01  0.10711E+04   -0.41750E-01 -0.41750E-01  0.83500E-01  0.00000E+00  0.00000E+00  0.00000E+00   -0.44781E+03 -0.20027E+03  0.64808E+03  0.12793E+02  0.49435E+02 -0.22246E+03      298.00
  0.74999E-01  0.10718E+04   -0.42000E-01 -0.42000E-01  0.84000E-01  0.00000E+00  0.00000E+00  0.00000E+00   -0.44812E+03 -0.20049E+03  0.64861E+03  0.12441E+02  0.48823E+02 -0.22253E+03      298.00
  0.75453E-01  0.10725E+04   -0.42250E-01 -0.42250E-01  0.84500E-01  0.00000E+00  0.00000E+00  0.00000E+00   -0.44842E+03 -0.20071E+03  0.64913E+03  0.12086E+02  0.48209E+02 -0.22260E+03      298.00
  0.75907E-01  0.10731E+04   -0.42500E-01 -0.42500E-01  0.85000E-01  0.00000E+00  0.00000E+00  0.00000E+00   -0.44871E+03 -0.20093E+03  0.64964E+03  0.11730E+02  0.47594E+02 -0.22266E+03      298.00
  0.76361E-01  0.10738E+04   -0.42750E-01 -0.42750E-01  0.85500E-01  0.00000E+00  0.00000E+00  0.00000E+00   -0.44900E+03 -0.20115E+03  0.65015E+03  0.11371E+02  0.46979E+02 -0.22273E+03      298.00
  0.76815E-01  0.10744E+04   -0.43000E-01 -0.43000E-01  0.86000E-01  0.00000E+00  0.00000E+00  0.00000E+00   -0.44928E+03 -0.20137E+03  0.65065E+03  0.11009E+02  0.46363E+02 -0.22279E+03      298.00
  0.77269E-01  0.10750E+04   -0.43250E-01 -0.43250E-01  0.86500E-01  0.00000E+00  0.00000E+00  0.00000E+00   -0.44956E+03 -0.20159E+03  0.65114E+03  0.10646E+02  0.45747E+02 -0.22285E+03      298.00
  0.77723E-01  0.10757E+04   -0.43500E-01 -0.43500E-01  0.87000E-01  0.00000E+00  0.00000E+00  0.00000E+00   -0.44982E+03 -0.20181E+03  0.65163E+03  0.10280E+02  0.45130E+02 -0.22291E+03      298.00
  0.78178E-01  0.10763E+04   -0.43750E-01 -0.43750E-01  0.87500E-01  0.00000E+00  0.00000E+00  0.00000E+00   -0.45009E+03 -0.20203E+03  0.65211E+03  0.99122E+01  0.44512E+02 -0.22297E+03      298.00
  0.78632E-01  0.10769E+04   -0.44000E-01 -0.44000E-01  0.88000E-01  0.00000E+00  0.00000E+00  0.00000E+00   -0.45034E+03 -0.20225E+03  0.65259E+03  0.95429E+01  0.43893E+02 -0.22302E+03      298.00
  0.79086E-01  0.10775E+04   -0.44250E-01 -0.44250E-01  0.88500E-01  0.00000E+00  0.00000E+00  0.00000E+00   -0.45060E+03 -0.20246E+03  0.65306E+03  0.91721E+01  0.43273E+02 -0.22307E+03      298.00
  0.79541E-01  0.10780E+04   -0.44500E-01 -0.44500E-01  0.89000E-01  0.00000E+00  0.00000E+00  0.00000E+00   -0.45084E+03 -0.20268E+03  0.65352E+03  0.88001E+01  0.42652E+02 -0.22312E+03      298.00
  0.79996E-01  0.10786E+04   -0.44750E-01 -0.44750E-01  0.89500E-01  0.00000E+00  0.00000E+00  0.00000E+00   -0.45108E+03 -0.20290E+03  0.65398E+03  0.84271E+01  0.42030E+02 -0.22317E+03      298.00
  0.80450E-01  0.10792E+04   -0.45000E-01 -0.45000E-01  0.90000E-01  0.00000E+00  0.00000E+00  0.00000E+00   -0.45132E+03 -0.20311E+03  0.65443E+03  0.80530E+01  0.41407E+02 -0.22322E+03      298.00
  0.80905E-01  0.10798E+04   -0.45250E-01 -0.45250E-01  0.90500E-01  0.00000E+00  0.00000E+00  0.00000E+00   -0.45155E+03 -0.20332E+03  0.65488E+03  0.76780E+01  0.40783E+02 -0.22326E+03      298.00
  0.81360E-01  0.10803E+04   -0.45500E-01 -0.45500E-01  0.91000E-01  0.00000E+00  0.00000E+00  0.00000E+00   -0.45178E+03 -0.20354E+03  0.65532E+03  0.73022E+01  0.40158E+02 -0.22330E+03      298.00
  0.81815E-01  0.10808E+04   -0.45750E-01 -0.45750E-01  0.91500E-01  0.00000E+00  0.00000E+00  0.00000E+00   -0.45201E+03 -0.20375E+03  0.65575E+03  0.69257E+01  0.39531E+02 -0.22334E+03      298.00
  0.82270E-01  0.10814E+04   -0.46000E-01 -0.46000E-01  0.92000E-01  0.00000E+00  0.00000E+00  0.00000E+00   -0.45223E+03 -0.20396E+03  0.65618E+03  0.65484E+01  0.38904E+02 -0.22338E+03      298.00
  0.82725E-01  0.10819E+04   -0.46250E-01 -0.46250E-01  0.92500E-01  0.00000E+00  0.00000E+00  0.00000E+00   -0.45244E+03 -0.20416E+03  0.65661E+03  0.61704E+01  0.38275E+02 -0.22341E+03      298.00
  0.83180E-01  0.10824E+04   -0.46500E-01 -0.46500E-01  0.93000E-01  0.00000E+00  0.00000E+00  0.00000E+00   -0.45266E+03 -0.20437E+03  0.65703E+03  0.57917E+01  0.37646E+02 -0.22344E+03      298.00
  0.83636E-01  0.10829E+04   -0.46750E-01 -0.46750E-01  0.93500E-01  0.00000E+00  0.00000E+00  0.00000E+00   -0.45286E+03 -0.20458E+03  0.65744E+03  0.54124E+01  0.37015E+02 -0.22347E+03      298.00
  0.84091E-01  0.10834E+04   -0.47000E-01 -0.47000E-01  0.94000E-01  0.00000E+00  0.00000E+00  0.00000E+00   -0.45307E+03 -0.20478E+03  0.65785E+03  0.50325E+01  0.36383E+02 -0.22350E+03      298.00
  0.84546E-01  0.10843E+04   -0.47250E-01 -0.47250E-01  0.94500E-01  0.00000E+00  0.00000E+00  0.00000E+00   -0.45341E+03 -0.20504E+03  0.65846E+03  0.44821E+01  0.35641E+02 -0.22370E+03      298.00
  0.85002E-01  0.10844E+04   -0.47500E-01 -0.47500E-01  0.95000E-01  0.00000E+00  0.00000E+00  0.00000E+00   -0.45344E+03 -0.20521E+03  0.65865E+03  0.42410E+01  0.35133E+02 -0.22357E+03      298.00
  0.85457E-01  0.10849E+04   -0.47750E-01 -0.47750E-01  0.95500E-01  0.00000E+00  0.00000E+00  0.00000E+00   -0.45365E+03 -0.20539E+03  0.65904E+03  0.38793E+01  0.34488E+02 -0.22357E+03      298.00
  0.85913E-01  0.10858E+04   -0.48000E-01 -0.48000E-01  0.96000E-01  0.00000E+00  0.00000E+00  0.00000E+00   -0.45398E+03 -0.20565E+03  0.65962E+03  0.33310E+01  0.33738E+02 -0.22376E+03      298.00
  0.86368E-01  0.10859E+04   -0.48250E-01 -0.48250E-01  0.96500E-01  0.00000E+00  0.00000E+00  0.00000E+00   -0.45400E+03 -0.20581E+03  0.65981E+03  0.30903E+01  0.33228E+02 -0.22363E+03      298.00
  0.86824E-01  0.10867E+04   -0.48500E-01 -0.48500E-01  0.97000E-01  0.00000E+00  0.00000E+00  0.00000E+00   -0.45433E+03 -0.20605E+03  0.66038E+03  0.25536E+01  0.32470E+02 -0.22380E+03      298.00
  0.87280E-01  0.10868E+04   -0.48750E-01 -0.48750E-01  0.97500E-01  0.00000E+00  0.00000E+00  0.00000E+00   -0.45435E+03 -0.20621E+03  0.66056E+03  0.23164E+01  0.31956E+02 -0.22366E+03      298.00
  0.87736E-01  0.10876E+04   -0.49000E-01 -0.49000E-01  0.98000E-01  0.00000E+00  0.00000E+00  0.00000E+00   -0.45467E+03 -0.20644E+03  0.66111E+03  0.17787E+01  0.31195E+02 -0.22382E+03      298.00
  0.88192E-01  0.10877E+04   -0.49250E-01 -0.49250E-01  0.98500E-01  0.00000E+00  0.00000E+00  0.00000E+00   -0.45469E+03 -0.20660E+03  0.66130E+03  0.15409E+01  0.30680E+02 -0.22368E+03      298.00
  0.88648E-01  0.10884E+04   -0.49500E-01 -0.49500E-01  0.99000E-01  0.00000E+00  0.00000E+00  0.00000E+00   -0.45500E+03 -0.20683E+03  0.66183E+03  0.10007E+01  0.29917E+02 -0.22383E+03      298.00
  0.89104E-01  0.10885E+04   -0.49750E-01 -0.49750E-01  0.99500E-01  0.00000E+00  0.00000E+00  0.00000E+00   -0.45502E+03 -0.20699E+03  0.66201E+03  0.76218E+00  0.29401E+02 -0.22370E+03      298.00
  0.89560E-01  0.10890E+04   -0.50000E-01 -0.50000E-01  0.10000E+00  0.00000E+00  0.00000E+00  0.00000E+00   -0.45520E+03 -0.20716E+03  0.66235E+03  0.39733E+00  0.28748E+02 -0.22368E+03      298.00
          Evm          Svm            E11          E22          E33          E23          E13          E12         SDEV11       SDEV22       SDEV33       SDEV23       SDEV13       SDEV12      TEMP
  0.89560E-01  0.10888E+04   -0.50000E-01 -0.50000E-01  0.10000E+00  0.00000E+00  0.00000E+00  0.00000E+00   -0.45536E+03 -0.20691E+03  0.66228E+03  0.66319E+00  0.28647E+02 -0.22348E+03      298.00
  0.90016E-01  0.10898E+04   -0.50250E-01 -0.50250E-01  0.10050E+00  0.00000E+00  0.00000E+00  0.00000E+00   -0.45561E+03 -0.20730E+03  0.66291E+03 -0.89202E-01  0.27921E+02 -0.22381E+03      298.00
  0.90472E-01  0.10901E+04   -0.50500E-01 -0.50500E-01  0.10100E+00  0.00000E+00  0.00000E+00  0.00000E+00   -0.45563E+03 -0.20759E+03  0.66322E+03 -0.55545E+00  0.27347E+02 -0.22384E+03      298.00
  0.90929E-01  0.10902E+04   -0.50750E-01 -0.50750E-01  0.10150E+00  0.00000E+00  0.00000E+00  0.00000E+00   -0.45563E+03 -0.20775E+03  0.66338E+03 -0.80093E+00  0.26834E+02 -0.22370E+03      298.00
  0.91385E-01  0.10906E+04   -0.51000E-01 -0.51000E-01  0.10200E+00  0.00000E+00  0.00000E+00  0.00000E+00   -0.45579E+03 -0.20792E+03  0.66371E+03 -0.11699E+01  0.26179E+02 -0.22368E+03      298.00
  0.91841E-01  0.10910E+04   -0.51250E-01 -0.51250E-01  0.10250E+00  0.00000E+00  0.00000E+00  0.00000E+00   -0.45594E+03 -0.20809E+03  0.66404E+03 -0.15549E+01  0.25530E+02 -0.22368E+03      298.00
  0.92298E-01  0.10914E+04   -0.51500E-01 -0.51500E-01  0.10300E+00  0.00000E+00  0.00000E+00  0.00000E+00   -0.45609E+03 -0.20828E+03  0.66436E+03 -0.19445E+01  0.24883E+02 -0.22367E+03      298.00
  0.92754E-01  0.10918E+04   -0.51750E-01 -0.51750E-01  0.10350E+00  0.00000E+00  0.00000E+00  0.00000E+00   -0.45622E+03 -0.20846E+03  0.66468E+03 -0.23359E+01  0.24237E+02 -0.22366E+03      298.00
  0.93211E-01  0.10921E+04   -0.52000E-01 -0.52000E-01  0.10400E+00  0.00000E+00  0.00000E+00  0.00000E+00   -0.45636E+03 -0.20864E+03  0.66500E+03 -0.27280E+01  0.23589E+02 -0.22365E+03      298.00
  0.93668E-01  0.10925E+04   -0.52250E-01 -0.52250E-01  0.10450E+00  0.00000E+00  0.00000E+00  0.00000E+00   -0.45649E+03 -0.20882E+03  0.66531E+03 -0.31208E+01  0.22941E+02 -0.22364E+03      298.00
  0.94124E-01  0.10929E+04   -0.52500E-01 -0.52500E-01  0.10500E+00  0.00000E+00  0.00000E+00  0.00000E+00   -0.45662E+03 -0.20900E+03  0.66562E+03 -0.35140E+01  0.22293E+02 -0.22362E+03      298.00
  0.94581E-01  0.10932E+04   -0.52750E-01 -0.52750E-01  0.10550E+00  0.00000E+00  0.00000E+00  0.00000E+00   -0.45674E+03 -0.20918E+03  0.66592E+03 -0.39077E+01  0.21644E+02 -0.22361E+03      298.00
  0.95038E-01  0.10936E+04   -0.53000E-01 -0.53000E-01  0.10600E+00  0.00000E+00  0.00000E+00  0.00000E+00   -0.45686E+03 -0.20936E+03  0.66622E+03 -0.43018E+01  0.20994E+02 -0.22359E+03      298.00
  0.95495E-01  0.10940E+04   -0.53250E-01 -0.53250E-01  0.10650E+00  0.00000E+00  0.00000E+00  0.00000E+00   -0.45698E+03 -0.20953E+03  0.66652E+03 -0.46962E+01  0.20344E+02 -0.22357E+03      298.00
  0.95952E-01  0.10943E+04   -0.53500E-01 -0.53500E-01  0.10700E+00  0.00000E+00  0.00000E+00  0.00000E+00   -0.45710E+03 -0.20971E+03  0.66681E+03 -0.50910E+01  0.19693E+02 -0.22355E+03      298.00
  0.96409E-01  0.10946E+04   -0.53750E-01 -0.53750E-01  0.10750E+00  0.00000E+00  0.00000E+00  0.00000E+00   -0.45721E+03 -0.20988E+03  0.66710E+03 -0.54861E+01  0.19042E+02 -0.22353E+03      298.00
  0.96866E-01  0.10950E+04   -0.54000E-01 -0.54000E-01  0.10800E+00  0.00000E+00  0.00000E+00  0.00000E+00   -0.45732E+03 -0.21006E+03  0.66738E+03 -0.58815E+01  0.18390E+02 -0.22351E+03      298.00
  0.97323E-01  0.10953E+04   -0.54250E-01 -0.54250E-01  0.10850E+00  0.00000E+00  0.00000E+00  0.00000E+00   -0.45743E+03 -0.21023E+03  0.66766E+03 -0.62770E+01  0.17737E+02 -0.22348E+03      298.00
  0.97780E-01  0.10956E+04   -0.54500E-01 -0.54500E-01  0.10900E+00  0.00000E+00  0.00000E+00  0.00000E+00   -0.45754E+03 -0.21040E+03  0.66794E+03 -0.66727E+01  0.17084E+02 -0.22345E+03      298.00
  0.98238E-01  0.10960E+04   -0.54750E-01 -0.54750E-01  0.10950E+00  0.00000E+00  0.00000E+00  0.00000E+00   -0.45764E+03 -0.21057E+03  0.66821E+03 -0.70686E+01  0.16430E+02 -0.22342E+03      298.00
  0.98695E-01  0.10963E+04   -0.55000E-01 -0.55000E-01  0.11000E+00  0.00000E+00  0.00000E+00  0.00000E+00   -0.45774E+03 -0.21074E+03  0.66848E+03 -0.74644E+01  0.15775E+02 -0.22339E+03      298.00
  0.99152E-01  0.10966E+04   -0.55250E-01 -0.55250E-01  0.11050E+00  0.00000E+00  0.00000E+00  0.00000E+00   -0.45784E+03 -0.21091E+03  0.66875E+03 -0.78603E+01  0.15120E+02 -0.22336E+03      298.00
  0.99610E-01  0.10969E+04   -0.55500E-01 -0.55500E-01  0.11100E+00  0.00000E+00  0.00000E+00  0.00000E+00   -0.45794E+03 -0.21107E+03  0.66901E+03 -0.82562E+01  0.14464E+02 -0.22333E+03      298.00
  0.10007E+00  0.10972E+04   -0.55750E-01 -0.55750E-01  0.11150E+00  0.00000E+00  0.00000E+00  0.00000E+00   -0.45803E+03 -0.21124E+03  0.66927E+03 -0.86519E+01  0.13807E+02 -0.22329E+03      298.00
  0.10052E+00  0.10975E+04   -0.56000E-01 -0.56000E-01  0.11200E+00  0.00000E+00  0.00000E+00  0.00000E+00   -0.45813E+03 -0.21140E+03  0.66953E+03 -0.90475E+01  0.13150E+02 -0.22326E+03      298.00
  0.10098E+00  0.10978E+04   -0.56250E-01 -0.56250E-01  0.11250E+00  0.00000E+00  0.00000E+00  0.00000E+00   -0.45822E+03 -0.21156E+03  0.66978E+03 -0.94430E+01  0.12492E+02 -0.22322E+03      298.00
  0.10144E+00  0.10981E+04   -0.56500E-01 -0.56500E-01  0.11300E+00  0.00000E+00  0.00000E+00  0.00000E+00   -0.45831E+03 -0.21173E+03  0.67003E+03 -0.98382E+01  0.11833E+02 -0.22318E+03      298.00
  0.10190E+00  0.10984E+04   -0.56750E-01 -0.56750E-01  0.11350E+00  0.00000E+00  0.00000E+00  0.00000E+00   -0.45839E+03 -0.21188E+03  0.67028E+03 -0.10233E+02  0.11173E+02 -0.22314E+03      298.00
  0.10235E+00  0.10989E+04   -0.57000E-01 -0.57000E-01  0.11400E+00  0.00000E+00  0.00000E+00  0.00000E+00   -0.45854E+03 -0.21210E+03  0.67064E+03 -0.10821E+02  0.10397E+02 -0.22322E+03      298.00
  0.10281E+00  0.10990E+04   -0.57250E-01 -0.57250E-01  0.11450E+00  0.00000E+00  0.00000E+00  0.00000E+00   -0.45853E+03 -0.21223E+03  0.67077E+03 -0.11055E+02  0.98700E+01 -0.22307E+03      298.00
  0.10327E+00  0.10995E+04   -0.57500E-01 -0.57500E-01  0.11500E+00  0.00000E+00  0.00000E+00  0.00000E+00   -0.45869E+03 -0.21242E+03  0.67111E+03 -0.11618E+02  0.90791E+01 -0.22313E+03      298.00
  0.10373E+00  0.10995E+04   -0.57750E-01 -0.57750E-01  0.11550E+00  0.00000E+00  0.00000E+00  0.00000E+00   -0.45869E+03 -0.21254E+03  0.67124E+03 -0.11844E+02  0.85469E+01 -0.22297E+03      298.00
  0.10419E+00  0.11000E+04   -0.58000E-01 -0.58000E-01  0.11600E+00  0.00000E+00  0.00000E+00  0.00000E+00   -0.45885E+03 -0.21272E+03  0.67157E+03 -0.12403E+02  0.77520E+01 -0.22303E+03      298.00
  0.10464E+00  0.11001E+04   -0.58250E-01 -0.58250E-01  0.11650E+00  0.00000E+00  0.00000E+00  0.00000E+00   -0.45885E+03 -0.21284E+03  0.67169E+03 -0.12628E+02  0.72192E+01 -0.22287E+03      298.00
  0.10510E+00  0.11006E+04   -0.58500E-01 -0.58500E-01  0.11700E+00  0.00000E+00  0.00000E+00  0.00000E+00   -0.45901E+03 -0.21301E+03  0.67202E+03 -0.13184E+02  0.64212E+01 -0.22292E+03      298.00
  0.10556E+00  0.11008E+04   -0.58750E-01 -0.58750E-01  0.11750E+00  0.00000E+00  0.00000E+00  0.00000E+00   -0.45906E+03 -0.21319E+03  0.67225E+03 -0.13610E+02  0.57690E+01 -0.22289E+03      298.00
  0.10602E+00  0.11011E+04   -0.59000E-01 -0.59000E-01  0.11800E+00  0.00000E+00  0.00000E+00  0.00000E+00   -0.45912E+03 -0.21334E+03  0.67247E+03 -0.14009E+02  0.51077E+01 -0.22283E+03      298.00
  0.10648E+00  0.11013E+04   -0.59250E-01 -0.59250E-01  0.11850E+00  0.00000E+00  0.00000E+00  0.00000E+00   -0.45919E+03 -0.21349E+03  0.67268E+03 -0.14399E+02  0.44408E+01 -0.22277E+03      298.00
  0.10693E+00  0.11016E+04   -0.59500E-01 -0.59500E-01  0.11900E+00  0.00000E+00  0.00000E+00  0.00000E+00   -0.45927E+03 -0.21363E+03  0.67289E+03 -0.14786E+02  0.37716E+01 -0.22271E+03      298.00
  0.10739E+00  0.11018E+04   -0.59750E-01 -0.59750E-01  0.11950E+00  0.00000E+00  0.00000E+00  0.00000E+00   -0.45934E+03 -0.21376E+03  0.67310E+03 -0.15172E+02  0.31013E+01 -0.22264E+03      298.00
  0.10785E+00  0.11021E+04   -0.60000E-01 -0.60000E-01  0.12000E+00  0.00000E+00  0.00000E+00  0.00000E+00   -0.45941E+03 -0.21390E+03  0.67330E+03 -0.15557E+02  0.24303E+01 -0.22257E+03      298.00
  0.10831E+00  0.11023E+04   -0.60250E-01 -0.60250E-01  0.12050E+00  0.00000E+00  0.00000E+00  0.00000E+00   -0.45947E+03 -0.21403E+03  0.67351E+03 -0.15942E+02  0.17591E+01 -0.22251E+03      298.00
  0.10877E+00  0.11026E+04   -0.60500E-01 -0.60500E-01  0.12100E+00  0.00000E+00  0.00000E+00  0.00000E+00   -0.45954E+03 -0.21417E+03  0.67371E+03 -0.16327E+02  0.10876E+01 -0.22244E+03      298.00
  0.10922E+00  0.11028E+04   -0.60750E-01 -0.60750E-01  0.12150E+00  0.00000E+00  0.00000E+00  0.00000E+00   -0.45960E+03 -0.21430E+03  0.67390E+03 -0.16713E+02  0.41614E+00 -0.22236E+03      298.00
  0.10968E+00  0.11030E+04   -0.61000E-01 -0.61000E-01  0.12200E+00  0.00000E+00  0.00000E+00  0.00000E+00   -0.45966E+03 -0.21443E+03  0.67410E+03 -0.17100E+02 -0.25531E+00 -0.22229E+03      298.00
  0.11014E+00  0.11032E+04   -0.61250E-01 -0.61250E-01  0.12250E+00  0.00000E+00  0.00000E+00  0.00000E+00   -0.45972E+03 -0.21457E+03  0.67429E+03 -0.17487E+02 -0.92664E+00 -0.22222E+03      298.00
  0.11060E+00  0.11035E+04   -0.61500E-01 -0.61500E-01  0.12300E+00  0.00000E+00  0.00000E+00  0.00000E+00   -0.45978E+03 -0.21470E+03  0.67448E+03 -0.17875E+02 -0.15978E+01 -0.22215E+03      298.00
  0.11106E+00  0.11037E+04   -0.61750E-01 -0.61750E-01  0.12350E+00  0.00000E+00  0.00000E+00  0.00000E+00   -0.45983E+03 -0.21484E+03  0.67466E+03 -0.18264E+02 -0.22687E+01 -0.22207E+03      298.00
  0.11152E+00  0.11039E+04   -0.62000E-01 -0.62000E-01  0.12400E+00  0.00000E+00  0.00000E+00  0.00000E+00   -0.45988E+03 -0.21497E+03  0.67485E+03 -0.18654E+02 -0.29393E+01 -0.22200E+03      298.00
  0.11198E+00  0.11041E+04   -0.62250E-01 -0.62250E-01  0.12450E+00  0.00000E+00  0.00000E+00  0.00000E+00   -0.45992E+03 -0.21510E+03  0.67503E+03 -0.19045E+02 -0.36096E+01 -0.22192E+03      298.00
  0.11243E+00  0.11043E+04   -0.62500E-01 -0.62500E-01  0.12500E+00  0.00000E+00  0.00000E+00  0.00000E+00   -0.45997E+03 -0.21524E+03  0.67521E+03 -0.19437E+02 -0.42796E+01 -0.22185E+03      298.00
