TEXTURE AT STRAIN =    0.0250
   0.988   1.025   0.988  <-- length of phase ellipsoid axes
   52.69   90.00    0.00  <-- Euler angles (deg) of phase ellipsoid axes
B         1
  143.37  142.80 -113.80   1.0000000
TEXTURE AT STRAIN =    0.0500
   0.975   1.051   0.975  <-- length of phase ellipsoid axes
   95.11   90.00    0.00  <-- Euler angles (deg) of phase ellipsoid axes
B         1
  143.69  144.63 -113.60   1.0000000
TEXTURE AT STRAIN =    0.0750
   0.963   1.078   0.963  <-- length of phase ellipsoid axes
  137.06   90.00  180.00  <-- Euler angles (deg) of phase ellipsoid axes
B         1
  144.01  146.41 -113.40   1.0000000
TEXTURE AT STRAIN =    0.1000
   0.951   1.105   0.951  <-- length of phase ellipsoid axes
 -165.58   90.00 -180.00  <-- Euler angles (deg) of phase ellipsoid axes
B         1
  144.29  148.14 -113.22   1.0000000
TEXTURE AT STRAIN =    0.1250
   0.939   1.133   0.939  <-- length of phase ellipsoid axes
 -139.68   90.00 -180.00  <-- Euler angles (deg) of phase ellipsoid axes
B         1
  144.52  149.80 -113.11   1.0000000
