          Evm          Svm            E11          E22          E33          E23          E13          E12         SDEV11       SDEV22       SDEV33       SDEV23       SDEV13       SDEV12      TEMP
  0.00000E+00  0.46626E+03    0.00000E+00  0.00000E+00  0.00000E+00  0.00000E+00  0.00000E+00  0.00000E+00   -0.22306E+02 -0.25363E+03  0.27593E+03  0.43548E+02  0.54612E+01  0.77584E+01      298.00
  0.44385E-03  0.47608E+03   -0.25000E-03 -0.25000E-03  0.50000E-03  0.00000E+00  0.00000E+00  0.00000E+00   -0.24615E+02 -0.25808E+03  0.28270E+03  0.43422E+02  0.63612E+01  0.76260E+01      298.00
  0.88920E-03  0.48574E+03   -0.50000E-03 -0.50000E-03  0.10000E-02  0.00000E+00  0.00000E+00  0.00000E+00   -0.26664E+02 -0.26258E+03  0.28924E+03  0.43394E+02  0.70395E+01  0.74942E+01      298.00
  0.13358E-02  0.49524E+03   -0.75000E-03 -0.75000E-03  0.15000E-02  0.00000E+00  0.00000E+00  0.00000E+00   -0.28485E+02 -0.26708E+03  0.29557E+03  0.43433E+02  0.76158E+01  0.74040E+01      298.00
  0.17834E-02  0.50458E+03   -0.10000E-02 -0.10000E-02  0.20000E-02  0.00000E+00  0.00000E+00  0.00000E+00   -0.30092E+02 -0.27161E+03  0.30170E+03  0.43511E+02  0.81463E+01  0.73839E+01      298.00
  0.22319E-02  0.51356E+03   -0.12500E-02 -0.12500E-02  0.25000E-02  0.00000E+00  0.00000E+00  0.00000E+00   -0.31582E+02 -0.27599E+03  0.30758E+03  0.43698E+02  0.81519E+01  0.71167E+01      298.00
  0.26811E-02  0.52266E+03   -0.15000E-02 -0.15000E-02  0.30000E-02  0.00000E+00  0.00000E+00  0.00000E+00   -0.32864E+02 -0.28055E+03  0.31342E+03  0.43870E+02  0.84678E+01  0.71146E+01      298.00
  0.31308E-02  0.53137E+03   -0.17500E-02 -0.17500E-02  0.35000E-02  0.00000E+00  0.00000E+00  0.00000E+00   -0.34018E+02 -0.28496E+03  0.31898E+03  0.44047E+02  0.87330E+01  0.71283E+01      298.00
  0.35810E-02  0.54013E+03   -0.20000E-02 -0.20000E-02  0.40000E-02  0.00000E+00  0.00000E+00  0.00000E+00   -0.34999E+02 -0.28947E+03  0.32447E+03  0.44174E+02  0.94079E+01  0.74235E+01      298.00
  0.40316E-02  0.54865E+03   -0.22500E-02 -0.22500E-02  0.45000E-02  0.00000E+00  0.00000E+00  0.00000E+00   -0.35939E+02 -0.29389E+03  0.32982E+03  0.44405E+02  0.95113E+01  0.74400E+01      298.00
  0.44824E-02  0.55702E+03   -0.25000E-02 -0.25000E-02  0.50000E-02  0.00000E+00  0.00000E+00  0.00000E+00   -0.36791E+02 -0.29826E+03  0.33505E+03  0.44646E+02  0.95548E+01  0.74572E+01      298.00
  0.49336E-02  0.56522E+03   -0.27500E-02 -0.27500E-02  0.55000E-02  0.00000E+00  0.00000E+00  0.00000E+00   -0.37572E+02 -0.30257E+03  0.34014E+03  0.44895E+02  0.95343E+01  0.74624E+01      298.00
  0.53849E-02  0.57338E+03   -0.30000E-02 -0.30000E-02  0.60000E-02  0.00000E+00  0.00000E+00  0.00000E+00   -0.38279E+02 -0.30690E+03  0.34518E+03  0.45154E+02  0.94731E+01  0.74819E+01      298.00
  0.58364E-02  0.58135E+03   -0.32500E-02 -0.32500E-02  0.65000E-02  0.00000E+00  0.00000E+00  0.00000E+00   -0.38936E+02 -0.31116E+03  0.35009E+03  0.45417E+02  0.93514E+01  0.74958E+01      298.00
  0.62881E-02  0.58931E+03   -0.35000E-02 -0.35000E-02  0.70000E-02  0.00000E+00  0.00000E+00  0.00000E+00   -0.39548E+02 -0.31542E+03  0.35497E+03  0.45704E+02  0.91469E+01  0.75296E+01      298.00
  0.67398E-02  0.59660E+03   -0.37500E-02 -0.37500E-02  0.75000E-02  0.00000E+00  0.00000E+00  0.00000E+00   -0.40216E+02 -0.31928E+03  0.35950E+03  0.46051E+02  0.84457E+01  0.73291E+01      298.00
  0.71918E-02  0.60455E+03   -0.40000E-02 -0.40000E-02  0.80000E-02  0.00000E+00  0.00000E+00  0.00000E+00   -0.40701E+02 -0.32363E+03  0.36433E+03  0.46310E+02  0.81609E+01  0.72200E+01      298.00
  0.76437E-02  0.61194E+03   -0.42500E-02 -0.42500E-02  0.85000E-02  0.00000E+00  0.00000E+00  0.00000E+00   -0.41197E+02 -0.32764E+03  0.36884E+03  0.46552E+02  0.78877E+01  0.72001E+01      298.00
  0.80958E-02  0.61926E+03   -0.45000E-02 -0.45000E-02  0.90000E-02  0.00000E+00  0.00000E+00  0.00000E+00   -0.41669E+02 -0.33162E+03  0.37329E+03  0.46798E+02  0.75587E+01  0.71733E+01      298.00
  0.85479E-02  0.62650E+03   -0.47500E-02 -0.47500E-02  0.95000E-02  0.00000E+00  0.00000E+00  0.00000E+00   -0.42111E+02 -0.33558E+03  0.37769E+03  0.47035E+02  0.72244E+01  0.71617E+01      298.00
  0.90000E-02  0.63366E+03   -0.50000E-02 -0.50000E-02  0.10000E-01  0.00000E+00  0.00000E+00  0.00000E+00   -0.42529E+02 -0.33950E+03  0.38203E+03  0.47261E+02  0.68784E+01  0.71565E+01      298.00
  0.94522E-02  0.64067E+03   -0.52500E-02 -0.52500E-02  0.10500E-01  0.00000E+00  0.00000E+00  0.00000E+00   -0.42931E+02 -0.34335E+03  0.38628E+03  0.47478E+02  0.64887E+01  0.71295E+01      298.00
  0.99044E-02  0.64759E+03   -0.55000E-02 -0.55000E-02  0.11000E-01  0.00000E+00  0.00000E+00  0.00000E+00   -0.43311E+02 -0.34716E+03  0.39047E+03  0.47678E+02  0.61169E+01  0.71233E+01      298.00
  0.10357E-01  0.65438E+03   -0.57500E-02 -0.57500E-02  0.11500E-01  0.00000E+00  0.00000E+00  0.00000E+00   -0.43681E+02 -0.35089E+03  0.39458E+03  0.47868E+02  0.57080E+01  0.70987E+01      298.00
  0.10809E-01  0.66106E+03   -0.60000E-02 -0.60000E-02  0.12000E-01  0.00000E+00  0.00000E+00  0.00000E+00   -0.44034E+02 -0.35458E+03  0.39862E+03  0.48038E+02  0.53214E+01  0.70910E+01      298.00
  0.11261E-01  0.66764E+03   -0.62500E-02 -0.62500E-02  0.12500E-01  0.00000E+00  0.00000E+00  0.00000E+00   -0.44379E+02 -0.35821E+03  0.40259E+03  0.48199E+02  0.49024E+01  0.70705E+01      298.00
  0.11713E-01  0.67412E+03   -0.65000E-02 -0.65000E-02  0.13000E-01  0.00000E+00  0.00000E+00  0.00000E+00   -0.44713E+02 -0.36179E+03  0.40651E+03  0.48346E+02  0.44772E+01  0.70506E+01      298.00
  0.12166E-01  0.68050E+03   -0.67500E-02 -0.67500E-02  0.13500E-01  0.00000E+00  0.00000E+00  0.00000E+00   -0.45039E+02 -0.36532E+03  0.41036E+03  0.48478E+02  0.40482E+01  0.70320E+01      298.00
  0.12618E-01  0.68678E+03   -0.70000E-02 -0.70000E-02  0.14000E-01  0.00000E+00  0.00000E+00  0.00000E+00   -0.45356E+02 -0.36880E+03  0.41416E+03  0.48595E+02  0.36164E+01  0.70146E+01      298.00
  0.13070E-01  0.69296E+03   -0.72500E-02 -0.72500E-02  0.14500E-01  0.00000E+00  0.00000E+00  0.00000E+00   -0.45666E+02 -0.37223E+03  0.41789E+03  0.48696E+02  0.31823E+01  0.69985E+01      298.00
  0.13522E-01  0.69905E+03   -0.75000E-02 -0.75000E-02  0.15000E-01  0.00000E+00  0.00000E+00  0.00000E+00   -0.45974E+02 -0.37560E+03  0.42157E+03  0.48789E+02  0.27132E+01  0.69659E+01      298.00
  0.13975E-01  0.70505E+03   -0.77500E-02 -0.77500E-02  0.15500E-01  0.00000E+00  0.00000E+00  0.00000E+00   -0.46273E+02 -0.37892E+03  0.42519E+03  0.48861E+02  0.22708E+01  0.69490E+01      298.00
  0.14427E-01  0.71095E+03   -0.80000E-02 -0.80000E-02  0.16000E-01  0.00000E+00  0.00000E+00  0.00000E+00   -0.46567E+02 -0.38219E+03  0.42876E+03  0.48918E+02  0.18292E+01  0.69339E+01      298.00
  0.14879E-01  0.71676E+03   -0.82500E-02 -0.82500E-02  0.16500E-01  0.00000E+00  0.00000E+00  0.00000E+00   -0.46856E+02 -0.38542E+03  0.43227E+03  0.48960E+02  0.13873E+01  0.69198E+01      298.00
  0.15332E-01  0.72248E+03   -0.85000E-02 -0.85000E-02  0.17000E-01  0.00000E+00  0.00000E+00  0.00000E+00   -0.47141E+02 -0.38859E+03  0.43573E+03  0.48986E+02  0.94537E+00  0.69066E+01      298.00
  0.15784E-01  0.72811E+03   -0.87500E-02 -0.87500E-02  0.17500E-01  0.00000E+00  0.00000E+00  0.00000E+00   -0.47423E+02 -0.39172E+03  0.43914E+03  0.48998E+02  0.50363E+00  0.68942E+01      298.00
  0.16236E-01  0.73366E+03   -0.90000E-02 -0.90000E-02  0.18000E-01  0.00000E+00  0.00000E+00  0.00000E+00   -0.47702E+02 -0.39479E+03  0.44250E+03  0.48995E+02  0.62267E-01  0.68825E+01      298.00
  0.16689E-01  0.73912E+03   -0.92500E-02 -0.92500E-02  0.18500E-01  0.00000E+00  0.00000E+00  0.00000E+00   -0.47978E+02 -0.39783E+03  0.44580E+03  0.48978E+02 -0.37853E+00  0.68715E+01      298.00
  0.17141E-01  0.74450E+03   -0.95000E-02 -0.95000E-02  0.19000E-01  0.00000E+00  0.00000E+00  0.00000E+00   -0.48252E+02 -0.40081E+03  0.44906E+03  0.48946E+02 -0.81858E+00  0.68612E+01      298.00
  0.17593E-01  0.74977E+03   -0.97500E-02 -0.97500E-02  0.19500E-01  0.00000E+00  0.00000E+00  0.00000E+00   -0.48529E+02 -0.40373E+03  0.45226E+03  0.48905E+02 -0.12916E+01  0.68295E+01      298.00
  0.18046E-01  0.75499E+03   -0.10000E-01 -0.10000E-01  0.20000E-01  0.00000E+00  0.00000E+00  0.00000E+00   -0.48798E+02 -0.40662E+03  0.45542E+03  0.48846E+02 -0.17314E+01  0.68195E+01      298.00
  0.18498E-01  0.76012E+03   -0.10250E-01 -0.10250E-01  0.20500E-01  0.00000E+00  0.00000E+00  0.00000E+00   -0.49066E+02 -0.40947E+03  0.45854E+03  0.48772E+02 -0.21679E+01  0.68111E+01      298.00
  0.18951E-01  0.76517E+03   -0.10500E-01 -0.10500E-01  0.21000E-01  0.00000E+00  0.00000E+00  0.00000E+00   -0.49332E+02 -0.41227E+03  0.46160E+03  0.48684E+02 -0.26030E+01  0.68033E+01      298.00
  0.19403E-01  0.77015E+03   -0.10750E-01 -0.10750E-01  0.21500E-01  0.00000E+00  0.00000E+00  0.00000E+00   -0.49596E+02 -0.41503E+03  0.46463E+03  0.48583E+02 -0.30366E+01  0.67960E+01      298.00
  0.19856E-01  0.77505E+03   -0.11000E-01 -0.11000E-01  0.22000E-01  0.00000E+00  0.00000E+00  0.00000E+00   -0.49859E+02 -0.41775E+03  0.46761E+03  0.48469E+02 -0.34689E+01  0.67891E+01      298.00
  0.20308E-01  0.77985E+03   -0.11250E-01 -0.11250E-01  0.22500E-01  0.00000E+00  0.00000E+00  0.00000E+00   -0.50126E+02 -0.42040E+03  0.47053E+03  0.48347E+02 -0.39344E+01  0.67591E+01      298.00
  0.20761E-01  0.78460E+03   -0.11500E-01 -0.11500E-01  0.23000E-01  0.00000E+00  0.00000E+00  0.00000E+00   -0.50386E+02 -0.42303E+03  0.47342E+03  0.48207E+02 -0.43624E+01  0.67540E+01      298.00
  0.21213E-01  0.78928E+03   -0.11750E-01 -0.11750E-01  0.23500E-01  0.00000E+00  0.00000E+00  0.00000E+00   -0.50645E+02 -0.42562E+03  0.47627E+03  0.48053E+02 -0.47862E+01  0.67508E+01      298.00
  0.21666E-01  0.79389E+03   -0.12000E-01 -0.12000E-01  0.24000E-01  0.00000E+00  0.00000E+00  0.00000E+00   -0.50903E+02 -0.42817E+03  0.47908E+03  0.47888E+02 -0.52079E+01  0.67481E+01      298.00
  0.22118E-01  0.79841E+03   -0.12250E-01 -0.12250E-01  0.24500E-01  0.00000E+00  0.00000E+00  0.00000E+00   -0.51164E+02 -0.43067E+03  0.48184E+03  0.47716E+02 -0.56655E+01  0.67246E+01      298.00
  0.22571E-01  0.80288E+03   -0.12500E-01 -0.12500E-01  0.25000E-01  0.00000E+00  0.00000E+00  0.00000E+00   -0.51419E+02 -0.43315E+03  0.48456E+03  0.47524E+02 -0.60744E+01  0.67280E+01      298.00
          Evm          Svm            E11          E22          E33          E23          E13          E12         SDEV11       SDEV22       SDEV33       SDEV23       SDEV13       SDEV12      TEMP
  0.22571E-01  0.80292E+03   -0.12500E-01 -0.12500E-01  0.25000E-01  0.00000E+00  0.00000E+00  0.00000E+00   -0.51378E+02 -0.43320E+03  0.48458E+03  0.47468E+02 -0.57247E+01  0.69158E+01      298.00
  0.23024E-01  0.80729E+03   -0.12750E-01 -0.12750E-01  0.25500E-01  0.00000E+00  0.00000E+00  0.00000E+00   -0.51675E+02 -0.43559E+03  0.48726E+03  0.47326E+02 -0.65115E+01  0.67200E+01      298.00
  0.23476E-01  0.81162E+03   -0.13000E-01 -0.13000E-01  0.26000E-01  0.00000E+00  0.00000E+00  0.00000E+00   -0.51930E+02 -0.43798E+03  0.48991E+03  0.47114E+02 -0.69343E+01  0.67147E+01      298.00
  0.23929E-01  0.81592E+03   -0.13250E-01 -0.13250E-01  0.26500E-01  0.00000E+00  0.00000E+00  0.00000E+00   -0.52185E+02 -0.44035E+03  0.49253E+03  0.46895E+02 -0.73776E+01  0.67048E+01      298.00
  0.24382E-01  0.82011E+03   -0.13500E-01 -0.13500E-01  0.27000E-01  0.00000E+00  0.00000E+00  0.00000E+00   -0.52437E+02 -0.44266E+03  0.49510E+03  0.46659E+02 -0.77850E+01  0.67056E+01      298.00
  0.24835E-01  0.82425E+03   -0.13750E-01 -0.13750E-01  0.27500E-01  0.00000E+00  0.00000E+00  0.00000E+00   -0.52693E+02 -0.44494E+03  0.49764E+03  0.46420E+02 -0.82361E+01  0.66869E+01      298.00
  0.25287E-01  0.82832E+03   -0.14000E-01 -0.14000E-01  0.28000E-01  0.00000E+00  0.00000E+00  0.00000E+00   -0.52946E+02 -0.44718E+03  0.50013E+03  0.46164E+02 -0.86541E+01  0.66810E+01      298.00
  0.25740E-01  0.83232E+03   -0.14250E-01 -0.14250E-01  0.28500E-01  0.00000E+00  0.00000E+00  0.00000E+00   -0.53198E+02 -0.44939E+03  0.50259E+03  0.45897E+02 -0.90692E+01  0.66759E+01      298.00
  0.26193E-01  0.83627E+03   -0.14500E-01 -0.14500E-01  0.29000E-01  0.00000E+00  0.00000E+00  0.00000E+00   -0.53449E+02 -0.45156E+03  0.50501E+03  0.45620E+02 -0.94835E+01  0.66704E+01      298.00
  0.26646E-01  0.84027E+03   -0.14750E-01 -0.14750E-01  0.29500E-01  0.00000E+00  0.00000E+00  0.00000E+00   -0.53687E+02 -0.45377E+03  0.50746E+03  0.45333E+02 -0.99003E+01  0.66836E+01      298.00
  0.27099E-01  0.84409E+03   -0.15000E-01 -0.15000E-01  0.30000E-01  0.00000E+00  0.00000E+00  0.00000E+00   -0.53935E+02 -0.45587E+03  0.50981E+03  0.45032E+02 -0.10292E+02  0.66865E+01      298.00
  0.27552E-01  0.84792E+03   -0.15250E-01 -0.15250E-01  0.30500E-01  0.00000E+00  0.00000E+00  0.00000E+00   -0.54191E+02 -0.45798E+03  0.51217E+03  0.44732E+02 -0.10733E+02  0.66785E+01      298.00
  0.28005E-01  0.85156E+03   -0.15500E-01 -0.15500E-01  0.31000E-01  0.00000E+00  0.00000E+00  0.00000E+00   -0.54438E+02 -0.45997E+03  0.51441E+03  0.44412E+02 -0.11130E+02  0.66617E+01      298.00
  0.28458E-01  0.85491E+03   -0.15750E-01 -0.15750E-01  0.31500E-01  0.00000E+00  0.00000E+00  0.00000E+00   -0.54702E+02 -0.46179E+03  0.51649E+03  0.44086E+02 -0.11533E+02  0.66039E+01      298.00
  0.28911E-01  0.85872E+03   -0.16000E-01 -0.16000E-01  0.32000E-01  0.00000E+00  0.00000E+00  0.00000E+00   -0.54952E+02 -0.46389E+03  0.51884E+03  0.43756E+02 -0.11956E+02  0.66370E+01      298.00
  0.29364E-01  0.86235E+03   -0.16250E-01 -0.16250E-01  0.32500E-01  0.00000E+00  0.00000E+00  0.00000E+00   -0.55189E+02 -0.46588E+03  0.52107E+03  0.43414E+02 -0.12378E+02  0.66111E+01      298.00
  0.29817E-01  0.86598E+03   -0.16500E-01 -0.16500E-01  0.33000E-01  0.00000E+00  0.00000E+00  0.00000E+00   -0.55388E+02 -0.46790E+03  0.52329E+03  0.43025E+02 -0.12733E+02  0.65725E+01      298.00
  0.30271E-01  0.86895E+03   -0.16750E-01 -0.16750E-01  0.33500E-01  0.00000E+00  0.00000E+00  0.00000E+00   -0.55703E+02 -0.46946E+03  0.52517E+03  0.42699E+02 -0.13164E+02  0.65792E+01      298.00
  0.30724E-01  0.87231E+03   -0.17000E-01 -0.17000E-01  0.34000E-01  0.00000E+00  0.00000E+00  0.00000E+00   -0.55951E+02 -0.47130E+03  0.52725E+03  0.42329E+02 -0.13558E+02  0.65740E+01      298.00
  0.31177E-01  0.87564E+03   -0.17250E-01 -0.17250E-01  0.34500E-01  0.00000E+00  0.00000E+00  0.00000E+00   -0.56195E+02 -0.47311E+03  0.52931E+03  0.41950E+02 -0.13957E+02  0.65685E+01      298.00
  0.31631E-01  0.87891E+03   -0.17500E-01 -0.17500E-01  0.35000E-01  0.00000E+00  0.00000E+00  0.00000E+00   -0.56439E+02 -0.47490E+03  0.53134E+03  0.41561E+02 -0.14341E+02  0.65688E+01      298.00
  0.32084E-01  0.88214E+03   -0.17750E-01 -0.17750E-01  0.35500E-01  0.00000E+00  0.00000E+00  0.00000E+00   -0.56682E+02 -0.47666E+03  0.53334E+03  0.41165E+02 -0.14724E+02  0.65691E+01      298.00
  0.32537E-01  0.88531E+03   -0.18000E-01 -0.18000E-01  0.36000E-01  0.00000E+00  0.00000E+00  0.00000E+00   -0.56924E+02 -0.47839E+03  0.53531E+03  0.40760E+02 -0.15107E+02  0.65682E+01      298.00
  0.32991E-01  0.88844E+03   -0.18250E-01 -0.18250E-01  0.36500E-01  0.00000E+00  0.00000E+00  0.00000E+00   -0.57167E+02 -0.48009E+03  0.53725E+03  0.40349E+02 -0.15493E+02  0.65653E+01      298.00
  0.33444E-01  0.89152E+03   -0.18500E-01 -0.18500E-01  0.37000E-01  0.00000E+00  0.00000E+00  0.00000E+00   -0.57410E+02 -0.48176E+03  0.53917E+03  0.39931E+02 -0.15883E+02  0.65598E+01      298.00
  0.33898E-01  0.89455E+03   -0.18750E-01 -0.18750E-01  0.37500E-01  0.00000E+00  0.00000E+00  0.00000E+00   -0.57653E+02 -0.48340E+03  0.54106E+03  0.39506E+02 -0.16277E+02  0.65517E+01      298.00
  0.34352E-01  0.89744E+03   -0.19000E-01 -0.19000E-01  0.38000E-01  0.00000E+00  0.00000E+00  0.00000E+00   -0.57904E+02 -0.48496E+03  0.54286E+03  0.39083E+02 -0.16696E+02  0.65146E+01      298.00
  0.34805E-01  0.90038E+03   -0.19250E-01 -0.19250E-01  0.38500E-01  0.00000E+00  0.00000E+00  0.00000E+00   -0.58145E+02 -0.48655E+03  0.54469E+03  0.38643E+02 -0.17084E+02  0.65061E+01      298.00
  0.35259E-01  0.90328E+03   -0.19500E-01 -0.19500E-01  0.39000E-01  0.00000E+00  0.00000E+00  0.00000E+00   -0.58385E+02 -0.48812E+03  0.54650E+03  0.38194E+02 -0.17458E+02  0.65044E+01      298.00
  0.35713E-01  0.90613E+03   -0.19750E-01 -0.19750E-01  0.39500E-01  0.00000E+00  0.00000E+00  0.00000E+00   -0.58624E+02 -0.48966E+03  0.54828E+03  0.37738E+02 -0.17829E+02  0.65037E+01      298.00
  0.36167E-01  0.90894E+03   -0.20000E-01 -0.20000E-01  0.40000E-01  0.00000E+00  0.00000E+00  0.00000E+00   -0.58863E+02 -0.49117E+03  0.55003E+03  0.37275E+02 -0.18198E+02  0.65031E+01      298.00
  0.36620E-01  0.91183E+03   -0.20250E-01 -0.20250E-01  0.40500E-01  0.00000E+00  0.00000E+00  0.00000E+00   -0.59092E+02 -0.49274E+03  0.55183E+03  0.36808E+02 -0.18631E+02  0.64804E+01      298.00
  0.37074E-01  0.91455E+03   -0.20500E-01 -0.20500E-01  0.41000E-01  0.00000E+00  0.00000E+00  0.00000E+00   -0.59330E+02 -0.49420E+03  0.55353E+03  0.36332E+02 -0.19000E+02  0.64777E+01      298.00
  0.37528E-01  0.91723E+03   -0.20750E-01 -0.20750E-01  0.41500E-01  0.00000E+00  0.00000E+00  0.00000E+00   -0.59568E+02 -0.49564E+03  0.55521E+03  0.35849E+02 -0.19362E+02  0.64779E+01      298.00
  0.37982E-01  0.91987E+03   -0.21000E-01 -0.21000E-01  0.42000E-01  0.00000E+00  0.00000E+00  0.00000E+00   -0.59804E+02 -0.49706E+03  0.55686E+03  0.35359E+02 -0.19720E+02  0.64786E+01      298.00
  0.38436E-01  0.92246E+03   -0.21250E-01 -0.21250E-01  0.42500E-01  0.00000E+00  0.00000E+00  0.00000E+00   -0.60040E+02 -0.49845E+03  0.55849E+03  0.34863E+02 -0.20077E+02  0.64793E+01      298.00
  0.38890E-01  0.92502E+03   -0.21500E-01 -0.21500E-01  0.43000E-01  0.00000E+00  0.00000E+00  0.00000E+00   -0.60276E+02 -0.49982E+03  0.56010E+03  0.34360E+02 -0.20432E+02  0.64801E+01      298.00
  0.39345E-01  0.92777E+03   -0.21750E-01 -0.21750E-01  0.43500E-01  0.00000E+00  0.00000E+00  0.00000E+00   -0.60497E+02 -0.50131E+03  0.56181E+03  0.33847E+02 -0.20867E+02  0.64749E+01      298.00
  0.39799E-01  0.93025E+03   -0.22000E-01 -0.22000E-01  0.44000E-01  0.00000E+00  0.00000E+00  0.00000E+00   -0.60733E+02 -0.50263E+03  0.56336E+03  0.33333E+02 -0.21220E+02  0.64747E+01      298.00
  0.40253E-01  0.93268E+03   -0.22250E-01 -0.22250E-01  0.44500E-01  0.00000E+00  0.00000E+00  0.00000E+00   -0.60967E+02 -0.50393E+03  0.56489E+03  0.32812E+02 -0.21565E+02  0.64777E+01      298.00
  0.40707E-01  0.93508E+03   -0.22500E-01 -0.22500E-01  0.45000E-01  0.00000E+00  0.00000E+00  0.00000E+00   -0.61200E+02 -0.50520E+03  0.56640E+03  0.32285E+02 -0.21907E+02  0.64812E+01      298.00
  0.41161E-01  0.93745E+03   -0.22750E-01 -0.22750E-01  0.45500E-01  0.00000E+00  0.00000E+00  0.00000E+00   -0.61433E+02 -0.50646E+03  0.56789E+03  0.31753E+02 -0.22247E+02  0.64847E+01      298.00
  0.41616E-01  0.93989E+03   -0.23000E-01 -0.23000E-01  0.46000E-01  0.00000E+00  0.00000E+00  0.00000E+00   -0.61665E+02 -0.50776E+03  0.56943E+03  0.31217E+02 -0.22667E+02  0.64790E+01      298.00
  0.42070E-01  0.94219E+03   -0.23250E-01 -0.23250E-01  0.46500E-01  0.00000E+00  0.00000E+00  0.00000E+00   -0.61897E+02 -0.50898E+03  0.57087E+03  0.30673E+02 -0.23004E+02  0.64827E+01      298.00
  0.42525E-01  0.94444E+03   -0.23500E-01 -0.23500E-01  0.47000E-01  0.00000E+00  0.00000E+00  0.00000E+00   -0.62128E+02 -0.51017E+03  0.57230E+03  0.30124E+02 -0.23332E+02  0.64900E+01      298.00
  0.42979E-01  0.94653E+03   -0.23750E-01 -0.23750E-01  0.47500E-01  0.00000E+00  0.00000E+00  0.00000E+00   -0.62383E+02 -0.51125E+03  0.57363E+03  0.29591E+02 -0.23722E+02  0.64616E+01      298.00
  0.43434E-01  0.94872E+03   -0.24000E-01 -0.24000E-01  0.48000E-01  0.00000E+00  0.00000E+00  0.00000E+00   -0.62612E+02 -0.51241E+03  0.57502E+03  0.29031E+02 -0.24048E+02  0.64675E+01      298.00
  0.43888E-01  0.95088E+03   -0.24250E-01 -0.24250E-01  0.48500E-01  0.00000E+00  0.00000E+00  0.00000E+00   -0.62841E+02 -0.51354E+03  0.57638E+03  0.28466E+02 -0.24362E+02  0.64785E+01      298.00
  0.44343E-01  0.95269E+03   -0.24500E-01 -0.24500E-01  0.49000E-01  0.00000E+00  0.00000E+00  0.00000E+00   -0.63106E+02 -0.51445E+03  0.57756E+03  0.27932E+02 -0.24713E+02  0.64239E+01      298.00
  0.44797E-01  0.95478E+03   -0.24750E-01 -0.24750E-01  0.49500E-01  0.00000E+00  0.00000E+00  0.00000E+00   -0.63337E+02 -0.51555E+03  0.57888E+03  0.27362E+02 -0.25054E+02  0.64186E+01      298.00
  0.45252E-01  0.95684E+03   -0.25000E-01 -0.25000E-01  0.50000E-01  0.00000E+00  0.00000E+00  0.00000E+00   -0.63567E+02 -0.51662E+03  0.58019E+03  0.26786E+02 -0.25391E+02  0.64152E+01      298.00
          Evm          Svm            E11          E22          E33          E23          E13          E12         SDEV11       SDEV22       SDEV33       SDEV23       SDEV13       SDEV12      TEMP
  0.45252E-01  0.95701E+03   -0.25000E-01 -0.25000E-01  0.50000E-01  0.00000E+00  0.00000E+00  0.00000E+00   -0.63500E+02 -0.51678E+03  0.58028E+03  0.26705E+02 -0.24957E+02  0.66349E+01      298.00
  0.45707E-01  0.95888E+03   -0.25250E-01 -0.25250E-01  0.50500E-01  0.00000E+00  0.00000E+00  0.00000E+00   -0.63791E+02 -0.51769E+03  0.58148E+03  0.26199E+02 -0.25678E+02  0.64371E+01      298.00
  0.46162E-01  0.96087E+03   -0.25500E-01 -0.25500E-01  0.51000E-01  0.00000E+00  0.00000E+00  0.00000E+00   -0.64025E+02 -0.51872E+03  0.58274E+03  0.25620E+02 -0.26052E+02  0.64120E+01      298.00
  0.46617E-01  0.96283E+03   -0.25750E-01 -0.25750E-01  0.51500E-01  0.00000E+00  0.00000E+00  0.00000E+00   -0.64254E+02 -0.51974E+03  0.58399E+03  0.25032E+02 -0.26390E+02  0.64049E+01      298.00
  0.47072E-01  0.96477E+03   -0.26000E-01 -0.26000E-01  0.52000E-01  0.00000E+00  0.00000E+00  0.00000E+00   -0.64482E+02 -0.52074E+03  0.58522E+03  0.24440E+02 -0.26725E+02  0.63988E+01      298.00
  0.47526E-01  0.96668E+03   -0.26250E-01 -0.26250E-01  0.52500E-01  0.00000E+00  0.00000E+00  0.00000E+00   -0.64710E+02 -0.52173E+03  0.58644E+03  0.23843E+02 -0.27060E+02  0.63919E+01      298.00
  0.47981E-01  0.96882E+03   -0.26500E-01 -0.26500E-01  0.53000E-01  0.00000E+00  0.00000E+00  0.00000E+00   -0.64900E+02 -0.52287E+03  0.58777E+03  0.23201E+02 -0.27339E+02  0.64526E+01      298.00
  0.48436E-01  0.97040E+03   -0.26750E-01 -0.26750E-01  0.53500E-01  0.00000E+00  0.00000E+00  0.00000E+00   -0.65161E+02 -0.52365E+03  0.58881E+03  0.22631E+02 -0.27679E+02  0.64004E+01      298.00
  0.48892E-01  0.97223E+03   -0.27000E-01 -0.27000E-01  0.54000E-01  0.00000E+00  0.00000E+00  0.00000E+00   -0.65391E+02 -0.52458E+03  0.58997E+03  0.22026E+02 -0.28033E+02  0.63821E+01      298.00
  0.49347E-01  0.97402E+03   -0.27250E-01 -0.27250E-01  0.54500E-01  0.00000E+00  0.00000E+00  0.00000E+00   -0.65616E+02 -0.52550E+03  0.59112E+03  0.21410E+02 -0.28337E+02  0.63924E+01      298.00
  0.49802E-01  0.97602E+03   -0.27500E-01 -0.27500E-01  0.55000E-01  0.00000E+00  0.00000E+00  0.00000E+00   -0.65812E+02 -0.52656E+03  0.59237E+03  0.20760E+02 -0.28644E+02  0.64473E+01      298.00
  0.50257E-01  0.97748E+03   -0.27750E-01 -0.27750E-01  0.55500E-01  0.00000E+00  0.00000E+00  0.00000E+00   -0.66049E+02 -0.52727E+03  0.59332E+03  0.20164E+02 -0.28870E+02  0.63875E+01      298.00
  0.50712E-01  0.97911E+03   -0.28000E-01 -0.28000E-01  0.56000E-01  0.00000E+00  0.00000E+00  0.00000E+00   -0.66304E+02 -0.52808E+03  0.59438E+03  0.19567E+02 -0.29253E+02  0.63556E+01      298.00
  0.51168E-01  0.98078E+03   -0.28250E-01 -0.28250E-01  0.56500E-01  0.00000E+00  0.00000E+00  0.00000E+00   -0.66529E+02 -0.52892E+03  0.59545E+03  0.18938E+02 -0.29560E+02  0.63563E+01      298.00
  0.51623E-01  0.98244E+03   -0.28500E-01 -0.28500E-01  0.57000E-01  0.00000E+00  0.00000E+00  0.00000E+00   -0.66752E+02 -0.52976E+03  0.59651E+03  0.18305E+02 -0.29869E+02  0.63533E+01      298.00
  0.52078E-01  0.98408E+03   -0.28750E-01 -0.28750E-01  0.57500E-01  0.00000E+00  0.00000E+00  0.00000E+00   -0.66974E+02 -0.53059E+03  0.59756E+03  0.17668E+02 -0.30172E+02  0.63520E+01      298.00
  0.52534E-01  0.98569E+03   -0.29000E-01 -0.29000E-01  0.58000E-01  0.00000E+00  0.00000E+00  0.00000E+00   -0.67196E+02 -0.53140E+03  0.59859E+03  0.17028E+02 -0.30471E+02  0.63521E+01      298.00
  0.52989E-01  0.98728E+03   -0.29250E-01 -0.29250E-01  0.58500E-01  0.00000E+00  0.00000E+00  0.00000E+00   -0.67417E+02 -0.53219E+03  0.59961E+03  0.16384E+02 -0.30766E+02  0.63532E+01      298.00
  0.53445E-01  0.98884E+03   -0.29500E-01 -0.29500E-01  0.59000E-01  0.00000E+00  0.00000E+00  0.00000E+00   -0.67638E+02 -0.53297E+03  0.60061E+03  0.15736E+02 -0.31059E+02  0.63548E+01      298.00
  0.53900E-01  0.99038E+03   -0.29750E-01 -0.29750E-01  0.59500E-01  0.00000E+00  0.00000E+00  0.00000E+00   -0.67858E+02 -0.53374E+03  0.60160E+03  0.15086E+02 -0.31348E+02  0.63567E+01      298.00
  0.54356E-01  0.99189E+03   -0.30000E-01 -0.30000E-01  0.60000E-01  0.00000E+00  0.00000E+00  0.00000E+00   -0.68078E+02 -0.53449E+03  0.60257E+03  0.14432E+02 -0.31636E+02  0.63587E+01      298.00
  0.54811E-01  0.99339E+03   -0.30250E-01 -0.30250E-01  0.60500E-01  0.00000E+00  0.00000E+00  0.00000E+00   -0.68298E+02 -0.53523E+03  0.60353E+03  0.13776E+02 -0.31922E+02  0.63609E+01      298.00
  0.55267E-01  0.99496E+03   -0.30500E-01 -0.30500E-01  0.61000E-01  0.00000E+00  0.00000E+00  0.00000E+00   -0.68500E+02 -0.53602E+03  0.60452E+03  0.13106E+02 -0.32282E+02  0.62995E+01      298.00
  0.55723E-01  0.99631E+03   -0.30750E-01 -0.30750E-01  0.61500E-01  0.00000E+00  0.00000E+00  0.00000E+00   -0.68735E+02 -0.53667E+03  0.60541E+03  0.12453E+02 -0.32509E+02  0.63556E+01      298.00
  0.56178E-01  0.99783E+03   -0.31000E-01 -0.31000E-01  0.62000E-01  0.00000E+00  0.00000E+00  0.00000E+00   -0.68938E+02 -0.53743E+03  0.60636E+03  0.11778E+02 -0.32857E+02  0.62972E+01      298.00
  0.56634E-01  0.99924E+03   -0.31250E-01 -0.31250E-01  0.62500E-01  0.00000E+00  0.00000E+00  0.00000E+00   -0.69157E+02 -0.53811E+03  0.60727E+03  0.11111E+02 -0.33153E+02  0.62913E+01      298.00
  0.57090E-01  0.10006E+04   -0.31500E-01 -0.31500E-01  0.63000E-01  0.00000E+00  0.00000E+00  0.00000E+00   -0.69375E+02 -0.53878E+03  0.60816E+03  0.10440E+02 -0.33437E+02  0.62895E+01      298.00
  0.57546E-01  0.10020E+04   -0.31750E-01 -0.31750E-01  0.63500E-01  0.00000E+00  0.00000E+00  0.00000E+00   -0.69592E+02 -0.53944E+03  0.60903E+03  0.97663E+01 -0.33716E+02  0.62893E+01      298.00
  0.58002E-01  0.10033E+04   -0.32000E-01 -0.32000E-01  0.64000E-01  0.00000E+00  0.00000E+00  0.00000E+00   -0.69809E+02 -0.54009E+03  0.60990E+03  0.90897E+01 -0.33991E+02  0.62901E+01      298.00
  0.58458E-01  0.10046E+04   -0.32250E-01 -0.32250E-01  0.64500E-01  0.00000E+00  0.00000E+00  0.00000E+00   -0.70026E+02 -0.54072E+03  0.61075E+03  0.84105E+01 -0.34263E+02  0.62915E+01      298.00
  0.58914E-01  0.10059E+04   -0.32500E-01 -0.32500E-01  0.65000E-01  0.00000E+00  0.00000E+00  0.00000E+00   -0.70242E+02 -0.54134E+03  0.61158E+03  0.77286E+01 -0.34534E+02  0.62934E+01      298.00
  0.59370E-01  0.10072E+04   -0.32750E-01 -0.32750E-01  0.65500E-01  0.00000E+00  0.00000E+00  0.00000E+00   -0.70458E+02 -0.54195E+03  0.61241E+03  0.70442E+01 -0.34801E+02  0.62956E+01      298.00
  0.59826E-01  0.10085E+04   -0.33000E-01 -0.33000E-01  0.66000E-01  0.00000E+00  0.00000E+00  0.00000E+00   -0.70673E+02 -0.54255E+03  0.61322E+03  0.63574E+01 -0.35067E+02  0.62979E+01      298.00
  0.60282E-01  0.10097E+04   -0.33250E-01 -0.33250E-01  0.66500E-01  0.00000E+00  0.00000E+00  0.00000E+00   -0.70888E+02 -0.54313E+03  0.61402E+03  0.56681E+01 -0.35331E+02  0.63003E+01      298.00
  0.60738E-01  0.10109E+04   -0.33500E-01 -0.33500E-01  0.67000E-01  0.00000E+00  0.00000E+00  0.00000E+00   -0.71102E+02 -0.54371E+03  0.61481E+03  0.49766E+01 -0.35594E+02  0.63028E+01      298.00
  0.61194E-01  0.10121E+04   -0.33750E-01 -0.33750E-01  0.67500E-01  0.00000E+00  0.00000E+00  0.00000E+00   -0.71317E+02 -0.54427E+03  0.61559E+03  0.42828E+01 -0.35855E+02  0.63052E+01      298.00
  0.61650E-01  0.10133E+04   -0.34000E-01 -0.34000E-01  0.68000E-01  0.00000E+00  0.00000E+00  0.00000E+00   -0.71531E+02 -0.54482E+03  0.61635E+03  0.35867E+01 -0.36114E+02  0.63075E+01      298.00
  0.62106E-01  0.10147E+04   -0.34250E-01 -0.34250E-01  0.68500E-01  0.00000E+00  0.00000E+00  0.00000E+00   -0.71709E+02 -0.54551E+03  0.61722E+03  0.28448E+01 -0.36478E+02  0.62690E+01      298.00
  0.62562E-01  0.10159E+04   -0.34500E-01 -0.34500E-01  0.69000E-01  0.00000E+00  0.00000E+00  0.00000E+00   -0.71923E+02 -0.54603E+03  0.61796E+03  0.21457E+01 -0.36744E+02  0.62656E+01      298.00
  0.63019E-01  0.10170E+04   -0.34750E-01 -0.34750E-01  0.69500E-01  0.00000E+00  0.00000E+00  0.00000E+00   -0.72136E+02 -0.54655E+03  0.61869E+03  0.14429E+01 -0.36997E+02  0.62692E+01      298.00
  0.63475E-01  0.10181E+04   -0.35000E-01 -0.35000E-01  0.70000E-01  0.00000E+00  0.00000E+00  0.00000E+00   -0.72348E+02 -0.54706E+03  0.61941E+03  0.73785E+00 -0.37247E+02  0.62735E+01      298.00
  0.63931E-01  0.10192E+04   -0.35250E-01 -0.35250E-01  0.70500E-01  0.00000E+00  0.00000E+00  0.00000E+00   -0.72560E+02 -0.54755E+03  0.62011E+03  0.30784E-01 -0.37495E+02  0.62779E+01      298.00
  0.64388E-01  0.10203E+04   -0.35500E-01 -0.35500E-01  0.71000E-01  0.00000E+00  0.00000E+00  0.00000E+00   -0.72772E+02 -0.54804E+03  0.62081E+03 -0.67823E+00 -0.37741E+02  0.62823E+01      298.00
  0.64844E-01  0.10213E+04   -0.35750E-01 -0.35750E-01  0.71500E-01  0.00000E+00  0.00000E+00  0.00000E+00   -0.72983E+02 -0.54852E+03  0.62150E+03 -0.13891E+01 -0.37986E+02  0.62867E+01      298.00
  0.65300E-01  0.10224E+04   -0.36000E-01 -0.36000E-01  0.72000E-01  0.00000E+00  0.00000E+00  0.00000E+00   -0.73194E+02 -0.54898E+03  0.62218E+03 -0.21018E+01 -0.38229E+02  0.62910E+01      298.00
  0.65757E-01  0.10234E+04   -0.36250E-01 -0.36250E-01  0.72500E-01  0.00000E+00  0.00000E+00  0.00000E+00   -0.73404E+02 -0.54944E+03  0.62284E+03 -0.28164E+01 -0.38471E+02  0.62952E+01      298.00
  0.66213E-01  0.10244E+04   -0.36500E-01 -0.36500E-01  0.73000E-01  0.00000E+00  0.00000E+00  0.00000E+00   -0.73615E+02 -0.54988E+03  0.62350E+03 -0.35326E+01 -0.38712E+02  0.62992E+01      298.00
  0.66670E-01  0.10256E+04   -0.36750E-01 -0.36750E-01  0.73500E-01  0.00000E+00  0.00000E+00  0.00000E+00   -0.73809E+02 -0.55041E+03  0.62421E+03 -0.42781E+01 -0.39078E+02  0.62794E+01      298.00
  0.67126E-01  0.10266E+04   -0.37000E-01 -0.37000E-01  0.74000E-01  0.00000E+00  0.00000E+00  0.00000E+00   -0.74018E+02 -0.55084E+03  0.62485E+03 -0.49983E+01 -0.39326E+02  0.62778E+01      298.00
  0.67583E-01  0.10275E+04   -0.37250E-01 -0.37250E-01  0.74500E-01  0.00000E+00  0.00000E+00  0.00000E+00   -0.74227E+02 -0.55125E+03  0.62548E+03 -0.57202E+01 -0.39560E+02  0.62829E+01      298.00
  0.68039E-01  0.10285E+04   -0.37500E-01 -0.37500E-01  0.75000E-01  0.00000E+00  0.00000E+00  0.00000E+00   -0.74436E+02 -0.55166E+03  0.62610E+03 -0.64439E+01 -0.39790E+02  0.62889E+01      298.00
          Evm          Svm            E11          E22          E33          E23          E13          E12         SDEV11       SDEV22       SDEV33       SDEV23       SDEV13       SDEV12      TEMP
  0.68039E-01  0.10282E+04   -0.37500E-01 -0.37500E-01  0.75000E-01  0.00000E+00  0.00000E+00  0.00000E+00   -0.74453E+02 -0.55152E+03  0.62598E+03 -0.64293E+01 -0.39299E+02  0.65235E+01      298.00
  0.68496E-01  0.10294E+04   -0.37750E-01 -0.37750E-01  0.75500E-01  0.00000E+00  0.00000E+00  0.00000E+00   -0.74640E+02 -0.55207E+03  0.62671E+03 -0.71763E+01 -0.39976E+02  0.63197E+01      298.00
  0.68952E-01  0.10304E+04   -0.38000E-01 -0.38000E-01  0.76000E-01  0.00000E+00  0.00000E+00  0.00000E+00   -0.74853E+02 -0.55245E+03  0.62730E+03 -0.78951E+01 -0.40252E+02  0.62974E+01      298.00
  0.69409E-01  0.10313E+04   -0.38250E-01 -0.38250E-01  0.76500E-01  0.00000E+00  0.00000E+00  0.00000E+00   -0.75061E+02 -0.55283E+03  0.62789E+03 -0.86229E+01 -0.40485E+02  0.63003E+01      298.00
  0.69866E-01  0.10322E+04   -0.38500E-01 -0.38500E-01  0.77000E-01  0.00000E+00  0.00000E+00  0.00000E+00   -0.75269E+02 -0.55320E+03  0.62847E+03 -0.93526E+01 -0.40710E+02  0.63057E+01      298.00
  0.70322E-01  0.10330E+04   -0.38750E-01 -0.38750E-01  0.77500E-01  0.00000E+00  0.00000E+00  0.00000E+00   -0.75513E+02 -0.55349E+03  0.62900E+03 -0.10042E+02 -0.41066E+02  0.62852E+01      298.00
  0.70779E-01  0.10339E+04   -0.39000E-01 -0.39000E-01  0.78000E-01  0.00000E+00  0.00000E+00  0.00000E+00   -0.75719E+02 -0.55385E+03  0.62957E+03 -0.10775E+02 -0.41306E+02  0.62846E+01      298.00
  0.71236E-01  0.10347E+04   -0.39250E-01 -0.39250E-01  0.78500E-01  0.00000E+00  0.00000E+00  0.00000E+00   -0.75926E+02 -0.55420E+03  0.63013E+03 -0.11509E+02 -0.41527E+02  0.62893E+01      298.00
  0.71692E-01  0.10356E+04   -0.39500E-01 -0.39500E-01  0.79000E-01  0.00000E+00  0.00000E+00  0.00000E+00   -0.76132E+02 -0.55454E+03  0.63067E+03 -0.12245E+02 -0.41745E+02  0.62950E+01      298.00
  0.72149E-01  0.10364E+04   -0.39750E-01 -0.39750E-01  0.79500E-01  0.00000E+00  0.00000E+00  0.00000E+00   -0.76338E+02 -0.55487E+03  0.63121E+03 -0.12981E+02 -0.41961E+02  0.63010E+01      298.00
  0.72606E-01  0.10372E+04   -0.40000E-01 -0.40000E-01  0.80000E-01  0.00000E+00  0.00000E+00  0.00000E+00   -0.76543E+02 -0.55519E+03  0.63174E+03 -0.13719E+02 -0.42175E+02  0.63072E+01      298.00
  0.73063E-01  0.10380E+04   -0.40250E-01 -0.40250E-01  0.80500E-01  0.00000E+00  0.00000E+00  0.00000E+00   -0.76749E+02 -0.55551E+03  0.63226E+03 -0.14459E+02 -0.42387E+02  0.63135E+01      298.00
  0.73520E-01  0.10386E+04   -0.40500E-01 -0.40500E-01  0.81000E-01  0.00000E+00  0.00000E+00  0.00000E+00   -0.77038E+02 -0.55561E+03  0.63265E+03 -0.15085E+02 -0.42720E+02  0.62802E+01      298.00
  0.73976E-01  0.10396E+04   -0.40750E-01 -0.40750E-01  0.81500E-01  0.00000E+00  0.00000E+00  0.00000E+00   -0.77159E+02 -0.55612E+03  0.63328E+03 -0.15940E+02 -0.42841E+02  0.63118E+01      298.00
  0.74433E-01  0.10401E+04   -0.41000E-01 -0.41000E-01  0.82000E-01  0.00000E+00  0.00000E+00  0.00000E+00   -0.77448E+02 -0.55620E+03  0.63365E+03 -0.16567E+02 -0.43152E+02  0.62871E+01      298.00
  0.74890E-01  0.10409E+04   -0.41250E-01 -0.41250E-01  0.82500E-01  0.00000E+00  0.00000E+00  0.00000E+00   -0.77655E+02 -0.55648E+03  0.63414E+03 -0.17306E+02 -0.43393E+02  0.62748E+01      298.00
  0.75347E-01  0.10416E+04   -0.41500E-01 -0.41500E-01  0.83000E-01  0.00000E+00  0.00000E+00  0.00000E+00   -0.77861E+02 -0.55676E+03  0.63462E+03 -0.18048E+02 -0.43624E+02  0.62688E+01      298.00
  0.75804E-01  0.10424E+04   -0.41750E-01 -0.41750E-01  0.83500E-01  0.00000E+00  0.00000E+00  0.00000E+00   -0.78066E+02 -0.55703E+03  0.63510E+03 -0.18791E+02 -0.43852E+02  0.62632E+01      298.00
  0.76261E-01  0.10431E+04   -0.42000E-01 -0.42000E-01  0.84000E-01  0.00000E+00  0.00000E+00  0.00000E+00   -0.78271E+02 -0.55729E+03  0.63557E+03 -0.19535E+02 -0.44080E+02  0.62572E+01      298.00
  0.76718E-01  0.10438E+04   -0.42250E-01 -0.42250E-01  0.84500E-01  0.00000E+00  0.00000E+00  0.00000E+00   -0.78476E+02 -0.55755E+03  0.63603E+03 -0.20280E+02 -0.44308E+02  0.62507E+01      298.00
  0.77175E-01  0.10445E+04   -0.42500E-01 -0.42500E-01  0.85000E-01  0.00000E+00  0.00000E+00  0.00000E+00   -0.78681E+02 -0.55780E+03  0.63648E+03 -0.21026E+02 -0.44535E+02  0.62435E+01      298.00
  0.77632E-01  0.10452E+04   -0.42750E-01 -0.42750E-01  0.85500E-01  0.00000E+00  0.00000E+00  0.00000E+00   -0.78885E+02 -0.55804E+03  0.63692E+03 -0.21773E+02 -0.44763E+02  0.62356E+01      298.00
  0.78089E-01  0.10459E+04   -0.43000E-01 -0.43000E-01  0.86000E-01  0.00000E+00  0.00000E+00  0.00000E+00   -0.79089E+02 -0.55827E+03  0.63736E+03 -0.22520E+02 -0.44991E+02  0.62271E+01      298.00
  0.78546E-01  0.10466E+04   -0.43250E-01 -0.43250E-01  0.86500E-01  0.00000E+00  0.00000E+00  0.00000E+00   -0.79294E+02 -0.55850E+03  0.63780E+03 -0.23268E+02 -0.45220E+02  0.62178E+01      298.00
  0.79003E-01  0.10473E+04   -0.43500E-01 -0.43500E-01  0.87000E-01  0.00000E+00  0.00000E+00  0.00000E+00   -0.79498E+02 -0.55872E+03  0.63822E+03 -0.24017E+02 -0.45449E+02  0.62077E+01      298.00
  0.79460E-01  0.10482E+04   -0.43750E-01 -0.43750E-01  0.87500E-01  0.00000E+00  0.00000E+00  0.00000E+00   -0.79617E+02 -0.55912E+03  0.63874E+03 -0.24886E+02 -0.45544E+02  0.62478E+01      298.00
  0.79917E-01  0.10486E+04   -0.44000E-01 -0.44000E-01  0.88000E-01  0.00000E+00  0.00000E+00  0.00000E+00   -0.79900E+02 -0.55915E+03  0.63905E+03 -0.25524E+02 -0.45848E+02  0.62168E+01      298.00
  0.80374E-01  0.10492E+04   -0.44250E-01 -0.44250E-01  0.88500E-01  0.00000E+00  0.00000E+00  0.00000E+00   -0.80106E+02 -0.55935E+03  0.63945E+03 -0.26273E+02 -0.46090E+02  0.61969E+01      298.00
  0.80831E-01  0.10501E+04   -0.44500E-01 -0.44500E-01  0.89000E-01  0.00000E+00  0.00000E+00  0.00000E+00   -0.80226E+02 -0.55973E+03  0.63995E+03 -0.27142E+02 -0.46191E+02  0.62323E+01      298.00
  0.81288E-01  0.10505E+04   -0.44750E-01 -0.44750E-01  0.89500E-01  0.00000E+00  0.00000E+00  0.00000E+00   -0.80508E+02 -0.55974E+03  0.64025E+03 -0.27784E+02 -0.46490E+02  0.62025E+01      298.00
  0.81746E-01  0.10511E+04   -0.45000E-01 -0.45000E-01  0.90000E-01  0.00000E+00  0.00000E+00  0.00000E+00   -0.80713E+02 -0.55992E+03  0.64063E+03 -0.28534E+02 -0.46738E+02  0.61782E+01      298.00
  0.82203E-01  0.10519E+04   -0.45250E-01 -0.45250E-01  0.90500E-01  0.00000E+00  0.00000E+00  0.00000E+00   -0.80834E+02 -0.56027E+03  0.64110E+03 -0.29404E+02 -0.46843E+02  0.62095E+01      298.00
  0.82660E-01  0.10523E+04   -0.45500E-01 -0.45500E-01  0.91000E-01  0.00000E+00  0.00000E+00  0.00000E+00   -0.81114E+02 -0.56027E+03  0.64138E+03 -0.30049E+02 -0.47137E+02  0.61803E+01      298.00
  0.83117E-01  0.10529E+04   -0.45750E-01 -0.45750E-01  0.91500E-01  0.00000E+00  0.00000E+00  0.00000E+00   -0.81320E+02 -0.56043E+03  0.64175E+03 -0.30799E+02 -0.47400E+02  0.61473E+01      298.00
  0.83574E-01  0.10536E+04   -0.46000E-01 -0.46000E-01  0.92000E-01  0.00000E+00  0.00000E+00  0.00000E+00   -0.81442E+02 -0.56076E+03  0.64220E+03 -0.31668E+02 -0.47514E+02  0.61718E+01      298.00
  0.84031E-01  0.10540E+04   -0.46250E-01 -0.46250E-01  0.92500E-01  0.00000E+00  0.00000E+00  0.00000E+00   -0.81721E+02 -0.56075E+03  0.64247E+03 -0.32315E+02 -0.47812E+02  0.61399E+01      298.00
  0.84488E-01  0.10548E+04   -0.46500E-01 -0.46500E-01  0.93000E-01  0.00000E+00  0.00000E+00  0.00000E+00   -0.81847E+02 -0.56105E+03  0.64290E+03 -0.33179E+02 -0.47959E+02  0.61446E+01      298.00
  0.84946E-01  0.10551E+04   -0.46750E-01 -0.46750E-01  0.93500E-01  0.00000E+00  0.00000E+00  0.00000E+00   -0.82122E+02 -0.56104E+03  0.64316E+03 -0.33832E+02 -0.48231E+02  0.61259E+01      298.00
  0.85403E-01  0.10556E+04   -0.47000E-01 -0.47000E-01  0.94000E-01  0.00000E+00  0.00000E+00  0.00000E+00   -0.82321E+02 -0.56117E+03  0.64349E+03 -0.34595E+02 -0.48388E+02  0.61570E+01      298.00
  0.85860E-01  0.10562E+04   -0.47250E-01 -0.47250E-01  0.94500E-01  0.00000E+00  0.00000E+00  0.00000E+00   -0.82520E+02 -0.56130E+03  0.64382E+03 -0.35357E+02 -0.48581E+02  0.61577E+01      298.00
  0.86317E-01  0.10567E+04   -0.47500E-01 -0.47500E-01  0.95000E-01  0.00000E+00  0.00000E+00  0.00000E+00   -0.82720E+02 -0.56143E+03  0.64415E+03 -0.36118E+02 -0.48782E+02  0.61527E+01      298.00
  0.86774E-01  0.10572E+04   -0.47750E-01 -0.47750E-01  0.95500E-01  0.00000E+00  0.00000E+00  0.00000E+00   -0.82920E+02 -0.56155E+03  0.64447E+03 -0.36879E+02 -0.48983E+02  0.61468E+01      298.00
  0.87231E-01  0.10577E+04   -0.48000E-01 -0.48000E-01  0.96000E-01  0.00000E+00  0.00000E+00  0.00000E+00   -0.83119E+02 -0.56167E+03  0.64479E+03 -0.37641E+02 -0.49183E+02  0.61406E+01      298.00
  0.87689E-01  0.10582E+04   -0.48250E-01 -0.48250E-01  0.96500E-01  0.00000E+00  0.00000E+00  0.00000E+00   -0.83318E+02 -0.56178E+03  0.64510E+03 -0.38403E+02 -0.49382E+02  0.61342E+01      298.00
  0.88146E-01  0.10587E+04   -0.48500E-01 -0.48500E-01  0.97000E-01  0.00000E+00  0.00000E+00  0.00000E+00   -0.83518E+02 -0.56188E+03  0.64540E+03 -0.39165E+02 -0.49581E+02  0.61277E+01      298.00
  0.88603E-01  0.10592E+04   -0.48750E-01 -0.48750E-01  0.97500E-01  0.00000E+00  0.00000E+00  0.00000E+00   -0.83717E+02 -0.56198E+03  0.64570E+03 -0.39928E+02 -0.49779E+02  0.61211E+01      298.00
  0.89060E-01  0.10597E+04   -0.49000E-01 -0.49000E-01  0.98000E-01  0.00000E+00  0.00000E+00  0.00000E+00   -0.83915E+02 -0.56208E+03  0.64599E+03 -0.40692E+02 -0.49977E+02  0.61144E+01      298.00
  0.89517E-01  0.10602E+04   -0.49250E-01 -0.49250E-01  0.98500E-01  0.00000E+00  0.00000E+00  0.00000E+00   -0.84114E+02 -0.56217E+03  0.64628E+03 -0.41455E+02 -0.50173E+02  0.61076E+01      298.00
  0.89975E-01  0.10607E+04   -0.49500E-01 -0.49500E-01  0.99000E-01  0.00000E+00  0.00000E+00  0.00000E+00   -0.84313E+02 -0.56225E+03  0.64657E+03 -0.42219E+02 -0.50370E+02  0.61007E+01      298.00
  0.90432E-01  0.10611E+04   -0.49750E-01 -0.49750E-01  0.99500E-01  0.00000E+00  0.00000E+00  0.00000E+00   -0.84511E+02 -0.56233E+03  0.64684E+03 -0.42983E+02 -0.50565E+02  0.60937E+01      298.00
  0.90889E-01  0.10616E+04   -0.50000E-01 -0.50000E-01  0.10000E+00  0.00000E+00  0.00000E+00  0.00000E+00   -0.84709E+02 -0.56241E+03  0.64712E+03 -0.43748E+02 -0.50760E+02  0.60866E+01      298.00
          Evm          Svm            E11          E22          E33          E23          E13          E12         SDEV11       SDEV22       SDEV33       SDEV23       SDEV13       SDEV12      TEMP
  0.90889E-01  0.10616E+04   -0.50000E-01 -0.50000E-01  0.10000E+00  0.00000E+00  0.00000E+00  0.00000E+00   -0.84645E+02 -0.56251E+03  0.64716E+03 -0.43831E+02 -0.50364E+02  0.62212E+01      298.00
  0.91346E-01  0.10619E+04   -0.50250E-01 -0.50250E-01  0.10050E+00  0.00000E+00  0.00000E+00  0.00000E+00   -0.84951E+02 -0.56238E+03  0.64733E+03 -0.44427E+02 -0.51049E+02  0.60307E+01      298.00
  0.91803E-01  0.10625E+04   -0.50500E-01 -0.50500E-01  0.10100E+00  0.00000E+00  0.00000E+00  0.00000E+00   -0.85105E+02 -0.56255E+03  0.64765E+03 -0.45277E+02 -0.51164E+02  0.60607E+01      298.00
  0.92261E-01  0.10629E+04   -0.50750E-01 -0.50750E-01  0.10150E+00  0.00000E+00  0.00000E+00  0.00000E+00   -0.85304E+02 -0.56261E+03  0.64791E+03 -0.46041E+02 -0.51351E+02  0.60617E+01      298.00
  0.92718E-01  0.10633E+04   -0.51000E-01 -0.51000E-01  0.10200E+00  0.00000E+00  0.00000E+00  0.00000E+00   -0.85502E+02 -0.56266E+03  0.64816E+03 -0.46807E+02 -0.51544E+02  0.60550E+01      298.00
  0.93175E-01  0.10638E+04   -0.51250E-01 -0.51250E-01  0.10250E+00  0.00000E+00  0.00000E+00  0.00000E+00   -0.85699E+02 -0.56272E+03  0.64841E+03 -0.47573E+02 -0.51736E+02  0.60476E+01      298.00
  0.93632E-01  0.10642E+04   -0.51500E-01 -0.51500E-01  0.10300E+00  0.00000E+00  0.00000E+00  0.00000E+00   -0.85897E+02 -0.56276E+03  0.64866E+03 -0.48339E+02 -0.51928E+02  0.60400E+01      298.00
  0.94089E-01  0.10646E+04   -0.51750E-01 -0.51750E-01  0.10350E+00  0.00000E+00  0.00000E+00  0.00000E+00   -0.86094E+02 -0.56281E+03  0.64890E+03 -0.49105E+02 -0.52120E+02  0.60323E+01      298.00
  0.94546E-01  0.10650E+04   -0.52000E-01 -0.52000E-01  0.10400E+00  0.00000E+00  0.00000E+00  0.00000E+00   -0.86291E+02 -0.56285E+03  0.64914E+03 -0.49872E+02 -0.52311E+02  0.60244E+01      298.00
  0.95004E-01  0.10654E+04   -0.52250E-01 -0.52250E-01  0.10450E+00  0.00000E+00  0.00000E+00  0.00000E+00   -0.86487E+02 -0.56288E+03  0.64937E+03 -0.50638E+02 -0.52501E+02  0.60164E+01      298.00
  0.95461E-01  0.10658E+04   -0.52500E-01 -0.52500E-01  0.10500E+00  0.00000E+00  0.00000E+00  0.00000E+00   -0.86684E+02 -0.56291E+03  0.64960E+03 -0.51405E+02 -0.52690E+02  0.60084E+01      298.00
  0.95918E-01  0.10662E+04   -0.52750E-01 -0.52750E-01  0.10550E+00  0.00000E+00  0.00000E+00  0.00000E+00   -0.86880E+02 -0.56294E+03  0.64982E+03 -0.52172E+02 -0.52879E+02  0.60002E+01      298.00
  0.96375E-01  0.10666E+04   -0.53000E-01 -0.53000E-01  0.10600E+00  0.00000E+00  0.00000E+00  0.00000E+00   -0.87077E+02 -0.56296E+03  0.65004E+03 -0.52940E+02 -0.53067E+02  0.59919E+01      298.00
  0.96832E-01  0.10669E+04   -0.53250E-01 -0.53250E-01  0.10650E+00  0.00000E+00  0.00000E+00  0.00000E+00   -0.87273E+02 -0.56298E+03  0.65025E+03 -0.53707E+02 -0.53255E+02  0.59835E+01      298.00
  0.97289E-01  0.10672E+04   -0.53500E-01 -0.53500E-01  0.10700E+00  0.00000E+00  0.00000E+00  0.00000E+00   -0.87526E+02 -0.56288E+03  0.65041E+03 -0.54368E+02 -0.53585E+02  0.59153E+01      298.00
  0.97746E-01  0.10677E+04   -0.53750E-01 -0.53750E-01  0.10750E+00  0.00000E+00  0.00000E+00  0.00000E+00   -0.87665E+02 -0.56301E+03  0.65067E+03 -0.55241E+02 -0.53647E+02  0.59565E+01      298.00
  0.98203E-01  0.10679E+04   -0.54000E-01 -0.54000E-01  0.10800E+00  0.00000E+00  0.00000E+00  0.00000E+00   -0.87920E+02 -0.56290E+03  0.65082E+03 -0.55901E+02 -0.53963E+02  0.59004E+01      298.00
  0.98660E-01  0.10684E+04   -0.54250E-01 -0.54250E-01  0.10850E+00  0.00000E+00  0.00000E+00  0.00000E+00   -0.88057E+02 -0.56302E+03  0.65107E+03 -0.56776E+02 -0.54017E+02  0.59429E+01      298.00
  0.99117E-01  0.10686E+04   -0.54500E-01 -0.54500E-01  0.10900E+00  0.00000E+00  0.00000E+00  0.00000E+00   -0.88312E+02 -0.56290E+03  0.65122E+03 -0.57437E+02 -0.54327E+02  0.58891E+01      298.00
  0.99574E-01  0.10690E+04   -0.54750E-01 -0.54750E-01  0.10950E+00  0.00000E+00  0.00000E+00  0.00000E+00   -0.88505E+02 -0.56291E+03  0.65141E+03 -0.58208E+02 -0.54518E+02  0.58711E+01      298.00
  0.10003E+00  0.10693E+04   -0.55000E-01 -0.55000E-01  0.11000E+00  0.00000E+00  0.00000E+00  0.00000E+00   -0.88700E+02 -0.56290E+03  0.65160E+03 -0.58977E+02 -0.54690E+02  0.58688E+01      298.00
  0.10049E+00  0.10697E+04   -0.55250E-01 -0.55250E-01  0.11050E+00  0.00000E+00  0.00000E+00  0.00000E+00   -0.88894E+02 -0.56289E+03  0.65179E+03 -0.59748E+02 -0.54855E+02  0.58679E+01      298.00
  0.10095E+00  0.10700E+04   -0.55500E-01 -0.55500E-01  0.11100E+00  0.00000E+00  0.00000E+00  0.00000E+00   -0.89087E+02 -0.56288E+03  0.65197E+03 -0.60519E+02 -0.55020E+02  0.58665E+01      298.00
  0.10140E+00  0.10703E+04   -0.55750E-01 -0.55750E-01  0.11150E+00  0.00000E+00  0.00000E+00  0.00000E+00   -0.89281E+02 -0.56287E+03  0.65215E+03 -0.61290E+02 -0.55186E+02  0.58639E+01      298.00
  0.10186E+00  0.10707E+04   -0.56000E-01 -0.56000E-01  0.11200E+00  0.00000E+00  0.00000E+00  0.00000E+00   -0.89474E+02 -0.56285E+03  0.65232E+03 -0.62060E+02 -0.55354E+02  0.58597E+01      298.00
  0.10232E+00  0.10710E+04   -0.56250E-01 -0.56250E-01  0.11250E+00  0.00000E+00  0.00000E+00  0.00000E+00   -0.89667E+02 -0.56282E+03  0.65249E+03 -0.62830E+02 -0.55525E+02  0.58540E+01      298.00
  0.10277E+00  0.10713E+04   -0.56500E-01 -0.56500E-01  0.11300E+00  0.00000E+00  0.00000E+00  0.00000E+00   -0.89860E+02 -0.56280E+03  0.65266E+03 -0.63600E+02 -0.55698E+02  0.58469E+01      298.00
  0.10323E+00  0.10716E+04   -0.56750E-01 -0.56750E-01  0.11350E+00  0.00000E+00  0.00000E+00  0.00000E+00   -0.90053E+02 -0.56276E+03  0.65282E+03 -0.64369E+02 -0.55873E+02  0.58388E+01      298.00
  0.10369E+00  0.10719E+04   -0.57000E-01 -0.57000E-01  0.11400E+00  0.00000E+00  0.00000E+00  0.00000E+00   -0.90247E+02 -0.56273E+03  0.65298E+03 -0.65138E+02 -0.56050E+02  0.58300E+01      298.00
  0.10414E+00  0.10722E+04   -0.57250E-01 -0.57250E-01  0.11450E+00  0.00000E+00  0.00000E+00  0.00000E+00   -0.90440E+02 -0.56269E+03  0.65313E+03 -0.65907E+02 -0.56226E+02  0.58208E+01      298.00
  0.10460E+00  0.10726E+04   -0.57500E-01 -0.57500E-01  0.11500E+00  0.00000E+00  0.00000E+00  0.00000E+00   -0.90619E+02 -0.56268E+03  0.65330E+03 -0.66685E+02 -0.56538E+02  0.56945E+01      298.00
  0.10506E+00  0.10728E+04   -0.57750E-01 -0.57750E-01  0.11550E+00  0.00000E+00  0.00000E+00  0.00000E+00   -0.90820E+02 -0.56261E+03  0.65343E+03 -0.67451E+02 -0.56603E+02  0.57819E+01      298.00
  0.10551E+00  0.10732E+04   -0.58000E-01 -0.58000E-01  0.11600E+00  0.00000E+00  0.00000E+00  0.00000E+00   -0.91006E+02 -0.56258E+03  0.65359E+03 -0.68221E+02 -0.56894E+02  0.56743E+01      298.00
  0.10597E+00  0.10734E+04   -0.58250E-01 -0.58250E-01  0.11650E+00  0.00000E+00  0.00000E+00  0.00000E+00   -0.91207E+02 -0.56251E+03  0.65372E+03 -0.68987E+02 -0.56952E+02  0.57638E+01      298.00
  0.10643E+00  0.10737E+04   -0.58500E-01 -0.58500E-01  0.11700E+00  0.00000E+00  0.00000E+00  0.00000E+00   -0.91393E+02 -0.56247E+03  0.65386E+03 -0.69757E+02 -0.57236E+02  0.56582E+01      298.00
  0.10688E+00  0.10740E+04   -0.58750E-01 -0.58750E-01  0.11750E+00  0.00000E+00  0.00000E+00  0.00000E+00   -0.91593E+02 -0.56239E+03  0.65398E+03 -0.70523E+02 -0.57293E+02  0.57472E+01      298.00
  0.10734E+00  0.10743E+04   -0.59000E-01 -0.59000E-01  0.11800E+00  0.00000E+00  0.00000E+00  0.00000E+00   -0.91778E+02 -0.56235E+03  0.65412E+03 -0.71294E+02 -0.57570E+02  0.56435E+01      298.00
  0.10780E+00  0.10746E+04   -0.59250E-01 -0.59250E-01  0.11850E+00  0.00000E+00  0.00000E+00  0.00000E+00   -0.91965E+02 -0.56229E+03  0.65425E+03 -0.72068E+02 -0.57763E+02  0.56186E+01      298.00
  0.10825E+00  0.10748E+04   -0.59500E-01 -0.59500E-01  0.11900E+00  0.00000E+00  0.00000E+00  0.00000E+00   -0.92158E+02 -0.56222E+03  0.65438E+03 -0.72835E+02 -0.57933E+02  0.56092E+01      298.00
  0.10871E+00  0.10751E+04   -0.59750E-01 -0.59750E-01  0.11950E+00  0.00000E+00  0.00000E+00  0.00000E+00   -0.92350E+02 -0.56215E+03  0.65450E+03 -0.73603E+02 -0.58098E+02  0.56007E+01      298.00
  0.10917E+00  0.10754E+04   -0.60000E-01 -0.60000E-01  0.12000E+00  0.00000E+00  0.00000E+00  0.00000E+00   -0.92541E+02 -0.56207E+03  0.65462E+03 -0.74372E+02 -0.58263E+02  0.55920E+01      298.00
  0.10962E+00  0.10756E+04   -0.60250E-01 -0.60250E-01  0.12050E+00  0.00000E+00  0.00000E+00  0.00000E+00   -0.92733E+02 -0.56200E+03  0.65473E+03 -0.75140E+02 -0.58429E+02  0.55823E+01      298.00
  0.11008E+00  0.10759E+04   -0.60500E-01 -0.60500E-01  0.12100E+00  0.00000E+00  0.00000E+00  0.00000E+00   -0.92924E+02 -0.56192E+03  0.65484E+03 -0.75908E+02 -0.58595E+02  0.55717E+01      298.00
  0.11054E+00  0.10761E+04   -0.60750E-01 -0.60750E-01  0.12150E+00  0.00000E+00  0.00000E+00  0.00000E+00   -0.93116E+02 -0.56183E+03  0.65495E+03 -0.76676E+02 -0.58763E+02  0.55601E+01      298.00
  0.11099E+00  0.10764E+04   -0.61000E-01 -0.61000E-01  0.12200E+00  0.00000E+00  0.00000E+00  0.00000E+00   -0.93307E+02 -0.56175E+03  0.65505E+03 -0.77443E+02 -0.58932E+02  0.55477E+01      298.00
  0.11145E+00  0.10766E+04   -0.61250E-01 -0.61250E-01  0.12250E+00  0.00000E+00  0.00000E+00  0.00000E+00   -0.93498E+02 -0.56166E+03  0.65516E+03 -0.78210E+02 -0.59101E+02  0.55345E+01      298.00
  0.11191E+00  0.10768E+04   -0.61500E-01 -0.61500E-01  0.12300E+00  0.00000E+00  0.00000E+00  0.00000E+00   -0.93689E+02 -0.56157E+03  0.65526E+03 -0.78977E+02 -0.59271E+02  0.55206E+01      298.00
  0.11236E+00  0.10771E+04   -0.61750E-01 -0.61750E-01  0.12350E+00  0.00000E+00  0.00000E+00  0.00000E+00   -0.93880E+02 -0.56147E+03  0.65535E+03 -0.79744E+02 -0.59441E+02  0.55062E+01      298.00
  0.11282E+00  0.10773E+04   -0.62000E-01 -0.62000E-01  0.12400E+00  0.00000E+00  0.00000E+00  0.00000E+00   -0.94071E+02 -0.56138E+03  0.65545E+03 -0.80510E+02 -0.59611E+02  0.54913E+01      298.00
  0.11328E+00  0.10775E+04   -0.62250E-01 -0.62250E-01  0.12450E+00  0.00000E+00  0.00000E+00  0.00000E+00   -0.94262E+02 -0.56128E+03  0.65554E+03 -0.81277E+02 -0.59781E+02  0.54761E+01      298.00
  0.11373E+00  0.10778E+04   -0.62500E-01 -0.62500E-01  0.12500E+00  0.00000E+00  0.00000E+00  0.00000E+00   -0.94453E+02 -0.56117E+03  0.65563E+03 -0.82043E+02 -0.59951E+02  0.54607E+01      298.00
