TEXTURE AT STRAIN =    0.0250
   0.988   1.025   0.988  <-- length of phase ellipsoid axes
  174.80   90.00 -180.00  <-- Euler angles (deg) of phase ellipsoid axes
B         1
 -178.57   48.32   45.43   1.0000000
TEXTURE AT STRAIN =    0.0500
   0.975   1.051   0.975  <-- length of phase ellipsoid axes
 -166.99   90.00 -180.00  <-- Euler angles (deg) of phase ellipsoid axes
B         1
 -177.97   46.54   45.54   1.0000000
TEXTURE AT STRAIN =    0.0750
   0.963   1.078   0.963  <-- length of phase ellipsoid axes
 -165.18   90.00  180.00  <-- Euler angles (deg) of phase ellipsoid axes
B         1
 -177.41   44.75   45.65   1.0000000
TEXTURE AT STRAIN =    0.1000
   0.951   1.105   0.951  <-- length of phase ellipsoid axes
  130.59   90.00   -0.00  <-- Euler angles (deg) of phase ellipsoid axes
B         1
 -176.89   42.96   45.75   1.0000000
TEXTURE AT STRAIN =    0.1250
   0.939   1.133   0.939  <-- length of phase ellipsoid axes
  165.68   90.00 -180.00  <-- Euler angles (deg) of phase ellipsoid axes
B         1
 -176.42   41.18   45.84   1.0000000
