          Evm          Svm            E11          E22          E33          E23          E13          E12         SCAU11       SCAU22       SCAU33       SCAU23       SCAU13       SCAU12      TEMP
  0.00000E+00  0.62873E+03    0.00000E+00  0.00000E+00  0.00000E+00  0.00000E+00  0.00000E+00  0.00000E+00    0.00000E+00  0.00000E+00  0.62862E+03 -0.68230E+01  0.38633E+00  0.17011E+00
  0.24996E-03  0.63010E+03   -0.12535E-03 -0.12465E-03  0.25000E-03  0.00000E+00  0.00000E+00  0.00000E+00    0.00000E+00  0.00000E+00  0.62998E+03 -0.69158E+01  0.38216E+00  0.11045E+00
  0.49991E-03  0.63109E+03   -0.25093E-03 -0.24907E-03  0.50000E-03  0.00000E+00  0.00000E+00  0.00000E+00    0.00000E+00  0.00000E+00  0.63098E+03 -0.68878E+01  0.37692E+00  0.11791E+00
  0.74987E-03  0.63211E+03   -0.37661E-03 -0.37339E-03  0.75000E-03  0.00000E+00  0.00000E+00  0.00000E+00    0.00000E+00  0.00000E+00  0.63199E+03 -0.68889E+01  0.37637E+00  0.11775E+00
  0.99982E-03  0.63311E+03   -0.50236E-03 -0.49764E-03  0.10000E-02  0.00000E+00  0.00000E+00  0.00000E+00    0.00000E+00  0.00000E+00  0.63300E+03 -0.68924E+01  0.37620E+00  0.11802E+00
  0.12498E-02  0.63411E+03   -0.62817E-03 -0.62183E-03  0.12500E-02  0.00000E+00  0.00000E+00  0.00000E+00    0.00000E+00  0.00000E+00  0.63399E+03 -0.68968E+01  0.37616E+00  0.11822E+00
  0.14997E-02  0.63509E+03   -0.75403E-03 -0.74597E-03  0.15000E-02  0.00000E+00  0.00000E+00  0.00000E+00    0.00000E+00  0.00000E+00  0.63498E+03 -0.69019E+01  0.37621E+00  0.11840E+00
  0.17497E-02  0.63607E+03   -0.87993E-03 -0.87007E-03  0.17500E-02  0.00000E+00  0.00000E+00  0.00000E+00    0.00000E+00  0.00000E+00  0.63595E+03 -0.69074E+01  0.37633E+00  0.11855E+00
  0.19996E-02  0.63703E+03   -0.10059E-02 -0.99415E-03  0.20000E-02  0.00000E+00  0.00000E+00  0.00000E+00    0.00000E+00  0.00000E+00  0.63692E+03 -0.69132E+01  0.37651E+00  0.11869E+00
  0.22496E-02  0.63799E+03   -0.11318E-02 -0.11182E-02  0.22500E-02  0.00000E+00  0.00000E+00  0.00000E+00    0.00000E+00  0.00000E+00  0.63787E+03 -0.69193E+01  0.37674E+00  0.11882E+00
  0.24996E-02  0.63893E+03   -0.12578E-02 -0.12422E-02  0.25000E-02  0.00000E+00  0.00000E+00  0.00000E+00    0.00000E+00  0.00000E+00  0.63882E+03 -0.69256E+01  0.37699E+00  0.11894E+00
  0.27495E-02  0.63987E+03   -0.13837E-02 -0.13663E-02  0.27500E-02  0.00000E+00  0.00000E+00  0.00000E+00    0.00000E+00  0.00000E+00  0.63976E+03 -0.69319E+01  0.37727E+00  0.11904E+00
  0.29995E-02  0.64080E+03   -0.15097E-02 -0.14903E-02  0.30000E-02  0.00000E+00  0.00000E+00  0.00000E+00    0.00000E+00  0.00000E+00  0.64068E+03 -0.69384E+01  0.37758E+00  0.11914E+00
  0.32494E-02  0.64171E+03   -0.16357E-02 -0.16143E-02  0.32500E-02  0.00000E+00  0.00000E+00  0.00000E+00    0.00000E+00  0.00000E+00  0.64160E+03 -0.69449E+01  0.37789E+00  0.11923E+00
  0.34994E-02  0.64262E+03   -0.17617E-02 -0.17383E-02  0.35000E-02  0.00000E+00  0.00000E+00  0.00000E+00    0.00000E+00  0.00000E+00  0.64251E+03 -0.69514E+01  0.37821E+00  0.11932E+00
  0.37493E-02  0.64352E+03   -0.18878E-02 -0.18622E-02  0.37500E-02  0.00000E+00  0.00000E+00  0.00000E+00    0.00000E+00  0.00000E+00  0.64341E+03 -0.69578E+01  0.37854E+00  0.11940E+00
  0.39993E-02  0.64441E+03   -0.20138E-02 -0.19862E-02  0.40000E-02  0.00000E+00  0.00000E+00  0.00000E+00    0.00000E+00  0.00000E+00  0.64429E+03 -0.69643E+01  0.37888E+00  0.11948E+00
  0.42492E-02  0.64529E+03   -0.21398E-02 -0.21102E-02  0.42500E-02  0.00000E+00  0.00000E+00  0.00000E+00    0.00000E+00  0.00000E+00  0.64517E+03 -0.69707E+01  0.37921E+00  0.11956E+00
  0.44992E-02  0.64616E+03   -0.22658E-02 -0.22342E-02  0.45000E-02  0.00000E+00  0.00000E+00  0.00000E+00    0.00000E+00  0.00000E+00  0.64604E+03 -0.69770E+01  0.37955E+00  0.11963E+00
  0.47492E-02  0.64702E+03   -0.23918E-02 -0.23582E-02  0.47500E-02  0.00000E+00  0.00000E+00  0.00000E+00    0.00000E+00  0.00000E+00  0.64691E+03 -0.69833E+01  0.37989E+00  0.11969E+00
  0.49991E-02  0.64787E+03   -0.25179E-02 -0.24821E-02  0.50000E-02  0.00000E+00  0.00000E+00  0.00000E+00    0.00000E+00  0.00000E+00  0.64776E+03 -0.69895E+01  0.38022E+00  0.11976E+00
  0.52491E-02  0.64871E+03   -0.26439E-02 -0.26061E-02  0.52500E-02  0.00000E+00  0.00000E+00  0.00000E+00    0.00000E+00  0.00000E+00  0.64860E+03 -0.69956E+01  0.38055E+00  0.11982E+00
  0.54990E-02  0.64955E+03   -0.27699E-02 -0.27301E-02  0.55000E-02  0.00000E+00  0.00000E+00  0.00000E+00    0.00000E+00  0.00000E+00  0.64944E+03 -0.70017E+01  0.38088E+00  0.11988E+00
  0.57490E-02  0.65038E+03   -0.28959E-02 -0.28541E-02  0.57500E-02  0.00000E+00  0.00000E+00  0.00000E+00    0.00000E+00  0.00000E+00  0.65026E+03 -0.70076E+01  0.38121E+00  0.11994E+00
  0.59989E-02  0.65119E+03   -0.30220E-02 -0.29780E-02  0.60000E-02  0.00000E+00  0.00000E+00  0.00000E+00    0.00000E+00  0.00000E+00  0.65108E+03 -0.70135E+01  0.38153E+00  0.12000E+00
  0.62489E-02  0.65200E+03   -0.31480E-02 -0.31020E-02  0.62500E-02  0.00000E+00  0.00000E+00  0.00000E+00    0.00000E+00  0.00000E+00  0.65189E+03 -0.70193E+01  0.38185E+00  0.12005E+00
  0.64989E-02  0.65280E+03   -0.32740E-02 -0.32260E-02  0.65000E-02  0.00000E+00  0.00000E+00  0.00000E+00    0.00000E+00  0.00000E+00  0.65269E+03 -0.70250E+01  0.38216E+00  0.12010E+00
  0.67488E-02  0.65360E+03   -0.34000E-02 -0.33500E-02  0.67500E-02  0.00000E+00  0.00000E+00  0.00000E+00    0.00000E+00  0.00000E+00  0.65348E+03 -0.70307E+01  0.38247E+00  0.12015E+00
  0.69988E-02  0.65438E+03   -0.35261E-02 -0.34739E-02  0.70000E-02  0.00000E+00  0.00000E+00  0.00000E+00    0.00000E+00  0.00000E+00  0.65427E+03 -0.70362E+01  0.38277E+00  0.12020E+00
  0.72487E-02  0.65516E+03   -0.36521E-02 -0.35979E-02  0.72500E-02  0.00000E+00  0.00000E+00  0.00000E+00    0.00000E+00  0.00000E+00  0.65504E+03 -0.70417E+01  0.38307E+00  0.12025E+00
  0.74987E-02  0.65592E+03   -0.37781E-02 -0.37219E-02  0.75000E-02  0.00000E+00  0.00000E+00  0.00000E+00    0.00000E+00  0.00000E+00  0.65581E+03 -0.70470E+01  0.38337E+00  0.12029E+00
  0.77486E-02  0.65668E+03   -0.39041E-02 -0.38459E-02  0.77500E-02  0.00000E+00  0.00000E+00  0.00000E+00    0.00000E+00  0.00000E+00  0.65657E+03 -0.70523E+01  0.38366E+00  0.12033E+00
  0.79986E-02  0.65744E+03   -0.40301E-02 -0.39699E-02  0.80000E-02  0.00000E+00  0.00000E+00  0.00000E+00    0.00000E+00  0.00000E+00  0.65732E+03 -0.70575E+01  0.38394E+00  0.12037E+00
  0.82485E-02  0.65818E+03   -0.41562E-02 -0.40938E-02  0.82500E-02  0.00000E+00  0.00000E+00  0.00000E+00    0.00000E+00  0.00000E+00  0.65807E+03 -0.70627E+01  0.38423E+00  0.12041E+00
  0.84985E-02  0.65892E+03   -0.42822E-02 -0.42178E-02  0.85000E-02  0.00000E+00  0.00000E+00  0.00000E+00    0.00000E+00  0.00000E+00  0.65880E+03 -0.70677E+01  0.38450E+00  0.12045E+00
  0.87485E-02  0.65965E+03   -0.44082E-02 -0.43418E-02  0.87500E-02  0.00000E+00  0.00000E+00  0.00000E+00    0.00000E+00  0.00000E+00  0.65953E+03 -0.70727E+01  0.38478E+00  0.12049E+00
  0.89984E-02  0.66037E+03   -0.45342E-02 -0.44658E-02  0.90000E-02  0.00000E+00  0.00000E+00  0.00000E+00    0.00000E+00  0.00000E+00  0.66026E+03 -0.70776E+01  0.38504E+00  0.12052E+00
  0.92484E-02  0.66109E+03   -0.46602E-02 -0.45898E-02  0.92500E-02  0.00000E+00  0.00000E+00  0.00000E+00    0.00000E+00  0.00000E+00  0.66097E+03 -0.70824E+01  0.38531E+00  0.12055E+00
  0.94983E-02  0.66180E+03   -0.47863E-02 -0.47137E-02  0.95000E-02  0.00000E+00  0.00000E+00  0.00000E+00    0.00000E+00  0.00000E+00  0.66168E+03 -0.70871E+01  0.38557E+00  0.12059E+00
  0.97483E-02  0.66250E+03   -0.49123E-02 -0.48377E-02  0.97500E-02  0.00000E+00  0.00000E+00  0.00000E+00    0.00000E+00  0.00000E+00  0.66238E+03 -0.70918E+01  0.38582E+00  0.12062E+00
  0.99982E-02  0.66319E+03   -0.50383E-02 -0.49617E-02  0.10000E-01  0.00000E+00  0.00000E+00  0.00000E+00    0.00000E+00  0.00000E+00  0.66308E+03 -0.70964E+01  0.38607E+00  0.12064E+00
  0.10248E-01  0.66388E+03   -0.51643E-02 -0.50857E-02  0.10250E-01  0.00000E+00  0.00000E+00  0.00000E+00    0.00000E+00  0.00000E+00  0.66376E+03 -0.71009E+01  0.38632E+00  0.12067E+00
  0.10498E-01  0.66456E+03   -0.52903E-02 -0.52097E-02  0.10500E-01  0.00000E+00  0.00000E+00  0.00000E+00    0.00000E+00  0.00000E+00  0.66444E+03 -0.71053E+01  0.38656E+00  0.12070E+00
  0.10748E-01  0.66523E+03   -0.54163E-02 -0.53337E-02  0.10750E-01  0.00000E+00  0.00000E+00  0.00000E+00    0.00000E+00  0.00000E+00  0.66512E+03 -0.71097E+01  0.38680E+00  0.12072E+00
  0.10998E-01  0.66590E+03   -0.55424E-02 -0.54576E-02  0.11000E-01  0.00000E+00  0.00000E+00  0.00000E+00    0.00000E+00  0.00000E+00  0.66579E+03 -0.71140E+01  0.38703E+00  0.12074E+00
  0.11248E-01  0.66656E+03   -0.56684E-02 -0.55816E-02  0.11250E-01  0.00000E+00  0.00000E+00  0.00000E+00    0.00000E+00  0.00000E+00  0.66645E+03 -0.71182E+01  0.38726E+00  0.12077E+00
  0.11498E-01  0.66722E+03   -0.57944E-02 -0.57056E-02  0.11500E-01  0.00000E+00  0.00000E+00  0.00000E+00    0.00000E+00  0.00000E+00  0.66710E+03 -0.71224E+01  0.38749E+00  0.12079E+00
  0.11748E-01  0.66787E+03   -0.59204E-02 -0.58296E-02  0.11750E-01  0.00000E+00  0.00000E+00  0.00000E+00    0.00000E+00  0.00000E+00  0.66775E+03 -0.71265E+01  0.38771E+00  0.12080E+00
  0.11998E-01  0.66851E+03   -0.60464E-02 -0.59536E-02  0.12000E-01  0.00000E+00  0.00000E+00  0.00000E+00    0.00000E+00  0.00000E+00  0.66840E+03 -0.71305E+01  0.38793E+00  0.12082E+00
  0.12248E-01  0.66915E+03   -0.61724E-02 -0.60776E-02  0.12250E-01  0.00000E+00  0.00000E+00  0.00000E+00    0.00000E+00  0.00000E+00  0.66903E+03 -0.71345E+01  0.38814E+00  0.12084E+00
  0.12498E-01  0.66978E+03   -0.62984E-02 -0.62016E-02  0.12500E-01  0.00000E+00  0.00000E+00  0.00000E+00    0.00000E+00  0.00000E+00  0.66966E+03 -0.71384E+01  0.38836E+00  0.12085E+00
          Evm          Svm            E11          E22          E33          E23          E13          E12         SCAU11       SCAU22       SCAU33       SCAU23       SCAU13       SCAU12      TEMP
  0.12498E-01  0.66959E+03   -0.62984E-02 -0.62016E-02  0.12500E-01  0.00000E+00  0.00000E+00  0.00000E+00    0.00000E+00  0.00000E+00  0.66948E+03 -0.71357E+01  0.40280E+00  0.17397E+00
  0.12748E-01  0.67043E+03   -0.64238E-02 -0.63262E-02  0.12750E-01  0.00000E+00  0.00000E+00  0.00000E+00    0.00000E+00  0.00000E+00  0.67031E+03 -0.72073E+01  0.39802E+00  0.11288E+00
  0.12998E-01  0.67102E+03   -0.65493E-02 -0.64507E-02  0.13000E-01  0.00000E+00  0.00000E+00  0.00000E+00    0.00000E+00  0.00000E+00  0.67091E+03 -0.71744E+01  0.39273E+00  0.12048E+00
  0.13248E-01  0.67164E+03   -0.66750E-02 -0.65750E-02  0.13250E-01  0.00000E+00  0.00000E+00  0.00000E+00    0.00000E+00  0.00000E+00  0.67152E+03 -0.71711E+01  0.39195E+00  0.12021E+00
  0.13498E-01  0.67225E+03   -0.68007E-02 -0.66993E-02  0.13500E-01  0.00000E+00  0.00000E+00  0.00000E+00    0.00000E+00  0.00000E+00  0.67213E+03 -0.71703E+01  0.39153E+00  0.12040E+00
  0.13748E-01  0.67285E+03   -0.69265E-02 -0.68235E-02  0.13750E-01  0.00000E+00  0.00000E+00  0.00000E+00    0.00000E+00  0.00000E+00  0.67274E+03 -0.71704E+01  0.39124E+00  0.12051E+00
  0.13998E-01  0.67345E+03   -0.70523E-02 -0.69477E-02  0.14000E-01  0.00000E+00  0.00000E+00  0.00000E+00    0.00000E+00  0.00000E+00  0.67333E+03 -0.71712E+01  0.39105E+00  0.12060E+00
  0.14248E-01  0.67404E+03   -0.71782E-02 -0.70718E-02  0.14250E-01  0.00000E+00  0.00000E+00  0.00000E+00    0.00000E+00  0.00000E+00  0.67393E+03 -0.71725E+01  0.39093E+00  0.12068E+00
  0.14497E-01  0.67463E+03   -0.73040E-02 -0.71960E-02  0.14500E-01  0.00000E+00  0.00000E+00  0.00000E+00    0.00000E+00  0.00000E+00  0.67451E+03 -0.71742E+01  0.39087E+00  0.12073E+00
  0.14747E-01  0.67521E+03   -0.74300E-02 -0.73200E-02  0.14750E-01  0.00000E+00  0.00000E+00  0.00000E+00    0.00000E+00  0.00000E+00  0.67510E+03 -0.71762E+01  0.39086E+00  0.12078E+00
  0.14997E-01  0.67579E+03   -0.75559E-02 -0.74441E-02  0.15000E-01  0.00000E+00  0.00000E+00  0.00000E+00    0.00000E+00  0.00000E+00  0.67567E+03 -0.71784E+01  0.39089E+00  0.12082E+00
  0.15247E-01  0.67636E+03   -0.76818E-02 -0.75682E-02  0.15250E-01  0.00000E+00  0.00000E+00  0.00000E+00    0.00000E+00  0.00000E+00  0.67625E+03 -0.71808E+01  0.39094E+00  0.12085E+00
  0.15497E-01  0.67693E+03   -0.78078E-02 -0.76922E-02  0.15500E-01  0.00000E+00  0.00000E+00  0.00000E+00    0.00000E+00  0.00000E+00  0.67682E+03 -0.71834E+01  0.39101E+00  0.12086E+00
  0.15747E-01  0.67770E+03   -0.79337E-02 -0.78163E-02  0.15750E-01  0.00000E+00  0.00000E+00  0.00000E+00    0.00000E+00  0.00000E+00  0.67759E+03 -0.71930E+01  0.39111E+00  0.12085E+00
  0.15997E-01  0.67803E+03   -0.80597E-02 -0.79403E-02  0.16000E-01  0.00000E+00  0.00000E+00  0.00000E+00    0.00000E+00  0.00000E+00  0.67792E+03 -0.71891E+01  0.39118E+00  0.12085E+00
  0.16247E-01  0.67890E+03   -0.81857E-02 -0.80643E-02  0.16250E-01  0.00000E+00  0.00000E+00  0.00000E+00    0.00000E+00  0.00000E+00  0.67878E+03 -0.71977E+01  0.39135E+00  0.12095E+00
  0.16497E-01  0.67964E+03   -0.83117E-02 -0.81883E-02  0.16500E-01  0.00000E+00  0.00000E+00  0.00000E+00    0.00000E+00  0.00000E+00  0.67953E+03 -0.72044E+01  0.39132E+00  0.12085E+00
  0.16747E-01  0.67913E+03   -0.84376E-02 -0.83124E-02  0.16750E-01  0.00000E+00  0.00000E+00  0.00000E+00    0.00000E+00  0.00000E+00  0.67902E+03 -0.71946E+01  0.39142E+00  0.12086E+00
  0.16997E-01  0.68028E+03   -0.85636E-02 -0.84364E-02  0.17000E-01  0.00000E+00  0.00000E+00  0.00000E+00    0.00000E+00  0.00000E+00  0.68016E+03 -0.72058E+01  0.39147E+00  0.12078E+00
  0.17247E-01  0.68078E+03   -0.86896E-02 -0.85604E-02  0.17250E-01  0.00000E+00  0.00000E+00  0.00000E+00    0.00000E+00  0.00000E+00  0.68067E+03 -0.72030E+01  0.39186E+00  0.12090E+00
  0.17497E-01  0.68153E+03   -0.88156E-02 -0.86844E-02  0.17500E-01  0.00000E+00  0.00000E+00  0.00000E+00    0.00000E+00  0.00000E+00  0.68141E+03 -0.72111E+01  0.39192E+00  0.12091E+00
  0.17747E-01  0.68235E+03   -0.89416E-02 -0.88084E-02  0.17750E-01  0.00000E+00  0.00000E+00  0.00000E+00    0.00000E+00  0.00000E+00  0.68224E+03 -0.72175E+01  0.39201E+00  0.12087E+00
  0.17997E-01  0.68183E+03   -0.90676E-02 -0.89324E-02  0.18000E-01  0.00000E+00  0.00000E+00  0.00000E+00    0.00000E+00  0.00000E+00  0.68171E+03 -0.72085E+01  0.39210E+00  0.12087E+00
  0.18247E-01  0.68292E+03   -0.91935E-02 -0.90565E-02  0.18250E-01  0.00000E+00  0.00000E+00  0.00000E+00    0.00000E+00  0.00000E+00  0.68281E+03 -0.72191E+01  0.39215E+00  0.12078E+00
  0.18497E-01  0.68341E+03   -0.93195E-02 -0.91805E-02  0.18500E-01  0.00000E+00  0.00000E+00  0.00000E+00    0.00000E+00  0.00000E+00  0.68329E+03 -0.72165E+01  0.39254E+00  0.12088E+00
  0.18747E-01  0.68413E+03   -0.94455E-02 -0.93045E-02  0.18750E-01  0.00000E+00  0.00000E+00  0.00000E+00    0.00000E+00  0.00000E+00  0.68401E+03 -0.72240E+01  0.39257E+00  0.12088E+00
  0.18997E-01  0.68386E+03   -0.95715E-02 -0.94285E-02  0.19000E-01  0.00000E+00  0.00000E+00  0.00000E+00    0.00000E+00  0.00000E+00  0.68374E+03 -0.72170E+01  0.39274E+00  0.12089E+00
  0.19247E-01  0.68498E+03   -0.96975E-02 -0.95525E-02  0.19250E-01  0.00000E+00  0.00000E+00  0.00000E+00    0.00000E+00  0.00000E+00  0.68486E+03 -0.72291E+01  0.39269E+00  0.12075E+00
  0.19497E-01  0.68545E+03   -0.98235E-02 -0.96765E-02  0.19500E-01  0.00000E+00  0.00000E+00  0.00000E+00    0.00000E+00  0.00000E+00  0.68533E+03 -0.72268E+01  0.39306E+00  0.12084E+00
  0.19747E-01  0.68615E+03   -0.99494E-02 -0.98006E-02  0.19750E-01  0.00000E+00  0.00000E+00  0.00000E+00    0.00000E+00  0.00000E+00  0.68603E+03 -0.72338E+01  0.39308E+00  0.12084E+00
  0.19997E-01  0.68588E+03   -0.10075E-01 -0.99246E-02  0.20000E-01  0.00000E+00  0.00000E+00  0.00000E+00    0.00000E+00  0.00000E+00  0.68577E+03 -0.72272E+01  0.39325E+00  0.12085E+00
  0.20247E-01  0.68697E+03   -0.10201E-01 -0.10049E-01  0.20250E-01  0.00000E+00  0.00000E+00  0.00000E+00    0.00000E+00  0.00000E+00  0.68686E+03 -0.72387E+01  0.39319E+00  0.12071E+00
  0.20496E-01  0.68743E+03   -0.10327E-01 -0.10173E-01  0.20500E-01  0.00000E+00  0.00000E+00  0.00000E+00    0.00000E+00  0.00000E+00  0.68731E+03 -0.72365E+01  0.39356E+00  0.12080E+00
  0.20746E-01  0.68811E+03   -0.10453E-01 -0.10297E-01  0.20750E-01  0.00000E+00  0.00000E+00  0.00000E+00    0.00000E+00  0.00000E+00  0.68800E+03 -0.72432E+01  0.39356E+00  0.12079E+00
  0.20996E-01  0.68785E+03   -0.10579E-01 -0.10421E-01  0.21000E-01  0.00000E+00  0.00000E+00  0.00000E+00    0.00000E+00  0.00000E+00  0.68774E+03 -0.72369E+01  0.39375E+00  0.12080E+00
  0.21246E-01  0.68891E+03   -0.10705E-01 -0.10545E-01  0.21250E-01  0.00000E+00  0.00000E+00  0.00000E+00    0.00000E+00  0.00000E+00  0.68880E+03 -0.72479E+01  0.39367E+00  0.12066E+00
  0.21496E-01  0.68991E+03   -0.10831E-01 -0.10669E-01  0.21500E-01  0.00000E+00  0.00000E+00  0.00000E+00    0.00000E+00  0.00000E+00  0.68979E+03 -0.72529E+01  0.39396E+00  0.12081E+00
  0.21746E-01  0.68936E+03   -0.10957E-01 -0.10793E-01  0.21750E-01  0.00000E+00  0.00000E+00  0.00000E+00    0.00000E+00  0.00000E+00  0.68924E+03 -0.72457E+01  0.39403E+00  0.12074E+00
  0.21996E-01  0.69033E+03   -0.11083E-01 -0.10917E-01  0.22000E-01  0.00000E+00  0.00000E+00  0.00000E+00    0.00000E+00  0.00000E+00  0.69022E+03 -0.72545E+01  0.39400E+00  0.12059E+00
  0.22246E-01  0.69087E+03   -0.11209E-01 -0.11041E-01  0.22250E-01  0.00000E+00  0.00000E+00  0.00000E+00    0.00000E+00  0.00000E+00  0.69075E+03 -0.72554E+01  0.39425E+00  0.12071E+00
  0.22496E-01  0.69070E+03   -0.11335E-01 -0.11165E-01  0.22500E-01  0.00000E+00  0.00000E+00  0.00000E+00    0.00000E+00  0.00000E+00  0.69058E+03 -0.72500E+01  0.39446E+00  0.12073E+00
  0.22746E-01  0.69225E+03   -0.11461E-01 -0.11289E-01  0.22750E-01  0.00000E+00  0.00000E+00  0.00000E+00    0.00000E+00  0.00000E+00  0.69214E+03 -0.72640E+01  0.39438E+00  0.12059E+00
  0.22996E-01  0.69157E+03   -0.11587E-01 -0.11413E-01  0.23000E-01  0.00000E+00  0.00000E+00  0.00000E+00    0.00000E+00  0.00000E+00  0.69146E+03 -0.72542E+01  0.39457E+00  0.12063E+00
  0.23246E-01  0.69265E+03   -0.11713E-01 -0.11537E-01  0.23250E-01  0.00000E+00  0.00000E+00  0.00000E+00    0.00000E+00  0.00000E+00  0.69254E+03 -0.72641E+01  0.39458E+00  0.12052E+00
  0.23496E-01  0.69319E+03   -0.11839E-01 -0.11661E-01  0.23500E-01  0.00000E+00  0.00000E+00  0.00000E+00    0.00000E+00  0.00000E+00  0.69307E+03 -0.72660E+01  0.39479E+00  0.12060E+00
  0.23746E-01  0.69301E+03   -0.11965E-01 -0.11785E-01  0.23750E-01  0.00000E+00  0.00000E+00  0.00000E+00    0.00000E+00  0.00000E+00  0.69290E+03 -0.72607E+01  0.39500E+00  0.12062E+00
  0.23996E-01  0.69453E+03   -0.12091E-01 -0.11909E-01  0.24000E-01  0.00000E+00  0.00000E+00  0.00000E+00    0.00000E+00  0.00000E+00  0.69441E+03 -0.72737E+01  0.39490E+00  0.12048E+00
  0.24246E-01  0.69387E+03   -0.12217E-01 -0.12033E-01  0.24250E-01  0.00000E+00  0.00000E+00  0.00000E+00    0.00000E+00  0.00000E+00  0.69375E+03 -0.72645E+01  0.39510E+00  0.12053E+00
  0.24496E-01  0.69500E+03   -0.12343E-01 -0.12157E-01  0.24500E-01  0.00000E+00  0.00000E+00  0.00000E+00    0.00000E+00  0.00000E+00  0.69488E+03 -0.72759E+01  0.39498E+00  0.12037E+00
  0.24746E-01  0.69482E+03   -0.12469E-01 -0.12281E-01  0.24750E-01  0.00000E+00  0.00000E+00  0.00000E+00    0.00000E+00  0.00000E+00  0.69470E+03 -0.72700E+01  0.39531E+00  0.12056E+00
  0.24996E-01  0.69630E+03   -0.12595E-01 -0.12405E-01  0.25000E-01  0.00000E+00  0.00000E+00  0.00000E+00    0.00000E+00  0.00000E+00  0.69619E+03 -0.72812E+01  0.39529E+00  0.12037E+00
          Evm          Svm            E11          E22          E33          E23          E13          E12         SCAU11       SCAU22       SCAU33       SCAU23       SCAU13       SCAU12      TEMP
  0.24996E-01  0.69564E+03   -0.12595E-01 -0.12405E-01  0.25000E-01  0.00000E+00  0.00000E+00  0.00000E+00    0.00000E+00  0.00000E+00  0.69553E+03 -0.72791E+01  0.40963E+00  0.17312E+00
  0.25246E-01  0.69624E+03   -0.12720E-01 -0.12530E-01  0.25250E-01  0.00000E+00  0.00000E+00  0.00000E+00    0.00000E+00  0.00000E+00  0.69612E+03 -0.73394E+01  0.40475E+00  0.11263E+00
  0.25496E-01  0.69677E+03   -0.12846E-01 -0.12654E-01  0.25500E-01  0.00000E+00  0.00000E+00  0.00000E+00    0.00000E+00  0.00000E+00  0.69666E+03 -0.73121E+01  0.39962E+00  0.12559E+00
  0.25746E-01  0.69659E+03   -0.12971E-01 -0.12779E-01  0.25750E-01  0.00000E+00  0.00000E+00  0.00000E+00    0.00000E+00  0.00000E+00  0.69648E+03 -0.73018E+01  0.39918E+00  0.12201E+00
  0.25996E-01  0.69805E+03   -0.13097E-01 -0.12903E-01  0.26000E-01  0.00000E+00  0.00000E+00  0.00000E+00    0.00000E+00  0.00000E+00  0.69793E+03 -0.73089E+01  0.39857E+00  0.11991E+00
  0.26246E-01  0.69742E+03   -0.13223E-01 -0.13027E-01  0.26250E-01  0.00000E+00  0.00000E+00  0.00000E+00    0.00000E+00  0.00000E+00  0.69730E+03 -0.73035E+01  0.39922E+00  0.12012E+00
  0.26495E-01  0.69850E+03   -0.13349E-01 -0.13151E-01  0.26500E-01  0.00000E+00  0.00000E+00  0.00000E+00    0.00000E+00  0.00000E+00  0.69838E+03 -0.73088E+01  0.39834E+00  0.11960E+00
  0.26745E-01  0.69833E+03   -0.13474E-01 -0.13276E-01  0.26750E-01  0.00000E+00  0.00000E+00  0.00000E+00    0.00000E+00  0.00000E+00  0.69821E+03 -0.72985E+01  0.39799E+00  0.11995E+00
  0.26995E-01  0.69976E+03   -0.13600E-01 -0.13400E-01  0.27000E-01  0.00000E+00  0.00000E+00  0.00000E+00    0.00000E+00  0.00000E+00  0.69964E+03 -0.73039E+01  0.39726E+00  0.11989E+00
  0.27245E-01  0.69914E+03   -0.13726E-01 -0.13524E-01  0.27250E-01  0.00000E+00  0.00000E+00  0.00000E+00    0.00000E+00  0.00000E+00  0.69902E+03 -0.72969E+01  0.39765E+00  0.11990E+00
  0.27495E-01  0.70020E+03   -0.13852E-01 -0.13648E-01  0.27500E-01  0.00000E+00  0.00000E+00  0.00000E+00    0.00000E+00  0.00000E+00  0.70008E+03 -0.73048E+01  0.39719E+00  0.11982E+00
  0.27745E-01  0.70003E+03   -0.13978E-01 -0.13772E-01  0.27750E-01  0.00000E+00  0.00000E+00  0.00000E+00    0.00000E+00  0.00000E+00  0.69992E+03 -0.72975E+01  0.39723E+00  0.12008E+00
  0.27995E-01  0.70144E+03   -0.14104E-01 -0.13896E-01  0.28000E-01  0.00000E+00  0.00000E+00  0.00000E+00    0.00000E+00  0.00000E+00  0.70132E+03 -0.73052E+01  0.39687E+00  0.11994E+00
  0.28245E-01  0.70083E+03   -0.14230E-01 -0.14020E-01  0.28250E-01  0.00000E+00  0.00000E+00  0.00000E+00    0.00000E+00  0.00000E+00  0.70071E+03 -0.72979E+01  0.39717E+00  0.11997E+00
  0.28495E-01  0.70187E+03   -0.14355E-01 -0.14145E-01  0.28500E-01  0.00000E+00  0.00000E+00  0.00000E+00    0.00000E+00  0.00000E+00  0.70176E+03 -0.73066E+01  0.39687E+00  0.11985E+00
  0.28745E-01  0.70171E+03   -0.14481E-01 -0.14269E-01  0.28750E-01  0.00000E+00  0.00000E+00  0.00000E+00    0.00000E+00  0.00000E+00  0.70159E+03 -0.73006E+01  0.39708E+00  0.12007E+00
  0.28995E-01  0.70309E+03   -0.14607E-01 -0.14393E-01  0.29000E-01  0.00000E+00  0.00000E+00  0.00000E+00    0.00000E+00  0.00000E+00  0.70298E+03 -0.73091E+01  0.39687E+00  0.11989E+00
  0.29245E-01  0.70249E+03   -0.14733E-01 -0.14517E-01  0.29250E-01  0.00000E+00  0.00000E+00  0.00000E+00    0.00000E+00  0.00000E+00  0.70238E+03 -0.73018E+01  0.39713E+00  0.11993E+00
  0.29495E-01  0.70353E+03   -0.14859E-01 -0.14641E-01  0.29500E-01  0.00000E+00  0.00000E+00  0.00000E+00    0.00000E+00  0.00000E+00  0.70341E+03 -0.73107E+01  0.39690E+00  0.11980E+00
  0.29745E-01  0.70336E+03   -0.14985E-01 -0.14765E-01  0.29750E-01  0.00000E+00  0.00000E+00  0.00000E+00    0.00000E+00  0.00000E+00  0.70325E+03 -0.73054E+01  0.39717E+00  0.12000E+00
  0.29995E-01  0.70473E+03   -0.15111E-01 -0.14889E-01  0.30000E-01  0.00000E+00  0.00000E+00  0.00000E+00    0.00000E+00  0.00000E+00  0.70461E+03 -0.73141E+01  0.39702E+00  0.11980E+00
  0.30245E-01  0.70414E+03   -0.15237E-01 -0.15013E-01  0.30250E-01  0.00000E+00  0.00000E+00  0.00000E+00    0.00000E+00  0.00000E+00  0.70402E+03 -0.73069E+01  0.39727E+00  0.11984E+00
  0.30495E-01  0.70515E+03   -0.15363E-01 -0.15137E-01  0.30500E-01  0.00000E+00  0.00000E+00  0.00000E+00    0.00000E+00  0.00000E+00  0.70504E+03 -0.73157E+01  0.39706E+00  0.11970E+00
  0.30745E-01  0.70499E+03   -0.15489E-01 -0.15261E-01  0.30750E-01  0.00000E+00  0.00000E+00  0.00000E+00    0.00000E+00  0.00000E+00  0.70488E+03 -0.73108E+01  0.39737E+00  0.11989E+00
  0.30995E-01  0.70634E+03   -0.15615E-01 -0.15385E-01  0.31000E-01  0.00000E+00  0.00000E+00  0.00000E+00    0.00000E+00  0.00000E+00  0.70623E+03 -0.73193E+01  0.39724E+00  0.11969E+00
  0.31245E-01  0.70576E+03   -0.15741E-01 -0.15509E-01  0.31250E-01  0.00000E+00  0.00000E+00  0.00000E+00    0.00000E+00  0.00000E+00  0.70565E+03 -0.73123E+01  0.39749E+00  0.11974E+00
  0.31495E-01  0.70676E+03   -0.15867E-01 -0.15633E-01  0.31500E-01  0.00000E+00  0.00000E+00  0.00000E+00    0.00000E+00  0.00000E+00  0.70664E+03 -0.73209E+01  0.39728E+00  0.11959E+00
  0.31745E-01  0.70660E+03   -0.15993E-01 -0.15757E-01  0.31750E-01  0.00000E+00  0.00000E+00  0.00000E+00    0.00000E+00  0.00000E+00  0.70649E+03 -0.73163E+01  0.39760E+00  0.11977E+00
  0.31995E-01  0.70794E+03   -0.16119E-01 -0.15881E-01  0.32000E-01  0.00000E+00  0.00000E+00  0.00000E+00    0.00000E+00  0.00000E+00  0.70782E+03 -0.73246E+01  0.39748E+00  0.11956E+00
  0.32245E-01  0.70736E+03   -0.16245E-01 -0.16005E-01  0.32250E-01  0.00000E+00  0.00000E+00  0.00000E+00    0.00000E+00  0.00000E+00  0.70725E+03 -0.73178E+01  0.39773E+00  0.11962E+00
  0.32494E-01  0.70835E+03   -0.16371E-01 -0.16129E-01  0.32500E-01  0.00000E+00  0.00000E+00  0.00000E+00    0.00000E+00  0.00000E+00  0.70823E+03 -0.73261E+01  0.39751E+00  0.11947E+00
  0.32744E-01  0.70819E+03   -0.16496E-01 -0.16254E-01  0.32750E-01  0.00000E+00  0.00000E+00  0.00000E+00    0.00000E+00  0.00000E+00  0.70808E+03 -0.73217E+01  0.39784E+00  0.11965E+00
  0.32994E-01  0.70951E+03   -0.16622E-01 -0.16378E-01  0.33000E-01  0.00000E+00  0.00000E+00  0.00000E+00    0.00000E+00  0.00000E+00  0.70940E+03 -0.73298E+01  0.39771E+00  0.11943E+00
  0.33244E-01  0.70894E+03   -0.16748E-01 -0.16502E-01  0.33250E-01  0.00000E+00  0.00000E+00  0.00000E+00    0.00000E+00  0.00000E+00  0.70883E+03 -0.73232E+01  0.39797E+00  0.11949E+00
  0.33494E-01  0.70992E+03   -0.16874E-01 -0.16626E-01  0.33500E-01  0.00000E+00  0.00000E+00  0.00000E+00    0.00000E+00  0.00000E+00  0.70980E+03 -0.73313E+01  0.39775E+00  0.11934E+00
  0.33744E-01  0.70976E+03   -0.17000E-01 -0.16750E-01  0.33750E-01  0.00000E+00  0.00000E+00  0.00000E+00    0.00000E+00  0.00000E+00  0.70965E+03 -0.73270E+01  0.39808E+00  0.11952E+00
  0.33994E-01  0.71107E+03   -0.17126E-01 -0.16874E-01  0.34000E-01  0.00000E+00  0.00000E+00  0.00000E+00    0.00000E+00  0.00000E+00  0.71095E+03 -0.73348E+01  0.39795E+00  0.11930E+00
  0.34244E-01  0.71050E+03   -0.17252E-01 -0.16998E-01  0.34250E-01  0.00000E+00  0.00000E+00  0.00000E+00    0.00000E+00  0.00000E+00  0.71039E+03 -0.73284E+01  0.39820E+00  0.11936E+00
  0.34494E-01  0.71147E+03   -0.17378E-01 -0.17122E-01  0.34500E-01  0.00000E+00  0.00000E+00  0.00000E+00    0.00000E+00  0.00000E+00  0.71136E+03 -0.73363E+01  0.39798E+00  0.11920E+00
  0.34744E-01  0.71132E+03   -0.17504E-01 -0.17246E-01  0.34750E-01  0.00000E+00  0.00000E+00  0.00000E+00    0.00000E+00  0.00000E+00  0.71120E+03 -0.73321E+01  0.39831E+00  0.11938E+00
  0.34994E-01  0.71261E+03   -0.17630E-01 -0.17370E-01  0.35000E-01  0.00000E+00  0.00000E+00  0.00000E+00    0.00000E+00  0.00000E+00  0.71250E+03 -0.73397E+01  0.39817E+00  0.11916E+00
  0.35244E-01  0.71205E+03   -0.17756E-01 -0.17494E-01  0.35250E-01  0.00000E+00  0.00000E+00  0.00000E+00    0.00000E+00  0.00000E+00  0.71194E+03 -0.73335E+01  0.39843E+00  0.11922E+00
  0.35494E-01  0.71301E+03   -0.17882E-01 -0.17618E-01  0.35500E-01  0.00000E+00  0.00000E+00  0.00000E+00    0.00000E+00  0.00000E+00  0.71290E+03 -0.73411E+01  0.39821E+00  0.11907E+00
  0.35744E-01  0.71286E+03   -0.18008E-01 -0.17742E-01  0.35750E-01  0.00000E+00  0.00000E+00  0.00000E+00    0.00000E+00  0.00000E+00  0.71275E+03 -0.73371E+01  0.39854E+00  0.11924E+00
  0.35994E-01  0.71414E+03   -0.18134E-01 -0.17866E-01  0.36000E-01  0.00000E+00  0.00000E+00  0.00000E+00    0.00000E+00  0.00000E+00  0.71403E+03 -0.73445E+01  0.39839E+00  0.11902E+00
  0.36244E-01  0.71359E+03   -0.18260E-01 -0.17990E-01  0.36250E-01  0.00000E+00  0.00000E+00  0.00000E+00    0.00000E+00  0.00000E+00  0.71348E+03 -0.73384E+01  0.39865E+00  0.11908E+00
  0.36494E-01  0.71454E+03   -0.18385E-01 -0.18115E-01  0.36500E-01  0.00000E+00  0.00000E+00  0.00000E+00    0.00000E+00  0.00000E+00  0.71442E+03 -0.73458E+01  0.39842E+00  0.11893E+00
  0.36744E-01  0.71439E+03   -0.18511E-01 -0.18239E-01  0.36750E-01  0.00000E+00  0.00000E+00  0.00000E+00    0.00000E+00  0.00000E+00  0.71427E+03 -0.73419E+01  0.39875E+00  0.11910E+00
  0.36994E-01  0.71566E+03   -0.18637E-01 -0.18363E-01  0.37000E-01  0.00000E+00  0.00000E+00  0.00000E+00    0.00000E+00  0.00000E+00  0.71554E+03 -0.73491E+01  0.39860E+00  0.11887E+00
  0.37244E-01  0.71511E+03   -0.18763E-01 -0.18487E-01  0.37250E-01  0.00000E+00  0.00000E+00  0.00000E+00    0.00000E+00  0.00000E+00  0.71500E+03 -0.73432E+01  0.39887E+00  0.11894E+00
  0.37494E-01  0.71605E+03   -0.18889E-01 -0.18611E-01  0.37500E-01  0.00000E+00  0.00000E+00  0.00000E+00    0.00000E+00  0.00000E+00  0.71594E+03 -0.73504E+01  0.39863E+00  0.11878E+00
          Evm          Svm            E11          E22          E33          E23          E13          E12         SCAU11       SCAU22       SCAU33       SCAU23       SCAU13       SCAU12      TEMP
  0.37494E-01  0.71585E+03   -0.18889E-01 -0.18611E-01  0.37500E-01  0.00000E+00  0.00000E+00  0.00000E+00    0.00000E+00  0.00000E+00  0.71573E+03 -0.73546E+01  0.41266E+00  0.17068E+00
  0.37744E-01  0.71587E+03   -0.19015E-01 -0.18735E-01  0.37750E-01  0.00000E+00  0.00000E+00  0.00000E+00    0.00000E+00  0.00000E+00  0.71576E+03 -0.74060E+01  0.41397E+00  0.13215E+00
  0.37994E-01  0.71709E+03   -0.19140E-01 -0.18860E-01  0.38000E-01  0.00000E+00  0.00000E+00  0.00000E+00    0.00000E+00  0.00000E+00  0.71698E+03 -0.73903E+01  0.40392E+00  0.12052E+00
  0.38244E-01  0.71654E+03   -0.19265E-01 -0.18985E-01  0.38250E-01  0.00000E+00  0.00000E+00  0.00000E+00    0.00000E+00  0.00000E+00  0.71643E+03 -0.73769E+01  0.40296E+00  0.12384E+00
  0.38494E-01  0.71756E+03   -0.19391E-01 -0.19109E-01  0.38500E-01  0.00000E+00  0.00000E+00  0.00000E+00    0.00000E+00  0.00000E+00  0.71745E+03 -0.73806E+01  0.40242E+00  0.11799E+00
  0.38743E-01  0.71741E+03   -0.19517E-01 -0.19233E-01  0.38750E-01  0.00000E+00  0.00000E+00  0.00000E+00    0.00000E+00  0.00000E+00  0.71730E+03 -0.73707E+01  0.40191E+00  0.11828E+00
  0.38993E-01  0.71866E+03   -0.19642E-01 -0.19358E-01  0.39000E-01  0.00000E+00  0.00000E+00  0.00000E+00    0.00000E+00  0.00000E+00  0.71854E+03 -0.73717E+01  0.40096E+00  0.11818E+00
  0.39243E-01  0.71812E+03   -0.19768E-01 -0.19482E-01  0.39250E-01  0.00000E+00  0.00000E+00  0.00000E+00    0.00000E+00  0.00000E+00  0.71801E+03 -0.73680E+01  0.40150E+00  0.11819E+00
  0.39493E-01  0.71905E+03   -0.19894E-01 -0.19606E-01  0.39500E-01  0.00000E+00  0.00000E+00  0.00000E+00    0.00000E+00  0.00000E+00  0.71894E+03 -0.73716E+01  0.40078E+00  0.11810E+00
  0.39743E-01  0.71890E+03   -0.20020E-01 -0.19730E-01  0.39750E-01  0.00000E+00  0.00000E+00  0.00000E+00    0.00000E+00  0.00000E+00  0.71879E+03 -0.73647E+01  0.40066E+00  0.11838E+00
  0.39993E-01  0.72027E+03   -0.20146E-01 -0.19854E-01  0.40000E-01  0.00000E+00  0.00000E+00  0.00000E+00    0.00000E+00  0.00000E+00  0.72016E+03 -0.73723E+01  0.39979E+00  0.11822E+00
  0.40243E-01  0.72014E+03   -0.20271E-01 -0.19979E-01  0.40250E-01  0.00000E+00  0.00000E+00  0.00000E+00    0.00000E+00  0.00000E+00  0.72003E+03 -0.73681E+01  0.40005E+00  0.11825E+00
  0.40493E-01  0.72053E+03   -0.20397E-01 -0.20103E-01  0.40500E-01  0.00000E+00  0.00000E+00  0.00000E+00    0.00000E+00  0.00000E+00  0.72041E+03 -0.73696E+01  0.39990E+00  0.11815E+00
  0.40743E-01  0.72039E+03   -0.20523E-01 -0.20227E-01  0.40750E-01  0.00000E+00  0.00000E+00  0.00000E+00    0.00000E+00  0.00000E+00  0.72027E+03 -0.73644E+01  0.40011E+00  0.11837E+00
  0.40993E-01  0.72175E+03   -0.20649E-01 -0.20351E-01  0.41000E-01  0.00000E+00  0.00000E+00  0.00000E+00    0.00000E+00  0.00000E+00  0.72164E+03 -0.73733E+01  0.39955E+00  0.11816E+00
  0.41243E-01  0.72162E+03   -0.20775E-01 -0.20475E-01  0.41250E-01  0.00000E+00  0.00000E+00  0.00000E+00    0.00000E+00  0.00000E+00  0.72151E+03 -0.73694E+01  0.39982E+00  0.11819E+00
  0.41493E-01  0.72200E+03   -0.20901E-01 -0.20599E-01  0.41500E-01  0.00000E+00  0.00000E+00  0.00000E+00    0.00000E+00  0.00000E+00  0.72189E+03 -0.73710E+01  0.39971E+00  0.11808E+00
  0.41743E-01  0.72186E+03   -0.21027E-01 -0.20723E-01  0.41750E-01  0.00000E+00  0.00000E+00  0.00000E+00    0.00000E+00  0.00000E+00  0.72175E+03 -0.73665E+01  0.40000E+00  0.11828E+00
  0.41993E-01  0.72267E+03   -0.21153E-01 -0.20847E-01  0.42000E-01  0.00000E+00  0.00000E+00  0.00000E+00    0.00000E+00  0.00000E+00  0.72256E+03 -0.73713E+01  0.39985E+00  0.11822E+00
  0.42243E-01  0.72312E+03   -0.21278E-01 -0.20972E-01  0.42250E-01  0.00000E+00  0.00000E+00  0.00000E+00    0.00000E+00  0.00000E+00  0.72301E+03 -0.73734E+01  0.39958E+00  0.11798E+00
  0.42493E-01  0.72297E+03   -0.21404E-01 -0.21096E-01  0.42500E-01  0.00000E+00  0.00000E+00  0.00000E+00    0.00000E+00  0.00000E+00  0.72286E+03 -0.73691E+01  0.39996E+00  0.11818E+00
  0.42743E-01  0.72376E+03   -0.21530E-01 -0.21220E-01  0.42750E-01  0.00000E+00  0.00000E+00  0.00000E+00    0.00000E+00  0.00000E+00  0.72365E+03 -0.73737E+01  0.39987E+00  0.11813E+00
  0.42993E-01  0.72422E+03   -0.21656E-01 -0.21344E-01  0.43000E-01  0.00000E+00  0.00000E+00  0.00000E+00    0.00000E+00  0.00000E+00  0.72411E+03 -0.73759E+01  0.39964E+00  0.11788E+00
  0.43243E-01  0.72407E+03   -0.21782E-01 -0.21468E-01  0.43250E-01  0.00000E+00  0.00000E+00  0.00000E+00    0.00000E+00  0.00000E+00  0.72396E+03 -0.73717E+01  0.40003E+00  0.11807E+00
  0.43493E-01  0.72486E+03   -0.21908E-01 -0.21592E-01  0.43500E-01  0.00000E+00  0.00000E+00  0.00000E+00    0.00000E+00  0.00000E+00  0.72474E+03 -0.73762E+01  0.39994E+00  0.11802E+00
  0.43743E-01  0.72532E+03   -0.22034E-01 -0.21716E-01  0.43750E-01  0.00000E+00  0.00000E+00  0.00000E+00    0.00000E+00  0.00000E+00  0.72521E+03 -0.73786E+01  0.39973E+00  0.11777E+00
  0.43993E-01  0.72516E+03   -0.22160E-01 -0.21840E-01  0.44000E-01  0.00000E+00  0.00000E+00  0.00000E+00    0.00000E+00  0.00000E+00  0.72505E+03 -0.73744E+01  0.40012E+00  0.11797E+00
  0.44243E-01  0.72595E+03   -0.22286E-01 -0.21964E-01  0.44250E-01  0.00000E+00  0.00000E+00  0.00000E+00    0.00000E+00  0.00000E+00  0.72584E+03 -0.73788E+01  0.40003E+00  0.11791E+00
  0.44493E-01  0.72641E+03   -0.22412E-01 -0.22088E-01  0.44500E-01  0.00000E+00  0.00000E+00  0.00000E+00    0.00000E+00  0.00000E+00  0.72630E+03 -0.73812E+01  0.39982E+00  0.11766E+00
  0.44743E-01  0.72626E+03   -0.22537E-01 -0.22213E-01  0.44750E-01  0.00000E+00  0.00000E+00  0.00000E+00    0.00000E+00  0.00000E+00  0.72614E+03 -0.73771E+01  0.40022E+00  0.11785E+00
  0.44993E-01  0.72704E+03   -0.22663E-01 -0.22337E-01  0.45000E-01  0.00000E+00  0.00000E+00  0.00000E+00    0.00000E+00  0.00000E+00  0.72693E+03 -0.73815E+01  0.40012E+00  0.11780E+00
  0.45242E-01  0.72750E+03   -0.22789E-01 -0.22461E-01  0.45250E-01  0.00000E+00  0.00000E+00  0.00000E+00    0.00000E+00  0.00000E+00  0.72739E+03 -0.73839E+01  0.39993E+00  0.11754E+00
  0.45492E-01  0.72734E+03   -0.22915E-01 -0.22585E-01  0.45500E-01  0.00000E+00  0.00000E+00  0.00000E+00    0.00000E+00  0.00000E+00  0.72723E+03 -0.73799E+01  0.40033E+00  0.11774E+00
  0.45742E-01  0.72812E+03   -0.23041E-01 -0.22709E-01  0.45750E-01  0.00000E+00  0.00000E+00  0.00000E+00    0.00000E+00  0.00000E+00  0.72801E+03 -0.73842E+01  0.40022E+00  0.11768E+00
  0.45992E-01  0.72858E+03   -0.23167E-01 -0.22833E-01  0.46000E-01  0.00000E+00  0.00000E+00  0.00000E+00    0.00000E+00  0.00000E+00  0.72847E+03 -0.73866E+01  0.40003E+00  0.11743E+00
  0.46242E-01  0.72843E+03   -0.23293E-01 -0.22957E-01  0.46250E-01  0.00000E+00  0.00000E+00  0.00000E+00    0.00000E+00  0.00000E+00  0.72832E+03 -0.73826E+01  0.40043E+00  0.11762E+00
  0.46492E-01  0.72921E+03   -0.23419E-01 -0.23081E-01  0.46500E-01  0.00000E+00  0.00000E+00  0.00000E+00    0.00000E+00  0.00000E+00  0.72910E+03 -0.73869E+01  0.40033E+00  0.11757E+00
  0.46742E-01  0.72967E+03   -0.23545E-01 -0.23205E-01  0.46750E-01  0.00000E+00  0.00000E+00  0.00000E+00    0.00000E+00  0.00000E+00  0.72955E+03 -0.73893E+01  0.40014E+00  0.11731E+00
  0.46992E-01  0.72951E+03   -0.23671E-01 -0.23329E-01  0.47000E-01  0.00000E+00  0.00000E+00  0.00000E+00    0.00000E+00  0.00000E+00  0.72940E+03 -0.73853E+01  0.40054E+00  0.11750E+00
  0.47242E-01  0.73029E+03   -0.23796E-01 -0.23454E-01  0.47250E-01  0.00000E+00  0.00000E+00  0.00000E+00    0.00000E+00  0.00000E+00  0.73018E+03 -0.73895E+01  0.40044E+00  0.11745E+00
  0.47492E-01  0.73075E+03   -0.23922E-01 -0.23578E-01  0.47500E-01  0.00000E+00  0.00000E+00  0.00000E+00    0.00000E+00  0.00000E+00  0.73063E+03 -0.73919E+01  0.40025E+00  0.11719E+00
  0.47742E-01  0.73059E+03   -0.24048E-01 -0.23702E-01  0.47750E-01  0.00000E+00  0.00000E+00  0.00000E+00    0.00000E+00  0.00000E+00  0.73048E+03 -0.73881E+01  0.40065E+00  0.11738E+00
  0.47992E-01  0.73137E+03   -0.24174E-01 -0.23826E-01  0.48000E-01  0.00000E+00  0.00000E+00  0.00000E+00    0.00000E+00  0.00000E+00  0.73126E+03 -0.73922E+01  0.40054E+00  0.11733E+00
  0.48242E-01  0.73182E+03   -0.24300E-01 -0.23950E-01  0.48250E-01  0.00000E+00  0.00000E+00  0.00000E+00    0.00000E+00  0.00000E+00  0.73171E+03 -0.73946E+01  0.40035E+00  0.11708E+00
  0.48492E-01  0.73167E+03   -0.24426E-01 -0.24074E-01  0.48500E-01  0.00000E+00  0.00000E+00  0.00000E+00    0.00000E+00  0.00000E+00  0.73156E+03 -0.73907E+01  0.40076E+00  0.11726E+00
  0.48742E-01  0.73244E+03   -0.24552E-01 -0.24198E-01  0.48750E-01  0.00000E+00  0.00000E+00  0.00000E+00    0.00000E+00  0.00000E+00  0.73233E+03 -0.73948E+01  0.40065E+00  0.11721E+00
  0.48992E-01  0.73290E+03   -0.24678E-01 -0.24322E-01  0.49000E-01  0.00000E+00  0.00000E+00  0.00000E+00    0.00000E+00  0.00000E+00  0.73279E+03 -0.73972E+01  0.40046E+00  0.11696E+00
  0.49242E-01  0.73275E+03   -0.24804E-01 -0.24446E-01  0.49250E-01  0.00000E+00  0.00000E+00  0.00000E+00    0.00000E+00  0.00000E+00  0.73264E+03 -0.73934E+01  0.40087E+00  0.11714E+00
  0.49492E-01  0.73352E+03   -0.24930E-01 -0.24570E-01  0.49500E-01  0.00000E+00  0.00000E+00  0.00000E+00    0.00000E+00  0.00000E+00  0.73341E+03 -0.73974E+01  0.40075E+00  0.11709E+00
  0.49742E-01  0.73397E+03   -0.25055E-01 -0.24695E-01  0.49750E-01  0.00000E+00  0.00000E+00  0.00000E+00    0.00000E+00  0.00000E+00  0.73386E+03 -0.73998E+01  0.40057E+00  0.11684E+00
  0.49992E-01  0.73382E+03   -0.25181E-01 -0.24819E-01  0.50000E-01  0.00000E+00  0.00000E+00  0.00000E+00    0.00000E+00  0.00000E+00  0.73371E+03 -0.73960E+01  0.40097E+00  0.11702E+00
          Evm          Svm            E11          E22          E33          E23          E13          E12         SCAU11       SCAU22       SCAU33       SCAU23       SCAU13       SCAU12      TEMP
  0.49992E-01  0.73412E+03   -0.25181E-01 -0.24819E-01  0.50000E-01  0.00000E+00  0.00000E+00  0.00000E+00    0.00000E+00  0.00000E+00  0.73401E+03 -0.73678E+01  0.41021E+00  0.17732E+00
  0.50242E-01  0.73412E+03   -0.25306E-01 -0.24944E-01  0.50250E-01  0.00000E+00  0.00000E+00  0.00000E+00    0.00000E+00  0.00000E+00  0.73401E+03 -0.74054E+01  0.41433E+00  0.16772E+00
  0.50492E-01  0.73505E+03   -0.25432E-01 -0.25068E-01  0.50500E-01  0.00000E+00  0.00000E+00  0.00000E+00    0.00000E+00  0.00000E+00  0.73494E+03 -0.74618E+01  0.41509E+00  0.12983E+00
  0.50742E-01  0.73539E+03   -0.25557E-01 -0.25193E-01  0.50750E-01  0.00000E+00  0.00000E+00  0.00000E+00    0.00000E+00  0.00000E+00  0.73528E+03 -0.74347E+01  0.40537E+00  0.11462E+00
  0.50992E-01  0.73525E+03   -0.25683E-01 -0.25317E-01  0.51000E-01  0.00000E+00  0.00000E+00  0.00000E+00    0.00000E+00  0.00000E+00  0.73514E+03 -0.74269E+01  0.40510E+00  0.11564E+00
  0.51242E-01  0.73603E+03   -0.25808E-01 -0.25442E-01  0.51250E-01  0.00000E+00  0.00000E+00  0.00000E+00    0.00000E+00  0.00000E+00  0.73591E+03 -0.74322E+01  0.40511E+00  0.11617E+00
  0.51492E-01  0.73647E+03   -0.25934E-01 -0.25566E-01  0.51500E-01  0.00000E+00  0.00000E+00  0.00000E+00    0.00000E+00  0.00000E+00  0.73636E+03 -0.74263E+01  0.40375E+00  0.11593E+00
  0.51741E-01  0.73632E+03   -0.26059E-01 -0.25691E-01  0.51750E-01  0.00000E+00  0.00000E+00  0.00000E+00    0.00000E+00  0.00000E+00  0.73621E+03 -0.74201E+01  0.40379E+00  0.11622E+00
  0.51991E-01  0.73709E+03   -0.26185E-01 -0.25815E-01  0.52000E-01  0.00000E+00  0.00000E+00  0.00000E+00    0.00000E+00  0.00000E+00  0.73698E+03 -0.74252E+01  0.40385E+00  0.11612E+00
  0.52241E-01  0.73754E+03   -0.26311E-01 -0.25939E-01  0.52250E-01  0.00000E+00  0.00000E+00  0.00000E+00    0.00000E+00  0.00000E+00  0.73743E+03 -0.74220E+01  0.40290E+00  0.11603E+00
  0.52491E-01  0.73739E+03   -0.26436E-01 -0.26064E-01  0.52500E-01  0.00000E+00  0.00000E+00  0.00000E+00    0.00000E+00  0.00000E+00  0.73728E+03 -0.74167E+01  0.40306E+00  0.11627E+00
  0.52741E-01  0.73815E+03   -0.26562E-01 -0.26188E-01  0.52750E-01  0.00000E+00  0.00000E+00  0.00000E+00    0.00000E+00  0.00000E+00  0.73804E+03 -0.74213E+01  0.40306E+00  0.11618E+00
  0.52991E-01  0.73860E+03   -0.26688E-01 -0.26312E-01  0.53000E-01  0.00000E+00  0.00000E+00  0.00000E+00    0.00000E+00  0.00000E+00  0.73849E+03 -0.74199E+01  0.40236E+00  0.11604E+00
  0.53241E-01  0.73846E+03   -0.26813E-01 -0.26437E-01  0.53250E-01  0.00000E+00  0.00000E+00  0.00000E+00    0.00000E+00  0.00000E+00  0.73834E+03 -0.74152E+01  0.40261E+00  0.11626E+00
  0.53491E-01  0.73922E+03   -0.26939E-01 -0.26561E-01  0.53500E-01  0.00000E+00  0.00000E+00  0.00000E+00    0.00000E+00  0.00000E+00  0.73911E+03 -0.74195E+01  0.40257E+00  0.11618E+00
  0.53741E-01  0.73967E+03   -0.27065E-01 -0.26685E-01  0.53750E-01  0.00000E+00  0.00000E+00  0.00000E+00    0.00000E+00  0.00000E+00  0.73956E+03 -0.74193E+01  0.40203E+00  0.11600E+00
  0.53991E-01  0.73952E+03   -0.27191E-01 -0.26809E-01  0.54000E-01  0.00000E+00  0.00000E+00  0.00000E+00    0.00000E+00  0.00000E+00  0.73941E+03 -0.74150E+01  0.40233E+00  0.11621E+00
  0.54241E-01  0.74028E+03   -0.27317E-01 -0.26933E-01  0.54250E-01  0.00000E+00  0.00000E+00  0.00000E+00    0.00000E+00  0.00000E+00  0.74017E+03 -0.74191E+01  0.40226E+00  0.11614E+00
  0.54491E-01  0.74073E+03   -0.27442E-01 -0.27058E-01  0.54500E-01  0.00000E+00  0.00000E+00  0.00000E+00    0.00000E+00  0.00000E+00  0.74062E+03 -0.74196E+01  0.40184E+00  0.11594E+00
  0.54741E-01  0.74058E+03   -0.27568E-01 -0.27182E-01  0.54750E-01  0.00000E+00  0.00000E+00  0.00000E+00    0.00000E+00  0.00000E+00  0.74047E+03 -0.74156E+01  0.40218E+00  0.11614E+00
  0.54991E-01  0.74135E+03   -0.27694E-01 -0.27306E-01  0.55000E-01  0.00000E+00  0.00000E+00  0.00000E+00    0.00000E+00  0.00000E+00  0.74123E+03 -0.74196E+01  0.40209E+00  0.11607E+00
  0.55241E-01  0.74180E+03   -0.27820E-01 -0.27430E-01  0.55250E-01  0.00000E+00  0.00000E+00  0.00000E+00    0.00000E+00  0.00000E+00  0.74168E+03 -0.74207E+01  0.40174E+00  0.11586E+00
  0.55491E-01  0.74165E+03   -0.27946E-01 -0.27554E-01  0.55500E-01  0.00000E+00  0.00000E+00  0.00000E+00    0.00000E+00  0.00000E+00  0.74154E+03 -0.74168E+01  0.40210E+00  0.11605E+00
  0.55741E-01  0.74241E+03   -0.28072E-01 -0.27678E-01  0.55750E-01  0.00000E+00  0.00000E+00  0.00000E+00    0.00000E+00  0.00000E+00  0.74230E+03 -0.74207E+01  0.40200E+00  0.11598E+00
  0.55991E-01  0.74286E+03   -0.28197E-01 -0.27803E-01  0.56000E-01  0.00000E+00  0.00000E+00  0.00000E+00    0.00000E+00  0.00000E+00  0.74275E+03 -0.74221E+01  0.40171E+00  0.11576E+00
  0.56241E-01  0.74271E+03   -0.28323E-01 -0.27927E-01  0.56250E-01  0.00000E+00  0.00000E+00  0.00000E+00    0.00000E+00  0.00000E+00  0.74260E+03 -0.74184E+01  0.40208E+00  0.11595E+00
  0.56491E-01  0.74347E+03   -0.28449E-01 -0.28051E-01  0.56500E-01  0.00000E+00  0.00000E+00  0.00000E+00    0.00000E+00  0.00000E+00  0.74336E+03 -0.74222E+01  0.40197E+00  0.11589E+00
  0.56741E-01  0.74392E+03   -0.28575E-01 -0.28175E-01  0.56750E-01  0.00000E+00  0.00000E+00  0.00000E+00    0.00000E+00  0.00000E+00  0.74381E+03 -0.74238E+01  0.40171E+00  0.11566E+00
  0.56991E-01  0.74377E+03   -0.28701E-01 -0.28299E-01  0.57000E-01  0.00000E+00  0.00000E+00  0.00000E+00    0.00000E+00  0.00000E+00  0.74366E+03 -0.74202E+01  0.40210E+00  0.11584E+00
  0.57241E-01  0.74453E+03   -0.28827E-01 -0.28423E-01  0.57250E-01  0.00000E+00  0.00000E+00  0.00000E+00    0.00000E+00  0.00000E+00  0.74442E+03 -0.74240E+01  0.40198E+00  0.11578E+00
  0.57491E-01  0.74498E+03   -0.28952E-01 -0.28548E-01  0.57500E-01  0.00000E+00  0.00000E+00  0.00000E+00    0.00000E+00  0.00000E+00  0.74487E+03 -0.74257E+01  0.40175E+00  0.11554E+00
  0.57741E-01  0.74483E+03   -0.29078E-01 -0.28672E-01  0.57750E-01  0.00000E+00  0.00000E+00  0.00000E+00    0.00000E+00  0.00000E+00  0.74472E+03 -0.74222E+01  0.40214E+00  0.11573E+00
  0.57991E-01  0.74559E+03   -0.29204E-01 -0.28796E-01  0.58000E-01  0.00000E+00  0.00000E+00  0.00000E+00    0.00000E+00  0.00000E+00  0.74548E+03 -0.74259E+01  0.40202E+00  0.11567E+00
  0.58240E-01  0.74604E+03   -0.29330E-01 -0.28920E-01  0.58250E-01  0.00000E+00  0.00000E+00  0.00000E+00    0.00000E+00  0.00000E+00  0.74592E+03 -0.74277E+01  0.40180E+00  0.11543E+00
  0.58490E-01  0.74589E+03   -0.29456E-01 -0.29044E-01  0.58500E-01  0.00000E+00  0.00000E+00  0.00000E+00    0.00000E+00  0.00000E+00  0.74578E+03 -0.74243E+01  0.40219E+00  0.11561E+00
  0.58740E-01  0.74665E+03   -0.29582E-01 -0.29168E-01  0.58750E-01  0.00000E+00  0.00000E+00  0.00000E+00    0.00000E+00  0.00000E+00  0.74653E+03 -0.74279E+01  0.40207E+00  0.11555E+00
  0.58990E-01  0.74709E+03   -0.29708E-01 -0.29292E-01  0.59000E-01  0.00000E+00  0.00000E+00  0.00000E+00    0.00000E+00  0.00000E+00  0.74698E+03 -0.74298E+01  0.40186E+00  0.11531E+00
  0.59240E-01  0.74695E+03   -0.29833E-01 -0.29417E-01  0.59250E-01  0.00000E+00  0.00000E+00  0.00000E+00    0.00000E+00  0.00000E+00  0.74684E+03 -0.74264E+01  0.40226E+00  0.11549E+00
  0.59490E-01  0.74770E+03   -0.29959E-01 -0.29541E-01  0.59500E-01  0.00000E+00  0.00000E+00  0.00000E+00    0.00000E+00  0.00000E+00  0.74759E+03 -0.74300E+01  0.40213E+00  0.11543E+00
  0.59740E-01  0.74815E+03   -0.30085E-01 -0.29665E-01  0.59750E-01  0.00000E+00  0.00000E+00  0.00000E+00    0.00000E+00  0.00000E+00  0.74804E+03 -0.74319E+01  0.40193E+00  0.11519E+00
  0.59990E-01  0.74800E+03   -0.30211E-01 -0.29789E-01  0.60000E-01  0.00000E+00  0.00000E+00  0.00000E+00    0.00000E+00  0.00000E+00  0.74789E+03 -0.74286E+01  0.40233E+00  0.11537E+00
  0.60240E-01  0.74876E+03   -0.30337E-01 -0.29913E-01  0.60250E-01  0.00000E+00  0.00000E+00  0.00000E+00    0.00000E+00  0.00000E+00  0.74865E+03 -0.74321E+01  0.40220E+00  0.11531E+00
  0.60490E-01  0.74921E+03   -0.30463E-01 -0.30037E-01  0.60500E-01  0.00000E+00  0.00000E+00  0.00000E+00    0.00000E+00  0.00000E+00  0.74910E+03 -0.74341E+01  0.40201E+00  0.11507E+00
  0.60740E-01  0.74906E+03   -0.30589E-01 -0.30161E-01  0.60750E-01  0.00000E+00  0.00000E+00  0.00000E+00    0.00000E+00  0.00000E+00  0.74895E+03 -0.74307E+01  0.40241E+00  0.11525E+00
  0.60990E-01  0.74982E+03   -0.30714E-01 -0.30286E-01  0.61000E-01  0.00000E+00  0.00000E+00  0.00000E+00    0.00000E+00  0.00000E+00  0.74971E+03 -0.74343E+01  0.40228E+00  0.11518E+00
  0.61240E-01  0.75026E+03   -0.30840E-01 -0.30410E-01  0.61250E-01  0.00000E+00  0.00000E+00  0.00000E+00    0.00000E+00  0.00000E+00  0.75015E+03 -0.74363E+01  0.40208E+00  0.11494E+00
  0.61490E-01  0.75012E+03   -0.30966E-01 -0.30534E-01  0.61500E-01  0.00000E+00  0.00000E+00  0.00000E+00    0.00000E+00  0.00000E+00  0.75001E+03 -0.74329E+01  0.40249E+00  0.11513E+00
  0.61740E-01  0.75087E+03   -0.31092E-01 -0.30658E-01  0.61750E-01  0.00000E+00  0.00000E+00  0.00000E+00    0.00000E+00  0.00000E+00  0.75076E+03 -0.74364E+01  0.40236E+00  0.11506E+00
  0.61990E-01  0.75132E+03   -0.31218E-01 -0.30782E-01  0.62000E-01  0.00000E+00  0.00000E+00  0.00000E+00    0.00000E+00  0.00000E+00  0.75121E+03 -0.74384E+01  0.40216E+00  0.11482E+00
  0.62240E-01  0.75117E+03   -0.31344E-01 -0.30906E-01  0.62250E-01  0.00000E+00  0.00000E+00  0.00000E+00    0.00000E+00  0.00000E+00  0.75106E+03 -0.74351E+01  0.40257E+00  0.11500E+00
  0.62490E-01  0.75193E+03   -0.31470E-01 -0.31030E-01  0.62500E-01  0.00000E+00  0.00000E+00  0.00000E+00    0.00000E+00  0.00000E+00  0.75182E+03 -0.74386E+01  0.40244E+00  0.11494E+00
          Evm          Svm            E11          E22          E33          E23          E13          E12         SCAU11       SCAU22       SCAU33       SCAU23       SCAU13       SCAU12      TEMP
  0.62490E-01  0.75182E+03   -0.31470E-01 -0.31030E-01  0.62500E-01  0.00000E+00  0.00000E+00  0.00000E+00    0.00000E+00  0.00000E+00  0.75171E+03 -0.74100E+01  0.41155E+00  0.17396E+00
  0.62740E-01  0.75182E+03   -0.31595E-01 -0.31155E-01  0.62750E-01  0.00000E+00  0.00000E+00  0.00000E+00    0.00000E+00  0.00000E+00  0.75171E+03 -0.74458E+01  0.41549E+00  0.16461E+00
  0.62990E-01  0.75273E+03   -0.31720E-01 -0.31280E-01  0.63000E-01  0.00000E+00  0.00000E+00  0.00000E+00    0.00000E+00  0.00000E+00  0.75262E+03 -0.74986E+01  0.41611E+00  0.12768E+00
  0.63240E-01  0.75281E+03   -0.31845E-01 -0.31405E-01  0.63250E-01  0.00000E+00  0.00000E+00  0.00000E+00    0.00000E+00  0.00000E+00  0.75270E+03 -0.74795E+01  0.40765E+00  0.10965E+00
  0.63490E-01  0.75289E+03   -0.31971E-01 -0.31529E-01  0.63500E-01  0.00000E+00  0.00000E+00  0.00000E+00    0.00000E+00  0.00000E+00  0.75278E+03 -0.74668E+01  0.40678E+00  0.11251E+00
  0.63740E-01  0.75385E+03   -0.32097E-01 -0.31653E-01  0.63750E-01  0.00000E+00  0.00000E+00  0.00000E+00    0.00000E+00  0.00000E+00  0.75373E+03 -0.74652E+01  0.40602E+00  0.11480E+00
  0.63990E-01  0.75460E+03   -0.32222E-01 -0.31778E-01  0.64000E-01  0.00000E+00  0.00000E+00  0.00000E+00    0.00000E+00  0.00000E+00  0.75449E+03 -0.74667E+01  0.40544E+00  0.11353E+00
  0.64240E-01  0.75385E+03   -0.32348E-01 -0.31902E-01  0.64250E-01  0.00000E+00  0.00000E+00  0.00000E+00    0.00000E+00  0.00000E+00  0.75374E+03 -0.74642E+01  0.40619E+00  0.11370E+00
  0.64490E-01  0.75483E+03   -0.32473E-01 -0.32027E-01  0.64500E-01  0.00000E+00  0.00000E+00  0.00000E+00    0.00000E+00  0.00000E+00  0.75471E+03 -0.74623E+01  0.40500E+00  0.11396E+00
  0.64740E-01  0.75571E+03   -0.32599E-01 -0.32151E-01  0.64750E-01  0.00000E+00  0.00000E+00  0.00000E+00    0.00000E+00  0.00000E+00  0.75560E+03 -0.74596E+01  0.40431E+00  0.11401E+00
  0.64989E-01  0.75492E+03   -0.32725E-01 -0.32275E-01  0.65000E-01  0.00000E+00  0.00000E+00  0.00000E+00    0.00000E+00  0.00000E+00  0.75481E+03 -0.74560E+01  0.40488E+00  0.11410E+00
  0.65239E-01  0.75588E+03   -0.32851E-01 -0.32399E-01  0.65250E-01  0.00000E+00  0.00000E+00  0.00000E+00    0.00000E+00  0.00000E+00  0.75577E+03 -0.74572E+01  0.40409E+00  0.11413E+00
  0.65489E-01  0.75676E+03   -0.32976E-01 -0.32524E-01  0.65500E-01  0.00000E+00  0.00000E+00  0.00000E+00    0.00000E+00  0.00000E+00  0.75665E+03 -0.74568E+01  0.40369E+00  0.11400E+00
  0.65739E-01  0.75597E+03   -0.33102E-01 -0.32648E-01  0.65750E-01  0.00000E+00  0.00000E+00  0.00000E+00    0.00000E+00  0.00000E+00  0.75586E+03 -0.74527E+01  0.40419E+00  0.11411E+00
  0.65989E-01  0.75693E+03   -0.33228E-01 -0.32772E-01  0.66000E-01  0.00000E+00  0.00000E+00  0.00000E+00    0.00000E+00  0.00000E+00  0.75682E+03 -0.74553E+01  0.40361E+00  0.11412E+00
  0.66239E-01  0.75781E+03   -0.33354E-01 -0.32896E-01  0.66250E-01  0.00000E+00  0.00000E+00  0.00000E+00    0.00000E+00  0.00000E+00  0.75770E+03 -0.74559E+01  0.40334E+00  0.11397E+00
  0.66489E-01  0.75702E+03   -0.33479E-01 -0.33021E-01  0.66500E-01  0.00000E+00  0.00000E+00  0.00000E+00    0.00000E+00  0.00000E+00  0.75691E+03 -0.74514E+01  0.40379E+00  0.11409E+00
  0.66739E-01  0.75798E+03   -0.33605E-01 -0.33145E-01  0.66750E-01  0.00000E+00  0.00000E+00  0.00000E+00    0.00000E+00  0.00000E+00  0.75787E+03 -0.74550E+01  0.40335E+00  0.11406E+00
  0.66989E-01  0.75886E+03   -0.33731E-01 -0.33269E-01  0.67000E-01  0.00000E+00  0.00000E+00  0.00000E+00    0.00000E+00  0.00000E+00  0.75875E+03 -0.74561E+01  0.40317E+00  0.11389E+00
  0.67239E-01  0.75808E+03   -0.33857E-01 -0.33393E-01  0.67250E-01  0.00000E+00  0.00000E+00  0.00000E+00    0.00000E+00  0.00000E+00  0.75797E+03 -0.74515E+01  0.40359E+00  0.11402E+00
  0.67489E-01  0.75904E+03   -0.33983E-01 -0.33517E-01  0.67500E-01  0.00000E+00  0.00000E+00  0.00000E+00    0.00000E+00  0.00000E+00  0.75893E+03 -0.74556E+01  0.40322E+00  0.11398E+00
  0.67739E-01  0.75991E+03   -0.34109E-01 -0.33641E-01  0.67750E-01  0.00000E+00  0.00000E+00  0.00000E+00    0.00000E+00  0.00000E+00  0.75980E+03 -0.74571E+01  0.40309E+00  0.11380E+00
  0.67989E-01  0.75913E+03   -0.34234E-01 -0.33766E-01  0.68000E-01  0.00000E+00  0.00000E+00  0.00000E+00    0.00000E+00  0.00000E+00  0.75902E+03 -0.74524E+01  0.40349E+00  0.11393E+00
  0.68239E-01  0.76009E+03   -0.34360E-01 -0.33890E-01  0.68250E-01  0.00000E+00  0.00000E+00  0.00000E+00    0.00000E+00  0.00000E+00  0.75998E+03 -0.74568E+01  0.40317E+00  0.11388E+00
  0.68489E-01  0.76097E+03   -0.34486E-01 -0.34014E-01  0.68500E-01  0.00000E+00  0.00000E+00  0.00000E+00    0.00000E+00  0.00000E+00  0.76086E+03 -0.74585E+01  0.40307E+00  0.11369E+00
  0.68739E-01  0.76018E+03   -0.34612E-01 -0.34138E-01  0.68750E-01  0.00000E+00  0.00000E+00  0.00000E+00    0.00000E+00  0.00000E+00  0.76007E+03 -0.74537E+01  0.40347E+00  0.11383E+00
  0.68989E-01  0.76114E+03   -0.34738E-01 -0.34262E-01  0.69000E-01  0.00000E+00  0.00000E+00  0.00000E+00    0.00000E+00  0.00000E+00  0.76103E+03 -0.74583E+01  0.40317E+00  0.11377E+00
  0.69239E-01  0.76202E+03   -0.34863E-01 -0.34387E-01  0.69250E-01  0.00000E+00  0.00000E+00  0.00000E+00    0.00000E+00  0.00000E+00  0.76191E+03 -0.74601E+01  0.40309E+00  0.11358E+00
  0.69489E-01  0.76123E+03   -0.34989E-01 -0.34511E-01  0.69500E-01  0.00000E+00  0.00000E+00  0.00000E+00    0.00000E+00  0.00000E+00  0.76112E+03 -0.74553E+01  0.40348E+00  0.11372E+00
  0.69739E-01  0.76219E+03   -0.35115E-01 -0.34635E-01  0.69750E-01  0.00000E+00  0.00000E+00  0.00000E+00    0.00000E+00  0.00000E+00  0.76208E+03 -0.74600E+01  0.40320E+00  0.11365E+00
  0.69989E-01  0.76307E+03   -0.35241E-01 -0.34759E-01  0.70000E-01  0.00000E+00  0.00000E+00  0.00000E+00    0.00000E+00  0.00000E+00  0.76296E+03 -0.74619E+01  0.40313E+00  0.11346E+00
  0.70239E-01  0.76228E+03   -0.35367E-01 -0.34883E-01  0.70250E-01  0.00000E+00  0.00000E+00  0.00000E+00    0.00000E+00  0.00000E+00  0.76217E+03 -0.74571E+01  0.40352E+00  0.11360E+00
  0.70489E-01  0.76324E+03   -0.35493E-01 -0.35007E-01  0.70500E-01  0.00000E+00  0.00000E+00  0.00000E+00    0.00000E+00  0.00000E+00  0.76313E+03 -0.74618E+01  0.40325E+00  0.11353E+00
  0.70739E-01  0.76412E+03   -0.35618E-01 -0.35132E-01  0.70750E-01  0.00000E+00  0.00000E+00  0.00000E+00    0.00000E+00  0.00000E+00  0.76401E+03 -0.74637E+01  0.40319E+00  0.11334E+00
  0.70989E-01  0.76333E+03   -0.35744E-01 -0.35256E-01  0.71000E-01  0.00000E+00  0.00000E+00  0.00000E+00    0.00000E+00  0.00000E+00  0.76322E+03 -0.74589E+01  0.40357E+00  0.11348E+00
  0.71239E-01  0.76429E+03   -0.35870E-01 -0.35380E-01  0.71250E-01  0.00000E+00  0.00000E+00  0.00000E+00    0.00000E+00  0.00000E+00  0.76418E+03 -0.74637E+01  0.40331E+00  0.11341E+00
  0.71489E-01  0.76517E+03   -0.35996E-01 -0.35504E-01  0.71500E-01  0.00000E+00  0.00000E+00  0.00000E+00    0.00000E+00  0.00000E+00  0.76506E+03 -0.74656E+01  0.40325E+00  0.11322E+00
  0.71739E-01  0.76439E+03   -0.36122E-01 -0.35628E-01  0.71750E-01  0.00000E+00  0.00000E+00  0.00000E+00    0.00000E+00  0.00000E+00  0.76428E+03 -0.74608E+01  0.40363E+00  0.11335E+00
  0.71988E-01  0.76534E+03   -0.36248E-01 -0.35752E-01  0.72000E-01  0.00000E+00  0.00000E+00  0.00000E+00    0.00000E+00  0.00000E+00  0.76523E+03 -0.74656E+01  0.40337E+00  0.11329E+00
  0.72238E-01  0.76622E+03   -0.36373E-01 -0.35877E-01  0.72250E-01  0.00000E+00  0.00000E+00  0.00000E+00    0.00000E+00  0.00000E+00  0.76611E+03 -0.74675E+01  0.40331E+00  0.11309E+00
  0.72488E-01  0.76544E+03   -0.36499E-01 -0.36001E-01  0.72500E-01  0.00000E+00  0.00000E+00  0.00000E+00    0.00000E+00  0.00000E+00  0.76533E+03 -0.74628E+01  0.40370E+00  0.11323E+00
  0.72738E-01  0.76639E+03   -0.36625E-01 -0.36125E-01  0.72750E-01  0.00000E+00  0.00000E+00  0.00000E+00    0.00000E+00  0.00000E+00  0.76628E+03 -0.74675E+01  0.40344E+00  0.11316E+00
  0.72988E-01  0.76727E+03   -0.36751E-01 -0.36249E-01  0.73000E-01  0.00000E+00  0.00000E+00  0.00000E+00    0.00000E+00  0.00000E+00  0.76716E+03 -0.74694E+01  0.40338E+00  0.11297E+00
  0.73238E-01  0.76649E+03   -0.36877E-01 -0.36373E-01  0.73250E-01  0.00000E+00  0.00000E+00  0.00000E+00    0.00000E+00  0.00000E+00  0.76638E+03 -0.74647E+01  0.40376E+00  0.11310E+00
  0.73488E-01  0.76744E+03   -0.37002E-01 -0.36498E-01  0.73500E-01  0.00000E+00  0.00000E+00  0.00000E+00    0.00000E+00  0.00000E+00  0.76734E+03 -0.74694E+01  0.40351E+00  0.11303E+00
  0.73738E-01  0.76832E+03   -0.37128E-01 -0.36622E-01  0.73750E-01  0.00000E+00  0.00000E+00  0.00000E+00    0.00000E+00  0.00000E+00  0.76821E+03 -0.74713E+01  0.40345E+00  0.11284E+00
  0.73988E-01  0.76754E+03   -0.37254E-01 -0.36746E-01  0.74000E-01  0.00000E+00  0.00000E+00  0.00000E+00    0.00000E+00  0.00000E+00  0.76743E+03 -0.74666E+01  0.40383E+00  0.11298E+00
  0.74238E-01  0.76849E+03   -0.37380E-01 -0.36870E-01  0.74250E-01  0.00000E+00  0.00000E+00  0.00000E+00    0.00000E+00  0.00000E+00  0.76839E+03 -0.74713E+01  0.40357E+00  0.11291E+00
  0.74488E-01  0.76937E+03   -0.37506E-01 -0.36994E-01  0.74500E-01  0.00000E+00  0.00000E+00  0.00000E+00    0.00000E+00  0.00000E+00  0.76926E+03 -0.74732E+01  0.40352E+00  0.11271E+00
  0.74738E-01  0.76859E+03   -0.37632E-01 -0.37118E-01  0.74750E-01  0.00000E+00  0.00000E+00  0.00000E+00    0.00000E+00  0.00000E+00  0.76848E+03 -0.74686E+01  0.40390E+00  0.11285E+00
  0.74988E-01  0.76954E+03   -0.37757E-01 -0.37243E-01  0.75000E-01  0.00000E+00  0.00000E+00  0.00000E+00    0.00000E+00  0.00000E+00  0.76944E+03 -0.74732E+01  0.40364E+00  0.11278E+00
          Evm          Svm            E11          E22          E33          E23          E13          E12         SCAU11       SCAU22       SCAU33       SCAU23       SCAU13       SCAU12      TEMP
  0.74988E-01  0.76935E+03   -0.37757E-01 -0.37243E-01  0.75000E-01  0.00000E+00  0.00000E+00  0.00000E+00    0.00000E+00  0.00000E+00  0.76924E+03 -0.74548E+01  0.41540E+00  0.18363E+00
  0.75238E-01  0.76935E+03   -0.37883E-01 -0.37367E-01  0.75250E-01  0.00000E+00  0.00000E+00  0.00000E+00    0.00000E+00  0.00000E+00  0.76924E+03 -0.74907E+01  0.41936E+00  0.17371E+00
  0.75488E-01  0.77026E+03   -0.38008E-01 -0.37492E-01  0.75500E-01  0.00000E+00  0.00000E+00  0.00000E+00    0.00000E+00  0.00000E+00  0.77015E+03 -0.75371E+01  0.41863E+00  0.12970E+00
  0.75738E-01  0.77034E+03   -0.38133E-01 -0.37617E-01  0.75750E-01  0.00000E+00  0.00000E+00  0.00000E+00    0.00000E+00  0.00000E+00  0.77023E+03 -0.75083E+01  0.40814E+00  0.10662E+00
  0.75988E-01  0.77042E+03   -0.38259E-01 -0.37741E-01  0.76000E-01  0.00000E+00  0.00000E+00  0.00000E+00    0.00000E+00  0.00000E+00  0.77031E+03 -0.74974E+01  0.40756E+00  0.11007E+00
  0.76238E-01  0.77137E+03   -0.38384E-01 -0.37866E-01  0.76250E-01  0.00000E+00  0.00000E+00  0.00000E+00    0.00000E+00  0.00000E+00  0.77126E+03 -0.74968E+01  0.40702E+00  0.11295E+00
  0.76488E-01  0.77212E+03   -0.38510E-01 -0.37990E-01  0.76500E-01  0.00000E+00  0.00000E+00  0.00000E+00    0.00000E+00  0.00000E+00  0.77201E+03 -0.74982E+01  0.40649E+00  0.11141E+00
  0.76738E-01  0.77138E+03   -0.38635E-01 -0.38115E-01  0.76750E-01  0.00000E+00  0.00000E+00  0.00000E+00    0.00000E+00  0.00000E+00  0.77127E+03 -0.74959E+01  0.40722E+00  0.11160E+00
  0.76988E-01  0.77232E+03   -0.38761E-01 -0.38239E-01  0.77000E-01  0.00000E+00  0.00000E+00  0.00000E+00    0.00000E+00  0.00000E+00  0.77221E+03 -0.74916E+01  0.40596E+00  0.11197E+00
  0.77238E-01  0.77251E+03   -0.38887E-01 -0.38363E-01  0.77250E-01  0.00000E+00  0.00000E+00  0.00000E+00    0.00000E+00  0.00000E+00  0.77240E+03 -0.74850E+01  0.40507E+00  0.11211E+00
  0.77488E-01  0.77253E+03   -0.39013E-01 -0.38487E-01  0.77500E-01  0.00000E+00  0.00000E+00  0.00000E+00    0.00000E+00  0.00000E+00  0.77242E+03 -0.74815E+01  0.40521E+00  0.11225E+00
  0.77738E-01  0.77342E+03   -0.39138E-01 -0.38612E-01  0.77750E-01  0.00000E+00  0.00000E+00  0.00000E+00    0.00000E+00  0.00000E+00  0.77332E+03 -0.74851E+01  0.40497E+00  0.11215E+00
  0.77988E-01  0.77425E+03   -0.39264E-01 -0.38736E-01  0.78000E-01  0.00000E+00  0.00000E+00  0.00000E+00    0.00000E+00  0.00000E+00  0.77414E+03 -0.74878E+01  0.40464E+00  0.11196E+00
  0.78238E-01  0.77348E+03   -0.39390E-01 -0.38860E-01  0.78250E-01  0.00000E+00  0.00000E+00  0.00000E+00    0.00000E+00  0.00000E+00  0.77338E+03 -0.74839E+01  0.40512E+00  0.11206E+00
  0.78488E-01  0.77442E+03   -0.39516E-01 -0.38984E-01  0.78500E-01  0.00000E+00  0.00000E+00  0.00000E+00    0.00000E+00  0.00000E+00  0.77431E+03 -0.74852E+01  0.40465E+00  0.11198E+00
  0.78738E-01  0.77462E+03   -0.39641E-01 -0.39109E-01  0.78750E-01  0.00000E+00  0.00000E+00  0.00000E+00    0.00000E+00  0.00000E+00  0.77451E+03 -0.74834E+01  0.40447E+00  0.11206E+00
  0.78987E-01  0.77463E+03   -0.39767E-01 -0.39233E-01  0.79000E-01  0.00000E+00  0.00000E+00  0.00000E+00    0.00000E+00  0.00000E+00  0.77452E+03 -0.74808E+01  0.40473E+00  0.11213E+00
  0.79237E-01  0.77552E+03   -0.39893E-01 -0.39357E-01  0.79250E-01  0.00000E+00  0.00000E+00  0.00000E+00    0.00000E+00  0.00000E+00  0.77541E+03 -0.74845E+01  0.40449E+00  0.11201E+00
  0.79487E-01  0.77635E+03   -0.40019E-01 -0.39481E-01  0.79500E-01  0.00000E+00  0.00000E+00  0.00000E+00    0.00000E+00  0.00000E+00  0.77625E+03 -0.74873E+01  0.40419E+00  0.11183E+00
  0.79737E-01  0.77559E+03   -0.40144E-01 -0.39606E-01  0.79750E-01  0.00000E+00  0.00000E+00  0.00000E+00    0.00000E+00  0.00000E+00  0.77548E+03 -0.74830E+01  0.40460E+00  0.11195E+00
  0.79987E-01  0.77652E+03   -0.40270E-01 -0.39730E-01  0.80000E-01  0.00000E+00  0.00000E+00  0.00000E+00    0.00000E+00  0.00000E+00  0.77641E+03 -0.74859E+01  0.40437E+00  0.11181E+00
  0.80237E-01  0.77672E+03   -0.40396E-01 -0.39854E-01  0.80250E-01  0.00000E+00  0.00000E+00  0.00000E+00    0.00000E+00  0.00000E+00  0.77661E+03 -0.74855E+01  0.40438E+00  0.11185E+00
  0.80487E-01  0.77673E+03   -0.40522E-01 -0.39978E-01  0.80500E-01  0.00000E+00  0.00000E+00  0.00000E+00    0.00000E+00  0.00000E+00  0.77662E+03 -0.74832E+01  0.40468E+00  0.11192E+00
  0.80737E-01  0.77761E+03   -0.40648E-01 -0.40102E-01  0.80750E-01  0.00000E+00  0.00000E+00  0.00000E+00    0.00000E+00  0.00000E+00  0.77751E+03 -0.74869E+01  0.40444E+00  0.11179E+00
  0.80987E-01  0.77845E+03   -0.40773E-01 -0.40227E-01  0.81000E-01  0.00000E+00  0.00000E+00  0.00000E+00    0.00000E+00  0.00000E+00  0.77835E+03 -0.74896E+01  0.40414E+00  0.11161E+00
  0.81237E-01  0.77769E+03   -0.40899E-01 -0.40351E-01  0.81250E-01  0.00000E+00  0.00000E+00  0.00000E+00    0.00000E+00  0.00000E+00  0.77758E+03 -0.74852E+01  0.40453E+00  0.11173E+00
  0.81487E-01  0.77861E+03   -0.41025E-01 -0.40475E-01  0.81500E-01  0.00000E+00  0.00000E+00  0.00000E+00    0.00000E+00  0.00000E+00  0.77851E+03 -0.74886E+01  0.40437E+00  0.11158E+00
  0.81737E-01  0.77882E+03   -0.41151E-01 -0.40599E-01  0.81750E-01  0.00000E+00  0.00000E+00  0.00000E+00    0.00000E+00  0.00000E+00  0.77871E+03 -0.74887E+01  0.40445E+00  0.11161E+00
  0.81987E-01  0.77883E+03   -0.41277E-01 -0.40723E-01  0.82000E-01  0.00000E+00  0.00000E+00  0.00000E+00    0.00000E+00  0.00000E+00  0.77872E+03 -0.74865E+01  0.40476E+00  0.11167E+00
  0.82237E-01  0.77971E+03   -0.41402E-01 -0.40848E-01  0.82250E-01  0.00000E+00  0.00000E+00  0.00000E+00    0.00000E+00  0.00000E+00  0.77960E+03 -0.74901E+01  0.40452E+00  0.11155E+00
  0.82487E-01  0.78055E+03   -0.41528E-01 -0.40972E-01  0.82500E-01  0.00000E+00  0.00000E+00  0.00000E+00    0.00000E+00  0.00000E+00  0.78045E+03 -0.74928E+01  0.40422E+00  0.11137E+00
  0.82737E-01  0.77979E+03   -0.41654E-01 -0.41096E-01  0.82750E-01  0.00000E+00  0.00000E+00  0.00000E+00    0.00000E+00  0.00000E+00  0.77968E+03 -0.74884E+01  0.40460E+00  0.11149E+00
  0.82987E-01  0.78071E+03   -0.41780E-01 -0.41220E-01  0.83000E-01  0.00000E+00  0.00000E+00  0.00000E+00    0.00000E+00  0.00000E+00  0.78061E+03 -0.74919E+01  0.40446E+00  0.11134E+00
  0.83237E-01  0.78092E+03   -0.41906E-01 -0.41344E-01  0.83250E-01  0.00000E+00  0.00000E+00  0.00000E+00    0.00000E+00  0.00000E+00  0.78081E+03 -0.74921E+01  0.40455E+00  0.11136E+00
  0.83487E-01  0.78093E+03   -0.42031E-01 -0.41469E-01  0.83500E-01  0.00000E+00  0.00000E+00  0.00000E+00    0.00000E+00  0.00000E+00  0.78082E+03 -0.74899E+01  0.40486E+00  0.11142E+00
  0.83737E-01  0.78181E+03   -0.42157E-01 -0.41593E-01  0.83750E-01  0.00000E+00  0.00000E+00  0.00000E+00    0.00000E+00  0.00000E+00  0.78170E+03 -0.74935E+01  0.40463E+00  0.11130E+00
  0.83987E-01  0.78265E+03   -0.42283E-01 -0.41717E-01  0.84000E-01  0.00000E+00  0.00000E+00  0.00000E+00    0.00000E+00  0.00000E+00  0.78254E+03 -0.74962E+01  0.40432E+00  0.11112E+00
  0.84237E-01  0.78188E+03   -0.42409E-01 -0.41841E-01  0.84250E-01  0.00000E+00  0.00000E+00  0.00000E+00    0.00000E+00  0.00000E+00  0.78178E+03 -0.74918E+01  0.40471E+00  0.11124E+00
  0.84487E-01  0.78281E+03   -0.42535E-01 -0.41965E-01  0.84500E-01  0.00000E+00  0.00000E+00  0.00000E+00    0.00000E+00  0.00000E+00  0.78270E+03 -0.74953E+01  0.40457E+00  0.11109E+00
  0.84737E-01  0.78302E+03   -0.42660E-01 -0.42090E-01  0.84750E-01  0.00000E+00  0.00000E+00  0.00000E+00    0.00000E+00  0.00000E+00  0.78291E+03 -0.74955E+01  0.40467E+00  0.11111E+00
  0.84987E-01  0.78303E+03   -0.42786E-01 -0.42214E-01  0.85000E-01  0.00000E+00  0.00000E+00  0.00000E+00    0.00000E+00  0.00000E+00  0.78292E+03 -0.74934E+01  0.40498E+00  0.11117E+00
  0.85237E-01  0.78391E+03   -0.42912E-01 -0.42338E-01  0.85250E-01  0.00000E+00  0.00000E+00  0.00000E+00    0.00000E+00  0.00000E+00  0.78380E+03 -0.74969E+01  0.40474E+00  0.11104E+00
  0.85487E-01  0.78475E+03   -0.43038E-01 -0.42462E-01  0.85500E-01  0.00000E+00  0.00000E+00  0.00000E+00    0.00000E+00  0.00000E+00  0.78464E+03 -0.74995E+01  0.40444E+00  0.11087E+00
  0.85737E-01  0.78398E+03   -0.43163E-01 -0.42587E-01  0.85750E-01  0.00000E+00  0.00000E+00  0.00000E+00    0.00000E+00  0.00000E+00  0.78388E+03 -0.74952E+01  0.40483E+00  0.11099E+00
  0.85987E-01  0.78491E+03   -0.43289E-01 -0.42711E-01  0.86000E-01  0.00000E+00  0.00000E+00  0.00000E+00    0.00000E+00  0.00000E+00  0.78480E+03 -0.74987E+01  0.40469E+00  0.11083E+00
  0.86236E-01  0.78512E+03   -0.43415E-01 -0.42835E-01  0.86250E-01  0.00000E+00  0.00000E+00  0.00000E+00    0.00000E+00  0.00000E+00  0.78501E+03 -0.74989E+01  0.40479E+00  0.11085E+00
  0.86486E-01  0.78513E+03   -0.43541E-01 -0.42959E-01  0.86500E-01  0.00000E+00  0.00000E+00  0.00000E+00    0.00000E+00  0.00000E+00  0.78502E+03 -0.74968E+01  0.40510E+00  0.11092E+00
  0.86736E-01  0.78601E+03   -0.43667E-01 -0.43083E-01  0.86750E-01  0.00000E+00  0.00000E+00  0.00000E+00    0.00000E+00  0.00000E+00  0.78590E+03 -0.75003E+01  0.40486E+00  0.11079E+00
  0.86986E-01  0.78685E+03   -0.43792E-01 -0.43208E-01  0.87000E-01  0.00000E+00  0.00000E+00  0.00000E+00    0.00000E+00  0.00000E+00  0.78674E+03 -0.75029E+01  0.40456E+00  0.11061E+00
  0.87236E-01  0.78608E+03   -0.43918E-01 -0.43332E-01  0.87250E-01  0.00000E+00  0.00000E+00  0.00000E+00    0.00000E+00  0.00000E+00  0.78598E+03 -0.74986E+01  0.40495E+00  0.11074E+00
  0.87486E-01  0.78701E+03   -0.44044E-01 -0.43456E-01  0.87500E-01  0.00000E+00  0.00000E+00  0.00000E+00    0.00000E+00  0.00000E+00  0.78690E+03 -0.75020E+01  0.40480E+00  0.11058E+00
          Evm          Svm            E11          E22          E33          E23          E13          E12         SCAU11       SCAU22       SCAU33       SCAU23       SCAU13       SCAU12      TEMP
  0.87486E-01  0.78685E+03   -0.44044E-01 -0.43456E-01  0.87500E-01  0.00000E+00  0.00000E+00  0.00000E+00    0.00000E+00  0.00000E+00  0.78674E+03 -0.74864E+01  0.41611E+00  0.17987E+00
  0.87736E-01  0.78685E+03   -0.44169E-01 -0.43581E-01  0.87750E-01  0.00000E+00  0.00000E+00  0.00000E+00    0.00000E+00  0.00000E+00  0.78674E+03 -0.75205E+01  0.41989E+00  0.17023E+00
  0.87986E-01  0.78775E+03   -0.44294E-01 -0.43706E-01  0.88000E-01  0.00000E+00  0.00000E+00  0.00000E+00    0.00000E+00  0.00000E+00  0.78764E+03 -0.75641E+01  0.41911E+00  0.12740E+00
  0.88236E-01  0.78861E+03   -0.44420E-01 -0.43830E-01  0.88250E-01  0.00000E+00  0.00000E+00  0.00000E+00    0.00000E+00  0.00000E+00  0.78850E+03 -0.75368E+01  0.40825E+00  0.10224E+00
  0.88486E-01  0.78784E+03   -0.44545E-01 -0.43955E-01  0.88500E-01  0.00000E+00  0.00000E+00  0.00000E+00    0.00000E+00  0.00000E+00  0.78773E+03 -0.75363E+01  0.40905E+00  0.10465E+00
  0.88736E-01  0.78878E+03   -0.44671E-01 -0.44079E-01  0.88750E-01  0.00000E+00  0.00000E+00  0.00000E+00    0.00000E+00  0.00000E+00  0.78868E+03 -0.75313E+01  0.40797E+00  0.10781E+00
  0.88986E-01  0.78966E+03   -0.44796E-01 -0.44204E-01  0.89000E-01  0.00000E+00  0.00000E+00  0.00000E+00    0.00000E+00  0.00000E+00  0.78955E+03 -0.75278E+01  0.40782E+00  0.11041E+00
  0.89236E-01  0.78889E+03   -0.44922E-01 -0.44328E-01  0.89250E-01  0.00000E+00  0.00000E+00  0.00000E+00    0.00000E+00  0.00000E+00  0.78878E+03 -0.75261E+01  0.40856E+00  0.11022E+00
  0.89486E-01  0.78981E+03   -0.45047E-01 -0.44453E-01  0.89500E-01  0.00000E+00  0.00000E+00  0.00000E+00    0.00000E+00  0.00000E+00  0.78970E+03 -0.75216E+01  0.40715E+00  0.10971E+00
  0.89736E-01  0.79002E+03   -0.45173E-01 -0.44577E-01  0.89750E-01  0.00000E+00  0.00000E+00  0.00000E+00    0.00000E+00  0.00000E+00  0.78991E+03 -0.75146E+01  0.40621E+00  0.11011E+00
  0.89986E-01  0.79002E+03   -0.45299E-01 -0.44701E-01  0.90000E-01  0.00000E+00  0.00000E+00  0.00000E+00    0.00000E+00  0.00000E+00  0.78992E+03 -0.75112E+01  0.40633E+00  0.11017E+00
  0.90236E-01  0.79090E+03   -0.45424E-01 -0.44826E-01  0.90250E-01  0.00000E+00  0.00000E+00  0.00000E+00    0.00000E+00  0.00000E+00  0.79079E+03 -0.75144E+01  0.40607E+00  0.11000E+00
  0.90486E-01  0.79175E+03   -0.45550E-01 -0.44950E-01  0.90500E-01  0.00000E+00  0.00000E+00  0.00000E+00    0.00000E+00  0.00000E+00  0.79164E+03 -0.75167E+01  0.40575E+00  0.10985E+00
  0.90736E-01  0.79098E+03   -0.45676E-01 -0.45074E-01  0.90750E-01  0.00000E+00  0.00000E+00  0.00000E+00    0.00000E+00  0.00000E+00  0.79087E+03 -0.75134E+01  0.40625E+00  0.10995E+00
  0.90986E-01  0.79190E+03   -0.45802E-01 -0.45198E-01  0.91000E-01  0.00000E+00  0.00000E+00  0.00000E+00    0.00000E+00  0.00000E+00  0.79180E+03 -0.75141E+01  0.40573E+00  0.10986E+00
  0.91236E-01  0.79211E+03   -0.45927E-01 -0.45323E-01  0.91250E-01  0.00000E+00  0.00000E+00  0.00000E+00    0.00000E+00  0.00000E+00  0.79200E+03 -0.75122E+01  0.40553E+00  0.10994E+00
  0.91486E-01  0.79212E+03   -0.46053E-01 -0.45447E-01  0.91500E-01  0.00000E+00  0.00000E+00  0.00000E+00    0.00000E+00  0.00000E+00  0.79201E+03 -0.75098E+01  0.40578E+00  0.11002E+00
  0.91736E-01  0.79300E+03   -0.46179E-01 -0.45571E-01  0.91750E-01  0.00000E+00  0.00000E+00  0.00000E+00    0.00000E+00  0.00000E+00  0.79289E+03 -0.75130E+01  0.40553E+00  0.10989E+00
  0.91986E-01  0.79384E+03   -0.46305E-01 -0.45695E-01  0.92000E-01  0.00000E+00  0.00000E+00  0.00000E+00    0.00000E+00  0.00000E+00  0.79374E+03 -0.75155E+01  0.40522E+00  0.10971E+00
  0.92236E-01  0.79308E+03   -0.46430E-01 -0.45820E-01  0.92250E-01  0.00000E+00  0.00000E+00  0.00000E+00    0.00000E+00  0.00000E+00  0.79297E+03 -0.75116E+01  0.40565E+00  0.10983E+00
  0.92486E-01  0.79400E+03   -0.46556E-01 -0.45944E-01  0.92500E-01  0.00000E+00  0.00000E+00  0.00000E+00    0.00000E+00  0.00000E+00  0.79389E+03 -0.75141E+01  0.40539E+00  0.10970E+00
  0.92736E-01  0.79421E+03   -0.46682E-01 -0.46068E-01  0.92750E-01  0.00000E+00  0.00000E+00  0.00000E+00    0.00000E+00  0.00000E+00  0.79410E+03 -0.75137E+01  0.40540E+00  0.10973E+00
  0.92986E-01  0.79422E+03   -0.46808E-01 -0.46192E-01  0.93000E-01  0.00000E+00  0.00000E+00  0.00000E+00    0.00000E+00  0.00000E+00  0.79411E+03 -0.75116E+01  0.40570E+00  0.10980E+00
  0.93236E-01  0.79510E+03   -0.46933E-01 -0.46317E-01  0.93250E-01  0.00000E+00  0.00000E+00  0.00000E+00    0.00000E+00  0.00000E+00  0.79499E+03 -0.75149E+01  0.40545E+00  0.10967E+00
  0.93485E-01  0.79594E+03   -0.47059E-01 -0.46441E-01  0.93500E-01  0.00000E+00  0.00000E+00  0.00000E+00    0.00000E+00  0.00000E+00  0.79583E+03 -0.75173E+01  0.40514E+00  0.10950E+00
  0.93735E-01  0.79518E+03   -0.47185E-01 -0.46565E-01  0.93750E-01  0.00000E+00  0.00000E+00  0.00000E+00    0.00000E+00  0.00000E+00  0.79507E+03 -0.75133E+01  0.40555E+00  0.10962E+00
  0.93985E-01  0.79610E+03   -0.47311E-01 -0.46689E-01  0.94000E-01  0.00000E+00  0.00000E+00  0.00000E+00    0.00000E+00  0.00000E+00  0.79599E+03 -0.75163E+01  0.40537E+00  0.10947E+00
  0.94235E-01  0.79631E+03   -0.47436E-01 -0.46814E-01  0.94250E-01  0.00000E+00  0.00000E+00  0.00000E+00    0.00000E+00  0.00000E+00  0.79620E+03 -0.75163E+01  0.40544E+00  0.10949E+00
  0.94485E-01  0.79632E+03   -0.47562E-01 -0.46938E-01  0.94500E-01  0.00000E+00  0.00000E+00  0.00000E+00    0.00000E+00  0.00000E+00  0.79621E+03 -0.75143E+01  0.40574E+00  0.10956E+00
  0.94735E-01  0.79720E+03   -0.47688E-01 -0.47062E-01  0.94750E-01  0.00000E+00  0.00000E+00  0.00000E+00    0.00000E+00  0.00000E+00  0.79709E+03 -0.75176E+01  0.40550E+00  0.10943E+00
  0.94985E-01  0.79804E+03   -0.47814E-01 -0.47186E-01  0.95000E-01  0.00000E+00  0.00000E+00  0.00000E+00    0.00000E+00  0.00000E+00  0.79793E+03 -0.75200E+01  0.40519E+00  0.10926E+00
  0.95235E-01  0.79727E+03   -0.47940E-01 -0.47310E-01  0.95250E-01  0.00000E+00  0.00000E+00  0.00000E+00    0.00000E+00  0.00000E+00  0.79717E+03 -0.75160E+01  0.40559E+00  0.10938E+00
  0.95485E-01  0.79820E+03   -0.48065E-01 -0.47435E-01  0.95500E-01  0.00000E+00  0.00000E+00  0.00000E+00    0.00000E+00  0.00000E+00  0.79809E+03 -0.75191E+01  0.40543E+00  0.10923E+00
  0.95735E-01  0.79840E+03   -0.48191E-01 -0.47559E-01  0.95750E-01  0.00000E+00  0.00000E+00  0.00000E+00    0.00000E+00  0.00000E+00  0.79830E+03 -0.75193E+01  0.40552E+00  0.10924E+00
  0.95985E-01  0.79841E+03   -0.48317E-01 -0.47683E-01  0.96000E-01  0.00000E+00  0.00000E+00  0.00000E+00    0.00000E+00  0.00000E+00  0.79831E+03 -0.75173E+01  0.40583E+00  0.10931E+00
  0.96235E-01  0.79929E+03   -0.48443E-01 -0.47807E-01  0.96250E-01  0.00000E+00  0.00000E+00  0.00000E+00    0.00000E+00  0.00000E+00  0.79919E+03 -0.75205E+01  0.40558E+00  0.10918E+00
  0.96485E-01  0.80013E+03   -0.48568E-01 -0.47932E-01  0.96500E-01  0.00000E+00  0.00000E+00  0.00000E+00    0.00000E+00  0.00000E+00  0.80003E+03 -0.75229E+01  0.40527E+00  0.10901E+00
  0.96735E-01  0.79937E+03   -0.48694E-01 -0.48056E-01  0.96750E-01  0.00000E+00  0.00000E+00  0.00000E+00    0.00000E+00  0.00000E+00  0.79927E+03 -0.75190E+01  0.40567E+00  0.10913E+00
  0.96985E-01  0.80030E+03   -0.48820E-01 -0.48180E-01  0.97000E-01  0.00000E+00  0.00000E+00  0.00000E+00    0.00000E+00  0.00000E+00  0.80019E+03 -0.75221E+01  0.40552E+00  0.10897E+00
  0.97235E-01  0.80050E+03   -0.48946E-01 -0.48304E-01  0.97250E-01  0.00000E+00  0.00000E+00  0.00000E+00    0.00000E+00  0.00000E+00  0.80040E+03 -0.75222E+01  0.40562E+00  0.10899E+00
  0.97485E-01  0.80051E+03   -0.49071E-01 -0.48429E-01  0.97500E-01  0.00000E+00  0.00000E+00  0.00000E+00    0.00000E+00  0.00000E+00  0.80041E+03 -0.75203E+01  0.40593E+00  0.10905E+00
  0.97735E-01  0.80139E+03   -0.49197E-01 -0.48553E-01  0.97750E-01  0.00000E+00  0.00000E+00  0.00000E+00    0.00000E+00  0.00000E+00  0.80128E+03 -0.75235E+01  0.40567E+00  0.10893E+00
  0.97985E-01  0.80223E+03   -0.49323E-01 -0.48677E-01  0.98000E-01  0.00000E+00  0.00000E+00  0.00000E+00    0.00000E+00  0.00000E+00  0.80213E+03 -0.75258E+01  0.40537E+00  0.10875E+00
  0.98235E-01  0.80147E+03   -0.49449E-01 -0.48801E-01  0.98250E-01  0.00000E+00  0.00000E+00  0.00000E+00    0.00000E+00  0.00000E+00  0.80136E+03 -0.75219E+01  0.40577E+00  0.10888E+00
  0.98485E-01  0.80239E+03   -0.49574E-01 -0.48926E-01  0.98500E-01  0.00000E+00  0.00000E+00  0.00000E+00    0.00000E+00  0.00000E+00  0.80229E+03 -0.75250E+01  0.40561E+00  0.10872E+00
  0.98735E-01  0.80260E+03   -0.49700E-01 -0.49050E-01  0.98750E-01  0.00000E+00  0.00000E+00  0.00000E+00    0.00000E+00  0.00000E+00  0.80249E+03 -0.75252E+01  0.40571E+00  0.10874E+00
  0.98985E-01  0.80261E+03   -0.49826E-01 -0.49174E-01  0.99000E-01  0.00000E+00  0.00000E+00  0.00000E+00    0.00000E+00  0.00000E+00  0.80250E+03 -0.75233E+01  0.40602E+00  0.10880E+00
  0.99235E-01  0.80349E+03   -0.49952E-01 -0.49298E-01  0.99250E-01  0.00000E+00  0.00000E+00  0.00000E+00    0.00000E+00  0.00000E+00  0.80338E+03 -0.75264E+01  0.40577E+00  0.10867E+00
  0.99485E-01  0.80433E+03   -0.50077E-01 -0.49423E-01  0.99500E-01  0.00000E+00  0.00000E+00  0.00000E+00    0.00000E+00  0.00000E+00  0.80422E+03 -0.75287E+01  0.40546E+00  0.10850E+00
  0.99735E-01  0.80357E+03   -0.50203E-01 -0.49547E-01  0.99750E-01  0.00000E+00  0.00000E+00  0.00000E+00    0.00000E+00  0.00000E+00  0.80346E+03 -0.75249E+01  0.40586E+00  0.10863E+00
  0.99985E-01  0.80515E+03   -0.50329E-01 -0.49671E-01  0.10000E+00  0.00000E+00  0.00000E+00  0.00000E+00    0.00000E+00  0.00000E+00  0.80504E+03 -0.75309E+01  0.40540E+00  0.10846E+00
