    STEP   AVACS   MODE1   MODE2   MODE3   MODE4
       1   6.000   0.427   0.573   0.000   0.000
       2   6.000   0.369   0.631   0.000   0.000
       3   6.000   0.307   0.693   0.000   0.000
       4   5.000   0.234   0.766   0.000   0.000
       5   6.000   0.163   0.837   0.000   0.000
       6   5.000   0.195   0.805   0.000   0.000
       7   5.000   0.289   0.711   0.000   0.000
       8   5.000   0.325   0.675   0.001   0.000
       9   6.000   0.335   0.618   0.047   0.000
      10   6.000   0.376   0.539   0.085   0.000
      11   6.000   0.424   0.465   0.111   0.000
      12   6.000   0.466   0.399   0.135   0.000
      13   5.000   0.510   0.366   0.124   0.000
      14   4.000   0.634   0.366   0.000   0.000
      15   6.000   0.630   0.370   0.000   0.000
      16   5.000   0.580   0.420   0.000   0.000
      17   5.000   0.524   0.476   0.000   0.000
      18   7.000   0.482   0.518   0.000   0.000
      19   6.000   0.427   0.573   0.000   0.000
      20   6.000   0.369   0.631   0.000   0.000
      21   6.000   0.307   0.693   0.000   0.000
      22   5.000   0.234   0.766   0.000   0.000
      23   6.000   0.163   0.837   0.000   0.000
      24   5.000   0.195   0.805   0.000   0.000
      25   5.000   0.289   0.711   0.000   0.000
      26   5.000   0.324   0.676   0.000   0.000
      27   6.000   0.279   0.721   0.000   0.000
      28   7.000   0.326   0.674   0.000   0.000
      29   8.000   0.380   0.620   0.000   0.000
      30   8.000   0.441   0.559   0.000   0.000
      31   5.000   0.519   0.481   0.000   0.000
      32   4.000   0.636   0.364   0.000   0.000
      33   6.000   0.630   0.370   0.000   0.000
      34   5.000   0.580   0.420   0.000   0.000
      35   5.000   0.524   0.476   0.000   0.000
      36   7.000   0.482   0.518   0.000   0.000
  STRAIN   AVACS   PRITW   SECTW   MODE1   MODE2   MODE3   MODE4   TWFR3   EFFR3   TWFR4   EFFR4
   0.000   6.000   0.000   0.000   0.427   0.573   0.000   0.000   0.000   0.000   0.000   0.000
   0.001   7.000   0.000   0.000   0.426   0.574   0.000   0.000   0.000   0.000   0.000   0.000
   0.001   7.000   0.000   0.000   0.426   0.574   0.000   0.000   0.000   0.000   0.000   0.000
   0.002   7.000   0.000   0.000   0.425   0.575   0.000   0.000   0.000   0.000   0.000   0.000
   0.002   7.000   0.000   0.000   0.424   0.576   0.000   0.000   0.000   0.000   0.000   0.000
   0.003   7.000   0.000   0.000   0.423   0.577   0.000   0.000   0.000   0.000   0.000   0.000
   0.003   7.000   0.000   0.000   0.423   0.577   0.000   0.000   0.000   0.000   0.000   0.000
   0.004   7.000   0.000   0.000   0.422   0.578   0.000   0.000   0.000   0.000   0.000   0.000
   0.004   7.000   0.000   0.000   0.422   0.578   0.000   0.000   0.000   0.000   0.000   0.000
   0.005   7.000   0.000   0.000   0.421   0.579   0.000   0.000   0.000   0.000   0.000   0.000
   0.005   7.000   0.000   0.000   0.421   0.579   0.000   0.000   0.000   0.000   0.000   0.000
   0.006   7.000   0.000   0.000   0.420   0.580   0.000   0.000   0.000   0.000   0.000   0.000
   0.006   7.000   0.000   0.000   0.420   0.580   0.000   0.000   0.000   0.000   0.000   0.000
   0.007   7.000   0.000   0.000   0.420   0.580   0.000   0.000   0.000   0.000   0.000   0.000
   0.007   7.000   0.000   0.000   0.419   0.581   0.000   0.000   0.000   0.000   0.000   0.000
   0.008   7.000   0.000   0.000   0.419   0.581   0.000   0.000   0.000   0.000   0.000   0.000
   0.008   7.000   0.000   0.000   0.419   0.581   0.000   0.000   0.000   0.000   0.000   0.000
   0.009   7.000   0.000   0.000   0.418   0.582   0.000   0.000   0.000   0.000   0.000   0.000
   0.009   7.000   0.000   0.000   0.418   0.582   0.000   0.000   0.000   0.000   0.000   0.000
   0.010   7.000   0.000   0.000   0.418   0.582   0.000   0.000   0.000   0.000   0.000   0.000
   0.010   7.000   0.000   0.000   0.418   0.582   0.000   0.000   0.000   0.000   0.000   0.000
   0.011   7.000   0.000   0.000   0.417   0.583   0.000   0.000   0.000   0.000   0.000   0.000
   0.011   7.000   0.000   0.000   0.417   0.583   0.000   0.000   0.000   0.000   0.000   0.000
   0.012   7.000   0.000   0.000   0.417   0.583   0.000   0.000   0.000   0.000   0.000   0.000
   0.012   7.000   0.000   0.000   0.417   0.583   0.000   0.000   0.000   0.000   0.000   0.000
   0.013   7.000   0.000   0.000   0.416   0.584   0.000   0.000   0.000   0.000   0.000   0.000
   0.013   7.000   0.000   0.000   0.416   0.584   0.000   0.000   0.000   0.000   0.000   0.000
   0.014   7.000   0.000   0.000   0.416   0.584   0.000   0.000   0.000   0.000   0.000   0.000
   0.014   7.000   0.000   0.000   0.416   0.584   0.000   0.000   0.000   0.000   0.000   0.000
   0.015   7.000   0.000   0.000   0.415   0.585   0.000   0.000   0.000   0.000   0.000   0.000
   0.015   7.000   0.000   0.000   0.415   0.585   0.000   0.000   0.000   0.000   0.000   0.000
   0.016   7.000   0.000   0.000   0.415   0.585   0.000   0.000   0.000   0.000   0.000   0.000
   0.016   7.000   0.000   0.000   0.415   0.585   0.000   0.000   0.000   0.000   0.000   0.000
   0.017   7.000   0.000   0.000   0.414   0.586   0.000   0.000   0.000   0.000   0.000   0.000
   0.017   7.000   0.000   0.000   0.414   0.586   0.000   0.000   0.000   0.000   0.000   0.000
   0.018   7.000   0.000   0.000   0.414   0.586   0.000   0.000   0.000   0.000   0.000   0.000
   0.018   7.000   0.000   0.000   0.414   0.586   0.000   0.000   0.000   0.000   0.000   0.000
   0.019   7.000   0.000   0.000   0.413   0.587   0.000   0.000   0.000   0.000   0.000   0.000
   0.019   7.000   0.000   0.000   0.413   0.587   0.000   0.000   0.000   0.000   0.000   0.000
   0.020   7.000   0.000   0.000   0.413   0.587   0.000   0.000   0.000   0.000   0.000   0.000
   0.020   7.000   0.000   0.000   0.412   0.587   0.000   0.000   0.000   0.000   0.000   0.000
   0.021   7.000   0.000   0.000   0.412   0.588   0.000   0.000   0.000   0.000   0.000   0.000
   0.021   7.000   0.000   0.000   0.412   0.588   0.000   0.000   0.000   0.000   0.000   0.000
   0.022   7.000   0.000   0.000   0.412   0.588   0.000   0.000   0.000   0.000   0.000   0.000
   0.022   7.000   0.000   0.000   0.411   0.588   0.000   0.000   0.000   0.000   0.000   0.000
   0.023   7.000   0.000   0.000   0.411   0.589   0.000   0.000   0.000   0.000   0.000   0.000
   0.023   7.000   0.000   0.000   0.411   0.589   0.000   0.000   0.000   0.000   0.000   0.000
   0.024   7.000   0.000   0.000   0.411   0.589   0.000   0.000   0.000   0.000   0.000   0.000
   0.024   7.000   0.000   0.000   0.410   0.589   0.000   0.000   0.000   0.000   0.000   0.000
   0.025   7.000   0.000   0.000   0.410   0.590   0.000   0.000   0.000   0.000   0.000   0.000
   0.025   7.000   0.000   0.000   0.410   0.590   0.000   0.000   0.000   0.000   0.000   0.000
    STEP   AVACS   MODE1   MODE2   MODE3   MODE4
       1   7.000   0.410   0.590   0.000   0.000
       2   6.000   0.352   0.648   0.000   0.000
       3   6.000   0.289   0.711   0.000   0.000
       4   6.000   0.217   0.783   0.000   0.000
       5   5.000   0.104   0.896   0.000   0.000
       6   5.000   0.143   0.857   0.000   0.000
       7   6.000   0.244   0.756   0.000   0.000
       8   5.000   0.322   0.677   0.001   0.000
       9   6.000   0.356   0.609   0.036   0.000
      10   6.000   0.389   0.531   0.080   0.000
      11   6.000   0.435   0.454   0.111   0.000
      12   6.000   0.472   0.386   0.142   0.000
      13   5.000   0.508   0.352   0.139   0.000
      14   4.000   0.627   0.363   0.010   0.000
      15   6.000   0.614   0.385   0.000   0.000
      16   5.000   0.563   0.437   0.000   0.000
      17   5.000   0.510   0.490   0.000   0.000
      18   7.000   0.465   0.535   0.000   0.000
      19   7.000   0.410   0.590   0.000   0.000
      20   6.000   0.352   0.648   0.000   0.000
      21   6.000   0.289   0.710   0.000   0.001
      22   6.000   0.216   0.783   0.000   0.001
      23   5.000   0.104   0.895   0.000   0.000
      24   5.000   0.143   0.857   0.000   0.000
      25   6.000   0.244   0.756   0.000   0.000
      26   5.000   0.322   0.678   0.000   0.000
      27   5.000   0.296   0.702   0.000   0.002
      28   7.000   0.332   0.660   0.000   0.007
      29   8.000   0.381   0.609   0.000   0.010
      30   8.000   0.438   0.551   0.000   0.011
      31   6.000   0.511   0.479   0.000   0.010
      32   5.000   0.627   0.373   0.000   0.001
      33   6.000   0.615   0.385   0.000   0.000
      34   5.000   0.563   0.437   0.000   0.000
      35   5.000   0.510   0.490   0.000   0.000
      36   7.000   0.465   0.535   0.000   0.000
  STRAIN   AVACS   PRITW   SECTW   MODE1   MODE2   MODE3   MODE4   TWFR3   EFFR3   TWFR4   EFFR4
   0.025   7.000   0.000   0.000   0.410   0.590   0.000   0.000   0.000   0.000   0.000   0.000
   0.026   7.000   0.000   0.000   0.409   0.590   0.000   0.000   0.000   0.000   0.000   0.000
   0.026   7.000   0.000   0.000   0.409   0.590   0.000   0.000   0.000   0.000   0.000   0.000
   0.027   7.000   0.000   0.000   0.409   0.591   0.000   0.000   0.000   0.000   0.000   0.000
   0.027   7.000   0.000   0.000   0.409   0.591   0.000   0.000   0.000   0.000   0.000   0.000
   0.028   7.000   0.000   0.000   0.408   0.591   0.000   0.000   0.000   0.000   0.000   0.000
   0.028   7.000   0.000   0.000   0.408   0.591   0.000   0.001   0.000   0.000   0.000   0.000
   0.029   7.000   0.000   0.000   0.408   0.592   0.000   0.001   0.000   0.000   0.000   0.000
   0.029   7.000   0.000   0.000   0.408   0.592   0.000   0.001   0.000   0.000   0.000   0.000
   0.030   7.000   0.000   0.000   0.407   0.592   0.000   0.001   0.000   0.000   0.000   0.000
   0.030   7.000   0.000   0.000   0.407   0.592   0.000   0.001   0.000   0.000   0.000   0.000
   0.031   7.000   0.000   0.000   0.407   0.593   0.000   0.001   0.000   0.000   0.000   0.000
   0.031   7.000   0.000   0.000   0.406   0.593   0.000   0.001   0.000   0.000   0.000   0.000
   0.032   7.000   0.000   0.000   0.406   0.593   0.000   0.001   0.000   0.000   0.000   0.000
   0.032   7.000   0.000   0.000   0.406   0.593   0.000   0.001   0.000   0.000   0.000   0.000
   0.033   7.000   0.000   0.000   0.405   0.594   0.000   0.001   0.000   0.000   0.000   0.000
   0.033   7.000   0.000   0.000   0.405   0.594   0.000   0.001   0.000   0.000   0.000   0.000
   0.034   7.000   0.000   0.000   0.405   0.594   0.000   0.001   0.000   0.000   0.000   0.000
   0.034   7.000   0.000   0.000   0.404   0.595   0.000   0.001   0.000   0.000   0.000   0.000
   0.035   7.000   0.000   0.000   0.404   0.595   0.000   0.001   0.000   0.000   0.000   0.000
   0.035   7.000   0.000   0.000   0.404   0.595   0.000   0.001   0.000   0.000   0.000   0.000
   0.036   7.000   0.000   0.000   0.403   0.595   0.000   0.001   0.000   0.000   0.000   0.000
   0.036   7.000   0.000   0.000   0.403   0.596   0.000   0.001   0.000   0.000   0.000   0.000
   0.037   7.000   0.000   0.000   0.403   0.596   0.000   0.001   0.000   0.000   0.000   0.000
   0.037   7.000   0.000   0.000   0.402   0.596   0.000   0.002   0.000   0.000   0.000   0.000
   0.038   7.000   0.000   0.000   0.402   0.596   0.000   0.002   0.000   0.000   0.000   0.000
   0.038   7.000   0.000   0.000   0.402   0.597   0.000   0.002   0.000   0.000   0.000   0.000
   0.039   7.000   0.000   0.000   0.401   0.597   0.000   0.002   0.000   0.000   0.000   0.000
   0.039   7.000   0.000   0.000   0.401   0.597   0.000   0.002   0.000   0.000   0.000   0.000
   0.040   7.000   0.000   0.000   0.401   0.597   0.000   0.002   0.000   0.000   0.000   0.000
   0.040   7.000   0.000   0.000   0.400   0.598   0.000   0.002   0.000   0.000   0.000   0.000
   0.041   7.000   0.000   0.000   0.400   0.598   0.000   0.002   0.000   0.000   0.000   0.000
   0.041   7.000   0.000   0.000   0.400   0.598   0.000   0.002   0.000   0.000   0.000   0.000
   0.042   7.000   0.000   0.000   0.399   0.598   0.000   0.002   0.000   0.000   0.000   0.000
   0.042   7.000   0.000   0.000   0.399   0.599   0.000   0.002   0.000   0.000   0.000   0.000
   0.043   7.000   0.000   0.000   0.399   0.599   0.000   0.002   0.000   0.000   0.000   0.000
   0.043   7.000   0.000   0.000   0.398   0.599   0.000   0.003   0.000   0.000   0.000   0.000
   0.044   7.000   0.000   0.000   0.398   0.599   0.000   0.003   0.000   0.000   0.000   0.000
   0.044   7.000   0.000   0.000   0.398   0.599   0.000   0.003   0.000   0.000   0.000   0.000
   0.045   7.000   0.000   0.000   0.397   0.600   0.000   0.003   0.000   0.000   0.000   0.000
   0.045   7.000   0.000   0.000   0.397   0.600   0.000   0.003   0.000   0.000   0.000   0.000
   0.046   7.000   0.000   0.000   0.397   0.600   0.000   0.003   0.000   0.000   0.000   0.000
   0.046   7.000   0.000   0.000   0.396   0.600   0.000   0.003   0.000   0.000   0.000   0.000
   0.047   7.000   0.000   0.000   0.396   0.601   0.000   0.003   0.000   0.000   0.000   0.000
   0.047   7.000   0.000   0.000   0.396   0.601   0.000   0.003   0.000   0.000   0.001   0.000
   0.048   7.000   0.000   0.000   0.395   0.601   0.000   0.003   0.000   0.000   0.001   0.000
   0.048   7.000   0.000   0.000   0.395   0.601   0.000   0.004   0.000   0.000   0.001   0.000
   0.049   7.000   0.000   0.000   0.395   0.602   0.000   0.004   0.000   0.000   0.001   0.000
   0.049   7.000   0.000   0.000   0.394   0.602   0.000   0.004   0.000   0.000   0.001   0.000
   0.050   7.000   0.000   0.000   0.394   0.602   0.000   0.004   0.000   0.000   0.001   0.000
   0.050   7.000   0.000   0.000   0.394   0.602   0.000   0.004   0.000   0.000   0.001   0.000
    STEP   AVACS   MODE1   MODE2   MODE3   MODE4
       1   7.000   0.395   0.605   0.000   0.000
       2   6.000   0.337   0.663   0.000   0.000
       3   6.000   0.274   0.726   0.000   0.000
       4   6.000   0.203   0.797   0.000   0.000
       5   5.000   0.109   0.891   0.000   0.000
       6   5.000   0.110   0.889   0.000   0.000
       7   6.000   0.218   0.781   0.001   0.000
       8   5.000   0.306   0.692   0.002   0.000
       9   4.000   0.364   0.612   0.024   0.000
      10   6.000   0.400   0.522   0.078   0.000
      11   6.000   0.445   0.439   0.116   0.000
      12   6.000   0.479   0.370   0.151   0.000
      13   5.000   0.508   0.337   0.154   0.000
      14   5.000   0.618   0.352   0.030   0.000
      15   6.000   0.614   0.385   0.001   0.000
      16   5.000   0.555   0.445   0.000   0.000
      17   5.000   0.499   0.501   0.000   0.001
      18   7.000   0.450   0.548   0.000   0.002
      19   7.000   0.394   0.602   0.000   0.004
      20   6.000   0.335   0.660   0.000   0.005
      21   6.000   0.272   0.722   0.000   0.006
      22   6.000   0.200   0.793   0.000   0.007
      23   5.000   0.106   0.888   0.000   0.006
      24   5.000   0.111   0.888   0.000   0.001
      25   6.000   0.219   0.780   0.000   0.001
      26   5.000   0.307   0.692   0.000   0.001
      27   5.000   0.339   0.654   0.000   0.007
      28   7.000   0.359   0.585   0.000   0.056
      29   8.000   0.403   0.507   0.000   0.090
      30   8.000   0.455   0.441   0.000   0.104
      31   7.000   0.523   0.382   0.000   0.095
      32   5.000   0.623   0.358   0.000   0.019
      33   6.000   0.614   0.384   0.000   0.001
      34   5.000   0.555   0.445   0.000   0.000
      35   5.000   0.499   0.501   0.000   0.000
      36   7.000   0.451   0.549   0.000   0.000
  STRAIN   AVACS   PRITW   SECTW   MODE1   MODE2   MODE3   MODE4   TWFR3   EFFR3   TWFR4   EFFR4
   0.050   7.000   0.000   0.000   0.394   0.602   0.000   0.004   0.000   0.000   0.001   0.000
   0.051   7.000   0.000   0.000   0.393   0.603   0.000   0.004   0.000   0.000   0.001   0.000
   0.051   7.000   0.000   0.000   0.393   0.603   0.000   0.004   0.000   0.000   0.001   0.000
   0.052   7.000   0.000   0.000   0.393   0.603   0.000   0.004   0.000   0.000   0.001   0.000
   0.052   7.000   0.000   0.000   0.392   0.603   0.000   0.004   0.000   0.000   0.001   0.000
   0.053   7.000   0.000   0.000   0.392   0.604   0.000   0.004   0.000   0.000   0.001   0.000
   0.053   7.000   0.000   0.000   0.392   0.604   0.000   0.005   0.000   0.000   0.001   0.000
   0.054   7.000   0.000   0.000   0.391   0.604   0.000   0.005   0.000   0.000   0.001   0.000
   0.054   7.000   0.000   0.000   0.391   0.604   0.000   0.005   0.000   0.000   0.001   0.000
   0.055   7.000   0.000   0.000   0.391   0.604   0.000   0.005   0.000   0.000   0.001   0.000
   0.055   7.000   0.000   0.000   0.390   0.605   0.000   0.005   0.000   0.000   0.001   0.000
   0.056   7.000   0.000   0.000   0.390   0.605   0.000   0.005   0.000   0.000   0.001   0.000
   0.056   7.000   0.000   0.000   0.390   0.605   0.000   0.005   0.000   0.000   0.001   0.000
   0.057   7.000   0.000   0.000   0.389   0.605   0.000   0.005   0.000   0.000   0.001   0.000
   0.057   7.000   0.000   0.000   0.389   0.606   0.000   0.005   0.000   0.000   0.001   0.000
   0.058   7.000   0.000   0.000   0.389   0.606   0.000   0.005   0.000   0.000   0.001   0.000
   0.058   7.000   0.000   0.000   0.388   0.606   0.000   0.006   0.000   0.000   0.001   0.000
   0.059   7.000   0.000   0.000   0.388   0.606   0.000   0.006   0.000   0.000   0.001   0.000
   0.059   7.000   0.000   0.000   0.388   0.607   0.000   0.006   0.000   0.000   0.001   0.000
   0.060   7.000   0.000   0.000   0.387   0.607   0.000   0.006   0.000   0.000   0.001   0.000
   0.060   7.000   0.000   0.000   0.387   0.607   0.000   0.006   0.000   0.000   0.001   0.000
   0.061   7.000   0.000   0.000   0.387   0.607   0.000   0.006   0.000   0.000   0.001   0.000
   0.061   7.000   0.000   0.000   0.386   0.608   0.000   0.006   0.000   0.000   0.002   0.000
   0.062   7.000   0.000   0.000   0.386   0.608   0.000   0.006   0.000   0.000   0.002   0.000
   0.062   7.000   0.000   0.000   0.386   0.608   0.000   0.006   0.000   0.000   0.002   0.000
   0.063   7.000   0.000   0.000   0.385   0.608   0.000   0.006   0.000   0.000   0.002   0.000
   0.063   7.000   0.000   0.000   0.385   0.609   0.000   0.006   0.000   0.000   0.002   0.000
   0.064   7.000   0.000   0.000   0.385   0.609   0.000   0.006   0.000   0.000   0.002   0.000
   0.064   7.000   0.000   0.000   0.384   0.609   0.000   0.007   0.000   0.000   0.002   0.000
   0.065   7.000   0.000   0.000   0.384   0.609   0.000   0.007   0.000   0.000   0.002   0.000
   0.065   7.000   0.000   0.000   0.384   0.610   0.000   0.007   0.000   0.000   0.002   0.000
   0.066   7.000   0.000   0.000   0.383   0.610   0.000   0.007   0.000   0.000   0.002   0.000
   0.066   7.000   0.000   0.000   0.383   0.610   0.000   0.007   0.000   0.000   0.002   0.000
   0.067   7.000   0.000   0.000   0.383   0.611   0.000   0.007   0.000   0.000   0.002   0.000
   0.067   7.000   0.000   0.000   0.382   0.611   0.000   0.007   0.000   0.000   0.002   0.000
   0.068   7.000   0.000   0.000   0.382   0.611   0.000   0.007   0.000   0.000   0.002   0.000
   0.068   7.000   0.000   0.000   0.381   0.611   0.000   0.007   0.000   0.000   0.002   0.000
   0.069   7.000   0.000   0.000   0.381   0.612   0.000   0.007   0.000   0.000   0.002   0.000
   0.069   7.000   0.000   0.000   0.381   0.612   0.000   0.007   0.000   0.000   0.002   0.000
   0.070   7.000   0.000   0.000   0.380   0.612   0.000   0.007   0.000   0.000   0.002   0.000
   0.070   7.000   0.000   0.000   0.380   0.613   0.000   0.007   0.000   0.000   0.002   0.000
   0.071   7.000   0.000   0.000   0.380   0.613   0.000   0.007   0.000   0.000   0.003   0.000
   0.071   7.000   0.000   0.000   0.379   0.613   0.000   0.007   0.000   0.000   0.003   0.000
   0.072   7.000   0.000   0.000   0.379   0.613   0.000   0.008   0.000   0.000   0.003   0.000
   0.072   7.000   0.000   0.000   0.379   0.614   0.000   0.008   0.000   0.000   0.003   0.000
   0.073   7.000   0.000   0.000   0.378   0.614   0.000   0.008   0.000   0.000   0.003   0.000
   0.073   7.000   0.000   0.000   0.378   0.614   0.000   0.008   0.000   0.000   0.003   0.000
   0.074   7.000   0.000   0.000   0.378   0.615   0.000   0.008   0.000   0.000   0.003   0.000
   0.074   7.000   0.000   0.000   0.377   0.615   0.000   0.008   0.000   0.000   0.003   0.000
   0.075   7.000   0.000   0.000   0.377   0.615   0.000   0.008   0.000   0.000   0.003   0.000
   0.075   7.000   0.000   0.000   0.377   0.616   0.000   0.008   0.000   0.000   0.003   0.000
    STEP   AVACS   MODE1   MODE2   MODE3   MODE4
       1   7.000   0.380   0.620   0.000   0.000
       2   7.000   0.321   0.679   0.000   0.000
       3   6.000   0.258   0.741   0.000   0.000
       4   6.000   0.187   0.813   0.000   0.000
       5   6.000   0.099   0.901   0.000   0.000
       6   5.000   0.067   0.932   0.001   0.000
       7   6.000   0.183   0.816   0.001   0.000
       8   6.000   0.279   0.719   0.002   0.000
       9   4.000   0.361   0.626   0.013   0.000
      10   6.000   0.401   0.526   0.073   0.000
      11   6.000   0.445   0.436   0.119   0.000
      12   6.000   0.479   0.360   0.161   0.000
      13   5.000   0.508   0.322   0.170   0.000
      14   6.000   0.608   0.344   0.048   0.000
      15   6.000   0.606   0.391   0.003   0.000
      16   6.000   0.544   0.456   0.000   0.000
      17   5.000   0.486   0.512   0.000   0.001
      18   7.000   0.434   0.561   0.000   0.005
      19   7.000   0.377   0.616   0.000   0.008
      20   7.000   0.317   0.673   0.000   0.010
      21   6.000   0.253   0.734   0.000   0.012
      22   6.000   0.181   0.805   0.000   0.014
      23   6.000   0.093   0.893   0.000   0.014
      24   5.000   0.068   0.930   0.000   0.002
      25   6.000   0.183   0.815   0.000   0.001
      26   6.000   0.281   0.718   0.000   0.001
      27   4.000   0.369   0.630   0.000   0.001
      28   7.000   0.377   0.557   0.000   0.066
      29   9.000   0.418   0.455   0.000   0.128
      30  10.000   0.464   0.380   0.000   0.156
      31   6.000   0.527   0.329   0.000   0.144
      32   6.000   0.620   0.335   0.000   0.046
      33   6.000   0.608   0.389   0.000   0.003
      34   6.000   0.544   0.456   0.000   0.000
      35   5.000   0.487   0.513   0.000   0.000
      36   7.000   0.436   0.564   0.000   0.000
  STRAIN   AVACS   PRITW   SECTW   MODE1   MODE2   MODE3   MODE4   TWFR3   EFFR3   TWFR4   EFFR4
   0.075   7.000   0.000   0.000   0.377   0.615   0.000   0.008   0.000   0.000   0.003   0.000
   0.076   7.000   0.000   0.000   0.376   0.616   0.000   0.008   0.000   0.000   0.003   0.000
   0.076   7.000   0.000   0.000   0.376   0.616   0.000   0.008   0.000   0.000   0.003   0.000
   0.077   7.000   0.000   0.000   0.376   0.616   0.000   0.008   0.000   0.000   0.003   0.000
   0.077   7.000   0.000   0.000   0.375   0.617   0.000   0.008   0.000   0.000   0.003   0.000
   0.078   7.000   0.000   0.000   0.375   0.617   0.000   0.008   0.000   0.000   0.003   0.000
   0.078   7.000   0.000   0.000   0.375   0.617   0.000   0.008   0.000   0.000   0.003   0.000
   0.079   7.000   0.000   0.000   0.374   0.618   0.000   0.008   0.000   0.000   0.003   0.000
   0.079   7.000   0.000   0.000   0.374   0.618   0.000   0.008   0.000   0.000   0.004   0.000
   0.080   7.000   0.000   0.000   0.374   0.618   0.000   0.008   0.000   0.000   0.004   0.000
   0.080   7.000   0.000   0.000   0.373   0.619   0.000   0.008   0.000   0.000   0.004   0.000
   0.081   7.000   0.000   0.000   0.373   0.619   0.000   0.008   0.000   0.000   0.004   0.000
   0.081   7.000   0.000   0.000   0.373   0.619   0.000   0.008   0.000   0.000   0.004   0.000
   0.082   7.000   0.000   0.000   0.372   0.620   0.000   0.008   0.000   0.000   0.004   0.000
   0.082   7.000   0.000   0.000   0.372   0.620   0.000   0.008   0.000   0.000   0.004   0.000
   0.083   7.000   0.000   0.000   0.372   0.620   0.000   0.008   0.000   0.000   0.004   0.000
   0.083   7.000   0.000   0.000   0.371   0.621   0.000   0.008   0.000   0.000   0.004   0.000
   0.084   7.000   0.000   0.000   0.371   0.621   0.000   0.008   0.000   0.000   0.004   0.000
   0.084   7.000   0.000   0.000   0.371   0.621   0.000   0.008   0.000   0.000   0.004   0.000
   0.085   7.000   0.000   0.000   0.370   0.621   0.000   0.008   0.000   0.000   0.004   0.000
   0.085   7.000   0.000   0.000   0.370   0.622   0.000   0.008   0.000   0.000   0.004   0.000
   0.086   7.000   0.000   0.000   0.370   0.622   0.000   0.008   0.000   0.000   0.004   0.000
   0.086   7.000   0.000   0.000   0.369   0.622   0.000   0.008   0.000   0.000   0.004   0.000
   0.087   7.000   0.000   0.000   0.369   0.623   0.000   0.008   0.000   0.000   0.004   0.000
   0.087   7.000   0.000   0.000   0.369   0.623   0.000   0.008   0.000   0.000   0.005   0.000
   0.088   7.000   0.000   0.000   0.368   0.623   0.000   0.008   0.000   0.000   0.005   0.000
   0.088   7.000   0.000   0.000   0.368   0.624   0.000   0.008   0.000   0.000   0.005   0.000
   0.089   7.000   0.000   0.000   0.368   0.624   0.000   0.008   0.000   0.000   0.005   0.000
   0.089   7.000   0.000   0.000   0.367   0.624   0.000   0.008   0.000   0.000   0.005   0.000
   0.090   7.000   0.000   0.000   0.367   0.625   0.000   0.008   0.000   0.000   0.005   0.000
   0.090   7.000   0.000   0.000   0.367   0.625   0.000   0.008   0.000   0.000   0.005   0.000
   0.091   7.000   0.000   0.000   0.367   0.625   0.000   0.008   0.000   0.000   0.005   0.000
   0.091   7.000   0.000   0.000   0.366   0.626   0.000   0.008   0.000   0.000   0.005   0.000
   0.092   7.000   0.000   0.000   0.366   0.626   0.000   0.008   0.000   0.000   0.005   0.000
   0.092   7.000   0.000   0.000   0.366   0.626   0.000   0.008   0.000   0.000   0.005   0.000
   0.093   7.000   0.000   0.000   0.365   0.627   0.000   0.008   0.000   0.000   0.005   0.000
   0.093   7.000   0.000   0.000   0.365   0.627   0.000   0.008   0.000   0.000   0.005   0.000
   0.094   7.000   0.000   0.000   0.365   0.627   0.000   0.008   0.000   0.000   0.005   0.000
   0.094   7.000   0.000   0.000   0.364   0.628   0.000   0.008   0.000   0.000   0.005   0.000
   0.095   7.000   0.000   0.000   0.364   0.628   0.000   0.008   0.000   0.000   0.005   0.000
   0.095   7.000   0.000   0.000   0.364   0.628   0.000   0.008   0.000   0.000   0.006   0.000
   0.096   7.000   0.000   0.000   0.363   0.629   0.000   0.008   0.000   0.000   0.006   0.000
   0.096   7.000   0.000   0.000   0.363   0.629   0.000   0.008   0.000   0.000   0.006   0.000
   0.097   7.000   0.000   0.000   0.363   0.629   0.000   0.008   0.000   0.000   0.006   0.000
   0.097   7.000   0.000   0.000   0.362   0.630   0.000   0.008   0.000   0.000   0.006   0.000
   0.098   7.000   0.000   0.000   0.362   0.630   0.000   0.008   0.000   0.000   0.006   0.000
   0.098   7.000   0.000   0.000   0.362   0.630   0.000   0.008   0.000   0.000   0.006   0.000
   0.099   7.000   0.000   0.000   0.362   0.631   0.000   0.008   0.000   0.000   0.006   0.000
   0.099   7.000   0.000   0.000   0.361   0.631   0.000   0.008   0.000   0.000   0.006   0.000
   0.100   7.000   0.000   0.000   0.361   0.631   0.000   0.008   0.000   0.000   0.006   0.000
   0.100   7.000   0.000   0.000   0.361   0.632   0.000   0.008   0.000   0.000   0.006   0.000
    STEP   AVACS   MODE1   MODE2   MODE3   MODE4
       1   7.000   0.364   0.636   0.000   0.000
       2   7.000   0.305   0.695   0.000   0.000
       3   6.000   0.242   0.758   0.000   0.000
       4   6.000   0.171   0.829   0.000   0.000
       5   6.000   0.085   0.915   0.000   0.000
       6   4.000   0.025   0.975   0.000   0.000
       7   5.000   0.147   0.853   0.000   0.000
       8   5.000   0.254   0.745   0.001   0.000
       9   4.000   0.354   0.640   0.006   0.000
      10   6.000   0.403   0.532   0.066   0.000
      11   6.000   0.443   0.437   0.121   0.000
      12   6.000   0.477   0.353   0.170   0.000
      13   5.000   0.508   0.305   0.187   0.000
      14   6.000   0.597   0.338   0.065   0.000
      15   6.000   0.596   0.398   0.006   0.000
      16   6.000   0.533   0.467   0.000   0.000
      17   5.000   0.474   0.525   0.000   0.001
      18   7.000   0.419   0.576   0.000   0.005
      19   7.000   0.361   0.632   0.000   0.008
      20   7.000   0.301   0.689   0.000   0.010
      21   6.000   0.237   0.751   0.000   0.012
      22   6.000   0.165   0.821   0.000   0.014
      23   6.000   0.078   0.907   0.000   0.014
      24   5.000   0.026   0.973   0.000   0.001
      25   5.000   0.147   0.852   0.000   0.001
      26   5.000   0.254   0.745   0.000   0.001
      27   4.000   0.359   0.641   0.000   0.001
      28   7.000   0.390   0.568   0.000   0.042
      29   8.000   0.424   0.473   0.000   0.104
      30   9.000   0.464   0.402   0.000   0.134
      31   7.000   0.521   0.352   0.000   0.126
      32   5.000   0.614   0.333   0.000   0.053
      33   6.000   0.600   0.397   0.000   0.002
      34   6.000   0.533   0.467   0.000   0.000
      35   5.000   0.474   0.526   0.000   0.000
      36   7.000   0.421   0.579   0.000   0.000
  STRAIN   AVACS   PRITW   SECTW   MODE1   MODE2   MODE3   MODE4   TWFR3   EFFR3   TWFR4   EFFR4
   0.100   7.000   0.000   0.000   0.361   0.632   0.000   0.008   0.000   0.000   0.006   0.000
   0.101   7.000   0.000   0.000   0.360   0.632   0.000   0.008   0.000   0.000   0.006   0.000
   0.101   7.000   0.000   0.000   0.360   0.633   0.000   0.007   0.000   0.000   0.006   0.000
   0.102   7.000   0.000   0.000   0.360   0.633   0.000   0.007   0.000   0.000   0.006   0.000
   0.102   7.000   0.000   0.000   0.359   0.633   0.000   0.007   0.000   0.000   0.006   0.000
   0.103   7.000   0.000   0.000   0.359   0.634   0.000   0.007   0.000   0.000   0.006   0.000
   0.103   7.000   0.000   0.000   0.359   0.634   0.000   0.007   0.000   0.000   0.006   0.000
   0.104   7.000   0.000   0.000   0.358   0.634   0.000   0.007   0.000   0.000   0.007   0.000
   0.104   7.000   0.000   0.000   0.358   0.635   0.000   0.007   0.000   0.000   0.007   0.000
   0.105   7.000   0.000   0.000   0.358   0.635   0.000   0.007   0.000   0.000   0.007   0.000
   0.105   7.000   0.000   0.000   0.358   0.635   0.000   0.007   0.000   0.000   0.007   0.000
   0.106   7.000   0.000   0.000   0.357   0.636   0.000   0.007   0.000   0.000   0.007   0.000
   0.106   7.000   0.000   0.000   0.357   0.636   0.000   0.007   0.000   0.000   0.007   0.000
   0.107   7.000   0.000   0.000   0.357   0.636   0.000   0.007   0.000   0.000   0.007   0.000
   0.107   7.000   0.000   0.000   0.356   0.637   0.000   0.007   0.000   0.000   0.007   0.000
   0.108   7.000   0.000   0.000   0.356   0.637   0.000   0.007   0.000   0.000   0.007   0.000
   0.108   7.000   0.000   0.000   0.356   0.637   0.000   0.007   0.000   0.000   0.007   0.000
   0.109   7.000   0.000   0.000   0.355   0.638   0.000   0.007   0.000   0.000   0.007   0.000
   0.109   7.000   0.000   0.000   0.355   0.638   0.000   0.007   0.000   0.000   0.007   0.000
   0.110   7.000   0.000   0.000   0.355   0.638   0.000   0.007   0.000   0.000   0.007   0.000
   0.110   7.000   0.000   0.000   0.354   0.639   0.000   0.007   0.000   0.000   0.007   0.000
   0.111   7.000   0.000   0.000   0.354   0.639   0.000   0.007   0.000   0.000   0.007   0.000
   0.111   7.000   0.000   0.000   0.354   0.640   0.000   0.007   0.000   0.000   0.007   0.000
   0.112   7.000   0.000   0.000   0.354   0.640   0.000   0.007   0.000   0.000   0.007   0.000
   0.112   7.000   0.000   0.000   0.353   0.640   0.000   0.007   0.000   0.000   0.007   0.000
   0.113   7.000   0.000   0.000   0.353   0.641   0.000   0.006   0.000   0.000   0.008   0.000
   0.113   7.000   0.000   0.000   0.353   0.641   0.000   0.006   0.000   0.000   0.008   0.000
   0.114   7.000   0.000   0.000   0.352   0.641   0.000   0.006   0.000   0.000   0.008   0.000
   0.114   7.000   0.000   0.000   0.352   0.642   0.000   0.006   0.000   0.000   0.008   0.000
   0.115   7.000   0.000   0.000   0.352   0.642   0.000   0.006   0.000   0.000   0.008   0.000
   0.115   7.000   0.000   0.000   0.351   0.642   0.000   0.006   0.000   0.000   0.008   0.000
   0.116   7.000   0.000   0.000   0.351   0.643   0.000   0.006   0.000   0.000   0.008   0.000
   0.116   7.000   0.000   0.000   0.351   0.643   0.000   0.006   0.000   0.000   0.008   0.000
   0.117   7.000   0.000   0.000   0.350   0.643   0.000   0.006   0.000   0.000   0.008   0.000
   0.117   7.000   0.000   0.000   0.350   0.644   0.000   0.006   0.000   0.000   0.008   0.000
   0.118   7.000   0.000   0.000   0.350   0.644   0.000   0.006   0.000   0.000   0.008   0.000
   0.118   7.000   0.000   0.000   0.349   0.645   0.000   0.006   0.000   0.000   0.008   0.000
   0.119   7.000   0.000   0.000   0.349   0.645   0.000   0.006   0.000   0.000   0.008   0.000
   0.119   7.000   0.000   0.000   0.349   0.645   0.000   0.006   0.000   0.000   0.008   0.000
   0.120   7.000   0.000   0.000   0.349   0.646   0.000   0.006   0.000   0.000   0.008   0.000
   0.120   7.000   0.000   0.000   0.348   0.646   0.000   0.006   0.000   0.000   0.008   0.000
   0.121   7.000   0.000   0.000   0.348   0.646   0.000   0.006   0.000   0.000   0.008   0.000
   0.121   7.000   0.000   0.000   0.348   0.647   0.000   0.006   0.000   0.000   0.008   0.000
   0.122   7.000   0.000   0.000   0.347   0.647   0.000   0.006   0.000   0.000   0.008   0.000
   0.122   7.000   0.000   0.000   0.347   0.647   0.000   0.006   0.000   0.000   0.008   0.000
   0.123   7.000   0.000   0.000   0.347   0.648   0.000   0.006   0.000   0.000   0.008   0.000
   0.123   7.000   0.000   0.000   0.346   0.648   0.000   0.006   0.000   0.000   0.009   0.000
   0.124   7.000   0.000   0.000   0.346   0.648   0.000   0.005   0.000   0.000   0.009   0.000
   0.124   7.000   0.000   0.000   0.346   0.649   0.000   0.005   0.000   0.000   0.009   0.000
   0.125   7.000   0.000   0.000   0.345   0.649   0.000   0.005   0.000   0.000   0.009   0.000
   0.125   7.000   0.000   0.000   0.345   0.650   0.000   0.005   0.000   0.000   0.009   0.000
    STEP   AVACS   MODE1   MODE2   MODE3   MODE4
       1   7.000   0.347   0.653   0.000   0.000
       2   7.000   0.288   0.712   0.000   0.000
       3   7.000   0.225   0.775   0.000   0.000
       4   6.000   0.154   0.845   0.000   0.000
       5   5.000   0.069   0.931   0.000   0.000
       6   4.000   0.022   0.978   0.000   0.001
       7   4.000   0.130   0.870   0.000   0.000
       8   5.000   0.238   0.761   0.000   0.000
       9   4.000   0.345   0.652   0.002   0.000
      10   5.000   0.406   0.538   0.055   0.000
      11   6.000   0.442   0.437   0.121   0.000
      12   6.000   0.474   0.347   0.178   0.000
      13   5.000   0.508   0.287   0.205   0.000
      14   7.000   0.586   0.333   0.081   0.000
      15   6.000   0.584   0.406   0.010   0.000
      16   6.000   0.521   0.479   0.000   0.000
      17   5.000   0.461   0.538   0.000   0.001
      18   7.000   0.404   0.593   0.000   0.003
      19   7.000   0.345   0.650   0.000   0.005
      20   7.000   0.285   0.708   0.000   0.007
      21   7.000   0.222   0.770   0.000   0.008
      22   6.000   0.150   0.840   0.000   0.010
      23   5.000   0.065   0.925   0.000   0.010
      24   4.000   0.022   0.978   0.000   0.000
      25   4.000   0.130   0.869   0.000   0.000
      26   5.000   0.239   0.761   0.000   0.000
      27   4.000   0.347   0.653   0.000   0.000
      28   6.000   0.403   0.579   0.000   0.017
      29   8.000   0.428   0.508   0.000   0.064
      30   8.000   0.461   0.451   0.000   0.087
      31   8.000   0.512   0.405   0.000   0.084
      32   6.000   0.606   0.354   0.000   0.040
      33   6.000   0.592   0.407   0.000   0.001
      34   6.000   0.521   0.478   0.000   0.000
      35   5.000   0.461   0.539   0.000   0.000
      36   7.000   0.405   0.595   0.000   0.000
