          Evm          Svm            E11          E22          E33          E23          E13          E12         SDEV11       SDEV22       SDEV33       SDEV23       SDEV13       SDEV12      TEMP
  0.00000E+00  0.46080E+03    0.00000E+00  0.00000E+00  0.00000E+00  0.00000E+00  0.00000E+00  0.00000E+00   -0.17658E+03 -0.17691E+02  0.19427E+03  0.42371E+02 -0.18503E+03  0.11370E+02      298.00
  0.31619E-03  0.46998E+03   -0.25000E-03 -0.25000E-03  0.50000E-03  0.00000E+00  0.00000E+00  0.00000E+00   -0.18000E+03 -0.19690E+02  0.19969E+03  0.43731E+02 -0.18779E+03  0.10946E+02      298.00
  0.63486E-03  0.47895E+03   -0.50000E-03 -0.50000E-03  0.10000E-02  0.00000E+00  0.00000E+00  0.00000E+00   -0.18334E+03 -0.21512E+02  0.20485E+03  0.44937E+02 -0.19055E+03  0.10780E+02      298.00
  0.95564E-03  0.48778E+03   -0.75000E-03 -0.75000E-03  0.15000E-02  0.00000E+00  0.00000E+00  0.00000E+00   -0.18665E+03 -0.23134E+02  0.20979E+03  0.46082E+02 -0.19334E+03  0.10639E+02      298.00
  0.12782E-02  0.49637E+03   -0.10000E-02 -0.10000E-02  0.20000E-02  0.00000E+00  0.00000E+00  0.00000E+00   -0.18993E+03 -0.24558E+02  0.21448E+03  0.47165E+02 -0.19609E+03  0.10514E+02      298.00
  0.16023E-02  0.50492E+03   -0.12500E-02 -0.12500E-02  0.25000E-02  0.00000E+00  0.00000E+00  0.00000E+00   -0.19320E+03 -0.25835E+02  0.21904E+03  0.48207E+02 -0.19891E+03  0.10418E+02      298.00
  0.19276E-02  0.51333E+03   -0.15000E-02 -0.15000E-02  0.30000E-02  0.00000E+00  0.00000E+00  0.00000E+00   -0.19643E+03 -0.26989E+02  0.22342E+03  0.49180E+02 -0.20173E+03  0.10405E+02      298.00
  0.22541E-02  0.52161E+03   -0.17500E-02 -0.17500E-02  0.35000E-02  0.00000E+00  0.00000E+00  0.00000E+00   -0.19964E+03 -0.28022E+02  0.22766E+03  0.50108E+02 -0.20454E+03  0.10421E+02      298.00
  0.25814E-02  0.52967E+03   -0.20000E-02 -0.20000E-02  0.40000E-02  0.00000E+00  0.00000E+00  0.00000E+00   -0.20281E+03 -0.28924E+02  0.23173E+03  0.51004E+02 -0.20730E+03  0.10410E+02      298.00
  0.29095E-02  0.53774E+03   -0.22500E-02 -0.22500E-02  0.45000E-02  0.00000E+00  0.00000E+00  0.00000E+00   -0.20597E+03 -0.29756E+02  0.23572E+03  0.51866E+02 -0.21013E+03  0.10445E+02      298.00
  0.32383E-02  0.54584E+03   -0.25000E-02 -0.25000E-02  0.50000E-02  0.00000E+00  0.00000E+00  0.00000E+00   -0.20912E+03 -0.30532E+02  0.23965E+03  0.52697E+02 -0.21302E+03  0.10542E+02      298.00
  0.35676E-02  0.55334E+03   -0.27500E-02 -0.27500E-02  0.55000E-02  0.00000E+00  0.00000E+00  0.00000E+00   -0.21217E+03 -0.31167E+02  0.24334E+03  0.53459E+02 -0.21562E+03  0.10639E+02      298.00
  0.38974E-02  0.56105E+03   -0.30000E-02 -0.30000E-02  0.60000E-02  0.00000E+00  0.00000E+00  0.00000E+00   -0.21525E+03 -0.31762E+02  0.24702E+03  0.54244E+02 -0.21838E+03  0.10684E+02      298.00
  0.42276E-02  0.56842E+03   -0.32500E-02 -0.32500E-02  0.65000E-02  0.00000E+00  0.00000E+00  0.00000E+00   -0.21825E+03 -0.32309E+02  0.25056E+03  0.54933E+02 -0.22099E+03  0.10907E+02      298.00
  0.45582E-02  0.57633E+03   -0.35000E-02 -0.35000E-02  0.70000E-02  0.00000E+00  0.00000E+00  0.00000E+00   -0.22130E+03 -0.32888E+02  0.25419E+03  0.55692E+02 -0.22397E+03  0.10980E+02      298.00
  0.48890E-02  0.58359E+03   -0.37500E-02 -0.37500E-02  0.75000E-02  0.00000E+00  0.00000E+00  0.00000E+00   -0.22424E+03 -0.33360E+02  0.25760E+03  0.56347E+02 -0.22661E+03  0.11187E+02      298.00
  0.52200E-02  0.59036E+03   -0.40000E-02 -0.40000E-02  0.80000E-02  0.00000E+00  0.00000E+00  0.00000E+00   -0.22716E+03 -0.33678E+02  0.26083E+03  0.56992E+02 -0.22894E+03  0.11328E+02      298.00
  0.55514E-02  0.59787E+03   -0.42500E-02 -0.42500E-02  0.85000E-02  0.00000E+00  0.00000E+00  0.00000E+00   -0.23009E+03 -0.34140E+02  0.26423E+03  0.57674E+02 -0.23180E+03  0.11449E+02      298.00
  0.58829E-02  0.60443E+03   -0.45000E-02 -0.45000E-02  0.90000E-02  0.00000E+00  0.00000E+00  0.00000E+00   -0.23293E+03 -0.34416E+02  0.26734E+03  0.58257E+02 -0.23408E+03  0.11664E+02      298.00
  0.62146E-02  0.61132E+03   -0.47500E-02 -0.47500E-02  0.95000E-02  0.00000E+00  0.00000E+00  0.00000E+00   -0.23576E+03 -0.34751E+02  0.27051E+03  0.58857E+02 -0.23660E+03  0.11860E+02      298.00
  0.65465E-02  0.61850E+03   -0.50000E-02 -0.50000E-02  0.10000E-01  0.00000E+00  0.00000E+00  0.00000E+00   -0.23859E+03 -0.35136E+02  0.27373E+03  0.59479E+02 -0.23934E+03  0.12017E+02      298.00
  0.68784E-02  0.62479E+03   -0.52500E-02 -0.52500E-02  0.10500E-01  0.00000E+00  0.00000E+00  0.00000E+00   -0.24136E+03 -0.35330E+02  0.27669E+03  0.60036E+02 -0.24153E+03  0.12194E+02      298.00
  0.72105E-02  0.63128E+03   -0.55000E-02 -0.55000E-02  0.11000E-01  0.00000E+00  0.00000E+00  0.00000E+00   -0.24404E+03 -0.35600E+02  0.27964E+03  0.60605E+02 -0.24393E+03  0.12294E+02      298.00
  0.75428E-02  0.63787E+03   -0.57500E-02 -0.57500E-02  0.11500E-01  0.00000E+00  0.00000E+00  0.00000E+00   -0.24682E+03 -0.35844E+02  0.28266E+03  0.61150E+02 -0.24633E+03  0.12562E+02      298.00
  0.78751E-02  0.64418E+03   -0.60000E-02 -0.60000E-02  0.12000E-01  0.00000E+00  0.00000E+00  0.00000E+00   -0.24945E+03 -0.36087E+02  0.28553E+03  0.61692E+02 -0.24866E+03  0.12673E+02      298.00
  0.82076E-02  0.65041E+03   -0.62500E-02 -0.62500E-02  0.12500E-01  0.00000E+00  0.00000E+00  0.00000E+00   -0.25212E+03 -0.36279E+02  0.28840E+03  0.62215E+02 -0.25089E+03  0.12865E+02      298.00
  0.85401E-02  0.65663E+03   -0.65000E-02 -0.65000E-02  0.13000E-01  0.00000E+00  0.00000E+00  0.00000E+00   -0.25474E+03 -0.36496E+02  0.29123E+03  0.62726E+02 -0.25317E+03  0.13065E+02      298.00
  0.88728E-02  0.66287E+03   -0.67500E-02 -0.67500E-02  0.13500E-01  0.00000E+00  0.00000E+00  0.00000E+00   -0.25734E+03 -0.36713E+02  0.29406E+03  0.63254E+02 -0.25548E+03  0.13199E+02      298.00
  0.92055E-02  0.66882E+03   -0.70000E-02 -0.70000E-02  0.14000E-01  0.00000E+00  0.00000E+00  0.00000E+00   -0.25991E+03 -0.36890E+02  0.29680E+03  0.63732E+02 -0.25761E+03  0.13423E+02      298.00
  0.95383E-02  0.67490E+03   -0.72500E-02 -0.72500E-02  0.14500E-01  0.00000E+00  0.00000E+00  0.00000E+00   -0.26247E+03 -0.37084E+02  0.29955E+03  0.64248E+02 -0.25984E+03  0.13536E+02      298.00
  0.98712E-02  0.68079E+03   -0.75000E-02 -0.75000E-02  0.15000E-01  0.00000E+00  0.00000E+00  0.00000E+00   -0.26499E+03 -0.37262E+02  0.30225E+03  0.64728E+02 -0.26198E+03  0.13713E+02      298.00
  0.10204E-01  0.68659E+03   -0.77500E-02 -0.77500E-02  0.15500E-01  0.00000E+00  0.00000E+00  0.00000E+00   -0.26746E+03 -0.37444E+02  0.30491E+03  0.65189E+02 -0.26408E+03  0.13914E+02      298.00
  0.10537E-01  0.69230E+03   -0.80000E-02 -0.80000E-02  0.16000E-01  0.00000E+00  0.00000E+00  0.00000E+00   -0.26991E+03 -0.37625E+02  0.30753E+03  0.65637E+02 -0.26614E+03  0.14122E+02      298.00
  0.10870E-01  0.69839E+03   -0.82500E-02 -0.82500E-02  0.16500E-01  0.00000E+00  0.00000E+00  0.00000E+00   -0.27244E+03 -0.37828E+02  0.31027E+03  0.66143E+02 -0.26841E+03  0.14270E+02      298.00
  0.11204E-01  0.70394E+03   -0.85000E-02 -0.85000E-02  0.17000E-01  0.00000E+00  0.00000E+00  0.00000E+00   -0.27483E+03 -0.38000E+02  0.31283E+03  0.66573E+02 -0.27040E+03  0.14478E+02      298.00
  0.11537E-01  0.70941E+03   -0.87500E-02 -0.87500E-02  0.17500E-01  0.00000E+00  0.00000E+00  0.00000E+00   -0.27720E+03 -0.38165E+02  0.31536E+03  0.67000E+02 -0.27235E+03  0.14671E+02      298.00
  0.11870E-01  0.71481E+03   -0.90000E-02 -0.90000E-02  0.18000E-01  0.00000E+00  0.00000E+00  0.00000E+00   -0.27954E+03 -0.38322E+02  0.31786E+03  0.67425E+02 -0.27427E+03  0.14850E+02      298.00
  0.12204E-01  0.72012E+03   -0.92500E-02 -0.92500E-02  0.18500E-01  0.00000E+00  0.00000E+00  0.00000E+00   -0.28186E+03 -0.38475E+02  0.32033E+03  0.67845E+02 -0.27616E+03  0.15020E+02      298.00
  0.12537E-01  0.72537E+03   -0.95000E-02 -0.95000E-02  0.19000E-01  0.00000E+00  0.00000E+00  0.00000E+00   -0.28415E+03 -0.38624E+02  0.32278E+03  0.68258E+02 -0.27801E+03  0.15185E+02      298.00
  0.12871E-01  0.73054E+03   -0.97500E-02 -0.97500E-02  0.19500E-01  0.00000E+00  0.00000E+00  0.00000E+00   -0.28642E+03 -0.38773E+02  0.32519E+03  0.68664E+02 -0.27983E+03  0.15348E+02      298.00
  0.13205E-01  0.73564E+03   -0.10000E-01 -0.10000E-01  0.20000E-01  0.00000E+00  0.00000E+00  0.00000E+00   -0.28866E+03 -0.38920E+02  0.32758E+03  0.69064E+02 -0.28161E+03  0.15510E+02      298.00
  0.13539E-01  0.74067E+03   -0.10250E-01 -0.10250E-01  0.20500E-01  0.00000E+00  0.00000E+00  0.00000E+00   -0.29087E+03 -0.39066E+02  0.32994E+03  0.69456E+02 -0.28337E+03  0.15671E+02      298.00
  0.13873E-01  0.74563E+03   -0.10500E-01 -0.10500E-01  0.21000E-01  0.00000E+00  0.00000E+00  0.00000E+00   -0.29306E+03 -0.39211E+02  0.33227E+03  0.69841E+02 -0.28509E+03  0.15830E+02      298.00
  0.14207E-01  0.75052E+03   -0.10750E-01 -0.10750E-01  0.21500E-01  0.00000E+00  0.00000E+00  0.00000E+00   -0.29523E+03 -0.39356E+02  0.33458E+03  0.70220E+02 -0.28679E+03  0.15988E+02      298.00
  0.14542E-01  0.75534E+03   -0.11000E-01 -0.11000E-01  0.22000E-01  0.00000E+00  0.00000E+00  0.00000E+00   -0.29737E+03 -0.39500E+02  0.33687E+03  0.70592E+02 -0.28845E+03  0.16144E+02      298.00
  0.14876E-01  0.76009E+03   -0.11250E-01 -0.11250E-01  0.22500E-01  0.00000E+00  0.00000E+00  0.00000E+00   -0.29948E+03 -0.39644E+02  0.33912E+03  0.70958E+02 -0.29008E+03  0.16299E+02      298.00
  0.15211E-01  0.76478E+03   -0.11500E-01 -0.11500E-01  0.23000E-01  0.00000E+00  0.00000E+00  0.00000E+00   -0.30157E+03 -0.39787E+02  0.34136E+03  0.71317E+02 -0.29168E+03  0.16451E+02      298.00
  0.15546E-01  0.76941E+03   -0.11750E-01 -0.11750E-01  0.23500E-01  0.00000E+00  0.00000E+00  0.00000E+00   -0.30364E+03 -0.39930E+02  0.34357E+03  0.71671E+02 -0.29326E+03  0.16602E+02      298.00
  0.15880E-01  0.77396E+03   -0.12000E-01 -0.12000E-01  0.24000E-01  0.00000E+00  0.00000E+00  0.00000E+00   -0.30568E+03 -0.40073E+02  0.34576E+03  0.72019E+02 -0.29480E+03  0.16751E+02      298.00
  0.16215E-01  0.77846E+03   -0.12250E-01 -0.12250E-01  0.24500E-01  0.00000E+00  0.00000E+00  0.00000E+00   -0.30771E+03 -0.40216E+02  0.34792E+03  0.72361E+02 -0.29632E+03  0.16897E+02      298.00
  0.16551E-01  0.78289E+03   -0.12500E-01 -0.12500E-01  0.25000E-01  0.00000E+00  0.00000E+00  0.00000E+00   -0.30970E+03 -0.40358E+02  0.35006E+03  0.72697E+02 -0.29780E+03  0.17042E+02      298.00
          Evm          Svm            E11          E22          E33          E23          E13          E12         SDEV11       SDEV22       SDEV33       SDEV23       SDEV13       SDEV12      TEMP
  0.16551E-01  0.78272E+03   -0.12500E-01 -0.12500E-01  0.25000E-01  0.00000E+00  0.00000E+00  0.00000E+00   -0.30961E+03 -0.40400E+02  0.35001E+03  0.72558E+02 -0.29775E+03  0.17275E+02      298.00
  0.16886E-01  0.78726E+03   -0.12750E-01 -0.12750E-01  0.25500E-01  0.00000E+00  0.00000E+00  0.00000E+00   -0.31168E+03 -0.40506E+02  0.35218E+03  0.73023E+02 -0.29926E+03  0.17198E+02      298.00
  0.17222E-01  0.79157E+03   -0.13000E-01 -0.13000E-01  0.26000E-01  0.00000E+00  0.00000E+00  0.00000E+00   -0.31363E+03 -0.40644E+02  0.35428E+03  0.73352E+02 -0.30069E+03  0.17327E+02      298.00
  0.17557E-01  0.79582E+03   -0.13250E-01 -0.13250E-01  0.26500E-01  0.00000E+00  0.00000E+00  0.00000E+00   -0.31557E+03 -0.40787E+02  0.35635E+03  0.73673E+02 -0.30210E+03  0.17465E+02      298.00
  0.17893E-01  0.80001E+03   -0.13500E-01 -0.13500E-01  0.27000E-01  0.00000E+00  0.00000E+00  0.00000E+00   -0.31748E+03 -0.40930E+02  0.35841E+03  0.73987E+02 -0.30347E+03  0.17602E+02      298.00
  0.18229E-01  0.80415E+03   -0.13750E-01 -0.13750E-01  0.27500E-01  0.00000E+00  0.00000E+00  0.00000E+00   -0.31937E+03 -0.41072E+02  0.36044E+03  0.74297E+02 -0.30482E+03  0.17736E+02      298.00
  0.18565E-01  0.80822E+03   -0.14000E-01 -0.14000E-01  0.28000E-01  0.00000E+00  0.00000E+00  0.00000E+00   -0.32123E+03 -0.41215E+02  0.36245E+03  0.74601E+02 -0.30615E+03  0.17869E+02      298.00
  0.18902E-01  0.81224E+03   -0.14250E-01 -0.14250E-01  0.28500E-01  0.00000E+00  0.00000E+00  0.00000E+00   -0.32308E+03 -0.41359E+02  0.36444E+03  0.74900E+02 -0.30744E+03  0.18000E+02      298.00
  0.19238E-01  0.81658E+03   -0.14500E-01 -0.14500E-01  0.29000E-01  0.00000E+00  0.00000E+00  0.00000E+00   -0.32505E+03 -0.41499E+02  0.36655E+03  0.75256E+02 -0.30888E+03  0.18076E+02      298.00
  0.19575E-01  0.82048E+03   -0.14750E-01 -0.14750E-01  0.29500E-01  0.00000E+00  0.00000E+00  0.00000E+00   -0.32685E+03 -0.41642E+02  0.36850E+03  0.75545E+02 -0.31013E+03  0.18202E+02      298.00
  0.19912E-01  0.82433E+03   -0.15000E-01 -0.15000E-01  0.30000E-01  0.00000E+00  0.00000E+00  0.00000E+00   -0.32864E+03 -0.41787E+02  0.37042E+03  0.75828E+02 -0.31135E+03  0.18330E+02      298.00
  0.20249E-01  0.82812E+03   -0.15250E-01 -0.15250E-01  0.30500E-01  0.00000E+00  0.00000E+00  0.00000E+00   -0.33040E+03 -0.41932E+02  0.37233E+03  0.76106E+02 -0.31254E+03  0.18456E+02      298.00
  0.20586E-01  0.83186E+03   -0.15500E-01 -0.15500E-01  0.31000E-01  0.00000E+00  0.00000E+00  0.00000E+00   -0.33215E+03 -0.42077E+02  0.37422E+03  0.76380E+02 -0.31372E+03  0.18581E+02      298.00
  0.20923E-01  0.83555E+03   -0.15750E-01 -0.15750E-01  0.31500E-01  0.00000E+00  0.00000E+00  0.00000E+00   -0.33387E+03 -0.42222E+02  0.37609E+03  0.76649E+02 -0.31486E+03  0.18703E+02      298.00
  0.21261E-01  0.83918E+03   -0.16000E-01 -0.16000E-01  0.32000E-01  0.00000E+00  0.00000E+00  0.00000E+00   -0.33558E+03 -0.42368E+02  0.37794E+03  0.76913E+02 -0.31599E+03  0.18824E+02      298.00
  0.21599E-01  0.84260E+03   -0.16250E-01 -0.16250E-01  0.32500E-01  0.00000E+00  0.00000E+00  0.00000E+00   -0.33711E+03 -0.42566E+02  0.37968E+03  0.77149E+02 -0.31709E+03  0.18926E+02      298.00
  0.21937E-01  0.84613E+03   -0.16500E-01 -0.16500E-01  0.33000E-01  0.00000E+00  0.00000E+00  0.00000E+00   -0.33879E+03 -0.42707E+02  0.38149E+03  0.77408E+02 -0.31816E+03  0.19038E+02      298.00
  0.22275E-01  0.84962E+03   -0.16750E-01 -0.16750E-01  0.33500E-01  0.00000E+00  0.00000E+00  0.00000E+00   -0.34044E+03 -0.42850E+02  0.38329E+03  0.77663E+02 -0.31921E+03  0.19144E+02      298.00
  0.22613E-01  0.85306E+03   -0.17000E-01 -0.17000E-01  0.34000E-01  0.00000E+00  0.00000E+00  0.00000E+00   -0.34208E+03 -0.42992E+02  0.38507E+03  0.77916E+02 -0.32024E+03  0.19247E+02      298.00
  0.22952E-01  0.85646E+03   -0.17250E-01 -0.17250E-01  0.34500E-01  0.00000E+00  0.00000E+00  0.00000E+00   -0.34370E+03 -0.43134E+02  0.38684E+03  0.78164E+02 -0.32126E+03  0.19346E+02      298.00
  0.23290E-01  0.85980E+03   -0.17500E-01 -0.17500E-01  0.35000E-01  0.00000E+00  0.00000E+00  0.00000E+00   -0.34531E+03 -0.43277E+02  0.38858E+03  0.78409E+02 -0.32224E+03  0.19444E+02      298.00
  0.23629E-01  0.86310E+03   -0.17750E-01 -0.17750E-01  0.35500E-01  0.00000E+00  0.00000E+00  0.00000E+00   -0.34689E+03 -0.43420E+02  0.39031E+03  0.78649E+02 -0.32321E+03  0.19541E+02      298.00
  0.23968E-01  0.86636E+03   -0.18000E-01 -0.18000E-01  0.36000E-01  0.00000E+00  0.00000E+00  0.00000E+00   -0.34846E+03 -0.43564E+02  0.39202E+03  0.78885E+02 -0.32416E+03  0.19637E+02      298.00
  0.24308E-01  0.86956E+03   -0.18250E-01 -0.18250E-01  0.36500E-01  0.00000E+00  0.00000E+00  0.00000E+00   -0.35001E+03 -0.43708E+02  0.39372E+03  0.79117E+02 -0.32509E+03  0.19732E+02      298.00
  0.24647E-01  0.87273E+03   -0.18500E-01 -0.18500E-01  0.37000E-01  0.00000E+00  0.00000E+00  0.00000E+00   -0.35155E+03 -0.43853E+02  0.39540E+03  0.79344E+02 -0.32599E+03  0.19826E+02      298.00
  0.24987E-01  0.87585E+03   -0.18750E-01 -0.18750E-01  0.37500E-01  0.00000E+00  0.00000E+00  0.00000E+00   -0.35306E+03 -0.43998E+02  0.39706E+03  0.79567E+02 -0.32688E+03  0.19920E+02      298.00
  0.25327E-01  0.87892E+03   -0.19000E-01 -0.19000E-01  0.38000E-01  0.00000E+00  0.00000E+00  0.00000E+00   -0.35457E+03 -0.44145E+02  0.39871E+03  0.79786E+02 -0.32774E+03  0.20014E+02      298.00
  0.25667E-01  0.88195E+03   -0.19250E-01 -0.19250E-01  0.38500E-01  0.00000E+00  0.00000E+00  0.00000E+00   -0.35605E+03 -0.44292E+02  0.40034E+03  0.80000E+02 -0.32859E+03  0.20107E+02      298.00
  0.26008E-01  0.88494E+03   -0.19500E-01 -0.19500E-01  0.39000E-01  0.00000E+00  0.00000E+00  0.00000E+00   -0.35752E+03 -0.44439E+02  0.40196E+03  0.80211E+02 -0.32942E+03  0.20200E+02      298.00
  0.26349E-01  0.88789E+03   -0.19750E-01 -0.19750E-01  0.39500E-01  0.00000E+00  0.00000E+00  0.00000E+00   -0.35897E+03 -0.44587E+02  0.40356E+03  0.80418E+02 -0.33023E+03  0.20292E+02      298.00
  0.26689E-01  0.89080E+03   -0.20000E-01 -0.20000E-01  0.40000E-01  0.00000E+00  0.00000E+00  0.00000E+00   -0.36041E+03 -0.44736E+02  0.40515E+03  0.80621E+02 -0.33102E+03  0.20383E+02      298.00
  0.27031E-01  0.89367E+03   -0.20250E-01 -0.20250E-01  0.40500E-01  0.00000E+00  0.00000E+00  0.00000E+00   -0.36183E+03 -0.44885E+02  0.40672E+03  0.80820E+02 -0.33179E+03  0.20474E+02      298.00
  0.27372E-01  0.89649E+03   -0.20500E-01 -0.20500E-01  0.41000E-01  0.00000E+00  0.00000E+00  0.00000E+00   -0.36324E+03 -0.45034E+02  0.40827E+03  0.81015E+02 -0.33254E+03  0.20563E+02      298.00
  0.27713E-01  0.89928E+03   -0.20750E-01 -0.20750E-01  0.41500E-01  0.00000E+00  0.00000E+00  0.00000E+00   -0.36463E+03 -0.45184E+02  0.40981E+03  0.81207E+02 -0.33328E+03  0.20652E+02      298.00
  0.28055E-01  0.90203E+03   -0.21000E-01 -0.21000E-01  0.42000E-01  0.00000E+00  0.00000E+00  0.00000E+00   -0.36601E+03 -0.45335E+02  0.41134E+03  0.81396E+02 -0.33400E+03  0.20740E+02      298.00
  0.28397E-01  0.90474E+03   -0.21250E-01 -0.21250E-01  0.42500E-01  0.00000E+00  0.00000E+00  0.00000E+00   -0.36737E+03 -0.45486E+02  0.41285E+03  0.81580E+02 -0.33470E+03  0.20827E+02      298.00
  0.28740E-01  0.90741E+03   -0.21500E-01 -0.21500E-01  0.43000E-01  0.00000E+00  0.00000E+00  0.00000E+00   -0.36872E+03 -0.45637E+02  0.41435E+03  0.81762E+02 -0.33538E+03  0.20912E+02      298.00
  0.29082E-01  0.91005E+03   -0.21750E-01 -0.21750E-01  0.43500E-01  0.00000E+00  0.00000E+00  0.00000E+00   -0.37005E+03 -0.45788E+02  0.41584E+03  0.81940E+02 -0.33605E+03  0.20997E+02      298.00
  0.29425E-01  0.91264E+03   -0.22000E-01 -0.22000E-01  0.44000E-01  0.00000E+00  0.00000E+00  0.00000E+00   -0.37137E+03 -0.45940E+02  0.41731E+03  0.82115E+02 -0.33670E+03  0.21081E+02      298.00
  0.29768E-01  0.91521E+03   -0.22250E-01 -0.22250E-01  0.44500E-01  0.00000E+00  0.00000E+00  0.00000E+00   -0.37268E+03 -0.46093E+02  0.41877E+03  0.82287E+02 -0.33733E+03  0.21163E+02      298.00
  0.30111E-01  0.91773E+03   -0.22500E-01 -0.22500E-01  0.45000E-01  0.00000E+00  0.00000E+00  0.00000E+00   -0.37397E+03 -0.46245E+02  0.42021E+03  0.82456E+02 -0.33795E+03  0.21245E+02      298.00
  0.30454E-01  0.92022E+03   -0.22750E-01 -0.22750E-01  0.45500E-01  0.00000E+00  0.00000E+00  0.00000E+00   -0.37525E+03 -0.46398E+02  0.42165E+03  0.82621E+02 -0.33855E+03  0.21326E+02      298.00
  0.30798E-01  0.92268E+03   -0.23000E-01 -0.23000E-01  0.46000E-01  0.00000E+00  0.00000E+00  0.00000E+00   -0.37651E+03 -0.46551E+02  0.42307E+03  0.82784E+02 -0.33913E+03  0.21405E+02      298.00
  0.31142E-01  0.92510E+03   -0.23250E-01 -0.23250E-01  0.46500E-01  0.00000E+00  0.00000E+00  0.00000E+00   -0.37777E+03 -0.46705E+02  0.42447E+03  0.82943E+02 -0.33970E+03  0.21483E+02      298.00
  0.31486E-01  0.92749E+03   -0.23500E-01 -0.23500E-01  0.47000E-01  0.00000E+00  0.00000E+00  0.00000E+00   -0.37901E+03 -0.46858E+02  0.42587E+03  0.83100E+02 -0.34026E+03  0.21560E+02      298.00
  0.31830E-01  0.92985E+03   -0.23750E-01 -0.23750E-01  0.47500E-01  0.00000E+00  0.00000E+00  0.00000E+00   -0.38023E+03 -0.47012E+02  0.42725E+03  0.83254E+02 -0.34080E+03  0.21636E+02      298.00
  0.32175E-01  0.93217E+03   -0.24000E-01 -0.24000E-01  0.48000E-01  0.00000E+00  0.00000E+00  0.00000E+00   -0.38145E+03 -0.47166E+02  0.42862E+03  0.83405E+02 -0.34132E+03  0.21712E+02      298.00
  0.32520E-01  0.93446E+03   -0.24250E-01 -0.24250E-01  0.48500E-01  0.00000E+00  0.00000E+00  0.00000E+00   -0.38265E+03 -0.47321E+02  0.42998E+03  0.83553E+02 -0.34183E+03  0.21786E+02      298.00
  0.32865E-01  0.93672E+03   -0.24500E-01 -0.24500E-01  0.49000E-01  0.00000E+00  0.00000E+00  0.00000E+00   -0.38385E+03 -0.47475E+02  0.43132E+03  0.83698E+02 -0.34232E+03  0.21858E+02      298.00
  0.33210E-01  0.93895E+03   -0.24750E-01 -0.24750E-01  0.49500E-01  0.00000E+00  0.00000E+00  0.00000E+00   -0.38502E+03 -0.47630E+02  0.43265E+03  0.83841E+02 -0.34280E+03  0.21930E+02      298.00
  0.33556E-01  0.94115E+03   -0.25000E-01 -0.25000E-01  0.50000E-01  0.00000E+00  0.00000E+00  0.00000E+00   -0.38619E+03 -0.47785E+02  0.43398E+03  0.83982E+02 -0.34327E+03  0.22001E+02      298.00
          Evm          Svm            E11          E22          E33          E23          E13          E12         SDEV11       SDEV22       SDEV33       SDEV23       SDEV13       SDEV12      TEMP
  0.33556E-01  0.94098E+03   -0.25000E-01 -0.25000E-01  0.50000E-01  0.00000E+00  0.00000E+00  0.00000E+00   -0.38613E+03 -0.47829E+02  0.43396E+03  0.83853E+02 -0.34317E+03  0.22302E+02      298.00
  0.33902E-01  0.94331E+03   -0.25250E-01 -0.25250E-01  0.50500E-01  0.00000E+00  0.00000E+00  0.00000E+00   -0.38734E+03 -0.47949E+02  0.43529E+03  0.84111E+02 -0.34373E+03  0.22089E+02      298.00
  0.34248E-01  0.94545E+03   -0.25500E-01 -0.25500E-01  0.51000E-01  0.00000E+00  0.00000E+00  0.00000E+00   -0.38849E+03 -0.48097E+02  0.43659E+03  0.84254E+02 -0.34416E+03  0.22140E+02      298.00
  0.34594E-01  0.94756E+03   -0.25750E-01 -0.25750E-01  0.51500E-01  0.00000E+00  0.00000E+00  0.00000E+00   -0.38962E+03 -0.48252E+02  0.43787E+03  0.84387E+02 -0.34459E+03  0.22206E+02      298.00
  0.34941E-01  0.94963E+03   -0.26000E-01 -0.26000E-01  0.52000E-01  0.00000E+00  0.00000E+00  0.00000E+00   -0.39074E+03 -0.48408E+02  0.43915E+03  0.84517E+02 -0.34500E+03  0.22272E+02      298.00
  0.35287E-01  0.95168E+03   -0.26250E-01 -0.26250E-01  0.52500E-01  0.00000E+00  0.00000E+00  0.00000E+00   -0.39185E+03 -0.48564E+02  0.44042E+03  0.84645E+02 -0.34539E+03  0.22337E+02      298.00
  0.35635E-01  0.95428E+03   -0.26500E-01 -0.26500E-01  0.53000E-01  0.00000E+00  0.00000E+00  0.00000E+00   -0.39324E+03 -0.48689E+02  0.44193E+03  0.84846E+02 -0.34597E+03  0.22393E+02      298.00
  0.35982E-01  0.95627E+03   -0.26750E-01 -0.26750E-01  0.53500E-01  0.00000E+00  0.00000E+00  0.00000E+00   -0.39433E+03 -0.48845E+02  0.44317E+03  0.84970E+02 -0.34634E+03  0.22451E+02      298.00
  0.36329E-01  0.95823E+03   -0.27000E-01 -0.27000E-01  0.54000E-01  0.00000E+00  0.00000E+00  0.00000E+00   -0.39540E+03 -0.49002E+02  0.44440E+03  0.85090E+02 -0.34670E+03  0.22514E+02      298.00
  0.36677E-01  0.96016E+03   -0.27250E-01 -0.27250E-01  0.54500E-01  0.00000E+00  0.00000E+00  0.00000E+00   -0.39647E+03 -0.49159E+02  0.44563E+03  0.85207E+02 -0.34704E+03  0.22577E+02      298.00
  0.37025E-01  0.96206E+03   -0.27500E-01 -0.27500E-01  0.55000E-01  0.00000E+00  0.00000E+00  0.00000E+00   -0.39752E+03 -0.49316E+02  0.44684E+03  0.85322E+02 -0.34737E+03  0.22639E+02      298.00
  0.37374E-01  0.96394E+03   -0.27750E-01 -0.27750E-01  0.55500E-01  0.00000E+00  0.00000E+00  0.00000E+00   -0.39857E+03 -0.49473E+02  0.44804E+03  0.85434E+02 -0.34769E+03  0.22699E+02      298.00
  0.37722E-01  0.96579E+03   -0.28000E-01 -0.28000E-01  0.56000E-01  0.00000E+00  0.00000E+00  0.00000E+00   -0.39960E+03 -0.49631E+02  0.44923E+03  0.85545E+02 -0.34800E+03  0.22758E+02      298.00
  0.38071E-01  0.96761E+03   -0.28250E-01 -0.28250E-01  0.56500E-01  0.00000E+00  0.00000E+00  0.00000E+00   -0.40062E+03 -0.49788E+02  0.45041E+03  0.85654E+02 -0.34829E+03  0.22817E+02      298.00
  0.38420E-01  0.96941E+03   -0.28500E-01 -0.28500E-01  0.57000E-01  0.00000E+00  0.00000E+00  0.00000E+00   -0.40164E+03 -0.49946E+02  0.45158E+03  0.85760E+02 -0.34858E+03  0.22874E+02      298.00
  0.38770E-01  0.97119E+03   -0.28750E-01 -0.28750E-01  0.57500E-01  0.00000E+00  0.00000E+00  0.00000E+00   -0.40264E+03 -0.50103E+02  0.45275E+03  0.85865E+02 -0.34885E+03  0.22930E+02      298.00
  0.39119E-01  0.97294E+03   -0.29000E-01 -0.29000E-01  0.58000E-01  0.00000E+00  0.00000E+00  0.00000E+00   -0.40364E+03 -0.50261E+02  0.45390E+03  0.85967E+02 -0.34911E+03  0.22985E+02      298.00
  0.39469E-01  0.97467E+03   -0.29250E-01 -0.29250E-01  0.58500E-01  0.00000E+00  0.00000E+00  0.00000E+00   -0.40463E+03 -0.50419E+02  0.45505E+03  0.86068E+02 -0.34936E+03  0.23039E+02      298.00
  0.39819E-01  0.97637E+03   -0.29500E-01 -0.29500E-01  0.59000E-01  0.00000E+00  0.00000E+00  0.00000E+00   -0.40560E+03 -0.50577E+02  0.45618E+03  0.86167E+02 -0.34960E+03  0.23092E+02      298.00
  0.40170E-01  0.97771E+03   -0.29750E-01 -0.29750E-01  0.59500E-01  0.00000E+00  0.00000E+00  0.00000E+00   -0.40658E+03 -0.50616E+02  0.45720E+03  0.86323E+02 -0.34959E+03  0.22948E+02      298.00
  0.40520E-01  0.97976E+03   -0.30000E-01 -0.30000E-01  0.60000E-01  0.00000E+00  0.00000E+00  0.00000E+00   -0.40755E+03 -0.50891E+02  0.45845E+03  0.86368E+02 -0.35007E+03  0.23187E+02      298.00
  0.40871E-01  0.98101E+03   -0.30250E-01 -0.30250E-01  0.60500E-01  0.00000E+00  0.00000E+00  0.00000E+00   -0.40849E+03 -0.50938E+02  0.45943E+03  0.86508E+02 -0.35002E+03  0.23058E+02      298.00
  0.41223E-01  0.98265E+03   -0.30500E-01 -0.30500E-01  0.61000E-01  0.00000E+00  0.00000E+00  0.00000E+00   -0.40945E+03 -0.51089E+02  0.46054E+03  0.86608E+02 -0.35022E+03  0.23097E+02      298.00
  0.41574E-01  0.98425E+03   -0.30750E-01 -0.30750E-01  0.61500E-01  0.00000E+00  0.00000E+00  0.00000E+00   -0.41038E+03 -0.51250E+02  0.46163E+03  0.86696E+02 -0.35041E+03  0.23152E+02      298.00
  0.41926E-01  0.98582E+03   -0.31000E-01 -0.31000E-01  0.62000E-01  0.00000E+00  0.00000E+00  0.00000E+00   -0.41130E+03 -0.51413E+02  0.46272E+03  0.86780E+02 -0.35059E+03  0.23210E+02      298.00
  0.42278E-01  0.98737E+03   -0.31250E-01 -0.31250E-01  0.62500E-01  0.00000E+00  0.00000E+00  0.00000E+00   -0.41222E+03 -0.51576E+02  0.46379E+03  0.86862E+02 -0.35077E+03  0.23266E+02      298.00
  0.42630E-01  0.98890E+03   -0.31500E-01 -0.31500E-01  0.63000E-01  0.00000E+00  0.00000E+00  0.00000E+00   -0.41312E+03 -0.51739E+02  0.46486E+03  0.86943E+02 -0.35093E+03  0.23321E+02      298.00
  0.42983E-01  0.99041E+03   -0.31750E-01 -0.31750E-01  0.63500E-01  0.00000E+00  0.00000E+00  0.00000E+00   -0.41402E+03 -0.51901E+02  0.46592E+03  0.87022E+02 -0.35108E+03  0.23376E+02      298.00
  0.43336E-01  0.99189E+03   -0.32000E-01 -0.32000E-01  0.64000E-01  0.00000E+00  0.00000E+00  0.00000E+00   -0.41491E+03 -0.52064E+02  0.46697E+03  0.87100E+02 -0.35122E+03  0.23429E+02      298.00
  0.43689E-01  0.99336E+03   -0.32250E-01 -0.32250E-01  0.64500E-01  0.00000E+00  0.00000E+00  0.00000E+00   -0.41579E+03 -0.52227E+02  0.46802E+03  0.87176E+02 -0.35135E+03  0.23481E+02      298.00
  0.44042E-01  0.99481E+03   -0.32500E-01 -0.32500E-01  0.65000E-01  0.00000E+00  0.00000E+00  0.00000E+00   -0.41667E+03 -0.52390E+02  0.46906E+03  0.87251E+02 -0.35147E+03  0.23531E+02      298.00
  0.44396E-01  0.99624E+03   -0.32750E-01 -0.32750E-01  0.65500E-01  0.00000E+00  0.00000E+00  0.00000E+00   -0.41753E+03 -0.52552E+02  0.47008E+03  0.87324E+02 -0.35158E+03  0.23580E+02      298.00
  0.44750E-01  0.99765E+03   -0.33000E-01 -0.33000E-01  0.66000E-01  0.00000E+00  0.00000E+00  0.00000E+00   -0.41839E+03 -0.52714E+02  0.47111E+03  0.87396E+02 -0.35169E+03  0.23628E+02      298.00
  0.45104E-01  0.99904E+03   -0.33250E-01 -0.33250E-01  0.66500E-01  0.00000E+00  0.00000E+00  0.00000E+00   -0.41924E+03 -0.52877E+02  0.47212E+03  0.87467E+02 -0.35178E+03  0.23674E+02      298.00
  0.45458E-01  0.10004E+04   -0.33500E-01 -0.33500E-01  0.67000E-01  0.00000E+00  0.00000E+00  0.00000E+00   -0.42009E+03 -0.53039E+02  0.47313E+03  0.87537E+02 -0.35187E+03  0.23719E+02      298.00
  0.45813E-01  0.10009E+04   -0.33750E-01 -0.33750E-01  0.67500E-01  0.00000E+00  0.00000E+00  0.00000E+00   -0.42058E+03 -0.53179E+02  0.47376E+03  0.87570E+02 -0.35165E+03  0.23603E+02      298.00
  0.46168E-01  0.10023E+04   -0.34000E-01 -0.34000E-01  0.68000E-01  0.00000E+00  0.00000E+00  0.00000E+00   -0.42141E+03 -0.53338E+02  0.47475E+03  0.87644E+02 -0.35172E+03  0.23630E+02      298.00
  0.46523E-01  0.10036E+04   -0.34250E-01 -0.34250E-01  0.68500E-01  0.00000E+00  0.00000E+00  0.00000E+00   -0.42224E+03 -0.53500E+02  0.47574E+03  0.87711E+02 -0.35178E+03  0.23670E+02      298.00
  0.46879E-01  0.10049E+04   -0.34500E-01 -0.34500E-01  0.69000E-01  0.00000E+00  0.00000E+00  0.00000E+00   -0.42306E+03 -0.53663E+02  0.47673E+03  0.87777E+02 -0.35184E+03  0.23710E+02      298.00
  0.47234E-01  0.10062E+04   -0.34750E-01 -0.34750E-01  0.69500E-01  0.00000E+00  0.00000E+00  0.00000E+00   -0.42388E+03 -0.53825E+02  0.47770E+03  0.87842E+02 -0.35189E+03  0.23749E+02      298.00
  0.47591E-01  0.10075E+04   -0.35000E-01 -0.35000E-01  0.70000E-01  0.00000E+00  0.00000E+00  0.00000E+00   -0.42469E+03 -0.53987E+02  0.47868E+03  0.87906E+02 -0.35193E+03  0.23786E+02      298.00
  0.47947E-01  0.10088E+04   -0.35250E-01 -0.35250E-01  0.70500E-01  0.00000E+00  0.00000E+00  0.00000E+00   -0.42549E+03 -0.54149E+02  0.47964E+03  0.87968E+02 -0.35196E+03  0.23823E+02      298.00
  0.48303E-01  0.10100E+04   -0.35500E-01 -0.35500E-01  0.71000E-01  0.00000E+00  0.00000E+00  0.00000E+00   -0.42629E+03 -0.54310E+02  0.48060E+03  0.88030E+02 -0.35199E+03  0.23857E+02      298.00
  0.48660E-01  0.10112E+04   -0.35750E-01 -0.35750E-01  0.71500E-01  0.00000E+00  0.00000E+00  0.00000E+00   -0.42708E+03 -0.54472E+02  0.48155E+03  0.88090E+02 -0.35201E+03  0.23891E+02      298.00
  0.49017E-01  0.10124E+04   -0.36000E-01 -0.36000E-01  0.72000E-01  0.00000E+00  0.00000E+00  0.00000E+00   -0.42786E+03 -0.54633E+02  0.48249E+03  0.88150E+02 -0.35201E+03  0.23923E+02      298.00
  0.49375E-01  0.10136E+04   -0.36250E-01 -0.36250E-01  0.72500E-01  0.00000E+00  0.00000E+00  0.00000E+00   -0.42864E+03 -0.54794E+02  0.48343E+03  0.88208E+02 -0.35202E+03  0.23954E+02      298.00
  0.49733E-01  0.10148E+04   -0.36500E-01 -0.36500E-01  0.73000E-01  0.00000E+00  0.00000E+00  0.00000E+00   -0.42941E+03 -0.54955E+02  0.48436E+03  0.88266E+02 -0.35201E+03  0.23983E+02      298.00
  0.50091E-01  0.10160E+04   -0.36750E-01 -0.36750E-01  0.73500E-01  0.00000E+00  0.00000E+00  0.00000E+00   -0.43017E+03 -0.55115E+02  0.48529E+03  0.88322E+02 -0.35199E+03  0.24011E+02      298.00
  0.50449E-01  0.10171E+04   -0.37000E-01 -0.37000E-01  0.74000E-01  0.00000E+00  0.00000E+00  0.00000E+00   -0.43093E+03 -0.55276E+02  0.48621E+03  0.88378E+02 -0.35197E+03  0.24038E+02      298.00
  0.50807E-01  0.10183E+04   -0.37250E-01 -0.37250E-01  0.74500E-01  0.00000E+00  0.00000E+00  0.00000E+00   -0.43168E+03 -0.55436E+02  0.48712E+03  0.88432E+02 -0.35194E+03  0.24064E+02      298.00
  0.51166E-01  0.10194E+04   -0.37500E-01 -0.37500E-01  0.75000E-01  0.00000E+00  0.00000E+00  0.00000E+00   -0.43243E+03 -0.55596E+02  0.48803E+03  0.88486E+02 -0.35191E+03  0.24089E+02      298.00
          Evm          Svm            E11          E22          E33          E23          E13          E12         SDEV11       SDEV22       SDEV33       SDEV23       SDEV13       SDEV12      TEMP
  0.51166E-01  0.10198E+04   -0.37500E-01 -0.37500E-01  0.75000E-01  0.00000E+00  0.00000E+00  0.00000E+00   -0.43254E+03 -0.55694E+02  0.48824E+03  0.88408E+02 -0.35214E+03  0.24395E+02      298.00
  0.51525E-01  0.10204E+04   -0.37750E-01 -0.37750E-01  0.75500E-01  0.00000E+00  0.00000E+00  0.00000E+00   -0.43310E+03 -0.55761E+02  0.48886E+03  0.88571E+02 -0.35189E+03  0.23984E+02      298.00
  0.51884E-01  0.10217E+04   -0.38000E-01 -0.38000E-01  0.76000E-01  0.00000E+00  0.00000E+00  0.00000E+00   -0.43394E+03 -0.55913E+02  0.48986E+03  0.88608E+02 -0.35184E+03  0.24118E+02      298.00
  0.52244E-01  0.10226E+04   -0.38250E-01 -0.38250E-01  0.76500E-01  0.00000E+00  0.00000E+00  0.00000E+00   -0.43464E+03 -0.56075E+02  0.49072E+03  0.88645E+02 -0.35176E+03  0.24151E+02      298.00
  0.52604E-01  0.10237E+04   -0.38500E-01 -0.38500E-01  0.77000E-01  0.00000E+00  0.00000E+00  0.00000E+00   -0.43536E+03 -0.56235E+02  0.49160E+03  0.88693E+02 -0.35169E+03  0.24174E+02      298.00
  0.52964E-01  0.10247E+04   -0.38750E-01 -0.38750E-01  0.77500E-01  0.00000E+00  0.00000E+00  0.00000E+00   -0.43608E+03 -0.56395E+02  0.49248E+03  0.88742E+02 -0.35162E+03  0.24195E+02      298.00
  0.53325E-01  0.10258E+04   -0.39000E-01 -0.39000E-01  0.78000E-01  0.00000E+00  0.00000E+00  0.00000E+00   -0.43679E+03 -0.56555E+02  0.49335E+03  0.88789E+02 -0.35154E+03  0.24214E+02      298.00
  0.53685E-01  0.10268E+04   -0.39250E-01 -0.39250E-01  0.78500E-01  0.00000E+00  0.00000E+00  0.00000E+00   -0.43750E+03 -0.56715E+02  0.49422E+03  0.88836E+02 -0.35146E+03  0.24233E+02      298.00
  0.54046E-01  0.10278E+04   -0.39500E-01 -0.39500E-01  0.79000E-01  0.00000E+00  0.00000E+00  0.00000E+00   -0.43820E+03 -0.56874E+02  0.49508E+03  0.88883E+02 -0.35136E+03  0.24250E+02      298.00
  0.54408E-01  0.10288E+04   -0.39750E-01 -0.39750E-01  0.79500E-01  0.00000E+00  0.00000E+00  0.00000E+00   -0.43890E+03 -0.57033E+02  0.49593E+03  0.88928E+02 -0.35127E+03  0.24266E+02      298.00
  0.54769E-01  0.10298E+04   -0.40000E-01 -0.40000E-01  0.80000E-01  0.00000E+00  0.00000E+00  0.00000E+00   -0.43959E+03 -0.57193E+02  0.49679E+03  0.88973E+02 -0.35116E+03  0.24281E+02      298.00
  0.55131E-01  0.10307E+04   -0.40250E-01 -0.40250E-01  0.80500E-01  0.00000E+00  0.00000E+00  0.00000E+00   -0.44028E+03 -0.57352E+02  0.49763E+03  0.89016E+02 -0.35105E+03  0.24296E+02      298.00
  0.55493E-01  0.10317E+04   -0.40500E-01 -0.40500E-01  0.81000E-01  0.00000E+00  0.00000E+00  0.00000E+00   -0.44096E+03 -0.57511E+02  0.49847E+03  0.89059E+02 -0.35094E+03  0.24309E+02      298.00
  0.55855E-01  0.10323E+04   -0.40750E-01 -0.40750E-01  0.81500E-01  0.00000E+00  0.00000E+00  0.00000E+00   -0.44144E+03 -0.57679E+02  0.49912E+03  0.89091E+02 -0.35073E+03  0.24201E+02      298.00
  0.56218E-01  0.10333E+04   -0.41000E-01 -0.41000E-01  0.82000E-01  0.00000E+00  0.00000E+00  0.00000E+00   -0.44214E+03 -0.57833E+02  0.49997E+03  0.89145E+02 -0.35062E+03  0.24199E+02      298.00
  0.56581E-01  0.10342E+04   -0.41250E-01 -0.41250E-01  0.82500E-01  0.00000E+00  0.00000E+00  0.00000E+00   -0.44281E+03 -0.57992E+02  0.50080E+03  0.89187E+02 -0.35049E+03  0.24208E+02      298.00
  0.56944E-01  0.10351E+04   -0.41500E-01 -0.41500E-01  0.83000E-01  0.00000E+00  0.00000E+00  0.00000E+00   -0.44347E+03 -0.58151E+02  0.50162E+03  0.89227E+02 -0.35035E+03  0.24219E+02      298.00
  0.57308E-01  0.10360E+04   -0.41750E-01 -0.41750E-01  0.83500E-01  0.00000E+00  0.00000E+00  0.00000E+00   -0.44413E+03 -0.58311E+02  0.50244E+03  0.89265E+02 -0.35021E+03  0.24231E+02      298.00
  0.57671E-01  0.10369E+04   -0.42000E-01 -0.42000E-01  0.84000E-01  0.00000E+00  0.00000E+00  0.00000E+00   -0.44478E+03 -0.58471E+02  0.50325E+03  0.89303E+02 -0.35006E+03  0.24242E+02      298.00
  0.58035E-01  0.10380E+04   -0.42250E-01 -0.42250E-01  0.84500E-01  0.00000E+00  0.00000E+00  0.00000E+00   -0.44555E+03 -0.58599E+02  0.50415E+03  0.89409E+02 -0.34997E+03  0.24164E+02      298.00
  0.58400E-01  0.10387E+04   -0.42500E-01 -0.42500E-01  0.85000E-01  0.00000E+00  0.00000E+00  0.00000E+00   -0.44612E+03 -0.58778E+02  0.50490E+03  0.89396E+02 -0.34976E+03  0.24245E+02      298.00
  0.58764E-01  0.10397E+04   -0.42750E-01 -0.42750E-01  0.85500E-01  0.00000E+00  0.00000E+00  0.00000E+00   -0.44683E+03 -0.58915E+02  0.50575E+03  0.89483E+02 -0.34964E+03  0.24176E+02      298.00
  0.59129E-01  0.10404E+04   -0.43000E-01 -0.43000E-01  0.86000E-01  0.00000E+00  0.00000E+00  0.00000E+00   -0.44739E+03 -0.59097E+02  0.50649E+03  0.89467E+02 -0.34942E+03  0.24261E+02      298.00
  0.59494E-01  0.10413E+04   -0.43250E-01 -0.43250E-01  0.86500E-01  0.00000E+00  0.00000E+00  0.00000E+00   -0.44810E+03 -0.59233E+02  0.50733E+03  0.89551E+02 -0.34928E+03  0.24192E+02      298.00
  0.59860E-01  0.10420E+04   -0.43500E-01 -0.43500E-01  0.87000E-01  0.00000E+00  0.00000E+00  0.00000E+00   -0.44865E+03 -0.59415E+02  0.50807E+03  0.89534E+02 -0.34905E+03  0.24276E+02      298.00
  0.60225E-01  0.10429E+04   -0.43750E-01 -0.43750E-01  0.87500E-01  0.00000E+00  0.00000E+00  0.00000E+00   -0.44934E+03 -0.59551E+02  0.50890E+03  0.89617E+02 -0.34891E+03  0.24205E+02      298.00
  0.60591E-01  0.10436E+04   -0.44000E-01 -0.44000E-01  0.88000E-01  0.00000E+00  0.00000E+00  0.00000E+00   -0.44989E+03 -0.59734E+02  0.50962E+03  0.89598E+02 -0.34867E+03  0.24288E+02      298.00
  0.60957E-01  0.10445E+04   -0.44250E-01 -0.44250E-01  0.88500E-01  0.00000E+00  0.00000E+00  0.00000E+00   -0.45057E+03 -0.59869E+02  0.51044E+03  0.89679E+02 -0.34851E+03  0.24216E+02      298.00
  0.61324E-01  0.10453E+04   -0.44500E-01 -0.44500E-01  0.89000E-01  0.00000E+00  0.00000E+00  0.00000E+00   -0.45121E+03 -0.60015E+02  0.51123E+03  0.89728E+02 -0.34831E+03  0.24200E+02      298.00
  0.61691E-01  0.10459E+04   -0.44750E-01 -0.44750E-01  0.89500E-01  0.00000E+00  0.00000E+00  0.00000E+00   -0.45172E+03 -0.60209E+02  0.51192E+03  0.89691E+02 -0.34805E+03  0.24295E+02      298.00
  0.62058E-01  0.10468E+04   -0.45000E-01 -0.45000E-01  0.90000E-01  0.00000E+00  0.00000E+00  0.00000E+00   -0.45239E+03 -0.60345E+02  0.51273E+03  0.89769E+02 -0.34788E+03  0.24226E+02      298.00
  0.62425E-01  0.10476E+04   -0.45250E-01 -0.45250E-01  0.90500E-01  0.00000E+00  0.00000E+00  0.00000E+00   -0.45301E+03 -0.60491E+02  0.51351E+03  0.89815E+02 -0.34766E+03  0.24210E+02      298.00
  0.62793E-01  0.10483E+04   -0.45500E-01 -0.45500E-01  0.91000E-01  0.00000E+00  0.00000E+00  0.00000E+00   -0.45361E+03 -0.60647E+02  0.51425E+03  0.89845E+02 -0.34744E+03  0.24204E+02      298.00
  0.63161E-01  0.10490E+04   -0.45750E-01 -0.45750E-01  0.91500E-01  0.00000E+00  0.00000E+00  0.00000E+00   -0.45420E+03 -0.60805E+02  0.51500E+03  0.89874E+02 -0.34721E+03  0.24204E+02      298.00
  0.63529E-01  0.10497E+04   -0.46000E-01 -0.46000E-01  0.92000E-01  0.00000E+00  0.00000E+00  0.00000E+00   -0.45478E+03 -0.60964E+02  0.51574E+03  0.89900E+02 -0.34697E+03  0.24204E+02      298.00
  0.63897E-01  0.10505E+04   -0.46250E-01 -0.46250E-01  0.92500E-01  0.00000E+00  0.00000E+00  0.00000E+00   -0.45536E+03 -0.61122E+02  0.51648E+03  0.89926E+02 -0.34673E+03  0.24205E+02      298.00
  0.64266E-01  0.10512E+04   -0.46500E-01 -0.46500E-01  0.93000E-01  0.00000E+00  0.00000E+00  0.00000E+00   -0.45594E+03 -0.61281E+02  0.51722E+03  0.89951E+02 -0.34649E+03  0.24205E+02      298.00
  0.64635E-01  0.10518E+04   -0.46750E-01 -0.46750E-01  0.93500E-01  0.00000E+00  0.00000E+00  0.00000E+00   -0.45651E+03 -0.61439E+02  0.51795E+03  0.89976E+02 -0.34624E+03  0.24205E+02      298.00
  0.65005E-01  0.10525E+04   -0.47000E-01 -0.47000E-01  0.94000E-01  0.00000E+00  0.00000E+00  0.00000E+00   -0.45708E+03 -0.61598E+02  0.51868E+03  0.90000E+02 -0.34599E+03  0.24204E+02      298.00
  0.65374E-01  0.10532E+04   -0.47250E-01 -0.47250E-01  0.94500E-01  0.00000E+00  0.00000E+00  0.00000E+00   -0.45765E+03 -0.61756E+02  0.51940E+03  0.90024E+02 -0.34573E+03  0.24203E+02      298.00
  0.65744E-01  0.10538E+04   -0.47500E-01 -0.47500E-01  0.95000E-01  0.00000E+00  0.00000E+00  0.00000E+00   -0.45821E+03 -0.61915E+02  0.52012E+03  0.90046E+02 -0.34547E+03  0.24201E+02      298.00
  0.66114E-01  0.10545E+04   -0.47750E-01 -0.47750E-01  0.95500E-01  0.00000E+00  0.00000E+00  0.00000E+00   -0.45877E+03 -0.62073E+02  0.52084E+03  0.90069E+02 -0.34520E+03  0.24199E+02      298.00
  0.66485E-01  0.10551E+04   -0.48000E-01 -0.48000E-01  0.96000E-01  0.00000E+00  0.00000E+00  0.00000E+00   -0.45932E+03 -0.62232E+02  0.52155E+03  0.90090E+02 -0.34493E+03  0.24197E+02      298.00
  0.66855E-01  0.10558E+04   -0.48250E-01 -0.48250E-01  0.96500E-01  0.00000E+00  0.00000E+00  0.00000E+00   -0.45987E+03 -0.62390E+02  0.52226E+03  0.90112E+02 -0.34466E+03  0.24194E+02      298.00
  0.67226E-01  0.10564E+04   -0.48500E-01 -0.48500E-01  0.97000E-01  0.00000E+00  0.00000E+00  0.00000E+00   -0.46042E+03 -0.62549E+02  0.52297E+03  0.90132E+02 -0.34438E+03  0.24191E+02      298.00
  0.67598E-01  0.10570E+04   -0.48750E-01 -0.48750E-01  0.97500E-01  0.00000E+00  0.00000E+00  0.00000E+00   -0.46097E+03 -0.62707E+02  0.52367E+03  0.90152E+02 -0.34410E+03  0.24187E+02      298.00
  0.67969E-01  0.10577E+04   -0.49000E-01 -0.49000E-01  0.98000E-01  0.00000E+00  0.00000E+00  0.00000E+00   -0.46151E+03 -0.62866E+02  0.52437E+03  0.90172E+02 -0.34381E+03  0.24183E+02      298.00
  0.68341E-01  0.10583E+04   -0.49250E-01 -0.49250E-01  0.98500E-01  0.00000E+00  0.00000E+00  0.00000E+00   -0.46204E+03 -0.63024E+02  0.52507E+03  0.90191E+02 -0.34352E+03  0.24179E+02      298.00
  0.68713E-01  0.10589E+04   -0.49500E-01 -0.49500E-01  0.99000E-01  0.00000E+00  0.00000E+00  0.00000E+00   -0.46258E+03 -0.63183E+02  0.52576E+03  0.90210E+02 -0.34323E+03  0.24174E+02      298.00
  0.69086E-01  0.10594E+04   -0.49750E-01 -0.49750E-01  0.99500E-01  0.00000E+00  0.00000E+00  0.00000E+00   -0.46311E+03 -0.63341E+02  0.52645E+03  0.90228E+02 -0.34293E+03  0.24169E+02      298.00
  0.69458E-01  0.10600E+04   -0.50000E-01 -0.50000E-01  0.10000E+00  0.00000E+00  0.00000E+00  0.00000E+00   -0.46364E+03 -0.63500E+02  0.52714E+03  0.90245E+02 -0.34263E+03  0.24163E+02      298.00
          Evm          Svm            E11          E22          E33          E23          E13          E12         SDEV11       SDEV22       SDEV33       SDEV23       SDEV13       SDEV12      TEMP
  0.69458E-01  0.10602E+04   -0.50000E-01 -0.50000E-01  0.10000E+00  0.00000E+00  0.00000E+00  0.00000E+00   -0.46367E+03 -0.63601E+02  0.52727E+03  0.90056E+02 -0.34267E+03  0.24680E+02      298.00
  0.69831E-01  0.10610E+04   -0.50250E-01 -0.50250E-01  0.10050E+00  0.00000E+00  0.00000E+00  0.00000E+00   -0.46441E+03 -0.63614E+02  0.52803E+03  0.90305E+02 -0.34236E+03  0.24257E+02      298.00
  0.70205E-01  0.10612E+04   -0.50500E-01 -0.50500E-01  0.10100E+00  0.00000E+00  0.00000E+00  0.00000E+00   -0.46470E+03 -0.63814E+02  0.52851E+03  0.90279E+02 -0.34201E+03  0.24164E+02      298.00
  0.70578E-01  0.10617E+04   -0.50750E-01 -0.50750E-01  0.10150E+00  0.00000E+00  0.00000E+00  0.00000E+00   -0.46520E+03 -0.63976E+02  0.52918E+03  0.90293E+02 -0.34170E+03  0.24147E+02      298.00
  0.70952E-01  0.10623E+04   -0.51000E-01 -0.51000E-01  0.10200E+00  0.00000E+00  0.00000E+00  0.00000E+00   -0.46572E+03 -0.64134E+02  0.52985E+03  0.90310E+02 -0.34138E+03  0.24139E+02      298.00
  0.71326E-01  0.10628E+04   -0.51250E-01 -0.51250E-01  0.10250E+00  0.00000E+00  0.00000E+00  0.00000E+00   -0.46623E+03 -0.64292E+02  0.53053E+03  0.90326E+02 -0.34106E+03  0.24131E+02      298.00
  0.71700E-01  0.10634E+04   -0.51500E-01 -0.51500E-01  0.10300E+00  0.00000E+00  0.00000E+00  0.00000E+00   -0.46674E+03 -0.64451E+02  0.53119E+03  0.90340E+02 -0.34074E+03  0.24123E+02      298.00
  0.72075E-01  0.10639E+04   -0.51750E-01 -0.51750E-01  0.10350E+00  0.00000E+00  0.00000E+00  0.00000E+00   -0.46725E+03 -0.64609E+02  0.53186E+03  0.90355E+02 -0.34041E+03  0.24115E+02      298.00
  0.72450E-01  0.10645E+04   -0.52000E-01 -0.52000E-01  0.10400E+00  0.00000E+00  0.00000E+00  0.00000E+00   -0.46775E+03 -0.64768E+02  0.53252E+03  0.90369E+02 -0.34008E+03  0.24106E+02      298.00
  0.72825E-01  0.10650E+04   -0.52250E-01 -0.52250E-01  0.10450E+00  0.00000E+00  0.00000E+00  0.00000E+00   -0.46826E+03 -0.64926E+02  0.53318E+03  0.90382E+02 -0.33975E+03  0.24098E+02      298.00
  0.73201E-01  0.10655E+04   -0.52500E-01 -0.52500E-01  0.10500E+00  0.00000E+00  0.00000E+00  0.00000E+00   -0.46875E+03 -0.65085E+02  0.53384E+03  0.90395E+02 -0.33941E+03  0.24089E+02      298.00
  0.73576E-01  0.10660E+04   -0.52750E-01 -0.52750E-01  0.10550E+00  0.00000E+00  0.00000E+00  0.00000E+00   -0.46925E+03 -0.65243E+02  0.53449E+03  0.90408E+02 -0.33907E+03  0.24079E+02      298.00
  0.73952E-01  0.10665E+04   -0.53000E-01 -0.53000E-01  0.10600E+00  0.00000E+00  0.00000E+00  0.00000E+00   -0.46974E+03 -0.65402E+02  0.53514E+03  0.90420E+02 -0.33873E+03  0.24070E+02      298.00
  0.74329E-01  0.10670E+04   -0.53250E-01 -0.53250E-01  0.10650E+00  0.00000E+00  0.00000E+00  0.00000E+00   -0.47023E+03 -0.65560E+02  0.53579E+03  0.90432E+02 -0.33838E+03  0.24060E+02      298.00
  0.74705E-01  0.10675E+04   -0.53500E-01 -0.53500E-01  0.10700E+00  0.00000E+00  0.00000E+00  0.00000E+00   -0.47072E+03 -0.65719E+02  0.53644E+03  0.90444E+02 -0.33803E+03  0.24049E+02      298.00
  0.75082E-01  0.10680E+04   -0.53750E-01 -0.53750E-01  0.10750E+00  0.00000E+00  0.00000E+00  0.00000E+00   -0.47120E+03 -0.65877E+02  0.53708E+03  0.90455E+02 -0.33768E+03  0.24039E+02      298.00
  0.75459E-01  0.10685E+04   -0.54000E-01 -0.54000E-01  0.10800E+00  0.00000E+00  0.00000E+00  0.00000E+00   -0.47168E+03 -0.66036E+02  0.53772E+03  0.90466E+02 -0.33732E+03  0.24028E+02      298.00
  0.75837E-01  0.10689E+04   -0.54250E-01 -0.54250E-01  0.10850E+00  0.00000E+00  0.00000E+00  0.00000E+00   -0.47216E+03 -0.66194E+02  0.53836E+03  0.90476E+02 -0.33696E+03  0.24017E+02      298.00
  0.76215E-01  0.10694E+04   -0.54500E-01 -0.54500E-01  0.10900E+00  0.00000E+00  0.00000E+00  0.00000E+00   -0.47264E+03 -0.66353E+02  0.53899E+03  0.90486E+02 -0.33660E+03  0.24005E+02      298.00
  0.76593E-01  0.10699E+04   -0.54750E-01 -0.54750E-01  0.10950E+00  0.00000E+00  0.00000E+00  0.00000E+00   -0.47311E+03 -0.66511E+02  0.53963E+03  0.90496E+02 -0.33623E+03  0.23993E+02      298.00
  0.76971E-01  0.10703E+04   -0.55000E-01 -0.55000E-01  0.11000E+00  0.00000E+00  0.00000E+00  0.00000E+00   -0.47359E+03 -0.66670E+02  0.54026E+03  0.90505E+02 -0.33586E+03  0.23981E+02      298.00
  0.77349E-01  0.10708E+04   -0.55250E-01 -0.55250E-01  0.11050E+00  0.00000E+00  0.00000E+00  0.00000E+00   -0.47406E+03 -0.66829E+02  0.54088E+03  0.90514E+02 -0.33549E+03  0.23969E+02      298.00
  0.77728E-01  0.10712E+04   -0.55500E-01 -0.55500E-01  0.11100E+00  0.00000E+00  0.00000E+00  0.00000E+00   -0.47452E+03 -0.66987E+02  0.54151E+03  0.90523E+02 -0.33512E+03  0.23956E+02      298.00
  0.78107E-01  0.10717E+04   -0.55750E-01 -0.55750E-01  0.11150E+00  0.00000E+00  0.00000E+00  0.00000E+00   -0.47499E+03 -0.67146E+02  0.54213E+03  0.90531E+02 -0.33474E+03  0.23943E+02      298.00
  0.78487E-01  0.10721E+04   -0.56000E-01 -0.56000E-01  0.11200E+00  0.00000E+00  0.00000E+00  0.00000E+00   -0.47545E+03 -0.67304E+02  0.54275E+03  0.90539E+02 -0.33436E+03  0.23930E+02      298.00
  0.78866E-01  0.10725E+04   -0.56250E-01 -0.56250E-01  0.11250E+00  0.00000E+00  0.00000E+00  0.00000E+00   -0.47591E+03 -0.67463E+02  0.54337E+03  0.90547E+02 -0.33397E+03  0.23917E+02      298.00
  0.79246E-01  0.10730E+04   -0.56500E-01 -0.56500E-01  0.11300E+00  0.00000E+00  0.00000E+00  0.00000E+00   -0.47636E+03 -0.67622E+02  0.54399E+03  0.90554E+02 -0.33359E+03  0.23903E+02      298.00
  0.79627E-01  0.10734E+04   -0.56750E-01 -0.56750E-01  0.11350E+00  0.00000E+00  0.00000E+00  0.00000E+00   -0.47682E+03 -0.67780E+02  0.54460E+03  0.90561E+02 -0.33320E+03  0.23889E+02      298.00
  0.80007E-01  0.10738E+04   -0.57000E-01 -0.57000E-01  0.11400E+00  0.00000E+00  0.00000E+00  0.00000E+00   -0.47727E+03 -0.67939E+02  0.54521E+03  0.90568E+02 -0.33281E+03  0.23875E+02      298.00
  0.80388E-01  0.10742E+04   -0.57250E-01 -0.57250E-01  0.11450E+00  0.00000E+00  0.00000E+00  0.00000E+00   -0.47772E+03 -0.68098E+02  0.54582E+03  0.90575E+02 -0.33241E+03  0.23860E+02      298.00
  0.80769E-01  0.10746E+04   -0.57500E-01 -0.57500E-01  0.11500E+00  0.00000E+00  0.00000E+00  0.00000E+00   -0.47817E+03 -0.68256E+02  0.54642E+03  0.90581E+02 -0.33202E+03  0.23846E+02      298.00
  0.81150E-01  0.10750E+04   -0.57750E-01 -0.57750E-01  0.11550E+00  0.00000E+00  0.00000E+00  0.00000E+00   -0.47861E+03 -0.68415E+02  0.54703E+03  0.90587E+02 -0.33162E+03  0.23831E+02      298.00
  0.81532E-01  0.10754E+04   -0.58000E-01 -0.58000E-01  0.11600E+00  0.00000E+00  0.00000E+00  0.00000E+00   -0.47906E+03 -0.68574E+02  0.54763E+03  0.90593E+02 -0.33121E+03  0.23815E+02      298.00
  0.81914E-01  0.10758E+04   -0.58250E-01 -0.58250E-01  0.11650E+00  0.00000E+00  0.00000E+00  0.00000E+00   -0.47950E+03 -0.68733E+02  0.54823E+03  0.90598E+02 -0.33081E+03  0.23800E+02      298.00
  0.82296E-01  0.10762E+04   -0.58500E-01 -0.58500E-01  0.11700E+00  0.00000E+00  0.00000E+00  0.00000E+00   -0.47994E+03 -0.68891E+02  0.54883E+03  0.90603E+02 -0.33040E+03  0.23784E+02      298.00
  0.82679E-01  0.10766E+04   -0.58750E-01 -0.58750E-01  0.11750E+00  0.00000E+00  0.00000E+00  0.00000E+00   -0.48037E+03 -0.69050E+02  0.54942E+03  0.90608E+02 -0.32999E+03  0.23768E+02      298.00
  0.83061E-01  0.10770E+04   -0.59000E-01 -0.59000E-01  0.11800E+00  0.00000E+00  0.00000E+00  0.00000E+00   -0.48081E+03 -0.69209E+02  0.55002E+03  0.90612E+02 -0.32958E+03  0.23752E+02      298.00
  0.83444E-01  0.10774E+04   -0.59250E-01 -0.59250E-01  0.11850E+00  0.00000E+00  0.00000E+00  0.00000E+00   -0.48124E+03 -0.69368E+02  0.55061E+03  0.90617E+02 -0.32916E+03  0.23736E+02      298.00
  0.83828E-01  0.10777E+04   -0.59500E-01 -0.59500E-01  0.11900E+00  0.00000E+00  0.00000E+00  0.00000E+00   -0.48167E+03 -0.69527E+02  0.55120E+03  0.90621E+02 -0.32875E+03  0.23719E+02      298.00
  0.84211E-01  0.10781E+04   -0.59750E-01 -0.59750E-01  0.11950E+00  0.00000E+00  0.00000E+00  0.00000E+00   -0.48210E+03 -0.69685E+02  0.55178E+03  0.90625E+02 -0.32833E+03  0.23702E+02      298.00
  0.84595E-01  0.10785E+04   -0.60000E-01 -0.60000E-01  0.12000E+00  0.00000E+00  0.00000E+00  0.00000E+00   -0.48252E+03 -0.69844E+02  0.55237E+03  0.90628E+02 -0.32790E+03  0.23685E+02      298.00
  0.84979E-01  0.10788E+04   -0.60250E-01 -0.60250E-01  0.12050E+00  0.00000E+00  0.00000E+00  0.00000E+00   -0.48295E+03 -0.70003E+02  0.55295E+03  0.90632E+02 -0.32748E+03  0.23668E+02      298.00
  0.85364E-01  0.10792E+04   -0.60500E-01 -0.60500E-01  0.12100E+00  0.00000E+00  0.00000E+00  0.00000E+00   -0.48337E+03 -0.70162E+02  0.55353E+03  0.90635E+02 -0.32705E+03  0.23651E+02      298.00
  0.85748E-01  0.10795E+04   -0.60750E-01 -0.60750E-01  0.12150E+00  0.00000E+00  0.00000E+00  0.00000E+00   -0.48379E+03 -0.70321E+02  0.55411E+03  0.90637E+02 -0.32662E+03  0.23633E+02      298.00
  0.86133E-01  0.10799E+04   -0.61000E-01 -0.61000E-01  0.12200E+00  0.00000E+00  0.00000E+00  0.00000E+00   -0.48421E+03 -0.70480E+02  0.55469E+03  0.90640E+02 -0.32619E+03  0.23615E+02      298.00
  0.86519E-01  0.10802E+04   -0.61250E-01 -0.61250E-01  0.12250E+00  0.00000E+00  0.00000E+00  0.00000E+00   -0.48462E+03 -0.70639E+02  0.55526E+03  0.90643E+02 -0.32576E+03  0.23597E+02      298.00
  0.86904E-01  0.10806E+04   -0.61500E-01 -0.61500E-01  0.12300E+00  0.00000E+00  0.00000E+00  0.00000E+00   -0.48504E+03 -0.70798E+02  0.55584E+03  0.90645E+02 -0.32532E+03  0.23579E+02      298.00
  0.87290E-01  0.10809E+04   -0.61750E-01 -0.61750E-01  0.12350E+00  0.00000E+00  0.00000E+00  0.00000E+00   -0.48545E+03 -0.70957E+02  0.55641E+03  0.90647E+02 -0.32488E+03  0.23561E+02      298.00
  0.87676E-01  0.10813E+04   -0.62000E-01 -0.62000E-01  0.12400E+00  0.00000E+00  0.00000E+00  0.00000E+00   -0.48586E+03 -0.71116E+02  0.55698E+03  0.90649E+02 -0.32444E+03  0.23542E+02      298.00
  0.88062E-01  0.10816E+04   -0.62250E-01 -0.62250E-01  0.12450E+00  0.00000E+00  0.00000E+00  0.00000E+00   -0.48627E+03 -0.71275E+02  0.55755E+03  0.90650E+02 -0.32400E+03  0.23524E+02      298.00
  0.88449E-01  0.10819E+04   -0.62500E-01 -0.62500E-01  0.12500E+00  0.00000E+00  0.00000E+00  0.00000E+00   -0.48668E+03 -0.71434E+02  0.55811E+03  0.90651E+02 -0.32355E+03  0.23505E+02      298.00
