    STEP   AVACS   MODE1   MODE2   MODE3   MODE4
       1   6.000   0.336   0.664   0.000   0.000
       2   5.000   0.416   0.584   0.000   0.000
       3   6.000   0.320   0.680   0.000   0.000
       4   7.000   0.257   0.743   0.000   0.000
       5  11.000   0.338   0.662   0.000   0.000
       6   9.000   0.424   0.576   0.000   0.000
       7   8.000   0.512   0.488   0.000   0.000
       8   6.000   0.604   0.396   0.000   0.000
       9   5.000   0.660   0.340   0.000   0.000
      10   5.000   0.576   0.424   0.000   0.000
      11   7.000   0.498   0.502   0.000   0.000
      12   7.000   0.418   0.582   0.000   0.000
      13   7.000   0.333   0.667   0.000   0.000
      14   5.000   0.240   0.760   0.000   0.000
      15   4.000   0.143   0.857   0.000   0.000
      16   4.000   0.046   0.954   0.000   0.000
      17   5.000   0.134   0.866   0.000   0.000
      18   6.000   0.244   0.756   0.000   0.000
      19   6.000   0.336   0.664   0.000   0.000
      20   5.000   0.416   0.584   0.000   0.000
      21   8.000   0.404   0.554   0.042   0.000
      22   8.000   0.429   0.454   0.118   0.000
      23   8.000   0.459   0.339   0.202   0.000
      24   7.000   0.493   0.207   0.300   0.000
      25   7.000   0.577   0.121   0.302   0.000
      26   4.000   0.629   0.213   0.158   0.000
      27   5.000   0.660   0.340   0.000   0.000
      28   5.000   0.576   0.424   0.000   0.000
      29   7.000   0.498   0.502   0.000   0.000
      30   7.000   0.418   0.582   0.000   0.000
      31   7.000   0.333   0.667   0.000   0.000
      32   5.000   0.240   0.760   0.000   0.000
      33   4.000   0.143   0.857   0.000   0.000
      34   4.000   0.046   0.954   0.000   0.000
      35   5.000   0.134   0.866   0.000   0.000
      36   6.000   0.244   0.756   0.000   0.000
  STRAIN   AVACS   PRITW   SECTW   MODE1   MODE2   MODE3   MODE4   TWFR3   EFFR3   TWFR4   EFFR4
   0.000   6.000   0.000   0.000   0.336   0.664   0.000   0.000   0.000   0.000   0.000   0.000
   0.001   7.000   0.000   0.000   0.333   0.667   0.000   0.000   0.000   0.000   0.000   0.000
   0.001   7.000   0.000   0.000   0.329   0.671   0.000   0.000   0.000   0.000   0.000   0.000
   0.002   7.000   0.000   0.000   0.326   0.674   0.000   0.000   0.000   0.000   0.000   0.000
   0.002   7.000   0.000   0.000   0.322   0.678   0.000   0.000   0.000   0.000   0.000   0.000
   0.003   8.000   0.000   0.000   0.319   0.681   0.000   0.000   0.000   0.000   0.000   0.000
   0.003   8.000   0.000   0.000   0.317   0.683   0.000   0.000   0.000   0.000   0.000   0.000
   0.004   8.000   0.000   0.000   0.314   0.686   0.000   0.000   0.000   0.000   0.000   0.000
   0.004   8.000   0.000   0.000   0.312   0.688   0.000   0.000   0.000   0.000   0.000   0.000
   0.005   8.000   0.000   0.000   0.310   0.690   0.000   0.000   0.000   0.000   0.000   0.000
   0.005   8.000   0.000   0.000   0.309   0.691   0.000   0.000   0.000   0.000   0.000   0.000
   0.006   8.000   0.000   0.000   0.308   0.692   0.000   0.000   0.000   0.000   0.000   0.000
   0.006   8.000   0.000   0.000   0.307   0.693   0.000   0.000   0.000   0.000   0.000   0.000
   0.007   8.000   0.000   0.000   0.307   0.693   0.000   0.000   0.000   0.000   0.000   0.000
   0.007   8.000   0.000   0.000   0.307   0.693   0.000   0.000   0.000   0.000   0.000   0.000
   0.008   8.000   0.000   0.000   0.306   0.694   0.000   0.000   0.000   0.000   0.000   0.000
   0.008   8.000   0.000   0.000   0.306   0.694   0.000   0.000   0.000   0.000   0.000   0.000
   0.009   8.000   0.000   0.000   0.307   0.693   0.000   0.000   0.000   0.000   0.000   0.000
   0.009   8.000   0.000   0.000   0.307   0.693   0.000   0.000   0.000   0.000   0.000   0.000
   0.010   8.000   0.000   0.000   0.307   0.693   0.000   0.000   0.000   0.000   0.000   0.000
   0.010   8.000   0.000   0.000   0.308   0.692   0.000   0.000   0.000   0.000   0.000   0.000
   0.011   8.000   0.000   0.000   0.308   0.692   0.000   0.000   0.000   0.000   0.000   0.000
   0.011   8.000   0.000   0.000   0.309   0.691   0.000   0.000   0.000   0.000   0.000   0.000
   0.012   8.000   0.000   0.000   0.309   0.691   0.000   0.000   0.000   0.000   0.000   0.000
   0.012   8.000   0.000   0.000   0.310   0.690   0.000   0.000   0.000   0.000   0.000   0.000
   0.013   8.000   0.000   0.000   0.310   0.690   0.000   0.000   0.000   0.000   0.000   0.000
   0.013   8.000   0.000   0.000   0.311   0.689   0.000   0.000   0.000   0.000   0.000   0.000
   0.014   8.000   0.000   0.000   0.312   0.688   0.000   0.000   0.000   0.000   0.000   0.000
   0.014   8.000   0.000   0.000   0.312   0.688   0.000   0.000   0.000   0.000   0.000   0.000
   0.015   8.000   0.000   0.000   0.313   0.687   0.000   0.000   0.000   0.000   0.000   0.000
   0.015   8.000   0.000   0.000   0.314   0.686   0.000   0.000   0.000   0.000   0.000   0.000
   0.016   8.000   0.000   0.000   0.314   0.686   0.000   0.000   0.000   0.000   0.000   0.000
   0.016   7.000   0.000   0.000   0.315   0.685   0.000   0.000   0.000   0.000   0.000   0.000
   0.017   7.000   0.000   0.000   0.315   0.685   0.000   0.000   0.000   0.000   0.000   0.000
   0.017   7.000   0.000   0.000   0.316   0.684   0.000   0.000   0.000   0.000   0.000   0.000
   0.018   7.000   0.000   0.000   0.317   0.683   0.000   0.000   0.000   0.000   0.000   0.000
   0.018   7.000   0.000   0.000   0.317   0.683   0.000   0.000   0.000   0.000   0.000   0.000
   0.019   7.000   0.000   0.000   0.318   0.682   0.000   0.000   0.000   0.000   0.000   0.000
   0.019   7.000   0.000   0.000   0.318   0.682   0.000   0.000   0.000   0.000   0.000   0.000
   0.020   7.000   0.000   0.000   0.319   0.681   0.000   0.000   0.000   0.000   0.000   0.000
   0.020   7.000   0.000   0.000   0.319   0.681   0.000   0.000   0.000   0.000   0.000   0.000
   0.021   6.000   0.000   0.000   0.320   0.680   0.000   0.000   0.000   0.000   0.000   0.000
   0.021   6.000   0.000   0.000   0.320   0.680   0.000   0.000   0.000   0.000   0.000   0.000
   0.022   6.000   0.000   0.000   0.321   0.679   0.000   0.000   0.000   0.000   0.000   0.000
   0.022   6.000   0.000   0.000   0.321   0.679   0.000   0.000   0.000   0.000   0.000   0.000
   0.023   6.000   0.000   0.000   0.322   0.678   0.000   0.000   0.000   0.000   0.000   0.000
   0.023   6.000   0.000   0.000   0.322   0.678   0.000   0.000   0.000   0.000   0.000   0.000
   0.024   6.000   0.000   0.000   0.323   0.677   0.000   0.000   0.000   0.000   0.000   0.000
   0.024   6.000   0.000   0.000   0.323   0.677   0.000   0.000   0.000   0.000   0.000   0.000
   0.025   6.000   0.000   0.000   0.323   0.676   0.000   0.000   0.000   0.000   0.000   0.000
   0.025   6.000   0.000   0.000   0.324   0.676   0.000   0.000   0.000   0.000   0.000   0.000
    STEP   AVACS   MODE1   MODE2   MODE3   MODE4
       1   6.000   0.324   0.676   0.000   0.000
       2   6.000   0.337   0.663   0.000   0.000
       3   6.000   0.206   0.792   0.000   0.001
       4   7.000   0.198   0.793   0.000   0.008
       5   8.000   0.302   0.686   0.000   0.012
       6   8.000   0.402   0.586   0.000   0.012
       7   8.000   0.500   0.489   0.000   0.011
       8   6.000   0.601   0.392   0.000   0.008
       9   5.000   0.670   0.330   0.000   0.000
      10   5.000   0.583   0.417   0.000   0.000
      11   7.000   0.502   0.498   0.000   0.000
      12   7.000   0.421   0.579   0.000   0.000
      13   7.000   0.336   0.664   0.000   0.000
      14   5.000   0.244   0.756   0.000   0.000
      15   4.000   0.150   0.850   0.000   0.000
      16   4.000   0.051   0.949   0.000   0.000
      17   6.000   0.120   0.880   0.000   0.000
      18   8.000   0.231   0.769   0.000   0.000
      19   6.000   0.324   0.676   0.000   0.000
      20   6.000   0.377   0.601   0.022   0.000
      21   8.000   0.403   0.510   0.087   0.000
      22   7.000   0.431   0.413   0.156   0.000
      23   7.000   0.461   0.306   0.233   0.000
      24   6.000   0.493   0.184   0.322   0.000
      25   6.000   0.580   0.105   0.315   0.000
      26   4.000   0.635   0.196   0.170   0.000
      27   5.000   0.670   0.330   0.000   0.000
      28   5.000   0.583   0.417   0.000   0.000
      29   7.000   0.502   0.498   0.000   0.000
      30   7.000   0.421   0.579   0.000   0.000
      31   7.000   0.336   0.664   0.000   0.000
      32   5.000   0.244   0.756   0.000   0.000
      33   4.000   0.150   0.850   0.000   0.000
      34   4.000   0.051   0.949   0.000   0.000
      35   6.000   0.120   0.880   0.000   0.000
      36   8.000   0.231   0.769   0.000   0.000
  STRAIN   AVACS   PRITW   SECTW   MODE1   MODE2   MODE3   MODE4   TWFR3   EFFR3   TWFR4   EFFR4
   0.025   6.000   0.000   0.000   0.324   0.676   0.000   0.000   0.000   0.000   0.000   0.000
   0.026   6.000   0.000   0.000   0.324   0.676   0.000   0.000   0.000   0.000   0.000   0.000
   0.026   6.000   0.000   0.000   0.324   0.675   0.000   0.000   0.000   0.000   0.000   0.000
   0.027   6.000   0.000   0.000   0.325   0.675   0.000   0.000   0.000   0.000   0.000   0.000
   0.027   6.000   0.000   0.000   0.325   0.675   0.000   0.000   0.000   0.000   0.000   0.000
   0.028   6.000   0.000   0.000   0.325   0.674   0.000   0.000   0.000   0.000   0.000   0.000
   0.028   6.000   0.000   0.000   0.326   0.674   0.000   0.000   0.000   0.000   0.000   0.000
   0.029   6.000   0.000   0.000   0.326   0.674   0.001   0.000   0.000   0.000   0.000   0.000
   0.029   6.000   0.000   0.000   0.326   0.673   0.001   0.000   0.000   0.000   0.000   0.000
   0.030   6.000   0.000   0.000   0.326   0.673   0.001   0.000   0.000   0.000   0.000   0.000
   0.030   6.000   0.000   0.000   0.327   0.673   0.001   0.000   0.000   0.000   0.000   0.000
   0.031   6.000   0.000   0.000   0.327   0.672   0.001   0.000   0.000   0.000   0.000   0.000
   0.031   6.000   0.000   0.000   0.327   0.672   0.001   0.000   0.000   0.000   0.000   0.000
   0.032   6.000   0.000   0.000   0.327   0.672   0.001   0.000   0.000   0.000   0.000   0.000
   0.032   6.000   0.000   0.000   0.327   0.672   0.001   0.000   0.000   0.000   0.000   0.000
   0.033   6.000   0.000   0.000   0.327   0.671   0.001   0.000   0.000   0.000   0.000   0.000
   0.033   6.000   0.000   0.000   0.328   0.671   0.001   0.000   0.000   0.000   0.000   0.000
   0.034   6.000   0.000   0.000   0.328   0.671   0.001   0.000   0.000   0.000   0.000   0.000
   0.034   6.000   0.000   0.000   0.328   0.671   0.001   0.000   0.000   0.000   0.000   0.000
   0.035   6.000   0.000   0.000   0.328   0.671   0.002   0.000   0.000   0.000   0.000   0.000
   0.035   6.000   0.000   0.000   0.328   0.670   0.002   0.000   0.000   0.000   0.000   0.000
   0.036   6.000   0.000   0.000   0.328   0.670   0.002   0.000   0.000   0.000   0.000   0.000
   0.036   6.000   0.000   0.000   0.328   0.670   0.002   0.000   0.000   0.000   0.000   0.000
   0.037   6.000   0.000   0.000   0.328   0.670   0.002   0.000   0.000   0.000   0.000   0.000
   0.037   6.000   0.000   0.000   0.328   0.669   0.002   0.000   0.000   0.000   0.000   0.000
   0.038   6.000   0.000   0.000   0.328   0.669   0.003   0.000   0.000   0.000   0.000   0.000
   0.038   6.000   0.000   0.000   0.328   0.669   0.003   0.000   0.000   0.000   0.000   0.000
   0.039   6.000   0.000   0.000   0.328   0.669   0.003   0.000   0.000   0.000   0.000   0.000
   0.039   6.000   0.000   0.000   0.328   0.669   0.003   0.000   0.000   0.000   0.000   0.000
   0.040   6.000   0.000   0.000   0.328   0.669   0.004   0.000   0.000   0.000   0.000   0.000
   0.040   6.000   0.000   0.000   0.328   0.668   0.004   0.000   0.000   0.000   0.000   0.000
   0.041   6.000   0.000   0.000   0.327   0.668   0.004   0.000   0.000   0.000   0.000   0.000
   0.041   6.000   0.000   0.000   0.327   0.668   0.005   0.000   0.000   0.000   0.000   0.000
   0.042   6.000   0.000   0.000   0.327   0.668   0.005   0.000   0.001   0.000   0.000   0.000
   0.042   6.000   0.000   0.000   0.327   0.668   0.006   0.000   0.001   0.000   0.000   0.000
   0.043   6.000   0.000   0.000   0.327   0.667   0.006   0.000   0.001   0.000   0.000   0.000
   0.043   6.000   0.000   0.000   0.326   0.667   0.006   0.000   0.001   0.000   0.000   0.000
   0.044   6.000   0.000   0.000   0.326   0.667   0.007   0.000   0.001   0.000   0.000   0.000
   0.044   6.000   0.000   0.000   0.326   0.667   0.007   0.000   0.001   0.000   0.000   0.000
   0.045   6.000   0.000   0.000   0.325   0.667   0.008   0.000   0.001   0.000   0.000   0.000
   0.045   6.000   0.000   0.000   0.325   0.666   0.008   0.000   0.001   0.000   0.000   0.000
   0.046   6.000   0.000   0.000   0.325   0.666   0.009   0.000   0.001   0.000   0.000   0.000
   0.046   6.000   0.000   0.000   0.324   0.666   0.010   0.000   0.001   0.000   0.000   0.000
   0.047   6.000   0.000   0.000   0.324   0.666   0.010   0.000   0.001   0.000   0.000   0.000
   0.047   6.000   0.000   0.000   0.324   0.666   0.011   0.000   0.001   0.000   0.000   0.000
   0.048   6.000   0.000   0.000   0.323   0.665   0.011   0.000   0.001   0.000   0.000   0.000
   0.048   6.000   0.000   0.000   0.323   0.665   0.012   0.000   0.001   0.000   0.000   0.000
   0.049   6.000   0.000   0.000   0.322   0.665   0.013   0.000   0.002   0.000   0.000   0.000
   0.049   6.000   0.000   0.000   0.322   0.665   0.013   0.000   0.002   0.000   0.000   0.000
   0.050   6.000   0.000   0.000   0.321   0.665   0.014   0.000   0.002   0.000   0.000   0.000
   0.050   6.000   0.000   0.000   0.321   0.664   0.015   0.000   0.002   0.000   0.000   0.000
    STEP   AVACS   MODE1   MODE2   MODE3   MODE4
       1   6.000   0.323   0.676   0.000   0.001
       2   6.000   0.224   0.767   0.000   0.010
       3   6.000   0.133   0.827   0.000   0.040
       4  10.000   0.202   0.706   0.000   0.091
       5  11.000   0.303   0.579   0.000   0.118
       6   9.000   0.404   0.471   0.000   0.124
       7  10.000   0.506   0.381   0.000   0.113
       8   6.000   0.610   0.316   0.000   0.073
       9   5.000   0.684   0.316   0.000   0.000
      10   5.000   0.598   0.402   0.000   0.000
      11   7.000   0.518   0.482   0.000   0.000
      12   7.000   0.437   0.563   0.000   0.000
      13   7.000   0.350   0.649   0.000   0.000
      14   5.000   0.256   0.744   0.000   0.000
      15   5.000   0.165   0.835   0.000   0.000
      16   4.000   0.066   0.934   0.000   0.000
      17   6.000   0.128   0.872   0.000   0.000
      18   8.000   0.241   0.758   0.001   0.000
      19   6.000   0.321   0.664   0.015   0.000
      20   8.000   0.360   0.572   0.068   0.000
      21   7.000   0.393   0.479   0.128   0.000
      22   7.000   0.425   0.385   0.190   0.000
      23   7.000   0.459   0.284   0.257   0.000
      24   6.000   0.494   0.169   0.337   0.000
      25   6.000   0.581   0.097   0.323   0.000
      26   4.000   0.641   0.183   0.176   0.000
      27   5.000   0.683   0.316   0.000   0.000
      28   5.000   0.598   0.402   0.000   0.000
      29   7.000   0.518   0.482   0.000   0.000
      30   7.000   0.437   0.563   0.000   0.000
      31   7.000   0.351   0.649   0.000   0.000
      32   5.000   0.256   0.744   0.000   0.000
      33   5.000   0.165   0.834   0.000   0.001
      34   4.000   0.065   0.934   0.000   0.001
      35   6.000   0.128   0.872   0.000   0.000
      36   8.000   0.241   0.758   0.000   0.000
  STRAIN   AVACS   PRITW   SECTW   MODE1   MODE2   MODE3   MODE4   TWFR3   EFFR3   TWFR4   EFFR4
   0.050   6.000   0.000   0.000   0.321   0.664   0.015   0.000   0.002   0.000   0.000   0.000
   0.051   6.000   0.000   0.000   0.320   0.664   0.015   0.000   0.002   0.000   0.000   0.000
   0.051   6.000   0.000   0.000   0.320   0.664   0.016   0.000   0.002   0.000   0.000   0.000
   0.052   6.000   0.000   0.000   0.320   0.664   0.017   0.000   0.002   0.000   0.000   0.000
   0.052   6.000   0.000   0.000   0.319   0.664   0.017   0.000   0.002   0.000   0.000   0.000
   0.053   6.000   0.000   0.000   0.318   0.663   0.018   0.000   0.003   0.000   0.000   0.000
   0.053   6.000   0.000   0.000   0.318   0.663   0.019   0.000   0.003   0.000   0.000   0.000
   0.054   6.000   0.000   0.000   0.317   0.663   0.020   0.000   0.003   0.000   0.000   0.000
   0.054   6.000   0.000   0.000   0.317   0.663   0.020   0.000   0.003   0.000   0.000   0.000
   0.055   6.000   0.000   0.000   0.316   0.662   0.021   0.000   0.003   0.000   0.000   0.000
   0.055   6.000   0.000   0.000   0.316   0.662   0.022   0.000   0.003   0.000   0.000   0.000
   0.056   6.000   0.000   0.000   0.315   0.662   0.023   0.000   0.004   0.000   0.000   0.000
   0.056   6.000   0.000   0.000   0.315   0.662   0.023   0.000   0.004   0.000   0.000   0.000
   0.057   6.000   0.000   0.000   0.314   0.662   0.024   0.000   0.004   0.000   0.000   0.000
   0.057   6.000   0.000   0.000   0.313   0.661   0.025   0.000   0.004   0.000   0.000   0.000
   0.058   6.000   0.000   0.000   0.313   0.661   0.026   0.000   0.005   0.000   0.000   0.000
   0.058   6.000   0.000   0.000   0.312   0.661   0.027   0.000   0.005   0.000   0.000   0.000
   0.059   6.000   0.000   0.000   0.312   0.661   0.027   0.000   0.005   0.000   0.000   0.000
   0.059   7.000   0.000   0.000   0.311   0.661   0.028   0.000   0.005   0.000   0.000   0.000
   0.060   7.000   0.000   0.000   0.310   0.661   0.029   0.000   0.005   0.000   0.000   0.000
   0.060   7.000   0.000   0.000   0.310   0.660   0.030   0.000   0.006   0.000   0.000   0.000
   0.061   7.000   0.000   0.000   0.309   0.660   0.031   0.000   0.006   0.000   0.000   0.000
   0.061   7.000   0.000   0.000   0.309   0.660   0.031   0.000   0.006   0.000   0.000   0.000
   0.062   7.000   0.000   0.000   0.308   0.660   0.032   0.000   0.007   0.000   0.000   0.000
   0.062   7.000   0.000   0.000   0.307   0.660   0.033   0.000   0.007   0.000   0.000   0.000
   0.063   7.000   0.000   0.000   0.307   0.659   0.034   0.000   0.007   0.000   0.000   0.000
   0.063   7.000   0.000   0.000   0.306   0.659   0.035   0.000   0.007   0.000   0.000   0.000
   0.064   7.000   0.000   0.000   0.305   0.659   0.036   0.000   0.008   0.000   0.000   0.000
   0.064   7.000   0.000   0.000   0.305   0.659   0.036   0.000   0.008   0.000   0.000   0.000
   0.065   8.000   0.000   0.000   0.304   0.659   0.037   0.000   0.008   0.000   0.000   0.000
   0.065   8.000   0.000   0.000   0.303   0.659   0.038   0.000   0.009   0.000   0.000   0.000
   0.066   8.000   0.000   0.000   0.303   0.659   0.039   0.000   0.009   0.000   0.000   0.000
   0.066   8.000   0.000   0.000   0.302   0.658   0.040   0.000   0.009   0.000   0.000   0.000
   0.067   8.000   0.000   0.000   0.301   0.658   0.040   0.000   0.010   0.000   0.000   0.000
   0.067   8.000   0.000   0.000   0.301   0.658   0.041   0.000   0.010   0.000   0.000   0.000
   0.068   8.000   0.000   0.000   0.300   0.658   0.042   0.000   0.010   0.000   0.000   0.000
   0.068   8.000   0.000   0.000   0.299   0.658   0.043   0.000   0.011   0.000   0.000   0.000
   0.069   8.000   0.000   0.000   0.299   0.658   0.044   0.000   0.011   0.000   0.000   0.000
   0.069   8.000   0.000   0.000   0.298   0.658   0.045   0.000   0.012   0.000   0.000   0.000
   0.070   8.000   0.000   0.000   0.297   0.657   0.045   0.000   0.012   0.000   0.000   0.000
   0.070   8.000   0.000   0.000   0.296   0.657   0.046   0.000   0.012   0.000   0.000   0.000
   0.071   8.000   0.000   0.000   0.296   0.657   0.047   0.000   0.013   0.000   0.000   0.000
   0.071   8.000   0.000   0.000   0.295   0.657   0.048   0.000   0.013   0.000   0.000   0.000
   0.072   8.000   0.000   0.000   0.294   0.657   0.049   0.000   0.014   0.000   0.000   0.000
   0.072   8.000   0.000   0.000   0.294   0.657   0.050   0.000   0.014   0.000   0.000   0.000
   0.073   8.000   0.000   0.000   0.293   0.657   0.050   0.000   0.014   0.000   0.000   0.000
   0.073   8.000   0.000   0.000   0.292   0.657   0.051   0.000   0.015   0.000   0.000   0.000
   0.074   8.000   0.000   0.000   0.291   0.657   0.052   0.000   0.015   0.000   0.000   0.000
   0.074   8.000   0.000   0.000   0.291   0.657   0.053   0.000   0.016   0.000   0.000   0.000
   0.075   8.000   0.000   0.000   0.290   0.656   0.054   0.000   0.016   0.000   0.000   0.000
   0.075   8.000   0.000   0.000   0.289   0.656   0.054   0.000   0.017   0.000   0.000   0.000
    STEP   AVACS   MODE1   MODE2   MODE3   MODE4
       1   6.000   0.207   0.785   0.000   0.008
       2   7.000   0.101   0.865   0.000   0.034
       3   8.000   0.095   0.809   0.000   0.096
       4  11.000   0.188   0.660   0.000   0.152
       5  11.000   0.293   0.522   0.000   0.185
       6   9.000   0.399   0.407   0.000   0.195
       7   8.000   0.505   0.318   0.000   0.177
       8   5.000   0.615   0.274   0.000   0.111
       9   5.000   0.695   0.305   0.000   0.000
      10   5.000   0.609   0.390   0.000   0.000
      11   7.000   0.529   0.471   0.000   0.000
      12   7.000   0.448   0.552   0.000   0.000
      13   7.000   0.361   0.639   0.000   0.000
      14   4.000   0.267   0.733   0.000   0.000
      15   5.000   0.179   0.821   0.000   0.000
      16   4.000   0.079   0.921   0.000   0.000
      17   6.000   0.122   0.876   0.002   0.000
      18   6.000   0.227   0.760   0.013   0.000
      19   8.000   0.289   0.656   0.055   0.000
      20   8.000   0.333   0.559   0.108   0.000
      21   8.000   0.372   0.466   0.163   0.000
      22   7.000   0.410   0.372   0.219   0.000
      23   7.000   0.449   0.271   0.280   0.000
      24   6.000   0.491   0.159   0.351   0.000
      25   6.000   0.580   0.090   0.330   0.000
      26   4.000   0.646   0.172   0.181   0.000
      27   5.000   0.695   0.305   0.000   0.000
      28   5.000   0.609   0.391   0.000   0.000
      29   7.000   0.529   0.471   0.000   0.000
      30   7.000   0.448   0.552   0.000   0.000
      31   7.000   0.361   0.639   0.000   0.000
      32   4.000   0.267   0.733   0.000   0.000
      33   5.000   0.178   0.820   0.000   0.002
      34   4.000   0.077   0.920   0.000   0.003
      35   6.000   0.123   0.876   0.000   0.001
      36   6.000   0.235   0.764   0.000   0.001
  STRAIN   AVACS   PRITW   SECTW   MODE1   MODE2   MODE3   MODE4   TWFR3   EFFR3   TWFR4   EFFR4
   0.075   8.000   0.000   0.000   0.289   0.656   0.055   0.000   0.017   0.000   0.000   0.000
   0.076   8.000   0.000   0.000   0.288   0.656   0.055   0.000   0.017   0.000   0.000   0.000
   0.076   8.000   0.000   0.000   0.288   0.656   0.056   0.000   0.018   0.000   0.000   0.000
   0.077   8.000   0.000   0.000   0.287   0.656   0.057   0.000   0.018   0.000   0.000   0.000
   0.077   8.000   0.000   0.000   0.286   0.656   0.058   0.000   0.019   0.000   0.000   0.000
   0.078   8.000   0.000   0.000   0.285   0.656   0.059   0.000   0.019   0.000   0.000   0.000
   0.078   8.000   0.000   0.000   0.285   0.656   0.059   0.000   0.020   0.000   0.000   0.000
   0.079   8.000   0.000   0.000   0.284   0.656   0.060   0.000   0.020   0.000   0.000   0.000
   0.079   8.000   0.000   0.000   0.283   0.656   0.061   0.000   0.021   0.000   0.000   0.000
   0.080   8.000   0.000   0.000   0.282   0.656   0.062   0.000   0.021   0.000   0.000   0.000
   0.080   8.000   0.000   0.000   0.282   0.656   0.063   0.000   0.022   0.000   0.000   0.000
   0.081   8.000   0.000   0.000   0.281   0.656   0.063   0.000   0.022   0.000   0.000   0.000
   0.081   8.000   0.000   0.000   0.280   0.656   0.064   0.000   0.023   0.000   0.000   0.000
   0.082   8.000   0.000   0.000   0.279   0.656   0.065   0.000   0.023   0.000   0.000   0.000
   0.082   8.000   0.000   0.000   0.278   0.656   0.066   0.000   0.024   0.000   0.000   0.000
   0.083   8.000   0.000   0.000   0.278   0.656   0.067   0.000   0.024   0.000   0.000   0.000
   0.083   8.000   0.000   0.000   0.277   0.656   0.068   0.000   0.025   0.000   0.000   0.000
   0.084   8.000   0.000   0.000   0.276   0.656   0.068   0.000   0.025   0.000   0.000   0.000
   0.084   8.000   0.000   0.000   0.275   0.656   0.069   0.000   0.026   0.000   0.000   0.000
   0.085   8.000   0.000   0.000   0.274   0.656   0.070   0.000   0.027   0.000   0.000   0.000
   0.085   8.000   0.000   0.000   0.274   0.656   0.071   0.000   0.027   0.000   0.000   0.000
   0.086   8.000   0.000   0.000   0.273   0.656   0.072   0.000   0.028   0.000   0.000   0.000
   0.086   8.000   0.000   0.000   0.272   0.656   0.072   0.000   0.028   0.000   0.000   0.000
   0.087   8.000   0.000   0.000   0.271   0.656   0.073   0.000   0.029   0.000   0.000   0.000
   0.087   8.000   0.000   0.000   0.270   0.656   0.074   0.000   0.030   0.000   0.000   0.000
   0.088   8.000   0.000   0.000   0.269   0.656   0.075   0.000   0.030   0.000   0.000   0.000
   0.088   8.000   0.000   0.000   0.269   0.656   0.076   0.000   0.031   0.000   0.000   0.000
   0.089   8.000   0.000   0.000   0.268   0.656   0.077   0.000   0.032   0.000   0.000   0.000
   0.089   8.000   0.000   0.000   0.267   0.656   0.077   0.000   0.032   0.000   0.000   0.000
   0.090   8.000   0.000   0.000   0.266   0.656   0.078   0.000   0.033   0.000   0.000   0.000
   0.090   8.000   0.000   0.000   0.265   0.656   0.079   0.000   0.034   0.000   0.000   0.000
   0.091   8.000   0.000   0.000   0.264   0.656   0.080   0.000   0.034   0.000   0.000   0.000
   0.091   8.000   0.000   0.000   0.263   0.656   0.081   0.000   0.035   0.000   0.000   0.000
   0.092   8.000   0.000   0.000   0.262   0.656   0.081   0.000   0.036   0.000   0.000   0.000
   0.092   8.000   0.000   0.000   0.262   0.656   0.082   0.000   0.036   0.000   0.000   0.000
   0.093   8.000   0.000   0.000   0.261   0.656   0.083   0.000   0.037   0.000   0.000   0.000
   0.093   8.000   0.000   0.000   0.260   0.656   0.084   0.000   0.038   0.000   0.000   0.000
   0.094   8.000   0.000   0.000   0.259   0.657   0.085   0.000   0.038   0.000   0.000   0.000
   0.094   8.000   0.000   0.000   0.258   0.657   0.085   0.000   0.039   0.000   0.000   0.000
   0.095   8.000   0.000   0.000   0.257   0.657   0.086   0.000   0.040   0.000   0.000   0.000
   0.095   8.000   0.000   0.000   0.256   0.657   0.087   0.000   0.040   0.000   0.000   0.000
   0.096   8.000   0.000   0.000   0.255   0.657   0.088   0.000   0.041   0.000   0.000   0.000
   0.096   8.000   0.000   0.000   0.254   0.657   0.089   0.000   0.042   0.000   0.000   0.000
   0.097   8.000   0.000   0.000   0.253   0.657   0.089   0.000   0.043   0.000   0.000   0.000
   0.097   8.000   0.000   0.000   0.253   0.657   0.090   0.000   0.043   0.000   0.000   0.000
   0.098   8.000   0.000   0.000   0.252   0.657   0.091   0.000   0.044   0.000   0.000   0.000
   0.098   8.000   0.000   0.000   0.251   0.658   0.092   0.000   0.045   0.000   0.000   0.000
   0.099   8.000   0.000   0.000   0.250   0.658   0.093   0.000   0.046   0.000   0.000   0.000
   0.099   8.000   0.000   0.000   0.249   0.658   0.093   0.000   0.046   0.000   0.000   0.000
   0.100   8.000   0.000   0.000   0.248   0.658   0.094   0.000   0.047   0.000   0.000   0.000
   0.100   8.000   0.000   0.000   0.247   0.658   0.095   0.000   0.048   0.000   0.000   0.000
    STEP   AVACS   MODE1   MODE2   MODE3   MODE4
       1   6.000   0.056   0.931   0.000   0.013
       2   6.000   0.002   0.935   0.000   0.063
       3   9.000   0.050   0.843   0.000   0.106
       4   7.000   0.154   0.705   0.000   0.141
       5   9.000   0.272   0.569   0.000   0.159
       6   9.000   0.386   0.453   0.000   0.161
       7   8.000   0.498   0.358   0.000   0.143
       8   6.000   0.614   0.295   0.000   0.092
       9   5.000   0.704   0.295   0.000   0.000
      10   6.000   0.618   0.382   0.000   0.000
      11   7.000   0.537   0.463   0.000   0.000
      12   7.000   0.456   0.544   0.000   0.000
      13   7.000   0.368   0.631   0.000   0.000
      14   4.000   0.277   0.723   0.000   0.000
      15   5.000   0.192   0.808   0.000   0.000
      16   4.000   0.091   0.909   0.000   0.000
      17   6.000   0.098   0.890   0.012   0.000
      18   8.000   0.185   0.769   0.046   0.000
      19   8.000   0.247   0.658   0.095   0.000
      20   8.000   0.298   0.557   0.145   0.000
      21   8.000   0.344   0.461   0.195   0.000
      22   8.000   0.389   0.366   0.245   0.000
      23   7.000   0.436   0.264   0.300   0.000
      24   6.000   0.486   0.151   0.363   0.000
      25   6.000   0.580   0.084   0.336   0.000
      26   4.000   0.650   0.163   0.186   0.000
      27   5.000   0.704   0.295   0.001   0.000
      28   6.000   0.618   0.382   0.000   0.000
      29   7.000   0.537   0.463   0.000   0.000
      30   7.000   0.456   0.544   0.000   0.000
      31   7.000   0.368   0.631   0.000   0.000
      32   4.000   0.277   0.722   0.000   0.001
      33   5.000   0.191   0.807   0.000   0.002
      34   4.000   0.089   0.907   0.000   0.004
      35   6.000   0.106   0.894   0.000   0.001
      36   6.000   0.172   0.826   0.000   0.002
  STRAIN   AVACS   PRITW   SECTW   MODE1   MODE2   MODE3   MODE4   TWFR3   EFFR3   TWFR4   EFFR4
   0.100   8.000   0.000   0.000   0.247   0.658   0.095   0.000   0.048   0.000   0.000   0.000
   0.101   8.000   0.000   0.000   0.246   0.658   0.096   0.000   0.049   0.000   0.000   0.000
   0.101   8.000   0.000   0.000   0.245   0.658   0.097   0.000   0.049   0.000   0.000   0.000
   0.102   8.000   0.000   0.000   0.244   0.659   0.097   0.000   0.050   0.000   0.000   0.000
   0.102   8.000   0.000   0.000   0.243   0.659   0.098   0.000   0.051   0.000   0.000   0.000
   0.103   8.000   0.000   0.000   0.242   0.659   0.099   0.000   0.052   0.000   0.000   0.000
   0.103   8.000   0.000   0.000   0.241   0.659   0.100   0.000   0.053   0.000   0.000   0.000
   0.104   8.000   0.000   0.000   0.240   0.659   0.101   0.000   0.053   0.000   0.000   0.000
   0.104   8.000   0.000   0.000   0.239   0.660   0.101   0.000   0.054   0.000   0.000   0.000
   0.105   8.000   0.000   0.000   0.238   0.660   0.102   0.000   0.055   0.000   0.000   0.000
   0.105   8.000   0.000   0.000   0.237   0.660   0.103   0.000   0.056   0.000   0.000   0.000
   0.106   8.000   0.000   0.000   0.236   0.660   0.104   0.000   0.057   0.000   0.000   0.000
   0.106   8.000   0.000   0.000   0.235   0.660   0.104   0.000   0.058   0.000   0.000   0.000
   0.107   8.000   0.000   0.000   0.234   0.661   0.105   0.000   0.059   0.000   0.000   0.000
   0.107   8.000   0.000   0.000   0.233   0.661   0.106   0.000   0.059   0.000   0.000   0.000
   0.108   8.000   0.000   0.000   0.232   0.661   0.107   0.000   0.060   0.000   0.000   0.000
   0.108   8.000   0.000   0.000   0.231   0.661   0.108   0.000   0.061   0.000   0.000   0.000
   0.109   8.000   0.000   0.000   0.230   0.662   0.108   0.000   0.062   0.000   0.000   0.000
   0.109   8.000   0.000   0.000   0.229   0.662   0.109   0.000   0.063   0.000   0.000   0.000
   0.110   8.000   0.000   0.000   0.228   0.662   0.110   0.000   0.064   0.000   0.000   0.000
   0.110   8.000   0.000   0.000   0.227   0.663   0.111   0.000   0.065   0.000   0.000   0.000
   0.111   8.000   0.000   0.000   0.226   0.663   0.111   0.000   0.066   0.000   0.000   0.000
   0.111   8.000   0.000   0.000   0.225   0.663   0.112   0.000   0.066   0.000   0.000   0.000
   0.112   8.000   0.000   0.000   0.224   0.663   0.113   0.000   0.067   0.000   0.000   0.000
   0.112   8.000   0.000   0.000   0.222   0.664   0.114   0.000   0.068   0.000   0.000   0.000
   0.113   8.000   0.000   0.000   0.221   0.664   0.115   0.000   0.069   0.000   0.000   0.000
   0.113   8.000   0.000   0.000   0.220   0.664   0.115   0.000   0.070   0.000   0.000   0.000
   0.114   8.000   0.000   0.000   0.219   0.665   0.116   0.000   0.071   0.000   0.000   0.000
   0.114   8.000   0.000   0.000   0.218   0.665   0.117   0.000   0.072   0.000   0.000   0.000
   0.115   8.000   0.000   0.000   0.217   0.665   0.118   0.000   0.073   0.000   0.000   0.000
   0.115   8.000   0.000   0.000   0.216   0.666   0.118   0.000   0.074   0.000   0.000   0.000
   0.116   8.000   0.000   0.000   0.215   0.666   0.119   0.000   0.075   0.000   0.000   0.000
   0.116   8.000   0.000   0.000   0.214   0.666   0.120   0.000   0.076   0.000   0.000   0.000
   0.117   8.000   0.000   0.000   0.213   0.667   0.121   0.000   0.077   0.000   0.000   0.000
   0.117   8.000   0.000   0.000   0.212   0.667   0.121   0.000   0.078   0.000   0.000   0.000
   0.118   8.000   0.000   0.000   0.210   0.667   0.122   0.000   0.079   0.000   0.000   0.000
   0.118   8.000   0.000   0.000   0.209   0.668   0.123   0.000   0.080   0.000   0.000   0.000
   0.119   8.000   0.000   0.000   0.208   0.668   0.124   0.000   0.081   0.000   0.000   0.000
   0.119   8.000   0.000   0.000   0.207   0.669   0.124   0.000   0.081   0.000   0.000   0.000
   0.120   8.000   0.000   0.000   0.206   0.669   0.125   0.000   0.082   0.000   0.000   0.000
   0.120   8.000   0.000   0.000   0.205   0.669   0.126   0.000   0.083   0.000   0.000   0.000
   0.121   8.000   0.000   0.000   0.203   0.670   0.127   0.000   0.084   0.000   0.000   0.000
   0.121   8.000   0.000   0.000   0.202   0.670   0.127   0.000   0.085   0.000   0.000   0.000
   0.122   8.000   0.000   0.000   0.201   0.671   0.128   0.000   0.086   0.000   0.000   0.000
   0.122   8.000   0.000   0.000   0.200   0.671   0.129   0.000   0.087   0.000   0.000   0.000
   0.123   8.000   0.000   0.000   0.199   0.671   0.130   0.000   0.088   0.000   0.000   0.000
   0.123   8.000   0.000   0.000   0.198   0.672   0.131   0.000   0.089   0.000   0.000   0.000
   0.124   8.000   0.000   0.000   0.196   0.672   0.131   0.000   0.091   0.000   0.000   0.000
   0.124   8.000   0.000   0.000   0.195   0.673   0.132   0.000   0.092   0.000   0.000   0.000
   0.125   8.000   0.000   0.000   0.194   0.673   0.133   0.000   0.093   0.000   0.000   0.000
   0.125   8.000   0.000   0.000   0.193   0.674   0.134   0.000   0.094   0.000   0.000   0.000
    STEP   AVACS   MODE1   MODE2   MODE3   MODE4
       1   8.000   0.000   0.949   0.000   0.051
       2   7.000   0.000   0.934   0.000   0.066
       3   6.000   0.020   0.907   0.000   0.073
       4   8.000   0.125   0.789   0.000   0.087
       5   9.000   0.252   0.657   0.000   0.091
       6   9.000   0.372   0.540   0.000   0.088
       7   8.000   0.490   0.433   0.000   0.076
       8   6.000   0.611   0.339   0.000   0.050
       9   4.000   0.711   0.289   0.000   0.000
      10   6.000   0.624   0.376   0.000   0.000
      11   6.000   0.542   0.458   0.000   0.000
      12   7.000   0.460   0.540   0.000   0.000
      13   6.000   0.374   0.626   0.000   0.000
      14   4.000   0.289   0.711   0.000   0.000
      15   5.000   0.205   0.795   0.000   0.000
      16   5.000   0.102   0.898   0.000   0.000
      17   6.000   0.055   0.908   0.037   0.000
      18   8.000   0.126   0.790   0.085   0.000
      19   8.000   0.193   0.674   0.134   0.000
      20   8.000   0.252   0.568   0.180   0.000
      21   8.000   0.308   0.467   0.225   0.000
      22   8.000   0.362   0.367   0.271   0.000
      23   8.000   0.418   0.262   0.319   0.000
      24   6.000   0.480   0.146   0.374   0.000
      25   6.000   0.579   0.079   0.342   0.000
      26   4.000   0.653   0.156   0.191   0.000
      27   5.000   0.709   0.288   0.002   0.000
      28   6.000   0.624   0.376   0.000   0.000
      29   6.000   0.542   0.458   0.000   0.000
      30   7.000   0.460   0.540   0.000   0.000
      31   6.000   0.374   0.626   0.000   0.000
      32   4.000   0.289   0.710   0.000   0.001
      33   5.000   0.204   0.794   0.000   0.002
      34   5.000   0.101   0.897   0.000   0.003
      35   5.000   0.070   0.929   0.000   0.001
      36   4.000   0.009   0.987   0.000   0.004
