    STEP   AVACS   MODE1   MODE2   MODE3   MODE4
       1   6.000   0.243   0.757   0.000   0.000
       2   6.000   0.201   0.799   0.000   0.000
       3   7.000   0.151   0.849   0.000   0.000
       4   6.000   0.083   0.917   0.000   0.000
       5   5.000   0.139   0.861   0.000   0.000
       6   6.000   0.213   0.787   0.000   0.000
       7   7.000   0.267   0.733   0.000   0.000
       8   7.000   0.287   0.713   0.000   0.000
       9   5.000   0.257   0.743   0.000   0.000
      10   4.000   0.208   0.792   0.000   0.000
      11   6.000   0.325   0.675   0.000   0.000
      12   6.000   0.391   0.609   0.000   0.000
      13   7.000   0.447   0.553   0.000   0.000
      14   6.000   0.427   0.573   0.000   0.000
      15   6.000   0.390   0.610   0.000   0.000
      16   6.000   0.337   0.663   0.000   0.000
      17   7.000   0.321   0.679   0.000   0.000
      18   6.000   0.283   0.717   0.000   0.000
      19   6.000   0.243   0.757   0.000   0.000
      20   6.000   0.201   0.799   0.000   0.000
      21   7.000   0.151   0.849   0.000   0.000
      22   6.000   0.083   0.917   0.000   0.000
      23   5.000   0.139   0.861   0.000   0.000
      24   6.000   0.213   0.787   0.000   0.000
      25   7.000   0.267   0.733   0.000   0.000
      26   7.000   0.287   0.713   0.000   0.000
      27   5.000   0.257   0.743   0.000   0.000
      28   4.000   0.208   0.792   0.000   0.000
      29   6.000   0.325   0.675   0.000   0.000
      30   6.000   0.391   0.609   0.000   0.000
      31   7.000   0.447   0.553   0.000   0.000
      32   6.000   0.427   0.573   0.000   0.000
      33   6.000   0.390   0.610   0.000   0.000
      34   6.000   0.337   0.663   0.000   0.000
      35   7.000   0.321   0.679   0.000   0.000
      36   6.000   0.283   0.717   0.000   0.000
  STRAIN   AVACS   PRITW   SECTW   MODE1   MODE2   MODE3   MODE4   TWFR3   EFFR3   TWFR4   EFFR4
   0.000   6.000   0.000   0.000   0.243   0.757   0.000   0.000   0.000   0.000   0.000   0.000
   0.001   6.000   0.000   0.000   0.243   0.757   0.000   0.000   0.000   0.000   0.000   0.000
   0.001   6.000   0.000   0.000   0.242   0.758   0.000   0.000   0.000   0.000   0.000   0.000
   0.002   6.000   0.000   0.000   0.242   0.758   0.000   0.000   0.000   0.000   0.000   0.000
   0.002   6.000   0.000   0.000   0.242   0.758   0.000   0.000   0.000   0.000   0.000   0.000
   0.003   6.000   0.000   0.000   0.241   0.759   0.000   0.000   0.000   0.000   0.000   0.000
   0.003   6.000   0.000   0.000   0.241   0.759   0.000   0.000   0.000   0.000   0.000   0.000
   0.004   6.000   0.000   0.000   0.240   0.760   0.000   0.000   0.000   0.000   0.000   0.000
   0.004   6.000   0.000   0.000   0.240   0.760   0.000   0.000   0.000   0.000   0.000   0.000
   0.005   6.000   0.000   0.000   0.240   0.760   0.000   0.000   0.000   0.000   0.000   0.000
   0.005   6.000   0.000   0.000   0.240   0.760   0.000   0.000   0.000   0.000   0.000   0.000
   0.006   6.000   0.000   0.000   0.239   0.761   0.000   0.000   0.000   0.000   0.000   0.000
   0.006   6.000   0.000   0.000   0.239   0.761   0.000   0.000   0.000   0.000   0.000   0.000
   0.007   6.000   0.000   0.000   0.239   0.761   0.000   0.000   0.000   0.000   0.000   0.000
   0.007   6.000   0.000   0.000   0.239   0.761   0.000   0.000   0.000   0.000   0.000   0.000
   0.008   6.000   0.000   0.000   0.238   0.762   0.000   0.000   0.000   0.000   0.000   0.000
   0.008   6.000   0.000   0.000   0.238   0.762   0.000   0.000   0.000   0.000   0.000   0.000
   0.009   6.000   0.000   0.000   0.238   0.762   0.000   0.000   0.000   0.000   0.000   0.000
   0.009   6.000   0.000   0.000   0.238   0.762   0.000   0.000   0.000   0.000   0.000   0.000
   0.010   6.000   0.000   0.000   0.238   0.762   0.000   0.000   0.000   0.000   0.000   0.000
   0.010   6.000   0.000   0.000   0.237   0.763   0.000   0.000   0.000   0.000   0.000   0.000
   0.011   6.000   0.000   0.000   0.237   0.763   0.000   0.000   0.000   0.000   0.000   0.000
   0.011   6.000   0.000   0.000   0.237   0.763   0.000   0.000   0.000   0.000   0.000   0.000
   0.012   6.000   0.000   0.000   0.237   0.763   0.000   0.000   0.000   0.000   0.000   0.000
   0.012   6.000   0.000   0.000   0.237   0.763   0.000   0.000   0.000   0.000   0.000   0.000
   0.013   6.000   0.000   0.000   0.237   0.763   0.000   0.000   0.000   0.000   0.000   0.000
   0.013   6.000   0.000   0.000   0.236   0.763   0.000   0.000   0.000   0.000   0.000   0.000
   0.014   6.000   0.000   0.000   0.236   0.764   0.000   0.000   0.000   0.000   0.000   0.000
   0.014   6.000   0.000   0.000   0.236   0.764   0.000   0.000   0.000   0.000   0.000   0.000
   0.015   6.000   0.000   0.000   0.236   0.764   0.000   0.000   0.000   0.000   0.000   0.000
   0.015   6.000   0.000   0.000   0.236   0.764   0.000   0.000   0.000   0.000   0.000   0.000
   0.016   6.000   0.000   0.000   0.236   0.764   0.000   0.000   0.000   0.000   0.000   0.000
   0.016   6.000   0.000   0.000   0.236   0.764   0.000   0.000   0.000   0.000   0.000   0.000
   0.017   6.000   0.000   0.000   0.235   0.765   0.000   0.000   0.000   0.000   0.000   0.000
   0.017   6.000   0.000   0.000   0.235   0.765   0.000   0.000   0.000   0.000   0.000   0.000
   0.018   6.000   0.000   0.000   0.235   0.765   0.000   0.000   0.000   0.000   0.000   0.000
   0.018   6.000   0.000   0.000   0.235   0.765   0.000   0.000   0.000   0.000   0.000   0.000
   0.019   6.000   0.000   0.000   0.235   0.765   0.000   0.000   0.000   0.000   0.000   0.000
   0.019   6.000   0.000   0.000   0.234   0.766   0.000   0.000   0.000   0.000   0.000   0.000
   0.020   6.000   0.000   0.000   0.234   0.766   0.000   0.000   0.000   0.000   0.000   0.000
   0.020   6.000   0.000   0.000   0.234   0.766   0.000   0.000   0.000   0.000   0.000   0.000
   0.021   6.000   0.000   0.000   0.234   0.766   0.000   0.000   0.000   0.000   0.000   0.000
   0.021   6.000   0.000   0.000   0.234   0.766   0.000   0.000   0.000   0.000   0.000   0.000
   0.022   6.000   0.000   0.000   0.233   0.767   0.000   0.000   0.000   0.000   0.000   0.000
   0.022   6.000   0.000   0.000   0.233   0.767   0.000   0.000   0.000   0.000   0.000   0.000
   0.023   6.000   0.000   0.000   0.233   0.767   0.000   0.000   0.000   0.000   0.000   0.000
   0.023   6.000   0.000   0.000   0.233   0.767   0.000   0.000   0.000   0.000   0.000   0.000
   0.024   6.000   0.000   0.000   0.233   0.767   0.000   0.000   0.000   0.000   0.000   0.000
   0.024   6.000   0.000   0.000   0.232   0.767   0.000   0.000   0.000   0.000   0.000   0.000
   0.025   6.000   0.000   0.000   0.232   0.767   0.000   0.000   0.000   0.000   0.000   0.000
   0.025   6.000   0.000   0.000   0.232   0.768   0.000   0.000   0.000   0.000   0.000   0.000
    STEP   AVACS   MODE1   MODE2   MODE3   MODE4
       1   6.000   0.232   0.768   0.000   0.000
       2   6.000   0.189   0.811   0.000   0.000
       3   7.000   0.136   0.864   0.000   0.000
       4   5.000   0.044   0.956   0.000   0.000
       5   6.000   0.127   0.873   0.000   0.000
       6   6.000   0.206   0.794   0.000   0.000
       7   7.000   0.260   0.740   0.000   0.000
       8   7.000   0.283   0.717   0.000   0.000
       9   7.000   0.265   0.735   0.000   0.000
      10   4.000   0.212   0.788   0.000   0.000
      11   6.000   0.324   0.676   0.000   0.000
      12   5.000   0.400   0.600   0.000   0.000
      13   7.000   0.453   0.547   0.000   0.000
      14   7.000   0.430   0.570   0.000   0.000
      15   6.000   0.367   0.633   0.000   0.000
      16   6.000   0.322   0.678   0.000   0.000
      17   7.000   0.310   0.690   0.000   0.000
      18   6.000   0.273   0.727   0.000   0.000
      19   6.000   0.232   0.768   0.000   0.000
      20   6.000   0.188   0.811   0.000   0.000
      21   7.000   0.136   0.864   0.000   0.000
      22   5.000   0.044   0.956   0.000   0.000
      23   6.000   0.127   0.873   0.000   0.000
      24   6.000   0.206   0.794   0.000   0.000
      25   7.000   0.260   0.740   0.000   0.000
      26   7.000   0.283   0.717   0.000   0.000
      27   7.000   0.265   0.735   0.000   0.000
      28   4.000   0.212   0.788   0.000   0.000
      29   6.000   0.324   0.676   0.000   0.000
      30   5.000   0.400   0.600   0.000   0.000
      31   7.000   0.453   0.546   0.000   0.001
      32   7.000   0.429   0.570   0.000   0.001
      33   6.000   0.367   0.633   0.000   0.000
      34   6.000   0.322   0.678   0.000   0.000
      35   7.000   0.310   0.690   0.000   0.000
      36   6.000   0.273   0.727   0.000   0.000
  STRAIN   AVACS   PRITW   SECTW   MODE1   MODE2   MODE3   MODE4   TWFR3   EFFR3   TWFR4   EFFR4
   0.025   6.000   0.000   0.000   0.232   0.768   0.000   0.000   0.000   0.000   0.000   0.000
   0.026   6.000   0.000   0.000   0.232   0.768   0.000   0.000   0.000   0.000   0.000   0.000
   0.026   6.000   0.000   0.000   0.232   0.768   0.000   0.000   0.000   0.000   0.000   0.000
   0.027   6.000   0.000   0.000   0.231   0.768   0.000   0.001   0.000   0.000   0.000   0.000
   0.027   6.000   0.000   0.000   0.231   0.768   0.000   0.001   0.000   0.000   0.000   0.000
   0.028   6.000   0.000   0.000   0.231   0.768   0.000   0.001   0.000   0.000   0.000   0.000
   0.028   6.000   0.000   0.000   0.231   0.769   0.000   0.001   0.000   0.000   0.000   0.000
   0.029   6.000   0.000   0.000   0.230   0.769   0.000   0.001   0.000   0.000   0.000   0.000
   0.029   6.000   0.000   0.000   0.230   0.769   0.000   0.001   0.000   0.000   0.000   0.000
   0.030   6.000   0.000   0.000   0.230   0.769   0.000   0.001   0.000   0.000   0.000   0.000
   0.030   6.000   0.000   0.000   0.230   0.769   0.000   0.001   0.000   0.000   0.000   0.000
   0.031   6.000   0.000   0.000   0.230   0.769   0.000   0.001   0.000   0.000   0.000   0.000
   0.031   6.000   0.000   0.000   0.229   0.770   0.000   0.001   0.000   0.000   0.000   0.000
   0.032   6.000   0.000   0.000   0.229   0.770   0.000   0.001   0.000   0.000   0.000   0.000
   0.032   6.000   0.000   0.000   0.229   0.770   0.000   0.001   0.000   0.000   0.000   0.000
   0.033   6.000   0.000   0.000   0.229   0.770   0.000   0.001   0.000   0.000   0.000   0.000
   0.033   6.000   0.000   0.000   0.229   0.770   0.000   0.001   0.000   0.000   0.000   0.000
   0.034   6.000   0.000   0.000   0.228   0.770   0.000   0.001   0.000   0.000   0.000   0.000
   0.034   6.000   0.000   0.000   0.228   0.771   0.000   0.001   0.000   0.000   0.000   0.000
   0.035   6.000   0.000   0.000   0.228   0.771   0.000   0.001   0.000   0.000   0.000   0.000
   0.035   6.000   0.000   0.000   0.227   0.771   0.000   0.001   0.000   0.000   0.000   0.000
   0.036   6.000   0.000   0.000   0.227   0.771   0.000   0.001   0.000   0.000   0.000   0.000
   0.036   6.000   0.000   0.000   0.227   0.771   0.000   0.002   0.000   0.000   0.000   0.000
   0.037   6.000   0.000   0.000   0.227   0.771   0.000   0.002   0.000   0.000   0.000   0.000
   0.037   6.000   0.000   0.000   0.227   0.772   0.000   0.002   0.000   0.000   0.000   0.000
   0.038   6.000   0.000   0.000   0.227   0.772   0.000   0.002   0.000   0.000   0.000   0.000
   0.038   6.000   0.000   0.000   0.226   0.772   0.000   0.002   0.000   0.000   0.000   0.000
   0.039   6.000   0.000   0.000   0.226   0.772   0.000   0.002   0.000   0.000   0.000   0.000
   0.039   6.000   0.000   0.000   0.226   0.772   0.000   0.002   0.000   0.000   0.000   0.000
   0.040   6.000   0.000   0.000   0.225   0.772   0.000   0.002   0.000   0.000   0.000   0.000
   0.040   6.000   0.000   0.000   0.225   0.772   0.000   0.002   0.000   0.000   0.000   0.000
   0.041   6.000   0.000   0.000   0.225   0.773   0.000   0.002   0.000   0.000   0.000   0.000
   0.041   6.000   0.000   0.000   0.225   0.773   0.000   0.002   0.000   0.000   0.000   0.000
   0.042   6.000   0.000   0.000   0.225   0.773   0.000   0.002   0.000   0.000   0.000   0.000
   0.042   6.000   0.000   0.000   0.224   0.773   0.000   0.002   0.000   0.000   0.000   0.000
   0.043   6.000   0.000   0.000   0.224   0.773   0.000   0.003   0.000   0.000   0.000   0.000
   0.043   6.000   0.000   0.000   0.224   0.773   0.000   0.003   0.000   0.000   0.000   0.000
   0.044   6.000   0.000   0.000   0.224   0.774   0.000   0.003   0.000   0.000   0.000   0.000
   0.044   6.000   0.000   0.000   0.223   0.774   0.000   0.003   0.000   0.000   0.000   0.000
   0.045   6.000   0.000   0.000   0.223   0.774   0.000   0.003   0.000   0.000   0.001   0.000
   0.045   6.000   0.000   0.000   0.223   0.774   0.000   0.003   0.000   0.000   0.001   0.000
   0.046   6.000   0.000   0.000   0.223   0.774   0.000   0.003   0.000   0.000   0.001   0.000
   0.046   6.000   0.000   0.000   0.223   0.774   0.000   0.003   0.000   0.000   0.001   0.000
   0.047   6.000   0.000   0.000   0.222   0.775   0.000   0.003   0.000   0.000   0.001   0.000
   0.047   6.000   0.000   0.000   0.222   0.775   0.000   0.003   0.000   0.000   0.001   0.000
   0.048   6.000   0.000   0.000   0.222   0.775   0.000   0.003   0.000   0.000   0.001   0.000
   0.048   6.000   0.000   0.000   0.222   0.775   0.000   0.003   0.000   0.000   0.001   0.000
   0.049   6.000   0.000   0.000   0.221   0.775   0.000   0.004   0.000   0.000   0.001   0.000
   0.049   6.000   0.000   0.000   0.221   0.775   0.000   0.004   0.000   0.000   0.001   0.000
   0.050   6.000   0.000   0.000   0.221   0.775   0.000   0.004   0.000   0.000   0.001   0.000
   0.050   6.000   0.000   0.000   0.221   0.775   0.000   0.004   0.000   0.000   0.001   0.000
    STEP   AVACS   MODE1   MODE2   MODE3   MODE4
       1   6.000   0.222   0.778   0.000   0.000
       2   6.000   0.178   0.822   0.000   0.000
       3   7.000   0.126   0.874   0.000   0.000
       4   5.000   0.035   0.965   0.000   0.000
       5   6.000   0.125   0.875   0.000   0.000
       6   6.000   0.208   0.792   0.000   0.000
       7   7.000   0.266   0.734   0.000   0.000
       8   7.000   0.294   0.706   0.000   0.000
       9   7.000   0.282   0.718   0.000   0.000
      10   4.000   0.230   0.769   0.000   0.000
      11   6.000   0.339   0.660   0.000   0.001
      12   5.000   0.413   0.587   0.000   0.000
      13   7.000   0.462   0.538   0.000   0.000
      14   7.000   0.435   0.565   0.000   0.000
      15   6.000   0.367   0.632   0.000   0.000
      16   6.000   0.319   0.681   0.000   0.000
      17   7.000   0.302   0.696   0.000   0.002
      18   6.000   0.263   0.734   0.000   0.003
      19   6.000   0.221   0.776   0.000   0.004
      20   6.000   0.176   0.820   0.000   0.004
      21   7.000   0.124   0.873   0.000   0.003
      22   5.000   0.034   0.964   0.000   0.002
      23   6.000   0.125   0.875   0.000   0.000
      24   6.000   0.208   0.792   0.000   0.000
      25   7.000   0.266   0.734   0.000   0.000
      26   7.000   0.294   0.706   0.000   0.000
      27   7.000   0.282   0.718   0.000   0.000
      28   4.000   0.230   0.769   0.000   0.000
      29   6.000   0.339   0.661   0.000   0.000
      30   5.000   0.413   0.586   0.000   0.001
      31   7.000   0.460   0.534   0.000   0.006
      32   7.000   0.433   0.561   0.000   0.006
      33   6.000   0.367   0.631   0.000   0.002
      34   6.000   0.319   0.681   0.000   0.000
      35   7.000   0.303   0.697   0.000   0.000
      36   6.000   0.264   0.736   0.000   0.000
  STRAIN   AVACS   PRITW   SECTW   MODE1   MODE2   MODE3   MODE4   TWFR3   EFFR3   TWFR4   EFFR4
   0.050   6.000   0.000   0.000   0.221   0.776   0.000   0.004   0.000   0.000   0.001   0.000
   0.051   6.000   0.000   0.000   0.221   0.776   0.000   0.004   0.000   0.000   0.001   0.000
   0.051   6.000   0.000   0.000   0.220   0.776   0.000   0.004   0.000   0.000   0.001   0.000
   0.052   6.000   0.000   0.000   0.220   0.776   0.000   0.004   0.000   0.000   0.001   0.000
   0.052   6.000   0.000   0.000   0.220   0.776   0.000   0.004   0.000   0.000   0.001   0.000
   0.053   6.000   0.000   0.000   0.220   0.776   0.000   0.004   0.000   0.000   0.001   0.000
   0.053   6.000   0.000   0.000   0.219   0.776   0.000   0.004   0.000   0.000   0.001   0.000
   0.054   6.000   0.000   0.000   0.219   0.777   0.000   0.004   0.000   0.000   0.001   0.000
   0.054   6.000   0.000   0.000   0.219   0.777   0.000   0.004   0.000   0.000   0.001   0.000
   0.055   6.000   0.000   0.000   0.219   0.777   0.000   0.004   0.000   0.000   0.001   0.000
   0.055   6.000   0.000   0.000   0.218   0.777   0.000   0.005   0.000   0.000   0.001   0.000
   0.056   6.000   0.000   0.000   0.218   0.777   0.000   0.005   0.000   0.000   0.001   0.000
   0.056   6.000   0.000   0.000   0.218   0.777   0.000   0.005   0.000   0.000   0.001   0.000
   0.057   6.000   0.000   0.000   0.218   0.778   0.000   0.005   0.000   0.000   0.001   0.000
   0.057   6.000   0.000   0.000   0.218   0.778   0.000   0.005   0.000   0.000   0.001   0.000
   0.058   6.000   0.000   0.000   0.217   0.778   0.000   0.005   0.000   0.000   0.001   0.000
   0.058   6.000   0.000   0.000   0.217   0.778   0.000   0.005   0.000   0.000   0.001   0.000
   0.059   6.000   0.000   0.000   0.217   0.778   0.000   0.005   0.000   0.000   0.001   0.000
   0.059   6.000   0.000   0.000   0.217   0.778   0.000   0.005   0.000   0.000   0.001   0.000
   0.060   6.000   0.000   0.000   0.216   0.779   0.000   0.005   0.000   0.000   0.001   0.000
   0.060   6.000   0.000   0.000   0.216   0.779   0.000   0.005   0.000   0.000   0.002   0.000
   0.061   6.000   0.000   0.000   0.216   0.779   0.000   0.005   0.000   0.000   0.002   0.000
   0.061   6.000   0.000   0.000   0.216   0.779   0.000   0.005   0.000   0.000   0.002   0.000
   0.062   6.000   0.000   0.000   0.215   0.779   0.000   0.005   0.000   0.000   0.002   0.000
   0.062   6.000   0.000   0.000   0.215   0.779   0.000   0.005   0.000   0.000   0.002   0.000
   0.063   6.000   0.000   0.000   0.215   0.780   0.000   0.005   0.000   0.000   0.002   0.000
   0.063   6.000   0.000   0.000   0.215   0.780   0.000   0.005   0.000   0.000   0.002   0.000
   0.064   6.000   0.000   0.000   0.215   0.780   0.000   0.005   0.000   0.000   0.002   0.000
   0.064   6.000   0.000   0.000   0.214   0.780   0.000   0.005   0.000   0.000   0.002   0.000
   0.065   6.000   0.000   0.000   0.214   0.780   0.000   0.006   0.000   0.000   0.002   0.000
   0.065   6.000   0.000   0.000   0.214   0.780   0.000   0.006   0.000   0.000   0.002   0.000
   0.066   6.000   0.000   0.000   0.214   0.781   0.000   0.006   0.000   0.000   0.002   0.000
   0.066   6.000   0.000   0.000   0.214   0.781   0.000   0.006   0.000   0.000   0.002   0.000
   0.067   6.000   0.000   0.000   0.213   0.781   0.000   0.006   0.000   0.000   0.002   0.000
   0.067   6.000   0.000   0.000   0.213   0.781   0.000   0.006   0.000   0.000   0.002   0.000
   0.068   6.000   0.000   0.000   0.213   0.781   0.000   0.006   0.000   0.000   0.002   0.000
   0.068   6.000   0.000   0.000   0.213   0.782   0.000   0.006   0.000   0.000   0.002   0.000
   0.069   6.000   0.000   0.000   0.213   0.782   0.000   0.006   0.000   0.000   0.002   0.000
   0.069   6.000   0.000   0.000   0.212   0.782   0.000   0.006   0.000   0.000   0.002   0.000
   0.070   6.000   0.000   0.000   0.212   0.782   0.000   0.006   0.000   0.000   0.002   0.000
   0.070   6.000   0.000   0.000   0.212   0.782   0.000   0.006   0.000   0.000   0.002   0.000
   0.071   6.000   0.000   0.000   0.212   0.782   0.000   0.006   0.000   0.000   0.002   0.000
   0.071   6.000   0.000   0.000   0.211   0.783   0.000   0.006   0.000   0.000   0.003   0.000
   0.072   6.000   0.000   0.000   0.211   0.783   0.000   0.006   0.000   0.000   0.003   0.000
   0.072   6.000   0.000   0.000   0.211   0.783   0.000   0.006   0.000   0.000   0.003   0.000
   0.073   6.000   0.000   0.000   0.211   0.783   0.000   0.006   0.000   0.000   0.003   0.000
   0.073   6.000   0.000   0.000   0.211   0.783   0.000   0.006   0.000   0.000   0.003   0.000
   0.074   6.000   0.000   0.000   0.210   0.784   0.000   0.006   0.000   0.000   0.003   0.000
   0.074   6.000   0.000   0.000   0.210   0.784   0.000   0.006   0.000   0.000   0.003   0.000
   0.075   6.000   0.000   0.000   0.210   0.784   0.000   0.006   0.000   0.000   0.003   0.000
   0.075   6.000   0.000   0.000   0.210   0.784   0.000   0.006   0.000   0.000   0.003   0.000
    STEP   AVACS   MODE1   MODE2   MODE3   MODE4
       1   6.000   0.212   0.787   0.000   0.000
       2   6.000   0.167   0.833   0.000   0.000
       3   7.000   0.113   0.886   0.000   0.000
       4   4.000   0.023   0.977   0.000   0.000
       5   6.000   0.118   0.882   0.000   0.000
       6   7.000   0.205   0.795   0.000   0.000
       7   7.000   0.266   0.734   0.000   0.000
       8   7.000   0.298   0.702   0.000   0.000
       9   7.000   0.294   0.706   0.000   0.000
      10   5.000   0.248   0.751   0.000   0.000
      11   6.000   0.350   0.649   0.000   0.002
      12   5.000   0.426   0.574   0.000   0.000
      13   7.000   0.470   0.530   0.000   0.000
      14   6.000   0.439   0.561   0.000   0.000
      15   6.000   0.360   0.639   0.001   0.000
      16   6.000   0.313   0.686   0.000   0.000
      17   7.000   0.294   0.703   0.000   0.003
      18   6.000   0.253   0.742   0.000   0.005
      19   6.000   0.210   0.784   0.000   0.006
      20   6.000   0.164   0.830   0.000   0.006
      21   7.000   0.111   0.884   0.000   0.005
      22   4.000   0.022   0.975   0.000   0.003
      23   6.000   0.118   0.882   0.000   0.000
      24   7.000   0.205   0.795   0.000   0.000
      25   7.000   0.266   0.733   0.000   0.000
      26   7.000   0.298   0.701   0.000   0.000
      27   7.000   0.294   0.705   0.000   0.001
      28   5.000   0.248   0.751   0.000   0.000
      29   6.000   0.350   0.650   0.000   0.000
      30   5.000   0.425   0.573   0.000   0.001
      31   7.000   0.467   0.523   0.000   0.010
      32   6.000   0.436   0.554   0.000   0.010
      33   6.000   0.359   0.637   0.000   0.003
      34   6.000   0.313   0.686   0.000   0.000
      35   7.000   0.295   0.705   0.000   0.000
      36   6.000   0.255   0.745   0.000   0.000
  STRAIN   AVACS   PRITW   SECTW   MODE1   MODE2   MODE3   MODE4   TWFR3   EFFR3   TWFR4   EFFR4
   0.075   6.000   0.000   0.000   0.210   0.784   0.000   0.006   0.000   0.000   0.003   0.000
   0.076   6.000   0.000   0.000   0.210   0.784   0.000   0.006   0.000   0.000   0.003   0.000
   0.076   6.000   0.000   0.000   0.209   0.785   0.000   0.006   0.000   0.000   0.003   0.000
   0.077   6.000   0.000   0.000   0.209   0.785   0.000   0.006   0.000   0.000   0.003   0.000
   0.077   6.000   0.000   0.000   0.209   0.785   0.000   0.006   0.000   0.000   0.003   0.000
   0.078   6.000   0.000   0.000   0.209   0.785   0.000   0.006   0.000   0.000   0.003   0.000
   0.078   6.000   0.000   0.000   0.209   0.785   0.000   0.006   0.000   0.000   0.003   0.000
   0.079   6.000   0.000   0.000   0.208   0.786   0.000   0.006   0.000   0.000   0.003   0.000
   0.079   6.000   0.000   0.000   0.208   0.786   0.000   0.006   0.000   0.000   0.003   0.000
   0.080   6.000   0.000   0.000   0.208   0.786   0.000   0.006   0.000   0.000   0.003   0.000
   0.080   6.000   0.000   0.000   0.208   0.786   0.000   0.006   0.000   0.000   0.003   0.000
   0.081   6.000   0.000   0.000   0.208   0.786   0.000   0.006   0.000   0.000   0.003   0.000
   0.081   6.000   0.000   0.000   0.208   0.787   0.000   0.006   0.000   0.000   0.004   0.000
   0.082   6.000   0.000   0.000   0.207   0.787   0.000   0.006   0.000   0.000   0.004   0.000
   0.082   6.000   0.000   0.000   0.207   0.787   0.000   0.006   0.000   0.000   0.004   0.000
   0.083   6.000   0.000   0.000   0.207   0.787   0.000   0.006   0.000   0.000   0.004   0.000
   0.083   6.000   0.000   0.000   0.207   0.787   0.000   0.006   0.000   0.000   0.004   0.000
   0.084   6.000   0.000   0.000   0.207   0.788   0.000   0.006   0.000   0.000   0.004   0.000
   0.084   6.000   0.000   0.000   0.206   0.788   0.000   0.006   0.000   0.000   0.004   0.000
   0.085   6.000   0.000   0.000   0.206   0.788   0.000   0.006   0.000   0.000   0.004   0.000
   0.085   6.000   0.000   0.000   0.206   0.788   0.000   0.006   0.000   0.000   0.004   0.000
   0.086   6.000   0.000   0.000   0.206   0.788   0.000   0.006   0.000   0.000   0.004   0.000
   0.086   6.000   0.000   0.000   0.206   0.789   0.000   0.006   0.000   0.000   0.004   0.000
   0.087   6.000   0.000   0.000   0.205   0.789   0.000   0.006   0.000   0.000   0.004   0.000
   0.087   6.000   0.000   0.000   0.205   0.789   0.000   0.006   0.000   0.000   0.004   0.000
   0.088   6.000   0.000   0.000   0.205   0.789   0.000   0.006   0.000   0.000   0.004   0.000
   0.088   6.000   0.000   0.000   0.205   0.789   0.000   0.006   0.000   0.000   0.004   0.000
   0.089   6.000   0.000   0.000   0.205   0.790   0.000   0.006   0.000   0.000   0.004   0.000
   0.089   6.000   0.000   0.000   0.204   0.790   0.000   0.006   0.000   0.000   0.004   0.000
   0.090   6.000   0.000   0.000   0.204   0.790   0.000   0.006   0.000   0.000   0.004   0.000
   0.090   6.000   0.000   0.000   0.204   0.790   0.000   0.006   0.000   0.000   0.004   0.000
   0.091   6.000   0.000   0.000   0.204   0.791   0.000   0.006   0.000   0.000   0.004   0.000
   0.091   6.000   0.000   0.000   0.204   0.791   0.000   0.006   0.000   0.000   0.004   0.000
   0.092   6.000   0.000   0.000   0.203   0.791   0.000   0.005   0.000   0.000   0.004   0.000
   0.092   6.000   0.000   0.000   0.203   0.791   0.000   0.005   0.000   0.000   0.005   0.000
   0.093   6.000   0.000   0.000   0.203   0.791   0.000   0.005   0.000   0.000   0.005   0.000
   0.093   6.000   0.000   0.000   0.203   0.792   0.000   0.005   0.000   0.000   0.005   0.000
   0.094   6.000   0.000   0.000   0.203   0.792   0.000   0.005   0.000   0.000   0.005   0.000
   0.094   6.000   0.000   0.000   0.203   0.792   0.000   0.005   0.000   0.000   0.005   0.000
   0.095   6.000   0.000   0.000   0.202   0.792   0.000   0.005   0.000   0.000   0.005   0.000
   0.095   6.000   0.000   0.000   0.202   0.793   0.000   0.005   0.000   0.000   0.005   0.000
   0.096   6.000   0.000   0.000   0.202   0.793   0.000   0.005   0.000   0.000   0.005   0.000
   0.096   6.000   0.000   0.000   0.202   0.793   0.000   0.005   0.000   0.000   0.005   0.000
   0.097   6.000   0.000   0.000   0.202   0.793   0.000   0.005   0.000   0.000   0.005   0.000
   0.097   6.000   0.000   0.000   0.201   0.793   0.000   0.005   0.000   0.000   0.005   0.000
   0.098   6.000   0.000   0.000   0.201   0.794   0.000   0.005   0.000   0.000   0.005   0.000
   0.098   6.000   0.000   0.000   0.201   0.794   0.000   0.005   0.000   0.000   0.005   0.000
   0.099   6.000   0.000   0.000   0.201   0.794   0.000   0.005   0.000   0.000   0.005   0.000
   0.099   6.000   0.000   0.000   0.201   0.794   0.000   0.005   0.000   0.000   0.005   0.000
   0.100   6.000   0.000   0.000   0.201   0.794   0.000   0.005   0.000   0.000   0.005   0.000
   0.100   6.000   0.000   0.000   0.200   0.795   0.000   0.005   0.000   0.000   0.005   0.000
    STEP   AVACS   MODE1   MODE2   MODE3   MODE4
       1   6.000   0.203   0.797   0.000   0.000
       2   6.000   0.156   0.844   0.000   0.000
       3   7.000   0.101   0.899   0.000   0.000
       4   4.000   0.013   0.987   0.000   0.000
       5   6.000   0.108   0.892   0.000   0.000
       6   8.000   0.200   0.800   0.000   0.000
       7   7.000   0.264   0.736   0.000   0.000
       8   7.000   0.300   0.700   0.000   0.000
       9   7.000   0.304   0.696   0.000   0.000
      10   5.000   0.267   0.732   0.000   0.000
      11   6.000   0.360   0.639   0.000   0.001
      12   5.000   0.439   0.561   0.000   0.000
      13   7.000   0.478   0.522   0.000   0.000
      14   6.000   0.443   0.557   0.000   0.000
      15   6.000   0.349   0.649   0.002   0.000
      16   6.000   0.308   0.692   0.000   0.000
      17   7.000   0.287   0.711   0.000   0.003
      18   6.000   0.244   0.751   0.000   0.004
      19   6.000   0.200   0.795   0.000   0.005
      20   6.000   0.154   0.841   0.000   0.005
      21   7.000   0.099   0.897   0.000   0.004
      22   4.000   0.012   0.985   0.000   0.003
      23   6.000   0.108   0.892   0.000   0.000
      24   8.000   0.200   0.800   0.000   0.000
      25   7.000   0.264   0.735   0.000   0.000
      26   7.000   0.300   0.699   0.000   0.000
      27   7.000   0.304   0.696   0.000   0.000
      28   5.000   0.267   0.732   0.000   0.000
      29   6.000   0.360   0.640   0.000   0.000
      30   5.000   0.438   0.560   0.000   0.001
      31   7.000   0.475   0.516   0.000   0.009
      32   6.000   0.440   0.552   0.000   0.009
      33   6.000   0.350   0.647   0.000   0.003
      34   6.000   0.308   0.692   0.000   0.000
      35   7.000   0.288   0.712   0.000   0.000
      36   6.000   0.246   0.754   0.000   0.000
  STRAIN   AVACS   PRITW   SECTW   MODE1   MODE2   MODE3   MODE4   TWFR3   EFFR3   TWFR4   EFFR4
   0.100   6.000   0.000   0.000   0.200   0.795   0.000   0.005   0.000   0.000   0.005   0.000
   0.101   6.000   0.000   0.000   0.200   0.795   0.000   0.005   0.000   0.000   0.005   0.000
   0.101   6.000   0.000   0.000   0.200   0.795   0.000   0.005   0.000   0.000   0.005   0.000
   0.102   6.000   0.000   0.000   0.200   0.795   0.000   0.005   0.000   0.000   0.005   0.000
   0.102   6.000   0.000   0.000   0.200   0.795   0.000   0.005   0.000   0.000   0.005   0.000
   0.103   6.000   0.000   0.000   0.200   0.796   0.000   0.005   0.000   0.000   0.005   0.000
   0.103   6.000   0.000   0.000   0.199   0.796   0.000   0.005   0.000   0.000   0.005   0.000
   0.104   6.000   0.000   0.000   0.199   0.796   0.000   0.005   0.000   0.000   0.005   0.000
   0.104   6.000   0.000   0.000   0.199   0.796   0.000   0.005   0.000   0.000   0.006   0.000
   0.105   6.000   0.000   0.000   0.199   0.797   0.000   0.005   0.000   0.000   0.006   0.000
   0.105   6.000   0.000   0.000   0.199   0.797   0.000   0.005   0.000   0.000   0.006   0.000
   0.106   6.000   0.000   0.000   0.198   0.797   0.000   0.005   0.000   0.000   0.006   0.000
   0.106   6.000   0.000   0.000   0.198   0.797   0.000   0.005   0.000   0.000   0.006   0.000
   0.107   6.000   0.000   0.000   0.198   0.797   0.000   0.004   0.000   0.000   0.006   0.000
   0.107   6.000   0.000   0.000   0.198   0.798   0.000   0.004   0.000   0.000   0.006   0.000
   0.108   6.000   0.000   0.000   0.198   0.798   0.000   0.004   0.000   0.000   0.006   0.000
   0.108   6.000   0.000   0.000   0.198   0.798   0.000   0.004   0.000   0.000   0.006   0.000
   0.109   6.000   0.000   0.000   0.197   0.798   0.000   0.004   0.000   0.000   0.006   0.000
   0.109   6.000   0.000   0.000   0.197   0.798   0.000   0.004   0.000   0.000   0.006   0.000
   0.110   6.000   0.000   0.000   0.197   0.799   0.000   0.004   0.000   0.000   0.006   0.000
   0.110   6.000   0.000   0.000   0.197   0.799   0.000   0.004   0.000   0.000   0.006   0.000
   0.111   6.000   0.000   0.000   0.197   0.799   0.000   0.004   0.000   0.000   0.006   0.000
   0.111   6.000   0.000   0.000   0.197   0.799   0.000   0.004   0.000   0.000   0.006   0.000
   0.112   6.000   0.000   0.000   0.196   0.800   0.000   0.004   0.000   0.000   0.006   0.000
   0.112   6.000   0.000   0.000   0.196   0.800   0.000   0.004   0.000   0.000   0.006   0.000
   0.113   6.000   0.000   0.000   0.196   0.800   0.000   0.004   0.000   0.000   0.006   0.000
   0.113   6.000   0.000   0.000   0.196   0.800   0.000   0.004   0.000   0.000   0.006   0.000
   0.114   6.000   0.000   0.000   0.196   0.800   0.000   0.004   0.000   0.000   0.006   0.000
   0.114   6.000   0.000   0.000   0.195   0.801   0.000   0.004   0.000   0.000   0.006   0.000
   0.115   6.000   0.000   0.000   0.195   0.801   0.000   0.004   0.000   0.000   0.006   0.000
   0.115   6.000   0.000   0.000   0.195   0.801   0.000   0.004   0.000   0.000   0.006   0.000
   0.116   6.000   0.000   0.000   0.195   0.801   0.000   0.004   0.000   0.000   0.006   0.000
   0.116   6.000   0.000   0.000   0.195   0.801   0.000   0.004   0.000   0.000   0.006   0.000
   0.117   6.000   0.000   0.000   0.194   0.802   0.000   0.004   0.000   0.000   0.006   0.000
   0.117   6.000   0.000   0.000   0.194   0.802   0.000   0.004   0.000   0.000   0.006   0.000
   0.118   6.000   0.000   0.000   0.194   0.802   0.000   0.004   0.000   0.000   0.006   0.000
   0.118   6.000   0.000   0.000   0.194   0.802   0.000   0.004   0.000   0.000   0.006   0.000
   0.119   6.000   0.000   0.000   0.194   0.803   0.000   0.004   0.000   0.000   0.006   0.000
   0.119   6.000   0.000   0.000   0.194   0.803   0.000   0.004   0.000   0.000   0.006   0.000
   0.120   6.000   0.000   0.000   0.193   0.803   0.000   0.004   0.000   0.000   0.007   0.000
   0.120   6.000   0.000   0.000   0.193   0.803   0.000   0.004   0.000   0.000   0.007   0.000
   0.121   6.000   0.000   0.000   0.193   0.803   0.000   0.004   0.000   0.000   0.007   0.000
   0.121   6.000   0.000   0.000   0.193   0.804   0.000   0.003   0.000   0.000   0.007   0.000
   0.122   6.000   0.000   0.000   0.193   0.804   0.000   0.003   0.000   0.000   0.007   0.000
   0.122   6.000   0.000   0.000   0.192   0.804   0.000   0.003   0.000   0.000   0.007   0.000
   0.123   6.000   0.000   0.000   0.192   0.804   0.000   0.003   0.000   0.000   0.007   0.000
   0.123   6.000   0.000   0.000   0.192   0.805   0.000   0.003   0.000   0.000   0.007   0.000
   0.124   6.000   0.000   0.000   0.192   0.805   0.000   0.003   0.000   0.000   0.007   0.000
   0.124   6.000   0.000   0.000   0.192   0.805   0.000   0.003   0.000   0.000   0.007   0.000
   0.125   6.000   0.000   0.000   0.192   0.805   0.000   0.003   0.000   0.000   0.007   0.000
   0.125   6.000   0.000   0.000   0.191   0.805   0.000   0.003   0.000   0.000   0.007   0.000
    STEP   AVACS   MODE1   MODE2   MODE3   MODE4
       1   6.000   0.193   0.807   0.000   0.000
       2   6.000   0.145   0.855   0.000   0.000
       3   7.000   0.088   0.912   0.000   0.000
       4   4.000   0.004   0.996   0.000   0.000
       5   6.000   0.096   0.904   0.000   0.000
       6   8.000   0.193   0.807   0.000   0.000
       7   8.000   0.260   0.740   0.000   0.000
       8   7.000   0.300   0.700   0.000   0.000
       9   7.000   0.312   0.688   0.000   0.000
      10   5.000   0.287   0.713   0.000   0.000
      11   6.000   0.370   0.629   0.000   0.001
      12   5.000   0.452   0.548   0.000   0.000
      13   7.000   0.486   0.514   0.000   0.000
      14   6.000   0.446   0.554   0.000   0.000
      15   6.000   0.338   0.658   0.005   0.000
      16   5.000   0.303   0.697   0.000   0.000
      17   7.000   0.280   0.719   0.000   0.002
      18   6.000   0.237   0.761   0.000   0.003
      19   6.000   0.191   0.805   0.000   0.003
      20   6.000   0.143   0.854   0.000   0.003
      21   7.000   0.087   0.910   0.000   0.003
      22   4.000   0.003   0.995   0.000   0.002
      23   6.000   0.096   0.903   0.000   0.000
      24   8.000   0.193   0.807   0.000   0.000
      25   8.000   0.260   0.740   0.000   0.000
      26   7.000   0.300   0.699   0.000   0.000
      27   7.000   0.312   0.688   0.000   0.000
      28   5.000   0.287   0.713   0.000   0.000
      29   6.000   0.370   0.630   0.000   0.000
      30   5.000   0.451   0.547   0.000   0.001
      31   7.000   0.484   0.510   0.000   0.006
      32   6.000   0.444   0.550   0.000   0.006
      33   6.000   0.341   0.658   0.000   0.002
      34   5.000   0.303   0.697   0.000   0.000
      35   7.000   0.280   0.720   0.000   0.000
      36   6.000   0.238   0.762   0.000   0.000
