          Evm          Svm            E11          E22          E33          E23          E13          E12         SDEV11       SDEV22       SDEV33       SDEV23       SDEV13       SDEV12      TEMP
  0.00000E+00  0.47330E+03    0.00000E+00  0.00000E+00  0.00000E+00  0.00000E+00  0.00000E+00  0.00000E+00   -0.21368E+03 -0.69466E+02  0.28314E+03 -0.37625E+01  0.14059E+02  0.95571E+02      298.00
  0.44867E-03  0.48429E+03   -0.25000E-03 -0.25000E-03  0.50000E-03  0.00000E+00  0.00000E+00  0.00000E+00   -0.21810E+03 -0.72570E+02  0.29067E+03 -0.30762E+01  0.13254E+02  0.96602E+02      298.00
  0.89882E-03  0.49475E+03   -0.50000E-03 -0.50000E-03  0.10000E-02  0.00000E+00  0.00000E+00  0.00000E+00   -0.22246E+03 -0.75288E+02  0.29775E+03 -0.25978E+01  0.12513E+02  0.97602E+02      298.00
  0.13502E-02  0.50513E+03   -0.75000E-03 -0.75000E-03  0.15000E-02  0.00000E+00  0.00000E+00  0.00000E+00   -0.22678E+03 -0.77854E+02  0.30463E+03 -0.21233E+01  0.11894E+02  0.98790E+02      298.00
  0.18025E-02  0.51497E+03   -0.10000E-02 -0.10000E-02  0.20000E-02  0.00000E+00  0.00000E+00  0.00000E+00   -0.23092E+03 -0.80187E+02  0.31111E+03 -0.17361E+01  0.11354E+02  0.99974E+02      298.00
  0.22556E-02  0.52440E+03   -0.12500E-02 -0.12500E-02  0.25000E-02  0.00000E+00  0.00000E+00  0.00000E+00   -0.23488E+03 -0.82371E+02  0.31725E+03 -0.13656E+01  0.10906E+02  0.10121E+03      298.00
  0.27093E-02  0.53412E+03   -0.15000E-02 -0.15000E-02  0.30000E-02  0.00000E+00  0.00000E+00  0.00000E+00   -0.23907E+03 -0.84400E+02  0.32347E+03 -0.10673E+01  0.10476E+02  0.10260E+03      298.00
  0.31635E-02  0.54365E+03   -0.17500E-02 -0.17500E-02  0.35000E-02  0.00000E+00  0.00000E+00  0.00000E+00   -0.24321E+03 -0.86302E+02  0.32951E+03 -0.80048E+00  0.10092E+02  0.10405E+03      298.00
  0.36181E-02  0.55300E+03   -0.20000E-02 -0.20000E-02  0.40000E-02  0.00000E+00  0.00000E+00  0.00000E+00   -0.24730E+03 -0.88095E+02  0.33539E+03 -0.55681E+00  0.97483E+01  0.10554E+03      298.00
  0.40730E-02  0.56219E+03   -0.22500E-02 -0.22500E-02  0.45000E-02  0.00000E+00  0.00000E+00  0.00000E+00   -0.25133E+03 -0.89791E+02  0.34112E+03 -0.33243E+00  0.94372E+01  0.10707E+03      298.00
  0.45281E-02  0.57120E+03   -0.25000E-02 -0.25000E-02  0.50000E-02  0.00000E+00  0.00000E+00  0.00000E+00   -0.25531E+03 -0.91401E+02  0.34671E+03 -0.12408E+00  0.91524E+01  0.10862E+03      298.00
  0.49833E-02  0.58005E+03   -0.27500E-02 -0.27500E-02  0.55000E-02  0.00000E+00  0.00000E+00  0.00000E+00   -0.25923E+03 -0.92935E+02  0.35217E+03  0.71065E-01  0.88883E+01  0.11020E+03      298.00
  0.54387E-02  0.58928E+03   -0.30000E-02 -0.30000E-02  0.60000E-02  0.00000E+00  0.00000E+00  0.00000E+00   -0.26326E+03 -0.94530E+02  0.35779E+03  0.38590E+00  0.86674E+01  0.11200E+03      298.00
  0.58940E-02  0.59781E+03   -0.32500E-02 -0.32500E-02  0.65000E-02  0.00000E+00  0.00000E+00  0.00000E+00   -0.26709E+03 -0.95914E+02  0.36300E+03  0.54095E+00  0.84206E+01  0.11358E+03      298.00
  0.63495E-02  0.60567E+03   -0.35000E-02 -0.35000E-02  0.70000E-02  0.00000E+00  0.00000E+00  0.00000E+00   -0.27064E+03 -0.97178E+02  0.36782E+03  0.62209E+00  0.81894E+01  0.11498E+03      298.00
  0.68049E-02  0.61444E+03   -0.37500E-02 -0.37500E-02  0.75000E-02  0.00000E+00  0.00000E+00  0.00000E+00   -0.27450E+03 -0.98604E+02  0.37310E+03  0.92275E+00  0.79930E+01  0.11679E+03      298.00
  0.72604E-02  0.62239E+03   -0.40000E-02 -0.40000E-02  0.80000E-02  0.00000E+00  0.00000E+00  0.00000E+00   -0.27812E+03 -0.99805E+02  0.37792E+03  0.10191E+01  0.77582E+01  0.11830E+03      298.00
  0.77158E-02  0.62996E+03   -0.42500E-02 -0.42500E-02  0.85000E-02  0.00000E+00  0.00000E+00  0.00000E+00   -0.28152E+03 -0.10099E+03  0.38251E+03  0.11529E+01  0.75564E+01  0.11976E+03      298.00
  0.81712E-02  0.63778E+03   -0.45000E-02 -0.45000E-02  0.90000E-02  0.00000E+00  0.00000E+00  0.00000E+00   -0.28506E+03 -0.10215E+03  0.38721E+03  0.12911E+01  0.73301E+01  0.12132E+03      298.00
  0.86265E-02  0.64547E+03   -0.47500E-02 -0.47500E-02  0.95000E-02  0.00000E+00  0.00000E+00  0.00000E+00   -0.28855E+03 -0.10328E+03  0.39183E+03  0.14303E+01  0.71022E+01  0.12286E+03      298.00
  0.90818E-02  0.65353E+03   -0.50000E-02 -0.50000E-02  0.10000E-01  0.00000E+00  0.00000E+00  0.00000E+00   -0.29210E+03 -0.10453E+03  0.39664E+03  0.17441E+01  0.69129E+01  0.12463E+03      298.00
  0.95370E-02  0.66047E+03   -0.52500E-02 -0.52500E-02  0.10500E-01  0.00000E+00  0.00000E+00  0.00000E+00   -0.29524E+03 -0.10558E+03  0.40082E+03  0.18646E+01  0.67072E+01  0.12600E+03      298.00
  0.99921E-02  0.66777E+03   -0.55000E-02 -0.55000E-02  0.11000E-01  0.00000E+00  0.00000E+00  0.00000E+00   -0.29856E+03 -0.10662E+03  0.40518E+03  0.20072E+01  0.64679E+01  0.12749E+03      298.00
  0.10447E-01  0.67495E+03   -0.57500E-02 -0.57500E-02  0.11500E-01  0.00000E+00  0.00000E+00  0.00000E+00   -0.30182E+03 -0.10764E+03  0.40947E+03  0.21525E+01  0.62225E+01  0.12897E+03      298.00
  0.10902E-01  0.68200E+03   -0.60000E-02 -0.60000E-02  0.12000E-01  0.00000E+00  0.00000E+00  0.00000E+00   -0.30504E+03 -0.10864E+03  0.41368E+03  0.23007E+01  0.59707E+01  0.13042E+03      298.00
  0.11357E-01  0.68894E+03   -0.62500E-02 -0.62500E-02  0.12500E-01  0.00000E+00  0.00000E+00  0.00000E+00   -0.30820E+03 -0.10962E+03  0.41782E+03  0.24523E+01  0.57121E+01  0.13186E+03      298.00
  0.11812E-01  0.69577E+03   -0.65000E-02 -0.65000E-02  0.13000E-01  0.00000E+00  0.00000E+00  0.00000E+00   -0.31131E+03 -0.11057E+03  0.42189E+03  0.26075E+01  0.54463E+01  0.13328E+03      298.00
  0.12267E-01  0.70224E+03   -0.67500E-02 -0.67500E-02  0.13500E-01  0.00000E+00  0.00000E+00  0.00000E+00   -0.31420E+03 -0.11156E+03  0.42575E+03  0.28187E+01  0.52178E+01  0.13465E+03      298.00
  0.12721E-01  0.70909E+03   -0.70000E-02 -0.70000E-02  0.14000E-01  0.00000E+00  0.00000E+00  0.00000E+00   -0.31731E+03 -0.11251E+03  0.42982E+03  0.30134E+01  0.49303E+01  0.13611E+03      298.00
  0.13176E-01  0.71558E+03   -0.72500E-02 -0.72500E-02  0.14500E-01  0.00000E+00  0.00000E+00  0.00000E+00   -0.32026E+03 -0.11341E+03  0.43368E+03  0.31811E+01  0.46422E+01  0.13746E+03      298.00
  0.13631E-01  0.72196E+03   -0.75000E-02 -0.75000E-02  0.15000E-01  0.00000E+00  0.00000E+00  0.00000E+00   -0.32317E+03 -0.11430E+03  0.43747E+03  0.33523E+01  0.43456E+01  0.13880E+03      298.00
  0.14085E-01  0.72903E+03   -0.77500E-02 -0.77500E-02  0.15500E-01  0.00000E+00  0.00000E+00  0.00000E+00   -0.32653E+03 -0.11512E+03  0.44164E+03  0.34515E+01  0.39325E+01  0.14026E+03      298.00
  0.14539E-01  0.73492E+03   -0.80000E-02 -0.80000E-02  0.16000E-01  0.00000E+00  0.00000E+00  0.00000E+00   -0.32913E+03 -0.11604E+03  0.44517E+03  0.36894E+01  0.36826E+01  0.14152E+03      298.00
  0.14994E-01  0.74098E+03   -0.82500E-02 -0.82500E-02  0.16500E-01  0.00000E+00  0.00000E+00  0.00000E+00   -0.33194E+03 -0.11683E+03  0.44877E+03  0.38125E+01  0.33306E+01  0.14275E+03      298.00
  0.15448E-01  0.74591E+03   -0.85000E-02 -0.85000E-02  0.17000E-01  0.00000E+00  0.00000E+00  0.00000E+00   -0.33417E+03 -0.11758E+03  0.45175E+03  0.39275E+01  0.30526E+01  0.14370E+03      298.00
  0.15902E-01  0.75178E+03   -0.87500E-02 -0.87500E-02  0.17500E-01  0.00000E+00  0.00000E+00  0.00000E+00   -0.33684E+03 -0.11840E+03  0.45524E+03  0.41209E+01  0.27157E+01  0.14493E+03      298.00
  0.16356E-01  0.75757E+03   -0.90000E-02 -0.90000E-02  0.18000E-01  0.00000E+00  0.00000E+00  0.00000E+00   -0.33947E+03 -0.11921E+03  0.45868E+03  0.43218E+01  0.23718E+01  0.14615E+03      298.00
  0.16810E-01  0.76325E+03   -0.92500E-02 -0.92500E-02  0.18500E-01  0.00000E+00  0.00000E+00  0.00000E+00   -0.34205E+03 -0.12001E+03  0.46206E+03  0.45280E+01  0.20206E+01  0.14734E+03      298.00
  0.17264E-01  0.76884E+03   -0.95000E-02 -0.95000E-02  0.19000E-01  0.00000E+00  0.00000E+00  0.00000E+00   -0.34458E+03 -0.12080E+03  0.46538E+03  0.47389E+01  0.16619E+01  0.14852E+03      298.00
  0.17718E-01  0.77434E+03   -0.97500E-02 -0.97500E-02  0.19500E-01  0.00000E+00  0.00000E+00  0.00000E+00   -0.34707E+03 -0.12158E+03  0.46865E+03  0.49540E+01  0.12955E+01  0.14968E+03      298.00
  0.18172E-01  0.77975E+03   -0.10000E-01 -0.10000E-01  0.20000E-01  0.00000E+00  0.00000E+00  0.00000E+00   -0.34952E+03 -0.12235E+03  0.47187E+03  0.51730E+01  0.92133E+00  0.15081E+03      298.00
  0.18626E-01  0.78507E+03   -0.10250E-01 -0.10250E-01  0.20500E-01  0.00000E+00  0.00000E+00  0.00000E+00   -0.35193E+03 -0.12310E+03  0.47503E+03  0.53955E+01  0.53946E+00  0.15193E+03      298.00
  0.19080E-01  0.79030E+03   -0.10500E-01 -0.10500E-01  0.21000E-01  0.00000E+00  0.00000E+00  0.00000E+00   -0.35429E+03 -0.12385E+03  0.47814E+03  0.56215E+01  0.14991E+00  0.15302E+03      298.00
  0.19534E-01  0.79669E+03   -0.10750E-01 -0.10750E-01  0.21500E-01  0.00000E+00  0.00000E+00  0.00000E+00   -0.35722E+03 -0.12467E+03  0.48189E+03  0.59415E+01 -0.33268E+00  0.15446E+03      298.00
  0.19987E-01  0.80170E+03   -0.11000E-01 -0.11000E-01  0.22000E-01  0.00000E+00  0.00000E+00  0.00000E+00   -0.35949E+03 -0.12537E+03  0.48487E+03  0.61539E+01 -0.74368E+00  0.15549E+03      298.00
  0.20441E-01  0.80667E+03   -0.11250E-01 -0.11250E-01  0.22500E-01  0.00000E+00  0.00000E+00  0.00000E+00   -0.36175E+03 -0.12608E+03  0.48783E+03  0.63789E+01 -0.11628E+01  0.15652E+03      298.00
  0.20895E-01  0.81156E+03   -0.11500E-01 -0.11500E-01  0.23000E-01  0.00000E+00  0.00000E+00  0.00000E+00   -0.36392E+03 -0.12681E+03  0.49073E+03  0.66538E+01 -0.15667E+01  0.15756E+03      298.00
  0.21348E-01  0.81523E+03   -0.11750E-01 -0.11750E-01  0.23500E-01  0.00000E+00  0.00000E+00  0.00000E+00   -0.36550E+03 -0.12748E+03  0.49298E+03  0.68544E+01 -0.18829E+01  0.15826E+03      298.00
  0.21802E-01  0.82113E+03   -0.12000E-01 -0.12000E-01  0.24000E-01  0.00000E+00  0.00000E+00  0.00000E+00   -0.36812E+03 -0.12831E+03  0.49643E+03  0.72831E+01 -0.23633E+01  0.15964E+03      298.00
  0.22255E-01  0.82463E+03   -0.12250E-01 -0.12250E-01  0.24500E-01  0.00000E+00  0.00000E+00  0.00000E+00   -0.36963E+03 -0.12895E+03  0.49858E+03  0.74765E+01 -0.26980E+01  0.16029E+03      298.00
  0.22709E-01  0.82917E+03   -0.12500E-01 -0.12500E-01  0.25000E-01  0.00000E+00  0.00000E+00  0.00000E+00   -0.37169E+03 -0.12959E+03  0.50128E+03  0.77004E+01 -0.31509E+01  0.16121E+03      298.00
          Evm          Svm            E11          E22          E33          E23          E13          E12         SDEV11       SDEV22       SDEV33       SDEV23       SDEV13       SDEV12      TEMP
  0.22709E-01  0.82974E+03   -0.12500E-01 -0.12500E-01  0.25000E-01  0.00000E+00  0.00000E+00  0.00000E+00   -0.37213E+03 -0.12946E+03  0.50160E+03  0.75525E+01 -0.32900E+01  0.16125E+03      298.00
  0.23162E-01  0.83369E+03   -0.12750E-01 -0.12750E-01  0.25500E-01  0.00000E+00  0.00000E+00  0.00000E+00   -0.37374E+03 -0.13024E+03  0.50397E+03  0.79406E+01 -0.36120E+01  0.16213E+03      298.00
  0.23615E-01  0.83810E+03   -0.13000E-01 -0.13000E-01  0.26000E-01  0.00000E+00  0.00000E+00  0.00000E+00   -0.37573E+03 -0.13087E+03  0.50660E+03  0.81778E+01 -0.40775E+01  0.16303E+03      298.00
  0.24069E-01  0.84245E+03   -0.13250E-01 -0.13250E-01  0.26500E-01  0.00000E+00  0.00000E+00  0.00000E+00   -0.37771E+03 -0.13149E+03  0.50920E+03  0.84114E+01 -0.45545E+01  0.16391E+03      298.00
  0.24522E-01  0.84674E+03   -0.13500E-01 -0.13500E-01  0.27000E-01  0.00000E+00  0.00000E+00  0.00000E+00   -0.37965E+03 -0.13210E+03  0.51175E+03  0.86497E+01 -0.50369E+01  0.16477E+03      298.00
  0.24975E-01  0.85095E+03   -0.13750E-01 -0.13750E-01  0.27500E-01  0.00000E+00  0.00000E+00  0.00000E+00   -0.38156E+03 -0.13271E+03  0.51427E+03  0.88929E+01 -0.55243E+01  0.16562E+03      298.00
  0.25429E-01  0.85510E+03   -0.14000E-01 -0.14000E-01  0.28000E-01  0.00000E+00  0.00000E+00  0.00000E+00   -0.38343E+03 -0.13331E+03  0.51674E+03  0.91411E+01 -0.60166E+01  0.16645E+03      298.00
  0.25882E-01  0.86023E+03   -0.14250E-01 -0.14250E-01  0.28500E-01  0.00000E+00  0.00000E+00  0.00000E+00   -0.38568E+03 -0.13406E+03  0.51973E+03  0.96033E+01 -0.65486E+01  0.16766E+03      298.00
  0.26335E-01  0.86323E+03   -0.14500E-01 -0.14500E-01  0.29000E-01  0.00000E+00  0.00000E+00  0.00000E+00   -0.38701E+03 -0.13458E+03  0.52159E+03  0.97681E+01 -0.69662E+01  0.16816E+03      298.00
  0.26788E-01  0.86714E+03   -0.14750E-01 -0.14750E-01  0.29500E-01  0.00000E+00  0.00000E+00  0.00000E+00   -0.38877E+03 -0.13515E+03  0.52392E+03  0.10020E+02 -0.74713E+01  0.16894E+03      298.00
  0.27241E-01  0.87102E+03   -0.15000E-01 -0.15000E-01  0.30000E-01  0.00000E+00  0.00000E+00  0.00000E+00   -0.39051E+03 -0.13572E+03  0.52623E+03  0.10277E+02 -0.79853E+01  0.16971E+03      298.00
  0.27694E-01  0.87483E+03   -0.15250E-01 -0.15250E-01  0.30500E-01  0.00000E+00  0.00000E+00  0.00000E+00   -0.39223E+03 -0.13628E+03  0.52851E+03  0.10537E+02 -0.85041E+01  0.17047E+03      298.00
  0.28147E-01  0.87859E+03   -0.15500E-01 -0.15500E-01  0.31000E-01  0.00000E+00  0.00000E+00  0.00000E+00   -0.39392E+03 -0.13683E+03  0.53075E+03  0.10801E+02 -0.90275E+01  0.17121E+03      298.00
  0.28600E-01  0.88228E+03   -0.15750E-01 -0.15750E-01  0.31500E-01  0.00000E+00  0.00000E+00  0.00000E+00   -0.39557E+03 -0.13738E+03  0.53295E+03  0.11068E+02 -0.95552E+01  0.17194E+03      298.00
  0.29054E-01  0.88686E+03   -0.16000E-01 -0.16000E-01  0.32000E-01  0.00000E+00  0.00000E+00  0.00000E+00   -0.39753E+03 -0.13810E+03  0.53562E+03  0.11570E+02 -0.10107E+02  0.17303E+03      298.00
  0.29507E-01  0.88953E+03   -0.16250E-01 -0.16250E-01  0.32500E-01  0.00000E+00  0.00000E+00  0.00000E+00   -0.39874E+03 -0.13854E+03  0.53728E+03  0.11711E+02 -0.10583E+02  0.17343E+03      298.00
  0.29960E-01  0.89301E+03   -0.16500E-01 -0.16500E-01  0.33000E-01  0.00000E+00  0.00000E+00  0.00000E+00   -0.40030E+03 -0.13906E+03  0.53935E+03  0.11980E+02 -0.11123E+02  0.17411E+03      298.00
  0.30412E-01  0.89646E+03   -0.16750E-01 -0.16750E-01  0.33500E-01  0.00000E+00  0.00000E+00  0.00000E+00   -0.40184E+03 -0.13958E+03  0.54142E+03  0.12255E+02 -0.11669E+02  0.17478E+03      298.00
  0.30865E-01  0.89986E+03   -0.17000E-01 -0.17000E-01  0.34000E-01  0.00000E+00  0.00000E+00  0.00000E+00   -0.40335E+03 -0.14009E+03  0.54345E+03  0.12533E+02 -0.12219E+02  0.17544E+03      298.00
  0.31318E-01  0.90320E+03   -0.17250E-01 -0.17250E-01  0.34500E-01  0.00000E+00  0.00000E+00  0.00000E+00   -0.40484E+03 -0.14060E+03  0.54544E+03  0.12814E+02 -0.12773E+02  0.17609E+03      298.00
  0.31771E-01  0.90634E+03   -0.17500E-01 -0.17500E-01  0.35000E-01  0.00000E+00  0.00000E+00  0.00000E+00   -0.40613E+03 -0.14120E+03  0.54732E+03  0.13210E+02 -0.13254E+02  0.17677E+03      298.00
  0.32224E-01  0.90976E+03   -0.17750E-01 -0.17750E-01  0.35500E-01  0.00000E+00  0.00000E+00  0.00000E+00   -0.40768E+03 -0.14168E+03  0.54936E+03  0.13491E+02 -0.13850E+02  0.17743E+03      298.00
  0.32677E-01  0.91292E+03   -0.18000E-01 -0.18000E-01  0.36000E-01  0.00000E+00  0.00000E+00  0.00000E+00   -0.40908E+03 -0.14217E+03  0.55125E+03  0.13778E+02 -0.14412E+02  0.17804E+03      298.00
  0.33130E-01  0.91605E+03   -0.18250E-01 -0.18250E-01  0.36500E-01  0.00000E+00  0.00000E+00  0.00000E+00   -0.41046E+03 -0.14265E+03  0.55312E+03  0.14067E+02 -0.14981E+02  0.17864E+03      298.00
  0.33583E-01  0.91913E+03   -0.18500E-01 -0.18500E-01  0.37000E-01  0.00000E+00  0.00000E+00  0.00000E+00   -0.41182E+03 -0.14313E+03  0.55496E+03  0.14358E+02 -0.15554E+02  0.17923E+03      298.00
  0.34036E-01  0.92216E+03   -0.18750E-01 -0.18750E-01  0.37500E-01  0.00000E+00  0.00000E+00  0.00000E+00   -0.41316E+03 -0.14360E+03  0.55676E+03  0.14650E+02 -0.16130E+02  0.17980E+03      298.00
  0.34489E-01  0.92514E+03   -0.19000E-01 -0.19000E-01  0.38000E-01  0.00000E+00  0.00000E+00  0.00000E+00   -0.41448E+03 -0.14407E+03  0.55854E+03  0.14945E+02 -0.16710E+02  0.18036E+03      298.00
  0.34941E-01  0.92807E+03   -0.19250E-01 -0.19250E-01  0.38500E-01  0.00000E+00  0.00000E+00  0.00000E+00   -0.41577E+03 -0.14453E+03  0.56029E+03  0.15241E+02 -0.17294E+02  0.18092E+03      298.00
  0.35394E-01  0.93095E+03   -0.19500E-01 -0.19500E-01  0.39000E-01  0.00000E+00  0.00000E+00  0.00000E+00   -0.41703E+03 -0.14498E+03  0.56202E+03  0.15540E+02 -0.17880E+02  0.18146E+03      298.00
  0.35847E-01  0.93365E+03   -0.19750E-01 -0.19750E-01  0.39500E-01  0.00000E+00  0.00000E+00  0.00000E+00   -0.41809E+03 -0.14555E+03  0.56364E+03  0.15981E+02 -0.18380E+02  0.18205E+03      298.00
  0.36300E-01  0.93661E+03   -0.20000E-01 -0.20000E-01  0.40000E-01  0.00000E+00  0.00000E+00  0.00000E+00   -0.41946E+03 -0.14593E+03  0.56539E+03  0.16219E+02 -0.19034E+02  0.18257E+03      298.00
  0.36752E-01  0.93933E+03   -0.20250E-01 -0.20250E-01  0.40500E-01  0.00000E+00  0.00000E+00  0.00000E+00   -0.42065E+03 -0.14637E+03  0.56702E+03  0.16519E+02 -0.19629E+02  0.18307E+03      298.00
  0.37205E-01  0.94203E+03   -0.20500E-01 -0.20500E-01  0.41000E-01  0.00000E+00  0.00000E+00  0.00000E+00   -0.42183E+03 -0.14680E+03  0.56863E+03  0.16825E+02 -0.20228E+02  0.18357E+03      298.00
  0.37658E-01  0.94468E+03   -0.20750E-01 -0.20750E-01  0.41500E-01  0.00000E+00  0.00000E+00  0.00000E+00   -0.42298E+03 -0.14723E+03  0.57022E+03  0.17132E+02 -0.20829E+02  0.18406E+03      298.00
  0.38111E-01  0.94730E+03   -0.21000E-01 -0.21000E-01  0.42000E-01  0.00000E+00  0.00000E+00  0.00000E+00   -0.42412E+03 -0.14766E+03  0.57178E+03  0.17440E+02 -0.21434E+02  0.18454E+03      298.00
  0.38563E-01  0.94954E+03   -0.21250E-01 -0.21250E-01  0.42500E-01  0.00000E+00  0.00000E+00  0.00000E+00   -0.42501E+03 -0.14813E+03  0.57314E+03  0.17807E+02 -0.21957E+02  0.18497E+03      298.00
  0.39016E-01  0.95240E+03   -0.21500E-01 -0.21500E-01  0.43000E-01  0.00000E+00  0.00000E+00  0.00000E+00   -0.42631E+03 -0.14851E+03  0.57483E+03  0.18093E+02 -0.22640E+02  0.18549E+03      298.00
  0.39469E-01  0.95489E+03   -0.21750E-01 -0.21750E-01  0.43500E-01  0.00000E+00  0.00000E+00  0.00000E+00   -0.42739E+03 -0.14892E+03  0.57631E+03  0.18404E+02 -0.23252E+02  0.18593E+03      298.00
  0.39921E-01  0.95702E+03   -0.22000E-01 -0.22000E-01  0.44000E-01  0.00000E+00  0.00000E+00  0.00000E+00   -0.42822E+03 -0.14939E+03  0.57760E+03  0.18782E+02 -0.23782E+02  0.18634E+03      298.00
  0.40374E-01  0.95975E+03   -0.22250E-01 -0.22250E-01  0.44500E-01  0.00000E+00  0.00000E+00  0.00000E+00   -0.42947E+03 -0.14974E+03  0.57921E+03  0.19056E+02 -0.24478E+02  0.18682E+03      298.00
  0.40827E-01  0.96181E+03   -0.22500E-01 -0.22500E-01  0.45000E-01  0.00000E+00  0.00000E+00  0.00000E+00   -0.43026E+03 -0.15020E+03  0.58046E+03  0.19438E+02 -0.25012E+02  0.18722E+03      298.00
  0.41279E-01  0.96416E+03   -0.22750E-01 -0.22750E-01  0.45500E-01  0.00000E+00  0.00000E+00  0.00000E+00   -0.43127E+03 -0.15059E+03  0.58186E+03  0.19765E+02 -0.25636E+02  0.18764E+03      298.00
  0.41732E-01  0.96646E+03   -0.23000E-01 -0.23000E-01  0.46000E-01  0.00000E+00  0.00000E+00  0.00000E+00   -0.43227E+03 -0.15096E+03  0.58323E+03  0.20064E+02 -0.26274E+02  0.18803E+03      298.00
  0.42184E-01  0.96889E+03   -0.23250E-01 -0.23250E-01  0.46500E-01  0.00000E+00  0.00000E+00  0.00000E+00   -0.43328E+03 -0.15138E+03  0.58466E+03  0.20437E+02 -0.26903E+02  0.18850E+03      298.00
  0.42637E-01  0.97173E+03   -0.23500E-01 -0.23500E-01  0.47000E-01  0.00000E+00  0.00000E+00  0.00000E+00   -0.43459E+03 -0.15173E+03  0.58632E+03  0.20746E+02 -0.27646E+02  0.18902E+03      298.00
  0.43089E-01  0.97390E+03   -0.23750E-01 -0.23750E-01  0.47500E-01  0.00000E+00  0.00000E+00  0.00000E+00   -0.43561E+03 -0.15201E+03  0.58762E+03  0.20949E+02 -0.28335E+02  0.18932E+03      298.00
  0.43542E-01  0.97668E+03   -0.24000E-01 -0.24000E-01  0.48000E-01  0.00000E+00  0.00000E+00  0.00000E+00   -0.43694E+03 -0.15229E+03  0.58923E+03  0.21195E+02 -0.29119E+02  0.18978E+03      298.00
  0.43994E-01  0.97877E+03   -0.24250E-01 -0.24250E-01  0.48500E-01  0.00000E+00  0.00000E+00  0.00000E+00   -0.43777E+03 -0.15270E+03  0.59048E+03  0.21578E+02 -0.29722E+02  0.19017E+03      298.00
  0.44447E-01  0.98082E+03   -0.24500E-01 -0.24500E-01  0.49000E-01  0.00000E+00  0.00000E+00  0.00000E+00   -0.43853E+03 -0.15316E+03  0.59170E+03  0.22026E+02 -0.30297E+02  0.19060E+03      298.00
  0.44899E-01  0.98225E+03   -0.24750E-01 -0.24750E-01  0.49500E-01  0.00000E+00  0.00000E+00  0.00000E+00   -0.43903E+03 -0.15356E+03  0.59259E+03  0.22379E+02 -0.30817E+02  0.19082E+03      298.00
  0.45352E-01  0.98483E+03   -0.25000E-01 -0.25000E-01  0.50000E-01  0.00000E+00  0.00000E+00  0.00000E+00   -0.44019E+03 -0.15390E+03  0.59409E+03  0.22716E+02 -0.31559E+02  0.19129E+03      298.00
          Evm          Svm            E11          E22          E33          E23          E13          E12         SDEV11       SDEV22       SDEV33       SDEV23       SDEV13       SDEV12      TEMP
  0.45352E-01  0.98402E+03   -0.25000E-01 -0.25000E-01  0.50000E-01  0.00000E+00  0.00000E+00  0.00000E+00   -0.43991E+03 -0.15375E+03  0.59366E+03  0.22496E+02 -0.31522E+02  0.19097E+03      298.00
  0.45804E-01  0.98683E+03   -0.25250E-01 -0.25250E-01  0.50500E-01  0.00000E+00  0.00000E+00  0.00000E+00   -0.44107E+03 -0.15420E+03  0.59527E+03  0.22993E+02 -0.32232E+02  0.19159E+03      298.00
  0.46257E-01  0.98817E+03   -0.25500E-01 -0.25500E-01  0.51000E-01  0.00000E+00  0.00000E+00  0.00000E+00   -0.44152E+03 -0.15458E+03  0.59611E+03  0.23342E+02 -0.32757E+02  0.19179E+03      298.00
  0.46709E-01  0.99063E+03   -0.25750E-01 -0.25750E-01  0.51500E-01  0.00000E+00  0.00000E+00  0.00000E+00   -0.44262E+03 -0.15491E+03  0.59753E+03  0.23684E+02 -0.33502E+02  0.19223E+03      298.00
  0.47162E-01  0.99250E+03   -0.26000E-01 -0.26000E-01  0.52000E-01  0.00000E+00  0.00000E+00  0.00000E+00   -0.44334E+03 -0.15530E+03  0.59864E+03  0.24081E+02 -0.34117E+02  0.19257E+03      298.00
  0.47614E-01  0.99380E+03   -0.26250E-01 -0.26250E-01  0.52500E-01  0.00000E+00  0.00000E+00  0.00000E+00   -0.44381E+03 -0.15564E+03  0.59945E+03  0.24395E+02 -0.34673E+02  0.19274E+03      298.00
  0.48066E-01  0.99614E+03   -0.26500E-01 -0.26500E-01  0.53000E-01  0.00000E+00  0.00000E+00  0.00000E+00   -0.44484E+03 -0.15596E+03  0.60081E+03  0.24746E+02 -0.35417E+02  0.19316E+03      298.00
  0.48519E-01  0.99741E+03   -0.26750E-01 -0.26750E-01  0.53500E-01  0.00000E+00  0.00000E+00  0.00000E+00   -0.44532E+03 -0.15628E+03  0.60159E+03  0.25039E+02 -0.35989E+02  0.19330E+03      298.00
  0.48971E-01  0.99967E+03   -0.27000E-01 -0.27000E-01  0.54000E-01  0.00000E+00  0.00000E+00  0.00000E+00   -0.44632E+03 -0.15659E+03  0.60290E+03  0.25384E+02 -0.36739E+02  0.19369E+03      298.00
  0.49423E-01  0.10014E+04   -0.27250E-01 -0.27250E-01  0.54500E-01  0.00000E+00  0.00000E+00  0.00000E+00   -0.44698E+03 -0.15695E+03  0.60392E+03  0.25773E+02 -0.37368E+02  0.19400E+03      298.00
  0.49876E-01  0.10026E+04   -0.27500E-01 -0.27500E-01  0.55000E-01  0.00000E+00  0.00000E+00  0.00000E+00   -0.44741E+03 -0.15726E+03  0.60467E+03  0.26075E+02 -0.37942E+02  0.19413E+03      298.00
  0.50328E-01  0.10048E+04   -0.27750E-01 -0.27750E-01  0.55500E-01  0.00000E+00  0.00000E+00  0.00000E+00   -0.44834E+03 -0.15757E+03  0.60591E+03  0.26439E+02 -0.38686E+02  0.19451E+03      298.00
  0.50780E-01  0.10064E+04   -0.28000E-01 -0.28000E-01  0.56000E-01  0.00000E+00  0.00000E+00  0.00000E+00   -0.44897E+03 -0.15792E+03  0.60689E+03  0.26827E+02 -0.39321E+02  0.19479E+03      298.00
  0.51233E-01  0.10076E+04   -0.28250E-01 -0.28250E-01  0.56500E-01  0.00000E+00  0.00000E+00  0.00000E+00   -0.44939E+03 -0.15821E+03  0.60760E+03  0.27116E+02 -0.39909E+02  0.19490E+03      298.00
  0.51685E-01  0.10096E+04   -0.28500E-01 -0.28500E-01  0.57000E-01  0.00000E+00  0.00000E+00  0.00000E+00   -0.45026E+03 -0.15851E+03  0.60878E+03  0.27489E+02 -0.40651E+02  0.19525E+03      298.00
  0.52137E-01  0.10112E+04   -0.28750E-01 -0.28750E-01  0.57500E-01  0.00000E+00  0.00000E+00  0.00000E+00   -0.45085E+03 -0.15885E+03  0.60970E+03  0.27875E+02 -0.41293E+02  0.19551E+03      298.00
  0.52589E-01  0.10123E+04   -0.29000E-01 -0.29000E-01  0.58000E-01  0.00000E+00  0.00000E+00  0.00000E+00   -0.45126E+03 -0.15912E+03  0.61038E+03  0.28154E+02 -0.41891E+02  0.19560E+03      298.00
  0.53042E-01  0.10142E+04   -0.29250E-01 -0.29250E-01  0.58500E-01  0.00000E+00  0.00000E+00  0.00000E+00   -0.45208E+03 -0.15942E+03  0.61150E+03  0.28535E+02 -0.42632E+02  0.19594E+03      298.00
  0.53494E-01  0.10157E+04   -0.29500E-01 -0.29500E-01  0.59000E-01  0.00000E+00  0.00000E+00  0.00000E+00   -0.45263E+03 -0.15974E+03  0.61238E+03  0.28919E+02 -0.43279E+02  0.19618E+03      298.00
  0.53946E-01  0.10160E+04   -0.29750E-01 -0.29750E-01  0.59500E-01  0.00000E+00  0.00000E+00  0.00000E+00   -0.45276E+03 -0.15987E+03  0.61262E+03  0.28973E+02 -0.43827E+02  0.19595E+03      298.00
  0.54398E-01  0.10187E+04   -0.30000E-01 -0.30000E-01  0.60000E-01  0.00000E+00  0.00000E+00  0.00000E+00   -0.45384E+03 -0.16028E+03  0.61412E+03  0.29569E+02 -0.44647E+02  0.19658E+03      298.00
  0.54850E-01  0.10189E+04   -0.30250E-01 -0.30250E-01  0.60500E-01  0.00000E+00  0.00000E+00  0.00000E+00   -0.45389E+03 -0.16044E+03  0.61433E+03  0.29661E+02 -0.45169E+02  0.19636E+03      298.00
  0.55302E-01  0.10215E+04   -0.30500E-01 -0.30500E-01  0.61000E-01  0.00000E+00  0.00000E+00  0.00000E+00   -0.45492E+03 -0.16085E+03  0.61577E+03  0.30268E+02 -0.45982E+02  0.19697E+03      298.00
  0.55755E-01  0.10217E+04   -0.30750E-01 -0.30750E-01  0.61500E-01  0.00000E+00  0.00000E+00  0.00000E+00   -0.45498E+03 -0.16100E+03  0.61597E+03  0.30355E+02 -0.46512E+02  0.19674E+03      298.00
  0.56207E-01  0.10242E+04   -0.31000E-01 -0.31000E-01  0.62000E-01  0.00000E+00  0.00000E+00  0.00000E+00   -0.45597E+03 -0.16140E+03  0.61737E+03  0.30966E+02 -0.47322E+02  0.19734E+03      298.00
  0.56659E-01  0.10244E+04   -0.31250E-01 -0.31250E-01  0.62500E-01  0.00000E+00  0.00000E+00  0.00000E+00   -0.45602E+03 -0.16154E+03  0.61756E+03  0.31049E+02 -0.47859E+02  0.19711E+03      298.00
  0.57111E-01  0.10269E+04   -0.31500E-01 -0.31500E-01  0.63000E-01  0.00000E+00  0.00000E+00  0.00000E+00   -0.45697E+03 -0.16194E+03  0.61891E+03  0.31662E+02 -0.48667E+02  0.19768E+03      298.00
  0.57563E-01  0.10271E+04   -0.31750E-01 -0.31750E-01  0.63500E-01  0.00000E+00  0.00000E+00  0.00000E+00   -0.45702E+03 -0.16208E+03  0.61910E+03  0.31744E+02 -0.49211E+02  0.19745E+03      298.00
  0.58015E-01  0.10294E+04   -0.32000E-01 -0.32000E-01  0.64000E-01  0.00000E+00  0.00000E+00  0.00000E+00   -0.45793E+03 -0.16247E+03  0.62040E+03  0.32358E+02 -0.50018E+02  0.19801E+03      298.00
  0.58467E-01  0.10296E+04   -0.32250E-01 -0.32250E-01  0.64500E-01  0.00000E+00  0.00000E+00  0.00000E+00   -0.45798E+03 -0.16260E+03  0.62058E+03  0.32439E+02 -0.50566E+02  0.19777E+03      298.00
  0.58919E-01  0.10319E+04   -0.32500E-01 -0.32500E-01  0.65000E-01  0.00000E+00  0.00000E+00  0.00000E+00   -0.45885E+03 -0.16299E+03  0.62184E+03  0.33052E+02 -0.51372E+02  0.19831E+03      298.00
  0.59371E-01  0.10321E+04   -0.32750E-01 -0.32750E-01  0.65500E-01  0.00000E+00  0.00000E+00  0.00000E+00   -0.45890E+03 -0.16311E+03  0.62201E+03  0.33135E+02 -0.51925E+02  0.19807E+03      298.00
  0.59823E-01  0.10343E+04   -0.33000E-01 -0.33000E-01  0.66000E-01  0.00000E+00  0.00000E+00  0.00000E+00   -0.45974E+03 -0.16349E+03  0.62323E+03  0.33747E+02 -0.52730E+02  0.19859E+03      298.00
  0.60275E-01  0.10354E+04   -0.33250E-01 -0.33250E-01  0.66500E-01  0.00000E+00  0.00000E+00  0.00000E+00   -0.46008E+03 -0.16380E+03  0.62388E+03  0.34166E+02 -0.53363E+02  0.19875E+03      298.00
  0.60727E-01  0.10365E+04   -0.33500E-01 -0.33500E-01  0.67000E-01  0.00000E+00  0.00000E+00  0.00000E+00   -0.46049E+03 -0.16402E+03  0.62452E+03  0.34474E+02 -0.54050E+02  0.19884E+03      298.00
  0.61179E-01  0.10377E+04   -0.33750E-01 -0.33750E-01  0.67500E-01  0.00000E+00  0.00000E+00  0.00000E+00   -0.46095E+03 -0.16423E+03  0.62518E+03  0.34774E+02 -0.54759E+02  0.19894E+03      298.00
  0.61631E-01  0.10388E+04   -0.34000E-01 -0.34000E-01  0.68000E-01  0.00000E+00  0.00000E+00  0.00000E+00   -0.46140E+03 -0.16443E+03  0.62582E+03  0.35067E+02 -0.55468E+02  0.19903E+03      298.00
  0.62082E-01  0.10399E+04   -0.34250E-01 -0.34250E-01  0.68500E-01  0.00000E+00  0.00000E+00  0.00000E+00   -0.46183E+03 -0.16462E+03  0.62646E+03  0.35363E+02 -0.56178E+02  0.19912E+03      298.00
  0.62534E-01  0.10410E+04   -0.34500E-01 -0.34500E-01  0.69000E-01  0.00000E+00  0.00000E+00  0.00000E+00   -0.46226E+03 -0.16482E+03  0.62708E+03  0.35663E+02 -0.56887E+02  0.19920E+03      298.00
  0.62986E-01  0.10421E+04   -0.34750E-01 -0.34750E-01  0.69500E-01  0.00000E+00  0.00000E+00  0.00000E+00   -0.46267E+03 -0.16503E+03  0.62769E+03  0.35971E+02 -0.57593E+02  0.19928E+03      298.00
  0.63438E-01  0.10431E+04   -0.35000E-01 -0.35000E-01  0.70000E-01  0.00000E+00  0.00000E+00  0.00000E+00   -0.46306E+03 -0.16523E+03  0.62829E+03  0.36286E+02 -0.58296E+02  0.19937E+03      298.00
  0.63890E-01  0.10442E+04   -0.35250E-01 -0.35250E-01  0.70500E-01  0.00000E+00  0.00000E+00  0.00000E+00   -0.46344E+03 -0.16544E+03  0.62889E+03  0.36612E+02 -0.58995E+02  0.19945E+03      298.00
  0.64341E-01  0.10452E+04   -0.35500E-01 -0.35500E-01  0.71000E-01  0.00000E+00  0.00000E+00  0.00000E+00   -0.46381E+03 -0.16566E+03  0.62947E+03  0.36946E+02 -0.59689E+02  0.19954E+03      298.00
  0.64793E-01  0.10462E+04   -0.35750E-01 -0.35750E-01  0.71500E-01  0.00000E+00  0.00000E+00  0.00000E+00   -0.46416E+03 -0.16588E+03  0.63003E+03  0.37289E+02 -0.60380E+02  0.19963E+03      298.00
  0.65245E-01  0.10472E+04   -0.36000E-01 -0.36000E-01  0.72000E-01  0.00000E+00  0.00000E+00  0.00000E+00   -0.46449E+03 -0.16610E+03  0.63059E+03  0.37640E+02 -0.61068E+02  0.19972E+03      298.00
  0.65696E-01  0.10482E+04   -0.36250E-01 -0.36250E-01  0.72500E-01  0.00000E+00  0.00000E+00  0.00000E+00   -0.46481E+03 -0.16633E+03  0.63114E+03  0.37999E+02 -0.61753E+02  0.19981E+03      298.00
  0.66148E-01  0.10491E+04   -0.36500E-01 -0.36500E-01  0.73000E-01  0.00000E+00  0.00000E+00  0.00000E+00   -0.46512E+03 -0.16656E+03  0.63168E+03  0.38363E+02 -0.62435E+02  0.19989E+03      298.00
  0.66599E-01  0.10501E+04   -0.36750E-01 -0.36750E-01  0.73500E-01  0.00000E+00  0.00000E+00  0.00000E+00   -0.46542E+03 -0.16679E+03  0.63221E+03  0.38731E+02 -0.63115E+02  0.19998E+03      298.00
  0.67051E-01  0.10510E+04   -0.37000E-01 -0.37000E-01  0.74000E-01  0.00000E+00  0.00000E+00  0.00000E+00   -0.46571E+03 -0.16702E+03  0.63273E+03  0.39103E+02 -0.63794E+02  0.20007E+03      298.00
  0.67502E-01  0.10519E+04   -0.37250E-01 -0.37250E-01  0.74500E-01  0.00000E+00  0.00000E+00  0.00000E+00   -0.46599E+03 -0.16725E+03  0.63324E+03  0.39476E+02 -0.64473E+02  0.20015E+03      298.00
  0.67954E-01  0.10528E+04   -0.37500E-01 -0.37500E-01  0.75000E-01  0.00000E+00  0.00000E+00  0.00000E+00   -0.46626E+03 -0.16748E+03  0.63374E+03  0.39849E+02 -0.65152E+02  0.20022E+03      298.00
          Evm          Svm            E11          E22          E33          E23          E13          E12         SDEV11       SDEV22       SDEV33       SDEV23       SDEV13       SDEV12      TEMP
  0.67954E-01  0.10524E+04   -0.37500E-01 -0.37500E-01  0.75000E-01  0.00000E+00  0.00000E+00  0.00000E+00   -0.46613E+03 -0.16743E+03  0.63356E+03  0.39740E+02 -0.65100E+02  0.20008E+03      298.00
  0.68405E-01  0.10537E+04   -0.37750E-01 -0.37750E-01  0.75500E-01  0.00000E+00  0.00000E+00  0.00000E+00   -0.46658E+03 -0.16769E+03  0.63426E+03  0.40200E+02 -0.65857E+02  0.20030E+03      298.00
  0.68857E-01  0.10545E+04   -0.38000E-01 -0.38000E-01  0.76000E-01  0.00000E+00  0.00000E+00  0.00000E+00   -0.46679E+03 -0.16792E+03  0.63471E+03  0.40578E+02 -0.66515E+02  0.20036E+03      298.00
  0.69308E-01  0.10554E+04   -0.38250E-01 -0.38250E-01  0.76500E-01  0.00000E+00  0.00000E+00  0.00000E+00   -0.46705E+03 -0.16814E+03  0.63519E+03  0.40951E+02 -0.67198E+02  0.20043E+03      298.00
  0.69760E-01  0.10563E+04   -0.38500E-01 -0.38500E-01  0.77000E-01  0.00000E+00  0.00000E+00  0.00000E+00   -0.46730E+03 -0.16836E+03  0.63565E+03  0.41318E+02 -0.67880E+02  0.20048E+03      298.00
  0.70211E-01  0.10571E+04   -0.38750E-01 -0.38750E-01  0.77500E-01  0.00000E+00  0.00000E+00  0.00000E+00   -0.46754E+03 -0.16857E+03  0.63611E+03  0.41683E+02 -0.68565E+02  0.20054E+03      298.00
  0.70662E-01  0.10579E+04   -0.39000E-01 -0.39000E-01  0.78000E-01  0.00000E+00  0.00000E+00  0.00000E+00   -0.46778E+03 -0.16878E+03  0.63656E+03  0.42046E+02 -0.69250E+02  0.20059E+03      298.00
  0.71114E-01  0.10587E+04   -0.39250E-01 -0.39250E-01  0.78500E-01  0.00000E+00  0.00000E+00  0.00000E+00   -0.46801E+03 -0.16899E+03  0.63700E+03  0.42406E+02 -0.69937E+02  0.20064E+03      298.00
  0.71565E-01  0.10595E+04   -0.39500E-01 -0.39500E-01  0.79000E-01  0.00000E+00  0.00000E+00  0.00000E+00   -0.46824E+03 -0.16919E+03  0.63743E+03  0.42765E+02 -0.70625E+02  0.20068E+03      298.00
  0.72016E-01  0.10603E+04   -0.39750E-01 -0.39750E-01  0.79500E-01  0.00000E+00  0.00000E+00  0.00000E+00   -0.46846E+03 -0.16939E+03  0.63785E+03  0.43123E+02 -0.71313E+02  0.20071E+03      298.00
  0.72467E-01  0.10611E+04   -0.40000E-01 -0.40000E-01  0.80000E-01  0.00000E+00  0.00000E+00  0.00000E+00   -0.46868E+03 -0.16958E+03  0.63827E+03  0.43479E+02 -0.72003E+02  0.20075E+03      298.00
  0.72919E-01  0.10618E+04   -0.40250E-01 -0.40250E-01  0.80500E-01  0.00000E+00  0.00000E+00  0.00000E+00   -0.46889E+03 -0.16978E+03  0.63867E+03  0.43834E+02 -0.72693E+02  0.20078E+03      298.00
  0.73370E-01  0.10626E+04   -0.40500E-01 -0.40500E-01  0.81000E-01  0.00000E+00  0.00000E+00  0.00000E+00   -0.46910E+03 -0.16997E+03  0.63907E+03  0.44189E+02 -0.73383E+02  0.20080E+03      298.00
  0.73821E-01  0.10633E+04   -0.40750E-01 -0.40750E-01  0.81500E-01  0.00000E+00  0.00000E+00  0.00000E+00   -0.46930E+03 -0.17016E+03  0.63946E+03  0.44543E+02 -0.74074E+02  0.20083E+03      298.00
  0.74272E-01  0.10640E+04   -0.41000E-01 -0.41000E-01  0.82000E-01  0.00000E+00  0.00000E+00  0.00000E+00   -0.46950E+03 -0.17035E+03  0.63985E+03  0.44897E+02 -0.74766E+02  0.20085E+03      298.00
  0.74723E-01  0.10647E+04   -0.41250E-01 -0.41250E-01  0.82500E-01  0.00000E+00  0.00000E+00  0.00000E+00   -0.46969E+03 -0.17054E+03  0.64022E+03  0.45250E+02 -0.75457E+02  0.20086E+03      298.00
  0.75174E-01  0.10654E+04   -0.41500E-01 -0.41500E-01  0.83000E-01  0.00000E+00  0.00000E+00  0.00000E+00   -0.46988E+03 -0.17072E+03  0.64059E+03  0.45603E+02 -0.76149E+02  0.20088E+03      298.00
  0.75625E-01  0.10661E+04   -0.41750E-01 -0.41750E-01  0.83500E-01  0.00000E+00  0.00000E+00  0.00000E+00   -0.47005E+03 -0.17090E+03  0.64096E+03  0.45955E+02 -0.76842E+02  0.20089E+03      298.00
  0.76076E-01  0.10668E+04   -0.42000E-01 -0.42000E-01  0.84000E-01  0.00000E+00  0.00000E+00  0.00000E+00   -0.47023E+03 -0.17108E+03  0.64131E+03  0.46307E+02 -0.77534E+02  0.20090E+03      298.00
  0.76526E-01  0.10675E+04   -0.42250E-01 -0.42250E-01  0.84500E-01  0.00000E+00  0.00000E+00  0.00000E+00   -0.47040E+03 -0.17126E+03  0.64166E+03  0.46659E+02 -0.78227E+02  0.20090E+03      298.00
  0.76977E-01  0.10681E+04   -0.42500E-01 -0.42500E-01  0.85000E-01  0.00000E+00  0.00000E+00  0.00000E+00   -0.47056E+03 -0.17144E+03  0.64200E+03  0.47010E+02 -0.78919E+02  0.20090E+03      298.00
  0.77428E-01  0.10688E+04   -0.42750E-01 -0.42750E-01  0.85500E-01  0.00000E+00  0.00000E+00  0.00000E+00   -0.47072E+03 -0.17161E+03  0.64234E+03  0.47361E+02 -0.79612E+02  0.20090E+03      298.00
  0.77879E-01  0.10694E+04   -0.43000E-01 -0.43000E-01  0.86000E-01  0.00000E+00  0.00000E+00  0.00000E+00   -0.47087E+03 -0.17179E+03  0.64266E+03  0.47712E+02 -0.80306E+02  0.20090E+03      298.00
  0.78330E-01  0.10700E+04   -0.43250E-01 -0.43250E-01  0.86500E-01  0.00000E+00  0.00000E+00  0.00000E+00   -0.47102E+03 -0.17196E+03  0.64298E+03  0.48062E+02 -0.80999E+02  0.20089E+03      298.00
  0.78780E-01  0.10707E+04   -0.43500E-01 -0.43500E-01  0.87000E-01  0.00000E+00  0.00000E+00  0.00000E+00   -0.47117E+03 -0.17213E+03  0.64330E+03  0.48412E+02 -0.81692E+02  0.20088E+03      298.00
  0.79231E-01  0.10713E+04   -0.43750E-01 -0.43750E-01  0.87500E-01  0.00000E+00  0.00000E+00  0.00000E+00   -0.47131E+03 -0.17230E+03  0.64361E+03  0.48761E+02 -0.82386E+02  0.20087E+03      298.00
  0.79681E-01  0.10719E+04   -0.44000E-01 -0.44000E-01  0.88000E-01  0.00000E+00  0.00000E+00  0.00000E+00   -0.47144E+03 -0.17247E+03  0.64391E+03  0.49110E+02 -0.83080E+02  0.20085E+03      298.00
  0.80132E-01  0.10725E+04   -0.44250E-01 -0.44250E-01  0.88500E-01  0.00000E+00  0.00000E+00  0.00000E+00   -0.47157E+03 -0.17263E+03  0.64420E+03  0.49458E+02 -0.83774E+02  0.20084E+03      298.00
  0.80583E-01  0.10730E+04   -0.44500E-01 -0.44500E-01  0.89000E-01  0.00000E+00  0.00000E+00  0.00000E+00   -0.47170E+03 -0.17279E+03  0.64449E+03  0.49805E+02 -0.84468E+02  0.20082E+03      298.00
  0.81033E-01  0.10736E+04   -0.44750E-01 -0.44750E-01  0.89500E-01  0.00000E+00  0.00000E+00  0.00000E+00   -0.47182E+03 -0.17296E+03  0.64477E+03  0.50153E+02 -0.85162E+02  0.20079E+03      298.00
  0.81483E-01  0.10748E+04   -0.45000E-01 -0.45000E-01  0.90000E-01  0.00000E+00  0.00000E+00  0.00000E+00   -0.47217E+03 -0.17314E+03  0.64531E+03  0.50674E+02 -0.86076E+02  0.20094E+03      298.00
  0.81934E-01  0.10747E+04   -0.45250E-01 -0.45250E-01  0.90500E-01  0.00000E+00  0.00000E+00  0.00000E+00   -0.47205E+03 -0.17328E+03  0.64533E+03  0.50852E+02 -0.86550E+02  0.20075E+03      298.00
  0.82384E-01  0.10758E+04   -0.45500E-01 -0.45500E-01  0.91000E-01  0.00000E+00  0.00000E+00  0.00000E+00   -0.47239E+03 -0.17344E+03  0.64583E+03  0.51351E+02 -0.87467E+02  0.20087E+03      298.00
  0.82834E-01  0.10764E+04   -0.45750E-01 -0.45750E-01  0.91500E-01  0.00000E+00  0.00000E+00  0.00000E+00   -0.47251E+03 -0.17360E+03  0.64611E+03  0.51705E+02 -0.88169E+02  0.20085E+03      298.00
  0.83284E-01  0.10769E+04   -0.46000E-01 -0.46000E-01  0.92000E-01  0.00000E+00  0.00000E+00  0.00000E+00   -0.47261E+03 -0.17375E+03  0.64636E+03  0.52041E+02 -0.88864E+02  0.20080E+03      298.00
  0.83735E-01  0.10774E+04   -0.46250E-01 -0.46250E-01  0.92500E-01  0.00000E+00  0.00000E+00  0.00000E+00   -0.47270E+03 -0.17390E+03  0.64660E+03  0.52379E+02 -0.89558E+02  0.20076E+03      298.00
  0.84185E-01  0.10779E+04   -0.46500E-01 -0.46500E-01  0.93000E-01  0.00000E+00  0.00000E+00  0.00000E+00   -0.47278E+03 -0.17405E+03  0.64683E+03  0.52724E+02 -0.90249E+02  0.20072E+03      298.00
  0.84635E-01  0.10784E+04   -0.46750E-01 -0.46750E-01  0.93500E-01  0.00000E+00  0.00000E+00  0.00000E+00   -0.47286E+03 -0.17421E+03  0.64706E+03  0.53078E+02 -0.90935E+02  0.20068E+03      298.00
  0.85085E-01  0.10789E+04   -0.47000E-01 -0.47000E-01  0.94000E-01  0.00000E+00  0.00000E+00  0.00000E+00   -0.47292E+03 -0.17437E+03  0.64729E+03  0.53439E+02 -0.91618E+02  0.20064E+03      298.00
  0.85535E-01  0.10794E+04   -0.47250E-01 -0.47250E-01  0.94500E-01  0.00000E+00  0.00000E+00  0.00000E+00   -0.47297E+03 -0.17454E+03  0.64751E+03  0.53808E+02 -0.92297E+02  0.20060E+03      298.00
  0.85985E-01  0.10799E+04   -0.47500E-01 -0.47500E-01  0.95000E-01  0.00000E+00  0.00000E+00  0.00000E+00   -0.47302E+03 -0.17471E+03  0.64772E+03  0.54182E+02 -0.92973E+02  0.20057E+03      298.00
  0.86434E-01  0.10804E+04   -0.47750E-01 -0.47750E-01  0.95500E-01  0.00000E+00  0.00000E+00  0.00000E+00   -0.47306E+03 -0.17488E+03  0.64793E+03  0.54560E+02 -0.93648E+02  0.20054E+03      298.00
  0.86884E-01  0.10808E+04   -0.48000E-01 -0.48000E-01  0.96000E-01  0.00000E+00  0.00000E+00  0.00000E+00   -0.47309E+03 -0.17505E+03  0.64814E+03  0.54941E+02 -0.94321E+02  0.20050E+03      298.00
  0.87334E-01  0.10813E+04   -0.48250E-01 -0.48250E-01  0.96500E-01  0.00000E+00  0.00000E+00  0.00000E+00   -0.47312E+03 -0.17522E+03  0.64834E+03  0.55322E+02 -0.94994E+02  0.20047E+03      298.00
  0.87784E-01  0.10817E+04   -0.48500E-01 -0.48500E-01  0.97000E-01  0.00000E+00  0.00000E+00  0.00000E+00   -0.47315E+03 -0.17539E+03  0.64854E+03  0.55702E+02 -0.95667E+02  0.20043E+03      298.00
  0.88233E-01  0.10817E+04   -0.48750E-01 -0.48750E-01  0.97500E-01  0.00000E+00  0.00000E+00  0.00000E+00   -0.47300E+03 -0.17552E+03  0.64853E+03  0.55885E+02 -0.96150E+02  0.20023E+03      298.00
  0.88683E-01  0.10826E+04   -0.49000E-01 -0.49000E-01  0.98000E-01  0.00000E+00  0.00000E+00  0.00000E+00   -0.47321E+03 -0.17569E+03  0.64890E+03  0.56411E+02 -0.97029E+02  0.20031E+03      298.00
  0.89133E-01  0.10826E+04   -0.49250E-01 -0.49250E-01  0.98500E-01  0.00000E+00  0.00000E+00  0.00000E+00   -0.47307E+03 -0.17583E+03  0.64890E+03  0.56611E+02 -0.97515E+02  0.20013E+03      298.00
  0.89582E-01  0.10830E+04   -0.49500E-01 -0.49500E-01  0.99000E-01  0.00000E+00  0.00000E+00  0.00000E+00   -0.47311E+03 -0.17597E+03  0.64908E+03  0.56950E+02 -0.98206E+02  0.20007E+03      298.00
  0.90032E-01  0.10834E+04   -0.49750E-01 -0.49750E-01  0.99500E-01  0.00000E+00  0.00000E+00  0.00000E+00   -0.47314E+03 -0.17611E+03  0.64925E+03  0.57307E+02 -0.98891E+02  0.20001E+03      298.00
  0.90481E-01  0.10838E+04   -0.50000E-01 -0.50000E-01  0.10000E+00  0.00000E+00  0.00000E+00  0.00000E+00   -0.47316E+03 -0.17626E+03  0.64943E+03  0.57667E+02 -0.99574E+02  0.19995E+03      298.00
          Evm          Svm            E11          E22          E33          E23          E13          E12         SDEV11       SDEV22       SDEV33       SDEV23       SDEV13       SDEV12      TEMP
  0.90481E-01  0.10836E+04   -0.50000E-01 -0.50000E-01  0.10000E+00  0.00000E+00  0.00000E+00  0.00000E+00   -0.47324E+03 -0.17610E+03  0.64933E+03  0.57382E+02 -0.99622E+02  0.19976E+03      298.00
  0.90931E-01  0.10848E+04   -0.50250E-01 -0.50250E-01  0.10050E+00  0.00000E+00  0.00000E+00  0.00000E+00   -0.47344E+03 -0.17637E+03  0.64981E+03  0.58150E+02 -0.10052E+03  0.20001E+03      298.00
  0.91380E-01  0.10847E+04   -0.50500E-01 -0.50500E-01  0.10100E+00  0.00000E+00  0.00000E+00  0.00000E+00   -0.47320E+03 -0.17655E+03  0.64976E+03  0.58386E+02 -0.10094E+03  0.19983E+03      298.00
  0.91829E-01  0.10851E+04   -0.50750E-01 -0.50750E-01  0.10150E+00  0.00000E+00  0.00000E+00  0.00000E+00   -0.47322E+03 -0.17670E+03  0.64991E+03  0.58739E+02 -0.10162E+03  0.19976E+03      298.00
  0.92278E-01  0.10855E+04   -0.51000E-01 -0.51000E-01  0.10200E+00  0.00000E+00  0.00000E+00  0.00000E+00   -0.47323E+03 -0.17684E+03  0.65007E+03  0.59096E+02 -0.10231E+03  0.19970E+03      298.00
  0.92727E-01  0.10858E+04   -0.51250E-01 -0.51250E-01  0.10250E+00  0.00000E+00  0.00000E+00  0.00000E+00   -0.47324E+03 -0.17698E+03  0.65022E+03  0.59452E+02 -0.10299E+03  0.19963E+03      298.00
  0.93177E-01  0.10862E+04   -0.51500E-01 -0.51500E-01  0.10300E+00  0.00000E+00  0.00000E+00  0.00000E+00   -0.47324E+03 -0.17712E+03  0.65036E+03  0.59808E+02 -0.10367E+03  0.19956E+03      298.00
  0.93626E-01  0.10866E+04   -0.51750E-01 -0.51750E-01  0.10350E+00  0.00000E+00  0.00000E+00  0.00000E+00   -0.47324E+03 -0.17726E+03  0.65050E+03  0.60163E+02 -0.10436E+03  0.19949E+03      298.00
  0.94075E-01  0.10870E+04   -0.52000E-01 -0.52000E-01  0.10400E+00  0.00000E+00  0.00000E+00  0.00000E+00   -0.47324E+03 -0.17740E+03  0.65064E+03  0.60517E+02 -0.10504E+03  0.19942E+03      298.00
  0.94524E-01  0.10873E+04   -0.52250E-01 -0.52250E-01  0.10450E+00  0.00000E+00  0.00000E+00  0.00000E+00   -0.47324E+03 -0.17753E+03  0.65077E+03  0.60870E+02 -0.10572E+03  0.19934E+03      298.00
  0.94972E-01  0.10877E+04   -0.52500E-01 -0.52500E-01  0.10500E+00  0.00000E+00  0.00000E+00  0.00000E+00   -0.47324E+03 -0.17767E+03  0.65090E+03  0.61221E+02 -0.10641E+03  0.19926E+03      298.00
  0.95421E-01  0.10881E+04   -0.52750E-01 -0.52750E-01  0.10550E+00  0.00000E+00  0.00000E+00  0.00000E+00   -0.47323E+03 -0.17780E+03  0.65103E+03  0.61572E+02 -0.10709E+03  0.19918E+03      298.00
  0.95870E-01  0.10884E+04   -0.53000E-01 -0.53000E-01  0.10600E+00  0.00000E+00  0.00000E+00  0.00000E+00   -0.47322E+03 -0.17793E+03  0.65115E+03  0.61923E+02 -0.10777E+03  0.19910E+03      298.00
  0.96319E-01  0.10888E+04   -0.53250E-01 -0.53250E-01  0.10650E+00  0.00000E+00  0.00000E+00  0.00000E+00   -0.47320E+03 -0.17806E+03  0.65126E+03  0.62272E+02 -0.10846E+03  0.19902E+03      298.00
  0.96767E-01  0.10891E+04   -0.53500E-01 -0.53500E-01  0.10700E+00  0.00000E+00  0.00000E+00  0.00000E+00   -0.47319E+03 -0.17819E+03  0.65138E+03  0.62621E+02 -0.10914E+03  0.19893E+03      298.00
  0.97216E-01  0.10894E+04   -0.53750E-01 -0.53750E-01  0.10750E+00  0.00000E+00  0.00000E+00  0.00000E+00   -0.47317E+03 -0.17832E+03  0.65149E+03  0.62969E+02 -0.10982E+03  0.19885E+03      298.00
  0.97664E-01  0.10898E+04   -0.54000E-01 -0.54000E-01  0.10800E+00  0.00000E+00  0.00000E+00  0.00000E+00   -0.47315E+03 -0.17845E+03  0.65159E+03  0.63316E+02 -0.11051E+03  0.19876E+03      298.00
  0.98113E-01  0.10901E+04   -0.54250E-01 -0.54250E-01  0.10850E+00  0.00000E+00  0.00000E+00  0.00000E+00   -0.47312E+03 -0.17857E+03  0.65169E+03  0.63663E+02 -0.11119E+03  0.19867E+03      298.00
  0.98561E-01  0.10904E+04   -0.54500E-01 -0.54500E-01  0.10900E+00  0.00000E+00  0.00000E+00  0.00000E+00   -0.47310E+03 -0.17870E+03  0.65179E+03  0.64010E+02 -0.11187E+03  0.19858E+03      298.00
  0.99009E-01  0.10907E+04   -0.54750E-01 -0.54750E-01  0.10950E+00  0.00000E+00  0.00000E+00  0.00000E+00   -0.47307E+03 -0.17882E+03  0.65188E+03  0.64356E+02 -0.11255E+03  0.19848E+03      298.00
  0.99458E-01  0.10910E+04   -0.55000E-01 -0.55000E-01  0.11000E+00  0.00000E+00  0.00000E+00  0.00000E+00   -0.47303E+03 -0.17894E+03  0.65198E+03  0.64701E+02 -0.11323E+03  0.19839E+03      298.00
  0.99906E-01  0.10914E+04   -0.55250E-01 -0.55250E-01  0.11050E+00  0.00000E+00  0.00000E+00  0.00000E+00   -0.47300E+03 -0.17906E+03  0.65206E+03  0.65046E+02 -0.11392E+03  0.19829E+03      298.00
  0.10035E+00  0.10917E+04   -0.55500E-01 -0.55500E-01  0.11100E+00  0.00000E+00  0.00000E+00  0.00000E+00   -0.47296E+03 -0.17918E+03  0.65215E+03  0.65391E+02 -0.11460E+03  0.19819E+03      298.00
  0.10080E+00  0.10920E+04   -0.55750E-01 -0.55750E-01  0.11150E+00  0.00000E+00  0.00000E+00  0.00000E+00   -0.47292E+03 -0.17930E+03  0.65223E+03  0.65735E+02 -0.11528E+03  0.19809E+03      298.00
  0.10125E+00  0.10922E+04   -0.56000E-01 -0.56000E-01  0.11200E+00  0.00000E+00  0.00000E+00  0.00000E+00   -0.47288E+03 -0.17942E+03  0.65230E+03  0.66078E+02 -0.11596E+03  0.19799E+03      298.00
  0.10170E+00  0.10925E+04   -0.56250E-01 -0.56250E-01  0.11250E+00  0.00000E+00  0.00000E+00  0.00000E+00   -0.47284E+03 -0.17954E+03  0.65238E+03  0.66422E+02 -0.11664E+03  0.19789E+03      298.00
  0.10215E+00  0.10928E+04   -0.56500E-01 -0.56500E-01  0.11300E+00  0.00000E+00  0.00000E+00  0.00000E+00   -0.47279E+03 -0.17966E+03  0.65245E+03  0.66765E+02 -0.11732E+03  0.19779E+03      298.00
  0.10259E+00  0.10934E+04   -0.56750E-01 -0.56750E-01  0.11350E+00  0.00000E+00  0.00000E+00  0.00000E+00   -0.47282E+03 -0.17981E+03  0.65262E+03  0.67305E+02 -0.11817E+03  0.19780E+03      298.00
  0.10304E+00  0.10934E+04   -0.57000E-01 -0.57000E-01  0.11400E+00  0.00000E+00  0.00000E+00  0.00000E+00   -0.47266E+03 -0.17992E+03  0.65258E+03  0.67489E+02 -0.11866E+03  0.19760E+03      298.00
  0.10349E+00  0.10940E+04   -0.57250E-01 -0.57250E-01  0.11450E+00  0.00000E+00  0.00000E+00  0.00000E+00   -0.47270E+03 -0.18004E+03  0.65274E+03  0.68000E+02 -0.11952E+03  0.19759E+03      298.00
  0.10394E+00  0.10939E+04   -0.57500E-01 -0.57500E-01  0.11500E+00  0.00000E+00  0.00000E+00  0.00000E+00   -0.47255E+03 -0.18015E+03  0.65270E+03  0.68176E+02 -0.12002E+03  0.19739E+03      298.00
  0.10438E+00  0.10945E+04   -0.57750E-01 -0.57750E-01  0.11550E+00  0.00000E+00  0.00000E+00  0.00000E+00   -0.47258E+03 -0.18027E+03  0.65285E+03  0.68682E+02 -0.12088E+03  0.19736E+03      298.00
  0.10483E+00  0.10945E+04   -0.58000E-01 -0.58000E-01  0.11600E+00  0.00000E+00  0.00000E+00  0.00000E+00   -0.47243E+03 -0.18037E+03  0.65280E+03  0.68859E+02 -0.12137E+03  0.19716E+03      298.00
  0.10528E+00  0.10950E+04   -0.58250E-01 -0.58250E-01  0.11650E+00  0.00000E+00  0.00000E+00  0.00000E+00   -0.47245E+03 -0.18049E+03  0.65294E+03  0.69363E+02 -0.12223E+03  0.19714E+03      298.00
  0.10573E+00  0.10950E+04   -0.58500E-01 -0.58500E-01  0.11700E+00  0.00000E+00  0.00000E+00  0.00000E+00   -0.47230E+03 -0.18060E+03  0.65289E+03  0.69541E+02 -0.12273E+03  0.19694E+03      298.00
  0.10617E+00  0.10955E+04   -0.58750E-01 -0.58750E-01  0.11750E+00  0.00000E+00  0.00000E+00  0.00000E+00   -0.47231E+03 -0.18071E+03  0.65303E+03  0.70043E+02 -0.12358E+03  0.19691E+03      298.00
  0.10662E+00  0.10955E+04   -0.59000E-01 -0.59000E-01  0.11800E+00  0.00000E+00  0.00000E+00  0.00000E+00   -0.47216E+03 -0.18082E+03  0.65297E+03  0.70221E+02 -0.12408E+03  0.19671E+03      298.00
  0.10707E+00  0.10960E+04   -0.59250E-01 -0.59250E-01  0.11850E+00  0.00000E+00  0.00000E+00  0.00000E+00   -0.47217E+03 -0.18093E+03  0.65310E+03  0.70721E+02 -0.12494E+03  0.19667E+03      298.00
  0.10751E+00  0.10963E+04   -0.59500E-01 -0.59500E-01  0.11900E+00  0.00000E+00  0.00000E+00  0.00000E+00   -0.47208E+03 -0.18106E+03  0.65314E+03  0.71101E+02 -0.12560E+03  0.19658E+03      298.00
  0.10796E+00  0.10965E+04   -0.59750E-01 -0.59750E-01  0.11950E+00  0.00000E+00  0.00000E+00  0.00000E+00   -0.47199E+03 -0.18118E+03  0.65317E+03  0.71454E+02 -0.12627E+03  0.19647E+03      298.00
  0.10841E+00  0.10967E+04   -0.60000E-01 -0.60000E-01  0.12000E+00  0.00000E+00  0.00000E+00  0.00000E+00   -0.47190E+03 -0.18129E+03  0.65319E+03  0.71797E+02 -0.12694E+03  0.19635E+03      298.00
  0.10885E+00  0.10969E+04   -0.60250E-01 -0.60250E-01  0.12050E+00  0.00000E+00  0.00000E+00  0.00000E+00   -0.47182E+03 -0.18140E+03  0.65322E+03  0.72138E+02 -0.12761E+03  0.19623E+03      298.00
  0.10930E+00  0.10972E+04   -0.60500E-01 -0.60500E-01  0.12100E+00  0.00000E+00  0.00000E+00  0.00000E+00   -0.47173E+03 -0.18150E+03  0.65324E+03  0.72477E+02 -0.12829E+03  0.19610E+03      298.00
  0.10975E+00  0.10974E+04   -0.60750E-01 -0.60750E-01  0.12150E+00  0.00000E+00  0.00000E+00  0.00000E+00   -0.47164E+03 -0.18161E+03  0.65325E+03  0.72815E+02 -0.12896E+03  0.19598E+03      298.00
  0.11019E+00  0.10976E+04   -0.61000E-01 -0.61000E-01  0.12200E+00  0.00000E+00  0.00000E+00  0.00000E+00   -0.47155E+03 -0.18171E+03  0.65327E+03  0.73153E+02 -0.12963E+03  0.19585E+03      298.00
  0.11064E+00  0.10978E+04   -0.61250E-01 -0.61250E-01  0.12250E+00  0.00000E+00  0.00000E+00  0.00000E+00   -0.47146E+03 -0.18182E+03  0.65328E+03  0.73491E+02 -0.13030E+03  0.19573E+03      298.00
  0.11109E+00  0.10980E+04   -0.61500E-01 -0.61500E-01  0.12300E+00  0.00000E+00  0.00000E+00  0.00000E+00   -0.47137E+03 -0.18192E+03  0.65329E+03  0.73829E+02 -0.13097E+03  0.19560E+03      298.00
  0.11153E+00  0.10983E+04   -0.61750E-01 -0.61750E-01  0.12350E+00  0.00000E+00  0.00000E+00  0.00000E+00   -0.47127E+03 -0.18202E+03  0.65330E+03  0.74166E+02 -0.13164E+03  0.19547E+03      298.00
  0.11198E+00  0.10985E+04   -0.62000E-01 -0.62000E-01  0.12400E+00  0.00000E+00  0.00000E+00  0.00000E+00   -0.47117E+03 -0.18213E+03  0.65330E+03  0.74503E+02 -0.13231E+03  0.19534E+03      298.00
  0.11243E+00  0.10987E+04   -0.62250E-01 -0.62250E-01  0.12450E+00  0.00000E+00  0.00000E+00  0.00000E+00   -0.47107E+03 -0.18223E+03  0.65330E+03  0.74840E+02 -0.13298E+03  0.19521E+03      298.00
  0.11287E+00  0.10989E+04   -0.62500E-01 -0.62500E-01  0.12500E+00  0.00000E+00  0.00000E+00  0.00000E+00   -0.47097E+03 -0.18233E+03  0.65330E+03  0.75177E+02 -0.13365E+03  0.19508E+03      298.00
