TEXTURE AT STRAIN =    0.0250
   0.988   1.025   0.988  <-- length of phase ellipsoid axes
  139.19   90.00 -180.00  <-- Euler angles (deg) of phase ellipsoid axes
B         1
 -116.16  134.16  -28.49   1.0000000
TEXTURE AT STRAIN =    0.0500
   0.975   1.051   0.975  <-- length of phase ellipsoid axes
  124.01   90.00    0.00  <-- Euler angles (deg) of phase ellipsoid axes
B         1
 -116.25  135.77  -28.50   1.0000000
TEXTURE AT STRAIN =    0.0750
   0.963   1.078   0.963  <-- length of phase ellipsoid axes
  111.47   90.00   -0.00  <-- Euler angles (deg) of phase ellipsoid axes
B         1
 -116.34  137.38  -28.50   1.0000000
TEXTURE AT STRAIN =    0.1000
   0.951   1.105   0.951  <-- length of phase ellipsoid axes
  122.81   90.00   -0.00  <-- Euler angles (deg) of phase ellipsoid axes
B         1
 -116.43  138.99  -28.51   1.0000000
TEXTURE AT STRAIN =    0.1250
   0.939   1.133   0.939  <-- length of phase ellipsoid axes
  132.58   90.00   -0.00  <-- Euler angles (deg) of phase ellipsoid axes
B         1
 -116.52  140.58  -28.53   1.0000000
