          S1          S2          D1          D2
 -0.6784E+02 -0.9401E+02 -0.9103E-09 -0.1064E-01
 -0.1218E+03 -0.8856E+02 -0.1602E-02 -0.9088E-02
 -0.1441E+03 -0.8335E+02 -0.2681E-02 -0.7365E-02
 -0.1490E+03 -0.8109E+02 -0.3454E-02 -0.5983E-02
 -0.1516E+03 -0.7929E+02 -0.4063E-02 -0.4842E-02
 -0.1534E+03 -0.7756E+02 -0.4578E-02 -0.3841E-02
 -0.1548E+03 -0.7556E+02 -0.5040E-02 -0.2910E-02
 -0.1565E+03 -0.7159E+02 -0.5477E-02 -0.1993E-02
 -0.1616E+03 -0.5189E+02 -0.5858E-02 -0.1033E-02
 -0.1632E+03 -0.2939E+02 -0.6129E-02  0.1011E-06
 -0.1592E+03  0.6098E+01 -0.6240E-02  0.1100E-02
 -0.1570E+03  0.1448E+02 -0.6162E-02  0.2243E-02
 -0.1544E+03  0.2014E+02 -0.6023E-02  0.3477E-02
 -0.1509E+03  0.2508E+02 -0.5815E-02  0.4879E-02
 -0.1459E+03  0.3010E+02 -0.5502E-02  0.6558E-02
 -0.1345E+03  0.3782E+02 -0.5000E-02  0.8661E-02
 -0.7805E+02  0.6319E+02 -0.3973E-02  0.1092E-01
  0.1186E+03  0.1140E+03 -0.1894E-02  0.1074E-01
  0.1353E+03  0.1158E+03 -0.3024E-06  0.8636E-02
  0.1414E+03  0.1153E+03  0.1257E-02  0.7130E-02
  0.1447E+03  0.1144E+03  0.2179E-02  0.5984E-02
  0.1470E+03  0.1134E+03  0.2912E-02  0.5044E-02
  0.1490E+03  0.1120E+03  0.3540E-02  0.4219E-02
  0.1518E+03  0.1091E+03  0.4110E-02  0.3448E-02
  0.1575E+03  0.1010E+03  0.4634E-02  0.2675E-02
  0.1614E+03  0.9261E+02  0.5126E-02  0.1866E-02
  0.1642E+03  0.8227E+02  0.5597E-02  0.9870E-03
  0.1655E+03  0.6317E+02  0.6042E-02 -0.2438E-08
  0.1592E+03 -0.6098E+01  0.6240E-02 -0.1100E-02
  0.1570E+03 -0.1448E+02  0.6162E-02 -0.2243E-02
  0.1544E+03 -0.2014E+02  0.6023E-02 -0.3477E-02
  0.1509E+03 -0.2508E+02  0.5815E-02 -0.4879E-02
  0.1459E+03 -0.3010E+02  0.5502E-02 -0.6558E-02
  0.1345E+03 -0.3782E+02  0.5000E-02 -0.8661E-02
  0.7805E+02 -0.6319E+02  0.3973E-02 -0.1092E-01
 -0.2474E+02 -0.9087E+02  0.2038E-02 -0.1156E-01
 -0.6784E+02 -0.9401E+02 -0.9103E-09 -0.1064E-01
          S1          S2          D1          D2
 -0.4640E+02 -0.1367E+03 -0.5763E-08 -0.7318E-02
 -0.1504E+03 -0.1249E+03 -0.1164E-02 -0.6603E-02
 -0.2127E+03 -0.1115E+03 -0.1927E-02 -0.5294E-02
 -0.2208E+03 -0.1078E+03 -0.2454E-02 -0.4250E-02
 -0.2250E+03 -0.1049E+03 -0.2857E-02 -0.3405E-02
 -0.2278E+03 -0.1021E+03 -0.3190E-02 -0.2677E-02
 -0.2300E+03 -0.9895E+02 -0.3483E-02 -0.2011E-02
 -0.2324E+03 -0.9361E+02 -0.3753E-02 -0.1366E-02
 -0.2430E+03 -0.4846E+02 -0.3975E-02 -0.7008E-03
 -0.2457E+03 -0.9955E+01 -0.4070E-02  0.1637E-07
 -0.2429E+03  0.2178E+02 -0.4053E-02  0.7147E-03
 -0.2399E+03  0.3345E+02 -0.3968E-02  0.1444E-02
 -0.2360E+03  0.4174E+02 -0.3845E-02  0.2220E-02
 -0.2308E+03  0.4917E+02 -0.3676E-02  0.3084E-02
 -0.2228E+03  0.5704E+02 -0.3439E-02  0.4098E-02
 -0.2034E+03  0.7018E+02 -0.3078E-02  0.5330E-02
 -0.1109E+03  0.1125E+03 -0.2381E-02  0.6541E-02
  0.1574E+03  0.1768E+03 -0.1183E-02  0.6709E-02
  0.1902E+03  0.1803E+03 -0.7273E-07  0.5545E-02
  0.2026E+03  0.1794E+03  0.8198E-03  0.4649E-02
  0.2092E+03  0.1777E+03  0.1434E-02  0.3940E-02
  0.2136E+03  0.1756E+03  0.1931E-02  0.3345E-02
  0.2175E+03  0.1728E+03  0.2361E-02  0.2814E-02
  0.2268E+03  0.1632E+03  0.2749E-02  0.2307E-02
  0.2359E+03  0.1504E+03  0.3099E-02  0.1789E-02
  0.2419E+03  0.1374E+03  0.3426E-02  0.1247E-02
  0.2468E+03  0.1186E+03  0.3735E-02  0.6586E-03
  0.2500E+03  0.6878E+02  0.4000E-02 -0.8872E-09
  0.2429E+03 -0.2178E+02  0.4053E-02 -0.7147E-03
  0.2399E+03 -0.3345E+02  0.3968E-02 -0.1444E-02
  0.2360E+03 -0.4174E+02  0.3845E-02 -0.2220E-02
  0.2308E+03 -0.4917E+02  0.3676E-02 -0.3084E-02
  0.2228E+03 -0.5704E+02  0.3439E-02 -0.4098E-02
  0.2034E+03 -0.7018E+02  0.3078E-02 -0.5331E-02
  0.1109E+03 -0.1125E+03  0.2381E-02 -0.6541E-02
  0.4295E+02 -0.1306E+03  0.1276E-02 -0.7239E-02
 -0.4640E+02 -0.1367E+03 -0.5763E-08 -0.7318E-02
          S1          S2          D1          D2
 -0.4688E+02 -0.1616E+03 -0.6538E-10 -0.6187E-02
 -0.1663E+03 -0.1489E+03 -0.9896E-03 -0.5612E-02
 -0.2521E+03 -0.1295E+03 -0.1645E-02 -0.4520E-02
 -0.2637E+03 -0.1242E+03 -0.2088E-02 -0.3617E-02
 -0.2696E+03 -0.1202E+03 -0.2423E-02 -0.2887E-02
 -0.2734E+03 -0.1163E+03 -0.2695E-02 -0.2262E-02
 -0.2764E+03 -0.1121E+03 -0.2932E-02 -0.1693E-02
 -0.2793E+03 -0.1058E+03 -0.3147E-02 -0.1145E-02
 -0.2922E+03 -0.5125E+02 -0.3319E-02 -0.5852E-03
 -0.2944E+03 -0.1665E+02 -0.3397E-02 -0.8927E-08
 -0.2916E+03  0.2185E+02 -0.3385E-02  0.5969E-03
 -0.2878E+03  0.3652E+02 -0.3322E-02  0.1209E-02
 -0.2827E+03  0.4732E+02 -0.3225E-02  0.1862E-02
 -0.2759E+03  0.5701E+02 -0.3089E-02  0.2592E-02
 -0.2652E+03  0.6759E+02 -0.2892E-02  0.3447E-02
 -0.2354E+03  0.8758E+02 -0.2583E-02  0.4474E-02
 -0.1285E+03  0.1377E+03 -0.1973E-02  0.5422E-02
  0.1814E+03  0.2077E+03 -0.1003E-02  0.5691E-02
  0.2292E+03  0.2132E+03  0.2555E-07  0.4691E-02
  0.2440E+03  0.2120E+03  0.6912E-03  0.3921E-02
  0.2520E+03  0.2099E+03  0.1206E-02  0.3315E-02
  0.2575E+03  0.2074E+03  0.1621E-02  0.2808E-02
  0.2621E+03  0.2041E+03  0.1979E-02  0.2358E-02
  0.2709E+03  0.1950E+03  0.2302E-02  0.1931E-02
  0.2826E+03  0.1785E+03  0.2593E-02  0.1497E-02
  0.2901E+03  0.1623E+03  0.2864E-02  0.1042E-02
  0.2954E+03  0.1426E+03  0.3120E-02  0.5501E-03
  0.2992E+03  0.8040E+02  0.3342E-02  0.1296E-09
  0.2915E+03 -0.2186E+02  0.3385E-02 -0.5970E-03
  0.2877E+03 -0.3651E+02  0.3322E-02 -0.1209E-02
  0.2827E+03 -0.4732E+02  0.3226E-02 -0.1862E-02
  0.2759E+03 -0.5703E+02  0.3089E-02 -0.2592E-02
  0.2652E+03 -0.6762E+02  0.2892E-02 -0.3447E-02
  0.2354E+03 -0.8762E+02  0.2583E-02 -0.4474E-02
  0.1284E+03 -0.1377E+03  0.1973E-02 -0.5422E-02
  0.6689E+02 -0.1542E+03  0.1062E-02 -0.6024E-02
 -0.4688E+02 -0.1616E+03 -0.6538E-10 -0.6187E-02
          S1          S2          D1          D2
 -0.5025E+02 -0.1837E+03 -0.1813E-11 -0.5445E-02
 -0.1712E+03 -0.1719E+03 -0.8724E-03 -0.4948E-02
 -0.2764E+03 -0.1471E+03 -0.1469E-02 -0.4037E-02
 -0.2914E+03 -0.1404E+03 -0.1871E-02 -0.3240E-02
 -0.2986E+03 -0.1354E+03 -0.2174E-02 -0.2591E-02
 -0.3032E+03 -0.1308E+03 -0.2421E-02 -0.2032E-02
 -0.3067E+03 -0.1258E+03 -0.2636E-02 -0.1522E-02
 -0.3100E+03 -0.1185E+03 -0.2831E-02 -0.1031E-02
 -0.3247E+03 -0.5673E+02 -0.2987E-02 -0.5267E-03
 -0.3269E+03 -0.2315E+02 -0.3059E-02 -0.7982E-08
 -0.3236E+03  0.2368E+02 -0.3050E-02  0.5379E-03
 -0.3193E+03  0.4047E+02 -0.2994E-02  0.1090E-02
 -0.3133E+03  0.5323E+02 -0.2906E-02  0.1678E-02
 -0.3052E+03  0.6479E+02 -0.2781E-02  0.2334E-02
 -0.2919E+03  0.7790E+02 -0.2599E-02  0.3097E-02
 -0.2503E+03  0.1058E+03 -0.2307E-02  0.3996E-02
 -0.1376E+03  0.1595E+03 -0.1736E-02  0.4771E-02
  0.1523E+03  0.2210E+03 -0.9088E-03  0.5149E-02
  0.2481E+03  0.2335E+03  0.6550E-07  0.4283E-02
  0.2662E+03  0.2321E+03  0.6324E-03  0.3584E-02
  0.2760E+03  0.2295E+03  0.1103E-02  0.3031E-02
  0.2829E+03  0.2263E+03  0.1482E-02  0.2566E-02
  0.2888E+03  0.2222E+03  0.1806E-02  0.2153E-02
  0.2972E+03  0.2135E+03  0.2099E-02  0.1762E-02
  0.3114E+03  0.1934E+03  0.2364E-02  0.1365E-02
  0.3200E+03  0.1748E+03  0.2606E-02  0.9487E-03
  0.3253E+03  0.1551E+03  0.2836E-02  0.5000E-03
  0.3302E+03  0.7380E+02  0.3028E-02 -0.1374E-08
  0.3235E+03 -0.2374E+02  0.3052E-02 -0.5381E-03
  0.3191E+03 -0.4044E+02  0.2995E-02 -0.1090E-02
  0.3132E+03 -0.5325E+02  0.2908E-02 -0.1679E-02
  0.3050E+03 -0.6486E+02  0.2782E-02 -0.2334E-02
  0.2917E+03 -0.7801E+02  0.2600E-02 -0.3098E-02
  0.2500E+03 -0.1059E+03  0.2307E-02 -0.3996E-02
  0.1374E+03 -0.1596E+03  0.1736E-02 -0.4770E-02
  0.7839E+02 -0.1753E+03  0.9322E-03 -0.5287E-02
 -0.5025E+02 -0.1837E+03 -0.1813E-11 -0.5445E-02
          S1          S2          D1          D2
 -0.5459E+02 -0.2037E+03  0.9576E-13 -0.4910E-02
 -0.1731E+03 -0.1932E+03 -0.7881E-03 -0.4469E-02
 -0.2790E+03 -0.1691E+03 -0.1345E-02 -0.3695E-02
 -0.3098E+03 -0.1559E+03 -0.1725E-02 -0.2987E-02
 -0.3178E+03 -0.1504E+03 -0.2012E-02 -0.2398E-02
 -0.3230E+03 -0.1452E+03 -0.2248E-02 -0.1886E-02
 -0.3268E+03 -0.1397E+03 -0.2454E-02 -0.1417E-02
 -0.3305E+03 -0.1316E+03 -0.2642E-02 -0.9618E-03
 -0.3466E+03 -0.6366E+02 -0.2795E-02 -0.4927E-03
 -0.3489E+03 -0.2954E+02 -0.2866E-02 -0.6672E-08
 -0.3451E+03  0.2665E+02 -0.2859E-02  0.5041E-03
 -0.3402E+03  0.4512E+02 -0.2804E-02  0.1020E-02
 -0.3335E+03  0.5952E+02 -0.2718E-02  0.1569E-02
 -0.3242E+03  0.7277E+02 -0.2595E-02  0.2178E-02
 -0.3083E+03  0.8844E+02 -0.2417E-02  0.2881E-02
 -0.2537E+03  0.1249E+03 -0.2127E-02  0.3684E-02
 -0.1419E+03  0.1792E+03 -0.1576E-02  0.4331E-02
 -0.2019E+00  0.2099E+03 -0.8393E-03  0.4757E-02
  0.2568E+03  0.2472E+03  0.5564E-07  0.4045E-02
  0.2783E+03  0.2456E+03  0.5984E-03  0.3393E-02
  0.2896E+03  0.2427E+03  0.1046E-02  0.2873E-02
  0.2978E+03  0.2388E+03  0.1406E-02  0.2434E-02
  0.3049E+03  0.2339E+03  0.1713E-02  0.2042E-02
  0.3147E+03  0.2237E+03  0.1990E-02  0.1670E-02
  0.3305E+03  0.2015E+03  0.2238E-02  0.1292E-02
  0.3398E+03  0.1815E+03  0.2464E-02  0.8968E-03
  0.3453E+03  0.1609E+03  0.2677E-02  0.4719E-03
  0.3508E+03  0.6876E+02  0.2851E-02  0.1886E-08
  0.3449E+03 -0.2671E+02  0.2861E-02 -0.5044E-03
  0.3400E+03 -0.4505E+02  0.2806E-02 -0.1021E-02
  0.3333E+03 -0.5954E+02  0.2720E-02 -0.1570E-02
  0.3239E+03 -0.7288E+02  0.2597E-02 -0.2179E-02
  0.3079E+03 -0.8864E+02  0.2418E-02 -0.2882E-02
  0.2534E+03 -0.1251E+03  0.2127E-02 -0.3685E-02
  0.1416E+03 -0.1794E+03  0.1576E-02 -0.4330E-02
  0.8442E+02 -0.1944E+03  0.8425E-03 -0.4778E-02
 -0.5459E+02 -0.2037E+03  0.9576E-13 -0.4910E-02
          S1          S2          D1          D2
 -0.6173E+02 -0.2214E+03 -0.2113E-09 -0.4516E-02
 -0.1726E+03 -0.2122E+03 -0.7267E-03 -0.4121E-02
 -0.2862E+03 -0.1858E+03 -0.1255E-02 -0.3449E-02
 -0.3216E+03 -0.1698E+03 -0.1624E-02 -0.2813E-02
 -0.3304E+03 -0.1637E+03 -0.1903E-02 -0.2268E-02
 -0.3359E+03 -0.1583E+03 -0.2134E-02 -0.1790E-02
 -0.3400E+03 -0.1524E+03 -0.2337E-02 -0.1349E-02
 -0.3440E+03 -0.1435E+03 -0.2523E-02 -0.9184E-03
 -0.3611E+03 -0.7062E+02 -0.2677E-02 -0.4719E-03
 -0.3636E+03 -0.3535E+02 -0.2750E-02 -0.5978E-08
 -0.3593E+03  0.3018E+02 -0.2743E-02  0.4836E-03
 -0.3541E+03  0.5001E+02 -0.2686E-02  0.9777E-03
 -0.3467E+03  0.6586E+02 -0.2599E-02  0.1501E-02
 -0.3362E+03  0.8070E+02 -0.2476E-02  0.2077E-02
 -0.3175E+03  0.9909E+02 -0.2296E-02  0.2736E-02
 -0.2489E+03  0.1449E+03 -0.2000E-02  0.3464E-02
 -0.1434E+03  0.1970E+03 -0.1461E-02  0.4013E-02
 -0.8727E+02  0.2115E+03 -0.7773E-03  0.4408E-02
  0.2599E+03  0.2573E+03  0.7279E-07  0.3886E-02
  0.2847E+03  0.2555E+03  0.5768E-03  0.3271E-02
  0.2970E+03  0.2523E+03  0.1010E-02  0.2775E-02
  0.3059E+03  0.2481E+03  0.1359E-02  0.2355E-02
  0.3139E+03  0.2425E+03  0.1659E-02  0.1977E-02
  0.3266E+03  0.2292E+03  0.1927E-02  0.1617E-02
  0.3433E+03  0.2058E+03  0.2164E-02  0.1249E-02
  0.3531E+03  0.1848E+03  0.2379E-02  0.8659E-03
  0.3586E+03  0.1637E+03  0.2581E-02  0.4550E-03
  0.3646E+03  0.6473E+02  0.2743E-02  0.5879E-09
  0.3591E+03 -0.3021E+02  0.2744E-02 -0.4838E-03
  0.3539E+03 -0.4994E+02  0.2688E-02 -0.9783E-03
  0.3464E+03 -0.6589E+02  0.2601E-02 -0.1502E-02
  0.3359E+03 -0.8083E+02  0.2477E-02 -0.2078E-02
  0.3171E+03 -0.9932E+02  0.2296E-02 -0.2737E-02
  0.2487E+03 -0.1451E+03  0.2000E-02 -0.3464E-02
  0.1430E+03 -0.1972E+03  0.1460E-02 -0.4012E-02
  0.9051E+02 -0.2109E+03  0.7771E-03 -0.4407E-02
 -0.6173E+02 -0.2214E+03 -0.2113E-09 -0.4516E-02
