          Evm          Svm            E11          E22          E33          E23          E13          E12         SDEV11       SDEV22       SDEV33       SDEV23       SDEV13       SDEV12      TEMP
  0.00000E+00  0.40086E+03    0.00000E+00  0.00000E+00  0.00000E+00  0.00000E+00  0.00000E+00  0.00000E+00   -0.73682E+02 -0.46575E+02  0.12026E+03 -0.86466E+02 -0.17799E+03 -0.58084E+02      298.00
  0.22500E-03  0.41263E+03   -0.25000E-03 -0.25000E-03  0.50000E-03  0.00000E+00  0.00000E+00  0.00000E+00   -0.73576E+02 -0.49862E+02  0.12344E+03 -0.88981E+02 -0.18428E+03 -0.57522E+02      298.00
  0.44936E-03  0.42147E+03   -0.50000E-03 -0.50000E-03  0.10000E-02  0.00000E+00  0.00000E+00  0.00000E+00   -0.74047E+02 -0.52421E+02  0.12647E+03 -0.90547E+02 -0.18865E+03 -0.57551E+02      298.00
  0.67441E-03  0.43007E+03   -0.75000E-03 -0.75000E-03  0.15000E-02  0.00000E+00  0.00000E+00  0.00000E+00   -0.74528E+02 -0.54824E+02  0.12935E+03 -0.92103E+02 -0.19287E+03 -0.57647E+02      298.00
  0.89999E-03  0.43811E+03   -0.10000E-02 -0.10000E-02  0.20000E-02  0.00000E+00  0.00000E+00  0.00000E+00   -0.75143E+02 -0.56986E+02  0.13213E+03 -0.93522E+02 -0.19675E+03 -0.57877E+02      298.00
  0.11262E-02  0.44579E+03   -0.12500E-02 -0.12500E-02  0.25000E-02  0.00000E+00  0.00000E+00  0.00000E+00   -0.75783E+02 -0.58998E+02  0.13478E+03 -0.94881E+02 -0.20040E+03 -0.58187E+02      298.00
  0.13529E-02  0.45315E+03   -0.15000E-02 -0.15000E-02  0.30000E-02  0.00000E+00  0.00000E+00  0.00000E+00   -0.76457E+02 -0.60874E+02  0.13733E+03 -0.96184E+02 -0.20387E+03 -0.58579E+02      298.00
  0.15802E-02  0.46024E+03   -0.17500E-02 -0.17500E-02  0.35000E-02  0.00000E+00  0.00000E+00  0.00000E+00   -0.77194E+02 -0.62580E+02  0.13977E+03 -0.97466E+02 -0.20717E+03 -0.58983E+02      298.00
  0.18080E-02  0.46723E+03   -0.20000E-02 -0.20000E-02  0.40000E-02  0.00000E+00  0.00000E+00  0.00000E+00   -0.77958E+02 -0.64187E+02  0.14215E+03 -0.98752E+02 -0.21044E+03 -0.59434E+02      298.00
  0.20362E-02  0.47397E+03   -0.22500E-02 -0.22500E-02  0.45000E-02  0.00000E+00  0.00000E+00  0.00000E+00   -0.78706E+02 -0.65704E+02  0.14441E+03 -0.10001E+03 -0.21356E+03 -0.59915E+02      298.00
  0.22647E-02  0.48061E+03   -0.25000E-02 -0.25000E-02  0.50000E-02  0.00000E+00  0.00000E+00  0.00000E+00   -0.79555E+02 -0.67095E+02  0.14665E+03 -0.10124E+03 -0.21662E+03 -0.60452E+02      298.00
  0.24935E-02  0.48705E+03   -0.27500E-02 -0.27500E-02  0.55000E-02  0.00000E+00  0.00000E+00  0.00000E+00   -0.80358E+02 -0.68431E+02  0.14879E+03 -0.10246E+03 -0.21958E+03 -0.61000E+02      298.00
  0.27226E-02  0.49341E+03   -0.30000E-02 -0.30000E-02  0.60000E-02  0.00000E+00  0.00000E+00  0.00000E+00   -0.81147E+02 -0.69698E+02  0.15085E+03 -0.10372E+03 -0.22251E+03 -0.61517E+02      298.00
  0.29519E-02  0.49958E+03   -0.32500E-02 -0.32500E-02  0.65000E-02  0.00000E+00  0.00000E+00  0.00000E+00   -0.81960E+02 -0.70880E+02  0.15284E+03 -0.10494E+03 -0.22534E+03 -0.62061E+02      298.00
  0.31814E-02  0.50583E+03   -0.35000E-02 -0.35000E-02  0.70000E-02  0.00000E+00  0.00000E+00  0.00000E+00   -0.82844E+02 -0.72005E+02  0.15485E+03 -0.10617E+03 -0.22820E+03 -0.62672E+02      298.00
  0.34110E-02  0.51182E+03   -0.37500E-02 -0.37500E-02  0.75000E-02  0.00000E+00  0.00000E+00  0.00000E+00   -0.83690E+02 -0.73072E+02  0.15676E+03 -0.10737E+03 -0.23093E+03 -0.63264E+02      298.00
  0.36407E-02  0.51780E+03   -0.40000E-02 -0.40000E-02  0.80000E-02  0.00000E+00  0.00000E+00  0.00000E+00   -0.84525E+02 -0.74104E+02  0.15863E+03 -0.10860E+03 -0.23367E+03 -0.63846E+02      298.00
  0.38705E-02  0.52366E+03   -0.42500E-02 -0.42500E-02  0.85000E-02  0.00000E+00  0.00000E+00  0.00000E+00   -0.85329E+02 -0.75097E+02  0.16043E+03 -0.10984E+03 -0.23636E+03 -0.64401E+02      298.00
  0.41002E-02  0.52932E+03   -0.45000E-02 -0.45000E-02  0.90000E-02  0.00000E+00  0.00000E+00  0.00000E+00   -0.86198E+02 -0.76010E+02  0.16221E+03 -0.11101E+03 -0.23893E+03 -0.65013E+02      298.00
  0.43301E-02  0.53501E+03   -0.47500E-02 -0.47500E-02  0.95000E-02  0.00000E+00  0.00000E+00  0.00000E+00   -0.87002E+02 -0.76923E+02  0.16393E+03 -0.11222E+03 -0.24154E+03 -0.65574E+02      298.00
  0.45599E-02  0.54065E+03   -0.50000E-02 -0.50000E-02  0.10000E-01  0.00000E+00  0.00000E+00  0.00000E+00   -0.87848E+02 -0.77789E+02  0.16564E+03 -0.11342E+03 -0.24411E+03 -0.66175E+02      298.00
  0.47896E-02  0.54625E+03   -0.52500E-02 -0.52500E-02  0.10500E-01  0.00000E+00  0.00000E+00  0.00000E+00   -0.88739E+02 -0.78611E+02  0.16735E+03 -0.11459E+03 -0.24665E+03 -0.66813E+02      298.00
  0.50194E-02  0.55182E+03   -0.55000E-02 -0.55000E-02  0.11000E-01  0.00000E+00  0.00000E+00  0.00000E+00   -0.89628E+02 -0.79406E+02  0.16903E+03 -0.11578E+03 -0.24918E+03 -0.67437E+02      298.00
  0.52491E-02  0.55716E+03   -0.57500E-02 -0.57500E-02  0.11500E-01  0.00000E+00  0.00000E+00  0.00000E+00   -0.90463E+02 -0.80191E+02  0.17065E+03 -0.11692E+03 -0.25160E+03 -0.68066E+02      298.00
  0.54789E-02  0.56261E+03   -0.60000E-02 -0.60000E-02  0.12000E-01  0.00000E+00  0.00000E+00  0.00000E+00   -0.91267E+02 -0.80985E+02  0.17225E+03 -0.11813E+03 -0.25410E+03 -0.68658E+02      298.00
  0.57085E-02  0.56784E+03   -0.62500E-02 -0.62500E-02  0.12500E-01  0.00000E+00  0.00000E+00  0.00000E+00   -0.92105E+02 -0.81717E+02  0.17382E+03 -0.11926E+03 -0.25646E+03 -0.69277E+02      298.00
  0.59381E-02  0.57299E+03   -0.65000E-02 -0.65000E-02  0.13000E-01  0.00000E+00  0.00000E+00  0.00000E+00   -0.92945E+02 -0.82422E+02  0.17537E+03 -0.12038E+03 -0.25879E+03 -0.69889E+02      298.00
  0.61676E-02  0.57821E+03   -0.67500E-02 -0.67500E-02  0.13500E-01  0.00000E+00  0.00000E+00  0.00000E+00   -0.93685E+02 -0.83170E+02  0.17685E+03 -0.12157E+03 -0.26119E+03 -0.70429E+02      298.00
  0.63970E-02  0.58322E+03   -0.70000E-02 -0.70000E-02  0.14000E-01  0.00000E+00  0.00000E+00  0.00000E+00   -0.94527E+02 -0.83828E+02  0.17836E+03 -0.12267E+03 -0.26344E+03 -0.71036E+02      298.00
  0.66264E-02  0.58819E+03   -0.72500E-02 -0.72500E-02  0.14500E-01  0.00000E+00  0.00000E+00  0.00000E+00   -0.95359E+02 -0.84479E+02  0.17984E+03 -0.12376E+03 -0.26568E+03 -0.71640E+02      298.00
  0.68557E-02  0.59324E+03   -0.75000E-02 -0.75000E-02  0.15000E-01  0.00000E+00  0.00000E+00  0.00000E+00   -0.96077E+02 -0.85185E+02  0.18126E+03 -0.12492E+03 -0.26800E+03 -0.72172E+02      298.00
  0.70848E-02  0.59807E+03   -0.77500E-02 -0.77500E-02  0.15500E-01  0.00000E+00  0.00000E+00  0.00000E+00   -0.96911E+02 -0.85796E+02  0.18271E+03 -0.12599E+03 -0.27018E+03 -0.72768E+02      298.00
  0.73140E-02  0.60308E+03   -0.80000E-02 -0.80000E-02  0.16000E-01  0.00000E+00  0.00000E+00  0.00000E+00   -0.97677E+02 -0.86463E+02  0.18414E+03 -0.12711E+03 -0.27246E+03 -0.73344E+02      298.00
  0.75430E-02  0.60779E+03   -0.82500E-02 -0.82500E-02  0.16500E-01  0.00000E+00  0.00000E+00  0.00000E+00   -0.98531E+02 -0.87023E+02  0.18555E+03 -0.12816E+03 -0.27457E+03 -0.73924E+02      298.00
  0.77719E-02  0.61283E+03   -0.85000E-02 -0.85000E-02  0.17000E-01  0.00000E+00  0.00000E+00  0.00000E+00   -0.99400E+02 -0.87603E+02  0.18700E+03 -0.12929E+03 -0.27687E+03 -0.74493E+02      298.00
  0.80008E-02  0.61746E+03   -0.87500E-02 -0.87500E-02  0.17500E-01  0.00000E+00  0.00000E+00  0.00000E+00   -0.10027E+03 -0.88115E+02  0.18838E+03 -0.13034E+03 -0.27895E+03 -0.75037E+02      298.00
  0.82296E-02  0.62209E+03   -0.90000E-02 -0.90000E-02  0.18000E-01  0.00000E+00  0.00000E+00  0.00000E+00   -0.10113E+03 -0.88620E+02  0.18975E+03 -0.13139E+03 -0.28104E+03 -0.75561E+02      298.00
  0.84584E-02  0.62653E+03   -0.92500E-02 -0.92500E-02  0.18500E-01  0.00000E+00  0.00000E+00  0.00000E+00   -0.10186E+03 -0.89196E+02  0.19106E+03 -0.13241E+03 -0.28303E+03 -0.76088E+02      298.00
  0.86871E-02  0.63139E+03   -0.95000E-02 -0.95000E-02  0.19000E-01  0.00000E+00  0.00000E+00  0.00000E+00   -0.10268E+03 -0.89872E+02  0.19255E+03 -0.13338E+03 -0.28519E+03 -0.76907E+02      298.00
  0.89158E-02  0.63570E+03   -0.97500E-02 -0.97500E-02  0.19500E-01  0.00000E+00  0.00000E+00  0.00000E+00   -0.10323E+03 -0.90498E+02  0.19373E+03 -0.13444E+03 -0.28717E+03 -0.77280E+02      298.00
  0.91444E-02  0.63996E+03   -0.10000E-01 -0.10000E-01  0.20000E-01  0.00000E+00  0.00000E+00  0.00000E+00   -0.10428E+03 -0.90770E+02  0.19505E+03 -0.13544E+03 -0.28905E+03 -0.77736E+02      298.00
  0.93730E-02  0.64456E+03   -0.10250E-01 -0.10250E-01  0.20500E-01  0.00000E+00  0.00000E+00  0.00000E+00   -0.10482E+03 -0.91541E+02  0.19636E+03 -0.13643E+03 -0.29114E+03 -0.78386E+02      298.00
  0.96015E-02  0.64884E+03   -0.10500E-01 -0.10500E-01  0.21000E-01  0.00000E+00  0.00000E+00  0.00000E+00   -0.10564E+03 -0.92018E+02  0.19766E+03 -0.13740E+03 -0.29305E+03 -0.78913E+02      298.00
  0.98299E-02  0.65339E+03   -0.10750E-01 -0.10750E-01  0.21500E-01  0.00000E+00  0.00000E+00  0.00000E+00   -0.10639E+03 -0.92580E+02  0.19897E+03 -0.13842E+03 -0.29511E+03 -0.79460E+02      298.00
  0.10058E-01  0.65761E+03   -0.11000E-01 -0.11000E-01  0.22000E-01  0.00000E+00  0.00000E+00  0.00000E+00   -0.10705E+03 -0.93189E+02  0.20024E+03 -0.13934E+03 -0.29699E+03 -0.80062E+02      298.00
  0.10287E-01  0.66175E+03   -0.11250E-01 -0.11250E-01  0.22500E-01  0.00000E+00  0.00000E+00  0.00000E+00   -0.10780E+03 -0.93692E+02  0.20150E+03 -0.14026E+03 -0.29883E+03 -0.80604E+02      298.00
  0.10515E-01  0.66586E+03   -0.11500E-01 -0.11500E-01  0.23000E-01  0.00000E+00  0.00000E+00  0.00000E+00   -0.10854E+03 -0.94207E+02  0.20274E+03 -0.14117E+03 -0.30066E+03 -0.81147E+02      298.00
  0.10743E-01  0.67036E+03   -0.11750E-01 -0.11750E-01  0.23500E-01  0.00000E+00  0.00000E+00  0.00000E+00   -0.10926E+03 -0.94766E+02  0.20402E+03 -0.14220E+03 -0.30271E+03 -0.81655E+02      298.00
  0.10972E-01  0.67439E+03   -0.12000E-01 -0.12000E-01  0.24000E-01  0.00000E+00  0.00000E+00  0.00000E+00   -0.10988E+03 -0.95370E+02  0.20525E+03 -0.14306E+03 -0.30450E+03 -0.82252E+02      298.00
  0.11200E-01  0.67835E+03   -0.12250E-01 -0.12250E-01  0.24500E-01  0.00000E+00  0.00000E+00  0.00000E+00   -0.11058E+03 -0.95883E+02  0.20647E+03 -0.14393E+03 -0.30625E+03 -0.82797E+02      298.00
  0.11428E-01  0.68226E+03   -0.12500E-01 -0.12500E-01  0.25000E-01  0.00000E+00  0.00000E+00  0.00000E+00   -0.11130E+03 -0.96377E+02  0.20767E+03 -0.14480E+03 -0.30798E+03 -0.83326E+02      298.00
          Evm          Svm            E11          E22          E33          E23          E13          E12         SDEV11       SDEV22       SDEV33       SDEV23       SDEV13       SDEV12      TEMP
  0.11428E-01  0.68210E+03   -0.12500E-01 -0.12500E-01  0.25000E-01  0.00000E+00  0.00000E+00  0.00000E+00   -0.11134E+03 -0.96298E+02  0.20764E+03 -0.14479E+03 -0.30789E+03 -0.83260E+02      298.00
  0.11657E-01  0.68615E+03   -0.12750E-01 -0.12750E-01  0.25500E-01  0.00000E+00  0.00000E+00  0.00000E+00   -0.11200E+03 -0.96869E+02  0.20887E+03 -0.14566E+03 -0.30969E+03 -0.83851E+02      298.00
  0.11885E-01  0.69000E+03   -0.13000E-01 -0.13000E-01  0.26000E-01  0.00000E+00  0.00000E+00  0.00000E+00   -0.11270E+03 -0.97361E+02  0.21006E+03 -0.14650E+03 -0.31139E+03 -0.84368E+02      298.00
  0.12113E-01  0.69448E+03   -0.13250E-01 -0.13250E-01  0.26500E-01  0.00000E+00  0.00000E+00  0.00000E+00   -0.11327E+03 -0.97993E+02  0.21126E+03 -0.14756E+03 -0.31348E+03 -0.84794E+02      298.00
  0.12341E-01  0.69822E+03   -0.13500E-01 -0.13500E-01  0.27000E-01  0.00000E+00  0.00000E+00  0.00000E+00   -0.11392E+03 -0.98520E+02  0.21244E+03 -0.14836E+03 -0.31512E+03 -0.85340E+02      298.00
  0.12570E-01  0.70192E+03   -0.13750E-01 -0.13750E-01  0.27500E-01  0.00000E+00  0.00000E+00  0.00000E+00   -0.11459E+03 -0.99006E+02  0.21360E+03 -0.14917E+03 -0.31675E+03 -0.85858E+02      298.00
  0.12798E-01  0.70558E+03   -0.14000E-01 -0.14000E-01  0.28000E-01  0.00000E+00  0.00000E+00  0.00000E+00   -0.11528E+03 -0.99472E+02  0.21475E+03 -0.14997E+03 -0.31835E+03 -0.86360E+02      298.00
  0.13026E-01  0.70921E+03   -0.14250E-01 -0.14250E-01  0.28500E-01  0.00000E+00  0.00000E+00  0.00000E+00   -0.11595E+03 -0.99942E+02  0.21590E+03 -0.15076E+03 -0.31994E+03 -0.86860E+02      298.00
  0.13254E-01  0.71280E+03   -0.14500E-01 -0.14500E-01  0.29000E-01  0.00000E+00  0.00000E+00  0.00000E+00   -0.11662E+03 -0.10041E+03  0.21703E+03 -0.15155E+03 -0.32152E+03 -0.87353E+02      298.00
  0.13483E-01  0.71637E+03   -0.14750E-01 -0.14750E-01  0.29500E-01  0.00000E+00  0.00000E+00  0.00000E+00   -0.11729E+03 -0.10087E+03  0.21816E+03 -0.15232E+03 -0.32308E+03 -0.87842E+02      298.00
  0.13711E-01  0.71981E+03   -0.15000E-01 -0.15000E-01  0.30000E-01  0.00000E+00  0.00000E+00  0.00000E+00   -0.11816E+03 -0.10112E+03  0.21928E+03 -0.15312E+03 -0.32457E+03 -0.88207E+02      298.00
  0.13940E-01  0.72341E+03   -0.15250E-01 -0.15250E-01  0.30500E-01  0.00000E+00  0.00000E+00  0.00000E+00   -0.11847E+03 -0.10185E+03  0.22032E+03 -0.15391E+03 -0.32620E+03 -0.88695E+02      298.00
  0.14168E-01  0.72682E+03   -0.15500E-01 -0.15500E-01  0.31000E-01  0.00000E+00  0.00000E+00  0.00000E+00   -0.11934E+03 -0.10216E+03  0.22150E+03 -0.15462E+03 -0.32765E+03 -0.89225E+02      298.00
  0.14397E-01  0.73073E+03   -0.15750E-01 -0.15750E-01  0.31500E-01  0.00000E+00  0.00000E+00  0.00000E+00   -0.12000E+03 -0.10258E+03  0.22258E+03 -0.15559E+03 -0.32946E+03 -0.89463E+02      298.00
  0.14625E-01  0.73394E+03   -0.16000E-01 -0.16000E-01  0.32000E-01  0.00000E+00  0.00000E+00  0.00000E+00   -0.12042E+03 -0.10321E+03  0.22363E+03 -0.15624E+03 -0.33085E+03 -0.90028E+02      298.00
  0.14854E-01  0.73738E+03   -0.16250E-01 -0.16250E-01  0.32500E-01  0.00000E+00  0.00000E+00  0.00000E+00   -0.12104E+03 -0.10368E+03  0.22472E+03 -0.15698E+03 -0.33236E+03 -0.90486E+02      298.00
  0.15082E-01  0.74095E+03   -0.16500E-01 -0.16500E-01  0.33000E-01  0.00000E+00  0.00000E+00  0.00000E+00   -0.12209E+03 -0.10375E+03  0.22584E+03 -0.15787E+03 -0.33394E+03 -0.90697E+02      298.00
  0.15311E-01  0.74397E+03   -0.16750E-01 -0.16750E-01  0.33500E-01  0.00000E+00  0.00000E+00  0.00000E+00   -0.12247E+03 -0.10445E+03  0.22692E+03 -0.15837E+03 -0.33519E+03 -0.91447E+02      298.00
  0.15539E-01  0.74748E+03   -0.17000E-01 -0.17000E-01  0.34000E-01  0.00000E+00  0.00000E+00  0.00000E+00   -0.12287E+03 -0.10508E+03  0.22795E+03 -0.15916E+03 -0.33678E+03 -0.91851E+02      298.00
  0.15768E-01  0.75048E+03   -0.17250E-01 -0.17250E-01  0.34500E-01  0.00000E+00  0.00000E+00  0.00000E+00   -0.12363E+03 -0.10539E+03  0.22902E+03 -0.15978E+03 -0.33803E+03 -0.92319E+02      298.00
  0.15997E-01  0.75412E+03   -0.17500E-01 -0.17500E-01  0.35000E-01  0.00000E+00  0.00000E+00  0.00000E+00   -0.12413E+03 -0.10595E+03  0.23008E+03 -0.16061E+03 -0.33969E+03 -0.92708E+02      298.00
  0.16226E-01  0.75726E+03   -0.17750E-01 -0.17750E-01  0.35500E-01  0.00000E+00  0.00000E+00  0.00000E+00   -0.12474E+03 -0.10638E+03  0.23113E+03 -0.16128E+03 -0.34104E+03 -0.93142E+02      298.00
  0.16455E-01  0.76037E+03   -0.18000E-01 -0.18000E-01  0.36000E-01  0.00000E+00  0.00000E+00  0.00000E+00   -0.12534E+03 -0.10682E+03  0.23216E+03 -0.16194E+03 -0.34239E+03 -0.93578E+02      298.00
  0.16684E-01  0.76345E+03   -0.18250E-01 -0.18250E-01  0.36500E-01  0.00000E+00  0.00000E+00  0.00000E+00   -0.12594E+03 -0.10725E+03  0.23319E+03 -0.16259E+03 -0.34372E+03 -0.94007E+02      298.00
  0.16913E-01  0.76650E+03   -0.18500E-01 -0.18500E-01  0.37000E-01  0.00000E+00  0.00000E+00  0.00000E+00   -0.12654E+03 -0.10767E+03  0.23421E+03 -0.16324E+03 -0.34504E+03 -0.94428E+02      298.00
  0.17142E-01  0.76953E+03   -0.18750E-01 -0.18750E-01  0.37500E-01  0.00000E+00  0.00000E+00  0.00000E+00   -0.12713E+03 -0.10810E+03  0.23522E+03 -0.16388E+03 -0.34634E+03 -0.94847E+02      298.00
  0.17371E-01  0.77275E+03   -0.19000E-01 -0.19000E-01  0.38000E-01  0.00000E+00  0.00000E+00  0.00000E+00   -0.12770E+03 -0.10855E+03  0.23625E+03 -0.16457E+03 -0.34776E+03 -0.95253E+02      298.00
  0.17601E-01  0.77563E+03   -0.19250E-01 -0.19250E-01  0.38500E-01  0.00000E+00  0.00000E+00  0.00000E+00   -0.12850E+03 -0.10874E+03  0.23725E+03 -0.16523E+03 -0.34899E+03 -0.95526E+02      298.00
  0.17830E-01  0.77863E+03   -0.19500E-01 -0.19500E-01  0.39000E-01  0.00000E+00  0.00000E+00  0.00000E+00   -0.12902E+03 -0.10923E+03  0.23825E+03 -0.16586E+03 -0.35029E+03 -0.95955E+02      298.00
  0.18059E-01  0.78161E+03   -0.19750E-01 -0.19750E-01  0.39500E-01  0.00000E+00  0.00000E+00  0.00000E+00   -0.12957E+03 -0.10967E+03  0.23924E+03 -0.16649E+03 -0.35158E+03 -0.96357E+02      298.00
  0.18289E-01  0.78455E+03   -0.20000E-01 -0.20000E-01  0.40000E-01  0.00000E+00  0.00000E+00  0.00000E+00   -0.13012E+03 -0.11010E+03  0.24023E+03 -0.16711E+03 -0.35285E+03 -0.96751E+02      298.00
  0.18519E-01  0.78746E+03   -0.20250E-01 -0.20250E-01  0.40500E-01  0.00000E+00  0.00000E+00  0.00000E+00   -0.13067E+03 -0.11053E+03  0.24121E+03 -0.16772E+03 -0.35411E+03 -0.97141E+02      298.00
  0.18748E-01  0.79035E+03   -0.20500E-01 -0.20500E-01  0.41000E-01  0.00000E+00  0.00000E+00  0.00000E+00   -0.13122E+03 -0.11096E+03  0.24218E+03 -0.16833E+03 -0.35536E+03 -0.97527E+02      298.00
  0.18978E-01  0.79320E+03   -0.20750E-01 -0.20750E-01  0.41500E-01  0.00000E+00  0.00000E+00  0.00000E+00   -0.13176E+03 -0.11139E+03  0.24315E+03 -0.16893E+03 -0.35659E+03 -0.97910E+02      298.00
  0.19208E-01  0.79603E+03   -0.21000E-01 -0.21000E-01  0.42000E-01  0.00000E+00  0.00000E+00  0.00000E+00   -0.13230E+03 -0.11181E+03  0.24411E+03 -0.16952E+03 -0.35780E+03 -0.98289E+02      298.00
  0.19438E-01  0.79882E+03   -0.21250E-01 -0.21250E-01  0.42500E-01  0.00000E+00  0.00000E+00  0.00000E+00   -0.13284E+03 -0.11224E+03  0.24507E+03 -0.17011E+03 -0.35900E+03 -0.98665E+02      298.00
  0.19668E-01  0.80233E+03   -0.21500E-01 -0.21500E-01  0.43000E-01  0.00000E+00  0.00000E+00  0.00000E+00   -0.13297E+03 -0.11304E+03  0.24602E+03 -0.17090E+03 -0.36066E+03 -0.99009E+02      298.00
  0.19898E-01  0.80494E+03   -0.21750E-01 -0.21750E-01  0.43500E-01  0.00000E+00  0.00000E+00  0.00000E+00   -0.13348E+03 -0.11347E+03  0.24695E+03 -0.17143E+03 -0.36176E+03 -0.99409E+02      298.00
  0.20128E-01  0.80755E+03   -0.22000E-01 -0.22000E-01  0.44000E-01  0.00000E+00  0.00000E+00  0.00000E+00   -0.13402E+03 -0.11387E+03  0.24789E+03 -0.17196E+03 -0.36286E+03 -0.99788E+02      298.00
  0.20359E-01  0.81014E+03   -0.22250E-01 -0.22250E-01  0.44500E-01  0.00000E+00  0.00000E+00  0.00000E+00   -0.13455E+03 -0.11427E+03  0.24881E+03 -0.17248E+03 -0.36395E+03 -0.10016E+03      298.00
  0.20589E-01  0.81271E+03   -0.22500E-01 -0.22500E-01  0.45000E-01  0.00000E+00  0.00000E+00  0.00000E+00   -0.13507E+03 -0.11467E+03  0.24974E+03 -0.17300E+03 -0.36503E+03 -0.10053E+03      298.00
  0.20819E-01  0.81525E+03   -0.22750E-01 -0.22750E-01  0.45500E-01  0.00000E+00  0.00000E+00  0.00000E+00   -0.13559E+03 -0.11507E+03  0.25066E+03 -0.17351E+03 -0.36610E+03 -0.10090E+03      298.00
  0.21050E-01  0.81778E+03   -0.23000E-01 -0.23000E-01  0.46000E-01  0.00000E+00  0.00000E+00  0.00000E+00   -0.13610E+03 -0.11547E+03  0.25157E+03 -0.17402E+03 -0.36716E+03 -0.10127E+03      298.00
  0.21281E-01  0.82028E+03   -0.23250E-01 -0.23250E-01  0.46500E-01  0.00000E+00  0.00000E+00  0.00000E+00   -0.13661E+03 -0.11587E+03  0.25248E+03 -0.17452E+03 -0.36821E+03 -0.10163E+03      298.00
  0.21511E-01  0.82274E+03   -0.23500E-01 -0.23500E-01  0.47000E-01  0.00000E+00  0.00000E+00  0.00000E+00   -0.13750E+03 -0.11594E+03  0.25344E+03 -0.17504E+03 -0.36922E+03 -0.10189E+03      298.00
  0.21743E-01  0.82521E+03   -0.23750E-01 -0.23750E-01  0.47500E-01  0.00000E+00  0.00000E+00  0.00000E+00   -0.13766E+03 -0.11662E+03  0.25429E+03 -0.17551E+03 -0.37028E+03 -0.10233E+03      298.00
  0.21974E-01  0.82775E+03   -0.24000E-01 -0.24000E-01  0.48000E-01  0.00000E+00  0.00000E+00  0.00000E+00   -0.13850E+03 -0.11674E+03  0.25524E+03 -0.17606E+03 -0.37134E+03 -0.10258E+03      298.00
  0.22205E-01  0.83021E+03   -0.24250E-01 -0.24250E-01  0.48500E-01  0.00000E+00  0.00000E+00  0.00000E+00   -0.13900E+03 -0.11713E+03  0.25613E+03 -0.17655E+03 -0.37237E+03 -0.10292E+03      298.00
  0.22436E-01  0.83265E+03   -0.24500E-01 -0.24500E-01  0.49000E-01  0.00000E+00  0.00000E+00  0.00000E+00   -0.13949E+03 -0.11753E+03  0.25702E+03 -0.17704E+03 -0.37340E+03 -0.10325E+03      298.00
  0.22668E-01  0.83506E+03   -0.24750E-01 -0.24750E-01  0.49500E-01  0.00000E+00  0.00000E+00  0.00000E+00   -0.13997E+03 -0.11793E+03  0.25790E+03 -0.17753E+03 -0.37442E+03 -0.10359E+03      298.00
  0.22899E-01  0.83745E+03   -0.25000E-01 -0.25000E-01  0.50000E-01  0.00000E+00  0.00000E+00  0.00000E+00   -0.14046E+03 -0.11832E+03  0.25878E+03 -0.17801E+03 -0.37542E+03 -0.10392E+03      298.00
          Evm          Svm            E11          E22          E33          E23          E13          E12         SDEV11       SDEV22       SDEV33       SDEV23       SDEV13       SDEV12      TEMP
  0.22899E-01  0.83760E+03   -0.25000E-01 -0.25000E-01  0.50000E-01  0.00000E+00  0.00000E+00  0.00000E+00   -0.14052E+03 -0.11826E+03  0.25878E+03 -0.17809E+03 -0.37552E+03 -0.10382E+03      298.00
  0.23131E-01  0.83982E+03   -0.25250E-01 -0.25250E-01  0.50500E-01  0.00000E+00  0.00000E+00  0.00000E+00   -0.14094E+03 -0.11871E+03  0.25965E+03 -0.17848E+03 -0.37642E+03 -0.10424E+03      298.00
  0.23363E-01  0.84216E+03   -0.25500E-01 -0.25500E-01  0.51000E-01  0.00000E+00  0.00000E+00  0.00000E+00   -0.14141E+03 -0.11910E+03  0.26052E+03 -0.17894E+03 -0.37740E+03 -0.10457E+03      298.00
  0.23595E-01  0.84447E+03   -0.25750E-01 -0.25750E-01  0.51500E-01  0.00000E+00  0.00000E+00  0.00000E+00   -0.14189E+03 -0.11949E+03  0.26138E+03 -0.17940E+03 -0.37836E+03 -0.10489E+03      298.00
  0.23827E-01  0.84633E+03   -0.26000E-01 -0.26000E-01  0.52000E-01  0.00000E+00  0.00000E+00  0.00000E+00   -0.14244E+03 -0.11981E+03  0.26224E+03 -0.17968E+03 -0.37904E+03 -0.10533E+03      298.00
  0.24060E-01  0.84860E+03   -0.26250E-01 -0.26250E-01  0.52500E-01  0.00000E+00  0.00000E+00  0.00000E+00   -0.14290E+03 -0.12019E+03  0.26310E+03 -0.18013E+03 -0.37999E+03 -0.10564E+03      298.00
  0.24292E-01  0.85085E+03   -0.26500E-01 -0.26500E-01  0.53000E-01  0.00000E+00  0.00000E+00  0.00000E+00   -0.14337E+03 -0.12057E+03  0.26395E+03 -0.18057E+03 -0.38093E+03 -0.10596E+03      298.00
  0.24525E-01  0.85308E+03   -0.26750E-01 -0.26750E-01  0.53500E-01  0.00000E+00  0.00000E+00  0.00000E+00   -0.14384E+03 -0.12095E+03  0.26479E+03 -0.18100E+03 -0.38185E+03 -0.10627E+03      298.00
  0.24758E-01  0.85528E+03   -0.27000E-01 -0.27000E-01  0.54000E-01  0.00000E+00  0.00000E+00  0.00000E+00   -0.14430E+03 -0.12133E+03  0.26563E+03 -0.18143E+03 -0.38276E+03 -0.10657E+03      298.00
  0.24990E-01  0.85746E+03   -0.27250E-01 -0.27250E-01  0.54500E-01  0.00000E+00  0.00000E+00  0.00000E+00   -0.14476E+03 -0.12170E+03  0.26647E+03 -0.18185E+03 -0.38366E+03 -0.10688E+03      298.00
  0.25224E-01  0.85962E+03   -0.27500E-01 -0.27500E-01  0.55000E-01  0.00000E+00  0.00000E+00  0.00000E+00   -0.14522E+03 -0.12207E+03  0.26730E+03 -0.18227E+03 -0.38456E+03 -0.10718E+03      298.00
  0.25457E-01  0.86175E+03   -0.27750E-01 -0.27750E-01  0.55500E-01  0.00000E+00  0.00000E+00  0.00000E+00   -0.14568E+03 -0.12244E+03  0.26813E+03 -0.18268E+03 -0.38544E+03 -0.10748E+03      298.00
  0.25690E-01  0.86387E+03   -0.28000E-01 -0.28000E-01  0.56000E-01  0.00000E+00  0.00000E+00  0.00000E+00   -0.14614E+03 -0.12281E+03  0.26895E+03 -0.18309E+03 -0.38631E+03 -0.10777E+03      298.00
  0.25924E-01  0.86596E+03   -0.28250E-01 -0.28250E-01  0.56500E-01  0.00000E+00  0.00000E+00  0.00000E+00   -0.14659E+03 -0.12318E+03  0.26977E+03 -0.18349E+03 -0.38717E+03 -0.10806E+03      298.00
  0.26157E-01  0.86803E+03   -0.28500E-01 -0.28500E-01  0.57000E-01  0.00000E+00  0.00000E+00  0.00000E+00   -0.14704E+03 -0.12354E+03  0.27058E+03 -0.18388E+03 -0.38802E+03 -0.10835E+03      298.00
  0.26391E-01  0.87008E+03   -0.28750E-01 -0.28750E-01  0.57500E-01  0.00000E+00  0.00000E+00  0.00000E+00   -0.14749E+03 -0.12390E+03  0.27139E+03 -0.18427E+03 -0.38885E+03 -0.10864E+03      298.00
  0.26625E-01  0.87211E+03   -0.29000E-01 -0.29000E-01  0.58000E-01  0.00000E+00  0.00000E+00  0.00000E+00   -0.14794E+03 -0.12426E+03  0.27220E+03 -0.18466E+03 -0.38968E+03 -0.10892E+03      298.00
  0.26859E-01  0.87412E+03   -0.29250E-01 -0.29250E-01  0.58500E-01  0.00000E+00  0.00000E+00  0.00000E+00   -0.14839E+03 -0.12461E+03  0.27300E+03 -0.18504E+03 -0.39050E+03 -0.10920E+03      298.00
  0.27093E-01  0.87611E+03   -0.29500E-01 -0.29500E-01  0.59000E-01  0.00000E+00  0.00000E+00  0.00000E+00   -0.14883E+03 -0.12497E+03  0.27380E+03 -0.18541E+03 -0.39131E+03 -0.10948E+03      298.00
  0.27328E-01  0.87808E+03   -0.29750E-01 -0.29750E-01  0.59500E-01  0.00000E+00  0.00000E+00  0.00000E+00   -0.14927E+03 -0.12532E+03  0.27459E+03 -0.18578E+03 -0.39211E+03 -0.10976E+03      298.00
  0.27562E-01  0.88003E+03   -0.30000E-01 -0.30000E-01  0.60000E-01  0.00000E+00  0.00000E+00  0.00000E+00   -0.14971E+03 -0.12568E+03  0.27538E+03 -0.18614E+03 -0.39290E+03 -0.11003E+03      298.00
  0.27797E-01  0.88195E+03   -0.30250E-01 -0.30250E-01  0.60500E-01  0.00000E+00  0.00000E+00  0.00000E+00   -0.15014E+03 -0.12603E+03  0.27617E+03 -0.18650E+03 -0.39368E+03 -0.11031E+03      298.00
  0.28032E-01  0.88386E+03   -0.30500E-01 -0.30500E-01  0.61000E-01  0.00000E+00  0.00000E+00  0.00000E+00   -0.15058E+03 -0.12638E+03  0.27695E+03 -0.18685E+03 -0.39445E+03 -0.11058E+03      298.00
  0.28267E-01  0.88575E+03   -0.30750E-01 -0.30750E-01  0.61500E-01  0.00000E+00  0.00000E+00  0.00000E+00   -0.15100E+03 -0.12673E+03  0.27773E+03 -0.18719E+03 -0.39521E+03 -0.11085E+03      298.00
  0.28502E-01  0.88763E+03   -0.31000E-01 -0.31000E-01  0.62000E-01  0.00000E+00  0.00000E+00  0.00000E+00   -0.15142E+03 -0.12709E+03  0.27851E+03 -0.18753E+03 -0.39596E+03 -0.11112E+03      298.00
  0.28737E-01  0.88948E+03   -0.31250E-01 -0.31250E-01  0.62500E-01  0.00000E+00  0.00000E+00  0.00000E+00   -0.15184E+03 -0.12744E+03  0.27928E+03 -0.18787E+03 -0.39670E+03 -0.11139E+03      298.00
  0.28973E-01  0.89131E+03   -0.31500E-01 -0.31500E-01  0.63000E-01  0.00000E+00  0.00000E+00  0.00000E+00   -0.15225E+03 -0.12780E+03  0.28005E+03 -0.18820E+03 -0.39744E+03 -0.11166E+03      298.00
  0.29208E-01  0.89313E+03   -0.31750E-01 -0.31750E-01  0.63500E-01  0.00000E+00  0.00000E+00  0.00000E+00   -0.15266E+03 -0.12815E+03  0.28081E+03 -0.18852E+03 -0.39816E+03 -0.11193E+03      298.00
  0.29444E-01  0.89493E+03   -0.32000E-01 -0.32000E-01  0.64000E-01  0.00000E+00  0.00000E+00  0.00000E+00   -0.15306E+03 -0.12851E+03  0.28157E+03 -0.18884E+03 -0.39888E+03 -0.11220E+03      298.00
  0.29680E-01  0.89670E+03   -0.32250E-01 -0.32250E-01  0.64500E-01  0.00000E+00  0.00000E+00  0.00000E+00   -0.15346E+03 -0.12887E+03  0.28233E+03 -0.18915E+03 -0.39959E+03 -0.11246E+03      298.00
  0.29916E-01  0.89846E+03   -0.32500E-01 -0.32500E-01  0.65000E-01  0.00000E+00  0.00000E+00  0.00000E+00   -0.15385E+03 -0.12923E+03  0.28308E+03 -0.18945E+03 -0.40028E+03 -0.11273E+03      298.00
  0.30153E-01  0.90019E+03   -0.32750E-01 -0.32750E-01  0.65500E-01  0.00000E+00  0.00000E+00  0.00000E+00   -0.15424E+03 -0.12959E+03  0.28383E+03 -0.18975E+03 -0.40097E+03 -0.11299E+03      298.00
  0.30389E-01  0.90191E+03   -0.33000E-01 -0.33000E-01  0.66000E-01  0.00000E+00  0.00000E+00  0.00000E+00   -0.15462E+03 -0.12995E+03  0.28457E+03 -0.19005E+03 -0.40164E+03 -0.11325E+03      298.00
  0.30626E-01  0.90359E+03   -0.33250E-01 -0.33250E-01  0.66500E-01  0.00000E+00  0.00000E+00  0.00000E+00   -0.15500E+03 -0.13031E+03  0.28531E+03 -0.19033E+03 -0.40230E+03 -0.11350E+03      298.00
  0.30863E-01  0.90526E+03   -0.33500E-01 -0.33500E-01  0.67000E-01  0.00000E+00  0.00000E+00  0.00000E+00   -0.15537E+03 -0.13067E+03  0.28604E+03 -0.19062E+03 -0.40296E+03 -0.11376E+03      298.00
  0.31100E-01  0.90691E+03   -0.33750E-01 -0.33750E-01  0.67500E-01  0.00000E+00  0.00000E+00  0.00000E+00   -0.15573E+03 -0.13104E+03  0.28677E+03 -0.19089E+03 -0.40360E+03 -0.11403E+03      298.00
  0.31337E-01  0.90855E+03   -0.34000E-01 -0.34000E-01  0.68000E-01  0.00000E+00  0.00000E+00  0.00000E+00   -0.15607E+03 -0.13142E+03  0.28750E+03 -0.19116E+03 -0.40424E+03 -0.11430E+03      298.00
  0.31574E-01  0.91017E+03   -0.34250E-01 -0.34250E-01  0.68500E-01  0.00000E+00  0.00000E+00  0.00000E+00   -0.15642E+03 -0.13180E+03  0.28822E+03 -0.19142E+03 -0.40486E+03 -0.11456E+03      298.00
  0.31812E-01  0.91178E+03   -0.34500E-01 -0.34500E-01  0.69000E-01  0.00000E+00  0.00000E+00  0.00000E+00   -0.15679E+03 -0.13216E+03  0.28894E+03 -0.19168E+03 -0.40548E+03 -0.11482E+03      298.00
  0.32049E-01  0.91337E+03   -0.34750E-01 -0.34750E-01  0.69500E-01  0.00000E+00  0.00000E+00  0.00000E+00   -0.15719E+03 -0.13247E+03  0.28967E+03 -0.19196E+03 -0.40610E+03 -0.11505E+03      298.00
  0.32287E-01  0.91496E+03   -0.35000E-01 -0.35000E-01  0.70000E-01  0.00000E+00  0.00000E+00  0.00000E+00   -0.15767E+03 -0.13272E+03  0.29039E+03 -0.19225E+03 -0.40671E+03 -0.11524E+03      298.00
  0.32525E-01  0.91605E+03   -0.35250E-01 -0.35250E-01  0.70500E-01  0.00000E+00  0.00000E+00  0.00000E+00   -0.15815E+03 -0.13292E+03  0.29107E+03 -0.19237E+03 -0.40703E+03 -0.11550E+03      298.00
  0.32763E-01  0.91816E+03   -0.35500E-01 -0.35500E-01  0.71000E-01  0.00000E+00  0.00000E+00  0.00000E+00   -0.15853E+03 -0.13330E+03  0.29183E+03 -0.19280E+03 -0.40795E+03 -0.11565E+03      298.00
  0.33002E-01  0.91967E+03   -0.35750E-01 -0.35750E-01  0.71500E-01  0.00000E+00  0.00000E+00  0.00000E+00   -0.15882E+03 -0.13371E+03  0.29253E+03 -0.19303E+03 -0.40852E+03 -0.11593E+03      298.00
  0.33240E-01  0.92116E+03   -0.36000E-01 -0.36000E-01  0.72000E-01  0.00000E+00  0.00000E+00  0.00000E+00   -0.15916E+03 -0.13408E+03  0.29324E+03 -0.19325E+03 -0.40909E+03 -0.11619E+03      298.00
  0.33479E-01  0.92263E+03   -0.36250E-01 -0.36250E-01  0.72500E-01  0.00000E+00  0.00000E+00  0.00000E+00   -0.15953E+03 -0.13441E+03  0.29393E+03 -0.19348E+03 -0.40964E+03 -0.11643E+03      298.00
  0.33718E-01  0.92408E+03   -0.36500E-01 -0.36500E-01  0.73000E-01  0.00000E+00  0.00000E+00  0.00000E+00   -0.15993E+03 -0.13470E+03  0.29463E+03 -0.19371E+03 -0.41018E+03 -0.11665E+03      298.00
  0.33957E-01  0.92552E+03   -0.36750E-01 -0.36750E-01  0.73500E-01  0.00000E+00  0.00000E+00  0.00000E+00   -0.16037E+03 -0.13496E+03  0.29533E+03 -0.19395E+03 -0.41072E+03 -0.11684E+03      298.00
  0.34196E-01  0.92648E+03   -0.37000E-01 -0.37000E-01  0.74000E-01  0.00000E+00  0.00000E+00  0.00000E+00   -0.16080E+03 -0.13517E+03  0.29598E+03 -0.19403E+03 -0.41097E+03 -0.11710E+03      298.00
  0.34436E-01  0.92848E+03   -0.37250E-01 -0.37250E-01  0.74500E-01  0.00000E+00  0.00000E+00  0.00000E+00   -0.16101E+03 -0.13561E+03  0.29661E+03 -0.19454E+03 -0.41190E+03 -0.11706E+03      298.00
  0.34676E-01  0.92985E+03   -0.37500E-01 -0.37500E-01  0.75000E-01  0.00000E+00  0.00000E+00  0.00000E+00   -0.16146E+03 -0.13594E+03  0.29740E+03 -0.19462E+03 -0.41234E+03 -0.11752E+03      298.00
          Evm          Svm            E11          E22          E33          E23          E13          E12         SDEV11       SDEV22       SDEV33       SDEV23       SDEV13       SDEV12      TEMP
  0.34676E-01  0.92982E+03   -0.37500E-01 -0.37500E-01  0.75000E-01  0.00000E+00  0.00000E+00  0.00000E+00   -0.16154E+03 -0.13580E+03  0.29734E+03 -0.19477E+03 -0.41233E+03 -0.11733E+03      298.00
  0.34916E-01  0.93125E+03   -0.37750E-01 -0.37750E-01  0.75500E-01  0.00000E+00  0.00000E+00  0.00000E+00   -0.16183E+03 -0.13625E+03  0.29809E+03 -0.19483E+03 -0.41286E+03 -0.11774E+03      298.00
  0.35156E-01  0.93216E+03   -0.38000E-01 -0.38000E-01  0.76000E-01  0.00000E+00  0.00000E+00  0.00000E+00   -0.16220E+03 -0.13652E+03  0.29872E+03 -0.19488E+03 -0.41309E+03 -0.11802E+03      298.00
  0.35396E-01  0.93405E+03   -0.38250E-01 -0.38250E-01  0.76500E-01  0.00000E+00  0.00000E+00  0.00000E+00   -0.16239E+03 -0.13695E+03  0.29934E+03 -0.19535E+03 -0.41396E+03 -0.11800E+03      298.00
  0.35636E-01  0.93541E+03   -0.38500E-01 -0.38500E-01  0.77000E-01  0.00000E+00  0.00000E+00  0.00000E+00   -0.16288E+03 -0.13725E+03  0.30012E+03 -0.19545E+03 -0.41439E+03 -0.11841E+03      298.00
  0.35877E-01  0.93673E+03   -0.38750E-01 -0.38750E-01  0.77500E-01  0.00000E+00  0.00000E+00  0.00000E+00   -0.16326E+03 -0.13754E+03  0.30080E+03 -0.19564E+03 -0.41487E+03 -0.11861E+03      298.00
  0.36118E-01  0.93761E+03   -0.39000E-01 -0.39000E-01  0.78000E-01  0.00000E+00  0.00000E+00  0.00000E+00   -0.16362E+03 -0.13780E+03  0.30142E+03 -0.19569E+03 -0.41509E+03 -0.11889E+03      298.00
  0.36359E-01  0.93939E+03   -0.39250E-01 -0.39250E-01  0.78500E-01  0.00000E+00  0.00000E+00  0.00000E+00   -0.16377E+03 -0.13826E+03  0.30203E+03 -0.19611E+03 -0.41590E+03 -0.11890E+03      298.00
  0.36600E-01  0.94072E+03   -0.39500E-01 -0.39500E-01  0.79000E-01  0.00000E+00  0.00000E+00  0.00000E+00   -0.16430E+03 -0.13851E+03  0.30280E+03 -0.19622E+03 -0.41633E+03 -0.11926E+03      298.00
  0.36841E-01  0.94200E+03   -0.39750E-01 -0.39750E-01  0.79500E-01  0.00000E+00  0.00000E+00  0.00000E+00   -0.16467E+03 -0.13880E+03  0.30347E+03 -0.19640E+03 -0.41678E+03 -0.11946E+03      298.00
  0.37083E-01  0.94284E+03   -0.40000E-01 -0.40000E-01  0.80000E-01  0.00000E+00  0.00000E+00  0.00000E+00   -0.16501E+03 -0.13907E+03  0.30408E+03 -0.19643E+03 -0.41698E+03 -0.11974E+03      298.00
  0.37325E-01  0.94452E+03   -0.40250E-01 -0.40250E-01  0.80500E-01  0.00000E+00  0.00000E+00  0.00000E+00   -0.16511E+03 -0.13957E+03  0.30468E+03 -0.19680E+03 -0.41773E+03 -0.11979E+03      298.00
  0.37567E-01  0.94547E+03   -0.40500E-01 -0.40500E-01  0.81000E-01  0.00000E+00  0.00000E+00  0.00000E+00   -0.16561E+03 -0.13980E+03  0.30540E+03 -0.19679E+03 -0.41795E+03 -0.12020E+03      298.00
  0.37809E-01  0.94663E+03   -0.40750E-01 -0.40750E-01  0.81500E-01  0.00000E+00  0.00000E+00  0.00000E+00   -0.16609E+03 -0.13996E+03  0.30605E+03 -0.19696E+03 -0.41833E+03 -0.12034E+03      298.00
  0.38052E-01  0.94818E+03   -0.41000E-01 -0.41000E-01  0.82000E-01  0.00000E+00  0.00000E+00  0.00000E+00   -0.16622E+03 -0.14042E+03  0.30664E+03 -0.19731E+03 -0.41902E+03 -0.12038E+03      298.00
  0.38294E-01  0.94915E+03   -0.41250E-01 -0.41250E-01  0.82500E-01  0.00000E+00  0.00000E+00  0.00000E+00   -0.16669E+03 -0.14067E+03  0.30736E+03 -0.19729E+03 -0.41924E+03 -0.12078E+03      298.00
  0.38537E-01  0.95030E+03   -0.41500E-01 -0.41500E-01  0.83000E-01  0.00000E+00  0.00000E+00  0.00000E+00   -0.16719E+03 -0.14082E+03  0.30800E+03 -0.19747E+03 -0.41963E+03 -0.12090E+03      298.00
  0.38780E-01  0.95176E+03   -0.41750E-01 -0.41750E-01  0.83500E-01  0.00000E+00  0.00000E+00  0.00000E+00   -0.16729E+03 -0.14129E+03  0.30858E+03 -0.19778E+03 -0.42026E+03 -0.12096E+03      298.00
  0.39023E-01  0.95273E+03   -0.42000E-01 -0.42000E-01  0.84000E-01  0.00000E+00  0.00000E+00  0.00000E+00   -0.16779E+03 -0.14150E+03  0.30929E+03 -0.19778E+03 -0.42049E+03 -0.12133E+03      298.00
  0.39267E-01  0.95412E+03   -0.42250E-01 -0.42250E-01  0.84500E-01  0.00000E+00  0.00000E+00  0.00000E+00   -0.16787E+03 -0.14199E+03  0.30986E+03 -0.19805E+03 -0.42108E+03 -0.12142E+03      298.00
  0.39510E-01  0.95509E+03   -0.42500E-01 -0.42500E-01  0.85000E-01  0.00000E+00  0.00000E+00  0.00000E+00   -0.16836E+03 -0.14220E+03  0.31057E+03 -0.19805E+03 -0.42131E+03 -0.12178E+03      298.00
  0.39754E-01  0.95617E+03   -0.42750E-01 -0.42750E-01  0.85500E-01  0.00000E+00  0.00000E+00  0.00000E+00   -0.16883E+03 -0.14237E+03  0.31120E+03 -0.19821E+03 -0.42166E+03 -0.12191E+03      298.00
  0.39998E-01  0.95752E+03   -0.43000E-01 -0.43000E-01  0.86000E-01  0.00000E+00  0.00000E+00  0.00000E+00   -0.16891E+03 -0.14285E+03  0.31176E+03 -0.19847E+03 -0.42223E+03 -0.12199E+03      298.00
  0.40242E-01  0.95849E+03   -0.43250E-01 -0.43250E-01  0.86500E-01  0.00000E+00  0.00000E+00  0.00000E+00   -0.16942E+03 -0.14305E+03  0.31247E+03 -0.19848E+03 -0.42247E+03 -0.12232E+03      298.00
  0.40487E-01  0.95978E+03   -0.43500E-01 -0.43500E-01  0.87000E-01  0.00000E+00  0.00000E+00  0.00000E+00   -0.16945E+03 -0.14357E+03  0.31302E+03 -0.19871E+03 -0.42300E+03 -0.12245E+03      298.00
  0.40732E-01  0.96073E+03   -0.43750E-01 -0.43750E-01  0.87500E-01  0.00000E+00  0.00000E+00  0.00000E+00   -0.16999E+03 -0.14373E+03  0.31372E+03 -0.19872E+03 -0.42322E+03 -0.12276E+03      298.00
  0.40977E-01  0.96176E+03   -0.44000E-01 -0.44000E-01  0.88000E-01  0.00000E+00  0.00000E+00  0.00000E+00   -0.17043E+03 -0.14391E+03  0.31434E+03 -0.19886E+03 -0.42355E+03 -0.12289E+03      298.00
  0.41222E-01  0.96301E+03   -0.44250E-01 -0.44250E-01  0.88500E-01  0.00000E+00  0.00000E+00  0.00000E+00   -0.17048E+03 -0.14442E+03  0.31489E+03 -0.19908E+03 -0.42407E+03 -0.12300E+03      298.00
  0.41467E-01  0.96397E+03   -0.44500E-01 -0.44500E-01  0.89000E-01  0.00000E+00  0.00000E+00  0.00000E+00   -0.17100E+03 -0.14459E+03  0.31559E+03 -0.19910E+03 -0.42430E+03 -0.12330E+03      298.00
  0.41712E-01  0.96498E+03   -0.44750E-01 -0.44750E-01  0.89500E-01  0.00000E+00  0.00000E+00  0.00000E+00   -0.17144E+03 -0.14477E+03  0.31621E+03 -0.19923E+03 -0.42462E+03 -0.12343E+03      298.00
  0.41958E-01  0.96616E+03   -0.45000E-01 -0.45000E-01  0.90000E-01  0.00000E+00  0.00000E+00  0.00000E+00   -0.17148E+03 -0.14527E+03  0.31674E+03 -0.19943E+03 -0.42509E+03 -0.12354E+03      298.00
  0.42204E-01  0.96675E+03   -0.45250E-01 -0.45250E-01  0.90500E-01  0.00000E+00  0.00000E+00  0.00000E+00   -0.17189E+03 -0.14547E+03  0.31736E+03 -0.19935E+03 -0.42514E+03 -0.12385E+03      298.00
  0.42450E-01  0.96825E+03   -0.45500E-01 -0.45500E-01  0.91000E-01  0.00000E+00  0.00000E+00  0.00000E+00   -0.17196E+03 -0.14601E+03  0.31797E+03 -0.19961E+03 -0.42578E+03 -0.12400E+03      298.00
  0.42697E-01  0.96918E+03   -0.45750E-01 -0.45750E-01  0.91500E-01  0.00000E+00  0.00000E+00  0.00000E+00   -0.17253E+03 -0.14613E+03  0.31866E+03 -0.19964E+03 -0.42600E+03 -0.12426E+03      298.00
  0.42943E-01  0.97014E+03   -0.46000E-01 -0.46000E-01  0.92000E-01  0.00000E+00  0.00000E+00  0.00000E+00   -0.17294E+03 -0.14632E+03  0.31926E+03 -0.19975E+03 -0.42629E+03 -0.12440E+03      298.00
  0.43190E-01  0.97125E+03   -0.46250E-01 -0.46250E-01  0.92500E-01  0.00000E+00  0.00000E+00  0.00000E+00   -0.17294E+03 -0.14685E+03  0.31979E+03 -0.19991E+03 -0.42672E+03 -0.12454E+03      298.00
  0.43437E-01  0.97218E+03   -0.46500E-01 -0.46500E-01  0.93000E-01  0.00000E+00  0.00000E+00  0.00000E+00   -0.17350E+03 -0.14698E+03  0.32048E+03 -0.19994E+03 -0.42695E+03 -0.12479E+03      298.00
  0.43684E-01  0.97271E+03   -0.46750E-01 -0.46750E-01  0.93500E-01  0.00000E+00  0.00000E+00  0.00000E+00   -0.17379E+03 -0.14720E+03  0.32099E+03 -0.19993E+03 -0.42702E+03 -0.12494E+03      298.00
  0.43932E-01  0.97416E+03   -0.47000E-01 -0.47000E-01  0.94000E-01  0.00000E+00  0.00000E+00  0.00000E+00   -0.17385E+03 -0.14774E+03  0.32160E+03 -0.20018E+03 -0.42764E+03 -0.12509E+03      298.00
  0.44179E-01  0.97509E+03   -0.47250E-01 -0.47250E-01  0.94500E-01  0.00000E+00  0.00000E+00  0.00000E+00   -0.17442E+03 -0.14786E+03  0.32228E+03 -0.20021E+03 -0.42787E+03 -0.12533E+03      298.00
  0.44427E-01  0.97560E+03   -0.47500E-01 -0.47500E-01  0.95000E-01  0.00000E+00  0.00000E+00  0.00000E+00   -0.17470E+03 -0.14809E+03  0.32279E+03 -0.20020E+03 -0.42793E+03 -0.12548E+03      298.00
  0.44675E-01  0.97700E+03   -0.47750E-01 -0.47750E-01  0.95500E-01  0.00000E+00  0.00000E+00  0.00000E+00   -0.17475E+03 -0.14863E+03  0.32339E+03 -0.20042E+03 -0.42851E+03 -0.12564E+03      298.00
  0.44924E-01  0.97792E+03   -0.48000E-01 -0.48000E-01  0.96000E-01  0.00000E+00  0.00000E+00  0.00000E+00   -0.17532E+03 -0.14874E+03  0.32406E+03 -0.20045E+03 -0.42873E+03 -0.12586E+03      298.00
  0.45172E-01  0.97842E+03   -0.48250E-01 -0.48250E-01  0.96500E-01  0.00000E+00  0.00000E+00  0.00000E+00   -0.17559E+03 -0.14898E+03  0.32457E+03 -0.20043E+03 -0.42879E+03 -0.12602E+03      298.00
  0.45421E-01  0.97976E+03   -0.48500E-01 -0.48500E-01  0.97000E-01  0.00000E+00  0.00000E+00  0.00000E+00   -0.17564E+03 -0.14952E+03  0.32516E+03 -0.20063E+03 -0.42934E+03 -0.12618E+03      298.00
  0.45670E-01  0.98035E+03   -0.48750E-01 -0.48750E-01  0.97500E-01  0.00000E+00  0.00000E+00  0.00000E+00   -0.17607E+03 -0.14969E+03  0.32576E+03 -0.20057E+03 -0.42940E+03 -0.12643E+03      298.00
  0.45919E-01  0.98116E+03   -0.49000E-01 -0.49000E-01  0.98000E-01  0.00000E+00  0.00000E+00  0.00000E+00   -0.17644E+03 -0.14990E+03  0.32634E+03 -0.20064E+03 -0.42962E+03 -0.12657E+03      298.00
  0.46168E-01  0.98205E+03   -0.49250E-01 -0.49250E-01  0.98500E-01  0.00000E+00  0.00000E+00  0.00000E+00   -0.17680E+03 -0.15012E+03  0.32692E+03 -0.20072E+03 -0.42988E+03 -0.12670E+03      298.00
  0.46418E-01  0.98330E+03   -0.49500E-01 -0.49500E-01  0.99000E-01  0.00000E+00  0.00000E+00  0.00000E+00   -0.17686E+03 -0.15065E+03  0.32750E+03 -0.20090E+03 -0.43038E+03 -0.12686E+03      298.00
  0.46668E-01  0.98389E+03   -0.49750E-01 -0.49750E-01  0.99500E-01  0.00000E+00  0.00000E+00  0.00000E+00   -0.17730E+03 -0.15079E+03  0.32810E+03 -0.20085E+03 -0.43044E+03 -0.12709E+03      298.00
  0.46918E-01  0.98468E+03   -0.50000E-01 -0.50000E-01  0.10000E+00  0.00000E+00  0.00000E+00  0.00000E+00   -0.17766E+03 -0.15101E+03  0.32867E+03 -0.20090E+03 -0.43065E+03 -0.12723E+03      298.00
          Evm          Svm            E11          E22          E33          E23          E13          E12         SDEV11       SDEV22       SDEV33       SDEV23       SDEV13       SDEV12      TEMP
  0.46918E-01  0.98516E+03   -0.50000E-01 -0.50000E-01  0.10000E+00  0.00000E+00  0.00000E+00  0.00000E+00   -0.17786E+03 -0.15087E+03  0.32873E+03 -0.20113E+03 -0.43092E+03 -0.12706E+03      298.00
  0.47168E-01  0.98590E+03   -0.50250E-01 -0.50250E-01  0.10050E+00  0.00000E+00  0.00000E+00  0.00000E+00   -0.17767E+03 -0.15158E+03  0.32925E+03 -0.20105E+03 -0.43113E+03 -0.12743E+03      298.00
  0.47419E-01  0.98647E+03   -0.50500E-01 -0.50500E-01  0.10100E+00  0.00000E+00  0.00000E+00  0.00000E+00   -0.17809E+03 -0.15174E+03  0.32983E+03 -0.20099E+03 -0.43118E+03 -0.12765E+03      298.00
  0.47669E-01  0.98724E+03   -0.50750E-01 -0.50750E-01  0.10150E+00  0.00000E+00  0.00000E+00  0.00000E+00   -0.17843E+03 -0.15197E+03  0.33040E+03 -0.20103E+03 -0.43138E+03 -0.12779E+03      298.00
  0.47920E-01  0.98806E+03   -0.51000E-01 -0.51000E-01  0.10200E+00  0.00000E+00  0.00000E+00  0.00000E+00   -0.17878E+03 -0.15219E+03  0.33097E+03 -0.20110E+03 -0.43161E+03 -0.12792E+03      298.00
  0.48172E-01  0.98921E+03   -0.51250E-01 -0.51250E-01  0.10250E+00  0.00000E+00  0.00000E+00  0.00000E+00   -0.17881E+03 -0.15273E+03  0.33154E+03 -0.20123E+03 -0.43205E+03 -0.12811E+03      298.00
  0.48423E-01  0.98978E+03   -0.51500E-01 -0.51500E-01  0.10300E+00  0.00000E+00  0.00000E+00  0.00000E+00   -0.17927E+03 -0.15286E+03  0.33213E+03 -0.20118E+03 -0.43211E+03 -0.12830E+03      298.00
  0.48675E-01  0.99052E+03   -0.51750E-01 -0.51750E-01  0.10350E+00  0.00000E+00  0.00000E+00  0.00000E+00   -0.17961E+03 -0.15308E+03  0.33269E+03 -0.20122E+03 -0.43229E+03 -0.12844E+03      298.00
  0.48927E-01  0.99119E+03   -0.52000E-01 -0.52000E-01  0.10400E+00  0.00000E+00  0.00000E+00  0.00000E+00   -0.17977E+03 -0.15342E+03  0.33320E+03 -0.20124E+03 -0.43245E+03 -0.12858E+03      298.00
  0.49179E-01  0.99214E+03   -0.52250E-01 -0.52250E-01  0.10450E+00  0.00000E+00  0.00000E+00  0.00000E+00   -0.18018E+03 -0.15364E+03  0.33382E+03 -0.20131E+03 -0.43273E+03 -0.12876E+03      298.00
  0.49431E-01  0.99278E+03   -0.52500E-01 -0.52500E-01  0.10500E+00  0.00000E+00  0.00000E+00  0.00000E+00   -0.18034E+03 -0.15398E+03  0.33433E+03 -0.20132E+03 -0.43288E+03 -0.12891E+03      298.00
  0.49684E-01  0.99359E+03   -0.52750E-01 -0.52750E-01  0.10550E+00  0.00000E+00  0.00000E+00  0.00000E+00   -0.18058E+03 -0.15432E+03  0.33490E+03 -0.20135E+03 -0.43311E+03 -0.12910E+03      298.00
  0.49936E-01  0.99448E+03   -0.53000E-01 -0.53000E-01  0.10600E+00  0.00000E+00  0.00000E+00  0.00000E+00   -0.18099E+03 -0.15452E+03  0.33551E+03 -0.20139E+03 -0.43335E+03 -0.12927E+03      298.00
  0.50190E-01  0.99510E+03   -0.53250E-01 -0.53250E-01  0.10650E+00  0.00000E+00  0.00000E+00  0.00000E+00   -0.18115E+03 -0.15487E+03  0.33602E+03 -0.20140E+03 -0.43349E+03 -0.12942E+03      298.00
  0.50443E-01  0.99589E+03   -0.53500E-01 -0.53500E-01  0.10700E+00  0.00000E+00  0.00000E+00  0.00000E+00   -0.18138E+03 -0.15520E+03  0.33658E+03 -0.20142E+03 -0.43370E+03 -0.12961E+03      298.00
  0.50696E-01  0.99676E+03   -0.53750E-01 -0.53750E-01  0.10750E+00  0.00000E+00  0.00000E+00  0.00000E+00   -0.18179E+03 -0.15540E+03  0.33719E+03 -0.20146E+03 -0.43394E+03 -0.12977E+03      298.00
  0.50950E-01  0.99735E+03   -0.54000E-01 -0.54000E-01  0.10800E+00  0.00000E+00  0.00000E+00  0.00000E+00   -0.18194E+03 -0.15575E+03  0.33769E+03 -0.20145E+03 -0.43406E+03 -0.12992E+03      298.00
  0.51204E-01  0.99824E+03   -0.54250E-01 -0.54250E-01  0.10850E+00  0.00000E+00  0.00000E+00  0.00000E+00   -0.18234E+03 -0.15596E+03  0.33831E+03 -0.20150E+03 -0.43431E+03 -0.13009E+03      298.00
  0.51458E-01  0.99882E+03   -0.54500E-01 -0.54500E-01  0.10900E+00  0.00000E+00  0.00000E+00  0.00000E+00   -0.18249E+03 -0.15631E+03  0.33880E+03 -0.20149E+03 -0.43442E+03 -0.13024E+03      298.00
  0.51712E-01  0.99958E+03   -0.54750E-01 -0.54750E-01  0.10950E+00  0.00000E+00  0.00000E+00  0.00000E+00   -0.18272E+03 -0.15664E+03  0.33936E+03 -0.20150E+03 -0.43462E+03 -0.13043E+03      298.00
  0.51967E-01  0.10004E+04   -0.55000E-01 -0.55000E-01  0.11000E+00  0.00000E+00  0.00000E+00  0.00000E+00   -0.18313E+03 -0.15684E+03  0.33996E+03 -0.20153E+03 -0.43484E+03 -0.13058E+03      298.00
  0.52222E-01  0.10010E+04   -0.55250E-01 -0.55250E-01  0.11050E+00  0.00000E+00  0.00000E+00  0.00000E+00   -0.18327E+03 -0.15719E+03  0.34046E+03 -0.20151E+03 -0.43495E+03 -0.13074E+03      298.00
  0.52477E-01  0.10018E+04   -0.55500E-01 -0.55500E-01  0.11100E+00  0.00000E+00  0.00000E+00  0.00000E+00   -0.18367E+03 -0.15739E+03  0.34106E+03 -0.20155E+03 -0.43517E+03 -0.13090E+03      298.00
  0.52732E-01  0.10024E+04   -0.55750E-01 -0.55750E-01  0.11150E+00  0.00000E+00  0.00000E+00  0.00000E+00   -0.18381E+03 -0.15775E+03  0.34155E+03 -0.20153E+03 -0.43527E+03 -0.13105E+03      298.00
  0.52988E-01  0.10032E+04   -0.56000E-01 -0.56000E-01  0.11200E+00  0.00000E+00  0.00000E+00  0.00000E+00   -0.18421E+03 -0.15795E+03  0.34216E+03 -0.20156E+03 -0.43549E+03 -0.13121E+03      298.00
  0.53244E-01  0.10037E+04   -0.56250E-01 -0.56250E-01  0.11250E+00  0.00000E+00  0.00000E+00  0.00000E+00   -0.18434E+03 -0.15830E+03  0.34265E+03 -0.20153E+03 -0.43559E+03 -0.13136E+03      298.00
  0.53500E-01  0.10045E+04   -0.56500E-01 -0.56500E-01  0.11300E+00  0.00000E+00  0.00000E+00  0.00000E+00   -0.18456E+03 -0.15863E+03  0.34319E+03 -0.20153E+03 -0.43576E+03 -0.13154E+03      298.00
  0.53756E-01  0.10052E+04   -0.56750E-01 -0.56750E-01  0.11350E+00  0.00000E+00  0.00000E+00  0.00000E+00   -0.18497E+03 -0.15882E+03  0.34379E+03 -0.20155E+03 -0.43595E+03 -0.13169E+03      298.00
  0.54013E-01  0.10058E+04   -0.57000E-01 -0.57000E-01  0.11400E+00  0.00000E+00  0.00000E+00  0.00000E+00   -0.18510E+03 -0.15918E+03  0.34428E+03 -0.20151E+03 -0.43604E+03 -0.13185E+03      298.00
  0.54269E-01  0.10066E+04   -0.57250E-01 -0.57250E-01  0.11450E+00  0.00000E+00  0.00000E+00  0.00000E+00   -0.18550E+03 -0.15937E+03  0.34487E+03 -0.20153E+03 -0.43624E+03 -0.13200E+03      298.00
  0.54526E-01  0.10071E+04   -0.57500E-01 -0.57500E-01  0.11500E+00  0.00000E+00  0.00000E+00  0.00000E+00   -0.18562E+03 -0.15973E+03  0.34536E+03 -0.20150E+03 -0.43632E+03 -0.13216E+03      298.00
  0.54783E-01  0.10078E+04   -0.57750E-01 -0.57750E-01  0.11550E+00  0.00000E+00  0.00000E+00  0.00000E+00   -0.18602E+03 -0.15993E+03  0.34595E+03 -0.20151E+03 -0.43651E+03 -0.13230E+03      298.00
  0.55041E-01  0.10084E+04   -0.58000E-01 -0.58000E-01  0.11600E+00  0.00000E+00  0.00000E+00  0.00000E+00   -0.18614E+03 -0.16029E+03  0.34643E+03 -0.20148E+03 -0.43659E+03 -0.13246E+03      298.00
  0.55299E-01  0.10090E+04   -0.58250E-01 -0.58250E-01  0.11650E+00  0.00000E+00  0.00000E+00  0.00000E+00   -0.18636E+03 -0.16061E+03  0.34697E+03 -0.20146E+03 -0.43674E+03 -0.13264E+03      298.00
  0.55556E-01  0.10098E+04   -0.58500E-01 -0.58500E-01  0.11700E+00  0.00000E+00  0.00000E+00  0.00000E+00   -0.18677E+03 -0.16079E+03  0.34756E+03 -0.20146E+03 -0.43690E+03 -0.13278E+03      298.00
  0.55815E-01  0.10102E+04   -0.58750E-01 -0.58750E-01  0.11750E+00  0.00000E+00  0.00000E+00  0.00000E+00   -0.18688E+03 -0.16116E+03  0.34804E+03 -0.20142E+03 -0.43697E+03 -0.13294E+03      298.00
  0.56073E-01  0.10110E+04   -0.59000E-01 -0.59000E-01  0.11800E+00  0.00000E+00  0.00000E+00  0.00000E+00   -0.18728E+03 -0.16134E+03  0.34863E+03 -0.20142E+03 -0.43715E+03 -0.13308E+03      298.00
  0.56332E-01  0.10115E+04   -0.59250E-01 -0.59250E-01  0.11850E+00  0.00000E+00  0.00000E+00  0.00000E+00   -0.18739E+03 -0.16171E+03  0.34910E+03 -0.20137E+03 -0.43721E+03 -0.13324E+03      298.00
  0.56590E-01  0.10122E+04   -0.59500E-01 -0.59500E-01  0.11900E+00  0.00000E+00  0.00000E+00  0.00000E+00   -0.18779E+03 -0.16189E+03  0.34969E+03 -0.20138E+03 -0.43738E+03 -0.13338E+03      298.00
  0.56850E-01  0.10127E+04   -0.59750E-01 -0.59750E-01  0.11950E+00  0.00000E+00  0.00000E+00  0.00000E+00   -0.18790E+03 -0.16226E+03  0.35016E+03 -0.20132E+03 -0.43744E+03 -0.13354E+03      298.00
  0.57109E-01  0.10134E+04   -0.60000E-01 -0.60000E-01  0.12000E+00  0.00000E+00  0.00000E+00  0.00000E+00   -0.18830E+03 -0.16245E+03  0.35075E+03 -0.20132E+03 -0.43760E+03 -0.13368E+03      298.00
  0.57368E-01  0.10139E+04   -0.60250E-01 -0.60250E-01  0.12050E+00  0.00000E+00  0.00000E+00  0.00000E+00   -0.18840E+03 -0.16281E+03  0.35122E+03 -0.20127E+03 -0.43765E+03 -0.13384E+03      298.00
  0.57628E-01  0.10146E+04   -0.60500E-01 -0.60500E-01  0.12100E+00  0.00000E+00  0.00000E+00  0.00000E+00   -0.18880E+03 -0.16300E+03  0.35180E+03 -0.20126E+03 -0.43781E+03 -0.13398E+03      298.00
  0.57888E-01  0.10150E+04   -0.60750E-01 -0.60750E-01  0.12150E+00  0.00000E+00  0.00000E+00  0.00000E+00   -0.18891E+03 -0.16337E+03  0.35227E+03 -0.20120E+03 -0.43786E+03 -0.13414E+03      298.00
  0.58149E-01  0.10156E+04   -0.61000E-01 -0.61000E-01  0.12200E+00  0.00000E+00  0.00000E+00  0.00000E+00   -0.18911E+03 -0.16369E+03  0.35280E+03 -0.20116E+03 -0.43797E+03 -0.13431E+03      298.00
  0.58409E-01  0.10163E+04   -0.61250E-01 -0.61250E-01  0.12250E+00  0.00000E+00  0.00000E+00  0.00000E+00   -0.18952E+03 -0.16385E+03  0.35337E+03 -0.20115E+03 -0.43810E+03 -0.13444E+03      298.00
  0.58670E-01  0.10167E+04   -0.61500E-01 -0.61500E-01  0.12300E+00  0.00000E+00  0.00000E+00  0.00000E+00   -0.18962E+03 -0.16422E+03  0.35384E+03 -0.20108E+03 -0.43815E+03 -0.13460E+03      298.00
  0.58931E-01  0.10174E+04   -0.61750E-01 -0.61750E-01  0.12350E+00  0.00000E+00  0.00000E+00  0.00000E+00   -0.19002E+03 -0.16440E+03  0.35442E+03 -0.20107E+03 -0.43828E+03 -0.13473E+03      298.00
  0.59192E-01  0.10179E+04   -0.62000E-01 -0.62000E-01  0.12400E+00  0.00000E+00  0.00000E+00  0.00000E+00   -0.19011E+03 -0.16477E+03  0.35489E+03 -0.20100E+03 -0.43832E+03 -0.13490E+03      298.00
  0.59454E-01  0.10185E+04   -0.62250E-01 -0.62250E-01  0.12450E+00  0.00000E+00  0.00000E+00  0.00000E+00   -0.19051E+03 -0.16495E+03  0.35546E+03 -0.20099E+03 -0.43845E+03 -0.13503E+03      298.00
  0.59715E-01  0.10190E+04   -0.62500E-01 -0.62500E-01  0.12500E+00  0.00000E+00  0.00000E+00  0.00000E+00   -0.19060E+03 -0.16532E+03  0.35593E+03 -0.20092E+03 -0.43849E+03 -0.13519E+03      298.00
