    STEP   AVACS   MODE1   MODE2   MODE3   MODE4
       1   6.000   0.337   0.663   0.000   0.000
       2   6.000   0.304   0.696   0.000   0.000
       3   6.000   0.271   0.729   0.000   0.000
       4   6.000   0.287   0.713   0.000   0.000
       5   5.000   0.330   0.670   0.000   0.000
       6   6.000   0.396   0.604   0.000   0.000
       7   7.000   0.451   0.549   0.000   0.000
       8   5.000   0.487   0.513   0.000   0.000
       9   6.000   0.504   0.496   0.000   0.000
      10   6.000   0.531   0.469   0.000   0.000
      11   5.000   0.489   0.511   0.000   0.000
      12   6.000   0.505   0.495   0.000   0.000
      13   6.000   0.445   0.555   0.000   0.000
      14   4.000   0.367   0.633   0.000   0.000
      15   6.000   0.368   0.632   0.000   0.000
      16   6.000   0.354   0.646   0.000   0.000
      17   6.000   0.322   0.678   0.000   0.000
      18   6.000   0.345   0.655   0.000   0.000
      19   6.000   0.337   0.663   0.000   0.000
      20   6.000   0.304   0.696   0.000   0.000
      21   6.000   0.271   0.729   0.000   0.000
      22   6.000   0.287   0.713   0.000   0.000
      23   5.000   0.330   0.670   0.000   0.000
      24   6.000   0.396   0.604   0.000   0.000
      25   7.000   0.451   0.549   0.000   0.000
      26   5.000   0.487   0.513   0.000   0.000
      27   6.000   0.504   0.496   0.000   0.000
      28   6.000   0.531   0.469   0.000   0.000
      29   5.000   0.489   0.511   0.000   0.000
      30   6.000   0.505   0.495   0.000   0.000
      31   6.000   0.445   0.555   0.000   0.000
      32   4.000   0.367   0.633   0.000   0.000
      33   6.000   0.368   0.632   0.000   0.000
      34   6.000   0.354   0.646   0.000   0.000
      35   6.000   0.322   0.678   0.000   0.000
      36   6.000   0.345   0.655   0.000   0.000
  STRAIN   AVACS   PRITW   SECTW   MODE1   MODE2   MODE3   MODE4   TWFR3   EFFR3   TWFR4   EFFR4
   0.000   6.000   0.000   0.000   0.337   0.663   0.000   0.000   0.000   0.000   0.000   0.000
   0.001   6.000   0.000   0.000   0.333   0.667   0.000   0.000   0.000   0.000   0.000   0.000
   0.001   7.000   0.000   0.000   0.329   0.671   0.000   0.000   0.000   0.000   0.000   0.000
   0.002   8.000   0.000   0.000   0.326   0.674   0.000   0.000   0.000   0.000   0.000   0.000
   0.002   8.000   0.000   0.000   0.323   0.677   0.000   0.000   0.000   0.000   0.000   0.000
   0.003   8.000   0.000   0.000   0.319   0.681   0.000   0.000   0.000   0.000   0.000   0.000
   0.003   8.000   0.000   0.000   0.317   0.683   0.000   0.000   0.000   0.000   0.000   0.000
   0.004   8.000   0.000   0.000   0.314   0.686   0.000   0.000   0.000   0.000   0.000   0.000
   0.004   8.000   0.000   0.000   0.312   0.688   0.000   0.000   0.000   0.000   0.000   0.000
   0.005   8.000   0.000   0.000   0.311   0.689   0.000   0.000   0.000   0.000   0.000   0.000
   0.005   8.000   0.000   0.000   0.310   0.690   0.000   0.000   0.000   0.000   0.000   0.000
   0.006   8.000   0.000   0.000   0.309   0.691   0.000   0.000   0.000   0.000   0.000   0.000
   0.006   8.000   0.000   0.000   0.308   0.692   0.000   0.000   0.000   0.000   0.000   0.000
   0.007   8.000   0.000   0.000   0.307   0.693   0.000   0.000   0.000   0.000   0.000   0.000
   0.007   8.000   0.000   0.000   0.307   0.693   0.000   0.000   0.000   0.000   0.000   0.000
   0.008   8.000   0.000   0.000   0.307   0.693   0.000   0.000   0.000   0.000   0.000   0.000
   0.008   8.000   0.000   0.000   0.307   0.693   0.000   0.000   0.000   0.000   0.000   0.000
   0.009   8.000   0.000   0.000   0.307   0.693   0.000   0.000   0.000   0.000   0.000   0.000
   0.009   8.000   0.000   0.000   0.307   0.693   0.000   0.000   0.000   0.000   0.000   0.000
   0.010   8.000   0.000   0.000   0.308   0.692   0.000   0.000   0.000   0.000   0.000   0.000
   0.010   8.000   0.000   0.000   0.308   0.692   0.000   0.000   0.000   0.000   0.000   0.000
   0.011   8.000   0.000   0.000   0.309   0.691   0.000   0.000   0.000   0.000   0.000   0.000
   0.011   8.000   0.000   0.000   0.309   0.691   0.000   0.000   0.000   0.000   0.000   0.000
   0.012   8.000   0.000   0.000   0.310   0.690   0.000   0.000   0.000   0.000   0.000   0.000
   0.012   8.000   0.000   0.000   0.310   0.690   0.000   0.000   0.000   0.000   0.000   0.000
   0.013   8.000   0.000   0.000   0.311   0.689   0.000   0.000   0.000   0.000   0.000   0.000
   0.013   8.000   0.000   0.000   0.312   0.688   0.000   0.000   0.000   0.000   0.000   0.000
   0.014   8.000   0.000   0.000   0.312   0.688   0.000   0.000   0.000   0.000   0.000   0.000
   0.014   8.000   0.000   0.000   0.313   0.687   0.000   0.000   0.000   0.000   0.000   0.000
   0.015   8.000   0.000   0.000   0.313   0.686   0.000   0.000   0.000   0.000   0.000   0.000
   0.015   8.000   0.000   0.000   0.314   0.686   0.000   0.000   0.000   0.000   0.000   0.000
   0.016   8.000   0.000   0.000   0.315   0.685   0.000   0.000   0.000   0.000   0.000   0.000
   0.016   8.000   0.000   0.000   0.315   0.685   0.000   0.000   0.000   0.000   0.000   0.000
   0.017   8.000   0.000   0.000   0.316   0.684   0.000   0.000   0.000   0.000   0.000   0.000
   0.017   8.000   0.000   0.000   0.317   0.683   0.000   0.000   0.000   0.000   0.000   0.000
   0.018   8.000   0.000   0.000   0.317   0.683   0.000   0.000   0.000   0.000   0.000   0.000
   0.018   8.000   0.000   0.000   0.318   0.682   0.000   0.000   0.000   0.000   0.000   0.000
   0.019   8.000   0.000   0.000   0.318   0.682   0.000   0.000   0.000   0.000   0.000   0.000
   0.019   8.000   0.000   0.000   0.319   0.681   0.000   0.000   0.000   0.000   0.000   0.000
   0.020   8.000   0.000   0.000   0.319   0.680   0.000   0.000   0.000   0.000   0.000   0.000
   0.020   7.000   0.000   0.000   0.320   0.680   0.000   0.000   0.000   0.000   0.000   0.000
   0.021   7.000   0.000   0.000   0.320   0.679   0.000   0.000   0.000   0.000   0.000   0.000
   0.021   7.000   0.000   0.000   0.321   0.679   0.000   0.000   0.000   0.000   0.000   0.000
   0.022   7.000   0.000   0.000   0.321   0.678   0.000   0.000   0.000   0.000   0.000   0.000
   0.022   6.000   0.000   0.000   0.322   0.678   0.000   0.000   0.000   0.000   0.000   0.000
   0.023   6.000   0.000   0.000   0.322   0.678   0.000   0.000   0.000   0.000   0.000   0.000
   0.023   6.000   0.000   0.000   0.323   0.677   0.000   0.000   0.000   0.000   0.000   0.000
   0.024   6.000   0.000   0.000   0.323   0.677   0.000   0.000   0.000   0.000   0.000   0.000
   0.024   6.000   0.000   0.000   0.324   0.676   0.000   0.000   0.000   0.000   0.000   0.000
   0.025   6.000   0.000   0.000   0.324   0.676   0.000   0.000   0.000   0.000   0.000   0.000
   0.025   6.000   0.000   0.000   0.324   0.675   0.000   0.000   0.000   0.000   0.000   0.000
    STEP   AVACS   MODE1   MODE2   MODE3   MODE4
       1   6.000   0.325   0.675   0.000   0.000
       2   6.000   0.291   0.709   0.000   0.000
       3   6.000   0.235   0.765   0.000   0.000
       4   6.000   0.259   0.740   0.000   0.000
       5   5.000   0.342   0.658   0.000   0.000
       6   6.000   0.410   0.590   0.000   0.000
       7   7.000   0.465   0.535   0.000   0.000
       8   5.000   0.502   0.498   0.000   0.000
       9   6.000   0.515   0.485   0.000   0.000
      10   6.000   0.537   0.463   0.000   0.000
      11   5.000   0.507   0.493   0.000   0.000
      12   6.000   0.515   0.485   0.000   0.000
      13   5.000   0.456   0.544   0.000   0.000
      14   4.000   0.385   0.614   0.000   0.000
      15   6.000   0.367   0.631   0.002   0.000
      16   6.000   0.330   0.667   0.002   0.000
      17   5.000   0.288   0.710   0.002   0.000
      18   5.000   0.331   0.669   0.000   0.000
      19   6.000   0.324   0.675   0.000   0.000
      20   6.000   0.291   0.709   0.000   0.000
      21   6.000   0.234   0.765   0.001   0.000
      22   6.000   0.259   0.740   0.000   0.000
      23   5.000   0.342   0.658   0.000   0.000
      24   6.000   0.410   0.590   0.000   0.000
      25   7.000   0.465   0.535   0.000   0.000
      26   5.000   0.502   0.498   0.000   0.000
      27   6.000   0.515   0.485   0.000   0.000
      28   6.000   0.537   0.463   0.000   0.000
      29   5.000   0.507   0.493   0.000   0.000
      30   6.000   0.515   0.485   0.000   0.000
      31   5.000   0.456   0.544   0.000   0.000
      32   4.000   0.385   0.614   0.000   0.000
      33   6.000   0.368   0.632   0.000   0.000
      34   6.000   0.332   0.668   0.000   0.000
      35   5.000   0.289   0.711   0.000   0.000
      36   5.000   0.331   0.669   0.000   0.000
  STRAIN   AVACS   PRITW   SECTW   MODE1   MODE2   MODE3   MODE4   TWFR3   EFFR3   TWFR4   EFFR4
   0.025   6.000   0.000   0.000   0.324   0.675   0.000   0.000   0.000   0.000   0.000   0.000
   0.026   6.000   0.000   0.000   0.325   0.675   0.000   0.000   0.000   0.000   0.000   0.000
   0.026   6.000   0.000   0.000   0.325   0.675   0.000   0.000   0.000   0.000   0.000   0.000
   0.027   6.000   0.000   0.000   0.325   0.674   0.000   0.000   0.000   0.000   0.000   0.000
   0.027   6.000   0.000   0.000   0.326   0.674   0.000   0.000   0.000   0.000   0.000   0.000
   0.028   6.000   0.000   0.000   0.326   0.674   0.000   0.000   0.000   0.000   0.000   0.000
   0.028   6.000   0.000   0.000   0.326   0.673   0.000   0.000   0.000   0.000   0.000   0.000
   0.029   6.000   0.000   0.000   0.327   0.673   0.000   0.000   0.000   0.000   0.000   0.000
   0.029   6.000   0.000   0.000   0.327   0.673   0.001   0.000   0.000   0.000   0.000   0.000
   0.030   6.000   0.000   0.000   0.327   0.672   0.001   0.000   0.000   0.000   0.000   0.000
   0.030   6.000   0.000   0.000   0.327   0.672   0.001   0.000   0.000   0.000   0.000   0.000
   0.031   6.000   0.000   0.000   0.328   0.672   0.001   0.000   0.000   0.000   0.000   0.000
   0.031   6.000   0.000   0.000   0.328   0.671   0.001   0.000   0.000   0.000   0.000   0.000
   0.032   6.000   0.000   0.000   0.328   0.671   0.001   0.000   0.000   0.000   0.000   0.000
   0.032   6.000   0.000   0.000   0.328   0.671   0.001   0.000   0.000   0.000   0.000   0.000
   0.033   6.000   0.000   0.000   0.328   0.671   0.001   0.000   0.000   0.000   0.000   0.000
   0.033   6.000   0.000   0.000   0.328   0.670   0.001   0.000   0.000   0.000   0.000   0.000
   0.034   6.000   0.000   0.000   0.329   0.670   0.001   0.000   0.000   0.000   0.000   0.000
   0.034   6.000   0.000   0.000   0.329   0.670   0.001   0.000   0.000   0.000   0.000   0.000
   0.035   6.000   0.000   0.000   0.329   0.670   0.001   0.000   0.000   0.000   0.000   0.000
   0.035   6.000   0.000   0.000   0.329   0.670   0.001   0.000   0.000   0.000   0.000   0.000
   0.036   6.000   0.000   0.000   0.329   0.669   0.002   0.000   0.000   0.000   0.000   0.000
   0.036   6.000   0.000   0.000   0.329   0.669   0.002   0.000   0.000   0.000   0.000   0.000
   0.037   6.000   0.000   0.000   0.329   0.669   0.002   0.000   0.000   0.000   0.000   0.000
   0.037   6.000   0.000   0.000   0.329   0.669   0.002   0.000   0.000   0.000   0.000   0.000
   0.038   6.000   0.000   0.000   0.329   0.669   0.002   0.000   0.000   0.000   0.000   0.000
   0.038   6.000   0.000   0.000   0.329   0.668   0.002   0.000   0.000   0.000   0.000   0.000
   0.039   6.000   0.000   0.000   0.329   0.668   0.003   0.000   0.000   0.000   0.000   0.000
   0.039   6.000   0.000   0.000   0.329   0.668   0.003   0.000   0.000   0.000   0.000   0.000
   0.040   6.000   0.000   0.000   0.329   0.668   0.003   0.000   0.000   0.000   0.000   0.000
   0.040   6.000   0.000   0.000   0.329   0.668   0.003   0.000   0.000   0.000   0.000   0.000
   0.041   6.000   0.000   0.000   0.329   0.667   0.004   0.000   0.000   0.000   0.000   0.000
   0.041   6.000   0.000   0.000   0.329   0.667   0.004   0.000   0.000   0.000   0.000   0.000
   0.042   6.000   0.000   0.000   0.329   0.667   0.004   0.000   0.000   0.000   0.000   0.000
   0.042   6.000   0.000   0.000   0.328   0.667   0.005   0.000   0.000   0.000   0.000   0.000
   0.043   6.000   0.000   0.000   0.328   0.667   0.005   0.000   0.001   0.000   0.000   0.000
   0.043   6.000   0.000   0.000   0.328   0.667   0.005   0.000   0.001   0.000   0.000   0.000
   0.044   6.000   0.000   0.000   0.328   0.666   0.006   0.000   0.001   0.000   0.000   0.000
   0.044   6.000   0.000   0.000   0.327   0.666   0.006   0.000   0.001   0.000   0.000   0.000
   0.045   6.000   0.000   0.000   0.327   0.666   0.007   0.000   0.001   0.000   0.000   0.000
   0.045   6.000   0.000   0.000   0.327   0.666   0.007   0.000   0.001   0.000   0.000   0.000
   0.046   6.000   0.000   0.000   0.327   0.666   0.008   0.000   0.001   0.000   0.000   0.000
   0.046   6.000   0.000   0.000   0.326   0.665   0.008   0.000   0.001   0.000   0.000   0.000
   0.047   6.000   0.000   0.000   0.326   0.665   0.009   0.000   0.001   0.000   0.000   0.000
   0.047   6.000   0.000   0.000   0.326   0.665   0.009   0.000   0.001   0.000   0.000   0.000
   0.048   6.000   0.000   0.000   0.325   0.665   0.010   0.000   0.001   0.000   0.000   0.000
   0.048   6.000   0.000   0.000   0.325   0.665   0.010   0.000   0.001   0.000   0.000   0.000
   0.049   6.000   0.000   0.000   0.324   0.665   0.011   0.000   0.001   0.000   0.000   0.000
   0.049   6.000   0.000   0.000   0.324   0.664   0.012   0.000   0.001   0.000   0.000   0.000
   0.050   6.000   0.000   0.000   0.324   0.664   0.012   0.000   0.002   0.000   0.000   0.000
   0.050   6.000   0.000   0.000   0.323   0.664   0.013   0.000   0.002   0.000   0.000   0.000
    STEP   AVACS   MODE1   MODE2   MODE3   MODE4
       1   6.000   0.327   0.672   0.000   0.001
       2   5.000   0.300   0.699   0.000   0.001
       3   6.000   0.253   0.744   0.000   0.003
       4   6.000   0.281   0.716   0.000   0.003
       5   5.000   0.355   0.640   0.000   0.005
       6   6.000   0.425   0.570   0.000   0.005
       7   7.000   0.481   0.515   0.000   0.003
       8   5.000   0.520   0.478   0.000   0.001
       9   6.000   0.535   0.465   0.000   0.000
      10   6.000   0.558   0.442   0.000   0.000
      11   5.000   0.531   0.469   0.000   0.000
      12   6.000   0.532   0.468   0.000   0.000
      13   5.000   0.470   0.530   0.000   0.000
      14   3.000   0.408   0.584   0.007   0.000
      15   7.000   0.372   0.601   0.026   0.000
      16   7.000   0.328   0.638   0.034   0.000
      17   7.000   0.282   0.684   0.034   0.000
      18   5.000   0.325   0.654   0.021   0.000
      19   6.000   0.323   0.664   0.013   0.000
      20   5.000   0.296   0.698   0.006   0.000
      21   6.000   0.246   0.744   0.010   0.000
      22   6.000   0.277   0.717   0.006   0.000
      23   5.000   0.357   0.643   0.000   0.000
      24   6.000   0.427   0.573   0.000   0.000
      25   7.000   0.482   0.518   0.000   0.000
      26   5.000   0.521   0.479   0.000   0.000
      27   6.000   0.535   0.465   0.000   0.000
      28   6.000   0.558   0.441   0.000   0.001
      29   5.000   0.531   0.468   0.000   0.001
      30   6.000   0.532   0.468   0.000   0.000
      31   5.000   0.470   0.530   0.000   0.000
      32   3.000   0.414   0.584   0.000   0.003
      33   5.000   0.389   0.607   0.000   0.004
      34   5.000   0.346   0.650   0.000   0.004
      35   5.000   0.295   0.701   0.000   0.004
      36   6.000   0.315   0.684   0.000   0.001
  STRAIN   AVACS   PRITW   SECTW   MODE1   MODE2   MODE3   MODE4   TWFR3   EFFR3   TWFR4   EFFR4
   0.050   6.000   0.000   0.000   0.323   0.664   0.013   0.000   0.002   0.000   0.000   0.000
   0.051   6.000   0.000   0.000   0.323   0.664   0.014   0.000   0.002   0.000   0.000   0.000
   0.051   6.000   0.000   0.000   0.322   0.664   0.014   0.000   0.002   0.000   0.000   0.000
   0.052   6.000   0.000   0.000   0.322   0.663   0.015   0.000   0.002   0.000   0.000   0.000
   0.052   6.000   0.000   0.000   0.321   0.663   0.016   0.000   0.002   0.000   0.000   0.000
   0.053   6.000   0.000   0.000   0.321   0.663   0.016   0.000   0.002   0.000   0.000   0.000
   0.053   6.000   0.000   0.000   0.320   0.663   0.017   0.000   0.002   0.000   0.000   0.000
   0.054   6.000   0.000   0.000   0.320   0.663   0.018   0.000   0.003   0.000   0.000   0.000
   0.054   6.000   0.000   0.000   0.319   0.662   0.018   0.000   0.003   0.000   0.000   0.000
   0.055   6.000   0.000   0.000   0.319   0.662   0.019   0.000   0.003   0.000   0.000   0.000
   0.055   6.000   0.000   0.000   0.318   0.662   0.020   0.000   0.003   0.000   0.000   0.000
   0.056   6.000   0.000   0.000   0.318   0.662   0.021   0.000   0.003   0.000   0.000   0.000
   0.056   6.000   0.000   0.000   0.317   0.662   0.021   0.000   0.003   0.000   0.000   0.000
   0.057   6.000   0.000   0.000   0.317   0.661   0.022   0.000   0.004   0.000   0.000   0.000
   0.057   6.000   0.000   0.000   0.316   0.661   0.023   0.000   0.004   0.000   0.000   0.000
   0.058   6.000   0.000   0.000   0.315   0.661   0.024   0.000   0.004   0.000   0.000   0.000
   0.058   6.000   0.000   0.000   0.315   0.661   0.024   0.000   0.004   0.000   0.000   0.000
   0.059   6.000   0.000   0.000   0.314   0.661   0.025   0.000   0.004   0.000   0.000   0.000
   0.059   6.000   0.000   0.000   0.314   0.660   0.026   0.000   0.005   0.000   0.000   0.000
   0.060   6.000   0.000   0.000   0.313   0.660   0.027   0.000   0.005   0.000   0.000   0.000
   0.060   6.000   0.000   0.000   0.312   0.660   0.028   0.000   0.005   0.000   0.000   0.000
   0.061   6.000   0.000   0.000   0.312   0.660   0.028   0.000   0.005   0.000   0.000   0.000
   0.061   7.000   0.000   0.000   0.311   0.660   0.029   0.000   0.006   0.000   0.000   0.000
   0.062   7.000   0.000   0.000   0.311   0.660   0.030   0.000   0.006   0.000   0.000   0.000
   0.062   7.000   0.000   0.000   0.310   0.659   0.031   0.000   0.006   0.000   0.000   0.000
   0.063   7.000   0.000   0.000   0.309   0.659   0.032   0.000   0.006   0.000   0.000   0.000
   0.063   7.000   0.000   0.000   0.309   0.659   0.032   0.000   0.007   0.000   0.000   0.000
   0.064   8.000   0.000   0.000   0.308   0.659   0.033   0.000   0.007   0.000   0.000   0.000
   0.064   8.000   0.000   0.000   0.307   0.659   0.034   0.000   0.007   0.000   0.000   0.000
   0.065   8.000   0.000   0.000   0.307   0.659   0.035   0.000   0.008   0.000   0.000   0.000
   0.065   8.000   0.000   0.000   0.306   0.658   0.036   0.000   0.008   0.000   0.000   0.000
   0.066   8.000   0.000   0.000   0.305   0.658   0.036   0.000   0.008   0.000   0.000   0.000
   0.066   8.000   0.000   0.000   0.305   0.658   0.037   0.000   0.009   0.000   0.000   0.000
   0.067   8.000   0.000   0.000   0.304   0.658   0.038   0.000   0.009   0.000   0.000   0.000
   0.067   8.000   0.000   0.000   0.303   0.658   0.039   0.000   0.009   0.000   0.000   0.000
   0.068   8.000   0.000   0.000   0.303   0.658   0.040   0.000   0.010   0.000   0.000   0.000
   0.068   8.000   0.000   0.000   0.302   0.658   0.040   0.000   0.010   0.000   0.000   0.000
   0.069   8.000   0.000   0.000   0.301   0.657   0.041   0.000   0.010   0.000   0.000   0.000
   0.069   8.000   0.000   0.000   0.301   0.657   0.042   0.000   0.011   0.000   0.000   0.000
   0.070   8.000   0.000   0.000   0.300   0.657   0.043   0.000   0.011   0.000   0.000   0.000
   0.070   8.000   0.000   0.000   0.299   0.657   0.044   0.000   0.011   0.000   0.000   0.000
   0.071   8.000   0.000   0.000   0.299   0.657   0.045   0.000   0.012   0.000   0.000   0.000
   0.071   8.000   0.000   0.000   0.298   0.657   0.045   0.000   0.012   0.000   0.000   0.000
   0.072   8.000   0.000   0.000   0.297   0.657   0.046   0.000   0.012   0.000   0.000   0.000
   0.072   8.000   0.000   0.000   0.296   0.657   0.047   0.000   0.013   0.000   0.000   0.000
   0.073   8.000   0.000   0.000   0.296   0.657   0.048   0.000   0.013   0.000   0.000   0.000
   0.073   8.000   0.000   0.000   0.295   0.656   0.049   0.000   0.014   0.000   0.000   0.000
   0.074   8.000   0.000   0.000   0.294   0.656   0.049   0.000   0.014   0.000   0.000   0.000
   0.074   8.000   0.000   0.000   0.293   0.656   0.050   0.000   0.015   0.000   0.000   0.000
   0.075   8.000   0.000   0.000   0.293   0.656   0.051   0.000   0.015   0.000   0.000   0.000
   0.075   8.000   0.000   0.000   0.292   0.656   0.052   0.000   0.015   0.000   0.000   0.000
    STEP   AVACS   MODE1   MODE2   MODE3   MODE4
       1   6.000   0.218   0.775   0.000   0.007
       2   6.000   0.243   0.753   0.000   0.004
       3   5.000   0.247   0.747   0.000   0.006
       4   6.000   0.282   0.711   0.000   0.007
       5   5.000   0.365   0.623   0.000   0.011
       6   6.000   0.438   0.551   0.000   0.011
       7   7.000   0.495   0.497   0.000   0.008
       8   5.000   0.536   0.461   0.000   0.003
       9   6.000   0.551   0.449   0.000   0.000
      10   6.000   0.573   0.427   0.000   0.000
      11   5.000   0.552   0.448   0.000   0.000
      12   6.000   0.547   0.453   0.000   0.000
      13   4.000   0.483   0.517   0.000   0.000
      14   4.000   0.409   0.553   0.038   0.000
      15   7.000   0.353   0.578   0.069   0.000
      16   7.000   0.299   0.620   0.081   0.000
      17   6.000   0.249   0.668   0.082   0.000
      18   6.000   0.295   0.643   0.063   0.000
      19   8.000   0.292   0.656   0.052   0.000
      20   6.000   0.271   0.691   0.038   0.000
      21   7.000   0.221   0.737   0.042   0.000
      22   7.000   0.265   0.709   0.026   0.000
      23   5.000   0.370   0.630   0.000   0.000
      24   6.000   0.442   0.558   0.000   0.000
      25   7.000   0.498   0.502   0.000   0.000
      26   5.000   0.537   0.463   0.000   0.000
      27   6.000   0.551   0.449   0.000   0.000
      28   6.000   0.573   0.426   0.000   0.002
      29   5.000   0.552   0.446   0.000   0.002
      30   6.000   0.547   0.453   0.000   0.000
      31   4.000   0.483   0.517   0.000   0.000
      32   6.000   0.420   0.550   0.000   0.030
      33   6.000   0.345   0.598   0.000   0.057
      34   6.000   0.270   0.665   0.000   0.065
      35   6.000   0.199   0.753   0.000   0.049
      36   6.000   0.193   0.795   0.000   0.012
  STRAIN   AVACS   PRITW   SECTW   MODE1   MODE2   MODE3   MODE4   TWFR3   EFFR3   TWFR4   EFFR4
   0.075   8.000   0.000   0.000   0.292   0.656   0.052   0.000   0.015   0.000   0.000   0.000
   0.076   8.000   0.000   0.000   0.291   0.656   0.053   0.000   0.016   0.000   0.000   0.000
   0.076   8.000   0.000   0.000   0.291   0.656   0.054   0.000   0.016   0.000   0.000   0.000
   0.077   8.000   0.000   0.000   0.290   0.656   0.054   0.000   0.017   0.000   0.000   0.000
   0.077   8.000   0.000   0.000   0.289   0.656   0.055   0.000   0.017   0.000   0.000   0.000
   0.078   8.000   0.000   0.000   0.288   0.656   0.056   0.000   0.018   0.000   0.000   0.000
   0.078   8.000   0.000   0.000   0.287   0.656   0.057   0.000   0.018   0.000   0.000   0.000
   0.079   8.000   0.000   0.000   0.287   0.656   0.058   0.000   0.019   0.000   0.000   0.000
   0.079   8.000   0.000   0.000   0.286   0.656   0.058   0.000   0.019   0.000   0.000   0.000
   0.080   8.000   0.000   0.000   0.285   0.656   0.059   0.000   0.020   0.000   0.000   0.000
   0.080   8.000   0.000   0.000   0.284   0.656   0.060   0.000   0.020   0.000   0.000   0.000
   0.081   8.000   0.000   0.000   0.284   0.656   0.061   0.000   0.021   0.000   0.000   0.000
   0.081   8.000   0.000   0.000   0.283   0.655   0.062   0.000   0.021   0.000   0.000   0.000
   0.082   8.000   0.000   0.000   0.282   0.655   0.062   0.000   0.022   0.000   0.000   0.000
   0.082   8.000   0.000   0.000   0.281   0.655   0.063   0.000   0.022   0.000   0.000   0.000
   0.083   8.000   0.000   0.000   0.280   0.655   0.064   0.000   0.023   0.000   0.000   0.000
   0.083   8.000   0.000   0.000   0.280   0.655   0.065   0.000   0.023   0.000   0.000   0.000
   0.084   8.000   0.000   0.000   0.279   0.655   0.066   0.000   0.024   0.000   0.000   0.000
   0.084   8.000   0.000   0.000   0.278   0.655   0.067   0.000   0.024   0.000   0.000   0.000
   0.085   8.000   0.000   0.000   0.277   0.655   0.067   0.000   0.025   0.000   0.000   0.000
   0.085   8.000   0.000   0.000   0.276   0.655   0.068   0.000   0.026   0.000   0.000   0.000
   0.086   8.000   0.000   0.000   0.276   0.655   0.069   0.000   0.026   0.000   0.000   0.000
   0.086   8.000   0.000   0.000   0.275   0.655   0.070   0.000   0.027   0.000   0.000   0.000
   0.087   8.000   0.000   0.000   0.274   0.655   0.071   0.000   0.027   0.000   0.000   0.000
   0.087   8.000   0.000   0.000   0.273   0.655   0.071   0.000   0.028   0.000   0.000   0.000
   0.088   8.000   0.000   0.000   0.272   0.656   0.072   0.000   0.029   0.000   0.000   0.000
   0.088   8.000   0.000   0.000   0.271   0.656   0.073   0.000   0.029   0.000   0.000   0.000
   0.089   8.000   0.000   0.000   0.271   0.656   0.074   0.000   0.030   0.000   0.000   0.000
   0.089   8.000   0.000   0.000   0.270   0.656   0.075   0.000   0.030   0.000   0.000   0.000
   0.090   8.000   0.000   0.000   0.269   0.656   0.075   0.000   0.031   0.000   0.000   0.000
   0.090   8.000   0.000   0.000   0.268   0.656   0.076   0.000   0.032   0.000   0.000   0.000
   0.091   8.000   0.000   0.000   0.267   0.656   0.077   0.000   0.032   0.000   0.000   0.000
   0.091   8.000   0.000   0.000   0.266   0.656   0.078   0.000   0.033   0.000   0.000   0.000
   0.092   8.000   0.000   0.000   0.265   0.656   0.079   0.000   0.034   0.000   0.000   0.000
   0.092   8.000   0.000   0.000   0.265   0.656   0.079   0.000   0.034   0.000   0.000   0.000
   0.093   8.000   0.000   0.000   0.264   0.656   0.080   0.000   0.035   0.000   0.000   0.000
   0.093   8.000   0.000   0.000   0.263   0.656   0.081   0.000   0.036   0.000   0.000   0.000
   0.094   8.000   0.000   0.000   0.262   0.656   0.082   0.000   0.036   0.000   0.000   0.000
   0.094   8.000   0.000   0.000   0.261   0.656   0.083   0.000   0.037   0.000   0.000   0.000
   0.095   8.000   0.000   0.000   0.260   0.656   0.083   0.000   0.038   0.000   0.000   0.000
   0.095   8.000   0.000   0.000   0.259   0.657   0.084   0.000   0.038   0.000   0.000   0.000
   0.096   8.000   0.000   0.000   0.258   0.657   0.085   0.000   0.039   0.000   0.000   0.000
   0.096   8.000   0.000   0.000   0.257   0.657   0.086   0.000   0.040   0.000   0.000   0.000
   0.097   8.000   0.000   0.000   0.256   0.657   0.087   0.000   0.041   0.000   0.000   0.000
   0.097   8.000   0.000   0.000   0.256   0.657   0.087   0.000   0.041   0.000   0.000   0.000
   0.098   8.000   0.000   0.000   0.255   0.657   0.088   0.000   0.042   0.000   0.000   0.000
   0.098   8.000   0.000   0.000   0.254   0.657   0.089   0.000   0.043   0.000   0.000   0.000
   0.099   8.000   0.000   0.000   0.253   0.657   0.090   0.000   0.043   0.000   0.000   0.000
   0.099   8.000   0.000   0.000   0.252   0.658   0.091   0.000   0.044   0.000   0.000   0.000
   0.100   8.000   0.000   0.000   0.251   0.658   0.091   0.000   0.045   0.000   0.000   0.000
   0.100   8.000   0.000   0.000   0.250   0.658   0.092   0.000   0.046   0.000   0.000   0.000
    STEP   AVACS   MODE1   MODE2   MODE3   MODE4
       1   6.000   0.069   0.920   0.000   0.012
       2   5.000   0.104   0.880   0.000   0.015
       3   5.000   0.175   0.807   0.000   0.018
       4   6.000   0.271   0.723   0.000   0.007
       5   5.000   0.376   0.613   0.000   0.011
       6   6.000   0.452   0.538   0.000   0.010
       7   7.000   0.509   0.484   0.000   0.007
       8   6.000   0.551   0.446   0.000   0.003
       9   5.000   0.566   0.434   0.000   0.000
      10   6.000   0.583   0.415   0.001   0.000
      11   5.000   0.569   0.429   0.002   0.000
      12   6.000   0.559   0.441   0.000   0.000
      13   4.000   0.496   0.504   0.000   0.000
      14   4.000   0.400   0.526   0.074   0.000
      15   7.000   0.327   0.560   0.113   0.000
      16   7.000   0.261   0.609   0.130   0.000
      17   6.000   0.221   0.653   0.125   0.000
      18   8.000   0.256   0.641   0.103   0.000
      19   8.000   0.250   0.658   0.092   0.000
      20   8.000   0.229   0.692   0.079   0.000
      21   7.000   0.175   0.737   0.088   0.000
      22   7.000   0.237   0.705   0.058   0.000
      23   5.000   0.380   0.619   0.001   0.000
      24   6.000   0.455   0.545   0.000   0.000
      25   7.000   0.511   0.489   0.000   0.000
      26   6.000   0.552   0.448   0.000   0.000
      27   5.000   0.566   0.434   0.000   0.000
      28   6.000   0.584   0.415   0.000   0.001
      29   5.000   0.571   0.428   0.000   0.001
      30   6.000   0.559   0.441   0.000   0.000
      31   4.000   0.496   0.504   0.000   0.000
      32   6.000   0.416   0.519   0.000   0.065
      33   8.000   0.328   0.587   0.000   0.085
      34   8.000   0.240   0.669   0.000   0.091
      35   8.000   0.149   0.766   0.000   0.085
      36   6.000   0.068   0.893   0.000   0.038
  STRAIN   AVACS   PRITW   SECTW   MODE1   MODE2   MODE3   MODE4   TWFR3   EFFR3   TWFR4   EFFR4
   0.100   8.000   0.000   0.000   0.250   0.658   0.092   0.000   0.046   0.000   0.000   0.000
   0.101   8.000   0.000   0.000   0.249   0.658   0.093   0.000   0.046   0.000   0.000   0.000
   0.101   8.000   0.000   0.000   0.248   0.658   0.094   0.000   0.047   0.000   0.000   0.000
   0.102   8.000   0.000   0.000   0.247   0.658   0.095   0.000   0.048   0.000   0.000   0.000
   0.102   8.000   0.000   0.000   0.246   0.659   0.095   0.000   0.049   0.000   0.000   0.000
   0.103   8.000   0.000   0.000   0.245   0.659   0.096   0.000   0.050   0.000   0.000   0.000
   0.103   8.000   0.000   0.000   0.244   0.659   0.097   0.000   0.050   0.000   0.000   0.000
   0.104   8.000   0.000   0.000   0.243   0.659   0.098   0.000   0.051   0.000   0.000   0.000
   0.104   8.000   0.000   0.000   0.242   0.659   0.099   0.000   0.052   0.000   0.000   0.000
   0.105   8.000   0.000   0.000   0.241   0.659   0.099   0.000   0.053   0.000   0.000   0.000
   0.105   8.000   0.000   0.000   0.240   0.660   0.100   0.000   0.054   0.000   0.000   0.000
   0.106   8.000   0.000   0.000   0.239   0.660   0.101   0.000   0.054   0.000   0.000   0.000
   0.106   8.000   0.000   0.000   0.238   0.660   0.102   0.000   0.055   0.000   0.000   0.000
   0.107   8.000   0.000   0.000   0.237   0.660   0.103   0.000   0.056   0.000   0.000   0.000
   0.107   8.000   0.000   0.000   0.236   0.661   0.103   0.000   0.057   0.000   0.000   0.000
   0.108   8.000   0.000   0.000   0.235   0.661   0.104   0.000   0.058   0.000   0.000   0.000
   0.108   8.000   0.000   0.000   0.234   0.661   0.105   0.000   0.059   0.000   0.000   0.000
   0.109   8.000   0.000   0.000   0.233   0.661   0.106   0.000   0.059   0.000   0.000   0.000
   0.109   8.000   0.000   0.000   0.232   0.662   0.106   0.000   0.060   0.000   0.000   0.000
   0.110   8.000   0.000   0.000   0.231   0.662   0.107   0.000   0.061   0.000   0.000   0.000
   0.110   8.000   0.000   0.000   0.230   0.662   0.108   0.000   0.062   0.000   0.000   0.000
   0.111   8.000   0.000   0.000   0.229   0.662   0.109   0.000   0.063   0.000   0.000   0.000
   0.111   8.000   0.000   0.000   0.228   0.663   0.110   0.000   0.064   0.000   0.000   0.000
   0.112   8.000   0.000   0.000   0.227   0.663   0.110   0.000   0.065   0.000   0.000   0.000
   0.112   8.000   0.000   0.000   0.226   0.663   0.111   0.000   0.066   0.000   0.000   0.000
   0.113   8.000   0.000   0.000   0.225   0.664   0.112   0.000   0.066   0.000   0.000   0.000
   0.113   8.000   0.000   0.000   0.223   0.664   0.113   0.000   0.067   0.000   0.000   0.000
   0.114   8.000   0.000   0.000   0.222   0.664   0.113   0.000   0.068   0.000   0.000   0.000
   0.114   8.000   0.000   0.000   0.221   0.665   0.114   0.000   0.069   0.000   0.000   0.000
   0.115   8.000   0.000   0.000   0.220   0.665   0.115   0.000   0.070   0.000   0.000   0.000
   0.115   8.000   0.000   0.000   0.219   0.665   0.116   0.000   0.071   0.000   0.000   0.000
   0.116   8.000   0.000   0.000   0.218   0.666   0.116   0.000   0.072   0.000   0.000   0.000
   0.116   8.000   0.000   0.000   0.217   0.666   0.117   0.000   0.073   0.000   0.000   0.000
   0.117   8.000   0.000   0.000   0.216   0.666   0.118   0.000   0.074   0.000   0.000   0.000
   0.117   8.000   0.000   0.000   0.215   0.667   0.119   0.000   0.075   0.000   0.000   0.000
   0.118   8.000   0.000   0.000   0.214   0.667   0.119   0.000   0.076   0.000   0.000   0.000
   0.118   8.000   0.000   0.000   0.212   0.667   0.120   0.000   0.077   0.000   0.000   0.000
   0.119   8.000   0.000   0.000   0.211   0.668   0.121   0.000   0.078   0.000   0.000   0.000
   0.119   8.000   0.000   0.000   0.210   0.668   0.122   0.000   0.079   0.000   0.000   0.000
   0.120   8.000   0.000   0.000   0.209   0.669   0.122   0.000   0.080   0.000   0.000   0.000
   0.120   8.000   0.000   0.000   0.208   0.669   0.123   0.000   0.081   0.000   0.000   0.000
   0.121   8.000   0.000   0.000   0.207   0.669   0.124   0.000   0.081   0.000   0.000   0.000
   0.121   8.000   0.000   0.000   0.205   0.670   0.125   0.000   0.082   0.000   0.000   0.000
   0.122   8.000   0.000   0.000   0.204   0.670   0.126   0.000   0.083   0.000   0.000   0.000
   0.122   8.000   0.000   0.000   0.203   0.671   0.126   0.000   0.084   0.000   0.000   0.000
   0.123   8.000   0.000   0.000   0.202   0.671   0.127   0.000   0.085   0.000   0.000   0.000
   0.123   8.000   0.000   0.000   0.201   0.671   0.128   0.000   0.086   0.000   0.000   0.000
   0.124   8.000   0.000   0.000   0.200   0.672   0.129   0.000   0.087   0.000   0.000   0.000
   0.124   8.000   0.000   0.000   0.198   0.672   0.129   0.000   0.088   0.000   0.000   0.000
   0.125   8.000   0.000   0.000   0.197   0.673   0.130   0.000   0.089   0.000   0.000   0.000
   0.125   8.000   0.000   0.000   0.196   0.673   0.131   0.000   0.090   0.000   0.000   0.000
    STEP   AVACS   MODE1   MODE2   MODE3   MODE4
       1   8.000   0.000   0.951   0.000   0.049
       2   6.000   0.008   0.949   0.000   0.042
       3   8.000   0.099   0.862   0.000   0.039
       4   4.000   0.217   0.770   0.000   0.013
       5   4.000   0.384   0.608   0.000   0.008
       6   6.000   0.464   0.530   0.000   0.006
       7   7.000   0.522   0.474   0.000   0.004
       8   6.000   0.564   0.434   0.000   0.002
       9   5.000   0.580   0.420   0.000   0.000
      10   6.000   0.591   0.405   0.004   0.000
      11   5.000   0.582   0.412   0.006   0.000
      12   6.000   0.571   0.429   0.000   0.000
      13   4.000   0.505   0.484   0.011   0.000
      14   4.000   0.390   0.501   0.109   0.000
      15   7.000   0.298   0.545   0.157   0.000
      16   7.000   0.219   0.601   0.180   0.000
      17   6.000   0.201   0.638   0.161   0.000
      18   8.000   0.207   0.651   0.142   0.000
      19   8.000   0.196   0.673   0.131   0.000
      20   8.000   0.177   0.704   0.119   0.000
      21   7.000   0.123   0.739   0.138   0.000
      22   6.000   0.215   0.699   0.085   0.000
      23   4.000   0.385   0.609   0.007   0.000
      24   6.000   0.466   0.534   0.000   0.000
      25   7.000   0.523   0.477   0.000   0.000
      26   6.000   0.565   0.435   0.000   0.000
      27   5.000   0.580   0.420   0.000   0.000
      28   6.000   0.594   0.405   0.000   0.001
      29   5.000   0.587   0.413   0.000   0.001
      30   6.000   0.571   0.429   0.000   0.000
      31   4.000   0.509   0.476   0.000   0.015
      32   7.000   0.408   0.550   0.000   0.042
      33   7.000   0.311   0.638   0.000   0.051
      34   8.000   0.216   0.729   0.000   0.055
      35   8.000   0.116   0.827   0.000   0.057
      36   6.000   0.011   0.937   0.000   0.051
