          Evm          Svm            E11          E22          E33          E23          E13          E12         SDEV11       SDEV22       SDEV33       SDEV23       SDEV13       SDEV12      TEMP
  0.00000E+00  0.44796E+03    0.00000E+00  0.00000E+00  0.00000E+00  0.00000E+00  0.00000E+00  0.00000E+00   -0.12459E+03 -0.91247E+02  0.21584E+03  0.10030E+03 -0.12886E+03  0.70745E+02      298.00
  0.36138E-03  0.45648E+03   -0.25000E-03 -0.25000E-03  0.50000E-03  0.00000E+00  0.00000E+00  0.00000E+00   -0.12699E+03 -0.93808E+02  0.22080E+03  0.10203E+03 -0.13147E+03  0.70177E+02      298.00
  0.72415E-03  0.46514E+03   -0.50000E-03 -0.50000E-03  0.10000E-02  0.00000E+00  0.00000E+00  0.00000E+00   -0.12932E+03 -0.96230E+02  0.22554E+03  0.10396E+03 -0.13415E+03  0.69915E+02      298.00
  0.10878E-02  0.47354E+03   -0.75000E-03 -0.75000E-03  0.15000E-02  0.00000E+00  0.00000E+00  0.00000E+00   -0.13155E+03 -0.98519E+02  0.23007E+03  0.10586E+03 -0.13673E+03  0.69815E+02      298.00
  0.14522E-02  0.48176E+03   -0.10000E-02 -0.10000E-02  0.20000E-02  0.00000E+00  0.00000E+00  0.00000E+00   -0.13373E+03 -0.10067E+03  0.23440E+03  0.10774E+03 -0.13927E+03  0.69861E+02      298.00
  0.18171E-02  0.49003E+03   -0.12500E-02 -0.12500E-02  0.25000E-02  0.00000E+00  0.00000E+00  0.00000E+00   -0.13596E+03 -0.10261E+03  0.23857E+03  0.10954E+03 -0.14202E+03  0.70087E+02      298.00
  0.21822E-02  0.49794E+03   -0.15000E-02 -0.15000E-02  0.30000E-02  0.00000E+00  0.00000E+00  0.00000E+00   -0.13792E+03 -0.10465E+03  0.24257E+03  0.11158E+03 -0.14433E+03  0.70407E+02      298.00
  0.25476E-02  0.50559E+03   -0.17500E-02 -0.17500E-02  0.35000E-02  0.00000E+00  0.00000E+00  0.00000E+00   -0.13999E+03 -0.10644E+03  0.24643E+03  0.11327E+03 -0.14678E+03  0.70753E+02      298.00
  0.29132E-02  0.51308E+03   -0.20000E-02 -0.20000E-02  0.40000E-02  0.00000E+00  0.00000E+00  0.00000E+00   -0.14197E+03 -0.10819E+03  0.25016E+03  0.11500E+03 -0.14913E+03  0.71182E+02      298.00
  0.32788E-02  0.52042E+03   -0.22500E-02 -0.22500E-02  0.45000E-02  0.00000E+00  0.00000E+00  0.00000E+00   -0.14389E+03 -0.10988E+03  0.25377E+03  0.11673E+03 -0.15142E+03  0.71680E+02      298.00
  0.36445E-02  0.52762E+03   -0.25000E-02 -0.25000E-02  0.50000E-02  0.00000E+00  0.00000E+00  0.00000E+00   -0.14577E+03 -0.11150E+03  0.25727E+03  0.11845E+03 -0.15367E+03  0.72234E+02      298.00
  0.40102E-02  0.53468E+03   -0.27500E-02 -0.27500E-02  0.55000E-02  0.00000E+00  0.00000E+00  0.00000E+00   -0.14761E+03 -0.11306E+03  0.26067E+03  0.12014E+03 -0.15588E+03  0.72833E+02      298.00
  0.43759E-02  0.54162E+03   -0.30000E-02 -0.30000E-02  0.60000E-02  0.00000E+00  0.00000E+00  0.00000E+00   -0.14941E+03 -0.11457E+03  0.26398E+03  0.12180E+03 -0.15805E+03  0.73470E+02      298.00
  0.47414E-02  0.54843E+03   -0.32500E-02 -0.32500E-02  0.65000E-02  0.00000E+00  0.00000E+00  0.00000E+00   -0.15118E+03 -0.11603E+03  0.26721E+03  0.12345E+03 -0.16020E+03  0.74138E+02      298.00
  0.51068E-02  0.55468E+03   -0.35000E-02 -0.35000E-02  0.70000E-02  0.00000E+00  0.00000E+00  0.00000E+00   -0.15286E+03 -0.11748E+03  0.27035E+03  0.12489E+03 -0.16203E+03  0.74691E+02      298.00
  0.54724E-02  0.56122E+03   -0.37500E-02 -0.37500E-02  0.75000E-02  0.00000E+00  0.00000E+00  0.00000E+00   -0.15456E+03 -0.11885E+03  0.27341E+03  0.12647E+03 -0.16409E+03  0.75394E+02      298.00
  0.58378E-02  0.56765E+03   -0.40000E-02 -0.40000E-02  0.80000E-02  0.00000E+00  0.00000E+00  0.00000E+00   -0.15623E+03 -0.12018E+03  0.27641E+03  0.12804E+03 -0.16612E+03  0.76114E+02      298.00
  0.62030E-02  0.57397E+03   -0.42500E-02 -0.42500E-02  0.85000E-02  0.00000E+00  0.00000E+00  0.00000E+00   -0.15786E+03 -0.12147E+03  0.27933E+03  0.12958E+03 -0.16812E+03  0.76845E+02      298.00
  0.65680E-02  0.58018E+03   -0.45000E-02 -0.45000E-02  0.90000E-02  0.00000E+00  0.00000E+00  0.00000E+00   -0.15947E+03 -0.12273E+03  0.28220E+03  0.13110E+03 -0.17009E+03  0.77584E+02      298.00
  0.69328E-02  0.58629E+03   -0.47500E-02 -0.47500E-02  0.95000E-02  0.00000E+00  0.00000E+00  0.00000E+00   -0.16104E+03 -0.12396E+03  0.28500E+03  0.13261E+03 -0.17204E+03  0.78328E+02      298.00
  0.72974E-02  0.59230E+03   -0.50000E-02 -0.50000E-02  0.10000E-01  0.00000E+00  0.00000E+00  0.00000E+00   -0.16259E+03 -0.12516E+03  0.28775E+03  0.13409E+03 -0.17395E+03  0.79074E+02      298.00
  0.76617E-02  0.59822E+03   -0.52500E-02 -0.52500E-02  0.10500E-01  0.00000E+00  0.00000E+00  0.00000E+00   -0.16410E+03 -0.12633E+03  0.29044E+03  0.13556E+03 -0.17584E+03  0.79820E+02      298.00
  0.80258E-02  0.60403E+03   -0.55000E-02 -0.55000E-02  0.11000E-01  0.00000E+00  0.00000E+00  0.00000E+00   -0.16559E+03 -0.12748E+03  0.29308E+03  0.13700E+03 -0.17769E+03  0.80564E+02      298.00
  0.83897E-02  0.60976E+03   -0.57500E-02 -0.57500E-02  0.11500E-01  0.00000E+00  0.00000E+00  0.00000E+00   -0.16706E+03 -0.12860E+03  0.29566E+03  0.13843E+03 -0.17953E+03  0.81305E+02      298.00
  0.87534E-02  0.61539E+03   -0.60000E-02 -0.60000E-02  0.12000E-01  0.00000E+00  0.00000E+00  0.00000E+00   -0.16850E+03 -0.12970E+03  0.29820E+03  0.13984E+03 -0.18134E+03  0.82041E+02      298.00
  0.91168E-02  0.62093E+03   -0.62500E-02 -0.62500E-02  0.12500E-01  0.00000E+00  0.00000E+00  0.00000E+00   -0.16991E+03 -0.13078E+03  0.30068E+03  0.14123E+03 -0.18312E+03  0.82771E+02      298.00
  0.94800E-02  0.62639E+03   -0.65000E-02 -0.65000E-02  0.13000E-01  0.00000E+00  0.00000E+00  0.00000E+00   -0.17129E+03 -0.13183E+03  0.30312E+03  0.14260E+03 -0.18488E+03  0.83493E+02      298.00
  0.98430E-02  0.63176E+03   -0.67500E-02 -0.67500E-02  0.13500E-01  0.00000E+00  0.00000E+00  0.00000E+00   -0.17265E+03 -0.13286E+03  0.30552E+03  0.14395E+03 -0.18661E+03  0.84207E+02      298.00
  0.10206E-01  0.63704E+03   -0.70000E-02 -0.70000E-02  0.14000E-01  0.00000E+00  0.00000E+00  0.00000E+00   -0.17399E+03 -0.13388E+03  0.30787E+03  0.14529E+03 -0.18832E+03  0.84912E+02      298.00
  0.10568E-01  0.64225E+03   -0.72500E-02 -0.72500E-02  0.14500E-01  0.00000E+00  0.00000E+00  0.00000E+00   -0.17530E+03 -0.13487E+03  0.31018E+03  0.14661E+03 -0.19001E+03  0.85606E+02      298.00
  0.10930E-01  0.64737E+03   -0.75000E-02 -0.75000E-02  0.15000E-01  0.00000E+00  0.00000E+00  0.00000E+00   -0.17659E+03 -0.13585E+03  0.31244E+03  0.14791E+03 -0.19168E+03  0.86290E+02      298.00
  0.11292E-01  0.65241E+03   -0.77500E-02 -0.77500E-02  0.15500E-01  0.00000E+00  0.00000E+00  0.00000E+00   -0.17786E+03 -0.13681E+03  0.31467E+03  0.14920E+03 -0.19332E+03  0.86963E+02      298.00
  0.11654E-01  0.65738E+03   -0.80000E-02 -0.80000E-02  0.16000E-01  0.00000E+00  0.00000E+00  0.00000E+00   -0.17910E+03 -0.13775E+03  0.31686E+03  0.15047E+03 -0.19494E+03  0.87625E+02      298.00
  0.12016E-01  0.66226E+03   -0.82500E-02 -0.82500E-02  0.16500E-01  0.00000E+00  0.00000E+00  0.00000E+00   -0.18033E+03 -0.13868E+03  0.31900E+03  0.15172E+03 -0.19654E+03  0.88274E+02      298.00
  0.12377E-01  0.66707E+03   -0.85000E-02 -0.85000E-02  0.17000E-01  0.00000E+00  0.00000E+00  0.00000E+00   -0.18153E+03 -0.13959E+03  0.32111E+03  0.15296E+03 -0.19812E+03  0.88911E+02      298.00
  0.12738E-01  0.67181E+03   -0.87500E-02 -0.87500E-02  0.17500E-01  0.00000E+00  0.00000E+00  0.00000E+00   -0.18270E+03 -0.14048E+03  0.32318E+03  0.15418E+03 -0.19968E+03  0.89536E+02      298.00
  0.13099E-01  0.67647E+03   -0.90000E-02 -0.90000E-02  0.18000E-01  0.00000E+00  0.00000E+00  0.00000E+00   -0.18386E+03 -0.14136E+03  0.32522E+03  0.15538E+03 -0.20122E+03  0.90147E+02      298.00
  0.13459E-01  0.68106E+03   -0.92500E-02 -0.92500E-02  0.18500E-01  0.00000E+00  0.00000E+00  0.00000E+00   -0.18500E+03 -0.14222E+03  0.32722E+03  0.15657E+03 -0.20274E+03  0.90746E+02      298.00
  0.13820E-01  0.68607E+03   -0.95000E-02 -0.95000E-02  0.19000E-01  0.00000E+00  0.00000E+00  0.00000E+00   -0.18616E+03 -0.14305E+03  0.32921E+03  0.15797E+03 -0.20452E+03  0.91474E+02      298.00
  0.14179E-01  0.69050E+03   -0.97500E-02 -0.97500E-02  0.19500E-01  0.00000E+00  0.00000E+00  0.00000E+00   -0.18725E+03 -0.14389E+03  0.33114E+03  0.15912E+03 -0.20599E+03  0.92044E+02      298.00
  0.14539E-01  0.69487E+03   -0.10000E-01 -0.10000E-01  0.20000E-01  0.00000E+00  0.00000E+00  0.00000E+00   -0.18833E+03 -0.14471E+03  0.33303E+03  0.16026E+03 -0.20744E+03  0.92600E+02      298.00
  0.14899E-01  0.69917E+03   -0.10250E-01 -0.10250E-01  0.20500E-01  0.00000E+00  0.00000E+00  0.00000E+00   -0.18938E+03 -0.14552E+03  0.33490E+03  0.16138E+03 -0.20887E+03  0.93142E+02      298.00
  0.15258E-01  0.70339E+03   -0.10500E-01 -0.10500E-01  0.21000E-01  0.00000E+00  0.00000E+00  0.00000E+00   -0.19041E+03 -0.14631E+03  0.33673E+03  0.16248E+03 -0.21028E+03  0.93671E+02      298.00
  0.15617E-01  0.70755E+03   -0.10750E-01 -0.10750E-01  0.21500E-01  0.00000E+00  0.00000E+00  0.00000E+00   -0.19143E+03 -0.14710E+03  0.33853E+03  0.16357E+03 -0.21168E+03  0.94186E+02      298.00
  0.15976E-01  0.71164E+03   -0.11000E-01 -0.11000E-01  0.22000E-01  0.00000E+00  0.00000E+00  0.00000E+00   -0.19243E+03 -0.14787E+03  0.34030E+03  0.16465E+03 -0.21305E+03  0.94688E+02      298.00
  0.16334E-01  0.71567E+03   -0.11250E-01 -0.11250E-01  0.22500E-01  0.00000E+00  0.00000E+00  0.00000E+00   -0.19341E+03 -0.14863E+03  0.34203E+03  0.16571E+03 -0.21440E+03  0.95176E+02      298.00
  0.16693E-01  0.71930E+03   -0.11500E-01 -0.11500E-01  0.23000E-01  0.00000E+00  0.00000E+00  0.00000E+00   -0.19432E+03 -0.14938E+03  0.34371E+03  0.16663E+03 -0.21555E+03  0.95570E+02      298.00
  0.17051E-01  0.72329E+03   -0.11750E-01 -0.11750E-01  0.23500E-01  0.00000E+00  0.00000E+00  0.00000E+00   -0.19527E+03 -0.15012E+03  0.34539E+03  0.16770E+03 -0.21692E+03  0.96058E+02      298.00
  0.17409E-01  0.72720E+03   -0.12000E-01 -0.12000E-01  0.24000E-01  0.00000E+00  0.00000E+00  0.00000E+00   -0.19620E+03 -0.15084E+03  0.34704E+03  0.16875E+03 -0.21826E+03  0.96528E+02      298.00
  0.17767E-01  0.73105E+03   -0.12250E-01 -0.12250E-01  0.24500E-01  0.00000E+00  0.00000E+00  0.00000E+00   -0.19712E+03 -0.15155E+03  0.34867E+03  0.16979E+03 -0.21958E+03  0.96984E+02      298.00
  0.18125E-01  0.73483E+03   -0.12500E-01 -0.12500E-01  0.25000E-01  0.00000E+00  0.00000E+00  0.00000E+00   -0.19802E+03 -0.15225E+03  0.35026E+03  0.17081E+03 -0.22088E+03  0.97427E+02      298.00
          Evm          Svm            E11          E22          E33          E23          E13          E12         SDEV11       SDEV22       SDEV33       SDEV23       SDEV13       SDEV12      TEMP
  0.18125E-01  0.73499E+03   -0.12500E-01 -0.12500E-01  0.25000E-01  0.00000E+00  0.00000E+00  0.00000E+00   -0.19804E+03 -0.15224E+03  0.35028E+03  0.17085E+03 -0.22097E+03  0.97460E+02      298.00
  0.18482E-01  0.73855E+03   -0.12750E-01 -0.12750E-01  0.25500E-01  0.00000E+00  0.00000E+00  0.00000E+00   -0.19890E+03 -0.15293E+03  0.35183E+03  0.17181E+03 -0.22217E+03  0.97855E+02      298.00
  0.18840E-01  0.74222E+03   -0.13000E-01 -0.13000E-01  0.26000E-01  0.00000E+00  0.00000E+00  0.00000E+00   -0.19976E+03 -0.15361E+03  0.35337E+03  0.17280E+03 -0.22344E+03  0.98273E+02      298.00
  0.19197E-01  0.74582E+03   -0.13250E-01 -0.13250E-01  0.26500E-01  0.00000E+00  0.00000E+00  0.00000E+00   -0.20061E+03 -0.15428E+03  0.35488E+03  0.17378E+03 -0.22468E+03  0.98676E+02      298.00
  0.19554E-01  0.74936E+03   -0.13500E-01 -0.13500E-01  0.27000E-01  0.00000E+00  0.00000E+00  0.00000E+00   -0.20144E+03 -0.15494E+03  0.35637E+03  0.17474E+03 -0.22592E+03  0.99067E+02      298.00
  0.19910E-01  0.75284E+03   -0.13750E-01 -0.13750E-01  0.27500E-01  0.00000E+00  0.00000E+00  0.00000E+00   -0.20225E+03 -0.15558E+03  0.35783E+03  0.17569E+03 -0.22713E+03  0.99444E+02      298.00
  0.20267E-01  0.75626E+03   -0.14000E-01 -0.14000E-01  0.28000E-01  0.00000E+00  0.00000E+00  0.00000E+00   -0.20305E+03 -0.15622E+03  0.35927E+03  0.17662E+03 -0.22832E+03  0.99809E+02      298.00
  0.20623E-01  0.75962E+03   -0.14250E-01 -0.14250E-01  0.28500E-01  0.00000E+00  0.00000E+00  0.00000E+00   -0.20383E+03 -0.15684E+03  0.36068E+03  0.17754E+03 -0.22950E+03  0.10016E+03      298.00
  0.20979E-01  0.76292E+03   -0.14500E-01 -0.14500E-01  0.29000E-01  0.00000E+00  0.00000E+00  0.00000E+00   -0.20460E+03 -0.15746E+03  0.36206E+03  0.17845E+03 -0.23066E+03  0.10050E+03      298.00
  0.21335E-01  0.76617E+03   -0.14750E-01 -0.14750E-01  0.29500E-01  0.00000E+00  0.00000E+00  0.00000E+00   -0.20535E+03 -0.15807E+03  0.36342E+03  0.17934E+03 -0.23180E+03  0.10083E+03      298.00
  0.21691E-01  0.76936E+03   -0.15000E-01 -0.15000E-01  0.30000E-01  0.00000E+00  0.00000E+00  0.00000E+00   -0.20609E+03 -0.15867E+03  0.36475E+03  0.18021E+03 -0.23292E+03  0.10114E+03      298.00
  0.22046E-01  0.77154E+03   -0.15250E-01 -0.15250E-01  0.30500E-01  0.00000E+00  0.00000E+00  0.00000E+00   -0.20674E+03 -0.15931E+03  0.36604E+03  0.18062E+03 -0.23347E+03  0.10117E+03      298.00
  0.22402E-01  0.77454E+03   -0.15500E-01 -0.15500E-01  0.31000E-01  0.00000E+00  0.00000E+00  0.00000E+00   -0.20744E+03 -0.15989E+03  0.36733E+03  0.18144E+03 -0.23452E+03  0.10144E+03      298.00
  0.22758E-01  0.77740E+03   -0.15750E-01 -0.15750E-01  0.31500E-01  0.00000E+00  0.00000E+00  0.00000E+00   -0.20810E+03 -0.16046E+03  0.36856E+03  0.18222E+03 -0.23549E+03  0.10169E+03      298.00
  0.23113E-01  0.78039E+03   -0.16000E-01 -0.16000E-01  0.32000E-01  0.00000E+00  0.00000E+00  0.00000E+00   -0.20878E+03 -0.16102E+03  0.36981E+03  0.18305E+03 -0.23656E+03  0.10196E+03      298.00
  0.23469E-01  0.78332E+03   -0.16250E-01 -0.16250E-01  0.32500E-01  0.00000E+00  0.00000E+00  0.00000E+00   -0.20945E+03 -0.16158E+03  0.37103E+03  0.18387E+03 -0.23761E+03  0.10222E+03      298.00
  0.23824E-01  0.78621E+03   -0.16500E-01 -0.16500E-01  0.33000E-01  0.00000E+00  0.00000E+00  0.00000E+00   -0.21010E+03 -0.16212E+03  0.37223E+03  0.18467E+03 -0.23864E+03  0.10247E+03      298.00
  0.24179E-01  0.78904E+03   -0.16750E-01 -0.16750E-01  0.33500E-01  0.00000E+00  0.00000E+00  0.00000E+00   -0.21074E+03 -0.16266E+03  0.37340E+03  0.18546E+03 -0.23965E+03  0.10270E+03      298.00
  0.24534E-01  0.79181E+03   -0.17000E-01 -0.17000E-01  0.34000E-01  0.00000E+00  0.00000E+00  0.00000E+00   -0.21137E+03 -0.16319E+03  0.37456E+03  0.18623E+03 -0.24064E+03  0.10293E+03      298.00
  0.24889E-01  0.79454E+03   -0.17250E-01 -0.17250E-01  0.34500E-01  0.00000E+00  0.00000E+00  0.00000E+00   -0.21198E+03 -0.16371E+03  0.37570E+03  0.18699E+03 -0.24162E+03  0.10314E+03      298.00
  0.25244E-01  0.79721E+03   -0.17500E-01 -0.17500E-01  0.35000E-01  0.00000E+00  0.00000E+00  0.00000E+00   -0.21258E+03 -0.16423E+03  0.37681E+03  0.18774E+03 -0.24258E+03  0.10334E+03      298.00
  0.25598E-01  0.79983E+03   -0.17750E-01 -0.17750E-01  0.35500E-01  0.00000E+00  0.00000E+00  0.00000E+00   -0.21317E+03 -0.16473E+03  0.37791E+03  0.18848E+03 -0.24353E+03  0.10354E+03      298.00
  0.25952E-01  0.80240E+03   -0.18000E-01 -0.18000E-01  0.36000E-01  0.00000E+00  0.00000E+00  0.00000E+00   -0.21375E+03 -0.16523E+03  0.37898E+03  0.18920E+03 -0.24445E+03  0.10371E+03      298.00
  0.26307E-01  0.80493E+03   -0.18250E-01 -0.18250E-01  0.36500E-01  0.00000E+00  0.00000E+00  0.00000E+00   -0.21431E+03 -0.16572E+03  0.38003E+03  0.18991E+03 -0.24537E+03  0.10388E+03      298.00
  0.26661E-01  0.80740E+03   -0.18500E-01 -0.18500E-01  0.37000E-01  0.00000E+00  0.00000E+00  0.00000E+00   -0.21486E+03 -0.16621E+03  0.38107E+03  0.19060E+03 -0.24626E+03  0.10404E+03      298.00
  0.27015E-01  0.80983E+03   -0.18750E-01 -0.18750E-01  0.37500E-01  0.00000E+00  0.00000E+00  0.00000E+00   -0.21540E+03 -0.16669E+03  0.38209E+03  0.19128E+03 -0.24714E+03  0.10419E+03      298.00
  0.27369E-01  0.81221E+03   -0.19000E-01 -0.19000E-01  0.38000E-01  0.00000E+00  0.00000E+00  0.00000E+00   -0.21592E+03 -0.16716E+03  0.38308E+03  0.19195E+03 -0.24800E+03  0.10433E+03      298.00
  0.27722E-01  0.81454E+03   -0.19250E-01 -0.19250E-01  0.38500E-01  0.00000E+00  0.00000E+00  0.00000E+00   -0.21644E+03 -0.16762E+03  0.38406E+03  0.19261E+03 -0.24885E+03  0.10445E+03      298.00
  0.28076E-01  0.81683E+03   -0.19500E-01 -0.19500E-01  0.39000E-01  0.00000E+00  0.00000E+00  0.00000E+00   -0.21694E+03 -0.16808E+03  0.38502E+03  0.19326E+03 -0.24969E+03  0.10457E+03      298.00
  0.28429E-01  0.81847E+03   -0.19750E-01 -0.19750E-01  0.39500E-01  0.00000E+00  0.00000E+00  0.00000E+00   -0.21742E+03 -0.16860E+03  0.38601E+03  0.19358E+03 -0.25011E+03  0.10449E+03      298.00
  0.28783E-01  0.82067E+03   -0.20000E-01 -0.20000E-01  0.40000E-01  0.00000E+00  0.00000E+00  0.00000E+00   -0.21790E+03 -0.16904E+03  0.38694E+03  0.19420E+03 -0.25092E+03  0.10458E+03      298.00
  0.29137E-01  0.82283E+03   -0.20250E-01 -0.20250E-01  0.40500E-01  0.00000E+00  0.00000E+00  0.00000E+00   -0.21837E+03 -0.16948E+03  0.38784E+03  0.19481E+03 -0.25171E+03  0.10467E+03      298.00
  0.29490E-01  0.82495E+03   -0.20500E-01 -0.20500E-01  0.41000E-01  0.00000E+00  0.00000E+00  0.00000E+00   -0.21883E+03 -0.16991E+03  0.38873E+03  0.19542E+03 -0.25249E+03  0.10476E+03      298.00
  0.29844E-01  0.82704E+03   -0.20750E-01 -0.20750E-01  0.41500E-01  0.00000E+00  0.00000E+00  0.00000E+00   -0.21928E+03 -0.17033E+03  0.38961E+03  0.19601E+03 -0.25326E+03  0.10483E+03      298.00
  0.30197E-01  0.82909E+03   -0.21000E-01 -0.21000E-01  0.42000E-01  0.00000E+00  0.00000E+00  0.00000E+00   -0.21972E+03 -0.17075E+03  0.39046E+03  0.19660E+03 -0.25403E+03  0.10490E+03      298.00
  0.30550E-01  0.83111E+03   -0.21250E-01 -0.21250E-01  0.42500E-01  0.00000E+00  0.00000E+00  0.00000E+00   -0.22015E+03 -0.17116E+03  0.39130E+03  0.19718E+03 -0.25478E+03  0.10496E+03      298.00
  0.30903E-01  0.83310E+03   -0.21500E-01 -0.21500E-01  0.43000E-01  0.00000E+00  0.00000E+00  0.00000E+00   -0.22057E+03 -0.17156E+03  0.39213E+03  0.19776E+03 -0.25552E+03  0.10502E+03      298.00
  0.31256E-01  0.83507E+03   -0.21750E-01 -0.21750E-01  0.43500E-01  0.00000E+00  0.00000E+00  0.00000E+00   -0.22098E+03 -0.17196E+03  0.39294E+03  0.19833E+03 -0.25626E+03  0.10507E+03      298.00
  0.31609E-01  0.83700E+03   -0.22000E-01 -0.22000E-01  0.44000E-01  0.00000E+00  0.00000E+00  0.00000E+00   -0.22139E+03 -0.17235E+03  0.39374E+03  0.19889E+03 -0.25699E+03  0.10511E+03      298.00
  0.31962E-01  0.83948E+03   -0.22250E-01 -0.22250E-01  0.44500E-01  0.00000E+00  0.00000E+00  0.00000E+00   -0.22181E+03 -0.17268E+03  0.39448E+03  0.19974E+03 -0.25808E+03  0.10532E+03      298.00
  0.32315E-01  0.84135E+03   -0.22500E-01 -0.22500E-01  0.45000E-01  0.00000E+00  0.00000E+00  0.00000E+00   -0.22219E+03 -0.17306E+03  0.39525E+03  0.20029E+03 -0.25879E+03  0.10535E+03      298.00
  0.32667E-01  0.84320E+03   -0.22750E-01 -0.22750E-01  0.45500E-01  0.00000E+00  0.00000E+00  0.00000E+00   -0.22257E+03 -0.17343E+03  0.39600E+03  0.20083E+03 -0.25950E+03  0.10538E+03      298.00
  0.33019E-01  0.84502E+03   -0.23000E-01 -0.23000E-01  0.46000E-01  0.00000E+00  0.00000E+00  0.00000E+00   -0.22294E+03 -0.17380E+03  0.39674E+03  0.20137E+03 -0.26020E+03  0.10540E+03      298.00
  0.33371E-01  0.84682E+03   -0.23250E-01 -0.23250E-01  0.46500E-01  0.00000E+00  0.00000E+00  0.00000E+00   -0.22330E+03 -0.17416E+03  0.39746E+03  0.20191E+03 -0.26090E+03  0.10541E+03      298.00
  0.33723E-01  0.84861E+03   -0.23500E-01 -0.23500E-01  0.47000E-01  0.00000E+00  0.00000E+00  0.00000E+00   -0.22366E+03 -0.17452E+03  0.39817E+03  0.20245E+03 -0.26160E+03  0.10543E+03      298.00
  0.34075E-01  0.85037E+03   -0.23750E-01 -0.23750E-01  0.47500E-01  0.00000E+00  0.00000E+00  0.00000E+00   -0.22401E+03 -0.17487E+03  0.39887E+03  0.20298E+03 -0.26230E+03  0.10544E+03      298.00
  0.34427E-01  0.85212E+03   -0.24000E-01 -0.24000E-01  0.48000E-01  0.00000E+00  0.00000E+00  0.00000E+00   -0.22435E+03 -0.17521E+03  0.39956E+03  0.20351E+03 -0.26299E+03  0.10544E+03      298.00
  0.34779E-01  0.85385E+03   -0.24250E-01 -0.24250E-01  0.48500E-01  0.00000E+00  0.00000E+00  0.00000E+00   -0.22468E+03 -0.17555E+03  0.40023E+03  0.20405E+03 -0.26368E+03  0.10544E+03      298.00
  0.35130E-01  0.85557E+03   -0.24500E-01 -0.24500E-01  0.49000E-01  0.00000E+00  0.00000E+00  0.00000E+00   -0.22500E+03 -0.17588E+03  0.40088E+03  0.20458E+03 -0.26437E+03  0.10544E+03      298.00
  0.35482E-01  0.85727E+03   -0.24750E-01 -0.24750E-01  0.49500E-01  0.00000E+00  0.00000E+00  0.00000E+00   -0.22532E+03 -0.17621E+03  0.40153E+03  0.20511E+03 -0.26506E+03  0.10544E+03      298.00
  0.35833E-01  0.85895E+03   -0.25000E-01 -0.25000E-01  0.50000E-01  0.00000E+00  0.00000E+00  0.00000E+00   -0.22563E+03 -0.17653E+03  0.40216E+03  0.20564E+03 -0.26575E+03  0.10544E+03      298.00
          Evm          Svm            E11          E22          E33          E23          E13          E12         SDEV11       SDEV22       SDEV33       SDEV23       SDEV13       SDEV12      TEMP
  0.35833E-01  0.85881E+03   -0.25000E-01 -0.25000E-01  0.50000E-01  0.00000E+00  0.00000E+00  0.00000E+00   -0.22570E+03 -0.17645E+03  0.40214E+03  0.20555E+03 -0.26569E+03  0.10542E+03      298.00
  0.36184E-01  0.86063E+03   -0.25250E-01 -0.25250E-01  0.50500E-01  0.00000E+00  0.00000E+00  0.00000E+00   -0.22594E+03 -0.17684E+03  0.40279E+03  0.20617E+03 -0.26645E+03  0.10543E+03      298.00
  0.36535E-01  0.86228E+03   -0.25500E-01 -0.25500E-01  0.51000E-01  0.00000E+00  0.00000E+00  0.00000E+00   -0.22624E+03 -0.17715E+03  0.40339E+03  0.20670E+03 -0.26713E+03  0.10542E+03      298.00
  0.36886E-01  0.86393E+03   -0.25750E-01 -0.25750E-01  0.51500E-01  0.00000E+00  0.00000E+00  0.00000E+00   -0.22653E+03 -0.17746E+03  0.40399E+03  0.20722E+03 -0.26782E+03  0.10541E+03      298.00
  0.37237E-01  0.86556E+03   -0.26000E-01 -0.26000E-01  0.52000E-01  0.00000E+00  0.00000E+00  0.00000E+00   -0.22682E+03 -0.17776E+03  0.40458E+03  0.20775E+03 -0.26851E+03  0.10540E+03      298.00
  0.37587E-01  0.86719E+03   -0.26250E-01 -0.26250E-01  0.52500E-01  0.00000E+00  0.00000E+00  0.00000E+00   -0.22710E+03 -0.17805E+03  0.40515E+03  0.20828E+03 -0.26920E+03  0.10538E+03      298.00
  0.37938E-01  0.86880E+03   -0.26500E-01 -0.26500E-01  0.53000E-01  0.00000E+00  0.00000E+00  0.00000E+00   -0.22737E+03 -0.17834E+03  0.40572E+03  0.20881E+03 -0.26989E+03  0.10536E+03      298.00
  0.38288E-01  0.87039E+03   -0.26750E-01 -0.26750E-01  0.53500E-01  0.00000E+00  0.00000E+00  0.00000E+00   -0.22764E+03 -0.17863E+03  0.40627E+03  0.20934E+03 -0.27058E+03  0.10534E+03      298.00
  0.38638E-01  0.87198E+03   -0.27000E-01 -0.27000E-01  0.54000E-01  0.00000E+00  0.00000E+00  0.00000E+00   -0.22790E+03 -0.17891E+03  0.40681E+03  0.20987E+03 -0.27127E+03  0.10532E+03      298.00
  0.38988E-01  0.87449E+03   -0.27250E-01 -0.27250E-01  0.54500E-01  0.00000E+00  0.00000E+00  0.00000E+00   -0.22822E+03 -0.17912E+03  0.40734E+03  0.21084E+03 -0.27253E+03  0.10555E+03      298.00
  0.39337E-01  0.87603E+03   -0.27500E-01 -0.27500E-01  0.55000E-01  0.00000E+00  0.00000E+00  0.00000E+00   -0.22847E+03 -0.17939E+03  0.40786E+03  0.21135E+03 -0.27320E+03  0.10551E+03      298.00
  0.39686E-01  0.87741E+03   -0.27750E-01 -0.27750E-01  0.55500E-01  0.00000E+00  0.00000E+00  0.00000E+00   -0.22872E+03 -0.17969E+03  0.40841E+03  0.21178E+03 -0.27377E+03  0.10542E+03      298.00
  0.40036E-01  0.87895E+03   -0.28000E-01 -0.28000E-01  0.56000E-01  0.00000E+00  0.00000E+00  0.00000E+00   -0.22896E+03 -0.17995E+03  0.40891E+03  0.21231E+03 -0.27446E+03  0.10538E+03      298.00
  0.40384E-01  0.88048E+03   -0.28250E-01 -0.28250E-01  0.56500E-01  0.00000E+00  0.00000E+00  0.00000E+00   -0.22920E+03 -0.18021E+03  0.40941E+03  0.21283E+03 -0.27515E+03  0.10535E+03      298.00
  0.40733E-01  0.88199E+03   -0.28500E-01 -0.28500E-01  0.57000E-01  0.00000E+00  0.00000E+00  0.00000E+00   -0.22942E+03 -0.18046E+03  0.40989E+03  0.21336E+03 -0.27583E+03  0.10531E+03      298.00
  0.41082E-01  0.88349E+03   -0.28750E-01 -0.28750E-01  0.57500E-01  0.00000E+00  0.00000E+00  0.00000E+00   -0.22965E+03 -0.18071E+03  0.41036E+03  0.21388E+03 -0.27652E+03  0.10527E+03      298.00
  0.41430E-01  0.88498E+03   -0.29000E-01 -0.29000E-01  0.58000E-01  0.00000E+00  0.00000E+00  0.00000E+00   -0.22987E+03 -0.18096E+03  0.41082E+03  0.21441E+03 -0.27720E+03  0.10523E+03      298.00
  0.41778E-01  0.88646E+03   -0.29250E-01 -0.29250E-01  0.58500E-01  0.00000E+00  0.00000E+00  0.00000E+00   -0.23008E+03 -0.18120E+03  0.41128E+03  0.21493E+03 -0.27788E+03  0.10518E+03      298.00
  0.42126E-01  0.88792E+03   -0.29500E-01 -0.29500E-01  0.59000E-01  0.00000E+00  0.00000E+00  0.00000E+00   -0.23029E+03 -0.18143E+03  0.41172E+03  0.21545E+03 -0.27856E+03  0.10513E+03      298.00
  0.42474E-01  0.88937E+03   -0.29750E-01 -0.29750E-01  0.59500E-01  0.00000E+00  0.00000E+00  0.00000E+00   -0.23049E+03 -0.18167E+03  0.41216E+03  0.21597E+03 -0.27924E+03  0.10508E+03      298.00
  0.42822E-01  0.89082E+03   -0.30000E-01 -0.30000E-01  0.60000E-01  0.00000E+00  0.00000E+00  0.00000E+00   -0.23069E+03 -0.18190E+03  0.41258E+03  0.21649E+03 -0.27992E+03  0.10503E+03      298.00
  0.43169E-01  0.89225E+03   -0.30250E-01 -0.30250E-01  0.60500E-01  0.00000E+00  0.00000E+00  0.00000E+00   -0.23088E+03 -0.18212E+03  0.41300E+03  0.21700E+03 -0.28060E+03  0.10497E+03      298.00
  0.43516E-01  0.89366E+03   -0.30500E-01 -0.30500E-01  0.61000E-01  0.00000E+00  0.00000E+00  0.00000E+00   -0.23107E+03 -0.18234E+03  0.41341E+03  0.21752E+03 -0.28127E+03  0.10492E+03      298.00
  0.43863E-01  0.89507E+03   -0.30750E-01 -0.30750E-01  0.61500E-01  0.00000E+00  0.00000E+00  0.00000E+00   -0.23125E+03 -0.18256E+03  0.41381E+03  0.21803E+03 -0.28195E+03  0.10485E+03      298.00
  0.44210E-01  0.89646E+03   -0.31000E-01 -0.31000E-01  0.62000E-01  0.00000E+00  0.00000E+00  0.00000E+00   -0.23143E+03 -0.18278E+03  0.41420E+03  0.21854E+03 -0.28262E+03  0.10479E+03      298.00
  0.44556E-01  0.89784E+03   -0.31250E-01 -0.31250E-01  0.62500E-01  0.00000E+00  0.00000E+00  0.00000E+00   -0.23160E+03 -0.18299E+03  0.41459E+03  0.21906E+03 -0.28329E+03  0.10472E+03      298.00
  0.44903E-01  0.89921E+03   -0.31500E-01 -0.31500E-01  0.63000E-01  0.00000E+00  0.00000E+00  0.00000E+00   -0.23177E+03 -0.18319E+03  0.41496E+03  0.21956E+03 -0.28396E+03  0.10465E+03      298.00
  0.45249E-01  0.90057E+03   -0.31750E-01 -0.31750E-01  0.63500E-01  0.00000E+00  0.00000E+00  0.00000E+00   -0.23193E+03 -0.18340E+03  0.41533E+03  0.22007E+03 -0.28462E+03  0.10458E+03      298.00
  0.45595E-01  0.90191E+03   -0.32000E-01 -0.32000E-01  0.64000E-01  0.00000E+00  0.00000E+00  0.00000E+00   -0.23209E+03 -0.18360E+03  0.41569E+03  0.22058E+03 -0.28528E+03  0.10451E+03      298.00
  0.45940E-01  0.90324E+03   -0.32250E-01 -0.32250E-01  0.64500E-01  0.00000E+00  0.00000E+00  0.00000E+00   -0.23225E+03 -0.18380E+03  0.41604E+03  0.22108E+03 -0.28594E+03  0.10443E+03      298.00
  0.46286E-01  0.90457E+03   -0.32500E-01 -0.32500E-01  0.65000E-01  0.00000E+00  0.00000E+00  0.00000E+00   -0.23240E+03 -0.18399E+03  0.41639E+03  0.22158E+03 -0.28660E+03  0.10435E+03      298.00
  0.46631E-01  0.90587E+03   -0.32750E-01 -0.32750E-01  0.65500E-01  0.00000E+00  0.00000E+00  0.00000E+00   -0.23254E+03 -0.18418E+03  0.41672E+03  0.22208E+03 -0.28726E+03  0.10427E+03      298.00
  0.46976E-01  0.90717E+03   -0.33000E-01 -0.33000E-01  0.66000E-01  0.00000E+00  0.00000E+00  0.00000E+00   -0.23268E+03 -0.18437E+03  0.41705E+03  0.22258E+03 -0.28791E+03  0.10418E+03      298.00
  0.47321E-01  0.90846E+03   -0.33250E-01 -0.33250E-01  0.66500E-01  0.00000E+00  0.00000E+00  0.00000E+00   -0.23282E+03 -0.18455E+03  0.41738E+03  0.22307E+03 -0.28856E+03  0.10409E+03      298.00
  0.47665E-01  0.90973E+03   -0.33500E-01 -0.33500E-01  0.67000E-01  0.00000E+00  0.00000E+00  0.00000E+00   -0.23295E+03 -0.18474E+03  0.41769E+03  0.22356E+03 -0.28921E+03  0.10400E+03      298.00
  0.48010E-01  0.91194E+03   -0.33750E-01 -0.33750E-01  0.67500E-01  0.00000E+00  0.00000E+00  0.00000E+00   -0.23317E+03 -0.18489E+03  0.41806E+03  0.22446E+03 -0.29039E+03  0.10412E+03      298.00
  0.48354E-01  0.91317E+03   -0.34000E-01 -0.34000E-01  0.68000E-01  0.00000E+00  0.00000E+00  0.00000E+00   -0.23329E+03 -0.18507E+03  0.41836E+03  0.22494E+03 -0.29102E+03  0.10402E+03      298.00
  0.48697E-01  0.91440E+03   -0.34250E-01 -0.34250E-01  0.68500E-01  0.00000E+00  0.00000E+00  0.00000E+00   -0.23341E+03 -0.18525E+03  0.41866E+03  0.22542E+03 -0.29165E+03  0.10391E+03      298.00
  0.49041E-01  0.91561E+03   -0.34500E-01 -0.34500E-01  0.69000E-01  0.00000E+00  0.00000E+00  0.00000E+00   -0.23353E+03 -0.18542E+03  0.41894E+03  0.22589E+03 -0.29228E+03  0.10380E+03      298.00
  0.49384E-01  0.91681E+03   -0.34750E-01 -0.34750E-01  0.69500E-01  0.00000E+00  0.00000E+00  0.00000E+00   -0.23364E+03 -0.18559E+03  0.41922E+03  0.22637E+03 -0.29291E+03  0.10370E+03      298.00
  0.49727E-01  0.91800E+03   -0.35000E-01 -0.35000E-01  0.70000E-01  0.00000E+00  0.00000E+00  0.00000E+00   -0.23375E+03 -0.18575E+03  0.41950E+03  0.22684E+03 -0.29353E+03  0.10358E+03      298.00
  0.50069E-01  0.91918E+03   -0.35250E-01 -0.35250E-01  0.70500E-01  0.00000E+00  0.00000E+00  0.00000E+00   -0.23385E+03 -0.18592E+03  0.41977E+03  0.22731E+03 -0.29415E+03  0.10347E+03      298.00
  0.50412E-01  0.92035E+03   -0.35500E-01 -0.35500E-01  0.71000E-01  0.00000E+00  0.00000E+00  0.00000E+00   -0.23395E+03 -0.18608E+03  0.42003E+03  0.22778E+03 -0.29477E+03  0.10335E+03      298.00
  0.50754E-01  0.92150E+03   -0.35750E-01 -0.35750E-01  0.71500E-01  0.00000E+00  0.00000E+00  0.00000E+00   -0.23405E+03 -0.18624E+03  0.42028E+03  0.22825E+03 -0.29538E+03  0.10323E+03      298.00
  0.51096E-01  0.92265E+03   -0.36000E-01 -0.36000E-01  0.72000E-01  0.00000E+00  0.00000E+00  0.00000E+00   -0.23414E+03 -0.18639E+03  0.42053E+03  0.22871E+03 -0.29600E+03  0.10311E+03      298.00
  0.51438E-01  0.92378E+03   -0.36250E-01 -0.36250E-01  0.72500E-01  0.00000E+00  0.00000E+00  0.00000E+00   -0.23423E+03 -0.18655E+03  0.42077E+03  0.22917E+03 -0.29661E+03  0.10298E+03      298.00
  0.51780E-01  0.92491E+03   -0.36500E-01 -0.36500E-01  0.73000E-01  0.00000E+00  0.00000E+00  0.00000E+00   -0.23431E+03 -0.18670E+03  0.42101E+03  0.22963E+03 -0.29721E+03  0.10286E+03      298.00
  0.52121E-01  0.92602E+03   -0.36750E-01 -0.36750E-01  0.73500E-01  0.00000E+00  0.00000E+00  0.00000E+00   -0.23439E+03 -0.18685E+03  0.42124E+03  0.23009E+03 -0.29782E+03  0.10272E+03      298.00
  0.52462E-01  0.92712E+03   -0.37000E-01 -0.37000E-01  0.74000E-01  0.00000E+00  0.00000E+00  0.00000E+00   -0.23447E+03 -0.18699E+03  0.42147E+03  0.23054E+03 -0.29842E+03  0.10259E+03      298.00
  0.52803E-01  0.92821E+03   -0.37250E-01 -0.37250E-01  0.74500E-01  0.00000E+00  0.00000E+00  0.00000E+00   -0.23455E+03 -0.18714E+03  0.42169E+03  0.23100E+03 -0.29902E+03  0.10246E+03      298.00
  0.53144E-01  0.92930E+03   -0.37500E-01 -0.37500E-01  0.75000E-01  0.00000E+00  0.00000E+00  0.00000E+00   -0.23462E+03 -0.18728E+03  0.42190E+03  0.23145E+03 -0.29961E+03  0.10232E+03      298.00
          Evm          Svm            E11          E22          E33          E23          E13          E12         SDEV11       SDEV22       SDEV33       SDEV23       SDEV13       SDEV12      TEMP
  0.53144E-01  0.92890E+03   -0.37500E-01 -0.37500E-01  0.75000E-01  0.00000E+00  0.00000E+00  0.00000E+00   -0.23459E+03 -0.18728E+03  0.42187E+03  0.23130E+03 -0.29938E+03  0.10224E+03      298.00
  0.53485E-01  0.93039E+03   -0.37750E-01 -0.37750E-01  0.75500E-01  0.00000E+00  0.00000E+00  0.00000E+00   -0.23469E+03 -0.18742E+03  0.42211E+03  0.23190E+03 -0.30021E+03  0.10218E+03      298.00
  0.53825E-01  0.93143E+03   -0.38000E-01 -0.38000E-01  0.76000E-01  0.00000E+00  0.00000E+00  0.00000E+00   -0.23475E+03 -0.18756E+03  0.42231E+03  0.23234E+03 -0.30079E+03  0.10203E+03      298.00
  0.54165E-01  0.93248E+03   -0.38250E-01 -0.38250E-01  0.76500E-01  0.00000E+00  0.00000E+00  0.00000E+00   -0.23481E+03 -0.18770E+03  0.42251E+03  0.23278E+03 -0.30138E+03  0.10189E+03      298.00
  0.54505E-01  0.93352E+03   -0.38500E-01 -0.38500E-01  0.77000E-01  0.00000E+00  0.00000E+00  0.00000E+00   -0.23487E+03 -0.18783E+03  0.42270E+03  0.23322E+03 -0.30196E+03  0.10174E+03      298.00
  0.54844E-01  0.93455E+03   -0.38750E-01 -0.38750E-01  0.77500E-01  0.00000E+00  0.00000E+00  0.00000E+00   -0.23493E+03 -0.18796E+03  0.42289E+03  0.23366E+03 -0.30254E+03  0.10159E+03      298.00
  0.55184E-01  0.93557E+03   -0.39000E-01 -0.39000E-01  0.78000E-01  0.00000E+00  0.00000E+00  0.00000E+00   -0.23498E+03 -0.18809E+03  0.42307E+03  0.23410E+03 -0.30312E+03  0.10144E+03      298.00
  0.55523E-01  0.93658E+03   -0.39250E-01 -0.39250E-01  0.78500E-01  0.00000E+00  0.00000E+00  0.00000E+00   -0.23503E+03 -0.18822E+03  0.42324E+03  0.23453E+03 -0.30370E+03  0.10128E+03      298.00
  0.55862E-01  0.93758E+03   -0.39500E-01 -0.39500E-01  0.79000E-01  0.00000E+00  0.00000E+00  0.00000E+00   -0.23507E+03 -0.18834E+03  0.42342E+03  0.23496E+03 -0.30427E+03  0.10112E+03      298.00
  0.56200E-01  0.93857E+03   -0.39750E-01 -0.39750E-01  0.79500E-01  0.00000E+00  0.00000E+00  0.00000E+00   -0.23511E+03 -0.18847E+03  0.42358E+03  0.23539E+03 -0.30484E+03  0.10096E+03      298.00
  0.56539E-01  0.93956E+03   -0.40000E-01 -0.40000E-01  0.80000E-01  0.00000E+00  0.00000E+00  0.00000E+00   -0.23515E+03 -0.18859E+03  0.42374E+03  0.23582E+03 -0.30540E+03  0.10080E+03      298.00
  0.56877E-01  0.94053E+03   -0.40250E-01 -0.40250E-01  0.80500E-01  0.00000E+00  0.00000E+00  0.00000E+00   -0.23519E+03 -0.18871E+03  0.42390E+03  0.23624E+03 -0.30597E+03  0.10064E+03      298.00
  0.57215E-01  0.94149E+03   -0.40500E-01 -0.40500E-01  0.81000E-01  0.00000E+00  0.00000E+00  0.00000E+00   -0.23522E+03 -0.18883E+03  0.42405E+03  0.23667E+03 -0.30653E+03  0.10047E+03      298.00
  0.57553E-01  0.94244E+03   -0.40750E-01 -0.40750E-01  0.81500E-01  0.00000E+00  0.00000E+00  0.00000E+00   -0.23525E+03 -0.18894E+03  0.42420E+03  0.23709E+03 -0.30709E+03  0.10030E+03      298.00
  0.57891E-01  0.94339E+03   -0.41000E-01 -0.41000E-01  0.82000E-01  0.00000E+00  0.00000E+00  0.00000E+00   -0.23528E+03 -0.18906E+03  0.42434E+03  0.23750E+03 -0.30764E+03  0.10013E+03      298.00
  0.58228E-01  0.94433E+03   -0.41250E-01 -0.41250E-01  0.82500E-01  0.00000E+00  0.00000E+00  0.00000E+00   -0.23531E+03 -0.18917E+03  0.42448E+03  0.23792E+03 -0.30819E+03  0.99956E+02      298.00
  0.58565E-01  0.94525E+03   -0.41500E-01 -0.41500E-01  0.83000E-01  0.00000E+00  0.00000E+00  0.00000E+00   -0.23533E+03 -0.18928E+03  0.42461E+03  0.23833E+03 -0.30874E+03  0.99780E+02      298.00
  0.58902E-01  0.94617E+03   -0.41750E-01 -0.41750E-01  0.83500E-01  0.00000E+00  0.00000E+00  0.00000E+00   -0.23535E+03 -0.18939E+03  0.42474E+03  0.23874E+03 -0.30929E+03  0.99602E+02      298.00
  0.59239E-01  0.94708E+03   -0.42000E-01 -0.42000E-01  0.84000E-01  0.00000E+00  0.00000E+00  0.00000E+00   -0.23537E+03 -0.18950E+03  0.42487E+03  0.23915E+03 -0.30983E+03  0.99422E+02      298.00
  0.59575E-01  0.94798E+03   -0.42250E-01 -0.42250E-01  0.84500E-01  0.00000E+00  0.00000E+00  0.00000E+00   -0.23538E+03 -0.18961E+03  0.42499E+03  0.23956E+03 -0.31037E+03  0.99240E+02      298.00
  0.59911E-01  0.94887E+03   -0.42500E-01 -0.42500E-01  0.85000E-01  0.00000E+00  0.00000E+00  0.00000E+00   -0.23539E+03 -0.18971E+03  0.42510E+03  0.23996E+03 -0.31091E+03  0.99056E+02      298.00
  0.60247E-01  0.94975E+03   -0.42750E-01 -0.42750E-01  0.85500E-01  0.00000E+00  0.00000E+00  0.00000E+00   -0.23540E+03 -0.18981E+03  0.42522E+03  0.24037E+03 -0.31145E+03  0.98869E+02      298.00
  0.60583E-01  0.95063E+03   -0.43000E-01 -0.43000E-01  0.86000E-01  0.00000E+00  0.00000E+00  0.00000E+00   -0.23541E+03 -0.18991E+03  0.42532E+03  0.24077E+03 -0.31198E+03  0.98681E+02      298.00
  0.60919E-01  0.95150E+03   -0.43250E-01 -0.43250E-01  0.86500E-01  0.00000E+00  0.00000E+00  0.00000E+00   -0.23541E+03 -0.19001E+03  0.42543E+03  0.24116E+03 -0.31251E+03  0.98490E+02      298.00
  0.61254E-01  0.95235E+03   -0.43500E-01 -0.43500E-01  0.87000E-01  0.00000E+00  0.00000E+00  0.00000E+00   -0.23542E+03 -0.19011E+03  0.42553E+03  0.24156E+03 -0.31304E+03  0.98298E+02      298.00
  0.61589E-01  0.95320E+03   -0.43750E-01 -0.43750E-01  0.87500E-01  0.00000E+00  0.00000E+00  0.00000E+00   -0.23541E+03 -0.19021E+03  0.42562E+03  0.24195E+03 -0.31356E+03  0.98103E+02      298.00
  0.61924E-01  0.95405E+03   -0.44000E-01 -0.44000E-01  0.88000E-01  0.00000E+00  0.00000E+00  0.00000E+00   -0.23541E+03 -0.19031E+03  0.42572E+03  0.24235E+03 -0.31408E+03  0.97906E+02      298.00
  0.62259E-01  0.95488E+03   -0.44250E-01 -0.44250E-01  0.88500E-01  0.00000E+00  0.00000E+00  0.00000E+00   -0.23541E+03 -0.19040E+03  0.42581E+03  0.24273E+03 -0.31460E+03  0.97708E+02      298.00
  0.62593E-01  0.95571E+03   -0.44500E-01 -0.44500E-01  0.89000E-01  0.00000E+00  0.00000E+00  0.00000E+00   -0.23540E+03 -0.19049E+03  0.42589E+03  0.24312E+03 -0.31512E+03  0.97508E+02      298.00
  0.62927E-01  0.95652E+03   -0.44750E-01 -0.44750E-01  0.89500E-01  0.00000E+00  0.00000E+00  0.00000E+00   -0.23539E+03 -0.19058E+03  0.42597E+03  0.24351E+03 -0.31563E+03  0.97305E+02      298.00
  0.63261E-01  0.95733E+03   -0.45000E-01 -0.45000E-01  0.90000E-01  0.00000E+00  0.00000E+00  0.00000E+00   -0.23538E+03 -0.19067E+03  0.42605E+03  0.24389E+03 -0.31614E+03  0.97101E+02      298.00
  0.63595E-01  0.95814E+03   -0.45250E-01 -0.45250E-01  0.90500E-01  0.00000E+00  0.00000E+00  0.00000E+00   -0.23536E+03 -0.19076E+03  0.42612E+03  0.24427E+03 -0.31665E+03  0.96895E+02      298.00
  0.63929E-01  0.95893E+03   -0.45500E-01 -0.45500E-01  0.91000E-01  0.00000E+00  0.00000E+00  0.00000E+00   -0.23535E+03 -0.19085E+03  0.42619E+03  0.24465E+03 -0.31716E+03  0.96687E+02      298.00
  0.64262E-01  0.95972E+03   -0.45750E-01 -0.45750E-01  0.91500E-01  0.00000E+00  0.00000E+00  0.00000E+00   -0.23533E+03 -0.19093E+03  0.42626E+03  0.24503E+03 -0.31766E+03  0.96478E+02      298.00
  0.64595E-01  0.96050E+03   -0.46000E-01 -0.46000E-01  0.92000E-01  0.00000E+00  0.00000E+00  0.00000E+00   -0.23531E+03 -0.19102E+03  0.42632E+03  0.24540E+03 -0.31816E+03  0.96266E+02      298.00
  0.64928E-01  0.96127E+03   -0.46250E-01 -0.46250E-01  0.92500E-01  0.00000E+00  0.00000E+00  0.00000E+00   -0.23528E+03 -0.19110E+03  0.42638E+03  0.24577E+03 -0.31866E+03  0.96053E+02      298.00
  0.65261E-01  0.96204E+03   -0.46500E-01 -0.46500E-01  0.93000E-01  0.00000E+00  0.00000E+00  0.00000E+00   -0.23526E+03 -0.19118E+03  0.42644E+03  0.24614E+03 -0.31916E+03  0.95838E+02      298.00
  0.65593E-01  0.96280E+03   -0.46750E-01 -0.46750E-01  0.93500E-01  0.00000E+00  0.00000E+00  0.00000E+00   -0.23523E+03 -0.19126E+03  0.42649E+03  0.24651E+03 -0.31965E+03  0.95622E+02      298.00
  0.65925E-01  0.96355E+03   -0.47000E-01 -0.47000E-01  0.94000E-01  0.00000E+00  0.00000E+00  0.00000E+00   -0.23520E+03 -0.19134E+03  0.42654E+03  0.24688E+03 -0.32014E+03  0.95403E+02      298.00
  0.66257E-01  0.96429E+03   -0.47250E-01 -0.47250E-01  0.94500E-01  0.00000E+00  0.00000E+00  0.00000E+00   -0.23517E+03 -0.19142E+03  0.42659E+03  0.24724E+03 -0.32063E+03  0.95183E+02      298.00
  0.66589E-01  0.96503E+03   -0.47500E-01 -0.47500E-01  0.95000E-01  0.00000E+00  0.00000E+00  0.00000E+00   -0.23514E+03 -0.19150E+03  0.42663E+03  0.24761E+03 -0.32111E+03  0.94962E+02      298.00
  0.66921E-01  0.96576E+03   -0.47750E-01 -0.47750E-01  0.95500E-01  0.00000E+00  0.00000E+00  0.00000E+00   -0.23510E+03 -0.19157E+03  0.42668E+03  0.24797E+03 -0.32159E+03  0.94738E+02      298.00
  0.67252E-01  0.96649E+03   -0.48000E-01 -0.48000E-01  0.96000E-01  0.00000E+00  0.00000E+00  0.00000E+00   -0.23506E+03 -0.19165E+03  0.42671E+03  0.24833E+03 -0.32208E+03  0.94514E+02      298.00
  0.67583E-01  0.96720E+03   -0.48250E-01 -0.48250E-01  0.96500E-01  0.00000E+00  0.00000E+00  0.00000E+00   -0.23503E+03 -0.19172E+03  0.42675E+03  0.24868E+03 -0.32255E+03  0.94287E+02      298.00
  0.67914E-01  0.96792E+03   -0.48500E-01 -0.48500E-01  0.97000E-01  0.00000E+00  0.00000E+00  0.00000E+00   -0.23498E+03 -0.19179E+03  0.42678E+03  0.24904E+03 -0.32303E+03  0.94059E+02      298.00
  0.68245E-01  0.96862E+03   -0.48750E-01 -0.48750E-01  0.97500E-01  0.00000E+00  0.00000E+00  0.00000E+00   -0.23494E+03 -0.19187E+03  0.42681E+03  0.24939E+03 -0.32350E+03  0.93830E+02      298.00
  0.68575E-01  0.96932E+03   -0.49000E-01 -0.49000E-01  0.98000E-01  0.00000E+00  0.00000E+00  0.00000E+00   -0.23490E+03 -0.19194E+03  0.42683E+03  0.24974E+03 -0.32397E+03  0.93598E+02      298.00
  0.68906E-01  0.97001E+03   -0.49250E-01 -0.49250E-01  0.98500E-01  0.00000E+00  0.00000E+00  0.00000E+00   -0.23485E+03 -0.19201E+03  0.42686E+03  0.25009E+03 -0.32444E+03  0.93366E+02      298.00
  0.69236E-01  0.97069E+03   -0.49500E-01 -0.49500E-01  0.99000E-01  0.00000E+00  0.00000E+00  0.00000E+00   -0.23480E+03 -0.19207E+03  0.42688E+03  0.25044E+03 -0.32491E+03  0.93132E+02      298.00
  0.69565E-01  0.97137E+03   -0.49750E-01 -0.49750E-01  0.99500E-01  0.00000E+00  0.00000E+00  0.00000E+00   -0.23475E+03 -0.19214E+03  0.42689E+03  0.25079E+03 -0.32537E+03  0.92896E+02      298.00
  0.69895E-01  0.97205E+03   -0.50000E-01 -0.50000E-01  0.10000E+00  0.00000E+00  0.00000E+00  0.00000E+00   -0.23470E+03 -0.19221E+03  0.42691E+03  0.25113E+03 -0.32583E+03  0.92659E+02      298.00
          Evm          Svm            E11          E22          E33          E23          E13          E12         SDEV11       SDEV22       SDEV33       SDEV23       SDEV13       SDEV12      TEMP
  0.69895E-01  0.97196E+03   -0.50000E-01 -0.50000E-01  0.10000E+00  0.00000E+00  0.00000E+00  0.00000E+00   -0.23470E+03 -0.19219E+03  0.42689E+03  0.25113E+03 -0.32576E+03  0.92668E+02      298.00
  0.70224E-01  0.97271E+03   -0.50250E-01 -0.50250E-01  0.10050E+00  0.00000E+00  0.00000E+00  0.00000E+00   -0.23465E+03 -0.19227E+03  0.42692E+03  0.25147E+03 -0.32629E+03  0.92421E+02      298.00
  0.70554E-01  0.97337E+03   -0.50500E-01 -0.50500E-01  0.10100E+00  0.00000E+00  0.00000E+00  0.00000E+00   -0.23460E+03 -0.19234E+03  0.42693E+03  0.25181E+03 -0.32674E+03  0.92181E+02      298.00
  0.70883E-01  0.97403E+03   -0.50750E-01 -0.50750E-01  0.10150E+00  0.00000E+00  0.00000E+00  0.00000E+00   -0.23454E+03 -0.19240E+03  0.42694E+03  0.25215E+03 -0.32720E+03  0.91940E+02      298.00
  0.71211E-01  0.97546E+03   -0.51000E-01 -0.51000E-01  0.10200E+00  0.00000E+00  0.00000E+00  0.00000E+00   -0.23456E+03 -0.19246E+03  0.42702E+03  0.25279E+03 -0.32808E+03  0.91833E+02      298.00
  0.71540E-01  0.97609E+03   -0.51250E-01 -0.51250E-01  0.10250E+00  0.00000E+00  0.00000E+00  0.00000E+00   -0.23450E+03 -0.19252E+03  0.42702E+03  0.25312E+03 -0.32853E+03  0.91587E+02      298.00
  0.71868E-01  0.97672E+03   -0.51500E-01 -0.51500E-01  0.10300E+00  0.00000E+00  0.00000E+00  0.00000E+00   -0.23444E+03 -0.19258E+03  0.42702E+03  0.25345E+03 -0.32897E+03  0.91339E+02      298.00
  0.72196E-01  0.97735E+03   -0.51750E-01 -0.51750E-01  0.10350E+00  0.00000E+00  0.00000E+00  0.00000E+00   -0.23437E+03 -0.19264E+03  0.42702E+03  0.25378E+03 -0.32941E+03  0.91091E+02      298.00
  0.72523E-01  0.97797E+03   -0.52000E-01 -0.52000E-01  0.10400E+00  0.00000E+00  0.00000E+00  0.00000E+00   -0.23431E+03 -0.19270E+03  0.42701E+03  0.25410E+03 -0.32985E+03  0.90842E+02      298.00
  0.72851E-01  0.97858E+03   -0.52250E-01 -0.52250E-01  0.10450E+00  0.00000E+00  0.00000E+00  0.00000E+00   -0.23424E+03 -0.19276E+03  0.42700E+03  0.25443E+03 -0.33028E+03  0.90591E+02      298.00
  0.73178E-01  0.97918E+03   -0.52500E-01 -0.52500E-01  0.10500E+00  0.00000E+00  0.00000E+00  0.00000E+00   -0.23417E+03 -0.19282E+03  0.42699E+03  0.25475E+03 -0.33072E+03  0.90339E+02      298.00
  0.73505E-01  0.97979E+03   -0.52750E-01 -0.52750E-01  0.10550E+00  0.00000E+00  0.00000E+00  0.00000E+00   -0.23411E+03 -0.19287E+03  0.42698E+03  0.25507E+03 -0.33115E+03  0.90085E+02      298.00
  0.73832E-01  0.98038E+03   -0.53000E-01 -0.53000E-01  0.10600E+00  0.00000E+00  0.00000E+00  0.00000E+00   -0.23403E+03 -0.19293E+03  0.42696E+03  0.25539E+03 -0.33158E+03  0.89831E+02      298.00
  0.74159E-01  0.98097E+03   -0.53250E-01 -0.53250E-01  0.10650E+00  0.00000E+00  0.00000E+00  0.00000E+00   -0.23396E+03 -0.19298E+03  0.42694E+03  0.25571E+03 -0.33201E+03  0.89575E+02      298.00
  0.74485E-01  0.98156E+03   -0.53500E-01 -0.53500E-01  0.10700E+00  0.00000E+00  0.00000E+00  0.00000E+00   -0.23389E+03 -0.19303E+03  0.42692E+03  0.25603E+03 -0.33243E+03  0.89319E+02      298.00
  0.74811E-01  0.98214E+03   -0.53750E-01 -0.53750E-01  0.10750E+00  0.00000E+00  0.00000E+00  0.00000E+00   -0.23381E+03 -0.19309E+03  0.42690E+03  0.25634E+03 -0.33285E+03  0.89061E+02      298.00
  0.75137E-01  0.98271E+03   -0.54000E-01 -0.54000E-01  0.10800E+00  0.00000E+00  0.00000E+00  0.00000E+00   -0.23374E+03 -0.19314E+03  0.42688E+03  0.25665E+03 -0.33327E+03  0.88802E+02      298.00
  0.75463E-01  0.98328E+03   -0.54250E-01 -0.54250E-01  0.10850E+00  0.00000E+00  0.00000E+00  0.00000E+00   -0.23366E+03 -0.19319E+03  0.42685E+03  0.25697E+03 -0.33369E+03  0.88542E+02      298.00
  0.75789E-01  0.98385E+03   -0.54500E-01 -0.54500E-01  0.10900E+00  0.00000E+00  0.00000E+00  0.00000E+00   -0.23358E+03 -0.19324E+03  0.42682E+03  0.25728E+03 -0.33411E+03  0.88281E+02      298.00
  0.76114E-01  0.98441E+03   -0.54750E-01 -0.54750E-01  0.10950E+00  0.00000E+00  0.00000E+00  0.00000E+00   -0.23350E+03 -0.19329E+03  0.42679E+03  0.25759E+03 -0.33452E+03  0.88018E+02      298.00
  0.76439E-01  0.98496E+03   -0.55000E-01 -0.55000E-01  0.11000E+00  0.00000E+00  0.00000E+00  0.00000E+00   -0.23342E+03 -0.19334E+03  0.42676E+03  0.25789E+03 -0.33494E+03  0.87755E+02      298.00
  0.76764E-01  0.98551E+03   -0.55250E-01 -0.55250E-01  0.11050E+00  0.00000E+00  0.00000E+00  0.00000E+00   -0.23334E+03 -0.19338E+03  0.42672E+03  0.25820E+03 -0.33535E+03  0.87491E+02      298.00
  0.77089E-01  0.98606E+03   -0.55500E-01 -0.55500E-01  0.11100E+00  0.00000E+00  0.00000E+00  0.00000E+00   -0.23325E+03 -0.19343E+03  0.42668E+03  0.25850E+03 -0.33575E+03  0.87226E+02      298.00
  0.77413E-01  0.98660E+03   -0.55750E-01 -0.55750E-01  0.11150E+00  0.00000E+00  0.00000E+00  0.00000E+00   -0.23317E+03 -0.19348E+03  0.42664E+03  0.25880E+03 -0.33616E+03  0.86959E+02      298.00
  0.77738E-01  0.98713E+03   -0.56000E-01 -0.56000E-01  0.11200E+00  0.00000E+00  0.00000E+00  0.00000E+00   -0.23308E+03 -0.19352E+03  0.42660E+03  0.25910E+03 -0.33656E+03  0.86692E+02      298.00
  0.78062E-01  0.98766E+03   -0.56250E-01 -0.56250E-01  0.11250E+00  0.00000E+00  0.00000E+00  0.00000E+00   -0.23300E+03 -0.19357E+03  0.42656E+03  0.25940E+03 -0.33697E+03  0.86424E+02      298.00
  0.78386E-01  0.98819E+03   -0.56500E-01 -0.56500E-01  0.11300E+00  0.00000E+00  0.00000E+00  0.00000E+00   -0.23291E+03 -0.19361E+03  0.42652E+03  0.25970E+03 -0.33736E+03  0.86155E+02      298.00
  0.78709E-01  0.98871E+03   -0.56750E-01 -0.56750E-01  0.11350E+00  0.00000E+00  0.00000E+00  0.00000E+00   -0.23282E+03 -0.19365E+03  0.42647E+03  0.26000E+03 -0.33776E+03  0.85885E+02      298.00
  0.79033E-01  0.98857E+03   -0.57000E-01 -0.57000E-01  0.11400E+00  0.00000E+00  0.00000E+00  0.00000E+00   -0.23268E+03 -0.19368E+03  0.42636E+03  0.26003E+03 -0.33780E+03  0.85538E+02      298.00
  0.79356E-01  0.98909E+03   -0.57250E-01 -0.57250E-01  0.11450E+00  0.00000E+00  0.00000E+00  0.00000E+00   -0.23259E+03 -0.19372E+03  0.42631E+03  0.26033E+03 -0.33820E+03  0.85269E+02      298.00
  0.79680E-01  0.98960E+03   -0.57500E-01 -0.57500E-01  0.11500E+00  0.00000E+00  0.00000E+00  0.00000E+00   -0.23249E+03 -0.19376E+03  0.42625E+03  0.26062E+03 -0.33859E+03  0.84997E+02      298.00
  0.80003E-01  0.99011E+03   -0.57750E-01 -0.57750E-01  0.11550E+00  0.00000E+00  0.00000E+00  0.00000E+00   -0.23240E+03 -0.19380E+03  0.42620E+03  0.26091E+03 -0.33898E+03  0.84725E+02      298.00
  0.80326E-01  0.99061E+03   -0.58000E-01 -0.58000E-01  0.11600E+00  0.00000E+00  0.00000E+00  0.00000E+00   -0.23230E+03 -0.19384E+03  0.42615E+03  0.26120E+03 -0.33937E+03  0.84452E+02      298.00
  0.80648E-01  0.99111E+03   -0.58250E-01 -0.58250E-01  0.11650E+00  0.00000E+00  0.00000E+00  0.00000E+00   -0.23221E+03 -0.19388E+03  0.42609E+03  0.26149E+03 -0.33976E+03  0.84178E+02      298.00
  0.80971E-01  0.99160E+03   -0.58500E-01 -0.58500E-01  0.11700E+00  0.00000E+00  0.00000E+00  0.00000E+00   -0.23211E+03 -0.19392E+03  0.42603E+03  0.26178E+03 -0.34014E+03  0.83904E+02      298.00
  0.81293E-01  0.99209E+03   -0.58750E-01 -0.58750E-01  0.11750E+00  0.00000E+00  0.00000E+00  0.00000E+00   -0.23201E+03 -0.19395E+03  0.42597E+03  0.26206E+03 -0.34053E+03  0.83628E+02      298.00
  0.81615E-01  0.99257E+03   -0.59000E-01 -0.59000E-01  0.11800E+00  0.00000E+00  0.00000E+00  0.00000E+00   -0.23192E+03 -0.19399E+03  0.42591E+03  0.26235E+03 -0.34091E+03  0.83352E+02      298.00
  0.81937E-01  0.99305E+03   -0.59250E-01 -0.59250E-01  0.11850E+00  0.00000E+00  0.00000E+00  0.00000E+00   -0.23182E+03 -0.19403E+03  0.42584E+03  0.26263E+03 -0.34129E+03  0.83075E+02      298.00
  0.82258E-01  0.99353E+03   -0.59500E-01 -0.59500E-01  0.11900E+00  0.00000E+00  0.00000E+00  0.00000E+00   -0.23171E+03 -0.19406E+03  0.42578E+03  0.26291E+03 -0.34167E+03  0.82797E+02      298.00
  0.82580E-01  0.99400E+03   -0.59750E-01 -0.59750E-01  0.11950E+00  0.00000E+00  0.00000E+00  0.00000E+00   -0.23161E+03 -0.19410E+03  0.42571E+03  0.26319E+03 -0.34204E+03  0.82519E+02      298.00
  0.82901E-01  0.99447E+03   -0.60000E-01 -0.60000E-01  0.12000E+00  0.00000E+00  0.00000E+00  0.00000E+00   -0.23151E+03 -0.19413E+03  0.42564E+03  0.26347E+03 -0.34241E+03  0.82240E+02      298.00
  0.83222E-01  0.99493E+03   -0.60250E-01 -0.60250E-01  0.12050E+00  0.00000E+00  0.00000E+00  0.00000E+00   -0.23141E+03 -0.19416E+03  0.42557E+03  0.26375E+03 -0.34279E+03  0.81960E+02      298.00
  0.83543E-01  0.99539E+03   -0.60500E-01 -0.60500E-01  0.12100E+00  0.00000E+00  0.00000E+00  0.00000E+00   -0.23130E+03 -0.19420E+03  0.42550E+03  0.26402E+03 -0.34315E+03  0.81680E+02      298.00
  0.83863E-01  0.99584E+03   -0.60750E-01 -0.60750E-01  0.12150E+00  0.00000E+00  0.00000E+00  0.00000E+00   -0.23120E+03 -0.19423E+03  0.42543E+03  0.26429E+03 -0.34352E+03  0.81398E+02      298.00
  0.84184E-01  0.99629E+03   -0.61000E-01 -0.61000E-01  0.12200E+00  0.00000E+00  0.00000E+00  0.00000E+00   -0.23109E+03 -0.19426E+03  0.42535E+03  0.26457E+03 -0.34389E+03  0.81117E+02      298.00
  0.84504E-01  0.99674E+03   -0.61250E-01 -0.61250E-01  0.12250E+00  0.00000E+00  0.00000E+00  0.00000E+00   -0.23098E+03 -0.19429E+03  0.42527E+03  0.26484E+03 -0.34425E+03  0.80834E+02      298.00
  0.84824E-01  0.99718E+03   -0.61500E-01 -0.61500E-01  0.12300E+00  0.00000E+00  0.00000E+00  0.00000E+00   -0.23088E+03 -0.19432E+03  0.42520E+03  0.26511E+03 -0.34461E+03  0.80551E+02      298.00
  0.85144E-01  0.99762E+03   -0.61750E-01 -0.61750E-01  0.12350E+00  0.00000E+00  0.00000E+00  0.00000E+00   -0.23077E+03 -0.19435E+03  0.42512E+03  0.26537E+03 -0.34497E+03  0.80267E+02      298.00
  0.85463E-01  0.99805E+03   -0.62000E-01 -0.62000E-01  0.12400E+00  0.00000E+00  0.00000E+00  0.00000E+00   -0.23066E+03 -0.19438E+03  0.42504E+03  0.26564E+03 -0.34533E+03  0.79983E+02      298.00
  0.85783E-01  0.99848E+03   -0.62250E-01 -0.62250E-01  0.12450E+00  0.00000E+00  0.00000E+00  0.00000E+00   -0.23055E+03 -0.19441E+03  0.42495E+03  0.26591E+03 -0.34568E+03  0.79698E+02      298.00
  0.86102E-01  0.99891E+03   -0.62500E-01 -0.62500E-01  0.12500E+00  0.00000E+00  0.00000E+00  0.00000E+00   -0.23044E+03 -0.19444E+03  0.42487E+03  0.26617E+03 -0.34604E+03  0.79413E+02      298.00
