          Evm          Svm            E11          E22          E33          E23          E13          E12         SDEV11       SDEV22       SDEV33       SDEV23       SDEV13       SDEV12      TEMP
  0.00000E+00  0.31026E+03    0.00000E+00  0.00000E+00  0.00000E+00  0.00000E+00  0.00000E+00  0.00000E+00   -0.16119E+03  0.40359E+02  0.12083E+03 -0.66672E+01 -0.17139E+02 -0.10317E+03      298.00
  0.29209E-03  0.31416E+03   -0.25000E-03 -0.25000E-03  0.50000E-03  0.00000E+00  0.00000E+00  0.00000E+00   -0.16340E+03  0.39908E+02  0.12349E+03 -0.67908E+01 -0.17355E+02 -0.10383E+03      298.00
  0.58690E-03  0.31747E+03   -0.50000E-03 -0.50000E-03  0.10000E-02  0.00000E+00  0.00000E+00  0.00000E+00   -0.16530E+03  0.39467E+02  0.12583E+03 -0.69565E+01 -0.17601E+02 -0.10431E+03      298.00
  0.88417E-03  0.32114E+03   -0.75000E-03 -0.75000E-03  0.15000E-02  0.00000E+00  0.00000E+00  0.00000E+00   -0.16736E+03  0.39183E+02  0.12818E+03 -0.71065E+01 -0.17867E+02 -0.10497E+03      298.00
  0.11835E-02  0.32479E+03   -0.10000E-02 -0.10000E-02  0.20000E-02  0.00000E+00  0.00000E+00  0.00000E+00   -0.16940E+03  0.38975E+02  0.13043E+03 -0.72540E+01 -0.18120E+02 -0.10568E+03      298.00
  0.14847E-02  0.32843E+03   -0.12500E-02 -0.12500E-02  0.25000E-02  0.00000E+00  0.00000E+00  0.00000E+00   -0.17142E+03  0.38835E+02  0.13259E+03 -0.74001E+01 -0.18364E+02 -0.10642E+03      298.00
  0.17875E-02  0.33205E+03   -0.15000E-02 -0.15000E-02  0.30000E-02  0.00000E+00  0.00000E+00  0.00000E+00   -0.17342E+03  0.38756E+02  0.13467E+03 -0.75453E+01 -0.18601E+02 -0.10720E+03      298.00
  0.20917E-02  0.33566E+03   -0.17500E-02 -0.17500E-02  0.35000E-02  0.00000E+00  0.00000E+00  0.00000E+00   -0.17541E+03  0.38733E+02  0.13667E+03 -0.76898E+01 -0.18833E+02 -0.10802E+03      298.00
  0.23971E-02  0.33925E+03   -0.20000E-02 -0.20000E-02  0.40000E-02  0.00000E+00  0.00000E+00  0.00000E+00   -0.17737E+03  0.38759E+02  0.13861E+03 -0.78340E+01 -0.19060E+02 -0.10886E+03      298.00
  0.27035E-02  0.34282E+03   -0.22500E-02 -0.22500E-02  0.45000E-02  0.00000E+00  0.00000E+00  0.00000E+00   -0.17932E+03  0.38829E+02  0.14049E+03 -0.79778E+01 -0.19284E+02 -0.10973E+03      298.00
  0.30108E-02  0.34637E+03   -0.25000E-02 -0.25000E-02  0.50000E-02  0.00000E+00  0.00000E+00  0.00000E+00   -0.18124E+03  0.38940E+02  0.14230E+03 -0.81215E+01 -0.19504E+02 -0.11062E+03      298.00
  0.33190E-02  0.34991E+03   -0.27500E-02 -0.27500E-02  0.55000E-02  0.00000E+00  0.00000E+00  0.00000E+00   -0.18316E+03  0.39088E+02  0.14407E+03 -0.82652E+01 -0.19722E+02 -0.11153E+03      298.00
  0.36278E-02  0.35343E+03   -0.30000E-02 -0.30000E-02  0.60000E-02  0.00000E+00  0.00000E+00  0.00000E+00   -0.18505E+03  0.39268E+02  0.14578E+03 -0.84087E+01 -0.19938E+02 -0.11247E+03      298.00
  0.39371E-02  0.35683E+03   -0.32500E-02 -0.32500E-02  0.65000E-02  0.00000E+00  0.00000E+00  0.00000E+00   -0.18688E+03  0.39482E+02  0.14740E+03 -0.86409E+01 -0.20297E+02 -0.11336E+03      298.00
  0.42470E-02  0.36033E+03   -0.35000E-02 -0.35000E-02  0.70000E-02  0.00000E+00  0.00000E+00  0.00000E+00   -0.18876E+03  0.39722E+02  0.14904E+03 -0.87837E+01 -0.20506E+02 -0.11433E+03      298.00
  0.45572E-02  0.36378E+03   -0.37500E-02 -0.37500E-02  0.75000E-02  0.00000E+00  0.00000E+00  0.00000E+00   -0.19061E+03  0.39983E+02  0.15063E+03 -0.89278E+01 -0.20716E+02 -0.11530E+03      298.00
  0.48677E-02  0.36722E+03   -0.40000E-02 -0.40000E-02  0.80000E-02  0.00000E+00  0.00000E+00  0.00000E+00   -0.19245E+03  0.40267E+02  0.15218E+03 -0.90722E+01 -0.20925E+02 -0.11628E+03      298.00
  0.51785E-02  0.37063E+03   -0.42500E-02 -0.42500E-02  0.85000E-02  0.00000E+00  0.00000E+00  0.00000E+00   -0.19427E+03  0.40570E+02  0.15370E+03 -0.92176E+01 -0.21134E+02 -0.11727E+03      298.00
  0.54895E-02  0.37401E+03   -0.45000E-02 -0.45000E-02  0.90000E-02  0.00000E+00  0.00000E+00  0.00000E+00   -0.19606E+03  0.40884E+02  0.15518E+03 -0.93665E+01 -0.21343E+02 -0.11827E+03      298.00
  0.58007E-02  0.37789E+03   -0.47500E-02 -0.47500E-02  0.95000E-02  0.00000E+00  0.00000E+00  0.00000E+00   -0.19809E+03  0.41308E+02  0.15678E+03 -0.95419E+01 -0.21651E+02 -0.11949E+03      298.00
  0.61119E-02  0.38073E+03   -0.50000E-02 -0.50000E-02  0.10000E-01  0.00000E+00  0.00000E+00  0.00000E+00   -0.19959E+03  0.41532E+02  0.15806E+03 -0.96659E+01 -0.21755E+02 -0.12033E+03      298.00
  0.64232E-02  0.38404E+03   -0.52500E-02 -0.52500E-02  0.10500E-01  0.00000E+00  0.00000E+00  0.00000E+00   -0.20135E+03  0.41893E+02  0.15946E+03 -0.98011E+01 -0.21959E+02 -0.12133E+03      298.00
  0.67346E-02  0.38732E+03   -0.55000E-02 -0.55000E-02  0.11000E-01  0.00000E+00  0.00000E+00  0.00000E+00   -0.20307E+03  0.42236E+02  0.16083E+03 -0.99569E+01 -0.22165E+02 -0.12237E+03      298.00
  0.70461E-02  0.39059E+03   -0.57500E-02 -0.57500E-02  0.11500E-01  0.00000E+00  0.00000E+00  0.00000E+00   -0.20479E+03  0.42608E+02  0.16218E+03 -0.10101E+02 -0.22359E+02 -0.12339E+03      298.00
  0.73575E-02  0.39432E+03   -0.60000E-02 -0.60000E-02  0.12000E-01  0.00000E+00  0.00000E+00  0.00000E+00   -0.20677E+03  0.43130E+02  0.16364E+03 -0.10275E+02 -0.22665E+02 -0.12455E+03      298.00
  0.76687E-02  0.39752E+03   -0.62500E-02 -0.62500E-02  0.12500E-01  0.00000E+00  0.00000E+00  0.00000E+00   -0.20846E+03  0.43516E+02  0.16494E+03 -0.10419E+02 -0.22858E+02 -0.12556E+03      298.00
  0.79799E-02  0.40070E+03   -0.65000E-02 -0.65000E-02  0.13000E-01  0.00000E+00  0.00000E+00  0.00000E+00   -0.21013E+03  0.43910E+02  0.16622E+03 -0.10562E+02 -0.23051E+02 -0.12657E+03      298.00
  0.82910E-02  0.40385E+03   -0.67500E-02 -0.67500E-02  0.13500E-01  0.00000E+00  0.00000E+00  0.00000E+00   -0.21179E+03  0.44309E+02  0.16748E+03 -0.10704E+02 -0.23243E+02 -0.12758E+03      298.00
  0.86021E-02  0.40697E+03   -0.70000E-02 -0.70000E-02  0.14000E-01  0.00000E+00  0.00000E+00  0.00000E+00   -0.21343E+03  0.44712E+02  0.16872E+03 -0.10847E+02 -0.23434E+02 -0.12858E+03      298.00
  0.89130E-02  0.41007E+03   -0.72500E-02 -0.72500E-02  0.14500E-01  0.00000E+00  0.00000E+00  0.00000E+00   -0.21506E+03  0.45118E+02  0.16994E+03 -0.10990E+02 -0.23624E+02 -0.12958E+03      298.00
  0.92238E-02  0.41314E+03   -0.75000E-02 -0.75000E-02  0.15000E-01  0.00000E+00  0.00000E+00  0.00000E+00   -0.21667E+03  0.45526E+02  0.17114E+03 -0.11134E+02 -0.23813E+02 -0.13057E+03      298.00
  0.95345E-02  0.41618E+03   -0.77500E-02 -0.77500E-02  0.15500E-01  0.00000E+00  0.00000E+00  0.00000E+00   -0.21827E+03  0.45936E+02  0.17233E+03 -0.11277E+02 -0.24000E+02 -0.13156E+03      298.00
  0.98451E-02  0.41920E+03   -0.80000E-02 -0.80000E-02  0.16000E-01  0.00000E+00  0.00000E+00  0.00000E+00   -0.21985E+03  0.46348E+02  0.17350E+03 -0.11421E+02 -0.24186E+02 -0.13255E+03      298.00
  0.10155E-01  0.42219E+03   -0.82500E-02 -0.82500E-02  0.16500E-01  0.00000E+00  0.00000E+00  0.00000E+00   -0.22141E+03  0.46760E+02  0.17465E+03 -0.11564E+02 -0.24371E+02 -0.13353E+03      298.00
  0.10466E-01  0.42515E+03   -0.85000E-02 -0.85000E-02  0.17000E-01  0.00000E+00  0.00000E+00  0.00000E+00   -0.22297E+03  0.47172E+02  0.17579E+03 -0.11708E+02 -0.24554E+02 -0.13450E+03      298.00
  0.10776E-01  0.42808E+03   -0.87500E-02 -0.87500E-02  0.17500E-01  0.00000E+00  0.00000E+00  0.00000E+00   -0.22450E+03  0.47584E+02  0.17692E+03 -0.11852E+02 -0.24736E+02 -0.13546E+03      298.00
  0.11086E-01  0.43099E+03   -0.90000E-02 -0.90000E-02  0.18000E-01  0.00000E+00  0.00000E+00  0.00000E+00   -0.22602E+03  0.47996E+02  0.17803E+03 -0.11996E+02 -0.24916E+02 -0.13642E+03      298.00
  0.11396E-01  0.43387E+03   -0.92500E-02 -0.92500E-02  0.18500E-01  0.00000E+00  0.00000E+00  0.00000E+00   -0.22753E+03  0.48407E+02  0.17912E+03 -0.12141E+02 -0.25095E+02 -0.13737E+03      298.00
  0.11705E-01  0.43689E+03   -0.95000E-02 -0.95000E-02  0.19000E-01  0.00000E+00  0.00000E+00  0.00000E+00   -0.22917E+03  0.48891E+02  0.18028E+03 -0.12128E+02 -0.25181E+02 -0.13834E+03      298.00
  0.12015E-01  0.43956E+03   -0.97500E-02 -0.97500E-02  0.19500E-01  0.00000E+00  0.00000E+00  0.00000E+00   -0.23051E+03  0.49230E+02  0.18128E+03 -0.12435E+02 -0.25462E+02 -0.13925E+03      298.00
  0.12324E-01  0.44251E+03   -0.10000E-01 -0.10000E-01  0.20000E-01  0.00000E+00  0.00000E+00  0.00000E+00   -0.23211E+03  0.49703E+02  0.18240E+03 -0.12421E+02 -0.25533E+02 -0.14020E+03      298.00
  0.12633E-01  0.44513E+03   -0.10250E-01 -0.10250E-01  0.20500E-01  0.00000E+00  0.00000E+00  0.00000E+00   -0.23342E+03  0.50041E+02  0.18338E+03 -0.12726E+02 -0.25809E+02 -0.14110E+03      298.00
  0.12942E-01  0.44802E+03   -0.10500E-01 -0.10500E-01  0.21000E-01  0.00000E+00  0.00000E+00  0.00000E+00   -0.23499E+03  0.50508E+02  0.18448E+03 -0.12715E+02 -0.25878E+02 -0.14203E+03      298.00
  0.13251E-01  0.45076E+03   -0.10750E-01 -0.10750E-01  0.21500E-01  0.00000E+00  0.00000E+00  0.00000E+00   -0.23642E+03  0.50916E+02  0.18551E+03 -0.12860E+02 -0.26053E+02 -0.14294E+03      298.00
  0.13560E-01  0.45345E+03   -0.11000E-01 -0.11000E-01  0.22000E-01  0.00000E+00  0.00000E+00  0.00000E+00   -0.23783E+03  0.51312E+02  0.18652E+03 -0.13007E+02 -0.26222E+02 -0.14384E+03      298.00
  0.13868E-01  0.45611E+03   -0.11250E-01 -0.11250E-01  0.22500E-01  0.00000E+00  0.00000E+00  0.00000E+00   -0.23922E+03  0.51706E+02  0.18751E+03 -0.13155E+02 -0.26389E+02 -0.14472E+03      298.00
  0.14177E-01  0.45874E+03   -0.11500E-01 -0.11500E-01  0.23000E-01  0.00000E+00  0.00000E+00  0.00000E+00   -0.24060E+03  0.52097E+02  0.18850E+03 -0.13302E+02 -0.26555E+02 -0.14560E+03      298.00
  0.14485E-01  0.46135E+03   -0.11750E-01 -0.11750E-01  0.23500E-01  0.00000E+00  0.00000E+00  0.00000E+00   -0.24196E+03  0.52484E+02  0.18948E+03 -0.13450E+02 -0.26719E+02 -0.14646E+03      298.00
  0.14793E-01  0.46393E+03   -0.12000E-01 -0.12000E-01  0.24000E-01  0.00000E+00  0.00000E+00  0.00000E+00   -0.24331E+03  0.52869E+02  0.19044E+03 -0.13598E+02 -0.26881E+02 -0.14732E+03      298.00
  0.15101E-01  0.46648E+03   -0.12250E-01 -0.12250E-01  0.24500E-01  0.00000E+00  0.00000E+00  0.00000E+00   -0.24465E+03  0.53251E+02  0.19140E+03 -0.13747E+02 -0.27042E+02 -0.14817E+03      298.00
  0.15408E-01  0.46901E+03   -0.12500E-01 -0.12500E-01  0.25000E-01  0.00000E+00  0.00000E+00  0.00000E+00   -0.24597E+03  0.53629E+02  0.19234E+03 -0.13895E+02 -0.27202E+02 -0.14901E+03      298.00
          Evm          Svm            E11          E22          E33          E23          E13          E12         SDEV11       SDEV22       SDEV33       SDEV23       SDEV13       SDEV12      TEMP
  0.15408E-01  0.46866E+03   -0.12500E-01 -0.12500E-01  0.25000E-01  0.00000E+00  0.00000E+00  0.00000E+00   -0.24574E+03  0.53511E+02  0.19223E+03 -0.13953E+02 -0.27168E+02 -0.14892E+03      298.00
  0.15716E-01  0.47150E+03   -0.12750E-01 -0.12750E-01  0.25500E-01  0.00000E+00  0.00000E+00  0.00000E+00   -0.24727E+03  0.54000E+02  0.19327E+03 -0.14047E+02 -0.27356E+02 -0.14984E+03      298.00
  0.16023E-01  0.47399E+03   -0.13000E-01 -0.13000E-01  0.26000E-01  0.00000E+00  0.00000E+00  0.00000E+00   -0.24858E+03  0.54376E+02  0.19420E+03 -0.14194E+02 -0.27515E+02 -0.15066E+03      298.00
  0.16331E-01  0.47644E+03   -0.13250E-01 -0.13250E-01  0.26500E-01  0.00000E+00  0.00000E+00  0.00000E+00   -0.24986E+03  0.54745E+02  0.19512E+03 -0.14343E+02 -0.27670E+02 -0.15148E+03      298.00
  0.16638E-01  0.47887E+03   -0.13500E-01 -0.13500E-01  0.27000E-01  0.00000E+00  0.00000E+00  0.00000E+00   -0.25114E+03  0.55113E+02  0.19602E+03 -0.14493E+02 -0.27821E+02 -0.15228E+03      298.00
  0.16945E-01  0.48127E+03   -0.13750E-01 -0.13750E-01  0.27500E-01  0.00000E+00  0.00000E+00  0.00000E+00   -0.25240E+03  0.55482E+02  0.19692E+03 -0.14640E+02 -0.27969E+02 -0.15307E+03      298.00
  0.17252E-01  0.48368E+03   -0.14000E-01 -0.14000E-01  0.28000E-01  0.00000E+00  0.00000E+00  0.00000E+00   -0.25364E+03  0.55824E+02  0.19782E+03 -0.14819E+02 -0.28110E+02 -0.15388E+03      298.00
  0.17558E-01  0.48546E+03   -0.14250E-01 -0.14250E-01  0.28500E-01  0.00000E+00  0.00000E+00  0.00000E+00   -0.25456E+03  0.56010E+02  0.19855E+03 -0.14804E+02 -0.28070E+02 -0.15450E+03      298.00
  0.17865E-01  0.48779E+03   -0.14500E-01 -0.14500E-01  0.29000E-01  0.00000E+00  0.00000E+00  0.00000E+00   -0.25579E+03  0.56366E+02  0.19942E+03 -0.14959E+02 -0.28212E+02 -0.15526E+03      298.00
  0.18172E-01  0.49009E+03   -0.14750E-01 -0.14750E-01  0.29500E-01  0.00000E+00  0.00000E+00  0.00000E+00   -0.25700E+03  0.56718E+02  0.20028E+03 -0.15111E+02 -0.28358E+02 -0.15602E+03      298.00
  0.18478E-01  0.49238E+03   -0.15000E-01 -0.15000E-01  0.30000E-01  0.00000E+00  0.00000E+00  0.00000E+00   -0.25820E+03  0.57063E+02  0.20114E+03 -0.15264E+02 -0.28503E+02 -0.15677E+03      298.00
  0.18785E-01  0.49464E+03   -0.15250E-01 -0.15250E-01  0.30500E-01  0.00000E+00  0.00000E+00  0.00000E+00   -0.25939E+03  0.57405E+02  0.20198E+03 -0.15418E+02 -0.28647E+02 -0.15751E+03      298.00
  0.19091E-01  0.49687E+03   -0.15500E-01 -0.15500E-01  0.31000E-01  0.00000E+00  0.00000E+00  0.00000E+00   -0.26056E+03  0.57741E+02  0.20282E+03 -0.15573E+02 -0.28789E+02 -0.15825E+03      298.00
  0.19397E-01  0.49909E+03   -0.15750E-01 -0.15750E-01  0.31500E-01  0.00000E+00  0.00000E+00  0.00000E+00   -0.26172E+03  0.58074E+02  0.20365E+03 -0.15727E+02 -0.28929E+02 -0.15898E+03      298.00
  0.19703E-01  0.50127E+03   -0.16000E-01 -0.16000E-01  0.32000E-01  0.00000E+00  0.00000E+00  0.00000E+00   -0.26287E+03  0.58402E+02  0.20447E+03 -0.15883E+02 -0.29068E+02 -0.15969E+03      298.00
  0.20009E-01  0.50344E+03   -0.16250E-01 -0.16250E-01  0.32500E-01  0.00000E+00  0.00000E+00  0.00000E+00   -0.26401E+03  0.58727E+02  0.20528E+03 -0.16039E+02 -0.29204E+02 -0.16040E+03      298.00
  0.20315E-01  0.50558E+03   -0.16500E-01 -0.16500E-01  0.33000E-01  0.00000E+00  0.00000E+00  0.00000E+00   -0.26513E+03  0.59047E+02  0.20609E+03 -0.16196E+02 -0.29340E+02 -0.16110E+03      298.00
  0.20621E-01  0.50770E+03   -0.16750E-01 -0.16750E-01  0.33500E-01  0.00000E+00  0.00000E+00  0.00000E+00   -0.26625E+03  0.59364E+02  0.20688E+03 -0.16353E+02 -0.29473E+02 -0.16179E+03      298.00
  0.20926E-01  0.50979E+03   -0.17000E-01 -0.17000E-01  0.34000E-01  0.00000E+00  0.00000E+00  0.00000E+00   -0.26735E+03  0.59676E+02  0.20767E+03 -0.16511E+02 -0.29605E+02 -0.16248E+03      298.00
  0.21232E-01  0.51186E+03   -0.17250E-01 -0.17250E-01  0.34500E-01  0.00000E+00  0.00000E+00  0.00000E+00   -0.26844E+03  0.59985E+02  0.20845E+03 -0.16669E+02 -0.29735E+02 -0.16315E+03      298.00
  0.21537E-01  0.51391E+03   -0.17500E-01 -0.17500E-01  0.35000E-01  0.00000E+00  0.00000E+00  0.00000E+00   -0.26952E+03  0.60290E+02  0.20923E+03 -0.16828E+02 -0.29863E+02 -0.16382E+03      298.00
  0.21842E-01  0.51594E+03   -0.17750E-01 -0.17750E-01  0.35500E-01  0.00000E+00  0.00000E+00  0.00000E+00   -0.27058E+03  0.60591E+02  0.20999E+03 -0.16988E+02 -0.29989E+02 -0.16448E+03      298.00
  0.22148E-01  0.51794E+03   -0.18000E-01 -0.18000E-01  0.36000E-01  0.00000E+00  0.00000E+00  0.00000E+00   -0.27164E+03  0.60888E+02  0.21075E+03 -0.17149E+02 -0.30114E+02 -0.16513E+03      298.00
  0.22453E-01  0.51993E+03   -0.18250E-01 -0.18250E-01  0.36500E-01  0.00000E+00  0.00000E+00  0.00000E+00   -0.27268E+03  0.61181E+02  0.21150E+03 -0.17310E+02 -0.30237E+02 -0.16577E+03      298.00
  0.22758E-01  0.52189E+03   -0.18500E-01 -0.18500E-01  0.37000E-01  0.00000E+00  0.00000E+00  0.00000E+00   -0.27372E+03  0.61472E+02  0.21224E+03 -0.17473E+02 -0.30360E+02 -0.16640E+03      298.00
  0.23063E-01  0.52383E+03   -0.18750E-01 -0.18750E-01  0.37500E-01  0.00000E+00  0.00000E+00  0.00000E+00   -0.27474E+03  0.61758E+02  0.21298E+03 -0.17636E+02 -0.30479E+02 -0.16702E+03      298.00
  0.23368E-01  0.52574E+03   -0.19000E-01 -0.19000E-01  0.38000E-01  0.00000E+00  0.00000E+00  0.00000E+00   -0.27575E+03  0.62039E+02  0.21371E+03 -0.17800E+02 -0.30596E+02 -0.16764E+03      298.00
  0.23673E-01  0.52764E+03   -0.19250E-01 -0.19250E-01  0.38500E-01  0.00000E+00  0.00000E+00  0.00000E+00   -0.27675E+03  0.62318E+02  0.21443E+03 -0.17964E+02 -0.30712E+02 -0.16825E+03      298.00
  0.23978E-01  0.52951E+03   -0.19500E-01 -0.19500E-01  0.39000E-01  0.00000E+00  0.00000E+00  0.00000E+00   -0.27774E+03  0.62592E+02  0.21515E+03 -0.18129E+02 -0.30825E+02 -0.16885E+03      298.00
  0.24282E-01  0.53136E+03   -0.19750E-01 -0.19750E-01  0.39500E-01  0.00000E+00  0.00000E+00  0.00000E+00   -0.27872E+03  0.62863E+02  0.21586E+03 -0.18295E+02 -0.30937E+02 -0.16944E+03      298.00
  0.24587E-01  0.53320E+03   -0.20000E-01 -0.20000E-01  0.40000E-01  0.00000E+00  0.00000E+00  0.00000E+00   -0.27969E+03  0.63130E+02  0.21656E+03 -0.18461E+02 -0.31047E+02 -0.17002E+03      298.00
  0.24892E-01  0.53501E+03   -0.20250E-01 -0.20250E-01  0.40500E-01  0.00000E+00  0.00000E+00  0.00000E+00   -0.28064E+03  0.63393E+02  0.21725E+03 -0.18629E+02 -0.31155E+02 -0.17060E+03      298.00
  0.25196E-01  0.53679E+03   -0.20500E-01 -0.20500E-01  0.41000E-01  0.00000E+00  0.00000E+00  0.00000E+00   -0.28159E+03  0.63653E+02  0.21794E+03 -0.18797E+02 -0.31261E+02 -0.17116E+03      298.00
  0.25501E-01  0.53856E+03   -0.20750E-01 -0.20750E-01  0.41500E-01  0.00000E+00  0.00000E+00  0.00000E+00   -0.28253E+03  0.63909E+02  0.21862E+03 -0.18966E+02 -0.31365E+02 -0.17172E+03      298.00
  0.25805E-01  0.54031E+03   -0.21000E-01 -0.21000E-01  0.42000E-01  0.00000E+00  0.00000E+00  0.00000E+00   -0.28346E+03  0.64161E+02  0.21930E+03 -0.19135E+02 -0.31468E+02 -0.17227E+03      298.00
  0.26110E-01  0.54204E+03   -0.21250E-01 -0.21250E-01  0.42500E-01  0.00000E+00  0.00000E+00  0.00000E+00   -0.28437E+03  0.64410E+02  0.21996E+03 -0.19306E+02 -0.31569E+02 -0.17282E+03      298.00
  0.26414E-01  0.54375E+03   -0.21500E-01 -0.21500E-01  0.43000E-01  0.00000E+00  0.00000E+00  0.00000E+00   -0.28528E+03  0.64655E+02  0.22062E+03 -0.19477E+02 -0.31667E+02 -0.17335E+03      298.00
  0.26718E-01  0.54572E+03   -0.21750E-01 -0.21750E-01  0.43500E-01  0.00000E+00  0.00000E+00  0.00000E+00   -0.28632E+03  0.64993E+02  0.22133E+03 -0.20138E+02 -0.31964E+02 -0.17392E+03      298.00
  0.27022E-01  0.54673E+03   -0.22000E-01 -0.22000E-01  0.44000E-01  0.00000E+00  0.00000E+00  0.00000E+00   -0.28685E+03  0.65039E+02  0.22181E+03 -0.19953E+02 -0.31849E+02 -0.17427E+03      298.00
  0.27327E-01  0.54904E+03   -0.22250E-01 -0.22250E-01  0.44500E-01  0.00000E+00  0.00000E+00  0.00000E+00   -0.28810E+03  0.65477E+02  0.22262E+03 -0.20474E+02 -0.32133E+02 -0.17494E+03      298.00
  0.27631E-01  0.55002E+03   -0.22500E-01 -0.22500E-01  0.45000E-01  0.00000E+00  0.00000E+00  0.00000E+00   -0.28860E+03  0.65510E+02  0.22309E+03 -0.20299E+02 -0.32029E+02 -0.17529E+03      298.00
  0.27935E-01  0.55227E+03   -0.22750E-01 -0.22750E-01  0.45500E-01  0.00000E+00  0.00000E+00  0.00000E+00   -0.28983E+03  0.65942E+02  0.22389E+03 -0.20823E+02 -0.32303E+02 -0.17593E+03      298.00
  0.28239E-01  0.55323E+03   -0.23000E-01 -0.23000E-01  0.46000E-01  0.00000E+00  0.00000E+00  0.00000E+00   -0.29032E+03  0.65966E+02  0.22435E+03 -0.20649E+02 -0.32205E+02 -0.17628E+03      298.00
  0.28543E-01  0.55542E+03   -0.23250E-01 -0.23250E-01  0.46500E-01  0.00000E+00  0.00000E+00  0.00000E+00   -0.29152E+03  0.66393E+02  0.22513E+03 -0.21174E+02 -0.32468E+02 -0.17689E+03      298.00
  0.28847E-01  0.55637E+03   -0.23500E-01 -0.23500E-01  0.47000E-01  0.00000E+00  0.00000E+00  0.00000E+00   -0.29199E+03  0.66407E+02  0.22559E+03 -0.21001E+02 -0.32375E+02 -0.17724E+03      298.00
  0.29151E-01  0.55850E+03   -0.23750E-01 -0.23750E-01  0.47500E-01  0.00000E+00  0.00000E+00  0.00000E+00   -0.29318E+03  0.66829E+02  0.22635E+03 -0.21526E+02 -0.32625E+02 -0.17783E+03      298.00
  0.29455E-01  0.55943E+03   -0.24000E-01 -0.24000E-01  0.48000E-01  0.00000E+00  0.00000E+00  0.00000E+00   -0.29363E+03  0.66835E+02  0.22680E+03 -0.21356E+02 -0.32537E+02 -0.17817E+03      298.00
  0.29759E-01  0.56151E+03   -0.24250E-01 -0.24250E-01  0.48500E-01  0.00000E+00  0.00000E+00  0.00000E+00   -0.29479E+03  0.67251E+02  0.22754E+03 -0.21880E+02 -0.32777E+02 -0.17873E+03      298.00
  0.30063E-01  0.56242E+03   -0.24500E-01 -0.24500E-01  0.49000E-01  0.00000E+00  0.00000E+00  0.00000E+00   -0.29523E+03  0.67249E+02  0.22798E+03 -0.21713E+02 -0.32694E+02 -0.17908E+03      298.00
  0.30367E-01  0.56491E+03   -0.24750E-01 -0.24750E-01  0.49500E-01  0.00000E+00  0.00000E+00  0.00000E+00   -0.29656E+03  0.67696E+02  0.22886E+03 -0.21966E+02 -0.32935E+02 -0.17987E+03      298.00
  0.30671E-01  0.56544E+03   -0.25000E-01 -0.25000E-01  0.50000E-01  0.00000E+00  0.00000E+00  0.00000E+00   -0.29685E+03  0.67666E+02  0.22919E+03 -0.22053E+02 -0.32798E+02 -0.18000E+03      298.00
          Evm          Svm            E11          E22          E33          E23          E13          E12         SDEV11       SDEV22       SDEV33       SDEV23       SDEV13       SDEV12      TEMP
  0.30671E-01  0.56578E+03   -0.25000E-01 -0.25000E-01  0.50000E-01  0.00000E+00  0.00000E+00  0.00000E+00   -0.29703E+03  0.67759E+02  0.22927E+03 -0.22129E+02 -0.32955E+02 -0.18010E+03      298.00
  0.30975E-01  0.56671E+03   -0.25250E-01 -0.25250E-01  0.50500E-01  0.00000E+00  0.00000E+00  0.00000E+00   -0.29753E+03  0.67827E+02  0.22971E+03 -0.22238E+02 -0.32890E+02 -0.18036E+03      298.00
  0.31279E-01  0.56918E+03   -0.25500E-01 -0.25500E-01  0.51000E-01  0.00000E+00  0.00000E+00  0.00000E+00   -0.29885E+03  0.68274E+02  0.23058E+03 -0.22506E+02 -0.33146E+02 -0.18115E+03      298.00
  0.31583E-01  0.56969E+03   -0.25750E-01 -0.25750E-01  0.51500E-01  0.00000E+00  0.00000E+00  0.00000E+00   -0.29914E+03  0.68243E+02  0.23089E+03 -0.22593E+02 -0.33014E+02 -0.18126E+03      298.00
  0.31887E-01  0.57149E+03   -0.26000E-01 -0.26000E-01  0.52000E-01  0.00000E+00  0.00000E+00  0.00000E+00   -0.30016E+03  0.68614E+02  0.23155E+03 -0.23125E+02 -0.33269E+02 -0.18170E+03      298.00
  0.32191E-01  0.57233E+03   -0.26250E-01 -0.26250E-01  0.52500E-01  0.00000E+00  0.00000E+00  0.00000E+00   -0.30056E+03  0.68592E+02  0.23197E+03 -0.22970E+02 -0.33196E+02 -0.18203E+03      298.00
  0.32495E-01  0.57462E+03   -0.26500E-01 -0.26500E-01  0.53000E-01  0.00000E+00  0.00000E+00  0.00000E+00   -0.30177E+03  0.68992E+02  0.23278E+03 -0.23228E+02 -0.33409E+02 -0.18275E+03      298.00
  0.32798E-01  0.57511E+03   -0.26750E-01 -0.26750E-01  0.53500E-01  0.00000E+00  0.00000E+00  0.00000E+00   -0.30205E+03  0.68962E+02  0.23309E+03 -0.23312E+02 -0.33284E+02 -0.18286E+03      298.00
  0.33102E-01  0.57619E+03   -0.27000E-01 -0.27000E-01  0.54000E-01  0.00000E+00  0.00000E+00  0.00000E+00   -0.30264E+03  0.69085E+02  0.23355E+03 -0.23497E+02 -0.33368E+02 -0.18315E+03      298.00
  0.33406E-01  0.57858E+03   -0.27250E-01 -0.27250E-01  0.54500E-01  0.00000E+00  0.00000E+00  0.00000E+00   -0.30391E+03  0.69508E+02  0.23440E+03 -0.23767E+02 -0.33589E+02 -0.18391E+03      298.00
  0.33710E-01  0.57885E+03   -0.27500E-01 -0.27500E-01  0.55000E-01  0.00000E+00  0.00000E+00  0.00000E+00   -0.30405E+03  0.69452E+02  0.23460E+03 -0.24027E+02 -0.33680E+02 -0.18391E+03      298.00
  0.34014E-01  0.58018E+03   -0.27750E-01 -0.27750E-01  0.55500E-01  0.00000E+00  0.00000E+00  0.00000E+00   -0.30479E+03  0.69613E+02  0.23518E+03 -0.24039E+02 -0.33571E+02 -0.18431E+03      298.00
  0.34318E-01  0.58232E+03   -0.28000E-01 -0.28000E-01  0.56000E-01  0.00000E+00  0.00000E+00  0.00000E+00   -0.30593E+03  0.69980E+02  0.23595E+03 -0.24305E+02 -0.33768E+02 -0.18499E+03      298.00
  0.34622E-01  0.58278E+03   -0.28250E-01 -0.28250E-01  0.56500E-01  0.00000E+00  0.00000E+00  0.00000E+00   -0.30619E+03  0.69949E+02  0.23625E+03 -0.24383E+02 -0.33657E+02 -0.18508E+03      298.00
  0.34926E-01  0.58379E+03   -0.28500E-01 -0.28500E-01  0.57000E-01  0.00000E+00  0.00000E+00  0.00000E+00   -0.30674E+03  0.70056E+02  0.23668E+03 -0.24563E+02 -0.33736E+02 -0.18534E+03      298.00
  0.35230E-01  0.58600E+03   -0.28750E-01 -0.28750E-01  0.57500E-01  0.00000E+00  0.00000E+00  0.00000E+00   -0.30792E+03  0.70439E+02  0.23748E+03 -0.24835E+02 -0.33932E+02 -0.18604E+03      298.00
  0.35534E-01  0.58702E+03   -0.29000E-01 -0.29000E-01  0.58000E-01  0.00000E+00  0.00000E+00  0.00000E+00   -0.30845E+03  0.70555E+02  0.23790E+03 -0.25188E+02 -0.34164E+02 -0.18629E+03      298.00
  0.35838E-01  0.58825E+03   -0.29250E-01 -0.29250E-01  0.58500E-01  0.00000E+00  0.00000E+00  0.00000E+00   -0.30911E+03  0.70702E+02  0.23841E+03 -0.25350E+02 -0.34182E+02 -0.18665E+03      298.00
  0.36142E-01  0.58938E+03   -0.29500E-01 -0.29500E-01  0.59000E-01  0.00000E+00  0.00000E+00  0.00000E+00   -0.30973E+03  0.70836E+02  0.23889E+03 -0.25524E+02 -0.34241E+02 -0.18697E+03      298.00
  0.36446E-01  0.59054E+03   -0.29750E-01 -0.29750E-01  0.59500E-01  0.00000E+00  0.00000E+00  0.00000E+00   -0.31036E+03  0.70977E+02  0.23938E+03 -0.25694E+02 -0.34291E+02 -0.18729E+03      298.00
  0.36750E-01  0.59167E+03   -0.30000E-01 -0.30000E-01  0.60000E-01  0.00000E+00  0.00000E+00  0.00000E+00   -0.31097E+03  0.71109E+02  0.23986E+03 -0.25863E+02 -0.34344E+02 -0.18761E+03      298.00
  0.37054E-01  0.59280E+03   -0.30250E-01 -0.30250E-01  0.60500E-01  0.00000E+00  0.00000E+00  0.00000E+00   -0.31158E+03  0.71241E+02  0.24034E+03 -0.26031E+02 -0.34395E+02 -0.18792E+03      298.00
  0.37358E-01  0.59391E+03   -0.30500E-01 -0.30500E-01  0.61000E-01  0.00000E+00  0.00000E+00  0.00000E+00   -0.31218E+03  0.71369E+02  0.24081E+03 -0.26197E+02 -0.34447E+02 -0.18823E+03      298.00
  0.37662E-01  0.59500E+03   -0.30750E-01 -0.30750E-01  0.61500E-01  0.00000E+00  0.00000E+00  0.00000E+00   -0.31278E+03  0.71495E+02  0.24128E+03 -0.26362E+02 -0.34498E+02 -0.18854E+03      298.00
  0.37966E-01  0.59609E+03   -0.31000E-01 -0.31000E-01  0.62000E-01  0.00000E+00  0.00000E+00  0.00000E+00   -0.31337E+03  0.71618E+02  0.24175E+03 -0.26525E+02 -0.34550E+02 -0.18884E+03      298.00
  0.38271E-01  0.59716E+03   -0.31250E-01 -0.31250E-01  0.62500E-01  0.00000E+00  0.00000E+00  0.00000E+00   -0.31395E+03  0.71739E+02  0.24221E+03 -0.26686E+02 -0.34601E+02 -0.18913E+03      298.00
  0.38575E-01  0.59822E+03   -0.31500E-01 -0.31500E-01  0.63000E-01  0.00000E+00  0.00000E+00  0.00000E+00   -0.31452E+03  0.71856E+02  0.24267E+03 -0.26845E+02 -0.34653E+02 -0.18942E+03      298.00
  0.38879E-01  0.59927E+03   -0.31750E-01 -0.31750E-01  0.63500E-01  0.00000E+00  0.00000E+00  0.00000E+00   -0.31509E+03  0.71971E+02  0.24312E+03 -0.27002E+02 -0.34705E+02 -0.18971E+03      298.00
  0.39183E-01  0.60031E+03   -0.32000E-01 -0.32000E-01  0.64000E-01  0.00000E+00  0.00000E+00  0.00000E+00   -0.31566E+03  0.72084E+02  0.24357E+03 -0.27158E+02 -0.34757E+02 -0.18999E+03      298.00
  0.39488E-01  0.60134E+03   -0.32250E-01 -0.32250E-01  0.64500E-01  0.00000E+00  0.00000E+00  0.00000E+00   -0.31621E+03  0.72194E+02  0.24402E+03 -0.27312E+02 -0.34809E+02 -0.19027E+03      298.00
  0.39792E-01  0.60235E+03   -0.32500E-01 -0.32500E-01  0.65000E-01  0.00000E+00  0.00000E+00  0.00000E+00   -0.31676E+03  0.72301E+02  0.24446E+03 -0.27463E+02 -0.34861E+02 -0.19055E+03      298.00
  0.40096E-01  0.60336E+03   -0.32750E-01 -0.32750E-01  0.65500E-01  0.00000E+00  0.00000E+00  0.00000E+00   -0.31731E+03  0.72406E+02  0.24490E+03 -0.27613E+02 -0.34914E+02 -0.19082E+03      298.00
  0.40401E-01  0.60435E+03   -0.33000E-01 -0.33000E-01  0.66000E-01  0.00000E+00  0.00000E+00  0.00000E+00   -0.31785E+03  0.72509E+02  0.24534E+03 -0.27761E+02 -0.34968E+02 -0.19109E+03      298.00
  0.40705E-01  0.60533E+03   -0.33250E-01 -0.33250E-01  0.66500E-01  0.00000E+00  0.00000E+00  0.00000E+00   -0.31838E+03  0.72609E+02  0.24577E+03 -0.27907E+02 -0.35021E+02 -0.19136E+03      298.00
  0.41010E-01  0.60631E+03   -0.33500E-01 -0.33500E-01  0.67000E-01  0.00000E+00  0.00000E+00  0.00000E+00   -0.31891E+03  0.72707E+02  0.24620E+03 -0.28051E+02 -0.35076E+02 -0.19162E+03      298.00
  0.41314E-01  0.60727E+03   -0.33750E-01 -0.33750E-01  0.67500E-01  0.00000E+00  0.00000E+00  0.00000E+00   -0.31943E+03  0.72803E+02  0.24663E+03 -0.28192E+02 -0.35130E+02 -0.19188E+03      298.00
  0.41619E-01  0.60822E+03   -0.34000E-01 -0.34000E-01  0.68000E-01  0.00000E+00  0.00000E+00  0.00000E+00   -0.31994E+03  0.72896E+02  0.24705E+03 -0.28332E+02 -0.35185E+02 -0.19213E+03      298.00
  0.41924E-01  0.60916E+03   -0.34250E-01 -0.34250E-01  0.68500E-01  0.00000E+00  0.00000E+00  0.00000E+00   -0.32046E+03  0.72987E+02  0.24747E+03 -0.28470E+02 -0.35241E+02 -0.19238E+03      298.00
  0.42228E-01  0.61010E+03   -0.34500E-01 -0.34500E-01  0.69000E-01  0.00000E+00  0.00000E+00  0.00000E+00   -0.32096E+03  0.73076E+02  0.24788E+03 -0.28606E+02 -0.35297E+02 -0.19263E+03      298.00
  0.42533E-01  0.61102E+03   -0.34750E-01 -0.34750E-01  0.69500E-01  0.00000E+00  0.00000E+00  0.00000E+00   -0.32146E+03  0.73163E+02  0.24830E+03 -0.28740E+02 -0.35353E+02 -0.19288E+03      298.00
  0.42838E-01  0.61194E+03   -0.35000E-01 -0.35000E-01  0.70000E-01  0.00000E+00  0.00000E+00  0.00000E+00   -0.32196E+03  0.73248E+02  0.24871E+03 -0.28872E+02 -0.35411E+02 -0.19312E+03      298.00
  0.43143E-01  0.61284E+03   -0.35250E-01 -0.35250E-01  0.70500E-01  0.00000E+00  0.00000E+00  0.00000E+00   -0.32245E+03  0.73331E+02  0.24912E+03 -0.29003E+02 -0.35468E+02 -0.19336E+03      298.00
  0.43447E-01  0.61374E+03   -0.35500E-01 -0.35500E-01  0.71000E-01  0.00000E+00  0.00000E+00  0.00000E+00   -0.32294E+03  0.73413E+02  0.24952E+03 -0.29131E+02 -0.35527E+02 -0.19360E+03      298.00
  0.43752E-01  0.61463E+03   -0.35750E-01 -0.35750E-01  0.71500E-01  0.00000E+00  0.00000E+00  0.00000E+00   -0.32342E+03  0.73493E+02  0.24993E+03 -0.29256E+02 -0.35586E+02 -0.19383E+03      298.00
  0.44057E-01  0.61552E+03   -0.36000E-01 -0.36000E-01  0.72000E-01  0.00000E+00  0.00000E+00  0.00000E+00   -0.32390E+03  0.73573E+02  0.25033E+03 -0.29380E+02 -0.35646E+02 -0.19406E+03      298.00
  0.44362E-01  0.61640E+03   -0.36250E-01 -0.36250E-01  0.72500E-01  0.00000E+00  0.00000E+00  0.00000E+00   -0.32438E+03  0.73651E+02  0.25072E+03 -0.29501E+02 -0.35710E+02 -0.19429E+03      298.00
  0.44667E-01  0.61727E+03   -0.36500E-01 -0.36500E-01  0.73000E-01  0.00000E+00  0.00000E+00  0.00000E+00   -0.32484E+03  0.73724E+02  0.25112E+03 -0.29624E+02 -0.35779E+02 -0.19452E+03      298.00
  0.44973E-01  0.61811E+03   -0.36750E-01 -0.36750E-01  0.73500E-01  0.00000E+00  0.00000E+00  0.00000E+00   -0.32529E+03  0.73785E+02  0.25150E+03 -0.29753E+02 -0.35852E+02 -0.19475E+03      298.00
  0.45278E-01  0.61920E+03   -0.37000E-01 -0.37000E-01  0.74000E-01  0.00000E+00  0.00000E+00  0.00000E+00   -0.32586E+03  0.73830E+02  0.25203E+03 -0.29772E+02 -0.35708E+02 -0.19510E+03      298.00
  0.45583E-01  0.61994E+03   -0.37250E-01 -0.37250E-01  0.74500E-01  0.00000E+00  0.00000E+00  0.00000E+00   -0.32628E+03  0.73962E+02  0.25232E+03 -0.30015E+02 -0.35993E+02 -0.19523E+03      298.00
  0.45888E-01  0.62068E+03   -0.37500E-01 -0.37500E-01  0.75000E-01  0.00000E+00  0.00000E+00  0.00000E+00   -0.32664E+03  0.73918E+02  0.25273E+03 -0.30007E+02 -0.35856E+02 -0.19548E+03      298.00
          Evm          Svm            E11          E22          E33          E23          E13          E12         SDEV11       SDEV22       SDEV33       SDEV23       SDEV13       SDEV12      TEMP
  0.45888E-01  0.62032E+03   -0.37500E-01 -0.37500E-01  0.75000E-01  0.00000E+00  0.00000E+00  0.00000E+00   -0.32648E+03  0.73887E+02  0.25259E+03 -0.29989E+02 -0.35903E+02 -0.19533E+03      298.00
  0.46194E-01  0.62151E+03   -0.37750E-01 -0.37750E-01  0.75500E-01  0.00000E+00  0.00000E+00  0.00000E+00   -0.32711E+03  0.74053E+02  0.25306E+03 -0.30241E+02 -0.36110E+02 -0.19564E+03      298.00
  0.46499E-01  0.62237E+03   -0.38000E-01 -0.38000E-01  0.76000E-01  0.00000E+00  0.00000E+00  0.00000E+00   -0.32760E+03  0.74091E+02  0.25351E+03 -0.30248E+02 -0.35972E+02 -0.19588E+03      298.00
  0.46805E-01  0.62317E+03   -0.38250E-01 -0.38250E-01  0.76500E-01  0.00000E+00  0.00000E+00  0.00000E+00   -0.32800E+03  0.74184E+02  0.25382E+03 -0.30486E+02 -0.36266E+02 -0.19607E+03      298.00
  0.47110E-01  0.62392E+03   -0.38500E-01 -0.38500E-01  0.77000E-01  0.00000E+00  0.00000E+00  0.00000E+00   -0.32842E+03  0.74187E+02  0.25424E+03 -0.30474E+02 -0.36114E+02 -0.19628E+03      298.00
  0.47416E-01  0.62475E+03   -0.38750E-01 -0.38750E-01  0.77500E-01  0.00000E+00  0.00000E+00  0.00000E+00   -0.32885E+03  0.74292E+02  0.25456E+03 -0.30709E+02 -0.36403E+02 -0.19648E+03      298.00
  0.47721E-01  0.62484E+03   -0.39000E-01 -0.39000E-01  0.78000E-01  0.00000E+00  0.00000E+00  0.00000E+00   -0.32890E+03  0.74116E+02  0.25478E+03 -0.30495E+02 -0.36039E+02 -0.19653E+03      298.00
  0.48027E-01  0.62635E+03   -0.39250E-01 -0.39250E-01  0.78500E-01  0.00000E+00  0.00000E+00  0.00000E+00   -0.32971E+03  0.74405E+02  0.25530E+03 -0.30932E+02 -0.36536E+02 -0.19689E+03      298.00
  0.48333E-01  0.62641E+03   -0.39500E-01 -0.39500E-01  0.79000E-01  0.00000E+00  0.00000E+00  0.00000E+00   -0.32974E+03  0.74223E+02  0.25552E+03 -0.30722E+02 -0.36177E+02 -0.19693E+03      298.00
  0.48639E-01  0.62786E+03   -0.39750E-01 -0.39750E-01  0.79500E-01  0.00000E+00  0.00000E+00  0.00000E+00   -0.33052E+03  0.74500E+02  0.25602E+03 -0.31144E+02 -0.36680E+02 -0.19728E+03      298.00
  0.48944E-01  0.62792E+03   -0.40000E-01 -0.40000E-01  0.80000E-01  0.00000E+00  0.00000E+00  0.00000E+00   -0.33055E+03  0.74317E+02  0.25623E+03 -0.30944E+02 -0.36322E+02 -0.19731E+03      298.00
  0.49251E-01  0.62937E+03   -0.40250E-01 -0.40250E-01  0.80500E-01  0.00000E+00  0.00000E+00  0.00000E+00   -0.33133E+03  0.74597E+02  0.25673E+03 -0.31354E+02 -0.36825E+02 -0.19765E+03      298.00
  0.49556E-01  0.62942E+03   -0.40500E-01 -0.40500E-01  0.81000E-01  0.00000E+00  0.00000E+00  0.00000E+00   -0.33135E+03  0.74407E+02  0.25694E+03 -0.31161E+02 -0.36470E+02 -0.19769E+03      298.00
  0.49863E-01  0.63084E+03   -0.40750E-01 -0.40750E-01  0.81500E-01  0.00000E+00  0.00000E+00  0.00000E+00   -0.33212E+03  0.74682E+02  0.25744E+03 -0.31558E+02 -0.36974E+02 -0.19803E+03      298.00
  0.50169E-01  0.63089E+03   -0.41000E-01 -0.41000E-01  0.82000E-01  0.00000E+00  0.00000E+00  0.00000E+00   -0.33213E+03  0.74489E+02  0.25764E+03 -0.31372E+02 -0.36620E+02 -0.19806E+03      298.00
  0.50475E-01  0.63230E+03   -0.41250E-01 -0.41250E-01  0.82500E-01  0.00000E+00  0.00000E+00  0.00000E+00   -0.33290E+03  0.74764E+02  0.25813E+03 -0.31758E+02 -0.37125E+02 -0.19839E+03      298.00
  0.50781E-01  0.63233E+03   -0.41500E-01 -0.41500E-01  0.83000E-01  0.00000E+00  0.00000E+00  0.00000E+00   -0.33291E+03  0.74567E+02  0.25834E+03 -0.31578E+02 -0.36773E+02 -0.19842E+03      298.00
  0.51088E-01  0.63372E+03   -0.41750E-01 -0.41750E-01  0.83500E-01  0.00000E+00  0.00000E+00  0.00000E+00   -0.33366E+03  0.74837E+02  0.25882E+03 -0.31955E+02 -0.37280E+02 -0.19874E+03      298.00
  0.51394E-01  0.63376E+03   -0.42000E-01 -0.42000E-01  0.84000E-01  0.00000E+00  0.00000E+00  0.00000E+00   -0.33366E+03  0.74640E+02  0.25902E+03 -0.31780E+02 -0.36928E+02 -0.19877E+03      298.00
  0.51700E-01  0.63512E+03   -0.42250E-01 -0.42250E-01  0.84500E-01  0.00000E+00  0.00000E+00  0.00000E+00   -0.33440E+03  0.74905E+02  0.25950E+03 -0.32149E+02 -0.37439E+02 -0.19909E+03      298.00
  0.52007E-01  0.63516E+03   -0.42500E-01 -0.42500E-01  0.85000E-01  0.00000E+00  0.00000E+00  0.00000E+00   -0.33441E+03  0.74707E+02  0.25970E+03 -0.31979E+02 -0.37087E+02 -0.19912E+03      298.00
  0.52314E-01  0.63650E+03   -0.42750E-01 -0.42750E-01  0.85500E-01  0.00000E+00  0.00000E+00  0.00000E+00   -0.33513E+03  0.74967E+02  0.26017E+03 -0.32340E+02 -0.37600E+02 -0.19943E+03      298.00
  0.52620E-01  0.63653E+03   -0.43000E-01 -0.43000E-01  0.86000E-01  0.00000E+00  0.00000E+00  0.00000E+00   -0.33514E+03  0.74769E+02  0.26037E+03 -0.32174E+02 -0.37249E+02 -0.19946E+03      298.00
  0.52927E-01  0.63785E+03   -0.43250E-01 -0.43250E-01  0.86500E-01  0.00000E+00  0.00000E+00  0.00000E+00   -0.33585E+03  0.75025E+02  0.26083E+03 -0.32529E+02 -0.37764E+02 -0.19977E+03      298.00
  0.53234E-01  0.63789E+03   -0.43500E-01 -0.43500E-01  0.87000E-01  0.00000E+00  0.00000E+00  0.00000E+00   -0.33586E+03  0.74826E+02  0.26103E+03 -0.32366E+02 -0.37413E+02 -0.19979E+03      298.00
  0.53540E-01  0.63919E+03   -0.43750E-01 -0.43750E-01  0.87500E-01  0.00000E+00  0.00000E+00  0.00000E+00   -0.33656E+03  0.75077E+02  0.26148E+03 -0.32714E+02 -0.37931E+02 -0.20009E+03      298.00
  0.53847E-01  0.63901E+03   -0.44000E-01 -0.44000E-01  0.88000E-01  0.00000E+00  0.00000E+00  0.00000E+00   -0.33642E+03  0.74831E+02  0.26159E+03 -0.32575E+02 -0.37716E+02 -0.20006E+03      298.00
  0.54154E-01  0.63980E+03   -0.44250E-01 -0.44250E-01  0.88500E-01  0.00000E+00  0.00000E+00  0.00000E+00   -0.33687E+03  0.74904E+02  0.26197E+03 -0.32686E+02 -0.37770E+02 -0.20023E+03      298.00
  0.54461E-01  0.64096E+03   -0.44500E-01 -0.44500E-01  0.89000E-01  0.00000E+00  0.00000E+00  0.00000E+00   -0.33743E+03  0.75041E+02  0.26239E+03 -0.32971E+02 -0.38233E+02 -0.20056E+03      298.00
  0.54768E-01  0.64111E+03   -0.44750E-01 -0.44750E-01  0.89500E-01  0.00000E+00  0.00000E+00  0.00000E+00   -0.33756E+03  0.74945E+02  0.26262E+03 -0.32859E+02 -0.37915E+02 -0.20056E+03      298.00
  0.55076E-01  0.64224E+03   -0.45000E-01 -0.45000E-01  0.90000E-01  0.00000E+00  0.00000E+00  0.00000E+00   -0.33815E+03  0.75131E+02  0.26302E+03 -0.33145E+02 -0.38394E+02 -0.20082E+03      298.00
  0.55383E-01  0.64241E+03   -0.45250E-01 -0.45250E-01  0.90500E-01  0.00000E+00  0.00000E+00  0.00000E+00   -0.33826E+03  0.75001E+02  0.26326E+03 -0.33034E+02 -0.38096E+02 -0.20086E+03      298.00
  0.55690E-01  0.64349E+03   -0.45500E-01 -0.45500E-01  0.91000E-01  0.00000E+00  0.00000E+00  0.00000E+00   -0.33886E+03  0.75207E+02  0.26365E+03 -0.33320E+02 -0.38556E+02 -0.20108E+03      298.00
  0.55997E-01  0.64366E+03   -0.45750E-01 -0.45750E-01  0.91500E-01  0.00000E+00  0.00000E+00  0.00000E+00   -0.33893E+03  0.75042E+02  0.26389E+03 -0.33203E+02 -0.38257E+02 -0.20115E+03      298.00
  0.56305E-01  0.64474E+03   -0.46000E-01 -0.46000E-01  0.92000E-01  0.00000E+00  0.00000E+00  0.00000E+00   -0.33949E+03  0.75213E+02  0.26428E+03 -0.33508E+02 -0.38751E+02 -0.20141E+03      298.00
  0.56612E-01  0.64488E+03   -0.46250E-01 -0.46250E-01  0.92500E-01  0.00000E+00  0.00000E+00  0.00000E+00   -0.33958E+03  0.75070E+02  0.26451E+03 -0.33380E+02 -0.38423E+02 -0.20144E+03      298.00
  0.56920E-01  0.64598E+03   -0.46500E-01 -0.46500E-01  0.93000E-01  0.00000E+00  0.00000E+00  0.00000E+00   -0.34011E+03  0.75219E+02  0.26489E+03 -0.33693E+02 -0.38951E+02 -0.20173E+03      298.00
  0.57228E-01  0.64609E+03   -0.46750E-01 -0.46750E-01  0.93500E-01  0.00000E+00  0.00000E+00  0.00000E+00   -0.34021E+03  0.75096E+02  0.26512E+03 -0.33558E+02 -0.38600E+02 -0.20172E+03      298.00
  0.57535E-01  0.64720E+03   -0.47000E-01 -0.47000E-01  0.94000E-01  0.00000E+00  0.00000E+00  0.00000E+00   -0.34073E+03  0.75228E+02  0.26551E+03 -0.33874E+02 -0.39150E+02 -0.20203E+03      298.00
  0.57843E-01  0.64729E+03   -0.47250E-01 -0.47250E-01  0.94500E-01  0.00000E+00  0.00000E+00  0.00000E+00   -0.34084E+03  0.75119E+02  0.26572E+03 -0.33735E+02 -0.38785E+02 -0.20200E+03      298.00
  0.58151E-01  0.64840E+03   -0.47500E-01 -0.47500E-01  0.95000E-01  0.00000E+00  0.00000E+00  0.00000E+00   -0.34135E+03  0.75242E+02  0.26611E+03 -0.34052E+02 -0.39350E+02 -0.20232E+03      298.00
  0.58459E-01  0.64848E+03   -0.47750E-01 -0.47750E-01  0.95500E-01  0.00000E+00  0.00000E+00  0.00000E+00   -0.34147E+03  0.75140E+02  0.26633E+03 -0.33910E+02 -0.38975E+02 -0.20228E+03      298.00
  0.58767E-01  0.64927E+03   -0.48000E-01 -0.48000E-01  0.96000E-01  0.00000E+00  0.00000E+00  0.00000E+00   -0.34190E+03  0.75227E+02  0.26667E+03 -0.34054E+02 -0.39182E+02 -0.20246E+03      298.00
  0.59075E-01  0.65030E+03   -0.48250E-01 -0.48250E-01  0.96500E-01  0.00000E+00  0.00000E+00  0.00000E+00   -0.34244E+03  0.75380E+02  0.26706E+03 -0.34298E+02 -0.39552E+02 -0.20270E+03      298.00
  0.59383E-01  0.65013E+03   -0.48500E-01 -0.48500E-01  0.97000E-01  0.00000E+00  0.00000E+00  0.00000E+00   -0.34235E+03  0.75195E+02  0.26715E+03 -0.34177E+02 -0.39380E+02 -0.20263E+03      298.00
  0.59691E-01  0.65080E+03   -0.48750E-01 -0.48750E-01  0.97500E-01  0.00000E+00  0.00000E+00  0.00000E+00   -0.34270E+03  0.75192E+02  0.26751E+03 -0.34257E+02 -0.39389E+02 -0.20279E+03      298.00
  0.59999E-01  0.65187E+03   -0.49000E-01 -0.49000E-01  0.98000E-01  0.00000E+00  0.00000E+00  0.00000E+00   -0.34319E+03  0.75307E+02  0.26788E+03 -0.34558E+02 -0.39928E+02 -0.20310E+03      298.00
  0.60307E-01  0.65193E+03   -0.49250E-01 -0.49250E-01  0.98500E-01  0.00000E+00  0.00000E+00  0.00000E+00   -0.34329E+03  0.75198E+02  0.26810E+03 -0.34416E+02 -0.39554E+02 -0.20305E+03      298.00
  0.60616E-01  0.65300E+03   -0.49500E-01 -0.49500E-01  0.99000E-01  0.00000E+00  0.00000E+00  0.00000E+00   -0.34381E+03  0.75344E+02  0.26846E+03 -0.34725E+02 -0.40134E+02 -0.20333E+03      298.00
  0.60924E-01  0.65307E+03   -0.49750E-01 -0.49750E-01  0.99500E-01  0.00000E+00  0.00000E+00  0.00000E+00   -0.34390E+03  0.75217E+02  0.26868E+03 -0.34586E+02 -0.39763E+02 -0.20331E+03      298.00
  0.61233E-01  0.65409E+03   -0.50000E-01 -0.50000E-01  0.10000E+00  0.00000E+00  0.00000E+00  0.00000E+00   -0.34447E+03  0.75432E+02  0.26904E+03 -0.34872E+02 -0.40312E+02 -0.20349E+03      298.00
          Evm          Svm            E11          E22          E33          E23          E13          E12         SDEV11       SDEV22       SDEV33       SDEV23       SDEV13       SDEV12      TEMP
  0.61233E-01  0.65393E+03   -0.50000E-01 -0.50000E-01  0.10000E+00  0.00000E+00  0.00000E+00  0.00000E+00   -0.34436E+03  0.75341E+02  0.26902E+03 -0.34785E+02 -0.40109E+02 -0.20348E+03      298.00
  0.61541E-01  0.65491E+03   -0.50250E-01 -0.50250E-01  0.10050E+00  0.00000E+00  0.00000E+00  0.00000E+00   -0.34486E+03  0.75355E+02  0.26950E+03 -0.34872E+02 -0.40085E+02 -0.20378E+03      298.00
  0.61850E-01  0.65553E+03   -0.50500E-01 -0.50500E-01  0.10100E+00  0.00000E+00  0.00000E+00  0.00000E+00   -0.34521E+03  0.75388E+02  0.26983E+03 -0.34965E+02 -0.40175E+02 -0.20390E+03      298.00
  0.62159E-01  0.65607E+03   -0.50750E-01 -0.50750E-01  0.10150E+00  0.00000E+00  0.00000E+00  0.00000E+00   -0.34551E+03  0.75410E+02  0.27010E+03 -0.35039E+02 -0.40274E+02 -0.20399E+03      298.00
  0.62467E-01  0.65660E+03   -0.51000E-01 -0.51000E-01  0.10200E+00  0.00000E+00  0.00000E+00  0.00000E+00   -0.34576E+03  0.75384E+02  0.27038E+03 -0.35115E+02 -0.40381E+02 -0.20415E+03      298.00
  0.62776E-01  0.65712E+03   -0.51250E-01 -0.51250E-01  0.10250E+00  0.00000E+00  0.00000E+00  0.00000E+00   -0.34603E+03  0.75380E+02  0.27065E+03 -0.35199E+02 -0.40491E+02 -0.20426E+03      298.00
  0.63085E-01  0.65765E+03   -0.51500E-01 -0.51500E-01  0.10300E+00  0.00000E+00  0.00000E+00  0.00000E+00   -0.34633E+03  0.75409E+02  0.27092E+03 -0.35280E+02 -0.40600E+02 -0.20435E+03      298.00
  0.63394E-01  0.65818E+03   -0.51750E-01 -0.51750E-01  0.10350E+00  0.00000E+00  0.00000E+00  0.00000E+00   -0.34663E+03  0.75426E+02  0.27120E+03 -0.35358E+02 -0.40707E+02 -0.20445E+03      298.00
  0.63703E-01  0.65869E+03   -0.52000E-01 -0.52000E-01  0.10400E+00  0.00000E+00  0.00000E+00  0.00000E+00   -0.34690E+03  0.75430E+02  0.27147E+03 -0.35435E+02 -0.40813E+02 -0.20455E+03      298.00
  0.64012E-01  0.65920E+03   -0.52250E-01 -0.52250E-01  0.10450E+00  0.00000E+00  0.00000E+00  0.00000E+00   -0.34717E+03  0.75428E+02  0.27174E+03 -0.35513E+02 -0.40918E+02 -0.20465E+03      298.00
  0.64321E-01  0.65970E+03   -0.52500E-01 -0.52500E-01  0.10500E+00  0.00000E+00  0.00000E+00  0.00000E+00   -0.34744E+03  0.75426E+02  0.27201E+03 -0.35590E+02 -0.41024E+02 -0.20476E+03      298.00
  0.64631E-01  0.66020E+03   -0.52750E-01 -0.52750E-01  0.10550E+00  0.00000E+00  0.00000E+00  0.00000E+00   -0.34770E+03  0.75422E+02  0.27228E+03 -0.35667E+02 -0.41129E+02 -0.20486E+03      298.00
  0.64940E-01  0.66070E+03   -0.53000E-01 -0.53000E-01  0.10600E+00  0.00000E+00  0.00000E+00  0.00000E+00   -0.34796E+03  0.75418E+02  0.27255E+03 -0.35744E+02 -0.41235E+02 -0.20496E+03      298.00
  0.65249E-01  0.66119E+03   -0.53250E-01 -0.53250E-01  0.10650E+00  0.00000E+00  0.00000E+00  0.00000E+00   -0.34822E+03  0.75413E+02  0.27281E+03 -0.35821E+02 -0.41341E+02 -0.20505E+03      298.00
  0.65559E-01  0.66168E+03   -0.53500E-01 -0.53500E-01  0.10700E+00  0.00000E+00  0.00000E+00  0.00000E+00   -0.34848E+03  0.75408E+02  0.27307E+03 -0.35897E+02 -0.41448E+02 -0.20515E+03      298.00
  0.65868E-01  0.66217E+03   -0.53750E-01 -0.53750E-01  0.10750E+00  0.00000E+00  0.00000E+00  0.00000E+00   -0.34874E+03  0.75403E+02  0.27334E+03 -0.35973E+02 -0.41554E+02 -0.20524E+03      298.00
  0.66178E-01  0.66265E+03   -0.54000E-01 -0.54000E-01  0.10800E+00  0.00000E+00  0.00000E+00  0.00000E+00   -0.34899E+03  0.75397E+02  0.27360E+03 -0.36048E+02 -0.41662E+02 -0.20534E+03      298.00
  0.66488E-01  0.66313E+03   -0.54250E-01 -0.54250E-01  0.10850E+00  0.00000E+00  0.00000E+00  0.00000E+00   -0.34925E+03  0.75391E+02  0.27386E+03 -0.36124E+02 -0.41769E+02 -0.20543E+03      298.00
  0.66797E-01  0.66360E+03   -0.54500E-01 -0.54500E-01  0.10900E+00  0.00000E+00  0.00000E+00  0.00000E+00   -0.34950E+03  0.75385E+02  0.27412E+03 -0.36199E+02 -0.41877E+02 -0.20552E+03      298.00
  0.67107E-01  0.66407E+03   -0.54750E-01 -0.54750E-01  0.10950E+00  0.00000E+00  0.00000E+00  0.00000E+00   -0.34975E+03  0.75378E+02  0.27437E+03 -0.36273E+02 -0.41986E+02 -0.20561E+03      298.00
  0.67417E-01  0.66454E+03   -0.55000E-01 -0.55000E-01  0.11000E+00  0.00000E+00  0.00000E+00  0.00000E+00   -0.35000E+03  0.75371E+02  0.27463E+03 -0.36348E+02 -0.42094E+02 -0.20569E+03      298.00
  0.67727E-01  0.66500E+03   -0.55250E-01 -0.55250E-01  0.11050E+00  0.00000E+00  0.00000E+00  0.00000E+00   -0.35025E+03  0.75363E+02  0.27488E+03 -0.36422E+02 -0.42203E+02 -0.20578E+03      298.00
  0.68037E-01  0.66546E+03   -0.55500E-01 -0.55500E-01  0.11100E+00  0.00000E+00  0.00000E+00  0.00000E+00   -0.35049E+03  0.75355E+02  0.27514E+03 -0.36495E+02 -0.42312E+02 -0.20586E+03      298.00
  0.68347E-01  0.66592E+03   -0.55750E-01 -0.55750E-01  0.11150E+00  0.00000E+00  0.00000E+00  0.00000E+00   -0.35073E+03  0.75347E+02  0.27539E+03 -0.36569E+02 -0.42422E+02 -0.20595E+03      298.00
  0.68657E-01  0.66637E+03   -0.56000E-01 -0.56000E-01  0.11200E+00  0.00000E+00  0.00000E+00  0.00000E+00   -0.35098E+03  0.75338E+02  0.27564E+03 -0.36642E+02 -0.42532E+02 -0.20603E+03      298.00
  0.68967E-01  0.66682E+03   -0.56250E-01 -0.56250E-01  0.11250E+00  0.00000E+00  0.00000E+00  0.00000E+00   -0.35122E+03  0.75329E+02  0.27589E+03 -0.36714E+02 -0.42642E+02 -0.20611E+03      298.00
  0.69278E-01  0.66704E+03   -0.56500E-01 -0.56500E-01  0.11300E+00  0.00000E+00  0.00000E+00  0.00000E+00   -0.35133E+03  0.75413E+02  0.27592E+03 -0.36797E+02 -0.42817E+02 -0.20615E+03      298.00
  0.69588E-01  0.66768E+03   -0.56750E-01 -0.56750E-01  0.11350E+00  0.00000E+00  0.00000E+00  0.00000E+00   -0.35168E+03  0.75298E+02  0.27638E+03 -0.36848E+02 -0.42843E+02 -0.20625E+03      298.00
  0.69898E-01  0.66792E+03   -0.57000E-01 -0.57000E-01  0.11400E+00  0.00000E+00  0.00000E+00  0.00000E+00   -0.35181E+03  0.75399E+02  0.27641E+03 -0.36953E+02 -0.43071E+02 -0.20629E+03      298.00
  0.70209E-01  0.66855E+03   -0.57250E-01 -0.57250E-01  0.11450E+00  0.00000E+00  0.00000E+00  0.00000E+00   -0.35214E+03  0.75278E+02  0.27687E+03 -0.36991E+02 -0.43064E+02 -0.20640E+03      298.00
  0.70519E-01  0.66879E+03   -0.57500E-01 -0.57500E-01  0.11500E+00  0.00000E+00  0.00000E+00  0.00000E+00   -0.35228E+03  0.75379E+02  0.27690E+03 -0.37096E+02 -0.43295E+02 -0.20644E+03      298.00
  0.70830E-01  0.66941E+03   -0.57750E-01 -0.57750E-01  0.11550E+00  0.00000E+00  0.00000E+00  0.00000E+00   -0.35261E+03  0.75256E+02  0.27735E+03 -0.37133E+02 -0.43287E+02 -0.20654E+03      298.00
  0.71141E-01  0.66965E+03   -0.58000E-01 -0.58000E-01  0.11600E+00  0.00000E+00  0.00000E+00  0.00000E+00   -0.35274E+03  0.75358E+02  0.27738E+03 -0.37238E+02 -0.43517E+02 -0.20658E+03      298.00
  0.71451E-01  0.67026E+03   -0.58250E-01 -0.58250E-01  0.11650E+00  0.00000E+00  0.00000E+00  0.00000E+00   -0.35306E+03  0.75233E+02  0.27783E+03 -0.37274E+02 -0.43511E+02 -0.20668E+03      298.00
  0.71762E-01  0.67050E+03   -0.58500E-01 -0.58500E-01  0.11700E+00  0.00000E+00  0.00000E+00  0.00000E+00   -0.35320E+03  0.75335E+02  0.27786E+03 -0.37379E+02 -0.43741E+02 -0.20671E+03      298.00
  0.72073E-01  0.67109E+03   -0.58750E-01 -0.58750E-01  0.11750E+00  0.00000E+00  0.00000E+00  0.00000E+00   -0.35351E+03  0.75209E+02  0.27831E+03 -0.37413E+02 -0.43736E+02 -0.20681E+03      298.00
  0.72384E-01  0.67133E+03   -0.59000E-01 -0.59000E-01  0.11800E+00  0.00000E+00  0.00000E+00  0.00000E+00   -0.35365E+03  0.75310E+02  0.27834E+03 -0.37518E+02 -0.43966E+02 -0.20684E+03      298.00
  0.72695E-01  0.67192E+03   -0.59250E-01 -0.59250E-01  0.11850E+00  0.00000E+00  0.00000E+00  0.00000E+00   -0.35396E+03  0.75183E+02  0.27877E+03 -0.37552E+02 -0.43961E+02 -0.20693E+03      298.00
  0.73006E-01  0.67215E+03   -0.59500E-01 -0.59500E-01  0.11900E+00  0.00000E+00  0.00000E+00  0.00000E+00   -0.35409E+03  0.75284E+02  0.27880E+03 -0.37656E+02 -0.44191E+02 -0.20697E+03      298.00
  0.73317E-01  0.67272E+03   -0.59750E-01 -0.59750E-01  0.11950E+00  0.00000E+00  0.00000E+00  0.00000E+00   -0.35439E+03  0.75156E+02  0.27924E+03 -0.37689E+02 -0.44188E+02 -0.20705E+03      298.00
  0.73629E-01  0.67295E+03   -0.60000E-01 -0.60000E-01  0.12000E+00  0.00000E+00  0.00000E+00  0.00000E+00   -0.35452E+03  0.75257E+02  0.27927E+03 -0.37793E+02 -0.44417E+02 -0.20708E+03      298.00
  0.73940E-01  0.67352E+03   -0.60250E-01 -0.60250E-01  0.12050E+00  0.00000E+00  0.00000E+00  0.00000E+00   -0.35483E+03  0.75128E+02  0.27970E+03 -0.37825E+02 -0.44415E+02 -0.20716E+03      298.00
  0.74251E-01  0.67375E+03   -0.60500E-01 -0.60500E-01  0.12100E+00  0.00000E+00  0.00000E+00  0.00000E+00   -0.35495E+03  0.75229E+02  0.27973E+03 -0.37928E+02 -0.44643E+02 -0.20720E+03      298.00
  0.74563E-01  0.67430E+03   -0.60750E-01 -0.60750E-01  0.12150E+00  0.00000E+00  0.00000E+00  0.00000E+00   -0.35525E+03  0.75098E+02  0.28015E+03 -0.37959E+02 -0.44642E+02 -0.20727E+03      298.00
  0.74874E-01  0.10309E+04   -0.61000E-01 -0.61000E-01  0.12200E+00  0.00000E+00  0.00000E+00  0.00000E+00   -0.16096E+03 -0.35979E+03  0.52074E+03 -0.26448E+03 -0.22628E+03 -0.14072E+03      298.00
  0.75253E-01  0.10311E+04   -0.61250E-01 -0.61250E-01  0.12250E+00  0.00000E+00  0.00000E+00  0.00000E+00   -0.16128E+03 -0.35943E+03  0.52071E+03 -0.26437E+03 -0.22712E+03 -0.14059E+03      298.00
  0.75632E-01  0.10317E+04   -0.61500E-01 -0.61500E-01  0.12300E+00  0.00000E+00  0.00000E+00  0.00000E+00   -0.16135E+03 -0.35937E+03  0.52073E+03 -0.26482E+03 -0.22761E+03 -0.14044E+03      298.00
  0.76010E-01  0.10323E+04   -0.61750E-01 -0.61750E-01  0.12350E+00  0.00000E+00  0.00000E+00  0.00000E+00   -0.16143E+03 -0.35931E+03  0.52074E+03 -0.26526E+03 -0.22805E+03 -0.14027E+03      298.00
  0.76389E-01  0.10328E+04   -0.62000E-01 -0.62000E-01  0.12400E+00  0.00000E+00  0.00000E+00  0.00000E+00   -0.16150E+03 -0.35925E+03  0.52074E+03 -0.26569E+03 -0.22850E+03 -0.14010E+03      298.00
  0.76767E-01  0.10334E+04   -0.62250E-01 -0.62250E-01  0.12450E+00  0.00000E+00  0.00000E+00  0.00000E+00   -0.16157E+03 -0.35918E+03  0.52074E+03 -0.26613E+03 -0.22895E+03 -0.13992E+03      298.00
  0.77145E-01  0.10339E+04   -0.62500E-01 -0.62500E-01  0.12500E+00  0.00000E+00  0.00000E+00  0.00000E+00   -0.16163E+03 -0.35910E+03  0.52074E+03 -0.26656E+03 -0.22939E+03 -0.13975E+03      298.00
