TEXTURE AT STRAIN =    0.0250
   0.988   1.025   0.988  <-- length of phase ellipsoid axes
   84.26   90.00   -0.00  <-- Euler angles (deg) of phase ellipsoid axes
B         1
 -102.81  106.41 -142.40   1.0000000
TEXTURE AT STRAIN =    0.0500
   0.975   1.051   0.975  <-- length of phase ellipsoid axes
   82.48   90.00   -0.00  <-- Euler angles (deg) of phase ellipsoid axes
B         1
 -102.97  107.33 -142.13   1.0000000
TEXTURE AT STRAIN =    0.0750
   0.963   1.078   0.963  <-- length of phase ellipsoid axes
   83.02   90.00    0.00  <-- Euler angles (deg) of phase ellipsoid axes
B         1
 -103.14  108.31 -141.86   1.0000000
TEXTURE AT STRAIN =    0.1000
   0.951   1.105   0.951  <-- length of phase ellipsoid axes
   89.01   90.00    0.00  <-- Euler angles (deg) of phase ellipsoid axes
B         1
 -103.32  109.33 -141.58   1.0000000
TEXTURE AT STRAIN =    0.1250
   0.939   1.133   0.939  <-- length of phase ellipsoid axes
   88.08   90.00    0.00  <-- Euler angles (deg) of phase ellipsoid axes
B         1
 -103.52  110.41 -141.30   1.0000000
