          Evm          Svm            E11          E22          E33          E23          E13          E12         SDEV11       SDEV22       SDEV33       SDEV23       SDEV13       SDEV12      TEMP
  0.00000E+00  0.45124E+03    0.00000E+00  0.00000E+00  0.00000E+00  0.00000E+00  0.00000E+00  0.00000E+00   -0.12040E+03 -0.32800E+02  0.15320E+03  0.71933E+02 -0.20377E+03  0.40660E+02      298.00
  0.25463E-03  0.45946E+03   -0.25000E-03 -0.25000E-03  0.50000E-03  0.00000E+00  0.00000E+00  0.00000E+00   -0.12255E+03 -0.35073E+02  0.15762E+03  0.72896E+02 -0.20695E+03  0.40983E+02      298.00
  0.51192E-03  0.46768E+03   -0.50000E-03 -0.50000E-03  0.10000E-02  0.00000E+00  0.00000E+00  0.00000E+00   -0.12512E+03 -0.36742E+02  0.16187E+03  0.74024E+02 -0.21012E+03  0.40924E+02      298.00
  0.77150E-03  0.47589E+03   -0.75000E-03 -0.75000E-03  0.15000E-02  0.00000E+00  0.00000E+00  0.00000E+00   -0.12716E+03 -0.38731E+02  0.16589E+03  0.75040E+02 -0.21343E+03  0.41393E+02      298.00
  0.10329E-02  0.48381E+03   -0.10000E-02 -0.10000E-02  0.20000E-02  0.00000E+00  0.00000E+00  0.00000E+00   -0.12935E+03 -0.40360E+02  0.16971E+03  0.76083E+02 -0.21659E+03  0.41723E+02      298.00
  0.12960E-02  0.49160E+03   -0.12500E-02 -0.12500E-02  0.25000E-02  0.00000E+00  0.00000E+00  0.00000E+00   -0.13151E+03 -0.41858E+02  0.17337E+03  0.77126E+02 -0.21973E+03  0.42102E+02      298.00
  0.15605E-02  0.49927E+03   -0.15000E-02 -0.15000E-02  0.30000E-02  0.00000E+00  0.00000E+00  0.00000E+00   -0.13364E+03 -0.43231E+02  0.17687E+03  0.78170E+02 -0.22286E+03  0.42517E+02      298.00
  0.18262E-02  0.50682E+03   -0.17500E-02 -0.17500E-02  0.35000E-02  0.00000E+00  0.00000E+00  0.00000E+00   -0.13574E+03 -0.44495E+02  0.18024E+03  0.79213E+02 -0.22596E+03  0.42963E+02      298.00
  0.20929E-02  0.51426E+03   -0.20000E-02 -0.20000E-02  0.40000E-02  0.00000E+00  0.00000E+00  0.00000E+00   -0.13782E+03 -0.45660E+02  0.18348E+03  0.80253E+02 -0.22903E+03  0.43436E+02      298.00
  0.23605E-02  0.52159E+03   -0.22500E-02 -0.22500E-02  0.45000E-02  0.00000E+00  0.00000E+00  0.00000E+00   -0.13988E+03 -0.46737E+02  0.18662E+03  0.81290E+02 -0.23208E+03  0.43932E+02      298.00
  0.26289E-02  0.52881E+03   -0.25000E-02 -0.25000E-02  0.50000E-02  0.00000E+00  0.00000E+00  0.00000E+00   -0.14191E+03 -0.47735E+02  0.18965E+03  0.82322E+02 -0.23510E+03  0.44448E+02      298.00
  0.28978E-02  0.53593E+03   -0.27500E-02 -0.27500E-02  0.55000E-02  0.00000E+00  0.00000E+00  0.00000E+00   -0.14392E+03 -0.48663E+02  0.19258E+03  0.83348E+02 -0.23809E+03  0.44981E+02      298.00
  0.31673E-02  0.54295E+03   -0.30000E-02 -0.30000E-02  0.60000E-02  0.00000E+00  0.00000E+00  0.00000E+00   -0.14591E+03 -0.49528E+02  0.19543E+03  0.84368E+02 -0.24105E+03  0.45528E+02      298.00
  0.34373E-02  0.54986E+03   -0.32500E-02 -0.32500E-02  0.65000E-02  0.00000E+00  0.00000E+00  0.00000E+00   -0.14787E+03 -0.50336E+02  0.19821E+03  0.85381E+02 -0.24398E+03  0.46087E+02      298.00
  0.37077E-02  0.55668E+03   -0.35000E-02 -0.35000E-02  0.70000E-02  0.00000E+00  0.00000E+00  0.00000E+00   -0.14981E+03 -0.51094E+02  0.20091E+03  0.86386E+02 -0.24688E+03  0.46656E+02      298.00
  0.39783E-02  0.56340E+03   -0.37500E-02 -0.37500E-02  0.75000E-02  0.00000E+00  0.00000E+00  0.00000E+00   -0.15174E+03 -0.51807E+02  0.20354E+03  0.87382E+02 -0.24975E+03  0.47232E+02      298.00
  0.42493E-02  0.57004E+03   -0.40000E-02 -0.40000E-02  0.80000E-02  0.00000E+00  0.00000E+00  0.00000E+00   -0.15364E+03 -0.52479E+02  0.20612E+03  0.88370E+02 -0.25258E+03  0.47815E+02      298.00
  0.45205E-02  0.57658E+03   -0.42500E-02 -0.42500E-02  0.85000E-02  0.00000E+00  0.00000E+00  0.00000E+00   -0.15552E+03 -0.53115E+02  0.20863E+03  0.89348E+02 -0.25538E+03  0.48403E+02      298.00
  0.47919E-02  0.58303E+03   -0.45000E-02 -0.45000E-02  0.90000E-02  0.00000E+00  0.00000E+00  0.00000E+00   -0.15738E+03 -0.53718E+02  0.21110E+03  0.90316E+02 -0.25815E+03  0.48994E+02      298.00
  0.50634E-02  0.58940E+03   -0.47500E-02 -0.47500E-02  0.95000E-02  0.00000E+00  0.00000E+00  0.00000E+00   -0.15922E+03 -0.54292E+02  0.21351E+03  0.91275E+02 -0.26089E+03  0.49588E+02      298.00
  0.53351E-02  0.59569E+03   -0.50000E-02 -0.50000E-02  0.10000E-01  0.00000E+00  0.00000E+00  0.00000E+00   -0.16104E+03 -0.54841E+02  0.21588E+03  0.92224E+02 -0.26360E+03  0.50182E+02      298.00
  0.56069E-02  0.60189E+03   -0.52500E-02 -0.52500E-02  0.10500E-01  0.00000E+00  0.00000E+00  0.00000E+00   -0.16284E+03 -0.55367E+02  0.21821E+03  0.93163E+02 -0.26627E+03  0.50778E+02      298.00
  0.58788E-02  0.60801E+03   -0.55000E-02 -0.55000E-02  0.11000E-01  0.00000E+00  0.00000E+00  0.00000E+00   -0.16463E+03 -0.55870E+02  0.22050E+03  0.94090E+02 -0.26890E+03  0.51373E+02      298.00
  0.61508E-02  0.61404E+03   -0.57500E-02 -0.57500E-02  0.11500E-01  0.00000E+00  0.00000E+00  0.00000E+00   -0.16640E+03 -0.56354E+02  0.22275E+03  0.95006E+02 -0.27151E+03  0.51968E+02      298.00
  0.64229E-02  0.62000E+03   -0.60000E-02 -0.60000E-02  0.12000E-01  0.00000E+00  0.00000E+00  0.00000E+00   -0.16814E+03 -0.56822E+02  0.22496E+03  0.95911E+02 -0.27408E+03  0.52561E+02      298.00
  0.66950E-02  0.62588E+03   -0.62500E-02 -0.62500E-02  0.12500E-01  0.00000E+00  0.00000E+00  0.00000E+00   -0.16987E+03 -0.57274E+02  0.22715E+03  0.96805E+02 -0.27661E+03  0.53152E+02      298.00
  0.69672E-02  0.63169E+03   -0.65000E-02 -0.65000E-02  0.13000E-01  0.00000E+00  0.00000E+00  0.00000E+00   -0.17158E+03 -0.57712E+02  0.22930E+03  0.97688E+02 -0.27912E+03  0.53741E+02      298.00
  0.72395E-02  0.63742E+03   -0.67500E-02 -0.67500E-02  0.13500E-01  0.00000E+00  0.00000E+00  0.00000E+00   -0.17328E+03 -0.58138E+02  0.23142E+03  0.98560E+02 -0.28158E+03  0.54326E+02      298.00
  0.75117E-02  0.64308E+03   -0.70000E-02 -0.70000E-02  0.14000E-01  0.00000E+00  0.00000E+00  0.00000E+00   -0.17495E+03 -0.58552E+02  0.23351E+03  0.99421E+02 -0.28402E+03  0.54908E+02      298.00
  0.77841E-02  0.64866E+03   -0.72500E-02 -0.72500E-02  0.14500E-01  0.00000E+00  0.00000E+00  0.00000E+00   -0.17661E+03 -0.58956E+02  0.23557E+03  0.10027E+03 -0.28643E+03  0.55487E+02      298.00
  0.80564E-02  0.65417E+03   -0.75000E-02 -0.75000E-02  0.15000E-01  0.00000E+00  0.00000E+00  0.00000E+00   -0.17826E+03 -0.59351E+02  0.23761E+03  0.10111E+03 -0.28880E+03  0.56061E+02      298.00
  0.83289E-02  0.65962E+03   -0.77500E-02 -0.77500E-02  0.15500E-01  0.00000E+00  0.00000E+00  0.00000E+00   -0.17988E+03 -0.59738E+02  0.23962E+03  0.10194E+03 -0.29114E+03  0.56632E+02      298.00
  0.86013E-02  0.66499E+03   -0.80000E-02 -0.80000E-02  0.16000E-01  0.00000E+00  0.00000E+00  0.00000E+00   -0.18149E+03 -0.60117E+02  0.24161E+03  0.10275E+03 -0.29344E+03  0.57198E+02      298.00
  0.88738E-02  0.67029E+03   -0.82500E-02 -0.82500E-02  0.16500E-01  0.00000E+00  0.00000E+00  0.00000E+00   -0.18308E+03 -0.60489E+02  0.24357E+03  0.10356E+03 -0.29572E+03  0.57760E+02      298.00
  0.91463E-02  0.67553E+03   -0.85000E-02 -0.85000E-02  0.17000E-01  0.00000E+00  0.00000E+00  0.00000E+00   -0.18466E+03 -0.60855E+02  0.24552E+03  0.10435E+03 -0.29796E+03  0.58317E+02      298.00
  0.94189E-02  0.68070E+03   -0.87500E-02 -0.87500E-02  0.17500E-01  0.00000E+00  0.00000E+00  0.00000E+00   -0.18622E+03 -0.61215E+02  0.24744E+03  0.10514E+03 -0.30018E+03  0.58869E+02      298.00
  0.96916E-02  0.68581E+03   -0.90000E-02 -0.90000E-02  0.18000E-01  0.00000E+00  0.00000E+00  0.00000E+00   -0.18777E+03 -0.61569E+02  0.24934E+03  0.10591E+03 -0.30236E+03  0.59416E+02      298.00
  0.99642E-02  0.69085E+03   -0.92500E-02 -0.92500E-02  0.18500E-01  0.00000E+00  0.00000E+00  0.00000E+00   -0.18930E+03 -0.61919E+02  0.25122E+03  0.10667E+03 -0.30451E+03  0.59959E+02      298.00
  0.10237E-01  0.69583E+03   -0.95000E-02 -0.95000E-02  0.19000E-01  0.00000E+00  0.00000E+00  0.00000E+00   -0.19081E+03 -0.62265E+02  0.25308E+03  0.10742E+03 -0.30663E+03  0.60496E+02      298.00
  0.10510E-01  0.70047E+03   -0.97500E-02 -0.97500E-02  0.19500E-01  0.00000E+00  0.00000E+00  0.00000E+00   -0.19207E+03 -0.62674E+02  0.25474E+03  0.10816E+03 -0.30869E+03  0.60883E+02      298.00
  0.10782E-01  0.70532E+03   -0.10000E-01 -0.10000E-01  0.20000E-01  0.00000E+00  0.00000E+00  0.00000E+00   -0.19356E+03 -0.63004E+02  0.25656E+03  0.10890E+03 -0.31075E+03  0.61398E+02      298.00
  0.11055E-01  0.71011E+03   -0.10250E-01 -0.10250E-01  0.20500E-01  0.00000E+00  0.00000E+00  0.00000E+00   -0.19504E+03 -0.63323E+02  0.25837E+03  0.10962E+03 -0.31278E+03  0.61903E+02      298.00
  0.11328E-01  0.71485E+03   -0.10500E-01 -0.10500E-01  0.21000E-01  0.00000E+00  0.00000E+00  0.00000E+00   -0.19653E+03 -0.63625E+02  0.26016E+03  0.11035E+03 -0.31479E+03  0.62384E+02      298.00
  0.11601E-01  0.71973E+03   -0.10750E-01 -0.10750E-01  0.21500E-01  0.00000E+00  0.00000E+00  0.00000E+00   -0.19820E+03 -0.63892E+02  0.26210E+03  0.11102E+03 -0.31675E+03  0.63087E+02      298.00
  0.11874E-01  0.72436E+03   -0.11000E-01 -0.11000E-01  0.22000E-01  0.00000E+00  0.00000E+00  0.00000E+00   -0.19971E+03 -0.64135E+02  0.26385E+03  0.11174E+03 -0.31870E+03  0.63487E+02      298.00
  0.12147E-01  0.72870E+03   -0.11250E-01 -0.11250E-01  0.22500E-01  0.00000E+00  0.00000E+00  0.00000E+00   -0.20084E+03 -0.64583E+02  0.26542E+03  0.11242E+03 -0.32063E+03  0.63894E+02      298.00
  0.12421E-01  0.73327E+03   -0.11500E-01 -0.11500E-01  0.23000E-01  0.00000E+00  0.00000E+00  0.00000E+00   -0.20214E+03 -0.65016E+02  0.26715E+03  0.11306E+03 -0.32257E+03  0.64521E+02      298.00
  0.12694E-01  0.73764E+03   -0.11750E-01 -0.11750E-01  0.23500E-01  0.00000E+00  0.00000E+00  0.00000E+00   -0.20343E+03 -0.65415E+02  0.26884E+03  0.11366E+03 -0.32441E+03  0.65128E+02      298.00
  0.12967E-01  0.74204E+03   -0.12000E-01 -0.12000E-01  0.24000E-01  0.00000E+00  0.00000E+00  0.00000E+00   -0.20482E+03 -0.65721E+02  0.27054E+03  0.11431E+03 -0.32625E+03  0.65616E+02      298.00
  0.13241E-01  0.74637E+03   -0.12250E-01 -0.12250E-01  0.24500E-01  0.00000E+00  0.00000E+00  0.00000E+00   -0.20619E+03 -0.66027E+02  0.27221E+03  0.11496E+03 -0.32806E+03  0.66094E+02      298.00
  0.13514E-01  0.75065E+03   -0.12500E-01 -0.12500E-01  0.25000E-01  0.00000E+00  0.00000E+00  0.00000E+00   -0.20754E+03 -0.66332E+02  0.27387E+03  0.11559E+03 -0.32984E+03  0.66568E+02      298.00
          Evm          Svm            E11          E22          E33          E23          E13          E12         SDEV11       SDEV22       SDEV33       SDEV23       SDEV13       SDEV12      TEMP
  0.13514E-01  0.75056E+03   -0.12500E-01 -0.12500E-01  0.25000E-01  0.00000E+00  0.00000E+00  0.00000E+00   -0.20784E+03 -0.66109E+02  0.27395E+03  0.11558E+03 -0.32967E+03  0.66535E+02      298.00
  0.13788E-01  0.75487E+03   -0.12750E-01 -0.12750E-01  0.25500E-01  0.00000E+00  0.00000E+00  0.00000E+00   -0.20888E+03 -0.66635E+02  0.27551E+03  0.11621E+03 -0.33159E+03  0.67038E+02      298.00
  0.14062E-01  0.75903E+03   -0.13000E-01 -0.13000E-01  0.26000E-01  0.00000E+00  0.00000E+00  0.00000E+00   -0.21019E+03 -0.66943E+02  0.27714E+03  0.11682E+03 -0.33332E+03  0.67504E+02      298.00
  0.14336E-01  0.76315E+03   -0.13250E-01 -0.13250E-01  0.26500E-01  0.00000E+00  0.00000E+00  0.00000E+00   -0.21150E+03 -0.67246E+02  0.27875E+03  0.11743E+03 -0.33503E+03  0.67965E+02      298.00
  0.14609E-01  0.76721E+03   -0.13500E-01 -0.13500E-01  0.27000E-01  0.00000E+00  0.00000E+00  0.00000E+00   -0.21280E+03 -0.67546E+02  0.28035E+03  0.11802E+03 -0.33671E+03  0.68421E+02      298.00
  0.14884E-01  0.77122E+03   -0.13750E-01 -0.13750E-01  0.27500E-01  0.00000E+00  0.00000E+00  0.00000E+00   -0.21409E+03 -0.67845E+02  0.28193E+03  0.11861E+03 -0.33836E+03  0.68872E+02      298.00
  0.15158E-01  0.77518E+03   -0.14000E-01 -0.14000E-01  0.28000E-01  0.00000E+00  0.00000E+00  0.00000E+00   -0.21536E+03 -0.68144E+02  0.28350E+03  0.11918E+03 -0.33999E+03  0.69319E+02      298.00
  0.15432E-01  0.77909E+03   -0.14250E-01 -0.14250E-01  0.28500E-01  0.00000E+00  0.00000E+00  0.00000E+00   -0.21662E+03 -0.68440E+02  0.28506E+03  0.11975E+03 -0.34159E+03  0.69761E+02      298.00
  0.15706E-01  0.78295E+03   -0.14500E-01 -0.14500E-01  0.29000E-01  0.00000E+00  0.00000E+00  0.00000E+00   -0.21787E+03 -0.68735E+02  0.28660E+03  0.12031E+03 -0.34318E+03  0.70198E+02      298.00
  0.15981E-01  0.78676E+03   -0.14750E-01 -0.14750E-01  0.29500E-01  0.00000E+00  0.00000E+00  0.00000E+00   -0.21910E+03 -0.69030E+02  0.28813E+03  0.12086E+03 -0.34473E+03  0.70630E+02      298.00
  0.16256E-01  0.79053E+03   -0.15000E-01 -0.15000E-01  0.30000E-01  0.00000E+00  0.00000E+00  0.00000E+00   -0.22033E+03 -0.69322E+02  0.28965E+03  0.12140E+03 -0.34627E+03  0.71058E+02      298.00
  0.16530E-01  0.79425E+03   -0.15250E-01 -0.15250E-01  0.30500E-01  0.00000E+00  0.00000E+00  0.00000E+00   -0.22154E+03 -0.69614E+02  0.29115E+03  0.12193E+03 -0.34778E+03  0.71481E+02      298.00
  0.16805E-01  0.79792E+03   -0.15500E-01 -0.15500E-01  0.31000E-01  0.00000E+00  0.00000E+00  0.00000E+00   -0.22274E+03 -0.69904E+02  0.29264E+03  0.12246E+03 -0.34927E+03  0.71900E+02      298.00
  0.17080E-01  0.80154E+03   -0.15750E-01 -0.15750E-01  0.31500E-01  0.00000E+00  0.00000E+00  0.00000E+00   -0.22393E+03 -0.70193E+02  0.29412E+03  0.12298E+03 -0.35073E+03  0.72314E+02      298.00
  0.17356E-01  0.80512E+03   -0.16000E-01 -0.16000E-01  0.32000E-01  0.00000E+00  0.00000E+00  0.00000E+00   -0.22511E+03 -0.70481E+02  0.29559E+03  0.12349E+03 -0.35218E+03  0.72723E+02      298.00
  0.17631E-01  0.80865E+03   -0.16250E-01 -0.16250E-01  0.32500E-01  0.00000E+00  0.00000E+00  0.00000E+00   -0.22627E+03 -0.70767E+02  0.29704E+03  0.12399E+03 -0.35360E+03  0.73128E+02      298.00
  0.17906E-01  0.81214E+03   -0.16500E-01 -0.16500E-01  0.33000E-01  0.00000E+00  0.00000E+00  0.00000E+00   -0.22743E+03 -0.71053E+02  0.29848E+03  0.12448E+03 -0.35500E+03  0.73529E+02      298.00
  0.18182E-01  0.81559E+03   -0.16750E-01 -0.16750E-01  0.33500E-01  0.00000E+00  0.00000E+00  0.00000E+00   -0.22857E+03 -0.71337E+02  0.29991E+03  0.12497E+03 -0.35638E+03  0.73926E+02      298.00
  0.18458E-01  0.81899E+03   -0.17000E-01 -0.17000E-01  0.34000E-01  0.00000E+00  0.00000E+00  0.00000E+00   -0.22971E+03 -0.71620E+02  0.30133E+03  0.12545E+03 -0.35774E+03  0.74318E+02      298.00
  0.18734E-01  0.82235E+03   -0.17250E-01 -0.17250E-01  0.34500E-01  0.00000E+00  0.00000E+00  0.00000E+00   -0.23083E+03 -0.71902E+02  0.30273E+03  0.12592E+03 -0.35907E+03  0.74705E+02      298.00
  0.19010E-01  0.82567E+03   -0.17500E-01 -0.17500E-01  0.35000E-01  0.00000E+00  0.00000E+00  0.00000E+00   -0.23195E+03 -0.72182E+02  0.30413E+03  0.12638E+03 -0.36039E+03  0.75089E+02      298.00
  0.19286E-01  0.82894E+03   -0.17750E-01 -0.17750E-01  0.35500E-01  0.00000E+00  0.00000E+00  0.00000E+00   -0.23305E+03 -0.72462E+02  0.30551E+03  0.12684E+03 -0.36168E+03  0.75468E+02      298.00
  0.19563E-01  0.83218E+03   -0.18000E-01 -0.18000E-01  0.36000E-01  0.00000E+00  0.00000E+00  0.00000E+00   -0.23414E+03 -0.72741E+02  0.30688E+03  0.12729E+03 -0.36296E+03  0.75844E+02      298.00
  0.19839E-01  0.83537E+03   -0.18250E-01 -0.18250E-01  0.36500E-01  0.00000E+00  0.00000E+00  0.00000E+00   -0.23522E+03 -0.73018E+02  0.30824E+03  0.12773E+03 -0.36421E+03  0.76215E+02      298.00
  0.20116E-01  0.83852E+03   -0.18500E-01 -0.18500E-01  0.37000E-01  0.00000E+00  0.00000E+00  0.00000E+00   -0.23630E+03 -0.73295E+02  0.30959E+03  0.12816E+03 -0.36545E+03  0.76582E+02      298.00
  0.20393E-01  0.84214E+03   -0.18750E-01 -0.18750E-01  0.37500E-01  0.00000E+00  0.00000E+00  0.00000E+00   -0.23738E+03 -0.73661E+02  0.31104E+03  0.12868E+03 -0.36695E+03  0.76973E+02      298.00
  0.20670E-01  0.84521E+03   -0.19000E-01 -0.19000E-01  0.38000E-01  0.00000E+00  0.00000E+00  0.00000E+00   -0.23844E+03 -0.73932E+02  0.31237E+03  0.12910E+03 -0.36815E+03  0.77334E+02      298.00
  0.20947E-01  0.84824E+03   -0.19250E-01 -0.19250E-01  0.38500E-01  0.00000E+00  0.00000E+00  0.00000E+00   -0.23948E+03 -0.74203E+02  0.31369E+03  0.12951E+03 -0.36932E+03  0.77688E+02      298.00
  0.21224E-01  0.85123E+03   -0.19500E-01 -0.19500E-01  0.39000E-01  0.00000E+00  0.00000E+00  0.00000E+00   -0.24052E+03 -0.74473E+02  0.31499E+03  0.12992E+03 -0.37048E+03  0.78037E+02      298.00
  0.21502E-01  0.85419E+03   -0.19750E-01 -0.19750E-01  0.39500E-01  0.00000E+00  0.00000E+00  0.00000E+00   -0.24155E+03 -0.74742E+02  0.31629E+03  0.13032E+03 -0.37162E+03  0.78384E+02      298.00
  0.21780E-01  0.85710E+03   -0.20000E-01 -0.20000E-01  0.40000E-01  0.00000E+00  0.00000E+00  0.00000E+00   -0.24256E+03 -0.75010E+02  0.31757E+03  0.13071E+03 -0.37274E+03  0.78726E+02      298.00
  0.22058E-01  0.85998E+03   -0.20250E-01 -0.20250E-01  0.40500E-01  0.00000E+00  0.00000E+00  0.00000E+00   -0.24357E+03 -0.75278E+02  0.31885E+03  0.13110E+03 -0.37384E+03  0.79065E+02      298.00
  0.22336E-01  0.86283E+03   -0.20500E-01 -0.20500E-01  0.41000E-01  0.00000E+00  0.00000E+00  0.00000E+00   -0.24457E+03 -0.75545E+02  0.32012E+03  0.13148E+03 -0.37492E+03  0.79401E+02      298.00
  0.22614E-01  0.86564E+03   -0.20750E-01 -0.20750E-01  0.41500E-01  0.00000E+00  0.00000E+00  0.00000E+00   -0.24556E+03 -0.75811E+02  0.32137E+03  0.13186E+03 -0.37599E+03  0.79732E+02      298.00
  0.22892E-01  0.86855E+03   -0.21000E-01 -0.21000E-01  0.42000E-01  0.00000E+00  0.00000E+00  0.00000E+00   -0.24671E+03 -0.76071E+02  0.32279E+03  0.13217E+03 -0.37699E+03  0.80304E+02      298.00
  0.23171E-01  0.87117E+03   -0.21250E-01 -0.21250E-01  0.42500E-01  0.00000E+00  0.00000E+00  0.00000E+00   -0.24751E+03 -0.76352E+02  0.32386E+03  0.13259E+03 -0.37808E+03  0.80396E+02      298.00
  0.23450E-01  0.87400E+03   -0.21500E-01 -0.21500E-01  0.43000E-01  0.00000E+00  0.00000E+00  0.00000E+00   -0.24864E+03 -0.76608E+02  0.32525E+03  0.13289E+03 -0.37904E+03  0.80955E+02      298.00
  0.23729E-01  0.87654E+03   -0.21750E-01 -0.21750E-01  0.43500E-01  0.00000E+00  0.00000E+00  0.00000E+00   -0.24942E+03 -0.76883E+02  0.32631E+03  0.13329E+03 -0.38010E+03  0.81041E+02      298.00
  0.24008E-01  0.87931E+03   -0.22000E-01 -0.22000E-01  0.44000E-01  0.00000E+00  0.00000E+00  0.00000E+00   -0.25053E+03 -0.77141E+02  0.32768E+03  0.13358E+03 -0.38103E+03  0.81592E+02      298.00
  0.24288E-01  0.88178E+03   -0.22250E-01 -0.22250E-01  0.44500E-01  0.00000E+00  0.00000E+00  0.00000E+00   -0.25130E+03 -0.77410E+02  0.32871E+03  0.13397E+03 -0.38205E+03  0.81672E+02      298.00
  0.24567E-01  0.88449E+03   -0.22500E-01 -0.22500E-01  0.45000E-01  0.00000E+00  0.00000E+00  0.00000E+00   -0.25239E+03 -0.77670E+02  0.33007E+03  0.13425E+03 -0.38295E+03  0.82215E+02      298.00
  0.24847E-01  0.88689E+03   -0.22750E-01 -0.22750E-01  0.45500E-01  0.00000E+00  0.00000E+00  0.00000E+00   -0.25315E+03 -0.77934E+02  0.33109E+03  0.13463E+03 -0.38393E+03  0.82290E+02      298.00
  0.25127E-01  0.88954E+03   -0.23000E-01 -0.23000E-01  0.46000E-01  0.00000E+00  0.00000E+00  0.00000E+00   -0.25422E+03 -0.78196E+02  0.33242E+03  0.13490E+03 -0.38481E+03  0.82824E+02      298.00
  0.25407E-01  0.89187E+03   -0.23250E-01 -0.23250E-01  0.46500E-01  0.00000E+00  0.00000E+00  0.00000E+00   -0.25497E+03 -0.78454E+02  0.33343E+03  0.13526E+03 -0.38575E+03  0.82894E+02      298.00
  0.25688E-01  0.89446E+03   -0.23500E-01 -0.23500E-01  0.47000E-01  0.00000E+00  0.00000E+00  0.00000E+00   -0.25602E+03 -0.78717E+02  0.33474E+03  0.13552E+03 -0.38661E+03  0.83420E+02      298.00
  0.25968E-01  0.89689E+03   -0.23750E-01 -0.23750E-01  0.47500E-01  0.00000E+00  0.00000E+00  0.00000E+00   -0.25690E+03 -0.78992E+02  0.33589E+03  0.13583E+03 -0.38749E+03  0.83723E+02      298.00
  0.26249E-01  0.89928E+03   -0.24000E-01 -0.24000E-01  0.48000E-01  0.00000E+00  0.00000E+00  0.00000E+00   -0.25777E+03 -0.79254E+02  0.33703E+03  0.13613E+03 -0.38836E+03  0.84018E+02      298.00
  0.26530E-01  0.90146E+03   -0.24250E-01 -0.24250E-01  0.48500E-01  0.00000E+00  0.00000E+00  0.00000E+00   -0.25851E+03 -0.79488E+02  0.33800E+03  0.13647E+03 -0.38922E+03  0.84068E+02      298.00
  0.26812E-01  0.90395E+03   -0.24500E-01 -0.24500E-01  0.49000E-01  0.00000E+00  0.00000E+00  0.00000E+00   -0.25953E+03 -0.79755E+02  0.33928E+03  0.13671E+03 -0.39002E+03  0.84581E+02      298.00
  0.27093E-01  0.90626E+03   -0.24750E-01 -0.24750E-01  0.49500E-01  0.00000E+00  0.00000E+00  0.00000E+00   -0.26037E+03 -0.80025E+02  0.34040E+03  0.13699E+03 -0.39085E+03  0.84872E+02      298.00
  0.27375E-01  0.90853E+03   -0.25000E-01 -0.25000E-01  0.50000E-01  0.00000E+00  0.00000E+00  0.00000E+00   -0.26122E+03 -0.80283E+02  0.34150E+03  0.13727E+03 -0.39165E+03  0.85153E+02      298.00
          Evm          Svm            E11          E22          E33          E23          E13          E12         SDEV11       SDEV22       SDEV33       SDEV23       SDEV13       SDEV12      TEMP
  0.27375E-01  0.90797E+03   -0.25000E-01 -0.25000E-01  0.50000E-01  0.00000E+00  0.00000E+00  0.00000E+00   -0.26130E+03 -0.80026E+02  0.34132E+03  0.13728E+03 -0.39138E+03  0.84815E+02      298.00
  0.27657E-01  0.91076E+03   -0.25250E-01 -0.25250E-01  0.50500E-01  0.00000E+00  0.00000E+00  0.00000E+00   -0.26209E+03 -0.80511E+02  0.34261E+03  0.13755E+03 -0.39243E+03  0.85406E+02      298.00
  0.27939E-01  0.91298E+03   -0.25500E-01 -0.25500E-01  0.51000E-01  0.00000E+00  0.00000E+00  0.00000E+00   -0.26291E+03 -0.80789E+02  0.34370E+03  0.13782E+03 -0.39322E+03  0.85698E+02      298.00
  0.28221E-01  0.91517E+03   -0.25750E-01 -0.25750E-01  0.51500E-01  0.00000E+00  0.00000E+00  0.00000E+00   -0.26374E+03 -0.81044E+02  0.34478E+03  0.13808E+03 -0.39398E+03  0.85970E+02      298.00
  0.28504E-01  0.91732E+03   -0.26000E-01 -0.26000E-01  0.52000E-01  0.00000E+00  0.00000E+00  0.00000E+00   -0.26456E+03 -0.81297E+02  0.34586E+03  0.13834E+03 -0.39473E+03  0.86238E+02      298.00
  0.28787E-01  0.91945E+03   -0.26250E-01 -0.26250E-01  0.52500E-01  0.00000E+00  0.00000E+00  0.00000E+00   -0.26538E+03 -0.81548E+02  0.34692E+03  0.13859E+03 -0.39546E+03  0.86501E+02      298.00
  0.29070E-01  0.92156E+03   -0.26500E-01 -0.26500E-01  0.53000E-01  0.00000E+00  0.00000E+00  0.00000E+00   -0.26619E+03 -0.81797E+02  0.34799E+03  0.13884E+03 -0.39619E+03  0.86761E+02      298.00
  0.29353E-01  0.92363E+03   -0.26750E-01 -0.26750E-01  0.53500E-01  0.00000E+00  0.00000E+00  0.00000E+00   -0.26700E+03 -0.82045E+02  0.34904E+03  0.13909E+03 -0.39689E+03  0.87018E+02      298.00
  0.29636E-01  0.92569E+03   -0.27000E-01 -0.27000E-01  0.54000E-01  0.00000E+00  0.00000E+00  0.00000E+00   -0.26780E+03 -0.82292E+02  0.35009E+03  0.13933E+03 -0.39759E+03  0.87271E+02      298.00
  0.29920E-01  0.92771E+03   -0.27250E-01 -0.27250E-01  0.54500E-01  0.00000E+00  0.00000E+00  0.00000E+00   -0.26859E+03 -0.82537E+02  0.35113E+03  0.13957E+03 -0.39827E+03  0.87521E+02      298.00
  0.30204E-01  0.92971E+03   -0.27500E-01 -0.27500E-01  0.55000E-01  0.00000E+00  0.00000E+00  0.00000E+00   -0.26938E+03 -0.82780E+02  0.35216E+03  0.13980E+03 -0.39894E+03  0.87767E+02      298.00
  0.30488E-01  0.93169E+03   -0.27750E-01 -0.27750E-01  0.55500E-01  0.00000E+00  0.00000E+00  0.00000E+00   -0.27017E+03 -0.83022E+02  0.35319E+03  0.14003E+03 -0.39960E+03  0.88010E+02      298.00
  0.30772E-01  0.93364E+03   -0.28000E-01 -0.28000E-01  0.56000E-01  0.00000E+00  0.00000E+00  0.00000E+00   -0.27095E+03 -0.83262E+02  0.35421E+03  0.14025E+03 -0.40025E+03  0.88249E+02      298.00
  0.31057E-01  0.93557E+03   -0.28250E-01 -0.28250E-01  0.56500E-01  0.00000E+00  0.00000E+00  0.00000E+00   -0.27172E+03 -0.83501E+02  0.35522E+03  0.14047E+03 -0.40088E+03  0.88485E+02      298.00
  0.31341E-01  0.93747E+03   -0.28500E-01 -0.28500E-01  0.57000E-01  0.00000E+00  0.00000E+00  0.00000E+00   -0.27249E+03 -0.83739E+02  0.35623E+03  0.14069E+03 -0.40150E+03  0.88718E+02      298.00
  0.31626E-01  0.93935E+03   -0.28750E-01 -0.28750E-01  0.57500E-01  0.00000E+00  0.00000E+00  0.00000E+00   -0.27326E+03 -0.83975E+02  0.35723E+03  0.14090E+03 -0.40211E+03  0.88948E+02      298.00
  0.31912E-01  0.94049E+03   -0.29000E-01 -0.29000E-01  0.58000E-01  0.00000E+00  0.00000E+00  0.00000E+00   -0.27384E+03 -0.84224E+02  0.35807E+03  0.14092E+03 -0.40231E+03  0.89319E+02      298.00
  0.32197E-01  0.94233E+03   -0.29250E-01 -0.29250E-01  0.58500E-01  0.00000E+00  0.00000E+00  0.00000E+00   -0.27461E+03 -0.84452E+02  0.35906E+03  0.14113E+03 -0.40290E+03  0.89541E+02      298.00
  0.32483E-01  0.94415E+03   -0.29500E-01 -0.29500E-01  0.59000E-01  0.00000E+00  0.00000E+00  0.00000E+00   -0.27537E+03 -0.84671E+02  0.36004E+03  0.14133E+03 -0.40348E+03  0.89744E+02      298.00
  0.32769E-01  0.94595E+03   -0.29750E-01 -0.29750E-01  0.59500E-01  0.00000E+00  0.00000E+00  0.00000E+00   -0.27613E+03 -0.84889E+02  0.36102E+03  0.14154E+03 -0.40405E+03  0.89942E+02      298.00
  0.33055E-01  0.94772E+03   -0.30000E-01 -0.30000E-01  0.60000E-01  0.00000E+00  0.00000E+00  0.00000E+00   -0.27688E+03 -0.85107E+02  0.36199E+03  0.14174E+03 -0.40460E+03  0.90139E+02      298.00
  0.33342E-01  0.94946E+03   -0.30250E-01 -0.30250E-01  0.60500E-01  0.00000E+00  0.00000E+00  0.00000E+00   -0.27762E+03 -0.85325E+02  0.36295E+03  0.14193E+03 -0.40515E+03  0.90334E+02      298.00
  0.33628E-01  0.95117E+03   -0.30500E-01 -0.30500E-01  0.61000E-01  0.00000E+00  0.00000E+00  0.00000E+00   -0.27836E+03 -0.85541E+02  0.36390E+03  0.14212E+03 -0.40567E+03  0.90527E+02      298.00
  0.33915E-01  0.95286E+03   -0.30750E-01 -0.30750E-01  0.61500E-01  0.00000E+00  0.00000E+00  0.00000E+00   -0.27910E+03 -0.85750E+02  0.36485E+03  0.14231E+03 -0.40619E+03  0.90709E+02      298.00
  0.34202E-01  0.95452E+03   -0.31000E-01 -0.31000E-01  0.62000E-01  0.00000E+00  0.00000E+00  0.00000E+00   -0.27984E+03 -0.85949E+02  0.36579E+03  0.14249E+03 -0.40668E+03  0.90878E+02      298.00
  0.34490E-01  0.95570E+03   -0.31250E-01 -0.31250E-01  0.62500E-01  0.00000E+00  0.00000E+00  0.00000E+00   -0.28025E+03 -0.86229E+02  0.36648E+03  0.14264E+03 -0.40706E+03  0.90930E+02      298.00
  0.34777E-01  0.95745E+03   -0.31500E-01 -0.31500E-01  0.63000E-01  0.00000E+00  0.00000E+00  0.00000E+00   -0.28081E+03 -0.86630E+02  0.36744E+03  0.14276E+03 -0.40763E+03  0.91318E+02      298.00
  0.35065E-01  0.95953E+03   -0.31750E-01 -0.31750E-01  0.63500E-01  0.00000E+00  0.00000E+00  0.00000E+00   -0.28188E+03 -0.86729E+02  0.36860E+03  0.14300E+03 -0.40822E+03  0.91573E+02      298.00
  0.35353E-01  0.96109E+03   -0.32000E-01 -0.32000E-01  0.64000E-01  0.00000E+00  0.00000E+00  0.00000E+00   -0.28259E+03 -0.86925E+02  0.36952E+03  0.14316E+03 -0.40866E+03  0.91748E+02      298.00
  0.35642E-01  0.96217E+03   -0.32250E-01 -0.32250E-01  0.64500E-01  0.00000E+00  0.00000E+00  0.00000E+00   -0.28294E+03 -0.87248E+02  0.37019E+03  0.14326E+03 -0.40899E+03  0.91853E+02      298.00
  0.35930E-01  0.96428E+03   -0.32500E-01 -0.32500E-01  0.65000E-01  0.00000E+00  0.00000E+00  0.00000E+00   -0.28394E+03 -0.87414E+02  0.37136E+03  0.14348E+03 -0.40961E+03  0.92161E+02      298.00
  0.36219E-01  0.96529E+03   -0.32750E-01 -0.32750E-01  0.65500E-01  0.00000E+00  0.00000E+00  0.00000E+00   -0.28425E+03 -0.87762E+02  0.37201E+03  0.14355E+03 -0.40990E+03  0.92311E+02      298.00
  0.36508E-01  0.96736E+03   -0.33000E-01 -0.33000E-01  0.66000E-01  0.00000E+00  0.00000E+00  0.00000E+00   -0.28527E+03 -0.87897E+02  0.37317E+03  0.14377E+03 -0.41050E+03  0.92578E+02      298.00
  0.36797E-01  0.96833E+03   -0.33250E-01 -0.33250E-01  0.66500E-01  0.00000E+00  0.00000E+00  0.00000E+00   -0.28555E+03 -0.88266E+02  0.37381E+03  0.14382E+03 -0.41077E+03  0.92754E+02      298.00
  0.37087E-01  0.97037E+03   -0.33500E-01 -0.33500E-01  0.67000E-01  0.00000E+00  0.00000E+00  0.00000E+00   -0.28658E+03 -0.88375E+02  0.37496E+03  0.14405E+03 -0.41135E+03  0.92985E+02      298.00
  0.37377E-01  0.97179E+03   -0.33750E-01 -0.33750E-01  0.67500E-01  0.00000E+00  0.00000E+00  0.00000E+00   -0.28726E+03 -0.88573E+02  0.37584E+03  0.14419E+03 -0.41172E+03  0.93153E+02      298.00
  0.37667E-01  0.97276E+03   -0.34000E-01 -0.34000E-01  0.68000E-01  0.00000E+00  0.00000E+00  0.00000E+00   -0.28758E+03 -0.88899E+02  0.37648E+03  0.14426E+03 -0.41199E+03  0.93266E+02      298.00
  0.37957E-01  0.97429E+03   -0.34250E-01 -0.34250E-01  0.68500E-01  0.00000E+00  0.00000E+00  0.00000E+00   -0.28812E+03 -0.89258E+02  0.37738E+03  0.14436E+03 -0.41245E+03  0.93596E+02      298.00
  0.38248E-01  0.97615E+03   -0.34500E-01 -0.34500E-01  0.69000E-01  0.00000E+00  0.00000E+00  0.00000E+00   -0.28916E+03 -0.89317E+02  0.37848E+03  0.14458E+03 -0.41293E+03  0.93768E+02      298.00
  0.38538E-01  0.97751E+03   -0.34750E-01 -0.34750E-01  0.69500E-01  0.00000E+00  0.00000E+00  0.00000E+00   -0.28982E+03 -0.89515E+02  0.37934E+03  0.14470E+03 -0.41327E+03  0.93930E+02      298.00
  0.38830E-01  0.97841E+03   -0.35000E-01 -0.35000E-01  0.70000E-01  0.00000E+00  0.00000E+00  0.00000E+00   -0.29009E+03 -0.89869E+02  0.37996E+03  0.14475E+03 -0.41351E+03  0.94077E+02      298.00
  0.39121E-01  0.97961E+03   -0.35250E-01 -0.35250E-01  0.70500E-01  0.00000E+00  0.00000E+00  0.00000E+00   -0.29083E+03 -0.90008E+02  0.38084E+03  0.14481E+03 -0.41370E+03  0.94310E+02      298.00
  0.39412E-01  0.98114E+03   -0.35500E-01 -0.35500E-01  0.71000E-01  0.00000E+00  0.00000E+00  0.00000E+00   -0.29128E+03 -0.90391E+02  0.38167E+03  0.14496E+03 -0.41423E+03  0.94508E+02      298.00
  0.39704E-01  0.98232E+03   -0.35750E-01 -0.35750E-01  0.71500E-01  0.00000E+00  0.00000E+00  0.00000E+00   -0.29206E+03 -0.90493E+02  0.38255E+03  0.14503E+03 -0.41441E+03  0.94702E+02      298.00
  0.39996E-01  0.98428E+03   -0.36000E-01 -0.36000E-01  0.72000E-01  0.00000E+00  0.00000E+00  0.00000E+00   -0.29293E+03 -0.90675E+02  0.38361E+03  0.14527E+03 -0.41502E+03  0.94860E+02      298.00
  0.40288E-01  0.98510E+03   -0.36250E-01 -0.36250E-01  0.72500E-01  0.00000E+00  0.00000E+00  0.00000E+00   -0.29317E+03 -0.91036E+02  0.38421E+03  0.14530E+03 -0.41522E+03  0.95013E+02      298.00
  0.40581E-01  0.98648E+03   -0.36500E-01 -0.36500E-01  0.73000E-01  0.00000E+00  0.00000E+00  0.00000E+00   -0.29371E+03 -0.91363E+02  0.38507E+03  0.14538E+03 -0.41560E+03  0.95298E+02      298.00
  0.40874E-01  0.98752E+03   -0.36750E-01 -0.36750E-01  0.73500E-01  0.00000E+00  0.00000E+00  0.00000E+00   -0.29448E+03 -0.91424E+02  0.38591E+03  0.14545E+03 -0.41570E+03  0.95432E+02      298.00
  0.41167E-01  0.98940E+03   -0.37000E-01 -0.37000E-01  0.74000E-01  0.00000E+00  0.00000E+00  0.00000E+00   -0.29535E+03 -0.91598E+02  0.38694E+03  0.14568E+03 -0.41627E+03  0.95577E+02      298.00
  0.41460E-01  0.99016E+03   -0.37250E-01 -0.37250E-01  0.74500E-01  0.00000E+00  0.00000E+00  0.00000E+00   -0.29555E+03 -0.91982E+02  0.38753E+03  0.14568E+03 -0.41644E+03  0.95757E+02      298.00
  0.41754E-01  0.99128E+03   -0.37500E-01 -0.37500E-01  0.75000E-01  0.00000E+00  0.00000E+00  0.00000E+00   -0.29629E+03 -0.92090E+02  0.38838E+03  0.14575E+03 -0.41659E+03  0.95927E+02      298.00
          Evm          Svm            E11          E22          E33          E23          E13          E12         SDEV11       SDEV22       SDEV33       SDEV23       SDEV13       SDEV12      TEMP
  0.41754E-01  0.99193E+03   -0.37500E-01 -0.37500E-01  0.75000E-01  0.00000E+00  0.00000E+00  0.00000E+00   -0.29655E+03 -0.91998E+02  0.38854E+03  0.14595E+03 -0.41693E+03  0.95728E+02      298.00
  0.42047E-01  0.99263E+03   -0.37750E-01 -0.37750E-01  0.75500E-01  0.00000E+00  0.00000E+00  0.00000E+00   -0.29671E+03 -0.92468E+02  0.38917E+03  0.14585E+03 -0.41702E+03  0.96138E+02      298.00
  0.42342E-01  0.99371E+03   -0.38000E-01 -0.38000E-01  0.76000E-01  0.00000E+00  0.00000E+00  0.00000E+00   -0.29745E+03 -0.92566E+02  0.39001E+03  0.14591E+03 -0.41715E+03  0.96291E+02      298.00
  0.42636E-01  0.99478E+03   -0.38250E-01 -0.38250E-01  0.76500E-01  0.00000E+00  0.00000E+00  0.00000E+00   -0.29803E+03 -0.92761E+02  0.39079E+03  0.14598E+03 -0.41735E+03  0.96438E+02      298.00
  0.42931E-01  0.99616E+03   -0.38500E-01 -0.38500E-01  0.77000E-01  0.00000E+00  0.00000E+00  0.00000E+00   -0.29842E+03 -0.93163E+02  0.39158E+03  0.14609E+03 -0.41780E+03  0.96655E+02      298.00
  0.43225E-01  0.99724E+03   -0.38750E-01 -0.38750E-01  0.77500E-01  0.00000E+00  0.00000E+00  0.00000E+00   -0.29918E+03 -0.93240E+02  0.39242E+03  0.14616E+03 -0.41792E+03  0.96784E+02      298.00
  0.43520E-01  0.99826E+03   -0.39000E-01 -0.39000E-01  0.78000E-01  0.00000E+00  0.00000E+00  0.00000E+00   -0.29976E+03 -0.93433E+02  0.39319E+03  0.14622E+03 -0.41810E+03  0.96926E+02      298.00
  0.43816E-01  0.99959E+03   -0.39250E-01 -0.39250E-01  0.78500E-01  0.00000E+00  0.00000E+00  0.00000E+00   -0.30015E+03 -0.93825E+02  0.39397E+03  0.14632E+03 -0.41853E+03  0.97134E+02      298.00
  0.44111E-01  0.10006E+04   -0.39500E-01 -0.39500E-01  0.79000E-01  0.00000E+00  0.00000E+00  0.00000E+00   -0.30089E+03 -0.93909E+02  0.39480E+03  0.14639E+03 -0.41863E+03  0.97262E+02      298.00
  0.44407E-01  0.10018E+04   -0.39750E-01 -0.39750E-01  0.79500E-01  0.00000E+00  0.00000E+00  0.00000E+00   -0.30125E+03 -0.94292E+02  0.39555E+03  0.14645E+03 -0.41898E+03  0.97480E+02      298.00
  0.44703E-01  0.10028E+04   -0.40000E-01 -0.40000E-01  0.80000E-01  0.00000E+00  0.00000E+00  0.00000E+00   -0.30200E+03 -0.94364E+02  0.39637E+03  0.14652E+03 -0.41908E+03  0.97589E+02      298.00
  0.45000E-01  0.10040E+04   -0.40250E-01 -0.40250E-01  0.80500E-01  0.00000E+00  0.00000E+00  0.00000E+00   -0.30235E+03 -0.94751E+02  0.39710E+03  0.14657E+03 -0.41940E+03  0.97812E+02      298.00
  0.45297E-01  0.10050E+04   -0.40500E-01 -0.40500E-01  0.81000E-01  0.00000E+00  0.00000E+00  0.00000E+00   -0.30311E+03 -0.94816E+02  0.39792E+03  0.14665E+03 -0.41949E+03  0.97908E+02      298.00
  0.45594E-01  0.10061E+04   -0.40750E-01 -0.40750E-01  0.81500E-01  0.00000E+00  0.00000E+00  0.00000E+00   -0.30344E+03 -0.95206E+02  0.39865E+03  0.14669E+03 -0.41980E+03  0.98136E+02      298.00
  0.45891E-01  0.10071E+04   -0.41000E-01 -0.41000E-01  0.82000E-01  0.00000E+00  0.00000E+00  0.00000E+00   -0.30419E+03 -0.95265E+02  0.39946E+03  0.14676E+03 -0.41988E+03  0.98220E+02      298.00
  0.46188E-01  0.10082E+04   -0.41250E-01 -0.41250E-01  0.82500E-01  0.00000E+00  0.00000E+00  0.00000E+00   -0.30452E+03 -0.95656E+02  0.40018E+03  0.14680E+03 -0.42017E+03  0.98453E+02      298.00
  0.46486E-01  0.10091E+04   -0.41500E-01 -0.41500E-01  0.83000E-01  0.00000E+00  0.00000E+00  0.00000E+00   -0.30527E+03 -0.95711E+02  0.40098E+03  0.14687E+03 -0.42024E+03  0.98527E+02      298.00
  0.46784E-01  0.10102E+04   -0.41750E-01 -0.41750E-01  0.83500E-01  0.00000E+00  0.00000E+00  0.00000E+00   -0.30559E+03 -0.96104E+02  0.40169E+03  0.14689E+03 -0.42052E+03  0.98762E+02      298.00
  0.47082E-01  0.10111E+04   -0.42000E-01 -0.42000E-01  0.84000E-01  0.00000E+00  0.00000E+00  0.00000E+00   -0.30634E+03 -0.96156E+02  0.40249E+03  0.14696E+03 -0.42058E+03  0.98829E+02      298.00
  0.47381E-01  0.10121E+04   -0.42250E-01 -0.42250E-01  0.84500E-01  0.00000E+00  0.00000E+00  0.00000E+00   -0.30665E+03 -0.96548E+02  0.40320E+03  0.14698E+03 -0.42084E+03  0.99065E+02      298.00
  0.47679E-01  0.10131E+04   -0.42500E-01 -0.42500E-01  0.85000E-01  0.00000E+00  0.00000E+00  0.00000E+00   -0.30739E+03 -0.96598E+02  0.40399E+03  0.14705E+03 -0.42089E+03  0.99125E+02      298.00
  0.47979E-01  0.10141E+04   -0.42750E-01 -0.42750E-01  0.85500E-01  0.00000E+00  0.00000E+00  0.00000E+00   -0.30770E+03 -0.96990E+02  0.40469E+03  0.14706E+03 -0.42113E+03  0.99361E+02      298.00
  0.48278E-01  0.10150E+04   -0.43000E-01 -0.43000E-01  0.86000E-01  0.00000E+00  0.00000E+00  0.00000E+00   -0.30844E+03 -0.97039E+02  0.40548E+03  0.14713E+03 -0.42118E+03  0.99416E+02      298.00
  0.48577E-01  0.10160E+04   -0.43250E-01 -0.43250E-01  0.86500E-01  0.00000E+00  0.00000E+00  0.00000E+00   -0.30873E+03 -0.97430E+02  0.40616E+03  0.14714E+03 -0.42141E+03  0.99653E+02      298.00
  0.48877E-01  0.10169E+04   -0.43500E-01 -0.43500E-01  0.87000E-01  0.00000E+00  0.00000E+00  0.00000E+00   -0.30947E+03 -0.97478E+02  0.40695E+03  0.14720E+03 -0.42144E+03  0.99703E+02      298.00
  0.49177E-01  0.10178E+04   -0.43750E-01 -0.43750E-01  0.87500E-01  0.00000E+00  0.00000E+00  0.00000E+00   -0.30976E+03 -0.97867E+02  0.40763E+03  0.14720E+03 -0.42166E+03  0.99939E+02      298.00
  0.49478E-01  0.10184E+04   -0.44000E-01 -0.44000E-01  0.88000E-01  0.00000E+00  0.00000E+00  0.00000E+00   -0.31029E+03 -0.98002E+02  0.40830E+03  0.14720E+03 -0.42162E+03  0.10002E+03      298.00
  0.49779E-01  0.10195E+04   -0.44250E-01 -0.44250E-01  0.88500E-01  0.00000E+00  0.00000E+00  0.00000E+00   -0.31100E+03 -0.98123E+02  0.40912E+03  0.14729E+03 -0.42177E+03  0.10012E+03      298.00
  0.50079E-01  0.10205E+04   -0.44500E-01 -0.44500E-01  0.89000E-01  0.00000E+00  0.00000E+00  0.00000E+00   -0.31128E+03 -0.98518E+02  0.40980E+03  0.14729E+03 -0.42199E+03  0.10035E+03      298.00
  0.50381E-01  0.10211E+04   -0.44750E-01 -0.44750E-01  0.89500E-01  0.00000E+00  0.00000E+00  0.00000E+00   -0.31181E+03 -0.98653E+02  0.41047E+03  0.14728E+03 -0.42195E+03  0.10044E+03      298.00
  0.50682E-01  0.10219E+04   -0.45000E-01 -0.45000E-01  0.90000E-01  0.00000E+00  0.00000E+00  0.00000E+00   -0.31230E+03 -0.98859E+02  0.41116E+03  0.14730E+03 -0.42201E+03  0.10056E+03      298.00
  0.50984E-01  0.10231E+04   -0.45250E-01 -0.45250E-01  0.90500E-01  0.00000E+00  0.00000E+00  0.00000E+00   -0.31276E+03 -0.99194E+02  0.41196E+03  0.14735E+03 -0.42229E+03  0.10080E+03      298.00
  0.51286E-01  0.10237E+04   -0.45500E-01 -0.45500E-01  0.91000E-01  0.00000E+00  0.00000E+00  0.00000E+00   -0.31330E+03 -0.99313E+02  0.41261E+03  0.14734E+03 -0.42223E+03  0.10086E+03      298.00
  0.51588E-01  0.10244E+04   -0.45750E-01 -0.45750E-01  0.91500E-01  0.00000E+00  0.00000E+00  0.00000E+00   -0.31378E+03 -0.99516E+02  0.41330E+03  0.14735E+03 -0.42228E+03  0.10097E+03      298.00
  0.51891E-01  0.10253E+04   -0.46000E-01 -0.46000E-01  0.92000E-01  0.00000E+00  0.00000E+00  0.00000E+00   -0.31427E+03 -0.99731E+02  0.41400E+03  0.14737E+03 -0.42236E+03  0.10110E+03      298.00
  0.52194E-01  0.10264E+04   -0.46250E-01 -0.46250E-01  0.92500E-01  0.00000E+00  0.00000E+00  0.00000E+00   -0.31472E+03 -0.10006E+03  0.41479E+03  0.14740E+03 -0.42260E+03  0.10134E+03      298.00
  0.52497E-01  0.10269E+04   -0.46500E-01 -0.46500E-01  0.93000E-01  0.00000E+00  0.00000E+00  0.00000E+00   -0.31525E+03 -0.10018E+03  0.41543E+03  0.14740E+03 -0.42253E+03  0.10139E+03      298.00
  0.52800E-01  0.10277E+04   -0.46750E-01 -0.46750E-01  0.93500E-01  0.00000E+00  0.00000E+00  0.00000E+00   -0.31572E+03 -0.10038E+03  0.41611E+03  0.14740E+03 -0.42256E+03  0.10150E+03      298.00
  0.53104E-01  0.10287E+04   -0.47000E-01 -0.47000E-01  0.94000E-01  0.00000E+00  0.00000E+00  0.00000E+00   -0.31617E+03 -0.10071E+03  0.41688E+03  0.14743E+03 -0.42278E+03  0.10173E+03      298.00
  0.53408E-01  0.10293E+04   -0.47250E-01 -0.47250E-01  0.94500E-01  0.00000E+00  0.00000E+00  0.00000E+00   -0.31669E+03 -0.10083E+03  0.41752E+03  0.14742E+03 -0.42270E+03  0.10178E+03      298.00
  0.53712E-01  0.10300E+04   -0.47500E-01 -0.47500E-01  0.95000E-01  0.00000E+00  0.00000E+00  0.00000E+00   -0.31716E+03 -0.10103E+03  0.41819E+03  0.14742E+03 -0.42272E+03  0.10189E+03      298.00
  0.54016E-01  0.10310E+04   -0.47750E-01 -0.47750E-01  0.95500E-01  0.00000E+00  0.00000E+00  0.00000E+00   -0.31759E+03 -0.10135E+03  0.41895E+03  0.14744E+03 -0.42291E+03  0.10212E+03      298.00
  0.54321E-01  0.10316E+04   -0.48000E-01 -0.48000E-01  0.96000E-01  0.00000E+00  0.00000E+00  0.00000E+00   -0.31811E+03 -0.10147E+03  0.41958E+03  0.14743E+03 -0.42283E+03  0.10216E+03      298.00
  0.54626E-01  0.10325E+04   -0.48250E-01 -0.48250E-01  0.96500E-01  0.00000E+00  0.00000E+00  0.00000E+00   -0.31853E+03 -0.10178E+03  0.42031E+03  0.14744E+03 -0.42298E+03  0.10237E+03      298.00
  0.54932E-01  0.10331E+04   -0.48500E-01 -0.48500E-01  0.97000E-01  0.00000E+00  0.00000E+00  0.00000E+00   -0.31905E+03 -0.10190E+03  0.42095E+03  0.14743E+03 -0.42290E+03  0.10241E+03      298.00
  0.55237E-01  0.10340E+04   -0.48750E-01 -0.48750E-01  0.97500E-01  0.00000E+00  0.00000E+00  0.00000E+00   -0.31946E+03 -0.10221E+03  0.42167E+03  0.14743E+03 -0.42303E+03  0.10262E+03      298.00
  0.55543E-01  0.10345E+04   -0.49000E-01 -0.49000E-01  0.98000E-01  0.00000E+00  0.00000E+00  0.00000E+00   -0.31997E+03 -0.10233E+03  0.42230E+03  0.14742E+03 -0.42294E+03  0.10266E+03      298.00
  0.55849E-01  0.10354E+04   -0.49250E-01 -0.49250E-01  0.98500E-01  0.00000E+00  0.00000E+00  0.00000E+00   -0.32038E+03 -0.10264E+03  0.42302E+03  0.14741E+03 -0.42306E+03  0.10287E+03      298.00
  0.56156E-01  0.10359E+04   -0.49500E-01 -0.49500E-01  0.99000E-01  0.00000E+00  0.00000E+00  0.00000E+00   -0.32089E+03 -0.10275E+03  0.42365E+03  0.14741E+03 -0.42297E+03  0.10290E+03      298.00
  0.56462E-01  0.10368E+04   -0.49750E-01 -0.49750E-01  0.99500E-01  0.00000E+00  0.00000E+00  0.00000E+00   -0.32130E+03 -0.10306E+03  0.42436E+03  0.14739E+03 -0.42308E+03  0.10311E+03      298.00
  0.56769E-01  0.10373E+04   -0.50000E-01 -0.50000E-01  0.10000E+00  0.00000E+00  0.00000E+00  0.00000E+00   -0.32181E+03 -0.10318E+03  0.42498E+03  0.14738E+03 -0.42298E+03  0.10314E+03      298.00
          Evm          Svm            E11          E22          E33          E23          E13          E12         SDEV11       SDEV22       SDEV33       SDEV23       SDEV13       SDEV12      TEMP
  0.56769E-01  0.10377E+04   -0.50000E-01 -0.50000E-01  0.10000E+00  0.00000E+00  0.00000E+00  0.00000E+00   -0.32221E+03 -0.10293E+03  0.42515E+03  0.14755E+03 -0.42309E+03  0.10291E+03      298.00
  0.57077E-01  0.10382E+04   -0.50250E-01 -0.50250E-01  0.10050E+00  0.00000E+00  0.00000E+00  0.00000E+00   -0.32227E+03 -0.10343E+03  0.42569E+03  0.14739E+03 -0.42307E+03  0.10329E+03      298.00
  0.57384E-01  0.10389E+04   -0.50500E-01 -0.50500E-01  0.10100E+00  0.00000E+00  0.00000E+00  0.00000E+00   -0.32267E+03 -0.10370E+03  0.42636E+03  0.14735E+03 -0.42308E+03  0.10348E+03      298.00
  0.57692E-01  0.10395E+04   -0.50750E-01 -0.50750E-01  0.10150E+00  0.00000E+00  0.00000E+00  0.00000E+00   -0.32310E+03 -0.10392E+03  0.42702E+03  0.14733E+03 -0.42307E+03  0.10361E+03      298.00
  0.58000E-01  0.10402E+04   -0.51000E-01 -0.51000E-01  0.10200E+00  0.00000E+00  0.00000E+00  0.00000E+00   -0.32355E+03 -0.10413E+03  0.42768E+03  0.14731E+03 -0.42306E+03  0.10373E+03      298.00
  0.58308E-01  0.10408E+04   -0.51250E-01 -0.51250E-01  0.10250E+00  0.00000E+00  0.00000E+00  0.00000E+00   -0.32399E+03 -0.10434E+03  0.42833E+03  0.14729E+03 -0.42304E+03  0.10384E+03      298.00
  0.58617E-01  0.10415E+04   -0.51500E-01 -0.51500E-01  0.10300E+00  0.00000E+00  0.00000E+00  0.00000E+00   -0.32443E+03 -0.10455E+03  0.42899E+03  0.14727E+03 -0.42301E+03  0.10396E+03      298.00
  0.58926E-01  0.10421E+04   -0.51750E-01 -0.51750E-01  0.10350E+00  0.00000E+00  0.00000E+00  0.00000E+00   -0.32488E+03 -0.10476E+03  0.42964E+03  0.14725E+03 -0.42299E+03  0.10407E+03      298.00
  0.59235E-01  0.10427E+04   -0.52000E-01 -0.52000E-01  0.10400E+00  0.00000E+00  0.00000E+00  0.00000E+00   -0.32532E+03 -0.10497E+03  0.43029E+03  0.14722E+03 -0.42296E+03  0.10418E+03      298.00
  0.59545E-01  0.10433E+04   -0.52250E-01 -0.52250E-01  0.10450E+00  0.00000E+00  0.00000E+00  0.00000E+00   -0.32575E+03 -0.10518E+03  0.43093E+03  0.14720E+03 -0.42292E+03  0.10430E+03      298.00
  0.59854E-01  0.10439E+04   -0.52500E-01 -0.52500E-01  0.10500E+00  0.00000E+00  0.00000E+00  0.00000E+00   -0.32619E+03 -0.10539E+03  0.43158E+03  0.14717E+03 -0.42288E+03  0.10441E+03      298.00
  0.60165E-01  0.10446E+04   -0.52750E-01 -0.52750E-01  0.10550E+00  0.00000E+00  0.00000E+00  0.00000E+00   -0.32663E+03 -0.10560E+03  0.43222E+03  0.14714E+03 -0.42284E+03  0.10452E+03      298.00
  0.60475E-01  0.10451E+04   -0.53000E-01 -0.53000E-01  0.10600E+00  0.00000E+00  0.00000E+00  0.00000E+00   -0.32706E+03 -0.10580E+03  0.43286E+03  0.14711E+03 -0.42279E+03  0.10463E+03      298.00
  0.60785E-01  0.10457E+04   -0.53250E-01 -0.53250E-01  0.10650E+00  0.00000E+00  0.00000E+00  0.00000E+00   -0.32749E+03 -0.10601E+03  0.43350E+03  0.14708E+03 -0.42275E+03  0.10473E+03      298.00
  0.61096E-01  0.10463E+04   -0.53500E-01 -0.53500E-01  0.10700E+00  0.00000E+00  0.00000E+00  0.00000E+00   -0.32792E+03 -0.10622E+03  0.43414E+03  0.14705E+03 -0.42269E+03  0.10484E+03      298.00
  0.61408E-01  0.10469E+04   -0.53750E-01 -0.53750E-01  0.10750E+00  0.00000E+00  0.00000E+00  0.00000E+00   -0.32835E+03 -0.10643E+03  0.43478E+03  0.14702E+03 -0.42264E+03  0.10495E+03      298.00
  0.61719E-01  0.10475E+04   -0.54000E-01 -0.54000E-01  0.10800E+00  0.00000E+00  0.00000E+00  0.00000E+00   -0.32878E+03 -0.10663E+03  0.43541E+03  0.14699E+03 -0.42258E+03  0.10505E+03      298.00
  0.62031E-01  0.10480E+04   -0.54250E-01 -0.54250E-01  0.10850E+00  0.00000E+00  0.00000E+00  0.00000E+00   -0.32920E+03 -0.10684E+03  0.43604E+03  0.14695E+03 -0.42251E+03  0.10516E+03      298.00
  0.62343E-01  0.10486E+04   -0.54500E-01 -0.54500E-01  0.10900E+00  0.00000E+00  0.00000E+00  0.00000E+00   -0.32963E+03 -0.10704E+03  0.43667E+03  0.14691E+03 -0.42245E+03  0.10526E+03      298.00
  0.62655E-01  0.10492E+04   -0.54750E-01 -0.54750E-01  0.10950E+00  0.00000E+00  0.00000E+00  0.00000E+00   -0.33005E+03 -0.10725E+03  0.43730E+03  0.14688E+03 -0.42238E+03  0.10537E+03      298.00
  0.62968E-01  0.10497E+04   -0.55000E-01 -0.55000E-01  0.11000E+00  0.00000E+00  0.00000E+00  0.00000E+00   -0.33047E+03 -0.10746E+03  0.43793E+03  0.14684E+03 -0.42230E+03  0.10547E+03      298.00
  0.63281E-01  0.10502E+04   -0.55250E-01 -0.55250E-01  0.11050E+00  0.00000E+00  0.00000E+00  0.00000E+00   -0.33089E+03 -0.10766E+03  0.43855E+03  0.14680E+03 -0.42223E+03  0.10558E+03      298.00
  0.63594E-01  0.10508E+04   -0.55500E-01 -0.55500E-01  0.11100E+00  0.00000E+00  0.00000E+00  0.00000E+00   -0.33131E+03 -0.10787E+03  0.43918E+03  0.14675E+03 -0.42215E+03  0.10568E+03      298.00
  0.63907E-01  0.10513E+04   -0.55750E-01 -0.55750E-01  0.11150E+00  0.00000E+00  0.00000E+00  0.00000E+00   -0.33173E+03 -0.10807E+03  0.43980E+03  0.14671E+03 -0.42206E+03  0.10578E+03      298.00
  0.64221E-01  0.10518E+04   -0.56000E-01 -0.56000E-01  0.11200E+00  0.00000E+00  0.00000E+00  0.00000E+00   -0.33214E+03 -0.10828E+03  0.44042E+03  0.14667E+03 -0.42198E+03  0.10588E+03      298.00
  0.64535E-01  0.10524E+04   -0.56250E-01 -0.56250E-01  0.11250E+00  0.00000E+00  0.00000E+00  0.00000E+00   -0.33256E+03 -0.10848E+03  0.44104E+03  0.14662E+03 -0.42189E+03  0.10598E+03      298.00
  0.64849E-01  0.10529E+04   -0.56500E-01 -0.56500E-01  0.11300E+00  0.00000E+00  0.00000E+00  0.00000E+00   -0.33297E+03 -0.10869E+03  0.44166E+03  0.14658E+03 -0.42179E+03  0.10608E+03      298.00
  0.65164E-01  0.10534E+04   -0.56750E-01 -0.56750E-01  0.11350E+00  0.00000E+00  0.00000E+00  0.00000E+00   -0.33338E+03 -0.10889E+03  0.44227E+03  0.14653E+03 -0.42170E+03  0.10618E+03      298.00
  0.65479E-01  0.10539E+04   -0.57000E-01 -0.57000E-01  0.11400E+00  0.00000E+00  0.00000E+00  0.00000E+00   -0.33379E+03 -0.10910E+03  0.44288E+03  0.14648E+03 -0.42160E+03  0.10628E+03      298.00
  0.65794E-01  0.10544E+04   -0.57250E-01 -0.57250E-01  0.11450E+00  0.00000E+00  0.00000E+00  0.00000E+00   -0.33420E+03 -0.10930E+03  0.44350E+03  0.14643E+03 -0.42150E+03  0.10638E+03      298.00
  0.66110E-01  0.10549E+04   -0.57500E-01 -0.57500E-01  0.11500E+00  0.00000E+00  0.00000E+00  0.00000E+00   -0.33460E+03 -0.10950E+03  0.44411E+03  0.14638E+03 -0.42139E+03  0.10647E+03      298.00
  0.66425E-01  0.10554E+04   -0.57750E-01 -0.57750E-01  0.11550E+00  0.00000E+00  0.00000E+00  0.00000E+00   -0.33501E+03 -0.10971E+03  0.44472E+03  0.14633E+03 -0.42128E+03  0.10657E+03      298.00
  0.66741E-01  0.10559E+04   -0.58000E-01 -0.58000E-01  0.11600E+00  0.00000E+00  0.00000E+00  0.00000E+00   -0.33541E+03 -0.10991E+03  0.44532E+03  0.14628E+03 -0.42117E+03  0.10667E+03      298.00
  0.67058E-01  0.10563E+04   -0.58250E-01 -0.58250E-01  0.11650E+00  0.00000E+00  0.00000E+00  0.00000E+00   -0.33581E+03 -0.11012E+03  0.44593E+03  0.14622E+03 -0.42106E+03  0.10676E+03      298.00
  0.67374E-01  0.10568E+04   -0.58500E-01 -0.58500E-01  0.11700E+00  0.00000E+00  0.00000E+00  0.00000E+00   -0.33621E+03 -0.11032E+03  0.44653E+03  0.14617E+03 -0.42094E+03  0.10686E+03      298.00
  0.67691E-01  0.10573E+04   -0.58750E-01 -0.58750E-01  0.11750E+00  0.00000E+00  0.00000E+00  0.00000E+00   -0.33661E+03 -0.11052E+03  0.44714E+03  0.14611E+03 -0.42082E+03  0.10695E+03      298.00
  0.68008E-01  0.10580E+04   -0.59000E-01 -0.59000E-01  0.11800E+00  0.00000E+00  0.00000E+00  0.00000E+00   -0.33707E+03 -0.11080E+03  0.44787E+03  0.14604E+03 -0.42078E+03  0.10721E+03      298.00
  0.68326E-01  0.10582E+04   -0.59250E-01 -0.59250E-01  0.11850E+00  0.00000E+00  0.00000E+00  0.00000E+00   -0.33740E+03 -0.11095E+03  0.44835E+03  0.14598E+03 -0.42058E+03  0.10718E+03      298.00
  0.68644E-01  0.10589E+04   -0.59500E-01 -0.59500E-01  0.11900E+00  0.00000E+00  0.00000E+00  0.00000E+00   -0.33786E+03 -0.11121E+03  0.44907E+03  0.14592E+03 -0.42052E+03  0.10741E+03      298.00
  0.68962E-01  0.10591E+04   -0.59750E-01 -0.59750E-01  0.11950E+00  0.00000E+00  0.00000E+00  0.00000E+00   -0.33819E+03 -0.11136E+03  0.44954E+03  0.14587E+03 -0.42032E+03  0.10736E+03      298.00
  0.69280E-01  0.10598E+04   -0.60000E-01 -0.60000E-01  0.12000E+00  0.00000E+00  0.00000E+00  0.00000E+00   -0.33865E+03 -0.11161E+03  0.45026E+03  0.14580E+03 -0.42025E+03  0.10759E+03      298.00
  0.69599E-01  0.10600E+04   -0.60250E-01 -0.60250E-01  0.12050E+00  0.00000E+00  0.00000E+00  0.00000E+00   -0.33897E+03 -0.11176E+03  0.45073E+03  0.14574E+03 -0.42006E+03  0.10754E+03      298.00
  0.69918E-01  0.10606E+04   -0.60500E-01 -0.60500E-01  0.12100E+00  0.00000E+00  0.00000E+00  0.00000E+00   -0.33943E+03 -0.11201E+03  0.45144E+03  0.14567E+03 -0.41997E+03  0.10777E+03      298.00
  0.70237E-01  0.10609E+04   -0.60750E-01 -0.60750E-01  0.12150E+00  0.00000E+00  0.00000E+00  0.00000E+00   -0.33976E+03 -0.11216E+03  0.45192E+03  0.14562E+03 -0.41978E+03  0.10773E+03      298.00
  0.70556E-01  0.10615E+04   -0.61000E-01 -0.61000E-01  0.12200E+00  0.00000E+00  0.00000E+00  0.00000E+00   -0.34021E+03 -0.11241E+03  0.45262E+03  0.14554E+03 -0.41968E+03  0.10795E+03      298.00
  0.70876E-01  0.10619E+04   -0.61250E-01 -0.61250E-01  0.12250E+00  0.00000E+00  0.00000E+00  0.00000E+00   -0.34057E+03 -0.11264E+03  0.45321E+03  0.14546E+03 -0.41953E+03  0.10807E+03      298.00
  0.71196E-01  0.10623E+04   -0.61500E-01 -0.61500E-01  0.12300E+00  0.00000E+00  0.00000E+00  0.00000E+00   -0.34095E+03 -0.11285E+03  0.45380E+03  0.14539E+03 -0.41938E+03  0.10816E+03      298.00
  0.71517E-01  0.10627E+04   -0.61750E-01 -0.61750E-01  0.12350E+00  0.00000E+00  0.00000E+00  0.00000E+00   -0.34133E+03 -0.11305E+03  0.45438E+03  0.14532E+03 -0.41923E+03  0.10825E+03      298.00
  0.71837E-01  0.10631E+04   -0.62000E-01 -0.62000E-01  0.12400E+00  0.00000E+00  0.00000E+00  0.00000E+00   -0.34172E+03 -0.11325E+03  0.45497E+03  0.14525E+03 -0.41907E+03  0.10834E+03      298.00
  0.72158E-01  0.10635E+04   -0.62250E-01 -0.62250E-01  0.12450E+00  0.00000E+00  0.00000E+00  0.00000E+00   -0.34210E+03 -0.11345E+03  0.45555E+03  0.14518E+03 -0.41891E+03  0.10843E+03      298.00
  0.72479E-01  0.10639E+04   -0.62500E-01 -0.62500E-01  0.12500E+00  0.00000E+00  0.00000E+00  0.00000E+00   -0.34249E+03 -0.11365E+03  0.45613E+03  0.14511E+03 -0.41875E+03  0.10851E+03      298.00
