    STEP   AVACS   MODE1   MODE2   MODE3   MODE4
       1   6.000   0.215   0.785   0.000   0.000
       2   6.000   0.289   0.711   0.000   0.000
       3   5.000   0.367   0.633   0.000   0.000
       4   5.000   0.459   0.541   0.000   0.000
       5   4.000   0.577   0.423   0.000   0.000
       6   8.000   0.538   0.462   0.000   0.000
       7   9.000   0.519   0.481   0.000   0.000
       8   8.000   0.553   0.447   0.000   0.000
       9   4.000   0.576   0.424   0.000   0.000
      10   5.000   0.466   0.534   0.000   0.000
      11   6.000   0.379   0.621   0.000   0.000
      12   6.000   0.304   0.696   0.000   0.000
      13   6.000   0.234   0.766   0.000   0.000
      14   6.000   0.165   0.835   0.000   0.000
      15   6.000   0.092   0.908   0.000   0.000
      16   4.000   0.012   0.988   0.000   0.000
      17   5.000   0.066   0.934   0.000   0.000
      18   6.000   0.143   0.857   0.000   0.000
      19   6.000   0.215   0.785   0.000   0.000
      20   6.000   0.289   0.711   0.000   0.000
      21   5.000   0.367   0.633   0.000   0.000
      22   5.000   0.459   0.541   0.000   0.000
      23   4.000   0.577   0.423   0.000   0.000
      24   6.000   0.567   0.332   0.101   0.000
      25   5.000   0.519   0.237   0.243   0.000
      26   6.000   0.582   0.325   0.093   0.000
      27   4.000   0.576   0.424   0.000   0.000
      28   5.000   0.466   0.534   0.000   0.000
      29   6.000   0.379   0.621   0.000   0.000
      30   6.000   0.304   0.696   0.000   0.000
      31   6.000   0.234   0.766   0.000   0.000
      32   6.000   0.165   0.835   0.000   0.000
      33   6.000   0.092   0.908   0.000   0.000
      34   4.000   0.012   0.988   0.000   0.000
      35   5.000   0.066   0.934   0.000   0.000
      36   6.000   0.143   0.857   0.000   0.000
  STRAIN   AVACS   PRITW   SECTW   MODE1   MODE2   MODE3   MODE4   TWFR3   EFFR3   TWFR4   EFFR4
   0.000   6.000   0.000   0.000   0.215   0.785   0.000   0.000   0.000   0.000   0.000   0.000
   0.001   6.000   0.000   0.000   0.215   0.785   0.000   0.000   0.000   0.000   0.000   0.000
   0.001   6.000   0.000   0.000   0.214   0.786   0.000   0.000   0.000   0.000   0.000   0.000
   0.002   6.000   0.000   0.000   0.213   0.787   0.000   0.000   0.000   0.000   0.000   0.000
   0.002   6.000   0.000   0.000   0.212   0.788   0.000   0.000   0.000   0.000   0.000   0.000
   0.003   7.000   0.000   0.000   0.212   0.788   0.000   0.000   0.000   0.000   0.000   0.000
   0.003   7.000   0.000   0.000   0.211   0.789   0.000   0.000   0.000   0.000   0.000   0.000
   0.004   7.000   0.000   0.000   0.211   0.789   0.000   0.000   0.000   0.000   0.000   0.000
   0.004   7.000   0.000   0.000   0.210   0.790   0.000   0.000   0.000   0.000   0.000   0.000
   0.005   7.000   0.000   0.000   0.210   0.790   0.000   0.000   0.000   0.000   0.000   0.000
   0.005   7.000   0.000   0.000   0.210   0.790   0.000   0.000   0.000   0.000   0.000   0.000
   0.006   7.000   0.000   0.000   0.209   0.790   0.000   0.000   0.000   0.000   0.000   0.000
   0.006   7.000   0.000   0.000   0.209   0.791   0.000   0.000   0.000   0.000   0.000   0.000
   0.007   7.000   0.000   0.000   0.209   0.791   0.000   0.000   0.000   0.000   0.000   0.000
   0.007   7.000   0.000   0.000   0.209   0.791   0.000   0.000   0.000   0.000   0.000   0.000
   0.008   7.000   0.000   0.000   0.209   0.791   0.000   0.000   0.000   0.000   0.000   0.000
   0.008   7.000   0.000   0.000   0.208   0.792   0.000   0.000   0.000   0.000   0.000   0.000
   0.009   7.000   0.000   0.000   0.208   0.792   0.000   0.000   0.000   0.000   0.000   0.000
   0.009   7.000   0.000   0.000   0.208   0.792   0.000   0.000   0.000   0.000   0.000   0.000
   0.010   7.000   0.000   0.000   0.208   0.792   0.000   0.000   0.000   0.000   0.000   0.000
   0.010   7.000   0.000   0.000   0.208   0.792   0.000   0.000   0.000   0.000   0.000   0.000
   0.011   7.000   0.000   0.000   0.208   0.792   0.000   0.000   0.000   0.000   0.000   0.000
   0.011   7.000   0.000   0.000   0.208   0.792   0.000   0.000   0.000   0.000   0.000   0.000
   0.012   7.000   0.000   0.000   0.207   0.793   0.000   0.000   0.000   0.000   0.000   0.000
   0.012   7.000   0.000   0.000   0.207   0.793   0.000   0.000   0.000   0.000   0.000   0.000
   0.013   7.000   0.000   0.000   0.207   0.793   0.000   0.000   0.000   0.000   0.000   0.000
   0.013   7.000   0.000   0.000   0.207   0.793   0.000   0.000   0.000   0.000   0.000   0.000
   0.014   7.000   0.000   0.000   0.207   0.793   0.000   0.000   0.000   0.000   0.000   0.000
   0.014   7.000   0.000   0.000   0.207   0.793   0.000   0.000   0.000   0.000   0.000   0.000
   0.015   7.000   0.000   0.000   0.207   0.793   0.000   0.000   0.000   0.000   0.000   0.000
   0.015   7.000   0.000   0.000   0.206   0.794   0.000   0.000   0.000   0.000   0.000   0.000
   0.016   7.000   0.000   0.000   0.206   0.794   0.000   0.000   0.000   0.000   0.000   0.000
   0.016   7.000   0.000   0.000   0.206   0.794   0.000   0.000   0.000   0.000   0.000   0.000
   0.017   7.000   0.000   0.000   0.206   0.794   0.000   0.000   0.000   0.000   0.000   0.000
   0.017   7.000   0.000   0.000   0.206   0.794   0.000   0.000   0.000   0.000   0.000   0.000
   0.018   7.000   0.000   0.000   0.206   0.794   0.000   0.000   0.000   0.000   0.000   0.000
   0.018   6.000   0.000   0.000   0.206   0.794   0.000   0.000   0.000   0.000   0.000   0.000
   0.019   6.000   0.000   0.000   0.205   0.794   0.000   0.000   0.000   0.000   0.000   0.000
   0.019   6.000   0.000   0.000   0.205   0.795   0.000   0.000   0.000   0.000   0.000   0.000
   0.020   6.000   0.000   0.000   0.205   0.795   0.000   0.000   0.000   0.000   0.000   0.000
   0.020   6.000   0.000   0.000   0.205   0.795   0.000   0.000   0.000   0.000   0.000   0.000
   0.021   6.000   0.000   0.000   0.205   0.795   0.000   0.000   0.000   0.000   0.000   0.000
   0.021   6.000   0.000   0.000   0.205   0.795   0.000   0.000   0.000   0.000   0.000   0.000
   0.022   6.000   0.000   0.000   0.205   0.795   0.000   0.000   0.000   0.000   0.000   0.000
   0.022   6.000   0.000   0.000   0.204   0.796   0.000   0.000   0.000   0.000   0.000   0.000
   0.023   6.000   0.000   0.000   0.204   0.796   0.000   0.000   0.000   0.000   0.000   0.000
   0.023   6.000   0.000   0.000   0.204   0.796   0.000   0.000   0.000   0.000   0.000   0.000
   0.024   6.000   0.000   0.000   0.204   0.796   0.000   0.000   0.000   0.000   0.000   0.000
   0.024   6.000   0.000   0.000   0.204   0.796   0.000   0.000   0.000   0.000   0.000   0.000
   0.025   6.000   0.000   0.000   0.204   0.796   0.000   0.000   0.000   0.000   0.000   0.000
   0.025   6.000   0.000   0.000   0.203   0.796   0.000   0.000   0.000   0.000   0.000   0.000
    STEP   AVACS   MODE1   MODE2   MODE3   MODE4
       1   6.000   0.203   0.797   0.000   0.000
       2   5.000   0.279   0.721   0.000   0.000
       3   5.000   0.359   0.641   0.000   0.000
       4   5.000   0.457   0.543   0.000   0.000
       5   5.000   0.567   0.432   0.000   0.000
       6   7.000   0.525   0.464   0.000   0.012
       7   7.000   0.510   0.475   0.000   0.015
       8   7.000   0.555   0.434   0.000   0.010
       9   5.000   0.577   0.423   0.000   0.000
      10   5.000   0.471   0.529   0.000   0.000
      11   6.000   0.386   0.614   0.000   0.000
      12   6.000   0.312   0.688   0.000   0.000
      13   6.000   0.243   0.757   0.000   0.000
      14   6.000   0.176   0.824   0.000   0.000
      15   6.000   0.105   0.895   0.000   0.000
      16   5.000   0.026   0.974   0.000   0.000
      17   5.000   0.050   0.950   0.000   0.000
      18   5.000   0.128   0.871   0.000   0.000
      19   6.000   0.203   0.796   0.000   0.000
      20   5.000   0.279   0.721   0.000   0.000
      21   5.000   0.359   0.641   0.000   0.000
      22   5.000   0.457   0.543   0.000   0.000
      23   5.000   0.566   0.432   0.001   0.000
      24   6.000   0.562   0.312   0.127   0.000
      25   5.000   0.518   0.209   0.273   0.000
      26   6.000   0.589   0.304   0.107   0.000
      27   5.000   0.577   0.423   0.000   0.000
      28   5.000   0.471   0.529   0.000   0.000
      29   6.000   0.386   0.614   0.000   0.000
      30   6.000   0.312   0.688   0.000   0.000
      31   6.000   0.243   0.757   0.000   0.000
      32   6.000   0.175   0.824   0.000   0.000
      33   6.000   0.104   0.895   0.000   0.000
      34   5.000   0.025   0.974   0.000   0.000
      35   5.000   0.050   0.950   0.000   0.000
      36   5.000   0.129   0.871   0.000   0.000
  STRAIN   AVACS   PRITW   SECTW   MODE1   MODE2   MODE3   MODE4   TWFR3   EFFR3   TWFR4   EFFR4
   0.025   6.000   0.000   0.000   0.203   0.796   0.000   0.000   0.000   0.000   0.000   0.000
   0.026   6.000   0.000   0.000   0.203   0.797   0.000   0.000   0.000   0.000   0.000   0.000
   0.026   6.000   0.000   0.000   0.203   0.797   0.000   0.000   0.000   0.000   0.000   0.000
   0.027   6.000   0.000   0.000   0.203   0.797   0.000   0.000   0.000   0.000   0.000   0.000
   0.027   6.000   0.000   0.000   0.203   0.797   0.000   0.000   0.000   0.000   0.000   0.000
   0.028   6.000   0.000   0.000   0.203   0.797   0.000   0.000   0.000   0.000   0.000   0.000
   0.028   6.000   0.000   0.000   0.202   0.797   0.000   0.000   0.000   0.000   0.000   0.000
   0.029   6.000   0.000   0.000   0.202   0.797   0.000   0.000   0.000   0.000   0.000   0.000
   0.029   6.000   0.000   0.000   0.202   0.798   0.000   0.000   0.000   0.000   0.000   0.000
   0.030   6.000   0.000   0.000   0.202   0.798   0.000   0.000   0.000   0.000   0.000   0.000
   0.030   6.000   0.000   0.000   0.202   0.798   0.000   0.000   0.000   0.000   0.000   0.000
   0.031   6.000   0.000   0.000   0.201   0.798   0.000   0.000   0.000   0.000   0.000   0.000
   0.031   6.000   0.000   0.000   0.201   0.798   0.000   0.000   0.000   0.000   0.000   0.000
   0.032   6.000   0.000   0.000   0.201   0.798   0.000   0.001   0.000   0.000   0.000   0.000
   0.032   6.000   0.000   0.000   0.201   0.799   0.000   0.001   0.000   0.000   0.000   0.000
   0.033   6.000   0.000   0.000   0.201   0.799   0.000   0.001   0.000   0.000   0.000   0.000
   0.033   6.000   0.000   0.000   0.200   0.799   0.000   0.001   0.000   0.000   0.000   0.000
   0.034   6.000   0.000   0.000   0.200   0.799   0.000   0.001   0.000   0.000   0.000   0.000
   0.034   6.000   0.000   0.000   0.200   0.799   0.000   0.001   0.000   0.000   0.000   0.000
   0.035   6.000   0.000   0.000   0.200   0.799   0.000   0.001   0.000   0.000   0.000   0.000
   0.035   6.000   0.000   0.000   0.200   0.800   0.000   0.001   0.000   0.000   0.000   0.000
   0.036   6.000   0.000   0.000   0.199   0.800   0.000   0.001   0.000   0.000   0.000   0.000
   0.036   6.000   0.000   0.000   0.199   0.800   0.000   0.001   0.000   0.000   0.000   0.000
   0.037   6.000   0.000   0.000   0.199   0.800   0.000   0.001   0.000   0.000   0.000   0.000
   0.037   6.000   0.000   0.000   0.199   0.800   0.000   0.001   0.000   0.000   0.000   0.000
   0.038   5.000   0.000   0.000   0.199   0.800   0.000   0.001   0.000   0.000   0.000   0.000
   0.038   5.000   0.000   0.000   0.198   0.801   0.000   0.001   0.000   0.000   0.000   0.000
   0.039   5.000   0.000   0.000   0.198   0.801   0.000   0.001   0.000   0.000   0.000   0.000
   0.039   5.000   0.000   0.000   0.198   0.801   0.000   0.001   0.000   0.000   0.000   0.000
   0.040   5.000   0.000   0.000   0.198   0.801   0.000   0.001   0.000   0.000   0.000   0.000
   0.040   5.000   0.000   0.000   0.198   0.801   0.000   0.001   0.000   0.000   0.000   0.000
   0.041   5.000   0.000   0.000   0.197   0.801   0.000   0.001   0.000   0.000   0.000   0.000
   0.041   5.000   0.000   0.000   0.197   0.802   0.000   0.001   0.000   0.000   0.000   0.000
   0.042   5.000   0.000   0.000   0.197   0.802   0.000   0.001   0.000   0.000   0.000   0.000
   0.042   5.000   0.000   0.000   0.197   0.802   0.000   0.001   0.000   0.000   0.000   0.000
   0.043   5.000   0.000   0.000   0.197   0.802   0.000   0.001   0.000   0.000   0.000   0.000
   0.043   5.000   0.000   0.000   0.196   0.802   0.000   0.001   0.000   0.000   0.000   0.000
   0.044   5.000   0.000   0.000   0.196   0.802   0.000   0.001   0.000   0.000   0.000   0.000
   0.044   5.000   0.000   0.000   0.196   0.802   0.000   0.001   0.000   0.000   0.000   0.000
   0.045   5.000   0.000   0.000   0.196   0.803   0.000   0.002   0.000   0.000   0.000   0.000
   0.045   5.000   0.000   0.000   0.196   0.803   0.000   0.002   0.000   0.000   0.000   0.000
   0.046   5.000   0.000   0.000   0.195   0.803   0.000   0.002   0.000   0.000   0.000   0.000
   0.046   5.000   0.000   0.000   0.195   0.803   0.000   0.002   0.000   0.000   0.000   0.000
   0.047   5.000   0.000   0.000   0.195   0.803   0.000   0.002   0.000   0.000   0.000   0.000
   0.047   5.000   0.000   0.000   0.195   0.803   0.000   0.002   0.000   0.000   0.000   0.000
   0.048   5.000   0.000   0.000   0.195   0.804   0.000   0.002   0.000   0.000   0.000   0.000
   0.048   5.000   0.000   0.000   0.194   0.804   0.000   0.002   0.000   0.000   0.000   0.000
   0.049   5.000   0.000   0.000   0.194   0.804   0.000   0.002   0.000   0.000   0.000   0.000
   0.049   5.000   0.000   0.000   0.194   0.804   0.000   0.002   0.000   0.000   0.000   0.000
   0.050   5.000   0.000   0.000   0.194   0.804   0.000   0.002   0.000   0.000   0.000   0.000
   0.050   5.000   0.000   0.000   0.193   0.804   0.000   0.002   0.000   0.000   0.000   0.000
    STEP   AVACS   MODE1   MODE2   MODE3   MODE4
       1   5.000   0.194   0.805   0.000   0.000
       2   4.000   0.272   0.727   0.000   0.000
       3   5.000   0.356   0.644   0.000   0.000
       4   5.000   0.458   0.542   0.000   0.000
       5   5.000   0.570   0.428   0.000   0.002
       6   9.000   0.527   0.375   0.000   0.099
       7  10.000   0.524   0.355   0.000   0.120
       8   8.000   0.571   0.346   0.000   0.083
       9   4.000   0.584   0.416   0.000   0.000
      10   6.000   0.479   0.521   0.000   0.000
      11   6.000   0.394   0.606   0.000   0.000
      12   6.000   0.321   0.679   0.000   0.000
      13   6.000   0.254   0.746   0.000   0.000
      14   6.000   0.188   0.812   0.000   0.000
      15   6.000   0.118   0.882   0.000   0.000
      16   5.000   0.041   0.959   0.000   0.000
      17   5.000   0.034   0.963   0.000   0.003
      18   5.000   0.116   0.882   0.000   0.003
      19   5.000   0.193   0.805   0.000   0.002
      20   4.000   0.272   0.727   0.000   0.001
      21   5.000   0.356   0.644   0.000   0.000
      22   5.000   0.458   0.542   0.000   0.000
      23   4.000   0.559   0.425   0.016   0.000
      24   6.000   0.554   0.291   0.154   0.000
      25   5.000   0.519   0.181   0.299   0.000
      26   6.000   0.594   0.284   0.122   0.000
      27   4.000   0.584   0.416   0.000   0.000
      28   6.000   0.478   0.521   0.000   0.001
      29   6.000   0.393   0.604   0.000   0.002
      30   6.000   0.320   0.677   0.000   0.003
      31   6.000   0.252   0.744   0.000   0.004
      32   6.000   0.186   0.810   0.000   0.004
      33   6.000   0.116   0.879   0.000   0.005
      34   5.000   0.038   0.956   0.000   0.005
      35   5.000   0.035   0.964   0.000   0.000
      36   5.000   0.117   0.883   0.000   0.000
  STRAIN   AVACS   PRITW   SECTW   MODE1   MODE2   MODE3   MODE4   TWFR3   EFFR3   TWFR4   EFFR4
   0.050   5.000   0.000   0.000   0.193   0.805   0.000   0.002   0.000   0.000   0.000   0.000
   0.051   5.000   0.000   0.000   0.193   0.805   0.000   0.002   0.000   0.000   0.000   0.000
   0.051   5.000   0.000   0.000   0.193   0.805   0.000   0.002   0.000   0.000   0.000   0.000
   0.052   5.000   0.000   0.000   0.193   0.805   0.000   0.002   0.000   0.000   0.000   0.000
   0.052   5.000   0.000   0.000   0.193   0.805   0.000   0.002   0.000   0.000   0.000   0.000
   0.053   5.000   0.000   0.000   0.192   0.805   0.000   0.002   0.000   0.000   0.000   0.000
   0.053   5.000   0.000   0.000   0.192   0.806   0.000   0.002   0.000   0.000   0.001   0.000
   0.054   5.000   0.000   0.000   0.192   0.806   0.000   0.002   0.000   0.000   0.001   0.000
   0.054   5.000   0.000   0.000   0.192   0.806   0.000   0.002   0.000   0.000   0.001   0.000
   0.055   5.000   0.000   0.000   0.192   0.806   0.000   0.002   0.000   0.000   0.001   0.000
   0.055   5.000   0.000   0.000   0.191   0.806   0.000   0.002   0.000   0.000   0.001   0.000
   0.056   5.000   0.000   0.000   0.191   0.806   0.000   0.002   0.000   0.000   0.001   0.000
   0.056   5.000   0.000   0.000   0.191   0.807   0.000   0.003   0.000   0.000   0.001   0.000
   0.057   5.000   0.000   0.000   0.191   0.807   0.000   0.003   0.000   0.000   0.001   0.000
   0.057   5.000   0.000   0.000   0.191   0.807   0.000   0.003   0.000   0.000   0.001   0.000
   0.058   5.000   0.000   0.000   0.190   0.807   0.000   0.003   0.000   0.000   0.001   0.000
   0.058   5.000   0.000   0.000   0.190   0.807   0.000   0.003   0.000   0.000   0.001   0.000
   0.059   5.000   0.000   0.000   0.190   0.807   0.000   0.003   0.000   0.000   0.001   0.000
   0.059   5.000   0.000   0.000   0.190   0.808   0.000   0.003   0.000   0.000   0.001   0.000
   0.060   5.000   0.000   0.000   0.190   0.808   0.000   0.003   0.000   0.000   0.001   0.000
   0.060   5.000   0.000   0.000   0.189   0.808   0.000   0.003   0.000   0.000   0.001   0.000
   0.061   5.000   0.000   0.000   0.189   0.808   0.000   0.003   0.000   0.000   0.001   0.000
   0.061   5.000   0.000   0.000   0.189   0.808   0.000   0.003   0.000   0.000   0.001   0.000
   0.062   5.000   0.000   0.000   0.189   0.808   0.000   0.003   0.000   0.000   0.001   0.000
   0.062   5.000   0.000   0.000   0.188   0.809   0.000   0.003   0.000   0.000   0.001   0.000
   0.063   5.000   0.000   0.000   0.188   0.809   0.000   0.003   0.000   0.000   0.001   0.000
   0.063   5.000   0.000   0.000   0.188   0.809   0.000   0.003   0.000   0.000   0.001   0.000
   0.064   5.000   0.000   0.000   0.188   0.809   0.000   0.003   0.000   0.000   0.001   0.000
   0.064   5.000   0.000   0.000   0.188   0.809   0.000   0.003   0.000   0.000   0.001   0.000
   0.065   5.000   0.000   0.000   0.187   0.810   0.000   0.003   0.000   0.000   0.001   0.000
   0.065   5.000   0.000   0.000   0.187   0.810   0.000   0.003   0.000   0.000   0.001   0.000
   0.066   5.000   0.000   0.000   0.187   0.810   0.000   0.003   0.000   0.000   0.001   0.000
   0.066   5.000   0.000   0.000   0.187   0.810   0.000   0.003   0.000   0.000   0.001   0.000
   0.067   5.000   0.000   0.000   0.187   0.810   0.000   0.003   0.000   0.000   0.001   0.000
   0.067   5.000   0.000   0.000   0.186   0.810   0.000   0.003   0.000   0.000   0.001   0.000
   0.068   5.000   0.000   0.000   0.186   0.811   0.000   0.003   0.000   0.000   0.001   0.000
   0.068   5.000   0.000   0.000   0.186   0.811   0.000   0.003   0.000   0.000   0.001   0.000
   0.069   5.000   0.000   0.000   0.186   0.811   0.000   0.003   0.000   0.000   0.001   0.000
   0.069   5.000   0.000   0.000   0.186   0.811   0.000   0.003   0.000   0.000   0.001   0.000
   0.070   5.000   0.000   0.000   0.185   0.811   0.000   0.003   0.000   0.000   0.001   0.000
   0.070   5.000   0.000   0.000   0.185   0.812   0.000   0.003   0.000   0.000   0.001   0.000
   0.071   5.000   0.000   0.000   0.185   0.812   0.000   0.003   0.000   0.000   0.001   0.000
   0.071   5.000   0.000   0.000   0.185   0.812   0.000   0.003   0.000   0.000   0.001   0.000
   0.072   5.000   0.000   0.000   0.185   0.812   0.000   0.003   0.000   0.000   0.001   0.000
   0.072   5.000   0.000   0.000   0.184   0.812   0.000   0.003   0.000   0.000   0.001   0.000
   0.073   5.000   0.000   0.000   0.184   0.813   0.000   0.003   0.000   0.000   0.001   0.000
   0.073   5.000   0.000   0.000   0.184   0.813   0.000   0.003   0.000   0.000   0.001   0.000
   0.074   5.000   0.000   0.000   0.184   0.813   0.000   0.003   0.000   0.000   0.001   0.000
   0.074   5.000   0.000   0.000   0.184   0.813   0.000   0.003   0.000   0.000   0.001   0.000
   0.075   5.000   0.000   0.000   0.183   0.813   0.000   0.003   0.000   0.000   0.001   0.000
   0.075   5.000   0.000   0.000   0.183   0.813   0.000   0.003   0.000   0.000   0.001   0.000
    STEP   AVACS   MODE1   MODE2   MODE3   MODE4
       1   5.000   0.185   0.815   0.000   0.000
       2   4.000   0.265   0.734   0.000   0.000
       3   5.000   0.352   0.647   0.000   0.000
       4   6.000   0.458   0.542   0.000   0.000
       5   6.000   0.540   0.439   0.000   0.021
       6   9.000   0.522   0.338   0.000   0.141
       7  10.000   0.527   0.309   0.000   0.163
       8   9.000   0.579   0.308   0.000   0.113
       9   3.000   0.591   0.409   0.000   0.000
      10   6.000   0.486   0.514   0.000   0.000
      11   6.000   0.402   0.597   0.000   0.000
      12   6.000   0.331   0.669   0.000   0.000
      13   6.000   0.264   0.736   0.000   0.000
      14   6.000   0.199   0.801   0.000   0.000
      15   6.000   0.131   0.869   0.000   0.000
      16   5.000   0.055   0.945   0.000   0.000
      17   4.000   0.017   0.978   0.000   0.005
      18   5.000   0.102   0.893   0.000   0.004
      19   5.000   0.183   0.813   0.000   0.003
      20   4.000   0.265   0.734   0.000   0.002
      21   5.000   0.352   0.647   0.000   0.000
      22   6.000   0.458   0.542   0.000   0.000
      23   5.000   0.543   0.419   0.038   0.000
      24   6.000   0.542   0.277   0.181   0.000
      25   5.000   0.520   0.154   0.325   0.000
      26   6.000   0.595   0.270   0.135   0.000
      27   3.000   0.591   0.409   0.000   0.000
      28   6.000   0.485   0.513   0.000   0.002
      29   6.000   0.401   0.595   0.000   0.004
      30   6.000   0.328   0.666   0.000   0.006
      31   6.000   0.261   0.732   0.000   0.007
      32   6.000   0.195   0.797   0.000   0.008
      33   6.000   0.126   0.864   0.000   0.009
      34   5.000   0.050   0.940   0.000   0.010
      35   5.000   0.020   0.980   0.000   0.000
      36   5.000   0.105   0.895   0.000   0.000
  STRAIN   AVACS   PRITW   SECTW   MODE1   MODE2   MODE3   MODE4   TWFR3   EFFR3   TWFR4   EFFR4
   0.075   5.000   0.000   0.000   0.183   0.813   0.000   0.003   0.000   0.000   0.001   0.000
   0.076   5.000   0.000   0.000   0.183   0.814   0.000   0.003   0.000   0.000   0.002   0.000
   0.076   5.000   0.000   0.000   0.183   0.814   0.000   0.003   0.000   0.000   0.002   0.000
   0.077   5.000   0.000   0.000   0.183   0.814   0.000   0.003   0.000   0.000   0.002   0.000
   0.077   5.000   0.000   0.000   0.182   0.814   0.000   0.003   0.000   0.000   0.002   0.000
   0.078   5.000   0.000   0.000   0.182   0.814   0.000   0.003   0.000   0.000   0.002   0.000
   0.078   5.000   0.000   0.000   0.182   0.815   0.000   0.003   0.000   0.000   0.002   0.000
   0.079   5.000   0.000   0.000   0.182   0.815   0.000   0.003   0.000   0.000   0.002   0.000
   0.079   5.000   0.000   0.000   0.182   0.815   0.000   0.003   0.000   0.000   0.002   0.000
   0.080   5.000   0.000   0.000   0.182   0.815   0.000   0.003   0.000   0.000   0.002   0.000
   0.080   5.000   0.000   0.000   0.181   0.815   0.000   0.003   0.000   0.000   0.002   0.000
   0.081   5.000   0.000   0.000   0.181   0.816   0.000   0.003   0.000   0.000   0.002   0.000
   0.081   5.000   0.000   0.000   0.181   0.816   0.000   0.003   0.000   0.000   0.002   0.000
   0.082   5.000   0.000   0.000   0.181   0.816   0.000   0.003   0.000   0.000   0.002   0.000
   0.082   5.000   0.000   0.000   0.181   0.816   0.000   0.003   0.000   0.000   0.002   0.000
   0.083   5.000   0.000   0.000   0.180   0.816   0.000   0.003   0.000   0.000   0.002   0.000
   0.083   5.000   0.000   0.000   0.180   0.817   0.000   0.003   0.000   0.000   0.002   0.000
   0.084   5.000   0.000   0.000   0.180   0.817   0.000   0.003   0.000   0.000   0.002   0.000
   0.084   5.000   0.000   0.000   0.180   0.817   0.000   0.003   0.000   0.000   0.002   0.000
   0.085   5.000   0.000   0.000   0.180   0.817   0.000   0.003   0.000   0.000   0.002   0.000
   0.085   5.000   0.000   0.000   0.179   0.817   0.000   0.003   0.000   0.000   0.002   0.000
   0.086   5.000   0.000   0.000   0.179   0.818   0.000   0.003   0.000   0.000   0.002   0.000
   0.086   5.000   0.000   0.000   0.179   0.818   0.000   0.003   0.000   0.000   0.002   0.000
   0.087   5.000   0.000   0.000   0.179   0.818   0.000   0.003   0.000   0.000   0.002   0.000
   0.087   5.000   0.000   0.000   0.179   0.818   0.000   0.003   0.000   0.000   0.002   0.000
   0.088   5.000   0.000   0.000   0.178   0.818   0.000   0.003   0.000   0.000   0.002   0.000
   0.088   5.000   0.000   0.000   0.178   0.819   0.000   0.003   0.000   0.000   0.002   0.000
   0.089   5.000   0.000   0.000   0.178   0.819   0.000   0.003   0.000   0.000   0.002   0.000
   0.089   5.000   0.000   0.000   0.178   0.819   0.000   0.003   0.000   0.000   0.002   0.000
   0.090   5.000   0.000   0.000   0.178   0.819   0.000   0.003   0.000   0.000   0.002   0.000
   0.090   5.000   0.000   0.000   0.178   0.819   0.000   0.003   0.000   0.000   0.002   0.000
   0.091   5.000   0.000   0.000   0.177   0.820   0.000   0.003   0.000   0.000   0.002   0.000
   0.091   5.000   0.000   0.000   0.177   0.820   0.000   0.003   0.000   0.000   0.002   0.000
   0.092   5.000   0.000   0.000   0.177   0.820   0.000   0.003   0.000   0.000   0.002   0.000
   0.092   5.000   0.000   0.000   0.177   0.820   0.000   0.003   0.000   0.000   0.002   0.000
   0.093   5.000   0.000   0.000   0.177   0.820   0.000   0.003   0.000   0.000   0.002   0.000
   0.093   5.000   0.000   0.000   0.176   0.821   0.000   0.003   0.000   0.000   0.002   0.000
   0.094   5.000   0.000   0.000   0.176   0.821   0.000   0.003   0.000   0.000   0.002   0.000
   0.094   5.000   0.000   0.000   0.176   0.821   0.000   0.003   0.000   0.000   0.002   0.000
   0.095   5.000   0.000   0.000   0.176   0.821   0.000   0.003   0.000   0.000   0.002   0.000
   0.095   5.000   0.000   0.000   0.176   0.821   0.000   0.003   0.000   0.000   0.002   0.000
   0.096   5.000   0.000   0.000   0.176   0.822   0.000   0.003   0.000   0.000   0.002   0.000
   0.096   5.000   0.000   0.000   0.175   0.822   0.000   0.003   0.000   0.000   0.002   0.000
   0.097   5.000   0.000   0.000   0.175   0.822   0.000   0.003   0.000   0.000   0.003   0.000
   0.097   5.000   0.000   0.000   0.175   0.822   0.000   0.003   0.000   0.000   0.003   0.000
   0.098   5.000   0.000   0.000   0.175   0.822   0.000   0.003   0.000   0.000   0.003   0.000
   0.098   5.000   0.000   0.000   0.175   0.823   0.000   0.003   0.000   0.000   0.003   0.000
   0.099   5.000   0.000   0.000   0.174   0.823   0.000   0.003   0.000   0.000   0.003   0.000
   0.099   5.000   0.000   0.000   0.174   0.823   0.000   0.003   0.000   0.000   0.003   0.000
   0.100   5.000   0.000   0.000   0.174   0.823   0.000   0.003   0.000   0.000   0.003   0.000
   0.100   5.000   0.000   0.000   0.174   0.823   0.000   0.003   0.000   0.000   0.003   0.000
    STEP   AVACS   MODE1   MODE2   MODE3   MODE4
       1   5.000   0.175   0.825   0.000   0.000
       2   5.000   0.259   0.741   0.000   0.000
       3   5.000   0.349   0.651   0.000   0.000
       4   5.000   0.458   0.542   0.000   0.000
       5   7.000   0.519   0.445   0.000   0.036
       6   9.000   0.508   0.369   0.000   0.122
       7  10.000   0.520   0.342   0.000   0.137
       8   9.000   0.581   0.324   0.000   0.095
       9   5.000   0.598   0.402   0.000   0.000
      10   6.000   0.493   0.507   0.000   0.000
      11   6.000   0.411   0.589   0.000   0.000
      12   6.000   0.340   0.660   0.000   0.000
      13   6.000   0.274   0.726   0.000   0.000
      14   6.000   0.210   0.790   0.000   0.000
      15   6.000   0.143   0.857   0.000   0.000
      16   7.000   0.068   0.932   0.000   0.000
      17   4.000   0.003   0.994   0.000   0.004
      18   5.000   0.090   0.906   0.000   0.004
      19   5.000   0.174   0.823   0.000   0.003
      20   5.000   0.258   0.741   0.000   0.001
      21   5.000   0.349   0.651   0.000   0.000
      22   5.000   0.457   0.542   0.000   0.000
      23   4.000   0.526   0.413   0.061   0.000
      24   6.000   0.530   0.265   0.205   0.000
      25   5.000   0.522   0.128   0.350   0.000
      26   6.000   0.597   0.257   0.146   0.000
      27   5.000   0.598   0.402   0.000   0.000
      28   6.000   0.493   0.505   0.000   0.002
      29   6.000   0.409   0.586   0.000   0.004
      30   6.000   0.338   0.657   0.000   0.006
      31   6.000   0.271   0.722   0.000   0.007
      32   6.000   0.206   0.786   0.000   0.008
      33   6.000   0.139   0.853   0.000   0.009
      34   7.000   0.063   0.927   0.000   0.009
      35   4.000   0.005   0.995   0.000   0.000
      36   5.000   0.092   0.908   0.000   0.000
  STRAIN   AVACS   PRITW   SECTW   MODE1   MODE2   MODE3   MODE4   TWFR3   EFFR3   TWFR4   EFFR4
   0.100   5.000   0.000   0.000   0.174   0.823   0.000   0.003   0.000   0.000   0.003   0.000
   0.101   5.000   0.000   0.000   0.174   0.824   0.000   0.003   0.000   0.000   0.003   0.000
   0.101   5.000   0.000   0.000   0.174   0.824   0.000   0.003   0.000   0.000   0.003   0.000
   0.102   5.000   0.000   0.000   0.173   0.824   0.000   0.003   0.000   0.000   0.003   0.000
   0.102   5.000   0.000   0.000   0.173   0.824   0.000   0.003   0.000   0.000   0.003   0.000
   0.103   5.000   0.000   0.000   0.173   0.824   0.000   0.003   0.000   0.000   0.003   0.000
   0.103   5.000   0.000   0.000   0.173   0.825   0.000   0.003   0.000   0.000   0.003   0.000
   0.104   5.000   0.000   0.000   0.173   0.825   0.000   0.003   0.000   0.000   0.003   0.000
   0.104   5.000   0.000   0.000   0.172   0.825   0.000   0.003   0.000   0.000   0.003   0.000
   0.105   5.000   0.000   0.000   0.172   0.825   0.000   0.002   0.000   0.000   0.003   0.000
   0.105   5.000   0.000   0.000   0.172   0.825   0.000   0.002   0.000   0.000   0.003   0.000
   0.106   5.000   0.000   0.000   0.172   0.826   0.000   0.002   0.000   0.000   0.003   0.000
   0.106   5.000   0.000   0.000   0.172   0.826   0.000   0.002   0.000   0.000   0.003   0.000
   0.107   5.000   0.000   0.000   0.172   0.826   0.000   0.002   0.000   0.000   0.003   0.000
   0.107   5.000   0.000   0.000   0.171   0.826   0.000   0.002   0.000   0.000   0.003   0.000
   0.108   5.000   0.000   0.000   0.171   0.826   0.000   0.002   0.000   0.000   0.003   0.000
   0.108   5.000   0.000   0.000   0.171   0.827   0.000   0.002   0.000   0.000   0.003   0.000
   0.109   5.000   0.000   0.000   0.171   0.827   0.000   0.002   0.000   0.000   0.003   0.000
   0.109   5.000   0.000   0.000   0.171   0.827   0.000   0.002   0.000   0.000   0.003   0.000
   0.110   5.000   0.000   0.000   0.170   0.827   0.000   0.002   0.000   0.000   0.003   0.000
   0.110   5.000   0.000   0.000   0.170   0.827   0.000   0.002   0.000   0.000   0.003   0.000
   0.111   5.000   0.000   0.000   0.170   0.828   0.000   0.002   0.000   0.000   0.003   0.000
   0.111   5.000   0.000   0.000   0.170   0.828   0.000   0.002   0.000   0.000   0.003   0.000
   0.112   5.000   0.000   0.000   0.170   0.828   0.000   0.002   0.000   0.000   0.003   0.000
   0.112   5.000   0.000   0.000   0.170   0.828   0.000   0.002   0.000   0.000   0.003   0.000
   0.113   5.000   0.000   0.000   0.169   0.828   0.000   0.002   0.000   0.000   0.003   0.000
   0.113   5.000   0.000   0.000   0.169   0.829   0.000   0.002   0.000   0.000   0.003   0.000
   0.114   5.000   0.000   0.000   0.169   0.829   0.000   0.002   0.000   0.000   0.003   0.000
   0.114   5.000   0.000   0.000   0.169   0.829   0.000   0.002   0.000   0.000   0.003   0.000
   0.115   5.000   0.000   0.000   0.169   0.829   0.000   0.002   0.000   0.000   0.003   0.000
   0.115   5.000   0.000   0.000   0.168   0.829   0.000   0.002   0.000   0.000   0.003   0.000
   0.116   5.000   0.000   0.000   0.168   0.830   0.000   0.002   0.000   0.000   0.003   0.000
   0.116   5.000   0.000   0.000   0.168   0.830   0.000   0.002   0.000   0.000   0.003   0.000
   0.117   5.000   0.000   0.000   0.168   0.830   0.000   0.002   0.000   0.000   0.003   0.000
   0.117   5.000   0.000   0.000   0.168   0.830   0.000   0.002   0.000   0.000   0.003   0.000
   0.118   5.000   0.000   0.000   0.168   0.830   0.000   0.002   0.000   0.000   0.003   0.000
   0.118   5.000   0.000   0.000   0.167   0.831   0.000   0.002   0.000   0.000   0.003   0.000
   0.119   5.000   0.000   0.000   0.167   0.831   0.000   0.002   0.000   0.000   0.003   0.000
   0.119   5.000   0.000   0.000   0.167   0.831   0.000   0.002   0.000   0.000   0.003   0.000
   0.120   5.000   0.000   0.000   0.167   0.831   0.000   0.002   0.000   0.000   0.003   0.000
   0.120   5.000   0.000   0.000   0.167   0.831   0.000   0.002   0.000   0.000   0.003   0.000
   0.121   5.000   0.000   0.000   0.167   0.832   0.000   0.002   0.000   0.000   0.003   0.000
   0.121   5.000   0.000   0.000   0.166   0.832   0.000   0.002   0.000   0.000   0.003   0.000
   0.122   6.000   0.000   0.000   0.166   0.832   0.000   0.002   0.000   0.000   0.003   0.000
   0.122   6.000   0.000   0.000   0.166   0.832   0.000   0.002   0.000   0.000   0.003   0.000
   0.123   6.000   0.000   0.000   0.166   0.832   0.000   0.002   0.000   0.000   0.003   0.000
   0.123   6.000   0.000   0.000   0.166   0.833   0.000   0.002   0.000   0.000   0.003   0.000
   0.124   6.000   0.000   0.000   0.165   0.833   0.000   0.002   0.000   0.000   0.003   0.000
   0.124   6.000   0.000   0.000   0.165   0.833   0.000   0.002   0.000   0.000   0.003   0.000
   0.125   6.000   0.000   0.000   0.165   0.833   0.000   0.002   0.000   0.000   0.003   0.000
   0.125   6.000   0.000   0.000   0.165   0.833   0.000   0.002   0.000   0.000   0.003   0.000
    STEP   AVACS   MODE1   MODE2   MODE3   MODE4
       1   6.000   0.166   0.834   0.000   0.000
       2   5.000   0.252   0.748   0.000   0.000
       3   5.000   0.346   0.654   0.000   0.000
       4   5.000   0.457   0.542   0.000   0.000
       5   6.000   0.499   0.465   0.000   0.036
       6  10.000   0.492   0.423   0.000   0.084
       7   8.000   0.510   0.398   0.000   0.092
       8   8.000   0.581   0.356   0.000   0.063
       9   5.000   0.605   0.395   0.000   0.000
      10   6.000   0.501   0.499   0.000   0.000
      11   6.000   0.420   0.580   0.000   0.000
      12   6.000   0.349   0.651   0.000   0.000
      13   6.000   0.284   0.716   0.000   0.000
      14   7.000   0.221   0.779   0.000   0.000
      15   7.000   0.154   0.846   0.000   0.000
      16   7.000   0.080   0.920   0.000   0.000
      17   4.000   0.000   1.000   0.000   0.000
      18   5.000   0.078   0.920   0.000   0.002
      19   6.000   0.165   0.833   0.000   0.002
      20   5.000   0.252   0.747   0.000   0.001
      21   5.000   0.346   0.654   0.000   0.000
      22   5.000   0.456   0.542   0.002   0.000
      23   4.000   0.511   0.406   0.083   0.000
      24   6.000   0.518   0.252   0.229   0.000
      25   5.000   0.523   0.103   0.374   0.000
      26   5.000   0.601   0.244   0.155   0.000
      27   5.000   0.605   0.395   0.000   0.000
      28   6.000   0.501   0.497   0.000   0.002
      29   6.000   0.419   0.578   0.000   0.003
      30   6.000   0.348   0.648   0.000   0.004
      31   6.000   0.282   0.713   0.000   0.005
      32   7.000   0.218   0.776   0.000   0.006
      33   7.000   0.151   0.843   0.000   0.006
      34   7.000   0.077   0.917   0.000   0.007
      35   4.000   0.000   0.998   0.000   0.002
      36   5.000   0.079   0.921   0.000   0.000
