          Evm          Svm            E11          E22          E33          E23          E13          E12         SDEV11       SDEV22       SDEV33       SDEV23       SDEV13       SDEV12      TEMP
  0.00000E+00  0.47079E+03    0.00000E+00  0.00000E+00  0.00000E+00  0.00000E+00  0.00000E+00  0.00000E+00   -0.24802E+02 -0.25642E+03  0.28122E+03 -0.12682E+02  0.13095E+02 -0.28655E+02      298.00
  0.44801E-03  0.48093E+03   -0.25000E-03 -0.25000E-03  0.50000E-03  0.00000E+00  0.00000E+00  0.00000E+00   -0.27235E+02 -0.26080E+03  0.28804E+03 -0.14269E+02  0.13844E+02 -0.28988E+02      298.00
  0.89720E-03  0.49081E+03   -0.50000E-03 -0.50000E-03  0.10000E-02  0.00000E+00  0.00000E+00  0.00000E+00   -0.29408E+02 -0.26518E+03  0.29459E+03 -0.15646E+02  0.14368E+02 -0.29376E+02      298.00
  0.13474E-02  0.50064E+03   -0.75000E-03 -0.75000E-03  0.15000E-02  0.00000E+00  0.00000E+00  0.00000E+00   -0.31321E+02 -0.26967E+03  0.30099E+03 -0.16957E+02  0.14863E+02 -0.29823E+02      298.00
  0.17983E-02  0.51015E+03   -0.10000E-02 -0.10000E-02  0.20000E-02  0.00000E+00  0.00000E+00  0.00000E+00   -0.33027E+02 -0.27410E+03  0.30713E+03 -0.18130E+02  0.15299E+02 -0.30228E+02      298.00
  0.22498E-02  0.51956E+03   -0.12500E-02 -0.12500E-02  0.25000E-02  0.00000E+00  0.00000E+00  0.00000E+00   -0.34542E+02 -0.27858E+03  0.31313E+03 -0.19239E+02  0.15689E+02 -0.30674E+02      298.00
  0.27018E-02  0.52881E+03   -0.15000E-02 -0.15000E-02  0.30000E-02  0.00000E+00  0.00000E+00  0.00000E+00   -0.35892E+02 -0.28307E+03  0.31896E+03 -0.20278E+02  0.16044E+02 -0.31122E+02      298.00
  0.31542E-02  0.53788E+03   -0.17500E-02 -0.17500E-02  0.35000E-02  0.00000E+00  0.00000E+00  0.00000E+00   -0.37097E+02 -0.28754E+03  0.32464E+03 -0.21257E+02  0.16368E+02 -0.31572E+02      298.00
  0.36068E-02  0.54689E+03   -0.20000E-02 -0.20000E-02  0.40000E-02  0.00000E+00  0.00000E+00  0.00000E+00   -0.38155E+02 -0.29206E+03  0.33022E+03 -0.22218E+02  0.16731E+02 -0.31993E+02      298.00
  0.40597E-02  0.55565E+03   -0.22500E-02 -0.22500E-02  0.45000E-02  0.00000E+00  0.00000E+00  0.00000E+00   -0.39125E+02 -0.29649E+03  0.33562E+03 -0.23103E+02  0.17004E+02 -0.32438E+02      298.00
  0.45127E-02  0.56425E+03   -0.25000E-02 -0.25000E-02  0.50000E-02  0.00000E+00  0.00000E+00  0.00000E+00   -0.40001E+02 -0.30090E+03  0.34090E+03 -0.23949E+02  0.17251E+02 -0.32885E+02      298.00
  0.49658E-02  0.57271E+03   -0.27500E-02 -0.27500E-02  0.55000E-02  0.00000E+00  0.00000E+00  0.00000E+00   -0.40794E+02 -0.30526E+03  0.34605E+03 -0.24765E+02  0.17476E+02 -0.33330E+02      298.00
  0.54190E-02  0.58102E+03   -0.30000E-02 -0.30000E-02  0.60000E-02  0.00000E+00  0.00000E+00  0.00000E+00   -0.41514E+02 -0.30959E+03  0.35110E+03 -0.25553E+02  0.17682E+02 -0.33772E+02      298.00
  0.58722E-02  0.58918E+03   -0.32500E-02 -0.32500E-02  0.65000E-02  0.00000E+00  0.00000E+00  0.00000E+00   -0.42171E+02 -0.31387E+03  0.35604E+03 -0.26320E+02  0.17871E+02 -0.34210E+02      298.00
  0.63254E-02  0.59721E+03   -0.35000E-02 -0.35000E-02  0.70000E-02  0.00000E+00  0.00000E+00  0.00000E+00   -0.42772E+02 -0.31811E+03  0.36088E+03 -0.27069E+02  0.18044E+02 -0.34643E+02      298.00
  0.67786E-02  0.60511E+03   -0.37500E-02 -0.37500E-02  0.75000E-02  0.00000E+00  0.00000E+00  0.00000E+00   -0.43326E+02 -0.32230E+03  0.36563E+03 -0.27802E+02  0.18204E+02 -0.35072E+02      298.00
  0.72318E-02  0.61301E+03   -0.40000E-02 -0.40000E-02  0.80000E-02  0.00000E+00  0.00000E+00  0.00000E+00   -0.43808E+02 -0.32653E+03  0.37034E+03 -0.28564E+02  0.18424E+02 -0.35466E+02      298.00
  0.76849E-02  0.62064E+03   -0.42500E-02 -0.42500E-02  0.85000E-02  0.00000E+00  0.00000E+00  0.00000E+00   -0.44281E+02 -0.33062E+03  0.37490E+03 -0.29275E+02  0.18562E+02 -0.35882E+02      298.00
  0.81380E-02  0.62814E+03   -0.45000E-02 -0.45000E-02  0.90000E-02  0.00000E+00  0.00000E+00  0.00000E+00   -0.44723E+02 -0.33465E+03  0.37937E+03 -0.29978E+02  0.18687E+02 -0.36293E+02      298.00
  0.85909E-02  0.63553E+03   -0.47500E-02 -0.47500E-02  0.95000E-02  0.00000E+00  0.00000E+00  0.00000E+00   -0.45136E+02 -0.33863E+03  0.38376E+03 -0.30675E+02  0.18804E+02 -0.36697E+02      298.00
  0.90438E-02  0.64279E+03   -0.50000E-02 -0.50000E-02  0.10000E-01  0.00000E+00  0.00000E+00  0.00000E+00   -0.45523E+02 -0.34255E+03  0.38807E+03 -0.31368E+02  0.18913E+02 -0.37095E+02      298.00
  0.94966E-02  0.64993E+03   -0.52500E-02 -0.52500E-02  0.10500E-01  0.00000E+00  0.00000E+00  0.00000E+00   -0.45889E+02 -0.34642E+03  0.39231E+03 -0.32057E+02  0.19015E+02 -0.37485E+02      298.00
  0.99493E-02  0.65696E+03   -0.55000E-02 -0.55000E-02  0.11000E-01  0.00000E+00  0.00000E+00  0.00000E+00   -0.46235E+02 -0.35023E+03  0.39647E+03 -0.32745E+02  0.19110E+02 -0.37868E+02      298.00
  0.10402E-01  0.66387E+03   -0.57500E-02 -0.57500E-02  0.11500E-01  0.00000E+00  0.00000E+00  0.00000E+00   -0.46565E+02 -0.35399E+03  0.40055E+03 -0.33431E+02  0.19199E+02 -0.38244E+02      298.00
  0.10854E-01  0.67067E+03   -0.60000E-02 -0.60000E-02  0.12000E-01  0.00000E+00  0.00000E+00  0.00000E+00   -0.46879E+02 -0.35769E+03  0.40457E+03 -0.34118E+02  0.19283E+02 -0.38613E+02      298.00
  0.11307E-01  0.67718E+03   -0.62500E-02 -0.62500E-02  0.12500E-01  0.00000E+00  0.00000E+00  0.00000E+00   -0.47196E+02 -0.36122E+03  0.40841E+03 -0.34782E+02  0.19349E+02 -0.38973E+02      298.00
  0.11759E-01  0.68377E+03   -0.65000E-02 -0.65000E-02  0.13000E-01  0.00000E+00  0.00000E+00  0.00000E+00   -0.47487E+02 -0.36481E+03  0.41229E+03 -0.35469E+02  0.19420E+02 -0.39329E+02      298.00
  0.12211E-01  0.69025E+03   -0.67500E-02 -0.67500E-02  0.13500E-01  0.00000E+00  0.00000E+00  0.00000E+00   -0.47767E+02 -0.36834E+03  0.41611E+03 -0.36158E+02  0.19485E+02 -0.39680E+02      298.00
  0.12664E-01  0.69706E+03   -0.70000E-02 -0.70000E-02  0.14000E-01  0.00000E+00  0.00000E+00  0.00000E+00   -0.47990E+02 -0.37209E+03  0.42008E+03 -0.36936E+02  0.19614E+02 -0.40037E+02      298.00
  0.13116E-01  0.70333E+03   -0.72500E-02 -0.72500E-02  0.14500E-01  0.00000E+00  0.00000E+00  0.00000E+00   -0.48253E+02 -0.37551E+03  0.42377E+03 -0.37629E+02  0.19674E+02 -0.40370E+02      298.00
  0.13567E-01  0.70950E+03   -0.75000E-02 -0.75000E-02  0.15000E-01  0.00000E+00  0.00000E+00  0.00000E+00   -0.48509E+02 -0.37888E+03  0.42739E+03 -0.38324E+02  0.19728E+02 -0.40697E+02      298.00
  0.14019E-01  0.71557E+03   -0.77500E-02 -0.77500E-02  0.15500E-01  0.00000E+00  0.00000E+00  0.00000E+00   -0.48759E+02 -0.38219E+03  0.43095E+03 -0.39022E+02  0.19778E+02 -0.41016E+02      298.00
  0.14471E-01  0.72154E+03   -0.80000E-02 -0.80000E-02  0.16000E-01  0.00000E+00  0.00000E+00  0.00000E+00   -0.49003E+02 -0.38545E+03  0.43445E+03 -0.39722E+02  0.19825E+02 -0.41329E+02      298.00
  0.14923E-01  0.72741E+03   -0.82500E-02 -0.82500E-02  0.16500E-01  0.00000E+00  0.00000E+00  0.00000E+00   -0.49242E+02 -0.38865E+03  0.43790E+03 -0.40426E+02  0.19869E+02 -0.41635E+02      298.00
  0.15374E-01  0.73320E+03   -0.85000E-02 -0.85000E-02  0.17000E-01  0.00000E+00  0.00000E+00  0.00000E+00   -0.49477E+02 -0.39181E+03  0.44128E+03 -0.41133E+02  0.19910E+02 -0.41934E+02      298.00
  0.15825E-01  0.73889E+03   -0.87500E-02 -0.87500E-02  0.17500E-01  0.00000E+00  0.00000E+00  0.00000E+00   -0.49707E+02 -0.39491E+03  0.44462E+03 -0.41843E+02  0.19948E+02 -0.42226E+02      298.00
  0.16277E-01  0.74449E+03   -0.90000E-02 -0.90000E-02  0.18000E-01  0.00000E+00  0.00000E+00  0.00000E+00   -0.49934E+02 -0.39796E+03  0.44789E+03 -0.42556E+02  0.19983E+02 -0.42512E+02      298.00
  0.16728E-01  0.75000E+03   -0.92500E-02 -0.92500E-02  0.18500E-01  0.00000E+00  0.00000E+00  0.00000E+00   -0.50157E+02 -0.40096E+03  0.45112E+03 -0.43273E+02  0.20015E+02 -0.42791E+02      298.00
  0.17179E-01  0.75542E+03   -0.95000E-02 -0.95000E-02  0.19000E-01  0.00000E+00  0.00000E+00  0.00000E+00   -0.50378E+02 -0.40391E+03  0.45429E+03 -0.43993E+02  0.20045E+02 -0.43064E+02      298.00
  0.17630E-01  0.76076E+03   -0.97500E-02 -0.97500E-02  0.19500E-01  0.00000E+00  0.00000E+00  0.00000E+00   -0.50596E+02 -0.40681E+03  0.45741E+03 -0.44716E+02  0.20072E+02 -0.43330E+02      298.00
  0.18081E-01  0.76601E+03   -0.10000E-01 -0.10000E-01  0.20000E-01  0.00000E+00  0.00000E+00  0.00000E+00   -0.50811E+02 -0.40966E+03  0.46048E+03 -0.45443E+02  0.20097E+02 -0.43590E+02      298.00
  0.18532E-01  0.77118E+03   -0.10250E-01 -0.10250E-01  0.20500E-01  0.00000E+00  0.00000E+00  0.00000E+00   -0.51024E+02 -0.41247E+03  0.46349E+03 -0.46173E+02  0.20120E+02 -0.43843E+02      298.00
  0.18983E-01  0.77627E+03   -0.10500E-01 -0.10500E-01  0.21000E-01  0.00000E+00  0.00000E+00  0.00000E+00   -0.51235E+02 -0.41523E+03  0.46646E+03 -0.46906E+02  0.20140E+02 -0.44091E+02      298.00
  0.19433E-01  0.78127E+03   -0.10750E-01 -0.10750E-01  0.21500E-01  0.00000E+00  0.00000E+00  0.00000E+00   -0.51444E+02 -0.41794E+03  0.46938E+03 -0.47642E+02  0.20158E+02 -0.44333E+02      298.00
  0.19884E-01  0.78620E+03   -0.11000E-01 -0.11000E-01  0.22000E-01  0.00000E+00  0.00000E+00  0.00000E+00   -0.51651E+02 -0.42061E+03  0.47226E+03 -0.48381E+02  0.20174E+02 -0.44569E+02      298.00
  0.20334E-01  0.79105E+03   -0.11250E-01 -0.11250E-01  0.22500E-01  0.00000E+00  0.00000E+00  0.00000E+00   -0.51857E+02 -0.42323E+03  0.47508E+03 -0.49123E+02  0.20187E+02 -0.44799E+02      298.00
  0.20785E-01  0.79601E+03   -0.11500E-01 -0.11500E-01  0.23000E-01  0.00000E+00  0.00000E+00  0.00000E+00   -0.52027E+02 -0.42593E+03  0.47796E+03 -0.49913E+02  0.20270E+02 -0.44983E+02      298.00
  0.21235E-01  0.80070E+03   -0.11750E-01 -0.11750E-01  0.23500E-01  0.00000E+00  0.00000E+00  0.00000E+00   -0.52229E+02 -0.42846E+03  0.48069E+03 -0.50663E+02  0.20283E+02 -0.45201E+02      298.00
  0.21685E-01  0.80532E+03   -0.12000E-01 -0.12000E-01  0.24000E-01  0.00000E+00  0.00000E+00  0.00000E+00   -0.52431E+02 -0.43095E+03  0.48338E+03 -0.51413E+02  0.20290E+02 -0.45415E+02      298.00
  0.22136E-01  0.80986E+03   -0.12250E-01 -0.12250E-01  0.24500E-01  0.00000E+00  0.00000E+00  0.00000E+00   -0.52631E+02 -0.43340E+03  0.48603E+03 -0.52166E+02  0.20295E+02 -0.45623E+02      298.00
  0.22586E-01  0.81434E+03   -0.12500E-01 -0.12500E-01  0.25000E-01  0.00000E+00  0.00000E+00  0.00000E+00   -0.52831E+02 -0.43580E+03  0.48863E+03 -0.52922E+02  0.20297E+02 -0.45827E+02      298.00
          Evm          Svm            E11          E22          E33          E23          E13          E12         SDEV11       SDEV22       SDEV33       SDEV23       SDEV13       SDEV12      TEMP
  0.22586E-01  0.81389E+03   -0.12500E-01 -0.12500E-01  0.25000E-01  0.00000E+00  0.00000E+00  0.00000E+00   -0.52934E+02 -0.43549E+03  0.48843E+03 -0.52773E+02  0.20026E+02 -0.45954E+02      298.00
  0.23036E-01  0.81874E+03   -0.12750E-01 -0.12750E-01  0.25500E-01  0.00000E+00  0.00000E+00  0.00000E+00   -0.53033E+02 -0.43816E+03  0.49119E+03 -0.53678E+02  0.20285E+02 -0.46035E+02      298.00
  0.23486E-01  0.82307E+03   -0.13000E-01 -0.13000E-01  0.26000E-01  0.00000E+00  0.00000E+00  0.00000E+00   -0.53227E+02 -0.44048E+03  0.49371E+03 -0.54441E+02  0.20296E+02 -0.46219E+02      298.00
  0.23936E-01  0.82733E+03   -0.13250E-01 -0.13250E-01  0.26500E-01  0.00000E+00  0.00000E+00  0.00000E+00   -0.53423E+02 -0.44276E+03  0.49618E+03 -0.55205E+02  0.20293E+02 -0.46407E+02      298.00
  0.24385E-01  0.83152E+03   -0.13500E-01 -0.13500E-01  0.27000E-01  0.00000E+00  0.00000E+00  0.00000E+00   -0.53619E+02 -0.44500E+03  0.49862E+03 -0.55970E+02  0.20288E+02 -0.46591E+02      298.00
  0.24835E-01  0.83565E+03   -0.13750E-01 -0.13750E-01  0.27500E-01  0.00000E+00  0.00000E+00  0.00000E+00   -0.53814E+02 -0.44720E+03  0.50102E+03 -0.56738E+02  0.20281E+02 -0.46770E+02      298.00
  0.25285E-01  0.83957E+03   -0.14000E-01 -0.14000E-01  0.28000E-01  0.00000E+00  0.00000E+00  0.00000E+00   -0.53997E+02 -0.44930E+03  0.50330E+03 -0.57479E+02  0.20358E+02 -0.46825E+02      298.00
  0.25734E-01  0.84357E+03   -0.14250E-01 -0.14250E-01  0.28500E-01  0.00000E+00  0.00000E+00  0.00000E+00   -0.54188E+02 -0.45143E+03  0.50562E+03 -0.58253E+02  0.20355E+02 -0.46990E+02      298.00
  0.26184E-01  0.84751E+03   -0.14500E-01 -0.14500E-01  0.29000E-01  0.00000E+00  0.00000E+00  0.00000E+00   -0.54379E+02 -0.45352E+03  0.50790E+03 -0.59029E+02  0.20347E+02 -0.47152E+02      298.00
  0.26633E-01  0.85153E+03   -0.14750E-01 -0.14750E-01  0.29500E-01  0.00000E+00  0.00000E+00  0.00000E+00   -0.54579E+02 -0.45565E+03  0.51022E+03 -0.59837E+02  0.20260E+02 -0.47424E+02      298.00
  0.27083E-01  0.85519E+03   -0.15000E-01 -0.15000E-01  0.30000E-01  0.00000E+00  0.00000E+00  0.00000E+00   -0.54759E+02 -0.45760E+03  0.51235E+03 -0.60585E+02  0.20324E+02 -0.47464E+02      298.00
  0.27532E-01  0.85909E+03   -0.15250E-01 -0.15250E-01  0.30500E-01  0.00000E+00  0.00000E+00  0.00000E+00   -0.54958E+02 -0.45965E+03  0.51460E+03 -0.61397E+02  0.20234E+02 -0.47728E+02      298.00
  0.27981E-01  0.86264E+03   -0.15500E-01 -0.15500E-01  0.31000E-01  0.00000E+00  0.00000E+00  0.00000E+00   -0.55143E+02 -0.46152E+03  0.51666E+03 -0.62143E+02  0.20268E+02 -0.47780E+02      298.00
  0.28431E-01  0.86588E+03   -0.15750E-01 -0.15750E-01  0.31500E-01  0.00000E+00  0.00000E+00  0.00000E+00   -0.55381E+02 -0.46320E+03  0.51858E+03 -0.62812E+02  0.20168E+02 -0.47895E+02      298.00
  0.28880E-01  0.86946E+03   -0.16000E-01 -0.16000E-01  0.32000E-01  0.00000E+00  0.00000E+00  0.00000E+00   -0.55549E+02 -0.46509E+03  0.52064E+03 -0.63612E+02  0.20223E+02 -0.47975E+02      298.00
  0.29329E-01  0.87337E+03   -0.16250E-01 -0.16250E-01  0.32500E-01  0.00000E+00  0.00000E+00  0.00000E+00   -0.55722E+02 -0.46715E+03  0.52288E+03 -0.64488E+02  0.20148E+02 -0.48242E+02      298.00
  0.29778E-01  0.87685E+03   -0.16500E-01 -0.16500E-01  0.33000E-01  0.00000E+00  0.00000E+00  0.00000E+00   -0.55892E+02 -0.46898E+03  0.52488E+03 -0.65291E+02  0.20199E+02 -0.48318E+02      298.00
  0.30227E-01  0.88025E+03   -0.16750E-01 -0.16750E-01  0.33500E-01  0.00000E+00  0.00000E+00  0.00000E+00   -0.56097E+02 -0.47074E+03  0.52684E+03 -0.66083E+02  0.20102E+02 -0.48534E+02      298.00
  0.30676E-01  0.88360E+03   -0.17000E-01 -0.17000E-01  0.34000E-01  0.00000E+00  0.00000E+00  0.00000E+00   -0.56285E+02 -0.47249E+03  0.52877E+03 -0.66871E+02  0.20068E+02 -0.48662E+02      298.00
  0.31125E-01  0.88705E+03   -0.17250E-01 -0.17250E-01  0.34500E-01  0.00000E+00  0.00000E+00  0.00000E+00   -0.56438E+02 -0.47431E+03  0.53074E+03 -0.67709E+02  0.20133E+02 -0.48727E+02      298.00
  0.31573E-01  0.89031E+03   -0.17500E-01 -0.17500E-01  0.35000E-01  0.00000E+00  0.00000E+00  0.00000E+00   -0.56619E+02 -0.47600E+03  0.53262E+03 -0.68505E+02  0.20096E+02 -0.48850E+02      298.00
  0.32022E-01  0.89350E+03   -0.17750E-01 -0.17750E-01  0.35500E-01  0.00000E+00  0.00000E+00  0.00000E+00   -0.56815E+02 -0.47764E+03  0.53446E+03 -0.69290E+02  0.20003E+02 -0.49011E+02      298.00
  0.32471E-01  0.89651E+03   -0.18000E-01 -0.18000E-01  0.36000E-01  0.00000E+00  0.00000E+00  0.00000E+00   -0.56998E+02 -0.47921E+03  0.53620E+03 -0.70049E+02  0.20012E+02 -0.49040E+02      298.00
  0.32919E-01  0.89927E+03   -0.18250E-01 -0.18250E-01  0.36500E-01  0.00000E+00  0.00000E+00  0.00000E+00   -0.57203E+02 -0.48061E+03  0.53781E+03 -0.70745E+02  0.19997E+02 -0.49025E+02      298.00
  0.33368E-01  0.90232E+03   -0.18500E-01 -0.18500E-01  0.37000E-01  0.00000E+00  0.00000E+00  0.00000E+00   -0.57385E+02 -0.48218E+03  0.53957E+03 -0.71544E+02  0.19963E+02 -0.49127E+02      298.00
  0.33816E-01  0.90533E+03   -0.18750E-01 -0.18750E-01  0.37500E-01  0.00000E+00  0.00000E+00  0.00000E+00   -0.57567E+02 -0.48373E+03  0.54129E+03 -0.72343E+02  0.19922E+02 -0.49231E+02      298.00
  0.34265E-01  0.90829E+03   -0.19000E-01 -0.19000E-01  0.38000E-01  0.00000E+00  0.00000E+00  0.00000E+00   -0.57749E+02 -0.48524E+03  0.54299E+03 -0.73143E+02  0.19879E+02 -0.49332E+02      298.00
  0.34713E-01  0.91120E+03   -0.19250E-01 -0.19250E-01  0.38500E-01  0.00000E+00  0.00000E+00  0.00000E+00   -0.57930E+02 -0.48673E+03  0.54466E+03 -0.73943E+02  0.19835E+02 -0.49429E+02      298.00
  0.35161E-01  0.91407E+03   -0.19500E-01 -0.19500E-01  0.39000E-01  0.00000E+00  0.00000E+00  0.00000E+00   -0.58111E+02 -0.48819E+03  0.54630E+03 -0.74745E+02  0.19789E+02 -0.49524E+02      298.00
  0.35610E-01  0.91689E+03   -0.19750E-01 -0.19750E-01  0.39500E-01  0.00000E+00  0.00000E+00  0.00000E+00   -0.58292E+02 -0.48963E+03  0.54792E+03 -0.75547E+02  0.19743E+02 -0.49615E+02      298.00
  0.36058E-01  0.91967E+03   -0.20000E-01 -0.20000E-01  0.40000E-01  0.00000E+00  0.00000E+00  0.00000E+00   -0.58472E+02 -0.49103E+03  0.54950E+03 -0.76350E+02  0.19695E+02 -0.49704E+02      298.00
  0.36506E-01  0.92240E+03   -0.20250E-01 -0.20250E-01  0.40500E-01  0.00000E+00  0.00000E+00  0.00000E+00   -0.58651E+02 -0.49241E+03  0.55107E+03 -0.77154E+02  0.19646E+02 -0.49789E+02      298.00
  0.36954E-01  0.92510E+03   -0.20500E-01 -0.20500E-01  0.41000E-01  0.00000E+00  0.00000E+00  0.00000E+00   -0.58830E+02 -0.49377E+03  0.55260E+03 -0.77958E+02  0.19596E+02 -0.49871E+02      298.00
  0.37402E-01  0.92774E+03   -0.20750E-01 -0.20750E-01  0.41500E-01  0.00000E+00  0.00000E+00  0.00000E+00   -0.59009E+02 -0.49510E+03  0.55411E+03 -0.78763E+02  0.19544E+02 -0.49951E+02      298.00
  0.37850E-01  0.93035E+03   -0.21000E-01 -0.21000E-01  0.42000E-01  0.00000E+00  0.00000E+00  0.00000E+00   -0.59187E+02 -0.49641E+03  0.55559E+03 -0.79568E+02  0.19492E+02 -0.50028E+02      298.00
  0.38298E-01  0.93292E+03   -0.21250E-01 -0.21250E-01  0.42500E-01  0.00000E+00  0.00000E+00  0.00000E+00   -0.59365E+02 -0.49769E+03  0.55705E+03 -0.80374E+02  0.19438E+02 -0.50101E+02      298.00
  0.38746E-01  0.93544E+03   -0.21500E-01 -0.21500E-01  0.43000E-01  0.00000E+00  0.00000E+00  0.00000E+00   -0.59543E+02 -0.49895E+03  0.55849E+03 -0.81180E+02  0.19384E+02 -0.50172E+02      298.00
  0.39193E-01  0.93793E+03   -0.21750E-01 -0.21750E-01  0.43500E-01  0.00000E+00  0.00000E+00  0.00000E+00   -0.59720E+02 -0.50018E+03  0.55990E+03 -0.81987E+02  0.19328E+02 -0.50241E+02      298.00
  0.39641E-01  0.94103E+03   -0.22000E-01 -0.22000E-01  0.44000E-01  0.00000E+00  0.00000E+00  0.00000E+00   -0.59857E+02 -0.50177E+03  0.56162E+03 -0.82955E+02  0.19226E+02 -0.50424E+02      298.00
  0.40089E-01  0.94277E+03   -0.22250E-01 -0.22250E-01  0.44500E-01  0.00000E+00  0.00000E+00  0.00000E+00   -0.60081E+02 -0.50257E+03  0.56265E+03 -0.83589E+02  0.19173E+02 -0.50394E+02      298.00
  0.40536E-01  0.94578E+03   -0.22500E-01 -0.22500E-01  0.45000E-01  0.00000E+00  0.00000E+00  0.00000E+00   -0.60214E+02 -0.50410E+03  0.56432E+03 -0.84561E+02  0.19085E+02 -0.50559E+02      298.00
  0.40984E-01  0.94812E+03   -0.22750E-01 -0.22750E-01  0.45500E-01  0.00000E+00  0.00000E+00  0.00000E+00   -0.60390E+02 -0.50524E+03  0.56563E+03 -0.85368E+02  0.19013E+02 -0.50624E+02      298.00
  0.41431E-01  0.95040E+03   -0.23000E-01 -0.23000E-01  0.46000E-01  0.00000E+00  0.00000E+00  0.00000E+00   -0.60565E+02 -0.50636E+03  0.56692E+03 -0.86174E+02  0.18949E+02 -0.50680E+02      298.00
  0.41879E-01  0.95265E+03   -0.23250E-01 -0.23250E-01  0.46500E-01  0.00000E+00  0.00000E+00  0.00000E+00   -0.60739E+02 -0.50745E+03  0.56819E+03 -0.86981E+02  0.18888E+02 -0.50732E+02      298.00
  0.42326E-01  0.95382E+03   -0.23500E-01 -0.23500E-01  0.47000E-01  0.00000E+00  0.00000E+00  0.00000E+00   -0.60985E+02 -0.50794E+03  0.56892E+03 -0.87480E+02  0.18866E+02 -0.50521E+02      298.00
  0.42773E-01  0.95707E+03   -0.23750E-01 -0.23750E-01  0.47500E-01  0.00000E+00  0.00000E+00  0.00000E+00   -0.61084E+02 -0.50959E+03  0.57067E+03 -0.88601E+02  0.18772E+02 -0.50821E+02      298.00
  0.43220E-01  0.95818E+03   -0.24000E-01 -0.24000E-01  0.48000E-01  0.00000E+00  0.00000E+00  0.00000E+00   -0.61331E+02 -0.51004E+03  0.57137E+03 -0.89098E+02  0.18742E+02 -0.50615E+02      298.00
  0.43668E-01  0.96028E+03   -0.24250E-01 -0.24250E-01  0.48500E-01  0.00000E+00  0.00000E+00  0.00000E+00   -0.61504E+02 -0.51105E+03  0.57255E+03 -0.89904E+02  0.18690E+02 -0.50647E+02      298.00
  0.44115E-01  0.96237E+03   -0.24500E-01 -0.24500E-01  0.49000E-01  0.00000E+00  0.00000E+00  0.00000E+00   -0.61677E+02 -0.51205E+03  0.57372E+03 -0.90713E+02  0.18630E+02 -0.50685E+02      298.00
  0.44562E-01  0.96443E+03   -0.24750E-01 -0.24750E-01  0.49500E-01  0.00000E+00  0.00000E+00  0.00000E+00   -0.61848E+02 -0.51303E+03  0.57487E+03 -0.91522E+02  0.18570E+02 -0.50720E+02      298.00
  0.45009E-01  0.96646E+03   -0.25000E-01 -0.25000E-01  0.50000E-01  0.00000E+00  0.00000E+00  0.00000E+00   -0.62019E+02 -0.51399E+03  0.57601E+03 -0.92333E+02  0.18510E+02 -0.50753E+02      298.00
          Evm          Svm            E11          E22          E33          E23          E13          E12         SDEV11       SDEV22       SDEV33       SDEV23       SDEV13       SDEV12      TEMP
  0.45009E-01  0.96698E+03   -0.25000E-01 -0.25000E-01  0.50000E-01  0.00000E+00  0.00000E+00  0.00000E+00   -0.62037E+02 -0.51423E+03  0.57626E+03 -0.92486E+02  0.18261E+02 -0.51152E+02      298.00
  0.45456E-01  0.96850E+03   -0.25250E-01 -0.25250E-01  0.50500E-01  0.00000E+00  0.00000E+00  0.00000E+00   -0.62194E+02 -0.51495E+03  0.57714E+03 -0.93154E+02  0.18410E+02 -0.50830E+02      298.00
  0.45903E-01  0.97043E+03   -0.25500E-01 -0.25500E-01  0.51000E-01  0.00000E+00  0.00000E+00  0.00000E+00   -0.62361E+02 -0.51585E+03  0.57821E+03 -0.93954E+02  0.18378E+02 -0.50822E+02      298.00
  0.46350E-01  0.97236E+03   -0.25750E-01 -0.25750E-01  0.51500E-01  0.00000E+00  0.00000E+00  0.00000E+00   -0.62530E+02 -0.51676E+03  0.57929E+03 -0.94764E+02  0.18321E+02 -0.50845E+02      298.00
  0.46797E-01  0.97426E+03   -0.26000E-01 -0.26000E-01  0.52000E-01  0.00000E+00  0.00000E+00  0.00000E+00   -0.62699E+02 -0.51764E+03  0.58034E+03 -0.95575E+02  0.18262E+02 -0.50868E+02      298.00
  0.47243E-01  0.97614E+03   -0.26250E-01 -0.26250E-01  0.52500E-01  0.00000E+00  0.00000E+00  0.00000E+00   -0.62867E+02 -0.51851E+03  0.58138E+03 -0.96386E+02  0.18201E+02 -0.50890E+02      298.00
  0.47690E-01  0.97799E+03   -0.26500E-01 -0.26500E-01  0.53000E-01  0.00000E+00  0.00000E+00  0.00000E+00   -0.63035E+02 -0.51936E+03  0.58240E+03 -0.97197E+02  0.18140E+02 -0.50909E+02      298.00
  0.48137E-01  0.98070E+03   -0.26750E-01 -0.26750E-01  0.53500E-01  0.00000E+00  0.00000E+00  0.00000E+00   -0.63143E+02 -0.52069E+03  0.58383E+03 -0.98303E+02  0.18002E+02 -0.51201E+02      298.00
  0.48583E-01  0.98161E+03   -0.27000E-01 -0.27000E-01  0.54000E-01  0.00000E+00  0.00000E+00  0.00000E+00   -0.63374E+02 -0.52102E+03  0.58440E+03 -0.98818E+02  0.17983E+02 -0.50968E+02      298.00
  0.49030E-01  0.98336E+03   -0.27250E-01 -0.27250E-01  0.54500E-01  0.00000E+00  0.00000E+00  0.00000E+00   -0.63542E+02 -0.52181E+03  0.58536E+03 -0.99626E+02  0.17928E+02 -0.50974E+02      298.00
  0.49476E-01  0.98509E+03   -0.27500E-01 -0.27500E-01  0.55000E-01  0.00000E+00  0.00000E+00  0.00000E+00   -0.63709E+02 -0.52260E+03  0.58631E+03 -0.10044E+03  0.17864E+02 -0.50986E+02      298.00
  0.49923E-01  0.98680E+03   -0.27750E-01 -0.27750E-01  0.55500E-01  0.00000E+00  0.00000E+00  0.00000E+00   -0.63875E+02 -0.52336E+03  0.58724E+03 -0.10125E+03  0.17799E+02 -0.50998E+02      298.00
  0.50369E-01  0.98848E+03   -0.28000E-01 -0.28000E-01  0.56000E-01  0.00000E+00  0.00000E+00  0.00000E+00   -0.64041E+02 -0.52412E+03  0.58816E+03 -0.10206E+03  0.17734E+02 -0.51007E+02      298.00
  0.50815E-01  0.99013E+03   -0.28250E-01 -0.28250E-01  0.56500E-01  0.00000E+00  0.00000E+00  0.00000E+00   -0.64207E+02 -0.52485E+03  0.58906E+03 -0.10287E+03  0.17667E+02 -0.51016E+02      298.00
  0.51261E-01  0.99176E+03   -0.28500E-01 -0.28500E-01  0.57000E-01  0.00000E+00  0.00000E+00  0.00000E+00   -0.64373E+02 -0.52557E+03  0.58994E+03 -0.10367E+03  0.17600E+02 -0.51022E+02      298.00
  0.51707E-01  0.99336E+03   -0.28750E-01 -0.28750E-01  0.57500E-01  0.00000E+00  0.00000E+00  0.00000E+00   -0.64538E+02 -0.52628E+03  0.59081E+03 -0.10448E+03  0.17532E+02 -0.51027E+02      298.00
  0.52154E-01  0.99494E+03   -0.29000E-01 -0.29000E-01  0.58000E-01  0.00000E+00  0.00000E+00  0.00000E+00   -0.64704E+02 -0.52697E+03  0.59167E+03 -0.10529E+03  0.17464E+02 -0.51031E+02      298.00
  0.52600E-01  0.99650E+03   -0.29250E-01 -0.29250E-01  0.58500E-01  0.00000E+00  0.00000E+00  0.00000E+00   -0.64868E+02 -0.52764E+03  0.59251E+03 -0.10610E+03  0.17394E+02 -0.51033E+02      298.00
  0.53045E-01  0.99803E+03   -0.29500E-01 -0.29500E-01  0.59000E-01  0.00000E+00  0.00000E+00  0.00000E+00   -0.65033E+02 -0.52830E+03  0.59333E+03 -0.10691E+03  0.17324E+02 -0.51034E+02      298.00
  0.53491E-01  0.10003E+04   -0.29750E-01 -0.29750E-01  0.59500E-01  0.00000E+00  0.00000E+00  0.00000E+00   -0.65154E+02 -0.52933E+03  0.59449E+03 -0.10798E+03  0.17148E+02 -0.51314E+02      298.00
  0.53937E-01  0.10010E+04   -0.30000E-01 -0.30000E-01  0.60000E-01  0.00000E+00  0.00000E+00  0.00000E+00   -0.65366E+02 -0.52958E+03  0.59494E+03 -0.10852E+03  0.17151E+02 -0.51055E+02      298.00
  0.54383E-01  0.10025E+04   -0.30250E-01 -0.30250E-01  0.60500E-01  0.00000E+00  0.00000E+00  0.00000E+00   -0.65530E+02 -0.53019E+03  0.59572E+03 -0.10933E+03  0.17088E+02 -0.51042E+02      298.00
  0.54829E-01  0.10039E+04   -0.30500E-01 -0.30500E-01  0.61000E-01  0.00000E+00  0.00000E+00  0.00000E+00   -0.65693E+02 -0.53079E+03  0.59648E+03 -0.11013E+03  0.17017E+02 -0.51037E+02      298.00
  0.55274E-01  0.10053E+04   -0.30750E-01 -0.30750E-01  0.61500E-01  0.00000E+00  0.00000E+00  0.00000E+00   -0.65857E+02 -0.53138E+03  0.59724E+03 -0.11094E+03  0.16944E+02 -0.51031E+02      298.00
  0.55720E-01  0.10067E+04   -0.31000E-01 -0.31000E-01  0.62000E-01  0.00000E+00  0.00000E+00  0.00000E+00   -0.66020E+02 -0.53195E+03  0.59797E+03 -0.11174E+03  0.16870E+02 -0.51023E+02      298.00
  0.56165E-01  0.10081E+04   -0.31250E-01 -0.31250E-01  0.62500E-01  0.00000E+00  0.00000E+00  0.00000E+00   -0.66183E+02 -0.53252E+03  0.59870E+03 -0.11255E+03  0.16796E+02 -0.51015E+02      298.00
  0.56611E-01  0.10094E+04   -0.31500E-01 -0.31500E-01  0.63000E-01  0.00000E+00  0.00000E+00  0.00000E+00   -0.66346E+02 -0.53306E+03  0.59941E+03 -0.11335E+03  0.16721E+02 -0.51005E+02      298.00
  0.57056E-01  0.10108E+04   -0.31750E-01 -0.31750E-01  0.63500E-01  0.00000E+00  0.00000E+00  0.00000E+00   -0.66508E+02 -0.53360E+03  0.60011E+03 -0.11415E+03  0.16645E+02 -0.50994E+02      298.00
  0.57501E-01  0.10121E+04   -0.32000E-01 -0.32000E-01  0.64000E-01  0.00000E+00  0.00000E+00  0.00000E+00   -0.66671E+02 -0.53412E+03  0.60080E+03 -0.11496E+03  0.16569E+02 -0.50982E+02      298.00
  0.57946E-01  0.10134E+04   -0.32250E-01 -0.32250E-01  0.64500E-01  0.00000E+00  0.00000E+00  0.00000E+00   -0.66833E+02 -0.53464E+03  0.60147E+03 -0.11576E+03  0.16493E+02 -0.50969E+02      298.00
  0.58392E-01  0.10146E+04   -0.32500E-01 -0.32500E-01  0.65000E-01  0.00000E+00  0.00000E+00  0.00000E+00   -0.66995E+02 -0.53513E+03  0.60213E+03 -0.11656E+03  0.16416E+02 -0.50954E+02      298.00
  0.58837E-01  0.10159E+04   -0.32750E-01 -0.32750E-01  0.65500E-01  0.00000E+00  0.00000E+00  0.00000E+00   -0.67156E+02 -0.53562E+03  0.60278E+03 -0.11736E+03  0.16338E+02 -0.50939E+02      298.00
  0.59282E-01  0.10171E+04   -0.33000E-01 -0.33000E-01  0.66000E-01  0.00000E+00  0.00000E+00  0.00000E+00   -0.67318E+02 -0.53609E+03  0.60341E+03 -0.11817E+03  0.16260E+02 -0.50922E+02      298.00
  0.59727E-01  0.10183E+04   -0.33250E-01 -0.33250E-01  0.66500E-01  0.00000E+00  0.00000E+00  0.00000E+00   -0.67479E+02 -0.53656E+03  0.60404E+03 -0.11897E+03  0.16181E+02 -0.50904E+02      298.00
  0.60172E-01  0.10195E+04   -0.33500E-01 -0.33500E-01  0.67000E-01  0.00000E+00  0.00000E+00  0.00000E+00   -0.67640E+02 -0.53701E+03  0.60465E+03 -0.11977E+03  0.16102E+02 -0.50886E+02      298.00
  0.60616E-01  0.10207E+04   -0.33750E-01 -0.33750E-01  0.67500E-01  0.00000E+00  0.00000E+00  0.00000E+00   -0.67801E+02 -0.53745E+03  0.60525E+03 -0.12056E+03  0.16023E+02 -0.50866E+02      298.00
  0.61061E-01  0.10218E+04   -0.34000E-01 -0.34000E-01  0.68000E-01  0.00000E+00  0.00000E+00  0.00000E+00   -0.67962E+02 -0.53788E+03  0.60584E+03 -0.12136E+03  0.15943E+02 -0.50845E+02      298.00
  0.61506E-01  0.10230E+04   -0.34250E-01 -0.34250E-01  0.68500E-01  0.00000E+00  0.00000E+00  0.00000E+00   -0.68122E+02 -0.53829E+03  0.60642E+03 -0.12216E+03  0.15863E+02 -0.50822E+02      298.00
  0.61950E-01  0.10241E+04   -0.34500E-01 -0.34500E-01  0.69000E-01  0.00000E+00  0.00000E+00  0.00000E+00   -0.68282E+02 -0.53870E+03  0.60698E+03 -0.12296E+03  0.15782E+02 -0.50799E+02      298.00
  0.62395E-01  0.10252E+04   -0.34750E-01 -0.34750E-01  0.69500E-01  0.00000E+00  0.00000E+00  0.00000E+00   -0.68442E+02 -0.53909E+03  0.60754E+03 -0.12375E+03  0.15701E+02 -0.50775E+02      298.00
  0.62839E-01  0.10263E+04   -0.35000E-01 -0.35000E-01  0.70000E-01  0.00000E+00  0.00000E+00  0.00000E+00   -0.68602E+02 -0.53948E+03  0.60808E+03 -0.12455E+03  0.15620E+02 -0.50750E+02      298.00
  0.63284E-01  0.10274E+04   -0.35250E-01 -0.35250E-01  0.70500E-01  0.00000E+00  0.00000E+00  0.00000E+00   -0.68762E+02 -0.53985E+03  0.60861E+03 -0.12534E+03  0.15538E+02 -0.50724E+02      298.00
  0.63728E-01  0.10284E+04   -0.35500E-01 -0.35500E-01  0.71000E-01  0.00000E+00  0.00000E+00  0.00000E+00   -0.68921E+02 -0.54022E+03  0.60914E+03 -0.12614E+03  0.15456E+02 -0.50697E+02      298.00
  0.64172E-01  0.10294E+04   -0.35750E-01 -0.35750E-01  0.71500E-01  0.00000E+00  0.00000E+00  0.00000E+00   -0.69081E+02 -0.54057E+03  0.60965E+03 -0.12693E+03  0.15374E+02 -0.50669E+02      298.00
  0.64616E-01  0.10305E+04   -0.36000E-01 -0.36000E-01  0.72000E-01  0.00000E+00  0.00000E+00  0.00000E+00   -0.69240E+02 -0.54091E+03  0.61015E+03 -0.12773E+03  0.15291E+02 -0.50640E+02      298.00
  0.65061E-01  0.10315E+04   -0.36250E-01 -0.36250E-01  0.72500E-01  0.00000E+00  0.00000E+00  0.00000E+00   -0.69399E+02 -0.54125E+03  0.61065E+03 -0.12852E+03  0.15208E+02 -0.50610E+02      298.00
  0.65505E-01  0.10324E+04   -0.36500E-01 -0.36500E-01  0.73000E-01  0.00000E+00  0.00000E+00  0.00000E+00   -0.69557E+02 -0.54157E+03  0.61113E+03 -0.12931E+03  0.15124E+02 -0.50580E+02      298.00
  0.65948E-01  0.10334E+04   -0.36750E-01 -0.36750E-01  0.73500E-01  0.00000E+00  0.00000E+00  0.00000E+00   -0.69716E+02 -0.54189E+03  0.61160E+03 -0.13010E+03  0.15041E+02 -0.50548E+02      298.00
  0.66392E-01  0.10344E+04   -0.37000E-01 -0.37000E-01  0.74000E-01  0.00000E+00  0.00000E+00  0.00000E+00   -0.69874E+02 -0.54219E+03  0.61206E+03 -0.13089E+03  0.14957E+02 -0.50516E+02      298.00
  0.66836E-01  0.10353E+04   -0.37250E-01 -0.37250E-01  0.74500E-01  0.00000E+00  0.00000E+00  0.00000E+00   -0.70033E+02 -0.54249E+03  0.61252E+03 -0.13168E+03  0.14873E+02 -0.50482E+02      298.00
  0.67280E-01  0.10362E+04   -0.37500E-01 -0.37500E-01  0.75000E-01  0.00000E+00  0.00000E+00  0.00000E+00   -0.70191E+02 -0.54277E+03  0.61296E+03 -0.13247E+03  0.14788E+02 -0.50448E+02      298.00
          Evm          Svm            E11          E22          E33          E23          E13          E12         SDEV11       SDEV22       SDEV33       SDEV23       SDEV13       SDEV12      TEMP
  0.67280E-01  0.10364E+04   -0.37500E-01 -0.37500E-01  0.75000E-01  0.00000E+00  0.00000E+00  0.00000E+00   -0.70251E+02 -0.54282E+03  0.61307E+03 -0.13252E+03  0.14414E+02 -0.50839E+02      298.00
  0.67723E-01  0.10372E+04   -0.37750E-01 -0.37750E-01  0.75500E-01  0.00000E+00  0.00000E+00  0.00000E+00   -0.70355E+02 -0.54305E+03  0.61341E+03 -0.13326E+03  0.14664E+02 -0.50451E+02      298.00
  0.68167E-01  0.10381E+04   -0.38000E-01 -0.38000E-01  0.76000E-01  0.00000E+00  0.00000E+00  0.00000E+00   -0.70508E+02 -0.54332E+03  0.61382E+03 -0.13404E+03  0.14612E+02 -0.50382E+02      298.00
  0.68611E-01  0.10389E+04   -0.38250E-01 -0.38250E-01  0.76500E-01  0.00000E+00  0.00000E+00  0.00000E+00   -0.70665E+02 -0.54357E+03  0.61424E+03 -0.13483E+03  0.14530E+02 -0.50343E+02      298.00
  0.69054E-01  0.10398E+04   -0.38500E-01 -0.38500E-01  0.77000E-01  0.00000E+00  0.00000E+00  0.00000E+00   -0.70822E+02 -0.54383E+03  0.61465E+03 -0.13561E+03  0.14445E+02 -0.50305E+02      298.00
  0.69497E-01  0.10407E+04   -0.38750E-01 -0.38750E-01  0.77500E-01  0.00000E+00  0.00000E+00  0.00000E+00   -0.70979E+02 -0.54407E+03  0.61505E+03 -0.13640E+03  0.14360E+02 -0.50267E+02      298.00
  0.69941E-01  0.10415E+04   -0.39000E-01 -0.39000E-01  0.78000E-01  0.00000E+00  0.00000E+00  0.00000E+00   -0.71136E+02 -0.54430E+03  0.61544E+03 -0.13718E+03  0.14274E+02 -0.50228E+02      298.00
  0.70384E-01  0.10424E+04   -0.39250E-01 -0.39250E-01  0.78500E-01  0.00000E+00  0.00000E+00  0.00000E+00   -0.71293E+02 -0.54453E+03  0.61582E+03 -0.13797E+03  0.14188E+02 -0.50188E+02      298.00
  0.70827E-01  0.10432E+04   -0.39500E-01 -0.39500E-01  0.79000E-01  0.00000E+00  0.00000E+00  0.00000E+00   -0.71450E+02 -0.54474E+03  0.61619E+03 -0.13875E+03  0.14102E+02 -0.50148E+02      298.00
  0.71270E-01  0.10440E+04   -0.39750E-01 -0.39750E-01  0.79500E-01  0.00000E+00  0.00000E+00  0.00000E+00   -0.71606E+02 -0.54495E+03  0.61656E+03 -0.13953E+03  0.14016E+02 -0.50107E+02      298.00
  0.71713E-01  0.10448E+04   -0.40000E-01 -0.40000E-01  0.80000E-01  0.00000E+00  0.00000E+00  0.00000E+00   -0.71762E+02 -0.54515E+03  0.61692E+03 -0.14031E+03  0.13930E+02 -0.50065E+02      298.00
  0.72156E-01  0.10456E+04   -0.40250E-01 -0.40250E-01  0.80500E-01  0.00000E+00  0.00000E+00  0.00000E+00   -0.71919E+02 -0.54535E+03  0.61726E+03 -0.14109E+03  0.13843E+02 -0.50023E+02      298.00
  0.72598E-01  0.10463E+04   -0.40500E-01 -0.40500E-01  0.81000E-01  0.00000E+00  0.00000E+00  0.00000E+00   -0.72075E+02 -0.54553E+03  0.61761E+03 -0.14187E+03  0.13756E+02 -0.49980E+02      298.00
  0.73041E-01  0.10471E+04   -0.40750E-01 -0.40750E-01  0.81500E-01  0.00000E+00  0.00000E+00  0.00000E+00   -0.72231E+02 -0.54571E+03  0.61794E+03 -0.14265E+03  0.13669E+02 -0.49936E+02      298.00
  0.73484E-01  0.10478E+04   -0.41000E-01 -0.41000E-01  0.82000E-01  0.00000E+00  0.00000E+00  0.00000E+00   -0.72386E+02 -0.54588E+03  0.61827E+03 -0.14343E+03  0.13582E+02 -0.49891E+02      298.00
  0.73926E-01  0.10486E+04   -0.41250E-01 -0.41250E-01  0.82500E-01  0.00000E+00  0.00000E+00  0.00000E+00   -0.72542E+02 -0.54604E+03  0.61858E+03 -0.14420E+03  0.13494E+02 -0.49846E+02      298.00
  0.74369E-01  0.10493E+04   -0.41500E-01 -0.41500E-01  0.83000E-01  0.00000E+00  0.00000E+00  0.00000E+00   -0.72698E+02 -0.54620E+03  0.61889E+03 -0.14498E+03  0.13407E+02 -0.49801E+02      298.00
  0.74811E-01  0.10500E+04   -0.41750E-01 -0.41750E-01  0.83500E-01  0.00000E+00  0.00000E+00  0.00000E+00   -0.72853E+02 -0.54634E+03  0.61920E+03 -0.14576E+03  0.13319E+02 -0.49754E+02      298.00
  0.75253E-01  0.10507E+04   -0.42000E-01 -0.42000E-01  0.84000E-01  0.00000E+00  0.00000E+00  0.00000E+00   -0.73008E+02 -0.54649E+03  0.61949E+03 -0.14653E+03  0.13231E+02 -0.49708E+02      298.00
  0.75696E-01  0.10514E+04   -0.42250E-01 -0.42250E-01  0.84500E-01  0.00000E+00  0.00000E+00  0.00000E+00   -0.73163E+02 -0.54662E+03  0.61978E+03 -0.14730E+03  0.13143E+02 -0.49660E+02      298.00
  0.76138E-01  0.10521E+04   -0.42500E-01 -0.42500E-01  0.85000E-01  0.00000E+00  0.00000E+00  0.00000E+00   -0.73318E+02 -0.54675E+03  0.62006E+03 -0.14808E+03  0.13055E+02 -0.49612E+02      298.00
  0.76580E-01  0.10527E+04   -0.42750E-01 -0.42750E-01  0.85500E-01  0.00000E+00  0.00000E+00  0.00000E+00   -0.73473E+02 -0.54687E+03  0.62034E+03 -0.14885E+03  0.12966E+02 -0.49564E+02      298.00
  0.77022E-01  0.10534E+04   -0.43000E-01 -0.43000E-01  0.86000E-01  0.00000E+00  0.00000E+00  0.00000E+00   -0.73627E+02 -0.54698E+03  0.62061E+03 -0.14962E+03  0.12878E+02 -0.49515E+02      298.00
  0.77464E-01  0.10540E+04   -0.43250E-01 -0.43250E-01  0.86500E-01  0.00000E+00  0.00000E+00  0.00000E+00   -0.73782E+02 -0.54709E+03  0.62087E+03 -0.15039E+03  0.12789E+02 -0.49465E+02      298.00
  0.77905E-01  0.10547E+04   -0.43500E-01 -0.43500E-01  0.87000E-01  0.00000E+00  0.00000E+00  0.00000E+00   -0.73936E+02 -0.54719E+03  0.62112E+03 -0.15116E+03  0.12700E+02 -0.49415E+02      298.00
  0.78347E-01  0.10553E+04   -0.43750E-01 -0.43750E-01  0.87500E-01  0.00000E+00  0.00000E+00  0.00000E+00   -0.74091E+02 -0.54728E+03  0.62137E+03 -0.15193E+03  0.12611E+02 -0.49364E+02      298.00
  0.78789E-01  0.10559E+04   -0.44000E-01 -0.44000E-01  0.88000E-01  0.00000E+00  0.00000E+00  0.00000E+00   -0.74245E+02 -0.54737E+03  0.62161E+03 -0.15269E+03  0.12522E+02 -0.49313E+02      298.00
  0.79230E-01  0.10565E+04   -0.44250E-01 -0.44250E-01  0.88500E-01  0.00000E+00  0.00000E+00  0.00000E+00   -0.74399E+02 -0.54745E+03  0.62185E+03 -0.15346E+03  0.12432E+02 -0.49262E+02      298.00
  0.79672E-01  0.10571E+04   -0.44500E-01 -0.44500E-01  0.89000E-01  0.00000E+00  0.00000E+00  0.00000E+00   -0.74552E+02 -0.54752E+03  0.62208E+03 -0.15422E+03  0.12343E+02 -0.49210E+02      298.00
  0.80113E-01  0.10577E+04   -0.44750E-01 -0.44750E-01  0.89500E-01  0.00000E+00  0.00000E+00  0.00000E+00   -0.74706E+02 -0.54759E+03  0.62230E+03 -0.15499E+03  0.12253E+02 -0.49157E+02      298.00
  0.80554E-01  0.10583E+04   -0.45000E-01 -0.45000E-01  0.90000E-01  0.00000E+00  0.00000E+00  0.00000E+00   -0.74860E+02 -0.54765E+03  0.62251E+03 -0.15575E+03  0.12163E+02 -0.49104E+02      298.00
  0.80995E-01  0.10589E+04   -0.45250E-01 -0.45250E-01  0.90500E-01  0.00000E+00  0.00000E+00  0.00000E+00   -0.75013E+02 -0.54771E+03  0.62272E+03 -0.15652E+03  0.12074E+02 -0.49051E+02      298.00
  0.81436E-01  0.10595E+04   -0.45500E-01 -0.45500E-01  0.91000E-01  0.00000E+00  0.00000E+00  0.00000E+00   -0.75167E+02 -0.54776E+03  0.62293E+03 -0.15728E+03  0.11983E+02 -0.48997E+02      298.00
  0.81877E-01  0.10600E+04   -0.45750E-01 -0.45750E-01  0.91500E-01  0.00000E+00  0.00000E+00  0.00000E+00   -0.75320E+02 -0.54781E+03  0.62313E+03 -0.15804E+03  0.11893E+02 -0.48943E+02      298.00
  0.82318E-01  0.10606E+04   -0.46000E-01 -0.46000E-01  0.92000E-01  0.00000E+00  0.00000E+00  0.00000E+00   -0.75473E+02 -0.54785E+03  0.62332E+03 -0.15880E+03  0.11803E+02 -0.48888E+02      298.00
  0.82759E-01  0.10611E+04   -0.46250E-01 -0.46250E-01  0.92500E-01  0.00000E+00  0.00000E+00  0.00000E+00   -0.75626E+02 -0.54788E+03  0.62351E+03 -0.15956E+03  0.11712E+02 -0.48833E+02      298.00
  0.83200E-01  0.10616E+04   -0.46500E-01 -0.46500E-01  0.93000E-01  0.00000E+00  0.00000E+00  0.00000E+00   -0.75779E+02 -0.54791E+03  0.62369E+03 -0.16032E+03  0.11622E+02 -0.48778E+02      298.00
  0.83640E-01  0.10621E+04   -0.46750E-01 -0.46750E-01  0.93500E-01  0.00000E+00  0.00000E+00  0.00000E+00   -0.75932E+02 -0.54793E+03  0.62386E+03 -0.16107E+03  0.11531E+02 -0.48722E+02      298.00
  0.84081E-01  0.10627E+04   -0.47000E-01 -0.47000E-01  0.94000E-01  0.00000E+00  0.00000E+00  0.00000E+00   -0.76085E+02 -0.54795E+03  0.62403E+03 -0.16183E+03  0.11440E+02 -0.48666E+02      298.00
  0.84521E-01  0.10632E+04   -0.47250E-01 -0.47250E-01  0.94500E-01  0.00000E+00  0.00000E+00  0.00000E+00   -0.76237E+02 -0.54796E+03  0.62420E+03 -0.16259E+03  0.11348E+02 -0.48609E+02      298.00
  0.84962E-01  0.10637E+04   -0.47500E-01 -0.47500E-01  0.95000E-01  0.00000E+00  0.00000E+00  0.00000E+00   -0.76390E+02 -0.54797E+03  0.62435E+03 -0.16334E+03  0.11257E+02 -0.48552E+02      298.00
  0.85402E-01  0.10642E+04   -0.47750E-01 -0.47750E-01  0.95500E-01  0.00000E+00  0.00000E+00  0.00000E+00   -0.76542E+02 -0.54797E+03  0.62451E+03 -0.16409E+03  0.11166E+02 -0.48495E+02      298.00
  0.85842E-01  0.10646E+04   -0.48000E-01 -0.48000E-01  0.96000E-01  0.00000E+00  0.00000E+00  0.00000E+00   -0.76694E+02 -0.54796E+03  0.62466E+03 -0.16485E+03  0.11074E+02 -0.48438E+02      298.00
  0.86282E-01  0.10651E+04   -0.48250E-01 -0.48250E-01  0.96500E-01  0.00000E+00  0.00000E+00  0.00000E+00   -0.76846E+02 -0.54795E+03  0.62480E+03 -0.16560E+03  0.10982E+02 -0.48380E+02      298.00
  0.86722E-01  0.10656E+04   -0.48500E-01 -0.48500E-01  0.97000E-01  0.00000E+00  0.00000E+00  0.00000E+00   -0.76999E+02 -0.54794E+03  0.62494E+03 -0.16635E+03  0.10890E+02 -0.48322E+02      298.00
  0.87162E-01  0.10660E+04   -0.48750E-01 -0.48750E-01  0.97500E-01  0.00000E+00  0.00000E+00  0.00000E+00   -0.77150E+02 -0.54792E+03  0.62507E+03 -0.16710E+03  0.10798E+02 -0.48263E+02      298.00
  0.87602E-01  0.10665E+04   -0.49000E-01 -0.49000E-01  0.98000E-01  0.00000E+00  0.00000E+00  0.00000E+00   -0.77302E+02 -0.54790E+03  0.62520E+03 -0.16785E+03  0.10706E+02 -0.48204E+02      298.00
  0.88041E-01  0.10669E+04   -0.49250E-01 -0.49250E-01  0.98500E-01  0.00000E+00  0.00000E+00  0.00000E+00   -0.77454E+02 -0.54787E+03  0.62532E+03 -0.16860E+03  0.10614E+02 -0.48145E+02      298.00
  0.88481E-01  0.10674E+04   -0.49500E-01 -0.49500E-01  0.99000E-01  0.00000E+00  0.00000E+00  0.00000E+00   -0.77606E+02 -0.54783E+03  0.62544E+03 -0.16934E+03  0.10521E+02 -0.48086E+02      298.00
  0.88920E-01  0.10678E+04   -0.49750E-01 -0.49750E-01  0.99500E-01  0.00000E+00  0.00000E+00  0.00000E+00   -0.77757E+02 -0.54780E+03  0.62555E+03 -0.17009E+03  0.10428E+02 -0.48026E+02      298.00
  0.89360E-01  0.10682E+04   -0.50000E-01 -0.50000E-01  0.10000E+00  0.00000E+00  0.00000E+00  0.00000E+00   -0.77909E+02 -0.54775E+03  0.62566E+03 -0.17084E+03  0.10335E+02 -0.47966E+02      298.00
          Evm          Svm            E11          E22          E33          E23          E13          E12         SDEV11       SDEV22       SDEV33       SDEV23       SDEV13       SDEV12      TEMP
  0.89360E-01  0.10683E+04   -0.50000E-01 -0.50000E-01  0.10000E+00  0.00000E+00  0.00000E+00  0.00000E+00   -0.77971E+02 -0.54774E+03  0.62571E+03 -0.17086E+03  0.99995E+01 -0.48290E+02      298.00
  0.89799E-01  0.10687E+04   -0.50250E-01 -0.50250E-01  0.10050E+00  0.00000E+00  0.00000E+00  0.00000E+00   -0.78068E+02 -0.54770E+03  0.62577E+03 -0.17158E+03  0.10199E+02 -0.47940E+02      298.00
  0.90238E-01  0.10691E+04   -0.50500E-01 -0.50500E-01  0.10100E+00  0.00000E+00  0.00000E+00  0.00000E+00   -0.78213E+02 -0.54765E+03  0.62587E+03 -0.17232E+03  0.10142E+02 -0.47850E+02      298.00
  0.90677E-01  0.10695E+04   -0.50750E-01 -0.50750E-01  0.10150E+00  0.00000E+00  0.00000E+00  0.00000E+00   -0.78363E+02 -0.54760E+03  0.62596E+03 -0.17306E+03  0.10053E+02 -0.47786E+02      298.00
  0.91116E-01  0.10699E+04   -0.51000E-01 -0.51000E-01  0.10200E+00  0.00000E+00  0.00000E+00  0.00000E+00   -0.78514E+02 -0.54754E+03  0.62605E+03 -0.17381E+03  0.99602E+01 -0.47725E+02      298.00
  0.91555E-01  0.10703E+04   -0.51250E-01 -0.51250E-01  0.10250E+00  0.00000E+00  0.00000E+00  0.00000E+00   -0.78665E+02 -0.54747E+03  0.62614E+03 -0.17455E+03  0.98664E+01 -0.47664E+02      298.00
  0.91994E-01  0.10706E+04   -0.51500E-01 -0.51500E-01  0.10300E+00  0.00000E+00  0.00000E+00  0.00000E+00   -0.78816E+02 -0.54740E+03  0.62622E+03 -0.17529E+03  0.97722E+01 -0.47603E+02      298.00
  0.92433E-01  0.10710E+04   -0.51750E-01 -0.51750E-01  0.10350E+00  0.00000E+00  0.00000E+00  0.00000E+00   -0.78967E+02 -0.54733E+03  0.62630E+03 -0.17602E+03  0.96779E+01 -0.47541E+02      298.00
  0.92871E-01  0.10714E+04   -0.52000E-01 -0.52000E-01  0.10400E+00  0.00000E+00  0.00000E+00  0.00000E+00   -0.79118E+02 -0.54725E+03  0.62637E+03 -0.17676E+03  0.95833E+01 -0.47479E+02      298.00
  0.93310E-01  0.10718E+04   -0.52250E-01 -0.52250E-01  0.10450E+00  0.00000E+00  0.00000E+00  0.00000E+00   -0.79268E+02 -0.54717E+03  0.62644E+03 -0.17750E+03  0.94885E+01 -0.47418E+02      298.00
  0.93748E-01  0.10721E+04   -0.52500E-01 -0.52500E-01  0.10500E+00  0.00000E+00  0.00000E+00  0.00000E+00   -0.79419E+02 -0.54708E+03  0.62650E+03 -0.17823E+03  0.93934E+01 -0.47356E+02      298.00
  0.94186E-01  0.10725E+04   -0.52750E-01 -0.52750E-01  0.10550E+00  0.00000E+00  0.00000E+00  0.00000E+00   -0.79569E+02 -0.54699E+03  0.62656E+03 -0.17897E+03  0.92981E+01 -0.47293E+02      298.00
  0.94624E-01  0.10728E+04   -0.53000E-01 -0.53000E-01  0.10600E+00  0.00000E+00  0.00000E+00  0.00000E+00   -0.79720E+02 -0.54690E+03  0.62662E+03 -0.17970E+03  0.92026E+01 -0.47231E+02      298.00
  0.95062E-01  0.10732E+04   -0.53250E-01 -0.53250E-01  0.10650E+00  0.00000E+00  0.00000E+00  0.00000E+00   -0.79870E+02 -0.54680E+03  0.62667E+03 -0.18043E+03  0.91068E+01 -0.47169E+02      298.00
  0.95500E-01  0.10735E+04   -0.53500E-01 -0.53500E-01  0.10700E+00  0.00000E+00  0.00000E+00  0.00000E+00   -0.80021E+02 -0.54670E+03  0.62672E+03 -0.18117E+03  0.90107E+01 -0.47106E+02      298.00
  0.95938E-01  0.10739E+04   -0.53750E-01 -0.53750E-01  0.10750E+00  0.00000E+00  0.00000E+00  0.00000E+00   -0.80171E+02 -0.54660E+03  0.62677E+03 -0.18190E+03  0.89143E+01 -0.47043E+02      298.00
  0.96376E-01  0.10742E+04   -0.54000E-01 -0.54000E-01  0.10800E+00  0.00000E+00  0.00000E+00  0.00000E+00   -0.80321E+02 -0.54649E+03  0.62681E+03 -0.18263E+03  0.88177E+01 -0.46980E+02      298.00
  0.96814E-01  0.10745E+04   -0.54250E-01 -0.54250E-01  0.10850E+00  0.00000E+00  0.00000E+00  0.00000E+00   -0.80471E+02 -0.54637E+03  0.62684E+03 -0.18335E+03  0.87207E+01 -0.46917E+02      298.00
  0.97251E-01  0.10748E+04   -0.54500E-01 -0.54500E-01  0.10900E+00  0.00000E+00  0.00000E+00  0.00000E+00   -0.80621E+02 -0.54626E+03  0.62688E+03 -0.18408E+03  0.86235E+01 -0.46854E+02      298.00
  0.97689E-01  0.10752E+04   -0.54750E-01 -0.54750E-01  0.10950E+00  0.00000E+00  0.00000E+00  0.00000E+00   -0.80771E+02 -0.54614E+03  0.62691E+03 -0.18481E+03  0.85259E+01 -0.46791E+02      298.00
  0.98126E-01  0.10755E+04   -0.55000E-01 -0.55000E-01  0.11000E+00  0.00000E+00  0.00000E+00  0.00000E+00   -0.80921E+02 -0.54601E+03  0.62693E+03 -0.18553E+03  0.84280E+01 -0.46728E+02      298.00
  0.98563E-01  0.10758E+04   -0.55250E-01 -0.55250E-01  0.11050E+00  0.00000E+00  0.00000E+00  0.00000E+00   -0.81071E+02 -0.54588E+03  0.62696E+03 -0.18626E+03  0.83297E+01 -0.46665E+02      298.00
  0.99000E-01  0.10761E+04   -0.55500E-01 -0.55500E-01  0.11100E+00  0.00000E+00  0.00000E+00  0.00000E+00   -0.81221E+02 -0.54575E+03  0.62697E+03 -0.18698E+03  0.82311E+01 -0.46601E+02      298.00
  0.99437E-01  0.10764E+04   -0.55750E-01 -0.55750E-01  0.11150E+00  0.00000E+00  0.00000E+00  0.00000E+00   -0.81370E+02 -0.54562E+03  0.62699E+03 -0.18770E+03  0.81322E+01 -0.46538E+02      298.00
  0.99874E-01  0.10766E+04   -0.56000E-01 -0.56000E-01  0.11200E+00  0.00000E+00  0.00000E+00  0.00000E+00   -0.81520E+02 -0.54548E+03  0.62700E+03 -0.18842E+03  0.80329E+01 -0.46474E+02      298.00
  0.10031E+00  0.10769E+04   -0.56250E-01 -0.56250E-01  0.11250E+00  0.00000E+00  0.00000E+00  0.00000E+00   -0.81670E+02 -0.54534E+03  0.62701E+03 -0.18914E+03  0.79332E+01 -0.46411E+02      298.00
  0.10075E+00  0.10772E+04   -0.56500E-01 -0.56500E-01  0.11300E+00  0.00000E+00  0.00000E+00  0.00000E+00   -0.81819E+02 -0.54520E+03  0.62701E+03 -0.18986E+03  0.78331E+01 -0.46347E+02      298.00
  0.10118E+00  0.10775E+04   -0.56750E-01 -0.56750E-01  0.11350E+00  0.00000E+00  0.00000E+00  0.00000E+00   -0.81969E+02 -0.54505E+03  0.62702E+03 -0.19058E+03  0.77326E+01 -0.46283E+02      298.00
  0.10162E+00  0.10778E+04   -0.57000E-01 -0.57000E-01  0.11400E+00  0.00000E+00  0.00000E+00  0.00000E+00   -0.82118E+02 -0.54490E+03  0.62701E+03 -0.19130E+03  0.76317E+01 -0.46220E+02      298.00
  0.10206E+00  0.10780E+04   -0.57250E-01 -0.57250E-01  0.11450E+00  0.00000E+00  0.00000E+00  0.00000E+00   -0.82267E+02 -0.54474E+03  0.62701E+03 -0.19201E+03  0.75304E+01 -0.46156E+02      298.00
  0.10249E+00  0.10783E+04   -0.57500E-01 -0.57500E-01  0.11500E+00  0.00000E+00  0.00000E+00  0.00000E+00   -0.82417E+02 -0.54458E+03  0.62700E+03 -0.19273E+03  0.74286E+01 -0.46092E+02      298.00
  0.10293E+00  0.10786E+04   -0.57750E-01 -0.57750E-01  0.11550E+00  0.00000E+00  0.00000E+00  0.00000E+00   -0.82566E+02 -0.54442E+03  0.62699E+03 -0.19344E+03  0.73264E+01 -0.46028E+02      298.00
  0.10337E+00  0.10788E+04   -0.58000E-01 -0.58000E-01  0.11600E+00  0.00000E+00  0.00000E+00  0.00000E+00   -0.82715E+02 -0.54426E+03  0.62697E+03 -0.19416E+03  0.72238E+01 -0.45965E+02      298.00
  0.10380E+00  0.10791E+04   -0.58250E-01 -0.58250E-01  0.11650E+00  0.00000E+00  0.00000E+00  0.00000E+00   -0.82865E+02 -0.54409E+03  0.62696E+03 -0.19487E+03  0.71207E+01 -0.45901E+02      298.00
  0.10424E+00  0.10793E+04   -0.58500E-01 -0.58500E-01  0.11700E+00  0.00000E+00  0.00000E+00  0.00000E+00   -0.83014E+02 -0.54392E+03  0.62694E+03 -0.19558E+03  0.70172E+01 -0.45837E+02      298.00
  0.10467E+00  0.10795E+04   -0.58750E-01 -0.58750E-01  0.11750E+00  0.00000E+00  0.00000E+00  0.00000E+00   -0.83163E+02 -0.54375E+03  0.62691E+03 -0.19629E+03  0.69132E+01 -0.45773E+02      298.00
  0.10511E+00  0.10798E+04   -0.59000E-01 -0.59000E-01  0.11800E+00  0.00000E+00  0.00000E+00  0.00000E+00   -0.83312E+02 -0.54357E+03  0.62688E+03 -0.19700E+03  0.68086E+01 -0.45710E+02      298.00
  0.10554E+00  0.10800E+04   -0.59250E-01 -0.59250E-01  0.11850E+00  0.00000E+00  0.00000E+00  0.00000E+00   -0.83461E+02 -0.54339E+03  0.62685E+03 -0.19770E+03  0.67037E+01 -0.45646E+02      298.00
  0.10598E+00  0.10802E+04   -0.59500E-01 -0.59500E-01  0.11900E+00  0.00000E+00  0.00000E+00  0.00000E+00   -0.83610E+02 -0.54321E+03  0.62682E+03 -0.19841E+03  0.65982E+01 -0.45582E+02      298.00
  0.10641E+00  0.10805E+04   -0.59750E-01 -0.59750E-01  0.11950E+00  0.00000E+00  0.00000E+00  0.00000E+00   -0.83759E+02 -0.54303E+03  0.62679E+03 -0.19911E+03  0.64922E+01 -0.45519E+02      298.00
  0.10685E+00  0.10807E+04   -0.60000E-01 -0.60000E-01  0.12000E+00  0.00000E+00  0.00000E+00  0.00000E+00   -0.83908E+02 -0.54284E+03  0.62675E+03 -0.19982E+03  0.63857E+01 -0.45455E+02      298.00
  0.10728E+00  0.10808E+04   -0.60250E-01 -0.60250E-01  0.12050E+00  0.00000E+00  0.00000E+00  0.00000E+00   -0.84041E+02 -0.54264E+03  0.62668E+03 -0.20043E+03  0.63939E+01 -0.45253E+02      298.00
  0.10772E+00  0.10811E+04   -0.60500E-01 -0.60500E-01  0.12100E+00  0.00000E+00  0.00000E+00  0.00000E+00   -0.84204E+02 -0.54246E+03  0.62666E+03 -0.20123E+03  0.61914E+01 -0.45328E+02      298.00
  0.10815E+00  0.10812E+04   -0.60750E-01 -0.60750E-01  0.12150E+00  0.00000E+00  0.00000E+00  0.00000E+00   -0.84338E+02 -0.54225E+03  0.62659E+03 -0.20183E+03  0.61800E+01 -0.45127E+02      298.00
  0.10859E+00  0.10816E+04   -0.61000E-01 -0.61000E-01  0.12200E+00  0.00000E+00  0.00000E+00  0.00000E+00   -0.84502E+02 -0.54206E+03  0.62657E+03 -0.20263E+03  0.59753E+01 -0.45201E+02      298.00
  0.10902E+00  0.10817E+04   -0.61250E-01 -0.61250E-01  0.12250E+00  0.00000E+00  0.00000E+00  0.00000E+00   -0.84635E+02 -0.54185E+03  0.62649E+03 -0.20323E+03  0.59605E+01 -0.45001E+02      298.00
  0.10946E+00  0.10819E+04   -0.61500E-01 -0.61500E-01  0.12300E+00  0.00000E+00  0.00000E+00  0.00000E+00   -0.84782E+02 -0.54165E+03  0.62644E+03 -0.20395E+03  0.58743E+01 -0.44942E+02      298.00
  0.10989E+00  0.10821E+04   -0.61750E-01 -0.61750E-01  0.12350E+00  0.00000E+00  0.00000E+00  0.00000E+00   -0.84930E+02 -0.54145E+03  0.62638E+03 -0.20464E+03  0.57674E+01 -0.44878E+02      298.00
  0.11033E+00  0.10823E+04   -0.62000E-01 -0.62000E-01  0.12400E+00  0.00000E+00  0.00000E+00  0.00000E+00   -0.85079E+02 -0.54124E+03  0.62632E+03 -0.20534E+03  0.56568E+01 -0.44815E+02      298.00
  0.11076E+00  0.10825E+04   -0.62250E-01 -0.62250E-01  0.12450E+00  0.00000E+00  0.00000E+00  0.00000E+00   -0.85227E+02 -0.54103E+03  0.62626E+03 -0.20603E+03  0.55451E+01 -0.44752E+02      298.00
  0.11119E+00  0.10826E+04   -0.62500E-01 -0.62500E-01  0.12500E+00  0.00000E+00  0.00000E+00  0.00000E+00   -0.85375E+02 -0.54082E+03  0.62619E+03 -0.20673E+03  0.54327E+01 -0.44690E+02      298.00
