TEXTURE AT STRAIN =    0.0250
   0.988   1.025   0.988  <-- length of phase ellipsoid axes
  131.60   90.00   -0.00  <-- Euler angles (deg) of phase ellipsoid axes
B         1
   42.64  151.28  165.87   1.0000000
TEXTURE AT STRAIN =    0.0500
   0.975   1.051   0.975  <-- length of phase ellipsoid axes
  102.16   90.00   -0.00  <-- Euler angles (deg) of phase ellipsoid axes
B         1
   42.15  152.76  165.48   1.0000000
TEXTURE AT STRAIN =    0.0750
   0.963   1.078   0.963  <-- length of phase ellipsoid axes
   70.75   90.00   -0.00  <-- Euler angles (deg) of phase ellipsoid axes
B         1
   41.67  154.19  165.08   1.0000000
TEXTURE AT STRAIN =    0.1000
   0.951   1.105   0.951  <-- length of phase ellipsoid axes
   60.39   90.00   -0.00  <-- Euler angles (deg) of phase ellipsoid axes
B         1
   41.25  155.55  164.74   1.0000000
TEXTURE AT STRAIN =    0.1250
   0.939   1.133   0.939  <-- length of phase ellipsoid axes
   69.77   90.00   -0.00  <-- Euler angles (deg) of phase ellipsoid axes
B         1
   40.90  156.85  164.48   1.0000000
