    STEP   AVACS   MODE1   MODE2   MODE3   MODE4
       1   7.000   0.536   0.299   0.165   0.000
       2   7.000   0.420   0.308   0.272   0.000
       3   7.000   0.303   0.317   0.380   0.000
       4   7.000   0.177   0.327   0.496   0.000
       5   6.000   0.031   0.341   0.628   0.000
       6   8.000   0.000   0.329   0.671   0.000
       7   9.000   0.000   0.315   0.685   0.000
       8  10.000   0.053   0.279   0.669   0.000
       9  10.000   0.156   0.218   0.627   0.000
      10  10.000   0.254   0.160   0.587   0.000
      11  10.000   0.349   0.103   0.547   0.000
      12   6.000   0.446   0.047   0.507   0.000
      13   5.000   0.554   0.002   0.444   0.000
      14   5.000   0.669   0.063   0.268   0.000
      15   3.000   0.798   0.143   0.059   0.000
      16   4.000   0.798   0.202   0.000   0.000
      17   2.000   0.753   0.247   0.000   0.000
      18   4.000   0.637   0.363   0.000   0.000
      19   6.000   0.496   0.504   0.000   0.000
      20   8.000   0.369   0.631   0.000   0.000
      21  11.000   0.249   0.751   0.000   0.000
      22  11.000   0.130   0.870   0.000   0.000
      23  12.000   0.015   0.985   0.000   0.000
      24  12.000   0.000   1.000   0.000   0.000
      25  12.000   0.000   1.000   0.000   0.000
      26  12.000   0.000   1.000   0.000   0.000
      27  12.000   0.037   0.963   0.000   0.000
      28  12.000   0.147   0.853   0.000   0.000
      29  11.000   0.257   0.743   0.000   0.000
      30  10.000   0.368   0.632   0.000   0.000
      31   7.000   0.487   0.513   0.000   0.000
      32   5.000   0.620   0.380   0.000   0.000
      33   3.000   0.781   0.219   0.000   0.000
      34   4.000   0.798   0.202   0.000   0.000
      35   2.000   0.753   0.247   0.000   0.000
      36   5.000   0.659   0.289   0.051   0.000
  STRAIN   AVACS   PRITW   SECTW   MODE1   MODE2   MODE3   MODE4   TWFR3   EFFR3   TWFR4   EFFR4
   0.000   6.000   0.000   0.000   0.496   0.504   0.000   0.000   0.000   0.000   0.000   0.000
   0.001   6.000   0.000   0.000   0.494   0.506   0.000   0.000   0.000   0.000   0.000   0.000
   0.001   5.000   0.000   0.000   0.492   0.508   0.000   0.000   0.000   0.000   0.000   0.000
   0.002   5.000   0.000   0.000   0.491   0.509   0.000   0.000   0.000   0.000   0.000   0.000
   0.002   5.000   0.000   0.000   0.490   0.510   0.000   0.000   0.000   0.000   0.000   0.000
   0.003   5.000   0.000   0.000   0.489   0.511   0.000   0.000   0.000   0.000   0.000   0.000
   0.003   5.000   0.000   0.000   0.488   0.512   0.000   0.000   0.000   0.000   0.000   0.000
   0.004   5.000   0.000   0.000   0.487   0.513   0.000   0.000   0.000   0.000   0.000   0.000
   0.004   5.000   0.000   0.000   0.486   0.514   0.000   0.000   0.000   0.000   0.000   0.000
   0.005   5.000   0.000   0.000   0.486   0.514   0.000   0.000   0.000   0.000   0.000   0.000
   0.005   5.000   0.000   0.000   0.485   0.514   0.000   0.000   0.000   0.000   0.000   0.000
   0.006   5.000   0.000   0.000   0.486   0.514   0.000   0.000   0.000   0.000   0.000   0.000
   0.006   5.000   0.000   0.000   0.485   0.515   0.000   0.000   0.000   0.000   0.000   0.000
   0.007   5.000   0.000   0.000   0.485   0.515   0.000   0.000   0.000   0.000   0.000   0.000
   0.007   5.000   0.000   0.000   0.485   0.515   0.000   0.000   0.000   0.000   0.000   0.000
   0.008   5.000   0.000   0.000   0.485   0.515   0.000   0.000   0.000   0.000   0.000   0.000
   0.008   5.000   0.000   0.000   0.484   0.515   0.000   0.000   0.000   0.000   0.000   0.000
   0.009   5.000   0.000   0.000   0.484   0.515   0.000   0.000   0.000   0.000   0.000   0.000
   0.009   5.000   0.000   0.000   0.484   0.516   0.000   0.000   0.000   0.000   0.000   0.000
   0.010   5.000   0.000   0.000   0.484   0.516   0.000   0.000   0.000   0.000   0.000   0.000
   0.010   5.000   0.000   0.000   0.484   0.515   0.000   0.000   0.000   0.000   0.000   0.000
   0.011   5.000   0.000   0.000   0.484   0.515   0.000   0.000   0.000   0.000   0.000   0.000
   0.011   5.000   0.000   0.000   0.484   0.515   0.000   0.000   0.000   0.000   0.000   0.000
   0.012   5.000   0.000   0.000   0.485   0.515   0.000   0.000   0.000   0.000   0.000   0.000
   0.012   5.000   0.000   0.000   0.485   0.515   0.000   0.000   0.000   0.000   0.000   0.000
   0.013   5.000   0.000   0.000   0.485   0.515   0.000   0.000   0.000   0.000   0.000   0.000
   0.013   5.000   0.000   0.000   0.485   0.515   0.000   0.000   0.000   0.000   0.000   0.000
   0.014   5.000   0.000   0.000   0.485   0.515   0.000   0.000   0.000   0.000   0.000   0.000
   0.014   5.000   0.000   0.000   0.485   0.515   0.000   0.000   0.000   0.000   0.000   0.000
   0.015   5.000   0.000   0.000   0.485   0.514   0.000   0.000   0.000   0.000   0.000   0.000
   0.015   5.000   0.000   0.000   0.486   0.514   0.000   0.000   0.000   0.000   0.000   0.000
   0.016   5.000   0.000   0.000   0.485   0.514   0.000   0.000   0.000   0.000   0.000   0.000
   0.016   5.000   0.000   0.000   0.486   0.514   0.000   0.000   0.000   0.000   0.000   0.000
   0.017   5.000   0.000   0.000   0.486   0.513   0.000   0.001   0.000   0.000   0.000   0.000
   0.017   5.000   0.000   0.000   0.486   0.513   0.000   0.001   0.000   0.000   0.000   0.000
   0.018   5.000   0.000   0.000   0.486   0.513   0.000   0.001   0.000   0.000   0.000   0.000
   0.018   5.000   0.000   0.000   0.486   0.513   0.000   0.001   0.000   0.000   0.000   0.000
   0.019   5.000   0.000   0.000   0.487   0.513   0.000   0.001   0.000   0.000   0.000   0.000
   0.019   5.000   0.000   0.000   0.487   0.512   0.000   0.001   0.000   0.000   0.000   0.000
   0.020   5.000   0.000   0.000   0.487   0.512   0.000   0.001   0.000   0.000   0.000   0.000
   0.020   5.000   0.000   0.000   0.487   0.512   0.000   0.001   0.000   0.000   0.000   0.000
   0.021   5.000   0.000   0.000   0.487   0.512   0.000   0.001   0.000   0.000   0.000   0.000
   0.021   5.000   0.000   0.000   0.487   0.512   0.000   0.001   0.000   0.000   0.000   0.000
   0.022   5.000   0.000   0.000   0.487   0.511   0.000   0.001   0.000   0.000   0.000   0.000
   0.022   5.000   0.000   0.000   0.487   0.511   0.000   0.002   0.000   0.000   0.000   0.000
   0.023   5.000   0.000   0.000   0.488   0.511   0.000   0.002   0.000   0.000   0.000   0.000
   0.023   5.000   0.000   0.000   0.488   0.511   0.000   0.002   0.000   0.000   0.000   0.000
   0.024   5.000   0.000   0.000   0.488   0.510   0.000   0.002   0.000   0.000   0.000   0.000
   0.024   5.000   0.000   0.000   0.488   0.510   0.000   0.002   0.000   0.000   0.000   0.000
   0.025   5.000   0.000   0.000   0.488   0.510   0.000   0.002   0.000   0.000   0.000   0.000
   0.025   5.000   0.000   0.000   0.488   0.509   0.000   0.003   0.000   0.000   0.000   0.000
    STEP   AVACS   MODE1   MODE2   MODE3   MODE4
       1   7.000   0.536   0.317   0.146   0.000
       2   7.000   0.421   0.327   0.252   0.000
       3   7.000   0.304   0.336   0.359   0.000
       4   7.000   0.178   0.348   0.474   0.000
       5   6.000   0.027   0.368   0.605   0.000
       6   6.000   0.000   0.350   0.650   0.000
       7   6.000   0.000   0.328   0.672   0.000
       8   6.000   0.052   0.288   0.659   0.000
       9   6.000   0.156   0.223   0.621   0.000
      10   7.000   0.253   0.162   0.585   0.000
      11   6.000   0.348   0.102   0.550   0.000
      12   4.000   0.446   0.041   0.513   0.000
      13   5.000   0.557   0.000   0.443   0.000
      14   5.000   0.668   0.065   0.267   0.000
      15   3.000   0.799   0.149   0.052   0.000
      16   4.000   0.784   0.216   0.000   0.000
      17   2.000   0.735   0.265   0.000   0.000
      18   4.000   0.637   0.362   0.000   0.001
      19   5.000   0.488   0.509   0.000   0.003
      20   8.000   0.353   0.644   0.000   0.003
      21   8.000   0.222   0.774   0.000   0.004
      22   9.000   0.092   0.903   0.000   0.005
      23  11.000   0.000   0.994   0.000   0.006
      24  12.000   0.000   0.993   0.000   0.007
      25  12.000   0.000   0.993   0.000   0.007
      26  12.000   0.000   0.994   0.000   0.006
      27  10.000   0.005   0.989   0.000   0.006
      28   9.000   0.109   0.886   0.000   0.005
      29   9.000   0.228   0.768   0.000   0.005
      30   7.000   0.348   0.648   0.000   0.004
      31   7.000   0.473   0.523   0.000   0.003
      32   5.000   0.612   0.385   0.000   0.002
      33   3.000   0.776   0.223   0.000   0.001
      34   4.000   0.784   0.216   0.000   0.000
      35   2.000   0.735   0.265   0.000   0.000
      36   5.000   0.659   0.307   0.034   0.000
  STRAIN   AVACS   PRITW   SECTW   MODE1   MODE2   MODE3   MODE4   TWFR3   EFFR3   TWFR4   EFFR4
   0.025   5.000   0.000   0.000   0.488   0.509   0.000   0.003   0.000   0.000   0.000   0.000
   0.026   5.000   0.000   0.000   0.488   0.509   0.000   0.003   0.000   0.000   0.000   0.000
   0.026   5.000   0.000   0.000   0.488   0.509   0.000   0.003   0.000   0.000   0.000   0.000
   0.027   5.000   0.000   0.000   0.489   0.508   0.000   0.003   0.000   0.000   0.000   0.000
   0.027   5.000   0.000   0.000   0.489   0.508   0.000   0.003   0.000   0.000   0.000   0.000
   0.028   5.000   0.000   0.000   0.489   0.507   0.000   0.004   0.000   0.000   0.000   0.000
   0.028   5.000   0.000   0.000   0.489   0.507   0.000   0.004   0.000   0.000   0.000   0.000
   0.029   5.000   0.000   0.000   0.489   0.507   0.000   0.004   0.000   0.000   0.000   0.000
   0.029   5.000   0.000   0.000   0.489   0.506   0.000   0.004   0.000   0.000   0.000   0.000
   0.030   5.000   0.000   0.000   0.489   0.506   0.000   0.005   0.000   0.000   0.000   0.000
   0.030   5.000   0.000   0.000   0.490   0.505   0.000   0.005   0.000   0.000   0.000   0.000
   0.031   5.000   0.000   0.000   0.490   0.505   0.000   0.006   0.000   0.000   0.000   0.000
   0.031   5.000   0.000   0.000   0.490   0.504   0.000   0.006   0.000   0.000   0.000   0.000
   0.032   5.000   0.000   0.000   0.490   0.504   0.000   0.006   0.000   0.000   0.000   0.000
   0.032   5.000   0.000   0.000   0.490   0.504   0.000   0.007   0.000   0.000   0.000   0.000
   0.033   5.000   0.000   0.000   0.490   0.503   0.000   0.007   0.000   0.000   0.000   0.000
   0.033   5.000   0.000   0.000   0.490   0.502   0.000   0.008   0.000   0.000   0.000   0.000
   0.034   5.000   0.000   0.000   0.490   0.502   0.000   0.008   0.000   0.000   0.001   0.000
   0.034   5.000   0.000   0.000   0.490   0.501   0.000   0.009   0.000   0.000   0.001   0.000
   0.035   5.000   0.000   0.000   0.491   0.500   0.000   0.009   0.000   0.000   0.001   0.000
   0.035   5.000   0.000   0.000   0.491   0.500   0.000   0.010   0.000   0.000   0.001   0.000
   0.036   5.000   0.000   0.000   0.491   0.499   0.000   0.010   0.000   0.000   0.001   0.000
   0.036   5.000   0.000   0.000   0.491   0.498   0.000   0.011   0.000   0.000   0.001   0.000
   0.037   5.000   0.000   0.000   0.491   0.498   0.000   0.011   0.000   0.000   0.001   0.000
   0.037   5.000   0.000   0.000   0.491   0.497   0.000   0.012   0.000   0.000   0.001   0.000
   0.038   5.000   0.000   0.000   0.491   0.496   0.000   0.013   0.000   0.000   0.001   0.000
   0.038   5.000   0.000   0.000   0.492   0.495   0.000   0.013   0.000   0.000   0.001   0.000
   0.039   5.000   0.000   0.000   0.492   0.494   0.000   0.014   0.000   0.000   0.001   0.000
   0.039   5.000   0.000   0.000   0.492   0.493   0.000   0.015   0.000   0.000   0.001   0.000
   0.040   5.000   0.000   0.000   0.492   0.493   0.000   0.015   0.000   0.000   0.001   0.000
   0.040   5.000   0.000   0.000   0.492   0.492   0.000   0.016   0.000   0.000   0.001   0.000
   0.041   5.000   0.000   0.000   0.492   0.491   0.000   0.017   0.000   0.000   0.001   0.000
   0.041   5.000   0.000   0.000   0.493   0.490   0.000   0.018   0.000   0.000   0.001   0.000
   0.042   5.000   0.000   0.000   0.493   0.489   0.000   0.019   0.000   0.000   0.002   0.000
   0.042   5.000   0.000   0.000   0.493   0.487   0.000   0.019   0.000   0.000   0.002   0.000
   0.043   5.000   0.000   0.000   0.493   0.487   0.000   0.020   0.000   0.000   0.002   0.000
   0.043   5.000   0.000   0.000   0.493   0.486   0.000   0.021   0.000   0.000   0.002   0.000
   0.044   5.000   0.000   0.000   0.494   0.484   0.000   0.022   0.000   0.000   0.002   0.000
   0.044   5.000   0.000   0.000   0.494   0.483   0.000   0.023   0.000   0.000   0.002   0.000
   0.045   4.000   0.000   0.000   0.494   0.482   0.000   0.024   0.000   0.000   0.002   0.000
   0.045   4.000   0.000   0.000   0.494   0.481   0.000   0.025   0.000   0.000   0.002   0.000
   0.046   4.000   0.000   0.000   0.495   0.479   0.000   0.026   0.000   0.000   0.002   0.000
   0.046   4.000   0.000   0.000   0.495   0.478   0.000   0.027   0.000   0.000   0.003   0.000
   0.047   4.000   0.000   0.000   0.495   0.477   0.000   0.028   0.000   0.000   0.003   0.000
   0.047   4.000   0.000   0.000   0.495   0.476   0.000   0.029   0.000   0.000   0.003   0.000
   0.048   4.000   0.000   0.000   0.495   0.474   0.000   0.030   0.000   0.000   0.003   0.000
   0.048   4.000   0.000   0.000   0.495   0.473   0.000   0.031   0.000   0.000   0.003   0.000
   0.049   4.000   0.000   0.000   0.496   0.472   0.000   0.033   0.000   0.000   0.003   0.000
   0.049   4.000   0.000   0.000   0.496   0.470   0.000   0.034   0.000   0.000   0.003   0.000
   0.050   4.000   0.000   0.000   0.496   0.469   0.000   0.035   0.000   0.000   0.004   0.000
   0.050   4.000   0.000   0.000   0.496   0.468   0.000   0.036   0.000   0.000   0.004   0.000
    STEP   AVACS   MODE1   MODE2   MODE3   MODE4
       1   6.000   0.533   0.343   0.124   0.000
       2   7.000   0.418   0.353   0.228   0.000
       3   7.000   0.303   0.364   0.333   0.000
       4   7.000   0.177   0.378   0.445   0.000
       5   6.000   0.024   0.404   0.572   0.000
       6   6.000   0.000   0.382   0.618   0.000
       7   6.000   0.001   0.357   0.642   0.000
       8   6.000   0.084   0.296   0.620   0.000
       9   7.000   0.182   0.229   0.589   0.000
      10   7.000   0.273   0.166   0.560   0.000
      11   6.000   0.362   0.105   0.532   0.000
      12   4.000   0.454   0.042   0.503   0.000
      13   5.000   0.561   0.000   0.439   0.000
      14   5.000   0.672   0.065   0.263   0.000
      15   4.000   0.801   0.154   0.045   0.000
      16   4.000   0.776   0.224   0.000   0.000
      17   2.000   0.718   0.281   0.000   0.000
      18   4.000   0.646   0.345   0.000   0.009
      19   4.000   0.496   0.468   0.000   0.036
      20   7.000   0.362   0.587   0.000   0.051
      21  10.000   0.233   0.702   0.000   0.065
      22  11.000   0.104   0.817   0.000   0.079
      23  13.000   0.001   0.906   0.000   0.093
      24  17.000   0.000   0.901   0.000   0.099
      25  18.000   0.000   0.900   0.000   0.100
      26  16.000   0.000   0.903   0.000   0.097
      27  14.000   0.015   0.896   0.000   0.089
      28  12.000   0.125   0.796   0.000   0.080
      29  12.000   0.240   0.689   0.000   0.071
      30   9.000   0.357   0.581   0.000   0.062
      31   7.000   0.481   0.468   0.000   0.051
      32   5.000   0.618   0.345   0.000   0.037
      33   3.000   0.777   0.214   0.000   0.008
      34   4.000   0.776   0.224   0.000   0.000
      35   2.000   0.718   0.282   0.000   0.000
      36   4.000   0.656   0.331   0.014   0.000
  STRAIN   AVACS   PRITW   SECTW   MODE1   MODE2   MODE3   MODE4   TWFR3   EFFR3   TWFR4   EFFR4
   0.050   4.000   0.000   0.000   0.496   0.468   0.000   0.036   0.000   0.000   0.004   0.000
   0.051   4.000   0.000   0.000   0.497   0.466   0.000   0.037   0.000   0.000   0.004   0.000
   0.051   5.000   0.000   0.000   0.497   0.465   0.000   0.039   0.000   0.000   0.004   0.000
   0.052   5.000   0.000   0.000   0.497   0.463   0.000   0.040   0.000   0.000   0.004   0.000
   0.052   5.000   0.000   0.000   0.497   0.462   0.000   0.041   0.000   0.000   0.005   0.000
   0.053   5.000   0.000   0.000   0.497   0.460   0.000   0.042   0.000   0.000   0.005   0.000
   0.053   5.000   0.000   0.000   0.497   0.459   0.000   0.044   0.000   0.000   0.005   0.000
   0.054   5.000   0.000   0.000   0.498   0.457   0.000   0.045   0.000   0.000   0.005   0.000
   0.054   5.000   0.000   0.000   0.498   0.456   0.000   0.046   0.000   0.000   0.005   0.000
   0.055   5.000   0.000   0.000   0.498   0.454   0.000   0.048   0.000   0.000   0.006   0.000
   0.055   5.000   0.000   0.000   0.498   0.453   0.000   0.049   0.000   0.000   0.006   0.000
   0.056   5.000   0.000   0.000   0.499   0.451   0.000   0.050   0.000   0.000   0.006   0.000
   0.056   5.000   0.000   0.000   0.498   0.450   0.000   0.052   0.000   0.000   0.006   0.000
   0.057   5.000   0.000   0.000   0.499   0.448   0.000   0.053   0.000   0.000   0.007   0.000
   0.057   5.000   0.000   0.000   0.499   0.447   0.000   0.054   0.000   0.000   0.007   0.000
   0.058   5.000   0.000   0.000   0.499   0.445   0.000   0.056   0.000   0.000   0.007   0.000
   0.058   5.000   0.000   0.000   0.499   0.444   0.000   0.057   0.000   0.000   0.008   0.000
   0.059   5.000   0.000   0.000   0.500   0.442   0.000   0.058   0.000   0.000   0.008   0.000
   0.059   5.000   0.000   0.000   0.500   0.440   0.000   0.060   0.000   0.000   0.008   0.000
   0.060   5.000   0.000   0.000   0.500   0.439   0.000   0.061   0.000   0.000   0.008   0.000
   0.060   5.000   0.000   0.000   0.500   0.437   0.000   0.063   0.000   0.000   0.009   0.000
   0.061   5.000   0.000   0.000   0.500   0.436   0.000   0.064   0.000   0.000   0.009   0.000
   0.061   5.000   0.000   0.000   0.501   0.434   0.000   0.065   0.000   0.000   0.009   0.000
   0.062   5.000   0.000   0.000   0.501   0.432   0.000   0.067   0.000   0.000   0.010   0.000
   0.062   5.000   0.000   0.000   0.501   0.431   0.000   0.068   0.000   0.000   0.010   0.000
   0.063   5.000   0.000   0.000   0.502   0.429   0.000   0.069   0.000   0.000   0.010   0.000
   0.063   5.000   0.000   0.000   0.501   0.428   0.000   0.071   0.000   0.000   0.011   0.000
   0.064   5.000   0.000   0.000   0.502   0.426   0.000   0.072   0.000   0.000   0.011   0.000
   0.064   5.000   0.000   0.000   0.502   0.425   0.000   0.073   0.000   0.000   0.011   0.000
   0.065   5.000   0.000   0.000   0.503   0.423   0.000   0.075   0.000   0.000   0.012   0.000
   0.065   5.000   0.000   0.000   0.502   0.421   0.000   0.076   0.000   0.000   0.012   0.000
   0.066   5.000   0.000   0.000   0.503   0.420   0.000   0.077   0.000   0.000   0.013   0.000
   0.066   5.000   0.000   0.000   0.503   0.418   0.000   0.079   0.000   0.000   0.013   0.000
   0.067   5.000   0.000   0.000   0.503   0.417   0.000   0.080   0.000   0.000   0.013   0.000
   0.067   5.000   0.000   0.000   0.504   0.415   0.000   0.081   0.000   0.000   0.014   0.000
   0.068   5.000   0.000   0.000   0.504   0.414   0.000   0.083   0.000   0.000   0.014   0.000
   0.068   5.000   0.000   0.000   0.504   0.412   0.000   0.084   0.000   0.000   0.015   0.000
   0.069   5.000   0.000   0.000   0.504   0.411   0.000   0.085   0.000   0.000   0.015   0.000
   0.069   5.000   0.000   0.000   0.504   0.409   0.000   0.086   0.000   0.000   0.015   0.000
   0.070   5.000   0.000   0.000   0.505   0.408   0.000   0.088   0.000   0.000   0.016   0.000
   0.070   5.000   0.000   0.000   0.505   0.406   0.000   0.089   0.000   0.000   0.016   0.000
   0.071   5.000   0.000   0.000   0.505   0.405   0.000   0.090   0.000   0.000   0.017   0.000
   0.071   5.000   0.000   0.000   0.506   0.403   0.000   0.091   0.000   0.000   0.017   0.000
   0.072   5.000   0.000   0.000   0.505   0.402   0.000   0.092   0.000   0.000   0.018   0.000
   0.072   5.000   0.000   0.000   0.506   0.401   0.000   0.094   0.000   0.000   0.018   0.000
   0.073   5.000   0.000   0.000   0.506   0.399   0.000   0.095   0.000   0.000   0.019   0.000
   0.073   5.000   0.000   0.000   0.506   0.398   0.000   0.096   0.000   0.000   0.019   0.000
   0.074   5.000   0.000   0.000   0.506   0.397   0.000   0.097   0.000   0.000   0.020   0.000
   0.074   5.000   0.000   0.000   0.506   0.396   0.000   0.098   0.000   0.000   0.020   0.000
   0.075   5.000   0.000   0.000   0.507   0.394   0.000   0.099   0.000   0.000   0.021   0.000
   0.075   5.000   0.000   0.000   0.507   0.393   0.000   0.100   0.000   0.000   0.021   0.000
    STEP   AVACS   MODE1   MODE2   MODE3   MODE4
       1   6.000   0.529   0.374   0.098   0.000
       2   7.000   0.413   0.386   0.201   0.000
       3   7.000   0.297   0.399   0.304   0.000
       4   7.000   0.173   0.414   0.413   0.000
       5   6.000   0.018   0.444   0.537   0.000
       6   6.000   0.000   0.418   0.582   0.000
       7   6.000   0.007   0.388   0.605   0.000
       8   7.000   0.103   0.315   0.583   0.000
       9   7.000   0.197   0.244   0.559   0.000
      10   7.000   0.285   0.178   0.537   0.000
      11   6.000   0.371   0.114   0.515   0.000
      12   5.000   0.460   0.047   0.493   0.000
      13   5.000   0.565   0.000   0.435   0.000
      14   4.000   0.675   0.066   0.259   0.000
      15   4.000   0.801   0.162   0.037   0.000
      16   5.000   0.766   0.234   0.000   0.000
      17   2.000   0.700   0.300   0.000   0.000
      18   3.000   0.645   0.351   0.000   0.004
      19   5.000   0.507   0.393   0.000   0.100
      20   7.000   0.373   0.483   0.000   0.144
      21  13.000   0.244   0.571   0.000   0.186
      22  14.000   0.113   0.659   0.000   0.228
      23  14.000   0.001   0.727   0.000   0.272
      24  18.000   0.000   0.714   0.000   0.286
      25  18.000   0.000   0.717   0.000   0.283
      26  17.000   0.000   0.729   0.000   0.271
      27  15.000   0.027   0.726   0.000   0.246
      28  15.000   0.136   0.642   0.000   0.222
      29  12.000   0.249   0.552   0.000   0.199
      30   9.000   0.364   0.461   0.000   0.174
      31   7.000   0.488   0.368   0.000   0.144
      32   7.000   0.625   0.274   0.000   0.101
      33   4.000   0.779   0.208   0.000   0.013
      34   5.000   0.766   0.234   0.000   0.000
      35   2.000   0.700   0.300   0.000   0.000
      36   4.000   0.646   0.354   0.000   0.000
  STRAIN   AVACS   PRITW   SECTW   MODE1   MODE2   MODE3   MODE4   TWFR3   EFFR3   TWFR4   EFFR4
   0.075   5.000   0.000   0.000   0.507   0.393   0.000   0.100   0.000   0.000   0.021   0.000
   0.076   5.000   0.000   0.000   0.507   0.392   0.000   0.101   0.000   0.000   0.022   0.000
   0.076   5.000   0.000   0.000   0.507   0.391   0.000   0.102   0.000   0.000   0.022   0.000
   0.077   5.000   0.000   0.000   0.507   0.390   0.000   0.103   0.000   0.000   0.023   0.000
   0.077   5.000   0.000   0.000   0.508   0.388   0.000   0.104   0.000   0.000   0.023   0.000
   0.078   5.000   0.000   0.000   0.508   0.387   0.000   0.105   0.000   0.000   0.024   0.000
   0.078   5.000   0.000   0.000   0.508   0.386   0.000   0.106   0.000   0.000   0.024   0.000
   0.079   5.000   0.000   0.000   0.508   0.385   0.000   0.107   0.000   0.000   0.025   0.000
   0.079   5.000   0.000   0.000   0.508   0.384   0.000   0.108   0.000   0.000   0.025   0.000
   0.080   5.000   0.000   0.000   0.509   0.383   0.000   0.109   0.000   0.000   0.026   0.000
   0.080   6.000   0.000   0.000   0.509   0.382   0.000   0.109   0.000   0.000   0.026   0.000
   0.081   6.000   0.000   0.000   0.509   0.381   0.000   0.110   0.000   0.000   0.027   0.000
   0.081   6.000   0.000   0.000   0.509   0.380   0.000   0.111   0.000   0.000   0.027   0.000
   0.082   6.000   0.000   0.000   0.509   0.379   0.000   0.112   0.000   0.000   0.028   0.000
   0.082   6.000   0.000   0.000   0.509   0.378   0.000   0.113   0.000   0.000   0.029   0.000
   0.083   6.000   0.000   0.000   0.509   0.377   0.000   0.113   0.000   0.000   0.029   0.000
   0.083   6.000   0.000   0.000   0.510   0.376   0.000   0.114   0.000   0.000   0.030   0.000
   0.084   6.000   0.000   0.000   0.510   0.376   0.000   0.115   0.000   0.000   0.030   0.000
   0.084   6.000   0.000   0.000   0.510   0.375   0.000   0.115   0.000   0.000   0.031   0.000
   0.085   6.000   0.000   0.000   0.510   0.374   0.000   0.116   0.000   0.000   0.031   0.000
   0.085   6.000   0.000   0.000   0.510   0.373   0.000   0.117   0.000   0.000   0.032   0.000
   0.086   6.000   0.000   0.000   0.510   0.373   0.000   0.117   0.000   0.000   0.033   0.000
   0.086   6.000   0.000   0.000   0.510   0.372   0.000   0.118   0.000   0.000   0.033   0.000
   0.087   6.000   0.000   0.000   0.510   0.371   0.000   0.118   0.000   0.000   0.034   0.000
   0.087   6.000   0.000   0.000   0.511   0.370   0.000   0.119   0.000   0.000   0.034   0.000
   0.088   6.000   0.000   0.000   0.511   0.370   0.000   0.119   0.000   0.000   0.035   0.000
   0.088   6.000   0.000   0.000   0.511   0.369   0.000   0.120   0.000   0.000   0.036   0.000
   0.089   6.000   0.000   0.000   0.511   0.369   0.000   0.120   0.000   0.000   0.036   0.000
   0.089   6.000   0.000   0.000   0.511   0.368   0.000   0.121   0.000   0.000   0.037   0.000
   0.090   6.000   0.000   0.000   0.511   0.368   0.000   0.121   0.000   0.000   0.037   0.000
   0.090   6.000   0.000   0.000   0.511   0.367   0.000   0.122   0.000   0.000   0.038   0.000
   0.091   6.000   0.000   0.000   0.511   0.367   0.000   0.122   0.000   0.000   0.039   0.000
   0.091   6.000   0.000   0.000   0.511   0.366   0.000   0.122   0.000   0.000   0.039   0.000
   0.092   6.000   0.000   0.000   0.511   0.366   0.000   0.123   0.000   0.000   0.040   0.000
   0.092   6.000   0.000   0.000   0.511   0.366   0.000   0.123   0.000   0.000   0.040   0.000
   0.093   6.000   0.000   0.000   0.511   0.365   0.000   0.123   0.000   0.000   0.041   0.000
   0.093   6.000   0.000   0.000   0.512   0.365   0.000   0.124   0.000   0.000   0.042   0.000
   0.094   6.000   0.000   0.000   0.512   0.365   0.000   0.124   0.000   0.000   0.042   0.000
   0.094   6.000   0.000   0.000   0.512   0.364   0.000   0.124   0.000   0.000   0.043   0.000
   0.095   6.000   0.000   0.000   0.512   0.364   0.000   0.124   0.000   0.000   0.044   0.000
   0.095   6.000   0.000   0.000   0.512   0.364   0.000   0.124   0.000   0.000   0.044   0.000
   0.096   6.000   0.000   0.000   0.512   0.364   0.000   0.124   0.000   0.000   0.045   0.000
   0.096   6.000   0.000   0.000   0.512   0.364   0.000   0.124   0.000   0.000   0.045   0.000
   0.097   6.000   0.000   0.000   0.512   0.363   0.000   0.125   0.000   0.000   0.046   0.000
   0.097   6.000   0.000   0.000   0.512   0.363   0.000   0.125   0.000   0.000   0.047   0.000
   0.098   6.000   0.000   0.000   0.512   0.363   0.000   0.125   0.000   0.000   0.047   0.000
   0.098   6.000   0.000   0.000   0.512   0.363   0.000   0.125   0.000   0.000   0.048   0.000
   0.099   6.000   0.000   0.000   0.512   0.363   0.000   0.125   0.000   0.000   0.048   0.000
   0.099   6.000   0.000   0.000   0.512   0.363   0.000   0.125   0.000   0.000   0.049   0.000
   0.100   6.000   0.000   0.000   0.512   0.363   0.000   0.125   0.000   0.000   0.050   0.000
   0.100   6.000   0.000   0.000   0.512   0.363   0.000   0.125   0.000   0.000   0.050   0.000
    STEP   AVACS   MODE1   MODE2   MODE3   MODE4
       1   6.000   0.523   0.409   0.068   0.000
       2   7.000   0.407   0.424   0.169   0.000
       3   7.000   0.291   0.438   0.271   0.000
       4   7.000   0.166   0.456   0.378   0.000
       5   5.000   0.012   0.490   0.498   0.000
       6   6.000   0.000   0.458   0.542   0.000
       7   6.000   0.019   0.419   0.562   0.000
       8   8.000   0.117   0.338   0.545   0.000
       9   8.000   0.208   0.263   0.529   0.000
      10   8.000   0.293   0.194   0.513   0.000
      11   6.000   0.377   0.125   0.498   0.000
      12   5.000   0.465   0.053   0.482   0.000
      13   5.000   0.568   0.000   0.432   0.000
      14   4.000   0.678   0.069   0.253   0.000
      15   4.000   0.800   0.172   0.028   0.000
      16   5.000   0.756   0.244   0.000   0.000
      17   4.000   0.686   0.314   0.000   0.000
      18   3.000   0.624   0.371   0.000   0.005
      19   6.000   0.512   0.363   0.000   0.125
      20   7.000   0.380   0.430   0.000   0.190
      21  10.000   0.248   0.506   0.000   0.247
      22  13.000   0.113   0.581   0.000   0.306
      23  14.000   0.001   0.631   0.000   0.369
      24  18.000   0.000   0.617   0.000   0.383
      25  18.000   0.000   0.628   0.000   0.372
      26  16.000   0.000   0.651   0.000   0.349
      27  15.000   0.033   0.654   0.000   0.314
      28  14.000   0.140   0.576   0.000   0.284
      29  12.000   0.251   0.493   0.000   0.256
      30   9.000   0.366   0.409   0.000   0.225
      31   7.000   0.491   0.324   0.000   0.184
      32   7.000   0.627   0.245   0.000   0.127
      33   4.000   0.782   0.211   0.000   0.008
      34   5.000   0.756   0.244   0.000   0.000
      35   4.000   0.686   0.314   0.000   0.000
      36   3.000   0.625   0.375   0.000   0.000
  STRAIN   AVACS   PRITW   SECTW   MODE1   MODE2   MODE3   MODE4   TWFR3   EFFR3   TWFR4   EFFR4
   0.100   6.000   0.000   0.000   0.512   0.363   0.000   0.125   0.000   0.000   0.050   0.000
   0.101   6.000   0.000   0.000   0.512   0.363   0.000   0.125   0.000   0.000   0.051   0.000
   0.101   6.000   0.000   0.000   0.512   0.363   0.000   0.124   0.000   0.000   0.052   0.000
   0.102   6.000   0.000   0.000   0.512   0.363   0.000   0.125   0.000   0.000   0.052   0.000
   0.102   6.000   0.000   0.000   0.512   0.364   0.000   0.124   0.000   0.000   0.053   0.000
   0.103   6.000   0.000   0.000   0.512   0.363   0.000   0.124   0.000   0.000   0.053   0.000
   0.103   6.000   0.000   0.000   0.512   0.364   0.000   0.124   0.000   0.000   0.054   0.000
   0.104   6.000   0.000   0.000   0.512   0.364   0.000   0.124   0.000   0.000   0.055   0.000
   0.104   6.000   0.000   0.000   0.512   0.364   0.000   0.123   0.000   0.000   0.055   0.000
   0.105   6.000   0.000   0.000   0.512   0.364   0.000   0.123   0.000   0.000   0.056   0.000
   0.105   5.000   0.000   0.000   0.512   0.365   0.000   0.123   0.000   0.000   0.057   0.000
   0.106   5.000   0.000   0.000   0.512   0.365   0.000   0.123   0.000   0.000   0.057   0.000
   0.106   5.000   0.000   0.000   0.512   0.366   0.000   0.122   0.000   0.000   0.058   0.000
   0.107   5.000   0.000   0.000   0.512   0.366   0.000   0.122   0.000   0.000   0.058   0.000
   0.107   5.000   0.000   0.000   0.512   0.366   0.000   0.121   0.000   0.000   0.059   0.000
   0.108   5.000   0.000   0.000   0.512   0.366   0.000   0.121   0.000   0.000   0.060   0.000
   0.108   5.000   0.000   0.000   0.512   0.367   0.000   0.121   0.000   0.000   0.060   0.000
   0.109   5.000   0.000   0.000   0.512   0.367   0.000   0.120   0.000   0.000   0.061   0.000
   0.109   5.000   0.000   0.000   0.512   0.368   0.000   0.120   0.000   0.000   0.061   0.000
   0.110   5.000   0.000   0.000   0.512   0.368   0.000   0.119   0.000   0.000   0.062   0.000
   0.110   5.000   0.000   0.000   0.512   0.369   0.000   0.119   0.000   0.000   0.063   0.000
   0.111   5.000   0.000   0.000   0.512   0.370   0.000   0.118   0.000   0.000   0.063   0.000
   0.111   5.000   0.000   0.000   0.512   0.371   0.000   0.117   0.000   0.000   0.064   0.000
   0.112   5.000   0.000   0.000   0.512   0.371   0.000   0.117   0.000   0.000   0.064   0.000
   0.112   5.000   0.000   0.000   0.512   0.372   0.000   0.116   0.000   0.000   0.065   0.000
   0.113   5.000   0.000   0.000   0.512   0.372   0.000   0.116   0.000   0.000   0.066   0.000
   0.113   5.000   0.000   0.000   0.512   0.373   0.000   0.115   0.000   0.000   0.066   0.000
   0.114   5.000   0.000   0.000   0.512   0.374   0.000   0.115   0.000   0.000   0.067   0.000
   0.114   5.000   0.000   0.000   0.511   0.375   0.000   0.113   0.000   0.000   0.067   0.000
   0.115   5.000   0.000   0.000   0.511   0.375   0.000   0.113   0.000   0.000   0.068   0.000
   0.115   5.000   0.000   0.000   0.511   0.377   0.000   0.112   0.000   0.000   0.068   0.000
   0.116   5.000   0.000   0.000   0.511   0.377   0.000   0.112   0.000   0.000   0.069   0.000
   0.116   5.000   0.000   0.000   0.511   0.379   0.000   0.110   0.000   0.000   0.070   0.000
   0.117   5.000   0.000   0.000   0.511   0.379   0.000   0.110   0.000   0.000   0.070   0.000
   0.117   5.000   0.000   0.000   0.511   0.381   0.000   0.109   0.000   0.000   0.071   0.000
   0.118   5.000   0.000   0.000   0.511   0.381   0.000   0.108   0.000   0.000   0.071   0.000
   0.118   5.000   0.000   0.000   0.511   0.383   0.000   0.107   0.000   0.000   0.072   0.000
   0.119   5.000   0.000   0.000   0.511   0.383   0.000   0.106   0.000   0.000   0.072   0.000
   0.119   5.000   0.000   0.000   0.510   0.385   0.000   0.105   0.000   0.000   0.073   0.000
   0.120   5.000   0.000   0.000   0.510   0.385   0.000   0.105   0.000   0.000   0.073   0.000
   0.120   5.000   0.000   0.000   0.510   0.387   0.000   0.103   0.000   0.000   0.074   0.000
   0.121   5.000   0.000   0.000   0.510   0.387   0.000   0.102   0.000   0.000   0.074   0.000
   0.121   5.000   0.000   0.000   0.510   0.389   0.000   0.101   0.000   0.000   0.075   0.000
   0.122   5.000   0.000   0.000   0.510   0.390   0.000   0.100   0.000   0.000   0.075   0.000
   0.122   5.000   0.000   0.000   0.510   0.392   0.000   0.099   0.000   0.000   0.076   0.000
   0.123   5.000   0.000   0.000   0.510   0.392   0.000   0.098   0.000   0.000   0.076   0.000
   0.123   5.000   0.000   0.000   0.509   0.394   0.000   0.096   0.000   0.000   0.077   0.000
   0.124   5.000   0.000   0.000   0.509   0.395   0.000   0.096   0.000   0.000   0.077   0.000
   0.124   5.000   0.000   0.000   0.509   0.397   0.000   0.094   0.000   0.000   0.078   0.000
   0.125   5.000   0.000   0.000   0.509   0.397   0.000   0.094   0.000   0.000   0.078   0.000
   0.125   5.000   0.000   0.000   0.509   0.400   0.000   0.092   0.000   0.000   0.079   0.000
    STEP   AVACS   MODE1   MODE2   MODE3   MODE4
       1   5.000   0.518   0.447   0.036   0.000
       2   6.000   0.401   0.464   0.135   0.000
       3   7.000   0.284   0.482   0.234   0.000
       4   7.000   0.159   0.502   0.340   0.000
       5   5.000   0.004   0.539   0.457   0.000
       6   6.000   0.000   0.500   0.500   0.000
       7   7.000   0.033   0.452   0.516   0.000
       8   8.000   0.129   0.365   0.506   0.000
       9   8.000   0.217   0.286   0.497   0.000
      10   8.000   0.300   0.211   0.489   0.000
      11   7.000   0.382   0.138   0.481   0.000
      12   6.000   0.468   0.060   0.472   0.000
      13   5.000   0.571   0.000   0.429   0.000
      14   5.000   0.679   0.076   0.246   0.000
      15   4.000   0.798   0.183   0.019   0.000
      16   5.000   0.744   0.256   0.000   0.000
      17   6.000   0.672   0.328   0.000   0.000
      18   3.000   0.603   0.394   0.000   0.003
      19   5.000   0.509   0.400   0.000   0.092
      20   7.000   0.380   0.436   0.000   0.184
      21  10.000   0.245   0.513   0.000   0.242
      22  12.000   0.106   0.590   0.000   0.304
      23  14.000   0.000   0.629   0.000   0.371
      24  18.000   0.000   0.620   0.000   0.380
      25  18.000   0.000   0.638   0.000   0.362
      26  15.000   0.000   0.667   0.000   0.333
      27  14.000   0.030   0.676   0.000   0.295
      28  13.000   0.135   0.596   0.000   0.268
      29  12.000   0.247   0.510   0.000   0.243
      30   8.000   0.365   0.421   0.000   0.214
      31   8.000   0.492   0.334   0.000   0.175
      32   7.000   0.627   0.254   0.000   0.119
      33   4.000   0.786   0.211   0.000   0.003
      34   5.000   0.745   0.255   0.000   0.000
      35   6.000   0.672   0.328   0.000   0.000
      36   3.000   0.604   0.396   0.000   0.000
