    STEP   AVACS   MODE1   MODE2   MODE3   MODE4
       1   5.000   0.215   0.785   0.000   0.000
       2   5.000   0.283   0.717   0.000   0.000
       3   4.000   0.358   0.642   0.000   0.000
       4   4.000   0.453   0.547   0.000   0.000
       5   4.000   0.569   0.431   0.000   0.000
       6   7.000   0.512   0.488   0.000   0.000
       7   7.000   0.488   0.512   0.000   0.000
       8   6.000   0.483   0.517   0.000   0.000
       9   6.000   0.602   0.398   0.000   0.000
      10   7.000   0.516   0.484   0.000   0.000
      11   7.000   0.419   0.581   0.000   0.000
      12   7.000   0.329   0.671   0.000   0.000
      13   7.000   0.241   0.759   0.000   0.000
      14   7.000   0.151   0.849   0.000   0.000
      15   6.000   0.052   0.948   0.000   0.000
      16   5.000   0.004   0.996   0.000   0.000
      17   6.000   0.080   0.920   0.000   0.000
      18   5.000   0.149   0.851   0.000   0.000
      19   5.000   0.215   0.785   0.000   0.000
      20   5.000   0.283   0.717   0.000   0.000
      21   4.000   0.358   0.642   0.000   0.000
      22   4.000   0.453   0.547   0.000   0.000
      23   4.000   0.569   0.431   0.000   0.000
      24   6.000   0.548   0.254   0.197   0.000
      25   5.000   0.551   0.059   0.390   0.000
      26   7.000   0.568   0.247   0.185   0.000
      27   5.000   0.603   0.396   0.001   0.000
      28   7.000   0.516   0.484   0.000   0.000
      29   7.000   0.419   0.581   0.000   0.000
      30   7.000   0.329   0.671   0.000   0.000
      31   7.000   0.241   0.759   0.000   0.000
      32   7.000   0.151   0.849   0.000   0.000
      33   6.000   0.052   0.948   0.000   0.000
      34   5.000   0.004   0.996   0.000   0.000
      35   6.000   0.080   0.920   0.000   0.000
      36   5.000   0.149   0.851   0.000   0.000
  STRAIN   AVACS   PRITW   SECTW   MODE1   MODE2   MODE3   MODE4   TWFR3   EFFR3   TWFR4   EFFR4
   0.000   5.000   0.000   0.000   0.215   0.785   0.000   0.000   0.000   0.000   0.000   0.000
   0.001   5.000   0.000   0.000   0.214   0.786   0.000   0.000   0.000   0.000   0.000   0.000
   0.001   5.000   0.000   0.000   0.212   0.788   0.000   0.000   0.000   0.000   0.000   0.000
   0.002   5.000   0.000   0.000   0.211   0.789   0.000   0.000   0.000   0.000   0.000   0.000
   0.002   5.000   0.000   0.000   0.210   0.790   0.000   0.000   0.000   0.000   0.000   0.000
   0.003   5.000   0.000   0.000   0.209   0.791   0.000   0.000   0.000   0.000   0.000   0.000
   0.003   5.000   0.000   0.000   0.208   0.792   0.000   0.000   0.000   0.000   0.000   0.000
   0.004   5.000   0.000   0.000   0.207   0.793   0.000   0.000   0.000   0.000   0.000   0.000
   0.004   5.000   0.000   0.000   0.207   0.793   0.000   0.000   0.000   0.000   0.000   0.000
   0.005   5.000   0.000   0.000   0.206   0.794   0.000   0.000   0.000   0.000   0.000   0.000
   0.005   5.000   0.000   0.000   0.206   0.794   0.000   0.000   0.000   0.000   0.000   0.000
   0.006   5.000   0.000   0.000   0.205   0.795   0.000   0.000   0.000   0.000   0.000   0.000
   0.006   5.000   0.000   0.000   0.205   0.795   0.000   0.000   0.000   0.000   0.000   0.000
   0.007   5.000   0.000   0.000   0.205   0.795   0.000   0.000   0.000   0.000   0.000   0.000
   0.007   5.000   0.000   0.000   0.205   0.795   0.000   0.000   0.000   0.000   0.000   0.000
   0.008   5.000   0.000   0.000   0.204   0.796   0.000   0.000   0.000   0.000   0.000   0.000
   0.008   5.000   0.000   0.000   0.204   0.796   0.000   0.000   0.000   0.000   0.000   0.000
   0.009   5.000   0.000   0.000   0.204   0.796   0.000   0.000   0.000   0.000   0.000   0.000
   0.009   5.000   0.000   0.000   0.204   0.796   0.000   0.000   0.000   0.000   0.000   0.000
   0.010   5.000   0.000   0.000   0.204   0.796   0.000   0.000   0.000   0.000   0.000   0.000
   0.010   5.000   0.000   0.000   0.204   0.796   0.000   0.000   0.000   0.000   0.000   0.000
   0.011   5.000   0.000   0.000   0.204   0.796   0.000   0.000   0.000   0.000   0.000   0.000
   0.011   5.000   0.000   0.000   0.203   0.797   0.000   0.000   0.000   0.000   0.000   0.000
   0.012   5.000   0.000   0.000   0.203   0.797   0.000   0.000   0.000   0.000   0.000   0.000
   0.012   5.000   0.000   0.000   0.203   0.797   0.000   0.000   0.000   0.000   0.000   0.000
   0.013   5.000   0.000   0.000   0.203   0.797   0.000   0.000   0.000   0.000   0.000   0.000
   0.013   5.000   0.000   0.000   0.203   0.797   0.000   0.000   0.000   0.000   0.000   0.000
   0.014   5.000   0.000   0.000   0.203   0.797   0.000   0.000   0.000   0.000   0.000   0.000
   0.014   5.000   0.000   0.000   0.203   0.797   0.000   0.000   0.000   0.000   0.000   0.000
   0.015   5.000   0.000   0.000   0.203   0.797   0.000   0.000   0.000   0.000   0.000   0.000
   0.015   5.000   0.000   0.000   0.203   0.797   0.000   0.000   0.000   0.000   0.000   0.000
   0.016   5.000   0.000   0.000   0.202   0.798   0.000   0.000   0.000   0.000   0.000   0.000
   0.016   5.000   0.000   0.000   0.202   0.798   0.000   0.000   0.000   0.000   0.000   0.000
   0.017   5.000   0.000   0.000   0.202   0.798   0.000   0.000   0.000   0.000   0.000   0.000
   0.017   5.000   0.000   0.000   0.202   0.798   0.000   0.000   0.000   0.000   0.000   0.000
   0.018   5.000   0.000   0.000   0.202   0.798   0.000   0.000   0.000   0.000   0.000   0.000
   0.018   5.000   0.000   0.000   0.202   0.798   0.000   0.000   0.000   0.000   0.000   0.000
   0.019   5.000   0.000   0.000   0.202   0.798   0.000   0.000   0.000   0.000   0.000   0.000
   0.019   5.000   0.000   0.000   0.202   0.798   0.000   0.000   0.000   0.000   0.000   0.000
   0.020   5.000   0.000   0.000   0.201   0.799   0.000   0.000   0.000   0.000   0.000   0.000
   0.020   5.000   0.000   0.000   0.201   0.799   0.000   0.000   0.000   0.000   0.000   0.000
   0.021   5.000   0.000   0.000   0.201   0.799   0.000   0.000   0.000   0.000   0.000   0.000
   0.021   5.000   0.000   0.000   0.201   0.799   0.000   0.000   0.000   0.000   0.000   0.000
   0.022   5.000   0.000   0.000   0.201   0.799   0.000   0.000   0.000   0.000   0.000   0.000
   0.022   5.000   0.000   0.000   0.201   0.799   0.000   0.000   0.000   0.000   0.000   0.000
   0.023   5.000   0.000   0.000   0.201   0.799   0.000   0.000   0.000   0.000   0.000   0.000
   0.023   5.000   0.000   0.000   0.201   0.799   0.000   0.000   0.000   0.000   0.000   0.000
   0.024   5.000   0.000   0.000   0.200   0.800   0.000   0.000   0.000   0.000   0.000   0.000
   0.024   5.000   0.000   0.000   0.200   0.800   0.000   0.000   0.000   0.000   0.000   0.000
   0.025   5.000   0.000   0.000   0.200   0.800   0.000   0.000   0.000   0.000   0.000   0.000
   0.025   5.000   0.000   0.000   0.200   0.800   0.000   0.000   0.000   0.000   0.000   0.000
    STEP   AVACS   MODE1   MODE2   MODE3   MODE4
       1   5.000   0.200   0.800   0.000   0.000
       2   5.000   0.269   0.731   0.000   0.000
       3   6.000   0.347   0.653   0.000   0.000
       4   5.000   0.442   0.558   0.000   0.000
       5   4.000   0.558   0.442   0.000   0.000
       6   6.000   0.497   0.489   0.000   0.014
       7   6.000   0.478   0.501   0.000   0.020
       8   5.000   0.479   0.506   0.000   0.015
       9   4.000   0.614   0.386   0.000   0.000
      10   7.000   0.509   0.491   0.000   0.000
      11   7.000   0.411   0.589   0.000   0.000
      12   7.000   0.321   0.679   0.000   0.000
      13   7.000   0.232   0.768   0.000   0.000
      14   7.000   0.140   0.860   0.000   0.000
      15   6.000   0.045   0.955   0.000   0.000
      16   4.000   0.000   1.000   0.000   0.000
      17   5.000   0.061   0.939   0.000   0.000
      18   5.000   0.132   0.868   0.000   0.000
      19   5.000   0.200   0.800   0.000   0.000
      20   5.000   0.269   0.731   0.000   0.000
      21   6.000   0.347   0.653   0.000   0.000
      22   5.000   0.442   0.558   0.000   0.000
      23   4.000   0.557   0.442   0.001   0.000
      24   6.000   0.532   0.265   0.203   0.000
      25   5.000   0.556   0.070   0.374   0.000
      26   7.000   0.585   0.236   0.179   0.000
      27   4.000   0.613   0.386   0.001   0.000
      28   7.000   0.509   0.491   0.000   0.000
      29   7.000   0.411   0.589   0.000   0.000
      30   7.000   0.321   0.679   0.000   0.000
      31   7.000   0.232   0.768   0.000   0.000
      32   7.000   0.140   0.860   0.000   0.000
      33   6.000   0.045   0.955   0.000   0.000
      34   4.000   0.000   1.000   0.000   0.000
      35   5.000   0.061   0.939   0.000   0.000
      36   5.000   0.132   0.868   0.000   0.000
  STRAIN   AVACS   PRITW   SECTW   MODE1   MODE2   MODE3   MODE4   TWFR3   EFFR3   TWFR4   EFFR4
   0.025   5.000   0.000   0.000   0.200   0.800   0.000   0.000   0.000   0.000   0.000   0.000
   0.026   5.000   0.000   0.000   0.200   0.800   0.000   0.000   0.000   0.000   0.000   0.000
   0.026   5.000   0.000   0.000   0.200   0.800   0.000   0.000   0.000   0.000   0.000   0.000
   0.027   5.000   0.000   0.000   0.200   0.800   0.000   0.000   0.000   0.000   0.000   0.000
   0.027   5.000   0.000   0.000   0.199   0.801   0.000   0.000   0.000   0.000   0.000   0.000
   0.028   5.000   0.000   0.000   0.199   0.801   0.000   0.000   0.000   0.000   0.000   0.000
   0.028   5.000   0.000   0.000   0.199   0.801   0.000   0.000   0.000   0.000   0.000   0.000
   0.029   5.000   0.000   0.000   0.199   0.801   0.000   0.000   0.000   0.000   0.000   0.000
   0.029   5.000   0.000   0.000   0.199   0.801   0.000   0.000   0.000   0.000   0.000   0.000
   0.030   5.000   0.000   0.000   0.199   0.801   0.000   0.000   0.000   0.000   0.000   0.000
   0.030   5.000   0.000   0.000   0.198   0.802   0.000   0.000   0.000   0.000   0.000   0.000
   0.031   5.000   0.000   0.000   0.198   0.802   0.000   0.000   0.000   0.000   0.000   0.000
   0.031   5.000   0.000   0.000   0.198   0.802   0.000   0.000   0.000   0.000   0.000   0.000
   0.032   5.000   0.000   0.000   0.198   0.802   0.000   0.000   0.000   0.000   0.000   0.000
   0.032   5.000   0.000   0.000   0.198   0.802   0.000   0.000   0.000   0.000   0.000   0.000
   0.033   5.000   0.000   0.000   0.198   0.802   0.000   0.000   0.000   0.000   0.000   0.000
   0.033   5.000   0.000   0.000   0.198   0.802   0.000   0.000   0.000   0.000   0.000   0.000
   0.034   5.000   0.000   0.000   0.197   0.803   0.000   0.000   0.000   0.000   0.000   0.000
   0.034   5.000   0.000   0.000   0.197   0.803   0.000   0.000   0.000   0.000   0.000   0.000
   0.035   5.000   0.000   0.000   0.197   0.803   0.000   0.000   0.000   0.000   0.000   0.000
   0.035   5.000   0.000   0.000   0.197   0.803   0.000   0.000   0.000   0.000   0.000   0.000
   0.036   5.000   0.000   0.000   0.197   0.803   0.000   0.000   0.000   0.000   0.000   0.000
   0.036   5.000   0.000   0.000   0.196   0.804   0.000   0.000   0.000   0.000   0.000   0.000
   0.037   5.000   0.000   0.000   0.196   0.804   0.000   0.000   0.000   0.000   0.000   0.000
   0.037   5.000   0.000   0.000   0.196   0.804   0.000   0.000   0.000   0.000   0.000   0.000
   0.038   5.000   0.000   0.000   0.196   0.804   0.000   0.000   0.000   0.000   0.000   0.000
   0.038   5.000   0.000   0.000   0.196   0.804   0.000   0.000   0.000   0.000   0.000   0.000
   0.039   5.000   0.000   0.000   0.196   0.804   0.000   0.000   0.000   0.000   0.000   0.000
   0.039   5.000   0.000   0.000   0.196   0.804   0.000   0.000   0.000   0.000   0.000   0.000
   0.040   5.000   0.000   0.000   0.195   0.804   0.000   0.000   0.000   0.000   0.000   0.000
   0.040   5.000   0.000   0.000   0.195   0.805   0.000   0.000   0.000   0.000   0.000   0.000
   0.041   5.000   0.000   0.000   0.195   0.805   0.000   0.000   0.000   0.000   0.000   0.000
   0.041   5.000   0.000   0.000   0.195   0.805   0.000   0.000   0.000   0.000   0.000   0.000
   0.042   5.000   0.000   0.000   0.195   0.805   0.000   0.000   0.000   0.000   0.000   0.000
   0.042   5.000   0.000   0.000   0.194   0.805   0.000   0.000   0.000   0.000   0.000   0.000
   0.043   5.000   0.000   0.000   0.194   0.805   0.000   0.000   0.000   0.000   0.000   0.000
   0.043   5.000   0.000   0.000   0.194   0.806   0.000   0.000   0.000   0.000   0.000   0.000
   0.044   5.000   0.000   0.000   0.194   0.806   0.000   0.000   0.000   0.000   0.000   0.000
   0.044   5.000   0.000   0.000   0.194   0.806   0.000   0.000   0.000   0.000   0.000   0.000
   0.045   5.000   0.000   0.000   0.194   0.806   0.000   0.000   0.000   0.000   0.000   0.000
   0.045   5.000   0.000   0.000   0.193   0.806   0.000   0.000   0.000   0.000   0.000   0.000
   0.046   5.000   0.000   0.000   0.193   0.807   0.000   0.000   0.000   0.000   0.000   0.000
   0.046   5.000   0.000   0.000   0.193   0.807   0.000   0.000   0.000   0.000   0.000   0.000
   0.047   5.000   0.000   0.000   0.193   0.807   0.000   0.000   0.000   0.000   0.000   0.000
   0.047   5.000   0.000   0.000   0.193   0.807   0.000   0.000   0.000   0.000   0.000   0.000
   0.048   5.000   0.000   0.000   0.193   0.807   0.000   0.000   0.000   0.000   0.000   0.000
   0.048   5.000   0.000   0.000   0.192   0.807   0.000   0.000   0.000   0.000   0.000   0.000
   0.049   5.000   0.000   0.000   0.192   0.808   0.000   0.000   0.000   0.000   0.000   0.000
   0.049   5.000   0.000   0.000   0.192   0.808   0.000   0.000   0.000   0.000   0.000   0.000
   0.050   5.000   0.000   0.000   0.192   0.808   0.000   0.000   0.000   0.000   0.000   0.000
   0.050   5.000   0.000   0.000   0.192   0.808   0.000   0.000   0.000   0.000   0.000   0.000
    STEP   AVACS   MODE1   MODE2   MODE3   MODE4
       1   5.000   0.192   0.808   0.000   0.000
       2   6.000   0.263   0.737   0.000   0.000
       3   6.000   0.343   0.656   0.000   0.000
       4   6.000   0.438   0.562   0.000   0.000
       5   4.000   0.550   0.449   0.000   0.001
       6   7.000   0.499   0.386   0.000   0.115
       7   8.000   0.488   0.355   0.000   0.157
       8   5.000   0.497   0.405   0.000   0.099
       9   4.000   0.616   0.383   0.000   0.000
      10   6.000   0.513   0.487   0.000   0.000
      11   7.000   0.417   0.583   0.000   0.000
      12   7.000   0.328   0.672   0.000   0.000
      13   7.000   0.240   0.760   0.000   0.000
      14   7.000   0.148   0.851   0.000   0.000
      15   6.000   0.053   0.946   0.000   0.000
      16   5.000   0.000   1.000   0.000   0.000
      17   5.000   0.050   0.949   0.000   0.001
      18   5.000   0.122   0.877   0.000   0.001
      19   5.000   0.192   0.808   0.000   0.000
      20   6.000   0.263   0.737   0.000   0.000
      21   6.000   0.343   0.657   0.000   0.000
      22   6.000   0.438   0.562   0.000   0.000
      23   4.000   0.546   0.446   0.009   0.000
      24   6.000   0.524   0.269   0.207   0.000
      25   5.000   0.559   0.087   0.354   0.000
      26   7.000   0.594   0.237   0.169   0.000
      27   4.000   0.614   0.383   0.003   0.000
      28   6.000   0.512   0.487   0.000   0.000
      29   7.000   0.417   0.583   0.000   0.000
      30   7.000   0.328   0.672   0.000   0.000
      31   7.000   0.240   0.760   0.000   0.000
      32   7.000   0.148   0.852   0.000   0.000
      33   6.000   0.053   0.947   0.000   0.000
      34   5.000   0.000   1.000   0.000   0.000
      35   5.000   0.050   0.950   0.000   0.000
      36   5.000   0.122   0.877   0.000   0.000
  STRAIN   AVACS   PRITW   SECTW   MODE1   MODE2   MODE3   MODE4   TWFR3   EFFR3   TWFR4   EFFR4
   0.050   5.000   0.000   0.000   0.192   0.808   0.000   0.000   0.000   0.000   0.000   0.000
   0.051   5.000   0.000   0.000   0.192   0.808   0.000   0.000   0.000   0.000   0.000   0.000
   0.051   5.000   0.000   0.000   0.191   0.808   0.000   0.000   0.000   0.000   0.000   0.000
   0.052   5.000   0.000   0.000   0.191   0.809   0.000   0.000   0.000   0.000   0.000   0.000
   0.052   5.000   0.000   0.000   0.191   0.809   0.000   0.000   0.000   0.000   0.000   0.000
   0.053   5.000   0.000   0.000   0.191   0.809   0.000   0.000   0.000   0.000   0.000   0.000
   0.053   5.000   0.000   0.000   0.191   0.809   0.000   0.000   0.000   0.000   0.000   0.000
   0.054   5.000   0.000   0.000   0.191   0.809   0.000   0.000   0.000   0.000   0.000   0.000
   0.054   5.000   0.000   0.000   0.190   0.809   0.000   0.000   0.000   0.000   0.000   0.000
   0.055   5.000   0.000   0.000   0.190   0.810   0.000   0.000   0.000   0.000   0.000   0.000
   0.055   5.000   0.000   0.000   0.190   0.810   0.000   0.000   0.000   0.000   0.000   0.000
   0.056   5.000   0.000   0.000   0.190   0.810   0.000   0.000   0.000   0.000   0.000   0.000
   0.056   5.000   0.000   0.000   0.190   0.810   0.000   0.000   0.000   0.000   0.000   0.000
   0.057   5.000   0.000   0.000   0.190   0.810   0.000   0.000   0.000   0.000   0.000   0.000
   0.057   5.000   0.000   0.000   0.189   0.810   0.000   0.000   0.000   0.000   0.000   0.000
   0.058   5.000   0.000   0.000   0.189   0.811   0.000   0.000   0.000   0.000   0.000   0.000
   0.058   5.000   0.000   0.000   0.189   0.811   0.000   0.000   0.000   0.000   0.000   0.000
   0.059   5.000   0.000   0.000   0.189   0.811   0.000   0.000   0.000   0.000   0.000   0.000
   0.059   5.000   0.000   0.000   0.189   0.811   0.000   0.000   0.000   0.000   0.000   0.000
   0.060   5.000   0.000   0.000   0.189   0.811   0.000   0.000   0.000   0.000   0.000   0.000
   0.060   5.000   0.000   0.000   0.188   0.811   0.000   0.000   0.000   0.000   0.000   0.000
   0.061   6.000   0.000   0.000   0.188   0.812   0.000   0.000   0.000   0.000   0.000   0.000
   0.061   6.000   0.000   0.000   0.188   0.812   0.000   0.000   0.000   0.000   0.000   0.000
   0.062   6.000   0.000   0.000   0.188   0.812   0.000   0.000   0.000   0.000   0.000   0.000
   0.062   6.000   0.000   0.000   0.188   0.812   0.000   0.000   0.000   0.000   0.000   0.000
   0.063   6.000   0.000   0.000   0.187   0.812   0.000   0.000   0.000   0.000   0.000   0.000
   0.063   6.000   0.000   0.000   0.187   0.812   0.000   0.000   0.000   0.000   0.000   0.000
   0.064   6.000   0.000   0.000   0.187   0.813   0.000   0.000   0.000   0.000   0.000   0.000
   0.064   6.000   0.000   0.000   0.187   0.813   0.000   0.000   0.000   0.000   0.000   0.000
   0.065   6.000   0.000   0.000   0.187   0.813   0.000   0.000   0.000   0.000   0.000   0.000
   0.065   6.000   0.000   0.000   0.187   0.813   0.000   0.000   0.000   0.000   0.000   0.000
   0.066   6.000   0.000   0.000   0.187   0.813   0.000   0.000   0.000   0.000   0.000   0.000
   0.066   6.000   0.000   0.000   0.186   0.813   0.000   0.000   0.000   0.000   0.000   0.000
   0.067   6.000   0.000   0.000   0.186   0.814   0.000   0.000   0.000   0.000   0.000   0.000
   0.067   6.000   0.000   0.000   0.186   0.814   0.000   0.000   0.000   0.000   0.000   0.000
   0.068   6.000   0.000   0.000   0.186   0.814   0.000   0.000   0.000   0.000   0.000   0.000
   0.068   6.000   0.000   0.000   0.186   0.814   0.000   0.000   0.000   0.000   0.000   0.000
   0.069   6.000   0.000   0.000   0.186   0.814   0.000   0.000   0.000   0.000   0.000   0.000
   0.069   6.000   0.000   0.000   0.185   0.814   0.000   0.000   0.000   0.000   0.000   0.000
   0.070   6.000   0.000   0.000   0.185   0.815   0.000   0.000   0.000   0.000   0.000   0.000
   0.070   6.000   0.000   0.000   0.185   0.815   0.000   0.000   0.000   0.000   0.000   0.000
   0.071   6.000   0.000   0.000   0.185   0.815   0.000   0.000   0.000   0.000   0.000   0.000
   0.071   6.000   0.000   0.000   0.185   0.815   0.000   0.000   0.000   0.000   0.000   0.000
   0.072   6.000   0.000   0.000   0.184   0.815   0.000   0.000   0.000   0.000   0.000   0.000
   0.072   6.000   0.000   0.000   0.184   0.815   0.000   0.000   0.000   0.000   0.000   0.000
   0.073   6.000   0.000   0.000   0.184   0.816   0.000   0.000   0.000   0.000   0.000   0.000
   0.073   6.000   0.000   0.000   0.184   0.816   0.000   0.000   0.000   0.000   0.000   0.000
   0.074   6.000   0.000   0.000   0.184   0.816   0.000   0.000   0.000   0.000   0.000   0.000
   0.074   6.000   0.000   0.000   0.184   0.816   0.000   0.000   0.000   0.000   0.000   0.000
   0.075   6.000   0.000   0.000   0.184   0.816   0.000   0.000   0.000   0.000   0.000   0.000
   0.075   6.000   0.000   0.000   0.183   0.816   0.000   0.000   0.000   0.000   0.000   0.000
    STEP   AVACS   MODE1   MODE2   MODE3   MODE4
       1   6.000   0.184   0.816   0.000   0.000
       2   6.000   0.257   0.743   0.000   0.001
       3   6.000   0.339   0.661   0.000   0.001
       4   6.000   0.433   0.566   0.000   0.001
       5   4.000   0.520   0.472   0.000   0.008
       6   7.000   0.492   0.347   0.000   0.161
       7   8.000   0.489   0.295   0.000   0.216
       8   5.000   0.508   0.376   0.000   0.117
       9   5.000   0.614   0.386   0.000   0.001
      10   6.000   0.512   0.487   0.000   0.000
      11   7.000   0.418   0.581   0.000   0.000
      12   7.000   0.329   0.670   0.000   0.000
      13   7.000   0.241   0.759   0.000   0.000
      14   7.000   0.150   0.850   0.000   0.000
      15   6.000   0.056   0.944   0.000   0.000
      16   4.000   0.000   1.000   0.000   0.000
      17   5.000   0.037   0.962   0.000   0.001
      18   5.000   0.112   0.888   0.000   0.000
      19   6.000   0.183   0.816   0.000   0.000
      20   6.000   0.257   0.743   0.000   0.000
      21   6.000   0.339   0.661   0.000   0.000
      22   6.000   0.433   0.567   0.000   0.000
      23   4.000   0.530   0.448   0.022   0.000
      24   6.000   0.512   0.275   0.213   0.000
      25   6.000   0.562   0.101   0.337   0.000
      26   6.000   0.598   0.244   0.159   0.000
      27   5.000   0.610   0.385   0.005   0.000
      28   6.000   0.512   0.488   0.000   0.000
      29   7.000   0.418   0.582   0.000   0.000
      30   7.000   0.329   0.671   0.000   0.000
      31   7.000   0.241   0.759   0.000   0.000
      32   7.000   0.150   0.850   0.000   0.000
      33   6.000   0.056   0.944   0.000   0.000
      34   4.000   0.000   0.999   0.000   0.001
      35   5.000   0.038   0.962   0.000   0.000
      36   5.000   0.112   0.888   0.000   0.000
  STRAIN   AVACS   PRITW   SECTW   MODE1   MODE2   MODE3   MODE4   TWFR3   EFFR3   TWFR4   EFFR4
   0.075   6.000   0.000   0.000   0.183   0.816   0.000   0.000   0.000   0.000   0.000   0.000
   0.076   6.000   0.000   0.000   0.183   0.817   0.000   0.000   0.000   0.000   0.000   0.000
   0.076   6.000   0.000   0.000   0.183   0.817   0.000   0.000   0.000   0.000   0.000   0.000
   0.077   6.000   0.000   0.000   0.183   0.817   0.000   0.000   0.000   0.000   0.000   0.000
   0.077   6.000   0.000   0.000   0.183   0.817   0.000   0.000   0.000   0.000   0.000   0.000
   0.078   6.000   0.000   0.000   0.183   0.817   0.000   0.000   0.000   0.000   0.000   0.000
   0.078   6.000   0.000   0.000   0.182   0.817   0.000   0.000   0.000   0.000   0.000   0.000
   0.079   6.000   0.000   0.000   0.182   0.818   0.000   0.000   0.000   0.000   0.000   0.000
   0.079   6.000   0.000   0.000   0.182   0.818   0.000   0.000   0.000   0.000   0.000   0.000
   0.080   6.000   0.000   0.000   0.182   0.818   0.000   0.000   0.000   0.000   0.000   0.000
   0.080   6.000   0.000   0.000   0.182   0.818   0.000   0.000   0.000   0.000   0.000   0.000
   0.081   6.000   0.000   0.000   0.182   0.818   0.000   0.000   0.000   0.000   0.000   0.000
   0.081   6.000   0.000   0.000   0.181   0.818   0.000   0.000   0.000   0.000   0.000   0.000
   0.082   6.000   0.000   0.000   0.181   0.819   0.000   0.000   0.000   0.000   0.000   0.000
   0.082   6.000   0.000   0.000   0.181   0.819   0.000   0.000   0.000   0.000   0.000   0.000
   0.083   6.000   0.000   0.000   0.181   0.819   0.000   0.000   0.000   0.000   0.000   0.000
   0.083   6.000   0.000   0.000   0.181   0.819   0.000   0.000   0.000   0.000   0.000   0.000
   0.084   6.000   0.000   0.000   0.181   0.819   0.000   0.000   0.000   0.000   0.000   0.000
   0.084   6.000   0.000   0.000   0.180   0.819   0.000   0.000   0.000   0.000   0.000   0.000
   0.085   6.000   0.000   0.000   0.180   0.820   0.000   0.000   0.000   0.000   0.000   0.000
   0.085   6.000   0.000   0.000   0.180   0.820   0.000   0.000   0.000   0.000   0.000   0.000
   0.086   6.000   0.000   0.000   0.180   0.820   0.000   0.000   0.000   0.000   0.000   0.000
   0.086   6.000   0.000   0.000   0.180   0.820   0.000   0.000   0.000   0.000   0.000   0.000
   0.087   6.000   0.000   0.000   0.180   0.820   0.000   0.000   0.000   0.000   0.000   0.000
   0.087   6.000   0.000   0.000   0.179   0.820   0.000   0.000   0.000   0.000   0.000   0.000
   0.088   6.000   0.000   0.000   0.179   0.821   0.000   0.000   0.000   0.000   0.000   0.000
   0.088   6.000   0.000   0.000   0.179   0.821   0.000   0.000   0.000   0.000   0.000   0.000
   0.089   6.000   0.000   0.000   0.179   0.821   0.000   0.000   0.000   0.000   0.000   0.000
   0.089   6.000   0.000   0.000   0.179   0.821   0.000   0.000   0.000   0.000   0.000   0.000
   0.090   6.000   0.000   0.000   0.179   0.821   0.000   0.000   0.000   0.000   0.000   0.000
   0.090   6.000   0.000   0.000   0.178   0.821   0.000   0.000   0.000   0.000   0.000   0.000
   0.091   6.000   0.000   0.000   0.178   0.822   0.000   0.000   0.000   0.000   0.000   0.000
   0.091   6.000   0.000   0.000   0.178   0.822   0.000   0.000   0.000   0.000   0.000   0.000
   0.092   6.000   0.000   0.000   0.178   0.822   0.000   0.000   0.000   0.000   0.000   0.000
   0.092   6.000   0.000   0.000   0.178   0.822   0.000   0.000   0.000   0.000   0.000   0.000
   0.093   6.000   0.000   0.000   0.178   0.822   0.000   0.000   0.000   0.000   0.000   0.000
   0.093   6.000   0.000   0.000   0.178   0.822   0.000   0.000   0.000   0.000   0.000   0.000
   0.094   6.000   0.000   0.000   0.177   0.822   0.000   0.000   0.000   0.000   0.000   0.000
   0.094   6.000   0.000   0.000   0.177   0.823   0.000   0.000   0.000   0.000   0.000   0.000
   0.095   6.000   0.000   0.000   0.177   0.823   0.000   0.000   0.000   0.000   0.000   0.000
   0.095   6.000   0.000   0.000   0.177   0.823   0.000   0.000   0.000   0.000   0.000   0.000
   0.096   6.000   0.000   0.000   0.177   0.823   0.000   0.000   0.000   0.000   0.000   0.000
   0.096   6.000   0.000   0.000   0.177   0.823   0.000   0.000   0.000   0.000   0.000   0.000
   0.097   6.000   0.000   0.000   0.176   0.823   0.000   0.000   0.000   0.000   0.000   0.000
   0.097   6.000   0.000   0.000   0.176   0.824   0.000   0.000   0.000   0.000   0.000   0.000
   0.098   6.000   0.000   0.000   0.176   0.824   0.000   0.000   0.000   0.000   0.000   0.000
   0.098   6.000   0.000   0.000   0.176   0.824   0.000   0.000   0.000   0.000   0.000   0.000
   0.099   6.000   0.000   0.000   0.176   0.824   0.000   0.000   0.000   0.000   0.000   0.000
   0.099   6.000   0.000   0.000   0.176   0.824   0.000   0.000   0.000   0.000   0.000   0.000
   0.100   6.000   0.000   0.000   0.176   0.824   0.000   0.000   0.000   0.000   0.000   0.000
   0.100   6.000   0.000   0.000   0.175   0.825   0.000   0.000   0.000   0.000   0.000   0.000
    STEP   AVACS   MODE1   MODE2   MODE3   MODE4
       1   6.000   0.175   0.824   0.000   0.000
       2   6.000   0.251   0.749   0.000   0.000
       3   6.000   0.334   0.666   0.000   0.001
       4   6.000   0.429   0.570   0.000   0.001
       5   4.000   0.497   0.480   0.000   0.024
       6   7.000   0.476   0.379   0.000   0.144
       7   8.000   0.486   0.325   0.000   0.190
       8   6.000   0.512   0.392   0.000   0.096
       9   5.000   0.609   0.390   0.000   0.000
      10   7.000   0.510   0.490   0.000   0.000
      11   7.000   0.417   0.583   0.000   0.000
      12   7.000   0.328   0.671   0.000   0.000
      13   7.000   0.240   0.760   0.000   0.000
      14   7.000   0.148   0.851   0.000   0.000
      15   6.000   0.057   0.943   0.000   0.000
      16   3.000   0.000   1.000   0.000   0.000
      17   6.000   0.026   0.973   0.000   0.000
      18   6.000   0.102   0.898   0.000   0.000
      19   6.000   0.175   0.825   0.000   0.000
      20   6.000   0.251   0.749   0.000   0.000
      21   6.000   0.334   0.666   0.000   0.000
      22   6.000   0.429   0.571   0.001   0.000
      23   4.000   0.515   0.449   0.036   0.000
      24   6.000   0.501   0.279   0.220   0.000
      25   6.000   0.564   0.113   0.323   0.000
      26   6.000   0.599   0.251   0.150   0.000
      27   5.000   0.605   0.389   0.006   0.000
      28   7.000   0.510   0.490   0.001   0.000
      29   7.000   0.417   0.583   0.000   0.000
      30   7.000   0.328   0.672   0.000   0.000
      31   7.000   0.240   0.760   0.000   0.000
      32   7.000   0.148   0.852   0.000   0.000
      33   6.000   0.057   0.943   0.000   0.000
      34   3.000   0.000   0.999   0.000   0.001
      35   6.000   0.027   0.973   0.000   0.000
      36   6.000   0.102   0.897   0.000   0.000
  STRAIN   AVACS   PRITW   SECTW   MODE1   MODE2   MODE3   MODE4   TWFR3   EFFR3   TWFR4   EFFR4
   0.100   6.000   0.000   0.000   0.175   0.825   0.000   0.000   0.000   0.000   0.000   0.000
   0.101   6.000   0.000   0.000   0.175   0.825   0.000   0.000   0.000   0.000   0.000   0.000
   0.101   6.000   0.000   0.000   0.175   0.825   0.000   0.000   0.000   0.000   0.000   0.000
   0.102   6.000   0.000   0.000   0.175   0.825   0.000   0.000   0.000   0.000   0.000   0.000
   0.102   6.000   0.000   0.000   0.175   0.825   0.000   0.000   0.000   0.000   0.000   0.000
   0.103   6.000   0.000   0.000   0.175   0.825   0.000   0.000   0.000   0.000   0.000   0.000
   0.103   6.000   0.000   0.000   0.174   0.825   0.000   0.000   0.000   0.000   0.000   0.000
   0.104   6.000   0.000   0.000   0.174   0.826   0.000   0.000   0.000   0.000   0.000   0.000
   0.104   6.000   0.000   0.000   0.174   0.826   0.000   0.000   0.000   0.000   0.000   0.000
   0.105   6.000   0.000   0.000   0.174   0.826   0.000   0.000   0.000   0.000   0.000   0.000
   0.105   6.000   0.000   0.000   0.174   0.826   0.000   0.000   0.000   0.000   0.000   0.000
   0.106   6.000   0.000   0.000   0.174   0.826   0.000   0.000   0.000   0.000   0.000   0.000
   0.106   6.000   0.000   0.000   0.174   0.826   0.000   0.000   0.000   0.000   0.000   0.000
   0.107   6.000   0.000   0.000   0.173   0.827   0.000   0.000   0.000   0.000   0.000   0.000
   0.107   6.000   0.000   0.000   0.173   0.827   0.000   0.000   0.000   0.000   0.000   0.000
   0.108   6.000   0.000   0.000   0.173   0.827   0.000   0.000   0.000   0.000   0.000   0.000
   0.108   6.000   0.000   0.000   0.173   0.827   0.000   0.000   0.000   0.000   0.000   0.000
   0.109   6.000   0.000   0.000   0.173   0.827   0.000   0.000   0.000   0.000   0.000   0.000
   0.109   6.000   0.000   0.000   0.173   0.827   0.000   0.000   0.000   0.000   0.000   0.000
   0.110   6.000   0.000   0.000   0.172   0.827   0.000   0.000   0.000   0.000   0.000   0.000
   0.110   6.000   0.000   0.000   0.172   0.828   0.000   0.000   0.000   0.000   0.000   0.000
   0.111   6.000   0.000   0.000   0.172   0.828   0.000   0.000   0.000   0.000   0.000   0.000
   0.111   6.000   0.000   0.000   0.172   0.828   0.000   0.000   0.000   0.000   0.000   0.000
   0.112   6.000   0.000   0.000   0.172   0.828   0.000   0.000   0.000   0.000   0.000   0.000
   0.112   6.000   0.000   0.000   0.172   0.828   0.000   0.000   0.000   0.000   0.000   0.000
   0.113   6.000   0.000   0.000   0.172   0.828   0.000   0.000   0.000   0.000   0.000   0.000
   0.113   6.000   0.000   0.000   0.171   0.829   0.000   0.000   0.000   0.000   0.000   0.000
   0.114   6.000   0.000   0.000   0.171   0.829   0.000   0.000   0.000   0.000   0.000   0.000
   0.114   6.000   0.000   0.000   0.171   0.829   0.000   0.000   0.000   0.000   0.000   0.000
   0.115   6.000   0.000   0.000   0.171   0.829   0.000   0.000   0.000   0.000   0.000   0.000
   0.115   6.000   0.000   0.000   0.171   0.829   0.000   0.000   0.000   0.000   0.000   0.000
   0.116   6.000   0.000   0.000   0.171   0.829   0.000   0.000   0.000   0.000   0.000   0.000
   0.116   6.000   0.000   0.000   0.170   0.829   0.000   0.000   0.000   0.000   0.000   0.000
   0.117   6.000   0.000   0.000   0.170   0.830   0.000   0.000   0.000   0.000   0.000   0.000
   0.117   6.000   0.000   0.000   0.170   0.830   0.000   0.000   0.000   0.000   0.000   0.000
   0.118   6.000   0.000   0.000   0.170   0.830   0.000   0.000   0.000   0.000   0.000   0.000
   0.118   6.000   0.000   0.000   0.170   0.830   0.000   0.000   0.000   0.000   0.000   0.000
   0.119   6.000   0.000   0.000   0.170   0.830   0.000   0.000   0.000   0.000   0.000   0.000
   0.119   6.000   0.000   0.000   0.170   0.830   0.000   0.000   0.000   0.000   0.000   0.000
   0.120   6.000   0.000   0.000   0.169   0.831   0.000   0.000   0.000   0.000   0.000   0.000
   0.120   6.000   0.000   0.000   0.169   0.831   0.000   0.000   0.000   0.000   0.000   0.000
   0.121   6.000   0.000   0.000   0.169   0.831   0.000   0.000   0.000   0.000   0.000   0.000
   0.121   6.000   0.000   0.000   0.169   0.831   0.000   0.000   0.000   0.000   0.000   0.000
   0.122   6.000   0.000   0.000   0.169   0.831   0.000   0.000   0.000   0.000   0.000   0.000
   0.122   6.000   0.000   0.000   0.169   0.831   0.000   0.000   0.000   0.000   0.000   0.000
   0.123   6.000   0.000   0.000   0.168   0.831   0.000   0.000   0.000   0.000   0.000   0.000
   0.123   6.000   0.000   0.000   0.168   0.832   0.000   0.000   0.000   0.000   0.000   0.000
   0.124   6.000   0.000   0.000   0.168   0.832   0.000   0.000   0.000   0.000   0.000   0.000
   0.124   6.000   0.000   0.000   0.168   0.832   0.000   0.000   0.000   0.000   0.000   0.000
   0.125   6.000   0.000   0.000   0.168   0.832   0.000   0.000   0.000   0.000   0.000   0.000
   0.125   6.000   0.000   0.000   0.168   0.832   0.000   0.000   0.000   0.000   0.000   0.000
    STEP   AVACS   MODE1   MODE2   MODE3   MODE4
       1   6.000   0.168   0.832   0.000   0.000
       2   6.000   0.245   0.755   0.000   0.000
       3   7.000   0.329   0.670   0.000   0.000
       4   6.000   0.425   0.574   0.000   0.000
       5   4.000   0.475   0.499   0.000   0.027
       6   6.000   0.459   0.435   0.000   0.106
       7   8.000   0.482   0.384   0.000   0.135
       8   5.000   0.516   0.416   0.000   0.068
       9   6.000   0.604   0.396   0.000   0.000
      10   8.000   0.506   0.494   0.000   0.000
      11   7.000   0.414   0.586   0.000   0.000
      12   7.000   0.325   0.674   0.000   0.000
      13   7.000   0.237   0.763   0.000   0.000
      14   6.000   0.145   0.854   0.000   0.000
      15   6.000   0.057   0.943   0.000   0.000
      16   3.000   0.000   1.000   0.000   0.000
      17   5.000   0.017   0.983   0.000   0.000
      18   6.000   0.093   0.907   0.000   0.000
      19   6.000   0.168   0.832   0.000   0.000
      20   6.000   0.245   0.755   0.000   0.000
      21   7.000   0.329   0.670   0.000   0.000
      22   6.000   0.424   0.574   0.002   0.000
      23   4.000   0.500   0.448   0.051   0.000
      24   5.000   0.491   0.281   0.229   0.000
      25   6.000   0.566   0.122   0.312   0.000
      26   6.000   0.600   0.257   0.143   0.000
      27   6.000   0.598   0.395   0.007   0.000
      28   8.000   0.505   0.494   0.001   0.000
      29   7.000   0.414   0.586   0.000   0.000
      30   7.000   0.325   0.675   0.000   0.000
      31   7.000   0.237   0.763   0.000   0.000
      32   6.000   0.145   0.855   0.000   0.000
      33   6.000   0.057   0.943   0.000   0.000
      34   3.000   0.000   0.999   0.000   0.001
      35   5.000   0.017   0.983   0.000   0.000
      36   6.000   0.093   0.907   0.000   0.000
