          Evm          Svm            E11          E22          E33          E23          E13          E12         SDEV11       SDEV22       SDEV33       SDEV23       SDEV13       SDEV12      TEMP
  0.00000E+00  0.46738E+03    0.00000E+00  0.00000E+00  0.00000E+00  0.00000E+00  0.00000E+00  0.00000E+00   -0.23320E+02 -0.25623E+03  0.27955E+03 -0.13566E+02  0.88659E+01 -0.19447E+02      298.00
  0.44859E-03  0.47726E+03   -0.25000E-03 -0.25000E-03  0.50000E-03  0.00000E+00  0.00000E+00  0.00000E+00   -0.25599E+02 -0.26068E+03  0.28628E+03 -0.12757E+02  0.10020E+02 -0.19456E+02      298.00
  0.89848E-03  0.48699E+03   -0.50000E-03 -0.50000E-03  0.10000E-02  0.00000E+00  0.00000E+00  0.00000E+00   -0.27625E+02 -0.26518E+03  0.29280E+03 -0.12061E+02  0.10929E+02 -0.19476E+02      298.00
  0.13494E-02  0.49660E+03   -0.75000E-03 -0.75000E-03  0.15000E-02  0.00000E+00  0.00000E+00  0.00000E+00   -0.29411E+02 -0.26973E+03  0.29914E+03 -0.11438E+02  0.11700E+02 -0.19535E+02      298.00
  0.18012E-02  0.50587E+03   -0.10000E-02 -0.10000E-02  0.20000E-02  0.00000E+00  0.00000E+00  0.00000E+00   -0.31021E+02 -0.27418E+03  0.30520E+03 -0.10889E+02  0.12425E+02 -0.19686E+02      298.00
  0.22537E-02  0.51511E+03   -0.12500E-02 -0.12500E-02  0.25000E-02  0.00000E+00  0.00000E+00  0.00000E+00   -0.32445E+02 -0.27871E+03  0.31115E+03 -0.10392E+02  0.13028E+02 -0.19867E+02      298.00
  0.27067E-02  0.52403E+03   -0.15000E-02 -0.15000E-02  0.30000E-02  0.00000E+00  0.00000E+00  0.00000E+00   -0.33725E+02 -0.28314E+03  0.31686E+03 -0.99401E+01  0.13551E+02 -0.20040E+02      298.00
  0.31602E-02  0.53304E+03   -0.17500E-02 -0.17500E-02  0.35000E-02  0.00000E+00  0.00000E+00  0.00000E+00   -0.34858E+02 -0.28770E+03  0.32256E+03 -0.95199E+01  0.13993E+02 -0.20248E+02      298.00
  0.36141E-02  0.54162E+03   -0.20000E-02 -0.20000E-02  0.40000E-02  0.00000E+00  0.00000E+00  0.00000E+00   -0.35901E+02 -0.29206E+03  0.32796E+03 -0.91431E+01  0.14410E+02 -0.20498E+02      298.00
  0.40682E-02  0.55016E+03   -0.22500E-02 -0.22500E-02  0.45000E-02  0.00000E+00  0.00000E+00  0.00000E+00   -0.36831E+02 -0.29647E+03  0.33330E+03 -0.87875E+01  0.14723E+02 -0.20740E+02      298.00
  0.45226E-02  0.55868E+03   -0.25000E-02 -0.25000E-02  0.50000E-02  0.00000E+00  0.00000E+00  0.00000E+00   -0.37670E+02 -0.30091E+03  0.33858E+03 -0.84545E+01  0.14977E+02 -0.21013E+02      298.00
  0.49771E-02  0.56694E+03   -0.27500E-02 -0.27500E-02  0.55000E-02  0.00000E+00  0.00000E+00  0.00000E+00   -0.38440E+02 -0.30525E+03  0.34369E+03 -0.81381E+01  0.15188E+02 -0.21278E+02      298.00
  0.54318E-02  0.57501E+03   -0.30000E-02 -0.30000E-02  0.60000E-02  0.00000E+00  0.00000E+00  0.00000E+00   -0.39146E+02 -0.30952E+03  0.34867E+03 -0.78383E+01  0.15315E+02 -0.21514E+02      298.00
  0.58866E-02  0.58303E+03   -0.32500E-02 -0.32500E-02  0.65000E-02  0.00000E+00  0.00000E+00  0.00000E+00   -0.39794E+02 -0.31379E+03  0.35359E+03 -0.75481E+01  0.15456E+02 -0.21807E+02      298.00
  0.63414E-02  0.59093E+03   -0.35000E-02 -0.35000E-02  0.70000E-02  0.00000E+00  0.00000E+00  0.00000E+00   -0.40395E+02 -0.31802E+03  0.35842E+03 -0.72732E+01  0.15510E+02 -0.22112E+02      298.00
  0.67963E-02  0.59858E+03   -0.37500E-02 -0.37500E-02  0.75000E-02  0.00000E+00  0.00000E+00  0.00000E+00   -0.40935E+02 -0.32215E+03  0.36309E+03 -0.69785E+01  0.15563E+02 -0.22329E+02      298.00
  0.72512E-02  0.60599E+03   -0.40000E-02 -0.40000E-02  0.80000E-02  0.00000E+00  0.00000E+00  0.00000E+00   -0.41501E+02 -0.32616E+03  0.36766E+03 -0.68005E+01  0.15024E+02 -0.22401E+02      298.00
  0.77063E-02  0.61373E+03   -0.42500E-02 -0.42500E-02  0.85000E-02  0.00000E+00  0.00000E+00  0.00000E+00   -0.41927E+02 -0.33036E+03  0.37229E+03 -0.64275E+01  0.15552E+02 -0.22880E+02      298.00
  0.81612E-02  0.62103E+03   -0.45000E-02 -0.45000E-02  0.90000E-02  0.00000E+00  0.00000E+00  0.00000E+00   -0.42381E+02 -0.33433E+03  0.37672E+03 -0.61508E+01  0.15526E+02 -0.23145E+02      298.00
  0.86162E-02  0.62826E+03   -0.47500E-02 -0.47500E-02  0.95000E-02  0.00000E+00  0.00000E+00  0.00000E+00   -0.42805E+02 -0.33829E+03  0.38109E+03 -0.58740E+01  0.15439E+02 -0.23396E+02      298.00
  0.90711E-02  0.63531E+03   -0.50000E-02 -0.50000E-02  0.10000E-01  0.00000E+00  0.00000E+00  0.00000E+00   -0.43207E+02 -0.34214E+03  0.38535E+03 -0.55851E+01  0.15395E+02 -0.23652E+02      298.00
  0.95260E-02  0.64238E+03   -0.52500E-02 -0.52500E-02  0.10500E-01  0.00000E+00  0.00000E+00  0.00000E+00   -0.43587E+02 -0.34603E+03  0.38961E+03 -0.53040E+01  0.15256E+02 -0.23914E+02      298.00
  0.99809E-02  0.64920E+03   -0.55000E-02 -0.55000E-02  0.11000E-01  0.00000E+00  0.00000E+00  0.00000E+00   -0.43952E+02 -0.34977E+03  0.39373E+03 -0.50069E+01  0.15176E+02 -0.24164E+02      298.00
  0.10436E-01  0.65605E+03   -0.57500E-02 -0.57500E-02  0.11500E-01  0.00000E+00  0.00000E+00  0.00000E+00   -0.44301E+02 -0.35355E+03  0.39785E+03 -0.47158E+01  0.15000E+02 -0.24415E+02      298.00
  0.10891E-01  0.66265E+03   -0.60000E-02 -0.60000E-02  0.12000E-01  0.00000E+00  0.00000E+00  0.00000E+00   -0.44638E+02 -0.35719E+03  0.40182E+03 -0.44078E+01  0.14890E+02 -0.24659E+02      298.00
  0.11345E-01  0.66928E+03   -0.62500E-02 -0.62500E-02  0.12500E-01  0.00000E+00  0.00000E+00  0.00000E+00   -0.44963E+02 -0.36085E+03  0.40581E+03 -0.41042E+01  0.14685E+02 -0.24899E+02      298.00
  0.11800E-01  0.67567E+03   -0.65000E-02 -0.65000E-02  0.13000E-01  0.00000E+00  0.00000E+00  0.00000E+00   -0.45279E+02 -0.36438E+03  0.40966E+03 -0.37833E+01  0.14550E+02 -0.25135E+02      298.00
  0.12255E-01  0.68203E+03   -0.67500E-02 -0.67500E-02  0.13500E-01  0.00000E+00  0.00000E+00  0.00000E+00   -0.45584E+02 -0.36789E+03  0.41348E+03 -0.34585E+01  0.14380E+02 -0.25376E+02      298.00
  0.12710E-01  0.68835E+03   -0.70000E-02 -0.70000E-02  0.14000E-01  0.00000E+00  0.00000E+00  0.00000E+00   -0.45882E+02 -0.37139E+03  0.41727E+03 -0.31336E+01  0.14137E+02 -0.25599E+02      298.00
  0.13164E-01  0.69445E+03   -0.72500E-02 -0.72500E-02  0.14500E-01  0.00000E+00  0.00000E+00  0.00000E+00   -0.46175E+02 -0.37476E+03  0.42094E+03 -0.27913E+01  0.13970E+02 -0.25823E+02      298.00
  0.13619E-01  0.70051E+03   -0.75000E-02 -0.75000E-02  0.15000E-01  0.00000E+00  0.00000E+00  0.00000E+00   -0.46461E+02 -0.37811E+03  0.42457E+03 -0.24443E+01  0.13768E+02 -0.26048E+02      298.00
  0.14073E-01  0.70647E+03   -0.77500E-02 -0.77500E-02  0.15500E-01  0.00000E+00  0.00000E+00  0.00000E+00   -0.46741E+02 -0.38141E+03  0.42816E+03 -0.20898E+01  0.13555E+02 -0.26268E+02      298.00
  0.14528E-01  0.71234E+03   -0.80000E-02 -0.80000E-02  0.16000E-01  0.00000E+00  0.00000E+00  0.00000E+00   -0.47017E+02 -0.38466E+03  0.43168E+03 -0.17276E+01  0.13333E+02 -0.26482E+02      298.00
  0.14982E-01  0.71817E+03   -0.82500E-02 -0.82500E-02  0.16500E-01  0.00000E+00  0.00000E+00  0.00000E+00   -0.47288E+02 -0.38789E+03  0.43518E+03 -0.13637E+01  0.13042E+02 -0.26677E+02      298.00
  0.15437E-01  0.72380E+03   -0.85000E-02 -0.85000E-02  0.17000E-01  0.00000E+00  0.00000E+00  0.00000E+00   -0.47559E+02 -0.39100E+03  0.43856E+03 -0.98337E+00  0.12835E+02 -0.26879E+02      298.00
  0.15891E-01  0.72940E+03   -0.87500E-02 -0.87500E-02  0.17500E-01  0.00000E+00  0.00000E+00  0.00000E+00   -0.47824E+02 -0.39410E+03  0.44192E+03 -0.59782E+00  0.12590E+02 -0.27077E+02      298.00
  0.16346E-01  0.73491E+03   -0.90000E-02 -0.90000E-02  0.18000E-01  0.00000E+00  0.00000E+00  0.00000E+00   -0.48087E+02 -0.39714E+03  0.44523E+03 -0.20475E+00  0.12336E+02 -0.27270E+02      298.00
  0.16800E-01  0.74033E+03   -0.92500E-02 -0.92500E-02  0.18500E-01  0.00000E+00  0.00000E+00  0.00000E+00   -0.48347E+02 -0.40014E+03  0.44849E+03  0.19590E+00  0.12074E+02 -0.27457E+02      298.00
  0.17254E-01  0.74566E+03   -0.95000E-02 -0.95000E-02  0.19000E-01  0.00000E+00  0.00000E+00  0.00000E+00   -0.48606E+02 -0.40309E+03  0.45169E+03  0.60408E+00  0.11805E+02 -0.27638E+02      298.00
  0.17709E-01  0.75091E+03   -0.97500E-02 -0.97500E-02  0.19500E-01  0.00000E+00  0.00000E+00  0.00000E+00   -0.48862E+02 -0.40599E+03  0.45485E+03  0.10197E+01  0.11529E+02 -0.27814E+02      298.00
  0.18163E-01  0.75608E+03   -0.10000E-01 -0.10000E-01  0.20000E-01  0.00000E+00  0.00000E+00  0.00000E+00   -0.49117E+02 -0.40884E+03  0.45795E+03  0.14427E+01  0.11246E+02 -0.27985E+02      298.00
  0.18617E-01  0.76115E+03   -0.10250E-01 -0.10250E-01  0.20500E-01  0.00000E+00  0.00000E+00  0.00000E+00   -0.49367E+02 -0.41163E+03  0.46100E+03  0.18811E+01  0.11009E+02 -0.28165E+02      298.00
  0.19072E-01  0.76616E+03   -0.10500E-01 -0.10500E-01  0.21000E-01  0.00000E+00  0.00000E+00  0.00000E+00   -0.49619E+02 -0.41439E+03  0.46401E+03  0.23192E+01  0.10722E+02 -0.28332E+02      298.00
  0.19526E-01  0.77108E+03   -0.10750E-01 -0.10750E-01  0.21500E-01  0.00000E+00  0.00000E+00  0.00000E+00   -0.49870E+02 -0.41710E+03  0.46697E+03  0.27623E+01  0.10414E+02 -0.28485E+02      298.00
  0.19980E-01  0.77598E+03   -0.11000E-01 -0.11000E-01  0.22000E-01  0.00000E+00  0.00000E+00  0.00000E+00   -0.50114E+02 -0.41980E+03  0.46991E+03  0.32195E+01  0.10117E+02 -0.28645E+02      298.00
  0.20434E-01  0.78087E+03   -0.11250E-01 -0.11250E-01  0.22500E-01  0.00000E+00  0.00000E+00  0.00000E+00   -0.50355E+02 -0.42249E+03  0.47285E+03  0.36847E+01  0.98018E+01 -0.28806E+02      298.00
  0.20888E-01  0.78557E+03   -0.11500E-01 -0.11500E-01  0.23000E-01  0.00000E+00  0.00000E+00  0.00000E+00   -0.50601E+02 -0.42507E+03  0.47568E+03  0.41559E+01  0.95328E+01 -0.28971E+02      298.00
  0.21342E-01  0.79015E+03   -0.11750E-01 -0.11750E-01  0.23500E-01  0.00000E+00  0.00000E+00  0.00000E+00   -0.50850E+02 -0.42759E+03  0.47844E+03  0.46260E+01  0.92025E+01 -0.29093E+02      298.00
  0.21797E-01  0.79474E+03   -0.12000E-01 -0.12000E-01  0.24000E-01  0.00000E+00  0.00000E+00  0.00000E+00   -0.51094E+02 -0.43010E+03  0.48120E+03  0.51074E+01  0.88928E+01 -0.29242E+02      298.00
  0.22251E-01  0.79922E+03   -0.12250E-01 -0.12250E-01  0.24500E-01  0.00000E+00  0.00000E+00  0.00000E+00   -0.51339E+02 -0.43256E+03  0.48390E+03  0.55944E+01  0.85801E+01 -0.29379E+02      298.00
  0.22705E-01  0.80362E+03   -0.12500E-01 -0.12500E-01  0.25000E-01  0.00000E+00  0.00000E+00  0.00000E+00   -0.51585E+02 -0.43497E+03  0.48655E+03  0.60858E+01  0.82479E+01 -0.29504E+02      298.00
          Evm          Svm            E11          E22          E33          E23          E13          E12         SDEV11       SDEV22       SDEV33       SDEV23       SDEV13       SDEV12      TEMP
  0.22705E-01  0.80350E+03   -0.12500E-01 -0.12500E-01  0.25000E-01  0.00000E+00  0.00000E+00  0.00000E+00   -0.51608E+02 -0.43490E+03  0.48651E+03  0.60353E+01  0.78974E+01 -0.29322E+02      298.00
  0.23159E-01  0.80782E+03   -0.12750E-01 -0.12750E-01  0.25500E-01  0.00000E+00  0.00000E+00  0.00000E+00   -0.51848E+02 -0.43724E+03  0.48909E+03  0.65698E+01  0.79494E+01 -0.29638E+02      298.00
  0.23613E-01  0.81219E+03   -0.13000E-01 -0.13000E-01  0.26000E-01  0.00000E+00  0.00000E+00  0.00000E+00   -0.52081E+02 -0.43964E+03  0.49172E+03  0.70825E+01  0.75941E+01 -0.29755E+02      298.00
  0.24067E-01  0.81630E+03   -0.13250E-01 -0.13250E-01  0.26500E-01  0.00000E+00  0.00000E+00  0.00000E+00   -0.52335E+02 -0.44187E+03  0.49420E+03  0.75859E+01  0.72902E+01 -0.29879E+02      298.00
  0.24521E-01  0.82044E+03   -0.13500E-01 -0.13500E-01  0.27000E-01  0.00000E+00  0.00000E+00  0.00000E+00   -0.52578E+02 -0.44412E+03  0.49670E+03  0.81002E+01  0.69282E+01 -0.29979E+02      298.00
  0.24975E-01  0.82446E+03   -0.13750E-01 -0.13750E-01  0.27500E-01  0.00000E+00  0.00000E+00  0.00000E+00   -0.52821E+02 -0.44631E+03  0.49913E+03  0.86245E+01  0.66110E+01 -0.30077E+02      298.00
  0.25429E-01  0.82865E+03   -0.14000E-01 -0.14000E-01  0.28000E-01  0.00000E+00  0.00000E+00  0.00000E+00   -0.53028E+02 -0.44861E+03  0.50164E+03  0.91880E+01  0.62965E+01 -0.30177E+02      298.00
  0.25883E-01  0.83268E+03   -0.14250E-01 -0.14250E-01  0.28500E-01  0.00000E+00  0.00000E+00  0.00000E+00   -0.53262E+02 -0.45081E+03  0.50407E+03  0.97254E+01  0.59109E+01 -0.30278E+02      298.00
  0.26337E-01  0.83657E+03   -0.14500E-01 -0.14500E-01  0.29000E-01  0.00000E+00  0.00000E+00  0.00000E+00   -0.53499E+02 -0.45291E+03  0.50641E+03  0.10269E+02  0.55734E+01 -0.30373E+02      298.00
  0.26791E-01  0.84034E+03   -0.14750E-01 -0.14750E-01  0.29500E-01  0.00000E+00  0.00000E+00  0.00000E+00   -0.53758E+02 -0.45494E+03  0.50870E+03  0.10794E+02  0.52059E+01 -0.30498E+02      298.00
  0.27245E-01  0.84405E+03   -0.15000E-01 -0.15000E-01  0.30000E-01  0.00000E+00  0.00000E+00  0.00000E+00   -0.53965E+02 -0.45698E+03  0.51094E+03  0.11365E+02  0.47069E+01 -0.30362E+02      298.00
  0.27699E-01  0.84776E+03   -0.15250E-01 -0.15250E-01  0.30500E-01  0.00000E+00  0.00000E+00  0.00000E+00   -0.54220E+02 -0.45896E+03  0.51318E+03  0.11917E+02  0.44941E+01 -0.30586E+02      298.00
  0.28153E-01  0.85098E+03   -0.15500E-01 -0.15500E-01  0.31000E-01  0.00000E+00  0.00000E+00  0.00000E+00   -0.54566E+02 -0.46063E+03  0.51519E+03  0.12335E+02  0.36743E+01 -0.30560E+02      298.00
  0.28607E-01  0.85523E+03   -0.15750E-01 -0.15750E-01  0.31500E-01  0.00000E+00  0.00000E+00  0.00000E+00   -0.54617E+02 -0.46306E+03  0.51768E+03  0.13095E+02  0.34492E+01 -0.30427E+02      298.00
  0.29061E-01  0.85847E+03   -0.16000E-01 -0.16000E-01  0.32000E-01  0.00000E+00  0.00000E+00  0.00000E+00   -0.54949E+02 -0.46474E+03  0.51969E+03  0.13541E+02  0.26808E+01 -0.30435E+02      298.00
  0.29515E-01  0.86156E+03   -0.16250E-01 -0.16250E-01  0.32500E-01  0.00000E+00  0.00000E+00  0.00000E+00   -0.55324E+02 -0.46628E+03  0.52160E+03  0.13990E+02  0.24189E+01 -0.30825E+02      298.00
  0.29969E-01  0.86522E+03   -0.16500E-01 -0.16500E-01  0.33000E-01  0.00000E+00  0.00000E+00  0.00000E+00   -0.55512E+02 -0.46829E+03  0.52380E+03  0.14602E+02  0.18664E+01 -0.30768E+02      298.00
  0.30423E-01  0.86841E+03   -0.16750E-01 -0.16750E-01  0.33500E-01  0.00000E+00  0.00000E+00  0.00000E+00   -0.55753E+02 -0.46998E+03  0.52573E+03  0.15195E+02  0.16530E+01 -0.30820E+02      298.00
  0.30878E-01  0.87208E+03   -0.17000E-01 -0.17000E-01  0.34000E-01  0.00000E+00  0.00000E+00  0.00000E+00   -0.55937E+02 -0.47199E+03  0.52793E+03  0.15823E+02  0.11229E+01 -0.30830E+02      298.00
  0.31332E-01  0.87499E+03   -0.17250E-01 -0.17250E-01  0.34500E-01  0.00000E+00  0.00000E+00  0.00000E+00   -0.56228E+02 -0.47349E+03  0.52972E+03  0.16364E+02  0.80040E+00 -0.30901E+02      298.00
  0.31786E-01  0.87821E+03   -0.17500E-01 -0.17500E-01  0.35000E-01  0.00000E+00  0.00000E+00  0.00000E+00   -0.56461E+02 -0.47520E+03  0.53166E+03  0.16967E+02  0.47392E+00 -0.30979E+02      298.00
  0.32240E-01  0.88138E+03   -0.17750E-01 -0.17750E-01  0.35500E-01  0.00000E+00  0.00000E+00  0.00000E+00   -0.56695E+02 -0.47688E+03  0.53358E+03  0.17571E+02  0.12283E+00 -0.31048E+02      298.00
  0.32694E-01  0.88443E+03   -0.18000E-01 -0.18000E-01  0.36000E-01  0.00000E+00  0.00000E+00  0.00000E+00   -0.56881E+02 -0.47853E+03  0.53541E+03  0.18203E+02 -0.30009E+00 -0.30951E+02      298.00
  0.33148E-01  0.88732E+03   -0.18250E-01 -0.18250E-01  0.36500E-01  0.00000E+00  0.00000E+00  0.00000E+00   -0.57163E+02 -0.48002E+03  0.53719E+03  0.18770E+02 -0.65327E+00 -0.31074E+02      298.00
  0.33602E-01  0.89059E+03   -0.18500E-01 -0.18500E-01  0.37000E-01  0.00000E+00  0.00000E+00  0.00000E+00   -0.57395E+02 -0.48176E+03  0.53915E+03  0.19391E+02 -0.11407E+01 -0.31141E+02      298.00
  0.34056E-01  0.89399E+03   -0.18750E-01 -0.18750E-01  0.37500E-01  0.00000E+00  0.00000E+00  0.00000E+00   -0.57593E+02 -0.48359E+03  0.54118E+03  0.20057E+02 -0.15670E+01 -0.31223E+02      298.00
  0.34510E-01  0.89649E+03   -0.19000E-01 -0.19000E-01  0.38000E-01  0.00000E+00  0.00000E+00  0.00000E+00   -0.57864E+02 -0.48486E+03  0.54273E+03  0.20627E+02 -0.18998E+01 -0.31243E+02      298.00
  0.34964E-01  0.89979E+03   -0.19250E-01 -0.19250E-01  0.38500E-01  0.00000E+00  0.00000E+00  0.00000E+00   -0.58060E+02 -0.48663E+03  0.54469E+03  0.21301E+02 -0.23178E+01 -0.31328E+02      298.00
  0.35418E-01  0.90222E+03   -0.19500E-01 -0.19500E-01  0.39000E-01  0.00000E+00  0.00000E+00  0.00000E+00   -0.58330E+02 -0.48786E+03  0.54619E+03  0.21875E+02 -0.26967E+01 -0.31317E+02      298.00
  0.35872E-01  0.90541E+03   -0.19750E-01 -0.19750E-01  0.39500E-01  0.00000E+00  0.00000E+00  0.00000E+00   -0.58527E+02 -0.48956E+03  0.54809E+03  0.22556E+02 -0.31145E+01 -0.31401E+02      298.00
  0.36326E-01  0.90815E+03   -0.20000E-01 -0.20000E-01  0.40000E-01  0.00000E+00  0.00000E+00  0.00000E+00   -0.58760E+02 -0.49099E+03  0.54975E+03  0.23188E+02 -0.35105E+01 -0.31439E+02      298.00
  0.36780E-01  0.91085E+03   -0.20250E-01 -0.20250E-01  0.40500E-01  0.00000E+00  0.00000E+00  0.00000E+00   -0.58993E+02 -0.49239E+03  0.55138E+03  0.23822E+02 -0.39218E+01 -0.31466E+02      298.00
  0.37234E-01  0.91367E+03   -0.20500E-01 -0.20500E-01  0.41000E-01  0.00000E+00  0.00000E+00  0.00000E+00   -0.59193E+02 -0.49388E+03  0.55307E+03  0.24496E+02 -0.42952E+01 -0.31512E+02      298.00
  0.37688E-01  0.91616E+03   -0.20750E-01 -0.20750E-01  0.41500E-01  0.00000E+00  0.00000E+00  0.00000E+00   -0.59416E+02 -0.49516E+03  0.55458E+03  0.25137E+02 -0.46298E+01 -0.31512E+02      298.00
  0.38142E-01  0.91873E+03   -0.21000E-01 -0.21000E-01  0.42000E-01  0.00000E+00  0.00000E+00  0.00000E+00   -0.59648E+02 -0.49649E+03  0.55613E+03  0.25781E+02 -0.50436E+01 -0.31530E+02      298.00
  0.38596E-01  0.92127E+03   -0.21250E-01 -0.21250E-01  0.42500E-01  0.00000E+00  0.00000E+00  0.00000E+00   -0.59879E+02 -0.49779E+03  0.55767E+03  0.26427E+02 -0.54684E+01 -0.31542E+02      298.00
  0.39050E-01  0.92354E+03   -0.21500E-01 -0.21500E-01  0.43000E-01  0.00000E+00  0.00000E+00  0.00000E+00   -0.60120E+02 -0.49894E+03  0.55906E+03  0.27059E+02 -0.58057E+01 -0.31526E+02      298.00
  0.39504E-01  0.92601E+03   -0.21750E-01 -0.21750E-01  0.43500E-01  0.00000E+00  0.00000E+00  0.00000E+00   -0.60349E+02 -0.50020E+03  0.56055E+03  0.27713E+02 -0.62127E+01 -0.31542E+02      298.00
  0.39958E-01  0.92843E+03   -0.22000E-01 -0.22000E-01  0.44000E-01  0.00000E+00  0.00000E+00  0.00000E+00   -0.60579E+02 -0.50144E+03  0.56201E+03  0.28370E+02 -0.66251E+01 -0.31555E+02      298.00
  0.40412E-01  0.93082E+03   -0.22250E-01 -0.22250E-01  0.44500E-01  0.00000E+00  0.00000E+00  0.00000E+00   -0.60808E+02 -0.50265E+03  0.56346E+03  0.29029E+02 -0.70398E+01 -0.31564E+02      298.00
  0.40866E-01  0.93306E+03   -0.22500E-01 -0.22500E-01  0.45000E-01  0.00000E+00  0.00000E+00  0.00000E+00   -0.61050E+02 -0.50377E+03  0.56482E+03  0.29681E+02 -0.73830E+01 -0.31581E+02      298.00
  0.41320E-01  0.93537E+03   -0.22750E-01 -0.22750E-01  0.45500E-01  0.00000E+00  0.00000E+00  0.00000E+00   -0.61277E+02 -0.50494E+03  0.56622E+03  0.30349E+02 -0.77678E+01 -0.31600E+02      298.00
  0.41774E-01  0.93765E+03   -0.23000E-01 -0.23000E-01  0.46000E-01  0.00000E+00  0.00000E+00  0.00000E+00   -0.61503E+02 -0.50609E+03  0.56759E+03  0.31020E+02 -0.81546E+01 -0.31617E+02      298.00
  0.42228E-01  0.94001E+03   -0.23250E-01 -0.23250E-01  0.46500E-01  0.00000E+00  0.00000E+00  0.00000E+00   -0.61716E+02 -0.50729E+03  0.56901E+03  0.31703E+02 -0.86130E+01 -0.31624E+02      298.00
  0.42682E-01  0.94212E+03   -0.23500E-01 -0.23500E-01  0.47000E-01  0.00000E+00  0.00000E+00  0.00000E+00   -0.61956E+02 -0.50833E+03  0.57029E+03  0.32365E+02 -0.89587E+01 -0.31635E+02      298.00
  0.43136E-01  0.94429E+03   -0.23750E-01 -0.23750E-01  0.47500E-01  0.00000E+00  0.00000E+00  0.00000E+00   -0.62182E+02 -0.50942E+03  0.57160E+03  0.33043E+02 -0.93405E+01 -0.31649E+02      298.00
  0.43590E-01  0.94643E+03   -0.24000E-01 -0.24000E-01  0.48000E-01  0.00000E+00  0.00000E+00  0.00000E+00   -0.62406E+02 -0.51048E+03  0.57289E+03  0.33724E+02 -0.97234E+01 -0.31662E+02      298.00
  0.44044E-01  0.94865E+03   -0.24250E-01 -0.24250E-01  0.48500E-01  0.00000E+00  0.00000E+00  0.00000E+00   -0.62618E+02 -0.51160E+03  0.57422E+03  0.34417E+02 -0.10178E+02 -0.31663E+02      298.00
  0.44498E-01  0.95063E+03   -0.24500E-01 -0.24500E-01  0.49000E-01  0.00000E+00  0.00000E+00  0.00000E+00   -0.62856E+02 -0.51256E+03  0.57542E+03  0.35089E+02 -0.10524E+02 -0.31669E+02      298.00
  0.44952E-01  0.95267E+03   -0.24750E-01 -0.24750E-01  0.49500E-01  0.00000E+00  0.00000E+00  0.00000E+00   -0.63079E+02 -0.51357E+03  0.57665E+03  0.35776E+02 -0.10902E+02 -0.31678E+02      298.00
  0.45406E-01  0.95469E+03   -0.25000E-01 -0.25000E-01  0.50000E-01  0.00000E+00  0.00000E+00  0.00000E+00   -0.63302E+02 -0.51456E+03  0.57786E+03  0.36466E+02 -0.11280E+02 -0.31687E+02      298.00
          Evm          Svm            E11          E22          E33          E23          E13          E12         SDEV11       SDEV22       SDEV33       SDEV23       SDEV13       SDEV12      TEMP
  0.45406E-01  0.95486E+03   -0.25000E-01 -0.25000E-01  0.50000E-01  0.00000E+00  0.00000E+00  0.00000E+00   -0.63279E+02 -0.51466E+03  0.57794E+03  0.36535E+02 -0.10882E+02 -0.31914E+02      298.00
  0.45860E-01  0.95677E+03   -0.25250E-01 -0.25250E-01  0.50500E-01  0.00000E+00  0.00000E+00  0.00000E+00   -0.63511E+02 -0.51559E+03  0.57910E+03  0.37171E+02 -0.11703E+02 -0.31696E+02      298.00
  0.46314E-01  0.95863E+03   -0.25500E-01 -0.25500E-01  0.51000E-01  0.00000E+00  0.00000E+00  0.00000E+00   -0.63748E+02 -0.51648E+03  0.58023E+03  0.37847E+02 -0.12085E+02 -0.31680E+02      298.00
  0.46768E-01  0.96055E+03   -0.25750E-01 -0.25750E-01  0.51500E-01  0.00000E+00  0.00000E+00  0.00000E+00   -0.63970E+02 -0.51741E+03  0.58138E+03  0.38543E+02 -0.12463E+02 -0.31684E+02      298.00
  0.47222E-01  0.96244E+03   -0.26000E-01 -0.26000E-01  0.52000E-01  0.00000E+00  0.00000E+00  0.00000E+00   -0.64192E+02 -0.51833E+03  0.58252E+03  0.39241E+02 -0.12838E+02 -0.31689E+02      298.00
  0.47676E-01  0.96431E+03   -0.26250E-01 -0.26250E-01  0.52500E-01  0.00000E+00  0.00000E+00  0.00000E+00   -0.64413E+02 -0.51922E+03  0.58364E+03  0.39941E+02 -0.13212E+02 -0.31693E+02      298.00
  0.48130E-01  0.96614E+03   -0.26500E-01 -0.26500E-01  0.53000E-01  0.00000E+00  0.00000E+00  0.00000E+00   -0.64633E+02 -0.52010E+03  0.58474E+03  0.40643E+02 -0.13583E+02 -0.31696E+02      298.00
  0.48583E-01  0.96804E+03   -0.26750E-01 -0.26750E-01  0.53500E-01  0.00000E+00  0.00000E+00  0.00000E+00   -0.64841E+02 -0.52103E+03  0.58587E+03  0.41356E+02 -0.14027E+02 -0.31686E+02      298.00
  0.49037E-01  0.96973E+03   -0.27000E-01 -0.27000E-01  0.54000E-01  0.00000E+00  0.00000E+00  0.00000E+00   -0.65075E+02 -0.52181E+03  0.58689E+03  0.42046E+02 -0.14390E+02 -0.31672E+02      298.00
  0.49491E-01  0.97148E+03   -0.27250E-01 -0.27250E-01  0.54500E-01  0.00000E+00  0.00000E+00  0.00000E+00   -0.65294E+02 -0.52264E+03  0.58794E+03  0.42753E+02 -0.14763E+02 -0.31669E+02      298.00
  0.49945E-01  0.97321E+03   -0.27500E-01 -0.27500E-01  0.55000E-01  0.00000E+00  0.00000E+00  0.00000E+00   -0.65513E+02 -0.52346E+03  0.58897E+03  0.43462E+02 -0.15136E+02 -0.31667E+02      298.00
  0.50399E-01  0.97491E+03   -0.27750E-01 -0.27750E-01  0.55500E-01  0.00000E+00  0.00000E+00  0.00000E+00   -0.65732E+02 -0.52425E+03  0.58998E+03  0.44172E+02 -0.15508E+02 -0.31663E+02      298.00
  0.50853E-01  0.97658E+03   -0.28000E-01 -0.28000E-01  0.56000E-01  0.00000E+00  0.00000E+00  0.00000E+00   -0.65950E+02 -0.52503E+03  0.59098E+03  0.44884E+02 -0.15880E+02 -0.31659E+02      298.00
  0.51307E-01  0.97823E+03   -0.28250E-01 -0.28250E-01  0.56500E-01  0.00000E+00  0.00000E+00  0.00000E+00   -0.66168E+02 -0.52580E+03  0.59197E+03  0.45597E+02 -0.16252E+02 -0.31652E+02      298.00
  0.51761E-01  0.97985E+03   -0.28500E-01 -0.28500E-01  0.57000E-01  0.00000E+00  0.00000E+00  0.00000E+00   -0.66385E+02 -0.52655E+03  0.59293E+03  0.46311E+02 -0.16627E+02 -0.31644E+02      298.00
  0.52214E-01  0.98149E+03   -0.28750E-01 -0.28750E-01  0.57500E-01  0.00000E+00  0.00000E+00  0.00000E+00   -0.66603E+02 -0.52730E+03  0.59391E+03  0.47044E+02 -0.16946E+02 -0.31680E+02      298.00
  0.52668E-01  0.98311E+03   -0.29000E-01 -0.29000E-01  0.58000E-01  0.00000E+00  0.00000E+00  0.00000E+00   -0.66803E+02 -0.52806E+03  0.59486E+03  0.47767E+02 -0.17318E+02 -0.31666E+02      298.00
  0.53122E-01  0.98462E+03   -0.29250E-01 -0.29250E-01  0.58500E-01  0.00000E+00  0.00000E+00  0.00000E+00   -0.67037E+02 -0.52873E+03  0.59576E+03  0.48476E+02 -0.17735E+02 -0.31640E+02      298.00
  0.53576E-01  0.98618E+03   -0.29500E-01 -0.29500E-01  0.59000E-01  0.00000E+00  0.00000E+00  0.00000E+00   -0.67237E+02 -0.52945E+03  0.59668E+03  0.49200E+02 -0.18101E+02 -0.31625E+02      298.00
  0.54030E-01  0.98780E+03   -0.29750E-01 -0.29750E-01  0.59500E-01  0.00000E+00  0.00000E+00  0.00000E+00   -0.67451E+02 -0.53019E+03  0.59764E+03  0.49954E+02 -0.18454E+02 -0.31676E+02      298.00
  0.54483E-01  0.98928E+03   -0.30000E-01 -0.30000E-01  0.60000E-01  0.00000E+00  0.00000E+00  0.00000E+00   -0.67665E+02 -0.53085E+03  0.59851E+03  0.50680E+02 -0.18788E+02 -0.31678E+02      298.00
  0.54937E-01  0.99067E+03   -0.30250E-01 -0.30250E-01  0.60500E-01  0.00000E+00  0.00000E+00  0.00000E+00   -0.67888E+02 -0.53146E+03  0.59935E+03  0.51391E+02 -0.19180E+02 -0.31635E+02      298.00
  0.55391E-01  0.99201E+03   -0.30500E-01 -0.30500E-01  0.61000E-01  0.00000E+00  0.00000E+00  0.00000E+00   -0.68110E+02 -0.53203E+03  0.60014E+03  0.52096E+02 -0.19508E+02 -0.31601E+02      298.00
  0.55845E-01  0.99346E+03   -0.30750E-01 -0.30750E-01  0.61500E-01  0.00000E+00  0.00000E+00  0.00000E+00   -0.68310E+02 -0.53268E+03  0.60099E+03  0.52823E+02 -0.19895E+02 -0.31572E+02      298.00
  0.56298E-01  0.99491E+03   -0.31000E-01 -0.31000E-01  0.62000E-01  0.00000E+00  0.00000E+00  0.00000E+00   -0.68528E+02 -0.53332E+03  0.60184E+03  0.53575E+02 -0.20232E+02 -0.31605E+02      298.00
  0.56752E-01  0.99618E+03   -0.31250E-01 -0.31250E-01  0.62500E-01  0.00000E+00  0.00000E+00  0.00000E+00   -0.68748E+02 -0.53385E+03  0.60260E+03  0.54284E+02 -0.20547E+02 -0.31574E+02      298.00
  0.57206E-01  0.99757E+03   -0.31500E-01 -0.31500E-01  0.63000E-01  0.00000E+00  0.00000E+00  0.00000E+00   -0.68947E+02 -0.53446E+03  0.60341E+03  0.55015E+02 -0.20916E+02 -0.31550E+02      298.00
  0.57659E-01  0.99895E+03   -0.31750E-01 -0.31750E-01  0.63500E-01  0.00000E+00  0.00000E+00  0.00000E+00   -0.69164E+02 -0.53506E+03  0.60422E+03  0.55769E+02 -0.21263E+02 -0.31574E+02      298.00
  0.58113E-01  0.10001E+04   -0.32000E-01 -0.32000E-01  0.64000E-01  0.00000E+00  0.00000E+00  0.00000E+00   -0.69384E+02 -0.53554E+03  0.60492E+03  0.56463E+02 -0.21633E+02 -0.31498E+02      298.00
  0.58567E-01  0.10015E+04   -0.32250E-01 -0.32250E-01  0.64500E-01  0.00000E+00  0.00000E+00  0.00000E+00   -0.69596E+02 -0.53610E+03  0.60570E+03  0.57211E+02 -0.21965E+02 -0.31510E+02      298.00
  0.59020E-01  0.10028E+04   -0.32500E-01 -0.32500E-01  0.65000E-01  0.00000E+00  0.00000E+00  0.00000E+00   -0.69795E+02 -0.53666E+03  0.60645E+03  0.57946E+02 -0.22320E+02 -0.31487E+02      298.00
  0.59474E-01  0.10041E+04   -0.32750E-01 -0.32750E-01  0.65500E-01  0.00000E+00  0.00000E+00  0.00000E+00   -0.70007E+02 -0.53720E+03  0.60721E+03  0.58704E+02 -0.22685E+02 -0.31494E+02      298.00
  0.59927E-01  0.10052E+04   -0.33000E-01 -0.33000E-01  0.66000E-01  0.00000E+00  0.00000E+00  0.00000E+00   -0.70227E+02 -0.53766E+03  0.60788E+03  0.59418E+02 -0.23001E+02 -0.31461E+02      298.00
  0.60381E-01  0.10064E+04   -0.33250E-01 -0.33250E-01  0.66500E-01  0.00000E+00  0.00000E+00  0.00000E+00   -0.70436E+02 -0.53814E+03  0.60857E+03  0.60145E+02 -0.23310E+02 -0.31438E+02      298.00
  0.60835E-01  0.10076E+04   -0.33500E-01 -0.33500E-01  0.67000E-01  0.00000E+00  0.00000E+00  0.00000E+00   -0.70645E+02 -0.53864E+03  0.60928E+03  0.60896E+02 -0.23661E+02 -0.31436E+02      298.00
  0.61288E-01  0.10089E+04   -0.33750E-01 -0.33750E-01  0.67500E-01  0.00000E+00  0.00000E+00  0.00000E+00   -0.70832E+02 -0.53920E+03  0.61003E+03  0.61664E+02 -0.24037E+02 -0.31440E+02      298.00
  0.61742E-01  0.10101E+04   -0.34000E-01 -0.34000E-01  0.68000E-01  0.00000E+00  0.00000E+00  0.00000E+00   -0.71042E+02 -0.53965E+03  0.61069E+03  0.62414E+02 -0.24316E+02 -0.31445E+02      298.00
  0.62195E-01  0.10112E+04   -0.34250E-01 -0.34250E-01  0.68500E-01  0.00000E+00  0.00000E+00  0.00000E+00   -0.71259E+02 -0.54007E+03  0.61133E+03  0.63144E+02 -0.24640E+02 -0.31421E+02      298.00
  0.62648E-01  0.10122E+04   -0.34500E-01 -0.34500E-01  0.69000E-01  0.00000E+00  0.00000E+00  0.00000E+00   -0.71477E+02 -0.54046E+03  0.61194E+03  0.63862E+02 -0.24952E+02 -0.31385E+02      298.00
  0.63102E-01  0.10133E+04   -0.34750E-01 -0.34750E-01  0.69500E-01  0.00000E+00  0.00000E+00  0.00000E+00   -0.71685E+02 -0.54087E+03  0.61256E+03  0.64590E+02 -0.25279E+02 -0.31350E+02      298.00
  0.63555E-01  0.10144E+04   -0.35000E-01 -0.35000E-01  0.70000E-01  0.00000E+00  0.00000E+00  0.00000E+00   -0.71896E+02 -0.54129E+03  0.61318E+03  0.65327E+02 -0.25655E+02 -0.31314E+02      298.00
  0.64009E-01  0.10155E+04   -0.35250E-01 -0.35250E-01  0.70500E-01  0.00000E+00  0.00000E+00  0.00000E+00   -0.72092E+02 -0.54175E+03  0.61384E+03  0.66108E+02 -0.26011E+02 -0.31325E+02      298.00
  0.64462E-01  0.10165E+04   -0.35500E-01 -0.35500E-01  0.71000E-01  0.00000E+00  0.00000E+00  0.00000E+00   -0.72309E+02 -0.54209E+03  0.61440E+03  0.66816E+02 -0.26294E+02 -0.31281E+02      298.00
  0.64915E-01  0.10176E+04   -0.35750E-01 -0.35750E-01  0.71500E-01  0.00000E+00  0.00000E+00  0.00000E+00   -0.72519E+02 -0.54249E+03  0.61501E+03  0.67571E+02 -0.26633E+02 -0.31284E+02      298.00
  0.65369E-01  0.10186E+04   -0.36000E-01 -0.36000E-01  0.72000E-01  0.00000E+00  0.00000E+00  0.00000E+00   -0.72724E+02 -0.54287E+03  0.61559E+03  0.68318E+02 -0.26939E+02 -0.31271E+02      298.00
  0.65822E-01  0.10196E+04   -0.36250E-01 -0.36250E-01  0.72500E-01  0.00000E+00  0.00000E+00  0.00000E+00   -0.72926E+02 -0.54323E+03  0.61616E+03  0.69051E+02 -0.27272E+02 -0.31220E+02      298.00
  0.66275E-01  0.10206E+04   -0.36500E-01 -0.36500E-01  0.73000E-01  0.00000E+00  0.00000E+00  0.00000E+00   -0.73133E+02 -0.54359E+03  0.61672E+03  0.69799E+02 -0.27567E+02 -0.31217E+02      298.00
  0.66728E-01  0.10216E+04   -0.36750E-01 -0.36750E-01  0.73500E-01  0.00000E+00  0.00000E+00  0.00000E+00   -0.73336E+02 -0.54393E+03  0.61727E+03  0.70549E+02 -0.27859E+02 -0.31206E+02      298.00
  0.67181E-01  0.10226E+04   -0.37000E-01 -0.37000E-01  0.74000E-01  0.00000E+00  0.00000E+00  0.00000E+00   -0.73530E+02 -0.54431E+03  0.61784E+03  0.71307E+02 -0.28223E+02 -0.31172E+02      298.00
  0.67635E-01  0.10236E+04   -0.37250E-01 -0.37250E-01  0.74500E-01  0.00000E+00  0.00000E+00  0.00000E+00   -0.73714E+02 -0.54470E+03  0.61841E+03  0.72099E+02 -0.28485E+02 -0.31197E+02      298.00
  0.68088E-01  0.10244E+04   -0.37500E-01 -0.37500E-01  0.75000E-01  0.00000E+00  0.00000E+00  0.00000E+00   -0.73958E+02 -0.54491E+03  0.61886E+03  0.72795E+02 -0.28784E+02 -0.31179E+02      298.00
          Evm          Svm            E11          E22          E33          E23          E13          E12         SDEV11       SDEV22       SDEV33       SDEV23       SDEV13       SDEV12      TEMP
  0.68088E-01  0.10245E+04   -0.37500E-01 -0.37500E-01  0.75000E-01  0.00000E+00  0.00000E+00  0.00000E+00   -0.73917E+02 -0.54499E+03  0.61890E+03  0.72873E+02 -0.28329E+02 -0.31354E+02      298.00
  0.68541E-01  0.10252E+04   -0.37750E-01 -0.37750E-01  0.75500E-01  0.00000E+00  0.00000E+00  0.00000E+00   -0.74171E+02 -0.54517E+03  0.61934E+03  0.73507E+02 -0.29110E+02 -0.31115E+02      298.00
  0.68994E-01  0.10264E+04   -0.38000E-01 -0.38000E-01  0.76000E-01  0.00000E+00  0.00000E+00  0.00000E+00   -0.74339E+02 -0.54560E+03  0.61994E+03  0.74342E+02 -0.29468E+02 -0.31132E+02      298.00
  0.69447E-01  0.10273E+04   -0.38250E-01 -0.38250E-01  0.76500E-01  0.00000E+00  0.00000E+00  0.00000E+00   -0.74524E+02 -0.54595E+03  0.62047E+03  0.75115E+02 -0.29768E+02 -0.31115E+02      298.00
  0.69900E-01  0.10281E+04   -0.38500E-01 -0.38500E-01  0.77000E-01  0.00000E+00  0.00000E+00  0.00000E+00   -0.74742E+02 -0.54618E+03  0.62093E+03  0.75849E+02 -0.30002E+02 -0.31120E+02      298.00
  0.70353E-01  0.10291E+04   -0.38750E-01 -0.38750E-01  0.77500E-01  0.00000E+00  0.00000E+00  0.00000E+00   -0.74928E+02 -0.54651E+03  0.62143E+03  0.76615E+02 -0.30376E+02 -0.31070E+02      298.00
  0.70806E-01  0.10297E+04   -0.39000E-01 -0.39000E-01  0.78000E-01  0.00000E+00  0.00000E+00  0.00000E+00   -0.75153E+02 -0.54666E+03  0.62182E+03  0.77298E+02 -0.30573E+02 -0.31007E+02      298.00
  0.71259E-01  0.10306E+04   -0.39250E-01 -0.39250E-01  0.78500E-01  0.00000E+00  0.00000E+00  0.00000E+00   -0.75354E+02 -0.54692E+03  0.62228E+03  0.78049E+02 -0.30874E+02 -0.30986E+02      298.00
  0.71712E-01  0.10314E+04   -0.39500E-01 -0.39500E-01  0.79000E-01  0.00000E+00  0.00000E+00  0.00000E+00   -0.75554E+02 -0.54718E+03  0.62273E+03  0.78802E+02 -0.31156E+02 -0.30970E+02      298.00
  0.72164E-01  0.10324E+04   -0.39750E-01 -0.39750E-01  0.79500E-01  0.00000E+00  0.00000E+00  0.00000E+00   -0.75718E+02 -0.54753E+03  0.62325E+03  0.79621E+02 -0.31547E+02 -0.30914E+02      298.00
  0.72617E-01  0.10332E+04   -0.40000E-01 -0.40000E-01  0.80000E-01  0.00000E+00  0.00000E+00  0.00000E+00   -0.75920E+02 -0.54776E+03  0.62368E+03  0.80369E+02 -0.31839E+02 -0.30886E+02      298.00
  0.73070E-01  0.10338E+04   -0.40250E-01 -0.40250E-01  0.80500E-01  0.00000E+00  0.00000E+00  0.00000E+00   -0.76175E+02 -0.54784E+03  0.62402E+03  0.81033E+02 -0.32122E+02 -0.30894E+02      298.00
  0.73523E-01  0.10348E+04   -0.40500E-01 -0.40500E-01  0.81000E-01  0.00000E+00  0.00000E+00  0.00000E+00   -0.76319E+02 -0.54821E+03  0.62453E+03  0.81876E+02 -0.32422E+02 -0.30843E+02      298.00
  0.73975E-01  0.10353E+04   -0.40750E-01 -0.40750E-01  0.81500E-01  0.00000E+00  0.00000E+00  0.00000E+00   -0.76572E+02 -0.54828E+03  0.62485E+03  0.82543E+02 -0.32663E+02 -0.30864E+02      298.00
  0.74428E-01  0.10363E+04   -0.41000E-01 -0.41000E-01  0.82000E-01  0.00000E+00  0.00000E+00  0.00000E+00   -0.76718E+02 -0.54863E+03  0.62535E+03  0.83383E+02 -0.32987E+02 -0.30801E+02      298.00
  0.74881E-01  0.10368E+04   -0.41250E-01 -0.41250E-01  0.82500E-01  0.00000E+00  0.00000E+00  0.00000E+00   -0.76969E+02 -0.54869E+03  0.62566E+03  0.84053E+02 -0.33211E+02 -0.30828E+02      298.00
  0.75333E-01  0.10378E+04   -0.41500E-01 -0.41500E-01  0.83000E-01  0.00000E+00  0.00000E+00  0.00000E+00   -0.77115E+02 -0.54902E+03  0.62613E+03  0.84891E+02 -0.33549E+02 -0.30758E+02      298.00
  0.75786E-01  0.10383E+04   -0.41750E-01 -0.41750E-01  0.83500E-01  0.00000E+00  0.00000E+00  0.00000E+00   -0.77348E+02 -0.54910E+03  0.62645E+03  0.85577E+02 -0.33840E+02 -0.30730E+02      298.00
  0.76238E-01  0.10391E+04   -0.42000E-01 -0.42000E-01  0.84000E-01  0.00000E+00  0.00000E+00  0.00000E+00   -0.77546E+02 -0.54928E+03  0.62683E+03  0.86331E+02 -0.34112E+02 -0.30709E+02      298.00
  0.76691E-01  0.10398E+04   -0.42250E-01 -0.42250E-01  0.84500E-01  0.00000E+00  0.00000E+00  0.00000E+00   -0.77743E+02 -0.54945E+03  0.62719E+03  0.87086E+02 -0.34378E+02 -0.30691E+02      298.00
  0.77143E-01  0.10404E+04   -0.42500E-01 -0.42500E-01  0.85000E-01  0.00000E+00  0.00000E+00  0.00000E+00   -0.77940E+02 -0.54961E+03  0.62755E+03  0.87842E+02 -0.34644E+02 -0.30671E+02      298.00
  0.77595E-01  0.10411E+04   -0.42750E-01 -0.42750E-01  0.85500E-01  0.00000E+00  0.00000E+00  0.00000E+00   -0.78137E+02 -0.54977E+03  0.62791E+03  0.88597E+02 -0.34911E+02 -0.30651E+02      298.00
  0.78048E-01  0.10418E+04   -0.43000E-01 -0.43000E-01  0.86000E-01  0.00000E+00  0.00000E+00  0.00000E+00   -0.78333E+02 -0.54992E+03  0.62825E+03  0.89352E+02 -0.35178E+02 -0.30630E+02      298.00
  0.78500E-01  0.10425E+04   -0.43250E-01 -0.43250E-01  0.86500E-01  0.00000E+00  0.00000E+00  0.00000E+00   -0.78529E+02 -0.55006E+03  0.62859E+03  0.90107E+02 -0.35445E+02 -0.30608E+02      298.00
  0.78952E-01  0.10431E+04   -0.43500E-01 -0.43500E-01  0.87000E-01  0.00000E+00  0.00000E+00  0.00000E+00   -0.78725E+02 -0.55020E+03  0.62892E+03  0.90862E+02 -0.35713E+02 -0.30586E+02      298.00
  0.79404E-01  0.10438E+04   -0.43750E-01 -0.43750E-01  0.87500E-01  0.00000E+00  0.00000E+00  0.00000E+00   -0.78921E+02 -0.55033E+03  0.62925E+03  0.91617E+02 -0.35979E+02 -0.30562E+02      298.00
  0.79857E-01  0.10444E+04   -0.44000E-01 -0.44000E-01  0.88000E-01  0.00000E+00  0.00000E+00  0.00000E+00   -0.79116E+02 -0.55045E+03  0.62957E+03  0.92371E+02 -0.36246E+02 -0.30539E+02      298.00
  0.80309E-01  0.10450E+04   -0.44250E-01 -0.44250E-01  0.88500E-01  0.00000E+00  0.00000E+00  0.00000E+00   -0.79311E+02 -0.55057E+03  0.62988E+03  0.93126E+02 -0.36511E+02 -0.30515E+02      298.00
  0.80761E-01  0.10456E+04   -0.44500E-01 -0.44500E-01  0.89000E-01  0.00000E+00  0.00000E+00  0.00000E+00   -0.79506E+02 -0.55068E+03  0.63019E+03  0.93881E+02 -0.36776E+02 -0.30490E+02      298.00
  0.81213E-01  0.10462E+04   -0.44750E-01 -0.44750E-01  0.89500E-01  0.00000E+00  0.00000E+00  0.00000E+00   -0.79701E+02 -0.55079E+03  0.63049E+03  0.94635E+02 -0.37040E+02 -0.30466E+02      298.00
  0.81665E-01  0.10468E+04   -0.45000E-01 -0.45000E-01  0.90000E-01  0.00000E+00  0.00000E+00  0.00000E+00   -0.79895E+02 -0.55089E+03  0.63078E+03  0.95390E+02 -0.37303E+02 -0.30440E+02      298.00
  0.82117E-01  0.10474E+04   -0.45250E-01 -0.45250E-01  0.90500E-01  0.00000E+00  0.00000E+00  0.00000E+00   -0.80089E+02 -0.55098E+03  0.63107E+03  0.96144E+02 -0.37565E+02 -0.30415E+02      298.00
  0.82568E-01  0.10480E+04   -0.45500E-01 -0.45500E-01  0.91000E-01  0.00000E+00  0.00000E+00  0.00000E+00   -0.80283E+02 -0.55107E+03  0.63135E+03  0.96898E+02 -0.37826E+02 -0.30389E+02      298.00
  0.83020E-01  0.10486E+04   -0.45750E-01 -0.45750E-01  0.91500E-01  0.00000E+00  0.00000E+00  0.00000E+00   -0.80477E+02 -0.55115E+03  0.63163E+03  0.97653E+02 -0.38086E+02 -0.30363E+02      298.00
  0.83472E-01  0.10491E+04   -0.46000E-01 -0.46000E-01  0.92000E-01  0.00000E+00  0.00000E+00  0.00000E+00   -0.80670E+02 -0.55122E+03  0.63189E+03  0.98407E+02 -0.38345E+02 -0.30337E+02      298.00
  0.83924E-01  0.10497E+04   -0.46250E-01 -0.46250E-01  0.92500E-01  0.00000E+00  0.00000E+00  0.00000E+00   -0.80864E+02 -0.55129E+03  0.63216E+03  0.99161E+02 -0.38603E+02 -0.30310E+02      298.00
  0.84375E-01  0.10502E+04   -0.46500E-01 -0.46500E-01  0.93000E-01  0.00000E+00  0.00000E+00  0.00000E+00   -0.81057E+02 -0.55136E+03  0.63242E+03  0.99914E+02 -0.38859E+02 -0.30284E+02      298.00
  0.84827E-01  0.10508E+04   -0.46750E-01 -0.46750E-01  0.93500E-01  0.00000E+00  0.00000E+00  0.00000E+00   -0.81249E+02 -0.55142E+03  0.63267E+03  0.10067E+03 -0.39115E+02 -0.30257E+02      298.00
  0.85279E-01  0.10513E+04   -0.47000E-01 -0.47000E-01  0.94000E-01  0.00000E+00  0.00000E+00  0.00000E+00   -0.81442E+02 -0.55147E+03  0.63291E+03  0.10142E+03 -0.39369E+02 -0.30230E+02      298.00
  0.85730E-01  0.10518E+04   -0.47250E-01 -0.47250E-01  0.94500E-01  0.00000E+00  0.00000E+00  0.00000E+00   -0.81634E+02 -0.55152E+03  0.63315E+03  0.10217E+03 -0.39622E+02 -0.30203E+02      298.00
  0.86182E-01  0.10523E+04   -0.47500E-01 -0.47500E-01  0.95000E-01  0.00000E+00  0.00000E+00  0.00000E+00   -0.81826E+02 -0.55156E+03  0.63339E+03  0.10293E+03 -0.39873E+02 -0.30176E+02      298.00
  0.86633E-01  0.10529E+04   -0.47750E-01 -0.47750E-01  0.95500E-01  0.00000E+00  0.00000E+00  0.00000E+00   -0.82017E+02 -0.55160E+03  0.63362E+03  0.10368E+03 -0.40124E+02 -0.30148E+02      298.00
  0.87084E-01  0.10534E+04   -0.48000E-01 -0.48000E-01  0.96000E-01  0.00000E+00  0.00000E+00  0.00000E+00   -0.82209E+02 -0.55163E+03  0.63384E+03  0.10443E+03 -0.40373E+02 -0.30121E+02      298.00
  0.87536E-01  0.10538E+04   -0.48250E-01 -0.48250E-01  0.96500E-01  0.00000E+00  0.00000E+00  0.00000E+00   -0.82400E+02 -0.55166E+03  0.63406E+03  0.10519E+03 -0.40620E+02 -0.30093E+02      298.00
  0.87987E-01  0.10543E+04   -0.48500E-01 -0.48500E-01  0.97000E-01  0.00000E+00  0.00000E+00  0.00000E+00   -0.82591E+02 -0.55168E+03  0.63428E+03  0.10594E+03 -0.40866E+02 -0.30066E+02      298.00
  0.88438E-01  0.10548E+04   -0.48750E-01 -0.48750E-01  0.97500E-01  0.00000E+00  0.00000E+00  0.00000E+00   -0.82782E+02 -0.55170E+03  0.63448E+03  0.10669E+03 -0.41111E+02 -0.30038E+02      298.00
  0.88889E-01  0.10553E+04   -0.49000E-01 -0.49000E-01  0.98000E-01  0.00000E+00  0.00000E+00  0.00000E+00   -0.82972E+02 -0.55172E+03  0.63469E+03  0.10744E+03 -0.41354E+02 -0.30010E+02      298.00
  0.89340E-01  0.10557E+04   -0.49250E-01 -0.49250E-01  0.98500E-01  0.00000E+00  0.00000E+00  0.00000E+00   -0.83162E+02 -0.55172E+03  0.63489E+03  0.10820E+03 -0.41596E+02 -0.29982E+02      298.00
  0.89791E-01  0.10562E+04   -0.49500E-01 -0.49500E-01  0.99000E-01  0.00000E+00  0.00000E+00  0.00000E+00   -0.83352E+02 -0.55173E+03  0.63508E+03  0.10895E+03 -0.41836E+02 -0.29955E+02      298.00
  0.90242E-01  0.10567E+04   -0.49750E-01 -0.49750E-01  0.99500E-01  0.00000E+00  0.00000E+00  0.00000E+00   -0.83542E+02 -0.55173E+03  0.63527E+03  0.10970E+03 -0.42075E+02 -0.29927E+02      298.00
  0.90693E-01  0.10571E+04   -0.50000E-01 -0.50000E-01  0.10000E+00  0.00000E+00  0.00000E+00  0.00000E+00   -0.83731E+02 -0.55172E+03  0.63545E+03  0.11045E+03 -0.42313E+02 -0.29899E+02      298.00
          Evm          Svm            E11          E22          E33          E23          E13          E12         SDEV11       SDEV22       SDEV33       SDEV23       SDEV13       SDEV12      TEMP
  0.90693E-01  0.10571E+04   -0.50000E-01 -0.50000E-01  0.10000E+00  0.00000E+00  0.00000E+00  0.00000E+00   -0.83714E+02 -0.55175E+03  0.63546E+03  0.11052E+03 -0.41850E+02 -0.30108E+02      298.00
  0.91144E-01  0.10576E+04   -0.50250E-01 -0.50250E-01  0.10050E+00  0.00000E+00  0.00000E+00  0.00000E+00   -0.83894E+02 -0.55178E+03  0.63567E+03  0.11126E+03 -0.42582E+02 -0.29858E+02      298.00
  0.91595E-01  0.10580E+04   -0.50500E-01 -0.50500E-01  0.10100E+00  0.00000E+00  0.00000E+00  0.00000E+00   -0.84110E+02 -0.55170E+03  0.63581E+03  0.11195E+03 -0.42794E+02 -0.29840E+02      298.00
  0.92046E-01  0.10584E+04   -0.50750E-01 -0.50750E-01  0.10150E+00  0.00000E+00  0.00000E+00  0.00000E+00   -0.84299E+02 -0.55168E+03  0.63598E+03  0.11270E+03 -0.43024E+02 -0.29812E+02      298.00
  0.92496E-01  0.10588E+04   -0.51000E-01 -0.51000E-01  0.10200E+00  0.00000E+00  0.00000E+00  0.00000E+00   -0.84487E+02 -0.55165E+03  0.63614E+03  0.11345E+03 -0.43255E+02 -0.29785E+02      298.00
  0.92947E-01  0.10592E+04   -0.51250E-01 -0.51250E-01  0.10250E+00  0.00000E+00  0.00000E+00  0.00000E+00   -0.84676E+02 -0.55162E+03  0.63630E+03  0.11420E+03 -0.43484E+02 -0.29757E+02      298.00
  0.93397E-01  0.10596E+04   -0.51500E-01 -0.51500E-01  0.10300E+00  0.00000E+00  0.00000E+00  0.00000E+00   -0.84864E+02 -0.55159E+03  0.63646E+03  0.11495E+03 -0.43712E+02 -0.29729E+02      298.00
  0.93848E-01  0.10600E+04   -0.51750E-01 -0.51750E-01  0.10350E+00  0.00000E+00  0.00000E+00  0.00000E+00   -0.85052E+02 -0.55156E+03  0.63661E+03  0.11570E+03 -0.43938E+02 -0.29702E+02      298.00
  0.94298E-01  0.10604E+04   -0.52000E-01 -0.52000E-01  0.10400E+00  0.00000E+00  0.00000E+00  0.00000E+00   -0.85239E+02 -0.55152E+03  0.63676E+03  0.11645E+03 -0.44163E+02 -0.29674E+02      298.00
  0.94749E-01  0.10608E+04   -0.52250E-01 -0.52250E-01  0.10450E+00  0.00000E+00  0.00000E+00  0.00000E+00   -0.85427E+02 -0.55147E+03  0.63690E+03  0.11720E+03 -0.44386E+02 -0.29647E+02      298.00
  0.95199E-01  0.10612E+04   -0.52500E-01 -0.52500E-01  0.10500E+00  0.00000E+00  0.00000E+00  0.00000E+00   -0.85614E+02 -0.55142E+03  0.63704E+03  0.11795E+03 -0.44608E+02 -0.29619E+02      298.00
  0.95649E-01  0.10616E+04   -0.52750E-01 -0.52750E-01  0.10550E+00  0.00000E+00  0.00000E+00  0.00000E+00   -0.85801E+02 -0.55137E+03  0.63717E+03  0.11870E+03 -0.44828E+02 -0.29592E+02      298.00
  0.96099E-01  0.10620E+04   -0.53000E-01 -0.53000E-01  0.10600E+00  0.00000E+00  0.00000E+00  0.00000E+00   -0.85988E+02 -0.55131E+03  0.63730E+03  0.11944E+03 -0.45047E+02 -0.29564E+02      298.00
  0.96549E-01  0.10623E+04   -0.53250E-01 -0.53250E-01  0.10650E+00  0.00000E+00  0.00000E+00  0.00000E+00   -0.86174E+02 -0.55125E+03  0.63743E+03  0.12019E+03 -0.45265E+02 -0.29536E+02      298.00
  0.96999E-01  0.10628E+04   -0.53500E-01 -0.53500E-01  0.10700E+00  0.00000E+00  0.00000E+00  0.00000E+00   -0.86337E+02 -0.55124E+03  0.63758E+03  0.12099E+03 -0.45592E+02 -0.29468E+02      298.00
  0.97449E-01  0.10630E+04   -0.53750E-01 -0.53750E-01  0.10750E+00  0.00000E+00  0.00000E+00  0.00000E+00   -0.86547E+02 -0.55112E+03  0.63767E+03  0.12169E+03 -0.45708E+02 -0.29477E+02      298.00
  0.97899E-01  0.10635E+04   -0.54000E-01 -0.54000E-01  0.10800E+00  0.00000E+00  0.00000E+00  0.00000E+00   -0.86709E+02 -0.55110E+03  0.63781E+03  0.12249E+03 -0.46022E+02 -0.29412E+02      298.00
  0.98349E-01  0.10638E+04   -0.54250E-01 -0.54250E-01  0.10850E+00  0.00000E+00  0.00000E+00  0.00000E+00   -0.86895E+02 -0.55103E+03  0.63792E+03  0.12323E+03 -0.46243E+02 -0.29380E+02      298.00
  0.98799E-01  0.10642E+04   -0.54500E-01 -0.54500E-01  0.10900E+00  0.00000E+00  0.00000E+00  0.00000E+00   -0.87081E+02 -0.55095E+03  0.63803E+03  0.12398E+03 -0.46451E+02 -0.29354E+02      298.00
  0.99248E-01  0.10645E+04   -0.54750E-01 -0.54750E-01  0.10950E+00  0.00000E+00  0.00000E+00  0.00000E+00   -0.87266E+02 -0.55087E+03  0.63813E+03  0.12472E+03 -0.46653E+02 -0.29329E+02      298.00
  0.99698E-01  0.10648E+04   -0.55000E-01 -0.55000E-01  0.11000E+00  0.00000E+00  0.00000E+00  0.00000E+00   -0.87450E+02 -0.55078E+03  0.63823E+03  0.12547E+03 -0.46852E+02 -0.29304E+02      298.00
  0.10015E+00  0.10652E+04   -0.55250E-01 -0.55250E-01  0.11050E+00  0.00000E+00  0.00000E+00  0.00000E+00   -0.87635E+02 -0.55069E+03  0.63832E+03  0.12622E+03 -0.47048E+02 -0.29280E+02      298.00
  0.10060E+00  0.10655E+04   -0.55500E-01 -0.55500E-01  0.11100E+00  0.00000E+00  0.00000E+00  0.00000E+00   -0.87819E+02 -0.55060E+03  0.63842E+03  0.12696E+03 -0.47242E+02 -0.29257E+02      298.00
  0.10105E+00  0.10658E+04   -0.55750E-01 -0.55750E-01  0.11150E+00  0.00000E+00  0.00000E+00  0.00000E+00   -0.88003E+02 -0.55050E+03  0.63850E+03  0.12771E+03 -0.47433E+02 -0.29233E+02      298.00
  0.10150E+00  0.10662E+04   -0.56000E-01 -0.56000E-01  0.11200E+00  0.00000E+00  0.00000E+00  0.00000E+00   -0.88179E+02 -0.55043E+03  0.63860E+03  0.12849E+03 -0.47756E+02 -0.29180E+02      298.00
  0.10194E+00  0.10665E+04   -0.56250E-01 -0.56250E-01  0.11250E+00  0.00000E+00  0.00000E+00  0.00000E+00   -0.88361E+02 -0.55033E+03  0.63869E+03  0.12924E+03 -0.47956E+02 -0.29152E+02      298.00
  0.10239E+00  0.10668E+04   -0.56500E-01 -0.56500E-01  0.11300E+00  0.00000E+00  0.00000E+00  0.00000E+00   -0.88544E+02 -0.55022E+03  0.63876E+03  0.12998E+03 -0.48143E+02 -0.29129E+02      298.00
  0.10284E+00  0.10671E+04   -0.56750E-01 -0.56750E-01  0.11350E+00  0.00000E+00  0.00000E+00  0.00000E+00   -0.88728E+02 -0.55011E+03  0.63884E+03  0.13072E+03 -0.48328E+02 -0.29106E+02      298.00
  0.10329E+00  0.10674E+04   -0.57000E-01 -0.57000E-01  0.11400E+00  0.00000E+00  0.00000E+00  0.00000E+00   -0.88911E+02 -0.54999E+03  0.63891E+03  0.13147E+03 -0.48512E+02 -0.29082E+02      298.00
  0.10374E+00  0.10677E+04   -0.57250E-01 -0.57250E-01  0.11450E+00  0.00000E+00  0.00000E+00  0.00000E+00   -0.89094E+02 -0.54988E+03  0.63897E+03  0.13221E+03 -0.48695E+02 -0.29059E+02      298.00
  0.10419E+00  0.10679E+04   -0.57500E-01 -0.57500E-01  0.11500E+00  0.00000E+00  0.00000E+00  0.00000E+00   -0.89307E+02 -0.54971E+03  0.63901E+03  0.13291E+03 -0.49032E+02 -0.29019E+02      298.00
  0.10464E+00  0.10683E+04   -0.57750E-01 -0.57750E-01  0.11550E+00  0.00000E+00  0.00000E+00  0.00000E+00   -0.89457E+02 -0.54964E+03  0.63910E+03  0.13370E+03 -0.49087E+02 -0.29002E+02      298.00
  0.10509E+00  0.10685E+04   -0.58000E-01 -0.58000E-01  0.11600E+00  0.00000E+00  0.00000E+00  0.00000E+00   -0.89673E+02 -0.54946E+03  0.63913E+03  0.13439E+03 -0.49406E+02 -0.28968E+02      298.00
  0.10554E+00  0.10688E+04   -0.58250E-01 -0.58250E-01  0.11650E+00  0.00000E+00  0.00000E+00  0.00000E+00   -0.89854E+02 -0.54933E+03  0.63918E+03  0.13513E+03 -0.49614E+02 -0.28935E+02      298.00
  0.10598E+00  0.10690E+04   -0.58500E-01 -0.58500E-01  0.11700E+00  0.00000E+00  0.00000E+00  0.00000E+00   -0.90037E+02 -0.54920E+03  0.63923E+03  0.13587E+03 -0.49809E+02 -0.28906E+02      298.00
  0.10643E+00  0.10693E+04   -0.58750E-01 -0.58750E-01  0.11750E+00  0.00000E+00  0.00000E+00  0.00000E+00   -0.90220E+02 -0.54906E+03  0.63928E+03  0.13661E+03 -0.50003E+02 -0.28876E+02      298.00
  0.10688E+00  0.10696E+04   -0.59000E-01 -0.59000E-01  0.11800E+00  0.00000E+00  0.00000E+00  0.00000E+00   -0.90402E+02 -0.54892E+03  0.63932E+03  0.13735E+03 -0.50195E+02 -0.28847E+02      298.00
  0.10733E+00  0.10698E+04   -0.59250E-01 -0.59250E-01  0.11850E+00  0.00000E+00  0.00000E+00  0.00000E+00   -0.90584E+02 -0.54878E+03  0.63936E+03  0.13808E+03 -0.50387E+02 -0.28817E+02      298.00
  0.10778E+00  0.10701E+04   -0.59500E-01 -0.59500E-01  0.11900E+00  0.00000E+00  0.00000E+00  0.00000E+00   -0.90766E+02 -0.54864E+03  0.63940E+03  0.13882E+03 -0.50579E+02 -0.28787E+02      298.00
  0.10823E+00  0.10703E+04   -0.59750E-01 -0.59750E-01  0.11950E+00  0.00000E+00  0.00000E+00  0.00000E+00   -0.90948E+02 -0.54849E+03  0.63944E+03  0.13956E+03 -0.50770E+02 -0.28757E+02      298.00
  0.10867E+00  0.10706E+04   -0.60000E-01 -0.60000E-01  0.12000E+00  0.00000E+00  0.00000E+00  0.00000E+00   -0.91130E+02 -0.54834E+03  0.63947E+03  0.14029E+03 -0.50961E+02 -0.28726E+02      298.00
  0.10912E+00  0.10708E+04   -0.60250E-01 -0.60250E-01  0.12050E+00  0.00000E+00  0.00000E+00  0.00000E+00   -0.91312E+02 -0.54818E+03  0.63950E+03  0.14103E+03 -0.51151E+02 -0.28696E+02      298.00
  0.10957E+00  0.10711E+04   -0.60500E-01 -0.60500E-01  0.12100E+00  0.00000E+00  0.00000E+00  0.00000E+00   -0.91493E+02 -0.54803E+03  0.63952E+03  0.14176E+03 -0.51341E+02 -0.28665E+02      298.00
  0.11002E+00  0.10713E+04   -0.60750E-01 -0.60750E-01  0.12150E+00  0.00000E+00  0.00000E+00  0.00000E+00   -0.91674E+02 -0.54787E+03  0.63954E+03  0.14250E+03 -0.51530E+02 -0.28633E+02      298.00
  0.11047E+00  0.10715E+04   -0.61000E-01 -0.61000E-01  0.12200E+00  0.00000E+00  0.00000E+00  0.00000E+00   -0.91856E+02 -0.54771E+03  0.63956E+03  0.14323E+03 -0.51719E+02 -0.28602E+02      298.00
  0.11091E+00  0.10718E+04   -0.61250E-01 -0.61250E-01  0.12250E+00  0.00000E+00  0.00000E+00  0.00000E+00   -0.92037E+02 -0.54754E+03  0.63958E+03  0.14396E+03 -0.51907E+02 -0.28570E+02      298.00
  0.11136E+00  0.10720E+04   -0.61500E-01 -0.61500E-01  0.12300E+00  0.00000E+00  0.00000E+00  0.00000E+00   -0.92217E+02 -0.54738E+03  0.63959E+03  0.14470E+03 -0.52095E+02 -0.28539E+02      298.00
  0.11181E+00  0.10722E+04   -0.61750E-01 -0.61750E-01  0.12350E+00  0.00000E+00  0.00000E+00  0.00000E+00   -0.92398E+02 -0.54721E+03  0.63960E+03  0.14543E+03 -0.52282E+02 -0.28506E+02      298.00
  0.11226E+00  0.10725E+04   -0.62000E-01 -0.62000E-01  0.12400E+00  0.00000E+00  0.00000E+00  0.00000E+00   -0.92579E+02 -0.54703E+03  0.63961E+03  0.14616E+03 -0.52469E+02 -0.28474E+02      298.00
  0.11270E+00  0.10727E+04   -0.62250E-01 -0.62250E-01  0.12450E+00  0.00000E+00  0.00000E+00  0.00000E+00   -0.92759E+02 -0.54686E+03  0.63962E+03  0.14689E+03 -0.52655E+02 -0.28442E+02      298.00
  0.11315E+00  0.10729E+04   -0.62500E-01 -0.62500E-01  0.12500E+00  0.00000E+00  0.00000E+00  0.00000E+00   -0.92939E+02 -0.54668E+03  0.63962E+03  0.14762E+03 -0.52841E+02 -0.28409E+02      298.00
