    STEP   AVACS   MODE1   MODE2   MODE3   MODE4
       1   5.000   0.264   0.736   0.000   0.000
       2   5.000   0.250   0.750   0.000   0.000
       3   7.000   0.219   0.781   0.000   0.000
       4   6.000   0.168   0.832   0.000   0.000
       5   5.000   0.183   0.817   0.000   0.000
       6   5.000   0.214   0.786   0.000   0.000
       7   5.000   0.234   0.766   0.000   0.000
       8   5.000   0.239   0.761   0.000   0.000
       9   6.000   0.222   0.778   0.000   0.000
      10   6.000   0.216   0.784   0.000   0.000
      11   5.000   0.219   0.781   0.000   0.000
      12   6.000   0.255   0.745   0.000   0.000
      13   7.000   0.281   0.719   0.000   0.000
      14   6.000   0.264   0.736   0.000   0.000
      15   6.000   0.261   0.739   0.000   0.000
      16   6.000   0.251   0.749   0.000   0.000
      17   5.000   0.228   0.772   0.000   0.000
      18   5.000   0.254   0.746   0.000   0.000
      19   5.000   0.264   0.736   0.000   0.000
      20   5.000   0.250   0.750   0.000   0.000
      21   7.000   0.219   0.781   0.000   0.000
      22   6.000   0.168   0.832   0.000   0.000
      23   5.000   0.183   0.817   0.000   0.000
      24   5.000   0.214   0.786   0.000   0.000
      25   5.000   0.234   0.766   0.000   0.000
      26   5.000   0.239   0.761   0.000   0.000
      27   6.000   0.222   0.778   0.000   0.000
      28   6.000   0.216   0.784   0.000   0.000
      29   5.000   0.219   0.781   0.000   0.000
      30   6.000   0.255   0.745   0.000   0.000
      31   7.000   0.281   0.719   0.000   0.000
      32   6.000   0.264   0.736   0.000   0.000
      33   6.000   0.261   0.739   0.000   0.000
      34   6.000   0.251   0.749   0.000   0.000
      35   5.000   0.228   0.772   0.000   0.000
      36   5.000   0.254   0.746   0.000   0.000
  STRAIN   AVACS   PRITW   SECTW   MODE1   MODE2   MODE3   MODE4   TWFR3   EFFR3   TWFR4   EFFR4
   0.000   5.000   0.000   0.000   0.264   0.736   0.000   0.000   0.000   0.000   0.000   0.000
   0.001   5.000   0.000   0.000   0.262   0.738   0.000   0.000   0.000   0.000   0.000   0.000
   0.001   5.000   0.000   0.000   0.260   0.740   0.000   0.000   0.000   0.000   0.000   0.000
   0.002   5.000   0.000   0.000   0.258   0.742   0.000   0.000   0.000   0.000   0.000   0.000
   0.002   5.000   0.000   0.000   0.256   0.744   0.000   0.000   0.000   0.000   0.000   0.000
   0.003   5.000   0.000   0.000   0.255   0.745   0.000   0.000   0.000   0.000   0.000   0.000
   0.003   5.000   0.000   0.000   0.254   0.746   0.000   0.000   0.000   0.000   0.000   0.000
   0.004   5.000   0.000   0.000   0.253   0.747   0.000   0.000   0.000   0.000   0.000   0.000
   0.004   5.000   0.000   0.000   0.252   0.748   0.000   0.000   0.000   0.000   0.000   0.000
   0.005   5.000   0.000   0.000   0.252   0.748   0.000   0.000   0.000   0.000   0.000   0.000
   0.005   5.000   0.000   0.000   0.251   0.749   0.000   0.000   0.000   0.000   0.000   0.000
   0.006   5.000   0.000   0.000   0.250   0.750   0.000   0.000   0.000   0.000   0.000   0.000
   0.006   5.000   0.000   0.000   0.250   0.750   0.000   0.000   0.000   0.000   0.000   0.000
   0.007   5.000   0.000   0.000   0.250   0.750   0.000   0.000   0.000   0.000   0.000   0.000
   0.007   5.000   0.000   0.000   0.249   0.751   0.000   0.000   0.000   0.000   0.000   0.000
   0.008   5.000   0.000   0.000   0.249   0.751   0.000   0.000   0.000   0.000   0.000   0.000
   0.008   5.000   0.000   0.000   0.249   0.751   0.000   0.000   0.000   0.000   0.000   0.000
   0.009   5.000   0.000   0.000   0.248   0.752   0.000   0.000   0.000   0.000   0.000   0.000
   0.009   5.000   0.000   0.000   0.248   0.752   0.000   0.000   0.000   0.000   0.000   0.000
   0.010   5.000   0.000   0.000   0.248   0.752   0.000   0.000   0.000   0.000   0.000   0.000
   0.010   5.000   0.000   0.000   0.248   0.752   0.000   0.000   0.000   0.000   0.000   0.000
   0.011   5.000   0.000   0.000   0.248   0.752   0.000   0.000   0.000   0.000   0.000   0.000
   0.011   5.000   0.000   0.000   0.247   0.753   0.000   0.000   0.000   0.000   0.000   0.000
   0.012   5.000   0.000   0.000   0.247   0.753   0.000   0.000   0.000   0.000   0.000   0.000
   0.012   5.000   0.000   0.000   0.247   0.753   0.000   0.000   0.000   0.000   0.000   0.000
   0.013   5.000   0.000   0.000   0.247   0.753   0.000   0.000   0.000   0.000   0.000   0.000
   0.013   5.000   0.000   0.000   0.247   0.753   0.000   0.000   0.000   0.000   0.000   0.000
   0.014   5.000   0.000   0.000   0.247   0.753   0.000   0.000   0.000   0.000   0.000   0.000
   0.014   5.000   0.000   0.000   0.247   0.753   0.000   0.000   0.000   0.000   0.000   0.000
   0.015   5.000   0.000   0.000   0.247   0.753   0.000   0.000   0.000   0.000   0.000   0.000
   0.015   5.000   0.000   0.000   0.246   0.754   0.000   0.000   0.000   0.000   0.000   0.000
   0.016   5.000   0.000   0.000   0.246   0.754   0.000   0.000   0.000   0.000   0.000   0.000
   0.016   5.000   0.000   0.000   0.246   0.754   0.000   0.000   0.000   0.000   0.000   0.000
   0.017   5.000   0.000   0.000   0.246   0.754   0.000   0.000   0.000   0.000   0.000   0.000
   0.017   5.000   0.000   0.000   0.246   0.754   0.000   0.000   0.000   0.000   0.000   0.000
   0.018   5.000   0.000   0.000   0.246   0.754   0.000   0.000   0.000   0.000   0.000   0.000
   0.018   5.000   0.000   0.000   0.246   0.754   0.000   0.000   0.000   0.000   0.000   0.000
   0.019   5.000   0.000   0.000   0.246   0.754   0.000   0.000   0.000   0.000   0.000   0.000
   0.019   5.000   0.000   0.000   0.246   0.754   0.000   0.000   0.000   0.000   0.000   0.000
   0.020   5.000   0.000   0.000   0.245   0.755   0.000   0.000   0.000   0.000   0.000   0.000
   0.020   5.000   0.000   0.000   0.245   0.755   0.000   0.000   0.000   0.000   0.000   0.000
   0.021   6.000   0.000   0.000   0.245   0.755   0.000   0.000   0.000   0.000   0.000   0.000
   0.021   6.000   0.000   0.000   0.245   0.755   0.000   0.000   0.000   0.000   0.000   0.000
   0.022   6.000   0.000   0.000   0.245   0.755   0.000   0.000   0.000   0.000   0.000   0.000
   0.022   6.000   0.000   0.000   0.245   0.755   0.000   0.000   0.000   0.000   0.000   0.000
   0.023   6.000   0.000   0.000   0.245   0.755   0.000   0.000   0.000   0.000   0.000   0.000
   0.023   6.000   0.000   0.000   0.245   0.755   0.000   0.000   0.000   0.000   0.000   0.000
   0.024   6.000   0.000   0.000   0.244   0.756   0.000   0.000   0.000   0.000   0.000   0.000
   0.024   6.000   0.000   0.000   0.244   0.756   0.000   0.000   0.000   0.000   0.000   0.000
   0.025   6.000   0.000   0.000   0.244   0.756   0.000   0.000   0.000   0.000   0.000   0.000
   0.025   6.000   0.000   0.000   0.244   0.756   0.000   0.000   0.000   0.000   0.000   0.000
    STEP   AVACS   MODE1   MODE2   MODE3   MODE4
       1   6.000   0.244   0.756   0.000   0.000
       2   5.000   0.243   0.757   0.000   0.000
       3   6.000   0.196   0.804   0.000   0.000
       4   6.000   0.148   0.851   0.000   0.000
       5   5.000   0.187   0.813   0.000   0.000
       6   5.000   0.220   0.780   0.000   0.000
       7   5.000   0.238   0.762   0.000   0.000
       8   5.000   0.239   0.761   0.000   0.000
       9   6.000   0.214   0.786   0.000   0.000
      10   6.000   0.194   0.806   0.000   0.000
      11   5.000   0.217   0.783   0.000   0.000
      12   6.000   0.252   0.748   0.000   0.000
      13   7.000   0.271   0.729   0.000   0.000
      14   5.000   0.251   0.749   0.000   0.000
      15   7.000   0.231   0.769   0.000   0.000
      16   6.000   0.195   0.805   0.000   0.000
      17   5.000   0.208   0.792   0.000   0.000
      18   5.000   0.236   0.764   0.000   0.000
      19   6.000   0.244   0.756   0.000   0.000
      20   5.000   0.243   0.757   0.000   0.000
      21   6.000   0.196   0.804   0.000   0.000
      22   6.000   0.148   0.852   0.000   0.000
      23   5.000   0.187   0.813   0.000   0.000
      24   5.000   0.220   0.780   0.000   0.000
      25   5.000   0.238   0.762   0.000   0.000
      26   5.000   0.239   0.761   0.000   0.000
      27   6.000   0.214   0.786   0.000   0.000
      28   6.000   0.194   0.806   0.000   0.000
      29   5.000   0.217   0.782   0.000   0.000
      30   6.000   0.252   0.748   0.000   0.000
      31   7.000   0.270   0.729   0.000   0.000
      32   5.000   0.251   0.749   0.000   0.000
      33   7.000   0.231   0.769   0.000   0.000
      34   6.000   0.195   0.805   0.000   0.000
      35   5.000   0.208   0.792   0.000   0.000
      36   5.000   0.236   0.764   0.000   0.000
  STRAIN   AVACS   PRITW   SECTW   MODE1   MODE2   MODE3   MODE4   TWFR3   EFFR3   TWFR4   EFFR4
   0.025   6.000   0.000   0.000   0.244   0.756   0.000   0.000   0.000   0.000   0.000   0.000
   0.026   6.000   0.000   0.000   0.244   0.756   0.000   0.000   0.000   0.000   0.000   0.000
   0.026   6.000   0.000   0.000   0.244   0.756   0.000   0.000   0.000   0.000   0.000   0.000
   0.027   6.000   0.000   0.000   0.244   0.756   0.000   0.000   0.000   0.000   0.000   0.000
   0.027   6.000   0.000   0.000   0.243   0.756   0.000   0.000   0.000   0.000   0.000   0.000
   0.028   6.000   0.000   0.000   0.243   0.757   0.000   0.000   0.000   0.000   0.000   0.000
   0.028   6.000   0.000   0.000   0.243   0.757   0.000   0.000   0.000   0.000   0.000   0.000
   0.029   6.000   0.000   0.000   0.243   0.757   0.000   0.000   0.000   0.000   0.000   0.000
   0.029   6.000   0.000   0.000   0.243   0.757   0.000   0.000   0.000   0.000   0.000   0.000
   0.030   6.000   0.000   0.000   0.243   0.757   0.000   0.000   0.000   0.000   0.000   0.000
   0.030   6.000   0.000   0.000   0.243   0.757   0.000   0.000   0.000   0.000   0.000   0.000
   0.031   6.000   0.000   0.000   0.242   0.758   0.000   0.000   0.000   0.000   0.000   0.000
   0.031   6.000   0.000   0.000   0.242   0.758   0.000   0.000   0.000   0.000   0.000   0.000
   0.032   6.000   0.000   0.000   0.242   0.758   0.000   0.000   0.000   0.000   0.000   0.000
   0.032   6.000   0.000   0.000   0.242   0.758   0.000   0.000   0.000   0.000   0.000   0.000
   0.033   6.000   0.000   0.000   0.242   0.758   0.000   0.000   0.000   0.000   0.000   0.000
   0.033   6.000   0.000   0.000   0.242   0.758   0.000   0.000   0.000   0.000   0.000   0.000
   0.034   6.000   0.000   0.000   0.242   0.758   0.000   0.000   0.000   0.000   0.000   0.000
   0.034   6.000   0.000   0.000   0.241   0.759   0.000   0.000   0.000   0.000   0.000   0.000
   0.035   6.000   0.000   0.000   0.241   0.759   0.000   0.000   0.000   0.000   0.000   0.000
   0.035   6.000   0.000   0.000   0.241   0.759   0.000   0.000   0.000   0.000   0.000   0.000
   0.036   6.000   0.000   0.000   0.241   0.759   0.000   0.000   0.000   0.000   0.000   0.000
   0.036   6.000   0.000   0.000   0.241   0.759   0.000   0.000   0.000   0.000   0.000   0.000
   0.037   6.000   0.000   0.000   0.241   0.759   0.000   0.000   0.000   0.000   0.000   0.000
   0.037   6.000   0.000   0.000   0.240   0.760   0.000   0.000   0.000   0.000   0.000   0.000
   0.038   6.000   0.000   0.000   0.240   0.760   0.000   0.000   0.000   0.000   0.000   0.000
   0.038   6.000   0.000   0.000   0.240   0.760   0.000   0.000   0.000   0.000   0.000   0.000
   0.039   6.000   0.000   0.000   0.240   0.760   0.000   0.000   0.000   0.000   0.000   0.000
   0.039   6.000   0.000   0.000   0.240   0.760   0.000   0.000   0.000   0.000   0.000   0.000
   0.040   6.000   0.000   0.000   0.239   0.760   0.000   0.000   0.000   0.000   0.000   0.000
   0.040   6.000   0.000   0.000   0.239   0.761   0.000   0.000   0.000   0.000   0.000   0.000
   0.041   6.000   0.000   0.000   0.239   0.761   0.000   0.000   0.000   0.000   0.000   0.000
   0.041   6.000   0.000   0.000   0.239   0.761   0.000   0.000   0.000   0.000   0.000   0.000
   0.042   6.000   0.000   0.000   0.239   0.761   0.000   0.000   0.000   0.000   0.000   0.000
   0.042   6.000   0.000   0.000   0.239   0.761   0.000   0.000   0.000   0.000   0.000   0.000
   0.043   6.000   0.000   0.000   0.238   0.761   0.000   0.000   0.000   0.000   0.000   0.000
   0.043   6.000   0.000   0.000   0.238   0.762   0.000   0.000   0.000   0.000   0.000   0.000
   0.044   6.000   0.000   0.000   0.238   0.762   0.000   0.000   0.000   0.000   0.000   0.000
   0.044   6.000   0.000   0.000   0.238   0.762   0.000   0.000   0.000   0.000   0.000   0.000
   0.045   6.000   0.000   0.000   0.238   0.762   0.000   0.000   0.000   0.000   0.000   0.000
   0.045   6.000   0.000   0.000   0.238   0.762   0.000   0.000   0.000   0.000   0.000   0.000
   0.046   6.000   0.000   0.000   0.238   0.762   0.000   0.000   0.000   0.000   0.000   0.000
   0.046   6.000   0.000   0.000   0.237   0.763   0.000   0.000   0.000   0.000   0.000   0.000
   0.047   6.000   0.000   0.000   0.237   0.763   0.000   0.000   0.000   0.000   0.000   0.000
   0.047   6.000   0.000   0.000   0.237   0.763   0.000   0.000   0.000   0.000   0.000   0.000
   0.048   6.000   0.000   0.000   0.237   0.763   0.000   0.000   0.000   0.000   0.000   0.000
   0.048   6.000   0.000   0.000   0.237   0.763   0.000   0.000   0.000   0.000   0.000   0.000
   0.049   6.000   0.000   0.000   0.237   0.763   0.000   0.000   0.000   0.000   0.000   0.000
   0.049   6.000   0.000   0.000   0.236   0.764   0.000   0.000   0.000   0.000   0.000   0.000
   0.050   6.000   0.000   0.000   0.236   0.764   0.000   0.000   0.000   0.000   0.000   0.000
   0.050   6.000   0.000   0.000   0.236   0.764   0.000   0.000   0.000   0.000   0.000   0.000
    STEP   AVACS   MODE1   MODE2   MODE3   MODE4
       1   6.000   0.236   0.764   0.000   0.000
       2   5.000   0.241   0.758   0.000   0.000
       3   6.000   0.197   0.802   0.000   0.001
       4   6.000   0.156   0.841   0.000   0.002
       5   5.000   0.191   0.805   0.000   0.004
       6   5.000   0.227   0.770   0.000   0.003
       7   6.000   0.249   0.749   0.000   0.002
       8   5.000   0.246   0.754   0.000   0.000
       9   7.000   0.228   0.772   0.000   0.000
      10   6.000   0.207   0.793   0.000   0.000
      11   5.000   0.218   0.782   0.000   0.000
      12   5.000   0.250   0.750   0.000   0.000
      13   5.000   0.262   0.738   0.000   0.000
      14   5.000   0.253   0.747   0.000   0.000
      15   6.000   0.218   0.782   0.000   0.001
      16   6.000   0.167   0.831   0.000   0.002
      17   5.000   0.189   0.808   0.000   0.003
      18   5.000   0.218   0.779   0.000   0.002
      19   6.000   0.236   0.764   0.000   0.000
      20   5.000   0.241   0.759   0.000   0.000
      21   6.000   0.197   0.803   0.000   0.000
      22   6.000   0.157   0.843   0.000   0.000
      23   5.000   0.192   0.807   0.000   0.000
      24   5.000   0.228   0.772   0.000   0.000
      25   6.000   0.250   0.750   0.000   0.000
      26   5.000   0.246   0.754   0.000   0.000
      27   7.000   0.228   0.772   0.000   0.001
      28   6.000   0.206   0.792   0.000   0.002
      29   5.000   0.216   0.780   0.000   0.004
      30   5.000   0.248   0.748   0.000   0.003
      31   5.000   0.262   0.737   0.000   0.001
      32   5.000   0.253   0.747   0.000   0.000
      33   6.000   0.218   0.782   0.000   0.000
      34   6.000   0.167   0.833   0.000   0.000
      35   5.000   0.190   0.810   0.000   0.000
      36   5.000   0.219   0.780   0.000   0.000
  STRAIN   AVACS   PRITW   SECTW   MODE1   MODE2   MODE3   MODE4   TWFR3   EFFR3   TWFR4   EFFR4
   0.050   6.000   0.000   0.000   0.236   0.764   0.000   0.000   0.000   0.000   0.000   0.000
   0.051   6.000   0.000   0.000   0.236   0.764   0.000   0.000   0.000   0.000   0.000   0.000
   0.051   6.000   0.000   0.000   0.236   0.764   0.000   0.000   0.000   0.000   0.000   0.000
   0.052   6.000   0.000   0.000   0.235   0.764   0.000   0.000   0.000   0.000   0.000   0.000
   0.052   6.000   0.000   0.000   0.235   0.765   0.000   0.000   0.000   0.000   0.000   0.000
   0.053   6.000   0.000   0.000   0.235   0.765   0.000   0.000   0.000   0.000   0.000   0.000
   0.053   6.000   0.000   0.000   0.235   0.765   0.000   0.000   0.000   0.000   0.000   0.000
   0.054   6.000   0.000   0.000   0.235   0.765   0.000   0.000   0.000   0.000   0.000   0.000
   0.054   6.000   0.000   0.000   0.235   0.765   0.000   0.000   0.000   0.000   0.000   0.000
   0.055   6.000   0.000   0.000   0.234   0.765   0.000   0.000   0.000   0.000   0.000   0.000
   0.055   6.000   0.000   0.000   0.234   0.766   0.000   0.000   0.000   0.000   0.000   0.000
   0.056   6.000   0.000   0.000   0.234   0.766   0.000   0.000   0.000   0.000   0.000   0.000
   0.056   6.000   0.000   0.000   0.234   0.766   0.000   0.000   0.000   0.000   0.000   0.000
   0.057   6.000   0.000   0.000   0.234   0.766   0.000   0.000   0.000   0.000   0.000   0.000
   0.057   6.000   0.000   0.000   0.234   0.766   0.000   0.000   0.000   0.000   0.000   0.000
   0.058   6.000   0.000   0.000   0.233   0.766   0.000   0.000   0.000   0.000   0.000   0.000
   0.058   6.000   0.000   0.000   0.233   0.767   0.000   0.000   0.000   0.000   0.000   0.000
   0.059   6.000   0.000   0.000   0.233   0.767   0.000   0.000   0.000   0.000   0.000   0.000
   0.059   6.000   0.000   0.000   0.233   0.767   0.000   0.000   0.000   0.000   0.000   0.000
   0.060   6.000   0.000   0.000   0.233   0.767   0.000   0.000   0.000   0.000   0.000   0.000
   0.060   6.000   0.000   0.000   0.233   0.767   0.000   0.000   0.000   0.000   0.000   0.000
   0.061   6.000   0.000   0.000   0.233   0.767   0.000   0.000   0.000   0.000   0.000   0.000
   0.061   6.000   0.000   0.000   0.232   0.768   0.000   0.000   0.000   0.000   0.000   0.000
   0.062   6.000   0.000   0.000   0.232   0.768   0.000   0.000   0.000   0.000   0.000   0.000
   0.062   6.000   0.000   0.000   0.232   0.768   0.000   0.000   0.000   0.000   0.000   0.000
   0.063   6.000   0.000   0.000   0.232   0.768   0.000   0.000   0.000   0.000   0.000   0.000
   0.063   6.000   0.000   0.000   0.232   0.768   0.000   0.000   0.000   0.000   0.000   0.000
   0.064   6.000   0.000   0.000   0.231   0.768   0.000   0.000   0.000   0.000   0.000   0.000
   0.064   6.000   0.000   0.000   0.231   0.769   0.000   0.000   0.000   0.000   0.000   0.000
   0.065   6.000   0.000   0.000   0.231   0.769   0.000   0.000   0.000   0.000   0.000   0.000
   0.065   6.000   0.000   0.000   0.231   0.769   0.000   0.000   0.000   0.000   0.000   0.000
   0.066   6.000   0.000   0.000   0.231   0.769   0.000   0.000   0.000   0.000   0.000   0.000
   0.066   6.000   0.000   0.000   0.231   0.769   0.000   0.000   0.000   0.000   0.000   0.000
   0.067   6.000   0.000   0.000   0.230   0.769   0.000   0.000   0.000   0.000   0.000   0.000
   0.067   6.000   0.000   0.000   0.230   0.770   0.000   0.000   0.000   0.000   0.000   0.000
   0.068   6.000   0.000   0.000   0.230   0.770   0.000   0.000   0.000   0.000   0.000   0.000
   0.068   6.000   0.000   0.000   0.230   0.770   0.000   0.000   0.000   0.000   0.000   0.000
   0.069   6.000   0.000   0.000   0.230   0.770   0.000   0.000   0.000   0.000   0.000   0.000
   0.069   6.000   0.000   0.000   0.230   0.770   0.000   0.000   0.000   0.000   0.000   0.000
   0.070   6.000   0.000   0.000   0.229   0.770   0.000   0.000   0.000   0.000   0.000   0.000
   0.070   6.000   0.000   0.000   0.229   0.771   0.000   0.000   0.000   0.000   0.000   0.000
   0.071   6.000   0.000   0.000   0.229   0.771   0.000   0.000   0.000   0.000   0.000   0.000
   0.071   6.000   0.000   0.000   0.229   0.771   0.000   0.000   0.000   0.000   0.000   0.000
   0.072   6.000   0.000   0.000   0.229   0.771   0.000   0.000   0.000   0.000   0.000   0.000
   0.072   6.000   0.000   0.000   0.229   0.771   0.000   0.000   0.000   0.000   0.000   0.000
   0.073   6.000   0.000   0.000   0.228   0.771   0.000   0.000   0.000   0.000   0.000   0.000
   0.073   6.000   0.000   0.000   0.228   0.772   0.000   0.000   0.000   0.000   0.000   0.000
   0.074   6.000   0.000   0.000   0.228   0.772   0.000   0.000   0.000   0.000   0.000   0.000
   0.074   6.000   0.000   0.000   0.228   0.772   0.000   0.000   0.000   0.000   0.000   0.000
   0.075   6.000   0.000   0.000   0.228   0.772   0.000   0.000   0.000   0.000   0.000   0.000
   0.075   6.000   0.000   0.000   0.227   0.772   0.000   0.000   0.000   0.000   0.000   0.000
    STEP   AVACS   MODE1   MODE2   MODE3   MODE4
       1   6.000   0.227   0.772   0.000   0.000
       2   6.000   0.237   0.763   0.000   0.000
       3   6.000   0.191   0.807   0.000   0.001
       4   6.000   0.153   0.843   0.000   0.004
       5   5.000   0.194   0.798   0.000   0.008
       6   6.000   0.233   0.760   0.000   0.007
       7   7.000   0.258   0.739   0.000   0.004
       8   5.000   0.251   0.749   0.000   0.000
       9   7.000   0.235   0.765   0.000   0.000
      10   6.000   0.208   0.791   0.000   0.000
      11   5.000   0.217   0.783   0.000   0.000
      12   6.000   0.247   0.753   0.000   0.000
      13   6.000   0.254   0.746   0.000   0.000
      14   5.000   0.253   0.747   0.000   0.000
      15   6.000   0.195   0.804   0.000   0.002
      16   5.000   0.127   0.869   0.000   0.004
      17   5.000   0.169   0.825   0.000   0.006
      18   6.000   0.201   0.796   0.000   0.004
      19   6.000   0.227   0.772   0.000   0.000
      20   6.000   0.237   0.763   0.000   0.000
      21   6.000   0.191   0.808   0.000   0.000
      22   6.000   0.154   0.846   0.000   0.000
      23   5.000   0.198   0.802   0.000   0.000
      24   6.000   0.236   0.764   0.000   0.000
      25   7.000   0.259   0.740   0.000   0.000
      26   5.000   0.251   0.749   0.000   0.000
      27   7.000   0.234   0.764   0.000   0.001
      28   6.000   0.208   0.788   0.000   0.004
      29   5.000   0.214   0.779   0.000   0.007
      30   6.000   0.244   0.750   0.000   0.006
      31   6.000   0.254   0.746   0.000   0.000
      32   5.000   0.253   0.747   0.000   0.000
      33   6.000   0.195   0.805   0.000   0.000
      34   5.000   0.128   0.872   0.000   0.000
      35   5.000   0.172   0.828   0.000   0.000
      36   6.000   0.202   0.797   0.000   0.000
  STRAIN   AVACS   PRITW   SECTW   MODE1   MODE2   MODE3   MODE4   TWFR3   EFFR3   TWFR4   EFFR4
   0.075   6.000   0.000   0.000   0.227   0.772   0.000   0.000   0.000   0.000   0.000   0.000
   0.076   6.000   0.000   0.000   0.227   0.773   0.000   0.000   0.000   0.000   0.000   0.000
   0.076   6.000   0.000   0.000   0.227   0.773   0.000   0.000   0.000   0.000   0.000   0.000
   0.077   6.000   0.000   0.000   0.227   0.773   0.000   0.000   0.000   0.000   0.000   0.000
   0.077   6.000   0.000   0.000   0.227   0.773   0.000   0.000   0.000   0.000   0.000   0.000
   0.078   6.000   0.000   0.000   0.227   0.773   0.000   0.000   0.000   0.000   0.000   0.000
   0.078   6.000   0.000   0.000   0.226   0.773   0.000   0.000   0.000   0.000   0.000   0.000
   0.079   6.000   0.000   0.000   0.226   0.774   0.000   0.000   0.000   0.000   0.000   0.000
   0.079   6.000   0.000   0.000   0.226   0.774   0.000   0.000   0.000   0.000   0.000   0.000
   0.080   6.000   0.000   0.000   0.226   0.774   0.000   0.000   0.000   0.000   0.000   0.000
   0.080   6.000   0.000   0.000   0.226   0.774   0.000   0.000   0.000   0.000   0.000   0.000
   0.081   6.000   0.000   0.000   0.225   0.774   0.000   0.000   0.000   0.000   0.000   0.000
   0.081   6.000   0.000   0.000   0.225   0.775   0.000   0.000   0.000   0.000   0.000   0.000
   0.082   6.000   0.000   0.000   0.225   0.775   0.000   0.000   0.000   0.000   0.000   0.000
   0.082   6.000   0.000   0.000   0.225   0.775   0.000   0.000   0.000   0.000   0.000   0.000
   0.083   6.000   0.000   0.000   0.225   0.775   0.000   0.000   0.000   0.000   0.000   0.000
   0.083   6.000   0.000   0.000   0.225   0.775   0.000   0.000   0.000   0.000   0.000   0.000
   0.084   6.000   0.000   0.000   0.224   0.776   0.000   0.000   0.000   0.000   0.000   0.000
   0.084   6.000   0.000   0.000   0.224   0.776   0.000   0.000   0.000   0.000   0.000   0.000
   0.085   6.000   0.000   0.000   0.224   0.776   0.000   0.000   0.000   0.000   0.000   0.000
   0.085   6.000   0.000   0.000   0.224   0.776   0.000   0.000   0.000   0.000   0.000   0.000
   0.086   6.000   0.000   0.000   0.224   0.776   0.000   0.000   0.000   0.000   0.000   0.000
   0.086   6.000   0.000   0.000   0.223   0.777   0.000   0.000   0.000   0.000   0.000   0.000
   0.087   6.000   0.000   0.000   0.223   0.777   0.000   0.000   0.000   0.000   0.000   0.000
   0.087   6.000   0.000   0.000   0.223   0.777   0.000   0.000   0.000   0.000   0.000   0.000
   0.088   6.000   0.000   0.000   0.223   0.777   0.000   0.000   0.000   0.000   0.000   0.000
   0.088   6.000   0.000   0.000   0.223   0.777   0.000   0.000   0.000   0.000   0.000   0.000
   0.089   6.000   0.000   0.000   0.222   0.778   0.000   0.000   0.000   0.000   0.000   0.000
   0.089   6.000   0.000   0.000   0.222   0.778   0.000   0.000   0.000   0.000   0.000   0.000
   0.090   6.000   0.000   0.000   0.222   0.778   0.000   0.000   0.000   0.000   0.000   0.000
   0.090   6.000   0.000   0.000   0.222   0.778   0.000   0.000   0.000   0.000   0.000   0.000
   0.091   6.000   0.000   0.000   0.222   0.778   0.000   0.000   0.000   0.000   0.000   0.000
   0.091   6.000   0.000   0.000   0.221   0.779   0.000   0.000   0.000   0.000   0.000   0.000
   0.092   6.000   0.000   0.000   0.221   0.779   0.000   0.000   0.000   0.000   0.000   0.000
   0.092   6.000   0.000   0.000   0.221   0.779   0.000   0.000   0.000   0.000   0.000   0.000
   0.093   6.000   0.000   0.000   0.221   0.779   0.000   0.000   0.000   0.000   0.000   0.000
   0.093   6.000   0.000   0.000   0.221   0.779   0.000   0.000   0.000   0.000   0.000   0.000
   0.094   6.000   0.000   0.000   0.220   0.780   0.000   0.000   0.000   0.000   0.000   0.000
   0.094   6.000   0.000   0.000   0.220   0.780   0.000   0.000   0.000   0.000   0.000   0.000
   0.095   6.000   0.000   0.000   0.220   0.780   0.000   0.000   0.000   0.000   0.000   0.000
   0.095   6.000   0.000   0.000   0.220   0.780   0.000   0.000   0.000   0.000   0.000   0.000
   0.096   6.000   0.000   0.000   0.220   0.780   0.000   0.000   0.000   0.000   0.000   0.000
   0.096   6.000   0.000   0.000   0.219   0.781   0.000   0.000   0.000   0.000   0.000   0.000
   0.097   6.000   0.000   0.000   0.219   0.781   0.000   0.000   0.000   0.000   0.000   0.000
   0.097   6.000   0.000   0.000   0.219   0.781   0.000   0.000   0.000   0.000   0.000   0.000
   0.098   6.000   0.000   0.000   0.219   0.781   0.000   0.000   0.000   0.000   0.000   0.000
   0.098   6.000   0.000   0.000   0.219   0.781   0.000   0.000   0.000   0.000   0.000   0.000
   0.099   6.000   0.000   0.000   0.218   0.782   0.000   0.000   0.000   0.000   0.000   0.000
   0.099   6.000   0.000   0.000   0.218   0.782   0.000   0.000   0.000   0.000   0.000   0.000
   0.100   6.000   0.000   0.000   0.218   0.782   0.000   0.000   0.000   0.000   0.000   0.000
   0.100   6.000   0.000   0.000   0.218   0.782   0.000   0.000   0.000   0.000   0.000   0.000
    STEP   AVACS   MODE1   MODE2   MODE3   MODE4
       1   6.000   0.218   0.782   0.000   0.000
       2   6.000   0.230   0.769   0.000   0.000
       3   6.000   0.186   0.813   0.000   0.001
       4   6.000   0.145   0.851   0.000   0.004
       5   5.000   0.200   0.793   0.000   0.007
       6   6.000   0.241   0.752   0.000   0.007
       7   7.000   0.267   0.729   0.000   0.004
       8   5.000   0.257   0.743   0.000   0.000
       9   7.000   0.239   0.760   0.000   0.000
      10   6.000   0.208   0.791   0.001   0.000
      11   5.000   0.217   0.783   0.000   0.000
      12   6.000   0.243   0.757   0.000   0.000
      13   6.000   0.255   0.745   0.000   0.000
      14   6.000   0.249   0.751   0.000   0.000
      15   6.000   0.175   0.824   0.000   0.001
      16   5.000   0.099   0.897   0.000   0.004
      17   5.000   0.151   0.844   0.000   0.005
      18   6.000   0.184   0.814   0.000   0.002
      19   6.000   0.218   0.782   0.000   0.000
      20   6.000   0.230   0.770   0.000   0.000
      21   6.000   0.186   0.814   0.000   0.000
      22   6.000   0.146   0.854   0.001   0.000
      23   5.000   0.203   0.797   0.000   0.000
      24   6.000   0.244   0.756   0.000   0.000
      25   7.000   0.269   0.731   0.000   0.000
      26   5.000   0.257   0.743   0.000   0.000
      27   7.000   0.239   0.760   0.000   0.001
      28   6.000   0.208   0.789   0.000   0.003
      29   5.000   0.214   0.780   0.000   0.006
      30   6.000   0.241   0.755   0.000   0.004
      31   6.000   0.255   0.745   0.000   0.000
      32   6.000   0.249   0.751   0.000   0.000
      33   6.000   0.175   0.825   0.000   0.000
      34   5.000   0.101   0.899   0.000   0.000
      35   5.000   0.153   0.847   0.000   0.000
      36   6.000   0.185   0.815   0.000   0.000
  STRAIN   AVACS   PRITW   SECTW   MODE1   MODE2   MODE3   MODE4   TWFR3   EFFR3   TWFR4   EFFR4
   0.100   6.000   0.000   0.000   0.218   0.782   0.000   0.000   0.000   0.000   0.000   0.000
   0.101   6.000   0.000   0.000   0.217   0.782   0.000   0.000   0.000   0.000   0.000   0.000
   0.101   6.000   0.000   0.000   0.217   0.783   0.000   0.000   0.000   0.000   0.000   0.000
   0.102   6.000   0.000   0.000   0.217   0.783   0.000   0.000   0.000   0.000   0.000   0.000
   0.102   6.000   0.000   0.000   0.217   0.783   0.000   0.000   0.000   0.000   0.000   0.000
   0.103   6.000   0.000   0.000   0.217   0.783   0.000   0.000   0.000   0.000   0.000   0.000
   0.103   6.000   0.000   0.000   0.216   0.783   0.000   0.000   0.000   0.000   0.000   0.000
   0.104   6.000   0.000   0.000   0.216   0.784   0.000   0.000   0.000   0.000   0.000   0.000
   0.104   6.000   0.000   0.000   0.216   0.784   0.000   0.000   0.000   0.000   0.000   0.000
   0.105   6.000   0.000   0.000   0.216   0.784   0.000   0.000   0.000   0.000   0.000   0.000
   0.105   6.000   0.000   0.000   0.216   0.784   0.000   0.000   0.000   0.000   0.000   0.000
   0.106   6.000   0.000   0.000   0.215   0.785   0.000   0.000   0.000   0.000   0.000   0.000
   0.106   6.000   0.000   0.000   0.215   0.785   0.000   0.000   0.000   0.000   0.000   0.000
   0.107   6.000   0.000   0.000   0.215   0.785   0.000   0.000   0.000   0.000   0.000   0.000
   0.107   6.000   0.000   0.000   0.215   0.785   0.000   0.000   0.000   0.000   0.000   0.000
   0.108   6.000   0.000   0.000   0.214   0.785   0.000   0.000   0.000   0.000   0.000   0.000
   0.108   6.000   0.000   0.000   0.214   0.786   0.000   0.000   0.000   0.000   0.000   0.000
   0.109   6.000   0.000   0.000   0.214   0.786   0.000   0.000   0.000   0.000   0.000   0.000
   0.109   6.000   0.000   0.000   0.214   0.786   0.000   0.000   0.000   0.000   0.000   0.000
   0.110   6.000   0.000   0.000   0.214   0.786   0.000   0.000   0.000   0.000   0.000   0.000
   0.110   6.000   0.000   0.000   0.213   0.787   0.000   0.000   0.000   0.000   0.000   0.000
   0.111   6.000   0.000   0.000   0.213   0.787   0.000   0.000   0.000   0.000   0.000   0.000
   0.111   6.000   0.000   0.000   0.213   0.787   0.000   0.000   0.000   0.000   0.000   0.000
   0.112   6.000   0.000   0.000   0.213   0.787   0.000   0.000   0.000   0.000   0.000   0.000
   0.112   6.000   0.000   0.000   0.212   0.788   0.000   0.000   0.000   0.000   0.000   0.000
   0.113   6.000   0.000   0.000   0.212   0.788   0.000   0.000   0.000   0.000   0.000   0.000
   0.113   6.000   0.000   0.000   0.212   0.788   0.000   0.000   0.000   0.000   0.000   0.000
   0.114   6.000   0.000   0.000   0.212   0.788   0.000   0.000   0.000   0.000   0.000   0.000
   0.114   6.000   0.000   0.000   0.212   0.788   0.000   0.000   0.000   0.000   0.000   0.000
   0.115   6.000   0.000   0.000   0.211   0.789   0.000   0.000   0.000   0.000   0.000   0.000
   0.115   6.000   0.000   0.000   0.211   0.789   0.000   0.000   0.000   0.000   0.000   0.000
   0.116   6.000   0.000   0.000   0.211   0.789   0.000   0.000   0.000   0.000   0.000   0.000
   0.116   6.000   0.000   0.000   0.211   0.789   0.000   0.000   0.000   0.000   0.000   0.000
   0.117   6.000   0.000   0.000   0.210   0.790   0.000   0.000   0.000   0.000   0.000   0.000
   0.117   6.000   0.000   0.000   0.210   0.790   0.000   0.000   0.000   0.000   0.000   0.000
   0.118   6.000   0.000   0.000   0.210   0.790   0.000   0.000   0.000   0.000   0.000   0.000
   0.118   6.000   0.000   0.000   0.210   0.790   0.000   0.000   0.000   0.000   0.000   0.000
   0.119   6.000   0.000   0.000   0.209   0.791   0.000   0.000   0.000   0.000   0.000   0.000
   0.119   6.000   0.000   0.000   0.209   0.791   0.000   0.000   0.000   0.000   0.000   0.000
   0.120   6.000   0.000   0.000   0.209   0.791   0.000   0.000   0.000   0.000   0.000   0.000
   0.120   6.000   0.000   0.000   0.209   0.791   0.000   0.000   0.000   0.000   0.000   0.000
   0.121   6.000   0.000   0.000   0.208   0.791   0.000   0.000   0.000   0.000   0.000   0.000
   0.121   6.000   0.000   0.000   0.208   0.792   0.000   0.000   0.000   0.000   0.000   0.000
   0.122   6.000   0.000   0.000   0.208   0.792   0.000   0.000   0.000   0.000   0.000   0.000
   0.122   6.000   0.000   0.000   0.208   0.792   0.000   0.000   0.000   0.000   0.000   0.000
   0.123   6.000   0.000   0.000   0.207   0.792   0.000   0.000   0.000   0.000   0.000   0.000
   0.123   6.000   0.000   0.000   0.207   0.793   0.000   0.000   0.000   0.000   0.000   0.000
   0.124   6.000   0.000   0.000   0.207   0.793   0.000   0.000   0.000   0.000   0.000   0.000
   0.124   6.000   0.000   0.000   0.207   0.793   0.000   0.000   0.000   0.000   0.000   0.000
   0.125   6.000   0.000   0.000   0.207   0.793   0.000   0.000   0.000   0.000   0.000   0.000
   0.125   6.000   0.000   0.000   0.206   0.794   0.000   0.000   0.000   0.000   0.000   0.000
    STEP   AVACS   MODE1   MODE2   MODE3   MODE4
       1   6.000   0.206   0.793   0.000   0.000
       2   7.000   0.221   0.779   0.000   0.000
       3   6.000   0.180   0.819   0.000   0.001
       4   6.000   0.135   0.862   0.000   0.002
       5   6.000   0.206   0.788   0.000   0.005
       6   7.000   0.250   0.745   0.000   0.005
       7   7.000   0.278   0.719   0.000   0.003
       8   5.000   0.263   0.737   0.000   0.000
       9   7.000   0.244   0.755   0.000   0.000
      10   6.000   0.208   0.791   0.001   0.000
      11   5.000   0.217   0.783   0.000   0.000
      12   5.000   0.238   0.762   0.000   0.000
      13   7.000   0.258   0.742   0.000   0.000
      14   7.000   0.241   0.759   0.000   0.000
      15   6.000   0.155   0.845   0.000   0.000
      16   4.000   0.083   0.914   0.000   0.003
      17   5.000   0.133   0.864   0.000   0.003
      18   5.000   0.166   0.834   0.000   0.001
      19   6.000   0.206   0.794   0.000   0.000
      20   7.000   0.221   0.779   0.000   0.000
      21   6.000   0.180   0.819   0.001   0.000
      22   6.000   0.135   0.864   0.002   0.000
      23   6.000   0.208   0.792   0.000   0.000
      24   7.000   0.252   0.748   0.000   0.000
      25   7.000   0.279   0.721   0.000   0.000
      26   5.000   0.263   0.737   0.000   0.000
      27   7.000   0.244   0.755   0.000   0.001
      28   6.000   0.209   0.789   0.000   0.002
      29   5.000   0.215   0.781   0.000   0.004
      30   5.000   0.237   0.761   0.000   0.002
      31   7.000   0.258   0.742   0.000   0.000
      32   7.000   0.241   0.759   0.000   0.000
      33   6.000   0.155   0.845   0.000   0.000
      34   4.000   0.084   0.916   0.000   0.000
      35   5.000   0.135   0.865   0.000   0.000
      36   5.000   0.166   0.834   0.000   0.000
