          Evm          Svm            E11          E22          E33          E23          E13          E12         SDEV11       SDEV22       SDEV33       SDEV23       SDEV13       SDEV12      TEMP
  0.00000E+00  0.46893E+03    0.00000E+00  0.00000E+00  0.00000E+00  0.00000E+00  0.00000E+00  0.00000E+00   -0.22244E+02 -0.25795E+03  0.28020E+03  0.61896E+01 -0.14476E+02 -0.16728E+02      298.00
  0.44814E-03  0.47891E+03   -0.25000E-03 -0.25000E-03  0.50000E-03  0.00000E+00  0.00000E+00  0.00000E+00   -0.24570E+02 -0.26239E+03  0.28696E+03  0.52099E+01 -0.15595E+02 -0.16800E+02      298.00
  0.89753E-03  0.48871E+03   -0.50000E-03 -0.50000E-03  0.10000E-02  0.00000E+00  0.00000E+00  0.00000E+00   -0.26616E+02 -0.26689E+03  0.29350E+03  0.43268E+01 -0.16475E+02 -0.16790E+02      298.00
  0.13480E-02  0.49832E+03   -0.75000E-03 -0.75000E-03  0.15000E-02  0.00000E+00  0.00000E+00  0.00000E+00   -0.28426E+02 -0.27140E+03  0.29982E+03  0.35240E+01 -0.17314E+02 -0.16857E+02      298.00
  0.17992E-02  0.50766E+03   -0.10000E-02 -0.10000E-02  0.20000E-02  0.00000E+00  0.00000E+00  0.00000E+00   -0.30052E+02 -0.27585E+03  0.30590E+03  0.28225E+01 -0.18027E+02 -0.17002E+02      298.00
  0.22511E-02  0.51722E+03   -0.12500E-02 -0.12500E-02  0.25000E-02  0.00000E+00  0.00000E+00  0.00000E+00   -0.31466E+02 -0.28054E+03  0.31201E+03  0.21437E+01 -0.18702E+02 -0.17146E+02      298.00
  0.27036E-02  0.52649E+03   -0.15000E-02 -0.15000E-02  0.30000E-02  0.00000E+00  0.00000E+00  0.00000E+00   -0.32725E+02 -0.28516E+03  0.31789E+03  0.15112E+01 -0.19325E+02 -0.17303E+02      298.00
  0.31564E-02  0.53537E+03   -0.17500E-02 -0.17500E-02  0.35000E-02  0.00000E+00  0.00000E+00  0.00000E+00   -0.33850E+02 -0.28964E+03  0.32349E+03  0.92601E+00 -0.19887E+02 -0.17479E+02      298.00
  0.36096E-02  0.54418E+03   -0.20000E-02 -0.20000E-02  0.40000E-02  0.00000E+00  0.00000E+00  0.00000E+00   -0.34870E+02 -0.29412E+03  0.32899E+03  0.39207E+00 -0.20365E+02 -0.17689E+02      298.00
  0.40630E-02  0.55290E+03   -0.22500E-02 -0.22500E-02  0.45000E-02  0.00000E+00  0.00000E+00  0.00000E+00   -0.35791E+02 -0.29862E+03  0.33441E+03 -0.10877E+00 -0.20839E+02 -0.17969E+02      298.00
  0.45166E-02  0.56115E+03   -0.25000E-02 -0.25000E-02  0.50000E-02  0.00000E+00  0.00000E+00  0.00000E+00   -0.36639E+02 -0.30289E+03  0.33952E+03 -0.57227E+00 -0.21259E+02 -0.18239E+02      298.00
  0.49704E-02  0.56961E+03   -0.27500E-02 -0.27500E-02  0.55000E-02  0.00000E+00  0.00000E+00  0.00000E+00   -0.37389E+02 -0.30733E+03  0.34472E+03 -0.10283E+01 -0.21607E+02 -0.18509E+02      298.00
  0.54243E-02  0.57772E+03   -0.30000E-02 -0.30000E-02  0.60000E-02  0.00000E+00  0.00000E+00  0.00000E+00   -0.38069E+02 -0.31162E+03  0.34969E+03 -0.14781E+01 -0.21933E+02 -0.18741E+02      298.00
  0.58783E-02  0.58589E+03   -0.32500E-02 -0.32500E-02  0.65000E-02  0.00000E+00  0.00000E+00  0.00000E+00   -0.38692E+02 -0.31597E+03  0.35467E+03 -0.19049E+01 -0.22211E+02 -0.19025E+02      298.00
  0.63323E-02  0.59360E+03   -0.35000E-02 -0.35000E-02  0.70000E-02  0.00000E+00  0.00000E+00  0.00000E+00   -0.39282E+02 -0.32008E+03  0.35936E+03 -0.23166E+01 -0.22532E+02 -0.19329E+02      298.00
  0.67863E-02  0.60164E+03   -0.37500E-02 -0.37500E-02  0.75000E-02  0.00000E+00  0.00000E+00  0.00000E+00   -0.39784E+02 -0.32443E+03  0.36422E+03 -0.27501E+01 -0.22739E+02 -0.19572E+02      298.00
  0.72404E-02  0.60910E+03   -0.40000E-02 -0.40000E-02  0.80000E-02  0.00000E+00  0.00000E+00  0.00000E+00   -0.40289E+02 -0.32844E+03  0.36873E+03 -0.31512E+01 -0.23018E+02 -0.19884E+02      298.00
  0.76944E-02  0.61666E+03   -0.42500E-02 -0.42500E-02  0.85000E-02  0.00000E+00  0.00000E+00  0.00000E+00   -0.40737E+02 -0.33255E+03  0.37329E+03 -0.35679E+01 -0.23260E+02 -0.20179E+02      298.00
  0.81484E-02  0.62430E+03   -0.45000E-02 -0.45000E-02  0.90000E-02  0.00000E+00  0.00000E+00  0.00000E+00   -0.41135E+02 -0.33674E+03  0.37788E+03 -0.39916E+01 -0.23393E+02 -0.20420E+02      298.00
  0.86024E-02  0.63140E+03   -0.47500E-02 -0.47500E-02  0.95000E-02  0.00000E+00  0.00000E+00  0.00000E+00   -0.41550E+02 -0.34059E+03  0.38214E+03 -0.43901E+01 -0.23629E+02 -0.20738E+02      298.00
  0.90563E-02  0.63860E+03   -0.50000E-02 -0.50000E-02  0.10000E-01  0.00000E+00  0.00000E+00  0.00000E+00   -0.41918E+02 -0.34454E+03  0.38646E+03 -0.48070E+01 -0.23818E+02 -0.21031E+02      298.00
  0.95101E-02  0.64569E+03   -0.52500E-02 -0.52500E-02  0.10500E-01  0.00000E+00  0.00000E+00  0.00000E+00   -0.42267E+02 -0.34842E+03  0.39069E+03 -0.52260E+01 -0.23992E+02 -0.21322E+02      298.00
  0.99640E-02  0.65284E+03   -0.55000E-02 -0.55000E-02  0.11000E-01  0.00000E+00  0.00000E+00  0.00000E+00   -0.42579E+02 -0.35238E+03  0.39496E+03 -0.56562E+01 -0.24062E+02 -0.21559E+02      298.00
  0.10418E-01  0.65950E+03   -0.57500E-02 -0.57500E-02  0.11500E-01  0.00000E+00  0.00000E+00  0.00000E+00   -0.42917E+02 -0.35603E+03  0.39894E+03 -0.60676E+01 -0.24262E+02 -0.21878E+02      298.00
  0.10871E-01  0.66624E+03   -0.60000E-02 -0.60000E-02  0.12000E-01  0.00000E+00  0.00000E+00  0.00000E+00   -0.43219E+02 -0.35974E+03  0.40296E+03 -0.64986E+01 -0.24404E+02 -0.22165E+02      298.00
  0.11325E-01  0.67288E+03   -0.62500E-02 -0.62500E-02  0.12500E-01  0.00000E+00  0.00000E+00  0.00000E+00   -0.43510E+02 -0.36341E+03  0.40692E+03 -0.69344E+01 -0.24536E+02 -0.22449E+02      298.00
  0.11779E-01  0.67941E+03   -0.65000E-02 -0.65000E-02  0.13000E-01  0.00000E+00  0.00000E+00  0.00000E+00   -0.43791E+02 -0.36701E+03  0.41080E+03 -0.73756E+01 -0.24659E+02 -0.22730E+02      298.00
  0.12232E-01  0.68584E+03   -0.67500E-02 -0.67500E-02  0.13500E-01  0.00000E+00  0.00000E+00  0.00000E+00   -0.44063E+02 -0.37056E+03  0.41463E+03 -0.78226E+01 -0.24774E+02 -0.23009E+02      298.00
  0.12685E-01  0.69216E+03   -0.70000E-02 -0.70000E-02  0.14000E-01  0.00000E+00  0.00000E+00  0.00000E+00   -0.44327E+02 -0.37406E+03  0.41839E+03 -0.82757E+01 -0.24882E+02 -0.23285E+02      298.00
  0.13139E-01  0.69839E+03   -0.72500E-02 -0.72500E-02  0.14500E-01  0.00000E+00  0.00000E+00  0.00000E+00   -0.44585E+02 -0.37750E+03  0.42209E+03 -0.87349E+01 -0.24984E+02 -0.23558E+02      298.00
  0.13592E-01  0.70451E+03   -0.75000E-02 -0.75000E-02  0.15000E-01  0.00000E+00  0.00000E+00  0.00000E+00   -0.44836E+02 -0.38089E+03  0.42572E+03 -0.92007E+01 -0.25080E+02 -0.23829E+02      298.00
  0.14045E-01  0.71054E+03   -0.77500E-02 -0.77500E-02  0.15500E-01  0.00000E+00  0.00000E+00  0.00000E+00   -0.45082E+02 -0.38422E+03  0.42930E+03 -0.96729E+01 -0.25170E+02 -0.24096E+02      298.00
  0.14498E-01  0.71647E+03   -0.80000E-02 -0.80000E-02  0.16000E-01  0.00000E+00  0.00000E+00  0.00000E+00   -0.45324E+02 -0.38750E+03  0.43282E+03 -0.10152E+02 -0.25256E+02 -0.24361E+02      298.00
  0.14952E-01  0.72230E+03   -0.82500E-02 -0.82500E-02  0.16500E-01  0.00000E+00  0.00000E+00  0.00000E+00   -0.45562E+02 -0.39073E+03  0.43629E+03 -0.10637E+02 -0.25336E+02 -0.24623E+02      298.00
  0.15405E-01  0.72805E+03   -0.85000E-02 -0.85000E-02  0.17000E-01  0.00000E+00  0.00000E+00  0.00000E+00   -0.45796E+02 -0.39390E+03  0.43970E+03 -0.11130E+02 -0.25412E+02 -0.24882E+02      298.00
  0.15858E-01  0.73370E+03   -0.87500E-02 -0.87500E-02  0.17500E-01  0.00000E+00  0.00000E+00  0.00000E+00   -0.46027E+02 -0.39703E+03  0.44305E+03 -0.11629E+02 -0.25484E+02 -0.25138E+02      298.00
  0.16310E-01  0.73926E+03   -0.90000E-02 -0.90000E-02  0.18000E-01  0.00000E+00  0.00000E+00  0.00000E+00   -0.46255E+02 -0.40010E+03  0.44635E+03 -0.12135E+02 -0.25552E+02 -0.25390E+02      298.00
  0.16763E-01  0.74474E+03   -0.92500E-02 -0.92500E-02  0.18500E-01  0.00000E+00  0.00000E+00  0.00000E+00   -0.46481E+02 -0.40312E+03  0.44960E+03 -0.12647E+02 -0.25615E+02 -0.25640E+02      298.00
  0.17216E-01  0.75013E+03   -0.95000E-02 -0.95000E-02  0.19000E-01  0.00000E+00  0.00000E+00  0.00000E+00   -0.46705E+02 -0.40609E+03  0.45280E+03 -0.13166E+02 -0.25676E+02 -0.25886E+02      298.00
  0.17669E-01  0.75543E+03   -0.97500E-02 -0.97500E-02  0.19500E-01  0.00000E+00  0.00000E+00  0.00000E+00   -0.46927E+02 -0.40902E+03  0.45594E+03 -0.13691E+02 -0.25732E+02 -0.26129E+02      298.00
  0.18121E-01  0.76065E+03   -0.10000E-01 -0.10000E-01  0.20000E-01  0.00000E+00  0.00000E+00  0.00000E+00   -0.47148E+02 -0.41189E+03  0.45904E+03 -0.14223E+02 -0.25785E+02 -0.26370E+02      298.00
  0.18574E-01  0.76578E+03   -0.10250E-01 -0.10250E-01  0.20500E-01  0.00000E+00  0.00000E+00  0.00000E+00   -0.47366E+02 -0.41472E+03  0.46209E+03 -0.14761E+02 -0.25834E+02 -0.26606E+02      298.00
  0.19027E-01  0.77084E+03   -0.10500E-01 -0.10500E-01  0.21000E-01  0.00000E+00  0.00000E+00  0.00000E+00   -0.47584E+02 -0.41750E+03  0.46509E+03 -0.15305E+02 -0.25880E+02 -0.26840E+02      298.00
  0.19479E-01  0.77581E+03   -0.10750E-01 -0.10750E-01  0.21500E-01  0.00000E+00  0.00000E+00  0.00000E+00   -0.47800E+02 -0.42024E+03  0.46804E+03 -0.15856E+02 -0.25922E+02 -0.27070E+02      298.00
  0.19932E-01  0.78070E+03   -0.11000E-01 -0.11000E-01  0.22000E-01  0.00000E+00  0.00000E+00  0.00000E+00   -0.48016E+02 -0.42293E+03  0.47094E+03 -0.16412E+02 -0.25961E+02 -0.27297E+02      298.00
  0.20384E-01  0.78552E+03   -0.11250E-01 -0.11250E-01  0.22500E-01  0.00000E+00  0.00000E+00  0.00000E+00   -0.48230E+02 -0.42557E+03  0.47380E+03 -0.16975E+02 -0.25997E+02 -0.27521E+02      298.00
  0.20836E-01  0.79026E+03   -0.11500E-01 -0.11500E-01  0.23000E-01  0.00000E+00  0.00000E+00  0.00000E+00   -0.48444E+02 -0.42817E+03  0.47661E+03 -0.17543E+02 -0.26030E+02 -0.27742E+02      298.00
  0.21289E-01  0.79493E+03   -0.11750E-01 -0.11750E-01  0.23500E-01  0.00000E+00  0.00000E+00  0.00000E+00   -0.48657E+02 -0.43072E+03  0.47938E+03 -0.18116E+02 -0.26059E+02 -0.27959E+02      298.00
  0.21741E-01  0.79952E+03   -0.12000E-01 -0.12000E-01  0.24000E-01  0.00000E+00  0.00000E+00  0.00000E+00   -0.48869E+02 -0.43324E+03  0.48211E+03 -0.18696E+02 -0.26085E+02 -0.28173E+02      298.00
  0.22193E-01  0.80404E+03   -0.12250E-01 -0.12250E-01  0.24500E-01  0.00000E+00  0.00000E+00  0.00000E+00   -0.49081E+02 -0.43571E+03  0.48479E+03 -0.19280E+02 -0.26108E+02 -0.28384E+02      298.00
  0.22645E-01  0.80849E+03   -0.12500E-01 -0.12500E-01  0.25000E-01  0.00000E+00  0.00000E+00  0.00000E+00   -0.49292E+02 -0.43814E+03  0.48743E+03 -0.19870E+02 -0.26127E+02 -0.28592E+02      298.00
          Evm          Svm            E11          E22          E33          E23          E13          E12         SDEV11       SDEV22       SDEV33       SDEV23       SDEV13       SDEV12      TEMP
  0.22645E-01  0.80851E+03   -0.12500E-01 -0.12500E-01  0.25000E-01  0.00000E+00  0.00000E+00  0.00000E+00   -0.49284E+02 -0.43818E+03  0.48747E+03 -0.19852E+02 -0.25803E+02 -0.28387E+02      298.00
  0.23098E-01  0.81286E+03   -0.12750E-01 -0.12750E-01  0.25500E-01  0.00000E+00  0.00000E+00  0.00000E+00   -0.49503E+02 -0.44052E+03  0.49003E+03 -0.20464E+02 -0.26133E+02 -0.28789E+02      298.00
  0.23550E-01  0.81717E+03   -0.13000E-01 -0.13000E-01  0.26000E-01  0.00000E+00  0.00000E+00  0.00000E+00   -0.49713E+02 -0.44287E+03  0.49258E+03 -0.21065E+02 -0.26156E+02 -0.28996E+02      298.00
  0.24002E-01  0.82141E+03   -0.13250E-01 -0.13250E-01  0.26500E-01  0.00000E+00  0.00000E+00  0.00000E+00   -0.49923E+02 -0.44518E+03  0.49510E+03 -0.21670E+02 -0.26166E+02 -0.29194E+02      298.00
  0.24454E-01  0.82558E+03   -0.13500E-01 -0.13500E-01  0.27000E-01  0.00000E+00  0.00000E+00  0.00000E+00   -0.50132E+02 -0.44744E+03  0.49758E+03 -0.22280E+02 -0.26173E+02 -0.29389E+02      298.00
  0.24906E-01  0.82969E+03   -0.13750E-01 -0.13750E-01  0.27500E-01  0.00000E+00  0.00000E+00  0.00000E+00   -0.50341E+02 -0.44967E+03  0.50001E+03 -0.22895E+02 -0.26176E+02 -0.29580E+02      298.00
  0.25358E-01  0.83402E+03   -0.14000E-01 -0.14000E-01  0.28000E-01  0.00000E+00  0.00000E+00  0.00000E+00   -0.50549E+02 -0.45204E+03  0.50259E+03 -0.23527E+02 -0.26120E+02 -0.29784E+02      298.00
  0.25810E-01  0.83765E+03   -0.14250E-01 -0.14250E-01  0.28500E-01  0.00000E+00  0.00000E+00  0.00000E+00   -0.50762E+02 -0.45398E+03  0.50474E+03 -0.24140E+02 -0.26251E+02 -0.29981E+02      298.00
  0.26262E-01  0.84190E+03   -0.14500E-01 -0.14500E-01  0.29000E-01  0.00000E+00  0.00000E+00  0.00000E+00   -0.50967E+02 -0.45629E+03  0.50726E+03 -0.24776E+02 -0.26103E+02 -0.30149E+02      298.00
  0.26714E-01  0.84541E+03   -0.14750E-01 -0.14750E-01  0.29500E-01  0.00000E+00  0.00000E+00  0.00000E+00   -0.51178E+02 -0.45817E+03  0.50935E+03 -0.25398E+02 -0.26222E+02 -0.30333E+02      298.00
  0.27166E-01  0.84952E+03   -0.15000E-01 -0.15000E-01  0.30000E-01  0.00000E+00  0.00000E+00  0.00000E+00   -0.51383E+02 -0.46041E+03  0.51179E+03 -0.26042E+02 -0.26072E+02 -0.30500E+02      298.00
  0.27617E-01  0.85267E+03   -0.15250E-01 -0.15250E-01  0.30500E-01  0.00000E+00  0.00000E+00  0.00000E+00   -0.51635E+02 -0.46205E+03  0.51368E+03 -0.26622E+02 -0.26172E+02 -0.30683E+02      298.00
  0.28069E-01  0.85691E+03   -0.15500E-01 -0.15500E-01  0.31000E-01  0.00000E+00  0.00000E+00  0.00000E+00   -0.51799E+02 -0.46439E+03  0.51619E+03 -0.27323E+02 -0.26027E+02 -0.30840E+02      298.00
  0.28521E-01  0.85996E+03   -0.15750E-01 -0.15750E-01  0.31500E-01  0.00000E+00  0.00000E+00  0.00000E+00   -0.52049E+02 -0.46597E+03  0.51802E+03 -0.27912E+02 -0.26118E+02 -0.31012E+02      298.00
  0.28973E-01  0.86352E+03   -0.16000E-01 -0.16000E-01  0.32000E-01  0.00000E+00  0.00000E+00  0.00000E+00   -0.52255E+02 -0.46787E+03  0.52013E+03 -0.28565E+02 -0.26105E+02 -0.31180E+02      298.00
  0.29425E-01  0.86702E+03   -0.16250E-01 -0.16250E-01  0.32500E-01  0.00000E+00  0.00000E+00  0.00000E+00   -0.52460E+02 -0.46975E+03  0.52221E+03 -0.29222E+02 -0.26083E+02 -0.31343E+02      298.00
  0.29876E-01  0.87047E+03   -0.16500E-01 -0.16500E-01  0.33000E-01  0.00000E+00  0.00000E+00  0.00000E+00   -0.52665E+02 -0.47159E+03  0.52426E+03 -0.29881E+02 -0.26058E+02 -0.31503E+02      298.00
  0.30328E-01  0.87386E+03   -0.16750E-01 -0.16750E-01  0.33500E-01  0.00000E+00  0.00000E+00  0.00000E+00   -0.52870E+02 -0.47340E+03  0.52627E+03 -0.30544E+02 -0.26027E+02 -0.31659E+02      298.00
  0.30780E-01  0.87720E+03   -0.17000E-01 -0.17000E-01  0.34000E-01  0.00000E+00  0.00000E+00  0.00000E+00   -0.53075E+02 -0.47518E+03  0.52826E+03 -0.31210E+02 -0.25993E+02 -0.31812E+02      298.00
  0.31231E-01  0.88049E+03   -0.17250E-01 -0.17250E-01  0.34500E-01  0.00000E+00  0.00000E+00  0.00000E+00   -0.53279E+02 -0.47693E+03  0.53021E+03 -0.31879E+02 -0.25954E+02 -0.31961E+02      298.00
  0.31683E-01  0.88372E+03   -0.17500E-01 -0.17500E-01  0.35000E-01  0.00000E+00  0.00000E+00  0.00000E+00   -0.53484E+02 -0.47864E+03  0.53213E+03 -0.32551E+02 -0.25911E+02 -0.32107E+02      298.00
  0.32135E-01  0.88691E+03   -0.17750E-01 -0.17750E-01  0.35500E-01  0.00000E+00  0.00000E+00  0.00000E+00   -0.53688E+02 -0.48033E+03  0.53402E+03 -0.33226E+02 -0.25864E+02 -0.32249E+02      298.00
  0.32586E-01  0.89004E+03   -0.18000E-01 -0.18000E-01  0.36000E-01  0.00000E+00  0.00000E+00  0.00000E+00   -0.53893E+02 -0.48199E+03  0.53588E+03 -0.33903E+02 -0.25813E+02 -0.32388E+02      298.00
  0.33038E-01  0.89312E+03   -0.18250E-01 -0.18250E-01  0.36500E-01  0.00000E+00  0.00000E+00  0.00000E+00   -0.54097E+02 -0.48361E+03  0.53771E+03 -0.34583E+02 -0.25758E+02 -0.32523E+02      298.00
  0.33489E-01  0.89615E+03   -0.18500E-01 -0.18500E-01  0.37000E-01  0.00000E+00  0.00000E+00  0.00000E+00   -0.54301E+02 -0.48521E+03  0.53951E+03 -0.35266E+02 -0.25699E+02 -0.32656E+02      298.00
  0.33941E-01  0.89913E+03   -0.18750E-01 -0.18750E-01  0.37500E-01  0.00000E+00  0.00000E+00  0.00000E+00   -0.54505E+02 -0.48678E+03  0.54128E+03 -0.35952E+02 -0.25636E+02 -0.32785E+02      298.00
  0.34392E-01  0.90208E+03   -0.19000E-01 -0.19000E-01  0.38000E-01  0.00000E+00  0.00000E+00  0.00000E+00   -0.54708E+02 -0.48832E+03  0.54303E+03 -0.36641E+02 -0.25568E+02 -0.32911E+02      298.00
  0.34844E-01  0.90496E+03   -0.19250E-01 -0.19250E-01  0.38500E-01  0.00000E+00  0.00000E+00  0.00000E+00   -0.54912E+02 -0.48984E+03  0.54475E+03 -0.37331E+02 -0.25497E+02 -0.33034E+02      298.00
  0.35295E-01  0.90781E+03   -0.19500E-01 -0.19500E-01  0.39000E-01  0.00000E+00  0.00000E+00  0.00000E+00   -0.55116E+02 -0.49132E+03  0.54644E+03 -0.38023E+02 -0.25422E+02 -0.33154E+02      298.00
  0.35747E-01  0.91060E+03   -0.19750E-01 -0.19750E-01  0.39500E-01  0.00000E+00  0.00000E+00  0.00000E+00   -0.55319E+02 -0.49278E+03  0.54810E+03 -0.38718E+02 -0.25344E+02 -0.33270E+02      298.00
  0.36198E-01  0.91336E+03   -0.20000E-01 -0.20000E-01  0.40000E-01  0.00000E+00  0.00000E+00  0.00000E+00   -0.55523E+02 -0.49421E+03  0.54973E+03 -0.39414E+02 -0.25262E+02 -0.33384E+02      298.00
  0.36649E-01  0.91606E+03   -0.20250E-01 -0.20250E-01  0.40500E-01  0.00000E+00  0.00000E+00  0.00000E+00   -0.55726E+02 -0.49562E+03  0.55134E+03 -0.40113E+02 -0.25177E+02 -0.33495E+02      298.00
  0.37101E-01  0.91873E+03   -0.20500E-01 -0.20500E-01  0.41000E-01  0.00000E+00  0.00000E+00  0.00000E+00   -0.55930E+02 -0.49700E+03  0.55293E+03 -0.40814E+02 -0.25087E+02 -0.33602E+02      298.00
  0.37552E-01  0.92135E+03   -0.20750E-01 -0.20750E-01  0.41500E-01  0.00000E+00  0.00000E+00  0.00000E+00   -0.56133E+02 -0.49835E+03  0.55448E+03 -0.41517E+02 -0.24994E+02 -0.33707E+02      298.00
  0.38004E-01  0.92393E+03   -0.21000E-01 -0.21000E-01  0.42000E-01  0.00000E+00  0.00000E+00  0.00000E+00   -0.56336E+02 -0.49968E+03  0.55602E+03 -0.42222E+02 -0.24898E+02 -0.33809E+02      298.00
  0.38455E-01  0.92647E+03   -0.21250E-01 -0.21250E-01  0.42500E-01  0.00000E+00  0.00000E+00  0.00000E+00   -0.56539E+02 -0.50098E+03  0.55752E+03 -0.42928E+02 -0.24797E+02 -0.33908E+02      298.00
  0.38906E-01  0.92897E+03   -0.21500E-01 -0.21500E-01  0.43000E-01  0.00000E+00  0.00000E+00  0.00000E+00   -0.56742E+02 -0.50227E+03  0.55901E+03 -0.43636E+02 -0.24694E+02 -0.34004E+02      298.00
  0.39358E-01  0.93120E+03   -0.21750E-01 -0.21750E-01  0.43500E-01  0.00000E+00  0.00000E+00  0.00000E+00   -0.56953E+02 -0.50338E+03  0.56034E+03 -0.44323E+02 -0.24683E+02 -0.34103E+02      298.00
  0.39809E-01  0.93363E+03   -0.22000E-01 -0.22000E-01  0.44000E-01  0.00000E+00  0.00000E+00  0.00000E+00   -0.57153E+02 -0.50463E+03  0.56178E+03 -0.45037E+02 -0.24569E+02 -0.34193E+02      298.00
  0.40260E-01  0.93621E+03   -0.22250E-01 -0.22250E-01  0.44500E-01  0.00000E+00  0.00000E+00  0.00000E+00   -0.57321E+02 -0.50596E+03  0.56329E+03 -0.45803E+02 -0.24512E+02 -0.34280E+02      298.00
  0.40711E-01  0.93856E+03   -0.22500E-01 -0.22500E-01  0.45000E-01  0.00000E+00  0.00000E+00  0.00000E+00   -0.57523E+02 -0.50716E+03  0.56468E+03 -0.46518E+02 -0.24381E+02 -0.34359E+02      298.00
  0.41163E-01  0.94134E+03   -0.22750E-01 -0.22750E-01  0.45500E-01  0.00000E+00  0.00000E+00  0.00000E+00   -0.57674E+02 -0.50862E+03  0.56630E+03 -0.47334E+02 -0.24281E+02 -0.34450E+02      298.00
  0.41614E-01  0.94360E+03   -0.23000E-01 -0.23000E-01  0.46000E-01  0.00000E+00  0.00000E+00  0.00000E+00   -0.57877E+02 -0.50976E+03  0.56764E+03 -0.48050E+02 -0.24156E+02 -0.34526E+02      298.00
  0.42065E-01  0.94582E+03   -0.23250E-01 -0.23250E-01  0.46500E-01  0.00000E+00  0.00000E+00  0.00000E+00   -0.58080E+02 -0.51088E+03  0.56896E+03 -0.48768E+02 -0.24018E+02 -0.34597E+02      298.00
  0.42516E-01  0.94801E+03   -0.23500E-01 -0.23500E-01  0.47000E-01  0.00000E+00  0.00000E+00  0.00000E+00   -0.58283E+02 -0.51197E+03  0.57025E+03 -0.49487E+02 -0.23876E+02 -0.34665E+02      298.00
  0.42967E-01  0.95016E+03   -0.23750E-01 -0.23750E-01  0.47500E-01  0.00000E+00  0.00000E+00  0.00000E+00   -0.58486E+02 -0.51305E+03  0.57153E+03 -0.50207E+02 -0.23730E+02 -0.34731E+02      298.00
  0.43418E-01  0.95227E+03   -0.24000E-01 -0.24000E-01  0.48000E-01  0.00000E+00  0.00000E+00  0.00000E+00   -0.58688E+02 -0.51410E+03  0.57279E+03 -0.50928E+02 -0.23581E+02 -0.34794E+02      298.00
  0.43870E-01  0.95455E+03   -0.24250E-01 -0.24250E-01  0.48500E-01  0.00000E+00  0.00000E+00  0.00000E+00   -0.58898E+02 -0.51523E+03  0.57412E+03 -0.51668E+02 -0.23501E+02 -0.35000E+02      298.00
  0.44321E-01  0.95644E+03   -0.24500E-01 -0.24500E-01  0.49000E-01  0.00000E+00  0.00000E+00  0.00000E+00   -0.59086E+02 -0.51616E+03  0.57525E+03 -0.52386E+02 -0.23326E+02 -0.34936E+02      298.00
  0.44772E-01  0.95861E+03   -0.24750E-01 -0.24750E-01  0.49500E-01  0.00000E+00  0.00000E+00  0.00000E+00   -0.59299E+02 -0.51723E+03  0.57653E+03 -0.53122E+02 -0.23225E+02 -0.35129E+02      298.00
  0.45223E-01  0.96078E+03   -0.25000E-01 -0.25000E-01  0.50000E-01  0.00000E+00  0.00000E+00  0.00000E+00   -0.59457E+02 -0.51834E+03  0.57779E+03 -0.53909E+02 -0.23057E+02 -0.35107E+02      298.00
          Evm          Svm            E11          E22          E33          E23          E13          E12         SDEV11       SDEV22       SDEV33       SDEV23       SDEV13       SDEV12      TEMP
  0.45223E-01  0.96018E+03   -0.25000E-01 -0.25000E-01  0.50000E-01  0.00000E+00  0.00000E+00  0.00000E+00   -0.59541E+02 -0.51798E+03  0.57752E+03 -0.53734E+02 -0.22698E+02 -0.34962E+02      298.00
  0.45674E-01  0.96199E+03   -0.25250E-01 -0.25250E-01  0.50500E-01  0.00000E+00  0.00000E+00  0.00000E+00   -0.59789E+02 -0.51880E+03  0.57858E+03 -0.54426E+02 -0.22904E+02 -0.35309E+02      298.00
  0.46125E-01  0.96452E+03   -0.25500E-01 -0.25500E-01  0.51000E-01  0.00000E+00  0.00000E+00  0.00000E+00   -0.59895E+02 -0.52013E+03  0.58002E+03 -0.55317E+02 -0.22766E+02 -0.35302E+02      298.00
  0.46576E-01  0.96639E+03   -0.25750E-01 -0.25750E-01  0.51500E-01  0.00000E+00  0.00000E+00  0.00000E+00   -0.60096E+02 -0.52103E+03  0.58113E+03 -0.56046E+02 -0.22622E+02 -0.35358E+02      298.00
  0.47027E-01  0.96824E+03   -0.26000E-01 -0.26000E-01  0.52000E-01  0.00000E+00  0.00000E+00  0.00000E+00   -0.60297E+02 -0.52193E+03  0.58223E+03 -0.56775E+02 -0.22456E+02 -0.35406E+02      298.00
  0.47478E-01  0.96952E+03   -0.26250E-01 -0.26250E-01  0.52500E-01  0.00000E+00  0.00000E+00  0.00000E+00   -0.60597E+02 -0.52243E+03  0.58303E+03 -0.57351E+02 -0.22361E+02 -0.35568E+02      298.00
  0.47929E-01  0.97131E+03   -0.26500E-01 -0.26500E-01  0.53000E-01  0.00000E+00  0.00000E+00  0.00000E+00   -0.60800E+02 -0.52329E+03  0.58409E+03 -0.58080E+02 -0.22182E+02 -0.35609E+02      298.00
  0.48380E-01  0.97308E+03   -0.26750E-01 -0.26750E-01  0.53500E-01  0.00000E+00  0.00000E+00  0.00000E+00   -0.61001E+02 -0.52414E+03  0.58514E+03 -0.58809E+02 -0.21979E+02 -0.35638E+02      298.00
  0.48831E-01  0.97483E+03   -0.27000E-01 -0.27000E-01  0.54000E-01  0.00000E+00  0.00000E+00  0.00000E+00   -0.61203E+02 -0.52497E+03  0.58618E+03 -0.59537E+02 -0.21765E+02 -0.35661E+02      298.00
  0.49282E-01  0.97654E+03   -0.27250E-01 -0.27250E-01  0.54500E-01  0.00000E+00  0.00000E+00  0.00000E+00   -0.61404E+02 -0.52579E+03  0.58719E+03 -0.60266E+02 -0.21544E+02 -0.35680E+02      298.00
  0.49733E-01  0.97866E+03   -0.27500E-01 -0.27500E-01  0.55000E-01  0.00000E+00  0.00000E+00  0.00000E+00   -0.61467E+02 -0.52690E+03  0.58836E+03 -0.61205E+02 -0.21542E+02 -0.35515E+02      298.00
  0.50184E-01  0.98028E+03   -0.27750E-01 -0.27750E-01  0.55500E-01  0.00000E+00  0.00000E+00  0.00000E+00   -0.61684E+02 -0.52764E+03  0.58933E+03 -0.61918E+02 -0.21358E+02 -0.35592E+02      298.00
  0.50635E-01  0.98191E+03   -0.28000E-01 -0.28000E-01  0.56000E-01  0.00000E+00  0.00000E+00  0.00000E+00   -0.61884E+02 -0.52841E+03  0.59029E+03 -0.62650E+02 -0.21114E+02 -0.35592E+02      298.00
  0.51086E-01  0.98350E+03   -0.28250E-01 -0.28250E-01  0.56500E-01  0.00000E+00  0.00000E+00  0.00000E+00   -0.62088E+02 -0.52915E+03  0.59124E+03 -0.63372E+02 -0.20816E+02 -0.35574E+02      298.00
  0.51537E-01  0.98506E+03   -0.28500E-01 -0.28500E-01  0.57000E-01  0.00000E+00  0.00000E+00  0.00000E+00   -0.62292E+02 -0.52988E+03  0.59217E+03 -0.64092E+02 -0.20482E+02 -0.35537E+02      298.00
  0.51987E-01  0.98659E+03   -0.28750E-01 -0.28750E-01  0.57500E-01  0.00000E+00  0.00000E+00  0.00000E+00   -0.62496E+02 -0.53059E+03  0.59308E+03 -0.64809E+02 -0.20119E+02 -0.35486E+02      298.00
  0.52438E-01  0.98809E+03   -0.29000E-01 -0.29000E-01  0.58000E-01  0.00000E+00  0.00000E+00  0.00000E+00   -0.62700E+02 -0.53128E+03  0.59398E+03 -0.65525E+02 -0.19736E+02 -0.35424E+02      298.00
  0.52889E-01  0.98932E+03   -0.29250E-01 -0.29250E-01  0.58500E-01  0.00000E+00  0.00000E+00  0.00000E+00   -0.62992E+02 -0.53176E+03  0.59475E+03 -0.66120E+02 -0.19457E+02 -0.35643E+02      298.00
  0.53340E-01  0.99077E+03   -0.29500E-01 -0.29500E-01  0.59000E-01  0.00000E+00  0.00000E+00  0.00000E+00   -0.63202E+02 -0.53241E+03  0.59561E+03 -0.66839E+02 -0.19211E+02 -0.35670E+02      298.00
  0.53791E-01  0.99223E+03   -0.29750E-01 -0.29750E-01  0.59500E-01  0.00000E+00  0.00000E+00  0.00000E+00   -0.63403E+02 -0.53306E+03  0.59647E+03 -0.67572E+02 -0.18963E+02 -0.35671E+02      298.00
  0.54242E-01  0.99414E+03   -0.30000E-01 -0.30000E-01  0.60000E-01  0.00000E+00  0.00000E+00  0.00000E+00   -0.63509E+02 -0.53402E+03  0.59753E+03 -0.68472E+02 -0.18775E+02 -0.35607E+02      298.00
  0.54693E-01  0.99553E+03   -0.30250E-01 -0.30250E-01  0.60500E-01  0.00000E+00  0.00000E+00  0.00000E+00   -0.63709E+02 -0.53464E+03  0.59835E+03 -0.69208E+02 -0.18558E+02 -0.35617E+02      298.00
  0.55143E-01  0.99692E+03   -0.30500E-01 -0.30500E-01  0.61000E-01  0.00000E+00  0.00000E+00  0.00000E+00   -0.63907E+02 -0.53525E+03  0.59916E+03 -0.69945E+02 -0.18324E+02 -0.35621E+02      298.00
  0.55594E-01  0.99840E+03   -0.30750E-01 -0.30750E-01  0.61500E-01  0.00000E+00  0.00000E+00  0.00000E+00   -0.64067E+02 -0.53594E+03  0.60000E+03 -0.70744E+02 -0.18165E+02 -0.35583E+02      298.00
  0.56045E-01  0.99972E+03   -0.31000E-01 -0.31000E-01  0.62000E-01  0.00000E+00  0.00000E+00  0.00000E+00   -0.64269E+02 -0.53650E+03  0.60077E+03 -0.71476E+02 -0.17938E+02 -0.35591E+02      298.00
  0.56496E-01  0.10008E+04   -0.31250E-01 -0.31250E-01  0.62500E-01  0.00000E+00  0.00000E+00  0.00000E+00   -0.64490E+02 -0.53695E+03  0.60144E+03 -0.72166E+02 -0.17780E+02 -0.35602E+02      298.00
  0.56946E-01  0.10021E+04   -0.31500E-01 -0.31500E-01  0.63000E-01  0.00000E+00  0.00000E+00  0.00000E+00   -0.64689E+02 -0.53751E+03  0.60220E+03 -0.72903E+02 -0.17538E+02 -0.35605E+02      298.00
  0.57397E-01  0.10034E+04   -0.31750E-01 -0.31750E-01  0.63500E-01  0.00000E+00  0.00000E+00  0.00000E+00   -0.64887E+02 -0.53806E+03  0.60295E+03 -0.73641E+02 -0.17281E+02 -0.35597E+02      298.00
  0.57848E-01  0.10047E+04   -0.32000E-01 -0.32000E-01  0.64000E-01  0.00000E+00  0.00000E+00  0.00000E+00   -0.65085E+02 -0.53859E+03  0.60368E+03 -0.74378E+02 -0.17017E+02 -0.35585E+02      298.00
  0.58298E-01  0.10057E+04   -0.32250E-01 -0.32250E-01  0.64500E-01  0.00000E+00  0.00000E+00  0.00000E+00   -0.65328E+02 -0.53895E+03  0.60428E+03 -0.75039E+02 -0.16834E+02 -0.35624E+02      298.00
  0.58749E-01  0.10069E+04   -0.32500E-01 -0.32500E-01  0.65000E-01  0.00000E+00  0.00000E+00  0.00000E+00   -0.65526E+02 -0.53946E+03  0.60499E+03 -0.75776E+02 -0.16576E+02 -0.35614E+02      298.00
  0.59199E-01  0.10081E+04   -0.32750E-01 -0.32750E-01  0.65500E-01  0.00000E+00  0.00000E+00  0.00000E+00   -0.65723E+02 -0.53996E+03  0.60568E+03 -0.76513E+02 -0.16303E+02 -0.35598E+02      298.00
  0.59650E-01  0.10092E+04   -0.33000E-01 -0.33000E-01  0.66000E-01  0.00000E+00  0.00000E+00  0.00000E+00   -0.65947E+02 -0.54038E+03  0.60633E+03 -0.77220E+02 -0.16088E+02 -0.35642E+02      298.00
  0.60101E-01  0.10103E+04   -0.33250E-01 -0.33250E-01  0.66500E-01  0.00000E+00  0.00000E+00  0.00000E+00   -0.66146E+02 -0.54085E+03  0.60700E+03 -0.77956E+02 -0.15819E+02 -0.35625E+02      298.00
  0.60551E-01  0.10115E+04   -0.33500E-01 -0.33500E-01  0.67000E-01  0.00000E+00  0.00000E+00  0.00000E+00   -0.66343E+02 -0.54131E+03  0.60766E+03 -0.78692E+02 -0.15532E+02 -0.35601E+02      298.00
  0.61002E-01  0.10127E+04   -0.33750E-01 -0.33750E-01  0.67500E-01  0.00000E+00  0.00000E+00  0.00000E+00   -0.66531E+02 -0.54183E+03  0.60836E+03 -0.79467E+02 -0.15287E+02 -0.35628E+02      298.00
  0.61452E-01  0.10138E+04   -0.34000E-01 -0.34000E-01  0.68000E-01  0.00000E+00  0.00000E+00  0.00000E+00   -0.66729E+02 -0.54226E+03  0.60899E+03 -0.80203E+02 -0.15004E+02 -0.35605E+02      298.00
  0.61903E-01  0.10151E+04   -0.34250E-01 -0.34250E-01  0.68500E-01  0.00000E+00  0.00000E+00  0.00000E+00   -0.66896E+02 -0.54280E+03  0.60970E+03 -0.81005E+02 -0.14754E+02 -0.35605E+02      298.00
  0.62353E-01  0.10162E+04   -0.34500E-01 -0.34500E-01  0.69000E-01  0.00000E+00  0.00000E+00  0.00000E+00   -0.67092E+02 -0.54322E+03  0.61031E+03 -0.81741E+02 -0.14470E+02 -0.35580E+02      298.00
  0.62804E-01  0.10172E+04   -0.34750E-01 -0.34750E-01  0.69500E-01  0.00000E+00  0.00000E+00  0.00000E+00   -0.67289E+02 -0.54362E+03  0.61091E+03 -0.82477E+02 -0.14175E+02 -0.35550E+02      298.00
  0.63254E-01  0.10183E+04   -0.35000E-01 -0.35000E-01  0.70000E-01  0.00000E+00  0.00000E+00  0.00000E+00   -0.67463E+02 -0.54408E+03  0.61154E+03 -0.83249E+02 -0.13939E+02 -0.35528E+02      298.00
  0.63705E-01  0.10193E+04   -0.35250E-01 -0.35250E-01  0.70500E-01  0.00000E+00  0.00000E+00  0.00000E+00   -0.67660E+02 -0.54446E+03  0.61212E+03 -0.83985E+02 -0.13652E+02 -0.35499E+02      298.00
  0.64155E-01  0.10203E+04   -0.35500E-01 -0.35500E-01  0.71000E-01  0.00000E+00  0.00000E+00  0.00000E+00   -0.67856E+02 -0.54483E+03  0.61268E+03 -0.84721E+02 -0.13353E+02 -0.35466E+02      298.00
  0.64605E-01  0.10213E+04   -0.35750E-01 -0.35750E-01  0.71500E-01  0.00000E+00  0.00000E+00  0.00000E+00   -0.68049E+02 -0.54517E+03  0.61322E+03 -0.85448E+02 -0.13127E+02 -0.35436E+02      298.00
  0.65056E-01  0.10222E+04   -0.36000E-01 -0.36000E-01  0.72000E-01  0.00000E+00  0.00000E+00  0.00000E+00   -0.68245E+02 -0.54552E+03  0.61377E+03 -0.86184E+02 -0.12831E+02 -0.35404E+02      298.00
  0.65506E-01  0.10232E+04   -0.36250E-01 -0.36250E-01  0.72500E-01  0.00000E+00  0.00000E+00  0.00000E+00   -0.68440E+02 -0.54587E+03  0.61431E+03 -0.86919E+02 -0.12525E+02 -0.35367E+02      298.00
  0.65956E-01  0.10241E+04   -0.36500E-01 -0.36500E-01  0.73000E-01  0.00000E+00  0.00000E+00  0.00000E+00   -0.68636E+02 -0.54620E+03  0.61484E+03 -0.87654E+02 -0.12214E+02 -0.35327E+02      298.00
  0.66407E-01  0.10251E+04   -0.36750E-01 -0.36750E-01  0.73500E-01  0.00000E+00  0.00000E+00  0.00000E+00   -0.68831E+02 -0.54653E+03  0.61536E+03 -0.88388E+02 -0.11899E+02 -0.35286E+02      298.00
  0.66857E-01  0.10259E+04   -0.37000E-01 -0.37000E-01  0.74000E-01  0.00000E+00  0.00000E+00  0.00000E+00   -0.69037E+02 -0.54679E+03  0.61583E+03 -0.89096E+02 -0.11659E+02 -0.35258E+02      298.00
  0.67307E-01  0.10268E+04   -0.37250E-01 -0.37250E-01  0.74500E-01  0.00000E+00  0.00000E+00  0.00000E+00   -0.69232E+02 -0.54710E+03  0.61633E+03 -0.89830E+02 -0.11342E+02 -0.35215E+02      298.00
  0.67757E-01  0.10277E+04   -0.37500E-01 -0.37500E-01  0.75000E-01  0.00000E+00  0.00000E+00  0.00000E+00   -0.69427E+02 -0.54739E+03  0.61682E+03 -0.90562E+02 -0.11015E+02 -0.35168E+02      298.00
          Evm          Svm            E11          E22          E33          E23          E13          E12         SDEV11       SDEV22       SDEV33       SDEV23       SDEV13       SDEV12      TEMP
  0.67757E-01  0.10277E+04   -0.37500E-01 -0.37500E-01  0.75000E-01  0.00000E+00  0.00000E+00  0.00000E+00   -0.69417E+02 -0.54741E+03  0.61683E+03 -0.90635E+02 -0.11482E+02 -0.35373E+02      298.00
  0.68207E-01  0.10286E+04   -0.37750E-01 -0.37750E-01  0.75500E-01  0.00000E+00  0.00000E+00  0.00000E+00   -0.69611E+02 -0.54773E+03  0.61734E+03 -0.91327E+02 -0.10655E+02 -0.35123E+02      298.00
  0.68658E-01  0.10294E+04   -0.38000E-01 -0.38000E-01  0.76000E-01  0.00000E+00  0.00000E+00  0.00000E+00   -0.69818E+02 -0.54796E+03  0.61778E+03 -0.92026E+02 -0.10343E+02 -0.35065E+02      298.00
  0.69108E-01  0.10302E+04   -0.38250E-01 -0.38250E-01  0.76500E-01  0.00000E+00  0.00000E+00  0.00000E+00   -0.70024E+02 -0.54819E+03  0.61822E+03 -0.92748E+02 -0.10073E+02 -0.35042E+02      298.00
  0.69558E-01  0.10310E+04   -0.38500E-01 -0.38500E-01  0.77000E-01  0.00000E+00  0.00000E+00  0.00000E+00   -0.70219E+02 -0.54845E+03  0.61867E+03 -0.93478E+02 -0.97341E+01 -0.34988E+02      298.00
  0.70008E-01  0.10318E+04   -0.38750E-01 -0.38750E-01  0.77500E-01  0.00000E+00  0.00000E+00  0.00000E+00   -0.70414E+02 -0.54871E+03  0.61912E+03 -0.94208E+02 -0.93844E+01 -0.34931E+02      298.00
  0.70458E-01  0.10326E+04   -0.39000E-01 -0.39000E-01  0.78000E-01  0.00000E+00  0.00000E+00  0.00000E+00   -0.70608E+02 -0.54895E+03  0.61956E+03 -0.94936E+02 -0.90298E+01 -0.34871E+02      298.00
  0.70908E-01  0.10334E+04   -0.39250E-01 -0.39250E-01  0.78500E-01  0.00000E+00  0.00000E+00  0.00000E+00   -0.70806E+02 -0.54919E+03  0.62000E+03 -0.95684E+02 -0.87277E+01 -0.34847E+02      298.00
  0.71358E-01  0.10341E+04   -0.39500E-01 -0.39500E-01  0.79000E-01  0.00000E+00  0.00000E+00  0.00000E+00   -0.71000E+02 -0.54942E+03  0.62042E+03 -0.96412E+02 -0.83692E+01 -0.34785E+02      298.00
  0.71808E-01  0.10349E+04   -0.39750E-01 -0.39750E-01  0.79500E-01  0.00000E+00  0.00000E+00  0.00000E+00   -0.71195E+02 -0.54964E+03  0.62083E+03 -0.97138E+02 -0.80001E+01 -0.34719E+02      298.00
  0.72258E-01  0.10356E+04   -0.40000E-01 -0.40000E-01  0.80000E-01  0.00000E+00  0.00000E+00  0.00000E+00   -0.71389E+02 -0.54985E+03  0.62124E+03 -0.97864E+02 -0.76253E+01 -0.34650E+02      298.00
  0.72708E-01  0.10364E+04   -0.40250E-01 -0.40250E-01  0.80500E-01  0.00000E+00  0.00000E+00  0.00000E+00   -0.71576E+02 -0.55008E+03  0.62165E+03 -0.98620E+02 -0.72988E+01 -0.34615E+02      298.00
  0.73157E-01  0.10371E+04   -0.40500E-01 -0.40500E-01  0.81000E-01  0.00000E+00  0.00000E+00  0.00000E+00   -0.71770E+02 -0.55027E+03  0.62204E+03 -0.99345E+02 -0.69241E+01 -0.34545E+02      298.00
  0.73607E-01  0.10378E+04   -0.40750E-01 -0.40750E-01  0.81500E-01  0.00000E+00  0.00000E+00  0.00000E+00   -0.71964E+02 -0.55046E+03  0.62242E+03 -0.10007E+03 -0.65402E+01 -0.34472E+02      298.00
  0.74057E-01  0.10386E+04   -0.41000E-01 -0.41000E-01  0.82000E-01  0.00000E+00  0.00000E+00  0.00000E+00   -0.72147E+02 -0.55066E+03  0.62281E+03 -0.10081E+03 -0.62094E+01 -0.34422E+02      298.00
  0.74507E-01  0.10393E+04   -0.41250E-01 -0.41250E-01  0.82500E-01  0.00000E+00  0.00000E+00  0.00000E+00   -0.72341E+02 -0.55083E+03  0.62318E+03 -0.10154E+03 -0.58310E+01 -0.34350E+02      298.00
  0.74957E-01  0.10399E+04   -0.41500E-01 -0.41500E-01  0.83000E-01  0.00000E+00  0.00000E+00  0.00000E+00   -0.72534E+02 -0.55100E+03  0.62353E+03 -0.10226E+03 -0.54448E+01 -0.34275E+02      298.00
  0.75406E-01  0.10406E+04   -0.41750E-01 -0.41750E-01  0.83500E-01  0.00000E+00  0.00000E+00  0.00000E+00   -0.72728E+02 -0.55115E+03  0.62388E+03 -0.10298E+03 -0.50547E+01 -0.34199E+02      298.00
  0.75856E-01  0.10412E+04   -0.42000E-01 -0.42000E-01  0.84000E-01  0.00000E+00  0.00000E+00  0.00000E+00   -0.72921E+02 -0.55130E+03  0.62423E+03 -0.10370E+03 -0.46611E+01 -0.34121E+02      298.00
  0.76306E-01  0.10419E+04   -0.42250E-01 -0.42250E-01  0.84500E-01  0.00000E+00  0.00000E+00  0.00000E+00   -0.73108E+02 -0.55145E+03  0.62456E+03 -0.10442E+03 -0.43288E+01 -0.34057E+02      298.00
  0.76755E-01  0.10425E+04   -0.42500E-01 -0.42500E-01  0.85000E-01  0.00000E+00  0.00000E+00  0.00000E+00   -0.73301E+02 -0.55159E+03  0.62489E+03 -0.10514E+03 -0.39390E+01 -0.33981E+02      298.00
  0.77205E-01  0.10431E+04   -0.42750E-01 -0.42750E-01  0.85500E-01  0.00000E+00  0.00000E+00  0.00000E+00   -0.73494E+02 -0.55172E+03  0.62521E+03 -0.10586E+03 -0.35420E+01 -0.33901E+02      298.00
  0.77654E-01  0.10437E+04   -0.43000E-01 -0.43000E-01  0.86000E-01  0.00000E+00  0.00000E+00  0.00000E+00   -0.73687E+02 -0.55184E+03  0.62553E+03 -0.10658E+03 -0.31411E+01 -0.33820E+02      298.00
  0.78104E-01  0.10443E+04   -0.43250E-01 -0.43250E-01  0.86500E-01  0.00000E+00  0.00000E+00  0.00000E+00   -0.73880E+02 -0.55195E+03  0.62583E+03 -0.10730E+03 -0.27367E+01 -0.33738E+02      298.00
  0.78553E-01  0.10449E+04   -0.43500E-01 -0.43500E-01  0.87000E-01  0.00000E+00  0.00000E+00  0.00000E+00   -0.74073E+02 -0.55206E+03  0.62613E+03 -0.10802E+03 -0.23287E+01 -0.33654E+02      298.00
  0.79003E-01  0.10455E+04   -0.43750E-01 -0.43750E-01  0.87500E-01  0.00000E+00  0.00000E+00  0.00000E+00   -0.74266E+02 -0.55216E+03  0.62643E+03 -0.10873E+03 -0.19170E+01 -0.33569E+02      298.00
  0.79452E-01  0.10461E+04   -0.44000E-01 -0.44000E-01  0.88000E-01  0.00000E+00  0.00000E+00  0.00000E+00   -0.74459E+02 -0.55226E+03  0.62672E+03 -0.10945E+03 -0.15015E+01 -0.33482E+02      298.00
  0.79901E-01  0.10466E+04   -0.44250E-01 -0.44250E-01  0.88500E-01  0.00000E+00  0.00000E+00  0.00000E+00   -0.74651E+02 -0.55235E+03  0.62700E+03 -0.11017E+03 -0.10823E+01 -0.33393E+02      298.00
  0.80351E-01  0.10472E+04   -0.44500E-01 -0.44500E-01  0.89000E-01  0.00000E+00  0.00000E+00  0.00000E+00   -0.74844E+02 -0.55243E+03  0.62727E+03 -0.11088E+03 -0.65931E+00 -0.33303E+02      298.00
  0.80800E-01  0.10477E+04   -0.44750E-01 -0.44750E-01  0.89500E-01  0.00000E+00  0.00000E+00  0.00000E+00   -0.75036E+02 -0.55251E+03  0.62754E+03 -0.11159E+03 -0.23248E+00 -0.33212E+02      298.00
  0.81249E-01  0.10482E+04   -0.45000E-01 -0.45000E-01  0.90000E-01  0.00000E+00  0.00000E+00  0.00000E+00   -0.75228E+02 -0.55257E+03  0.62780E+03 -0.11230E+03  0.13045E+00 -0.33134E+02      298.00
  0.81698E-01  0.10488E+04   -0.45250E-01 -0.45250E-01  0.90500E-01  0.00000E+00  0.00000E+00  0.00000E+00   -0.75420E+02 -0.55264E+03  0.62806E+03 -0.11301E+03  0.56003E+00 -0.33041E+02      298.00
  0.82147E-01  0.10493E+04   -0.45500E-01 -0.45500E-01  0.91000E-01  0.00000E+00  0.00000E+00  0.00000E+00   -0.75612E+02 -0.55270E+03  0.62831E+03 -0.11372E+03  0.99664E+00 -0.32946E+02      298.00
  0.82596E-01  0.10498E+04   -0.45750E-01 -0.45750E-01  0.91500E-01  0.00000E+00  0.00000E+00  0.00000E+00   -0.75804E+02 -0.55275E+03  0.62855E+03 -0.11443E+03  0.14369E+01 -0.32849E+02      298.00
  0.83045E-01  0.10503E+04   -0.46000E-01 -0.46000E-01  0.92000E-01  0.00000E+00  0.00000E+00  0.00000E+00   -0.75996E+02 -0.55280E+03  0.62879E+03 -0.11514E+03  0.18806E+01 -0.32751E+02      298.00
  0.83494E-01  0.10508E+04   -0.46250E-01 -0.46250E-01  0.92500E-01  0.00000E+00  0.00000E+00  0.00000E+00   -0.76188E+02 -0.55284E+03  0.62903E+03 -0.11585E+03  0.23276E+01 -0.32652E+02      298.00
  0.83943E-01  0.10513E+04   -0.46500E-01 -0.46500E-01  0.93000E-01  0.00000E+00  0.00000E+00  0.00000E+00   -0.76379E+02 -0.55287E+03  0.62925E+03 -0.11656E+03  0.27778E+01 -0.32552E+02      298.00
  0.84392E-01  0.10517E+04   -0.46750E-01 -0.46750E-01  0.93500E-01  0.00000E+00  0.00000E+00  0.00000E+00   -0.76574E+02 -0.55290E+03  0.62947E+03 -0.11727E+03  0.31668E+01 -0.32469E+02      298.00
  0.84841E-01  0.10522E+04   -0.47000E-01 -0.47000E-01  0.94000E-01  0.00000E+00  0.00000E+00  0.00000E+00   -0.76765E+02 -0.55292E+03  0.62969E+03 -0.11798E+03  0.36117E+01 -0.32371E+02      298.00
  0.85290E-01  0.10527E+04   -0.47250E-01 -0.47250E-01  0.94500E-01  0.00000E+00  0.00000E+00  0.00000E+00   -0.76956E+02 -0.55294E+03  0.62990E+03 -0.11868E+03  0.40613E+01 -0.32270E+02      298.00
  0.85739E-01  0.10531E+04   -0.47500E-01 -0.47500E-01  0.95000E-01  0.00000E+00  0.00000E+00  0.00000E+00   -0.77147E+02 -0.55296E+03  0.63011E+03 -0.11939E+03  0.45126E+01 -0.32169E+02      298.00
  0.86188E-01  0.10536E+04   -0.47750E-01 -0.47750E-01  0.95500E-01  0.00000E+00  0.00000E+00  0.00000E+00   -0.77338E+02 -0.55297E+03  0.63031E+03 -0.12010E+03  0.49654E+01 -0.32068E+02      298.00
  0.86636E-01  0.10540E+04   -0.48000E-01 -0.48000E-01  0.96000E-01  0.00000E+00  0.00000E+00  0.00000E+00   -0.77529E+02 -0.55297E+03  0.63050E+03 -0.12080E+03  0.54196E+01 -0.31966E+02      298.00
  0.87085E-01  0.10544E+04   -0.48250E-01 -0.48250E-01  0.96500E-01  0.00000E+00  0.00000E+00  0.00000E+00   -0.77719E+02 -0.55297E+03  0.63069E+03 -0.12151E+03  0.58749E+01 -0.31863E+02      298.00
  0.87534E-01  0.10549E+04   -0.48500E-01 -0.48500E-01  0.97000E-01  0.00000E+00  0.00000E+00  0.00000E+00   -0.77910E+02 -0.55297E+03  0.63088E+03 -0.12221E+03  0.63313E+01 -0.31760E+02      298.00
  0.87982E-01  0.10553E+04   -0.48750E-01 -0.48750E-01  0.97500E-01  0.00000E+00  0.00000E+00  0.00000E+00   -0.78100E+02 -0.55296E+03  0.63106E+03 -0.12291E+03  0.67887E+01 -0.31657E+02      298.00
  0.88431E-01  0.10557E+04   -0.49000E-01 -0.49000E-01  0.98000E-01  0.00000E+00  0.00000E+00  0.00000E+00   -0.78290E+02 -0.55294E+03  0.63123E+03 -0.12362E+03  0.72469E+01 -0.31553E+02      298.00
  0.88879E-01  0.10561E+04   -0.49250E-01 -0.49250E-01  0.98500E-01  0.00000E+00  0.00000E+00  0.00000E+00   -0.78480E+02 -0.55292E+03  0.63140E+03 -0.12432E+03  0.77058E+01 -0.31449E+02      298.00
  0.89327E-01  0.10565E+04   -0.49500E-01 -0.49500E-01  0.99000E-01  0.00000E+00  0.00000E+00  0.00000E+00   -0.78669E+02 -0.55290E+03  0.63157E+03 -0.12502E+03  0.81654E+01 -0.31345E+02      298.00
  0.89776E-01  0.10569E+04   -0.49750E-01 -0.49750E-01  0.99500E-01  0.00000E+00  0.00000E+00  0.00000E+00   -0.78859E+02 -0.55287E+03  0.63173E+03 -0.12572E+03  0.86254E+01 -0.31241E+02      298.00
  0.90224E-01  0.10573E+04   -0.50000E-01 -0.50000E-01  0.10000E+00  0.00000E+00  0.00000E+00  0.00000E+00   -0.79048E+02 -0.55284E+03  0.63188E+03 -0.12642E+03  0.90858E+01 -0.31136E+02      298.00
          Evm          Svm            E11          E22          E33          E23          E13          E12         SDEV11       SDEV22       SDEV33       SDEV23       SDEV13       SDEV12      TEMP
  0.90224E-01  0.10573E+04   -0.50000E-01 -0.50000E-01  0.10000E+00  0.00000E+00  0.00000E+00  0.00000E+00   -0.79032E+02 -0.55285E+03  0.63189E+03 -0.12650E+03  0.85584E+01 -0.31330E+02      298.00
  0.90672E-01  0.10577E+04   -0.50250E-01 -0.50250E-01  0.10050E+00  0.00000E+00  0.00000E+00  0.00000E+00   -0.79236E+02 -0.55280E+03  0.63204E+03 -0.12713E+03  0.95159E+01 -0.31042E+02      298.00
  0.91121E-01  0.10580E+04   -0.50500E-01 -0.50500E-01  0.10100E+00  0.00000E+00  0.00000E+00  0.00000E+00   -0.79426E+02 -0.55276E+03  0.63218E+03 -0.12782E+03  0.10004E+02 -0.30928E+02      298.00
  0.91569E-01  0.10584E+04   -0.50750E-01 -0.50750E-01  0.10150E+00  0.00000E+00  0.00000E+00  0.00000E+00   -0.79615E+02 -0.55271E+03  0.63232E+03 -0.12852E+03  0.10467E+02 -0.30823E+02      298.00
  0.92017E-01  0.10588E+04   -0.51000E-01 -0.51000E-01  0.10200E+00  0.00000E+00  0.00000E+00  0.00000E+00   -0.79803E+02 -0.55266E+03  0.63246E+03 -0.12922E+03  0.10928E+02 -0.30718E+02      298.00
  0.92465E-01  0.10591E+04   -0.51250E-01 -0.51250E-01  0.10250E+00  0.00000E+00  0.00000E+00  0.00000E+00   -0.79992E+02 -0.55260E+03  0.63259E+03 -0.12992E+03  0.11388E+02 -0.30614E+02      298.00
  0.92913E-01  0.10595E+04   -0.51500E-01 -0.51500E-01  0.10300E+00  0.00000E+00  0.00000E+00  0.00000E+00   -0.80180E+02 -0.55254E+03  0.63272E+03 -0.13062E+03  0.11849E+02 -0.30509E+02      298.00
  0.93361E-01  0.10598E+04   -0.51750E-01 -0.51750E-01  0.10350E+00  0.00000E+00  0.00000E+00  0.00000E+00   -0.80368E+02 -0.55248E+03  0.63285E+03 -0.13132E+03  0.12309E+02 -0.30404E+02      298.00
  0.93808E-01  0.10602E+04   -0.52000E-01 -0.52000E-01  0.10400E+00  0.00000E+00  0.00000E+00  0.00000E+00   -0.80555E+02 -0.55241E+03  0.63297E+03 -0.13201E+03  0.12768E+02 -0.30300E+02      298.00
  0.94256E-01  0.10605E+04   -0.52250E-01 -0.52250E-01  0.10450E+00  0.00000E+00  0.00000E+00  0.00000E+00   -0.80743E+02 -0.55234E+03  0.63308E+03 -0.13271E+03  0.13227E+02 -0.30196E+02      298.00
  0.94704E-01  0.10608E+04   -0.52500E-01 -0.52500E-01  0.10500E+00  0.00000E+00  0.00000E+00  0.00000E+00   -0.80930E+02 -0.55227E+03  0.63320E+03 -0.13341E+03  0.13686E+02 -0.30092E+02      298.00
  0.95152E-01  0.10612E+04   -0.52750E-01 -0.52750E-01  0.10550E+00  0.00000E+00  0.00000E+00  0.00000E+00   -0.81117E+02 -0.55219E+03  0.63330E+03 -0.13410E+03  0.14143E+02 -0.29988E+02      298.00
  0.95599E-01  0.10615E+04   -0.53000E-01 -0.53000E-01  0.10600E+00  0.00000E+00  0.00000E+00  0.00000E+00   -0.81304E+02 -0.55210E+03  0.63341E+03 -0.13480E+03  0.14600E+02 -0.29885E+02      298.00
  0.96047E-01  0.10618E+04   -0.53250E-01 -0.53250E-01  0.10650E+00  0.00000E+00  0.00000E+00  0.00000E+00   -0.81491E+02 -0.55202E+03  0.63351E+03 -0.13549E+03  0.15056E+02 -0.29782E+02      298.00
  0.96494E-01  0.10621E+04   -0.53500E-01 -0.53500E-01  0.10700E+00  0.00000E+00  0.00000E+00  0.00000E+00   -0.81678E+02 -0.55192E+03  0.63360E+03 -0.13619E+03  0.15511E+02 -0.29679E+02      298.00
  0.96942E-01  0.10624E+04   -0.53750E-01 -0.53750E-01  0.10750E+00  0.00000E+00  0.00000E+00  0.00000E+00   -0.81864E+02 -0.55183E+03  0.63369E+03 -0.13688E+03  0.15965E+02 -0.29576E+02      298.00
  0.97389E-01  0.10627E+04   -0.54000E-01 -0.54000E-01  0.10800E+00  0.00000E+00  0.00000E+00  0.00000E+00   -0.82050E+02 -0.55173E+03  0.63378E+03 -0.13757E+03  0.16418E+02 -0.29474E+02      298.00
  0.97836E-01  0.10630E+04   -0.54250E-01 -0.54250E-01  0.10850E+00  0.00000E+00  0.00000E+00  0.00000E+00   -0.82236E+02 -0.55163E+03  0.63387E+03 -0.13827E+03  0.16870E+02 -0.29372E+02      298.00
  0.98283E-01  0.10633E+04   -0.54500E-01 -0.54500E-01  0.10900E+00  0.00000E+00  0.00000E+00  0.00000E+00   -0.82421E+02 -0.55153E+03  0.63395E+03 -0.13896E+03  0.17321E+02 -0.29270E+02      298.00
  0.98731E-01  0.10636E+04   -0.54750E-01 -0.54750E-01  0.10950E+00  0.00000E+00  0.00000E+00  0.00000E+00   -0.82605E+02 -0.55142E+03  0.63403E+03 -0.13965E+03  0.17836E+02 -0.29150E+02      298.00
  0.99178E-01  0.10639E+04   -0.55000E-01 -0.55000E-01  0.11000E+00  0.00000E+00  0.00000E+00  0.00000E+00   -0.82793E+02 -0.55130E+03  0.63410E+03 -0.14035E+03  0.18231E+02 -0.29064E+02      298.00
  0.99625E-01  0.10642E+04   -0.55250E-01 -0.55250E-01  0.11050E+00  0.00000E+00  0.00000E+00  0.00000E+00   -0.82977E+02 -0.55119E+03  0.63417E+03 -0.14104E+03  0.18675E+02 -0.28965E+02      298.00
  0.10007E+00  0.10645E+04   -0.55500E-01 -0.55500E-01  0.11100E+00  0.00000E+00  0.00000E+00  0.00000E+00   -0.83160E+02 -0.55107E+03  0.63423E+03 -0.14173E+03  0.19185E+02 -0.28846E+02      298.00
  0.10052E+00  0.10648E+04   -0.55750E-01 -0.55750E-01  0.11150E+00  0.00000E+00  0.00000E+00  0.00000E+00   -0.83347E+02 -0.55095E+03  0.63429E+03 -0.14242E+03  0.19577E+02 -0.28762E+02      298.00
  0.10097E+00  0.10650E+04   -0.56000E-01 -0.56000E-01  0.11200E+00  0.00000E+00  0.00000E+00  0.00000E+00   -0.83530E+02 -0.55083E+03  0.63436E+03 -0.14311E+03  0.20081E+02 -0.28645E+02      298.00
  0.10141E+00  0.10653E+04   -0.56250E-01 -0.56250E-01  0.11250E+00  0.00000E+00  0.00000E+00  0.00000E+00   -0.83716E+02 -0.55069E+03  0.63441E+03 -0.14380E+03  0.20469E+02 -0.28561E+02      298.00
  0.10186E+00  0.10656E+04   -0.56500E-01 -0.56500E-01  0.11300E+00  0.00000E+00  0.00000E+00  0.00000E+00   -0.83898E+02 -0.55056E+03  0.63446E+03 -0.14449E+03  0.20970E+02 -0.28446E+02      298.00
  0.10231E+00  0.10658E+04   -0.56750E-01 -0.56750E-01  0.11350E+00  0.00000E+00  0.00000E+00  0.00000E+00   -0.84082E+02 -0.55043E+03  0.63451E+03 -0.14518E+03  0.21420E+02 -0.28345E+02      298.00
  0.10275E+00  0.10661E+04   -0.57000E-01 -0.57000E-01  0.11400E+00  0.00000E+00  0.00000E+00  0.00000E+00   -0.84267E+02 -0.55029E+03  0.63455E+03 -0.14587E+03  0.21799E+02 -0.28264E+02      298.00
  0.10320E+00  0.10663E+04   -0.57250E-01 -0.57250E-01  0.11450E+00  0.00000E+00  0.00000E+00  0.00000E+00   -0.84449E+02 -0.55015E+03  0.63460E+03 -0.14655E+03  0.22295E+02 -0.28150E+02      298.00
  0.10364E+00  0.10666E+04   -0.57500E-01 -0.57500E-01  0.11500E+00  0.00000E+00  0.00000E+00  0.00000E+00   -0.84633E+02 -0.55000E+03  0.63464E+03 -0.14724E+03  0.22739E+02 -0.28051E+02      298.00
  0.10409E+00  0.10668E+04   -0.57750E-01 -0.57750E-01  0.11550E+00  0.00000E+00  0.00000E+00  0.00000E+00   -0.84817E+02 -0.54985E+03  0.63467E+03 -0.14793E+03  0.23112E+02 -0.27971E+02      298.00
  0.10454E+00  0.10671E+04   -0.58000E-01 -0.58000E-01  0.11600E+00  0.00000E+00  0.00000E+00  0.00000E+00   -0.84998E+02 -0.54971E+03  0.63470E+03 -0.14862E+03  0.23601E+02 -0.27860E+02      298.00
  0.10498E+00  0.10673E+04   -0.58250E-01 -0.58250E-01  0.11650E+00  0.00000E+00  0.00000E+00  0.00000E+00   -0.85181E+02 -0.54955E+03  0.63473E+03 -0.14930E+03  0.24038E+02 -0.27762E+02      298.00
  0.10543E+00  0.10675E+04   -0.58500E-01 -0.58500E-01  0.11700E+00  0.00000E+00  0.00000E+00  0.00000E+00   -0.85363E+02 -0.54940E+03  0.63476E+03 -0.14999E+03  0.24470E+02 -0.27667E+02      298.00
  0.10587E+00  0.10678E+04   -0.58750E-01 -0.58750E-01  0.11750E+00  0.00000E+00  0.00000E+00  0.00000E+00   -0.85545E+02 -0.54924E+03  0.63478E+03 -0.15068E+03  0.24899E+02 -0.27572E+02      298.00
  0.10632E+00  0.10680E+04   -0.59000E-01 -0.59000E-01  0.11800E+00  0.00000E+00  0.00000E+00  0.00000E+00   -0.85727E+02 -0.54907E+03  0.63480E+03 -0.15136E+03  0.25325E+02 -0.27478E+02      298.00
  0.10677E+00  0.10682E+04   -0.59250E-01 -0.59250E-01  0.11850E+00  0.00000E+00  0.00000E+00  0.00000E+00   -0.85909E+02 -0.54891E+03  0.63482E+03 -0.15205E+03  0.25749E+02 -0.27385E+02      298.00
  0.10721E+00  0.10685E+04   -0.59500E-01 -0.59500E-01  0.11900E+00  0.00000E+00  0.00000E+00  0.00000E+00   -0.86090E+02 -0.54874E+03  0.63483E+03 -0.15274E+03  0.26170E+02 -0.27293E+02      298.00
  0.10766E+00  0.10687E+04   -0.59750E-01 -0.59750E-01  0.11950E+00  0.00000E+00  0.00000E+00  0.00000E+00   -0.86272E+02 -0.54857E+03  0.63484E+03 -0.15342E+03  0.26589E+02 -0.27201E+02      298.00
  0.10810E+00  0.10689E+04   -0.60000E-01 -0.60000E-01  0.12000E+00  0.00000E+00  0.00000E+00  0.00000E+00   -0.86453E+02 -0.54840E+03  0.63485E+03 -0.15411E+03  0.27005E+02 -0.27110E+02      298.00
  0.10855E+00  0.10691E+04   -0.60250E-01 -0.60250E-01  0.12050E+00  0.00000E+00  0.00000E+00  0.00000E+00   -0.86633E+02 -0.54822E+03  0.63486E+03 -0.15479E+03  0.27418E+02 -0.27020E+02      298.00
  0.10899E+00  0.10693E+04   -0.60500E-01 -0.60500E-01  0.12100E+00  0.00000E+00  0.00000E+00  0.00000E+00   -0.86814E+02 -0.54805E+03  0.63486E+03 -0.15548E+03  0.27829E+02 -0.26931E+02      298.00
  0.10944E+00  0.10695E+04   -0.60750E-01 -0.60750E-01  0.12150E+00  0.00000E+00  0.00000E+00  0.00000E+00   -0.86994E+02 -0.54786E+03  0.63486E+03 -0.15616E+03  0.28238E+02 -0.26842E+02      298.00
  0.10988E+00  0.10697E+04   -0.61000E-01 -0.61000E-01  0.12200E+00  0.00000E+00  0.00000E+00  0.00000E+00   -0.87174E+02 -0.54768E+03  0.63486E+03 -0.15684E+03  0.28644E+02 -0.26754E+02      298.00
  0.11033E+00  0.10699E+04   -0.61250E-01 -0.61250E-01  0.12250E+00  0.00000E+00  0.00000E+00  0.00000E+00   -0.87354E+02 -0.54750E+03  0.63485E+03 -0.15753E+03  0.29047E+02 -0.26667E+02      298.00
  0.11077E+00  0.10701E+04   -0.61500E-01 -0.61500E-01  0.12300E+00  0.00000E+00  0.00000E+00  0.00000E+00   -0.87533E+02 -0.54731E+03  0.63484E+03 -0.15821E+03  0.29448E+02 -0.26581E+02      298.00
  0.11122E+00  0.10703E+04   -0.61750E-01 -0.61750E-01  0.12350E+00  0.00000E+00  0.00000E+00  0.00000E+00   -0.87715E+02 -0.54711E+03  0.63483E+03 -0.15890E+03  0.29914E+02 -0.26481E+02      298.00
  0.11166E+00  0.10705E+04   -0.62000E-01 -0.62000E-01  0.12400E+00  0.00000E+00  0.00000E+00  0.00000E+00   -0.87894E+02 -0.54692E+03  0.63481E+03 -0.15958E+03  0.30313E+02 -0.26395E+02      298.00
  0.11211E+00  0.10707E+04   -0.62250E-01 -0.62250E-01  0.12450E+00  0.00000E+00  0.00000E+00  0.00000E+00   -0.88073E+02 -0.54673E+03  0.63480E+03 -0.16027E+03  0.30706E+02 -0.26311E+02      298.00
  0.11255E+00  0.10709E+04   -0.62500E-01 -0.62500E-01  0.12500E+00  0.00000E+00  0.00000E+00  0.00000E+00   -0.88251E+02 -0.54653E+03  0.63478E+03 -0.16095E+03  0.31097E+02 -0.26228E+02      298.00
