    STEP   AVACS   MODE1   MODE2   MODE3   MODE4
       1   7.000   0.271   0.729   0.000   0.000
       2   6.000   0.308   0.692   0.000   0.000
       3   6.000   0.313   0.687   0.000   0.000
       4   6.000   0.273   0.727   0.000   0.000
       5   5.000   0.205   0.795   0.000   0.000
       6   6.000   0.325   0.675   0.000   0.000
       7   6.000   0.367   0.633   0.000   0.000
       8   5.000   0.307   0.693   0.000   0.000
       9   5.000   0.292   0.708   0.000   0.000
      10   6.000   0.341   0.659   0.000   0.000
      11   5.000   0.314   0.686   0.000   0.000
      12   5.000   0.290   0.710   0.000   0.000
      13   6.000   0.231   0.769   0.000   0.000
      14   5.000   0.174   0.826   0.000   0.000
      15   5.000   0.113   0.887   0.000   0.000
      16   5.000   0.041   0.959   0.000   0.000
      17   6.000   0.061   0.939   0.000   0.000
      18   7.000   0.199   0.801   0.000   0.000
      19   7.000   0.271   0.729   0.000   0.000
      20   6.000   0.308   0.692   0.000   0.000
      21   6.000   0.313   0.687   0.000   0.000
      22   6.000   0.273   0.727   0.000   0.000
      23   5.000   0.205   0.795   0.000   0.000
      24   6.000   0.325   0.675   0.000   0.000
      25   6.000   0.367   0.633   0.000   0.000
      26   5.000   0.307   0.693   0.000   0.000
      27   5.000   0.292   0.708   0.000   0.000
      28   6.000   0.341   0.659   0.000   0.000
      29   5.000   0.314   0.686   0.000   0.000
      30   5.000   0.290   0.710   0.000   0.000
      31   6.000   0.231   0.769   0.000   0.000
      32   5.000   0.174   0.826   0.000   0.000
      33   5.000   0.113   0.887   0.000   0.000
      34   5.000   0.041   0.959   0.000   0.000
      35   6.000   0.061   0.939   0.000   0.000
      36   7.000   0.199   0.801   0.000   0.000
  STRAIN   AVACS   PRITW   SECTW   MODE1   MODE2   MODE3   MODE4   TWFR3   EFFR3   TWFR4   EFFR4
   0.000   7.000   0.000   0.000   0.271   0.729   0.000   0.000   0.000   0.000   0.000   0.000
   0.001   7.000   0.000   0.000   0.267   0.733   0.000   0.000   0.000   0.000   0.000   0.000
   0.001   7.000   0.000   0.000   0.264   0.736   0.000   0.000   0.000   0.000   0.000   0.000
   0.002   7.000   0.000   0.000   0.261   0.739   0.000   0.000   0.000   0.000   0.000   0.000
   0.002   7.000   0.000   0.000   0.259   0.741   0.000   0.000   0.000   0.000   0.000   0.000
   0.003   7.000   0.000   0.000   0.256   0.744   0.000   0.000   0.000   0.000   0.000   0.000
   0.003   7.000   0.000   0.000   0.254   0.746   0.000   0.000   0.000   0.000   0.000   0.000
   0.004   7.000   0.000   0.000   0.253   0.747   0.000   0.000   0.000   0.000   0.000   0.000
   0.004   7.000   0.000   0.000   0.252   0.748   0.000   0.000   0.000   0.000   0.000   0.000
   0.005   7.000   0.000   0.000   0.251   0.749   0.000   0.000   0.000   0.000   0.000   0.000
   0.005   7.000   0.000   0.000   0.250   0.750   0.000   0.000   0.000   0.000   0.000   0.000
   0.006   7.000   0.000   0.000   0.250   0.750   0.000   0.000   0.000   0.000   0.000   0.000
   0.006   7.000   0.000   0.000   0.249   0.751   0.000   0.000   0.000   0.000   0.000   0.000
   0.007   7.000   0.000   0.000   0.249   0.751   0.000   0.000   0.000   0.000   0.000   0.000
   0.007   7.000   0.000   0.000   0.249   0.751   0.000   0.000   0.000   0.000   0.000   0.000
   0.008   7.000   0.000   0.000   0.249   0.751   0.000   0.000   0.000   0.000   0.000   0.000
   0.008   7.000   0.000   0.000   0.249   0.751   0.000   0.000   0.000   0.000   0.000   0.000
   0.009   7.000   0.000   0.000   0.249   0.751   0.000   0.000   0.000   0.000   0.000   0.000
   0.009   7.000   0.000   0.000   0.250   0.750   0.000   0.000   0.000   0.000   0.000   0.000
   0.010   7.000   0.000   0.000   0.250   0.750   0.000   0.000   0.000   0.000   0.000   0.000
   0.010   7.000   0.000   0.000   0.251   0.749   0.000   0.000   0.000   0.000   0.000   0.000
   0.011   7.000   0.000   0.000   0.251   0.749   0.000   0.000   0.000   0.000   0.000   0.000
   0.011   7.000   0.000   0.000   0.251   0.749   0.000   0.000   0.000   0.000   0.000   0.000
   0.012   7.000   0.000   0.000   0.252   0.748   0.000   0.000   0.000   0.000   0.000   0.000
   0.012   7.000   0.000   0.000   0.252   0.748   0.000   0.000   0.000   0.000   0.000   0.000
   0.013   7.000   0.000   0.000   0.252   0.748   0.000   0.000   0.000   0.000   0.000   0.000
   0.013   7.000   0.000   0.000   0.253   0.747   0.000   0.000   0.000   0.000   0.000   0.000
   0.014   7.000   0.000   0.000   0.253   0.747   0.000   0.000   0.000   0.000   0.000   0.000
   0.014   7.000   0.000   0.000   0.253   0.747   0.000   0.000   0.000   0.000   0.000   0.000
   0.015   7.000   0.000   0.000   0.254   0.746   0.000   0.000   0.000   0.000   0.000   0.000
   0.015   7.000   0.000   0.000   0.254   0.746   0.000   0.000   0.000   0.000   0.000   0.000
   0.016   7.000   0.000   0.000   0.255   0.745   0.000   0.000   0.000   0.000   0.000   0.000
   0.016   7.000   0.000   0.000   0.255   0.745   0.000   0.000   0.000   0.000   0.000   0.000
   0.017   7.000   0.000   0.000   0.255   0.745   0.000   0.000   0.000   0.000   0.000   0.000
   0.017   7.000   0.000   0.000   0.255   0.745   0.000   0.000   0.000   0.000   0.000   0.000
   0.018   7.000   0.000   0.000   0.256   0.744   0.000   0.000   0.000   0.000   0.000   0.000
   0.018   7.000   0.000   0.000   0.256   0.744   0.000   0.000   0.000   0.000   0.000   0.000
   0.019   7.000   0.000   0.000   0.256   0.744   0.000   0.000   0.000   0.000   0.000   0.000
   0.019   7.000   0.000   0.000   0.256   0.744   0.000   0.000   0.000   0.000   0.000   0.000
   0.020   7.000   0.000   0.000   0.256   0.744   0.000   0.000   0.000   0.000   0.000   0.000
   0.020   7.000   0.000   0.000   0.257   0.743   0.000   0.000   0.000   0.000   0.000   0.000
   0.021   7.000   0.000   0.000   0.257   0.743   0.000   0.000   0.000   0.000   0.000   0.000
   0.021   7.000   0.000   0.000   0.257   0.743   0.000   0.000   0.000   0.000   0.000   0.000
   0.022   7.000   0.000   0.000   0.257   0.743   0.000   0.000   0.000   0.000   0.000   0.000
   0.022   7.000   0.000   0.000   0.257   0.743   0.000   0.000   0.000   0.000   0.000   0.000
   0.023   7.000   0.000   0.000   0.257   0.743   0.000   0.000   0.000   0.000   0.000   0.000
   0.023   7.000   0.000   0.000   0.257   0.743   0.000   0.000   0.000   0.000   0.000   0.000
   0.024   7.000   0.000   0.000   0.257   0.743   0.000   0.000   0.000   0.000   0.000   0.000
   0.024   7.000   0.000   0.000   0.258   0.742   0.000   0.000   0.000   0.000   0.000   0.000
   0.025   7.000   0.000   0.000   0.258   0.742   0.000   0.000   0.000   0.000   0.000   0.000
   0.025   7.000   0.000   0.000   0.258   0.742   0.000   0.000   0.000   0.000   0.000   0.000
    STEP   AVACS   MODE1   MODE2   MODE3   MODE4
       1   7.000   0.258   0.742   0.000   0.000
       2   7.000   0.298   0.702   0.000   0.000
       3   6.000   0.301   0.699   0.000   0.000
       4   6.000   0.259   0.741   0.000   0.000
       5   5.000   0.217   0.782   0.000   0.000
       6   6.000   0.312   0.688   0.000   0.000
       7   6.000   0.371   0.629   0.000   0.000
       8   6.000   0.312   0.688   0.000   0.000
       9   6.000   0.307   0.693   0.000   0.000
      10   6.000   0.335   0.665   0.000   0.000
      11   6.000   0.315   0.685   0.000   0.000
      12   6.000   0.285   0.715   0.000   0.000
      13   5.000   0.236   0.764   0.000   0.000
      14   6.000   0.187   0.813   0.000   0.000
      15   5.000   0.126   0.874   0.000   0.000
      16   5.000   0.055   0.945   0.000   0.000
      17   6.000   0.052   0.948   0.000   0.000
      18   7.000   0.181   0.819   0.000   0.000
      19   7.000   0.258   0.742   0.000   0.000
      20   7.000   0.298   0.702   0.000   0.000
      21   6.000   0.301   0.699   0.000   0.000
      22   6.000   0.259   0.741   0.000   0.000
      23   5.000   0.217   0.782   0.000   0.000
      24   6.000   0.312   0.688   0.000   0.000
      25   6.000   0.371   0.629   0.000   0.000
      26   6.000   0.312   0.688   0.000   0.000
      27   6.000   0.307   0.693   0.000   0.000
      28   6.000   0.335   0.665   0.000   0.000
      29   6.000   0.315   0.685   0.000   0.000
      30   6.000   0.285   0.715   0.000   0.000
      31   5.000   0.236   0.764   0.000   0.000
      32   6.000   0.187   0.813   0.000   0.000
      33   5.000   0.126   0.873   0.000   0.001
      34   5.000   0.055   0.944   0.000   0.001
      35   6.000   0.052   0.948   0.000   0.000
      36   7.000   0.181   0.819   0.000   0.000
  STRAIN   AVACS   PRITW   SECTW   MODE1   MODE2   MODE3   MODE4   TWFR3   EFFR3   TWFR4   EFFR4
   0.025   7.000   0.000   0.000   0.258   0.742   0.000   0.000   0.000   0.000   0.000   0.000
   0.026   7.000   0.000   0.000   0.258   0.742   0.000   0.000   0.000   0.000   0.000   0.000
   0.026   7.000   0.000   0.000   0.258   0.742   0.000   0.000   0.000   0.000   0.000   0.000
   0.027   7.000   0.000   0.000   0.258   0.742   0.000   0.000   0.000   0.000   0.000   0.000
   0.027   7.000   0.000   0.000   0.258   0.742   0.000   0.000   0.000   0.000   0.000   0.000
   0.028   7.000   0.000   0.000   0.258   0.742   0.000   0.000   0.000   0.000   0.000   0.000
   0.028   7.000   0.000   0.000   0.258   0.742   0.000   0.000   0.000   0.000   0.000   0.000
   0.029   7.000   0.000   0.000   0.258   0.742   0.000   0.000   0.000   0.000   0.000   0.000
   0.029   7.000   0.000   0.000   0.258   0.742   0.000   0.000   0.000   0.000   0.000   0.000
   0.030   7.000   0.000   0.000   0.259   0.741   0.000   0.000   0.000   0.000   0.000   0.000
   0.030   7.000   0.000   0.000   0.259   0.741   0.000   0.000   0.000   0.000   0.000   0.000
   0.031   7.000   0.000   0.000   0.259   0.741   0.000   0.000   0.000   0.000   0.000   0.000
   0.031   7.000   0.000   0.000   0.259   0.741   0.000   0.000   0.000   0.000   0.000   0.000
   0.032   7.000   0.000   0.000   0.259   0.741   0.000   0.000   0.000   0.000   0.000   0.000
   0.032   7.000   0.000   0.000   0.259   0.741   0.000   0.000   0.000   0.000   0.000   0.000
   0.033   7.000   0.000   0.000   0.259   0.741   0.000   0.000   0.000   0.000   0.000   0.000
   0.033   7.000   0.000   0.000   0.259   0.741   0.000   0.000   0.000   0.000   0.000   0.000
   0.034   7.000   0.000   0.000   0.259   0.741   0.000   0.000   0.000   0.000   0.000   0.000
   0.034   7.000   0.000   0.000   0.259   0.741   0.000   0.000   0.000   0.000   0.000   0.000
   0.035   7.000   0.000   0.000   0.259   0.741   0.000   0.000   0.000   0.000   0.000   0.000
   0.035   7.000   0.000   0.000   0.259   0.741   0.000   0.000   0.000   0.000   0.000   0.000
   0.036   7.000   0.000   0.000   0.259   0.741   0.000   0.000   0.000   0.000   0.000   0.000
   0.036   7.000   0.000   0.000   0.259   0.741   0.000   0.000   0.000   0.000   0.000   0.000
   0.037   7.000   0.000   0.000   0.259   0.741   0.000   0.000   0.000   0.000   0.000   0.000
   0.037   7.000   0.000   0.000   0.259   0.741   0.000   0.000   0.000   0.000   0.000   0.000
   0.038   7.000   0.000   0.000   0.259   0.741   0.000   0.000   0.000   0.000   0.000   0.000
   0.038   7.000   0.000   0.000   0.259   0.741   0.000   0.000   0.000   0.000   0.000   0.000
   0.039   7.000   0.000   0.000   0.259   0.741   0.000   0.000   0.000   0.000   0.000   0.000
   0.039   7.000   0.000   0.000   0.259   0.741   0.000   0.000   0.000   0.000   0.000   0.000
   0.040   7.000   0.000   0.000   0.259   0.741   0.000   0.000   0.000   0.000   0.000   0.000
   0.040   7.000   0.000   0.000   0.259   0.741   0.000   0.000   0.000   0.000   0.000   0.000
   0.041   7.000   0.000   0.000   0.259   0.741   0.000   0.000   0.000   0.000   0.000   0.000
   0.041   7.000   0.000   0.000   0.259   0.741   0.000   0.000   0.000   0.000   0.000   0.000
   0.042   7.000   0.000   0.000   0.259   0.741   0.000   0.000   0.000   0.000   0.000   0.000
   0.042   7.000   0.000   0.000   0.259   0.741   0.000   0.000   0.000   0.000   0.000   0.000
   0.043   7.000   0.000   0.000   0.259   0.741   0.000   0.000   0.000   0.000   0.000   0.000
   0.043   7.000   0.000   0.000   0.259   0.741   0.000   0.000   0.000   0.000   0.000   0.000
   0.044   7.000   0.000   0.000   0.258   0.742   0.000   0.000   0.000   0.000   0.000   0.000
   0.044   7.000   0.000   0.000   0.258   0.742   0.000   0.000   0.000   0.000   0.000   0.000
   0.045   7.000   0.000   0.000   0.258   0.742   0.000   0.000   0.000   0.000   0.000   0.000
   0.045   7.000   0.000   0.000   0.258   0.742   0.000   0.000   0.000   0.000   0.000   0.000
   0.046   7.000   0.000   0.000   0.258   0.742   0.000   0.000   0.000   0.000   0.000   0.000
   0.046   7.000   0.000   0.000   0.258   0.742   0.000   0.000   0.000   0.000   0.000   0.000
   0.047   7.000   0.000   0.000   0.258   0.742   0.000   0.000   0.000   0.000   0.000   0.000
   0.047   7.000   0.000   0.000   0.258   0.742   0.000   0.000   0.000   0.000   0.000   0.000
   0.048   7.000   0.000   0.000   0.258   0.742   0.000   0.000   0.000   0.000   0.000   0.000
   0.048   7.000   0.000   0.000   0.258   0.742   0.000   0.000   0.000   0.000   0.000   0.000
   0.049   7.000   0.000   0.000   0.258   0.742   0.000   0.000   0.000   0.000   0.000   0.000
   0.049   7.000   0.000   0.000   0.258   0.742   0.000   0.000   0.000   0.000   0.000   0.000
   0.050   7.000   0.000   0.000   0.258   0.742   0.000   0.000   0.000   0.000   0.000   0.000
   0.050   7.000   0.000   0.000   0.257   0.742   0.000   0.000   0.000   0.000   0.000   0.000
    STEP   AVACS   MODE1   MODE2   MODE3   MODE4
       1   7.000   0.257   0.742   0.000   0.000
       2   7.000   0.299   0.701   0.000   0.000
       3   6.000   0.305   0.694   0.000   0.001
       4   6.000   0.271   0.726   0.000   0.003
       5   5.000   0.244   0.753   0.000   0.004
       6   6.000   0.311   0.688   0.000   0.000
       7   6.000   0.381   0.619   0.000   0.000
       8   6.000   0.329   0.671   0.000   0.000
       9   6.000   0.334   0.663   0.000   0.003
      10   6.000   0.355   0.643   0.000   0.002
      11   5.000   0.324   0.675   0.000   0.000
      12   5.000   0.289   0.710   0.000   0.000
      13   7.000   0.253   0.747   0.000   0.000
      14   6.000   0.202   0.798   0.000   0.000
      15   5.000   0.141   0.859   0.000   0.000
      16   5.000   0.070   0.930   0.000   0.000
      17   6.000   0.057   0.943   0.000   0.000
      18   7.000   0.182   0.818   0.000   0.000
      19   7.000   0.257   0.742   0.000   0.000
      20   7.000   0.299   0.701   0.000   0.000
      21   6.000   0.305   0.695   0.000   0.000
      22   6.000   0.271   0.728   0.001   0.000
      23   5.000   0.244   0.755   0.000   0.000
      24   6.000   0.311   0.689   0.000   0.000
      25   6.000   0.381   0.619   0.000   0.000
      26   6.000   0.329   0.671   0.000   0.000
      27   6.000   0.334   0.665   0.000   0.000
      28   6.000   0.355   0.644   0.000   0.000
      29   5.000   0.324   0.676   0.000   0.000
      30   6.000   0.289   0.710   0.000   0.000
      31   7.000   0.252   0.746   0.000   0.002
      32   6.000   0.199   0.796   0.000   0.005
      33   5.000   0.138   0.856   0.000   0.006
      34   5.000   0.067   0.927   0.000   0.006
      35   6.000   0.057   0.942   0.000   0.001
      36   7.000   0.182   0.818   0.000   0.000
  STRAIN   AVACS   PRITW   SECTW   MODE1   MODE2   MODE3   MODE4   TWFR3   EFFR3   TWFR4   EFFR4
   0.050   7.000   0.000   0.000   0.257   0.742   0.000   0.000   0.000   0.000   0.000   0.000
   0.051   7.000   0.000   0.000   0.257   0.743   0.000   0.000   0.000   0.000   0.000   0.000
   0.051   7.000   0.000   0.000   0.257   0.743   0.000   0.000   0.000   0.000   0.000   0.000
   0.052   7.000   0.000   0.000   0.257   0.743   0.000   0.000   0.000   0.000   0.000   0.000
   0.052   7.000   0.000   0.000   0.257   0.743   0.000   0.000   0.000   0.000   0.000   0.000
   0.053   7.000   0.000   0.000   0.257   0.743   0.000   0.000   0.000   0.000   0.000   0.000
   0.053   7.000   0.000   0.000   0.257   0.743   0.000   0.000   0.000   0.000   0.000   0.000
   0.054   7.000   0.000   0.000   0.257   0.743   0.000   0.000   0.000   0.000   0.000   0.000
   0.054   7.000   0.000   0.000   0.257   0.743   0.000   0.000   0.000   0.000   0.000   0.000
   0.055   7.000   0.000   0.000   0.257   0.743   0.000   0.000   0.000   0.000   0.000   0.000
   0.055   7.000   0.000   0.000   0.256   0.744   0.000   0.000   0.000   0.000   0.000   0.000
   0.056   7.000   0.000   0.000   0.256   0.744   0.000   0.000   0.000   0.000   0.000   0.000
   0.056   7.000   0.000   0.000   0.256   0.744   0.000   0.000   0.000   0.000   0.000   0.000
   0.057   7.000   0.000   0.000   0.256   0.744   0.000   0.000   0.000   0.000   0.000   0.000
   0.057   7.000   0.000   0.000   0.256   0.744   0.000   0.000   0.000   0.000   0.000   0.000
   0.058   7.000   0.000   0.000   0.256   0.744   0.000   0.000   0.000   0.000   0.000   0.000
   0.058   7.000   0.000   0.000   0.256   0.744   0.000   0.000   0.000   0.000   0.000   0.000
   0.059   7.000   0.000   0.000   0.256   0.744   0.000   0.000   0.000   0.000   0.000   0.000
   0.059   7.000   0.000   0.000   0.256   0.744   0.000   0.000   0.000   0.000   0.000   0.000
   0.060   7.000   0.000   0.000   0.255   0.744   0.000   0.000   0.000   0.000   0.000   0.000
   0.060   7.000   0.000   0.000   0.255   0.745   0.000   0.000   0.000   0.000   0.000   0.000
   0.061   7.000   0.000   0.000   0.255   0.745   0.000   0.000   0.000   0.000   0.000   0.000
   0.061   7.000   0.000   0.000   0.255   0.745   0.000   0.000   0.000   0.000   0.000   0.000
   0.062   7.000   0.000   0.000   0.255   0.745   0.000   0.000   0.000   0.000   0.000   0.000
   0.062   7.000   0.000   0.000   0.255   0.745   0.000   0.000   0.000   0.000   0.000   0.000
   0.063   7.000   0.000   0.000   0.255   0.745   0.000   0.000   0.000   0.000   0.000   0.000
   0.063   7.000   0.000   0.000   0.255   0.745   0.000   0.000   0.000   0.000   0.000   0.000
   0.064   7.000   0.000   0.000   0.254   0.745   0.000   0.000   0.000   0.000   0.000   0.000
   0.064   7.000   0.000   0.000   0.254   0.746   0.000   0.000   0.000   0.000   0.000   0.000
   0.065   7.000   0.000   0.000   0.254   0.746   0.000   0.000   0.000   0.000   0.000   0.000
   0.065   7.000   0.000   0.000   0.254   0.746   0.000   0.000   0.000   0.000   0.000   0.000
   0.066   7.000   0.000   0.000   0.254   0.746   0.000   0.000   0.000   0.000   0.000   0.000
   0.066   7.000   0.000   0.000   0.254   0.746   0.000   0.000   0.000   0.000   0.000   0.000
   0.067   7.000   0.000   0.000   0.254   0.746   0.000   0.000   0.000   0.000   0.000   0.000
   0.067   7.000   0.000   0.000   0.254   0.746   0.000   0.000   0.000   0.000   0.000   0.000
   0.068   7.000   0.000   0.000   0.253   0.747   0.000   0.000   0.000   0.000   0.000   0.000
   0.068   7.000   0.000   0.000   0.253   0.747   0.000   0.000   0.000   0.000   0.000   0.000
   0.069   7.000   0.000   0.000   0.253   0.747   0.000   0.000   0.000   0.000   0.000   0.000
   0.069   7.000   0.000   0.000   0.253   0.747   0.000   0.000   0.000   0.000   0.000   0.000
   0.070   7.000   0.000   0.000   0.253   0.747   0.000   0.000   0.000   0.000   0.000   0.000
   0.070   7.000   0.000   0.000   0.253   0.747   0.000   0.000   0.000   0.000   0.000   0.000
   0.071   7.000   0.000   0.000   0.253   0.747   0.000   0.000   0.000   0.000   0.000   0.000
   0.071   7.000   0.000   0.000   0.252   0.748   0.000   0.000   0.000   0.000   0.000   0.000
   0.072   7.000   0.000   0.000   0.252   0.748   0.000   0.000   0.000   0.000   0.000   0.000
   0.072   7.000   0.000   0.000   0.252   0.748   0.000   0.000   0.000   0.000   0.000   0.000
   0.073   7.000   0.000   0.000   0.252   0.748   0.000   0.000   0.000   0.000   0.000   0.000
   0.073   7.000   0.000   0.000   0.252   0.748   0.000   0.000   0.000   0.000   0.000   0.000
   0.074   7.000   0.000   0.000   0.252   0.748   0.000   0.000   0.000   0.000   0.000   0.000
   0.074   7.000   0.000   0.000   0.251   0.748   0.000   0.000   0.000   0.000   0.000   0.000
   0.075   7.000   0.000   0.000   0.251   0.749   0.000   0.000   0.000   0.000   0.000   0.000
   0.075   7.000   0.000   0.000   0.251   0.749   0.000   0.000   0.000   0.000   0.000   0.000
    STEP   AVACS   MODE1   MODE2   MODE3   MODE4
       1   7.000   0.251   0.748   0.000   0.000
       2   8.000   0.294   0.705   0.000   0.000
       3   6.000   0.303   0.696   0.000   0.001
       4   6.000   0.271   0.724   0.000   0.005
       5   6.000   0.263   0.732   0.000   0.006
       6   6.000   0.307   0.693   0.000   0.000
       7   6.000   0.390   0.610   0.000   0.000
       8   6.000   0.343   0.657   0.000   0.000
       9   6.000   0.355   0.641   0.000   0.005
      10   6.000   0.366   0.631   0.000   0.003
      11   5.000   0.332   0.668   0.000   0.001
      12   4.000   0.297   0.703   0.000   0.000
      13   7.000   0.267   0.733   0.000   0.000
      14   6.000   0.215   0.785   0.000   0.000
      15   5.000   0.155   0.845   0.000   0.000
      16   6.000   0.084   0.916   0.000   0.000
      17   6.000   0.055   0.945   0.000   0.000
      18   7.000   0.175   0.825   0.000   0.000
      19   7.000   0.251   0.749   0.000   0.000
      20   8.000   0.294   0.705   0.000   0.000
      21   6.000   0.303   0.697   0.000   0.000
      22   6.000   0.270   0.727   0.003   0.000
      23   6.000   0.262   0.736   0.002   0.000
      24   6.000   0.307   0.693   0.000   0.000
      25   6.000   0.390   0.610   0.000   0.000
      26   6.000   0.343   0.657   0.000   0.000
      27   6.000   0.354   0.644   0.002   0.000
      28   6.000   0.366   0.633   0.001   0.000
      29   5.000   0.332   0.668   0.000   0.000
      30   4.000   0.297   0.702   0.000   0.001
      31   7.000   0.265   0.730   0.000   0.005
      32   6.000   0.212   0.781   0.000   0.008
      33   5.000   0.150   0.840   0.000   0.009
      34   5.000   0.079   0.912   0.000   0.009
      35   6.000   0.055   0.944   0.000   0.001
      36   7.000   0.175   0.825   0.000   0.001
  STRAIN   AVACS   PRITW   SECTW   MODE1   MODE2   MODE3   MODE4   TWFR3   EFFR3   TWFR4   EFFR4
   0.075   7.000   0.000   0.000   0.251   0.749   0.000   0.000   0.000   0.000   0.000   0.000
   0.076   7.000   0.000   0.000   0.251   0.749   0.000   0.000   0.000   0.000   0.000   0.000
   0.076   7.000   0.000   0.000   0.251   0.749   0.000   0.000   0.000   0.000   0.000   0.000
   0.077   7.000   0.000   0.000   0.251   0.749   0.000   0.000   0.000   0.000   0.000   0.000
   0.077   7.000   0.000   0.000   0.250   0.749   0.000   0.000   0.000   0.000   0.000   0.000
   0.078   7.000   0.000   0.000   0.250   0.750   0.000   0.000   0.000   0.000   0.000   0.000
   0.078   7.000   0.000   0.000   0.250   0.750   0.000   0.000   0.000   0.000   0.000   0.000
   0.079   7.000   0.000   0.000   0.250   0.750   0.000   0.000   0.000   0.000   0.000   0.000
   0.079   7.000   0.000   0.000   0.250   0.750   0.000   0.000   0.000   0.000   0.000   0.000
   0.080   7.000   0.000   0.000   0.250   0.750   0.000   0.000   0.000   0.000   0.000   0.000
   0.080   7.000   0.000   0.000   0.249   0.751   0.000   0.000   0.000   0.000   0.000   0.000
   0.081   7.000   0.000   0.000   0.249   0.751   0.000   0.000   0.000   0.000   0.000   0.000
   0.081   7.000   0.000   0.000   0.249   0.751   0.000   0.000   0.000   0.000   0.000   0.000
   0.082   7.000   0.000   0.000   0.249   0.751   0.000   0.000   0.000   0.000   0.000   0.000
   0.082   7.000   0.000   0.000   0.249   0.751   0.000   0.000   0.000   0.000   0.000   0.000
   0.083   7.000   0.000   0.000   0.248   0.751   0.000   0.000   0.000   0.000   0.000   0.000
   0.083   7.000   0.000   0.000   0.248   0.752   0.000   0.000   0.000   0.000   0.000   0.000
   0.084   7.000   0.000   0.000   0.248   0.752   0.000   0.000   0.000   0.000   0.000   0.000
   0.084   7.000   0.000   0.000   0.248   0.752   0.000   0.000   0.000   0.000   0.000   0.000
   0.085   7.000   0.000   0.000   0.248   0.752   0.000   0.000   0.000   0.000   0.000   0.000
   0.085   7.000   0.000   0.000   0.247   0.752   0.000   0.000   0.000   0.000   0.000   0.000
   0.086   7.000   0.000   0.000   0.247   0.753   0.000   0.000   0.000   0.000   0.000   0.000
   0.086   7.000   0.000   0.000   0.247   0.753   0.000   0.000   0.000   0.000   0.000   0.000
   0.087   7.000   0.000   0.000   0.247   0.753   0.000   0.000   0.000   0.000   0.000   0.000
   0.087   7.000   0.000   0.000   0.247   0.753   0.000   0.000   0.000   0.000   0.000   0.000
   0.088   7.000   0.000   0.000   0.246   0.753   0.000   0.000   0.000   0.000   0.000   0.000
   0.088   7.000   0.000   0.000   0.246   0.754   0.000   0.000   0.000   0.000   0.000   0.000
   0.089   7.000   0.000   0.000   0.246   0.754   0.000   0.000   0.000   0.000   0.000   0.000
   0.089   7.000   0.000   0.000   0.246   0.754   0.000   0.000   0.000   0.000   0.000   0.000
   0.090   7.000   0.000   0.000   0.246   0.754   0.000   0.000   0.000   0.000   0.000   0.000
   0.090   7.000   0.000   0.000   0.245   0.754   0.000   0.000   0.000   0.000   0.000   0.000
   0.091   7.000   0.000   0.000   0.245   0.755   0.000   0.000   0.000   0.000   0.000   0.000
   0.091   7.000   0.000   0.000   0.245   0.755   0.000   0.000   0.000   0.000   0.000   0.000
   0.092   7.000   0.000   0.000   0.245   0.755   0.000   0.000   0.000   0.000   0.000   0.000
   0.092   7.000   0.000   0.000   0.245   0.755   0.000   0.000   0.000   0.000   0.000   0.000
   0.093   7.000   0.000   0.000   0.244   0.756   0.000   0.000   0.000   0.000   0.000   0.000
   0.093   7.000   0.000   0.000   0.244   0.756   0.000   0.000   0.000   0.000   0.000   0.000
   0.094   7.000   0.000   0.000   0.244   0.756   0.000   0.000   0.000   0.000   0.000   0.000
   0.094   7.000   0.000   0.000   0.244   0.756   0.000   0.000   0.000   0.000   0.000   0.000
   0.095   7.000   0.000   0.000   0.243   0.756   0.000   0.000   0.000   0.000   0.000   0.000
   0.095   7.000   0.000   0.000   0.243   0.757   0.000   0.000   0.000   0.000   0.000   0.000
   0.096   7.000   0.000   0.000   0.243   0.757   0.000   0.000   0.000   0.000   0.000   0.000
   0.096   7.000   0.000   0.000   0.243   0.757   0.000   0.000   0.000   0.000   0.000   0.000
   0.097   7.000   0.000   0.000   0.242   0.757   0.000   0.000   0.000   0.000   0.000   0.000
   0.097   7.000   0.000   0.000   0.242   0.758   0.000   0.000   0.000   0.000   0.000   0.000
   0.098   7.000   0.000   0.000   0.242   0.758   0.000   0.000   0.000   0.000   0.000   0.000
   0.098   7.000   0.000   0.000   0.242   0.758   0.000   0.000   0.000   0.000   0.000   0.000
   0.099   7.000   0.000   0.000   0.242   0.758   0.000   0.000   0.000   0.000   0.000   0.000
   0.099   7.000   0.000   0.000   0.241   0.758   0.000   0.000   0.000   0.000   0.000   0.000
   0.100   7.000   0.000   0.000   0.241   0.759   0.000   0.000   0.000   0.000   0.000   0.000
   0.100   7.000   0.000   0.000   0.241   0.759   0.000   0.000   0.000   0.000   0.000   0.000
    STEP   AVACS   MODE1   MODE2   MODE3   MODE4
       1   7.000   0.241   0.759   0.000   0.000
       2   8.000   0.286   0.714   0.000   0.000
       3   6.000   0.297   0.702   0.000   0.001
       4   6.000   0.267   0.729   0.000   0.004
       5   6.000   0.276   0.720   0.000   0.004
       6   6.000   0.304   0.696   0.000   0.000
       7   6.000   0.397   0.603   0.000   0.000
       8   6.000   0.357   0.643   0.000   0.000
       9   6.000   0.372   0.625   0.000   0.003
      10   6.000   0.375   0.623   0.000   0.002
      11   5.000   0.341   0.659   0.000   0.000
      12   6.000   0.314   0.685   0.000   0.000
      13   7.000   0.281   0.719   0.000   0.000
      14   7.000   0.228   0.772   0.000   0.000
      15   6.000   0.168   0.832   0.000   0.000
      16   6.000   0.096   0.904   0.000   0.000
      17   6.000   0.048   0.952   0.000   0.000
      18   7.000   0.164   0.836   0.000   0.000
      19   7.000   0.241   0.759   0.000   0.000
      20   8.000   0.286   0.714   0.000   0.000
      21   6.000   0.297   0.702   0.001   0.000
      22   6.000   0.262   0.731   0.007   0.000
      23   6.000   0.271   0.722   0.007   0.000
      24   6.000   0.304   0.696   0.000   0.000
      25   6.000   0.397   0.603   0.000   0.000
      26   6.000   0.357   0.643   0.000   0.000
      27   6.000   0.369   0.627   0.004   0.000
      28   6.000   0.374   0.624   0.002   0.000
      29   5.000   0.341   0.659   0.000   0.000
      30   6.000   0.314   0.685   0.000   0.001
      31   7.000   0.279   0.717   0.000   0.005
      32   7.000   0.225   0.768   0.000   0.007
      33   6.000   0.164   0.828   0.000   0.008
      34   6.000   0.092   0.900   0.000   0.008
      35   6.000   0.048   0.951   0.000   0.001
      36   7.000   0.164   0.835   0.000   0.000
  STRAIN   AVACS   PRITW   SECTW   MODE1   MODE2   MODE3   MODE4   TWFR3   EFFR3   TWFR4   EFFR4
   0.100   7.000   0.000   0.000   0.241   0.759   0.000   0.000   0.000   0.000   0.000   0.000
   0.101   7.000   0.000   0.000   0.241   0.759   0.000   0.000   0.000   0.000   0.000   0.000
   0.101   7.000   0.000   0.000   0.240   0.759   0.000   0.000   0.000   0.000   0.000   0.000
   0.102   7.000   0.000   0.000   0.240   0.760   0.000   0.000   0.000   0.000   0.000   0.000
   0.102   7.000   0.000   0.000   0.240   0.760   0.000   0.000   0.000   0.000   0.000   0.000
   0.103   7.000   0.000   0.000   0.240   0.760   0.000   0.000   0.000   0.000   0.000   0.000
   0.103   7.000   0.000   0.000   0.239   0.760   0.000   0.000   0.000   0.000   0.000   0.000
   0.104   7.000   0.000   0.000   0.239   0.761   0.000   0.000   0.000   0.000   0.000   0.000
   0.104   7.000   0.000   0.000   0.239   0.761   0.000   0.000   0.000   0.000   0.000   0.000
   0.105   7.000   0.000   0.000   0.238   0.761   0.000   0.000   0.000   0.000   0.000   0.000
   0.105   7.000   0.000   0.000   0.238   0.761   0.000   0.000   0.000   0.000   0.000   0.000
   0.106   7.000   0.000   0.000   0.238   0.762   0.000   0.000   0.000   0.000   0.000   0.000
   0.106   7.000   0.000   0.000   0.238   0.762   0.000   0.000   0.000   0.000   0.000   0.000
   0.107   7.000   0.000   0.000   0.237   0.762   0.000   0.000   0.000   0.000   0.000   0.000
   0.107   7.000   0.000   0.000   0.237   0.763   0.000   0.000   0.000   0.000   0.000   0.000
   0.108   7.000   0.000   0.000   0.237   0.763   0.000   0.000   0.000   0.000   0.000   0.000
   0.108   7.000   0.000   0.000   0.237   0.763   0.000   0.000   0.000   0.000   0.000   0.000
   0.109   7.000   0.000   0.000   0.236   0.763   0.000   0.000   0.000   0.000   0.000   0.000
   0.109   7.000   0.000   0.000   0.236   0.764   0.000   0.000   0.000   0.000   0.000   0.000
   0.110   7.000   0.000   0.000   0.236   0.764   0.000   0.000   0.000   0.000   0.000   0.000
   0.110   7.000   0.000   0.000   0.235   0.764   0.000   0.000   0.000   0.000   0.000   0.000
   0.111   7.000   0.000   0.000   0.235   0.764   0.000   0.000   0.000   0.000   0.000   0.000
   0.111   7.000   0.000   0.000   0.235   0.765   0.000   0.000   0.000   0.000   0.000   0.000
   0.112   7.000   0.000   0.000   0.235   0.765   0.000   0.000   0.000   0.000   0.000   0.000
   0.112   7.000   0.000   0.000   0.234   0.765   0.000   0.000   0.000   0.000   0.000   0.000
   0.113   7.000   0.000   0.000   0.234   0.766   0.000   0.000   0.000   0.000   0.000   0.000
   0.113   7.000   0.000   0.000   0.234   0.766   0.000   0.000   0.000   0.000   0.000   0.000
   0.114   7.000   0.000   0.000   0.233   0.766   0.000   0.000   0.000   0.000   0.000   0.000
   0.114   7.000   0.000   0.000   0.233   0.766   0.000   0.000   0.000   0.000   0.000   0.000
   0.115   7.000   0.000   0.000   0.233   0.767   0.000   0.000   0.000   0.000   0.000   0.000
   0.115   7.000   0.000   0.000   0.233   0.767   0.000   0.000   0.000   0.000   0.000   0.000
   0.116   7.000   0.000   0.000   0.232   0.767   0.000   0.000   0.000   0.000   0.000   0.000
   0.116   7.000   0.000   0.000   0.232   0.768   0.000   0.000   0.000   0.000   0.000   0.000
   0.117   7.000   0.000   0.000   0.232   0.768   0.000   0.000   0.000   0.000   0.000   0.000
   0.117   7.000   0.000   0.000   0.231   0.768   0.000   0.000   0.000   0.000   0.000   0.000
   0.118   7.000   0.000   0.000   0.231   0.769   0.000   0.000   0.000   0.000   0.000   0.000
   0.118   7.000   0.000   0.000   0.231   0.769   0.000   0.000   0.000   0.000   0.000   0.000
   0.119   8.000   0.000   0.000   0.230   0.769   0.000   0.000   0.000   0.000   0.000   0.000
   0.119   8.000   0.000   0.000   0.230   0.769   0.000   0.000   0.000   0.000   0.000   0.000
   0.120   8.000   0.000   0.000   0.230   0.770   0.000   0.000   0.000   0.000   0.000   0.000
   0.120   8.000   0.000   0.000   0.229   0.770   0.000   0.000   0.000   0.000   0.000   0.000
   0.121   8.000   0.000   0.000   0.229   0.770   0.001   0.000   0.000   0.000   0.000   0.000
   0.121   8.000   0.000   0.000   0.229   0.771   0.001   0.000   0.000   0.000   0.000   0.000
   0.122   8.000   0.000   0.000   0.228   0.771   0.001   0.000   0.000   0.000   0.000   0.000
   0.122   8.000   0.000   0.000   0.228   0.771   0.001   0.000   0.000   0.000   0.000   0.000
   0.123   8.000   0.000   0.000   0.228   0.772   0.001   0.000   0.000   0.000   0.000   0.000
   0.123   8.000   0.000   0.000   0.227   0.772   0.001   0.000   0.000   0.000   0.000   0.000
   0.124   8.000   0.000   0.000   0.227   0.772   0.001   0.000   0.000   0.000   0.000   0.000
   0.124   8.000   0.000   0.000   0.227   0.773   0.001   0.000   0.000   0.000   0.000   0.000
   0.125   8.000   0.000   0.000   0.226   0.773   0.001   0.000   0.000   0.000   0.000   0.000
   0.125   8.000   0.000   0.000   0.226   0.773   0.001   0.000   0.000   0.000   0.000   0.000
    STEP   AVACS   MODE1   MODE2   MODE3   MODE4
       1   8.000   0.226   0.773   0.000   0.000
       2   8.000   0.272   0.727   0.000   0.000
       3   6.000   0.288   0.712   0.000   0.000
       4   6.000   0.261   0.737   0.000   0.002
       5   6.000   0.284   0.713   0.000   0.003
       6   6.000   0.303   0.697   0.000   0.000
       7   6.000   0.405   0.595   0.000   0.000
       8   6.000   0.371   0.629   0.000   0.000
       9   6.000   0.387   0.611   0.000   0.002
      10   6.000   0.385   0.614   0.000   0.001
      11   5.000   0.352   0.648   0.000   0.000
      12   6.000   0.332   0.668   0.000   0.000
      13   7.000   0.294   0.706   0.000   0.000
      14   7.000   0.241   0.759   0.000   0.000
      15   6.000   0.180   0.820   0.000   0.000
      16   6.000   0.107   0.893   0.000   0.000
      17   6.000   0.038   0.961   0.001   0.000
      18   7.000   0.151   0.849   0.000   0.000
      19   8.000   0.226   0.773   0.001   0.000
      20   8.000   0.272   0.727   0.001   0.000
      21   6.000   0.287   0.711   0.002   0.000
      22   7.000   0.252   0.735   0.014   0.000
      23   6.000   0.274   0.712   0.015   0.000
      24   6.000   0.303   0.697   0.000   0.000
      25   6.000   0.405   0.595   0.000   0.000
      26   6.000   0.371   0.629   0.000   0.000
      27   6.000   0.382   0.611   0.007   0.000
      28   6.000   0.382   0.614   0.004   0.000
      29   5.000   0.352   0.648   0.000   0.000
      30   6.000   0.331   0.668   0.000   0.001
      31   7.000   0.292   0.704   0.000   0.003
      32   7.000   0.239   0.756   0.000   0.005
      33   6.000   0.178   0.817   0.000   0.006
      34   6.000   0.105   0.890   0.000   0.005
      35   6.000   0.039   0.960   0.000   0.001
      36   7.000   0.151   0.849   0.000   0.000
