    STEP   AVACS   MODE1   MODE2   MODE3   MODE4
       1   6.000   0.516   0.484   0.000   0.000
       2   6.000   0.543   0.457   0.000   0.000
       3   6.000   0.519   0.481   0.000   0.000
       4   5.000   0.488   0.512   0.000   0.000
       5   5.000   0.420   0.580   0.000   0.000
       6   6.000   0.427   0.573   0.000   0.000
       7   6.000   0.372   0.628   0.000   0.000
       8   6.000   0.283   0.717   0.000   0.000
       9   6.000   0.160   0.840   0.000   0.000
      10   5.000   0.047   0.953   0.000   0.000
      11   4.000   0.010   0.990   0.000   0.000
      12   4.000   0.071   0.929   0.000   0.000
      13   4.000   0.128   0.872   0.000   0.000
      14   5.000   0.190   0.810   0.000   0.000
      15   4.000   0.243   0.757   0.000   0.000
      16   5.000   0.316   0.684   0.000   0.000
      17   6.000   0.366   0.634   0.000   0.000
      18   6.000   0.465   0.535   0.000   0.000
      19   6.000   0.516   0.484   0.000   0.000
      20   6.000   0.543   0.457   0.000   0.000
      21   6.000   0.519   0.481   0.000   0.000
      22   5.000   0.488   0.512   0.000   0.000
      23   5.000   0.420   0.580   0.000   0.000
      24   6.000   0.427   0.573   0.000   0.000
      25   6.000   0.372   0.628   0.000   0.000
      26   6.000   0.283   0.717   0.000   0.000
      27   6.000   0.160   0.840   0.000   0.000
      28   5.000   0.047   0.953   0.000   0.000
      29   4.000   0.010   0.990   0.000   0.000
      30   4.000   0.071   0.929   0.000   0.000
      31   4.000   0.128   0.872   0.000   0.000
      32   5.000   0.190   0.810   0.000   0.000
      33   4.000   0.243   0.757   0.000   0.000
      34   5.000   0.316   0.684   0.000   0.000
      35   6.000   0.366   0.634   0.000   0.000
      36   6.000   0.465   0.535   0.000   0.000
  STRAIN   AVACS   PRITW   SECTW   MODE1   MODE2   MODE3   MODE4   TWFR3   EFFR3   TWFR4   EFFR4
   0.000   6.000   0.000   0.000   0.516   0.484   0.000   0.000   0.000   0.000   0.000   0.000
   0.001   6.000   0.000   0.000   0.515   0.485   0.000   0.000   0.000   0.000   0.000   0.000
   0.001   6.000   0.000   0.000   0.515   0.485   0.000   0.000   0.000   0.000   0.000   0.000
   0.002   6.000   0.000   0.000   0.514   0.486   0.000   0.000   0.000   0.000   0.000   0.000
   0.002   6.000   0.000   0.000   0.514   0.486   0.000   0.000   0.000   0.000   0.000   0.000
   0.003   6.000   0.000   0.000   0.513   0.487   0.000   0.000   0.000   0.000   0.000   0.000
   0.003   6.000   0.000   0.000   0.512   0.488   0.000   0.000   0.000   0.000   0.000   0.000
   0.004   6.000   0.000   0.000   0.512   0.488   0.000   0.000   0.000   0.000   0.000   0.000
   0.004   6.000   0.000   0.000   0.511   0.489   0.000   0.000   0.000   0.000   0.000   0.000
   0.005   6.000   0.000   0.000   0.511   0.489   0.000   0.000   0.000   0.000   0.000   0.000
   0.005   6.000   0.000   0.000   0.511   0.489   0.000   0.000   0.000   0.000   0.000   0.000
   0.006   6.000   0.000   0.000   0.510   0.490   0.000   0.000   0.000   0.000   0.000   0.000
   0.006   6.000   0.000   0.000   0.510   0.490   0.000   0.000   0.000   0.000   0.000   0.000
   0.007   6.000   0.000   0.000   0.510   0.490   0.000   0.000   0.000   0.000   0.000   0.000
   0.007   6.000   0.000   0.000   0.509   0.491   0.000   0.000   0.000   0.000   0.000   0.000
   0.008   6.000   0.000   0.000   0.509   0.491   0.000   0.000   0.000   0.000   0.000   0.000
   0.008   6.000   0.000   0.000   0.509   0.491   0.000   0.000   0.000   0.000   0.000   0.000
   0.009   6.000   0.000   0.000   0.508   0.492   0.000   0.000   0.000   0.000   0.000   0.000
   0.009   6.000   0.000   0.000   0.508   0.492   0.000   0.000   0.000   0.000   0.000   0.000
   0.010   6.000   0.000   0.000   0.508   0.492   0.000   0.000   0.000   0.000   0.000   0.000
   0.010   6.000   0.000   0.000   0.508   0.492   0.000   0.000   0.000   0.000   0.000   0.000
   0.011   6.000   0.000   0.000   0.507   0.493   0.000   0.000   0.000   0.000   0.000   0.000
   0.011   6.000   0.000   0.000   0.507   0.493   0.000   0.000   0.000   0.000   0.000   0.000
   0.012   6.000   0.000   0.000   0.507   0.493   0.000   0.000   0.000   0.000   0.000   0.000
   0.012   6.000   0.000   0.000   0.507   0.493   0.000   0.000   0.000   0.000   0.000   0.000
   0.013   6.000   0.000   0.000   0.506   0.494   0.000   0.000   0.000   0.000   0.000   0.000
   0.013   6.000   0.000   0.000   0.506   0.494   0.000   0.000   0.000   0.000   0.000   0.000
   0.014   6.000   0.000   0.000   0.506   0.494   0.000   0.000   0.000   0.000   0.000   0.000
   0.014   6.000   0.000   0.000   0.506   0.494   0.000   0.000   0.000   0.000   0.000   0.000
   0.015   6.000   0.000   0.000   0.505   0.495   0.000   0.000   0.000   0.000   0.000   0.000
   0.015   6.000   0.000   0.000   0.505   0.495   0.000   0.000   0.000   0.000   0.000   0.000
   0.016   6.000   0.000   0.000   0.505   0.495   0.000   0.000   0.000   0.000   0.000   0.000
   0.016   6.000   0.000   0.000   0.505   0.495   0.000   0.000   0.000   0.000   0.000   0.000
   0.017   6.000   0.000   0.000   0.504   0.496   0.000   0.000   0.000   0.000   0.000   0.000
   0.017   6.000   0.000   0.000   0.504   0.496   0.000   0.000   0.000   0.000   0.000   0.000
   0.018   6.000   0.000   0.000   0.504   0.496   0.000   0.000   0.000   0.000   0.000   0.000
   0.018   6.000   0.000   0.000   0.504   0.496   0.000   0.000   0.000   0.000   0.000   0.000
   0.019   6.000   0.000   0.000   0.503   0.497   0.000   0.000   0.000   0.000   0.000   0.000
   0.019   6.000   0.000   0.000   0.503   0.497   0.000   0.000   0.000   0.000   0.000   0.000
   0.020   6.000   0.000   0.000   0.503   0.497   0.000   0.000   0.000   0.000   0.000   0.000
   0.020   6.000   0.000   0.000   0.502   0.497   0.000   0.000   0.000   0.000   0.000   0.000
   0.021   6.000   0.000   0.000   0.502   0.498   0.000   0.000   0.000   0.000   0.000   0.000
   0.021   6.000   0.000   0.000   0.502   0.498   0.000   0.000   0.000   0.000   0.000   0.000
   0.022   6.000   0.000   0.000   0.502   0.498   0.000   0.000   0.000   0.000   0.000   0.000
   0.022   6.000   0.000   0.000   0.501   0.498   0.000   0.000   0.000   0.000   0.000   0.000
   0.023   6.000   0.000   0.000   0.501   0.499   0.000   0.000   0.000   0.000   0.000   0.000
   0.023   6.000   0.000   0.000   0.501   0.499   0.000   0.000   0.000   0.000   0.000   0.000
   0.024   6.000   0.000   0.000   0.501   0.499   0.000   0.000   0.000   0.000   0.000   0.000
   0.024   6.000   0.000   0.000   0.500   0.499   0.000   0.000   0.000   0.000   0.000   0.000
   0.025   6.000   0.000   0.000   0.500   0.500   0.000   0.000   0.000   0.000   0.000   0.000
   0.025   6.000   0.000   0.000   0.500   0.500   0.000   0.000   0.000   0.000   0.000   0.000
    STEP   AVACS   MODE1   MODE2   MODE3   MODE4
       1   6.000   0.500   0.500   0.000   0.000
       2   6.000   0.527   0.473   0.000   0.000
       3   6.000   0.502   0.498   0.000   0.000
       4   6.000   0.476   0.524   0.000   0.000
       5   5.000   0.399   0.601   0.000   0.000
       6   6.000   0.411   0.589   0.000   0.000
       7   6.000   0.367   0.633   0.000   0.000
       8   6.000   0.279   0.721   0.000   0.000
       9   6.000   0.145   0.855   0.000   0.000
      10   5.000   0.042   0.958   0.000   0.000
      11   4.000   0.013   0.987   0.000   0.000
      12   4.000   0.073   0.927   0.000   0.000
      13   5.000   0.136   0.863   0.000   0.000
      14   5.000   0.194   0.806   0.000   0.000
      15   5.000   0.237   0.763   0.000   0.000
      16   6.000   0.287   0.713   0.000   0.000
      17   5.000   0.329   0.671   0.000   0.000
      18   6.000   0.447   0.552   0.000   0.000
      19   6.000   0.500   0.500   0.000   0.000
      20   6.000   0.527   0.473   0.000   0.000
      21   6.000   0.502   0.498   0.000   0.000
      22   6.000   0.476   0.524   0.000   0.000
      23   5.000   0.399   0.601   0.000   0.000
      24   6.000   0.411   0.589   0.000   0.000
      25   6.000   0.367   0.633   0.000   0.000
      26   6.000   0.279   0.721   0.000   0.000
      27   6.000   0.145   0.855   0.000   0.000
      28   5.000   0.042   0.958   0.000   0.000
      29   4.000   0.013   0.987   0.000   0.000
      30   4.000   0.073   0.927   0.000   0.000
      31   5.000   0.136   0.864   0.000   0.000
      32   5.000   0.194   0.806   0.000   0.000
      33   5.000   0.237   0.763   0.000   0.000
      34   6.000   0.287   0.713   0.000   0.000
      35   5.000   0.329   0.671   0.000   0.000
      36   6.000   0.448   0.552   0.000   0.000
  STRAIN   AVACS   PRITW   SECTW   MODE1   MODE2   MODE3   MODE4   TWFR3   EFFR3   TWFR4   EFFR4
   0.025   6.000   0.000   0.000   0.500   0.500   0.000   0.000   0.000   0.000   0.000   0.000
   0.026   6.000   0.000   0.000   0.500   0.500   0.000   0.000   0.000   0.000   0.000   0.000
   0.026   6.000   0.000   0.000   0.499   0.500   0.000   0.000   0.000   0.000   0.000   0.000
   0.027   6.000   0.000   0.000   0.499   0.501   0.000   0.000   0.000   0.000   0.000   0.000
   0.027   6.000   0.000   0.000   0.499   0.501   0.000   0.000   0.000   0.000   0.000   0.000
   0.028   6.000   0.000   0.000   0.498   0.501   0.000   0.000   0.000   0.000   0.000   0.000
   0.028   6.000   0.000   0.000   0.498   0.501   0.000   0.001   0.000   0.000   0.000   0.000
   0.029   6.000   0.000   0.000   0.498   0.502   0.000   0.001   0.000   0.000   0.000   0.000
   0.029   6.000   0.000   0.000   0.498   0.502   0.000   0.001   0.000   0.000   0.000   0.000
   0.030   6.000   0.000   0.000   0.497   0.502   0.000   0.001   0.000   0.000   0.000   0.000
   0.030   6.000   0.000   0.000   0.497   0.502   0.000   0.001   0.000   0.000   0.000   0.000
   0.031   6.000   0.000   0.000   0.497   0.502   0.000   0.001   0.000   0.000   0.000   0.000
   0.031   6.000   0.000   0.000   0.497   0.503   0.000   0.001   0.000   0.000   0.000   0.000
   0.032   6.000   0.000   0.000   0.496   0.503   0.000   0.001   0.000   0.000   0.000   0.000
   0.032   6.000   0.000   0.000   0.496   0.503   0.000   0.001   0.000   0.000   0.000   0.000
   0.033   6.000   0.000   0.000   0.496   0.503   0.000   0.001   0.000   0.000   0.000   0.000
   0.033   6.000   0.000   0.000   0.495   0.504   0.000   0.001   0.000   0.000   0.000   0.000
   0.034   6.000   0.000   0.000   0.495   0.504   0.000   0.001   0.000   0.000   0.000   0.000
   0.034   6.000   0.000   0.000   0.495   0.504   0.000   0.001   0.000   0.000   0.000   0.000
   0.035   6.000   0.000   0.000   0.494   0.504   0.000   0.001   0.000   0.000   0.000   0.000
   0.035   6.000   0.000   0.000   0.494   0.505   0.000   0.001   0.000   0.000   0.000   0.000
   0.036   6.000   0.000   0.000   0.494   0.505   0.000   0.001   0.000   0.000   0.000   0.000
   0.036   6.000   0.000   0.000   0.494   0.505   0.000   0.001   0.000   0.000   0.000   0.000
   0.037   6.000   0.000   0.000   0.493   0.505   0.000   0.001   0.000   0.000   0.000   0.000
   0.037   6.000   0.000   0.000   0.493   0.505   0.000   0.002   0.000   0.000   0.000   0.000
   0.038   6.000   0.000   0.000   0.493   0.506   0.000   0.002   0.000   0.000   0.000   0.000
   0.038   6.000   0.000   0.000   0.492   0.506   0.000   0.002   0.000   0.000   0.000   0.000
   0.039   6.000   0.000   0.000   0.492   0.506   0.000   0.002   0.000   0.000   0.000   0.000
   0.039   6.000   0.000   0.000   0.492   0.506   0.000   0.002   0.000   0.000   0.000   0.000
   0.040   6.000   0.000   0.000   0.492   0.507   0.000   0.002   0.000   0.000   0.000   0.000
   0.040   6.000   0.000   0.000   0.491   0.507   0.000   0.002   0.000   0.000   0.000   0.000
   0.041   6.000   0.000   0.000   0.491   0.507   0.000   0.002   0.000   0.000   0.000   0.000
   0.041   6.000   0.000   0.000   0.491   0.507   0.000   0.002   0.000   0.000   0.000   0.000
   0.042   6.000   0.000   0.000   0.490   0.507   0.000   0.002   0.000   0.000   0.000   0.000
   0.042   6.000   0.000   0.000   0.490   0.508   0.000   0.002   0.000   0.000   0.000   0.000
   0.043   6.000   0.000   0.000   0.490   0.508   0.000   0.002   0.000   0.000   0.000   0.000
   0.043   6.000   0.000   0.000   0.489   0.508   0.000   0.003   0.000   0.000   0.000   0.000
   0.044   6.000   0.000   0.000   0.489   0.508   0.000   0.003   0.000   0.000   0.000   0.000
   0.044   6.000   0.000   0.000   0.489   0.509   0.000   0.003   0.000   0.000   0.000   0.000
   0.045   6.000   0.000   0.000   0.488   0.509   0.000   0.003   0.000   0.000   0.000   0.000
   0.045   6.000   0.000   0.000   0.488   0.509   0.000   0.003   0.000   0.000   0.000   0.000
   0.046   6.000   0.000   0.000   0.488   0.509   0.000   0.003   0.000   0.000   0.000   0.000
   0.046   6.000   0.000   0.000   0.487   0.509   0.000   0.003   0.000   0.000   0.000   0.000
   0.047   6.000   0.000   0.000   0.487   0.510   0.000   0.003   0.000   0.000   0.000   0.000
   0.047   6.000   0.000   0.000   0.487   0.510   0.000   0.003   0.000   0.000   0.000   0.000
   0.048   6.000   0.000   0.000   0.486   0.510   0.000   0.004   0.000   0.000   0.001   0.000
   0.048   6.000   0.000   0.000   0.486   0.510   0.000   0.004   0.000   0.000   0.001   0.000
   0.049   6.000   0.000   0.000   0.486   0.510   0.000   0.004   0.000   0.000   0.001   0.000
   0.049   6.000   0.000   0.000   0.485   0.511   0.000   0.004   0.000   0.000   0.001   0.000
   0.050   6.000   0.000   0.000   0.485   0.511   0.000   0.004   0.000   0.000   0.001   0.000
   0.050   6.000   0.000   0.000   0.485   0.511   0.000   0.004   0.000   0.000   0.001   0.000
    STEP   AVACS   MODE1   MODE2   MODE3   MODE4
       1   6.000   0.486   0.514   0.000   0.000
       2   6.000   0.516   0.484   0.000   0.000
       3   6.000   0.494   0.506   0.000   0.000
       4   6.000   0.477   0.522   0.000   0.001
       5   4.000   0.394   0.605   0.000   0.001
       6   6.000   0.408   0.592   0.000   0.000
       7   6.000   0.369   0.631   0.000   0.000
       8   6.000   0.283   0.717   0.000   0.000
       9   6.000   0.147   0.853   0.000   0.000
      10   5.000   0.040   0.958   0.000   0.003
      11   3.000   0.016   0.983   0.000   0.000
      12   4.000   0.088   0.912   0.000   0.001
      13   5.000   0.156   0.844   0.000   0.001
      14   5.000   0.204   0.796   0.000   0.000
      15   5.000   0.235   0.765   0.000   0.000
      16   6.000   0.281   0.718   0.000   0.001
      17   5.000   0.323   0.675   0.000   0.002
      18   7.000   0.433   0.562   0.000   0.004
      19   6.000   0.485   0.511   0.000   0.004
      20   6.000   0.515   0.483   0.000   0.002
      21   6.000   0.494   0.506   0.000   0.000
      22   6.000   0.477   0.523   0.000   0.000
      23   4.000   0.394   0.606   0.000   0.000
      24   6.000   0.408   0.592   0.000   0.000
      25   6.000   0.369   0.631   0.000   0.000
      26   6.000   0.283   0.717   0.000   0.000
      27   6.000   0.147   0.853   0.000   0.000
      28   5.000   0.041   0.959   0.000   0.000
      29   3.000   0.016   0.984   0.000   0.000
      30   4.000   0.087   0.912   0.000   0.000
      31   5.000   0.156   0.844   0.000   0.000
      32   5.000   0.203   0.796   0.000   0.000
      33   5.000   0.235   0.765   0.000   0.000
      34   6.000   0.281   0.718   0.001   0.000
      35   5.000   0.324   0.676   0.000   0.000
      36   7.000   0.435   0.565   0.000   0.000
  STRAIN   AVACS   PRITW   SECTW   MODE1   MODE2   MODE3   MODE4   TWFR3   EFFR3   TWFR4   EFFR4
   0.050   6.000   0.000   0.000   0.485   0.511   0.000   0.004   0.000   0.000   0.001   0.000
   0.051   6.000   0.000   0.000   0.485   0.511   0.000   0.004   0.000   0.000   0.001   0.000
   0.051   6.000   0.000   0.000   0.484   0.511   0.000   0.004   0.000   0.000   0.001   0.000
   0.052   6.000   0.000   0.000   0.484   0.511   0.000   0.005   0.000   0.000   0.001   0.000
   0.052   6.000   0.000   0.000   0.484   0.512   0.000   0.005   0.000   0.000   0.001   0.000
   0.053   6.000   0.000   0.000   0.483   0.512   0.000   0.005   0.000   0.000   0.001   0.000
   0.053   6.000   0.000   0.000   0.483   0.512   0.000   0.005   0.000   0.000   0.001   0.000
   0.054   6.000   0.000   0.000   0.483   0.512   0.000   0.005   0.000   0.000   0.001   0.000
   0.054   6.000   0.000   0.000   0.482   0.512   0.000   0.005   0.000   0.000   0.001   0.000
   0.055   6.000   0.000   0.000   0.482   0.513   0.000   0.005   0.000   0.000   0.001   0.000
   0.055   6.000   0.000   0.000   0.482   0.513   0.000   0.005   0.000   0.000   0.001   0.000
   0.056   6.000   0.000   0.000   0.481   0.513   0.000   0.006   0.000   0.000   0.001   0.000
   0.056   6.000   0.000   0.000   0.481   0.513   0.000   0.006   0.000   0.000   0.001   0.000
   0.057   6.000   0.000   0.000   0.481   0.514   0.000   0.006   0.000   0.000   0.001   0.000
   0.057   6.000   0.000   0.000   0.480   0.514   0.000   0.006   0.000   0.000   0.001   0.000
   0.058   6.000   0.000   0.000   0.480   0.514   0.000   0.006   0.000   0.000   0.001   0.000
   0.058   6.000   0.000   0.000   0.480   0.514   0.000   0.006   0.000   0.000   0.001   0.000
   0.059   6.000   0.000   0.000   0.479   0.514   0.000   0.006   0.000   0.000   0.001   0.000
   0.059   6.000   0.000   0.000   0.479   0.515   0.000   0.006   0.000   0.000   0.001   0.000
   0.060   6.000   0.000   0.000   0.479   0.515   0.000   0.007   0.000   0.000   0.001   0.000
   0.060   6.000   0.000   0.000   0.478   0.515   0.000   0.007   0.000   0.000   0.001   0.000
   0.061   6.000   0.000   0.000   0.478   0.515   0.000   0.007   0.000   0.000   0.001   0.000
   0.061   6.000   0.000   0.000   0.478   0.515   0.000   0.007   0.000   0.000   0.002   0.000
   0.062   6.000   0.000   0.000   0.477   0.516   0.000   0.007   0.000   0.000   0.002   0.000
   0.062   6.000   0.000   0.000   0.477   0.516   0.000   0.007   0.000   0.000   0.002   0.000
   0.063   6.000   0.000   0.000   0.477   0.516   0.000   0.007   0.000   0.000   0.002   0.000
   0.063   6.000   0.000   0.000   0.476   0.516   0.000   0.007   0.000   0.000   0.002   0.000
   0.064   6.000   0.000   0.000   0.476   0.516   0.000   0.007   0.000   0.000   0.002   0.000
   0.064   6.000   0.000   0.000   0.476   0.517   0.000   0.008   0.000   0.000   0.002   0.000
   0.065   6.000   0.000   0.000   0.475   0.517   0.000   0.008   0.000   0.000   0.002   0.000
   0.065   6.000   0.000   0.000   0.475   0.517   0.000   0.008   0.000   0.000   0.002   0.000
   0.066   6.000   0.000   0.000   0.475   0.517   0.000   0.008   0.000   0.000   0.002   0.000
   0.066   6.000   0.000   0.000   0.474   0.518   0.000   0.008   0.000   0.000   0.002   0.000
   0.067   6.000   0.000   0.000   0.474   0.518   0.000   0.008   0.000   0.000   0.002   0.000
   0.067   6.000   0.000   0.000   0.474   0.518   0.000   0.008   0.000   0.000   0.002   0.000
   0.068   6.000   0.000   0.000   0.473   0.518   0.000   0.008   0.000   0.000   0.002   0.000
   0.068   6.000   0.000   0.000   0.473   0.518   0.000   0.008   0.000   0.000   0.002   0.000
   0.069   6.000   0.000   0.000   0.473   0.519   0.000   0.009   0.000   0.000   0.002   0.000
   0.069   6.000   0.000   0.000   0.472   0.519   0.000   0.009   0.000   0.000   0.002   0.000
   0.070   6.000   0.000   0.000   0.472   0.519   0.000   0.009   0.000   0.000   0.002   0.000
   0.070   6.000   0.000   0.000   0.472   0.519   0.000   0.009   0.000   0.000   0.003   0.000
   0.071   6.000   0.000   0.000   0.471   0.520   0.000   0.009   0.000   0.000   0.003   0.000
   0.071   6.000   0.000   0.000   0.471   0.520   0.000   0.009   0.000   0.000   0.003   0.000
   0.072   6.000   0.000   0.000   0.471   0.520   0.000   0.009   0.000   0.000   0.003   0.000
   0.072   6.000   0.000   0.000   0.470   0.520   0.000   0.009   0.000   0.000   0.003   0.000
   0.073   6.000   0.000   0.000   0.470   0.521   0.000   0.009   0.000   0.000   0.003   0.000
   0.073   6.000   0.000   0.000   0.470   0.521   0.000   0.009   0.000   0.000   0.003   0.000
   0.074   6.000   0.000   0.000   0.469   0.521   0.000   0.009   0.000   0.000   0.003   0.000
   0.074   6.000   0.000   0.000   0.469   0.521   0.000   0.010   0.000   0.000   0.003   0.000
   0.075   6.000   0.000   0.000   0.469   0.522   0.000   0.010   0.000   0.000   0.003   0.000
   0.075   6.000   0.000   0.000   0.468   0.522   0.000   0.010   0.000   0.000   0.003   0.000
    STEP   AVACS   MODE1   MODE2   MODE3   MODE4
       1   6.000   0.472   0.528   0.000   0.000
       2   7.000   0.503   0.497   0.000   0.000
       3   6.000   0.483   0.517   0.000   0.000
       4   6.000   0.472   0.526   0.000   0.002
       5   5.000   0.393   0.605   0.000   0.002
       6   6.000   0.401   0.599   0.000   0.000
       7   6.000   0.368   0.632   0.000   0.000
       8   6.000   0.283   0.717   0.000   0.000
       9   6.000   0.143   0.857   0.000   0.000
      10   5.000   0.035   0.958   0.000   0.007
      11   3.000   0.024   0.975   0.000   0.001
      12   6.000   0.112   0.887   0.000   0.001
      13   6.000   0.172   0.827   0.000   0.001
      14   6.000   0.210   0.789   0.000   0.001
      15   5.000   0.230   0.770   0.000   0.001
      16   6.000   0.264   0.733   0.000   0.003
      17   5.000   0.316   0.678   0.000   0.006
      18   7.000   0.417   0.573   0.000   0.010
      19   6.000   0.468   0.522   0.000   0.010
      20   7.000   0.501   0.494   0.000   0.005
      21   6.000   0.483   0.516   0.000   0.000
      22   6.000   0.472   0.528   0.000   0.000
      23   5.000   0.393   0.607   0.000   0.000
      24   6.000   0.401   0.599   0.000   0.000
      25   6.000   0.368   0.631   0.000   0.000
      26   6.000   0.283   0.717   0.000   0.000
      27   6.000   0.143   0.857   0.000   0.000
      28   5.000   0.038   0.961   0.000   0.000
      29   3.000   0.024   0.976   0.000   0.000
      30   6.000   0.111   0.889   0.000   0.000
      31   6.000   0.171   0.828   0.000   0.000
      32   6.000   0.210   0.790   0.000   0.000
      33   5.000   0.229   0.770   0.000   0.000
      34   6.000   0.264   0.735   0.002   0.000
      35   5.000   0.319   0.681   0.000   0.000
      36   7.000   0.421   0.579   0.000   0.000
  STRAIN   AVACS   PRITW   SECTW   MODE1   MODE2   MODE3   MODE4   TWFR3   EFFR3   TWFR4   EFFR4
   0.075   6.000   0.000   0.000   0.468   0.522   0.000   0.010   0.000   0.000   0.003   0.000
   0.076   6.000   0.000   0.000   0.468   0.522   0.000   0.010   0.000   0.000   0.003   0.000
   0.076   6.000   0.000   0.000   0.468   0.522   0.000   0.010   0.000   0.000   0.003   0.000
   0.077   6.000   0.000   0.000   0.467   0.523   0.000   0.010   0.000   0.000   0.003   0.000
   0.077   6.000   0.000   0.000   0.467   0.523   0.000   0.010   0.000   0.000   0.003   0.000
   0.078   6.000   0.000   0.000   0.467   0.523   0.000   0.010   0.000   0.000   0.004   0.000
   0.078   6.000   0.000   0.000   0.466   0.524   0.000   0.010   0.000   0.000   0.004   0.000
   0.079   6.000   0.000   0.000   0.466   0.524   0.000   0.010   0.000   0.000   0.004   0.000
   0.079   6.000   0.000   0.000   0.466   0.524   0.000   0.010   0.000   0.000   0.004   0.000
   0.080   6.000   0.000   0.000   0.466   0.524   0.000   0.010   0.000   0.000   0.004   0.000
   0.080   6.000   0.000   0.000   0.465   0.525   0.000   0.010   0.000   0.000   0.004   0.000
   0.081   6.000   0.000   0.000   0.465   0.525   0.000   0.010   0.000   0.000   0.004   0.000
   0.081   6.000   0.000   0.000   0.464   0.525   0.000   0.010   0.000   0.000   0.004   0.000
   0.082   6.000   0.000   0.000   0.464   0.525   0.000   0.010   0.000   0.000   0.004   0.000
   0.082   6.000   0.000   0.000   0.464   0.526   0.000   0.010   0.000   0.000   0.004   0.000
   0.083   6.000   0.000   0.000   0.464   0.526   0.000   0.010   0.000   0.000   0.004   0.000
   0.083   6.000   0.000   0.000   0.463   0.526   0.000   0.011   0.000   0.000   0.004   0.000
   0.084   6.000   0.000   0.000   0.463   0.526   0.000   0.011   0.000   0.000   0.004   0.000
   0.084   6.000   0.000   0.000   0.463   0.527   0.000   0.011   0.000   0.000   0.005   0.000
   0.085   6.000   0.000   0.000   0.462   0.527   0.000   0.011   0.000   0.000   0.005   0.000
   0.085   6.000   0.000   0.000   0.462   0.527   0.000   0.011   0.000   0.000   0.005   0.000
   0.086   6.000   0.000   0.000   0.462   0.528   0.000   0.011   0.000   0.000   0.005   0.000
   0.086   6.000   0.000   0.000   0.461   0.528   0.000   0.011   0.000   0.000   0.005   0.000
   0.087   6.000   0.000   0.000   0.461   0.528   0.000   0.011   0.000   0.000   0.005   0.000
   0.087   6.000   0.000   0.000   0.461   0.528   0.000   0.011   0.000   0.000   0.005   0.000
   0.088   6.000   0.000   0.000   0.460   0.529   0.000   0.011   0.000   0.000   0.005   0.000
   0.088   6.000   0.000   0.000   0.460   0.529   0.000   0.011   0.000   0.000   0.005   0.000
   0.089   6.000   0.000   0.000   0.460   0.529   0.000   0.011   0.000   0.000   0.005   0.000
   0.089   6.000   0.000   0.000   0.460   0.530   0.000   0.011   0.000   0.000   0.005   0.000
   0.090   6.000   0.000   0.000   0.459   0.530   0.000   0.011   0.000   0.000   0.005   0.000
   0.090   6.000   0.000   0.000   0.459   0.530   0.000   0.011   0.000   0.000   0.005   0.000
   0.091   6.000   0.000   0.000   0.459   0.531   0.000   0.011   0.000   0.000   0.006   0.000
   0.091   6.000   0.000   0.000   0.458   0.531   0.000   0.011   0.000   0.000   0.006   0.000
   0.092   6.000   0.000   0.000   0.458   0.531   0.000   0.011   0.000   0.000   0.006   0.000
   0.092   6.000   0.000   0.000   0.458   0.531   0.000   0.011   0.000   0.000   0.006   0.000
   0.093   6.000   0.000   0.000   0.457   0.532   0.000   0.011   0.000   0.000   0.006   0.000
   0.093   6.000   0.000   0.000   0.457   0.532   0.000   0.011   0.000   0.000   0.006   0.000
   0.094   6.000   0.000   0.000   0.457   0.532   0.000   0.011   0.000   0.000   0.006   0.000
   0.094   6.000   0.000   0.000   0.457   0.533   0.000   0.011   0.000   0.000   0.006   0.000
   0.095   6.000   0.000   0.000   0.456   0.533   0.000   0.011   0.000   0.000   0.006   0.000
   0.095   6.000   0.000   0.000   0.456   0.533   0.000   0.011   0.000   0.000   0.006   0.000
   0.096   6.000   0.000   0.000   0.456   0.534   0.000   0.011   0.000   0.000   0.006   0.000
   0.096   6.000   0.000   0.000   0.455   0.534   0.000   0.011   0.000   0.000   0.006   0.000
   0.097   6.000   0.000   0.000   0.455   0.534   0.000   0.011   0.000   0.000   0.006   0.000
   0.097   6.000   0.000   0.000   0.455   0.535   0.000   0.011   0.000   0.000   0.007   0.000
   0.098   6.000   0.000   0.000   0.454   0.535   0.000   0.011   0.000   0.000   0.007   0.000
   0.098   6.000   0.000   0.000   0.454   0.535   0.000   0.011   0.000   0.000   0.007   0.000
   0.099   6.000   0.000   0.000   0.454   0.535   0.000   0.011   0.000   0.000   0.007   0.000
   0.099   6.000   0.000   0.000   0.454   0.536   0.000   0.011   0.000   0.000   0.007   0.000
   0.100   6.000   0.000   0.000   0.453   0.536   0.000   0.011   0.000   0.000   0.007   0.000
   0.100   6.000   0.000   0.000   0.453   0.536   0.000   0.011   0.000   0.000   0.007   0.000
    STEP   AVACS   MODE1   MODE2   MODE3   MODE4
       1   6.000   0.457   0.543   0.000   0.000
       2   7.000   0.489   0.511   0.000   0.000
       3   6.000   0.473   0.527   0.000   0.000
       4   6.000   0.464   0.534   0.000   0.002
       5   5.000   0.396   0.601   0.000   0.003
       6   6.000   0.391   0.609   0.000   0.000
       7   7.000   0.366   0.633   0.000   0.000
       8   6.000   0.283   0.717   0.000   0.000
       9   6.000   0.135   0.864   0.000   0.000
      10   3.000   0.032   0.961   0.000   0.007
      11   4.000   0.052   0.947   0.000   0.001
      12   6.000   0.132   0.867   0.000   0.001
      13   7.000   0.183   0.816   0.000   0.001
      14   6.000   0.212   0.787   0.000   0.001
      15   5.000   0.220   0.779   0.000   0.001
      16   6.000   0.240   0.756   0.000   0.004
      17   5.000   0.310   0.682   0.000   0.008
      18   7.000   0.402   0.587   0.000   0.011
      19   6.000   0.453   0.536   0.000   0.011
      20   7.000   0.487   0.507   0.000   0.006
      21   6.000   0.473   0.527   0.000   0.000
      22   6.000   0.464   0.536   0.000   0.000
      23   5.000   0.396   0.604   0.000   0.000
      24   6.000   0.391   0.609   0.000   0.000
      25   7.000   0.366   0.633   0.000   0.000
      26   6.000   0.283   0.717   0.000   0.000
      27   6.000   0.135   0.864   0.000   0.000
      28   4.000   0.035   0.965   0.000   0.000
      29   4.000   0.051   0.948   0.000   0.000
      30   6.000   0.131   0.868   0.000   0.000
      31   7.000   0.182   0.817   0.000   0.000
      32   6.000   0.212   0.788   0.000   0.000
      33   5.000   0.220   0.779   0.001   0.000
      34   6.000   0.239   0.758   0.003   0.000
      35   5.000   0.314   0.686   0.000   0.000
      36   7.000   0.406   0.594   0.000   0.000
  STRAIN   AVACS   PRITW   SECTW   MODE1   MODE2   MODE3   MODE4   TWFR3   EFFR3   TWFR4   EFFR4
   0.100   6.000   0.000   0.000   0.453   0.536   0.000   0.011   0.000   0.000   0.007   0.000
   0.101   6.000   0.000   0.000   0.453   0.537   0.000   0.011   0.000   0.000   0.007   0.000
   0.101   6.000   0.000   0.000   0.452   0.537   0.000   0.011   0.000   0.000   0.007   0.000
   0.102   6.000   0.000   0.000   0.452   0.537   0.000   0.010   0.000   0.000   0.007   0.000
   0.102   6.000   0.000   0.000   0.452   0.538   0.000   0.010   0.000   0.000   0.007   0.000
   0.103   6.000   0.000   0.000   0.452   0.538   0.000   0.010   0.000   0.000   0.007   0.000
   0.103   6.000   0.000   0.000   0.451   0.538   0.000   0.010   0.000   0.000   0.007   0.000
   0.104   6.000   0.000   0.000   0.451   0.539   0.000   0.010   0.000   0.000   0.008   0.000
   0.104   6.000   0.000   0.000   0.451   0.539   0.000   0.010   0.000   0.000   0.008   0.000
   0.105   6.000   0.000   0.000   0.450   0.539   0.000   0.010   0.000   0.000   0.008   0.000
   0.105   6.000   0.000   0.000   0.450   0.540   0.000   0.010   0.000   0.000   0.008   0.000
   0.106   6.000   0.000   0.000   0.450   0.540   0.000   0.010   0.000   0.000   0.008   0.000
   0.106   6.000   0.000   0.000   0.450   0.540   0.000   0.010   0.000   0.000   0.008   0.000
   0.107   6.000   0.000   0.000   0.449   0.541   0.000   0.010   0.000   0.000   0.008   0.000
   0.107   6.000   0.000   0.000   0.449   0.541   0.000   0.010   0.000   0.000   0.008   0.000
   0.108   6.000   0.000   0.000   0.449   0.541   0.000   0.010   0.000   0.000   0.008   0.000
   0.108   6.000   0.000   0.000   0.448   0.542   0.000   0.010   0.000   0.000   0.008   0.000
   0.109   6.000   0.000   0.000   0.448   0.542   0.000   0.010   0.000   0.000   0.008   0.000
   0.109   6.000   0.000   0.000   0.448   0.542   0.000   0.010   0.000   0.000   0.008   0.000
   0.110   6.000   0.000   0.000   0.447   0.543   0.000   0.010   0.000   0.000   0.008   0.000
   0.110   6.000   0.000   0.000   0.447   0.543   0.000   0.010   0.000   0.000   0.009   0.000
   0.111   6.000   0.000   0.000   0.447   0.543   0.000   0.010   0.000   0.000   0.009   0.000
   0.111   6.000   0.000   0.000   0.447   0.544   0.000   0.010   0.000   0.000   0.009   0.000
   0.112   6.000   0.000   0.000   0.446   0.544   0.000   0.010   0.000   0.000   0.009   0.000
   0.112   6.000   0.000   0.000   0.446   0.544   0.000   0.010   0.000   0.000   0.009   0.000
   0.113   6.000   0.000   0.000   0.446   0.545   0.000   0.010   0.000   0.000   0.009   0.000
   0.113   6.000   0.000   0.000   0.445   0.545   0.000   0.010   0.000   0.000   0.009   0.000
   0.114   6.000   0.000   0.000   0.445   0.545   0.000   0.009   0.000   0.000   0.009   0.000
   0.114   6.000   0.000   0.000   0.445   0.546   0.000   0.009   0.000   0.000   0.009   0.000
   0.115   6.000   0.000   0.000   0.445   0.546   0.000   0.009   0.000   0.000   0.009   0.000
   0.115   6.000   0.000   0.000   0.444   0.546   0.000   0.009   0.000   0.000   0.009   0.000
   0.116   6.000   0.000   0.000   0.444   0.547   0.000   0.009   0.000   0.000   0.009   0.000
   0.116   6.000   0.000   0.000   0.444   0.547   0.000   0.009   0.000   0.000   0.009   0.000
   0.117   6.000   0.000   0.000   0.443   0.547   0.000   0.009   0.000   0.000   0.009   0.000
   0.117   6.000   0.000   0.000   0.443   0.548   0.000   0.009   0.000   0.000   0.010   0.000
   0.118   6.000   0.000   0.000   0.443   0.548   0.000   0.009   0.000   0.000   0.010   0.000
   0.118   6.000   0.000   0.000   0.443   0.548   0.000   0.009   0.000   0.000   0.010   0.000
   0.119   6.000   0.000   0.000   0.442   0.549   0.000   0.009   0.000   0.000   0.010   0.000
   0.119   6.000   0.000   0.000   0.442   0.549   0.000   0.009   0.000   0.000   0.010   0.000
   0.120   6.000   0.000   0.000   0.442   0.549   0.000   0.009   0.000   0.000   0.010   0.000
   0.120   6.000   0.000   0.000   0.442   0.550   0.000   0.009   0.000   0.000   0.010   0.000
   0.121   6.000   0.000   0.000   0.441   0.550   0.000   0.009   0.000   0.000   0.010   0.000
   0.121   6.000   0.000   0.000   0.441   0.550   0.000   0.009   0.000   0.000   0.010   0.000
   0.122   6.000   0.000   0.000   0.441   0.551   0.000   0.009   0.000   0.000   0.010   0.000
   0.122   6.000   0.000   0.000   0.440   0.551   0.000   0.009   0.000   0.000   0.010   0.000
   0.123   6.000   0.000   0.000   0.440   0.551   0.000   0.008   0.000   0.000   0.010   0.000
   0.123   6.000   0.000   0.000   0.440   0.552   0.000   0.008   0.000   0.000   0.010   0.000
   0.124   6.000   0.000   0.000   0.439   0.552   0.000   0.008   0.000   0.000   0.010   0.000
   0.124   6.000   0.000   0.000   0.439   0.552   0.000   0.008   0.000   0.000   0.010   0.000
   0.125   6.000   0.000   0.000   0.439   0.553   0.000   0.008   0.000   0.000   0.010   0.000
   0.125   6.000   0.000   0.000   0.439   0.553   0.000   0.008   0.000   0.000   0.011   0.000
    STEP   AVACS   MODE1   MODE2   MODE3   MODE4
       1   6.000   0.441   0.559   0.000   0.000
       2   7.000   0.475   0.525   0.000   0.000
       3   5.000   0.462   0.538   0.000   0.000
       4   6.000   0.454   0.545   0.000   0.002
       5   5.000   0.398   0.600   0.000   0.002
       6   6.000   0.380   0.620   0.000   0.000
       7   7.000   0.363   0.637   0.000   0.000
       8   7.000   0.281   0.719   0.000   0.000
       9   6.000   0.127   0.873   0.000   0.000
      10   3.000   0.030   0.965   0.000   0.005
      11   5.000   0.077   0.922   0.000   0.001
      12   7.000   0.147   0.853   0.000   0.001
      13   7.000   0.188   0.811   0.000   0.001
      14   6.000   0.209   0.790   0.000   0.000
      15   6.000   0.208   0.792   0.000   0.001
      16   6.000   0.212   0.785   0.000   0.003
      17   5.000   0.304   0.689   0.000   0.007
      18   7.000   0.387   0.604   0.000   0.009
      19   6.000   0.439   0.553   0.000   0.008
      20   7.000   0.473   0.522   0.000   0.005
      21   5.000   0.462   0.538   0.000   0.000
      22   6.000   0.453   0.546   0.001   0.000
      23   5.000   0.398   0.601   0.001   0.000
      24   6.000   0.380   0.620   0.000   0.000
      25   7.000   0.363   0.637   0.000   0.000
      26   7.000   0.281   0.719   0.000   0.000
      27   6.000   0.127   0.873   0.000   0.000
      28   3.000   0.032   0.968   0.000   0.000
      29   5.000   0.077   0.922   0.000   0.000
      30   7.000   0.146   0.853   0.001   0.000
      31   7.000   0.188   0.812   0.001   0.000
      32   6.000   0.209   0.790   0.001   0.000
      33   6.000   0.207   0.792   0.001   0.000
      34   6.000   0.209   0.786   0.005   0.000
      35   5.000   0.307   0.693   0.000   0.000
      36   7.000   0.391   0.609   0.000   0.000
