          Evm          Svm            E11          E22          E33          E23          E13          E12         SDEV11       SDEV22       SDEV33       SDEV23       SDEV13       SDEV12      TEMP
  0.00000E+00  0.45255E+03    0.00000E+00  0.00000E+00  0.00000E+00  0.00000E+00  0.00000E+00  0.00000E+00   -0.30980E+02 -0.12591E+03  0.15689E+03  0.19849E+03  0.81454E+02 -0.38975E+02      298.00
  0.26002E-03  0.46104E+03   -0.25000E-03 -0.25000E-03  0.50000E-03  0.00000E+00  0.00000E+00  0.00000E+00   -0.32964E+02 -0.12848E+03  0.16144E+03  0.20158E+03  0.82905E+02 -0.38924E+02      298.00
  0.52265E-03  0.46928E+03   -0.50000E-03 -0.50000E-03  0.10000E-02  0.00000E+00  0.00000E+00  0.00000E+00   -0.34747E+02 -0.13100E+03  0.16575E+03  0.20460E+03  0.84301E+02 -0.38978E+02      298.00
  0.78755E-03  0.47740E+03   -0.75000E-03 -0.75000E-03  0.15000E-02  0.00000E+00  0.00000E+00  0.00000E+00   -0.36619E+02 -0.13321E+03  0.16982E+03  0.20768E+03  0.85619E+02 -0.39297E+02      298.00
  0.10543E-02  0.48555E+03   -0.10000E-02 -0.10000E-02  0.20000E-02  0.00000E+00  0.00000E+00  0.00000E+00   -0.38066E+02 -0.13571E+03  0.17378E+03  0.21077E+03  0.87032E+02 -0.39442E+02      298.00
  0.13228E-02  0.49341E+03   -0.12500E-02 -0.12500E-02  0.25000E-02  0.00000E+00  0.00000E+00  0.00000E+00   -0.39473E+02 -0.13805E+03  0.17752E+03  0.21378E+03  0.88359E+02 -0.39730E+02      298.00
  0.15926E-02  0.50115E+03   -0.15000E-02 -0.15000E-02  0.30000E-02  0.00000E+00  0.00000E+00  0.00000E+00   -0.40766E+02 -0.14034E+03  0.18111E+03  0.21677E+03  0.89669E+02 -0.40065E+02      298.00
  0.18637E-02  0.50864E+03   -0.17500E-02 -0.17500E-02  0.35000E-02  0.00000E+00  0.00000E+00  0.00000E+00   -0.41853E+02 -0.14269E+03  0.18454E+03  0.21966E+03  0.90956E+02 -0.40374E+02      298.00
  0.21358E-02  0.51603E+03   -0.20000E-02 -0.20000E-02  0.40000E-02  0.00000E+00  0.00000E+00  0.00000E+00   -0.43108E+02 -0.14471E+03  0.18782E+03  0.22261E+03  0.92166E+02 -0.40917E+02      298.00
  0.24087E-02  0.52355E+03   -0.22500E-02 -0.22500E-02  0.45000E-02  0.00000E+00  0.00000E+00  0.00000E+00   -0.44081E+02 -0.14698E+03  0.19106E+03  0.22561E+03  0.93469E+02 -0.41300E+02      298.00
  0.26824E-02  0.53083E+03   -0.25000E-02 -0.25000E-02  0.50000E-02  0.00000E+00  0.00000E+00  0.00000E+00   -0.45041E+02 -0.14912E+03  0.19416E+03  0.22853E+03  0.94704E+02 -0.41786E+02      298.00
  0.29568E-02  0.53798E+03   -0.27500E-02 -0.27500E-02  0.55000E-02  0.00000E+00  0.00000E+00  0.00000E+00   -0.45906E+02 -0.15126E+03  0.19717E+03  0.23142E+03  0.95929E+02 -0.42264E+02      298.00
  0.32317E-02  0.54504E+03   -0.30000E-02 -0.30000E-02  0.60000E-02  0.00000E+00  0.00000E+00  0.00000E+00   -0.46713E+02 -0.15338E+03  0.20009E+03  0.23428E+03  0.97141E+02 -0.42763E+02      298.00
  0.35070E-02  0.55202E+03   -0.32500E-02 -0.32500E-02  0.65000E-02  0.00000E+00  0.00000E+00  0.00000E+00   -0.47470E+02 -0.15547E+03  0.20294E+03  0.23712E+03  0.98339E+02 -0.43281E+02      298.00
  0.37827E-02  0.55890E+03   -0.35000E-02 -0.35000E-02  0.70000E-02  0.00000E+00  0.00000E+00  0.00000E+00   -0.48179E+02 -0.15753E+03  0.20571E+03  0.23994E+03  0.99524E+02 -0.43811E+02      298.00
  0.40588E-02  0.56570E+03   -0.37500E-02 -0.37500E-02  0.75000E-02  0.00000E+00  0.00000E+00  0.00000E+00   -0.48843E+02 -0.15958E+03  0.20842E+03  0.24273E+03  0.10069E+03 -0.44350E+02      298.00
  0.43351E-02  0.57240E+03   -0.40000E-02 -0.40000E-02  0.80000E-02  0.00000E+00  0.00000E+00  0.00000E+00   -0.49469E+02 -0.16160E+03  0.21107E+03  0.24550E+03  0.10185E+03 -0.44898E+02      298.00
  0.46116E-02  0.57901E+03   -0.42500E-02 -0.42500E-02  0.85000E-02  0.00000E+00  0.00000E+00  0.00000E+00   -0.50062E+02 -0.16360E+03  0.21366E+03  0.24823E+03  0.10299E+03 -0.45453E+02      298.00
  0.48884E-02  0.58553E+03   -0.45000E-02 -0.45000E-02  0.90000E-02  0.00000E+00  0.00000E+00  0.00000E+00   -0.50625E+02 -0.16557E+03  0.21619E+03  0.25093E+03  0.10411E+03 -0.46016E+02      298.00
  0.51653E-02  0.59196E+03   -0.47500E-02 -0.47500E-02  0.95000E-02  0.00000E+00  0.00000E+00  0.00000E+00   -0.51162E+02 -0.16752E+03  0.21868E+03  0.25360E+03  0.10522E+03 -0.46583E+02      298.00
  0.54424E-02  0.59830E+03   -0.50000E-02 -0.50000E-02  0.10000E-01  0.00000E+00  0.00000E+00  0.00000E+00   -0.51676E+02 -0.16944E+03  0.22112E+03  0.25624E+03  0.10631E+03 -0.47154E+02      298.00
  0.57196E-02  0.60456E+03   -0.52500E-02 -0.52500E-02  0.10500E-01  0.00000E+00  0.00000E+00  0.00000E+00   -0.52168E+02 -0.17135E+03  0.22352E+03  0.25885E+03  0.10739E+03 -0.47728E+02      298.00
  0.59968E-02  0.61074E+03   -0.55000E-02 -0.55000E-02  0.11000E-01  0.00000E+00  0.00000E+00  0.00000E+00   -0.52641E+02 -0.17323E+03  0.22587E+03  0.26142E+03  0.10845E+03 -0.48303E+02      298.00
  0.62742E-02  0.61684E+03   -0.57500E-02 -0.57500E-02  0.11500E-01  0.00000E+00  0.00000E+00  0.00000E+00   -0.53096E+02 -0.17509E+03  0.22819E+03  0.26397E+03  0.10950E+03 -0.48878E+02      298.00
  0.65517E-02  0.62285E+03   -0.60000E-02 -0.60000E-02  0.12000E-01  0.00000E+00  0.00000E+00  0.00000E+00   -0.53537E+02 -0.17693E+03  0.23047E+03  0.26648E+03  0.11053E+03 -0.49453E+02      298.00
  0.68292E-02  0.62879E+03   -0.62500E-02 -0.62500E-02  0.12500E-01  0.00000E+00  0.00000E+00  0.00000E+00   -0.53962E+02 -0.17875E+03  0.23272E+03  0.26895E+03  0.11155E+03 -0.50026E+02      298.00
  0.71068E-02  0.63465E+03   -0.65000E-02 -0.65000E-02  0.13000E-01  0.00000E+00  0.00000E+00  0.00000E+00   -0.54376E+02 -0.18055E+03  0.23493E+03  0.27140E+03  0.11255E+03 -0.50598E+02      298.00
  0.73844E-02  0.64043E+03   -0.67500E-02 -0.67500E-02  0.13500E-01  0.00000E+00  0.00000E+00  0.00000E+00   -0.54777E+02 -0.18234E+03  0.23711E+03  0.27381E+03  0.11354E+03 -0.51168E+02      298.00
  0.76621E-02  0.64613E+03   -0.70000E-02 -0.70000E-02  0.14000E-01  0.00000E+00  0.00000E+00  0.00000E+00   -0.55168E+02 -0.18410E+03  0.23927E+03  0.27619E+03  0.11452E+03 -0.51735E+02      298.00
  0.79398E-02  0.65177E+03   -0.72500E-02 -0.72500E-02  0.14500E-01  0.00000E+00  0.00000E+00  0.00000E+00   -0.55550E+02 -0.18584E+03  0.24139E+03  0.27854E+03  0.11548E+03 -0.52299E+02      298.00
  0.82176E-02  0.65774E+03   -0.75000E-02 -0.75000E-02  0.15000E-01  0.00000E+00  0.00000E+00  0.00000E+00   -0.55949E+02 -0.18762E+03  0.24357E+03  0.28109E+03  0.11654E+03 -0.52803E+02      298.00
  0.84953E-02  0.66322E+03   -0.77500E-02 -0.77500E-02  0.15500E-01  0.00000E+00  0.00000E+00  0.00000E+00   -0.56306E+02 -0.18933E+03  0.24564E+03  0.28337E+03  0.11747E+03 -0.53352E+02      298.00
  0.87731E-02  0.66864E+03   -0.80000E-02 -0.80000E-02  0.16000E-01  0.00000E+00  0.00000E+00  0.00000E+00   -0.56658E+02 -0.19103E+03  0.24769E+03  0.28562E+03  0.11839E+03 -0.53899E+02      298.00
  0.90509E-02  0.67398E+03   -0.82500E-02 -0.82500E-02  0.16500E-01  0.00000E+00  0.00000E+00  0.00000E+00   -0.57005E+02 -0.19270E+03  0.24971E+03  0.28784E+03  0.11930E+03 -0.54444E+02      298.00
  0.93288E-02  0.67925E+03   -0.85000E-02 -0.85000E-02  0.17000E-01  0.00000E+00  0.00000E+00  0.00000E+00   -0.57347E+02 -0.19436E+03  0.25171E+03  0.29002E+03  0.12020E+03 -0.54985E+02      298.00
  0.96067E-02  0.68446E+03   -0.87500E-02 -0.87500E-02  0.17500E-01  0.00000E+00  0.00000E+00  0.00000E+00   -0.57684E+02 -0.19600E+03  0.25369E+03  0.29218E+03  0.12108E+03 -0.55522E+02      298.00
  0.98847E-02  0.68960E+03   -0.90000E-02 -0.90000E-02  0.18000E-01  0.00000E+00  0.00000E+00  0.00000E+00   -0.58018E+02 -0.19763E+03  0.25564E+03  0.29430E+03  0.12195E+03 -0.56055E+02      298.00
  0.10163E-01  0.69467E+03   -0.92500E-02 -0.92500E-02  0.18500E-01  0.00000E+00  0.00000E+00  0.00000E+00   -0.58346E+02 -0.19923E+03  0.25758E+03  0.29640E+03  0.12281E+03 -0.56584E+02      298.00
  0.10441E-01  0.69968E+03   -0.95000E-02 -0.95000E-02  0.19000E-01  0.00000E+00  0.00000E+00  0.00000E+00   -0.58671E+02 -0.20082E+03  0.25949E+03  0.29846E+03  0.12365E+03 -0.57108E+02      298.00
  0.10719E-01  0.70463E+03   -0.97500E-02 -0.97500E-02  0.19500E-01  0.00000E+00  0.00000E+00  0.00000E+00   -0.58993E+02 -0.20239E+03  0.26139E+03  0.30050E+03  0.12448E+03 -0.57627E+02      298.00
  0.10997E-01  0.70909E+03   -0.10000E-01 -0.10000E-01  0.20000E-01  0.00000E+00  0.00000E+00  0.00000E+00   -0.59327E+02 -0.20376E+03  0.26308E+03  0.30237E+03  0.12526E+03 -0.58022E+02      298.00
  0.11275E-01  0.71392E+03   -0.10250E-01 -0.10250E-01  0.20500E-01  0.00000E+00  0.00000E+00  0.00000E+00   -0.59636E+02 -0.20530E+03  0.26494E+03  0.30435E+03  0.12607E+03 -0.58524E+02      298.00
  0.11554E-01  0.71868E+03   -0.10500E-01 -0.10500E-01  0.21000E-01  0.00000E+00  0.00000E+00  0.00000E+00   -0.59943E+02 -0.20684E+03  0.26678E+03  0.30630E+03  0.12687E+03 -0.59027E+02      298.00
  0.11832E-01  0.72339E+03   -0.10750E-01 -0.10750E-01  0.21500E-01  0.00000E+00  0.00000E+00  0.00000E+00   -0.60249E+02 -0.20835E+03  0.26860E+03  0.30822E+03  0.12765E+03 -0.59527E+02      298.00
  0.12111E-01  0.72803E+03   -0.11000E-01 -0.11000E-01  0.22000E-01  0.00000E+00  0.00000E+00  0.00000E+00   -0.60554E+02 -0.20985E+03  0.27041E+03  0.31011E+03  0.12843E+03 -0.60022E+02      298.00
  0.12389E-01  0.73262E+03   -0.11250E-01 -0.11250E-01  0.22500E-01  0.00000E+00  0.00000E+00  0.00000E+00   -0.60857E+02 -0.21134E+03  0.27219E+03  0.31198E+03  0.12919E+03 -0.60512E+02      298.00
  0.12668E-01  0.73714E+03   -0.11500E-01 -0.11500E-01  0.23000E-01  0.00000E+00  0.00000E+00  0.00000E+00   -0.61158E+02 -0.21280E+03  0.27396E+03  0.31381E+03  0.12994E+03 -0.60998E+02      298.00
  0.12947E-01  0.74161E+03   -0.11750E-01 -0.11750E-01  0.23500E-01  0.00000E+00  0.00000E+00  0.00000E+00   -0.61457E+02 -0.21426E+03  0.27572E+03  0.31562E+03  0.13068E+03 -0.61479E+02      298.00
  0.13225E-01  0.74601E+03   -0.12000E-01 -0.12000E-01  0.24000E-01  0.00000E+00  0.00000E+00  0.00000E+00   -0.61754E+02 -0.21570E+03  0.27745E+03  0.31741E+03  0.13141E+03 -0.61954E+02      298.00
  0.13504E-01  0.75037E+03   -0.12250E-01 -0.12250E-01  0.24500E-01  0.00000E+00  0.00000E+00  0.00000E+00   -0.62050E+02 -0.21712E+03  0.27917E+03  0.31916E+03  0.13213E+03 -0.62424E+02      298.00
  0.13783E-01  0.75466E+03   -0.12500E-01 -0.12500E-01  0.25000E-01  0.00000E+00  0.00000E+00  0.00000E+00   -0.62343E+02 -0.21853E+03  0.28087E+03  0.32089E+03  0.13284E+03 -0.62890E+02      298.00
          Evm          Svm            E11          E22          E33          E23          E13          E12         SDEV11       SDEV22       SDEV33       SDEV23       SDEV13       SDEV12      TEMP
  0.13783E-01  0.75467E+03   -0.12500E-01 -0.12500E-01  0.25000E-01  0.00000E+00  0.00000E+00  0.00000E+00   -0.62430E+02 -0.21855E+03  0.28098E+03  0.32082E+03  0.13273E+03 -0.63200E+02      298.00
  0.14063E-01  0.75891E+03   -0.12750E-01 -0.12750E-01  0.25500E-01  0.00000E+00  0.00000E+00  0.00000E+00   -0.62637E+02 -0.21993E+03  0.28256E+03  0.32260E+03  0.13353E+03 -0.63357E+02      298.00
  0.14342E-01  0.76309E+03   -0.13000E-01 -0.13000E-01  0.26000E-01  0.00000E+00  0.00000E+00  0.00000E+00   -0.62925E+02 -0.22131E+03  0.28423E+03  0.32427E+03  0.13422E+03 -0.63805E+02      298.00
  0.14621E-01  0.76722E+03   -0.13250E-01 -0.13250E-01  0.26500E-01  0.00000E+00  0.00000E+00  0.00000E+00   -0.63212E+02 -0.22268E+03  0.28589E+03  0.32593E+03  0.13490E+03 -0.64255E+02      298.00
  0.14901E-01  0.77130E+03   -0.13500E-01 -0.13500E-01  0.27000E-01  0.00000E+00  0.00000E+00  0.00000E+00   -0.63499E+02 -0.22403E+03  0.28753E+03  0.32755E+03  0.13556E+03 -0.64701E+02      298.00
  0.15180E-01  0.77533E+03   -0.13750E-01 -0.13750E-01  0.27500E-01  0.00000E+00  0.00000E+00  0.00000E+00   -0.63784E+02 -0.22538E+03  0.28916E+03  0.32915E+03  0.13622E+03 -0.65141E+02      298.00
  0.15460E-01  0.77931E+03   -0.14000E-01 -0.14000E-01  0.28000E-01  0.00000E+00  0.00000E+00  0.00000E+00   -0.64068E+02 -0.22670E+03  0.29077E+03  0.33073E+03  0.13687E+03 -0.65576E+02      298.00
  0.15740E-01  0.78324E+03   -0.14250E-01 -0.14250E-01  0.28500E-01  0.00000E+00  0.00000E+00  0.00000E+00   -0.64350E+02 -0.22802E+03  0.29237E+03  0.33229E+03  0.13750E+03 -0.66007E+02      298.00
  0.16020E-01  0.78711E+03   -0.14500E-01 -0.14500E-01  0.29000E-01  0.00000E+00  0.00000E+00  0.00000E+00   -0.64631E+02 -0.22932E+03  0.29396E+03  0.33382E+03  0.13813E+03 -0.66432E+02      298.00
  0.16300E-01  0.79094E+03   -0.14750E-01 -0.14750E-01  0.29500E-01  0.00000E+00  0.00000E+00  0.00000E+00   -0.64911E+02 -0.23061E+03  0.29553E+03  0.33532E+03  0.13875E+03 -0.66853E+02      298.00
  0.16580E-01  0.79472E+03   -0.15000E-01 -0.15000E-01  0.30000E-01  0.00000E+00  0.00000E+00  0.00000E+00   -0.65189E+02 -0.23189E+03  0.29708E+03  0.33681E+03  0.13936E+03 -0.67269E+02      298.00
  0.16861E-01  0.79845E+03   -0.15250E-01 -0.15250E-01  0.30500E-01  0.00000E+00  0.00000E+00  0.00000E+00   -0.65466E+02 -0.23316E+03  0.29863E+03  0.33827E+03  0.13996E+03 -0.67681E+02      298.00
  0.17141E-01  0.80213E+03   -0.15500E-01 -0.15500E-01  0.31000E-01  0.00000E+00  0.00000E+00  0.00000E+00   -0.65742E+02 -0.23441E+03  0.30015E+03  0.33971E+03  0.14055E+03 -0.68088E+02      298.00
  0.17422E-01  0.80577E+03   -0.15750E-01 -0.15750E-01  0.31500E-01  0.00000E+00  0.00000E+00  0.00000E+00   -0.66016E+02 -0.23566E+03  0.30167E+03  0.34112E+03  0.14113E+03 -0.68490E+02      298.00
  0.17702E-01  0.80936E+03   -0.16000E-01 -0.16000E-01  0.32000E-01  0.00000E+00  0.00000E+00  0.00000E+00   -0.66290E+02 -0.23689E+03  0.30318E+03  0.34251E+03  0.14170E+03 -0.68888E+02      298.00
  0.17983E-01  0.81290E+03   -0.16250E-01 -0.16250E-01  0.32500E-01  0.00000E+00  0.00000E+00  0.00000E+00   -0.66562E+02 -0.23810E+03  0.30467E+03  0.34389E+03  0.14226E+03 -0.69281E+02      298.00
  0.18265E-01  0.81640E+03   -0.16500E-01 -0.16500E-01  0.33000E-01  0.00000E+00  0.00000E+00  0.00000E+00   -0.66833E+02 -0.23931E+03  0.30614E+03  0.34524E+03  0.14282E+03 -0.69670E+02      298.00
  0.18546E-01  0.81985E+03   -0.16750E-01 -0.16750E-01  0.33500E-01  0.00000E+00  0.00000E+00  0.00000E+00   -0.67103E+02 -0.24051E+03  0.30761E+03  0.34656E+03  0.14336E+03 -0.70054E+02      298.00
  0.18827E-01  0.82326E+03   -0.17000E-01 -0.17000E-01  0.34000E-01  0.00000E+00  0.00000E+00  0.00000E+00   -0.67372E+02 -0.24169E+03  0.30906E+03  0.34787E+03  0.14390E+03 -0.70435E+02      298.00
  0.19109E-01  0.82663E+03   -0.17250E-01 -0.17250E-01  0.34500E-01  0.00000E+00  0.00000E+00  0.00000E+00   -0.67640E+02 -0.24286E+03  0.31050E+03  0.34916E+03  0.14443E+03 -0.70811E+02      298.00
  0.19390E-01  0.82995E+03   -0.17500E-01 -0.17500E-01  0.35000E-01  0.00000E+00  0.00000E+00  0.00000E+00   -0.67907E+02 -0.24403E+03  0.31193E+03  0.35042E+03  0.14495E+03 -0.71182E+02      298.00
  0.19672E-01  0.83323E+03   -0.17750E-01 -0.17750E-01  0.35500E-01  0.00000E+00  0.00000E+00  0.00000E+00   -0.68173E+02 -0.24518E+03  0.31335E+03  0.35167E+03  0.14546E+03 -0.71550E+02      298.00
  0.19954E-01  0.83647E+03   -0.18000E-01 -0.18000E-01  0.36000E-01  0.00000E+00  0.00000E+00  0.00000E+00   -0.68438E+02 -0.24632E+03  0.31476E+03  0.35290E+03  0.14597E+03 -0.71913E+02      298.00
  0.20237E-01  0.83967E+03   -0.18250E-01 -0.18250E-01  0.36500E-01  0.00000E+00  0.00000E+00  0.00000E+00   -0.68702E+02 -0.24745E+03  0.31615E+03  0.35410E+03  0.14646E+03 -0.72273E+02      298.00
  0.20519E-01  0.84282E+03   -0.18500E-01 -0.18500E-01  0.37000E-01  0.00000E+00  0.00000E+00  0.00000E+00   -0.68964E+02 -0.24857E+03  0.31753E+03  0.35529E+03  0.14695E+03 -0.72628E+02      298.00
  0.20802E-01  0.84594E+03   -0.18750E-01 -0.18750E-01  0.37500E-01  0.00000E+00  0.00000E+00  0.00000E+00   -0.69226E+02 -0.24968E+03  0.31890E+03  0.35646E+03  0.14744E+03 -0.72980E+02      298.00
  0.21084E-01  0.84902E+03   -0.19000E-01 -0.19000E-01  0.38000E-01  0.00000E+00  0.00000E+00  0.00000E+00   -0.69488E+02 -0.25078E+03  0.32026E+03  0.35760E+03  0.14791E+03 -0.73327E+02      298.00
  0.21367E-01  0.85259E+03   -0.19250E-01 -0.19250E-01  0.38500E-01  0.00000E+00  0.00000E+00  0.00000E+00   -0.69774E+02 -0.25196E+03  0.32173E+03  0.35902E+03  0.14851E+03 -0.73631E+02      298.00
  0.21650E-01  0.85559E+03   -0.19500E-01 -0.19500E-01  0.39000E-01  0.00000E+00  0.00000E+00  0.00000E+00   -0.70030E+02 -0.25305E+03  0.32308E+03  0.36013E+03  0.14896E+03 -0.73974E+02      298.00
  0.21933E-01  0.85854E+03   -0.19750E-01 -0.19750E-01  0.39500E-01  0.00000E+00  0.00000E+00  0.00000E+00   -0.70289E+02 -0.25411E+03  0.32440E+03  0.36122E+03  0.14941E+03 -0.74311E+02      298.00
  0.22217E-01  0.86146E+03   -0.20000E-01 -0.20000E-01  0.40000E-01  0.00000E+00  0.00000E+00  0.00000E+00   -0.70546E+02 -0.25517E+03  0.32572E+03  0.36229E+03  0.14985E+03 -0.74644E+02      298.00
  0.22500E-01  0.86434E+03   -0.20250E-01 -0.20250E-01  0.40500E-01  0.00000E+00  0.00000E+00  0.00000E+00   -0.70803E+02 -0.25622E+03  0.32702E+03  0.36334E+03  0.15029E+03 -0.74974E+02      298.00
  0.22784E-01  0.86718E+03   -0.20500E-01 -0.20500E-01  0.41000E-01  0.00000E+00  0.00000E+00  0.00000E+00   -0.71059E+02 -0.25726E+03  0.32832E+03  0.36438E+03  0.15072E+03 -0.75300E+02      298.00
  0.23068E-01  0.86999E+03   -0.20750E-01 -0.20750E-01  0.41500E-01  0.00000E+00  0.00000E+00  0.00000E+00   -0.71314E+02 -0.25829E+03  0.32960E+03  0.36540E+03  0.15114E+03 -0.75623E+02      298.00
  0.23352E-01  0.87276E+03   -0.21000E-01 -0.21000E-01  0.42000E-01  0.00000E+00  0.00000E+00  0.00000E+00   -0.71568E+02 -0.25931E+03  0.33088E+03  0.36640E+03  0.15155E+03 -0.75942E+02      298.00
  0.23637E-01  0.87550E+03   -0.21250E-01 -0.21250E-01  0.42500E-01  0.00000E+00  0.00000E+00  0.00000E+00   -0.71821E+02 -0.26032E+03  0.33214E+03  0.36738E+03  0.15196E+03 -0.76257E+02      298.00
  0.23921E-01  0.87820E+03   -0.21500E-01 -0.21500E-01  0.43000E-01  0.00000E+00  0.00000E+00  0.00000E+00   -0.72074E+02 -0.26132E+03  0.33340E+03  0.36835E+03  0.15236E+03 -0.76569E+02      298.00
  0.24206E-01  0.88087E+03   -0.21750E-01 -0.21750E-01  0.43500E-01  0.00000E+00  0.00000E+00  0.00000E+00   -0.72325E+02 -0.26232E+03  0.33464E+03  0.36930E+03  0.15276E+03 -0.76878E+02      298.00
  0.24491E-01  0.88350E+03   -0.22000E-01 -0.22000E-01  0.44000E-01  0.00000E+00  0.00000E+00  0.00000E+00   -0.72576E+02 -0.26330E+03  0.33588E+03  0.37024E+03  0.15314E+03 -0.77183E+02      298.00
  0.24776E-01  0.88610E+03   -0.22250E-01 -0.22250E-01  0.44500E-01  0.00000E+00  0.00000E+00  0.00000E+00   -0.72826E+02 -0.26428E+03  0.33710E+03  0.37116E+03  0.15353E+03 -0.77484E+02      298.00
  0.25061E-01  0.88867E+03   -0.22500E-01 -0.22500E-01  0.45000E-01  0.00000E+00  0.00000E+00  0.00000E+00   -0.73075E+02 -0.26525E+03  0.33832E+03  0.37206E+03  0.15390E+03 -0.77782E+02      298.00
  0.25347E-01  0.89120E+03   -0.22750E-01 -0.22750E-01  0.45500E-01  0.00000E+00  0.00000E+00  0.00000E+00   -0.73324E+02 -0.26621E+03  0.33953E+03  0.37295E+03  0.15427E+03 -0.78078E+02      298.00
  0.25632E-01  0.89370E+03   -0.23000E-01 -0.23000E-01  0.46000E-01  0.00000E+00  0.00000E+00  0.00000E+00   -0.73571E+02 -0.26716E+03  0.34073E+03  0.37382E+03  0.15463E+03 -0.78369E+02      298.00
  0.25918E-01  0.89617E+03   -0.23250E-01 -0.23250E-01  0.46500E-01  0.00000E+00  0.00000E+00  0.00000E+00   -0.73818E+02 -0.26810E+03  0.34192E+03  0.37468E+03  0.15499E+03 -0.78658E+02      298.00
  0.26205E-01  0.89861E+03   -0.23500E-01 -0.23500E-01  0.47000E-01  0.00000E+00  0.00000E+00  0.00000E+00   -0.74065E+02 -0.26903E+03  0.34310E+03  0.37552E+03  0.15534E+03 -0.78943E+02      298.00
  0.26491E-01  0.90102E+03   -0.23750E-01 -0.23750E-01  0.47500E-01  0.00000E+00  0.00000E+00  0.00000E+00   -0.74310E+02 -0.26996E+03  0.34427E+03  0.37634E+03  0.15568E+03 -0.79226E+02      298.00
  0.26777E-01  0.90339E+03   -0.24000E-01 -0.24000E-01  0.48000E-01  0.00000E+00  0.00000E+00  0.00000E+00   -0.74555E+02 -0.27088E+03  0.34543E+03  0.37716E+03  0.15602E+03 -0.79505E+02      298.00
  0.27064E-01  0.90574E+03   -0.24250E-01 -0.24250E-01  0.48500E-01  0.00000E+00  0.00000E+00  0.00000E+00   -0.74799E+02 -0.27179E+03  0.34659E+03  0.37795E+03  0.15636E+03 -0.79781E+02      298.00
  0.27351E-01  0.90806E+03   -0.24500E-01 -0.24500E-01  0.49000E-01  0.00000E+00  0.00000E+00  0.00000E+00   -0.75042E+02 -0.27269E+03  0.34774E+03  0.37874E+03  0.15668E+03 -0.80054E+02      298.00
  0.27638E-01  0.91035E+03   -0.24750E-01 -0.24750E-01  0.49500E-01  0.00000E+00  0.00000E+00  0.00000E+00   -0.75285E+02 -0.27359E+03  0.34887E+03  0.37951E+03  0.15700E+03 -0.80324E+02      298.00
  0.27926E-01  0.91288E+03   -0.25000E-01 -0.25000E-01  0.50000E-01  0.00000E+00  0.00000E+00  0.00000E+00   -0.75381E+02 -0.27481E+03  0.35019E+03  0.38027E+03  0.15737E+03 -0.80622E+02      298.00
          Evm          Svm            E11          E22          E33          E23          E13          E12         SDEV11       SDEV22       SDEV33       SDEV23       SDEV13       SDEV12      TEMP
  0.27926E-01  0.91228E+03   -0.25000E-01 -0.25000E-01  0.50000E-01  0.00000E+00  0.00000E+00  0.00000E+00   -0.75591E+02 -0.27439E+03  0.34999E+03  0.38005E+03  0.15717E+03 -0.80811E+02      298.00
  0.28214E-01  0.91512E+03   -0.25250E-01 -0.25250E-01  0.50500E-01  0.00000E+00  0.00000E+00  0.00000E+00   -0.75637E+02 -0.27567E+03  0.35131E+03  0.38102E+03  0.15767E+03 -0.80902E+02      298.00
  0.28502E-01  0.91706E+03   -0.25500E-01 -0.25500E-01  0.51000E-01  0.00000E+00  0.00000E+00  0.00000E+00   -0.76004E+02 -0.27624E+03  0.35224E+03  0.38174E+03  0.15794E+03 -0.81111E+02      298.00
  0.28790E-01  0.91948E+03   -0.25750E-01 -0.25750E-01  0.51500E-01  0.00000E+00  0.00000E+00  0.00000E+00   -0.76105E+02 -0.27742E+03  0.35352E+03  0.38246E+03  0.15828E+03 -0.81401E+02      298.00
  0.29078E-01  0.92165E+03   -0.26000E-01 -0.26000E-01  0.52000E-01  0.00000E+00  0.00000E+00  0.00000E+00   -0.76338E+02 -0.27828E+03  0.35462E+03  0.38317E+03  0.15859E+03 -0.81642E+02      298.00
  0.29367E-01  0.92377E+03   -0.26250E-01 -0.26250E-01  0.52500E-01  0.00000E+00  0.00000E+00  0.00000E+00   -0.76575E+02 -0.27914E+03  0.35571E+03  0.38386E+03  0.15888E+03 -0.81891E+02      298.00
  0.29655E-01  0.92586E+03   -0.26500E-01 -0.26500E-01  0.53000E-01  0.00000E+00  0.00000E+00  0.00000E+00   -0.76812E+02 -0.27998E+03  0.35679E+03  0.38453E+03  0.15916E+03 -0.82139E+02      298.00
  0.29944E-01  0.92793E+03   -0.26750E-01 -0.26750E-01  0.53500E-01  0.00000E+00  0.00000E+00  0.00000E+00   -0.77049E+02 -0.28082E+03  0.35787E+03  0.38520E+03  0.15944E+03 -0.82385E+02      298.00
  0.30234E-01  0.92997E+03   -0.27000E-01 -0.27000E-01  0.54000E-01  0.00000E+00  0.00000E+00  0.00000E+00   -0.77285E+02 -0.28165E+03  0.35893E+03  0.38585E+03  0.15972E+03 -0.82628E+02      298.00
  0.30523E-01  0.93198E+03   -0.27250E-01 -0.27250E-01  0.54500E-01  0.00000E+00  0.00000E+00  0.00000E+00   -0.77521E+02 -0.28247E+03  0.35999E+03  0.38649E+03  0.15999E+03 -0.82869E+02      298.00
  0.30813E-01  0.93397E+03   -0.27500E-01 -0.27500E-01  0.55000E-01  0.00000E+00  0.00000E+00  0.00000E+00   -0.77756E+02 -0.28329E+03  0.36105E+03  0.38711E+03  0.16025E+03 -0.83107E+02      298.00
  0.31103E-01  0.93594E+03   -0.27750E-01 -0.27750E-01  0.55500E-01  0.00000E+00  0.00000E+00  0.00000E+00   -0.77990E+02 -0.28410E+03  0.36209E+03  0.38772E+03  0.16051E+03 -0.83343E+02      298.00
  0.31393E-01  0.93788E+03   -0.28000E-01 -0.28000E-01  0.56000E-01  0.00000E+00  0.00000E+00  0.00000E+00   -0.78225E+02 -0.28491E+03  0.36313E+03  0.38833E+03  0.16076E+03 -0.83577E+02      298.00
  0.31683E-01  0.93979E+03   -0.28250E-01 -0.28250E-01  0.56500E-01  0.00000E+00  0.00000E+00  0.00000E+00   -0.78458E+02 -0.28570E+03  0.36416E+03  0.38892E+03  0.16101E+03 -0.83808E+02      298.00
  0.31974E-01  0.94168E+03   -0.28500E-01 -0.28500E-01  0.57000E-01  0.00000E+00  0.00000E+00  0.00000E+00   -0.78692E+02 -0.28649E+03  0.36519E+03  0.38949E+03  0.16126E+03 -0.84037E+02      298.00
  0.32265E-01  0.94355E+03   -0.28750E-01 -0.28750E-01  0.57500E-01  0.00000E+00  0.00000E+00  0.00000E+00   -0.78924E+02 -0.28728E+03  0.36620E+03  0.39006E+03  0.16150E+03 -0.84264E+02      298.00
  0.32556E-01  0.94539E+03   -0.29000E-01 -0.29000E-01  0.58000E-01  0.00000E+00  0.00000E+00  0.00000E+00   -0.79157E+02 -0.28806E+03  0.36721E+03  0.39062E+03  0.16174E+03 -0.84489E+02      298.00
  0.32847E-01  0.94721E+03   -0.29250E-01 -0.29250E-01  0.58500E-01  0.00000E+00  0.00000E+00  0.00000E+00   -0.79389E+02 -0.28883E+03  0.36822E+03  0.39116E+03  0.16197E+03 -0.84712E+02      298.00
  0.33139E-01  0.94901E+03   -0.29500E-01 -0.29500E-01  0.59000E-01  0.00000E+00  0.00000E+00  0.00000E+00   -0.79620E+02 -0.28960E+03  0.36922E+03  0.39169E+03  0.16219E+03 -0.84932E+02      298.00
  0.33430E-01  0.95078E+03   -0.29750E-01 -0.29750E-01  0.59500E-01  0.00000E+00  0.00000E+00  0.00000E+00   -0.79851E+02 -0.29036E+03  0.37021E+03  0.39221E+03  0.16242E+03 -0.85151E+02      298.00
  0.33723E-01  0.95253E+03   -0.30000E-01 -0.30000E-01  0.60000E-01  0.00000E+00  0.00000E+00  0.00000E+00   -0.80082E+02 -0.29111E+03  0.37119E+03  0.39272E+03  0.16263E+03 -0.85367E+02      298.00
  0.34015E-01  0.95427E+03   -0.30250E-01 -0.30250E-01  0.60500E-01  0.00000E+00  0.00000E+00  0.00000E+00   -0.80312E+02 -0.29186E+03  0.37217E+03  0.39322E+03  0.16285E+03 -0.85581E+02      298.00
  0.34307E-01  0.95597E+03   -0.30500E-01 -0.30500E-01  0.61000E-01  0.00000E+00  0.00000E+00  0.00000E+00   -0.80542E+02 -0.29260E+03  0.37314E+03  0.39371E+03  0.16306E+03 -0.85794E+02      298.00
  0.34600E-01  0.95704E+03   -0.30750E-01 -0.30750E-01  0.61500E-01  0.00000E+00  0.00000E+00  0.00000E+00   -0.80584E+02 -0.29338E+03  0.37396E+03  0.39383E+03  0.16317E+03 -0.85899E+02      298.00
  0.34893E-01  0.95934E+03   -0.31000E-01 -0.31000E-01  0.62000E-01  0.00000E+00  0.00000E+00  0.00000E+00   -0.80993E+02 -0.29409E+03  0.37508E+03  0.39467E+03  0.16347E+03 -0.86212E+02      298.00
  0.35186E-01  0.96037E+03   -0.31250E-01 -0.31250E-01  0.62500E-01  0.00000E+00  0.00000E+00  0.00000E+00   -0.81045E+02 -0.29484E+03  0.37588E+03  0.39477E+03  0.16357E+03 -0.86313E+02      298.00
  0.35480E-01  0.96200E+03   -0.31500E-01 -0.31500E-01  0.63000E-01  0.00000E+00  0.00000E+00  0.00000E+00   -0.81265E+02 -0.29557E+03  0.37683E+03  0.39522E+03  0.16376E+03 -0.86514E+02      298.00
  0.35774E-01  0.96362E+03   -0.31750E-01 -0.31750E-01  0.63500E-01  0.00000E+00  0.00000E+00  0.00000E+00   -0.81495E+02 -0.29628E+03  0.37778E+03  0.39566E+03  0.16395E+03 -0.86717E+02      298.00
  0.36068E-01  0.96521E+03   -0.32000E-01 -0.32000E-01  0.64000E-01  0.00000E+00  0.00000E+00  0.00000E+00   -0.81726E+02 -0.29699E+03  0.37872E+03  0.39610E+03  0.16414E+03 -0.86920E+02      298.00
  0.36362E-01  0.96678E+03   -0.32250E-01 -0.32250E-01  0.64500E-01  0.00000E+00  0.00000E+00  0.00000E+00   -0.81958E+02 -0.29769E+03  0.37965E+03  0.39652E+03  0.16432E+03 -0.87122E+02      298.00
  0.36656E-01  0.96834E+03   -0.32500E-01 -0.32500E-01  0.65000E-01  0.00000E+00  0.00000E+00  0.00000E+00   -0.82189E+02 -0.29839E+03  0.38058E+03  0.39694E+03  0.16450E+03 -0.87323E+02      298.00
  0.36951E-01  0.96987E+03   -0.32750E-01 -0.32750E-01  0.65500E-01  0.00000E+00  0.00000E+00  0.00000E+00   -0.82422E+02 -0.29908E+03  0.38150E+03  0.39734E+03  0.16467E+03 -0.87523E+02      298.00
  0.37246E-01  0.97139E+03   -0.33000E-01 -0.33000E-01  0.66000E-01  0.00000E+00  0.00000E+00  0.00000E+00   -0.82654E+02 -0.29976E+03  0.38241E+03  0.39774E+03  0.16484E+03 -0.87721E+02      298.00
  0.37542E-01  0.97288E+03   -0.33250E-01 -0.33250E-01  0.66500E-01  0.00000E+00  0.00000E+00  0.00000E+00   -0.82886E+02 -0.30044E+03  0.38333E+03  0.39813E+03  0.16501E+03 -0.87919E+02      298.00
  0.37837E-01  0.97436E+03   -0.33500E-01 -0.33500E-01  0.67000E-01  0.00000E+00  0.00000E+00  0.00000E+00   -0.83119E+02 -0.30111E+03  0.38423E+03  0.39851E+03  0.16517E+03 -0.88115E+02      298.00
  0.38133E-01  0.97582E+03   -0.33750E-01 -0.33750E-01  0.67500E-01  0.00000E+00  0.00000E+00  0.00000E+00   -0.83351E+02 -0.30178E+03  0.38513E+03  0.39888E+03  0.16533E+03 -0.88310E+02      298.00
  0.38429E-01  0.97726E+03   -0.34000E-01 -0.34000E-01  0.68000E-01  0.00000E+00  0.00000E+00  0.00000E+00   -0.83583E+02 -0.30244E+03  0.38603E+03  0.39924E+03  0.16548E+03 -0.88503E+02      298.00
  0.38725E-01  0.97868E+03   -0.34250E-01 -0.34250E-01  0.68500E-01  0.00000E+00  0.00000E+00  0.00000E+00   -0.83815E+02 -0.30310E+03  0.38692E+03  0.39959E+03  0.16563E+03 -0.88695E+02      298.00
  0.39022E-01  0.98008E+03   -0.34500E-01 -0.34500E-01  0.69000E-01  0.00000E+00  0.00000E+00  0.00000E+00   -0.84046E+02 -0.30375E+03  0.38780E+03  0.39993E+03  0.16578E+03 -0.88885E+02      298.00
  0.39318E-01  0.98147E+03   -0.34750E-01 -0.34750E-01  0.69500E-01  0.00000E+00  0.00000E+00  0.00000E+00   -0.84277E+02 -0.30440E+03  0.38868E+03  0.40026E+03  0.16592E+03 -0.89073E+02      298.00
  0.39615E-01  0.98284E+03   -0.35000E-01 -0.35000E-01  0.70000E-01  0.00000E+00  0.00000E+00  0.00000E+00   -0.84507E+02 -0.30505E+03  0.38955E+03  0.40059E+03  0.16606E+03 -0.89259E+02      298.00
  0.39913E-01  0.98419E+03   -0.35250E-01 -0.35250E-01  0.70500E-01  0.00000E+00  0.00000E+00  0.00000E+00   -0.84736E+02 -0.30569E+03  0.39042E+03  0.40091E+03  0.16620E+03 -0.89443E+02      298.00
  0.40210E-01  0.98553E+03   -0.35500E-01 -0.35500E-01  0.71000E-01  0.00000E+00  0.00000E+00  0.00000E+00   -0.84965E+02 -0.30632E+03  0.39129E+03  0.40122E+03  0.16634E+03 -0.89625E+02      298.00
  0.40508E-01  0.98684E+03   -0.35750E-01 -0.35750E-01  0.71500E-01  0.00000E+00  0.00000E+00  0.00000E+00   -0.85192E+02 -0.30696E+03  0.39215E+03  0.40152E+03  0.16647E+03 -0.89806E+02      298.00
  0.40806E-01  0.98815E+03   -0.36000E-01 -0.36000E-01  0.72000E-01  0.00000E+00  0.00000E+00  0.00000E+00   -0.85419E+02 -0.30758E+03  0.39300E+03  0.40181E+03  0.16659E+03 -0.89984E+02      298.00
  0.41104E-01  0.98943E+03   -0.36250E-01 -0.36250E-01  0.72500E-01  0.00000E+00  0.00000E+00  0.00000E+00   -0.85645E+02 -0.30821E+03  0.39385E+03  0.40209E+03  0.16672E+03 -0.90160E+02      298.00
  0.41403E-01  0.99070E+03   -0.36500E-01 -0.36500E-01  0.73000E-01  0.00000E+00  0.00000E+00  0.00000E+00   -0.85870E+02 -0.30883E+03  0.39470E+03  0.40237E+03  0.16684E+03 -0.90334E+02      298.00
  0.41702E-01  0.99195E+03   -0.36750E-01 -0.36750E-01  0.73500E-01  0.00000E+00  0.00000E+00  0.00000E+00   -0.86095E+02 -0.30945E+03  0.39554E+03  0.40263E+03  0.16696E+03 -0.90507E+02      298.00
  0.42001E-01  0.99319E+03   -0.37000E-01 -0.37000E-01  0.74000E-01  0.00000E+00  0.00000E+00  0.00000E+00   -0.86320E+02 -0.31006E+03  0.39638E+03  0.40289E+03  0.16707E+03 -0.90678E+02      298.00
  0.42300E-01  0.99368E+03   -0.37250E-01 -0.37250E-01  0.74500E-01  0.00000E+00  0.00000E+00  0.00000E+00   -0.86438E+02 -0.31053E+03  0.39696E+03  0.40280E+03  0.16708E+03 -0.90711E+02      298.00
  0.42600E-01  0.99490E+03   -0.37500E-01 -0.37500E-01  0.75000E-01  0.00000E+00  0.00000E+00  0.00000E+00   -0.86662E+02 -0.31113E+03  0.39780E+03  0.40306E+03  0.16719E+03 -0.90876E+02      298.00
          Evm          Svm            E11          E22          E33          E23          E13          E12         SDEV11       SDEV22       SDEV33       SDEV23       SDEV13       SDEV12      TEMP
  0.42600E-01  0.99567E+03   -0.37500E-01 -0.37500E-01  0.75000E-01  0.00000E+00  0.00000E+00  0.00000E+00   -0.86913E+02 -0.31109E+03  0.39800E+03  0.40350E+03  0.16729E+03 -0.91068E+02      298.00
  0.42899E-01  0.99633E+03   -0.37750E-01 -0.37750E-01  0.75500E-01  0.00000E+00  0.00000E+00  0.00000E+00   -0.86854E+02 -0.31177E+03  0.39862E+03  0.40347E+03  0.16741E+03 -0.90874E+02      298.00
  0.43199E-01  0.99743E+03   -0.38000E-01 -0.38000E-01  0.76000E-01  0.00000E+00  0.00000E+00  0.00000E+00   -0.87090E+02 -0.31239E+03  0.39948E+03  0.40360E+03  0.16745E+03 -0.91171E+02      298.00
  0.43500E-01  0.99849E+03   -0.38250E-01 -0.38250E-01  0.76500E-01  0.00000E+00  0.00000E+00  0.00000E+00   -0.87306E+02 -0.31296E+03  0.40027E+03  0.40377E+03  0.16752E+03 -0.91341E+02      298.00
  0.43800E-01  0.99982E+03   -0.38500E-01 -0.38500E-01  0.77000E-01  0.00000E+00  0.00000E+00  0.00000E+00   -0.87477E+02 -0.31359E+03  0.40107E+03  0.40413E+03  0.16773E+03 -0.91311E+02      298.00
  0.44101E-01  0.10009E+04   -0.38750E-01 -0.38750E-01  0.77500E-01  0.00000E+00  0.00000E+00  0.00000E+00   -0.87737E+02 -0.31419E+03  0.40193E+03  0.40426E+03  0.16776E+03 -0.91636E+02      298.00
  0.44403E-01  0.10021E+04   -0.39000E-01 -0.39000E-01  0.78000E-01  0.00000E+00  0.00000E+00  0.00000E+00   -0.87889E+02 -0.31480E+03  0.40269E+03  0.40454E+03  0.16793E+03 -0.91601E+02      298.00
  0.44704E-01  0.10032E+04   -0.39250E-01 -0.39250E-01  0.78500E-01  0.00000E+00  0.00000E+00  0.00000E+00   -0.88159E+02 -0.31538E+03  0.40354E+03  0.40467E+03  0.16795E+03 -0.91931E+02      298.00
  0.45006E-01  0.10043E+04   -0.39500E-01 -0.39500E-01  0.79000E-01  0.00000E+00  0.00000E+00  0.00000E+00   -0.88305E+02 -0.31598E+03  0.40429E+03  0.40493E+03  0.16812E+03 -0.91890E+02      298.00
  0.45307E-01  0.10054E+04   -0.39750E-01 -0.39750E-01  0.79500E-01  0.00000E+00  0.00000E+00  0.00000E+00   -0.88581E+02 -0.31655E+03  0.40513E+03  0.40504E+03  0.16814E+03 -0.92223E+02      298.00
  0.45610E-01  0.10065E+04   -0.40000E-01 -0.40000E-01  0.80000E-01  0.00000E+00  0.00000E+00  0.00000E+00   -0.88721E+02 -0.31715E+03  0.40587E+03  0.40529E+03  0.16830E+03 -0.92177E+02      298.00
  0.45912E-01  0.10075E+04   -0.40250E-01 -0.40250E-01  0.80500E-01  0.00000E+00  0.00000E+00  0.00000E+00   -0.89002E+02 -0.31771E+03  0.40671E+03  0.40540E+03  0.16831E+03 -0.92510E+02      298.00
  0.46215E-01  0.10086E+04   -0.40500E-01 -0.40500E-01  0.81000E-01  0.00000E+00  0.00000E+00  0.00000E+00   -0.89137E+02 -0.31831E+03  0.40744E+03  0.40562E+03  0.16847E+03 -0.92460E+02      298.00
  0.46518E-01  0.10096E+04   -0.40750E-01 -0.40750E-01  0.81500E-01  0.00000E+00  0.00000E+00  0.00000E+00   -0.89422E+02 -0.31885E+03  0.40827E+03  0.40572E+03  0.16847E+03 -0.92793E+02      298.00
  0.46821E-01  0.10107E+04   -0.41000E-01 -0.41000E-01  0.82000E-01  0.00000E+00  0.00000E+00  0.00000E+00   -0.89553E+02 -0.31945E+03  0.40900E+03  0.40593E+03  0.16863E+03 -0.92739E+02      298.00
  0.47125E-01  0.10117E+04   -0.41250E-01 -0.41250E-01  0.82500E-01  0.00000E+00  0.00000E+00  0.00000E+00   -0.89841E+02 -0.31998E+03  0.40982E+03  0.40602E+03  0.16862E+03 -0.93072E+02      298.00
  0.47429E-01  0.10127E+04   -0.41500E-01 -0.41500E-01  0.83000E-01  0.00000E+00  0.00000E+00  0.00000E+00   -0.89968E+02 -0.32057E+03  0.41054E+03  0.40621E+03  0.16877E+03 -0.93014E+02      298.00
  0.47733E-01  0.10137E+04   -0.41750E-01 -0.41750E-01  0.83500E-01  0.00000E+00  0.00000E+00  0.00000E+00   -0.90259E+02 -0.32110E+03  0.41136E+03  0.40629E+03  0.16877E+03 -0.93346E+02      298.00
  0.48037E-01  0.10147E+04   -0.42000E-01 -0.42000E-01  0.84000E-01  0.00000E+00  0.00000E+00  0.00000E+00   -0.90383E+02 -0.32169E+03  0.41207E+03  0.40647E+03  0.16891E+03 -0.93285E+02      298.00
  0.48342E-01  0.10156E+04   -0.42250E-01 -0.42250E-01  0.84500E-01  0.00000E+00  0.00000E+00  0.00000E+00   -0.90676E+02 -0.32221E+03  0.41288E+03  0.40654E+03  0.16890E+03 -0.93615E+02      298.00
  0.48646E-01  0.10166E+04   -0.42500E-01 -0.42500E-01  0.85000E-01  0.00000E+00  0.00000E+00  0.00000E+00   -0.90797E+02 -0.32279E+03  0.41358E+03  0.40670E+03  0.16904E+03 -0.93553E+02      298.00
  0.48952E-01  0.10173E+04   -0.42750E-01 -0.42750E-01  0.85500E-01  0.00000E+00  0.00000E+00  0.00000E+00   -0.91019E+02 -0.32325E+03  0.41427E+03  0.40668E+03  0.16902E+03 -0.93738E+02      298.00
  0.49257E-01  0.10184E+04   -0.43000E-01 -0.43000E-01  0.86000E-01  0.00000E+00  0.00000E+00  0.00000E+00   -0.91298E+02 -0.32383E+03  0.41512E+03  0.40685E+03  0.16907E+03 -0.94015E+02      298.00
  0.49563E-01  0.10194E+04   -0.43250E-01 -0.43250E-01  0.86500E-01  0.00000E+00  0.00000E+00  0.00000E+00   -0.91419E+02 -0.32441E+03  0.41583E+03  0.40701E+03  0.16921E+03 -0.93948E+02      298.00
  0.49869E-01  0.10200E+04   -0.43500E-01 -0.43500E-01  0.87000E-01  0.00000E+00  0.00000E+00  0.00000E+00   -0.91642E+02 -0.32487E+03  0.41651E+03  0.40698E+03  0.16919E+03 -0.94130E+02      298.00
  0.50175E-01  0.10212E+04   -0.43750E-01 -0.43750E-01  0.87500E-01  0.00000E+00  0.00000E+00  0.00000E+00   -0.91806E+02 -0.32551E+03  0.41732E+03  0.40720E+03  0.16933E+03 -0.94179E+02      298.00
  0.50481E-01  0.10218E+04   -0.44000E-01 -0.44000E-01  0.88000E-01  0.00000E+00  0.00000E+00  0.00000E+00   -0.92044E+02 -0.32594E+03  0.41799E+03  0.40715E+03  0.16930E+03 -0.94375E+02      298.00
  0.50788E-01  0.10230E+04   -0.44250E-01 -0.44250E-01  0.88500E-01  0.00000E+00  0.00000E+00  0.00000E+00   -0.92207E+02 -0.32658E+03  0.41879E+03  0.40735E+03  0.16943E+03 -0.94423E+02      298.00
  0.51095E-01  0.10236E+04   -0.44500E-01 -0.44500E-01  0.89000E-01  0.00000E+00  0.00000E+00  0.00000E+00   -0.92449E+02 -0.32700E+03  0.41945E+03  0.40730E+03  0.16939E+03 -0.94619E+02      298.00
  0.51403E-01  0.10244E+04   -0.44750E-01 -0.44750E-01  0.89500E-01  0.00000E+00  0.00000E+00  0.00000E+00   -0.92662E+02 -0.32750E+03  0.42016E+03  0.40734E+03  0.16942E+03 -0.94747E+02      298.00
  0.51710E-01  0.10256E+04   -0.45000E-01 -0.45000E-01  0.90000E-01  0.00000E+00  0.00000E+00  0.00000E+00   -0.92818E+02 -0.32815E+03  0.42097E+03  0.40754E+03  0.16956E+03 -0.94790E+02      298.00
  0.52018E-01  0.10262E+04   -0.45250E-01 -0.45250E-01  0.90500E-01  0.00000E+00  0.00000E+00  0.00000E+00   -0.93060E+02 -0.32857E+03  0.42163E+03  0.40749E+03  0.16952E+03 -0.94984E+02      298.00
  0.52326E-01  0.10272E+04   -0.45500E-01 -0.45500E-01  0.91000E-01  0.00000E+00  0.00000E+00  0.00000E+00   -0.93217E+02 -0.32919E+03  0.42241E+03  0.40765E+03  0.16964E+03 -0.95025E+02      298.00
  0.52635E-01  0.10278E+04   -0.45750E-01 -0.45750E-01  0.91500E-01  0.00000E+00  0.00000E+00  0.00000E+00   -0.93465E+02 -0.32960E+03  0.42307E+03  0.40758E+03  0.16959E+03 -0.95220E+02      298.00
  0.52943E-01  0.10288E+04   -0.46000E-01 -0.46000E-01  0.92000E-01  0.00000E+00  0.00000E+00  0.00000E+00   -0.93619E+02 -0.33022E+03  0.42384E+03  0.40773E+03  0.16971E+03 -0.95260E+02      298.00
  0.53252E-01  0.10294E+04   -0.46250E-01 -0.46250E-01  0.92500E-01  0.00000E+00  0.00000E+00  0.00000E+00   -0.93869E+02 -0.33062E+03  0.42449E+03  0.40766E+03  0.16966E+03 -0.95454E+02      298.00
  0.53562E-01  0.10304E+04   -0.46500E-01 -0.46500E-01  0.93000E-01  0.00000E+00  0.00000E+00  0.00000E+00   -0.94021E+02 -0.33123E+03  0.42525E+03  0.40779E+03  0.16977E+03 -0.95492E+02      298.00
  0.53871E-01  0.10310E+04   -0.46750E-01 -0.46750E-01  0.93500E-01  0.00000E+00  0.00000E+00  0.00000E+00   -0.94273E+02 -0.33163E+03  0.42590E+03  0.40772E+03  0.16972E+03 -0.95685E+02      298.00
  0.54181E-01  0.10320E+04   -0.47000E-01 -0.47000E-01  0.94000E-01  0.00000E+00  0.00000E+00  0.00000E+00   -0.94423E+02 -0.33224E+03  0.42666E+03  0.40784E+03  0.16982E+03 -0.95721E+02      298.00
  0.54491E-01  0.10326E+04   -0.47250E-01 -0.47250E-01  0.94500E-01  0.00000E+00  0.00000E+00  0.00000E+00   -0.94676E+02 -0.33263E+03  0.42731E+03  0.40776E+03  0.16977E+03 -0.95913E+02      298.00
  0.54801E-01  0.10335E+04   -0.47500E-01 -0.47500E-01  0.95000E-01  0.00000E+00  0.00000E+00  0.00000E+00   -0.94824E+02 -0.33323E+03  0.42806E+03  0.40786E+03  0.16986E+03 -0.95947E+02      298.00
  0.55112E-01  0.10341E+04   -0.47750E-01 -0.47750E-01  0.95500E-01  0.00000E+00  0.00000E+00  0.00000E+00   -0.95079E+02 -0.33362E+03  0.42870E+03  0.40778E+03  0.16981E+03 -0.96138E+02      298.00
  0.55423E-01  0.10350E+04   -0.48000E-01 -0.48000E-01  0.96000E-01  0.00000E+00  0.00000E+00  0.00000E+00   -0.95226E+02 -0.33422E+03  0.42944E+03  0.40787E+03  0.16990E+03 -0.96171E+02      298.00
  0.55734E-01  0.10355E+04   -0.48250E-01 -0.48250E-01  0.96500E-01  0.00000E+00  0.00000E+00  0.00000E+00   -0.95480E+02 -0.33460E+03  0.43008E+03  0.40779E+03  0.16985E+03 -0.96359E+02      298.00
  0.56046E-01  0.10364E+04   -0.48500E-01 -0.48500E-01  0.97000E-01  0.00000E+00  0.00000E+00  0.00000E+00   -0.95626E+02 -0.33519E+03  0.43082E+03  0.40786E+03  0.16993E+03 -0.96391E+02      298.00
  0.56357E-01  0.10372E+04   -0.48750E-01 -0.48750E-01  0.97500E-01  0.00000E+00  0.00000E+00  0.00000E+00   -0.95806E+02 -0.33571E+03  0.43151E+03  0.40786E+03  0.16996E+03 -0.96486E+02      298.00
  0.56669E-01  0.10377E+04   -0.49000E-01 -0.49000E-01  0.98000E-01  0.00000E+00  0.00000E+00  0.00000E+00   -0.96077E+02 -0.33606E+03  0.43214E+03  0.40776E+03  0.16989E+03 -0.96681E+02      298.00
  0.56982E-01  0.10385E+04   -0.49250E-01 -0.49250E-01  0.98500E-01  0.00000E+00  0.00000E+00  0.00000E+00   -0.96225E+02 -0.33664E+03  0.43286E+03  0.40781E+03  0.16997E+03 -0.96715E+02      298.00
  0.57294E-01  0.10393E+04   -0.49500E-01 -0.49500E-01  0.99000E-01  0.00000E+00  0.00000E+00  0.00000E+00   -0.96405E+02 -0.33715E+03  0.43355E+03  0.40779E+03  0.16998E+03 -0.96808E+02      298.00
  0.57607E-01  0.10399E+04   -0.49750E-01 -0.49750E-01  0.99500E-01  0.00000E+00  0.00000E+00  0.00000E+00   -0.96599E+02 -0.33762E+03  0.43422E+03  0.40776E+03  0.16999E+03 -0.96909E+02      298.00
  0.57920E-01  0.10406E+04   -0.50000E-01 -0.50000E-01  0.10000E+00  0.00000E+00  0.00000E+00  0.00000E+00   -0.96797E+02 -0.33810E+03  0.43490E+03  0.40773E+03  0.17000E+03 -0.97013E+02      298.00
          Evm          Svm            E11          E22          E33          E23          E13          E12         SDEV11       SDEV22       SDEV33       SDEV23       SDEV13       SDEV12      TEMP
  0.57920E-01  0.10408E+04   -0.50000E-01 -0.50000E-01  0.10000E+00  0.00000E+00  0.00000E+00  0.00000E+00   -0.97145E+02 -0.33787E+03  0.43502E+03  0.40786E+03  0.16986E+03 -0.97457E+02      298.00
  0.58234E-01  0.10419E+04   -0.50250E-01 -0.50250E-01  0.10050E+00  0.00000E+00  0.00000E+00  0.00000E+00   -0.97024E+02 -0.33876E+03  0.43579E+03  0.40793E+03  0.17009E+03 -0.97197E+02      298.00
  0.58547E-01  0.10420E+04   -0.50500E-01 -0.50500E-01  0.10100E+00  0.00000E+00  0.00000E+00  0.00000E+00   -0.97189E+02 -0.33905E+03  0.43624E+03  0.40766E+03  0.17000E+03 -0.97223E+02      298.00
  0.58861E-01  0.10426E+04   -0.50750E-01 -0.50750E-01  0.10150E+00  0.00000E+00  0.00000E+00  0.00000E+00   -0.97395E+02 -0.33950E+03  0.43690E+03  0.40761E+03  0.17000E+03 -0.97326E+02      298.00
  0.59176E-01  0.10432E+04   -0.51000E-01 -0.51000E-01  0.10200E+00  0.00000E+00  0.00000E+00  0.00000E+00   -0.97595E+02 -0.33997E+03  0.43756E+03  0.40756E+03  0.17000E+03 -0.97430E+02      298.00
  0.59490E-01  0.10439E+04   -0.51250E-01 -0.51250E-01  0.10250E+00  0.00000E+00  0.00000E+00  0.00000E+00   -0.97793E+02 -0.34043E+03  0.43822E+03  0.40751E+03  0.16999E+03 -0.97532E+02      298.00
  0.59805E-01  0.10445E+04   -0.51500E-01 -0.51500E-01  0.10300E+00  0.00000E+00  0.00000E+00  0.00000E+00   -0.97991E+02 -0.34089E+03  0.43888E+03  0.40745E+03  0.16999E+03 -0.97633E+02      298.00
  0.60120E-01  0.10451E+04   -0.51750E-01 -0.51750E-01  0.10350E+00  0.00000E+00  0.00000E+00  0.00000E+00   -0.98189E+02 -0.34135E+03  0.43954E+03  0.40739E+03  0.16998E+03 -0.97733E+02      298.00
  0.60436E-01  0.10457E+04   -0.52000E-01 -0.52000E-01  0.10400E+00  0.00000E+00  0.00000E+00  0.00000E+00   -0.98386E+02 -0.34181E+03  0.44019E+03  0.40733E+03  0.16997E+03 -0.97832E+02      298.00
  0.60751E-01  0.10463E+04   -0.52250E-01 -0.52250E-01  0.10450E+00  0.00000E+00  0.00000E+00  0.00000E+00   -0.98584E+02 -0.34226E+03  0.44084E+03  0.40726E+03  0.16996E+03 -0.97931E+02      298.00
  0.61067E-01  0.10469E+04   -0.52500E-01 -0.52500E-01  0.10500E+00  0.00000E+00  0.00000E+00  0.00000E+00   -0.98781E+02 -0.34271E+03  0.44150E+03  0.40719E+03  0.16995E+03 -0.98029E+02      298.00
  0.61384E-01  0.10475E+04   -0.52750E-01 -0.52750E-01  0.10550E+00  0.00000E+00  0.00000E+00  0.00000E+00   -0.98979E+02 -0.34316E+03  0.44214E+03  0.40711E+03  0.16994E+03 -0.98127E+02      298.00
  0.61700E-01  0.10481E+04   -0.53000E-01 -0.53000E-01  0.10600E+00  0.00000E+00  0.00000E+00  0.00000E+00   -0.99176E+02 -0.34361E+03  0.44279E+03  0.40703E+03  0.16993E+03 -0.98224E+02      298.00
  0.62017E-01  0.10487E+04   -0.53250E-01 -0.53250E-01  0.10650E+00  0.00000E+00  0.00000E+00  0.00000E+00   -0.99373E+02 -0.34406E+03  0.44343E+03  0.40695E+03  0.16991E+03 -0.98320E+02      298.00
  0.62334E-01  0.10493E+04   -0.53500E-01 -0.53500E-01  0.10700E+00  0.00000E+00  0.00000E+00  0.00000E+00   -0.99569E+02 -0.34451E+03  0.44408E+03  0.40687E+03  0.16989E+03 -0.98416E+02      298.00
  0.62652E-01  0.10498E+04   -0.53750E-01 -0.53750E-01  0.10750E+00  0.00000E+00  0.00000E+00  0.00000E+00   -0.99766E+02 -0.34495E+03  0.44472E+03  0.40678E+03  0.16988E+03 -0.98511E+02      298.00
  0.62969E-01  0.10504E+04   -0.54000E-01 -0.54000E-01  0.10800E+00  0.00000E+00  0.00000E+00  0.00000E+00   -0.99962E+02 -0.34539E+03  0.44536E+03  0.40668E+03  0.16986E+03 -0.98605E+02      298.00
  0.63287E-01  0.10510E+04   -0.54250E-01 -0.54250E-01  0.10850E+00  0.00000E+00  0.00000E+00  0.00000E+00   -0.10016E+03 -0.34583E+03  0.44599E+03  0.40659E+03  0.16984E+03 -0.98699E+02      298.00
  0.63606E-01  0.10515E+04   -0.54500E-01 -0.54500E-01  0.10900E+00  0.00000E+00  0.00000E+00  0.00000E+00   -0.10035E+03 -0.34627E+03  0.44663E+03  0.40649E+03  0.16981E+03 -0.98792E+02      298.00
  0.63924E-01  0.10521E+04   -0.54750E-01 -0.54750E-01  0.10950E+00  0.00000E+00  0.00000E+00  0.00000E+00   -0.10055E+03 -0.34671E+03  0.44726E+03  0.40639E+03  0.16979E+03 -0.98885E+02      298.00
  0.64243E-01  0.10526E+04   -0.55000E-01 -0.55000E-01  0.11000E+00  0.00000E+00  0.00000E+00  0.00000E+00   -0.10075E+03 -0.34715E+03  0.44789E+03  0.40628E+03  0.16977E+03 -0.98977E+02      298.00
  0.64562E-01  0.10531E+04   -0.55250E-01 -0.55250E-01  0.11050E+00  0.00000E+00  0.00000E+00  0.00000E+00   -0.10094E+03 -0.34758E+03  0.44852E+03  0.40617E+03  0.16974E+03 -0.99068E+02      298.00
  0.64882E-01  0.10536E+04   -0.55500E-01 -0.55500E-01  0.11100E+00  0.00000E+00  0.00000E+00  0.00000E+00   -0.10114E+03 -0.34801E+03  0.44915E+03  0.40606E+03  0.16971E+03 -0.99159E+02      298.00
  0.65201E-01  0.10542E+04   -0.55750E-01 -0.55750E-01  0.11150E+00  0.00000E+00  0.00000E+00  0.00000E+00   -0.10133E+03 -0.34844E+03  0.44978E+03  0.40595E+03  0.16968E+03 -0.99249E+02      298.00
  0.65521E-01  0.10547E+04   -0.56000E-01 -0.56000E-01  0.11200E+00  0.00000E+00  0.00000E+00  0.00000E+00   -0.10153E+03 -0.34887E+03  0.45040E+03  0.40583E+03  0.16966E+03 -0.99339E+02      298.00
  0.65842E-01  0.10552E+04   -0.56250E-01 -0.56250E-01  0.11250E+00  0.00000E+00  0.00000E+00  0.00000E+00   -0.10172E+03 -0.34930E+03  0.45102E+03  0.40571E+03  0.16962E+03 -0.99428E+02      298.00
  0.66162E-01  0.10557E+04   -0.56500E-01 -0.56500E-01  0.11300E+00  0.00000E+00  0.00000E+00  0.00000E+00   -0.10192E+03 -0.34973E+03  0.45164E+03  0.40558E+03  0.16959E+03 -0.99516E+02      298.00
  0.66483E-01  0.10562E+04   -0.56750E-01 -0.56750E-01  0.11350E+00  0.00000E+00  0.00000E+00  0.00000E+00   -0.10211E+03 -0.35015E+03  0.45226E+03  0.40545E+03  0.16956E+03 -0.99604E+02      298.00
  0.66804E-01  0.10567E+04   -0.57000E-01 -0.57000E-01  0.11400E+00  0.00000E+00  0.00000E+00  0.00000E+00   -0.10231E+03 -0.35057E+03  0.45288E+03  0.40532E+03  0.16953E+03 -0.99692E+02      298.00
  0.67126E-01  0.10572E+04   -0.57250E-01 -0.57250E-01  0.11450E+00  0.00000E+00  0.00000E+00  0.00000E+00   -0.10250E+03 -0.35100E+03  0.45350E+03  0.40519E+03  0.16949E+03 -0.99778E+02      298.00
  0.67447E-01  0.10580E+04   -0.57500E-01 -0.57500E-01  0.11500E+00  0.00000E+00  0.00000E+00  0.00000E+00   -0.10260E+03 -0.35166E+03  0.45426E+03  0.40511E+03  0.16952E+03 -0.99841E+02      298.00
  0.67769E-01  0.10582E+04   -0.57750E-01 -0.57750E-01  0.11550E+00  0.00000E+00  0.00000E+00  0.00000E+00   -0.10286E+03 -0.35187E+03  0.45473E+03  0.40491E+03  0.16943E+03 -0.99928E+02      298.00
  0.68092E-01  0.10589E+04   -0.58000E-01 -0.58000E-01  0.11600E+00  0.00000E+00  0.00000E+00  0.00000E+00   -0.10298E+03 -0.35250E+03  0.45548E+03  0.40482E+03  0.16945E+03 -0.10001E+03      298.00
  0.68414E-01  0.10591E+04   -0.58250E-01 -0.58250E-01  0.11650E+00  0.00000E+00  0.00000E+00  0.00000E+00   -0.10325E+03 -0.35270E+03  0.45595E+03  0.40462E+03  0.16935E+03 -0.10010E+03      298.00
  0.68737E-01  0.10598E+04   -0.58500E-01 -0.58500E-01  0.11700E+00  0.00000E+00  0.00000E+00  0.00000E+00   -0.10337E+03 -0.35332E+03  0.45669E+03  0.40452E+03  0.16936E+03 -0.10018E+03      298.00
  0.69060E-01  0.10600E+04   -0.58750E-01 -0.58750E-01  0.11750E+00  0.00000E+00  0.00000E+00  0.00000E+00   -0.10364E+03 -0.35353E+03  0.45717E+03  0.40432E+03  0.16927E+03 -0.10027E+03      298.00
  0.69384E-01  0.10607E+04   -0.59000E-01 -0.59000E-01  0.11800E+00  0.00000E+00  0.00000E+00  0.00000E+00   -0.10376E+03 -0.35414E+03  0.45790E+03  0.40421E+03  0.16927E+03 -0.10035E+03      298.00
  0.69708E-01  0.10609E+04   -0.59250E-01 -0.59250E-01  0.11850E+00  0.00000E+00  0.00000E+00  0.00000E+00   -0.10403E+03 -0.35435E+03  0.45838E+03  0.40401E+03  0.16918E+03 -0.10043E+03      298.00
  0.70032E-01  0.10616E+04   -0.59500E-01 -0.59500E-01  0.11900E+00  0.00000E+00  0.00000E+00  0.00000E+00   -0.10415E+03 -0.35496E+03  0.45911E+03  0.40389E+03  0.16918E+03 -0.10051E+03      298.00
  0.70356E-01  0.10620E+04   -0.59750E-01 -0.59750E-01  0.11950E+00  0.00000E+00  0.00000E+00  0.00000E+00   -0.10431E+03 -0.35539E+03  0.45970E+03  0.40372E+03  0.16914E+03 -0.10057E+03      298.00
  0.70681E-01  0.10625E+04   -0.60000E-01 -0.60000E-01  0.12000E+00  0.00000E+00  0.00000E+00  0.00000E+00   -0.10450E+03 -0.35580E+03  0.46030E+03  0.40355E+03  0.16910E+03 -0.10064E+03      298.00
  0.71006E-01  0.10629E+04   -0.60250E-01 -0.60250E-01  0.12050E+00  0.00000E+00  0.00000E+00  0.00000E+00   -0.10469E+03 -0.35621E+03  0.46090E+03  0.40338E+03  0.16905E+03 -0.10072E+03      298.00
  0.71331E-01  0.10633E+04   -0.60500E-01 -0.60500E-01  0.12100E+00  0.00000E+00  0.00000E+00  0.00000E+00   -0.10489E+03 -0.35661E+03  0.46149E+03  0.40321E+03  0.16900E+03 -0.10080E+03      298.00
  0.71656E-01  0.10637E+04   -0.60750E-01 -0.60750E-01  0.12150E+00  0.00000E+00  0.00000E+00  0.00000E+00   -0.10508E+03 -0.35701E+03  0.46209E+03  0.40303E+03  0.16895E+03 -0.10088E+03      298.00
  0.71982E-01  0.10641E+04   -0.61000E-01 -0.61000E-01  0.12200E+00  0.00000E+00  0.00000E+00  0.00000E+00   -0.10527E+03 -0.35741E+03  0.46268E+03  0.40286E+03  0.16889E+03 -0.10096E+03      298.00
  0.72308E-01  0.10645E+04   -0.61250E-01 -0.61250E-01  0.12250E+00  0.00000E+00  0.00000E+00  0.00000E+00   -0.10547E+03 -0.35780E+03  0.46327E+03  0.40268E+03  0.16884E+03 -0.10105E+03      298.00
  0.72635E-01  0.10649E+04   -0.61500E-01 -0.61500E-01  0.12300E+00  0.00000E+00  0.00000E+00  0.00000E+00   -0.10566E+03 -0.35820E+03  0.46386E+03  0.40250E+03  0.16878E+03 -0.10113E+03      298.00
  0.72961E-01  0.10653E+04   -0.61750E-01 -0.61750E-01  0.12350E+00  0.00000E+00  0.00000E+00  0.00000E+00   -0.10585E+03 -0.35860E+03  0.46445E+03  0.40231E+03  0.16873E+03 -0.10121E+03      298.00
  0.73288E-01  0.10657E+04   -0.62000E-01 -0.62000E-01  0.12400E+00  0.00000E+00  0.00000E+00  0.00000E+00   -0.10605E+03 -0.35899E+03  0.46504E+03  0.40213E+03  0.16867E+03 -0.10129E+03      298.00
  0.73616E-01  0.10661E+04   -0.62250E-01 -0.62250E-01  0.12450E+00  0.00000E+00  0.00000E+00  0.00000E+00   -0.10624E+03 -0.35938E+03  0.46562E+03  0.40194E+03  0.16861E+03 -0.10136E+03      298.00
  0.73943E-01  0.10665E+04   -0.62500E-01 -0.62500E-01  0.12500E+00  0.00000E+00  0.00000E+00  0.00000E+00   -0.10643E+03 -0.35977E+03  0.46621E+03  0.40175E+03  0.16856E+03 -0.10144E+03      298.00
