    STEP   AVACS   MODE1   MODE2   MODE3   MODE4
       1   5.000   0.523   0.207   0.270   0.000
       2   6.000   0.617   0.298   0.085   0.000
       3   5.000   0.605   0.395   0.000   0.000
       4   5.000   0.508   0.492   0.000   0.000
       5   6.000   0.430   0.570   0.000   0.000
       6   6.000   0.361   0.639   0.000   0.000
       7   6.000   0.297   0.703   0.000   0.000
       8   6.000   0.234   0.766   0.000   0.000
       9   6.000   0.169   0.831   0.000   0.000
      10   6.000   0.096   0.904   0.000   0.000
      11   4.000   0.010   0.990   0.000   0.000
      12   5.000   0.078   0.922   0.000   0.000
      13   5.000   0.167   0.833   0.000   0.000
      14   4.000   0.256   0.744   0.000   0.000
      15   5.000   0.353   0.647   0.000   0.000
      16   3.000   0.461   0.539   0.000   0.000
      17   6.000   0.504   0.496   0.000   0.000
      18   9.000   0.497   0.503   0.000   0.000
      19  10.000   0.520   0.480   0.000   0.000
      20   8.000   0.591   0.409   0.000   0.000
      21   5.000   0.605   0.395   0.000   0.000
      22   5.000   0.508   0.492   0.000   0.000
      23   6.000   0.430   0.570   0.000   0.000
      24   6.000   0.361   0.639   0.000   0.000
      25   6.000   0.297   0.703   0.000   0.000
      26   6.000   0.234   0.766   0.000   0.000
      27   6.000   0.169   0.831   0.000   0.000
      28   6.000   0.096   0.904   0.000   0.000
      29   4.000   0.010   0.990   0.000   0.000
      30   5.000   0.078   0.922   0.000   0.000
      31   5.000   0.167   0.833   0.000   0.000
      32   4.000   0.256   0.744   0.000   0.000
      33   5.000   0.353   0.647   0.000   0.000
      34   3.000   0.461   0.539   0.000   0.000
      35   6.000   0.528   0.429   0.043   0.000
      36   6.000   0.533   0.305   0.162   0.000
  STRAIN   AVACS   PRITW   SECTW   MODE1   MODE2   MODE3   MODE4   TWFR3   EFFR3   TWFR4   EFFR4
   0.000  10.000   0.000   0.000   0.520   0.480   0.000   0.000   0.000   0.000   0.000   0.000
   0.001  10.000   0.000   0.000   0.517   0.483   0.000   0.000   0.000   0.000   0.000   0.000
   0.001  10.000   0.000   0.000   0.515   0.485   0.000   0.000   0.000   0.000   0.000   0.000
   0.002  10.000   0.000   0.000   0.514   0.486   0.000   0.000   0.000   0.000   0.000   0.000
   0.002   9.000   0.000   0.000   0.512   0.488   0.000   0.000   0.000   0.000   0.000   0.000
   0.003   9.000   0.000   0.000   0.511   0.489   0.000   0.000   0.000   0.000   0.000   0.000
   0.003   8.000   0.000   0.000   0.510   0.490   0.000   0.000   0.000   0.000   0.000   0.000
   0.004   8.000   0.000   0.000   0.510   0.490   0.000   0.000   0.000   0.000   0.000   0.000
   0.004   8.000   0.000   0.000   0.509   0.491   0.000   0.000   0.000   0.000   0.000   0.000
   0.005   8.000   0.000   0.000   0.508   0.492   0.000   0.000   0.000   0.000   0.000   0.000
   0.005   8.000   0.000   0.000   0.508   0.492   0.000   0.000   0.000   0.000   0.000   0.000
   0.006   8.000   0.000   0.000   0.508   0.492   0.000   0.000   0.000   0.000   0.000   0.000
   0.006   8.000   0.000   0.000   0.507   0.493   0.000   0.000   0.000   0.000   0.000   0.000
   0.007   8.000   0.000   0.000   0.507   0.493   0.000   0.000   0.000   0.000   0.000   0.000
   0.007   8.000   0.000   0.000   0.507   0.493   0.000   0.000   0.000   0.000   0.000   0.000
   0.008   8.000   0.000   0.000   0.507   0.493   0.000   0.000   0.000   0.000   0.000   0.000
   0.008   8.000   0.000   0.000   0.507   0.493   0.000   0.000   0.000   0.000   0.000   0.000
   0.009   8.000   0.000   0.000   0.507   0.493   0.000   0.000   0.000   0.000   0.000   0.000
   0.009   8.000   0.000   0.000   0.506   0.493   0.000   0.000   0.000   0.000   0.000   0.000
   0.010   8.000   0.000   0.000   0.506   0.494   0.000   0.000   0.000   0.000   0.000   0.000
   0.010   8.000   0.000   0.000   0.506   0.493   0.000   0.000   0.000   0.000   0.000   0.000
   0.011   8.000   0.000   0.000   0.506   0.494   0.000   0.000   0.000   0.000   0.000   0.000
   0.011   8.000   0.000   0.000   0.506   0.493   0.000   0.000   0.000   0.000   0.000   0.000
   0.012   8.000   0.000   0.000   0.506   0.494   0.000   0.000   0.000   0.000   0.000   0.000
   0.012   8.000   0.000   0.000   0.506   0.493   0.000   0.000   0.000   0.000   0.000   0.000
   0.013   8.000   0.000   0.000   0.506   0.493   0.000   0.000   0.000   0.000   0.000   0.000
   0.013   8.000   0.000   0.000   0.507   0.493   0.000   0.000   0.000   0.000   0.000   0.000
   0.014   8.000   0.000   0.000   0.507   0.493   0.000   0.000   0.000   0.000   0.000   0.000
   0.014   8.000   0.000   0.000   0.507   0.493   0.000   0.000   0.000   0.000   0.000   0.000
   0.015   8.000   0.000   0.000   0.507   0.493   0.000   0.000   0.000   0.000   0.000   0.000
   0.015   8.000   0.000   0.000   0.507   0.493   0.000   0.000   0.000   0.000   0.000   0.000
   0.016   8.000   0.000   0.000   0.507   0.492   0.000   0.000   0.000   0.000   0.000   0.000
   0.016   8.000   0.000   0.000   0.507   0.492   0.000   0.001   0.000   0.000   0.000   0.000
   0.017   8.000   0.000   0.000   0.507   0.492   0.000   0.001   0.000   0.000   0.000   0.000
   0.017   8.000   0.000   0.000   0.507   0.492   0.000   0.001   0.000   0.000   0.000   0.000
   0.018   8.000   0.000   0.000   0.508   0.492   0.000   0.001   0.000   0.000   0.000   0.000
   0.018   8.000   0.000   0.000   0.507   0.492   0.000   0.001   0.000   0.000   0.000   0.000
   0.019   8.000   0.000   0.000   0.508   0.491   0.000   0.001   0.000   0.000   0.000   0.000
   0.019   8.000   0.000   0.000   0.508   0.491   0.000   0.001   0.000   0.000   0.000   0.000
   0.020   8.000   0.000   0.000   0.508   0.491   0.000   0.001   0.000   0.000   0.000   0.000
   0.020   8.000   0.000   0.000   0.508   0.491   0.000   0.001   0.000   0.000   0.000   0.000
   0.021   8.000   0.000   0.000   0.508   0.490   0.000   0.001   0.000   0.000   0.000   0.000
   0.021   8.000   0.000   0.000   0.508   0.490   0.000   0.001   0.000   0.000   0.000   0.000
   0.022   8.000   0.000   0.000   0.508   0.490   0.000   0.002   0.000   0.000   0.000   0.000
   0.022   8.000   0.000   0.000   0.509   0.490   0.000   0.002   0.000   0.000   0.000   0.000
   0.023   8.000   0.000   0.000   0.509   0.490   0.000   0.002   0.000   0.000   0.000   0.000
   0.023   8.000   0.000   0.000   0.509   0.489   0.000   0.002   0.000   0.000   0.000   0.000
   0.024   8.000   0.000   0.000   0.509   0.489   0.000   0.002   0.000   0.000   0.000   0.000
   0.024   8.000   0.000   0.000   0.509   0.488   0.000   0.002   0.000   0.000   0.000   0.000
   0.025   8.000   0.000   0.000   0.509   0.488   0.000   0.003   0.000   0.000   0.000   0.000
   0.025   8.000   0.000   0.000   0.509   0.488   0.000   0.003   0.000   0.000   0.000   0.000
    STEP   AVACS   MODE1   MODE2   MODE3   MODE4
       1   5.000   0.520   0.226   0.254   0.000
       2   6.000   0.615   0.310   0.075   0.000
       3   5.000   0.596   0.404   0.000   0.000
       4   6.000   0.504   0.496   0.000   0.000
       5   7.000   0.427   0.573   0.000   0.000
       6   6.000   0.359   0.641   0.000   0.000
       7   6.000   0.295   0.705   0.000   0.000
       8   6.000   0.232   0.767   0.000   0.000
       9   6.000   0.167   0.833   0.000   0.000
      10   6.000   0.094   0.906   0.000   0.000
      11   4.000   0.007   0.993   0.000   0.000
      12   5.000   0.075   0.925   0.000   0.000
      13   4.000   0.164   0.836   0.000   0.000
      14   5.000   0.252   0.748   0.000   0.000
      15   6.000   0.350   0.650   0.000   0.000
      16   4.000   0.457   0.543   0.000   0.000
      17   6.000   0.499   0.500   0.000   0.001
      18   8.000   0.490   0.507   0.000   0.003
      19   8.000   0.509   0.488   0.000   0.003
      20   6.000   0.587   0.411   0.000   0.002
      21   5.000   0.596   0.404   0.000   0.000
      22   6.000   0.504   0.496   0.000   0.000
      23   7.000   0.427   0.573   0.000   0.000
      24   6.000   0.359   0.641   0.000   0.000
      25   6.000   0.295   0.705   0.000   0.000
      26   6.000   0.233   0.767   0.000   0.000
      27   6.000   0.167   0.833   0.000   0.000
      28   6.000   0.094   0.906   0.000   0.000
      29   4.000   0.007   0.993   0.000   0.000
      30   5.000   0.075   0.925   0.000   0.000
      31   4.000   0.164   0.836   0.000   0.000
      32   5.000   0.252   0.748   0.000   0.000
      33   6.000   0.350   0.650   0.000   0.000
      34   4.000   0.457   0.543   0.000   0.000
      35   6.000   0.527   0.437   0.035   0.000
      36   6.000   0.529   0.319   0.153   0.000
  STRAIN   AVACS   PRITW   SECTW   MODE1   MODE2   MODE3   MODE4   TWFR3   EFFR3   TWFR4   EFFR4
   0.025   8.000   0.000   0.000   0.509   0.488   0.000   0.003   0.000   0.000   0.000   0.000
   0.026   8.000   0.000   0.000   0.509   0.487   0.000   0.003   0.000   0.000   0.000   0.000
   0.026   8.000   0.000   0.000   0.510   0.486   0.000   0.003   0.000   0.000   0.000   0.000
   0.027   8.000   0.000   0.000   0.510   0.487   0.000   0.004   0.000   0.000   0.000   0.000
   0.027   8.000   0.000   0.000   0.510   0.486   0.000   0.004   0.000   0.000   0.000   0.000
   0.028   8.000   0.000   0.000   0.510   0.486   0.000   0.004   0.000   0.000   0.000   0.000
   0.028   8.000   0.000   0.000   0.511   0.485   0.000   0.005   0.000   0.000   0.000   0.000
   0.029   8.000   0.000   0.000   0.511   0.484   0.000   0.005   0.000   0.000   0.000   0.000
   0.029   8.000   0.000   0.000   0.511   0.484   0.000   0.005   0.000   0.000   0.000   0.000
   0.030   8.000   0.000   0.000   0.511   0.483   0.000   0.006   0.000   0.000   0.000   0.000
   0.030   8.000   0.000   0.000   0.511   0.483   0.000   0.006   0.000   0.000   0.000   0.000
   0.031   8.000   0.000   0.000   0.511   0.482   0.000   0.007   0.000   0.000   0.000   0.000
   0.031   8.000   0.000   0.000   0.512   0.481   0.000   0.007   0.000   0.000   0.000   0.000
   0.032   8.000   0.000   0.000   0.512   0.481   0.000   0.008   0.000   0.000   0.000   0.000
   0.032   8.000   0.000   0.000   0.512   0.480   0.000   0.008   0.000   0.000   0.001   0.000
   0.033   8.000   0.000   0.000   0.512   0.479   0.000   0.009   0.000   0.000   0.001   0.000
   0.033   8.000   0.000   0.000   0.512   0.479   0.000   0.009   0.000   0.000   0.001   0.000
   0.034   8.000   0.000   0.000   0.512   0.478   0.000   0.010   0.000   0.000   0.001   0.000
   0.034   8.000   0.000   0.000   0.512   0.477   0.000   0.010   0.000   0.000   0.001   0.000
   0.035   8.000   0.000   0.000   0.513   0.476   0.000   0.011   0.000   0.000   0.001   0.000
   0.035   8.000   0.000   0.000   0.513   0.475   0.000   0.012   0.000   0.000   0.001   0.000
   0.036   8.000   0.000   0.000   0.513   0.475   0.000   0.012   0.000   0.000   0.001   0.000
   0.036   8.000   0.000   0.000   0.513   0.474   0.000   0.013   0.000   0.000   0.001   0.000
   0.037   8.000   0.000   0.000   0.513   0.473   0.000   0.014   0.000   0.000   0.001   0.000
   0.037   8.000   0.000   0.000   0.513   0.472   0.000   0.015   0.000   0.000   0.001   0.000
   0.038   8.000   0.000   0.000   0.514   0.471   0.000   0.016   0.000   0.000   0.001   0.000
   0.038   8.000   0.000   0.000   0.514   0.470   0.000   0.016   0.000   0.000   0.001   0.000
   0.039   8.000   0.000   0.000   0.514   0.469   0.000   0.017   0.000   0.000   0.001   0.000
   0.039   8.000   0.000   0.000   0.514   0.468   0.000   0.018   0.000   0.000   0.001   0.000
   0.040   8.000   0.000   0.000   0.514   0.467   0.000   0.019   0.000   0.000   0.002   0.000
   0.040   8.000   0.000   0.000   0.514   0.466   0.000   0.020   0.000   0.000   0.002   0.000
   0.041   8.000   0.000   0.000   0.515   0.464   0.000   0.021   0.000   0.000   0.002   0.000
   0.041   8.000   0.000   0.000   0.515   0.463   0.000   0.022   0.000   0.000   0.002   0.000
   0.042   8.000   0.000   0.000   0.515   0.462   0.000   0.023   0.000   0.000   0.002   0.000
   0.042   8.000   0.000   0.000   0.515   0.461   0.000   0.024   0.000   0.000   0.002   0.000
   0.043   8.000   0.000   0.000   0.515   0.459   0.000   0.025   0.000   0.000   0.002   0.000
   0.043   8.000   0.000   0.000   0.516   0.458   0.000   0.026   0.000   0.000   0.002   0.000
   0.044   8.000   0.000   0.000   0.516   0.457   0.000   0.028   0.000   0.000   0.003   0.000
   0.044   8.000   0.000   0.000   0.515   0.456   0.000   0.029   0.000   0.000   0.003   0.000
   0.045   8.000   0.000   0.000   0.516   0.454   0.000   0.030   0.000   0.000   0.003   0.000
   0.045   8.000   0.000   0.000   0.516   0.453   0.000   0.031   0.000   0.000   0.003   0.000
   0.046   8.000   0.000   0.000   0.517   0.451   0.000   0.032   0.000   0.000   0.003   0.000
   0.046   8.000   0.000   0.000   0.516   0.450   0.000   0.034   0.000   0.000   0.003   0.000
   0.047   8.000   0.000   0.000   0.517   0.448   0.000   0.035   0.000   0.000   0.004   0.000
   0.047   8.000   0.000   0.000   0.517   0.447   0.000   0.036   0.000   0.000   0.004   0.000
   0.048   8.000   0.000   0.000   0.518   0.445   0.000   0.038   0.000   0.000   0.004   0.000
   0.048   9.000   0.000   0.000   0.517   0.444   0.000   0.039   0.000   0.000   0.004   0.000
   0.049  10.000   0.000   0.000   0.518   0.441   0.000   0.041   0.000   0.000   0.004   0.000
   0.049  10.000   0.000   0.000   0.518   0.440   0.000   0.042   0.000   0.000   0.005   0.000
   0.050  10.000   0.000   0.000   0.518   0.439   0.000   0.043   0.000   0.000   0.005   0.000
   0.050  10.000   0.000   0.000   0.519   0.436   0.000   0.045   0.000   0.000   0.005   0.000
    STEP   AVACS   MODE1   MODE2   MODE3   MODE4
       1   5.000   0.519   0.248   0.234   0.000
       2   6.000   0.618   0.315   0.067   0.000
       3   5.000   0.594   0.406   0.000   0.000
       4   6.000   0.502   0.498   0.000   0.000
       5   7.000   0.427   0.573   0.000   0.001
       6   6.000   0.359   0.640   0.000   0.001
       7   6.000   0.295   0.704   0.000   0.001
       8   6.000   0.232   0.766   0.000   0.002
       9   6.000   0.167   0.831   0.000   0.002
      10   6.000   0.094   0.904   0.000   0.002
      11   4.000   0.007   0.991   0.000   0.002
      12   5.000   0.075   0.925   0.000   0.000
      13   4.000   0.164   0.836   0.000   0.000
      14   5.000   0.254   0.746   0.000   0.000
      15   6.000   0.353   0.647   0.000   0.000
      16   4.000   0.457   0.543   0.000   0.000
      17   6.000   0.507   0.484   0.000   0.009
      18   9.000   0.497   0.463   0.000   0.040
      19  10.000   0.518   0.437   0.000   0.045
      20   8.000   0.592   0.382   0.000   0.025
      21   5.000   0.594   0.406   0.000   0.000
      22   6.000   0.502   0.498   0.000   0.000
      23   7.000   0.427   0.573   0.000   0.000
      24   6.000   0.359   0.641   0.000   0.000
      25   6.000   0.296   0.704   0.000   0.000
      26   6.000   0.233   0.767   0.000   0.000
      27   6.000   0.168   0.832   0.000   0.000
      28   6.000   0.095   0.905   0.000   0.000
      29   4.000   0.008   0.992   0.000   0.000
      30   5.000   0.075   0.924   0.000   0.001
      31   4.000   0.164   0.836   0.000   0.000
      32   5.000   0.254   0.746   0.000   0.000
      33   6.000   0.353   0.647   0.000   0.000
      34   4.000   0.457   0.543   0.000   0.000
      35   6.000   0.532   0.436   0.032   0.000
      36   6.000   0.533   0.325   0.142   0.000
  STRAIN   AVACS   PRITW   SECTW   MODE1   MODE2   MODE3   MODE4   TWFR3   EFFR3   TWFR4   EFFR4
   0.050  10.000   0.000   0.000   0.518   0.437   0.000   0.045   0.000   0.000   0.005   0.000
   0.051  10.000   0.000   0.000   0.519   0.435   0.000   0.046   0.000   0.000   0.005   0.000
   0.051  10.000   0.000   0.000   0.519   0.434   0.000   0.048   0.000   0.000   0.006   0.000
   0.052  10.000   0.000   0.000   0.519   0.432   0.000   0.049   0.000   0.000   0.006   0.000
   0.052  10.000   0.000   0.000   0.519   0.430   0.000   0.051   0.000   0.000   0.006   0.000
   0.053  10.000   0.000   0.000   0.519   0.428   0.000   0.052   0.000   0.000   0.006   0.000
   0.053  10.000   0.000   0.000   0.520   0.426   0.000   0.054   0.000   0.000   0.007   0.000
   0.054  10.000   0.000   0.000   0.520   0.425   0.000   0.055   0.000   0.000   0.007   0.000
   0.054  10.000   0.000   0.000   0.520   0.423   0.000   0.057   0.000   0.000   0.007   0.000
   0.055  10.000   0.000   0.000   0.520   0.421   0.000   0.059   0.000   0.000   0.008   0.000
   0.055  10.000   0.000   0.000   0.521   0.419   0.000   0.060   0.000   0.000   0.008   0.000
   0.056  10.000   0.000   0.000   0.521   0.417   0.000   0.062   0.000   0.000   0.008   0.000
   0.056  10.000   0.000   0.000   0.521   0.415   0.000   0.063   0.000   0.000   0.009   0.000
   0.057  10.000   0.000   0.000   0.522   0.414   0.000   0.065   0.000   0.000   0.009   0.000
   0.057  10.000   0.000   0.000   0.522   0.412   0.000   0.066   0.000   0.000   0.009   0.000
   0.058  10.000   0.000   0.000   0.522   0.410   0.000   0.068   0.000   0.000   0.010   0.000
   0.058  10.000   0.000   0.000   0.522   0.408   0.000   0.069   0.000   0.000   0.010   0.000
   0.059  10.000   0.000   0.000   0.522   0.406   0.000   0.071   0.000   0.000   0.010   0.000
   0.059  10.000   0.000   0.000   0.523   0.405   0.000   0.073   0.000   0.000   0.011   0.000
   0.060  10.000   0.000   0.000   0.523   0.403   0.000   0.074   0.000   0.000   0.011   0.000
   0.060  10.000   0.000   0.000   0.523   0.401   0.000   0.076   0.000   0.000   0.012   0.000
   0.061  10.000   0.000   0.000   0.524   0.399   0.000   0.077   0.000   0.000   0.012   0.000
   0.061  10.000   0.000   0.000   0.523   0.398   0.000   0.079   0.000   0.000   0.012   0.000
   0.062   9.000   0.000   0.000   0.524   0.396   0.000   0.080   0.000   0.000   0.013   0.000
   0.062   9.000   0.000   0.000   0.524   0.394   0.000   0.082   0.000   0.000   0.013   0.000
   0.063   9.000   0.000   0.000   0.524   0.392   0.000   0.083   0.000   0.000   0.014   0.000
   0.063   9.000   0.000   0.000   0.524   0.391   0.000   0.085   0.000   0.000   0.014   0.000
   0.064   9.000   0.000   0.000   0.525   0.389   0.000   0.086   0.000   0.000   0.015   0.000
   0.064   9.000   0.000   0.000   0.525   0.387   0.000   0.088   0.000   0.000   0.015   0.000
   0.065   9.000   0.000   0.000   0.525   0.386   0.000   0.089   0.000   0.000   0.016   0.000
   0.065   9.000   0.000   0.000   0.525   0.384   0.000   0.091   0.000   0.000   0.016   0.000
   0.066   9.000   0.000   0.000   0.526   0.382   0.000   0.092   0.000   0.000   0.016   0.000
   0.066   9.000   0.000   0.000   0.526   0.381   0.000   0.094   0.000   0.000   0.017   0.000
   0.067   9.000   0.000   0.000   0.526   0.379   0.000   0.095   0.000   0.000   0.018   0.000
   0.067   9.000   0.000   0.000   0.526   0.378   0.000   0.096   0.000   0.000   0.018   0.000
   0.068   9.000   0.000   0.000   0.526   0.376   0.000   0.098   0.000   0.000   0.019   0.000
   0.068   9.000   0.000   0.000   0.526   0.374   0.000   0.099   0.000   0.000   0.019   0.000
   0.069   9.000   0.000   0.000   0.527   0.373   0.000   0.100   0.000   0.000   0.020   0.000
   0.069   9.000   0.000   0.000   0.527   0.371   0.000   0.102   0.000   0.000   0.020   0.000
   0.070   9.000   0.000   0.000   0.527   0.370   0.000   0.103   0.000   0.000   0.021   0.000
   0.070   8.000   0.000   0.000   0.527   0.368   0.000   0.104   0.000   0.000   0.021   0.000
   0.071   8.000   0.000   0.000   0.528   0.367   0.000   0.105   0.000   0.000   0.022   0.000
   0.071   8.000   0.000   0.000   0.528   0.366   0.000   0.107   0.000   0.000   0.022   0.000
   0.072   8.000   0.000   0.000   0.528   0.364   0.000   0.108   0.000   0.000   0.023   0.000
   0.072   8.000   0.000   0.000   0.528   0.363   0.000   0.109   0.000   0.000   0.024   0.000
   0.073   8.000   0.000   0.000   0.528   0.361   0.000   0.110   0.000   0.000   0.024   0.000
   0.073   8.000   0.000   0.000   0.528   0.360   0.000   0.111   0.000   0.000   0.025   0.000
   0.074   8.000   0.000   0.000   0.529   0.359   0.000   0.112   0.000   0.000   0.025   0.000
   0.074   8.000   0.000   0.000   0.529   0.358   0.000   0.114   0.000   0.000   0.026   0.000
   0.075   8.000   0.000   0.000   0.529   0.357   0.000   0.115   0.000   0.000   0.027   0.000
   0.075   8.000   0.000   0.000   0.529   0.355   0.000   0.116   0.000   0.000   0.027   0.000
    STEP   AVACS   MODE1   MODE2   MODE3   MODE4
       1   5.000   0.518   0.271   0.211   0.000
       2   6.000   0.615   0.328   0.057   0.000
       3   5.000   0.589   0.411   0.000   0.000
       4   5.000   0.498   0.502   0.000   0.000
       5   7.000   0.425   0.573   0.000   0.002
       6   6.000   0.357   0.640   0.000   0.003
       7   6.000   0.294   0.702   0.000   0.004
       8   6.000   0.231   0.764   0.000   0.005
       9   6.000   0.165   0.829   0.000   0.005
      10   6.000   0.092   0.902   0.000   0.006
      11   4.000   0.006   0.989   0.000   0.005
      12   5.000   0.075   0.925   0.000   0.000
      13   4.000   0.163   0.837   0.000   0.000
      14   6.000   0.256   0.744   0.000   0.000
      15   6.000   0.355   0.645   0.000   0.000
      16   4.000   0.454   0.545   0.000   0.000
      17   5.000   0.518   0.469   0.000   0.013
      18   8.000   0.506   0.392   0.000   0.102
      19   8.000   0.529   0.355   0.000   0.116
      20   8.000   0.598   0.341   0.000   0.061
      21   5.000   0.589   0.411   0.000   0.001
      22   5.000   0.498   0.502   0.000   0.000
      23   7.000   0.426   0.574   0.000   0.000
      24   6.000   0.358   0.641   0.000   0.000
      25   6.000   0.295   0.705   0.000   0.000
      26   6.000   0.233   0.767   0.000   0.000
      27   6.000   0.168   0.832   0.000   0.000
      28   6.000   0.095   0.905   0.000   0.000
      29   4.000   0.008   0.992   0.000   0.000
      30   5.000   0.074   0.925   0.000   0.001
      31   4.000   0.162   0.837   0.000   0.001
      32   6.000   0.256   0.744   0.000   0.000
      33   6.000   0.355   0.645   0.000   0.000
      34   4.000   0.454   0.546   0.000   0.000
      35   6.000   0.529   0.444   0.027   0.000
      36   6.000   0.531   0.340   0.129   0.000
  STRAIN   AVACS   PRITW   SECTW   MODE1   MODE2   MODE3   MODE4   TWFR3   EFFR3   TWFR4   EFFR4
   0.075   8.000   0.000   0.000   0.529   0.355   0.000   0.116   0.000   0.000   0.027   0.000
   0.076   8.000   0.000   0.000   0.529   0.354   0.000   0.117   0.000   0.000   0.028   0.000
   0.076   8.000   0.000   0.000   0.529   0.353   0.000   0.118   0.000   0.000   0.028   0.000
   0.077   8.000   0.000   0.000   0.529   0.352   0.000   0.119   0.000   0.000   0.029   0.000
   0.077   8.000   0.000   0.000   0.530   0.351   0.000   0.120   0.000   0.000   0.030   0.000
   0.078   8.000   0.000   0.000   0.530   0.350   0.000   0.120   0.000   0.000   0.030   0.000
   0.078   8.000   0.000   0.000   0.530   0.349   0.000   0.121   0.000   0.000   0.031   0.000
   0.079   8.000   0.000   0.000   0.530   0.348   0.000   0.122   0.000   0.000   0.032   0.000
   0.079   8.000   0.000   0.000   0.530   0.347   0.000   0.123   0.000   0.000   0.032   0.000
   0.080   8.000   0.000   0.000   0.530   0.346   0.000   0.124   0.000   0.000   0.033   0.000
   0.080   8.000   0.000   0.000   0.530   0.345   0.000   0.125   0.000   0.000   0.034   0.000
   0.081   8.000   0.000   0.000   0.530   0.344   0.000   0.125   0.000   0.000   0.034   0.000
   0.081   8.000   0.000   0.000   0.530   0.344   0.000   0.126   0.000   0.000   0.035   0.000
   0.082   8.000   0.000   0.000   0.530   0.343   0.000   0.127   0.000   0.000   0.036   0.000
   0.082   8.000   0.000   0.000   0.531   0.342   0.000   0.128   0.000   0.000   0.036   0.000
   0.083   8.000   0.000   0.000   0.530   0.341   0.000   0.128   0.000   0.000   0.037   0.000
   0.083   8.000   0.000   0.000   0.531   0.340   0.000   0.129   0.000   0.000   0.038   0.000
   0.084   8.000   0.000   0.000   0.531   0.340   0.000   0.129   0.000   0.000   0.039   0.000
   0.084   8.000   0.000   0.000   0.531   0.339   0.000   0.130   0.000   0.000   0.039   0.000
   0.085   8.000   0.000   0.000   0.531   0.338   0.000   0.131   0.000   0.000   0.040   0.000
   0.085   8.000   0.000   0.000   0.531   0.338   0.000   0.131   0.000   0.000   0.041   0.000
   0.086   8.000   0.000   0.000   0.531   0.337   0.000   0.132   0.000   0.000   0.041   0.000
   0.086   8.000   0.000   0.000   0.531   0.337   0.000   0.132   0.000   0.000   0.042   0.000
   0.087   8.000   0.000   0.000   0.531   0.336   0.000   0.133   0.000   0.000   0.043   0.000
   0.087   8.000   0.000   0.000   0.531   0.336   0.000   0.133   0.000   0.000   0.044   0.000
   0.088   8.000   0.000   0.000   0.531   0.335   0.000   0.134   0.000   0.000   0.044   0.000
   0.088   8.000   0.000   0.000   0.531   0.335   0.000   0.134   0.000   0.000   0.045   0.000
   0.089   8.000   0.000   0.000   0.531   0.334   0.000   0.134   0.000   0.000   0.046   0.000
   0.089   8.000   0.000   0.000   0.531   0.334   0.000   0.135   0.000   0.000   0.046   0.000
   0.090   8.000   0.000   0.000   0.532   0.333   0.000   0.135   0.000   0.000   0.047   0.000
   0.090   8.000   0.000   0.000   0.532   0.333   0.000   0.135   0.000   0.000   0.048   0.000
   0.091   8.000   0.000   0.000   0.532   0.333   0.000   0.136   0.000   0.000   0.049   0.000
   0.091   8.000   0.000   0.000   0.532   0.332   0.000   0.136   0.000   0.000   0.049   0.000
   0.092   8.000   0.000   0.000   0.532   0.332   0.000   0.136   0.000   0.000   0.050   0.000
   0.092   8.000   0.000   0.000   0.532   0.332   0.000   0.137   0.000   0.000   0.051   0.000
   0.093   8.000   0.000   0.000   0.532   0.331   0.000   0.137   0.000   0.000   0.052   0.000
   0.093   8.000   0.000   0.000   0.532   0.331   0.000   0.137   0.000   0.000   0.052   0.000
   0.094   8.000   0.000   0.000   0.532   0.331   0.000   0.137   0.000   0.000   0.053   0.000
   0.094   8.000   0.000   0.000   0.532   0.331   0.000   0.137   0.000   0.000   0.054   0.000
   0.095   8.000   0.000   0.000   0.532   0.331   0.000   0.138   0.000   0.000   0.055   0.000
   0.095   8.000   0.000   0.000   0.532   0.331   0.000   0.138   0.000   0.000   0.055   0.000
   0.096   8.000   0.000   0.000   0.532   0.330   0.000   0.138   0.000   0.000   0.056   0.000
   0.096   8.000   0.000   0.000   0.532   0.330   0.000   0.138   0.000   0.000   0.057   0.000
   0.097   8.000   0.000   0.000   0.532   0.330   0.000   0.138   0.000   0.000   0.058   0.000
   0.097   8.000   0.000   0.000   0.532   0.330   0.000   0.138   0.000   0.000   0.058   0.000
   0.098   8.000   0.000   0.000   0.532   0.330   0.000   0.138   0.000   0.000   0.059   0.000
   0.098   8.000   0.000   0.000   0.532   0.330   0.000   0.138   0.000   0.000   0.060   0.000
   0.099   8.000   0.000   0.000   0.532   0.330   0.000   0.138   0.000   0.000   0.061   0.000
   0.099   8.000   0.000   0.000   0.532   0.330   0.000   0.138   0.000   0.000   0.061   0.000
   0.100   8.000   0.000   0.000   0.532   0.330   0.000   0.138   0.000   0.000   0.062   0.000
   0.100   8.000   0.000   0.000   0.532   0.330   0.000   0.138   0.000   0.000   0.063   0.000
    STEP   AVACS   MODE1   MODE2   MODE3   MODE4
       1   5.000   0.517   0.296   0.187   0.000
       2   6.000   0.611   0.347   0.042   0.000
       3   6.000   0.580   0.419   0.000   0.000
       4   5.000   0.492   0.507   0.000   0.000
       5   7.000   0.423   0.574   0.000   0.002
       6   7.000   0.356   0.640   0.000   0.004
       7   6.000   0.293   0.702   0.000   0.005
       8   6.000   0.230   0.764   0.000   0.006
       9   6.000   0.164   0.828   0.000   0.007
      10   6.000   0.091   0.901   0.000   0.008
      11   4.000   0.005   0.989   0.000   0.007
      12   5.000   0.073   0.927   0.000   0.000
      13   5.000   0.162   0.838   0.000   0.000
      14   6.000   0.258   0.742   0.000   0.000
      15   6.000   0.355   0.644   0.000   0.000
      16   4.000   0.449   0.551   0.000   0.001
      17   5.000   0.533   0.462   0.000   0.005
      18   7.000   0.508   0.371   0.000   0.121
      19   8.000   0.532   0.330   0.000   0.138
      20   6.000   0.599   0.340   0.000   0.061
      21   6.000   0.580   0.418   0.000   0.002
      22   5.000   0.492   0.507   0.000   0.000
      23   7.000   0.424   0.576   0.000   0.000
      24   7.000   0.358   0.642   0.000   0.000
      25   6.000   0.295   0.705   0.000   0.000
      26   6.000   0.233   0.767   0.000   0.000
      27   6.000   0.168   0.832   0.000   0.000
      28   6.000   0.095   0.905   0.000   0.000
      29   4.000   0.008   0.992   0.000   0.000
      30   5.000   0.072   0.926   0.000   0.002
      31   5.000   0.161   0.838   0.000   0.000
      32   6.000   0.257   0.743   0.000   0.000
      33   6.000   0.355   0.645   0.000   0.000
      34   4.000   0.449   0.551   0.000   0.000
      35   5.000   0.524   0.458   0.018   0.000
      36   6.000   0.528   0.360   0.112   0.000
  STRAIN   AVACS   PRITW   SECTW   MODE1   MODE2   MODE3   MODE4   TWFR3   EFFR3   TWFR4   EFFR4
   0.100   8.000   0.000   0.000   0.532   0.330   0.000   0.138   0.000   0.000   0.063   0.000
   0.101   8.000   0.000   0.000   0.532   0.330   0.000   0.138   0.000   0.000   0.063   0.000
   0.101   8.000   0.000   0.000   0.532   0.330   0.000   0.138   0.000   0.000   0.064   0.000
   0.102   8.000   0.000   0.000   0.532   0.331   0.000   0.138   0.000   0.000   0.065   0.000
   0.102   8.000   0.000   0.000   0.532   0.331   0.000   0.138   0.000   0.000   0.066   0.000
   0.103   8.000   0.000   0.000   0.532   0.331   0.000   0.137   0.000   0.000   0.066   0.000
   0.103   8.000   0.000   0.000   0.532   0.331   0.000   0.137   0.000   0.000   0.067   0.000
   0.104   8.000   0.000   0.000   0.532   0.331   0.000   0.137   0.000   0.000   0.068   0.000
   0.104   8.000   0.000   0.000   0.532   0.331   0.000   0.137   0.000   0.000   0.069   0.000
   0.105   8.000   0.000   0.000   0.532   0.332   0.000   0.137   0.000   0.000   0.069   0.000
   0.105   8.000   0.000   0.000   0.532   0.332   0.000   0.137   0.000   0.000   0.070   0.000
   0.106   8.000   0.000   0.000   0.532   0.332   0.000   0.136   0.000   0.000   0.071   0.000
   0.106   8.000   0.000   0.000   0.532   0.332   0.000   0.136   0.000   0.000   0.072   0.000
   0.107   8.000   0.000   0.000   0.531   0.333   0.000   0.136   0.000   0.000   0.072   0.000
   0.107   8.000   0.000   0.000   0.531   0.333   0.000   0.136   0.000   0.000   0.073   0.000
   0.108   8.000   0.000   0.000   0.531   0.333   0.000   0.135   0.000   0.000   0.074   0.000
   0.108   8.000   0.000   0.000   0.531   0.334   0.000   0.135   0.000   0.000   0.075   0.000
   0.109   8.000   0.000   0.000   0.531   0.334   0.000   0.135   0.000   0.000   0.075   0.000
   0.109   8.000   0.000   0.000   0.531   0.334   0.000   0.134   0.000   0.000   0.076   0.000
   0.110   8.000   0.000   0.000   0.531   0.335   0.000   0.134   0.000   0.000   0.077   0.000
   0.110   8.000   0.000   0.000   0.531   0.335   0.000   0.134   0.000   0.000   0.077   0.000
   0.111   8.000   0.000   0.000   0.531   0.335   0.000   0.133   0.000   0.000   0.078   0.000
   0.111   8.000   0.000   0.000   0.531   0.336   0.000   0.133   0.000   0.000   0.079   0.000
   0.112   8.000   0.000   0.000   0.531   0.336   0.000   0.133   0.000   0.000   0.080   0.000
   0.112   8.000   0.000   0.000   0.531   0.337   0.000   0.132   0.000   0.000   0.080   0.000
   0.113   8.000   0.000   0.000   0.531   0.337   0.000   0.132   0.000   0.000   0.081   0.000
   0.113   8.000   0.000   0.000   0.531   0.338   0.000   0.132   0.000   0.000   0.082   0.000
   0.114   8.000   0.000   0.000   0.531   0.338   0.000   0.131   0.000   0.000   0.082   0.000
   0.114   8.000   0.000   0.000   0.531   0.338   0.000   0.131   0.000   0.000   0.083   0.000
   0.115   8.000   0.000   0.000   0.531   0.339   0.000   0.130   0.000   0.000   0.084   0.000
   0.115   8.000   0.000   0.000   0.531   0.339   0.000   0.130   0.000   0.000   0.085   0.000
   0.116   8.000   0.000   0.000   0.530   0.340   0.000   0.130   0.000   0.000   0.085   0.000
   0.116   8.000   0.000   0.000   0.530   0.341   0.000   0.129   0.000   0.000   0.086   0.000
   0.117   8.000   0.000   0.000   0.530   0.341   0.000   0.129   0.000   0.000   0.087   0.000
   0.117   8.000   0.000   0.000   0.530   0.342   0.000   0.128   0.000   0.000   0.087   0.000
   0.118   8.000   0.000   0.000   0.530   0.342   0.000   0.128   0.000   0.000   0.088   0.000
   0.118   8.000   0.000   0.000   0.530   0.343   0.000   0.127   0.000   0.000   0.089   0.000
   0.119   8.000   0.000   0.000   0.530   0.343   0.000   0.127   0.000   0.000   0.089   0.000
   0.119   8.000   0.000   0.000   0.530   0.344   0.000   0.126   0.000   0.000   0.090   0.000
   0.120   8.000   0.000   0.000   0.530   0.344   0.000   0.126   0.000   0.000   0.091   0.000
   0.120   8.000   0.000   0.000   0.530   0.345   0.000   0.125   0.000   0.000   0.091   0.000
   0.121   8.000   0.000   0.000   0.530   0.346   0.000   0.125   0.000   0.000   0.092   0.000
   0.121   8.000   0.000   0.000   0.530   0.346   0.000   0.124   0.000   0.000   0.093   0.000
   0.122   8.000   0.000   0.000   0.530   0.347   0.000   0.124   0.000   0.000   0.093   0.000
   0.122   8.000   0.000   0.000   0.529   0.347   0.000   0.123   0.000   0.000   0.094   0.000
   0.123   8.000   0.000   0.000   0.529   0.348   0.000   0.122   0.000   0.000   0.095   0.000
   0.123   8.000   0.000   0.000   0.529   0.349   0.000   0.122   0.000   0.000   0.095   0.000
   0.124   8.000   0.000   0.000   0.529   0.349   0.000   0.121   0.000   0.000   0.096   0.000
   0.124   8.000   0.000   0.000   0.529   0.350   0.000   0.121   0.000   0.000   0.097   0.000
   0.125   8.000   0.000   0.000   0.529   0.351   0.000   0.120   0.000   0.000   0.097   0.000
   0.125   8.000   0.000   0.000   0.529   0.351   0.000   0.120   0.000   0.000   0.098   0.000
    STEP   AVACS   MODE1   MODE2   MODE3   MODE4
       1   5.000   0.516   0.324   0.160   0.000
       2   6.000   0.605   0.368   0.027   0.000
       3   6.000   0.569   0.431   0.000   0.000
       4   5.000   0.486   0.514   0.000   0.000
       5   7.000   0.421   0.577   0.000   0.002
       6   7.000   0.355   0.641   0.000   0.004
       7   7.000   0.292   0.703   0.000   0.005
       8   6.000   0.230   0.764   0.000   0.006
       9   6.000   0.164   0.829   0.000   0.006
      10   5.000   0.091   0.902   0.000   0.007
      11   5.000   0.005   0.990   0.000   0.006
      12   4.000   0.071   0.929   0.000   0.000
      13   6.000   0.161   0.838   0.000   0.000
      14   6.000   0.259   0.741   0.000   0.000
      15   6.000   0.354   0.645   0.000   0.000
      16   4.000   0.440   0.559   0.000   0.001
      17   5.000   0.520   0.475   0.000   0.004
      18   7.000   0.506   0.391   0.000   0.103
      19   8.000   0.529   0.351   0.000   0.120
      20   6.000   0.599   0.370   0.000   0.031
      21   6.000   0.569   0.429   0.000   0.002
      22   5.000   0.486   0.514   0.000   0.000
      23   7.000   0.422   0.578   0.000   0.000
      24   7.000   0.356   0.644   0.000   0.000
      25   7.000   0.294   0.706   0.000   0.000
      26   6.000   0.232   0.768   0.000   0.000
      27   6.000   0.167   0.833   0.000   0.000
      28   6.000   0.094   0.906   0.000   0.000
      29   5.000   0.007   0.993   0.000   0.000
      30   4.000   0.070   0.928   0.000   0.001
      31   6.000   0.161   0.839   0.000   0.000
      32   6.000   0.259   0.741   0.000   0.000
      33   6.000   0.354   0.646   0.000   0.000
      34   5.000   0.440   0.559   0.000   0.000
      35   5.000   0.514   0.476   0.010   0.000
      36   6.000   0.523   0.384   0.093   0.000
