TEXTURE AT STRAIN =    0.0250
   0.988   1.025   0.988  <-- length of phase ellipsoid axes
  101.17   90.00   -0.00  <-- Euler angles (deg) of phase ellipsoid axes
B         1
  144.96   95.96  -60.88   1.0000000
TEXTURE AT STRAIN =    0.0500
   0.975   1.051   0.975  <-- length of phase ellipsoid axes
   55.13   90.00   -0.00  <-- Euler angles (deg) of phase ellipsoid axes
B         1
  144.96   96.39  -60.82   1.0000000
TEXTURE AT STRAIN =    0.0750
   0.963   1.078   0.963  <-- length of phase ellipsoid axes
   55.15   90.00   -0.00  <-- Euler angles (deg) of phase ellipsoid axes
B         1
  144.96   96.86  -60.77   1.0000000
TEXTURE AT STRAIN =    0.1000
   0.951   1.105   0.951  <-- length of phase ellipsoid axes
   55.17   90.00   -0.00  <-- Euler angles (deg) of phase ellipsoid axes
B         1
  144.95   97.37  -60.72   1.0000000
TEXTURE AT STRAIN =    0.1250
   0.939   1.133   0.939  <-- length of phase ellipsoid axes
   55.05   90.00   -0.00  <-- Euler angles (deg) of phase ellipsoid axes
B         1
  144.95   97.92  -60.67   1.0000000
