    STEP   AVACS   MODE1   MODE2   MODE3   MODE4
       1   7.000   0.479   0.521   0.000   0.000
       2   5.000   0.512   0.488   0.000   0.000
       3   6.000   0.524   0.476   0.000   0.000
       4   6.000   0.536   0.464   0.000   0.000
       5   5.000   0.489   0.511   0.000   0.000
       6   6.000   0.504   0.496   0.000   0.000
       7   6.000   0.439   0.561   0.000   0.000
       8   5.000   0.349   0.651   0.000   0.000
       9   5.000   0.331   0.669   0.000   0.000
      10   6.000   0.322   0.678   0.000   0.000
      11   6.000   0.296   0.704   0.000   0.000
      12   6.000   0.327   0.673   0.000   0.000
      13   6.000   0.336   0.664   0.000   0.000
      14   5.000   0.318   0.682   0.000   0.000
      15   6.000   0.298   0.702   0.000   0.000
      16   6.000   0.324   0.676   0.000   0.000
      17   5.000   0.347   0.653   0.000   0.000
      18   6.000   0.424   0.576   0.000   0.000
      19   7.000   0.479   0.521   0.000   0.000
      20   5.000   0.512   0.488   0.000   0.000
      21   6.000   0.524   0.476   0.000   0.000
      22   6.000   0.536   0.464   0.000   0.000
      23   5.000   0.489   0.511   0.000   0.000
      24   6.000   0.504   0.496   0.000   0.000
      25   6.000   0.439   0.561   0.000   0.000
      26   5.000   0.349   0.651   0.000   0.000
      27   5.000   0.331   0.669   0.000   0.000
      28   6.000   0.322   0.678   0.000   0.000
      29   6.000   0.296   0.704   0.000   0.000
      30   6.000   0.327   0.673   0.000   0.000
      31   6.000   0.336   0.664   0.000   0.000
      32   5.000   0.318   0.682   0.000   0.000
      33   6.000   0.298   0.702   0.000   0.000
      34   6.000   0.324   0.676   0.000   0.000
      35   5.000   0.347   0.653   0.000   0.000
      36   6.000   0.424   0.576   0.000   0.000
  STRAIN   AVACS   PRITW   SECTW   MODE1   MODE2   MODE3   MODE4   TWFR3   EFFR3   TWFR4   EFFR4
   0.000   7.000   0.000   0.000   0.479   0.521   0.000   0.000   0.000   0.000   0.000   0.000
   0.001   7.000   0.000   0.000   0.478   0.522   0.000   0.000   0.000   0.000   0.000   0.000
   0.001   7.000   0.000   0.000   0.477   0.523   0.000   0.000   0.000   0.000   0.000   0.000
   0.002   7.000   0.000   0.000   0.476   0.524   0.000   0.000   0.000   0.000   0.000   0.000
   0.002   7.000   0.000   0.000   0.475   0.525   0.000   0.000   0.000   0.000   0.000   0.000
   0.003   7.000   0.000   0.000   0.475   0.525   0.000   0.000   0.000   0.000   0.000   0.000
   0.003   7.000   0.000   0.000   0.474   0.526   0.000   0.000   0.000   0.000   0.000   0.000
   0.004   7.000   0.000   0.000   0.473   0.527   0.000   0.000   0.000   0.000   0.000   0.000
   0.004   7.000   0.000   0.000   0.473   0.527   0.000   0.000   0.000   0.000   0.000   0.000
   0.005   7.000   0.000   0.000   0.472   0.528   0.000   0.000   0.000   0.000   0.000   0.000
   0.005   7.000   0.000   0.000   0.472   0.528   0.000   0.000   0.000   0.000   0.000   0.000
   0.006   7.000   0.000   0.000   0.472   0.528   0.000   0.000   0.000   0.000   0.000   0.000
   0.006   7.000   0.000   0.000   0.471   0.529   0.000   0.000   0.000   0.000   0.000   0.000
   0.007   7.000   0.000   0.000   0.471   0.529   0.000   0.000   0.000   0.000   0.000   0.000
   0.007   7.000   0.000   0.000   0.471   0.529   0.000   0.000   0.000   0.000   0.000   0.000
   0.008   7.000   0.000   0.000   0.470   0.530   0.000   0.000   0.000   0.000   0.000   0.000
   0.008   7.000   0.000   0.000   0.470   0.530   0.000   0.000   0.000   0.000   0.000   0.000
   0.009   7.000   0.000   0.000   0.469   0.531   0.000   0.000   0.000   0.000   0.000   0.000
   0.009   7.000   0.000   0.000   0.469   0.531   0.000   0.000   0.000   0.000   0.000   0.000
   0.010   7.000   0.000   0.000   0.469   0.531   0.000   0.000   0.000   0.000   0.000   0.000
   0.010   7.000   0.000   0.000   0.469   0.531   0.000   0.000   0.000   0.000   0.000   0.000
   0.011   7.000   0.000   0.000   0.468   0.532   0.000   0.000   0.000   0.000   0.000   0.000
   0.011   7.000   0.000   0.000   0.468   0.532   0.000   0.000   0.000   0.000   0.000   0.000
   0.012   7.000   0.000   0.000   0.468   0.532   0.000   0.000   0.000   0.000   0.000   0.000
   0.012   7.000   0.000   0.000   0.467   0.533   0.000   0.000   0.000   0.000   0.000   0.000
   0.013   7.000   0.000   0.000   0.467   0.533   0.000   0.000   0.000   0.000   0.000   0.000
   0.013   7.000   0.000   0.000   0.467   0.533   0.000   0.000   0.000   0.000   0.000   0.000
   0.014   7.000   0.000   0.000   0.467   0.533   0.000   0.000   0.000   0.000   0.000   0.000
   0.014   7.000   0.000   0.000   0.466   0.534   0.000   0.000   0.000   0.000   0.000   0.000
   0.015   7.000   0.000   0.000   0.466   0.534   0.000   0.000   0.000   0.000   0.000   0.000
   0.015   7.000   0.000   0.000   0.466   0.534   0.000   0.000   0.000   0.000   0.000   0.000
   0.016   7.000   0.000   0.000   0.466   0.534   0.000   0.000   0.000   0.000   0.000   0.000
   0.016   7.000   0.000   0.000   0.465   0.535   0.000   0.000   0.000   0.000   0.000   0.000
   0.017   7.000   0.000   0.000   0.465   0.535   0.000   0.000   0.000   0.000   0.000   0.000
   0.017   7.000   0.000   0.000   0.465   0.535   0.000   0.000   0.000   0.000   0.000   0.000
   0.018   7.000   0.000   0.000   0.465   0.535   0.000   0.000   0.000   0.000   0.000   0.000
   0.018   7.000   0.000   0.000   0.464   0.536   0.000   0.000   0.000   0.000   0.000   0.000
   0.019   7.000   0.000   0.000   0.464   0.536   0.000   0.000   0.000   0.000   0.000   0.000
   0.019   7.000   0.000   0.000   0.464   0.536   0.000   0.000   0.000   0.000   0.000   0.000
   0.020   7.000   0.000   0.000   0.463   0.536   0.000   0.000   0.000   0.000   0.000   0.000
   0.020   7.000   0.000   0.000   0.463   0.537   0.000   0.000   0.000   0.000   0.000   0.000
   0.021   7.000   0.000   0.000   0.463   0.537   0.000   0.000   0.000   0.000   0.000   0.000
   0.021   7.000   0.000   0.000   0.463   0.537   0.000   0.000   0.000   0.000   0.000   0.000
   0.022   7.000   0.000   0.000   0.462   0.537   0.000   0.000   0.000   0.000   0.000   0.000
   0.022   7.000   0.000   0.000   0.462   0.538   0.000   0.000   0.000   0.000   0.000   0.000
   0.023   7.000   0.000   0.000   0.462   0.538   0.000   0.000   0.000   0.000   0.000   0.000
   0.023   7.000   0.000   0.000   0.462   0.538   0.000   0.000   0.000   0.000   0.000   0.000
   0.024   7.000   0.000   0.000   0.461   0.539   0.000   0.000   0.000   0.000   0.000   0.000
   0.024   7.000   0.000   0.000   0.461   0.539   0.000   0.000   0.000   0.000   0.000   0.000
   0.025   7.000   0.000   0.000   0.461   0.539   0.000   0.000   0.000   0.000   0.000   0.000
   0.025   7.000   0.000   0.000   0.460   0.539   0.000   0.000   0.000   0.000   0.000   0.000
    STEP   AVACS   MODE1   MODE2   MODE3   MODE4
       1   7.000   0.461   0.539   0.000   0.000
       2   5.000   0.496   0.504   0.000   0.000
       3   6.000   0.505   0.495   0.000   0.000
       4   6.000   0.521   0.479   0.000   0.000
       5   5.000   0.481   0.519   0.000   0.000
       6   7.000   0.497   0.503   0.000   0.000
       7   6.000   0.439   0.561   0.000   0.000
       8   4.000   0.354   0.646   0.000   0.000
       9   6.000   0.331   0.669   0.000   0.000
      10   6.000   0.302   0.698   0.000   0.000
      11   5.000   0.265   0.735   0.000   0.000
      12   6.000   0.316   0.684   0.000   0.000
      13   7.000   0.317   0.683   0.000   0.000
      14   7.000   0.291   0.709   0.000   0.000
      15   6.000   0.237   0.763   0.000   0.000
      16   6.000   0.260   0.740   0.000   0.000
      17   5.000   0.336   0.663   0.000   0.000
      18   6.000   0.406   0.594   0.000   0.000
      19   7.000   0.460   0.539   0.000   0.000
      20   5.000   0.496   0.504   0.000   0.000
      21   6.000   0.505   0.495   0.000   0.000
      22   6.000   0.521   0.479   0.000   0.000
      23   5.000   0.481   0.519   0.000   0.000
      24   7.000   0.497   0.503   0.000   0.000
      25   6.000   0.439   0.561   0.000   0.000
      26   4.000   0.354   0.646   0.000   0.000
      27   6.000   0.330   0.669   0.001   0.000
      28   6.000   0.301   0.698   0.001   0.000
      29   5.000   0.265   0.735   0.001   0.000
      30   6.000   0.316   0.684   0.000   0.000
      31   7.000   0.317   0.683   0.000   0.000
      32   7.000   0.291   0.709   0.000   0.000
      33   6.000   0.236   0.763   0.000   0.000
      34   6.000   0.259   0.740   0.000   0.000
      35   5.000   0.337   0.663   0.000   0.000
      36   6.000   0.406   0.594   0.000   0.000
  STRAIN   AVACS   PRITW   SECTW   MODE1   MODE2   MODE3   MODE4   TWFR3   EFFR3   TWFR4   EFFR4
   0.025   7.000   0.000   0.000   0.460   0.539   0.000   0.000   0.000   0.000   0.000   0.000
   0.026   7.000   0.000   0.000   0.460   0.540   0.000   0.000   0.000   0.000   0.000   0.000
   0.026   7.000   0.000   0.000   0.460   0.540   0.000   0.000   0.000   0.000   0.000   0.000
   0.027   7.000   0.000   0.000   0.460   0.540   0.000   0.000   0.000   0.000   0.000   0.000
   0.027   7.000   0.000   0.000   0.459   0.540   0.000   0.000   0.000   0.000   0.000   0.000
   0.028   7.000   0.000   0.000   0.459   0.541   0.000   0.000   0.000   0.000   0.000   0.000
   0.028   7.000   0.000   0.000   0.458   0.541   0.000   0.000   0.000   0.000   0.000   0.000
   0.029   7.000   0.000   0.000   0.458   0.541   0.000   0.000   0.000   0.000   0.000   0.000
   0.029   7.000   0.000   0.000   0.458   0.542   0.000   0.000   0.000   0.000   0.000   0.000
   0.030   7.000   0.000   0.000   0.458   0.542   0.000   0.001   0.000   0.000   0.000   0.000
   0.030   7.000   0.000   0.000   0.457   0.542   0.000   0.001   0.000   0.000   0.000   0.000
   0.031   7.000   0.000   0.000   0.457   0.542   0.000   0.001   0.000   0.000   0.000   0.000
   0.031   7.000   0.000   0.000   0.457   0.542   0.000   0.001   0.000   0.000   0.000   0.000
   0.032   7.000   0.000   0.000   0.456   0.543   0.000   0.001   0.000   0.000   0.000   0.000
   0.032   7.000   0.000   0.000   0.456   0.543   0.000   0.001   0.000   0.000   0.000   0.000
   0.033   7.000   0.000   0.000   0.456   0.544   0.000   0.001   0.000   0.000   0.000   0.000
   0.033   7.000   0.000   0.000   0.455   0.544   0.000   0.001   0.000   0.000   0.000   0.000
   0.034   7.000   0.000   0.000   0.455   0.544   0.000   0.001   0.000   0.000   0.000   0.000
   0.034   7.000   0.000   0.000   0.455   0.544   0.000   0.001   0.000   0.000   0.000   0.000
   0.035   7.000   0.000   0.000   0.454   0.545   0.000   0.001   0.000   0.000   0.000   0.000
   0.035   7.000   0.000   0.000   0.454   0.545   0.000   0.001   0.000   0.000   0.000   0.000
   0.036   7.000   0.000   0.000   0.454   0.545   0.000   0.001   0.000   0.000   0.000   0.000
   0.036   7.000   0.000   0.000   0.453   0.545   0.000   0.001   0.000   0.000   0.000   0.000
   0.037   7.000   0.000   0.000   0.453   0.546   0.000   0.001   0.000   0.000   0.000   0.000
   0.037   7.000   0.000   0.000   0.453   0.546   0.000   0.001   0.000   0.000   0.000   0.000
   0.038   7.000   0.000   0.000   0.453   0.546   0.000   0.001   0.000   0.000   0.000   0.000
   0.038   7.000   0.000   0.000   0.452   0.546   0.000   0.001   0.000   0.000   0.000   0.000
   0.039   7.000   0.000   0.000   0.452   0.547   0.000   0.001   0.000   0.000   0.000   0.000
   0.039   7.000   0.000   0.000   0.452   0.547   0.000   0.002   0.000   0.000   0.000   0.000
   0.040   7.000   0.000   0.000   0.451   0.547   0.000   0.002   0.000   0.000   0.000   0.000
   0.040   7.000   0.000   0.000   0.451   0.547   0.000   0.002   0.000   0.000   0.000   0.000
   0.041   7.000   0.000   0.000   0.451   0.548   0.000   0.002   0.000   0.000   0.000   0.000
   0.041   7.000   0.000   0.000   0.450   0.548   0.000   0.002   0.000   0.000   0.000   0.000
   0.042   7.000   0.000   0.000   0.450   0.548   0.000   0.002   0.000   0.000   0.000   0.000
   0.042   7.000   0.000   0.000   0.450   0.548   0.000   0.002   0.000   0.000   0.000   0.000
   0.043   7.000   0.000   0.000   0.449   0.549   0.000   0.002   0.000   0.000   0.000   0.000
   0.043   7.000   0.000   0.000   0.449   0.549   0.000   0.002   0.000   0.000   0.000   0.000
   0.044   7.000   0.000   0.000   0.449   0.549   0.000   0.002   0.000   0.000   0.000   0.000
   0.044   7.000   0.000   0.000   0.448   0.550   0.000   0.002   0.000   0.000   0.000   0.000
   0.045   7.000   0.000   0.000   0.448   0.550   0.000   0.002   0.000   0.000   0.000   0.000
   0.045   7.000   0.000   0.000   0.447   0.550   0.000   0.002   0.000   0.000   0.000   0.000
   0.046   7.000   0.000   0.000   0.447   0.550   0.000   0.003   0.000   0.000   0.000   0.000
   0.046   7.000   0.000   0.000   0.447   0.551   0.000   0.003   0.000   0.000   0.000   0.000
   0.047   7.000   0.000   0.000   0.446   0.551   0.000   0.003   0.000   0.000   0.000   0.000
   0.047   7.000   0.000   0.000   0.446   0.551   0.000   0.003   0.000   0.000   0.000   0.000
   0.048   7.000   0.000   0.000   0.446   0.551   0.000   0.003   0.000   0.000   0.000   0.000
   0.048   7.000   0.000   0.000   0.445   0.552   0.000   0.003   0.000   0.000   0.000   0.000
   0.049   7.000   0.000   0.000   0.445   0.552   0.000   0.003   0.000   0.000   0.000   0.000
   0.049   7.000   0.000   0.000   0.445   0.552   0.000   0.003   0.000   0.000   0.000   0.000
   0.050   7.000   0.000   0.000   0.444   0.552   0.000   0.003   0.000   0.000   0.001   0.000
   0.050   7.000   0.000   0.000   0.444   0.553   0.000   0.003   0.000   0.000   0.001   0.000
    STEP   AVACS   MODE1   MODE2   MODE3   MODE4
       1   7.000   0.445   0.555   0.000   0.000
       2   5.000   0.482   0.518   0.000   0.000
       3   6.000   0.495   0.505   0.000   0.000
       4   6.000   0.519   0.480   0.000   0.001
       5   5.000   0.486   0.513   0.000   0.001
       6   6.000   0.498   0.502   0.000   0.000
       7   6.000   0.444   0.556   0.000   0.000
       8   4.000   0.361   0.636   0.000   0.002
       9   6.000   0.350   0.647   0.000   0.003
      10   6.000   0.322   0.675   0.000   0.003
      11   5.000   0.286   0.712   0.000   0.002
      12   6.000   0.328   0.671   0.000   0.000
      13   8.000   0.320   0.679   0.000   0.000
      14   7.000   0.284   0.715   0.000   0.000
      15   6.000   0.225   0.773   0.000   0.002
      16   6.000   0.244   0.753   0.000   0.003
      17   6.000   0.322   0.672   0.000   0.005
      18   6.000   0.389   0.607   0.000   0.005
      19   7.000   0.444   0.552   0.000   0.003
      20   5.000   0.482   0.517   0.000   0.001
      21   6.000   0.495   0.505   0.000   0.000
      22   6.000   0.519   0.480   0.000   0.000
      23   5.000   0.487   0.513   0.000   0.000
      24   6.000   0.498   0.502   0.000   0.000
      25   6.000   0.444   0.556   0.000   0.000
      26   4.000   0.362   0.638   0.000   0.000
      27   6.000   0.346   0.648   0.006   0.000
      28   6.000   0.317   0.675   0.008   0.000
      29   5.000   0.282   0.712   0.006   0.000
      30   6.000   0.328   0.671   0.001   0.000
      31   8.000   0.320   0.680   0.001   0.000
      32   7.000   0.284   0.716   0.001   0.000
      33   6.000   0.223   0.774   0.003   0.000
      34   6.000   0.243   0.755   0.002   0.000
      35   6.000   0.324   0.676   0.000   0.000
      36   6.000   0.390   0.610   0.000   0.000
  STRAIN   AVACS   PRITW   SECTW   MODE1   MODE2   MODE3   MODE4   TWFR3   EFFR3   TWFR4   EFFR4
   0.050   7.000   0.000   0.000   0.444   0.552   0.000   0.003   0.000   0.000   0.001   0.000
   0.051   7.000   0.000   0.000   0.444   0.553   0.000   0.004   0.000   0.000   0.001   0.000
   0.051   7.000   0.000   0.000   0.443   0.553   0.000   0.004   0.000   0.000   0.001   0.000
   0.052   7.000   0.000   0.000   0.443   0.553   0.000   0.004   0.000   0.000   0.001   0.000
   0.052   7.000   0.000   0.000   0.443   0.554   0.000   0.004   0.000   0.000   0.001   0.000
   0.053   7.000   0.000   0.000   0.442   0.554   0.000   0.004   0.000   0.000   0.001   0.000
   0.053   7.000   0.000   0.000   0.442   0.554   0.000   0.004   0.000   0.000   0.001   0.000
   0.054   7.000   0.000   0.000   0.442   0.554   0.000   0.004   0.000   0.000   0.001   0.000
   0.054   7.000   0.000   0.000   0.441   0.555   0.000   0.004   0.000   0.000   0.001   0.000
   0.055   7.000   0.000   0.000   0.441   0.555   0.000   0.004   0.000   0.000   0.001   0.000
   0.055   7.000   0.000   0.000   0.440   0.555   0.000   0.004   0.000   0.000   0.001   0.000
   0.056   7.000   0.000   0.000   0.440   0.555   0.000   0.005   0.000   0.000   0.001   0.000
   0.056   7.000   0.000   0.000   0.440   0.556   0.000   0.005   0.000   0.000   0.001   0.000
   0.057   7.000   0.000   0.000   0.439   0.556   0.000   0.005   0.000   0.000   0.001   0.000
   0.057   7.000   0.000   0.000   0.439   0.556   0.000   0.005   0.000   0.000   0.001   0.000
   0.058   7.000   0.000   0.000   0.439   0.556   0.000   0.005   0.000   0.000   0.001   0.000
   0.058   7.000   0.000   0.000   0.438   0.557   0.000   0.005   0.000   0.000   0.001   0.000
   0.059   7.000   0.000   0.000   0.438   0.557   0.000   0.005   0.000   0.000   0.001   0.000
   0.059   7.000   0.000   0.000   0.438   0.557   0.000   0.005   0.000   0.000   0.001   0.000
   0.060   7.000   0.000   0.000   0.437   0.557   0.000   0.005   0.000   0.000   0.001   0.000
   0.060   7.000   0.000   0.000   0.437   0.558   0.000   0.005   0.000   0.000   0.001   0.000
   0.061   7.000   0.000   0.000   0.437   0.558   0.000   0.006   0.000   0.000   0.001   0.000
   0.061   7.000   0.000   0.000   0.436   0.558   0.000   0.006   0.000   0.000   0.001   0.000
   0.062   7.000   0.000   0.000   0.436   0.558   0.000   0.006   0.000   0.000   0.001   0.000
   0.062   7.000   0.000   0.000   0.435   0.559   0.000   0.006   0.000   0.000   0.001   0.000
   0.063   7.000   0.000   0.000   0.435   0.559   0.000   0.006   0.000   0.000   0.001   0.000
   0.063   7.000   0.000   0.000   0.435   0.559   0.000   0.006   0.000   0.000   0.001   0.000
   0.064   7.000   0.000   0.000   0.434   0.559   0.000   0.006   0.000   0.000   0.001   0.000
   0.064   7.000   0.000   0.000   0.434   0.560   0.000   0.006   0.000   0.000   0.002   0.000
   0.065   7.000   0.000   0.000   0.434   0.560   0.000   0.006   0.000   0.000   0.002   0.000
   0.065   7.000   0.000   0.000   0.433   0.560   0.000   0.006   0.000   0.000   0.002   0.000
   0.066   7.000   0.000   0.000   0.433   0.560   0.000   0.007   0.000   0.000   0.002   0.000
   0.066   7.000   0.000   0.000   0.433   0.561   0.000   0.007   0.000   0.000   0.002   0.000
   0.067   7.000   0.000   0.000   0.432   0.561   0.000   0.007   0.000   0.000   0.002   0.000
   0.067   7.000   0.000   0.000   0.432   0.561   0.000   0.007   0.000   0.000   0.002   0.000
   0.068   7.000   0.000   0.000   0.432   0.562   0.000   0.007   0.000   0.000   0.002   0.000
   0.068   7.000   0.000   0.000   0.431   0.562   0.000   0.007   0.000   0.000   0.002   0.000
   0.069   7.000   0.000   0.000   0.431   0.562   0.000   0.007   0.000   0.000   0.002   0.000
   0.069   7.000   0.000   0.000   0.430   0.562   0.000   0.007   0.000   0.000   0.002   0.000
   0.070   7.000   0.000   0.000   0.430   0.563   0.000   0.007   0.000   0.000   0.002   0.000
   0.070   7.000   0.000   0.000   0.430   0.563   0.000   0.007   0.000   0.000   0.002   0.000
   0.071   7.000   0.000   0.000   0.429   0.563   0.000   0.007   0.000   0.000   0.002   0.000
   0.071   7.000   0.000   0.000   0.429   0.564   0.000   0.007   0.000   0.000   0.002   0.000
   0.072   7.000   0.000   0.000   0.429   0.564   0.000   0.007   0.000   0.000   0.002   0.000
   0.072   7.000   0.000   0.000   0.428   0.564   0.000   0.008   0.000   0.000   0.002   0.000
   0.073   7.000   0.000   0.000   0.428   0.564   0.000   0.008   0.000   0.000   0.002   0.000
   0.073   7.000   0.000   0.000   0.428   0.565   0.000   0.008   0.000   0.000   0.002   0.000
   0.074   7.000   0.000   0.000   0.427   0.565   0.000   0.008   0.000   0.000   0.002   0.000
   0.074   7.000   0.000   0.000   0.427   0.565   0.000   0.008   0.000   0.000   0.003   0.000
   0.075   7.000   0.000   0.000   0.427   0.566   0.000   0.008   0.000   0.000   0.003   0.000
   0.075   7.000   0.000   0.000   0.426   0.566   0.000   0.008   0.000   0.000   0.003   0.000
    STEP   AVACS   MODE1   MODE2   MODE3   MODE4
       1   7.000   0.429   0.571   0.000   0.000
       2   5.000   0.467   0.532   0.000   0.000
       3   6.000   0.482   0.517   0.000   0.000
       4   6.000   0.512   0.486   0.000   0.002
       5   5.000   0.491   0.507   0.000   0.003
       6   6.000   0.497   0.503   0.000   0.000
       7   6.000   0.449   0.551   0.000   0.000
       8   4.000   0.370   0.624   0.000   0.005
       9   6.000   0.360   0.632   0.000   0.008
      10   6.000   0.328   0.665   0.000   0.007
      11   5.000   0.296   0.700   0.000   0.004
      12   7.000   0.329   0.670   0.000   0.001
      13   8.000   0.311   0.688   0.000   0.001
      14   7.000   0.266   0.733   0.000   0.001
      15   6.000   0.193   0.801   0.000   0.006
      16   6.000   0.211   0.781   0.000   0.008
      17   6.000   0.305   0.683   0.000   0.012
      18   6.000   0.370   0.619   0.000   0.011
      19   7.000   0.426   0.566   0.000   0.008
      20   5.000   0.466   0.531   0.000   0.003
      21   6.000   0.482   0.518   0.000   0.000
      22   6.000   0.512   0.487   0.000   0.000
      23   5.000   0.491   0.509   0.000   0.000
      24   6.000   0.496   0.503   0.000   0.000
      25   6.000   0.449   0.551   0.000   0.000
      26   4.000   0.371   0.628   0.001   0.000
      27   6.000   0.350   0.634   0.016   0.000
      28   7.000   0.315   0.666   0.018   0.000
      29   5.000   0.289   0.700   0.011   0.000
      30   7.000   0.328   0.670   0.002   0.000
      31   8.000   0.310   0.688   0.001   0.000
      32   7.000   0.265   0.734   0.001   0.000
      33   6.000   0.190   0.805   0.006   0.000
      34   6.000   0.211   0.785   0.003   0.000
      35   6.000   0.309   0.691   0.000   0.000
      36   6.000   0.374   0.626   0.000   0.000
  STRAIN   AVACS   PRITW   SECTW   MODE1   MODE2   MODE3   MODE4   TWFR3   EFFR3   TWFR4   EFFR4
   0.075   7.000   0.000   0.000   0.426   0.566   0.000   0.008   0.000   0.000   0.003   0.000
   0.076   7.000   0.000   0.000   0.426   0.566   0.000   0.008   0.000   0.000   0.003   0.000
   0.076   7.000   0.000   0.000   0.426   0.566   0.000   0.008   0.000   0.000   0.003   0.000
   0.077   7.000   0.000   0.000   0.425   0.567   0.000   0.008   0.000   0.000   0.003   0.000
   0.077   7.000   0.000   0.000   0.425   0.567   0.000   0.008   0.000   0.000   0.003   0.000
   0.078   7.000   0.000   0.000   0.425   0.567   0.000   0.008   0.000   0.000   0.003   0.000
   0.078   7.000   0.000   0.000   0.424   0.568   0.000   0.008   0.000   0.000   0.003   0.000
   0.079   7.000   0.000   0.000   0.424   0.568   0.000   0.008   0.000   0.000   0.003   0.000
   0.079   7.000   0.000   0.000   0.423   0.568   0.000   0.008   0.000   0.000   0.003   0.000
   0.080   7.000   0.000   0.000   0.423   0.569   0.000   0.008   0.000   0.000   0.003   0.000
   0.080   7.000   0.000   0.000   0.423   0.569   0.000   0.008   0.000   0.000   0.003   0.000
   0.081   7.000   0.000   0.000   0.422   0.569   0.000   0.008   0.000   0.000   0.003   0.000
   0.081   7.000   0.000   0.000   0.422   0.570   0.000   0.008   0.000   0.000   0.003   0.000
   0.082   7.000   0.000   0.000   0.422   0.570   0.000   0.008   0.000   0.000   0.003   0.000
   0.082   7.000   0.000   0.000   0.421   0.570   0.000   0.008   0.000   0.000   0.003   0.000
   0.083   7.000   0.000   0.000   0.421   0.570   0.000   0.008   0.000   0.000   0.004   0.000
   0.083   7.000   0.000   0.000   0.421   0.571   0.000   0.009   0.000   0.000   0.004   0.000
   0.084   7.000   0.000   0.000   0.420   0.571   0.000   0.009   0.000   0.000   0.004   0.000
   0.084   7.000   0.000   0.000   0.420   0.571   0.000   0.009   0.000   0.000   0.004   0.000
   0.085   7.000   0.000   0.000   0.420   0.572   0.000   0.009   0.000   0.000   0.004   0.000
   0.085   7.000   0.000   0.000   0.419   0.572   0.000   0.009   0.000   0.000   0.004   0.000
   0.086   7.000   0.000   0.000   0.419   0.572   0.000   0.009   0.000   0.000   0.004   0.000
   0.086   7.000   0.000   0.000   0.419   0.573   0.000   0.009   0.000   0.000   0.004   0.000
   0.087   7.000   0.000   0.000   0.418   0.573   0.000   0.009   0.000   0.000   0.004   0.000
   0.087   7.000   0.000   0.000   0.418   0.573   0.000   0.009   0.000   0.000   0.004   0.000
   0.088   7.000   0.000   0.000   0.417   0.574   0.000   0.009   0.000   0.000   0.004   0.000
   0.088   7.000   0.000   0.000   0.417   0.574   0.000   0.009   0.000   0.000   0.004   0.000
   0.089   7.000   0.000   0.000   0.417   0.574   0.000   0.009   0.000   0.000   0.004   0.000
   0.089   7.000   0.000   0.000   0.416   0.575   0.000   0.009   0.000   0.000   0.004   0.000
   0.090   7.000   0.000   0.000   0.416   0.575   0.000   0.009   0.000   0.000   0.004   0.000
   0.090   7.000   0.000   0.000   0.416   0.576   0.000   0.009   0.000   0.000   0.004   0.000
   0.091   7.000   0.000   0.000   0.415   0.576   0.000   0.009   0.000   0.000   0.005   0.000
   0.091   7.000   0.000   0.000   0.415   0.576   0.000   0.009   0.000   0.000   0.005   0.000
   0.092   7.000   0.000   0.000   0.415   0.577   0.000   0.009   0.000   0.000   0.005   0.000
   0.092   7.000   0.000   0.000   0.414   0.577   0.000   0.009   0.000   0.000   0.005   0.000
   0.093   7.000   0.000   0.000   0.414   0.577   0.000   0.009   0.000   0.000   0.005   0.000
   0.093   7.000   0.000   0.000   0.414   0.578   0.000   0.009   0.000   0.000   0.005   0.000
   0.094   7.000   0.000   0.000   0.413   0.578   0.000   0.009   0.000   0.000   0.005   0.000
   0.094   7.000   0.000   0.000   0.413   0.578   0.000   0.009   0.000   0.000   0.005   0.000
   0.095   7.000   0.000   0.000   0.413   0.579   0.000   0.009   0.000   0.000   0.005   0.000
   0.095   7.000   0.000   0.000   0.412   0.579   0.000   0.009   0.000   0.000   0.005   0.000
   0.096   7.000   0.000   0.000   0.412   0.579   0.000   0.009   0.000   0.000   0.005   0.000
   0.096   7.000   0.000   0.000   0.412   0.580   0.000   0.009   0.000   0.000   0.005   0.000
   0.097   7.000   0.000   0.000   0.411   0.580   0.000   0.009   0.000   0.000   0.005   0.000
   0.097   7.000   0.000   0.000   0.411   0.580   0.000   0.009   0.000   0.000   0.005   0.000
   0.098   7.000   0.000   0.000   0.411   0.581   0.000   0.009   0.000   0.000   0.005   0.000
   0.098   7.000   0.000   0.000   0.410   0.581   0.000   0.009   0.000   0.000   0.005   0.000
   0.099   7.000   0.000   0.000   0.410   0.581   0.000   0.009   0.000   0.000   0.006   0.000
   0.099   7.000   0.000   0.000   0.410   0.582   0.000   0.009   0.000   0.000   0.006   0.000
   0.100   7.000   0.000   0.000   0.409   0.582   0.000   0.008   0.000   0.000   0.006   0.000
   0.100   7.000   0.000   0.000   0.409   0.583   0.000   0.008   0.000   0.000   0.006   0.000
    STEP   AVACS   MODE1   MODE2   MODE3   MODE4
       1   7.000   0.412   0.588   0.000   0.000
       2   5.000   0.452   0.548   0.000   0.000
       3   6.000   0.469   0.531   0.000   0.000
       4   6.000   0.502   0.496   0.000   0.002
       5   6.000   0.492   0.504   0.000   0.003
       6   6.000   0.493   0.506   0.000   0.000
       7   5.000   0.453   0.547   0.000   0.000
       8   4.000   0.387   0.607   0.000   0.006
       9   6.000   0.367   0.626   0.000   0.008
      10   6.000   0.328   0.665   0.000   0.007
      11   5.000   0.312   0.686   0.000   0.002
      12   8.000   0.322   0.677   0.000   0.001
      13   8.000   0.294   0.705   0.000   0.001
      14   7.000   0.239   0.760   0.000   0.001
      15   6.000   0.151   0.843   0.000   0.006
      16   5.000   0.184   0.806   0.000   0.009
      17   7.000   0.288   0.698   0.000   0.013
      18   6.000   0.353   0.635   0.000   0.012
      19   7.000   0.409   0.582   0.000   0.008
      20   5.000   0.451   0.546   0.000   0.003
      21   6.000   0.469   0.531   0.000   0.000
      22   6.000   0.502   0.497   0.001   0.000
      23   6.000   0.492   0.507   0.002   0.000
      24   6.000   0.493   0.506   0.000   0.000
      25   5.000   0.453   0.547   0.000   0.000
      26   4.000   0.382   0.611   0.007   0.000
      27   7.000   0.348   0.625   0.026   0.000
      28   7.000   0.309   0.664   0.027   0.000
      29   5.000   0.307   0.684   0.009   0.000
      30   8.000   0.320   0.677   0.003   0.000
      31   8.000   0.293   0.705   0.002   0.000
      32   7.000   0.238   0.760   0.002   0.000
      33   6.000   0.146   0.845   0.008   0.000
      34   5.000   0.188   0.810   0.002   0.000
      35   7.000   0.293   0.707   0.000   0.000
      36   6.000   0.357   0.643   0.000   0.000
  STRAIN   AVACS   PRITW   SECTW   MODE1   MODE2   MODE3   MODE4   TWFR3   EFFR3   TWFR4   EFFR4
   0.100   7.000   0.000   0.000   0.409   0.582   0.000   0.008   0.000   0.000   0.006   0.000
   0.101   7.000   0.000   0.000   0.409   0.583   0.000   0.008   0.000   0.000   0.006   0.000
   0.101   7.000   0.000   0.000   0.408   0.583   0.000   0.008   0.000   0.000   0.006   0.000
   0.102   7.000   0.000   0.000   0.408   0.584   0.000   0.008   0.000   0.000   0.006   0.000
   0.102   7.000   0.000   0.000   0.408   0.584   0.000   0.008   0.000   0.000   0.006   0.000
   0.103   7.000   0.000   0.000   0.407   0.584   0.000   0.008   0.000   0.000   0.006   0.000
   0.103   7.000   0.000   0.000   0.407   0.585   0.000   0.008   0.000   0.000   0.006   0.000
   0.104   7.000   0.000   0.000   0.407   0.585   0.000   0.008   0.000   0.000   0.006   0.000
   0.104   7.000   0.000   0.000   0.406   0.585   0.000   0.008   0.000   0.000   0.006   0.000
   0.105   7.000   0.000   0.000   0.406   0.586   0.000   0.008   0.000   0.000   0.006   0.000
   0.105   7.000   0.000   0.000   0.406   0.586   0.000   0.008   0.000   0.000   0.006   0.000
   0.106   7.000   0.000   0.000   0.405   0.587   0.000   0.008   0.000   0.000   0.006   0.000
   0.106   7.000   0.000   0.000   0.405   0.587   0.000   0.008   0.000   0.000   0.006   0.000
   0.107   7.000   0.000   0.000   0.405   0.587   0.000   0.008   0.000   0.000   0.007   0.000
   0.107   7.000   0.000   0.000   0.404   0.588   0.000   0.008   0.000   0.000   0.007   0.000
   0.108   7.000   0.000   0.000   0.404   0.588   0.000   0.008   0.000   0.000   0.007   0.000
   0.108   7.000   0.000   0.000   0.404   0.588   0.000   0.008   0.000   0.000   0.007   0.000
   0.109   7.000   0.000   0.000   0.403   0.589   0.000   0.008   0.000   0.000   0.007   0.000
   0.109   7.000   0.000   0.000   0.403   0.589   0.000   0.008   0.000   0.000   0.007   0.000
   0.110   7.000   0.000   0.000   0.403   0.589   0.000   0.008   0.000   0.000   0.007   0.000
   0.110   7.000   0.000   0.000   0.402   0.590   0.000   0.008   0.000   0.000   0.007   0.000
   0.111   7.000   0.000   0.000   0.402   0.590   0.000   0.008   0.000   0.000   0.007   0.000
   0.111   7.000   0.000   0.000   0.402   0.591   0.000   0.008   0.000   0.000   0.007   0.000
   0.112   7.000   0.000   0.000   0.401   0.591   0.000   0.008   0.000   0.000   0.007   0.000
   0.112   7.000   0.000   0.000   0.401   0.591   0.000   0.008   0.000   0.000   0.007   0.000
   0.113   7.000   0.000   0.000   0.401   0.592   0.000   0.008   0.000   0.000   0.007   0.000
   0.113   7.000   0.000   0.000   0.400   0.592   0.000   0.008   0.000   0.000   0.007   0.000
   0.114   7.000   0.000   0.000   0.400   0.592   0.000   0.008   0.000   0.000   0.007   0.000
   0.114   7.000   0.000   0.000   0.400   0.593   0.000   0.007   0.000   0.000   0.007   0.000
   0.115   7.000   0.000   0.000   0.399   0.593   0.000   0.007   0.000   0.000   0.007   0.000
   0.115   7.000   0.000   0.000   0.399   0.594   0.000   0.007   0.000   0.000   0.007   0.000
   0.116   7.000   0.000   0.000   0.399   0.594   0.000   0.007   0.000   0.000   0.008   0.000
   0.116   7.000   0.000   0.000   0.398   0.594   0.000   0.007   0.000   0.000   0.008   0.000
   0.117   7.000   0.000   0.000   0.398   0.595   0.000   0.007   0.000   0.000   0.008   0.000
   0.117   7.000   0.000   0.000   0.398   0.595   0.000   0.007   0.000   0.000   0.008   0.000
   0.118   7.000   0.000   0.000   0.397   0.595   0.000   0.007   0.000   0.000   0.008   0.000
   0.118   7.000   0.000   0.000   0.397   0.596   0.000   0.007   0.000   0.000   0.008   0.000
   0.119   7.000   0.000   0.000   0.397   0.596   0.000   0.007   0.000   0.000   0.008   0.000
   0.119   7.000   0.000   0.000   0.396   0.597   0.000   0.007   0.000   0.000   0.008   0.000
   0.120   7.000   0.000   0.000   0.396   0.597   0.000   0.007   0.000   0.000   0.008   0.000
   0.120   7.000   0.000   0.000   0.396   0.597   0.000   0.007   0.000   0.000   0.008   0.000
   0.121   7.000   0.000   0.000   0.395   0.598   0.000   0.007   0.000   0.000   0.008   0.000
   0.121   7.000   0.000   0.000   0.395   0.598   0.000   0.007   0.000   0.000   0.008   0.000
   0.122   7.000   0.000   0.000   0.395   0.598   0.000   0.007   0.000   0.000   0.008   0.000
   0.122   7.000   0.000   0.000   0.394   0.599   0.000   0.007   0.000   0.000   0.008   0.000
   0.123   7.000   0.000   0.000   0.394   0.599   0.000   0.007   0.000   0.000   0.008   0.000
   0.123   7.000   0.000   0.000   0.394   0.600   0.000   0.007   0.000   0.000   0.008   0.000
   0.124   7.000   0.000   0.000   0.393   0.600   0.000   0.007   0.000   0.000   0.008   0.000
   0.124   7.000   0.000   0.000   0.393   0.600   0.000   0.007   0.000   0.000   0.008   0.000
   0.125   7.000   0.000   0.000   0.393   0.601   0.000   0.007   0.000   0.000   0.008   0.000
   0.125   7.000   0.000   0.000   0.392   0.601   0.000   0.006   0.000   0.000   0.009   0.000
    STEP   AVACS   MODE1   MODE2   MODE3   MODE4
       1   7.000   0.395   0.605   0.000   0.000
       2   6.000   0.436   0.564   0.000   0.000
       3   6.000   0.455   0.544   0.000   0.000
       4   6.000   0.490   0.508   0.000   0.001
       5   6.000   0.492   0.506   0.000   0.002
       6   6.000   0.490   0.510   0.000   0.000
       7   5.000   0.457   0.543   0.000   0.000
       8   5.000   0.402   0.594   0.000   0.005
       9   6.000   0.370   0.625   0.000   0.005
      10   6.000   0.326   0.670   0.000   0.004
      11   5.000   0.318   0.681   0.000   0.001
      12   8.000   0.308   0.692   0.000   0.001
      13   8.000   0.270   0.730   0.000   0.001
      14   7.000   0.206   0.793   0.000   0.001
      15   6.000   0.104   0.891   0.000   0.005
      16   5.000   0.186   0.805   0.000   0.009
      17   7.000   0.273   0.717   0.000   0.010
      18   7.000   0.337   0.654   0.000   0.009
      19   7.000   0.392   0.601   0.000   0.006
      20   6.000   0.435   0.562   0.000   0.003
      21   6.000   0.455   0.544   0.000   0.000
      22   6.000   0.489   0.509   0.002   0.000
      23   6.000   0.489   0.507   0.004   0.000
      24   6.000   0.490   0.510   0.000   0.000
      25   5.000   0.457   0.543   0.000   0.000
      26   5.000   0.389   0.594   0.017   0.000
      27   7.000   0.344   0.619   0.037   0.000
      28   7.000   0.302   0.664   0.034   0.000
      29   5.000   0.313   0.679   0.008   0.000
      30   8.000   0.305   0.691   0.003   0.000
      31   8.000   0.268   0.730   0.002   0.000
      32   7.000   0.204   0.793   0.002   0.000
      33   6.000   0.098   0.892   0.009   0.000
      34   5.000   0.190   0.810   0.000   0.000
      35   7.000   0.277   0.723   0.000   0.000
      36   7.000   0.340   0.660   0.000   0.000
