          S1          S2          D1          D2
  0.7138E+02 -0.1590E+03 -0.3308E-08 -0.6290E-02
  0.4070E+02 -0.1559E+03 -0.1186E-02 -0.6724E-02
 -0.1023E+02 -0.1420E+03 -0.2498E-02 -0.6864E-02
 -0.5132E+02 -0.1233E+03 -0.3774E-02 -0.6538E-02
 -0.8514E+02 -0.9904E+02 -0.4922E-02 -0.5866E-02
 -0.1229E+03 -0.6166E+02 -0.5727E-02 -0.4806E-02
 -0.1442E+03 -0.3140E+02 -0.6159E-02 -0.3556E-02
 -0.1674E+03  0.2008E+02 -0.6244E-02 -0.2273E-02
 -0.1769E+03  0.5336E+02 -0.5969E-02 -0.1053E-02
 -0.1781E+03  0.6486E+02 -0.5616E-02 -0.3113E-07
 -0.1773E+03  0.7299E+02 -0.5257E-02  0.9270E-03
 -0.1711E+03  0.9666E+02 -0.4848E-02  0.1765E-02
 -0.1671E+03  0.1052E+03 -0.4389E-02  0.2534E-02
 -0.1613E+03  0.1134E+03 -0.3899E-02  0.3272E-02
 -0.1374E+03  0.1375E+03 -0.3320E-02  0.3957E-02
 -0.1302E+03  0.1425E+03 -0.2652E-02  0.4594E-02
 -0.1145E+03  0.1492E+03 -0.1907E-02  0.5238E-02
 -0.8658E+02  0.1577E+03 -0.1019E-02  0.5781E-02
 -0.7138E+02  0.1590E+03 -0.1080E-06  0.6290E-02
 -0.4070E+02  0.1559E+03  0.1186E-02  0.6724E-02
  0.1023E+02  0.1420E+03  0.2498E-02  0.6864E-02
  0.5132E+02  0.1233E+03  0.3774E-02  0.6538E-02
  0.8514E+02  0.9904E+02  0.4922E-02  0.5866E-02
  0.1229E+03  0.6166E+02  0.5727E-02  0.4806E-02
  0.1442E+03  0.3140E+02  0.6159E-02  0.3556E-02
  0.1674E+03 -0.2008E+02  0.6244E-02  0.2273E-02
  0.1769E+03 -0.5336E+02  0.5969E-02  0.1053E-02
  0.1781E+03 -0.6486E+02  0.5616E-02  0.3113E-07
  0.1773E+03 -0.7299E+02  0.5257E-02 -0.9270E-03
  0.1711E+03 -0.9666E+02  0.4848E-02 -0.1765E-02
  0.1671E+03 -0.1052E+03  0.4389E-02 -0.2534E-02
  0.1613E+03 -0.1134E+03  0.3899E-02 -0.3272E-02
  0.1374E+03 -0.1375E+03  0.3320E-02 -0.3957E-02
  0.1302E+03 -0.1425E+03  0.2652E-02 -0.4594E-02
  0.1145E+03 -0.1492E+03  0.1907E-02 -0.5238E-02
  0.8658E+02 -0.1577E+03  0.1019E-02 -0.5781E-02
  0.7138E+02 -0.1590E+03 -0.3308E-08 -0.6290E-02
          S1          S2          D1          D2
  0.1157E+03 -0.2758E+03  0.7230E-11 -0.3626E-02
  0.7396E+02 -0.2716E+03 -0.6818E-03 -0.3867E-02
 -0.1112E+02 -0.2480E+03 -0.1444E-02 -0.3968E-02
 -0.7052E+02 -0.2214E+03 -0.2203E-02 -0.3816E-02
 -0.1183E+03 -0.1867E+03 -0.2934E-02 -0.3497E-02
 -0.1951E+03 -0.1128E+03 -0.3451E-02 -0.2896E-02
 -0.2299E+03 -0.6331E+02 -0.3754E-02 -0.2167E-02
 -0.2744E+03  0.3539E+02 -0.3824E-02 -0.1392E-02
 -0.2919E+03  0.9481E+02 -0.3634E-02 -0.6409E-03
 -0.2934E+03  0.1112E+03 -0.3408E-02 -0.4548E-08
 -0.2921E+03  0.1255E+03 -0.3183E-02  0.5613E-03
 -0.2814E+03  0.1709E+03 -0.2910E-02  0.1059E-02
 -0.2759E+03  0.1827E+03 -0.2622E-02  0.1514E-02
 -0.2677E+03  0.1943E+03 -0.2322E-02  0.1948E-02
 -0.2241E+03  0.2374E+03 -0.1972E-02  0.2350E-02
 -0.2125E+03  0.2456E+03 -0.1568E-02  0.2715E-02
 -0.1632E+03  0.2668E+03 -0.1116E-02  0.3066E-02
 -0.1379E+03  0.2740E+03 -0.5912E-03  0.3353E-02
 -0.1157E+03  0.2758E+03 -0.5083E-07  0.3626E-02
 -0.7394E+02  0.2716E+03  0.6818E-03  0.3867E-02
  0.1112E+02  0.2480E+03  0.1444E-02  0.3968E-02
  0.7053E+02  0.2214E+03  0.2203E-02  0.3816E-02
  0.1183E+03  0.1867E+03  0.2934E-02  0.3497E-02
  0.1951E+03  0.1128E+03  0.3451E-02  0.2896E-02
  0.2299E+03  0.6331E+02  0.3754E-02  0.2167E-02
  0.2744E+03 -0.3542E+02  0.3824E-02  0.1392E-02
  0.2919E+03 -0.9479E+02  0.3634E-02  0.6409E-03
  0.2934E+03 -0.1112E+03  0.3408E-02  0.5820E-08
  0.2921E+03 -0.1255E+03  0.3183E-02 -0.5613E-03
  0.2814E+03 -0.1709E+03  0.2910E-02 -0.1059E-02
  0.2759E+03 -0.1827E+03  0.2622E-02 -0.1514E-02
  0.2677E+03 -0.1943E+03  0.2322E-02 -0.1948E-02
  0.2241E+03 -0.2374E+03  0.1972E-02 -0.2350E-02
  0.2125E+03 -0.2456E+03  0.1568E-02 -0.2715E-02
  0.1631E+03 -0.2668E+03  0.1116E-02 -0.3066E-02
  0.1379E+03 -0.2740E+03  0.5912E-03 -0.3352E-02
  0.1157E+03 -0.2758E+03  0.7230E-11 -0.3626E-02
          S1          S2          D1          D2
  0.1453E+03 -0.3403E+03 -0.3815E-12 -0.2939E-02
  0.9743E+02 -0.3355E+03 -0.5539E-03 -0.3142E-02
  0.2973E+01 -0.3093E+03 -0.1181E-02 -0.3244E-02
 -0.6996E+02 -0.2765E+03 -0.1822E-02 -0.3156E-02
 -0.1206E+03 -0.2403E+03 -0.2457E-02 -0.2928E-02
 -0.2216E+03 -0.1417E+03 -0.2937E-02 -0.2465E-02
 -0.2690E+03 -0.7424E+02 -0.3206E-02 -0.1851E-02
 -0.3280E+03  0.5562E+02 -0.3250E-02 -0.1183E-02
 -0.3482E+03  0.1228E+03 -0.3062E-02 -0.5400E-03
 -0.3501E+03  0.1426E+03 -0.2857E-02 -0.7223E-08
 -0.3483E+03  0.1613E+03 -0.2655E-02  0.4682E-03
 -0.3357E+03  0.2155E+03 -0.2415E-02  0.8790E-03
 -0.3286E+03  0.2306E+03 -0.2166E-02  0.1250E-02
 -0.3184E+03  0.2451E+03 -0.1908E-02  0.1601E-02
 -0.2688E+03  0.2948E+03 -0.1613E-02  0.1922E-02
 -0.2548E+03  0.3045E+03 -0.1278E-02  0.2214E-02
 -0.1944E+03  0.3314E+03 -0.9052E-03  0.2487E-02
 -0.1700E+03  0.3381E+03 -0.4791E-03  0.2717E-02
 -0.1450E+03  0.3402E+03 -0.5236E-07  0.2940E-02
 -0.9712E+02  0.3354E+03  0.5540E-03  0.3142E-02
 -0.2906E+01  0.3093E+03  0.1181E-02  0.3244E-02
  0.7004E+02  0.2765E+03  0.1822E-02  0.3155E-02
  0.1204E+03  0.2404E+03  0.2457E-02  0.2928E-02
  0.2216E+03  0.1417E+03  0.2937E-02  0.2465E-02
  0.2690E+03  0.7423E+02  0.3206E-02  0.1851E-02
  0.3281E+03 -0.5583E+02  0.3249E-02  0.1183E-02
  0.3482E+03 -0.1226E+03  0.3062E-02  0.5400E-03
  0.3501E+03 -0.1425E+03  0.2857E-02  0.1975E-07
  0.3483E+03 -0.1613E+03  0.2655E-02 -0.4682E-03
  0.3357E+03 -0.2155E+03  0.2415E-02 -0.8790E-03
  0.3286E+03 -0.2306E+03  0.2166E-02 -0.1250E-02
  0.3184E+03 -0.2452E+03  0.1908E-02 -0.1601E-02
  0.2687E+03 -0.2949E+03  0.1613E-02 -0.1922E-02
  0.2547E+03 -0.3046E+03  0.1278E-02 -0.2214E-02
  0.1943E+03 -0.3315E+03  0.9049E-03 -0.2486E-02
  0.1701E+03 -0.3382E+03  0.4789E-03 -0.2716E-02
  0.1453E+03 -0.3403E+03 -0.3815E-12 -0.2939E-02
          S1          S2          D1          D2
  0.1630E+03 -0.3842E+03 -0.3355E-07 -0.2603E-02
  0.1153E+03 -0.3795E+03 -0.4909E-03 -0.2784E-02
  0.1792E+02 -0.3524E+03 -0.1052E-02 -0.2891E-02
 -0.6044E+02 -0.3172E+03 -0.1640E-02 -0.2840E-02
 -0.1096E+03 -0.2823E+03 -0.2242E-02 -0.2672E-02
 -0.2291E+03 -0.1641E+03 -0.2726E-02 -0.2288E-02
 -0.2854E+03 -0.8404E+02 -0.2995E-02 -0.1729E-02
 -0.3611E+03  0.8348E+02 -0.3024E-02 -0.1101E-02
 -0.3789E+03  0.1432E+03 -0.2828E-02 -0.4987E-03
 -0.3808E+03  0.1645E+03 -0.2626E-02  0.7714E-09
 -0.3777E+03  0.1922E+03 -0.2429E-02  0.4284E-03
 -0.3652E+03  0.2478E+03 -0.2196E-02  0.7992E-03
 -0.3577E+03  0.2640E+03 -0.1960E-02  0.1132E-02
 -0.3469E+03  0.2792E+03 -0.1721E-02  0.1444E-02
 -0.2928E+03  0.3332E+03 -0.1449E-02  0.1727E-02
 -0.2763E+03  0.3447E+03 -0.1145E-02  0.1983E-02
 -0.2101E+03  0.3758E+03 -0.8047E-03  0.2211E-02
 -0.1876E+03  0.3820E+03 -0.4249E-03  0.2409E-02
 -0.1623E+03  0.3840E+03 -0.4317E-07  0.2604E-02
 -0.1145E+03  0.3793E+03  0.4910E-03  0.2785E-02
 -0.1775E+02  0.3524E+03  0.1052E-02  0.2891E-02
  0.6065E+02  0.3172E+03  0.1639E-02  0.2840E-02
  0.1095E+03  0.2825E+03  0.2241E-02  0.2671E-02
  0.2291E+03  0.1641E+03  0.2726E-02  0.2288E-02
  0.2854E+03  0.8403E+02  0.2995E-02  0.1729E-02
  0.3611E+03 -0.8323E+02  0.3023E-02  0.1100E-02
  0.3788E+03 -0.1428E+03  0.2828E-02  0.4987E-03
  0.3808E+03 -0.1644E+03  0.2626E-02  0.2149E-07
  0.3777E+03 -0.1925E+03  0.2429E-02 -0.4284E-03
  0.3652E+03 -0.2479E+03  0.2196E-02 -0.7992E-03
  0.3577E+03 -0.2640E+03  0.1960E-02 -0.1132E-02
  0.3469E+03 -0.2793E+03  0.1720E-02 -0.1444E-02
  0.2926E+03 -0.3335E+03  0.1449E-02 -0.1727E-02
  0.2759E+03 -0.3451E+03  0.1145E-02 -0.1983E-02
  0.2101E+03 -0.3761E+03  0.8042E-03 -0.2209E-02
  0.1879E+03 -0.3822E+03  0.4246E-03 -0.2408E-02
  0.1630E+03 -0.3842E+03 -0.3355E-07 -0.2603E-02
          S1          S2          D1          D2
  0.1744E+03 -0.4173E+03 -0.1154E-08 -0.2396E-02
  0.1295E+03 -0.4128E+03 -0.4521E-03 -0.2564E-02
  0.3271E+02 -0.3858E+03 -0.9735E-03 -0.2675E-02
 -0.4768E+02 -0.3497E+03 -0.1530E-02 -0.2651E-02
 -0.9359E+02 -0.3173E+03 -0.2120E-02 -0.2526E-02
 -0.2272E+03 -0.1828E+03 -0.2627E-02 -0.2205E-02
 -0.2902E+03 -0.9301E+02 -0.2907E-02 -0.1679E-02
 -0.3818E+03  0.1084E+03 -0.2921E-02 -0.1063E-02
 -0.3966E+03  0.1592E+03 -0.2713E-02 -0.4784E-03
 -0.3987E+03  0.1810E+03 -0.2508E-02  0.1293E-08
 -0.3924E+03  0.2300E+03 -0.2310E-02  0.4073E-03
 -0.3825E+03  0.2728E+03 -0.2075E-02  0.7554E-03
 -0.3752E+03  0.2886E+03 -0.1846E-02  0.1066E-02
 -0.3647E+03  0.3035E+03 -0.1615E-02  0.1355E-02
 -0.3062E+03  0.3613E+03 -0.1357E-02  0.1618E-02
 -0.2806E+03  0.3785E+03 -0.1068E-02  0.1850E-02
 -0.2183E+03  0.4095E+03 -0.7444E-03  0.2045E-02
 -0.1978E+03  0.4151E+03 -0.3919E-03  0.2223E-02
 -0.1737E+03  0.4170E+03 -0.3142E-07  0.2398E-02
 -0.1286E+03  0.4126E+03  0.4522E-03  0.2565E-02
 -0.3253E+02  0.3857E+03  0.9735E-03  0.2675E-02
  0.4786E+02  0.3497E+03  0.1530E-02  0.2650E-02
  0.9355E+02  0.3174E+03  0.2119E-02  0.2526E-02
  0.2272E+03  0.1828E+03  0.2627E-02  0.2205E-02
  0.2903E+03  0.9300E+02  0.2907E-02  0.1679E-02
  0.3815E+03 -0.1073E+03  0.2920E-02  0.1063E-02
  0.3964E+03 -0.1587E+03  0.2714E-02  0.4786E-03
  0.3985E+03 -0.1811E+03  0.2509E-02  0.4175E-08
  0.3922E+03 -0.2310E+03  0.2310E-02 -0.4073E-03
  0.3825E+03 -0.2729E+03  0.2075E-02 -0.7554E-03
  0.3752E+03 -0.2886E+03  0.1846E-02 -0.1066E-02
  0.3647E+03 -0.3035E+03  0.1615E-02 -0.1355E-02
  0.3059E+03 -0.3617E+03  0.1357E-02 -0.1617E-02
  0.2790E+03 -0.3797E+03  0.1068E-02 -0.1849E-02
  0.2184E+03 -0.4099E+03  0.7438E-03 -0.2043E-02
  0.1983E+03 -0.4153E+03  0.3916E-03 -0.2221E-02
  0.1744E+03 -0.4173E+03 -0.1154E-08 -0.2396E-02
          S1          S2          D1          D2
  0.1824E+03 -0.4444E+03 -0.1773E-09 -0.2250E-02
  0.1412E+03 -0.4403E+03 -0.4244E-03 -0.2407E-02
  0.4715E+02 -0.4139E+03 -0.9174E-03 -0.2521E-02
 -0.3396E+02 -0.3776E+03 -0.1453E-02 -0.2517E-02
 -0.7647E+02 -0.3477E+03 -0.2037E-02 -0.2428E-02
 -0.2206E+03 -0.1994E+03 -0.2577E-02 -0.2163E-02
 -0.2895E+03 -0.1012E+03 -0.2874E-02 -0.1659E-02
 -0.3950E+03  0.1276E+03 -0.2869E-02 -0.1044E-02
 -0.4079E+03  0.1723E+03 -0.2649E-02 -0.4670E-03
 -0.4099E+03  0.1945E+03 -0.2439E-02  0.2288E-07
 -0.4016E+03  0.2608E+03 -0.2234E-02  0.3940E-03
 -0.3939E+03  0.2929E+03 -0.1998E-02  0.7272E-03
 -0.3871E+03  0.3076E+03 -0.1771E-02  0.1022E-02
 -0.3771E+03  0.3217E+03 -0.1545E-02  0.1297E-02
 -0.3135E+03  0.3838E+03 -0.1297E-02  0.1546E-02
 -0.2620E+03  0.4179E+03 -0.1014E-02  0.1757E-02
 -0.2227E+03  0.4374E+03 -0.7020E-03  0.1929E-02
 -0.2044E+03  0.4424E+03 -0.3686E-03  0.2090E-02
 -0.1819E+03  0.4442E+03 -0.3501E-07  0.2251E-02
 -0.1405E+03  0.4401E+03  0.4245E-03  0.2408E-02
 -0.4701E+02  0.4138E+03  0.9174E-03  0.2521E-02
  0.3401E+02  0.3776E+03  0.1453E-02  0.2517E-02
  0.7650E+02  0.3477E+03  0.2037E-02  0.2428E-02
  0.2206E+03  0.1994E+03  0.2577E-02  0.2163E-02
  0.2895E+03  0.1012E+03  0.2874E-02  0.1659E-02
  0.3941E+03 -0.1252E+03  0.2869E-02  0.1044E-02
  0.4075E+03 -0.1719E+03  0.2651E-02  0.4674E-03
  0.4096E+03 -0.1950E+03  0.2441E-02 -0.1248E-07
  0.4014E+03 -0.2617E+03  0.2234E-02 -0.3940E-03
  0.3939E+03 -0.2930E+03  0.1998E-02 -0.7272E-03
  0.3871E+03 -0.3077E+03  0.1771E-02 -0.1022E-02
  0.3771E+03 -0.3218E+03  0.1545E-02 -0.1297E-02
  0.3132E+03 -0.3842E+03  0.1297E-02 -0.1546E-02
  0.2610E+03 -0.4187E+03  0.1014E-02 -0.1756E-02
  0.2228E+03 -0.4377E+03  0.7016E-03 -0.1927E-02
  0.2047E+03 -0.4426E+03  0.3684E-03 -0.2089E-02
  0.1824E+03 -0.4444E+03 -0.1773E-09 -0.2250E-02
