TEXTURE AT STRAIN =    0.0250
   0.988   1.025   0.988  <-- length of phase ellipsoid axes
  144.70   90.00  180.00  <-- Euler angles (deg) of phase ellipsoid axes
B         1
 -123.26  122.87 -175.30   1.0000000
TEXTURE AT STRAIN =    0.0500
   0.975   1.051   0.975  <-- length of phase ellipsoid axes
   52.45   90.00    0.00  <-- Euler angles (deg) of phase ellipsoid axes
B         1
 -123.06  124.66 -175.45   1.0000000
TEXTURE AT STRAIN =    0.0750
   0.963   1.078   0.963  <-- length of phase ellipsoid axes
   51.28   90.00    0.00  <-- Euler angles (deg) of phase ellipsoid axes
B         1
 -122.86  126.49 -175.57   1.0000000
TEXTURE AT STRAIN =    0.1000
   0.951   1.105   0.951  <-- length of phase ellipsoid axes
   66.85   90.00   -0.00  <-- Euler angles (deg) of phase ellipsoid axes
B         1
 -122.69  128.35 -175.68   1.0000000
TEXTURE AT STRAIN =    0.1250
   0.939   1.133   0.939  <-- length of phase ellipsoid axes
   71.72   90.00   -0.00  <-- Euler angles (deg) of phase ellipsoid axes
B         1
 -122.54  130.23 -175.79   1.0000000
