TEXTURE AT STRAIN =    0.0250
   0.988   1.025   0.988  <-- length of phase ellipsoid axes
 -153.27   90.00 -180.00  <-- Euler angles (deg) of phase ellipsoid axes
B         1
  -64.81  151.38 -163.16   1.0000000
TEXTURE AT STRAIN =    0.0500
   0.975   1.051   0.975  <-- length of phase ellipsoid axes
   56.36   90.00   -0.00  <-- Euler angles (deg) of phase ellipsoid axes
B         1
  -64.32  152.83 -162.84   1.0000000
TEXTURE AT STRAIN =    0.0750
   0.963   1.078   0.963  <-- length of phase ellipsoid axes
   79.94   90.00   -0.00  <-- Euler angles (deg) of phase ellipsoid axes
B         1
  -63.86  154.22 -162.51   1.0000000
TEXTURE AT STRAIN =    0.1000
   0.951   1.105   0.951  <-- length of phase ellipsoid axes
   93.86   90.00   -0.00  <-- Euler angles (deg) of phase ellipsoid axes
B         1
  -63.44  155.55 -162.22   1.0000000
TEXTURE AT STRAIN =    0.1250
   0.939   1.133   0.939  <-- length of phase ellipsoid axes
   85.98   90.00   -0.00  <-- Euler angles (deg) of phase ellipsoid axes
B         1
  -63.10  156.83 -162.01   1.0000000
