          Evm          Svm            E11          E22          E33          E23          E13          E12         SDEV11       SDEV22       SDEV33       SDEV23       SDEV13       SDEV12      TEMP
  0.00000E+00  0.46690E+03    0.00000E+00  0.00000E+00  0.00000E+00  0.00000E+00  0.00000E+00  0.00000E+00   -0.92446E+02 -0.19010E+03  0.28255E+03  0.91737E+01  0.37039E+01  0.10154E+03      298.00
  0.45386E-03  0.47788E+03   -0.25000E-03 -0.25000E-03  0.50000E-03  0.00000E+00  0.00000E+00  0.00000E+00   -0.96645E+02 -0.19365E+03  0.29029E+03  0.96532E+01  0.49932E+01  0.10222E+03      298.00
  0.90946E-03  0.48838E+03   -0.50000E-03 -0.50000E-03  0.10000E-02  0.00000E+00  0.00000E+00  0.00000E+00   -0.10038E+03 -0.19719E+03  0.29757E+03  0.99716E+01  0.60509E+01  0.10304E+03      298.00
  0.13664E-02  0.49865E+03   -0.75000E-03 -0.75000E-03  0.15000E-02  0.00000E+00  0.00000E+00  0.00000E+00   -0.10380E+03 -0.20074E+03  0.30454E+03  0.10185E+02  0.69851E+01  0.10404E+03      298.00
  0.18245E-02  0.50877E+03   -0.10000E-02 -0.10000E-02  0.20000E-02  0.00000E+00  0.00000E+00  0.00000E+00   -0.10701E+03 -0.20428E+03  0.31129E+03  0.10352E+02  0.78802E+01  0.10523E+03      298.00
  0.22834E-02  0.51870E+03   -0.12500E-02 -0.12500E-02  0.25000E-02  0.00000E+00  0.00000E+00  0.00000E+00   -0.10992E+03 -0.20789E+03  0.31781E+03  0.10421E+02  0.86317E+01  0.10652E+03      298.00
  0.27429E-02  0.52874E+03   -0.15000E-02 -0.15000E-02  0.30000E-02  0.00000E+00  0.00000E+00  0.00000E+00   -0.11276E+03 -0.21154E+03  0.32430E+03  0.10462E+02  0.94057E+01  0.10804E+03      298.00
  0.32029E-02  0.53824E+03   -0.17500E-02 -0.17500E-02  0.35000E-02  0.00000E+00  0.00000E+00  0.00000E+00   -0.11529E+03 -0.21512E+03  0.33041E+03  0.10426E+02  0.10030E+02  0.10949E+03      298.00
  0.36633E-02  0.54756E+03   -0.20000E-02 -0.20000E-02  0.40000E-02  0.00000E+00  0.00000E+00  0.00000E+00   -0.11768E+03 -0.21867E+03  0.33635E+03  0.10354E+02  0.10616E+02  0.11101E+03      298.00
  0.41240E-02  0.55679E+03   -0.22500E-02 -0.22500E-02  0.45000E-02  0.00000E+00  0.00000E+00  0.00000E+00   -0.11999E+03 -0.22218E+03  0.34217E+03  0.10276E+02  0.11216E+02  0.11263E+03      298.00
  0.45849E-02  0.56562E+03   -0.25000E-02 -0.25000E-02  0.50000E-02  0.00000E+00  0.00000E+00  0.00000E+00   -0.12210E+03 -0.22562E+03  0.34772E+03  0.10148E+02  0.11721E+02  0.11419E+03      298.00
  0.50460E-02  0.57441E+03   -0.27500E-02 -0.27500E-02  0.55000E-02  0.00000E+00  0.00000E+00  0.00000E+00   -0.12413E+03 -0.22908E+03  0.35321E+03  0.99819E+01  0.12209E+02  0.11582E+03      298.00
  0.55072E-02  0.58317E+03   -0.30000E-02 -0.30000E-02  0.60000E-02  0.00000E+00  0.00000E+00  0.00000E+00   -0.12605E+03 -0.23258E+03  0.35863E+03  0.97546E+01  0.12653E+02  0.11750E+03      298.00
  0.59684E-02  0.59152E+03   -0.32500E-02 -0.32500E-02  0.65000E-02  0.00000E+00  0.00000E+00  0.00000E+00   -0.12791E+03 -0.23589E+03  0.36380E+03  0.95665E+01  0.13114E+02  0.11913E+03      298.00
  0.64297E-02  0.59955E+03   -0.35000E-02 -0.35000E-02  0.70000E-02  0.00000E+00  0.00000E+00  0.00000E+00   -0.12965E+03 -0.23911E+03  0.36876E+03  0.93578E+01  0.13523E+02  0.12069E+03      298.00
  0.68909E-02  0.60773E+03   -0.37500E-02 -0.37500E-02  0.75000E-02  0.00000E+00  0.00000E+00  0.00000E+00   -0.13130E+03 -0.24247E+03  0.37377E+03  0.90663E+01  0.13893E+02  0.12234E+03      298.00
  0.73522E-02  0.61555E+03   -0.40000E-02 -0.40000E-02  0.80000E-02  0.00000E+00  0.00000E+00  0.00000E+00   -0.13292E+03 -0.24565E+03  0.37857E+03  0.88069E+01  0.14280E+02  0.12393E+03      298.00
  0.78135E-02  0.62369E+03   -0.42500E-02 -0.42500E-02  0.85000E-02  0.00000E+00  0.00000E+00  0.00000E+00   -0.13453E+03 -0.24898E+03  0.38351E+03  0.84809E+01  0.14683E+02  0.12566E+03      298.00
  0.82747E-02  0.63125E+03   -0.45000E-02 -0.45000E-02  0.90000E-02  0.00000E+00  0.00000E+00  0.00000E+00   -0.13605E+03 -0.25207E+03  0.38812E+03  0.81954E+01  0.15066E+02  0.12724E+03      298.00
  0.87358E-02  0.63912E+03   -0.47500E-02 -0.47500E-02  0.95000E-02  0.00000E+00  0.00000E+00  0.00000E+00   -0.13757E+03 -0.25531E+03  0.39287E+03  0.78405E+01  0.15467E+02  0.12896E+03      298.00
  0.91968E-02  0.64663E+03   -0.50000E-02 -0.50000E-02  0.10000E-01  0.00000E+00  0.00000E+00  0.00000E+00   -0.13897E+03 -0.25844E+03  0.39742E+03  0.74703E+01  0.15807E+02  0.13056E+03      298.00
  0.96578E-02  0.65401E+03   -0.52500E-02 -0.52500E-02  0.10500E-01  0.00000E+00  0.00000E+00  0.00000E+00   -0.14034E+03 -0.26154E+03  0.40188E+03  0.70847E+01  0.16143E+02  0.13214E+03      298.00
  0.10119E-01  0.66118E+03   -0.55000E-02 -0.55000E-02  0.11000E-01  0.00000E+00  0.00000E+00  0.00000E+00   -0.14177E+03 -0.26444E+03  0.40621E+03  0.67657E+01  0.16580E+02  0.13373E+03      298.00
  0.10579E-01  0.66910E+03   -0.57500E-02 -0.57500E-02  0.11500E-01  0.00000E+00  0.00000E+00  0.00000E+00   -0.14304E+03 -0.26790E+03  0.41094E+03  0.61910E+01  0.16848E+02  0.13549E+03      298.00
  0.11040E-01  0.67611E+03   -0.60000E-02 -0.60000E-02  0.12000E-01  0.00000E+00  0.00000E+00  0.00000E+00   -0.14433E+03 -0.27083E+03  0.41516E+03  0.57837E+01  0.17204E+02  0.13702E+03      298.00
  0.11501E-01  0.68302E+03   -0.62500E-02 -0.62500E-02  0.12500E-01  0.00000E+00  0.00000E+00  0.00000E+00   -0.14559E+03 -0.27373E+03  0.41931E+03  0.53662E+01  0.17564E+02  0.13854E+03      298.00
  0.11961E-01  0.68968E+03   -0.65000E-02 -0.65000E-02  0.13000E-01  0.00000E+00  0.00000E+00  0.00000E+00   -0.14686E+03 -0.27648E+03  0.42333E+03  0.49998E+01  0.17957E+02  0.13999E+03      298.00
  0.12421E-01  0.69635E+03   -0.67500E-02 -0.67500E-02  0.13500E-01  0.00000E+00  0.00000E+00  0.00000E+00   -0.14803E+03 -0.27931E+03  0.42734E+03  0.45433E+01  0.18295E+02  0.14145E+03      298.00
  0.12882E-01  0.70290E+03   -0.70000E-02 -0.70000E-02  0.14000E-01  0.00000E+00  0.00000E+00  0.00000E+00   -0.14910E+03 -0.28217E+03  0.43127E+03  0.40255E+01  0.18555E+02  0.14285E+03      298.00
  0.13342E-01  0.70935E+03   -0.72500E-02 -0.72500E-02  0.14500E-01  0.00000E+00  0.00000E+00  0.00000E+00   -0.15022E+03 -0.28492E+03  0.43514E+03  0.35423E+01  0.18883E+02  0.14426E+03      298.00
  0.13802E-01  0.71570E+03   -0.75000E-02 -0.75000E-02  0.15000E-01  0.00000E+00  0.00000E+00  0.00000E+00   -0.15135E+03 -0.28760E+03  0.43895E+03  0.30743E+01  0.19249E+02  0.14566E+03      298.00
  0.14262E-01  0.72194E+03   -0.77500E-02 -0.77500E-02  0.15500E-01  0.00000E+00  0.00000E+00  0.00000E+00   -0.15247E+03 -0.29022E+03  0.44269E+03  0.26065E+01  0.19630E+02  0.14704E+03      298.00
  0.14722E-01  0.72808E+03   -0.80000E-02 -0.80000E-02  0.16000E-01  0.00000E+00  0.00000E+00  0.00000E+00   -0.15357E+03 -0.29279E+03  0.44636E+03  0.21332E+01  0.20017E+02  0.14840E+03      298.00
  0.15182E-01  0.73323E+03   -0.82500E-02 -0.82500E-02  0.16500E-01  0.00000E+00  0.00000E+00  0.00000E+00   -0.15451E+03 -0.29499E+03  0.44950E+03  0.17232E+01  0.20302E+02  0.14942E+03      298.00
  0.15641E-01  0.73918E+03   -0.85000E-02 -0.85000E-02  0.17000E-01  0.00000E+00  0.00000E+00  0.00000E+00   -0.15557E+03 -0.29749E+03  0.45306E+03  0.12339E+01  0.20694E+02  0.15073E+03      298.00
  0.16101E-01  0.74504E+03   -0.87500E-02 -0.87500E-02  0.17500E-01  0.00000E+00  0.00000E+00  0.00000E+00   -0.15662E+03 -0.29994E+03  0.45656E+03  0.73977E+00  0.21094E+02  0.15203E+03      298.00
  0.16561E-01  0.75080E+03   -0.90000E-02 -0.90000E-02  0.18000E-01  0.00000E+00  0.00000E+00  0.00000E+00   -0.15765E+03 -0.30235E+03  0.46000E+03  0.23905E+00  0.21498E+02  0.15330E+03      298.00
  0.17020E-01  0.75646E+03   -0.92500E-02 -0.92500E-02  0.18500E-01  0.00000E+00  0.00000E+00  0.00000E+00   -0.15867E+03 -0.30472E+03  0.46339E+03 -0.26828E+00  0.21905E+02  0.15454E+03      298.00
  0.17480E-01  0.76203E+03   -0.95000E-02 -0.95000E-02  0.19000E-01  0.00000E+00  0.00000E+00  0.00000E+00   -0.15967E+03 -0.30705E+03  0.46672E+03 -0.78207E+00  0.22316E+02  0.15577E+03      298.00
  0.17939E-01  0.76751E+03   -0.97500E-02 -0.97500E-02  0.19500E-01  0.00000E+00  0.00000E+00  0.00000E+00   -0.16065E+03 -0.30934E+03  0.46999E+03 -0.13021E+01  0.22730E+02  0.15697E+03      298.00
  0.18398E-01  0.77290E+03   -0.10000E-01 -0.10000E-01  0.20000E-01  0.00000E+00  0.00000E+00  0.00000E+00   -0.16161E+03 -0.31160E+03  0.47321E+03 -0.18282E+01  0.23147E+02  0.15815E+03      298.00
  0.18857E-01  0.77919E+03   -0.10250E-01 -0.10250E-01  0.20500E-01  0.00000E+00  0.00000E+00  0.00000E+00   -0.16257E+03 -0.31434E+03  0.47691E+03 -0.25815E+01  0.23535E+02  0.15961E+03      298.00
  0.19316E-01  0.78344E+03   -0.10500E-01 -0.10500E-01  0.21000E-01  0.00000E+00  0.00000E+00  0.00000E+00   -0.16349E+03 -0.31603E+03  0.47951E+03 -0.29151E+01  0.23977E+02  0.16045E+03      298.00
  0.19775E-01  0.78950E+03   -0.10750E-01 -0.10750E-01  0.21500E-01  0.00000E+00  0.00000E+00  0.00000E+00   -0.16443E+03 -0.31865E+03  0.48307E+03 -0.36549E+01  0.24395E+02  0.16185E+03      298.00
  0.20234E-01  0.79450E+03   -0.11000E-01 -0.11000E-01  0.22000E-01  0.00000E+00  0.00000E+00  0.00000E+00   -0.16531E+03 -0.32076E+03  0.48606E+03 -0.42115E+01  0.24802E+02  0.16292E+03      298.00
  0.20693E-01  0.79945E+03   -0.11250E-01 -0.11250E-01  0.22500E-01  0.00000E+00  0.00000E+00  0.00000E+00   -0.16620E+03 -0.32282E+03  0.48902E+03 -0.47638E+01  0.25237E+02  0.16399E+03      298.00
  0.21152E-01  0.80432E+03   -0.11500E-01 -0.11500E-01  0.23000E-01  0.00000E+00  0.00000E+00  0.00000E+00   -0.16709E+03 -0.32484E+03  0.49193E+03 -0.53154E+01  0.25684E+02  0.16504E+03      298.00
  0.21611E-01  0.80910E+03   -0.11750E-01 -0.11750E-01  0.23500E-01  0.00000E+00  0.00000E+00  0.00000E+00   -0.16796E+03 -0.32683E+03  0.49479E+03 -0.58693E+01  0.26137E+02  0.16607E+03      298.00
  0.22069E-01  0.81381E+03   -0.12000E-01 -0.12000E-01  0.24000E-01  0.00000E+00  0.00000E+00  0.00000E+00   -0.16883E+03 -0.32877E+03  0.49760E+03 -0.64262E+01  0.26595E+02  0.16708E+03      298.00
  0.22528E-01  0.81844E+03   -0.12250E-01 -0.12250E-01  0.24500E-01  0.00000E+00  0.00000E+00  0.00000E+00   -0.16968E+03 -0.33068E+03  0.50036E+03 -0.69860E+01  0.27059E+02  0.16807E+03      298.00
  0.22986E-01  0.82299E+03   -0.12500E-01 -0.12500E-01  0.25000E-01  0.00000E+00  0.00000E+00  0.00000E+00   -0.17053E+03 -0.33255E+03  0.50308E+03 -0.75482E+01  0.27528E+02  0.16904E+03      298.00
          Evm          Svm            E11          E22          E33          E23          E13          E12         SDEV11       SDEV22       SDEV33       SDEV23       SDEV13       SDEV12      TEMP
  0.22986E-01  0.82259E+03   -0.12500E-01 -0.12500E-01  0.25000E-01  0.00000E+00  0.00000E+00  0.00000E+00   -0.17055E+03 -0.33232E+03  0.50287E+03 -0.74368E+01  0.27563E+02  0.16893E+03      298.00
  0.23445E-01  0.82748E+03   -0.12750E-01 -0.12750E-01  0.25500E-01  0.00000E+00  0.00000E+00  0.00000E+00   -0.17137E+03 -0.33439E+03  0.50576E+03 -0.81116E+01  0.28010E+02  0.17001E+03      298.00
  0.23903E-01  0.83186E+03   -0.13000E-01 -0.13000E-01  0.26000E-01  0.00000E+00  0.00000E+00  0.00000E+00   -0.17217E+03 -0.33621E+03  0.50838E+03 -0.86901E+01  0.28466E+02  0.17093E+03      298.00
  0.24362E-01  0.83619E+03   -0.13250E-01 -0.13250E-01  0.26500E-01  0.00000E+00  0.00000E+00  0.00000E+00   -0.17297E+03 -0.33799E+03  0.51096E+03 -0.92642E+01  0.28944E+02  0.17184E+03      298.00
  0.24820E-01  0.84045E+03   -0.13500E-01 -0.13500E-01  0.27000E-01  0.00000E+00  0.00000E+00  0.00000E+00   -0.17378E+03 -0.33972E+03  0.51350E+03 -0.98324E+01  0.29440E+02  0.17275E+03      298.00
  0.25278E-01  0.84464E+03   -0.13750E-01 -0.13750E-01  0.27500E-01  0.00000E+00  0.00000E+00  0.00000E+00   -0.17461E+03 -0.34139E+03  0.51600E+03 -0.10390E+02  0.29963E+02  0.17365E+03      298.00
  0.25736E-01  0.84877E+03   -0.14000E-01 -0.14000E-01  0.28000E-01  0.00000E+00  0.00000E+00  0.00000E+00   -0.17540E+03 -0.34306E+03  0.51846E+03 -0.10964E+02  0.30477E+02  0.17453E+03      298.00
  0.26195E-01  0.85279E+03   -0.14250E-01 -0.14250E-01  0.28500E-01  0.00000E+00  0.00000E+00  0.00000E+00   -0.17598E+03 -0.34489E+03  0.52087E+03 -0.11661E+02  0.30781E+02  0.17527E+03      298.00
  0.26653E-01  0.85677E+03   -0.14500E-01 -0.14500E-01  0.29000E-01  0.00000E+00  0.00000E+00  0.00000E+00   -0.17673E+03 -0.34651E+03  0.52324E+03 -0.12251E+02  0.31281E+02  0.17611E+03      298.00
  0.27111E-01  0.86068E+03   -0.14750E-01 -0.14750E-01  0.29500E-01  0.00000E+00  0.00000E+00  0.00000E+00   -0.17741E+03 -0.34816E+03  0.52558E+03 -0.12882E+02  0.31717E+02  0.17689E+03      298.00
  0.27569E-01  0.86452E+03   -0.15000E-01 -0.15000E-01  0.30000E-01  0.00000E+00  0.00000E+00  0.00000E+00   -0.17809E+03 -0.34978E+03  0.52787E+03 -0.13511E+02  0.32162E+02  0.17765E+03      298.00
  0.28027E-01  0.86830E+03   -0.15250E-01 -0.15250E-01  0.30500E-01  0.00000E+00  0.00000E+00  0.00000E+00   -0.17877E+03 -0.35136E+03  0.53013E+03 -0.14135E+02  0.32622E+02  0.17841E+03      298.00
  0.28484E-01  0.87202E+03   -0.15500E-01 -0.15500E-01  0.31000E-01  0.00000E+00  0.00000E+00  0.00000E+00   -0.17945E+03 -0.35290E+03  0.53234E+03 -0.14757E+02  0.33092E+02  0.17915E+03      298.00
  0.28942E-01  0.87567E+03   -0.15750E-01 -0.15750E-01  0.31500E-01  0.00000E+00  0.00000E+00  0.00000E+00   -0.18012E+03 -0.35441E+03  0.53452E+03 -0.15378E+02  0.33568E+02  0.17988E+03      298.00
  0.29400E-01  0.87927E+03   -0.16000E-01 -0.16000E-01  0.32000E-01  0.00000E+00  0.00000E+00  0.00000E+00   -0.18078E+03 -0.35589E+03  0.53667E+03 -0.16002E+02  0.34048E+02  0.18059E+03      298.00
  0.29858E-01  0.88280E+03   -0.16250E-01 -0.16250E-01  0.32500E-01  0.00000E+00  0.00000E+00  0.00000E+00   -0.18143E+03 -0.35734E+03  0.53878E+03 -0.16627E+02  0.34531E+02  0.18129E+03      298.00
  0.30316E-01  0.88628E+03   -0.16500E-01 -0.16500E-01  0.33000E-01  0.00000E+00  0.00000E+00  0.00000E+00   -0.18208E+03 -0.35877E+03  0.54085E+03 -0.17254E+02  0.35016E+02  0.18197E+03      298.00
  0.30773E-01  0.88969E+03   -0.16750E-01 -0.16750E-01  0.33500E-01  0.00000E+00  0.00000E+00  0.00000E+00   -0.18271E+03 -0.36017E+03  0.54288E+03 -0.17883E+02  0.35503E+02  0.18264E+03      298.00
  0.31231E-01  0.89305E+03   -0.17000E-01 -0.17000E-01  0.34000E-01  0.00000E+00  0.00000E+00  0.00000E+00   -0.18334E+03 -0.36155E+03  0.54489E+03 -0.18515E+02  0.35992E+02  0.18329E+03      298.00
  0.31689E-01  0.89636E+03   -0.17250E-01 -0.17250E-01  0.34500E-01  0.00000E+00  0.00000E+00  0.00000E+00   -0.18395E+03 -0.36290E+03  0.54685E+03 -0.19148E+02  0.36483E+02  0.18393E+03      298.00
  0.32146E-01  0.89961E+03   -0.17500E-01 -0.17500E-01  0.35000E-01  0.00000E+00  0.00000E+00  0.00000E+00   -0.18456E+03 -0.36423E+03  0.54879E+03 -0.19784E+02  0.36975E+02  0.18455E+03      298.00
  0.32604E-01  0.90280E+03   -0.17750E-01 -0.17750E-01  0.35500E-01  0.00000E+00  0.00000E+00  0.00000E+00   -0.18516E+03 -0.36553E+03  0.55069E+03 -0.20421E+02  0.37469E+02  0.18516E+03      298.00
  0.33061E-01  0.90594E+03   -0.18000E-01 -0.18000E-01  0.36000E-01  0.00000E+00  0.00000E+00  0.00000E+00   -0.18575E+03 -0.36681E+03  0.55256E+03 -0.21061E+02  0.37965E+02  0.18575E+03      298.00
  0.33519E-01  0.90903E+03   -0.18250E-01 -0.18250E-01  0.36500E-01  0.00000E+00  0.00000E+00  0.00000E+00   -0.18633E+03 -0.36807E+03  0.55440E+03 -0.21702E+02  0.38462E+02  0.18633E+03      298.00
  0.33976E-01  0.91207E+03   -0.18500E-01 -0.18500E-01  0.37000E-01  0.00000E+00  0.00000E+00  0.00000E+00   -0.18690E+03 -0.36930E+03  0.55621E+03 -0.22346E+02  0.38961E+02  0.18690E+03      298.00
  0.34433E-01  0.91469E+03   -0.18750E-01 -0.18750E-01  0.37500E-01  0.00000E+00  0.00000E+00  0.00000E+00   -0.18739E+03 -0.37039E+03  0.55777E+03 -0.22963E+02  0.39393E+02  0.18735E+03      298.00
  0.34891E-01  0.91854E+03   -0.19000E-01 -0.19000E-01  0.38000E-01  0.00000E+00  0.00000E+00  0.00000E+00   -0.18805E+03 -0.37197E+03  0.56002E+03 -0.23747E+02  0.39987E+02  0.18816E+03      298.00
  0.35348E-01  0.92141E+03   -0.19250E-01 -0.19250E-01  0.38500E-01  0.00000E+00  0.00000E+00  0.00000E+00   -0.18859E+03 -0.37313E+03  0.56172E+03 -0.24398E+02  0.40483E+02  0.18868E+03      298.00
  0.35805E-01  0.92424E+03   -0.19500E-01 -0.19500E-01  0.39000E-01  0.00000E+00  0.00000E+00  0.00000E+00   -0.18913E+03 -0.37428E+03  0.56341E+03 -0.25051E+02  0.40981E+02  0.18919E+03      298.00
  0.36262E-01  0.92702E+03   -0.19750E-01 -0.19750E-01  0.39500E-01  0.00000E+00  0.00000E+00  0.00000E+00   -0.18965E+03 -0.37541E+03  0.56506E+03 -0.25705E+02  0.41481E+02  0.18969E+03      298.00
  0.36720E-01  0.92976E+03   -0.20000E-01 -0.20000E-01  0.40000E-01  0.00000E+00  0.00000E+00  0.00000E+00   -0.19017E+03 -0.37651E+03  0.56668E+03 -0.26360E+02  0.41981E+02  0.19017E+03      298.00
  0.37177E-01  0.93245E+03   -0.20250E-01 -0.20250E-01  0.40500E-01  0.00000E+00  0.00000E+00  0.00000E+00   -0.19068E+03 -0.37760E+03  0.56828E+03 -0.27016E+02  0.42482E+02  0.19065E+03      298.00
  0.37634E-01  0.93509E+03   -0.20500E-01 -0.20500E-01  0.41000E-01  0.00000E+00  0.00000E+00  0.00000E+00   -0.19119E+03 -0.37866E+03  0.56985E+03 -0.27674E+02  0.42985E+02  0.19111E+03      298.00
  0.38091E-01  0.93770E+03   -0.20750E-01 -0.20750E-01  0.41500E-01  0.00000E+00  0.00000E+00  0.00000E+00   -0.19168E+03 -0.37971E+03  0.57139E+03 -0.28333E+02  0.43488E+02  0.19156E+03      298.00
  0.38548E-01  0.94025E+03   -0.21000E-01 -0.21000E-01  0.42000E-01  0.00000E+00  0.00000E+00  0.00000E+00   -0.19217E+03 -0.38074E+03  0.57291E+03 -0.28994E+02  0.43992E+02  0.19199E+03      298.00
  0.39005E-01  0.94277E+03   -0.21250E-01 -0.21250E-01  0.42500E-01  0.00000E+00  0.00000E+00  0.00000E+00   -0.19265E+03 -0.38174E+03  0.57440E+03 -0.29655E+02  0.44498E+02  0.19242E+03      298.00
  0.39462E-01  0.94498E+03   -0.21500E-01 -0.21500E-01  0.43000E-01  0.00000E+00  0.00000E+00  0.00000E+00   -0.19311E+03 -0.38264E+03  0.57575E+03 -0.30256E+02  0.44965E+02  0.19269E+03      298.00
  0.39919E-01  0.94774E+03   -0.21750E-01 -0.21750E-01  0.43500E-01  0.00000E+00  0.00000E+00  0.00000E+00   -0.19360E+03 -0.38373E+03  0.57733E+03 -0.30994E+02  0.45520E+02  0.19326E+03      298.00
  0.40376E-01  0.94980E+03   -0.22000E-01 -0.22000E-01  0.44000E-01  0.00000E+00  0.00000E+00  0.00000E+00   -0.19404E+03 -0.38456E+03  0.57860E+03 -0.31586E+02  0.45981E+02  0.19349E+03      298.00
  0.40832E-01  0.95248E+03   -0.22250E-01 -0.22250E-01  0.44500E-01  0.00000E+00  0.00000E+00  0.00000E+00   -0.19452E+03 -0.38561E+03  0.58013E+03 -0.32322E+02  0.46537E+02  0.19404E+03      298.00
  0.41289E-01  0.95320E+03   -0.22500E-01 -0.22500E-01  0.45000E-01  0.00000E+00  0.00000E+00  0.00000E+00   -0.19479E+03 -0.38590E+03  0.58069E+03 -0.32687E+02  0.46826E+02  0.19382E+03      298.00
  0.41746E-01  0.95708E+03   -0.22750E-01 -0.22750E-01  0.45500E-01  0.00000E+00  0.00000E+00  0.00000E+00   -0.19542E+03 -0.38743E+03  0.58285E+03 -0.33657E+02  0.47560E+02  0.19478E+03      298.00
  0.42203E-01  0.95775E+03   -0.23000E-01 -0.23000E-01  0.46000E-01  0.00000E+00  0.00000E+00  0.00000E+00   -0.19568E+03 -0.38770E+03  0.58338E+03 -0.34024E+02  0.47855E+02  0.19455E+03      298.00
  0.42660E-01  0.96124E+03   -0.23250E-01 -0.23250E-01  0.46500E-01  0.00000E+00  0.00000E+00  0.00000E+00   -0.19627E+03 -0.38908E+03  0.58534E+03 -0.34930E+02  0.48547E+02  0.19533E+03      298.00
  0.43116E-01  0.96339E+03   -0.23500E-01 -0.23500E-01  0.47000E-01  0.00000E+00  0.00000E+00  0.00000E+00   -0.19669E+03 -0.38992E+03  0.58661E+03 -0.35598E+02  0.49061E+02  0.19566E+03      298.00
  0.43573E-01  0.96419E+03   -0.23750E-01 -0.23750E-01  0.47500E-01  0.00000E+00  0.00000E+00  0.00000E+00   -0.19695E+03 -0.39022E+03  0.58718E+03 -0.36011E+02  0.49390E+02  0.19554E+03      298.00
  0.44030E-01  0.96762E+03   -0.24000E-01 -0.24000E-01  0.48000E-01  0.00000E+00  0.00000E+00  0.00000E+00   -0.19753E+03 -0.39157E+03  0.58909E+03 -0.36937E+02  0.50095E+02  0.19630E+03      298.00
  0.44486E-01  0.96839E+03   -0.24250E-01 -0.24250E-01  0.48500E-01  0.00000E+00  0.00000E+00  0.00000E+00   -0.19779E+03 -0.39185E+03  0.58964E+03 -0.37353E+02  0.50429E+02  0.19617E+03      298.00
  0.44943E-01  0.97041E+03   -0.24500E-01 -0.24500E-01  0.49000E-01  0.00000E+00  0.00000E+00  0.00000E+00   -0.19820E+03 -0.39263E+03  0.59083E+03 -0.38017E+02  0.50950E+02  0.19647E+03      298.00
  0.45400E-01  0.97242E+03   -0.24750E-01 -0.24750E-01  0.49500E-01  0.00000E+00  0.00000E+00  0.00000E+00   -0.19860E+03 -0.39340E+03  0.59200E+03 -0.38682E+02  0.51477E+02  0.19677E+03      298.00
  0.45856E-01  0.97440E+03   -0.25000E-01 -0.25000E-01  0.50000E-01  0.00000E+00  0.00000E+00  0.00000E+00   -0.19901E+03 -0.39415E+03  0.59316E+03 -0.39347E+02  0.52008E+02  0.19706E+03      298.00
          Evm          Svm            E11          E22          E33          E23          E13          E12         SDEV11       SDEV22       SDEV33       SDEV23       SDEV13       SDEV12      TEMP
  0.45856E-01  0.97523E+03   -0.25000E-01 -0.25000E-01  0.50000E-01  0.00000E+00  0.00000E+00  0.00000E+00   -0.19907E+03 -0.39451E+03  0.59357E+03 -0.39548E+02  0.52096E+02  0.19736E+03      298.00
  0.46313E-01  0.97641E+03   -0.25250E-01 -0.25250E-01  0.50500E-01  0.00000E+00  0.00000E+00  0.00000E+00   -0.19941E+03 -0.39493E+03  0.59433E+03 -0.40038E+02  0.52537E+02  0.19736E+03      298.00
  0.46769E-01  0.97826E+03   -0.25500E-01 -0.25500E-01  0.51000E-01  0.00000E+00  0.00000E+00  0.00000E+00   -0.19980E+03 -0.39562E+03  0.59541E+03 -0.40688E+02  0.53062E+02  0.19761E+03      298.00
  0.47226E-01  0.98013E+03   -0.25750E-01 -0.25750E-01  0.51500E-01  0.00000E+00  0.00000E+00  0.00000E+00   -0.20019E+03 -0.39632E+03  0.59651E+03 -0.41352E+02  0.53595E+02  0.19787E+03      298.00
  0.47682E-01  0.98198E+03   -0.26000E-01 -0.26000E-01  0.52000E-01  0.00000E+00  0.00000E+00  0.00000E+00   -0.20057E+03 -0.39701E+03  0.59758E+03 -0.42018E+02  0.54130E+02  0.19813E+03      298.00
  0.48139E-01  0.98379E+03   -0.26250E-01 -0.26250E-01  0.52500E-01  0.00000E+00  0.00000E+00  0.00000E+00   -0.20095E+03 -0.39769E+03  0.59864E+03 -0.42686E+02  0.54664E+02  0.19838E+03      298.00
  0.48595E-01  0.98558E+03   -0.26500E-01 -0.26500E-01  0.53000E-01  0.00000E+00  0.00000E+00  0.00000E+00   -0.20132E+03 -0.39835E+03  0.59968E+03 -0.43354E+02  0.55197E+02  0.19862E+03      298.00
  0.49051E-01  0.98734E+03   -0.26750E-01 -0.26750E-01  0.53500E-01  0.00000E+00  0.00000E+00  0.00000E+00   -0.20169E+03 -0.39901E+03  0.60070E+03 -0.44024E+02  0.55728E+02  0.19885E+03      298.00
  0.49508E-01  0.98907E+03   -0.27000E-01 -0.27000E-01  0.54000E-01  0.00000E+00  0.00000E+00  0.00000E+00   -0.20205E+03 -0.39965E+03  0.60170E+03 -0.44695E+02  0.56259E+02  0.19907E+03      298.00
  0.49964E-01  0.99077E+03   -0.27250E-01 -0.27250E-01  0.54500E-01  0.00000E+00  0.00000E+00  0.00000E+00   -0.20241E+03 -0.40028E+03  0.60268E+03 -0.45367E+02  0.56788E+02  0.19928E+03      298.00
  0.50420E-01  0.99244E+03   -0.27500E-01 -0.27500E-01  0.55000E-01  0.00000E+00  0.00000E+00  0.00000E+00   -0.20275E+03 -0.40090E+03  0.60365E+03 -0.46041E+02  0.57316E+02  0.19949E+03      298.00
  0.50876E-01  0.99408E+03   -0.27750E-01 -0.27750E-01  0.55500E-01  0.00000E+00  0.00000E+00  0.00000E+00   -0.20309E+03 -0.40150E+03  0.60460E+03 -0.46715E+02  0.57842E+02  0.19969E+03      298.00
  0.51333E-01  0.99569E+03   -0.28000E-01 -0.28000E-01  0.56000E-01  0.00000E+00  0.00000E+00  0.00000E+00   -0.20343E+03 -0.40210E+03  0.60553E+03 -0.47391E+02  0.58368E+02  0.19988E+03      298.00
  0.51789E-01  0.99728E+03   -0.28250E-01 -0.28250E-01  0.56500E-01  0.00000E+00  0.00000E+00  0.00000E+00   -0.20376E+03 -0.40268E+03  0.60644E+03 -0.48066E+02  0.58892E+02  0.20006E+03      298.00
  0.52245E-01  0.99884E+03   -0.28500E-01 -0.28500E-01  0.57000E-01  0.00000E+00  0.00000E+00  0.00000E+00   -0.20409E+03 -0.40325E+03  0.60734E+03 -0.48743E+02  0.59416E+02  0.20024E+03      298.00
  0.52701E-01  0.10004E+04   -0.28750E-01 -0.28750E-01  0.57500E-01  0.00000E+00  0.00000E+00  0.00000E+00   -0.20441E+03 -0.40381E+03  0.60822E+03 -0.49419E+02  0.59939E+02  0.20040E+03      298.00
  0.53157E-01  0.10019E+04   -0.29000E-01 -0.29000E-01  0.58000E-01  0.00000E+00  0.00000E+00  0.00000E+00   -0.20473E+03 -0.40436E+03  0.60909E+03 -0.50096E+02  0.60462E+02  0.20056E+03      298.00
  0.53613E-01  0.10034E+04   -0.29250E-01 -0.29250E-01  0.58500E-01  0.00000E+00  0.00000E+00  0.00000E+00   -0.20504E+03 -0.40490E+03  0.60994E+03 -0.50773E+02  0.60985E+02  0.20072E+03      298.00
  0.54069E-01  0.10048E+04   -0.29500E-01 -0.29500E-01  0.59000E-01  0.00000E+00  0.00000E+00  0.00000E+00   -0.20535E+03 -0.40543E+03  0.61077E+03 -0.51451E+02  0.61508E+02  0.20086E+03      298.00
  0.54525E-01  0.10063E+04   -0.29750E-01 -0.29750E-01  0.59500E-01  0.00000E+00  0.00000E+00  0.00000E+00   -0.20565E+03 -0.40594E+03  0.61159E+03 -0.52128E+02  0.62030E+02  0.20100E+03      298.00
  0.54980E-01  0.10077E+04   -0.30000E-01 -0.30000E-01  0.60000E-01  0.00000E+00  0.00000E+00  0.00000E+00   -0.20595E+03 -0.40645E+03  0.61239E+03 -0.52805E+02  0.62552E+02  0.20114E+03      298.00
  0.55436E-01  0.10091E+04   -0.30250E-01 -0.30250E-01  0.60500E-01  0.00000E+00  0.00000E+00  0.00000E+00   -0.20624E+03 -0.40694E+03  0.61318E+03 -0.53482E+02  0.63074E+02  0.20126E+03      298.00
  0.55892E-01  0.10104E+04   -0.30500E-01 -0.30500E-01  0.61000E-01  0.00000E+00  0.00000E+00  0.00000E+00   -0.20654E+03 -0.40742E+03  0.61396E+03 -0.54158E+02  0.63597E+02  0.20138E+03      298.00
  0.56348E-01  0.10118E+04   -0.30750E-01 -0.30750E-01  0.61500E-01  0.00000E+00  0.00000E+00  0.00000E+00   -0.20682E+03 -0.40789E+03  0.61472E+03 -0.54835E+02  0.64119E+02  0.20150E+03      298.00
  0.56803E-01  0.10131E+04   -0.31000E-01 -0.31000E-01  0.62000E-01  0.00000E+00  0.00000E+00  0.00000E+00   -0.20711E+03 -0.40836E+03  0.61546E+03 -0.55511E+02  0.64641E+02  0.20161E+03      298.00
  0.57259E-01  0.10144E+04   -0.31250E-01 -0.31250E-01  0.62500E-01  0.00000E+00  0.00000E+00  0.00000E+00   -0.20739E+03 -0.40881E+03  0.61620E+03 -0.56187E+02  0.65163E+02  0.20171E+03      298.00
  0.57714E-01  0.10157E+04   -0.31500E-01 -0.31500E-01  0.63000E-01  0.00000E+00  0.00000E+00  0.00000E+00   -0.20767E+03 -0.40925E+03  0.61692E+03 -0.56863E+02  0.65686E+02  0.20181E+03      298.00
  0.58170E-01  0.10169E+04   -0.31750E-01 -0.31750E-01  0.63500E-01  0.00000E+00  0.00000E+00  0.00000E+00   -0.20794E+03 -0.40968E+03  0.61762E+03 -0.57538E+02  0.66208E+02  0.20190E+03      298.00
  0.58626E-01  0.10182E+04   -0.32000E-01 -0.32000E-01  0.64000E-01  0.00000E+00  0.00000E+00  0.00000E+00   -0.20821E+03 -0.41010E+03  0.61831E+03 -0.58213E+02  0.66731E+02  0.20198E+03      298.00
  0.59081E-01  0.10194E+04   -0.32250E-01 -0.32250E-01  0.64500E-01  0.00000E+00  0.00000E+00  0.00000E+00   -0.20848E+03 -0.41051E+03  0.61899E+03 -0.58888E+02  0.67253E+02  0.20206E+03      298.00
  0.59536E-01  0.10206E+04   -0.32500E-01 -0.32500E-01  0.65000E-01  0.00000E+00  0.00000E+00  0.00000E+00   -0.20874E+03 -0.41092E+03  0.61966E+03 -0.59562E+02  0.67775E+02  0.20214E+03      298.00
  0.59992E-01  0.10218E+04   -0.32750E-01 -0.32750E-01  0.65500E-01  0.00000E+00  0.00000E+00  0.00000E+00   -0.20900E+03 -0.41131E+03  0.62031E+03 -0.60236E+02  0.68298E+02  0.20221E+03      298.00
  0.60447E-01  0.10229E+04   -0.33000E-01 -0.33000E-01  0.66000E-01  0.00000E+00  0.00000E+00  0.00000E+00   -0.20926E+03 -0.41169E+03  0.62095E+03 -0.60910E+02  0.68820E+02  0.20227E+03      298.00
  0.60902E-01  0.10241E+04   -0.33250E-01 -0.33250E-01  0.66500E-01  0.00000E+00  0.00000E+00  0.00000E+00   -0.20951E+03 -0.41207E+03  0.62158E+03 -0.61583E+02  0.69342E+02  0.20233E+03      298.00
  0.61358E-01  0.10252E+04   -0.33500E-01 -0.33500E-01  0.67000E-01  0.00000E+00  0.00000E+00  0.00000E+00   -0.20976E+03 -0.41243E+03  0.62220E+03 -0.62256E+02  0.69864E+02  0.20239E+03      298.00
  0.61813E-01  0.10263E+04   -0.33750E-01 -0.33750E-01  0.67500E-01  0.00000E+00  0.00000E+00  0.00000E+00   -0.21001E+03 -0.41279E+03  0.62280E+03 -0.62928E+02  0.70386E+02  0.20244E+03      298.00
  0.62268E-01  0.10274E+04   -0.34000E-01 -0.34000E-01  0.68000E-01  0.00000E+00  0.00000E+00  0.00000E+00   -0.21026E+03 -0.41314E+03  0.62339E+03 -0.63600E+02  0.70908E+02  0.20248E+03      298.00
  0.62723E-01  0.10284E+04   -0.34250E-01 -0.34250E-01  0.68500E-01  0.00000E+00  0.00000E+00  0.00000E+00   -0.21050E+03 -0.41347E+03  0.62397E+03 -0.64271E+02  0.71430E+02  0.20252E+03      298.00
  0.63178E-01  0.10295E+04   -0.34500E-01 -0.34500E-01  0.69000E-01  0.00000E+00  0.00000E+00  0.00000E+00   -0.21074E+03 -0.41381E+03  0.62454E+03 -0.64942E+02  0.71952E+02  0.20255E+03      298.00
  0.63633E-01  0.10305E+04   -0.34750E-01 -0.34750E-01  0.69500E-01  0.00000E+00  0.00000E+00  0.00000E+00   -0.21098E+03 -0.41413E+03  0.62510E+03 -0.65613E+02  0.72473E+02  0.20258E+03      298.00
  0.64088E-01  0.10315E+04   -0.35000E-01 -0.35000E-01  0.70000E-01  0.00000E+00  0.00000E+00  0.00000E+00   -0.21121E+03 -0.41444E+03  0.62565E+03 -0.66283E+02  0.72995E+02  0.20261E+03      298.00
  0.64543E-01  0.10325E+04   -0.35250E-01 -0.35250E-01  0.70500E-01  0.00000E+00  0.00000E+00  0.00000E+00   -0.21144E+03 -0.41475E+03  0.62619E+03 -0.66953E+02  0.73516E+02  0.20263E+03      298.00
  0.64998E-01  0.10335E+04   -0.35500E-01 -0.35500E-01  0.71000E-01  0.00000E+00  0.00000E+00  0.00000E+00   -0.21167E+03 -0.41505E+03  0.62671E+03 -0.67622E+02  0.74037E+02  0.20264E+03      298.00
  0.65453E-01  0.10345E+04   -0.35750E-01 -0.35750E-01  0.71500E-01  0.00000E+00  0.00000E+00  0.00000E+00   -0.21189E+03 -0.41534E+03  0.62723E+03 -0.68290E+02  0.74557E+02  0.20266E+03      298.00
  0.65907E-01  0.10354E+04   -0.36000E-01 -0.36000E-01  0.72000E-01  0.00000E+00  0.00000E+00  0.00000E+00   -0.21212E+03 -0.41562E+03  0.62773E+03 -0.68958E+02  0.75078E+02  0.20266E+03      298.00
  0.66362E-01  0.10363E+04   -0.36250E-01 -0.36250E-01  0.72500E-01  0.00000E+00  0.00000E+00  0.00000E+00   -0.21234E+03 -0.41589E+03  0.62823E+03 -0.69626E+02  0.75598E+02  0.20267E+03      298.00
  0.66817E-01  0.10373E+04   -0.36500E-01 -0.36500E-01  0.73000E-01  0.00000E+00  0.00000E+00  0.00000E+00   -0.21255E+03 -0.41616E+03  0.62871E+03 -0.70293E+02  0.76118E+02  0.20267E+03      298.00
  0.67271E-01  0.10382E+04   -0.36750E-01 -0.36750E-01  0.73500E-01  0.00000E+00  0.00000E+00  0.00000E+00   -0.21277E+03 -0.41642E+03  0.62919E+03 -0.70960E+02  0.76638E+02  0.20266E+03      298.00
  0.67726E-01  0.10390E+04   -0.37000E-01 -0.37000E-01  0.74000E-01  0.00000E+00  0.00000E+00  0.00000E+00   -0.21298E+03 -0.41667E+03  0.62965E+03 -0.71626E+02  0.77157E+02  0.20265E+03      298.00
  0.68180E-01  0.10399E+04   -0.37250E-01 -0.37250E-01  0.74500E-01  0.00000E+00  0.00000E+00  0.00000E+00   -0.21319E+03 -0.41692E+03  0.63011E+03 -0.72291E+02  0.77676E+02  0.20264E+03      298.00
  0.68635E-01  0.10408E+04   -0.37500E-01 -0.37500E-01  0.75000E-01  0.00000E+00  0.00000E+00  0.00000E+00   -0.21340E+03 -0.41716E+03  0.63056E+03 -0.72956E+02  0.78195E+02  0.20262E+03      298.00
          Evm          Svm            E11          E22          E33          E23          E13          E12         SDEV11       SDEV22       SDEV33       SDEV23       SDEV13       SDEV12      TEMP
  0.68635E-01  0.10412E+04   -0.37500E-01 -0.37500E-01  0.75000E-01  0.00000E+00  0.00000E+00  0.00000E+00   -0.21331E+03 -0.41743E+03  0.63074E+03 -0.73161E+02  0.78134E+02  0.20273E+03      298.00
  0.69089E-01  0.10424E+04   -0.37750E-01 -0.37750E-01  0.75500E-01  0.00000E+00  0.00000E+00  0.00000E+00   -0.21383E+03 -0.41750E+03  0.63133E+03 -0.73721E+02  0.79047E+02  0.20299E+03      298.00
  0.69543E-01  0.10424E+04   -0.38000E-01 -0.38000E-01  0.76000E-01  0.00000E+00  0.00000E+00  0.00000E+00   -0.21397E+03 -0.41743E+03  0.63141E+03 -0.74132E+02  0.79393E+02  0.20266E+03      298.00
  0.69998E-01  0.10430E+04   -0.38250E-01 -0.38250E-01  0.76500E-01  0.00000E+00  0.00000E+00  0.00000E+00   -0.21408E+03 -0.41764E+03  0.63172E+03 -0.74779E+02  0.79770E+02  0.20249E+03      298.00
  0.70452E-01  0.10441E+04   -0.38500E-01 -0.38500E-01  0.77000E-01  0.00000E+00  0.00000E+00  0.00000E+00   -0.21422E+03 -0.41804E+03  0.63226E+03 -0.75610E+02  0.80285E+02  0.20253E+03      298.00
  0.70906E-01  0.10447E+04   -0.38750E-01 -0.38750E-01  0.77500E-01  0.00000E+00  0.00000E+00  0.00000E+00   -0.21453E+03 -0.41805E+03  0.63259E+03 -0.76103E+02  0.80885E+02  0.20250E+03      298.00
  0.71360E-01  0.10456E+04   -0.39000E-01 -0.39000E-01  0.78000E-01  0.00000E+00  0.00000E+00  0.00000E+00   -0.21476E+03 -0.41826E+03  0.63302E+03 -0.76773E+02  0.81450E+02  0.20251E+03      298.00
  0.71814E-01  0.10464E+04   -0.39250E-01 -0.39250E-01  0.78500E-01  0.00000E+00  0.00000E+00  0.00000E+00   -0.21495E+03 -0.41845E+03  0.63340E+03 -0.77426E+02  0.81974E+02  0.20247E+03      298.00
  0.72268E-01  0.10471E+04   -0.39500E-01 -0.39500E-01  0.79000E-01  0.00000E+00  0.00000E+00  0.00000E+00   -0.21515E+03 -0.41863E+03  0.63378E+03 -0.78086E+02  0.82493E+02  0.20243E+03      298.00
  0.72722E-01  0.10479E+04   -0.39750E-01 -0.39750E-01  0.79500E-01  0.00000E+00  0.00000E+00  0.00000E+00   -0.21533E+03 -0.41881E+03  0.63414E+03 -0.78745E+02  0.83010E+02  0.20238E+03      298.00
  0.73176E-01  0.10486E+04   -0.40000E-01 -0.40000E-01  0.80000E-01  0.00000E+00  0.00000E+00  0.00000E+00   -0.21552E+03 -0.41899E+03  0.63450E+03 -0.79404E+02  0.83526E+02  0.20232E+03      298.00
  0.73630E-01  0.10493E+04   -0.40250E-01 -0.40250E-01  0.80500E-01  0.00000E+00  0.00000E+00  0.00000E+00   -0.21570E+03 -0.41915E+03  0.63486E+03 -0.80063E+02  0.84041E+02  0.20227E+03      298.00
  0.74084E-01  0.10500E+04   -0.40500E-01 -0.40500E-01  0.81000E-01  0.00000E+00  0.00000E+00  0.00000E+00   -0.21588E+03 -0.41932E+03  0.63520E+03 -0.80721E+02  0.84555E+02  0.20221E+03      298.00
  0.74537E-01  0.10507E+04   -0.40750E-01 -0.40750E-01  0.81500E-01  0.00000E+00  0.00000E+00  0.00000E+00   -0.21606E+03 -0.41948E+03  0.63554E+03 -0.81379E+02  0.85069E+02  0.20215E+03      298.00
  0.74991E-01  0.10514E+04   -0.41000E-01 -0.41000E-01  0.82000E-01  0.00000E+00  0.00000E+00  0.00000E+00   -0.21624E+03 -0.41963E+03  0.63587E+03 -0.82037E+02  0.85582E+02  0.20208E+03      298.00
  0.75445E-01  0.10521E+04   -0.41250E-01 -0.41250E-01  0.82500E-01  0.00000E+00  0.00000E+00  0.00000E+00   -0.21641E+03 -0.41978E+03  0.63619E+03 -0.82694E+02  0.86094E+02  0.20201E+03      298.00
  0.75898E-01  0.10527E+04   -0.41500E-01 -0.41500E-01  0.83000E-01  0.00000E+00  0.00000E+00  0.00000E+00   -0.21658E+03 -0.41992E+03  0.63650E+03 -0.83350E+02  0.86606E+02  0.20194E+03      298.00
  0.76352E-01  0.10534E+04   -0.41750E-01 -0.41750E-01  0.83500E-01  0.00000E+00  0.00000E+00  0.00000E+00   -0.21675E+03 -0.42005E+03  0.63681E+03 -0.84006E+02  0.87117E+02  0.20186E+03      298.00
  0.76805E-01  0.10540E+04   -0.42000E-01 -0.42000E-01  0.84000E-01  0.00000E+00  0.00000E+00  0.00000E+00   -0.21692E+03 -0.42018E+03  0.63711E+03 -0.84661E+02  0.87627E+02  0.20178E+03      298.00
  0.77258E-01  0.10546E+04   -0.42250E-01 -0.42250E-01  0.84500E-01  0.00000E+00  0.00000E+00  0.00000E+00   -0.21709E+03 -0.42031E+03  0.63740E+03 -0.85316E+02  0.88137E+02  0.20170E+03      298.00
  0.77712E-01  0.10553E+04   -0.42500E-01 -0.42500E-01  0.85000E-01  0.00000E+00  0.00000E+00  0.00000E+00   -0.21725E+03 -0.42043E+03  0.63768E+03 -0.85970E+02  0.88647E+02  0.20162E+03      298.00
  0.78165E-01  0.10559E+04   -0.42750E-01 -0.42750E-01  0.85500E-01  0.00000E+00  0.00000E+00  0.00000E+00   -0.21741E+03 -0.42055E+03  0.63796E+03 -0.86623E+02  0.89156E+02  0.20153E+03      298.00
  0.78618E-01  0.10565E+04   -0.43000E-01 -0.43000E-01  0.86000E-01  0.00000E+00  0.00000E+00  0.00000E+00   -0.21757E+03 -0.42065E+03  0.63823E+03 -0.87275E+02  0.89665E+02  0.20144E+03      298.00
  0.79071E-01  0.10571E+04   -0.43250E-01 -0.43250E-01  0.86500E-01  0.00000E+00  0.00000E+00  0.00000E+00   -0.21773E+03 -0.42076E+03  0.63849E+03 -0.87927E+02  0.90173E+02  0.20135E+03      298.00
  0.79524E-01  0.10576E+04   -0.43500E-01 -0.43500E-01  0.87000E-01  0.00000E+00  0.00000E+00  0.00000E+00   -0.21789E+03 -0.42086E+03  0.63875E+03 -0.88578E+02  0.90681E+02  0.20125E+03      298.00
  0.79977E-01  0.10582E+04   -0.43750E-01 -0.43750E-01  0.87500E-01  0.00000E+00  0.00000E+00  0.00000E+00   -0.21805E+03 -0.42095E+03  0.63900E+03 -0.89229E+02  0.91189E+02  0.20115E+03      298.00
  0.80430E-01  0.10588E+04   -0.44000E-01 -0.44000E-01  0.88000E-01  0.00000E+00  0.00000E+00  0.00000E+00   -0.21820E+03 -0.42104E+03  0.63925E+03 -0.89879E+02  0.91696E+02  0.20105E+03      298.00
  0.80883E-01  0.10593E+04   -0.44250E-01 -0.44250E-01  0.88500E-01  0.00000E+00  0.00000E+00  0.00000E+00   -0.21835E+03 -0.42113E+03  0.63948E+03 -0.90528E+02  0.92202E+02  0.20095E+03      298.00
  0.81335E-01  0.10599E+04   -0.44500E-01 -0.44500E-01  0.89000E-01  0.00000E+00  0.00000E+00  0.00000E+00   -0.21851E+03 -0.42121E+03  0.63972E+03 -0.91176E+02  0.92709E+02  0.20084E+03      298.00
  0.81788E-01  0.10604E+04   -0.44750E-01 -0.44750E-01  0.89500E-01  0.00000E+00  0.00000E+00  0.00000E+00   -0.21866E+03 -0.42129E+03  0.63994E+03 -0.91823E+02  0.93214E+02  0.20074E+03      298.00
  0.82241E-01  0.10609E+04   -0.45000E-01 -0.45000E-01  0.90000E-01  0.00000E+00  0.00000E+00  0.00000E+00   -0.21880E+03 -0.42136E+03  0.64016E+03 -0.92470E+02  0.93720E+02  0.20063E+03      298.00
  0.82693E-01  0.10615E+04   -0.45250E-01 -0.45250E-01  0.90500E-01  0.00000E+00  0.00000E+00  0.00000E+00   -0.21895E+03 -0.42142E+03  0.64037E+03 -0.93116E+02  0.94225E+02  0.20051E+03      298.00
  0.83146E-01  0.10620E+04   -0.45500E-01 -0.45500E-01  0.91000E-01  0.00000E+00  0.00000E+00  0.00000E+00   -0.21910E+03 -0.42148E+03  0.64058E+03 -0.93762E+02  0.94729E+02  0.20040E+03      298.00
  0.83598E-01  0.10625E+04   -0.45750E-01 -0.45750E-01  0.91500E-01  0.00000E+00  0.00000E+00  0.00000E+00   -0.21924E+03 -0.42154E+03  0.64078E+03 -0.94406E+02  0.95233E+02  0.20028E+03      298.00
  0.84050E-01  0.10630E+04   -0.46000E-01 -0.46000E-01  0.92000E-01  0.00000E+00  0.00000E+00  0.00000E+00   -0.21938E+03 -0.42160E+03  0.64098E+03 -0.95050E+02  0.95736E+02  0.20016E+03      298.00
  0.84503E-01  0.10634E+04   -0.46250E-01 -0.46250E-01  0.92500E-01  0.00000E+00  0.00000E+00  0.00000E+00   -0.21952E+03 -0.42164E+03  0.64117E+03 -0.95693E+02  0.96239E+02  0.20004E+03      298.00
  0.84955E-01  0.10639E+04   -0.46500E-01 -0.46500E-01  0.93000E-01  0.00000E+00  0.00000E+00  0.00000E+00   -0.21966E+03 -0.42169E+03  0.64135E+03 -0.96336E+02  0.96742E+02  0.19992E+03      298.00
  0.85407E-01  0.10644E+04   -0.46750E-01 -0.46750E-01  0.93500E-01  0.00000E+00  0.00000E+00  0.00000E+00   -0.21980E+03 -0.42173E+03  0.64153E+03 -0.96977E+02  0.97244E+02  0.19979E+03      298.00
  0.85859E-01  0.10649E+04   -0.47000E-01 -0.47000E-01  0.94000E-01  0.00000E+00  0.00000E+00  0.00000E+00   -0.21994E+03 -0.42177E+03  0.64171E+03 -0.97618E+02  0.97745E+02  0.19966E+03      298.00
  0.86311E-01  0.10653E+04   -0.47250E-01 -0.47250E-01  0.94500E-01  0.00000E+00  0.00000E+00  0.00000E+00   -0.22007E+03 -0.42180E+03  0.64187E+03 -0.98258E+02  0.98246E+02  0.19953E+03      298.00
  0.86763E-01  0.10658E+04   -0.47500E-01 -0.47500E-01  0.95000E-01  0.00000E+00  0.00000E+00  0.00000E+00   -0.22021E+03 -0.42183E+03  0.64204E+03 -0.98898E+02  0.98747E+02  0.19940E+03      298.00
  0.87215E-01  0.10662E+04   -0.47750E-01 -0.47750E-01  0.95500E-01  0.00000E+00  0.00000E+00  0.00000E+00   -0.22034E+03 -0.42185E+03  0.64219E+03 -0.99536E+02  0.99247E+02  0.19926E+03      298.00
  0.87667E-01  0.10666E+04   -0.48000E-01 -0.48000E-01  0.96000E-01  0.00000E+00  0.00000E+00  0.00000E+00   -0.22047E+03 -0.42187E+03  0.64235E+03 -0.10017E+03  0.99746E+02  0.19913E+03      298.00
  0.88118E-01  0.10671E+04   -0.48250E-01 -0.48250E-01  0.96500E-01  0.00000E+00  0.00000E+00  0.00000E+00   -0.22060E+03 -0.42189E+03  0.64249E+03 -0.10081E+03  0.10025E+03  0.19899E+03      298.00
  0.88570E-01  0.10679E+04   -0.48500E-01 -0.48500E-01  0.97000E-01  0.00000E+00  0.00000E+00  0.00000E+00   -0.22085E+03 -0.42196E+03  0.64281E+03 -0.10159E+03  0.10100E+03  0.19909E+03      298.00
  0.89021E-01  0.10679E+04   -0.48750E-01 -0.48750E-01  0.97500E-01  0.00000E+00  0.00000E+00  0.00000E+00   -0.22088E+03 -0.42190E+03  0.64278E+03 -0.10208E+03  0.10127E+03  0.19872E+03      298.00
  0.89473E-01  0.10688E+04   -0.49000E-01 -0.49000E-01  0.98000E-01  0.00000E+00  0.00000E+00  0.00000E+00   -0.22111E+03 -0.42196E+03  0.64307E+03 -0.10285E+03  0.10200E+03  0.19880E+03      298.00
  0.89924E-01  0.10687E+04   -0.49250E-01 -0.49250E-01  0.98500E-01  0.00000E+00  0.00000E+00  0.00000E+00   -0.22113E+03 -0.42191E+03  0.64304E+03 -0.10335E+03  0.10226E+03  0.19843E+03      298.00
  0.90375E-01  0.10695E+04   -0.49500E-01 -0.49500E-01  0.99000E-01  0.00000E+00  0.00000E+00  0.00000E+00   -0.22136E+03 -0.42196E+03  0.64332E+03 -0.10412E+03  0.10299E+03  0.19850E+03      298.00
  0.90826E-01  0.10695E+04   -0.49750E-01 -0.49750E-01  0.99500E-01  0.00000E+00  0.00000E+00  0.00000E+00   -0.22138E+03 -0.42190E+03  0.64328E+03 -0.10462E+03  0.10326E+03  0.19814E+03      298.00
  0.91277E-01  0.10703E+04   -0.50000E-01 -0.50000E-01  0.10000E+00  0.00000E+00  0.00000E+00  0.00000E+00   -0.22160E+03 -0.42194E+03  0.64355E+03 -0.10538E+03  0.10398E+03  0.19820E+03      298.00
          Evm          Svm            E11          E22          E33          E23          E13          E12         SDEV11       SDEV22       SDEV33       SDEV23       SDEV13       SDEV12      TEMP
  0.91277E-01  0.10701E+04   -0.50000E-01 -0.50000E-01  0.10000E+00  0.00000E+00  0.00000E+00  0.00000E+00   -0.22128E+03 -0.42218E+03  0.64347E+03 -0.10555E+03  0.10356E+03  0.19796E+03      298.00
  0.91728E-01  0.10707E+04   -0.50250E-01 -0.50250E-01  0.10050E+00  0.00000E+00  0.00000E+00  0.00000E+00   -0.22168E+03 -0.42198E+03  0.64366E+03 -0.10605E+03  0.10442E+03  0.19803E+03      298.00
  0.92179E-01  0.10706E+04   -0.50500E-01 -0.50500E-01  0.10100E+00  0.00000E+00  0.00000E+00  0.00000E+00   -0.22174E+03 -0.42187E+03  0.64361E+03 -0.10652E+03  0.10473E+03  0.19767E+03      298.00
  0.92630E-01  0.10714E+04   -0.50750E-01 -0.50750E-01  0.10150E+00  0.00000E+00  0.00000E+00  0.00000E+00   -0.22196E+03 -0.42189E+03  0.64385E+03 -0.10727E+03  0.10546E+03  0.19773E+03      298.00
  0.93081E-01  0.10713E+04   -0.51000E-01 -0.51000E-01  0.10200E+00  0.00000E+00  0.00000E+00  0.00000E+00   -0.22198E+03 -0.42183E+03  0.64380E+03 -0.10777E+03  0.10572E+03  0.19736E+03      298.00
  0.93532E-01  0.10721E+04   -0.51250E-01 -0.51250E-01  0.10250E+00  0.00000E+00  0.00000E+00  0.00000E+00   -0.22219E+03 -0.42184E+03  0.64403E+03 -0.10853E+03  0.10644E+03  0.19741E+03      298.00
  0.93982E-01  0.10720E+04   -0.51500E-01 -0.51500E-01  0.10300E+00  0.00000E+00  0.00000E+00  0.00000E+00   -0.22221E+03 -0.42177E+03  0.64398E+03 -0.10903E+03  0.10671E+03  0.19704E+03      298.00
  0.94433E-01  0.10728E+04   -0.51750E-01 -0.51750E-01  0.10350E+00  0.00000E+00  0.00000E+00  0.00000E+00   -0.22242E+03 -0.42178E+03  0.64420E+03 -0.10978E+03  0.10742E+03  0.19708E+03      298.00
  0.94883E-01  0.10727E+04   -0.52000E-01 -0.52000E-01  0.10400E+00  0.00000E+00  0.00000E+00  0.00000E+00   -0.22244E+03 -0.42171E+03  0.64414E+03 -0.11028E+03  0.10769E+03  0.19671E+03      298.00
  0.95333E-01  0.10734E+04   -0.52250E-01 -0.52250E-01  0.10450E+00  0.00000E+00  0.00000E+00  0.00000E+00   -0.22264E+03 -0.42170E+03  0.64435E+03 -0.11103E+03  0.10840E+03  0.19674E+03      298.00
  0.95784E-01  0.10734E+04   -0.52500E-01 -0.52500E-01  0.10500E+00  0.00000E+00  0.00000E+00  0.00000E+00   -0.22266E+03 -0.42163E+03  0.64429E+03 -0.11153E+03  0.10866E+03  0.19638E+03      298.00
  0.96234E-01  0.10741E+04   -0.52750E-01 -0.52750E-01  0.10550E+00  0.00000E+00  0.00000E+00  0.00000E+00   -0.22286E+03 -0.42162E+03  0.64448E+03 -0.11228E+03  0.10938E+03  0.19640E+03      298.00
  0.96684E-01  0.10744E+04   -0.53000E-01 -0.53000E-01  0.10600E+00  0.00000E+00  0.00000E+00  0.00000E+00   -0.22299E+03 -0.42154E+03  0.64454E+03 -0.11287E+03  0.10989E+03  0.19624E+03      298.00
  0.97134E-01  0.10743E+04   -0.53250E-01 -0.53250E-01  0.10650E+00  0.00000E+00  0.00000E+00  0.00000E+00   -0.22299E+03 -0.42149E+03  0.64447E+03 -0.11340E+03  0.11013E+03  0.19586E+03      298.00
  0.97584E-01  0.10750E+04   -0.53500E-01 -0.53500E-01  0.10700E+00  0.00000E+00  0.00000E+00  0.00000E+00   -0.22319E+03 -0.42147E+03  0.64465E+03 -0.11414E+03  0.11083E+03  0.19588E+03      298.00
  0.98033E-01  0.10753E+04   -0.53750E-01 -0.53750E-01  0.10750E+00  0.00000E+00  0.00000E+00  0.00000E+00   -0.22331E+03 -0.42138E+03  0.64469E+03 -0.11474E+03  0.11134E+03  0.19571E+03      298.00
  0.98483E-01  0.10756E+04   -0.54000E-01 -0.54000E-01  0.10800E+00  0.00000E+00  0.00000E+00  0.00000E+00   -0.22342E+03 -0.42132E+03  0.64474E+03 -0.11535E+03  0.11184E+03  0.19553E+03      298.00
  0.98933E-01  0.10758E+04   -0.54250E-01 -0.54250E-01  0.10850E+00  0.00000E+00  0.00000E+00  0.00000E+00   -0.22353E+03 -0.42126E+03  0.64478E+03 -0.11597E+03  0.11232E+03  0.19536E+03      298.00
  0.99382E-01  0.10761E+04   -0.54500E-01 -0.54500E-01  0.10900E+00  0.00000E+00  0.00000E+00  0.00000E+00   -0.22363E+03 -0.42119E+03  0.64482E+03 -0.11659E+03  0.11280E+03  0.19518E+03      298.00
  0.99832E-01  0.10764E+04   -0.54750E-01 -0.54750E-01  0.10950E+00  0.00000E+00  0.00000E+00  0.00000E+00   -0.22373E+03 -0.42112E+03  0.64485E+03 -0.11721E+03  0.11328E+03  0.19499E+03      298.00
  0.10028E+00  0.10767E+04   -0.55000E-01 -0.55000E-01  0.11000E+00  0.00000E+00  0.00000E+00  0.00000E+00   -0.22383E+03 -0.42105E+03  0.64488E+03 -0.11783E+03  0.11377E+03  0.19481E+03      298.00
  0.10073E+00  0.10769E+04   -0.55250E-01 -0.55250E-01  0.11050E+00  0.00000E+00  0.00000E+00  0.00000E+00   -0.22393E+03 -0.42098E+03  0.64491E+03 -0.11844E+03  0.11425E+03  0.19462E+03      298.00
  0.10118E+00  0.10772E+04   -0.55500E-01 -0.55500E-01  0.11100E+00  0.00000E+00  0.00000E+00  0.00000E+00   -0.22403E+03 -0.42091E+03  0.64494E+03 -0.11906E+03  0.11473E+03  0.19444E+03      298.00
  0.10163E+00  0.10775E+04   -0.55750E-01 -0.55750E-01  0.11150E+00  0.00000E+00  0.00000E+00  0.00000E+00   -0.22413E+03 -0.42083E+03  0.64496E+03 -0.11967E+03  0.11521E+03  0.19425E+03      298.00
  0.10208E+00  0.10777E+04   -0.56000E-01 -0.56000E-01  0.11200E+00  0.00000E+00  0.00000E+00  0.00000E+00   -0.22422E+03 -0.42075E+03  0.64497E+03 -0.12029E+03  0.11568E+03  0.19406E+03      298.00
  0.10253E+00  0.10780E+04   -0.56250E-01 -0.56250E-01  0.11250E+00  0.00000E+00  0.00000E+00  0.00000E+00   -0.22432E+03 -0.42067E+03  0.64499E+03 -0.12090E+03  0.11616E+03  0.19387E+03      298.00
  0.10297E+00  0.10782E+04   -0.56500E-01 -0.56500E-01  0.11300E+00  0.00000E+00  0.00000E+00  0.00000E+00   -0.22441E+03 -0.42058E+03  0.64500E+03 -0.12151E+03  0.11664E+03  0.19368E+03      298.00
  0.10342E+00  0.10785E+04   -0.56750E-01 -0.56750E-01  0.11350E+00  0.00000E+00  0.00000E+00  0.00000E+00   -0.22451E+03 -0.42050E+03  0.64501E+03 -0.12213E+03  0.11712E+03  0.19349E+03      298.00
  0.10387E+00  0.10787E+04   -0.57000E-01 -0.57000E-01  0.11400E+00  0.00000E+00  0.00000E+00  0.00000E+00   -0.22460E+03 -0.42041E+03  0.64501E+03 -0.12274E+03  0.11759E+03  0.19330E+03      298.00
  0.10432E+00  0.10789E+04   -0.57250E-01 -0.57250E-01  0.11450E+00  0.00000E+00  0.00000E+00  0.00000E+00   -0.22469E+03 -0.42032E+03  0.64501E+03 -0.12335E+03  0.11807E+03  0.19310E+03      298.00
  0.10477E+00  0.10792E+04   -0.57500E-01 -0.57500E-01  0.11500E+00  0.00000E+00  0.00000E+00  0.00000E+00   -0.22478E+03 -0.42022E+03  0.64501E+03 -0.12396E+03  0.11854E+03  0.19291E+03      298.00
  0.10522E+00  0.10794E+04   -0.57750E-01 -0.57750E-01  0.11550E+00  0.00000E+00  0.00000E+00  0.00000E+00   -0.22487E+03 -0.42013E+03  0.64500E+03 -0.12457E+03  0.11901E+03  0.19271E+03      298.00
  0.10567E+00  0.10796E+04   -0.58000E-01 -0.58000E-01  0.11600E+00  0.00000E+00  0.00000E+00  0.00000E+00   -0.22496E+03 -0.42003E+03  0.64499E+03 -0.12518E+03  0.11949E+03  0.19251E+03      298.00
  0.10611E+00  0.10799E+04   -0.58250E-01 -0.58250E-01  0.11650E+00  0.00000E+00  0.00000E+00  0.00000E+00   -0.22505E+03 -0.41993E+03  0.64498E+03 -0.12578E+03  0.11996E+03  0.19232E+03      298.00
  0.10656E+00  0.10801E+04   -0.58500E-01 -0.58500E-01  0.11700E+00  0.00000E+00  0.00000E+00  0.00000E+00   -0.22514E+03 -0.41983E+03  0.64497E+03 -0.12639E+03  0.12043E+03  0.19212E+03      298.00
  0.10701E+00  0.10803E+04   -0.58750E-01 -0.58750E-01  0.11750E+00  0.00000E+00  0.00000E+00  0.00000E+00   -0.22523E+03 -0.41972E+03  0.64495E+03 -0.12700E+03  0.12090E+03  0.19191E+03      298.00
  0.10746E+00  0.10805E+04   -0.59000E-01 -0.59000E-01  0.11800E+00  0.00000E+00  0.00000E+00  0.00000E+00   -0.22531E+03 -0.41962E+03  0.64493E+03 -0.12760E+03  0.12137E+03  0.19171E+03      298.00
  0.10790E+00  0.10807E+04   -0.59250E-01 -0.59250E-01  0.11850E+00  0.00000E+00  0.00000E+00  0.00000E+00   -0.22540E+03 -0.41951E+03  0.64491E+03 -0.12821E+03  0.12184E+03  0.19151E+03      298.00
  0.10835E+00  0.10809E+04   -0.59500E-01 -0.59500E-01  0.11900E+00  0.00000E+00  0.00000E+00  0.00000E+00   -0.22548E+03 -0.41940E+03  0.64488E+03 -0.12882E+03  0.12230E+03  0.19130E+03      298.00
  0.10880E+00  0.10811E+04   -0.59750E-01 -0.59750E-01  0.11950E+00  0.00000E+00  0.00000E+00  0.00000E+00   -0.22556E+03 -0.41929E+03  0.64485E+03 -0.12942E+03  0.12277E+03  0.19110E+03      298.00
  0.10925E+00  0.10813E+04   -0.60000E-01 -0.60000E-01  0.12000E+00  0.00000E+00  0.00000E+00  0.00000E+00   -0.22564E+03 -0.41918E+03  0.64482E+03 -0.13002E+03  0.12323E+03  0.19089E+03      298.00
  0.10969E+00  0.10815E+04   -0.60250E-01 -0.60250E-01  0.12050E+00  0.00000E+00  0.00000E+00  0.00000E+00   -0.22572E+03 -0.41906E+03  0.64479E+03 -0.13063E+03  0.12370E+03  0.19069E+03      298.00
  0.11014E+00  0.10817E+04   -0.60500E-01 -0.60500E-01  0.12100E+00  0.00000E+00  0.00000E+00  0.00000E+00   -0.22580E+03 -0.41894E+03  0.64475E+03 -0.13123E+03  0.12416E+03  0.19048E+03      298.00
  0.11059E+00  0.10819E+04   -0.60750E-01 -0.60750E-01  0.12150E+00  0.00000E+00  0.00000E+00  0.00000E+00   -0.22588E+03 -0.41883E+03  0.64471E+03 -0.13183E+03  0.12462E+03  0.19027E+03      298.00
  0.11104E+00  0.10821E+04   -0.61000E-01 -0.61000E-01  0.12200E+00  0.00000E+00  0.00000E+00  0.00000E+00   -0.22596E+03 -0.41871E+03  0.64467E+03 -0.13244E+03  0.12508E+03  0.19006E+03      298.00
  0.11148E+00  0.10823E+04   -0.61250E-01 -0.61250E-01  0.12250E+00  0.00000E+00  0.00000E+00  0.00000E+00   -0.22604E+03 -0.41859E+03  0.64462E+03 -0.13304E+03  0.12554E+03  0.18984E+03      298.00
  0.11193E+00  0.10824E+04   -0.61500E-01 -0.61500E-01  0.12300E+00  0.00000E+00  0.00000E+00  0.00000E+00   -0.22611E+03 -0.41846E+03  0.64457E+03 -0.13364E+03  0.12600E+03  0.18963E+03      298.00
  0.11238E+00  0.10826E+04   -0.61750E-01 -0.61750E-01  0.12350E+00  0.00000E+00  0.00000E+00  0.00000E+00   -0.22619E+03 -0.41834E+03  0.64452E+03 -0.13424E+03  0.12646E+03  0.18942E+03      298.00
  0.11282E+00  0.10828E+04   -0.62000E-01 -0.62000E-01  0.12400E+00  0.00000E+00  0.00000E+00  0.00000E+00   -0.22626E+03 -0.41821E+03  0.64447E+03 -0.13484E+03  0.12691E+03  0.18920E+03      298.00
  0.11327E+00  0.10830E+04   -0.62250E-01 -0.62250E-01  0.12450E+00  0.00000E+00  0.00000E+00  0.00000E+00   -0.22633E+03 -0.41809E+03  0.64442E+03 -0.13544E+03  0.12736E+03  0.18899E+03      298.00
  0.11371E+00  0.10831E+04   -0.62500E-01 -0.62500E-01  0.12500E+00  0.00000E+00  0.00000E+00  0.00000E+00   -0.22640E+03 -0.41796E+03  0.64436E+03 -0.13604E+03  0.12782E+03  0.18877E+03      298.00
