          Evm          Svm            E11          E22          E33          E23          E13          E12         SDEV11       SDEV22       SDEV33       SDEV23       SDEV13       SDEV12      TEMP
  0.00000E+00  0.45236E+03    0.00000E+00  0.00000E+00  0.00000E+00  0.00000E+00  0.00000E+00  0.00000E+00   -0.32829E+02 -0.14237E+03  0.17520E+03 -0.16875E+03 -0.10628E+03 -0.49170E+02      298.00
  0.29047E-03  0.46011E+03   -0.25000E-03 -0.25000E-03  0.50000E-03  0.00000E+00  0.00000E+00  0.00000E+00   -0.33380E+02 -0.14592E+03  0.17930E+03 -0.17049E+03 -0.10892E+03 -0.48566E+02      298.00
  0.58274E-03  0.46762E+03   -0.50000E-03 -0.50000E-03  0.10000E-02  0.00000E+00  0.00000E+00  0.00000E+00   -0.34089E+02 -0.14913E+03  0.18322E+03 -0.17230E+03 -0.11131E+03 -0.48220E+02      298.00
  0.87661E-03  0.47509E+03   -0.75000E-03 -0.75000E-03  0.15000E-02  0.00000E+00  0.00000E+00  0.00000E+00   -0.34808E+02 -0.15221E+03  0.18701E+03 -0.17422E+03 -0.11360E+03 -0.47996E+02      298.00
  0.11718E-02  0.48258E+03   -0.10000E-02 -0.10000E-02  0.20000E-02  0.00000E+00  0.00000E+00  0.00000E+00   -0.35468E+02 -0.15525E+03  0.19072E+03 -0.17619E+03 -0.11586E+03 -0.47901E+02      298.00
  0.14682E-02  0.48968E+03   -0.12500E-02 -0.12500E-02  0.25000E-02  0.00000E+00  0.00000E+00  0.00000E+00   -0.36157E+02 -0.15807E+03  0.19422E+03 -0.17813E+03 -0.11788E+03 -0.47892E+02      298.00
  0.17657E-02  0.49680E+03   -0.15000E-02 -0.15000E-02  0.30000E-02  0.00000E+00  0.00000E+00  0.00000E+00   -0.36808E+02 -0.16086E+03  0.19766E+03 -0.18013E+03 -0.11989E+03 -0.47986E+02      298.00
  0.20641E-02  0.50379E+03   -0.17500E-02 -0.17500E-02  0.35000E-02  0.00000E+00  0.00000E+00  0.00000E+00   -0.37475E+02 -0.16353E+03  0.20100E+03 -0.18212E+03 -0.12180E+03 -0.48210E+02      298.00
  0.23634E-02  0.51074E+03   -0.20000E-02 -0.20000E-02  0.40000E-02  0.00000E+00  0.00000E+00  0.00000E+00   -0.38045E+02 -0.16621E+03  0.20426E+03 -0.18416E+03 -0.12368E+03 -0.48418E+02      298.00
  0.26633E-02  0.51775E+03   -0.22500E-02 -0.22500E-02  0.45000E-02  0.00000E+00  0.00000E+00  0.00000E+00   -0.38728E+02 -0.16874E+03  0.20747E+03 -0.18632E+03 -0.12551E+03 -0.48751E+02      298.00
  0.29638E-02  0.52448E+03   -0.25000E-02 -0.25000E-02  0.50000E-02  0.00000E+00  0.00000E+00  0.00000E+00   -0.39347E+02 -0.17122E+03  0.21056E+03 -0.18840E+03 -0.12723E+03 -0.49125E+02      298.00
  0.32649E-02  0.53074E+03   -0.27500E-02 -0.27500E-02  0.55000E-02  0.00000E+00  0.00000E+00  0.00000E+00   -0.39898E+02 -0.17359E+03  0.21349E+03 -0.19030E+03 -0.12876E+03 -0.49531E+02      298.00
  0.35666E-02  0.53755E+03   -0.30000E-02 -0.30000E-02  0.60000E-02  0.00000E+00  0.00000E+00  0.00000E+00   -0.40512E+02 -0.17600E+03  0.21651E+03 -0.19247E+03 -0.13048E+03 -0.50013E+02      298.00
  0.38687E-02  0.54400E+03   -0.32500E-02 -0.32500E-02  0.65000E-02  0.00000E+00  0.00000E+00  0.00000E+00   -0.41149E+02 -0.17826E+03  0.21941E+03 -0.19457E+03 -0.13202E+03 -0.50550E+02      298.00
  0.41712E-02  0.55032E+03   -0.35000E-02 -0.35000E-02  0.70000E-02  0.00000E+00  0.00000E+00  0.00000E+00   -0.41702E+02 -0.18052E+03  0.22222E+03 -0.19664E+03 -0.13350E+03 -0.51030E+02      298.00
  0.44740E-02  0.55650E+03   -0.37500E-02 -0.37500E-02  0.75000E-02  0.00000E+00  0.00000E+00  0.00000E+00   -0.42288E+02 -0.18270E+03  0.22499E+03 -0.19865E+03 -0.13494E+03 -0.51638E+02      298.00
  0.47773E-02  0.56271E+03   -0.40000E-02 -0.40000E-02  0.80000E-02  0.00000E+00  0.00000E+00  0.00000E+00   -0.42881E+02 -0.18484E+03  0.22773E+03 -0.20073E+03 -0.13636E+03 -0.52247E+02      298.00
  0.50808E-02  0.56900E+03   -0.42500E-02 -0.42500E-02  0.85000E-02  0.00000E+00  0.00000E+00  0.00000E+00   -0.43402E+02 -0.18705E+03  0.23045E+03 -0.20287E+03 -0.13780E+03 -0.52796E+02      298.00
  0.53845E-02  0.57539E+03   -0.45000E-02 -0.45000E-02  0.90000E-02  0.00000E+00  0.00000E+00  0.00000E+00   -0.44082E+02 -0.18911E+03  0.23319E+03 -0.20509E+03 -0.13925E+03 -0.53500E+02      298.00
  0.56885E-02  0.58141E+03   -0.47500E-02 -0.47500E-02  0.95000E-02  0.00000E+00  0.00000E+00  0.00000E+00   -0.44633E+02 -0.19119E+03  0.23582E+03 -0.20711E+03 -0.14061E+03 -0.54184E+02      298.00
  0.59927E-02  0.58730E+03   -0.50000E-02 -0.50000E-02  0.10000E-01  0.00000E+00  0.00000E+00  0.00000E+00   -0.45205E+02 -0.19317E+03  0.23838E+03 -0.20918E+03 -0.14185E+03 -0.54820E+02      298.00
  0.62971E-02  0.59311E+03   -0.52500E-02 -0.52500E-02  0.10500E-01  0.00000E+00  0.00000E+00  0.00000E+00   -0.45757E+02 -0.19515E+03  0.24090E+03 -0.21118E+03 -0.14311E+03 -0.55502E+02      298.00
  0.66017E-02  0.59893E+03   -0.55000E-02 -0.55000E-02  0.11000E-01  0.00000E+00  0.00000E+00  0.00000E+00   -0.46256E+02 -0.19716E+03  0.24342E+03 -0.21314E+03 -0.14440E+03 -0.56207E+02      298.00
  0.69066E-02  0.60453E+03   -0.57500E-02 -0.57500E-02  0.11500E-01  0.00000E+00  0.00000E+00  0.00000E+00   -0.47082E+02 -0.19878E+03  0.24587E+03 -0.21524E+03 -0.14543E+03 -0.57030E+02      298.00
  0.72116E-02  0.60971E+03   -0.60000E-02 -0.60000E-02  0.12000E-01  0.00000E+00  0.00000E+00  0.00000E+00   -0.47381E+02 -0.20080E+03  0.24818E+03 -0.21687E+03 -0.14656E+03 -0.57655E+02      298.00
  0.75169E-02  0.61527E+03   -0.62500E-02 -0.62500E-02  0.12500E-01  0.00000E+00  0.00000E+00  0.00000E+00   -0.48156E+02 -0.20243E+03  0.25059E+03 -0.21893E+03 -0.14761E+03 -0.58497E+02      298.00
  0.78223E-02  0.62049E+03   -0.65000E-02 -0.65000E-02  0.13000E-01  0.00000E+00  0.00000E+00  0.00000E+00   -0.48590E+02 -0.20426E+03  0.25285E+03 -0.22078E+03 -0.14865E+03 -0.59035E+02      298.00
  0.81280E-02  0.62669E+03   -0.67500E-02 -0.67500E-02  0.13500E-01  0.00000E+00  0.00000E+00  0.00000E+00   -0.48929E+02 -0.20650E+03  0.25543E+03 -0.22291E+03 -0.15008E+03 -0.59679E+02      298.00
  0.84336E-02  0.63153E+03   -0.70000E-02 -0.70000E-02  0.14000E-01  0.00000E+00  0.00000E+00  0.00000E+00   -0.49783E+02 -0.20784E+03  0.25763E+03 -0.22464E+03 -0.15090E+03 -0.60671E+02      298.00
  0.87396E-02  0.63727E+03   -0.72500E-02 -0.72500E-02  0.14500E-01  0.00000E+00  0.00000E+00  0.00000E+00   -0.50456E+02 -0.20958E+03  0.26004E+03 -0.22684E+03 -0.15199E+03 -0.61390E+02      298.00
  0.90456E-02  0.64250E+03   -0.75000E-02 -0.75000E-02  0.15000E-01  0.00000E+00  0.00000E+00  0.00000E+00   -0.50960E+02 -0.21135E+03  0.26231E+03 -0.22861E+03 -0.15309E+03 -0.62159E+02      298.00
  0.93518E-02  0.64766E+03   -0.77500E-02 -0.77500E-02  0.15500E-01  0.00000E+00  0.00000E+00  0.00000E+00   -0.51500E+02 -0.21306E+03  0.26456E+03 -0.23045E+03 -0.15409E+03 -0.62888E+02      298.00
  0.96582E-02  0.65211E+03   -0.80000E-02 -0.80000E-02  0.16000E-01  0.00000E+00  0.00000E+00  0.00000E+00   -0.51784E+02 -0.21477E+03  0.26656E+03 -0.23196E+03 -0.15492E+03 -0.63373E+02      298.00
  0.99648E-02  0.65712E+03   -0.82500E-02 -0.82500E-02  0.16500E-01  0.00000E+00  0.00000E+00  0.00000E+00   -0.52314E+02 -0.21643E+03  0.26874E+03 -0.23369E+03 -0.15593E+03 -0.64119E+02      298.00
  0.10271E-01  0.66214E+03   -0.85000E-02 -0.85000E-02  0.17000E-01  0.00000E+00  0.00000E+00  0.00000E+00   -0.52694E+02 -0.21823E+03  0.27092E+03 -0.23542E+03 -0.15694E+03 -0.64752E+02      298.00
  0.10578E-01  0.66707E+03   -0.87500E-02 -0.87500E-02  0.17500E-01  0.00000E+00  0.00000E+00  0.00000E+00   -0.53214E+02 -0.21987E+03  0.27308E+03 -0.23716E+03 -0.15786E+03 -0.65472E+02      298.00
  0.10885E-01  0.67193E+03   -0.90000E-02 -0.90000E-02  0.18000E-01  0.00000E+00  0.00000E+00  0.00000E+00   -0.53754E+02 -0.22146E+03  0.27522E+03 -0.23889E+03 -0.15876E+03 -0.66199E+02      298.00
  0.11193E-01  0.67674E+03   -0.92500E-02 -0.92500E-02  0.18500E-01  0.00000E+00  0.00000E+00  0.00000E+00   -0.54296E+02 -0.22303E+03  0.27733E+03 -0.24061E+03 -0.15964E+03 -0.66922E+02      298.00
  0.11500E-01  0.68148E+03   -0.95000E-02 -0.95000E-02  0.19000E-01  0.00000E+00  0.00000E+00  0.00000E+00   -0.54837E+02 -0.22459E+03  0.27942E+03 -0.24230E+03 -0.16050E+03 -0.67641E+02      298.00
  0.11807E-01  0.68726E+03   -0.97500E-02 -0.97500E-02  0.19500E-01  0.00000E+00  0.00000E+00  0.00000E+00   -0.55471E+02 -0.22635E+03  0.28182E+03 -0.24442E+03 -0.16170E+03 -0.68441E+02      298.00
  0.12115E-01  0.69061E+03   -0.10000E-01 -0.10000E-01  0.20000E-01  0.00000E+00  0.00000E+00  0.00000E+00   -0.55843E+02 -0.22768E+03  0.28352E+03 -0.24554E+03 -0.16202E+03 -0.69051E+02      298.00
  0.12423E-01  0.69532E+03   -0.10250E-01 -0.10250E-01  0.20500E-01  0.00000E+00  0.00000E+00  0.00000E+00   -0.56442E+02 -0.22912E+03  0.28556E+03 -0.24723E+03 -0.16296E+03 -0.69757E+02      298.00
  0.12731E-01  0.69972E+03   -0.10500E-01 -0.10500E-01  0.21000E-01  0.00000E+00  0.00000E+00  0.00000E+00   -0.56958E+02 -0.23062E+03  0.28757E+03 -0.24882E+03 -0.16360E+03 -0.70464E+02      298.00
  0.13039E-01  0.70412E+03   -0.10750E-01 -0.10750E-01  0.21500E-01  0.00000E+00  0.00000E+00  0.00000E+00   -0.57489E+02 -0.23206E+03  0.28955E+03 -0.25039E+03 -0.16434E+03 -0.71150E+02      298.00
  0.13348E-01  0.70855E+03   -0.11000E-01 -0.11000E-01  0.22000E-01  0.00000E+00  0.00000E+00  0.00000E+00   -0.58025E+02 -0.23351E+03  0.29153E+03 -0.25197E+03 -0.16509E+03 -0.71833E+02      298.00
  0.13656E-01  0.71292E+03   -0.11250E-01 -0.11250E-01  0.22500E-01  0.00000E+00  0.00000E+00  0.00000E+00   -0.58557E+02 -0.23494E+03  0.29349E+03 -0.25353E+03 -0.16584E+03 -0.72510E+02      298.00
  0.13965E-01  0.71724E+03   -0.11500E-01 -0.11500E-01  0.23000E-01  0.00000E+00  0.00000E+00  0.00000E+00   -0.59092E+02 -0.23635E+03  0.29544E+03 -0.25507E+03 -0.16656E+03 -0.73182E+02      298.00
  0.14274E-01  0.72151E+03   -0.11750E-01 -0.11750E-01  0.23500E-01  0.00000E+00  0.00000E+00  0.00000E+00   -0.59655E+02 -0.23771E+03  0.29737E+03 -0.25661E+03 -0.16726E+03 -0.73861E+02      298.00
  0.14583E-01  0.72687E+03   -0.12000E-01 -0.12000E-01  0.24000E-01  0.00000E+00  0.00000E+00  0.00000E+00   -0.60362E+02 -0.23924E+03  0.29961E+03 -0.25859E+03 -0.16836E+03 -0.74642E+02      298.00
  0.14892E-01  0.72998E+03   -0.12250E-01 -0.12250E-01  0.24500E-01  0.00000E+00  0.00000E+00  0.00000E+00   -0.60847E+02 -0.24036E+03  0.30120E+03 -0.25970E+03 -0.16858E+03 -0.75235E+02      298.00
  0.15202E-01  0.73507E+03   -0.12500E-01 -0.12500E-01  0.25000E-01  0.00000E+00  0.00000E+00  0.00000E+00   -0.61478E+02 -0.24188E+03  0.30336E+03 -0.26155E+03 -0.16962E+03 -0.75967E+02      298.00
          Evm          Svm            E11          E22          E33          E23          E13          E12         SDEV11       SDEV22       SDEV33       SDEV23       SDEV13       SDEV12      TEMP
  0.15202E-01  0.73456E+03   -0.12500E-01 -0.12500E-01  0.25000E-01  0.00000E+00  0.00000E+00  0.00000E+00   -0.61306E+02 -0.24190E+03  0.30321E+03 -0.26129E+03 -0.16949E+03 -0.75865E+02      298.00
  0.15511E-01  0.73906E+03   -0.12750E-01 -0.12750E-01  0.25500E-01  0.00000E+00  0.00000E+00  0.00000E+00   -0.62038E+02 -0.24317E+03  0.30521E+03 -0.26299E+03 -0.17021E+03 -0.76621E+02      298.00
  0.15821E-01  0.74301E+03   -0.13000E-01 -0.13000E-01  0.26000E-01  0.00000E+00  0.00000E+00  0.00000E+00   -0.62590E+02 -0.24444E+03  0.30703E+03 -0.26442E+03 -0.17078E+03 -0.77258E+02      298.00
  0.16131E-01  0.74694E+03   -0.13250E-01 -0.13250E-01  0.26500E-01  0.00000E+00  0.00000E+00  0.00000E+00   -0.63203E+02 -0.24565E+03  0.30886E+03 -0.26586E+03 -0.17132E+03 -0.77923E+02      298.00
  0.16441E-01  0.75082E+03   -0.13500E-01 -0.13500E-01  0.27000E-01  0.00000E+00  0.00000E+00  0.00000E+00   -0.63849E+02 -0.24682E+03  0.31067E+03 -0.26731E+03 -0.17182E+03 -0.78597E+02      298.00
  0.16751E-01  0.75400E+03   -0.13750E-01 -0.13750E-01  0.27500E-01  0.00000E+00  0.00000E+00  0.00000E+00   -0.64272E+02 -0.24800E+03  0.31227E+03 -0.26840E+03 -0.17214E+03 -0.79147E+02      298.00
  0.17062E-01  0.75779E+03   -0.14000E-01 -0.14000E-01  0.28000E-01  0.00000E+00  0.00000E+00  0.00000E+00   -0.64874E+02 -0.24917E+03  0.31405E+03 -0.26979E+03 -0.17263E+03 -0.79784E+02      298.00
  0.17373E-01  0.76156E+03   -0.14250E-01 -0.14250E-01  0.28500E-01  0.00000E+00  0.00000E+00  0.00000E+00   -0.65493E+02 -0.25032E+03  0.31582E+03 -0.27120E+03 -0.17310E+03 -0.80420E+02      298.00
  0.17684E-01  0.76529E+03   -0.14500E-01 -0.14500E-01  0.29000E-01  0.00000E+00  0.00000E+00  0.00000E+00   -0.66122E+02 -0.25145E+03  0.31757E+03 -0.27259E+03 -0.17355E+03 -0.81052E+02      298.00
  0.17995E-01  0.76897E+03   -0.14750E-01 -0.14750E-01  0.29500E-01  0.00000E+00  0.00000E+00  0.00000E+00   -0.66761E+02 -0.25256E+03  0.31932E+03 -0.27398E+03 -0.17397E+03 -0.81680E+02      298.00
  0.18306E-01  0.77261E+03   -0.15000E-01 -0.15000E-01  0.30000E-01  0.00000E+00  0.00000E+00  0.00000E+00   -0.67414E+02 -0.25363E+03  0.32104E+03 -0.27536E+03 -0.17437E+03 -0.82305E+02      298.00
  0.18618E-01  0.77619E+03   -0.15250E-01 -0.15250E-01  0.30500E-01  0.00000E+00  0.00000E+00  0.00000E+00   -0.68089E+02 -0.25467E+03  0.32276E+03 -0.27674E+03 -0.17472E+03 -0.82930E+02      298.00
  0.18930E-01  0.77973E+03   -0.15500E-01 -0.15500E-01  0.31000E-01  0.00000E+00  0.00000E+00  0.00000E+00   -0.68815E+02 -0.25564E+03  0.32446E+03 -0.27814E+03 -0.17502E+03 -0.83568E+02      298.00
  0.19242E-01  0.78398E+03   -0.15750E-01 -0.15750E-01  0.31500E-01  0.00000E+00  0.00000E+00  0.00000E+00   -0.69517E+02 -0.25686E+03  0.32638E+03 -0.27980E+03 -0.17557E+03 -0.84228E+02      298.00
  0.19554E-01  0.78721E+03   -0.16000E-01 -0.16000E-01  0.32000E-01  0.00000E+00  0.00000E+00  0.00000E+00   -0.70230E+02 -0.25774E+03  0.32797E+03 -0.28107E+03 -0.17580E+03 -0.84821E+02      298.00
  0.19867E-01  0.79061E+03   -0.16250E-01 -0.16250E-01  0.32500E-01  0.00000E+00  0.00000E+00  0.00000E+00   -0.70951E+02 -0.25868E+03  0.32963E+03 -0.28242E+03 -0.17605E+03 -0.85433E+02      298.00
  0.20179E-01  0.79397E+03   -0.16500E-01 -0.16500E-01  0.33000E-01  0.00000E+00  0.00000E+00  0.00000E+00   -0.71729E+02 -0.25954E+03  0.33127E+03 -0.28380E+03 -0.17623E+03 -0.86059E+02      298.00
  0.20492E-01  0.79697E+03   -0.16750E-01 -0.16750E-01  0.33500E-01  0.00000E+00  0.00000E+00  0.00000E+00   -0.72505E+02 -0.26029E+03  0.33280E+03 -0.28503E+03 -0.17632E+03 -0.86652E+02      298.00
  0.20805E-01  0.80022E+03   -0.17000E-01 -0.17000E-01  0.34000E-01  0.00000E+00  0.00000E+00  0.00000E+00   -0.73305E+02 -0.26111E+03  0.33442E+03 -0.28638E+03 -0.17642E+03 -0.87294E+02      298.00
  0.21119E-01  0.80347E+03   -0.17250E-01 -0.17250E-01  0.34500E-01  0.00000E+00  0.00000E+00  0.00000E+00   -0.74155E+02 -0.26187E+03  0.33603E+03 -0.28776E+03 -0.17650E+03 -0.87924E+02      298.00
  0.21433E-01  0.80668E+03   -0.17500E-01 -0.17500E-01  0.35000E-01  0.00000E+00  0.00000E+00  0.00000E+00   -0.75027E+02 -0.26260E+03  0.33762E+03 -0.28915E+03 -0.17655E+03 -0.88554E+02      298.00
  0.21746E-01  0.81008E+03   -0.17750E-01 -0.17750E-01  0.35500E-01  0.00000E+00  0.00000E+00  0.00000E+00   -0.75877E+02 -0.26341E+03  0.33929E+03 -0.29060E+03 -0.17666E+03 -0.89191E+02      298.00
  0.22061E-01  0.81321E+03   -0.18000E-01 -0.18000E-01  0.36000E-01  0.00000E+00  0.00000E+00  0.00000E+00   -0.76801E+02 -0.26406E+03  0.34086E+03 -0.29199E+03 -0.17664E+03 -0.89827E+02      298.00
  0.22375E-01  0.81642E+03   -0.18250E-01 -0.18250E-01  0.36500E-01  0.00000E+00  0.00000E+00  0.00000E+00   -0.77735E+02 -0.26472E+03  0.34246E+03 -0.29343E+03 -0.17664E+03 -0.90462E+02      298.00
  0.22690E-01  0.81942E+03   -0.18500E-01 -0.18500E-01  0.37000E-01  0.00000E+00  0.00000E+00  0.00000E+00   -0.78684E+02 -0.26530E+03  0.34398E+03 -0.29479E+03 -0.17656E+03 -0.91078E+02      298.00
  0.23004E-01  0.82244E+03   -0.18750E-01 -0.18750E-01  0.37500E-01  0.00000E+00  0.00000E+00  0.00000E+00   -0.79669E+02 -0.26585E+03  0.34552E+03 -0.29618E+03 -0.17645E+03 -0.91717E+02      298.00
  0.23319E-01  0.82543E+03   -0.19000E-01 -0.19000E-01  0.38000E-01  0.00000E+00  0.00000E+00  0.00000E+00   -0.80685E+02 -0.26636E+03  0.34704E+03 -0.29758E+03 -0.17629E+03 -0.92361E+02      298.00
  0.23635E-01  0.82825E+03   -0.19250E-01 -0.19250E-01  0.38500E-01  0.00000E+00  0.00000E+00  0.00000E+00   -0.81682E+02 -0.26683E+03  0.34851E+03 -0.29890E+03 -0.17611E+03 -0.92976E+02      298.00
  0.23950E-01  0.83113E+03   -0.19500E-01 -0.19500E-01  0.39000E-01  0.00000E+00  0.00000E+00  0.00000E+00   -0.82685E+02 -0.26732E+03  0.35000E+03 -0.30025E+03 -0.17591E+03 -0.93616E+02      298.00
  0.24266E-01  0.83402E+03   -0.19750E-01 -0.19750E-01  0.39500E-01  0.00000E+00  0.00000E+00  0.00000E+00   -0.83722E+02 -0.26778E+03  0.35150E+03 -0.30162E+03 -0.17571E+03 -0.94252E+02      298.00
  0.24582E-01  0.83689E+03   -0.20000E-01 -0.20000E-01  0.40000E-01  0.00000E+00  0.00000E+00  0.00000E+00   -0.84767E+02 -0.26821E+03  0.35298E+03 -0.30299E+03 -0.17548E+03 -0.94886E+02      298.00
  0.24899E-01  0.83972E+03   -0.20250E-01 -0.20250E-01  0.40500E-01  0.00000E+00  0.00000E+00  0.00000E+00   -0.85821E+02 -0.26864E+03  0.35446E+03 -0.30435E+03 -0.17524E+03 -0.95518E+02      298.00
  0.25215E-01  0.84253E+03   -0.20500E-01 -0.20500E-01  0.41000E-01  0.00000E+00  0.00000E+00  0.00000E+00   -0.86881E+02 -0.26904E+03  0.35592E+03 -0.30570E+03 -0.17497E+03 -0.96148E+02      298.00
  0.25532E-01  0.84530E+03   -0.20750E-01 -0.20750E-01  0.41500E-01  0.00000E+00  0.00000E+00  0.00000E+00   -0.87947E+02 -0.26943E+03  0.35737E+03 -0.30704E+03 -0.17470E+03 -0.96776E+02      298.00
  0.25849E-01  0.84805E+03   -0.21000E-01 -0.21000E-01  0.42000E-01  0.00000E+00  0.00000E+00  0.00000E+00   -0.89015E+02 -0.26980E+03  0.35882E+03 -0.30837E+03 -0.17441E+03 -0.97401E+02      298.00
  0.26166E-01  0.85077E+03   -0.21250E-01 -0.21250E-01  0.42500E-01  0.00000E+00  0.00000E+00  0.00000E+00   -0.90085E+02 -0.27017E+03  0.36025E+03 -0.30969E+03 -0.17410E+03 -0.98023E+02      298.00
  0.26484E-01  0.85346E+03   -0.21500E-01 -0.21500E-01  0.43000E-01  0.00000E+00  0.00000E+00  0.00000E+00   -0.91152E+02 -0.27052E+03  0.36167E+03 -0.31099E+03 -0.17379E+03 -0.98640E+02      298.00
  0.26802E-01  0.85612E+03   -0.21750E-01 -0.21750E-01  0.43500E-01  0.00000E+00  0.00000E+00  0.00000E+00   -0.92216E+02 -0.27087E+03  0.36309E+03 -0.31228E+03 -0.17347E+03 -0.99252E+02      298.00
  0.27120E-01  0.85876E+03   -0.22000E-01 -0.22000E-01  0.44000E-01  0.00000E+00  0.00000E+00  0.00000E+00   -0.93275E+02 -0.27122E+03  0.36449E+03 -0.31355E+03 -0.17315E+03 -0.99859E+02      298.00
  0.27438E-01  0.86137E+03   -0.22250E-01 -0.22250E-01  0.44500E-01  0.00000E+00  0.00000E+00  0.00000E+00   -0.94332E+02 -0.27156E+03  0.36589E+03 -0.31480E+03 -0.17282E+03 -0.10046E+03      298.00
  0.27757E-01  0.86403E+03   -0.22500E-01 -0.22500E-01  0.45000E-01  0.00000E+00  0.00000E+00  0.00000E+00   -0.95339E+02 -0.27197E+03  0.36731E+03 -0.31605E+03 -0.17253E+03 -0.10106E+03      298.00
  0.28076E-01  0.86665E+03   -0.22750E-01 -0.22750E-01  0.45500E-01  0.00000E+00  0.00000E+00  0.00000E+00   -0.96393E+02 -0.27231E+03  0.36870E+03 -0.31730E+03 -0.17220E+03 -0.10165E+03      298.00
  0.28395E-01  0.86917E+03   -0.23000E-01 -0.23000E-01  0.46000E-01  0.00000E+00  0.00000E+00  0.00000E+00   -0.97429E+02 -0.27264E+03  0.37007E+03 -0.31850E+03 -0.17186E+03 -0.10224E+03      298.00
  0.28714E-01  0.87166E+03   -0.23250E-01 -0.23250E-01  0.46500E-01  0.00000E+00  0.00000E+00  0.00000E+00   -0.98407E+02 -0.27301E+03  0.37142E+03 -0.31965E+03 -0.17156E+03 -0.10279E+03      298.00
  0.29034E-01  0.87409E+03   -0.23500E-01 -0.23500E-01  0.47000E-01  0.00000E+00  0.00000E+00  0.00000E+00   -0.99400E+02 -0.27336E+03  0.37276E+03 -0.32078E+03 -0.17121E+03 -0.10336E+03      298.00
  0.29354E-01  0.87658E+03   -0.23750E-01 -0.23750E-01  0.47500E-01  0.00000E+00  0.00000E+00  0.00000E+00   -0.10036E+03 -0.27374E+03  0.37411E+03 -0.32193E+03 -0.17093E+03 -0.10391E+03      298.00
  0.29674E-01  0.87896E+03   -0.24000E-01 -0.24000E-01  0.48000E-01  0.00000E+00  0.00000E+00  0.00000E+00   -0.10133E+03 -0.27410E+03  0.37543E+03 -0.32301E+03 -0.17058E+03 -0.10446E+03      298.00
  0.29994E-01  0.88141E+03   -0.24250E-01 -0.24250E-01  0.48500E-01  0.00000E+00  0.00000E+00  0.00000E+00   -0.10230E+03 -0.27447E+03  0.37677E+03 -0.32413E+03 -0.17027E+03 -0.10501E+03      298.00
  0.30315E-01  0.88378E+03   -0.24500E-01 -0.24500E-01  0.49000E-01  0.00000E+00  0.00000E+00  0.00000E+00   -0.10323E+03 -0.27485E+03  0.37808E+03 -0.32520E+03 -0.16996E+03 -0.10554E+03      298.00
  0.30635E-01  0.88612E+03   -0.24750E-01 -0.24750E-01  0.49500E-01  0.00000E+00  0.00000E+00  0.00000E+00   -0.10414E+03 -0.27525E+03  0.37939E+03 -0.32624E+03 -0.16967E+03 -0.10606E+03      298.00
  0.30957E-01  0.88844E+03   -0.25000E-01 -0.25000E-01  0.50000E-01  0.00000E+00  0.00000E+00  0.00000E+00   -0.10503E+03 -0.27565E+03  0.38069E+03 -0.32725E+03 -0.16938E+03 -0.10658E+03      298.00
          Evm          Svm            E11          E22          E33          E23          E13          E12         SDEV11       SDEV22       SDEV33       SDEV23       SDEV13       SDEV12      TEMP
  0.30957E-01  0.88837E+03   -0.25000E-01 -0.25000E-01  0.50000E-01  0.00000E+00  0.00000E+00  0.00000E+00   -0.10473E+03 -0.27593E+03  0.38066E+03 -0.32704E+03 -0.16962E+03 -0.10646E+03      298.00
  0.31278E-01  0.89068E+03   -0.25250E-01 -0.25250E-01  0.50500E-01  0.00000E+00  0.00000E+00  0.00000E+00   -0.10592E+03 -0.27603E+03  0.38196E+03 -0.32823E+03 -0.16906E+03 -0.10708E+03      298.00
  0.31600E-01  0.89295E+03   -0.25500E-01 -0.25500E-01  0.51000E-01  0.00000E+00  0.00000E+00  0.00000E+00   -0.10680E+03 -0.27643E+03  0.38324E+03 -0.32921E+03 -0.16877E+03 -0.10759E+03      298.00
  0.31921E-01  0.89519E+03   -0.25750E-01 -0.25750E-01  0.51500E-01  0.00000E+00  0.00000E+00  0.00000E+00   -0.10765E+03 -0.27686E+03  0.38451E+03 -0.33016E+03 -0.16850E+03 -0.10808E+03      298.00
  0.32244E-01  0.89741E+03   -0.26000E-01 -0.26000E-01  0.52000E-01  0.00000E+00  0.00000E+00  0.00000E+00   -0.10846E+03 -0.27731E+03  0.38578E+03 -0.33108E+03 -0.16825E+03 -0.10855E+03      298.00
  0.32566E-01  0.89953E+03   -0.26250E-01 -0.26250E-01  0.52500E-01  0.00000E+00  0.00000E+00  0.00000E+00   -0.10930E+03 -0.27770E+03  0.38700E+03 -0.33197E+03 -0.16797E+03 -0.10901E+03      298.00
  0.32889E-01  0.90170E+03   -0.26500E-01 -0.26500E-01  0.53000E-01  0.00000E+00  0.00000E+00  0.00000E+00   -0.11012E+03 -0.27813E+03  0.38825E+03 -0.33287E+03 -0.16770E+03 -0.10949E+03      298.00
  0.33212E-01  0.90391E+03   -0.26750E-01 -0.26750E-01  0.53500E-01  0.00000E+00  0.00000E+00  0.00000E+00   -0.11093E+03 -0.27858E+03  0.38951E+03 -0.33377E+03 -0.16746E+03 -0.10997E+03      298.00
  0.33535E-01  0.90612E+03   -0.27000E-01 -0.27000E-01  0.54000E-01  0.00000E+00  0.00000E+00  0.00000E+00   -0.11166E+03 -0.27911E+03  0.39078E+03 -0.33463E+03 -0.16727E+03 -0.11042E+03      298.00
  0.33858E-01  0.90817E+03   -0.27250E-01 -0.27250E-01  0.54500E-01  0.00000E+00  0.00000E+00  0.00000E+00   -0.11240E+03 -0.27959E+03  0.39199E+03 -0.33542E+03 -0.16702E+03 -0.11087E+03      298.00
  0.34182E-01  0.91033E+03   -0.27500E-01 -0.27500E-01  0.55000E-01  0.00000E+00  0.00000E+00  0.00000E+00   -0.11316E+03 -0.28007E+03  0.39324E+03 -0.33626E+03 -0.16681E+03 -0.11132E+03      298.00
  0.34506E-01  0.91237E+03   -0.27750E-01 -0.27750E-01  0.55500E-01  0.00000E+00  0.00000E+00  0.00000E+00   -0.11387E+03 -0.28058E+03  0.39445E+03 -0.33702E+03 -0.16662E+03 -0.11175E+03      298.00
  0.34830E-01  0.91432E+03   -0.28000E-01 -0.28000E-01  0.56000E-01  0.00000E+00  0.00000E+00  0.00000E+00   -0.11459E+03 -0.28103E+03  0.39562E+03 -0.33776E+03 -0.16637E+03 -0.11218E+03      298.00
  0.35155E-01  0.91624E+03   -0.28250E-01 -0.28250E-01  0.56500E-01  0.00000E+00  0.00000E+00  0.00000E+00   -0.11528E+03 -0.28149E+03  0.39678E+03 -0.33847E+03 -0.16619E+03 -0.11257E+03      298.00
  0.35479E-01  0.91813E+03   -0.28500E-01 -0.28500E-01  0.57000E-01  0.00000E+00  0.00000E+00  0.00000E+00   -0.11593E+03 -0.28201E+03  0.39794E+03 -0.33912E+03 -0.16600E+03 -0.11298E+03      298.00
  0.35805E-01  0.92045E+03   -0.28750E-01 -0.28750E-01  0.57500E-01  0.00000E+00  0.00000E+00  0.00000E+00   -0.11663E+03 -0.28263E+03  0.39926E+03 -0.33998E+03 -0.16587E+03 -0.11343E+03      298.00
  0.36130E-01  0.92229E+03   -0.29000E-01 -0.29000E-01  0.58000E-01  0.00000E+00  0.00000E+00  0.00000E+00   -0.11726E+03 -0.28313E+03  0.40039E+03 -0.34060E+03 -0.16571E+03 -0.11382E+03      298.00
  0.36455E-01  0.92394E+03   -0.29250E-01 -0.29250E-01  0.58500E-01  0.00000E+00  0.00000E+00  0.00000E+00   -0.11784E+03 -0.28363E+03  0.40147E+03 -0.34114E+03 -0.16550E+03 -0.11418E+03      298.00
  0.36781E-01  0.92609E+03   -0.29500E-01 -0.29500E-01  0.59000E-01  0.00000E+00  0.00000E+00  0.00000E+00   -0.11846E+03 -0.28426E+03  0.40272E+03 -0.34187E+03 -0.16545E+03 -0.11459E+03      298.00
  0.37107E-01  0.92755E+03   -0.29750E-01 -0.29750E-01  0.59500E-01  0.00000E+00  0.00000E+00  0.00000E+00   -0.11907E+03 -0.28465E+03  0.40372E+03 -0.34232E+03 -0.16519E+03 -0.11494E+03      298.00
  0.37434E-01  0.92938E+03   -0.30000E-01 -0.30000E-01  0.60000E-01  0.00000E+00  0.00000E+00  0.00000E+00   -0.11960E+03 -0.28526E+03  0.40486E+03 -0.34288E+03 -0.16511E+03 -0.11529E+03      298.00
  0.37761E-01  0.93122E+03   -0.30250E-01 -0.30250E-01  0.60500E-01  0.00000E+00  0.00000E+00  0.00000E+00   -0.12023E+03 -0.28577E+03  0.40601E+03 -0.34349E+03 -0.16495E+03 -0.11570E+03      298.00
  0.38088E-01  0.93318E+03   -0.30500E-01 -0.30500E-01  0.61000E-01  0.00000E+00  0.00000E+00  0.00000E+00   -0.12077E+03 -0.28644E+03  0.40721E+03 -0.34409E+03 -0.16487E+03 -0.11607E+03      298.00
  0.38415E-01  0.93481E+03   -0.30750E-01 -0.30750E-01  0.61500E-01  0.00000E+00  0.00000E+00  0.00000E+00   -0.12132E+03 -0.28694E+03  0.40827E+03 -0.34457E+03 -0.16474E+03 -0.11642E+03      298.00
  0.38742E-01  0.93658E+03   -0.31000E-01 -0.31000E-01  0.62000E-01  0.00000E+00  0.00000E+00  0.00000E+00   -0.12190E+03 -0.28749E+03  0.40939E+03 -0.34511E+03 -0.16462E+03 -0.11680E+03      298.00
  0.39070E-01  0.93833E+03   -0.31250E-01 -0.31250E-01  0.62500E-01  0.00000E+00  0.00000E+00  0.00000E+00   -0.12243E+03 -0.28808E+03  0.41051E+03 -0.34562E+03 -0.16452E+03 -0.11715E+03      298.00
  0.39398E-01  0.94005E+03   -0.31500E-01 -0.31500E-01  0.63000E-01  0.00000E+00  0.00000E+00  0.00000E+00   -0.12293E+03 -0.28868E+03  0.41161E+03 -0.34610E+03 -0.16444E+03 -0.11750E+03      298.00
  0.39727E-01  0.94175E+03   -0.31750E-01 -0.31750E-01  0.63500E-01  0.00000E+00  0.00000E+00  0.00000E+00   -0.12342E+03 -0.28929E+03  0.41271E+03 -0.34656E+03 -0.16437E+03 -0.11783E+03      298.00
  0.40055E-01  0.94356E+03   -0.32000E-01 -0.32000E-01  0.64000E-01  0.00000E+00  0.00000E+00  0.00000E+00   -0.12399E+03 -0.28985E+03  0.41385E+03 -0.34709E+03 -0.16429E+03 -0.11822E+03      298.00
  0.40384E-01  0.94523E+03   -0.32250E-01 -0.32250E-01  0.64500E-01  0.00000E+00  0.00000E+00  0.00000E+00   -0.12447E+03 -0.29047E+03  0.41494E+03 -0.34753E+03 -0.16422E+03 -0.11854E+03      298.00
  0.40714E-01  0.94688E+03   -0.32500E-01 -0.32500E-01  0.65000E-01  0.00000E+00  0.00000E+00  0.00000E+00   -0.12493E+03 -0.29109E+03  0.41602E+03 -0.34796E+03 -0.16416E+03 -0.11886E+03      298.00
  0.41043E-01  0.94850E+03   -0.32750E-01 -0.32750E-01  0.65500E-01  0.00000E+00  0.00000E+00  0.00000E+00   -0.12539E+03 -0.29171E+03  0.41710E+03 -0.34837E+03 -0.16409E+03 -0.11918E+03      298.00
  0.41373E-01  0.95041E+03   -0.33000E-01 -0.33000E-01  0.66000E-01  0.00000E+00  0.00000E+00  0.00000E+00   -0.12595E+03 -0.29233E+03  0.41828E+03 -0.34893E+03 -0.16404E+03 -0.11958E+03      298.00
  0.41703E-01  0.95200E+03   -0.33250E-01 -0.33250E-01  0.66500E-01  0.00000E+00  0.00000E+00  0.00000E+00   -0.12641E+03 -0.29294E+03  0.41934E+03 -0.34932E+03 -0.16397E+03 -0.11989E+03      298.00
  0.42033E-01  0.95357E+03   -0.33500E-01 -0.33500E-01  0.67000E-01  0.00000E+00  0.00000E+00  0.00000E+00   -0.12685E+03 -0.29355E+03  0.42040E+03 -0.34969E+03 -0.16391E+03 -0.12020E+03      298.00
  0.42364E-01  0.95512E+03   -0.33750E-01 -0.33750E-01  0.67500E-01  0.00000E+00  0.00000E+00  0.00000E+00   -0.12729E+03 -0.29416E+03  0.42145E+03 -0.35006E+03 -0.16384E+03 -0.12051E+03      298.00
  0.42695E-01  0.95665E+03   -0.34000E-01 -0.34000E-01  0.68000E-01  0.00000E+00  0.00000E+00  0.00000E+00   -0.12773E+03 -0.29477E+03  0.42250E+03 -0.35041E+03 -0.16378E+03 -0.12081E+03      298.00
  0.43026E-01  0.95817E+03   -0.34250E-01 -0.34250E-01  0.68500E-01  0.00000E+00  0.00000E+00  0.00000E+00   -0.12816E+03 -0.29538E+03  0.42354E+03 -0.35076E+03 -0.16372E+03 -0.12111E+03      298.00
  0.43358E-01  0.95988E+03   -0.34500E-01 -0.34500E-01  0.69000E-01  0.00000E+00  0.00000E+00  0.00000E+00   -0.12868E+03 -0.29597E+03  0.42465E+03 -0.35121E+03 -0.16361E+03 -0.12147E+03      298.00
  0.43690E-01  0.96137E+03   -0.34750E-01 -0.34750E-01  0.69500E-01  0.00000E+00  0.00000E+00  0.00000E+00   -0.12912E+03 -0.29657E+03  0.42568E+03 -0.35154E+03 -0.16355E+03 -0.12177E+03      298.00
  0.44022E-01  0.96283E+03   -0.35000E-01 -0.35000E-01  0.70000E-01  0.00000E+00  0.00000E+00  0.00000E+00   -0.12954E+03 -0.29717E+03  0.42671E+03 -0.35186E+03 -0.16348E+03 -0.12207E+03      298.00
  0.44354E-01  0.96428E+03   -0.35250E-01 -0.35250E-01  0.70500E-01  0.00000E+00  0.00000E+00  0.00000E+00   -0.12996E+03 -0.29777E+03  0.42773E+03 -0.35216E+03 -0.16341E+03 -0.12236E+03      298.00
  0.44687E-01  0.96571E+03   -0.35500E-01 -0.35500E-01  0.71000E-01  0.00000E+00  0.00000E+00  0.00000E+00   -0.13037E+03 -0.29837E+03  0.42874E+03 -0.35245E+03 -0.16335E+03 -0.12264E+03      298.00
  0.45020E-01  0.96712E+03   -0.35750E-01 -0.35750E-01  0.71500E-01  0.00000E+00  0.00000E+00  0.00000E+00   -0.13078E+03 -0.29896E+03  0.42974E+03 -0.35274E+03 -0.16328E+03 -0.12293E+03      298.00
  0.45353E-01  0.96852E+03   -0.36000E-01 -0.36000E-01  0.72000E-01  0.00000E+00  0.00000E+00  0.00000E+00   -0.13118E+03 -0.29956E+03  0.43074E+03 -0.35301E+03 -0.16320E+03 -0.12321E+03      298.00
  0.45687E-01  0.96990E+03   -0.36250E-01 -0.36250E-01  0.72500E-01  0.00000E+00  0.00000E+00  0.00000E+00   -0.13158E+03 -0.30016E+03  0.43174E+03 -0.35328E+03 -0.16313E+03 -0.12348E+03      298.00
  0.46020E-01  0.97127E+03   -0.36500E-01 -0.36500E-01  0.73000E-01  0.00000E+00  0.00000E+00  0.00000E+00   -0.13198E+03 -0.30075E+03  0.43273E+03 -0.35353E+03 -0.16306E+03 -0.12376E+03      298.00
  0.46355E-01  0.97250E+03   -0.36750E-01 -0.36750E-01  0.73500E-01  0.00000E+00  0.00000E+00  0.00000E+00   -0.13246E+03 -0.30121E+03  0.43367E+03 -0.35379E+03 -0.16286E+03 -0.12405E+03      298.00
  0.46689E-01  0.97385E+03   -0.37000E-01 -0.37000E-01  0.74000E-01  0.00000E+00  0.00000E+00  0.00000E+00   -0.13285E+03 -0.30181E+03  0.43466E+03 -0.35403E+03 -0.16280E+03 -0.12432E+03      298.00
  0.47024E-01  0.97517E+03   -0.37250E-01 -0.37250E-01  0.74500E-01  0.00000E+00  0.00000E+00  0.00000E+00   -0.13325E+03 -0.30238E+03  0.43563E+03 -0.35426E+03 -0.16272E+03 -0.12460E+03      298.00
  0.47359E-01  0.97603E+03   -0.37500E-01 -0.37500E-01  0.75000E-01  0.00000E+00  0.00000E+00  0.00000E+00   -0.13364E+03 -0.30278E+03  0.43643E+03 -0.35433E+03 -0.16252E+03 -0.12482E+03      298.00
          Evm          Svm            E11          E22          E33          E23          E13          E12         SDEV11       SDEV22       SDEV33       SDEV23       SDEV13       SDEV12      TEMP
  0.47359E-01  0.97618E+03   -0.37500E-01 -0.37500E-01  0.75000E-01  0.00000E+00  0.00000E+00  0.00000E+00   -0.13327E+03 -0.30322E+03  0.43650E+03 -0.35424E+03 -0.16282E+03 -0.12462E+03      298.00
  0.47694E-01  0.97733E+03   -0.37750E-01 -0.37750E-01  0.75500E-01  0.00000E+00  0.00000E+00  0.00000E+00   -0.13398E+03 -0.30341E+03  0.43740E+03 -0.35453E+03 -0.16247E+03 -0.12505E+03      298.00
  0.48030E-01  0.97858E+03   -0.38000E-01 -0.38000E-01  0.76000E-01  0.00000E+00  0.00000E+00  0.00000E+00   -0.13442E+03 -0.30392E+03  0.43835E+03 -0.35476E+03 -0.16234E+03 -0.12533E+03      298.00
  0.48366E-01  0.98031E+03   -0.38250E-01 -0.38250E-01  0.76500E-01  0.00000E+00  0.00000E+00  0.00000E+00   -0.13476E+03 -0.30473E+03  0.43949E+03 -0.35509E+03 -0.16242E+03 -0.12563E+03      298.00
  0.48702E-01  0.98165E+03   -0.38500E-01 -0.38500E-01  0.77000E-01  0.00000E+00  0.00000E+00  0.00000E+00   -0.13518E+03 -0.30528E+03  0.44047E+03 -0.35533E+03 -0.16235E+03 -0.12591E+03      298.00
  0.49039E-01  0.98285E+03   -0.38750E-01 -0.38750E-01  0.77500E-01  0.00000E+00  0.00000E+00  0.00000E+00   -0.13556E+03 -0.30584E+03  0.44140E+03 -0.35550E+03 -0.16226E+03 -0.12616E+03      298.00
  0.49375E-01  0.98407E+03   -0.39000E-01 -0.39000E-01  0.78000E-01  0.00000E+00  0.00000E+00  0.00000E+00   -0.13591E+03 -0.30643E+03  0.44234E+03 -0.35567E+03 -0.16218E+03 -0.12640E+03      298.00
  0.49712E-01  0.98517E+03   -0.39250E-01 -0.39250E-01  0.78500E-01  0.00000E+00  0.00000E+00  0.00000E+00   -0.13636E+03 -0.30687E+03  0.44323E+03 -0.35583E+03 -0.16200E+03 -0.12669E+03      298.00
  0.50050E-01  0.98650E+03   -0.39500E-01 -0.39500E-01  0.79000E-01  0.00000E+00  0.00000E+00  0.00000E+00   -0.13668E+03 -0.30754E+03  0.44422E+03 -0.35602E+03 -0.16198E+03 -0.12692E+03      298.00
  0.50388E-01  0.98765E+03   -0.39750E-01 -0.39750E-01  0.79500E-01  0.00000E+00  0.00000E+00  0.00000E+00   -0.13704E+03 -0.30810E+03  0.44514E+03 -0.35616E+03 -0.16189E+03 -0.12715E+03      298.00
  0.50726E-01  0.98870E+03   -0.40000E-01 -0.40000E-01  0.80000E-01  0.00000E+00  0.00000E+00  0.00000E+00   -0.13748E+03 -0.30854E+03  0.44602E+03 -0.35628E+03 -0.16172E+03 -0.12744E+03      298.00
  0.51064E-01  0.98947E+03   -0.40250E-01 -0.40250E-01  0.80500E-01  0.00000E+00  0.00000E+00  0.00000E+00   -0.13786E+03 -0.30892E+03  0.44678E+03 -0.35629E+03 -0.16154E+03 -0.12765E+03      298.00
  0.51403E-01  0.99099E+03   -0.40500E-01 -0.40500E-01  0.81000E-01  0.00000E+00  0.00000E+00  0.00000E+00   -0.13812E+03 -0.30973E+03  0.44785E+03 -0.35653E+03 -0.16157E+03 -0.12787E+03      298.00
  0.51742E-01  0.99175E+03   -0.40750E-01 -0.40750E-01  0.81500E-01  0.00000E+00  0.00000E+00  0.00000E+00   -0.13857E+03 -0.31004E+03  0.44860E+03 -0.35657E+03 -0.16132E+03 -0.12809E+03      298.00
  0.52081E-01  0.99285E+03   -0.41000E-01 -0.41000E-01  0.82000E-01  0.00000E+00  0.00000E+00  0.00000E+00   -0.13891E+03 -0.31059E+03  0.44950E+03 -0.35668E+03 -0.16122E+03 -0.12831E+03      298.00
  0.52420E-01  0.99395E+03   -0.41250E-01 -0.41250E-01  0.82500E-01  0.00000E+00  0.00000E+00  0.00000E+00   -0.13924E+03 -0.31116E+03  0.45040E+03 -0.35679E+03 -0.16112E+03 -0.12851E+03      298.00
  0.52760E-01  0.99504E+03   -0.41500E-01 -0.41500E-01  0.83000E-01  0.00000E+00  0.00000E+00  0.00000E+00   -0.13958E+03 -0.31172E+03  0.45130E+03 -0.35689E+03 -0.16103E+03 -0.12873E+03      298.00
  0.53100E-01  0.99611E+03   -0.41750E-01 -0.41750E-01  0.83500E-01  0.00000E+00  0.00000E+00  0.00000E+00   -0.13992E+03 -0.31226E+03  0.45219E+03 -0.35699E+03 -0.16092E+03 -0.12895E+03      298.00
  0.53441E-01  0.99718E+03   -0.42000E-01 -0.42000E-01  0.84000E-01  0.00000E+00  0.00000E+00  0.00000E+00   -0.14027E+03 -0.31280E+03  0.45307E+03 -0.35708E+03 -0.16082E+03 -0.12917E+03      298.00
  0.53782E-01  0.99823E+03   -0.42250E-01 -0.42250E-01  0.84500E-01  0.00000E+00  0.00000E+00  0.00000E+00   -0.14062E+03 -0.31333E+03  0.45396E+03 -0.35717E+03 -0.16071E+03 -0.12940E+03      298.00
  0.54123E-01  0.99927E+03   -0.42500E-01 -0.42500E-01  0.85000E-01  0.00000E+00  0.00000E+00  0.00000E+00   -0.14097E+03 -0.31386E+03  0.45483E+03 -0.35725E+03 -0.16059E+03 -0.12962E+03      298.00
  0.54464E-01  0.10003E+04   -0.42750E-01 -0.42750E-01  0.85500E-01  0.00000E+00  0.00000E+00  0.00000E+00   -0.14133E+03 -0.31438E+03  0.45571E+03 -0.35732E+03 -0.16048E+03 -0.12985E+03      298.00
  0.54806E-01  0.10013E+04   -0.43000E-01 -0.43000E-01  0.86000E-01  0.00000E+00  0.00000E+00  0.00000E+00   -0.14168E+03 -0.31490E+03  0.45658E+03 -0.35739E+03 -0.16036E+03 -0.13007E+03      298.00
  0.55148E-01  0.10023E+04   -0.43250E-01 -0.43250E-01  0.86500E-01  0.00000E+00  0.00000E+00  0.00000E+00   -0.14203E+03 -0.31542E+03  0.45745E+03 -0.35745E+03 -0.16024E+03 -0.13029E+03      298.00
  0.55490E-01  0.10033E+04   -0.43500E-01 -0.43500E-01  0.87000E-01  0.00000E+00  0.00000E+00  0.00000E+00   -0.14238E+03 -0.31593E+03  0.45831E+03 -0.35751E+03 -0.16012E+03 -0.13051E+03      298.00
  0.55833E-01  0.10043E+04   -0.43750E-01 -0.43750E-01  0.87500E-01  0.00000E+00  0.00000E+00  0.00000E+00   -0.14272E+03 -0.31644E+03  0.45917E+03 -0.35756E+03 -0.15999E+03 -0.13073E+03      298.00
  0.56176E-01  0.10053E+04   -0.44000E-01 -0.44000E-01  0.88000E-01  0.00000E+00  0.00000E+00  0.00000E+00   -0.14307E+03 -0.31695E+03  0.46002E+03 -0.35761E+03 -0.15987E+03 -0.13094E+03      298.00
  0.56519E-01  0.10062E+04   -0.44250E-01 -0.44250E-01  0.88500E-01  0.00000E+00  0.00000E+00  0.00000E+00   -0.14341E+03 -0.31746E+03  0.46087E+03 -0.35765E+03 -0.15974E+03 -0.13116E+03      298.00
  0.56862E-01  0.10069E+04   -0.44500E-01 -0.44500E-01  0.89000E-01  0.00000E+00  0.00000E+00  0.00000E+00   -0.14382E+03 -0.31778E+03  0.46160E+03 -0.35765E+03 -0.15950E+03 -0.13134E+03      298.00
  0.57206E-01  0.10081E+04   -0.44750E-01 -0.44750E-01  0.89500E-01  0.00000E+00  0.00000E+00  0.00000E+00   -0.14411E+03 -0.31846E+03  0.46257E+03 -0.35772E+03 -0.15947E+03 -0.13158E+03      298.00
  0.57550E-01  0.10088E+04   -0.45000E-01 -0.45000E-01  0.90000E-01  0.00000E+00  0.00000E+00  0.00000E+00   -0.14450E+03 -0.31879E+03  0.46329E+03 -0.35770E+03 -0.15925E+03 -0.13175E+03      298.00
  0.57895E-01  0.10098E+04   -0.45250E-01 -0.45250E-01  0.90500E-01  0.00000E+00  0.00000E+00  0.00000E+00   -0.14484E+03 -0.31929E+03  0.46413E+03 -0.35772E+03 -0.15911E+03 -0.13196E+03      298.00
  0.58239E-01  0.10107E+04   -0.45500E-01 -0.45500E-01  0.91000E-01  0.00000E+00  0.00000E+00  0.00000E+00   -0.14517E+03 -0.31979E+03  0.46496E+03 -0.35773E+03 -0.15898E+03 -0.13216E+03      298.00
  0.58584E-01  0.10116E+04   -0.45750E-01 -0.45750E-01  0.91500E-01  0.00000E+00  0.00000E+00  0.00000E+00   -0.14550E+03 -0.32030E+03  0.46579E+03 -0.35774E+03 -0.15885E+03 -0.13236E+03      298.00
  0.58930E-01  0.10125E+04   -0.46000E-01 -0.46000E-01  0.92000E-01  0.00000E+00  0.00000E+00  0.00000E+00   -0.14582E+03 -0.32080E+03  0.46662E+03 -0.35774E+03 -0.15872E+03 -0.13255E+03      298.00
  0.59275E-01  0.10133E+04   -0.46250E-01 -0.46250E-01  0.92500E-01  0.00000E+00  0.00000E+00  0.00000E+00   -0.14615E+03 -0.32130E+03  0.46744E+03 -0.35773E+03 -0.15858E+03 -0.13274E+03      298.00
  0.59621E-01  0.10142E+04   -0.46500E-01 -0.46500E-01  0.93000E-01  0.00000E+00  0.00000E+00  0.00000E+00   -0.14647E+03 -0.32179E+03  0.46826E+03 -0.35772E+03 -0.15844E+03 -0.13293E+03      298.00
  0.59968E-01  0.10151E+04   -0.46750E-01 -0.46750E-01  0.93500E-01  0.00000E+00  0.00000E+00  0.00000E+00   -0.14679E+03 -0.32228E+03  0.46908E+03 -0.35770E+03 -0.15830E+03 -0.13312E+03      298.00
  0.60314E-01  0.10159E+04   -0.47000E-01 -0.47000E-01  0.94000E-01  0.00000E+00  0.00000E+00  0.00000E+00   -0.14712E+03 -0.32277E+03  0.46989E+03 -0.35768E+03 -0.15816E+03 -0.13332E+03      298.00
  0.60661E-01  0.10168E+04   -0.47250E-01 -0.47250E-01  0.94500E-01  0.00000E+00  0.00000E+00  0.00000E+00   -0.14744E+03 -0.32326E+03  0.47070E+03 -0.35766E+03 -0.15802E+03 -0.13351E+03      298.00
  0.61008E-01  0.10176E+04   -0.47500E-01 -0.47500E-01  0.95000E-01  0.00000E+00  0.00000E+00  0.00000E+00   -0.14777E+03 -0.32374E+03  0.47150E+03 -0.35763E+03 -0.15787E+03 -0.13370E+03      298.00
  0.61356E-01  0.10184E+04   -0.47750E-01 -0.47750E-01  0.95500E-01  0.00000E+00  0.00000E+00  0.00000E+00   -0.14809E+03 -0.32421E+03  0.47231E+03 -0.35759E+03 -0.15772E+03 -0.13389E+03      298.00
  0.61704E-01  0.10192E+04   -0.48000E-01 -0.48000E-01  0.96000E-01  0.00000E+00  0.00000E+00  0.00000E+00   -0.14842E+03 -0.32468E+03  0.47311E+03 -0.35756E+03 -0.15756E+03 -0.13408E+03      298.00
  0.62052E-01  0.10201E+04   -0.48250E-01 -0.48250E-01  0.96500E-01  0.00000E+00  0.00000E+00  0.00000E+00   -0.14875E+03 -0.32515E+03  0.47390E+03 -0.35752E+03 -0.15741E+03 -0.13427E+03      298.00
  0.62400E-01  0.10209E+04   -0.48500E-01 -0.48500E-01  0.97000E-01  0.00000E+00  0.00000E+00  0.00000E+00   -0.14909E+03 -0.32561E+03  0.47469E+03 -0.35747E+03 -0.15724E+03 -0.13446E+03      298.00
  0.62749E-01  0.10216E+04   -0.48750E-01 -0.48750E-01  0.97500E-01  0.00000E+00  0.00000E+00  0.00000E+00   -0.14942E+03 -0.32606E+03  0.47548E+03 -0.35742E+03 -0.15708E+03 -0.13466E+03      298.00
  0.63098E-01  0.10224E+04   -0.49000E-01 -0.49000E-01  0.98000E-01  0.00000E+00  0.00000E+00  0.00000E+00   -0.14976E+03 -0.32651E+03  0.47627E+03 -0.35737E+03 -0.15691E+03 -0.13486E+03      298.00
  0.63447E-01  0.10232E+04   -0.49250E-01 -0.49250E-01  0.98500E-01  0.00000E+00  0.00000E+00  0.00000E+00   -0.15010E+03 -0.32695E+03  0.47705E+03 -0.35731E+03 -0.15674E+03 -0.13506E+03      298.00
  0.63797E-01  0.10240E+04   -0.49500E-01 -0.49500E-01  0.99000E-01  0.00000E+00  0.00000E+00  0.00000E+00   -0.15044E+03 -0.32739E+03  0.47783E+03 -0.35725E+03 -0.15657E+03 -0.13526E+03      298.00
  0.64147E-01  0.10247E+04   -0.49750E-01 -0.49750E-01  0.99500E-01  0.00000E+00  0.00000E+00  0.00000E+00   -0.15078E+03 -0.32783E+03  0.47861E+03 -0.35718E+03 -0.15640E+03 -0.13545E+03      298.00
  0.64497E-01  0.10257E+04   -0.50000E-01 -0.50000E-01  0.10000E+00  0.00000E+00  0.00000E+00  0.00000E+00   -0.15098E+03 -0.32850E+03  0.47948E+03 -0.35710E+03 -0.15633E+03 -0.13561E+03      298.00
          Evm          Svm            E11          E22          E33          E23          E13          E12         SDEV11       SDEV22       SDEV33       SDEV23       SDEV13       SDEV12      TEMP
  0.64497E-01  0.10257E+04   -0.50000E-01 -0.50000E-01  0.10000E+00  0.00000E+00  0.00000E+00  0.00000E+00   -0.15068E+03 -0.32884E+03  0.47952E+03 -0.35701E+03 -0.15656E+03 -0.13546E+03      298.00
  0.64848E-01  0.10262E+04   -0.50250E-01 -0.50250E-01  0.10050E+00  0.00000E+00  0.00000E+00  0.00000E+00   -0.15136E+03 -0.32880E+03  0.48016E+03 -0.35700E+03 -0.15611E+03 -0.13578E+03      298.00
  0.65199E-01  0.10269E+04   -0.50500E-01 -0.50500E-01  0.10100E+00  0.00000E+00  0.00000E+00  0.00000E+00   -0.15172E+03 -0.32920E+03  0.48092E+03 -0.35693E+03 -0.15591E+03 -0.13598E+03      298.00
  0.65550E-01  0.10277E+04   -0.50750E-01 -0.50750E-01  0.10150E+00  0.00000E+00  0.00000E+00  0.00000E+00   -0.15203E+03 -0.32965E+03  0.48168E+03 -0.35683E+03 -0.15574E+03 -0.13616E+03      298.00
  0.65902E-01  0.10284E+04   -0.51000E-01 -0.51000E-01  0.10200E+00  0.00000E+00  0.00000E+00  0.00000E+00   -0.15234E+03 -0.33010E+03  0.48244E+03 -0.35674E+03 -0.15557E+03 -0.13632E+03      298.00
  0.66254E-01  0.10291E+04   -0.51250E-01 -0.51250E-01  0.10250E+00  0.00000E+00  0.00000E+00  0.00000E+00   -0.15265E+03 -0.33055E+03  0.48320E+03 -0.35664E+03 -0.15540E+03 -0.13649E+03      298.00
  0.66606E-01  0.10298E+04   -0.51500E-01 -0.51500E-01  0.10300E+00  0.00000E+00  0.00000E+00  0.00000E+00   -0.15298E+03 -0.33098E+03  0.48396E+03 -0.35654E+03 -0.15522E+03 -0.13667E+03      298.00
  0.66958E-01  0.10305E+04   -0.51750E-01 -0.51750E-01  0.10350E+00  0.00000E+00  0.00000E+00  0.00000E+00   -0.15330E+03 -0.33141E+03  0.48471E+03 -0.35644E+03 -0.15503E+03 -0.13684E+03      298.00
  0.67311E-01  0.10313E+04   -0.52000E-01 -0.52000E-01  0.10400E+00  0.00000E+00  0.00000E+00  0.00000E+00   -0.15351E+03 -0.33204E+03  0.48555E+03 -0.35634E+03 -0.15492E+03 -0.13699E+03      298.00
  0.67664E-01  0.10318E+04   -0.52250E-01 -0.52250E-01  0.10450E+00  0.00000E+00  0.00000E+00  0.00000E+00   -0.15390E+03 -0.33230E+03  0.48620E+03 -0.35621E+03 -0.15468E+03 -0.13716E+03      298.00
  0.68017E-01  0.10325E+04   -0.52500E-01 -0.52500E-01  0.10500E+00  0.00000E+00  0.00000E+00  0.00000E+00   -0.15422E+03 -0.33273E+03  0.48695E+03 -0.35610E+03 -0.15449E+03 -0.13733E+03      298.00
  0.68371E-01  0.10331E+04   -0.52750E-01 -0.52750E-01  0.10550E+00  0.00000E+00  0.00000E+00  0.00000E+00   -0.15452E+03 -0.33317E+03  0.48770E+03 -0.35598E+03 -0.15431E+03 -0.13748E+03      298.00
  0.68725E-01  0.10338E+04   -0.53000E-01 -0.53000E-01  0.10600E+00  0.00000E+00  0.00000E+00  0.00000E+00   -0.15481E+03 -0.33363E+03  0.48844E+03 -0.35585E+03 -0.15413E+03 -0.13762E+03      298.00
  0.69080E-01  0.10345E+04   -0.53250E-01 -0.53250E-01  0.10650E+00  0.00000E+00  0.00000E+00  0.00000E+00   -0.15509E+03 -0.33409E+03  0.48918E+03 -0.35572E+03 -0.15396E+03 -0.13776E+03      298.00
  0.69434E-01  0.10351E+04   -0.53500E-01 -0.53500E-01  0.10700E+00  0.00000E+00  0.00000E+00  0.00000E+00   -0.15538E+03 -0.33454E+03  0.48992E+03 -0.35559E+03 -0.15378E+03 -0.13790E+03      298.00
  0.69789E-01  0.10357E+04   -0.53750E-01 -0.53750E-01  0.10750E+00  0.00000E+00  0.00000E+00  0.00000E+00   -0.15568E+03 -0.33497E+03  0.49065E+03 -0.35546E+03 -0.15359E+03 -0.13806E+03      298.00
  0.70145E-01  0.10364E+04   -0.54000E-01 -0.54000E-01  0.10800E+00  0.00000E+00  0.00000E+00  0.00000E+00   -0.15599E+03 -0.33539E+03  0.49138E+03 -0.35533E+03 -0.15339E+03 -0.13822E+03      298.00
  0.70500E-01  0.10370E+04   -0.54250E-01 -0.54250E-01  0.10850E+00  0.00000E+00  0.00000E+00  0.00000E+00   -0.15632E+03 -0.33579E+03  0.49211E+03 -0.35519E+03 -0.15318E+03 -0.13839E+03      298.00
  0.70856E-01  0.10376E+04   -0.54500E-01 -0.54500E-01  0.10900E+00  0.00000E+00  0.00000E+00  0.00000E+00   -0.15664E+03 -0.33619E+03  0.49283E+03 -0.35505E+03 -0.15298E+03 -0.13856E+03      298.00
  0.71212E-01  0.10382E+04   -0.54750E-01 -0.54750E-01  0.10950E+00  0.00000E+00  0.00000E+00  0.00000E+00   -0.15695E+03 -0.33661E+03  0.49356E+03 -0.35490E+03 -0.15278E+03 -0.13872E+03      298.00
  0.71569E-01  0.10388E+04   -0.55000E-01 -0.55000E-01  0.11000E+00  0.00000E+00  0.00000E+00  0.00000E+00   -0.15724E+03 -0.33703E+03  0.49427E+03 -0.35474E+03 -0.15259E+03 -0.13887E+03      298.00
  0.71926E-01  0.10394E+04   -0.55250E-01 -0.55250E-01  0.11050E+00  0.00000E+00  0.00000E+00  0.00000E+00   -0.15752E+03 -0.33747E+03  0.49499E+03 -0.35457E+03 -0.15241E+03 -0.13900E+03      298.00
  0.72283E-01  0.10400E+04   -0.55500E-01 -0.55500E-01  0.11100E+00  0.00000E+00  0.00000E+00  0.00000E+00   -0.15780E+03 -0.33791E+03  0.49570E+03 -0.35440E+03 -0.15223E+03 -0.13914E+03      298.00
  0.72640E-01  0.10406E+04   -0.55750E-01 -0.55750E-01  0.11150E+00  0.00000E+00  0.00000E+00  0.00000E+00   -0.15818E+03 -0.33825E+03  0.49643E+03 -0.35427E+03 -0.15200E+03 -0.13936E+03      298.00
  0.72998E-01  0.10412E+04   -0.56000E-01 -0.56000E-01  0.11200E+00  0.00000E+00  0.00000E+00  0.00000E+00   -0.15848E+03 -0.33867E+03  0.49714E+03 -0.35410E+03 -0.15180E+03 -0.13951E+03      298.00
  0.73356E-01  0.10418E+04   -0.56250E-01 -0.56250E-01  0.11250E+00  0.00000E+00  0.00000E+00  0.00000E+00   -0.15876E+03 -0.33909E+03  0.49785E+03 -0.35392E+03 -0.15160E+03 -0.13965E+03      298.00
  0.73715E-01  0.10423E+04   -0.56500E-01 -0.56500E-01  0.11300E+00  0.00000E+00  0.00000E+00  0.00000E+00   -0.15903E+03 -0.33953E+03  0.49856E+03 -0.35374E+03 -0.15141E+03 -0.13977E+03      298.00
  0.74073E-01  0.10429E+04   -0.56750E-01 -0.56750E-01  0.11350E+00  0.00000E+00  0.00000E+00  0.00000E+00   -0.15932E+03 -0.33994E+03  0.49926E+03 -0.35356E+03 -0.15121E+03 -0.13992E+03      298.00
  0.74432E-01  0.10435E+04   -0.57000E-01 -0.57000E-01  0.11400E+00  0.00000E+00  0.00000E+00  0.00000E+00   -0.15964E+03 -0.34033E+03  0.49997E+03 -0.35339E+03 -0.15099E+03 -0.14008E+03      298.00
  0.74792E-01  0.10440E+04   -0.57250E-01 -0.57250E-01  0.11450E+00  0.00000E+00  0.00000E+00  0.00000E+00   -0.15997E+03 -0.34070E+03  0.50067E+03 -0.35321E+03 -0.15077E+03 -0.14024E+03      298.00
  0.75151E-01  0.10446E+04   -0.57500E-01 -0.57500E-01  0.11500E+00  0.00000E+00  0.00000E+00  0.00000E+00   -0.16027E+03 -0.34109E+03  0.50136E+03 -0.35303E+03 -0.15055E+03 -0.14039E+03      298.00
  0.75511E-01  0.10451E+04   -0.57750E-01 -0.57750E-01  0.11550E+00  0.00000E+00  0.00000E+00  0.00000E+00   -0.16056E+03 -0.34150E+03  0.50206E+03 -0.35283E+03 -0.15035E+03 -0.14053E+03      298.00
  0.75872E-01  0.10456E+04   -0.58000E-01 -0.58000E-01  0.11600E+00  0.00000E+00  0.00000E+00  0.00000E+00   -0.16084E+03 -0.34191E+03  0.50275E+03 -0.35263E+03 -0.15014E+03 -0.14065E+03      298.00
  0.76232E-01  0.10461E+04   -0.58250E-01 -0.58250E-01  0.11650E+00  0.00000E+00  0.00000E+00  0.00000E+00   -0.16112E+03 -0.34232E+03  0.50344E+03 -0.35243E+03 -0.14994E+03 -0.14078E+03      298.00
  0.76593E-01  0.10467E+04   -0.58500E-01 -0.58500E-01  0.11700E+00  0.00000E+00  0.00000E+00  0.00000E+00   -0.16140E+03 -0.34273E+03  0.50413E+03 -0.35223E+03 -0.14973E+03 -0.14091E+03      298.00
  0.76954E-01  0.10472E+04   -0.58750E-01 -0.58750E-01  0.11750E+00  0.00000E+00  0.00000E+00  0.00000E+00   -0.16169E+03 -0.34313E+03  0.50481E+03 -0.35202E+03 -0.14952E+03 -0.14104E+03      298.00
  0.77316E-01  0.10477E+04   -0.59000E-01 -0.59000E-01  0.11800E+00  0.00000E+00  0.00000E+00  0.00000E+00   -0.16198E+03 -0.34352E+03  0.50550E+03 -0.35181E+03 -0.14930E+03 -0.14117E+03      298.00
  0.77678E-01  0.10482E+04   -0.59250E-01 -0.59250E-01  0.11850E+00  0.00000E+00  0.00000E+00  0.00000E+00   -0.16227E+03 -0.34391E+03  0.50618E+03 -0.35160E+03 -0.14908E+03 -0.14131E+03      298.00
  0.78040E-01  0.10487E+04   -0.59500E-01 -0.59500E-01  0.11900E+00  0.00000E+00  0.00000E+00  0.00000E+00   -0.16256E+03 -0.34429E+03  0.50686E+03 -0.35139E+03 -0.14886E+03 -0.14144E+03      298.00
  0.78403E-01  0.10492E+04   -0.59750E-01 -0.59750E-01  0.11950E+00  0.00000E+00  0.00000E+00  0.00000E+00   -0.16285E+03 -0.34468E+03  0.50753E+03 -0.35118E+03 -0.14864E+03 -0.14158E+03      298.00
  0.78765E-01  0.10497E+04   -0.60000E-01 -0.60000E-01  0.12000E+00  0.00000E+00  0.00000E+00  0.00000E+00   -0.16314E+03 -0.34507E+03  0.50821E+03 -0.35096E+03 -0.14842E+03 -0.14171E+03      298.00
  0.79128E-01  0.10501E+04   -0.60250E-01 -0.60250E-01  0.12050E+00  0.00000E+00  0.00000E+00  0.00000E+00   -0.16343E+03 -0.34545E+03  0.50888E+03 -0.35073E+03 -0.14819E+03 -0.14184E+03      298.00
  0.79492E-01  0.10506E+04   -0.60500E-01 -0.60500E-01  0.12100E+00  0.00000E+00  0.00000E+00  0.00000E+00   -0.16372E+03 -0.34583E+03  0.50955E+03 -0.35051E+03 -0.14797E+03 -0.14197E+03      298.00
  0.79856E-01  0.10511E+04   -0.60750E-01 -0.60750E-01  0.12150E+00  0.00000E+00  0.00000E+00  0.00000E+00   -0.16400E+03 -0.34622E+03  0.51022E+03 -0.35028E+03 -0.14775E+03 -0.14210E+03      298.00
  0.80220E-01  0.10516E+04   -0.61000E-01 -0.61000E-01  0.12200E+00  0.00000E+00  0.00000E+00  0.00000E+00   -0.16429E+03 -0.34660E+03  0.51089E+03 -0.35005E+03 -0.14752E+03 -0.14222E+03      298.00
  0.80584E-01  0.10520E+04   -0.61250E-01 -0.61250E-01  0.12250E+00  0.00000E+00  0.00000E+00  0.00000E+00   -0.16457E+03 -0.34698E+03  0.51155E+03 -0.34981E+03 -0.14730E+03 -0.14235E+03      298.00
  0.80949E-01  0.10525E+04   -0.61500E-01 -0.61500E-01  0.12300E+00  0.00000E+00  0.00000E+00  0.00000E+00   -0.16485E+03 -0.34736E+03  0.51221E+03 -0.34957E+03 -0.14707E+03 -0.14247E+03      298.00
  0.81314E-01  0.10529E+04   -0.61750E-01 -0.61750E-01  0.12350E+00  0.00000E+00  0.00000E+00  0.00000E+00   -0.16513E+03 -0.34774E+03  0.51288E+03 -0.34933E+03 -0.14684E+03 -0.14260E+03      298.00
  0.81679E-01  0.10534E+04   -0.62000E-01 -0.62000E-01  0.12400E+00  0.00000E+00  0.00000E+00  0.00000E+00   -0.16541E+03 -0.34812E+03  0.51353E+03 -0.34909E+03 -0.14662E+03 -0.14272E+03      298.00
  0.82045E-01  0.10539E+04   -0.62250E-01 -0.62250E-01  0.12450E+00  0.00000E+00  0.00000E+00  0.00000E+00   -0.16580E+03 -0.34847E+03  0.51427E+03 -0.34886E+03 -0.14635E+03 -0.14302E+03      298.00
  0.82411E-01  0.10543E+04   -0.62500E-01 -0.62500E-01  0.12500E+00  0.00000E+00  0.00000E+00  0.00000E+00   -0.16600E+03 -0.34885E+03  0.51485E+03 -0.34860E+03 -0.14614E+03 -0.14299E+03      298.00
