TEXTURE AT STRAIN =    0.0250
   0.988   1.025   0.988  <-- length of phase ellipsoid axes
  146.62   90.00 -180.00  <-- Euler angles (deg) of phase ellipsoid axes
B         1
  -27.09   70.04 -130.30   1.0000000
TEXTURE AT STRAIN =    0.0500
   0.975   1.051   0.975  <-- length of phase ellipsoid axes
  138.19   90.00  180.00  <-- Euler angles (deg) of phase ellipsoid axes
B         1
  -26.79   68.80 -129.63   1.0000000
TEXTURE AT STRAIN =    0.0750
   0.963   1.078   0.963  <-- length of phase ellipsoid axes
 -179.38   90.00  180.00  <-- Euler angles (deg) of phase ellipsoid axes
B         1
  -26.51   67.50 -128.97   1.0000000
TEXTURE AT STRAIN =    0.1000
   0.951   1.105   0.951  <-- length of phase ellipsoid axes
   45.30   90.00    0.00  <-- Euler angles (deg) of phase ellipsoid axes
B         1
  -26.25   66.13 -128.37   1.0000000
TEXTURE AT STRAIN =    0.1250
   0.939   1.133   0.939  <-- length of phase ellipsoid axes
  165.97   90.00  180.00  <-- Euler angles (deg) of phase ellipsoid axes
B         1
  -26.02   64.70 -127.84   1.0000000
