    STEP   AVACS   MODE1   MODE2   MODE3   MODE4
       1   7.000   0.249   0.751   0.000   0.000
       2   7.000   0.151   0.849   0.000   0.000
       3   5.000   0.034   0.966   0.000   0.000
       4   5.000   0.035   0.965   0.000   0.000
       5   6.000   0.110   0.890   0.000   0.000
       6   6.000   0.176   0.824   0.000   0.000
       7   6.000   0.239   0.761   0.000   0.000
       8   6.000   0.301   0.699   0.000   0.000
       9   6.000   0.368   0.632   0.000   0.000
      10   5.000   0.438   0.562   0.000   0.000
      11   6.000   0.530   0.470   0.000   0.000
      12   5.000   0.582   0.418   0.000   0.000
      13   5.000   0.508   0.442   0.051   0.000
      14   4.000   0.516   0.484   0.000   0.000
      15   6.000   0.491   0.509   0.000   0.000
      16   6.000   0.458   0.542   0.000   0.000
      17   6.000   0.399   0.601   0.000   0.000
      18   7.000   0.329   0.671   0.000   0.000
      19   7.000   0.249   0.751   0.000   0.000
      20   7.000   0.151   0.849   0.000   0.000
      21   5.000   0.034   0.966   0.000   0.000
      22   5.000   0.035   0.965   0.000   0.000
      23   6.000   0.110   0.890   0.000   0.000
      24   6.000   0.176   0.824   0.000   0.000
      25   6.000   0.239   0.761   0.000   0.000
      26   6.000   0.301   0.699   0.000   0.000
      27   6.000   0.368   0.632   0.000   0.000
      28   5.000   0.438   0.562   0.000   0.000
      29   6.000   0.530   0.470   0.000   0.000
      30   5.000   0.582   0.418   0.000   0.000
      31   5.000   0.511   0.489   0.000   0.000
      32   4.000   0.516   0.484   0.000   0.000
      33   6.000   0.491   0.509   0.000   0.000
      34   6.000   0.458   0.542   0.000   0.000
      35   6.000   0.399   0.601   0.000   0.000
      36   7.000   0.329   0.671   0.000   0.000
  STRAIN   AVACS   PRITW   SECTW   MODE1   MODE2   MODE3   MODE4   TWFR3   EFFR3   TWFR4   EFFR4
   0.000   7.000   0.000   0.000   0.249   0.751   0.000   0.000   0.000   0.000   0.000   0.000
   0.001   7.000   0.000   0.000   0.244   0.756   0.000   0.000   0.000   0.000   0.000   0.000
   0.001   7.000   0.000   0.000   0.240   0.760   0.000   0.000   0.000   0.000   0.000   0.000
   0.002   7.000   0.000   0.000   0.236   0.764   0.000   0.000   0.000   0.000   0.000   0.000
   0.002   7.000   0.000   0.000   0.233   0.767   0.000   0.000   0.000   0.000   0.000   0.000
   0.003   7.000   0.000   0.000   0.231   0.769   0.000   0.000   0.000   0.000   0.000   0.000
   0.003   7.000   0.000   0.000   0.229   0.771   0.000   0.000   0.000   0.000   0.000   0.000
   0.004   7.000   0.000   0.000   0.227   0.773   0.000   0.000   0.000   0.000   0.000   0.000
   0.004   7.000   0.000   0.000   0.226   0.774   0.000   0.000   0.000   0.000   0.000   0.000
   0.005   7.000   0.000   0.000   0.225   0.775   0.000   0.000   0.000   0.000   0.000   0.000
   0.005   7.000   0.000   0.000   0.224   0.776   0.000   0.000   0.000   0.000   0.000   0.000
   0.006   7.000   0.000   0.000   0.224   0.776   0.000   0.000   0.000   0.000   0.000   0.000
   0.006   7.000   0.000   0.000   0.224   0.776   0.000   0.000   0.000   0.000   0.000   0.000
   0.007   7.000   0.000   0.000   0.223   0.777   0.000   0.000   0.000   0.000   0.000   0.000
   0.007   7.000   0.000   0.000   0.223   0.777   0.000   0.000   0.000   0.000   0.000   0.000
   0.008   7.000   0.000   0.000   0.223   0.777   0.000   0.000   0.000   0.000   0.000   0.000
   0.008   7.000   0.000   0.000   0.224   0.776   0.000   0.000   0.000   0.000   0.000   0.000
   0.009   7.000   0.000   0.000   0.224   0.776   0.000   0.000   0.000   0.000   0.000   0.000
   0.009   7.000   0.000   0.000   0.224   0.776   0.000   0.000   0.000   0.000   0.000   0.000
   0.010   7.000   0.000   0.000   0.224   0.776   0.000   0.000   0.000   0.000   0.000   0.000
   0.010   7.000   0.000   0.000   0.225   0.775   0.000   0.000   0.000   0.000   0.000   0.000
   0.011   7.000   0.000   0.000   0.225   0.775   0.000   0.000   0.000   0.000   0.000   0.000
   0.011   7.000   0.000   0.000   0.226   0.774   0.000   0.000   0.000   0.000   0.000   0.000
   0.012   7.000   0.000   0.000   0.226   0.774   0.000   0.000   0.000   0.000   0.000   0.000
   0.012   7.000   0.000   0.000   0.226   0.774   0.000   0.000   0.000   0.000   0.000   0.000
   0.013   7.000   0.000   0.000   0.227   0.773   0.000   0.000   0.000   0.000   0.000   0.000
   0.013   7.000   0.000   0.000   0.227   0.773   0.000   0.000   0.000   0.000   0.000   0.000
   0.014   7.000   0.000   0.000   0.228   0.772   0.000   0.000   0.000   0.000   0.000   0.000
   0.014   7.000   0.000   0.000   0.228   0.772   0.000   0.000   0.000   0.000   0.000   0.000
   0.015   7.000   0.000   0.000   0.228   0.772   0.000   0.000   0.000   0.000   0.000   0.000
   0.015   7.000   0.000   0.000   0.229   0.771   0.000   0.000   0.000   0.000   0.000   0.000
   0.016   7.000   0.000   0.000   0.229   0.771   0.000   0.000   0.000   0.000   0.000   0.000
   0.016   7.000   0.000   0.000   0.229   0.771   0.000   0.000   0.000   0.000   0.000   0.000
   0.017   7.000   0.000   0.000   0.230   0.770   0.000   0.000   0.000   0.000   0.000   0.000
   0.017   7.000   0.000   0.000   0.230   0.770   0.000   0.000   0.000   0.000   0.000   0.000
   0.018   7.000   0.000   0.000   0.230   0.770   0.000   0.000   0.000   0.000   0.000   0.000
   0.018   7.000   0.000   0.000   0.231   0.769   0.000   0.000   0.000   0.000   0.000   0.000
   0.019   7.000   0.000   0.000   0.231   0.769   0.000   0.000   0.000   0.000   0.000   0.000
   0.019   7.000   0.000   0.000   0.231   0.769   0.000   0.000   0.000   0.000   0.000   0.000
   0.020   7.000   0.000   0.000   0.231   0.769   0.000   0.000   0.000   0.000   0.000   0.000
   0.020   7.000   0.000   0.000   0.231   0.769   0.000   0.000   0.000   0.000   0.000   0.000
   0.021   7.000   0.000   0.000   0.232   0.768   0.000   0.000   0.000   0.000   0.000   0.000
   0.021   7.000   0.000   0.000   0.232   0.768   0.000   0.000   0.000   0.000   0.000   0.000
   0.022   7.000   0.000   0.000   0.232   0.768   0.000   0.000   0.000   0.000   0.000   0.000
   0.022   7.000   0.000   0.000   0.232   0.768   0.000   0.000   0.000   0.000   0.000   0.000
   0.023   7.000   0.000   0.000   0.233   0.767   0.000   0.000   0.000   0.000   0.000   0.000
   0.023   7.000   0.000   0.000   0.233   0.767   0.000   0.000   0.000   0.000   0.000   0.000
   0.024   7.000   0.000   0.000   0.233   0.767   0.000   0.000   0.000   0.000   0.000   0.000
   0.024   7.000   0.000   0.000   0.233   0.767   0.000   0.000   0.000   0.000   0.000   0.000
   0.025   7.000   0.000   0.000   0.234   0.766   0.000   0.000   0.000   0.000   0.000   0.000
   0.025   7.000   0.000   0.000   0.234   0.766   0.000   0.000   0.000   0.000   0.000   0.000
    STEP   AVACS   MODE1   MODE2   MODE3   MODE4
       1   7.000   0.234   0.766   0.000   0.000
       2   7.000   0.134   0.866   0.000   0.000
       3   5.000   0.019   0.981   0.000   0.000
       4   6.000   0.045   0.955   0.000   0.000
       5   6.000   0.120   0.879   0.000   0.000
       6   6.000   0.186   0.813   0.000   0.000
       7   6.000   0.248   0.752   0.000   0.000
       8   6.000   0.310   0.690   0.000   0.000
       9   6.000   0.376   0.624   0.000   0.000
      10   6.000   0.447   0.553   0.000   0.000
      11   6.000   0.529   0.471   0.000   0.000
      12   5.000   0.578   0.417   0.005   0.000
      13   4.000   0.508   0.409   0.083   0.000
      14   6.000   0.510   0.466   0.024   0.000
      15   5.000   0.478   0.521   0.001   0.000
      16   7.000   0.452   0.548   0.000   0.000
      17   6.000   0.392   0.608   0.000   0.000
      18   7.000   0.318   0.682   0.000   0.000
      19   7.000   0.234   0.766   0.000   0.000
      20   7.000   0.134   0.866   0.000   0.000
      21   5.000   0.019   0.981   0.000   0.000
      22   6.000   0.045   0.955   0.000   0.000
      23   6.000   0.120   0.880   0.000   0.000
      24   6.000   0.186   0.814   0.000   0.000
      25   6.000   0.248   0.752   0.000   0.000
      26   6.000   0.310   0.690   0.000   0.000
      27   6.000   0.376   0.624   0.000   0.000
      28   6.000   0.447   0.553   0.000   0.000
      29   6.000   0.529   0.471   0.000   0.000
      30   5.000   0.581   0.418   0.000   0.000
      31   5.000   0.505   0.481   0.000   0.014
      32   6.000   0.499   0.496   0.000   0.005
      33   5.000   0.479   0.521   0.000   0.000
      34   7.000   0.452   0.548   0.000   0.000
      35   6.000   0.392   0.608   0.000   0.000
      36   7.000   0.318   0.682   0.000   0.000
  STRAIN   AVACS   PRITW   SECTW   MODE1   MODE2   MODE3   MODE4   TWFR3   EFFR3   TWFR4   EFFR4
   0.025   7.000   0.000   0.000   0.234   0.766   0.000   0.000   0.000   0.000   0.000   0.000
   0.026   7.000   0.000   0.000   0.234   0.766   0.000   0.000   0.000   0.000   0.000   0.000
   0.026   7.000   0.000   0.000   0.234   0.766   0.000   0.000   0.000   0.000   0.000   0.000
   0.027   7.000   0.000   0.000   0.234   0.766   0.000   0.000   0.000   0.000   0.000   0.000
   0.027   7.000   0.000   0.000   0.234   0.766   0.000   0.000   0.000   0.000   0.000   0.000
   0.028   7.000   0.000   0.000   0.234   0.766   0.000   0.000   0.000   0.000   0.000   0.000
   0.028   7.000   0.000   0.000   0.234   0.766   0.000   0.000   0.000   0.000   0.000   0.000
   0.029   7.000   0.000   0.000   0.234   0.766   0.000   0.000   0.000   0.000   0.000   0.000
   0.029   7.000   0.000   0.000   0.235   0.765   0.000   0.000   0.000   0.000   0.000   0.000
   0.030   7.000   0.000   0.000   0.235   0.765   0.000   0.000   0.000   0.000   0.000   0.000
   0.030   7.000   0.000   0.000   0.235   0.765   0.000   0.000   0.000   0.000   0.000   0.000
   0.031   7.000   0.000   0.000   0.235   0.765   0.000   0.000   0.000   0.000   0.000   0.000
   0.031   7.000   0.000   0.000   0.235   0.765   0.000   0.000   0.000   0.000   0.000   0.000
   0.032   7.000   0.000   0.000   0.235   0.765   0.000   0.000   0.000   0.000   0.000   0.000
   0.032   7.000   0.000   0.000   0.235   0.765   0.000   0.000   0.000   0.000   0.000   0.000
   0.033   7.000   0.000   0.000   0.235   0.765   0.000   0.000   0.000   0.000   0.000   0.000
   0.033   7.000   0.000   0.000   0.235   0.765   0.000   0.000   0.000   0.000   0.000   0.000
   0.034   7.000   0.000   0.000   0.235   0.765   0.000   0.000   0.000   0.000   0.000   0.000
   0.034   7.000   0.000   0.000   0.235   0.765   0.000   0.000   0.000   0.000   0.000   0.000
   0.035   7.000   0.000   0.000   0.235   0.765   0.000   0.000   0.000   0.000   0.000   0.000
   0.035   7.000   0.000   0.000   0.235   0.765   0.000   0.000   0.000   0.000   0.000   0.000
   0.036   7.000   0.000   0.000   0.235   0.765   0.000   0.000   0.000   0.000   0.000   0.000
   0.036   7.000   0.000   0.000   0.235   0.765   0.000   0.000   0.000   0.000   0.000   0.000
   0.037   7.000   0.000   0.000   0.235   0.765   0.000   0.000   0.000   0.000   0.000   0.000
   0.037   7.000   0.000   0.000   0.235   0.765   0.000   0.000   0.000   0.000   0.000   0.000
   0.038   7.000   0.000   0.000   0.235   0.765   0.000   0.000   0.000   0.000   0.000   0.000
   0.038   7.000   0.000   0.000   0.235   0.765   0.000   0.000   0.000   0.000   0.000   0.000
   0.039   7.000   0.000   0.000   0.235   0.765   0.000   0.000   0.000   0.000   0.000   0.000
   0.039   7.000   0.000   0.000   0.235   0.765   0.000   0.000   0.000   0.000   0.000   0.000
   0.040   7.000   0.000   0.000   0.235   0.765   0.000   0.000   0.000   0.000   0.000   0.000
   0.040   7.000   0.000   0.000   0.235   0.765   0.000   0.000   0.000   0.000   0.000   0.000
   0.041   7.000   0.000   0.000   0.235   0.765   0.000   0.000   0.000   0.000   0.000   0.000
   0.041   7.000   0.000   0.000   0.235   0.765   0.000   0.000   0.000   0.000   0.000   0.000
   0.042   7.000   0.000   0.000   0.235   0.765   0.000   0.000   0.000   0.000   0.000   0.000
   0.042   7.000   0.000   0.000   0.235   0.765   0.000   0.000   0.000   0.000   0.000   0.000
   0.043   7.000   0.000   0.000   0.235   0.765   0.000   0.000   0.000   0.000   0.000   0.000
   0.043   7.000   0.000   0.000   0.235   0.765   0.000   0.000   0.000   0.000   0.000   0.000
   0.044   7.000   0.000   0.000   0.235   0.765   0.000   0.000   0.000   0.000   0.000   0.000
   0.044   7.000   0.000   0.000   0.235   0.765   0.000   0.000   0.000   0.000   0.000   0.000
   0.045   7.000   0.000   0.000   0.235   0.765   0.000   0.000   0.000   0.000   0.000   0.000
   0.045   7.000   0.000   0.000   0.235   0.765   0.000   0.000   0.000   0.000   0.000   0.000
   0.046   7.000   0.000   0.000   0.235   0.765   0.000   0.000   0.000   0.000   0.000   0.000
   0.046   7.000   0.000   0.000   0.235   0.765   0.000   0.000   0.000   0.000   0.000   0.000
   0.047   7.000   0.000   0.000   0.235   0.765   0.000   0.000   0.000   0.000   0.000   0.000
   0.047   7.000   0.000   0.000   0.235   0.765   0.000   0.000   0.000   0.000   0.000   0.000
   0.048   7.000   0.000   0.000   0.235   0.765   0.000   0.000   0.000   0.000   0.000   0.000
   0.048   7.000   0.000   0.000   0.235   0.765   0.000   0.000   0.000   0.000   0.000   0.000
   0.049   7.000   0.000   0.000   0.234   0.766   0.000   0.000   0.000   0.000   0.000   0.000
   0.049   7.000   0.000   0.000   0.234   0.766   0.000   0.000   0.000   0.000   0.000   0.000
   0.050   7.000   0.000   0.000   0.234   0.766   0.000   0.000   0.000   0.000   0.000   0.000
   0.050   7.000   0.000   0.000   0.234   0.766   0.000   0.000   0.000   0.000   0.000   0.000
    STEP   AVACS   MODE1   MODE2   MODE3   MODE4
       1   7.000   0.234   0.765   0.000   0.000
       2   7.000   0.136   0.864   0.000   0.000
       3   5.000   0.019   0.981   0.000   0.001
       4   6.000   0.056   0.939   0.000   0.005
       5   7.000   0.130   0.865   0.000   0.005
       6   6.000   0.196   0.800   0.000   0.005
       7   6.000   0.257   0.739   0.000   0.004
       8   6.000   0.319   0.678   0.000   0.004
       9   6.000   0.385   0.613   0.000   0.003
      10   6.000   0.458   0.541   0.000   0.001
      11   5.000   0.540   0.459   0.000   0.000
      12   6.000   0.579   0.393   0.028   0.000
      13   4.000   0.508   0.378   0.114   0.000
      14   6.000   0.499   0.437   0.064   0.000
      15   5.000   0.485   0.508   0.007   0.000
      16   7.000   0.459   0.541   0.000   0.000
      17   6.000   0.395   0.605   0.000   0.000
      18   7.000   0.319   0.681   0.000   0.000
      19   7.000   0.234   0.766   0.000   0.000
      20   7.000   0.136   0.864   0.000   0.000
      21   5.000   0.018   0.981   0.000   0.000
      22   6.000   0.058   0.942   0.000   0.000
      23   7.000   0.133   0.867   0.000   0.000
      24   6.000   0.198   0.802   0.000   0.000
      25   6.000   0.259   0.741   0.000   0.000
      26   6.000   0.320   0.680   0.000   0.000
      27   6.000   0.386   0.614   0.000   0.000
      28   6.000   0.458   0.542   0.000   0.000
      29   5.000   0.541   0.459   0.000   0.001
      30   5.000   0.597   0.398   0.000   0.005
      31   7.000   0.516   0.375   0.000   0.109
      32   6.000   0.497   0.436   0.000   0.068
      33   5.000   0.490   0.508   0.000   0.003
      34   7.000   0.459   0.541   0.000   0.000
      35   6.000   0.395   0.605   0.000   0.000
      36   7.000   0.319   0.680   0.000   0.000
  STRAIN   AVACS   PRITW   SECTW   MODE1   MODE2   MODE3   MODE4   TWFR3   EFFR3   TWFR4   EFFR4
   0.050   7.000   0.000   0.000   0.234   0.766   0.000   0.000   0.000   0.000   0.000   0.000
   0.051   7.000   0.000   0.000   0.234   0.766   0.000   0.000   0.000   0.000   0.000   0.000
   0.051   7.000   0.000   0.000   0.234   0.766   0.000   0.000   0.000   0.000   0.000   0.000
   0.052   7.000   0.000   0.000   0.234   0.766   0.000   0.000   0.000   0.000   0.000   0.000
   0.052   7.000   0.000   0.000   0.234   0.766   0.000   0.000   0.000   0.000   0.000   0.000
   0.053   7.000   0.000   0.000   0.234   0.766   0.000   0.000   0.000   0.000   0.000   0.000
   0.053   7.000   0.000   0.000   0.234   0.766   0.000   0.000   0.000   0.000   0.000   0.000
   0.054   7.000   0.000   0.000   0.234   0.766   0.000   0.000   0.000   0.000   0.000   0.000
   0.054   7.000   0.000   0.000   0.234   0.766   0.000   0.000   0.000   0.000   0.000   0.000
   0.055   7.000   0.000   0.000   0.233   0.767   0.000   0.000   0.000   0.000   0.000   0.000
   0.055   7.000   0.000   0.000   0.233   0.767   0.000   0.000   0.000   0.000   0.000   0.000
   0.056   7.000   0.000   0.000   0.233   0.767   0.000   0.000   0.000   0.000   0.000   0.000
   0.056   7.000   0.000   0.000   0.233   0.767   0.000   0.000   0.000   0.000   0.000   0.000
   0.057   7.000   0.000   0.000   0.233   0.767   0.000   0.000   0.000   0.000   0.000   0.000
   0.057   7.000   0.000   0.000   0.233   0.767   0.000   0.000   0.000   0.000   0.000   0.000
   0.058   7.000   0.000   0.000   0.233   0.767   0.000   0.000   0.000   0.000   0.000   0.000
   0.058   7.000   0.000   0.000   0.233   0.767   0.000   0.000   0.000   0.000   0.000   0.000
   0.059   7.000   0.000   0.000   0.233   0.767   0.000   0.000   0.000   0.000   0.000   0.000
   0.059   7.000   0.000   0.000   0.233   0.767   0.000   0.000   0.000   0.000   0.000   0.000
   0.060   7.000   0.000   0.000   0.233   0.767   0.000   0.000   0.000   0.000   0.000   0.000
   0.060   7.000   0.000   0.000   0.232   0.768   0.000   0.000   0.000   0.000   0.000   0.000
   0.061   7.000   0.000   0.000   0.232   0.768   0.000   0.000   0.000   0.000   0.000   0.000
   0.061   7.000   0.000   0.000   0.232   0.768   0.000   0.000   0.000   0.000   0.000   0.000
   0.062   7.000   0.000   0.000   0.232   0.768   0.000   0.000   0.000   0.000   0.000   0.000
   0.062   7.000   0.000   0.000   0.232   0.768   0.000   0.000   0.000   0.000   0.000   0.000
   0.063   7.000   0.000   0.000   0.232   0.768   0.000   0.000   0.000   0.000   0.000   0.000
   0.063   7.000   0.000   0.000   0.232   0.768   0.000   0.000   0.000   0.000   0.000   0.000
   0.064   7.000   0.000   0.000   0.232   0.768   0.000   0.000   0.000   0.000   0.000   0.000
   0.064   7.000   0.000   0.000   0.231   0.768   0.000   0.000   0.000   0.000   0.000   0.000
   0.065   7.000   0.000   0.000   0.231   0.769   0.000   0.000   0.000   0.000   0.000   0.000
   0.065   7.000   0.000   0.000   0.231   0.769   0.000   0.000   0.000   0.000   0.000   0.000
   0.066   7.000   0.000   0.000   0.231   0.769   0.000   0.000   0.000   0.000   0.000   0.000
   0.066   7.000   0.000   0.000   0.231   0.769   0.000   0.000   0.000   0.000   0.000   0.000
   0.067   7.000   0.000   0.000   0.231   0.769   0.000   0.000   0.000   0.000   0.000   0.000
   0.067   7.000   0.000   0.000   0.231   0.769   0.000   0.000   0.000   0.000   0.000   0.000
   0.068   7.000   0.000   0.000   0.231   0.769   0.000   0.000   0.000   0.000   0.000   0.000
   0.068   7.000   0.000   0.000   0.230   0.769   0.000   0.000   0.000   0.000   0.000   0.000
   0.069   7.000   0.000   0.000   0.230   0.770   0.000   0.000   0.000   0.000   0.000   0.000
   0.069   7.000   0.000   0.000   0.230   0.770   0.000   0.000   0.000   0.000   0.000   0.000
   0.070   7.000   0.000   0.000   0.230   0.770   0.000   0.000   0.000   0.000   0.000   0.000
   0.070   7.000   0.000   0.000   0.230   0.770   0.000   0.000   0.000   0.000   0.000   0.000
   0.071   7.000   0.000   0.000   0.230   0.770   0.000   0.000   0.000   0.000   0.000   0.000
   0.071   7.000   0.000   0.000   0.230   0.770   0.000   0.000   0.000   0.000   0.000   0.000
   0.072   7.000   0.000   0.000   0.229   0.770   0.000   0.000   0.000   0.000   0.000   0.000
   0.072   7.000   0.000   0.000   0.229   0.771   0.000   0.000   0.000   0.000   0.000   0.000
   0.073   7.000   0.000   0.000   0.229   0.771   0.000   0.000   0.000   0.000   0.000   0.000
   0.073   7.000   0.000   0.000   0.229   0.771   0.000   0.000   0.000   0.000   0.000   0.000
   0.074   7.000   0.000   0.000   0.229   0.771   0.000   0.000   0.000   0.000   0.000   0.000
   0.074   7.000   0.000   0.000   0.229   0.771   0.000   0.000   0.000   0.000   0.000   0.000
   0.075   7.000   0.000   0.000   0.229   0.771   0.000   0.000   0.000   0.000   0.000   0.000
   0.075   7.000   0.000   0.000   0.228   0.771   0.000   0.000   0.000   0.000   0.000   0.000
    STEP   AVACS   MODE1   MODE2   MODE3   MODE4
       1   7.000   0.229   0.771   0.000   0.001
       2   7.000   0.130   0.870   0.000   0.001
       3   5.000   0.014   0.985   0.000   0.001
       4   6.000   0.065   0.926   0.000   0.009
       5   7.000   0.140   0.852   0.000   0.009
       6   7.000   0.205   0.787   0.000   0.008
       7   6.000   0.266   0.726   0.000   0.007
       8   6.000   0.328   0.666   0.000   0.006
       9   6.000   0.394   0.602   0.000   0.005
      10   7.000   0.468   0.530   0.000   0.002
      11   5.000   0.549   0.450   0.001   0.000
      12   6.000   0.575   0.376   0.049   0.000
      13   4.000   0.507   0.348   0.145   0.000
      14   6.000   0.486   0.414   0.101   0.000
      15   5.000   0.480   0.499   0.020   0.000
      16   7.000   0.459   0.540   0.001   0.000
      17   7.000   0.393   0.607   0.000   0.000
      18   7.000   0.315   0.685   0.000   0.000
      19   7.000   0.229   0.771   0.000   0.000
      20   7.000   0.129   0.870   0.000   0.000
      21   5.000   0.014   0.986   0.000   0.000
      22   6.000   0.069   0.931   0.000   0.000
      23   7.000   0.144   0.856   0.000   0.000
      24   7.000   0.209   0.791   0.000   0.000
      25   6.000   0.269   0.730   0.000   0.000
      26   6.000   0.330   0.670   0.000   0.000
      27   6.000   0.395   0.605   0.000   0.000
      28   7.000   0.468   0.531   0.000   0.000
      29   5.000   0.550   0.450   0.000   0.001
      30   6.000   0.590   0.389   0.000   0.021
      31   7.000   0.518   0.337   0.000   0.145
      32   7.000   0.492   0.398   0.000   0.110
      33   5.000   0.494   0.502   0.000   0.004
      34   7.000   0.460   0.539   0.000   0.001
      35   7.000   0.393   0.607   0.000   0.000
      36   7.000   0.315   0.684   0.000   0.001
  STRAIN   AVACS   PRITW   SECTW   MODE1   MODE2   MODE3   MODE4   TWFR3   EFFR3   TWFR4   EFFR4
   0.075   7.000   0.000   0.000   0.229   0.771   0.000   0.000   0.000   0.000   0.000   0.000
   0.076   7.000   0.000   0.000   0.228   0.772   0.000   0.000   0.000   0.000   0.000   0.000
   0.076   7.000   0.000   0.000   0.228   0.772   0.000   0.000   0.000   0.000   0.000   0.000
   0.077   7.000   0.000   0.000   0.228   0.772   0.000   0.000   0.000   0.000   0.000   0.000
   0.077   7.000   0.000   0.000   0.228   0.772   0.000   0.000   0.000   0.000   0.000   0.000
   0.078   7.000   0.000   0.000   0.228   0.772   0.000   0.000   0.000   0.000   0.000   0.000
   0.078   7.000   0.000   0.000   0.228   0.772   0.000   0.000   0.000   0.000   0.000   0.000
   0.079   7.000   0.000   0.000   0.227   0.772   0.000   0.000   0.000   0.000   0.000   0.000
   0.079   7.000   0.000   0.000   0.227   0.773   0.000   0.000   0.000   0.000   0.000   0.000
   0.080   7.000   0.000   0.000   0.227   0.773   0.000   0.000   0.000   0.000   0.000   0.000
   0.080   7.000   0.000   0.000   0.227   0.773   0.000   0.000   0.000   0.000   0.000   0.000
   0.081   7.000   0.000   0.000   0.227   0.773   0.000   0.000   0.000   0.000   0.000   0.000
   0.081   7.000   0.000   0.000   0.227   0.773   0.000   0.000   0.000   0.000   0.000   0.000
   0.082   7.000   0.000   0.000   0.226   0.773   0.000   0.000   0.000   0.000   0.000   0.000
   0.082   7.000   0.000   0.000   0.226   0.774   0.000   0.000   0.000   0.000   0.000   0.000
   0.083   7.000   0.000   0.000   0.226   0.774   0.000   0.000   0.000   0.000   0.000   0.000
   0.083   7.000   0.000   0.000   0.226   0.774   0.000   0.000   0.000   0.000   0.000   0.000
   0.084   7.000   0.000   0.000   0.226   0.774   0.000   0.000   0.000   0.000   0.000   0.000
   0.084   7.000   0.000   0.000   0.226   0.774   0.000   0.000   0.000   0.000   0.000   0.000
   0.085   7.000   0.000   0.000   0.225   0.774   0.000   0.000   0.000   0.000   0.000   0.000
   0.085   7.000   0.000   0.000   0.225   0.775   0.000   0.000   0.000   0.000   0.000   0.000
   0.086   7.000   0.000   0.000   0.225   0.775   0.000   0.000   0.000   0.000   0.000   0.000
   0.086   7.000   0.000   0.000   0.225   0.775   0.000   0.000   0.000   0.000   0.000   0.000
   0.087   7.000   0.000   0.000   0.225   0.775   0.000   0.000   0.000   0.000   0.000   0.000
   0.087   7.000   0.000   0.000   0.225   0.775   0.000   0.000   0.000   0.000   0.000   0.000
   0.088   7.000   0.000   0.000   0.224   0.775   0.000   0.000   0.000   0.000   0.000   0.000
   0.088   7.000   0.000   0.000   0.224   0.776   0.000   0.000   0.000   0.000   0.000   0.000
   0.089   7.000   0.000   0.000   0.224   0.776   0.000   0.000   0.000   0.000   0.000   0.000
   0.089   7.000   0.000   0.000   0.224   0.776   0.000   0.000   0.000   0.000   0.000   0.000
   0.090   7.000   0.000   0.000   0.224   0.776   0.000   0.000   0.000   0.000   0.000   0.000
   0.090   7.000   0.000   0.000   0.223   0.776   0.000   0.000   0.000   0.000   0.000   0.000
   0.091   7.000   0.000   0.000   0.223   0.777   0.000   0.000   0.000   0.000   0.000   0.000
   0.091   7.000   0.000   0.000   0.223   0.777   0.000   0.000   0.000   0.000   0.000   0.000
   0.092   7.000   0.000   0.000   0.223   0.777   0.000   0.000   0.000   0.000   0.000   0.000
   0.092   7.000   0.000   0.000   0.223   0.777   0.000   0.000   0.000   0.000   0.000   0.000
   0.093   7.000   0.000   0.000   0.223   0.777   0.000   0.000   0.000   0.000   0.000   0.000
   0.093   7.000   0.000   0.000   0.222   0.777   0.000   0.000   0.000   0.000   0.000   0.000
   0.094   7.000   0.000   0.000   0.222   0.778   0.000   0.000   0.000   0.000   0.000   0.000
   0.094   7.000   0.000   0.000   0.222   0.778   0.000   0.000   0.000   0.000   0.000   0.000
   0.095   7.000   0.000   0.000   0.222   0.778   0.000   0.000   0.000   0.000   0.000   0.000
   0.095   7.000   0.000   0.000   0.222   0.778   0.000   0.000   0.000   0.000   0.000   0.000
   0.096   7.000   0.000   0.000   0.221   0.778   0.000   0.000   0.000   0.000   0.000   0.000
   0.096   7.000   0.000   0.000   0.221   0.779   0.000   0.000   0.000   0.000   0.000   0.000
   0.097   7.000   0.000   0.000   0.221   0.779   0.000   0.000   0.000   0.000   0.000   0.000
   0.097   7.000   0.000   0.000   0.221   0.779   0.000   0.000   0.000   0.000   0.000   0.000
   0.098   7.000   0.000   0.000   0.221   0.779   0.000   0.000   0.000   0.000   0.000   0.000
   0.098   7.000   0.000   0.000   0.220   0.779   0.000   0.000   0.000   0.000   0.000   0.000
   0.099   7.000   0.000   0.000   0.220   0.780   0.000   0.000   0.000   0.000   0.000   0.000
   0.099   7.000   0.000   0.000   0.220   0.780   0.000   0.000   0.000   0.000   0.000   0.000
   0.100   7.000   0.000   0.000   0.220   0.780   0.000   0.000   0.000   0.000   0.000   0.000
   0.100   7.000   0.000   0.000   0.220   0.780   0.000   0.000   0.000   0.000   0.000   0.000
    STEP   AVACS   MODE1   MODE2   MODE3   MODE4
       1   7.000   0.220   0.780   0.000   0.000
       2   7.000   0.120   0.879   0.000   0.001
       3   5.000   0.008   0.991   0.000   0.001
       4   6.000   0.076   0.917   0.000   0.008
       5   7.000   0.151   0.842   0.000   0.008
       6   7.000   0.216   0.777   0.000   0.007
       7   6.000   0.277   0.716   0.000   0.007
       8   6.000   0.338   0.656   0.000   0.006
       9   6.000   0.404   0.592   0.000   0.004
      10   6.000   0.477   0.520   0.000   0.002
      11   5.000   0.558   0.441   0.001   0.000
      12   7.000   0.572   0.362   0.067   0.000
      13   4.000   0.507   0.321   0.173   0.000
      14   6.000   0.473   0.394   0.133   0.000
      15   6.000   0.488   0.484   0.028   0.000
      16   7.000   0.455   0.542   0.003   0.000
      17   8.000   0.387   0.613   0.001   0.000
      18   7.000   0.308   0.692   0.000   0.000
      19   7.000   0.220   0.780   0.000   0.000
      20   7.000   0.120   0.880   0.000   0.000
      21   5.000   0.008   0.992   0.000   0.000
      22   6.000   0.079   0.921   0.000   0.000
      23   7.000   0.154   0.846   0.000   0.000
      24   7.000   0.219   0.781   0.000   0.000
      25   6.000   0.280   0.720   0.000   0.000
      26   6.000   0.340   0.659   0.000   0.000
      27   6.000   0.405   0.595   0.000   0.000
      28   6.000   0.478   0.522   0.000   0.000
      29   5.000   0.559   0.441   0.000   0.000
      30   6.000   0.586   0.376   0.000   0.037
      31   7.000   0.511   0.371   0.000   0.118
      32   7.000   0.480   0.422   0.000   0.098
      33   4.000   0.504   0.494   0.000   0.002
      34   7.000   0.457   0.542   0.000   0.001
      35   8.000   0.387   0.612   0.000   0.000
      36   7.000   0.308   0.692   0.000   0.000
  STRAIN   AVACS   PRITW   SECTW   MODE1   MODE2   MODE3   MODE4   TWFR3   EFFR3   TWFR4   EFFR4
   0.100   7.000   0.000   0.000   0.220   0.780   0.000   0.000   0.000   0.000   0.000   0.000
   0.101   7.000   0.000   0.000   0.219   0.780   0.000   0.000   0.000   0.000   0.000   0.000
   0.101   7.000   0.000   0.000   0.219   0.780   0.000   0.000   0.000   0.000   0.000   0.000
   0.102   7.000   0.000   0.000   0.219   0.781   0.000   0.000   0.000   0.000   0.000   0.000
   0.102   7.000   0.000   0.000   0.219   0.781   0.000   0.000   0.000   0.000   0.000   0.000
   0.103   7.000   0.000   0.000   0.219   0.781   0.000   0.000   0.000   0.000   0.000   0.000
   0.103   7.000   0.000   0.000   0.218   0.781   0.000   0.000   0.000   0.000   0.000   0.000
   0.104   7.000   0.000   0.000   0.218   0.782   0.000   0.000   0.000   0.000   0.000   0.000
   0.104   7.000   0.000   0.000   0.218   0.782   0.000   0.000   0.000   0.000   0.000   0.000
   0.105   7.000   0.000   0.000   0.218   0.782   0.000   0.000   0.000   0.000   0.000   0.000
   0.105   7.000   0.000   0.000   0.218   0.782   0.000   0.000   0.000   0.000   0.000   0.000
   0.106   7.000   0.000   0.000   0.217   0.782   0.000   0.000   0.000   0.000   0.000   0.000
   0.106   7.000   0.000   0.000   0.217   0.783   0.000   0.000   0.000   0.000   0.000   0.000
   0.107   7.000   0.000   0.000   0.217   0.783   0.000   0.000   0.000   0.000   0.000   0.000
   0.107   7.000   0.000   0.000   0.217   0.783   0.000   0.000   0.000   0.000   0.000   0.000
   0.108   7.000   0.000   0.000   0.217   0.783   0.000   0.000   0.000   0.000   0.000   0.000
   0.108   7.000   0.000   0.000   0.216   0.783   0.000   0.000   0.000   0.000   0.000   0.000
   0.109   7.000   0.000   0.000   0.216   0.784   0.000   0.000   0.000   0.000   0.000   0.000
   0.109   7.000   0.000   0.000   0.216   0.784   0.000   0.000   0.000   0.000   0.000   0.000
   0.110   7.000   0.000   0.000   0.216   0.784   0.000   0.000   0.000   0.000   0.000   0.000
   0.110   7.000   0.000   0.000   0.215   0.784   0.000   0.000   0.000   0.000   0.000   0.000
   0.111   7.000   0.000   0.000   0.215   0.784   0.000   0.000   0.000   0.000   0.000   0.000
   0.111   7.000   0.000   0.000   0.215   0.785   0.000   0.000   0.000   0.000   0.000   0.000
   0.112   7.000   0.000   0.000   0.215   0.785   0.000   0.000   0.000   0.000   0.000   0.000
   0.112   7.000   0.000   0.000   0.215   0.785   0.000   0.000   0.000   0.000   0.000   0.000
   0.113   7.000   0.000   0.000   0.214   0.785   0.000   0.000   0.000   0.000   0.000   0.000
   0.113   7.000   0.000   0.000   0.214   0.786   0.000   0.000   0.000   0.000   0.000   0.000
   0.114   7.000   0.000   0.000   0.214   0.786   0.000   0.000   0.000   0.000   0.000   0.000
   0.114   7.000   0.000   0.000   0.214   0.786   0.000   0.000   0.000   0.000   0.000   0.000
   0.115   7.000   0.000   0.000   0.213   0.786   0.000   0.000   0.000   0.000   0.000   0.000
   0.115   7.000   0.000   0.000   0.213   0.786   0.000   0.000   0.000   0.000   0.000   0.000
   0.116   7.000   0.000   0.000   0.213   0.787   0.000   0.000   0.000   0.000   0.000   0.000
   0.116   7.000   0.000   0.000   0.213   0.787   0.000   0.000   0.000   0.000   0.000   0.000
   0.117   7.000   0.000   0.000   0.212   0.787   0.000   0.000   0.000   0.000   0.000   0.000
   0.117   7.000   0.000   0.000   0.212   0.787   0.000   0.000   0.000   0.000   0.000   0.000
   0.118   7.000   0.000   0.000   0.212   0.788   0.000   0.000   0.000   0.000   0.000   0.000
   0.118   7.000   0.000   0.000   0.212   0.788   0.000   0.000   0.000   0.000   0.000   0.000
   0.119   7.000   0.000   0.000   0.211   0.788   0.000   0.000   0.000   0.000   0.000   0.000
   0.119   7.000   0.000   0.000   0.211   0.788   0.000   0.000   0.000   0.000   0.000   0.000
   0.120   7.000   0.000   0.000   0.211   0.789   0.000   0.000   0.000   0.000   0.000   0.000
   0.120   7.000   0.000   0.000   0.211   0.789   0.000   0.000   0.000   0.000   0.000   0.000
   0.121   7.000   0.000   0.000   0.211   0.789   0.000   0.000   0.000   0.000   0.000   0.000
   0.121   7.000   0.000   0.000   0.210   0.789   0.000   0.000   0.000   0.000   0.000   0.000
   0.122   7.000   0.000   0.000   0.210   0.790   0.000   0.000   0.000   0.000   0.000   0.000
   0.122   7.000   0.000   0.000   0.210   0.790   0.000   0.000   0.000   0.000   0.000   0.000
   0.123   7.000   0.000   0.000   0.210   0.790   0.000   0.000   0.000   0.000   0.000   0.000
   0.123   7.000   0.000   0.000   0.209   0.790   0.000   0.000   0.000   0.000   0.000   0.000
   0.124   7.000   0.000   0.000   0.209   0.791   0.000   0.000   0.000   0.000   0.000   0.000
   0.124   7.000   0.000   0.000   0.209   0.791   0.000   0.000   0.000   0.000   0.000   0.000
   0.125   7.000   0.000   0.000   0.208   0.791   0.001   0.000   0.000   0.000   0.000   0.000
   0.125   7.000   0.000   0.000   0.208   0.791   0.001   0.000   0.000   0.000   0.000   0.000
    STEP   AVACS   MODE1   MODE2   MODE3   MODE4
       1   7.000   0.209   0.791   0.000   0.000
       2   7.000   0.109   0.891   0.000   0.000
       3   5.000   0.004   0.996   0.000   0.001
       4   6.000   0.086   0.909   0.000   0.005
       5   7.000   0.162   0.833   0.000   0.005
       6   7.000   0.227   0.768   0.000   0.005
       7   7.000   0.288   0.707   0.000   0.005
       8   6.000   0.349   0.647   0.000   0.004
       9   6.000   0.414   0.583   0.000   0.003
      10   6.000   0.487   0.511   0.000   0.002
      11   5.000   0.569   0.430   0.001   0.000
      12   7.000   0.570   0.348   0.082   0.000
      13   4.000   0.506   0.296   0.198   0.000
      14   6.000   0.459   0.378   0.163   0.000
      15   5.000   0.484   0.475   0.041   0.000
      16   8.000   0.446   0.548   0.007   0.000
      17   8.000   0.376   0.622   0.002   0.000
      18   8.000   0.296   0.703   0.001   0.000
      19   7.000   0.208   0.791   0.001   0.000
      20   7.000   0.109   0.891   0.000   0.000
      21   5.000   0.003   0.996   0.000   0.000
      22   6.000   0.088   0.911   0.000   0.000
      23   7.000   0.164   0.836   0.000   0.000
      24   7.000   0.229   0.771   0.000   0.000
      25   7.000   0.290   0.710   0.000   0.000
      26   6.000   0.351   0.649   0.000   0.000
      27   6.000   0.415   0.585   0.000   0.000
      28   6.000   0.488   0.512   0.000   0.000
      29   5.000   0.569   0.430   0.000   0.000
      30   6.000   0.587   0.379   0.000   0.034
      31   7.000   0.501   0.424   0.000   0.075
      32   7.000   0.464   0.470   0.000   0.066
      33   4.000   0.507   0.492   0.000   0.001
      34   8.000   0.451   0.549   0.000   0.000
      35   8.000   0.377   0.622   0.000   0.000
      36   8.000   0.297   0.703   0.000   0.000
