    STEP   AVACS   MODE1   MODE2   MODE3   MODE4
       1   7.000   0.442   0.558   0.000   0.000
       2   5.000   0.371   0.629   0.000   0.000
       3   5.000   0.261   0.739   0.000   0.000
       4   5.000   0.153   0.847   0.000   0.000
       5   5.000   0.153   0.847   0.000   0.000
       6   6.000   0.176   0.824   0.000   0.000
       7   6.000   0.188   0.812   0.000   0.000
       8   6.000   0.187   0.813   0.000   0.000
       9   5.000   0.175   0.825   0.000   0.000
      10   4.000   0.154   0.846   0.000   0.000
      11   4.000   0.269   0.731   0.000   0.000
      12   5.000   0.423   0.577   0.000   0.000
      13   6.000   0.516   0.484   0.000   0.000
      14   6.000   0.546   0.454   0.000   0.000
      15   6.000   0.549   0.451   0.000   0.000
      16   4.000   0.529   0.471   0.000   0.000
      17   6.000   0.521   0.479   0.000   0.000
      18   6.000   0.485   0.515   0.000   0.000
      19   7.000   0.442   0.558   0.000   0.000
      20   5.000   0.371   0.629   0.000   0.000
      21   5.000   0.261   0.739   0.000   0.000
      22   5.000   0.153   0.847   0.000   0.000
      23   5.000   0.153   0.847   0.000   0.000
      24   6.000   0.176   0.824   0.000   0.000
      25   6.000   0.188   0.812   0.000   0.000
      26   6.000   0.187   0.813   0.000   0.000
      27   5.000   0.175   0.825   0.000   0.000
      28   4.000   0.154   0.846   0.000   0.000
      29   4.000   0.269   0.731   0.000   0.000
      30   5.000   0.423   0.577   0.000   0.000
      31   6.000   0.516   0.484   0.000   0.000
      32   6.000   0.546   0.454   0.000   0.000
      33   6.000   0.549   0.451   0.000   0.000
      34   4.000   0.529   0.471   0.000   0.000
      35   6.000   0.521   0.479   0.000   0.000
      36   6.000   0.485   0.515   0.000   0.000
  STRAIN   AVACS   PRITW   SECTW   MODE1   MODE2   MODE3   MODE4   TWFR3   EFFR3   TWFR4   EFFR4
   0.000   7.000   0.000   0.000   0.442   0.558   0.000   0.000   0.000   0.000   0.000   0.000
   0.001   7.000   0.000   0.000   0.441   0.559   0.000   0.000   0.000   0.000   0.000   0.000
   0.001   7.000   0.000   0.000   0.440   0.560   0.000   0.000   0.000   0.000   0.000   0.000
   0.002   7.000   0.000   0.000   0.439   0.561   0.000   0.000   0.000   0.000   0.000   0.000
   0.002   7.000   0.000   0.000   0.438   0.562   0.000   0.000   0.000   0.000   0.000   0.000
   0.003   7.000   0.000   0.000   0.437   0.563   0.000   0.000   0.000   0.000   0.000   0.000
   0.003   7.000   0.000   0.000   0.436   0.564   0.000   0.000   0.000   0.000   0.000   0.000
   0.004   7.000   0.000   0.000   0.436   0.564   0.000   0.000   0.000   0.000   0.000   0.000
   0.004   7.000   0.000   0.000   0.435   0.565   0.000   0.000   0.000   0.000   0.000   0.000
   0.005   7.000   0.000   0.000   0.435   0.565   0.000   0.000   0.000   0.000   0.000   0.000
   0.005   7.000   0.000   0.000   0.434   0.566   0.000   0.000   0.000   0.000   0.000   0.000
   0.006   7.000   0.000   0.000   0.434   0.566   0.000   0.000   0.000   0.000   0.000   0.000
   0.006   7.000   0.000   0.000   0.433   0.567   0.000   0.000   0.000   0.000   0.000   0.000
   0.007   7.000   0.000   0.000   0.433   0.567   0.000   0.000   0.000   0.000   0.000   0.000
   0.007   7.000   0.000   0.000   0.432   0.568   0.000   0.000   0.000   0.000   0.000   0.000
   0.008   7.000   0.000   0.000   0.432   0.568   0.000   0.000   0.000   0.000   0.000   0.000
   0.008   7.000   0.000   0.000   0.432   0.568   0.000   0.000   0.000   0.000   0.000   0.000
   0.009   7.000   0.000   0.000   0.431   0.569   0.000   0.000   0.000   0.000   0.000   0.000
   0.009   7.000   0.000   0.000   0.431   0.569   0.000   0.000   0.000   0.000   0.000   0.000
   0.010   7.000   0.000   0.000   0.431   0.569   0.000   0.000   0.000   0.000   0.000   0.000
   0.010   7.000   0.000   0.000   0.430   0.570   0.000   0.000   0.000   0.000   0.000   0.000
   0.011   7.000   0.000   0.000   0.430   0.570   0.000   0.000   0.000   0.000   0.000   0.000
   0.011   7.000   0.000   0.000   0.430   0.570   0.000   0.000   0.000   0.000   0.000   0.000
   0.012   7.000   0.000   0.000   0.429   0.571   0.000   0.000   0.000   0.000   0.000   0.000
   0.012   7.000   0.000   0.000   0.429   0.571   0.000   0.000   0.000   0.000   0.000   0.000
   0.013   7.000   0.000   0.000   0.429   0.571   0.000   0.000   0.000   0.000   0.000   0.000
   0.013   7.000   0.000   0.000   0.429   0.571   0.000   0.000   0.000   0.000   0.000   0.000
   0.014   7.000   0.000   0.000   0.428   0.572   0.000   0.000   0.000   0.000   0.000   0.000
   0.014   7.000   0.000   0.000   0.428   0.572   0.000   0.000   0.000   0.000   0.000   0.000
   0.015   7.000   0.000   0.000   0.428   0.572   0.000   0.000   0.000   0.000   0.000   0.000
   0.015   7.000   0.000   0.000   0.427   0.572   0.000   0.000   0.000   0.000   0.000   0.000
   0.016   7.000   0.000   0.000   0.427   0.573   0.000   0.000   0.000   0.000   0.000   0.000
   0.016   7.000   0.000   0.000   0.427   0.573   0.000   0.000   0.000   0.000   0.000   0.000
   0.017   7.000   0.000   0.000   0.427   0.573   0.000   0.000   0.000   0.000   0.000   0.000
   0.017   7.000   0.000   0.000   0.426   0.574   0.000   0.000   0.000   0.000   0.000   0.000
   0.018   7.000   0.000   0.000   0.426   0.574   0.000   0.000   0.000   0.000   0.000   0.000
   0.018   7.000   0.000   0.000   0.426   0.574   0.000   0.000   0.000   0.000   0.000   0.000
   0.019   7.000   0.000   0.000   0.426   0.574   0.000   0.000   0.000   0.000   0.000   0.000
   0.019   7.000   0.000   0.000   0.425   0.575   0.000   0.000   0.000   0.000   0.000   0.000
   0.020   7.000   0.000   0.000   0.425   0.575   0.000   0.000   0.000   0.000   0.000   0.000
   0.020   7.000   0.000   0.000   0.425   0.575   0.000   0.000   0.000   0.000   0.000   0.000
   0.021   7.000   0.000   0.000   0.424   0.576   0.000   0.000   0.000   0.000   0.000   0.000
   0.021   7.000   0.000   0.000   0.424   0.576   0.000   0.000   0.000   0.000   0.000   0.000
   0.022   7.000   0.000   0.000   0.424   0.576   0.000   0.000   0.000   0.000   0.000   0.000
   0.022   7.000   0.000   0.000   0.424   0.576   0.000   0.000   0.000   0.000   0.000   0.000
   0.023   7.000   0.000   0.000   0.423   0.577   0.000   0.000   0.000   0.000   0.000   0.000
   0.023   7.000   0.000   0.000   0.423   0.577   0.000   0.000   0.000   0.000   0.000   0.000
   0.024   7.000   0.000   0.000   0.423   0.577   0.000   0.000   0.000   0.000   0.000   0.000
   0.024   7.000   0.000   0.000   0.422   0.578   0.000   0.000   0.000   0.000   0.000   0.000
   0.025   7.000   0.000   0.000   0.422   0.578   0.000   0.000   0.000   0.000   0.000   0.000
   0.025   7.000   0.000   0.000   0.422   0.578   0.000   0.000   0.000   0.000   0.000   0.000
    STEP   AVACS   MODE1   MODE2   MODE3   MODE4
       1   7.000   0.422   0.578   0.000   0.000
       2   6.000   0.350   0.650   0.000   0.000
       3   5.000   0.240   0.760   0.000   0.000
       4   5.000   0.119   0.881   0.000   0.000
       5   6.000   0.141   0.859   0.000   0.000
       6   5.000   0.158   0.842   0.000   0.000
       7   6.000   0.173   0.827   0.000   0.000
       8   6.000   0.177   0.823   0.000   0.000
       9   5.000   0.170   0.830   0.000   0.000
      10   3.000   0.149   0.851   0.000   0.000
      11   4.000   0.268   0.732   0.000   0.000
      12   5.000   0.424   0.576   0.000   0.000
      13   6.000   0.514   0.486   0.000   0.000
      14   5.000   0.542   0.458   0.000   0.000
      15   5.000   0.525   0.475   0.000   0.000
      16   4.000   0.515   0.485   0.000   0.000
      17   6.000   0.503   0.497   0.000   0.000
      18   6.000   0.467   0.533   0.000   0.000
      19   7.000   0.422   0.578   0.000   0.000
      20   6.000   0.350   0.650   0.000   0.000
      21   5.000   0.240   0.760   0.000   0.000
      22   5.000   0.119   0.881   0.000   0.000
      23   6.000   0.141   0.859   0.000   0.000
      24   5.000   0.158   0.842   0.000   0.000
      25   6.000   0.173   0.827   0.000   0.000
      26   6.000   0.177   0.823   0.000   0.000
      27   5.000   0.170   0.830   0.000   0.000
      28   3.000   0.149   0.851   0.000   0.000
      29   4.000   0.268   0.732   0.000   0.000
      30   5.000   0.424   0.576   0.000   0.000
      31   6.000   0.514   0.486   0.000   0.000
      32   5.000   0.542   0.458   0.000   0.000
      33   5.000   0.525   0.475   0.000   0.000
      34   4.000   0.515   0.485   0.000   0.000
      35   6.000   0.503   0.497   0.000   0.000
      36   6.000   0.467   0.533   0.000   0.000
  STRAIN   AVACS   PRITW   SECTW   MODE1   MODE2   MODE3   MODE4   TWFR3   EFFR3   TWFR4   EFFR4
   0.025   7.000   0.000   0.000   0.422   0.578   0.000   0.000   0.000   0.000   0.000   0.000
   0.026   7.000   0.000   0.000   0.421   0.578   0.000   0.000   0.000   0.000   0.000   0.000
   0.026   7.000   0.000   0.000   0.421   0.579   0.000   0.000   0.000   0.000   0.000   0.000
   0.027   7.000   0.000   0.000   0.421   0.579   0.000   0.000   0.000   0.000   0.000   0.000
   0.027   7.000   0.000   0.000   0.420   0.579   0.000   0.000   0.000   0.000   0.000   0.000
   0.028   7.000   0.000   0.000   0.420   0.580   0.000   0.000   0.000   0.000   0.000   0.000
   0.028   7.000   0.000   0.000   0.420   0.580   0.000   0.000   0.000   0.000   0.000   0.000
   0.029   7.000   0.000   0.000   0.419   0.580   0.000   0.000   0.000   0.000   0.000   0.000
   0.029   7.000   0.000   0.000   0.419   0.580   0.000   0.000   0.000   0.000   0.000   0.000
   0.030   7.000   0.000   0.000   0.419   0.581   0.000   0.000   0.000   0.000   0.000   0.000
   0.030   7.000   0.000   0.000   0.419   0.581   0.000   0.000   0.000   0.000   0.000   0.000
   0.031   7.000   0.000   0.000   0.418   0.581   0.000   0.001   0.000   0.000   0.000   0.000
   0.031   7.000   0.000   0.000   0.418   0.582   0.000   0.001   0.000   0.000   0.000   0.000
   0.032   7.000   0.000   0.000   0.418   0.582   0.000   0.001   0.000   0.000   0.000   0.000
   0.032   7.000   0.000   0.000   0.417   0.582   0.000   0.001   0.000   0.000   0.000   0.000
   0.033   7.000   0.000   0.000   0.417   0.582   0.000   0.001   0.000   0.000   0.000   0.000
   0.033   7.000   0.000   0.000   0.416   0.583   0.000   0.001   0.000   0.000   0.000   0.000
   0.034   7.000   0.000   0.000   0.416   0.583   0.000   0.001   0.000   0.000   0.000   0.000
   0.034   7.000   0.000   0.000   0.416   0.583   0.000   0.001   0.000   0.000   0.000   0.000
   0.035   7.000   0.000   0.000   0.415   0.584   0.000   0.001   0.000   0.000   0.000   0.000
   0.035   7.000   0.000   0.000   0.415   0.584   0.000   0.001   0.000   0.000   0.000   0.000
   0.036   7.000   0.000   0.000   0.415   0.584   0.000   0.001   0.000   0.000   0.000   0.000
   0.036   7.000   0.000   0.000   0.414   0.585   0.000   0.001   0.000   0.000   0.000   0.000
   0.037   7.000   0.000   0.000   0.414   0.585   0.000   0.001   0.000   0.000   0.000   0.000
   0.037   7.000   0.000   0.000   0.414   0.585   0.000   0.001   0.000   0.000   0.000   0.000
   0.038   7.000   0.000   0.000   0.413   0.586   0.000   0.001   0.000   0.000   0.000   0.000
   0.038   7.000   0.000   0.000   0.413   0.586   0.000   0.001   0.000   0.000   0.000   0.000
   0.039   7.000   0.000   0.000   0.413   0.586   0.000   0.001   0.000   0.000   0.000   0.000
   0.039   7.000   0.000   0.000   0.412   0.586   0.000   0.001   0.000   0.000   0.000   0.000
   0.040   7.000   0.000   0.000   0.412   0.587   0.000   0.001   0.000   0.000   0.000   0.000
   0.040   7.000   0.000   0.000   0.412   0.587   0.000   0.001   0.000   0.000   0.000   0.000
   0.041   7.000   0.000   0.000   0.411   0.587   0.000   0.001   0.000   0.000   0.000   0.000
   0.041   7.000   0.000   0.000   0.411   0.588   0.000   0.002   0.000   0.000   0.000   0.000
   0.042   7.000   0.000   0.000   0.411   0.588   0.000   0.002   0.000   0.000   0.000   0.000
   0.042   7.000   0.000   0.000   0.410   0.588   0.000   0.002   0.000   0.000   0.000   0.000
   0.043   7.000   0.000   0.000   0.410   0.588   0.000   0.002   0.000   0.000   0.000   0.000
   0.043   7.000   0.000   0.000   0.409   0.589   0.000   0.002   0.000   0.000   0.000   0.000
   0.044   7.000   0.000   0.000   0.409   0.589   0.000   0.002   0.000   0.000   0.000   0.000
   0.044   7.000   0.000   0.000   0.409   0.589   0.000   0.002   0.000   0.000   0.000   0.000
   0.045   7.000   0.000   0.000   0.408   0.590   0.000   0.002   0.000   0.000   0.000   0.000
   0.045   7.000   0.000   0.000   0.408   0.590   0.000   0.002   0.000   0.000   0.000   0.000
   0.046   7.000   0.000   0.000   0.408   0.590   0.000   0.002   0.000   0.000   0.000   0.000
   0.046   7.000   0.000   0.000   0.407   0.590   0.000   0.002   0.000   0.000   0.000   0.000
   0.047   7.000   0.000   0.000   0.407   0.591   0.000   0.002   0.000   0.000   0.000   0.000
   0.047   7.000   0.000   0.000   0.407   0.591   0.000   0.002   0.000   0.000   0.000   0.000
   0.048   7.000   0.000   0.000   0.406   0.591   0.000   0.002   0.000   0.000   0.000   0.000
   0.048   7.000   0.000   0.000   0.406   0.592   0.000   0.003   0.000   0.000   0.000   0.000
   0.049   7.000   0.000   0.000   0.405   0.592   0.000   0.003   0.000   0.000   0.000   0.000
   0.049   7.000   0.000   0.000   0.405   0.592   0.000   0.003   0.000   0.000   0.000   0.000
   0.050   7.000   0.000   0.000   0.405   0.593   0.000   0.003   0.000   0.000   0.000   0.000
   0.050   7.000   0.000   0.000   0.404   0.593   0.000   0.003   0.000   0.000   0.000   0.000
    STEP   AVACS   MODE1   MODE2   MODE3   MODE4
       1   7.000   0.405   0.594   0.000   0.000
       2   5.000   0.333   0.667   0.000   0.000
       3   5.000   0.225   0.775   0.000   0.000
       4   5.000   0.107   0.892   0.000   0.000
       5   6.000   0.136   0.864   0.000   0.000
       6   5.000   0.158   0.842   0.000   0.000
       7   6.000   0.174   0.826   0.000   0.000
       8   6.000   0.177   0.822   0.000   0.000
       9   5.000   0.169   0.831   0.000   0.000
      10   4.000   0.147   0.852   0.000   0.000
      11   5.000   0.271   0.729   0.000   0.000
      12   5.000   0.426   0.574   0.000   0.000
      13   6.000   0.515   0.485   0.000   0.000
      14   5.000   0.540   0.460   0.000   0.000
      15   5.000   0.517   0.483   0.000   0.000
      16   4.000   0.504   0.496   0.000   0.001
      17   6.000   0.486   0.511   0.000   0.003
      18   6.000   0.449   0.548   0.000   0.003
      19   7.000   0.404   0.593   0.000   0.003
      20   5.000   0.333   0.666   0.000   0.002
      21   5.000   0.224   0.775   0.000   0.001
      22   5.000   0.107   0.892   0.000   0.001
      23   6.000   0.136   0.863   0.000   0.000
      24   5.000   0.158   0.841   0.000   0.000
      25   6.000   0.174   0.825   0.000   0.001
      26   6.000   0.178   0.822   0.000   0.001
      27   5.000   0.169   0.830   0.000   0.001
      28   4.000   0.147   0.852   0.000   0.000
      29   5.000   0.271   0.729   0.000   0.000
      30   5.000   0.426   0.573   0.000   0.001
      31   6.000   0.513   0.483   0.000   0.004
      32   5.000   0.539   0.457   0.000   0.004
      33   5.000   0.517   0.482   0.000   0.001
      34   4.000   0.504   0.496   0.000   0.000
      35   6.000   0.487   0.513   0.000   0.000
      36   6.000   0.450   0.550   0.000   0.000
  STRAIN   AVACS   PRITW   SECTW   MODE1   MODE2   MODE3   MODE4   TWFR3   EFFR3   TWFR4   EFFR4
   0.050   7.000   0.000   0.000   0.404   0.593   0.000   0.003   0.000   0.000   0.000   0.000
   0.051   7.000   0.000   0.000   0.404   0.593   0.000   0.003   0.000   0.000   0.000   0.000
   0.051   7.000   0.000   0.000   0.404   0.593   0.000   0.003   0.000   0.000   0.000   0.000
   0.052   7.000   0.000   0.000   0.403   0.594   0.000   0.003   0.000   0.000   0.001   0.000
   0.052   7.000   0.000   0.000   0.403   0.594   0.000   0.003   0.000   0.000   0.001   0.000
   0.053   7.000   0.000   0.000   0.403   0.594   0.000   0.003   0.000   0.000   0.001   0.000
   0.053   7.000   0.000   0.000   0.402   0.594   0.000   0.003   0.000   0.000   0.001   0.000
   0.054   7.000   0.000   0.000   0.402   0.595   0.000   0.003   0.000   0.000   0.001   0.000
   0.054   7.000   0.000   0.000   0.401   0.595   0.000   0.004   0.000   0.000   0.001   0.000
   0.055   7.000   0.000   0.000   0.401   0.595   0.000   0.004   0.000   0.000   0.001   0.000
   0.055   7.000   0.000   0.000   0.401   0.596   0.000   0.004   0.000   0.000   0.001   0.000
   0.056   7.000   0.000   0.000   0.400   0.596   0.000   0.004   0.000   0.000   0.001   0.000
   0.056   7.000   0.000   0.000   0.400   0.596   0.000   0.004   0.000   0.000   0.001   0.000
   0.057   7.000   0.000   0.000   0.400   0.597   0.000   0.004   0.000   0.000   0.001   0.000
   0.057   7.000   0.000   0.000   0.399   0.597   0.000   0.004   0.000   0.000   0.001   0.000
   0.058   7.000   0.000   0.000   0.399   0.597   0.000   0.004   0.000   0.000   0.001   0.000
   0.058   7.000   0.000   0.000   0.398   0.597   0.000   0.004   0.000   0.000   0.001   0.000
   0.059   7.000   0.000   0.000   0.398   0.598   0.000   0.004   0.000   0.000   0.001   0.000
   0.059   7.000   0.000   0.000   0.398   0.598   0.000   0.004   0.000   0.000   0.001   0.000
   0.060   7.000   0.000   0.000   0.397   0.598   0.000   0.004   0.000   0.000   0.001   0.000
   0.060   7.000   0.000   0.000   0.397   0.599   0.000   0.004   0.000   0.000   0.001   0.000
   0.061   7.000   0.000   0.000   0.397   0.599   0.000   0.005   0.000   0.000   0.001   0.000
   0.061   7.000   0.000   0.000   0.396   0.599   0.000   0.005   0.000   0.000   0.001   0.000
   0.062   7.000   0.000   0.000   0.396   0.599   0.000   0.005   0.000   0.000   0.001   0.000
   0.062   7.000   0.000   0.000   0.395   0.600   0.000   0.005   0.000   0.000   0.001   0.000
   0.063   7.000   0.000   0.000   0.395   0.600   0.000   0.005   0.000   0.000   0.001   0.000
   0.063   7.000   0.000   0.000   0.395   0.601   0.000   0.005   0.000   0.000   0.001   0.000
   0.064   7.000   0.000   0.000   0.394   0.601   0.000   0.005   0.000   0.000   0.001   0.000
   0.064   7.000   0.000   0.000   0.394   0.601   0.000   0.005   0.000   0.000   0.001   0.000
   0.065   7.000   0.000   0.000   0.393   0.601   0.000   0.005   0.000   0.000   0.001   0.000
   0.065   7.000   0.000   0.000   0.393   0.602   0.000   0.005   0.000   0.000   0.001   0.000
   0.066   7.000   0.000   0.000   0.393   0.602   0.000   0.005   0.000   0.000   0.001   0.000
   0.066   7.000   0.000   0.000   0.392   0.602   0.000   0.005   0.000   0.000   0.001   0.000
   0.067   7.000   0.000   0.000   0.392   0.603   0.000   0.005   0.000   0.000   0.001   0.000
   0.067   7.000   0.000   0.000   0.391   0.603   0.000   0.005   0.000   0.000   0.001   0.000
   0.068   7.000   0.000   0.000   0.391   0.603   0.000   0.006   0.000   0.000   0.002   0.000
   0.068   7.000   0.000   0.000   0.391   0.604   0.000   0.006   0.000   0.000   0.002   0.000
   0.069   7.000   0.000   0.000   0.390   0.604   0.000   0.006   0.000   0.000   0.002   0.000
   0.069   7.000   0.000   0.000   0.390   0.604   0.000   0.006   0.000   0.000   0.002   0.000
   0.070   7.000   0.000   0.000   0.390   0.605   0.000   0.006   0.000   0.000   0.002   0.000
   0.070   7.000   0.000   0.000   0.389   0.605   0.000   0.006   0.000   0.000   0.002   0.000
   0.071   7.000   0.000   0.000   0.389   0.605   0.000   0.006   0.000   0.000   0.002   0.000
   0.071   7.000   0.000   0.000   0.388   0.606   0.000   0.006   0.000   0.000   0.002   0.000
   0.072   7.000   0.000   0.000   0.388   0.606   0.000   0.006   0.000   0.000   0.002   0.000
   0.072   7.000   0.000   0.000   0.388   0.606   0.000   0.006   0.000   0.000   0.002   0.000
   0.073   7.000   0.000   0.000   0.387   0.607   0.000   0.006   0.000   0.000   0.002   0.000
   0.073   7.000   0.000   0.000   0.387   0.607   0.000   0.006   0.000   0.000   0.002   0.000
   0.074   7.000   0.000   0.000   0.387   0.607   0.000   0.006   0.000   0.000   0.002   0.000
   0.074   7.000   0.000   0.000   0.386   0.608   0.000   0.006   0.000   0.000   0.002   0.000
   0.075   7.000   0.000   0.000   0.386   0.608   0.000   0.006   0.000   0.000   0.002   0.000
   0.075   7.000   0.000   0.000   0.385   0.608   0.000   0.006   0.000   0.000   0.002   0.000
    STEP   AVACS   MODE1   MODE2   MODE3   MODE4
       1   7.000   0.388   0.612   0.000   0.000
       2   5.000   0.315   0.685   0.000   0.000
       3   5.000   0.207   0.793   0.000   0.000
       4   4.000   0.089   0.911   0.000   0.000
       5   6.000   0.129   0.871   0.000   0.000
       6   6.000   0.153   0.847   0.000   0.000
       7   6.000   0.169   0.830   0.000   0.000
       8   6.000   0.174   0.826   0.000   0.000
       9   4.000   0.165   0.834   0.000   0.000
      10   4.000   0.153   0.847   0.000   0.000
      11   5.000   0.273   0.727   0.000   0.000
      12   5.000   0.429   0.571   0.000   0.000
      13   7.000   0.514   0.486   0.000   0.000
      14   5.000   0.537   0.463   0.000   0.000
      15   4.000   0.505   0.495   0.000   0.000
      16   4.000   0.490   0.508   0.000   0.002
      17   6.000   0.469   0.526   0.000   0.006
      18   6.000   0.431   0.562   0.000   0.007
      19   7.000   0.385   0.608   0.000   0.006
      20   5.000   0.313   0.683   0.000   0.004
      21   5.000   0.206   0.792   0.000   0.002
      22   4.000   0.088   0.910   0.000   0.001
      23   6.000   0.129   0.871   0.000   0.000
      24   6.000   0.153   0.846   0.000   0.001
      25   6.000   0.170   0.829   0.000   0.001
      26   6.000   0.174   0.825   0.000   0.001
      27   4.000   0.166   0.833   0.000   0.001
      28   4.000   0.153   0.846   0.000   0.000
      29   5.000   0.273   0.727   0.000   0.000
      30   5.000   0.427   0.570   0.000   0.003
      31   7.000   0.511   0.480   0.000   0.009
      32   5.000   0.535   0.457   0.000   0.008
      33   4.000   0.504   0.494   0.000   0.002
      34   4.000   0.491   0.509   0.000   0.000
      35   6.000   0.471   0.529   0.000   0.000
      36   6.000   0.433   0.567   0.000   0.000
  STRAIN   AVACS   PRITW   SECTW   MODE1   MODE2   MODE3   MODE4   TWFR3   EFFR3   TWFR4   EFFR4
   0.075   7.000   0.000   0.000   0.385   0.608   0.000   0.006   0.000   0.000   0.002   0.000
   0.076   7.000   0.000   0.000   0.385   0.609   0.000   0.006   0.000   0.000   0.002   0.000
   0.076   7.000   0.000   0.000   0.385   0.609   0.000   0.006   0.000   0.000   0.002   0.000
   0.077   7.000   0.000   0.000   0.384   0.609   0.000   0.006   0.000   0.000   0.002   0.000
   0.077   7.000   0.000   0.000   0.384   0.610   0.000   0.006   0.000   0.000   0.002   0.000
   0.078   7.000   0.000   0.000   0.383   0.610   0.000   0.006   0.000   0.000   0.002   0.000
   0.078   7.000   0.000   0.000   0.383   0.610   0.000   0.006   0.000   0.000   0.002   0.000
   0.079   7.000   0.000   0.000   0.383   0.611   0.000   0.006   0.000   0.000   0.002   0.000
   0.079   7.000   0.000   0.000   0.382   0.611   0.000   0.007   0.000   0.000   0.003   0.000
   0.080   7.000   0.000   0.000   0.382   0.611   0.000   0.007   0.000   0.000   0.003   0.000
   0.080   7.000   0.000   0.000   0.382   0.612   0.000   0.007   0.000   0.000   0.003   0.000
   0.081   7.000   0.000   0.000   0.381   0.612   0.000   0.007   0.000   0.000   0.003   0.000
   0.081   7.000   0.000   0.000   0.381   0.613   0.000   0.007   0.000   0.000   0.003   0.000
   0.082   7.000   0.000   0.000   0.380   0.613   0.000   0.007   0.000   0.000   0.003   0.000
   0.082   7.000   0.000   0.000   0.380   0.613   0.000   0.007   0.000   0.000   0.003   0.000
   0.083   7.000   0.000   0.000   0.380   0.614   0.000   0.007   0.000   0.000   0.003   0.000
   0.083   7.000   0.000   0.000   0.379   0.614   0.000   0.007   0.000   0.000   0.003   0.000
   0.084   7.000   0.000   0.000   0.379   0.614   0.000   0.007   0.000   0.000   0.003   0.000
   0.084   7.000   0.000   0.000   0.379   0.615   0.000   0.007   0.000   0.000   0.003   0.000
   0.085   7.000   0.000   0.000   0.378   0.615   0.000   0.007   0.000   0.000   0.003   0.000
   0.085   7.000   0.000   0.000   0.378   0.615   0.000   0.007   0.000   0.000   0.003   0.000
   0.086   7.000   0.000   0.000   0.378   0.616   0.000   0.007   0.000   0.000   0.003   0.000
   0.086   7.000   0.000   0.000   0.377   0.616   0.000   0.007   0.000   0.000   0.003   0.000
   0.087   7.000   0.000   0.000   0.377   0.617   0.000   0.007   0.000   0.000   0.003   0.000
   0.087   7.000   0.000   0.000   0.376   0.617   0.000   0.007   0.000   0.000   0.003   0.000
   0.088   7.000   0.000   0.000   0.376   0.617   0.000   0.007   0.000   0.000   0.003   0.000
   0.088   7.000   0.000   0.000   0.376   0.618   0.000   0.007   0.000   0.000   0.003   0.000
   0.089   7.000   0.000   0.000   0.375   0.618   0.000   0.007   0.000   0.000   0.003   0.000
   0.089   7.000   0.000   0.000   0.375   0.618   0.000   0.007   0.000   0.000   0.003   0.000
   0.090   7.000   0.000   0.000   0.374   0.619   0.000   0.007   0.000   0.000   0.004   0.000
   0.090   7.000   0.000   0.000   0.374   0.619   0.000   0.007   0.000   0.000   0.004   0.000
   0.091   7.000   0.000   0.000   0.374   0.620   0.000   0.007   0.000   0.000   0.004   0.000
   0.091   7.000   0.000   0.000   0.373   0.620   0.000   0.007   0.000   0.000   0.004   0.000
   0.092   7.000   0.000   0.000   0.373   0.620   0.000   0.007   0.000   0.000   0.004   0.000
   0.092   7.000   0.000   0.000   0.373   0.621   0.000   0.007   0.000   0.000   0.004   0.000
   0.093   7.000   0.000   0.000   0.372   0.621   0.000   0.007   0.000   0.000   0.004   0.000
   0.093   7.000   0.000   0.000   0.372   0.621   0.000   0.007   0.000   0.000   0.004   0.000
   0.094   7.000   0.000   0.000   0.372   0.622   0.000   0.007   0.000   0.000   0.004   0.000
   0.094   7.000   0.000   0.000   0.371   0.622   0.000   0.007   0.000   0.000   0.004   0.000
   0.095   7.000   0.000   0.000   0.371   0.623   0.000   0.007   0.000   0.000   0.004   0.000
   0.095   7.000   0.000   0.000   0.370   0.623   0.000   0.007   0.000   0.000   0.004   0.000
   0.096   7.000   0.000   0.000   0.370   0.623   0.000   0.007   0.000   0.000   0.004   0.000
   0.096   7.000   0.000   0.000   0.370   0.624   0.000   0.007   0.000   0.000   0.004   0.000
   0.097   7.000   0.000   0.000   0.369   0.624   0.000   0.007   0.000   0.000   0.004   0.000
   0.097   7.000   0.000   0.000   0.369   0.624   0.000   0.007   0.000   0.000   0.004   0.000
   0.098   7.000   0.000   0.000   0.369   0.625   0.000   0.007   0.000   0.000   0.004   0.000
   0.098   7.000   0.000   0.000   0.368   0.625   0.000   0.007   0.000   0.000   0.004   0.000
   0.099   7.000   0.000   0.000   0.368   0.626   0.000   0.007   0.000   0.000   0.004   0.000
   0.099   7.000   0.000   0.000   0.368   0.626   0.000   0.007   0.000   0.000   0.004   0.000
   0.100   7.000   0.000   0.000   0.367   0.626   0.000   0.006   0.000   0.000   0.005   0.000
   0.100   7.000   0.000   0.000   0.367   0.627   0.000   0.006   0.000   0.000   0.005   0.000
    STEP   AVACS   MODE1   MODE2   MODE3   MODE4
       1   7.000   0.369   0.631   0.000   0.000
       2   5.000   0.296   0.704   0.000   0.000
       3   5.000   0.189   0.811   0.000   0.000
       4   4.000   0.068   0.932   0.000   0.000
       5   6.000   0.120   0.880   0.000   0.000
       6   6.000   0.145   0.854   0.000   0.000
       7   5.000   0.162   0.838   0.000   0.000
       8   6.000   0.168   0.831   0.000   0.000
       9   4.000   0.162   0.838   0.000   0.000
      10   4.000   0.166   0.833   0.000   0.001
      11   5.000   0.275   0.725   0.000   0.000
      12   5.000   0.431   0.569   0.000   0.000
      13   7.000   0.513   0.487   0.000   0.000
      14   5.000   0.534   0.466   0.000   0.000
      15   4.000   0.496   0.504   0.000   0.000
      16   4.000   0.476   0.521   0.000   0.003
      17   6.000   0.451   0.542   0.000   0.007
      18   6.000   0.413   0.579   0.000   0.007
      19   7.000   0.367   0.627   0.000   0.006
      20   5.000   0.294   0.702   0.000   0.004
      21   5.000   0.188   0.810   0.000   0.002
      22   4.000   0.068   0.931   0.000   0.001
      23   6.000   0.120   0.880   0.000   0.000
      24   6.000   0.146   0.854   0.000   0.001
      25   5.000   0.162   0.837   0.000   0.001
      26   6.000   0.168   0.831   0.000   0.001
      27   4.000   0.162   0.837   0.000   0.001
      28   4.000   0.167   0.833   0.000   0.000
      29   5.000   0.275   0.725   0.000   0.000
      30   5.000   0.429   0.567   0.000   0.004
      31   7.000   0.510   0.480   0.000   0.010
      32   5.000   0.531   0.460   0.000   0.009
      33   4.000   0.495   0.503   0.000   0.002
      34   4.000   0.477   0.523   0.000   0.000
      35   6.000   0.453   0.547   0.000   0.000
      36   6.000   0.416   0.584   0.000   0.000
  STRAIN   AVACS   PRITW   SECTW   MODE1   MODE2   MODE3   MODE4   TWFR3   EFFR3   TWFR4   EFFR4
   0.100   7.000   0.000   0.000   0.367   0.627   0.000   0.006   0.000   0.000   0.005   0.000
   0.101   7.000   0.000   0.000   0.366   0.627   0.000   0.006   0.000   0.000   0.005   0.000
   0.101   7.000   0.000   0.000   0.366   0.628   0.000   0.006   0.000   0.000   0.005   0.000
   0.102   7.000   0.000   0.000   0.366   0.628   0.000   0.006   0.000   0.000   0.005   0.000
   0.102   7.000   0.000   0.000   0.365   0.628   0.000   0.006   0.000   0.000   0.005   0.000
   0.103   7.000   0.000   0.000   0.365   0.629   0.000   0.006   0.000   0.000   0.005   0.000
   0.103   7.000   0.000   0.000   0.365   0.629   0.000   0.006   0.000   0.000   0.005   0.000
   0.104   7.000   0.000   0.000   0.364   0.630   0.000   0.006   0.000   0.000   0.005   0.000
   0.104   7.000   0.000   0.000   0.364   0.630   0.000   0.006   0.000   0.000   0.005   0.000
   0.105   7.000   0.000   0.000   0.363   0.630   0.000   0.006   0.000   0.000   0.005   0.000
   0.105   7.000   0.000   0.000   0.363   0.631   0.000   0.006   0.000   0.000   0.005   0.000
   0.106   7.000   0.000   0.000   0.363   0.631   0.000   0.006   0.000   0.000   0.005   0.000
   0.106   7.000   0.000   0.000   0.362   0.632   0.000   0.006   0.000   0.000   0.005   0.000
   0.107   7.000   0.000   0.000   0.362   0.632   0.000   0.006   0.000   0.000   0.005   0.000
   0.107   7.000   0.000   0.000   0.362   0.632   0.000   0.006   0.000   0.000   0.005   0.000
   0.108   7.000   0.000   0.000   0.361   0.633   0.000   0.006   0.000   0.000   0.005   0.000
   0.108   7.000   0.000   0.000   0.361   0.633   0.000   0.006   0.000   0.000   0.005   0.000
   0.109   7.000   0.000   0.000   0.361   0.634   0.000   0.006   0.000   0.000   0.005   0.000
   0.109   7.000   0.000   0.000   0.360   0.634   0.000   0.006   0.000   0.000   0.005   0.000
   0.110   7.000   0.000   0.000   0.360   0.634   0.000   0.006   0.000   0.000   0.005   0.000
   0.110   7.000   0.000   0.000   0.359   0.635   0.000   0.006   0.000   0.000   0.005   0.000
   0.111   7.000   0.000   0.000   0.359   0.635   0.000   0.006   0.000   0.000   0.006   0.000
   0.111   7.000   0.000   0.000   0.359   0.636   0.000   0.006   0.000   0.000   0.006   0.000
   0.112   7.000   0.000   0.000   0.358   0.636   0.000   0.006   0.000   0.000   0.006   0.000
   0.112   7.000   0.000   0.000   0.358   0.636   0.000   0.006   0.000   0.000   0.006   0.000
   0.113   7.000   0.000   0.000   0.358   0.637   0.000   0.006   0.000   0.000   0.006   0.000
   0.113   7.000   0.000   0.000   0.357   0.637   0.000   0.006   0.000   0.000   0.006   0.000
   0.114   7.000   0.000   0.000   0.357   0.638   0.000   0.006   0.000   0.000   0.006   0.000
   0.114   7.000   0.000   0.000   0.356   0.638   0.000   0.006   0.000   0.000   0.006   0.000
   0.115   7.000   0.000   0.000   0.356   0.638   0.000   0.006   0.000   0.000   0.006   0.000
   0.115   7.000   0.000   0.000   0.356   0.639   0.000   0.006   0.000   0.000   0.006   0.000
   0.116   7.000   0.000   0.000   0.355   0.639   0.000   0.005   0.000   0.000   0.006   0.000
   0.116   7.000   0.000   0.000   0.355   0.640   0.000   0.005   0.000   0.000   0.006   0.000
   0.117   7.000   0.000   0.000   0.355   0.640   0.000   0.005   0.000   0.000   0.006   0.000
   0.117   7.000   0.000   0.000   0.354   0.640   0.000   0.005   0.000   0.000   0.006   0.000
   0.118   7.000   0.000   0.000   0.354   0.641   0.000   0.005   0.000   0.000   0.006   0.000
   0.118   7.000   0.000   0.000   0.354   0.641   0.000   0.005   0.000   0.000   0.006   0.000
   0.119   7.000   0.000   0.000   0.353   0.642   0.000   0.005   0.000   0.000   0.006   0.000
   0.119   7.000   0.000   0.000   0.353   0.642   0.000   0.005   0.000   0.000   0.006   0.000
   0.120   7.000   0.000   0.000   0.352   0.642   0.000   0.005   0.000   0.000   0.006   0.000
   0.120   7.000   0.000   0.000   0.352   0.643   0.000   0.005   0.000   0.000   0.006   0.000
   0.121   7.000   0.000   0.000   0.352   0.643   0.000   0.005   0.000   0.000   0.006   0.000
   0.121   7.000   0.000   0.000   0.351   0.644   0.000   0.005   0.000   0.000   0.006   0.000
   0.122   7.000   0.000   0.000   0.351   0.644   0.000   0.005   0.000   0.000   0.006   0.000
   0.122   7.000   0.000   0.000   0.351   0.644   0.000   0.005   0.000   0.000   0.006   0.000
   0.123   7.000   0.000   0.000   0.350   0.645   0.000   0.005   0.000   0.000   0.006   0.000
   0.123   7.000   0.000   0.000   0.350   0.645   0.000   0.005   0.000   0.000   0.007   0.000
   0.124   7.000   0.000   0.000   0.350   0.646   0.000   0.005   0.000   0.000   0.007   0.000
   0.124   7.000   0.000   0.000   0.349   0.646   0.000   0.005   0.000   0.000   0.007   0.000
   0.125   7.000   0.000   0.000   0.349   0.646   0.000   0.005   0.000   0.000   0.007   0.000
   0.125   7.000   0.000   0.000   0.348   0.647   0.000   0.005   0.000   0.000   0.007   0.000
    STEP   AVACS   MODE1   MODE2   MODE3   MODE4
       1   7.000   0.350   0.650   0.000   0.000
       2   5.000   0.277   0.723   0.000   0.000
       3   5.000   0.170   0.830   0.000   0.000
       4   4.000   0.047   0.953   0.000   0.000
       5   6.000   0.110   0.890   0.000   0.000
       6   6.000   0.138   0.862   0.000   0.000
       7   6.000   0.154   0.845   0.000   0.000
       8   5.000   0.162   0.837   0.000   0.000
       9   4.000   0.163   0.837   0.000   0.000
      10   4.000   0.179   0.820   0.000   0.001
      11   5.000   0.276   0.724   0.000   0.000
      12   5.000   0.432   0.568   0.000   0.000
      13   7.000   0.512   0.488   0.000   0.000
      14   6.000   0.529   0.471   0.000   0.000
      15   4.000   0.485   0.515   0.000   0.000
      16   5.000   0.461   0.536   0.000   0.003
      17   6.000   0.434   0.561   0.000   0.005
      18   6.000   0.396   0.599   0.000   0.006
      19   7.000   0.348   0.647   0.000   0.005
      20   5.000   0.275   0.722   0.000   0.003
      21   5.000   0.170   0.829   0.000   0.001
      22   4.000   0.047   0.952   0.000   0.001
      23   6.000   0.110   0.890   0.000   0.000
      24   6.000   0.138   0.861   0.000   0.000
      25   6.000   0.155   0.845   0.000   0.001
      26   5.000   0.163   0.837   0.000   0.001
      27   4.000   0.163   0.837   0.000   0.000
      28   4.000   0.180   0.820   0.000   0.000
      29   5.000   0.276   0.723   0.000   0.000
      30   5.000   0.431   0.566   0.000   0.003
      31   7.000   0.509   0.483   0.000   0.008
      32   6.000   0.527   0.466   0.000   0.007
      33   4.000   0.485   0.514   0.000   0.001
      34   5.000   0.462   0.538   0.000   0.000
      35   6.000   0.436   0.564   0.000   0.000
      36   6.000   0.398   0.602   0.000   0.000
