TEXTURE AT STRAIN =    0.0250
   0.988   1.025   0.988  <-- length of phase ellipsoid axes
  103.23   90.00   -0.00  <-- Euler angles (deg) of phase ellipsoid axes
B         1
   75.01  109.82  102.57   1.0000000
TEXTURE AT STRAIN =    0.0500
   0.975   1.051   0.975  <-- length of phase ellipsoid axes
   90.41   90.00   -0.00  <-- Euler angles (deg) of phase ellipsoid axes
B         1
   74.72  110.95  102.97   1.0000000
TEXTURE AT STRAIN =    0.0750
   0.963   1.078   0.963  <-- length of phase ellipsoid axes
   98.66   90.00   -0.00  <-- Euler angles (deg) of phase ellipsoid axes
B         1
   74.40  112.15  103.38   1.0000000
TEXTURE AT STRAIN =    0.1000
   0.951   1.105   0.951  <-- length of phase ellipsoid axes
  126.16   90.00   -0.00  <-- Euler angles (deg) of phase ellipsoid axes
B         1
   74.07  113.40  103.80   1.0000000
TEXTURE AT STRAIN =    0.1250
   0.939   1.133   0.939  <-- length of phase ellipsoid axes
  130.01   90.00   -0.00  <-- Euler angles (deg) of phase ellipsoid axes
B         1
   73.72  114.72  104.20   1.0000000
