          Evm          Svm            E11          E22          E33          E23          E13          E12         SDEV11       SDEV22       SDEV33       SDEV23       SDEV13       SDEV12      TEMP
  0.00000E+00  0.45933E+03    0.00000E+00  0.00000E+00  0.00000E+00  0.00000E+00  0.00000E+00  0.00000E+00   -0.25553E+02 -0.18737E+03  0.21293E+03 -0.17244E+03 -0.64099E+01  0.12788E+01      298.00
  0.34767E-03  0.46819E+03   -0.25000E-03 -0.25000E-03  0.50000E-03  0.00000E+00  0.00000E+00  0.00000E+00   -0.28366E+02 -0.18987E+03  0.21824E+03 -0.17542E+03 -0.71701E+01  0.19136E+01      298.00
  0.69726E-03  0.47683E+03   -0.50000E-03 -0.50000E-03  0.10000E-02  0.00000E+00  0.00000E+00  0.00000E+00   -0.30826E+02 -0.19248E+03  0.22331E+03 -0.17830E+03 -0.77128E+01  0.22933E+01      298.00
  0.10485E-02  0.48524E+03   -0.75000E-03 -0.75000E-03  0.15000E-02  0.00000E+00  0.00000E+00  0.00000E+00   -0.33005E+02 -0.19516E+03  0.22816E+03 -0.18109E+03 -0.82454E+01  0.27369E+01      298.00
  0.14012E-02  0.49359E+03   -0.10000E-02 -0.10000E-02  0.20000E-02  0.00000E+00  0.00000E+00  0.00000E+00   -0.34962E+02 -0.19793E+03  0.23289E+03 -0.18387E+03 -0.87083E+01  0.30875E+01      298.00
  0.17550E-02  0.50172E+03   -0.12500E-02 -0.12500E-02  0.25000E-02  0.00000E+00  0.00000E+00  0.00000E+00   -0.36701E+02 -0.20073E+03  0.23743E+03 -0.18656E+03 -0.91474E+01  0.34504E+01      298.00
  0.21100E-02  0.50981E+03   -0.15000E-02 -0.15000E-02  0.30000E-02  0.00000E+00  0.00000E+00  0.00000E+00   -0.38271E+02 -0.20360E+03  0.24187E+03 -0.18926E+03 -0.95405E+01  0.37551E+01      298.00
  0.24658E-02  0.51777E+03   -0.17500E-02 -0.17500E-02  0.35000E-02  0.00000E+00  0.00000E+00  0.00000E+00   -0.39680E+02 -0.20651E+03  0.24619E+03 -0.19191E+03 -0.98825E+01  0.39944E+01      298.00
  0.28224E-02  0.52559E+03   -0.20000E-02 -0.20000E-02  0.40000E-02  0.00000E+00  0.00000E+00  0.00000E+00   -0.40948E+02 -0.20945E+03  0.25040E+03 -0.19452E+03 -0.10208E+02  0.42323E+01      298.00
  0.31797E-02  0.53341E+03   -0.22500E-02 -0.22500E-02  0.45000E-02  0.00000E+00  0.00000E+00  0.00000E+00   -0.42103E+02 -0.21244E+03  0.25454E+03 -0.19714E+03 -0.10499E+02  0.44226E+01      298.00
  0.35376E-02  0.54102E+03   -0.25000E-02 -0.25000E-02  0.50000E-02  0.00000E+00  0.00000E+00  0.00000E+00   -0.43136E+02 -0.21542E+03  0.25856E+03 -0.19967E+03 -0.10790E+02  0.46461E+01      298.00
  0.38960E-02  0.54846E+03   -0.27500E-02 -0.27500E-02  0.55000E-02  0.00000E+00  0.00000E+00  0.00000E+00   -0.44078E+02 -0.21838E+03  0.26246E+03 -0.20215E+03 -0.11021E+02  0.47656E+01      298.00
  0.42549E-02  0.55582E+03   -0.30000E-02 -0.30000E-02  0.60000E-02  0.00000E+00  0.00000E+00  0.00000E+00   -0.44923E+02 -0.22138E+03  0.26630E+03 -0.20459E+03 -0.11161E+02  0.47340E+01      298.00
  0.46143E-02  0.56311E+03   -0.32500E-02 -0.32500E-02  0.65000E-02  0.00000E+00  0.00000E+00  0.00000E+00   -0.45702E+02 -0.22438E+03  0.27008E+03 -0.20702E+03 -0.11396E+02  0.48969E+01      298.00
  0.49740E-02  0.57028E+03   -0.35000E-02 -0.35000E-02  0.70000E-02  0.00000E+00  0.00000E+00  0.00000E+00   -0.46410E+02 -0.22737E+03  0.27378E+03 -0.20939E+03 -0.11574E+02  0.49650E+01      298.00
  0.53341E-02  0.57735E+03   -0.37500E-02 -0.37500E-02  0.75000E-02  0.00000E+00  0.00000E+00  0.00000E+00   -0.47058E+02 -0.23036E+03  0.27742E+03 -0.21173E+03 -0.11728E+02  0.49977E+01      298.00
  0.56944E-02  0.58475E+03   -0.40000E-02 -0.40000E-02  0.80000E-02  0.00000E+00  0.00000E+00  0.00000E+00   -0.47665E+02 -0.23350E+03  0.28116E+03 -0.21421E+03 -0.11911E+02  0.51186E+01      298.00
  0.60551E-02  0.59120E+03   -0.42500E-02 -0.42500E-02  0.85000E-02  0.00000E+00  0.00000E+00  0.00000E+00   -0.48207E+02 -0.23630E+03  0.28451E+03 -0.21629E+03 -0.12028E+02  0.50735E+01      298.00
  0.64160E-02  0.59840E+03   -0.45000E-02 -0.45000E-02  0.90000E-02  0.00000E+00  0.00000E+00  0.00000E+00   -0.48723E+02 -0.23941E+03  0.28814E+03 -0.21869E+03 -0.12189E+02  0.51709E+01      298.00
  0.67771E-02  0.60509E+03   -0.47500E-02 -0.47500E-02  0.95000E-02  0.00000E+00  0.00000E+00  0.00000E+00   -0.49197E+02 -0.24234E+03  0.29154E+03 -0.22088E+03 -0.12327E+02  0.52028E+01      298.00
  0.71385E-02  0.61167E+03   -0.50000E-02 -0.50000E-02  0.10000E-01  0.00000E+00  0.00000E+00  0.00000E+00   -0.49632E+02 -0.24527E+03  0.29490E+03 -0.22303E+03 -0.12351E+02  0.50261E+01      298.00
  0.75001E-02  0.61832E+03   -0.52500E-02 -0.52500E-02  0.10500E-01  0.00000E+00  0.00000E+00  0.00000E+00   -0.50075E+02 -0.24818E+03  0.29826E+03 -0.22522E+03 -0.12554E+02  0.51841E+01      298.00
  0.78619E-02  0.62473E+03   -0.55000E-02 -0.55000E-02  0.11000E-01  0.00000E+00  0.00000E+00  0.00000E+00   -0.50466E+02 -0.25105E+03  0.30152E+03 -0.22730E+03 -0.12669E+02  0.51932E+01      298.00
  0.82238E-02  0.63000E+03   -0.57500E-02 -0.57500E-02  0.11500E-01  0.00000E+00  0.00000E+00  0.00000E+00   -0.50733E+02 -0.25359E+03  0.30432E+03 -0.22884E+03 -0.12740E+02  0.51137E+01      298.00
  0.85861E-02  0.63732E+03   -0.60000E-02 -0.60000E-02  0.12000E-01  0.00000E+00  0.00000E+00  0.00000E+00   -0.51170E+02 -0.25675E+03  0.30792E+03 -0.23135E+03 -0.12852E+02  0.51330E+01      298.00
  0.89485E-02  0.64348E+03   -0.62500E-02 -0.62500E-02  0.12500E-01  0.00000E+00  0.00000E+00  0.00000E+00   -0.51501E+02 -0.25956E+03  0.31106E+03 -0.23332E+03 -0.12954E+02  0.51280E+01      298.00
  0.93110E-02  0.64855E+03   -0.65000E-02 -0.65000E-02  0.13000E-01  0.00000E+00  0.00000E+00  0.00000E+00   -0.51722E+02 -0.26203E+03  0.31375E+03 -0.23478E+03 -0.13029E+02  0.50685E+01      298.00
  0.96739E-02  0.65546E+03   -0.67500E-02 -0.67500E-02  0.13500E-01  0.00000E+00  0.00000E+00  0.00000E+00   -0.52082E+02 -0.26509E+03  0.31718E+03 -0.23709E+03 -0.13182E+02  0.51892E+01      298.00
  0.10037E-01  0.66160E+03   -0.70000E-02 -0.70000E-02  0.14000E-01  0.00000E+00  0.00000E+00  0.00000E+00   -0.52414E+02 -0.26787E+03  0.32029E+03 -0.23908E+03 -0.13214E+02  0.50182E+01      298.00
  0.10400E-01  0.66732E+03   -0.72500E-02 -0.72500E-02  0.14500E-01  0.00000E+00  0.00000E+00  0.00000E+00   -0.52667E+02 -0.27056E+03  0.32323E+03 -0.24085E+03 -0.13292E+02  0.50063E+01      298.00
  0.10763E-01  0.67298E+03   -0.75000E-02 -0.75000E-02  0.15000E-01  0.00000E+00  0.00000E+00  0.00000E+00   -0.52911E+02 -0.27323E+03  0.32614E+03 -0.24259E+03 -0.13400E+02  0.50414E+01      298.00
  0.11127E-01  0.67889E+03   -0.77500E-02 -0.77500E-02  0.15500E-01  0.00000E+00  0.00000E+00  0.00000E+00   -0.53204E+02 -0.27594E+03  0.32914E+03 -0.24447E+03 -0.13474E+02  0.49715E+01      298.00
  0.11490E-01  0.68447E+03   -0.80000E-02 -0.80000E-02  0.16000E-01  0.00000E+00  0.00000E+00  0.00000E+00   -0.53451E+02 -0.27858E+03  0.33203E+03 -0.24620E+03 -0.13356E+02  0.45677E+01      298.00
  0.11854E-01  0.68905E+03   -0.82500E-02 -0.82500E-02  0.16500E-01  0.00000E+00  0.00000E+00  0.00000E+00   -0.53618E+02 -0.28088E+03  0.33450E+03 -0.24745E+03 -0.13446E+02  0.45385E+01      298.00
  0.12218E-01  0.69530E+03   -0.85000E-02 -0.85000E-02  0.17000E-01  0.00000E+00  0.00000E+00  0.00000E+00   -0.53894E+02 -0.28375E+03  0.33764E+03 -0.24947E+03 -0.13494E+02  0.44905E+01      298.00
  0.12582E-01  0.70072E+03   -0.87500E-02 -0.87500E-02  0.17500E-01  0.00000E+00  0.00000E+00  0.00000E+00   -0.54134E+02 -0.28630E+03  0.34043E+03 -0.25112E+03 -0.13766E+02  0.48384E+01      298.00
  0.12947E-01  0.70624E+03   -0.90000E-02 -0.90000E-02  0.18000E-01  0.00000E+00  0.00000E+00  0.00000E+00   -0.54395E+02 -0.28888E+03  0.34327E+03 -0.25283E+03 -0.13770E+02  0.46429E+01      298.00
  0.13311E-01  0.71148E+03   -0.92500E-02 -0.92500E-02  0.18500E-01  0.00000E+00  0.00000E+00  0.00000E+00   -0.54623E+02 -0.29138E+03  0.34600E+03 -0.25441E+03 -0.13796E+02  0.45214E+01      298.00
  0.13676E-01  0.71574E+03   -0.95000E-02 -0.95000E-02  0.19000E-01  0.00000E+00  0.00000E+00  0.00000E+00   -0.54769E+02 -0.29356E+03  0.34833E+03 -0.25553E+03 -0.13776E+02  0.42920E+01      298.00
  0.14041E-01  0.72160E+03   -0.97500E-02 -0.97500E-02  0.19500E-01  0.00000E+00  0.00000E+00  0.00000E+00   -0.55022E+02 -0.29629E+03  0.35132E+03 -0.25737E+03 -0.13840E+02  0.42768E+01      298.00
  0.14406E-01  0.72668E+03   -0.10000E-01 -0.10000E-01  0.20000E-01  0.00000E+00  0.00000E+00  0.00000E+00   -0.55243E+02 -0.29872E+03  0.35396E+03 -0.25887E+03 -0.14129E+02  0.46635E+01      298.00
  0.14771E-01  0.73183E+03   -0.10250E-01 -0.10250E-01  0.20500E-01  0.00000E+00  0.00000E+00  0.00000E+00   -0.55487E+02 -0.30117E+03  0.35665E+03 -0.26042E+03 -0.14067E+02  0.43469E+01      298.00
  0.15137E-01  0.73676E+03   -0.10500E-01 -0.10500E-01  0.21000E-01  0.00000E+00  0.00000E+00  0.00000E+00   -0.55706E+02 -0.30354E+03  0.35924E+03 -0.26186E+03 -0.14280E+02  0.45911E+01      298.00
  0.15503E-01  0.74071E+03   -0.10750E-01 -0.10750E-01  0.21500E-01  0.00000E+00  0.00000E+00  0.00000E+00   -0.55842E+02 -0.30561E+03  0.36145E+03 -0.26285E+03 -0.14116E+02  0.40944E+01      298.00
  0.15869E-01  0.74547E+03   -0.11000E-01 -0.11000E-01  0.22000E-01  0.00000E+00  0.00000E+00  0.00000E+00   -0.56043E+02 -0.30793E+03  0.36398E+03 -0.26420E+03 -0.14170E+02  0.40383E+01      298.00
  0.16235E-01  0.75116E+03   -0.11250E-01 -0.11250E-01  0.22500E-01  0.00000E+00  0.00000E+00  0.00000E+00   -0.56334E+02 -0.31054E+03  0.36687E+03 -0.26599E+03 -0.14477E+02  0.44618E+01      298.00
  0.16601E-01  0.75492E+03   -0.11500E-01 -0.11500E-01  0.23000E-01  0.00000E+00  0.00000E+00  0.00000E+00   -0.56467E+02 -0.31253E+03  0.36900E+03 -0.26690E+03 -0.14319E+02  0.39825E+01      298.00
  0.16968E-01  0.75949E+03   -0.11750E-01 -0.11750E-01  0.23500E-01  0.00000E+00  0.00000E+00  0.00000E+00   -0.56666E+02 -0.31478E+03  0.37145E+03 -0.26817E+03 -0.14370E+02  0.39221E+01      298.00
  0.17335E-01  0.76496E+03   -0.12000E-01 -0.12000E-01  0.24000E-01  0.00000E+00  0.00000E+00  0.00000E+00   -0.56948E+02 -0.31731E+03  0.37426E+03 -0.26986E+03 -0.14637E+02  0.42696E+01      298.00
  0.17702E-01  0.76858E+03   -0.12250E-01 -0.12250E-01  0.24500E-01  0.00000E+00  0.00000E+00  0.00000E+00   -0.57084E+02 -0.31924E+03  0.37632E+03 -0.27071E+03 -0.14519E+02  0.38684E+01      298.00
  0.18069E-01  0.77297E+03   -0.12500E-01 -0.12500E-01  0.25000E-01  0.00000E+00  0.00000E+00  0.00000E+00   -0.57280E+02 -0.32142E+03  0.37870E+03 -0.27190E+03 -0.14571E+02  0.38100E+01      298.00
          Evm          Svm            E11          E22          E33          E23          E13          E12         SDEV11       SDEV22       SDEV33       SDEV23       SDEV13       SDEV12      TEMP
  0.18069E-01  0.77342E+03   -0.12500E-01 -0.12500E-01  0.25000E-01  0.00000E+00  0.00000E+00  0.00000E+00   -0.57316E+02 -0.32157E+03  0.37888E+03 -0.27211E+03 -0.14698E+02  0.40606E+01      298.00
  0.18436E-01  0.77735E+03   -0.12750E-01 -0.12750E-01  0.25500E-01  0.00000E+00  0.00000E+00  0.00000E+00   -0.57485E+02 -0.32359E+03  0.38107E+03 -0.27310E+03 -0.14654E+02  0.38056E+01      298.00
  0.18804E-01  0.78252E+03   -0.13000E-01 -0.13000E-01  0.26000E-01  0.00000E+00  0.00000E+00  0.00000E+00   -0.57757E+02 -0.32601E+03  0.38376E+03 -0.27465E+03 -0.14850E+02  0.40190E+01      298.00
  0.19172E-01  0.78595E+03   -0.13250E-01 -0.13250E-01  0.26500E-01  0.00000E+00  0.00000E+00  0.00000E+00   -0.57898E+02 -0.32785E+03  0.38575E+03 -0.27542E+03 -0.14788E+02  0.37275E+01      298.00
  0.19540E-01  0.79011E+03   -0.13500E-01 -0.13500E-01  0.27000E-01  0.00000E+00  0.00000E+00  0.00000E+00   -0.58094E+02 -0.32994E+03  0.38803E+03 -0.27651E+03 -0.14838E+02  0.36693E+01      298.00
  0.19908E-01  0.79509E+03   -0.13750E-01 -0.13750E-01  0.27500E-01  0.00000E+00  0.00000E+00  0.00000E+00   -0.58361E+02 -0.33229E+03  0.39065E+03 -0.27797E+03 -0.15007E+02  0.38325E+01      298.00
  0.20277E-01  0.79839E+03   -0.14000E-01 -0.14000E-01  0.28000E-01  0.00000E+00  0.00000E+00  0.00000E+00   -0.58506E+02 -0.33407E+03  0.39257E+03 -0.27869E+03 -0.14994E+02  0.36366E+01      298.00
  0.20645E-01  0.80238E+03   -0.14250E-01 -0.14250E-01  0.28500E-01  0.00000E+00  0.00000E+00  0.00000E+00   -0.58702E+02 -0.33608E+03  0.39479E+03 -0.27971E+03 -0.15040E+02  0.35701E+01      298.00
  0.21014E-01  0.80715E+03   -0.14500E-01 -0.14500E-01  0.29000E-01  0.00000E+00  0.00000E+00  0.00000E+00   -0.58963E+02 -0.33836E+03  0.39732E+03 -0.28108E+03 -0.15168E+02  0.36559E+01      298.00
  0.21384E-01  0.81034E+03   -0.14750E-01 -0.14750E-01  0.29500E-01  0.00000E+00  0.00000E+00  0.00000E+00   -0.59114E+02 -0.34008E+03  0.39920E+03 -0.28175E+03 -0.15210E+02  0.35667E+01      298.00
  0.21753E-01  0.81417E+03   -0.15000E-01 -0.15000E-01  0.30000E-01  0.00000E+00  0.00000E+00  0.00000E+00   -0.59309E+02 -0.34204E+03  0.40134E+03 -0.28270E+03 -0.15244E+02  0.34782E+01      298.00
  0.22123E-01  0.81874E+03   -0.15250E-01 -0.15250E-01  0.30500E-01  0.00000E+00  0.00000E+00  0.00000E+00   -0.59565E+02 -0.34424E+03  0.40381E+03 -0.28398E+03 -0.15326E+02  0.34791E+01      298.00
  0.22493E-01  0.82245E+03   -0.15500E-01 -0.15500E-01  0.31000E-01  0.00000E+00  0.00000E+00  0.00000E+00   -0.59756E+02 -0.34615E+03  0.40591E+03 -0.28488E+03 -0.15330E+02  0.33411E+01      298.00
  0.22863E-01  0.82620E+03   -0.15750E-01 -0.15750E-01  0.31500E-01  0.00000E+00  0.00000E+00  0.00000E+00   -0.59965E+02 -0.34805E+03  0.40801E+03 -0.28579E+03 -0.15518E+02  0.35327E+01      298.00
  0.23233E-01  0.82985E+03   -0.16000E-01 -0.16000E-01  0.32000E-01  0.00000E+00  0.00000E+00  0.00000E+00   -0.60163E+02 -0.34993E+03  0.41009E+03 -0.28667E+03 -0.15509E+02  0.33649E+01      298.00
  0.23604E-01  0.83280E+03   -0.16250E-01 -0.16250E-01  0.32500E-01  0.00000E+00  0.00000E+00  0.00000E+00   -0.60325E+02 -0.35154E+03  0.41187E+03 -0.28724E+03 -0.15588E+02  0.33348E+01      298.00
  0.23975E-01  0.83636E+03   -0.16500E-01 -0.16500E-01  0.33000E-01  0.00000E+00  0.00000E+00  0.00000E+00   -0.60526E+02 -0.35337E+03  0.41390E+03 -0.28807E+03 -0.15663E+02  0.33217E+01      298.00
  0.24346E-01  0.83988E+03   -0.16750E-01 -0.16750E-01  0.33500E-01  0.00000E+00  0.00000E+00  0.00000E+00   -0.60729E+02 -0.35519E+03  0.41592E+03 -0.28889E+03 -0.15744E+02  0.33197E+01      298.00
  0.24717E-01  0.84403E+03   -0.17000E-01 -0.17000E-01  0.34000E-01  0.00000E+00  0.00000E+00  0.00000E+00   -0.60972E+02 -0.35724E+03  0.41821E+03 -0.28998E+03 -0.15722E+02  0.31463E+01      298.00
  0.25089E-01  0.84705E+03   -0.17250E-01 -0.17250E-01  0.34500E-01  0.00000E+00  0.00000E+00  0.00000E+00   -0.61186E+02 -0.35880E+03  0.41999E+03 -0.29063E+03 -0.15911E+02  0.33609E+01      298.00
  0.25461E-01  0.85044E+03   -0.17500E-01 -0.17500E-01  0.35000E-01  0.00000E+00  0.00000E+00  0.00000E+00   -0.61388E+02 -0.36057E+03  0.42196E+03 -0.29139E+03 -0.15993E+02  0.33610E+01      298.00
  0.25833E-01  0.85379E+03   -0.17750E-01 -0.17750E-01  0.35500E-01  0.00000E+00  0.00000E+00  0.00000E+00   -0.61591E+02 -0.36231E+03  0.42390E+03 -0.29212E+03 -0.16068E+02  0.33466E+01      298.00
  0.26205E-01  0.85708E+03   -0.18000E-01 -0.18000E-01  0.36000E-01  0.00000E+00  0.00000E+00  0.00000E+00   -0.61795E+02 -0.36403E+03  0.42583E+03 -0.29284E+03 -0.16139E+02  0.33268E+01      298.00
  0.26578E-01  0.86033E+03   -0.18250E-01 -0.18250E-01  0.36500E-01  0.00000E+00  0.00000E+00  0.00000E+00   -0.61998E+02 -0.36574E+03  0.42774E+03 -0.29354E+03 -0.16209E+02  0.33047E+01      298.00
  0.26951E-01  0.86354E+03   -0.18500E-01 -0.18500E-01  0.37000E-01  0.00000E+00  0.00000E+00  0.00000E+00   -0.62202E+02 -0.36742E+03  0.42963E+03 -0.29422E+03 -0.16278E+02  0.32817E+01      298.00
  0.27324E-01  0.86670E+03   -0.18750E-01 -0.18750E-01  0.37500E-01  0.00000E+00  0.00000E+00  0.00000E+00   -0.62406E+02 -0.36909E+03  0.43150E+03 -0.29488E+03 -0.16347E+02  0.32585E+01      298.00
  0.27697E-01  0.86982E+03   -0.19000E-01 -0.19000E-01  0.38000E-01  0.00000E+00  0.00000E+00  0.00000E+00   -0.62609E+02 -0.37074E+03  0.43335E+03 -0.29552E+03 -0.16416E+02  0.32351E+01      298.00
  0.28071E-01  0.87290E+03   -0.19250E-01 -0.19250E-01  0.38500E-01  0.00000E+00  0.00000E+00  0.00000E+00   -0.62813E+02 -0.37237E+03  0.43519E+03 -0.29615E+03 -0.16484E+02  0.32119E+01      298.00
  0.28445E-01  0.87686E+03   -0.19500E-01 -0.19500E-01  0.39000E-01  0.00000E+00  0.00000E+00  0.00000E+00   -0.63004E+02 -0.37443E+03  0.43744E+03 -0.29707E+03 -0.16539E+02  0.31829E+01      298.00
  0.28819E-01  0.87984E+03   -0.19750E-01 -0.19750E-01  0.39500E-01  0.00000E+00  0.00000E+00  0.00000E+00   -0.63208E+02 -0.37602E+03  0.43923E+03 -0.29766E+03 -0.16607E+02  0.31582E+01      298.00
  0.29193E-01  0.88278E+03   -0.20000E-01 -0.20000E-01  0.40000E-01  0.00000E+00  0.00000E+00  0.00000E+00   -0.63412E+02 -0.37760E+03  0.44101E+03 -0.29822E+03 -0.16674E+02  0.31351E+01      298.00
  0.29568E-01  0.88568E+03   -0.20250E-01 -0.20250E-01  0.40500E-01  0.00000E+00  0.00000E+00  0.00000E+00   -0.63616E+02 -0.37915E+03  0.44277E+03 -0.29877E+03 -0.16742E+02  0.31122E+01      298.00
  0.29943E-01  0.88854E+03   -0.20500E-01 -0.20500E-01  0.41000E-01  0.00000E+00  0.00000E+00  0.00000E+00   -0.63820E+02 -0.38070E+03  0.44452E+03 -0.29930E+03 -0.16810E+02  0.30897E+01      298.00
  0.30318E-01  0.89136E+03   -0.20750E-01 -0.20750E-01  0.41500E-01  0.00000E+00  0.00000E+00  0.00000E+00   -0.64025E+02 -0.38222E+03  0.44625E+03 -0.29981E+03 -0.16877E+02  0.30675E+01      298.00
  0.30694E-01  0.89415E+03   -0.21000E-01 -0.21000E-01  0.42000E-01  0.00000E+00  0.00000E+00  0.00000E+00   -0.64230E+02 -0.38373E+03  0.44796E+03 -0.30031E+03 -0.16945E+02  0.30456E+01      298.00
  0.31069E-01  0.89662E+03   -0.21250E-01 -0.21250E-01  0.42500E-01  0.00000E+00  0.00000E+00  0.00000E+00   -0.64396E+02 -0.38516E+03  0.44956E+03 -0.30063E+03 -0.17001E+02  0.29726E+01      298.00
  0.31445E-01  0.89968E+03   -0.21500E-01 -0.21500E-01  0.43000E-01  0.00000E+00  0.00000E+00  0.00000E+00   -0.64641E+02 -0.38673E+03  0.45137E+03 -0.30128E+03 -0.17075E+02  0.29996E+01      298.00
  0.31822E-01  0.90201E+03   -0.21750E-01 -0.21750E-01  0.43500E-01  0.00000E+00  0.00000E+00  0.00000E+00   -0.64808E+02 -0.38810E+03  0.45291E+03 -0.30155E+03 -0.17135E+02  0.29284E+01      298.00
  0.32198E-01  0.90499E+03   -0.22000E-01 -0.22000E-01  0.44000E-01  0.00000E+00  0.00000E+00  0.00000E+00   -0.65051E+02 -0.38964E+03  0.45469E+03 -0.30216E+03 -0.17209E+02  0.29562E+01      298.00
  0.32575E-01  0.90725E+03   -0.22250E-01 -0.22250E-01  0.44500E-01  0.00000E+00  0.00000E+00  0.00000E+00   -0.65221E+02 -0.39097E+03  0.45620E+03 -0.30240E+03 -0.17269E+02  0.28849E+01      298.00
  0.32952E-01  0.91015E+03   -0.22500E-01 -0.22500E-01  0.45000E-01  0.00000E+00  0.00000E+00  0.00000E+00   -0.65462E+02 -0.39248E+03  0.45794E+03 -0.30298E+03 -0.17342E+02  0.29132E+01      298.00
  0.33330E-01  0.91236E+03   -0.22750E-01 -0.22750E-01  0.45500E-01  0.00000E+00  0.00000E+00  0.00000E+00   -0.65635E+02 -0.39379E+03  0.45943E+03 -0.30320E+03 -0.17401E+02  0.28411E+01      298.00
  0.33707E-01  0.91490E+03   -0.23000E-01 -0.23000E-01  0.46000E-01  0.00000E+00  0.00000E+00  0.00000E+00   -0.65838E+02 -0.39520E+03  0.46104E+03 -0.30359E+03 -0.17462E+02  0.28116E+01      298.00
  0.34085E-01  0.91737E+03   -0.23250E-01 -0.23250E-01  0.46500E-01  0.00000E+00  0.00000E+00  0.00000E+00   -0.66046E+02 -0.39657E+03  0.46262E+03 -0.30395E+03 -0.17523E+02  0.27812E+01      298.00
  0.34463E-01  0.91980E+03   -0.23500E-01 -0.23500E-01  0.47000E-01  0.00000E+00  0.00000E+00  0.00000E+00   -0.66253E+02 -0.39793E+03  0.46418E+03 -0.30429E+03 -0.17581E+02  0.27447E+01      298.00
  0.34842E-01  0.92220E+03   -0.23750E-01 -0.23750E-01  0.47500E-01  0.00000E+00  0.00000E+00  0.00000E+00   -0.66461E+02 -0.39927E+03  0.46573E+03 -0.30462E+03 -0.17636E+02  0.27047E+01      298.00
  0.35221E-01  0.92320E+03   -0.24000E-01 -0.24000E-01  0.48000E-01  0.00000E+00  0.00000E+00  0.00000E+00   -0.66675E+02 -0.39996E+03  0.46664E+03 -0.30446E+03 -0.17722E+02  0.26874E+01      298.00
  0.35600E-01  0.92555E+03   -0.24250E-01 -0.24250E-01  0.48500E-01  0.00000E+00  0.00000E+00  0.00000E+00   -0.66879E+02 -0.40128E+03  0.46816E+03 -0.30477E+03 -0.17860E+02  0.28134E+01      298.00
  0.35979E-01  0.92788E+03   -0.24500E-01 -0.24500E-01  0.49000E-01  0.00000E+00  0.00000E+00  0.00000E+00   -0.67101E+02 -0.40257E+03  0.46967E+03 -0.30508E+03 -0.17945E+02  0.28138E+01      298.00
  0.36359E-01  0.93152E+03   -0.24750E-01 -0.24750E-01  0.49500E-01  0.00000E+00  0.00000E+00  0.00000E+00   -0.67286E+02 -0.40452E+03  0.47181E+03 -0.30582E+03 -0.18103E+02  0.30043E+01      298.00
  0.36739E-01  0.93374E+03   -0.25000E-01 -0.25000E-01  0.50000E-01  0.00000E+00  0.00000E+00  0.00000E+00   -0.67500E+02 -0.40578E+03  0.47328E+03 -0.30608E+03 -0.18182E+02  0.30109E+01      298.00
          Evm          Svm            E11          E22          E33          E23          E13          E12         SDEV11       SDEV22       SDEV33       SDEV23       SDEV13       SDEV12      TEMP
  0.36739E-01  0.93327E+03   -0.25000E-01 -0.25000E-01  0.50000E-01  0.00000E+00  0.00000E+00  0.00000E+00   -0.67528E+02 -0.40552E+03  0.47305E+03 -0.30595E+03 -0.18055E+02  0.27741E+01      298.00
  0.37119E-01  0.93592E+03   -0.25250E-01 -0.25250E-01  0.50500E-01  0.00000E+00  0.00000E+00  0.00000E+00   -0.67709E+02 -0.40702E+03  0.47473E+03 -0.30632E+03 -0.18236E+02  0.29693E+01      298.00
  0.37499E-01  0.93688E+03   -0.25500E-01 -0.25500E-01  0.51000E-01  0.00000E+00  0.00000E+00  0.00000E+00   -0.67940E+02 -0.40768E+03  0.47562E+03 -0.30615E+03 -0.18222E+02  0.27914E+01      298.00
  0.37880E-01  0.93902E+03   -0.25750E-01 -0.25750E-01  0.51500E-01  0.00000E+00  0.00000E+00  0.00000E+00   -0.68147E+02 -0.40891E+03  0.47706E+03 -0.30637E+03 -0.18241E+02  0.26918E+01      298.00
  0.38261E-01  0.94117E+03   -0.26000E-01 -0.26000E-01  0.52000E-01  0.00000E+00  0.00000E+00  0.00000E+00   -0.68354E+02 -0.41015E+03  0.47850E+03 -0.30658E+03 -0.18286E+02  0.26382E+01      298.00
  0.38642E-01  0.94328E+03   -0.26250E-01 -0.26250E-01  0.52500E-01  0.00000E+00  0.00000E+00  0.00000E+00   -0.68562E+02 -0.41137E+03  0.47993E+03 -0.30679E+03 -0.18348E+02  0.26128E+01      298.00
  0.39024E-01  0.94537E+03   -0.26500E-01 -0.26500E-01  0.53000E-01  0.00000E+00  0.00000E+00  0.00000E+00   -0.68772E+02 -0.41258E+03  0.48135E+03 -0.30699E+03 -0.18417E+02  0.26014E+01      298.00
  0.39406E-01  0.94885E+03   -0.26750E-01 -0.26750E-01  0.53500E-01  0.00000E+00  0.00000E+00  0.00000E+00   -0.69006E+02 -0.41439E+03  0.48340E+03 -0.30770E+03 -0.18458E+02  0.25521E+01      298.00
  0.39788E-01  0.95069E+03   -0.27000E-01 -0.27000E-01  0.54000E-01  0.00000E+00  0.00000E+00  0.00000E+00   -0.69209E+02 -0.41550E+03  0.48470E+03 -0.30780E+03 -0.18502E+02  0.24946E+01      298.00
  0.40170E-01  0.95270E+03   -0.27250E-01 -0.27250E-01  0.54500E-01  0.00000E+00  0.00000E+00  0.00000E+00   -0.69417E+02 -0.41667E+03  0.48609E+03 -0.30796E+03 -0.18563E+02  0.24700E+01      298.00
  0.40553E-01  0.95468E+03   -0.27500E-01 -0.27500E-01  0.55000E-01  0.00000E+00  0.00000E+00  0.00000E+00   -0.69622E+02 -0.41783E+03  0.48746E+03 -0.30810E+03 -0.18730E+02  0.26441E+01      298.00
  0.40936E-01  0.95552E+03   -0.27750E-01 -0.27750E-01  0.55500E-01  0.00000E+00  0.00000E+00  0.00000E+00   -0.69813E+02 -0.41849E+03  0.48830E+03 -0.30782E+03 -0.18919E+02  0.28365E+01      298.00
  0.41319E-01  0.95839E+03   -0.28000E-01 -0.28000E-01  0.56000E-01  0.00000E+00  0.00000E+00  0.00000E+00   -0.70012E+02 -0.42009E+03  0.49010E+03 -0.30824E+03 -0.18960E+02  0.27855E+01      298.00
  0.41703E-01  0.96051E+03   -0.28250E-01 -0.28250E-01  0.56500E-01  0.00000E+00  0.00000E+00  0.00000E+00   -0.70253E+02 -0.42126E+03  0.49152E+03 -0.30849E+03 -0.18978E+02  0.26936E+01      298.00
  0.42087E-01  0.96121E+03   -0.28500E-01 -0.28500E-01  0.57000E-01  0.00000E+00  0.00000E+00  0.00000E+00   -0.70446E+02 -0.42185E+03  0.49230E+03 -0.30816E+03 -0.19105E+02  0.27760E+01      298.00
  0.42471E-01  0.96394E+03   -0.28750E-01 -0.28750E-01  0.57500E-01  0.00000E+00  0.00000E+00  0.00000E+00   -0.70643E+02 -0.42340E+03  0.49404E+03 -0.30852E+03 -0.19159E+02  0.27463E+01      298.00
  0.42855E-01  0.96598E+03   -0.29000E-01 -0.29000E-01  0.58000E-01  0.00000E+00  0.00000E+00  0.00000E+00   -0.70881E+02 -0.42454E+03  0.49542E+03 -0.30873E+03 -0.19239E+02  0.27733E+01      298.00
  0.43240E-01  0.96665E+03   -0.29250E-01 -0.29250E-01  0.58500E-01  0.00000E+00  0.00000E+00  0.00000E+00   -0.71080E+02 -0.42511E+03  0.49619E+03 -0.30839E+03 -0.19283E+02  0.27043E+01      298.00
  0.43625E-01  0.96829E+03   -0.29500E-01 -0.29500E-01  0.59000E-01  0.00000E+00  0.00000E+00  0.00000E+00   -0.71293E+02 -0.42611E+03  0.49740E+03 -0.30840E+03 -0.19419E+02  0.28050E+01      298.00
  0.44010E-01  0.97002E+03   -0.29750E-01 -0.29750E-01  0.59500E-01  0.00000E+00  0.00000E+00  0.00000E+00   -0.71519E+02 -0.42715E+03  0.49866E+03 -0.30845E+03 -0.19477E+02  0.27701E+01      298.00
  0.44396E-01  0.97173E+03   -0.30000E-01 -0.30000E-01  0.60000E-01  0.00000E+00  0.00000E+00  0.00000E+00   -0.71738E+02 -0.42818E+03  0.49992E+03 -0.30849E+03 -0.19474E+02  0.26379E+01      298.00
  0.44781E-01  0.97463E+03   -0.30250E-01 -0.30250E-01  0.60500E-01  0.00000E+00  0.00000E+00  0.00000E+00   -0.71933E+02 -0.42979E+03  0.50172E+03 -0.30893E+03 -0.19532E+02  0.26521E+01      298.00
  0.45167E-01  0.97526E+03   -0.30500E-01 -0.30500E-01  0.61000E-01  0.00000E+00  0.00000E+00  0.00000E+00   -0.72143E+02 -0.43033E+03  0.50247E+03 -0.30857E+03 -0.19655E+02  0.27172E+01      298.00
  0.45554E-01  0.97678E+03   -0.30750E-01 -0.30750E-01  0.61500E-01  0.00000E+00  0.00000E+00  0.00000E+00   -0.72361E+02 -0.43127E+03  0.50363E+03 -0.30854E+03 -0.19746E+02  0.27402E+01      298.00
  0.45941E-01  0.97839E+03   -0.31000E-01 -0.31000E-01  0.62000E-01  0.00000E+00  0.00000E+00  0.00000E+00   -0.72583E+02 -0.43226E+03  0.50484E+03 -0.30853E+03 -0.19772E+02  0.26551E+01      298.00
  0.46328E-01  0.98113E+03   -0.31250E-01 -0.31250E-01  0.62500E-01  0.00000E+00  0.00000E+00  0.00000E+00   -0.72775E+02 -0.43380E+03  0.50657E+03 -0.30891E+03 -0.19891E+02  0.27866E+01      298.00
  0.46715E-01  0.98172E+03   -0.31500E-01 -0.31500E-01  0.63000E-01  0.00000E+00  0.00000E+00  0.00000E+00   -0.72990E+02 -0.43432E+03  0.50731E+03 -0.30854E+03 -0.19886E+02  0.26268E+01      298.00
  0.47102E-01  0.98316E+03   -0.31750E-01 -0.31750E-01  0.63500E-01  0.00000E+00  0.00000E+00  0.00000E+00   -0.73204E+02 -0.43523E+03  0.50844E+03 -0.30846E+03 -0.19981E+02  0.26575E+01      298.00
  0.47490E-01  0.98469E+03   -0.32000E-01 -0.32000E-01  0.64000E-01  0.00000E+00  0.00000E+00  0.00000E+00   -0.73426E+02 -0.43618E+03  0.50961E+03 -0.30842E+03 -0.20054E+02  0.26555E+01      298.00
  0.47878E-01  0.98621E+03   -0.32250E-01 -0.32250E-01  0.64500E-01  0.00000E+00  0.00000E+00  0.00000E+00   -0.73647E+02 -0.43713E+03  0.51077E+03 -0.30838E+03 -0.20082E+02  0.25771E+01      298.00
  0.48267E-01  0.98876E+03   -0.32500E-01 -0.32500E-01  0.65000E-01  0.00000E+00  0.00000E+00  0.00000E+00   -0.73834E+02 -0.43859E+03  0.51242E+03 -0.30867E+03 -0.20215E+02  0.27375E+01      298.00
  0.48655E-01  0.98933E+03   -0.32750E-01 -0.32750E-01  0.65500E-01  0.00000E+00  0.00000E+00  0.00000E+00   -0.74055E+02 -0.43909E+03  0.51315E+03 -0.30829E+03 -0.20223E+02  0.25974E+01      298.00
  0.49044E-01  0.99067E+03   -0.33000E-01 -0.33000E-01  0.66000E-01  0.00000E+00  0.00000E+00  0.00000E+00   -0.74272E+02 -0.43996E+03  0.51423E+03 -0.30817E+03 -0.20302E+02  0.26021E+01      298.00
  0.49434E-01  0.99210E+03   -0.33250E-01 -0.33250E-01  0.66500E-01  0.00000E+00  0.00000E+00  0.00000E+00   -0.74493E+02 -0.44086E+03  0.51536E+03 -0.30809E+03 -0.20360E+02  0.25779E+01      298.00
  0.49823E-01  0.99352E+03   -0.33500E-01 -0.33500E-01  0.67000E-01  0.00000E+00  0.00000E+00  0.00000E+00   -0.74713E+02 -0.44176E+03  0.51648E+03 -0.30800E+03 -0.20393E+02  0.25110E+01      298.00
  0.50213E-01  0.99589E+03   -0.33750E-01 -0.33750E-01  0.67500E-01  0.00000E+00  0.00000E+00  0.00000E+00   -0.74895E+02 -0.44315E+03  0.51804E+03 -0.30821E+03 -0.20540E+02  0.26990E+01      298.00
  0.50603E-01  0.99643E+03   -0.34000E-01 -0.34000E-01  0.68000E-01  0.00000E+00  0.00000E+00  0.00000E+00   -0.75124E+02 -0.44363E+03  0.51875E+03 -0.30782E+03 -0.20545E+02  0.25513E+01      298.00
  0.50994E-01  0.99769E+03   -0.34250E-01 -0.34250E-01  0.68500E-01  0.00000E+00  0.00000E+00  0.00000E+00   -0.75342E+02 -0.44446E+03  0.51980E+03 -0.30766E+03 -0.20612E+02  0.25387E+01      298.00
  0.51385E-01  0.99902E+03   -0.34500E-01 -0.34500E-01  0.69000E-01  0.00000E+00  0.00000E+00  0.00000E+00   -0.75562E+02 -0.44532E+03  0.52088E+03 -0.30754E+03 -0.20665E+02  0.25086E+01      298.00
  0.51776E-01  0.10003E+04   -0.34750E-01 -0.34750E-01  0.69500E-01  0.00000E+00  0.00000E+00  0.00000E+00   -0.75781E+02 -0.44618E+03  0.52196E+03 -0.30741E+03 -0.20702E+02  0.24525E+01      298.00
  0.52167E-01  0.10026E+04   -0.35000E-01 -0.35000E-01  0.70000E-01  0.00000E+00  0.00000E+00  0.00000E+00   -0.75959E+02 -0.44749E+03  0.52345E+03 -0.30755E+03 -0.20861E+02  0.26629E+01      298.00
  0.52559E-01  0.10031E+04   -0.35250E-01 -0.35250E-01  0.70500E-01  0.00000E+00  0.00000E+00  0.00000E+00   -0.76194E+02 -0.44796E+03  0.52415E+03 -0.30714E+03 -0.20857E+02  0.24994E+01      298.00
  0.52951E-01  0.10042E+04   -0.35500E-01 -0.35500E-01  0.71000E-01  0.00000E+00  0.00000E+00  0.00000E+00   -0.76413E+02 -0.44875E+03  0.52516E+03 -0.30696E+03 -0.20917E+02  0.24772E+01      298.00
  0.53343E-01  0.10055E+04   -0.35750E-01 -0.35750E-01  0.71500E-01  0.00000E+00  0.00000E+00  0.00000E+00   -0.76632E+02 -0.44957E+03  0.52620E+03 -0.30679E+03 -0.20969E+02  0.24471E+01      298.00
  0.53735E-01  0.10067E+04   -0.36000E-01 -0.36000E-01  0.72000E-01  0.00000E+00  0.00000E+00  0.00000E+00   -0.76851E+02 -0.45039E+03  0.52724E+03 -0.30662E+03 -0.21010E+02  0.24001E+01      298.00
  0.54128E-01  0.10088E+04   -0.36250E-01 -0.36250E-01  0.72500E-01  0.00000E+00  0.00000E+00  0.00000E+00   -0.77025E+02 -0.45163E+03  0.52866E+03 -0.30669E+03 -0.21177E+02  0.26274E+01      298.00
  0.54521E-01  0.10093E+04   -0.36500E-01 -0.36500E-01  0.73000E-01  0.00000E+00  0.00000E+00  0.00000E+00   -0.77266E+02 -0.45208E+03  0.52935E+03 -0.30628E+03 -0.21163E+02  0.24479E+01      298.00
  0.54914E-01  0.10104E+04   -0.36750E-01 -0.36750E-01  0.73500E-01  0.00000E+00  0.00000E+00  0.00000E+00   -0.77485E+02 -0.45284E+03  0.53032E+03 -0.30606E+03 -0.21219E+02  0.24207E+01      298.00
  0.55308E-01  0.10115E+04   -0.37000E-01 -0.37000E-01  0.74000E-01  0.00000E+00  0.00000E+00  0.00000E+00   -0.77705E+02 -0.45362E+03  0.53133E+03 -0.30586E+03 -0.21271E+02  0.23926E+01      298.00
  0.55702E-01  0.10127E+04   -0.37250E-01 -0.37250E-01  0.74500E-01  0.00000E+00  0.00000E+00  0.00000E+00   -0.77923E+02 -0.45441E+03  0.53233E+03 -0.30565E+03 -0.21315E+02  0.23533E+01      298.00
  0.56096E-01  0.10146E+04   -0.37500E-01 -0.37500E-01  0.75000E-01  0.00000E+00  0.00000E+00  0.00000E+00   -0.78094E+02 -0.45559E+03  0.53368E+03 -0.30566E+03 -0.21488E+02  0.25925E+01      298.00
          Evm          Svm            E11          E22          E33          E23          E13          E12         SDEV11       SDEV22       SDEV33       SDEV23       SDEV13       SDEV12      TEMP
  0.56096E-01  0.10142E+04   -0.37500E-01 -0.37500E-01  0.75000E-01  0.00000E+00  0.00000E+00  0.00000E+00   -0.78117E+02 -0.45539E+03  0.53350E+03 -0.30554E+03 -0.21251E+02  0.21598E+01      298.00
  0.56491E-01  0.10157E+04   -0.37750E-01 -0.37750E-01  0.75500E-01  0.00000E+00  0.00000E+00  0.00000E+00   -0.78310E+02 -0.45634E+03  0.53465E+03 -0.30542E+03 -0.21521E+02  0.25346E+01      298.00
  0.56886E-01  0.10158E+04   -0.38000E-01 -0.38000E-01  0.76000E-01  0.00000E+00  0.00000E+00  0.00000E+00   -0.78583E+02 -0.45657E+03  0.53515E+03 -0.30495E+03 -0.21589E+02  0.24993E+01      298.00
  0.57281E-01  0.10172E+04   -0.38250E-01 -0.38250E-01  0.76500E-01  0.00000E+00  0.00000E+00  0.00000E+00   -0.78770E+02 -0.45751E+03  0.53628E+03 -0.30475E+03 -0.21576E+02  0.23628E+01      298.00
  0.57676E-01  0.10183E+04   -0.38500E-01 -0.38500E-01  0.77000E-01  0.00000E+00  0.00000E+00  0.00000E+00   -0.78987E+02 -0.45825E+03  0.53724E+03 -0.30450E+03 -0.21638E+02  0.23525E+01      298.00
  0.58072E-01  0.10193E+04   -0.38750E-01 -0.38750E-01  0.77500E-01  0.00000E+00  0.00000E+00  0.00000E+00   -0.79206E+02 -0.45899E+03  0.53820E+03 -0.30426E+03 -0.21696E+02  0.23395E+01      298.00
  0.58468E-01  0.10204E+04   -0.39000E-01 -0.39000E-01  0.78000E-01  0.00000E+00  0.00000E+00  0.00000E+00   -0.79424E+02 -0.45972E+03  0.53915E+03 -0.30401E+03 -0.21747E+02  0.23145E+01      298.00
  0.58864E-01  0.10212E+04   -0.39250E-01 -0.39250E-01  0.78500E-01  0.00000E+00  0.00000E+00  0.00000E+00   -0.79671E+02 -0.46030E+03  0.53997E+03 -0.30374E+03 -0.21902E+02  0.24775E+01      298.00
  0.59261E-01  0.10223E+04   -0.39500E-01 -0.39500E-01  0.79000E-01  0.00000E+00  0.00000E+00  0.00000E+00   -0.79867E+02 -0.46109E+03  0.54095E+03 -0.30349E+03 -0.21981E+02  0.25219E+01      298.00
  0.59657E-01  0.10241E+04   -0.39750E-01 -0.39750E-01  0.79500E-01  0.00000E+00  0.00000E+00  0.00000E+00   -0.80038E+02 -0.46222E+03  0.54225E+03 -0.30338E+03 -0.21969E+02  0.24035E+01      298.00
  0.60055E-01  0.10250E+04   -0.40000E-01 -0.40000E-01  0.80000E-01  0.00000E+00  0.00000E+00  0.00000E+00   -0.80245E+02 -0.46292E+03  0.54316E+03 -0.30308E+03 -0.21963E+02  0.22924E+01      298.00
  0.60452E-01  0.10260E+04   -0.40250E-01 -0.40250E-01  0.80500E-01  0.00000E+00  0.00000E+00  0.00000E+00   -0.80460E+02 -0.46362E+03  0.54408E+03 -0.30279E+03 -0.22188E+02  0.25664E+01      298.00
  0.60850E-01  0.10270E+04   -0.40500E-01 -0.40500E-01  0.81000E-01  0.00000E+00  0.00000E+00  0.00000E+00   -0.80680E+02 -0.46431E+03  0.54499E+03 -0.30250E+03 -0.22196E+02  0.24649E+01      298.00
  0.61248E-01  0.10286E+04   -0.40750E-01 -0.40750E-01  0.81500E-01  0.00000E+00  0.00000E+00  0.00000E+00   -0.80834E+02 -0.46541E+03  0.54625E+03 -0.30234E+03 -0.22140E+02  0.22857E+01      298.00
  0.61646E-01  0.10289E+04   -0.41000E-01 -0.41000E-01  0.82000E-01  0.00000E+00  0.00000E+00  0.00000E+00   -0.81112E+02 -0.46569E+03  0.54680E+03 -0.30190E+03 -0.22202E+02  0.22633E+01      298.00
  0.62045E-01  0.10304E+04   -0.41250E-01 -0.41250E-01  0.82500E-01  0.00000E+00  0.00000E+00  0.00000E+00   -0.81258E+02 -0.46676E+03  0.54802E+03 -0.30170E+03 -0.22212E+02  0.22054E+01      298.00
  0.62444E-01  0.10314E+04   -0.41500E-01 -0.41500E-01  0.83000E-01  0.00000E+00  0.00000E+00  0.00000E+00   -0.81484E+02 -0.46744E+03  0.54892E+03 -0.30140E+03 -0.22276E+02  0.21916E+01      298.00
  0.62843E-01  0.10316E+04   -0.41750E-01 -0.41750E-01  0.83500E-01  0.00000E+00  0.00000E+00  0.00000E+00   -0.81757E+02 -0.46770E+03  0.54946E+03 -0.30095E+03 -0.22392E+02  0.22695E+01      298.00
  0.63242E-01  0.10331E+04   -0.42000E-01 -0.42000E-01  0.84000E-01  0.00000E+00  0.00000E+00  0.00000E+00   -0.81907E+02 -0.46874E+03  0.55065E+03 -0.30073E+03 -0.22401E+02  0.22024E+01      298.00
  0.63642E-01  0.10340E+04   -0.42250E-01 -0.42250E-01  0.84500E-01  0.00000E+00  0.00000E+00  0.00000E+00   -0.82129E+02 -0.46940E+03  0.55153E+03 -0.30041E+03 -0.22492E+02  0.22403E+01      298.00
  0.64042E-01  0.10343E+04   -0.42500E-01 -0.42500E-01  0.85000E-01  0.00000E+00  0.00000E+00  0.00000E+00   -0.82402E+02 -0.46966E+03  0.55206E+03 -0.29995E+03 -0.22609E+02  0.23240E+01      298.00
  0.64442E-01  0.10357E+04   -0.42750E-01 -0.42750E-01  0.85500E-01  0.00000E+00  0.00000E+00  0.00000E+00   -0.82555E+02 -0.47067E+03  0.55323E+03 -0.29971E+03 -0.22621E+02  0.22555E+01      298.00
  0.64843E-01  0.10365E+04   -0.43000E-01 -0.43000E-01  0.86000E-01  0.00000E+00  0.00000E+00  0.00000E+00   -0.82774E+02 -0.47131E+03  0.55409E+03 -0.29937E+03 -0.22722E+02  0.23163E+01      298.00
  0.65244E-01  0.10368E+04   -0.43250E-01 -0.43250E-01  0.86500E-01  0.00000E+00  0.00000E+00  0.00000E+00   -0.83047E+02 -0.47157E+03  0.55462E+03 -0.29890E+03 -0.22826E+02  0.23815E+01      298.00
  0.65645E-01  0.10382E+04   -0.43500E-01 -0.43500E-01  0.87000E-01  0.00000E+00  0.00000E+00  0.00000E+00   -0.83203E+02 -0.47255E+03  0.55575E+03 -0.29864E+03 -0.22848E+02  0.23250E+01      298.00
  0.66047E-01  0.10384E+04   -0.43750E-01 -0.43750E-01  0.87500E-01  0.00000E+00  0.00000E+00  0.00000E+00   -0.83479E+02 -0.47282E+03  0.55630E+03 -0.29818E+03 -0.22913E+02  0.23251E+01      298.00
  0.66448E-01  0.10397E+04   -0.44000E-01 -0.44000E-01  0.88000E-01  0.00000E+00  0.00000E+00  0.00000E+00   -0.83630E+02 -0.47378E+03  0.55741E+03 -0.29790E+03 -0.22927E+02  0.22617E+01      298.00
  0.66850E-01  0.10406E+04   -0.44250E-01 -0.44250E-01  0.88500E-01  0.00000E+00  0.00000E+00  0.00000E+00   -0.83849E+02 -0.47439E+03  0.55824E+03 -0.29753E+03 -0.23016E+02  0.23042E+01      298.00
  0.67253E-01  0.10408E+04   -0.44500E-01 -0.44500E-01  0.89000E-01  0.00000E+00  0.00000E+00  0.00000E+00   -0.84126E+02 -0.47465E+03  0.55877E+03 -0.29706E+03 -0.23105E+02  0.23452E+01      298.00
  0.67655E-01  0.10421E+04   -0.44750E-01 -0.44750E-01  0.89500E-01  0.00000E+00  0.00000E+00  0.00000E+00   -0.84278E+02 -0.47558E+03  0.55986E+03 -0.29676E+03 -0.23136E+02  0.23077E+01      298.00
  0.68058E-01  0.10428E+04   -0.45000E-01 -0.45000E-01  0.90000E-01  0.00000E+00  0.00000E+00  0.00000E+00   -0.84494E+02 -0.47618E+03  0.56067E+03 -0.29637E+03 -0.23234E+02  0.23685E+01      298.00
  0.68462E-01  0.10431E+04   -0.45250E-01 -0.45250E-01  0.90500E-01  0.00000E+00  0.00000E+00  0.00000E+00   -0.84772E+02 -0.47643E+03  0.56120E+03 -0.29590E+03 -0.23312E+02  0.23941E+01      298.00
  0.68865E-01  0.10443E+04   -0.45500E-01 -0.45500E-01  0.91000E-01  0.00000E+00  0.00000E+00  0.00000E+00   -0.84925E+02 -0.47733E+03  0.56226E+03 -0.29557E+03 -0.23352E+02  0.23701E+01      298.00
  0.69269E-01  0.10445E+04   -0.45750E-01 -0.45750E-01  0.91500E-01  0.00000E+00  0.00000E+00  0.00000E+00   -0.85205E+02 -0.47759E+03  0.56280E+03 -0.29511E+03 -0.23406E+02  0.23556E+01      298.00
  0.69673E-01  0.10457E+04   -0.46000E-01 -0.46000E-01  0.92000E-01  0.00000E+00  0.00000E+00  0.00000E+00   -0.85355E+02 -0.47848E+03  0.56384E+03 -0.29476E+03 -0.23438E+02  0.23219E+01      298.00
  0.70077E-01  0.10464E+04   -0.46250E-01 -0.46250E-01  0.92500E-01  0.00000E+00  0.00000E+00  0.00000E+00   -0.85571E+02 -0.47906E+03  0.56463E+03 -0.29436E+03 -0.23528E+02  0.23718E+01      298.00
  0.70482E-01  0.10467E+04   -0.46500E-01 -0.46500E-01  0.93000E-01  0.00000E+00  0.00000E+00  0.00000E+00   -0.85852E+02 -0.47930E+03  0.56515E+03 -0.29388E+03 -0.23595E+02  0.23799E+01      298.00
  0.70887E-01  0.10478E+04   -0.46750E-01 -0.46750E-01  0.93500E-01  0.00000E+00  0.00000E+00  0.00000E+00   -0.86003E+02 -0.48016E+03  0.56617E+03 -0.29351E+03 -0.23642E+02  0.23690E+01      298.00
  0.71292E-01  0.10485E+04   -0.47000E-01 -0.47000E-01  0.94000E-01  0.00000E+00  0.00000E+00  0.00000E+00   -0.86217E+02 -0.48073E+03  0.56694E+03 -0.29309E+03 -0.23737E+02  0.24296E+01      298.00
  0.71698E-01  0.10487E+04   -0.47250E-01 -0.47250E-01  0.94500E-01  0.00000E+00  0.00000E+00  0.00000E+00   -0.86499E+02 -0.48097E+03  0.56747E+03 -0.29262E+03 -0.23794E+02  0.24229E+01      298.00
  0.72104E-01  0.10498E+04   -0.47500E-01 -0.47500E-01  0.95000E-01  0.00000E+00  0.00000E+00  0.00000E+00   -0.86650E+02 -0.48181E+03  0.56846E+03 -0.29223E+03 -0.23848E+02  0.24234E+01      298.00
  0.72510E-01  0.10501E+04   -0.47750E-01 -0.47750E-01  0.95500E-01  0.00000E+00  0.00000E+00  0.00000E+00   -0.86932E+02 -0.48206E+03  0.56899E+03 -0.29175E+03 -0.23891E+02  0.23959E+01      298.00
  0.72916E-01  0.10511E+04   -0.48000E-01 -0.48000E-01  0.96000E-01  0.00000E+00  0.00000E+00  0.00000E+00   -0.87082E+02 -0.48288E+03  0.56996E+03 -0.29135E+03 -0.23940E+02  0.23892E+01      298.00
  0.73323E-01  0.10518E+04   -0.48250E-01 -0.48250E-01  0.96500E-01  0.00000E+00  0.00000E+00  0.00000E+00   -0.87296E+02 -0.48342E+03  0.57072E+03 -0.29091E+03 -0.24029E+02  0.24436E+01      298.00
  0.73730E-01  0.10520E+04   -0.48500E-01 -0.48500E-01  0.97000E-01  0.00000E+00  0.00000E+00  0.00000E+00   -0.87580E+02 -0.48366E+03  0.57124E+03 -0.29043E+03 -0.24077E+02  0.24238E+01      298.00
  0.74137E-01  0.10530E+04   -0.48750E-01 -0.48750E-01  0.97500E-01  0.00000E+00  0.00000E+00  0.00000E+00   -0.87730E+02 -0.48446E+03  0.57219E+03 -0.29001E+03 -0.24136E+02  0.24339E+01      298.00
  0.74545E-01  0.10532E+04   -0.49000E-01 -0.49000E-01  0.98000E-01  0.00000E+00  0.00000E+00  0.00000E+00   -0.88013E+02 -0.48470E+03  0.57272E+03 -0.28953E+03 -0.24175E+02  0.24019E+01      298.00
  0.74952E-01  0.10542E+04   -0.49250E-01 -0.49250E-01  0.98500E-01  0.00000E+00  0.00000E+00  0.00000E+00   -0.88161E+02 -0.48549E+03  0.57365E+03 -0.28909E+03 -0.24231E+02  0.24080E+01      298.00
  0.75361E-01  0.10548E+04   -0.49500E-01 -0.49500E-01  0.99000E-01  0.00000E+00  0.00000E+00  0.00000E+00   -0.88375E+02 -0.48601E+03  0.57438E+03 -0.28863E+03 -0.24319E+02  0.24617E+01      298.00
  0.75769E-01  0.10550E+04   -0.49750E-01 -0.49750E-01  0.99500E-01  0.00000E+00  0.00000E+00  0.00000E+00   -0.88661E+02 -0.48624E+03  0.57490E+03 -0.28815E+03 -0.24360E+02  0.24324E+01      298.00
  0.76178E-01  0.10560E+04   -0.50000E-01 -0.50000E-01  0.10000E+00  0.00000E+00  0.00000E+00  0.00000E+00   -0.88809E+02 -0.48700E+03  0.57581E+03 -0.28769E+03 -0.24423E+02  0.24511E+01      298.00
          Evm          Svm            E11          E22          E33          E23          E13          E12         SDEV11       SDEV22       SDEV33       SDEV23       SDEV13       SDEV12      TEMP
  0.76178E-01  0.10555E+04   -0.50000E-01 -0.50000E-01  0.10000E+00  0.00000E+00  0.00000E+00  0.00000E+00   -0.88903E+02 -0.48665E+03  0.57555E+03 -0.28765E+03 -0.24186E+02  0.20549E+01      298.00
  0.76587E-01  0.10566E+04   -0.50250E-01 -0.50250E-01  0.10050E+00  0.00000E+00  0.00000E+00  0.00000E+00   -0.89014E+02 -0.48755E+03  0.57656E+03 -0.28723E+03 -0.24374E+02  0.22914E+01      298.00
  0.76996E-01  0.10571E+04   -0.50500E-01 -0.50500E-01  0.10100E+00  0.00000E+00  0.00000E+00  0.00000E+00   -0.89240E+02 -0.48800E+03  0.57724E+03 -0.28674E+03 -0.24523E+02  0.24382E+01      298.00
  0.77405E-01  0.10573E+04   -0.50750E-01 -0.50750E-01  0.10150E+00  0.00000E+00  0.00000E+00  0.00000E+00   -0.89525E+02 -0.48823E+03  0.57776E+03 -0.28626E+03 -0.24585E+02  0.24457E+01      298.00
  0.77815E-01  0.10582E+04   -0.51000E-01 -0.51000E-01  0.10200E+00  0.00000E+00  0.00000E+00  0.00000E+00   -0.89673E+02 -0.48897E+03  0.57864E+03 -0.28578E+03 -0.24664E+02  0.24892E+01      298.00
  0.78225E-01  0.10584E+04   -0.51250E-01 -0.51250E-01  0.10250E+00  0.00000E+00  0.00000E+00  0.00000E+00   -0.89958E+02 -0.48920E+03  0.57916E+03 -0.28529E+03 -0.24699E+02  0.24547E+01      298.00
  0.78636E-01  0.10593E+04   -0.51500E-01 -0.51500E-01  0.10300E+00  0.00000E+00  0.00000E+00  0.00000E+00   -0.90105E+02 -0.48993E+03  0.58003E+03 -0.28480E+03 -0.24767E+02  0.24832E+01      298.00
  0.79046E-01  0.10595E+04   -0.51750E-01 -0.51750E-01  0.10350E+00  0.00000E+00  0.00000E+00  0.00000E+00   -0.90391E+02 -0.49016E+03  0.58055E+03 -0.28431E+03 -0.24798E+02  0.24435E+01      298.00
  0.79457E-01  0.10603E+04   -0.52000E-01 -0.52000E-01  0.10400E+00  0.00000E+00  0.00000E+00  0.00000E+00   -0.90537E+02 -0.49087E+03  0.58141E+03 -0.28381E+03 -0.24865E+02  0.24707E+01      298.00
  0.79869E-01  0.10609E+04   -0.52250E-01 -0.52250E-01  0.10450E+00  0.00000E+00  0.00000E+00  0.00000E+00   -0.90750E+02 -0.49135E+03  0.58210E+03 -0.28331E+03 -0.24952E+02  0.25255E+01      298.00
  0.80280E-01  0.10611E+04   -0.52500E-01 -0.52500E-01  0.10500E+00  0.00000E+00  0.00000E+00  0.00000E+00   -0.91039E+02 -0.49157E+03  0.58261E+03 -0.28282E+03 -0.24978E+02  0.24780E+01      298.00
  0.80692E-01  0.10619E+04   -0.52750E-01 -0.52750E-01  0.10550E+00  0.00000E+00  0.00000E+00  0.00000E+00   -0.91185E+02 -0.49226E+03  0.58345E+03 -0.28230E+03 -0.25049E+02  0.25113E+01      298.00
  0.81104E-01  0.10621E+04   -0.53000E-01 -0.53000E-01  0.10600E+00  0.00000E+00  0.00000E+00  0.00000E+00   -0.91472E+02 -0.49249E+03  0.58396E+03 -0.28180E+03 -0.25076E+02  0.24677E+01      298.00
  0.81516E-01  0.10629E+04   -0.53250E-01 -0.53250E-01  0.10650E+00  0.00000E+00  0.00000E+00  0.00000E+00   -0.91617E+02 -0.49317E+03  0.58479E+03 -0.28128E+03 -0.25147E+02  0.25021E+01      298.00
  0.81929E-01  0.10631E+04   -0.53500E-01 -0.53500E-01  0.10700E+00  0.00000E+00  0.00000E+00  0.00000E+00   -0.91905E+02 -0.49340E+03  0.58530E+03 -0.28078E+03 -0.25175E+02  0.24600E+01      298.00
  0.82342E-01  0.10638E+04   -0.53750E-01 -0.53750E-01  0.10750E+00  0.00000E+00  0.00000E+00  0.00000E+00   -0.92050E+02 -0.49407E+03  0.58612E+03 -0.28024E+03 -0.25245E+02  0.24957E+01      298.00
  0.82755E-01  0.10643E+04   -0.54000E-01 -0.54000E-01  0.10800E+00  0.00000E+00  0.00000E+00  0.00000E+00   -0.92263E+02 -0.49452E+03  0.58678E+03 -0.27973E+03 -0.25329E+02  0.25490E+01      298.00
  0.83169E-01  0.10645E+04   -0.54250E-01 -0.54250E-01  0.10850E+00  0.00000E+00  0.00000E+00  0.00000E+00   -0.92553E+02 -0.49473E+03  0.58729E+03 -0.27922E+03 -0.25351E+02  0.24962E+01      298.00
  0.83583E-01  0.10652E+04   -0.54500E-01 -0.54500E-01  0.10900E+00  0.00000E+00  0.00000E+00  0.00000E+00   -0.92697E+02 -0.49539E+03  0.58808E+03 -0.27867E+03 -0.25423E+02  0.25350E+01      298.00
  0.83997E-01  0.10654E+04   -0.54750E-01 -0.54750E-01  0.10950E+00  0.00000E+00  0.00000E+00  0.00000E+00   -0.92985E+02 -0.49561E+03  0.58859E+03 -0.27817E+03 -0.25448E+02  0.24897E+01      298.00
  0.84411E-01  0.10661E+04   -0.55000E-01 -0.55000E-01  0.11000E+00  0.00000E+00  0.00000E+00  0.00000E+00   -0.93130E+02 -0.49625E+03  0.58938E+03 -0.27761E+03 -0.25521E+02  0.25311E+01      298.00
  0.84826E-01  0.10666E+04   -0.55250E-01 -0.55250E-01  0.11050E+00  0.00000E+00  0.00000E+00  0.00000E+00   -0.93342E+02 -0.49668E+03  0.59003E+03 -0.27708E+03 -0.25605E+02  0.25850E+01      298.00
  0.85240E-01  0.10668E+04   -0.55500E-01 -0.55500E-01  0.11100E+00  0.00000E+00  0.00000E+00  0.00000E+00   -0.93634E+02 -0.49689E+03  0.59053E+03 -0.27657E+03 -0.25621E+02  0.25261E+01      298.00
  0.85656E-01  0.10674E+04   -0.55750E-01 -0.55750E-01  0.11150E+00  0.00000E+00  0.00000E+00  0.00000E+00   -0.93777E+02 -0.49752E+03  0.59130E+03 -0.27599E+03 -0.25695E+02  0.25690E+01      298.00
  0.86071E-01  0.10677E+04   -0.56000E-01 -0.56000E-01  0.11200E+00  0.00000E+00  0.00000E+00  0.00000E+00   -0.94066E+02 -0.49774E+03  0.59180E+03 -0.27549E+03 -0.25716E+02  0.25210E+01      298.00
  0.86487E-01  0.10683E+04   -0.56250E-01 -0.56250E-01  0.11250E+00  0.00000E+00  0.00000E+00  0.00000E+00   -0.94209E+02 -0.49835E+03  0.59256E+03 -0.27490E+03 -0.25793E+02  0.25673E+01      298.00
  0.86903E-01  0.10687E+04   -0.56500E-01 -0.56500E-01  0.11300E+00  0.00000E+00  0.00000E+00  0.00000E+00   -0.94422E+02 -0.49877E+03  0.59319E+03 -0.27436E+03 -0.25875E+02  0.26216E+01      298.00
  0.87319E-01  0.10689E+04   -0.56750E-01 -0.56750E-01  0.11350E+00  0.00000E+00  0.00000E+00  0.00000E+00   -0.94714E+02 -0.49898E+03  0.59369E+03 -0.27385E+03 -0.25886E+02  0.25575E+01      298.00
  0.87736E-01  0.10695E+04   -0.57000E-01 -0.57000E-01  0.11400E+00  0.00000E+00  0.00000E+00  0.00000E+00   -0.94857E+02 -0.49957E+03  0.59443E+03 -0.27325E+03 -0.25962E+02  0.26037E+01      298.00
  0.88152E-01  0.10698E+04   -0.57250E-01 -0.57250E-01  0.11450E+00  0.00000E+00  0.00000E+00  0.00000E+00   -0.95146E+02 -0.49979E+03  0.59493E+03 -0.27274E+03 -0.25980E+02  0.25534E+01      298.00
  0.88570E-01  0.10703E+04   -0.57500E-01 -0.57500E-01  0.11500E+00  0.00000E+00  0.00000E+00  0.00000E+00   -0.95288E+02 -0.50038E+03  0.59567E+03 -0.27213E+03 -0.26058E+02  0.26039E+01      298.00
  0.88987E-01  0.10706E+04   -0.57750E-01 -0.57750E-01  0.11550E+00  0.00000E+00  0.00000E+00  0.00000E+00   -0.95578E+02 -0.50059E+03  0.59617E+03 -0.27162E+03 -0.26077E+02  0.25558E+01      298.00
  0.89405E-01  0.10711E+04   -0.58000E-01 -0.58000E-01  0.11600E+00  0.00000E+00  0.00000E+00  0.00000E+00   -0.95720E+02 -0.50117E+03  0.59689E+03 -0.27101E+03 -0.26155E+02  0.26073E+01      298.00
  0.89823E-01  0.10715E+04   -0.58250E-01 -0.58250E-01  0.11650E+00  0.00000E+00  0.00000E+00  0.00000E+00   -0.95932E+02 -0.50157E+03  0.59750E+03 -0.27044E+03 -0.26236E+02  0.26613E+01      298.00
  0.90241E-01  0.10717E+04   -0.58500E-01 -0.58500E-01  0.11700E+00  0.00000E+00  0.00000E+00  0.00000E+00   -0.96225E+02 -0.50177E+03  0.59799E+03 -0.26993E+03 -0.26243E+02  0.25934E+01      298.00
  0.90659E-01  0.10723E+04   -0.58750E-01 -0.58750E-01  0.11750E+00  0.00000E+00  0.00000E+00  0.00000E+00   -0.96367E+02 -0.50233E+03  0.59870E+03 -0.26930E+03 -0.26320E+02  0.26426E+01      298.00
  0.91078E-01  0.10725E+04   -0.59000E-01 -0.59000E-01  0.11800E+00  0.00000E+00  0.00000E+00  0.00000E+00   -0.96657E+02 -0.50254E+03  0.59919E+03 -0.26878E+03 -0.26335E+02  0.25909E+01      298.00
  0.91497E-01  0.10730E+04   -0.59250E-01 -0.59250E-01  0.11850E+00  0.00000E+00  0.00000E+00  0.00000E+00   -0.96798E+02 -0.50309E+03  0.59989E+03 -0.26815E+03 -0.26414E+02  0.26450E+01      298.00
  0.91916E-01  0.10734E+04   -0.59500E-01 -0.59500E-01  0.11900E+00  0.00000E+00  0.00000E+00  0.00000E+00   -0.97010E+02 -0.50348E+03  0.60049E+03 -0.26758E+03 -0.26494E+02  0.26989E+01      298.00
  0.92336E-01  0.10736E+04   -0.59750E-01 -0.59750E-01  0.11950E+00  0.00000E+00  0.00000E+00  0.00000E+00   -0.97303E+02 -0.50367E+03  0.60098E+03 -0.26705E+03 -0.26497E+02  0.26271E+01      298.00
  0.92756E-01  0.10741E+04   -0.60000E-01 -0.60000E-01  0.12000E+00  0.00000E+00  0.00000E+00  0.00000E+00   -0.97444E+02 -0.50422E+03  0.60166E+03 -0.26641E+03 -0.26573E+02  0.26784E+01      298.00
  0.93176E-01  0.10743E+04   -0.60250E-01 -0.60250E-01  0.12050E+00  0.00000E+00  0.00000E+00  0.00000E+00   -0.97734E+02 -0.50442E+03  0.60215E+03 -0.26589E+03 -0.26586E+02  0.26251E+01      298.00
  0.93596E-01  0.10748E+04   -0.60500E-01 -0.60500E-01  0.12100E+00  0.00000E+00  0.00000E+00  0.00000E+00   -0.97875E+02 -0.50495E+03  0.60283E+03 -0.26524E+03 -0.26666E+02  0.26818E+01      298.00
  0.94017E-01  0.10751E+04   -0.60750E-01 -0.60750E-01  0.12150E+00  0.00000E+00  0.00000E+00  0.00000E+00   -0.98087E+02 -0.50532E+03  0.60341E+03 -0.26465E+03 -0.26745E+02  0.27355E+01      298.00
  0.94438E-01  0.10753E+04   -0.61000E-01 -0.61000E-01  0.12200E+00  0.00000E+00  0.00000E+00  0.00000E+00   -0.98380E+02 -0.50552E+03  0.60390E+03 -0.26412E+03 -0.26744E+02  0.26607E+01      298.00
  0.94859E-01  0.10758E+04   -0.61250E-01 -0.61250E-01  0.12250E+00  0.00000E+00  0.00000E+00  0.00000E+00   -0.98521E+02 -0.50604E+03  0.60456E+03 -0.26347E+03 -0.26821E+02  0.27135E+01      298.00
  0.95281E-01  0.10761E+04   -0.61500E-01 -0.61500E-01  0.12300E+00  0.00000E+00  0.00000E+00  0.00000E+00   -0.98732E+02 -0.50640E+03  0.60513E+03 -0.26287E+03 -0.26898E+02  0.27655E+01      298.00
  0.95702E-01  0.10763E+04   -0.61750E-01 -0.61750E-01  0.12350E+00  0.00000E+00  0.00000E+00  0.00000E+00   -0.99026E+02 -0.50659E+03  0.60562E+03 -0.26234E+03 -0.26893E+02  0.26864E+01      298.00
  0.96124E-01  0.10768E+04   -0.62000E-01 -0.62000E-01  0.12400E+00  0.00000E+00  0.00000E+00  0.00000E+00   -0.99166E+02 -0.50710E+03  0.60627E+03 -0.26167E+03 -0.26970E+02  0.27403E+01      298.00
  0.96547E-01  0.10770E+04   -0.62250E-01 -0.62250E-01  0.12450E+00  0.00000E+00  0.00000E+00  0.00000E+00   -0.99456E+02 -0.50729E+03  0.60675E+03 -0.26114E+03 -0.26979E+02  0.26840E+01      298.00
  0.96969E-01  0.10774E+04   -0.62500E-01 -0.62500E-01  0.12500E+00  0.00000E+00  0.00000E+00  0.00000E+00   -0.99596E+02 -0.50780E+03  0.60739E+03 -0.26047E+03 -0.27060E+02  0.27443E+01      298.00
