          S1          S2          D1          D2
 -0.5235E+02 -0.1638E+03  0.5884E-08 -0.6103E-02
 -0.7644E+02 -0.1618E+03 -0.1006E-02 -0.5707E-02
 -0.9432E+02 -0.1570E+03 -0.1902E-02 -0.5226E-02
 -0.1267E+03 -0.1412E+03 -0.2693E-02 -0.4665E-02
 -0.1500E+03 -0.1247E+03 -0.3349E-02 -0.3991E-02
 -0.1597E+03 -0.1153E+03 -0.3900E-02 -0.3273E-02
 -0.1652E+03 -0.1074E+03 -0.4401E-02 -0.2541E-02
 -0.1687E+03 -0.9991E+02 -0.4876E-02 -0.1775E-02
 -0.1713E+03 -0.9006E+02 -0.5343E-02 -0.9421E-03
 -0.1730E+03 -0.6426E+02 -0.5780E-02 -0.1093E-07
 -0.1699E+03 -0.1359E+02 -0.5972E-02  0.1053E-02
 -0.1636E+03  0.9591E+01 -0.5985E-02  0.2178E-02
 -0.1499E+03  0.3880E+02 -0.5804E-02  0.3351E-02
 -0.1340E+03  0.6165E+02 -0.5385E-02  0.4518E-02
 -0.1020E+03  0.9250E+02 -0.4712E-02  0.5616E-02
 -0.5118E+02  0.1274E+03 -0.3678E-02  0.6370E-02
  0.6664E+01  0.1551E+03 -0.2384E-02  0.6550E-02
  0.3175E+02  0.1621E+03 -0.1127E-02  0.6390E-02
  0.5234E+02  0.1638E+03 -0.9190E-07  0.6103E-02
  0.7644E+02  0.1618E+03  0.1006E-02  0.5707E-02
  0.9432E+02  0.1570E+03  0.1902E-02  0.5226E-02
  0.1267E+03  0.1412E+03  0.2693E-02  0.4665E-02
  0.1500E+03  0.1247E+03  0.3349E-02  0.3991E-02
  0.1597E+03  0.1153E+03  0.3900E-02  0.3273E-02
  0.1652E+03  0.1074E+03  0.4401E-02  0.2541E-02
  0.1687E+03  0.9991E+02  0.4876E-02  0.1775E-02
  0.1713E+03  0.9006E+02  0.5343E-02  0.9421E-03
  0.1730E+03  0.6426E+02  0.5780E-02  0.1093E-07
  0.1699E+03  0.1359E+02  0.5972E-02 -0.1053E-02
  0.1636E+03 -0.9591E+01  0.5985E-02 -0.2178E-02
  0.1499E+03 -0.3880E+02  0.5804E-02 -0.3351E-02
  0.1340E+03 -0.6165E+02  0.5385E-02 -0.4518E-02
  0.1020E+03 -0.9250E+02  0.4712E-02 -0.5616E-02
  0.5118E+02 -0.1274E+03  0.3678E-02 -0.6370E-02
 -0.6665E+01 -0.1551E+03  0.2384E-02 -0.6550E-02
 -0.3175E+02 -0.1621E+03  0.1127E-02 -0.6390E-02
 -0.5235E+02 -0.1638E+03  0.5884E-08 -0.6103E-02
          S1          S2          D1          D2
 -0.8167E+02 -0.2829E+03 -0.6986E-08 -0.3535E-02
 -0.1156E+03 -0.2800E+03 -0.5870E-03 -0.3330E-02
 -0.1436E+03 -0.2725E+03 -0.1121E-02 -0.3079E-02
 -0.2067E+03 -0.2411E+03 -0.1602E-02 -0.2774E-02
 -0.2466E+03 -0.2132E+03 -0.1998E-02 -0.2381E-02
 -0.2619E+03 -0.1982E+03 -0.2336E-02 -0.1960E-02
 -0.2717E+03 -0.1841E+03 -0.2645E-02 -0.1527E-02
 -0.2776E+03 -0.1715E+03 -0.2941E-02 -0.1070E-02
 -0.2818E+03 -0.1554E+03 -0.3234E-02 -0.5702E-03
 -0.2846E+03 -0.1133E+03 -0.3513E-02 -0.9750E-08
 -0.2782E+03 -0.1037E+02 -0.3619E-02  0.6380E-03
 -0.2671E+03  0.3086E+02 -0.3593E-02  0.1308E-02
 -0.2461E+03  0.7579E+02 -0.3450E-02  0.1992E-02
 -0.2206E+03  0.1123E+03 -0.3176E-02  0.2665E-02
 -0.1731E+03  0.1586E+03 -0.2762E-02  0.3292E-02
 -0.7060E+02  0.2289E+03 -0.2141E-02  0.3709E-02
  0.1458E+02  0.2702E+03 -0.1374E-02  0.3775E-02
  0.5091E+02  0.2803E+03 -0.6500E-03  0.3686E-02
  0.8167E+02  0.2829E+03 -0.6311E-07  0.3535E-02
  0.1156E+03  0.2800E+03  0.5870E-03  0.3330E-02
  0.1436E+03  0.2725E+03  0.1121E-02  0.3079E-02
  0.2067E+03  0.2411E+03  0.1602E-02  0.2774E-02
  0.2466E+03  0.2132E+03  0.1998E-02  0.2381E-02
  0.2619E+03  0.1982E+03  0.2336E-02  0.1960E-02
  0.2717E+03  0.1841E+03  0.2645E-02  0.1527E-02
  0.2776E+03  0.1715E+03  0.2941E-02  0.1070E-02
  0.2818E+03  0.1554E+03  0.3234E-02  0.5702E-03
  0.2846E+03  0.1133E+03  0.3513E-02  0.9748E-08
  0.2782E+03  0.1038E+02  0.3619E-02 -0.6380E-03
  0.2671E+03 -0.3085E+02  0.3593E-02 -0.1308E-02
  0.2461E+03 -0.7578E+02  0.3450E-02 -0.1992E-02
  0.2206E+03 -0.1123E+03  0.3176E-02 -0.2665E-02
  0.1730E+03 -0.1586E+03  0.2762E-02 -0.3292E-02
  0.7059E+02 -0.2289E+03  0.2141E-02 -0.3709E-02
 -0.1459E+02 -0.2702E+03  0.1374E-02 -0.3775E-02
 -0.5092E+02 -0.2803E+03  0.6500E-03 -0.3686E-02
 -0.8167E+02 -0.2829E+03 -0.6986E-08 -0.3535E-02
          S1          S2          D1          D2
 -0.1040E+03 -0.3492E+03 -0.4888E-09 -0.2863E-02
 -0.1452E+03 -0.3456E+03 -0.4749E-03 -0.2694E-02
 -0.1786E+03 -0.3368E+03 -0.9058E-03 -0.2489E-02
 -0.2516E+03 -0.3003E+03 -0.1296E-02 -0.2244E-02
 -0.2976E+03 -0.2680E+03 -0.1621E-02 -0.1932E-02
 -0.3166E+03 -0.2494E+03 -0.1902E-02 -0.1596E-02
 -0.3289E+03 -0.2318E+03 -0.2161E-02 -0.1248E-02
 -0.3362E+03 -0.2162E+03 -0.2410E-02 -0.8773E-03
 -0.3414E+03 -0.1965E+03 -0.2660E-02 -0.4690E-03
 -0.3446E+03 -0.1474E+03 -0.2902E-02 -0.1006E-07
 -0.3363E+03 -0.2100E+02 -0.3006E-02  0.5301E-03
 -0.3218E+03  0.3317E+02 -0.2995E-02  0.1090E-02
 -0.2944E+03  0.9194E+02 -0.2878E-02  0.1662E-02
 -0.2619E+03  0.1384E+03 -0.2645E-02  0.2220E-02
 -0.2000E+03  0.1987E+03 -0.2289E-02  0.2728E-02
 -0.7048E+02  0.2882E+03 -0.1755E-02  0.3041E-02
  0.2532E+02  0.3344E+03 -0.1119E-02  0.3075E-02
  0.6724E+02  0.3460E+03 -0.5278E-03  0.2993E-02
  0.1041E+03  0.3492E+03 -0.5567E-07  0.2864E-02
  0.1454E+03  0.3456E+03  0.4750E-03  0.2694E-02
  0.1787E+03  0.3367E+03  0.9059E-03  0.2489E-02
  0.2517E+03  0.3003E+03  0.1296E-02  0.2244E-02
  0.2976E+03  0.2680E+03  0.1621E-02  0.1932E-02
  0.3166E+03  0.2494E+03  0.1902E-02  0.1596E-02
  0.3289E+03  0.2318E+03  0.2161E-02  0.1248E-02
  0.3362E+03  0.2162E+03  0.2410E-02  0.8773E-03
  0.3414E+03  0.1965E+03  0.2659E-02  0.4689E-03
  0.3446E+03  0.1474E+03  0.2902E-02  0.1001E-07
  0.3363E+03  0.2107E+02  0.3007E-02 -0.5301E-03
  0.3219E+03 -0.3292E+02  0.2996E-02 -0.1090E-02
  0.2944E+03 -0.9176E+02  0.2879E-02 -0.1662E-02
  0.2617E+03 -0.1384E+03  0.2646E-02 -0.2220E-02
  0.1998E+03 -0.1989E+03  0.2289E-02 -0.2728E-02
  0.7034E+02 -0.2883E+03  0.1755E-02 -0.3040E-02
 -0.2551E+02 -0.3346E+03  0.1119E-02 -0.3074E-02
 -0.6726E+02 -0.3461E+03  0.5277E-03 -0.2992E-02
 -0.1040E+03 -0.3492E+03 -0.4888E-09 -0.2863E-02
          S1          S2          D1          D2
 -0.1166E+03 -0.3942E+03 -0.4956E-08 -0.2536E-02
 -0.1601E+03 -0.3905E+03 -0.4211E-03 -0.2388E-02
 -0.1961E+03 -0.3809E+03 -0.8047E-03 -0.2211E-02
 -0.2777E+03 -0.3397E+03 -0.1155E-02 -0.2000E-02
 -0.3270E+03 -0.3052E+03 -0.1448E-02 -0.1725E-02
 -0.3478E+03 -0.2847E+03 -0.1704E-02 -0.1430E-02
 -0.3620E+03 -0.2646E+03 -0.1943E-02 -0.1122E-02
 -0.3702E+03 -0.2471E+03 -0.2173E-02 -0.7911E-03
 -0.3759E+03 -0.2253E+03 -0.2406E-02 -0.4243E-03
 -0.3794E+03 -0.1730E+03 -0.2636E-02 -0.1010E-07
 -0.3692E+03 -0.2510E+02 -0.2741E-02  0.4833E-03
 -0.3520E+03  0.3926E+02 -0.2730E-02  0.9936E-03
 -0.3210E+03  0.1057E+03 -0.2617E-02  0.1511E-02
 -0.2843E+03  0.1583E+03 -0.2398E-02  0.2012E-02
 -0.2135E+03  0.2275E+03 -0.2063E-02  0.2459E-02
 -0.6733E+02  0.3295E+03 -0.1567E-02  0.2714E-02
  0.3417E+02  0.3788E+03 -0.9936E-03  0.2730E-02
  0.7759E+02  0.3907E+03 -0.4677E-03  0.2652E-02
  0.1169E+03  0.3941E+03 -0.4708E-07  0.2538E-02
  0.1605E+03  0.3903E+03  0.4212E-03  0.2389E-02
  0.1962E+03  0.3808E+03  0.8048E-03  0.2211E-02
  0.2778E+03  0.3396E+03  0.1155E-02  0.2000E-02
  0.3270E+03  0.3052E+03  0.1448E-02  0.1725E-02
  0.3478E+03  0.2847E+03  0.1704E-02  0.1430E-02
  0.3620E+03  0.2645E+03  0.1943E-02  0.1122E-02
  0.3702E+03  0.2471E+03  0.2173E-02  0.7910E-03
  0.3759E+03  0.2254E+03  0.2406E-02  0.4243E-03
  0.3794E+03  0.1731E+03  0.2636E-02  0.9889E-08
  0.3692E+03  0.2529E+02  0.2741E-02 -0.4833E-03
  0.3522E+03 -0.3857E+02  0.2731E-02 -0.9939E-03
  0.3211E+03 -0.1053E+03  0.2619E-02 -0.1512E-02
  0.2838E+03 -0.1585E+03  0.2399E-02 -0.2013E-02
  0.2128E+03 -0.2281E+03  0.2064E-02 -0.2459E-02
  0.6692E+02 -0.3298E+03  0.1567E-02 -0.2714E-02
 -0.3458E+02 -0.3791E+03  0.9932E-03 -0.2729E-02
 -0.7763E+02 -0.3909E+03  0.4675E-03 -0.2651E-02
 -0.1166E+03 -0.3942E+03 -0.4956E-08 -0.2536E-02
          S1          S2          D1          D2
 -0.1239E+03 -0.4278E+03 -0.2196E-09 -0.2338E-02
 -0.1672E+03 -0.4240E+03 -0.3888E-03 -0.2205E-02
 -0.2044E+03 -0.4141E+03 -0.7451E-03 -0.2047E-02
 -0.2944E+03 -0.3682E+03 -0.1073E-02 -0.1858E-02
 -0.3456E+03 -0.3326E+03 -0.1348E-02 -0.1606E-02
 -0.3672E+03 -0.3114E+03 -0.1591E-02 -0.1335E-02
 -0.3827E+03 -0.2893E+03 -0.1819E-02 -0.1050E-02
 -0.3915E+03 -0.2706E+03 -0.2041E-02 -0.7429E-03
 -0.3975E+03 -0.2475E+03 -0.2267E-02 -0.3997E-03
 -0.4012E+03 -0.1940E+03 -0.2493E-02 -0.1097E-07
 -0.3890E+03 -0.2554E+02 -0.2601E-02  0.4585E-03
 -0.3696E+03  0.4753E+02 -0.2585E-02  0.9408E-03
 -0.3368E+03  0.1180E+03 -0.2470E-02  0.1426E-02
 -0.2970E+03  0.1747E+03 -0.2254E-02  0.1891E-02
 -0.2192E+03  0.2509E+03 -0.1930E-02  0.2300E-02
 -0.6167E+02  0.3618E+03 -0.1453E-02  0.2517E-02
  0.4175E+02  0.4124E+03 -0.9164E-03  0.2518E-02
  0.8470E+02  0.4242E+03 -0.4309E-03  0.2444E-02
  0.1243E+03  0.4276E+03 -0.5128E-07  0.2339E-02
  0.1677E+03  0.4238E+03  0.3889E-03  0.2206E-02
  0.2046E+03  0.4140E+03  0.7451E-03  0.2047E-02
  0.2945E+03  0.3681E+03  0.1073E-02  0.1858E-02
  0.3456E+03  0.3326E+03  0.1348E-02  0.1606E-02
  0.3672E+03  0.3113E+03  0.1591E-02  0.1335E-02
  0.3828E+03  0.2891E+03  0.1819E-02  0.1050E-02
  0.3915E+03  0.2706E+03  0.2041E-02  0.7428E-03
  0.3976E+03  0.2475E+03  0.2267E-02  0.3997E-03
  0.4012E+03  0.1942E+03  0.2493E-02  0.1063E-07
  0.3891E+03  0.2579E+02  0.2601E-02 -0.4585E-03
  0.3698E+03 -0.4666E+02  0.2586E-02 -0.9411E-03
  0.3368E+03 -0.1175E+03  0.2471E-02 -0.1427E-02
  0.2964E+03 -0.1750E+03  0.2256E-02 -0.1893E-02
  0.2184E+03 -0.2515E+03  0.1930E-02 -0.2300E-02
  0.6112E+02 -0.3621E+03  0.1453E-02 -0.2516E-02
 -0.4216E+02 -0.4127E+03  0.9159E-03 -0.2516E-02
 -0.8469E+02 -0.4244E+03  0.4307E-03 -0.2442E-02
 -0.1239E+03 -0.4278E+03 -0.2196E-09 -0.2338E-02
          S1          S2          D1          D2
 -0.1284E+03 -0.4550E+03 -0.2816E-11 -0.2198E-02
 -0.1704E+03 -0.4513E+03 -0.3663E-03 -0.2078E-02
 -0.2081E+03 -0.4412E+03 -0.7040E-03 -0.1934E-02
 -0.3065E+03 -0.3905E+03 -0.1017E-02 -0.1762E-02
 -0.3588E+03 -0.3545E+03 -0.1280E-02 -0.1525E-02
 -0.3806E+03 -0.3329E+03 -0.1515E-02 -0.1271E-02
 -0.3973E+03 -0.3094E+03 -0.1736E-02 -0.1003E-02
 -0.4064E+03 -0.2900E+03 -0.1954E-02 -0.7110E-03
 -0.4126E+03 -0.2660E+03 -0.2176E-02 -0.3837E-03
 -0.4163E+03 -0.2126E+03 -0.2402E-02 -0.1196E-07
 -0.4020E+03 -0.2389E+02 -0.2514E-02  0.4432E-03
 -0.3806E+03  0.5696E+02 -0.2492E-02  0.9069E-03
 -0.3470E+03  0.1293E+03 -0.2372E-02  0.1369E-02
 -0.3051E+03  0.1890E+03 -0.2157E-02  0.1810E-02
 -0.2217E+03  0.2707E+03 -0.1837E-02  0.2190E-02
 -0.5326E+02  0.3898E+03 -0.1373E-02  0.2378E-02
  0.4840E+02  0.4401E+03 -0.8615E-03  0.2367E-02
  0.8999E+02  0.4515E+03 -0.4048E-03  0.2296E-02
  0.1287E+03  0.4548E+03 -0.3871E-07  0.2199E-02
  0.1708E+03  0.4511E+03  0.3664E-03  0.2078E-02
  0.2082E+03  0.4411E+03  0.7041E-03  0.1934E-02
  0.3066E+03  0.3904E+03  0.1017E-02  0.1762E-02
  0.3588E+03  0.3545E+03  0.1280E-02  0.1525E-02
  0.3806E+03  0.3329E+03  0.1515E-02  0.1271E-02
  0.3974E+03  0.3093E+03  0.1736E-02  0.1002E-02
  0.4064E+03  0.2899E+03  0.1953E-02  0.7110E-03
  0.4127E+03  0.2660E+03  0.2176E-02  0.3837E-03
  0.4164E+03  0.2127E+03  0.2402E-02  0.1162E-07
  0.4021E+03  0.2412E+02  0.2514E-02 -0.4432E-03
  0.3807E+03 -0.5621E+02  0.2493E-02 -0.9072E-03
  0.3469E+03 -0.1290E+03  0.2373E-02 -0.1370E-02
  0.3045E+03 -0.1893E+03  0.2158E-02 -0.1811E-02
  0.2210E+03 -0.2711E+03  0.1838E-02 -0.2190E-02
  0.5264E+02 -0.3902E+03  0.1373E-02 -0.2377E-02
 -0.4867E+02 -0.4404E+03  0.8612E-03 -0.2366E-02
 -0.8995E+02 -0.4516E+03  0.4047E-03 -0.2295E-02
 -0.1284E+03 -0.4550E+03 -0.2816E-11 -0.2198E-02
