TEXTURE AT STRAIN =    0.0250
   0.988   1.025   0.988  <-- length of phase ellipsoid axes
 -156.65   90.00  180.00  <-- Euler angles (deg) of phase ellipsoid axes
B         1
  -73.11  108.94 -162.50   1.0000000
TEXTURE AT STRAIN =    0.0500
   0.975   1.051   0.975  <-- length of phase ellipsoid axes
 -155.57   90.00  180.00  <-- Euler angles (deg) of phase ellipsoid axes
B         1
  -72.83  110.03 -162.92   1.0000000
TEXTURE AT STRAIN =    0.0750
   0.963   1.078   0.963  <-- length of phase ellipsoid axes
 -158.25   90.00  180.00  <-- Euler angles (deg) of phase ellipsoid axes
B         1
  -72.53  111.18 -163.34   1.0000000
TEXTURE AT STRAIN =    0.1000
   0.951   1.105   0.951  <-- length of phase ellipsoid axes
 -159.39   90.00  180.00  <-- Euler angles (deg) of phase ellipsoid axes
B         1
  -72.22  112.39 -163.76   1.0000000
TEXTURE AT STRAIN =    0.1250
   0.939   1.133   0.939  <-- length of phase ellipsoid axes
 -159.93   90.00  180.00  <-- Euler angles (deg) of phase ellipsoid axes
B         1
  -71.89  113.66 -164.18   1.0000000
