    STEP   AVACS   MODE1   MODE2   MODE3   MODE4
       1   6.000   0.327   0.673   0.000   0.000
       2   7.000   0.379   0.621   0.000   0.000
       3   6.000   0.371   0.629   0.000   0.000
       4   6.000   0.333   0.667   0.000   0.000
       5   6.000   0.425   0.575   0.000   0.000
       6   5.000   0.441   0.559   0.000   0.000
       7   7.000   0.452   0.548   0.000   0.000
       8   6.000   0.408   0.592   0.000   0.000
       9   6.000   0.358   0.642   0.000   0.000
      10   6.000   0.328   0.672   0.000   0.000
      11   5.000   0.262   0.738   0.000   0.000
      12   6.000   0.224   0.776   0.000   0.000
      13   4.000   0.159   0.841   0.000   0.000
      14   5.000   0.101   0.899   0.000   0.000
      15   5.000   0.037   0.963   0.000   0.000
      16   5.000   0.030   0.970   0.000   0.000
      17   6.000   0.118   0.882   0.000   0.000
      18   7.000   0.248   0.752   0.000   0.000
      19   6.000   0.327   0.673   0.000   0.000
      20   7.000   0.379   0.621   0.000   0.000
      21   6.000   0.371   0.629   0.000   0.000
      22   6.000   0.333   0.667   0.000   0.000
      23   6.000   0.425   0.575   0.000   0.000
      24   5.000   0.441   0.559   0.000   0.000
      25   7.000   0.452   0.548   0.000   0.000
      26   6.000   0.408   0.592   0.000   0.000
      27   6.000   0.358   0.642   0.000   0.000
      28   6.000   0.328   0.672   0.000   0.000
      29   5.000   0.262   0.738   0.000   0.000
      30   6.000   0.224   0.776   0.000   0.000
      31   4.000   0.159   0.841   0.000   0.000
      32   5.000   0.101   0.899   0.000   0.000
      33   5.000   0.037   0.963   0.000   0.000
      34   5.000   0.030   0.970   0.000   0.000
      35   6.000   0.118   0.882   0.000   0.000
      36   7.000   0.248   0.752   0.000   0.000
  STRAIN   AVACS   PRITW   SECTW   MODE1   MODE2   MODE3   MODE4   TWFR3   EFFR3   TWFR4   EFFR4
   0.000   6.000   0.000   0.000   0.327   0.673   0.000   0.000   0.000   0.000   0.000   0.000
   0.001   6.000   0.000   0.000   0.325   0.675   0.000   0.000   0.000   0.000   0.000   0.000
   0.001   6.000   0.000   0.000   0.324   0.676   0.000   0.000   0.000   0.000   0.000   0.000
   0.002   6.000   0.000   0.000   0.322   0.678   0.000   0.000   0.000   0.000   0.000   0.000
   0.002   6.000   0.000   0.000   0.321   0.679   0.000   0.000   0.000   0.000   0.000   0.000
   0.003   6.000   0.000   0.000   0.319   0.681   0.000   0.000   0.000   0.000   0.000   0.000
   0.003   6.000   0.000   0.000   0.318   0.682   0.000   0.000   0.000   0.000   0.000   0.000
   0.004   6.000   0.000   0.000   0.317   0.683   0.000   0.000   0.000   0.000   0.000   0.000
   0.004   6.000   0.000   0.000   0.316   0.684   0.000   0.000   0.000   0.000   0.000   0.000
   0.005   7.000   0.000   0.000   0.315   0.685   0.000   0.000   0.000   0.000   0.000   0.000
   0.005   8.000   0.000   0.000   0.314   0.686   0.000   0.000   0.000   0.000   0.000   0.000
   0.006   8.000   0.000   0.000   0.314   0.686   0.000   0.000   0.000   0.000   0.000   0.000
   0.006   8.000   0.000   0.000   0.313   0.687   0.000   0.000   0.000   0.000   0.000   0.000
   0.007   8.000   0.000   0.000   0.313   0.687   0.000   0.000   0.000   0.000   0.000   0.000
   0.007   8.000   0.000   0.000   0.313   0.687   0.000   0.000   0.000   0.000   0.000   0.000
   0.008   8.000   0.000   0.000   0.312   0.688   0.000   0.000   0.000   0.000   0.000   0.000
   0.008   8.000   0.000   0.000   0.312   0.688   0.000   0.000   0.000   0.000   0.000   0.000
   0.009   8.000   0.000   0.000   0.312   0.688   0.000   0.000   0.000   0.000   0.000   0.000
   0.009   8.000   0.000   0.000   0.312   0.688   0.000   0.000   0.000   0.000   0.000   0.000
   0.010   8.000   0.000   0.000   0.312   0.688   0.000   0.000   0.000   0.000   0.000   0.000
   0.010   8.000   0.000   0.000   0.312   0.688   0.000   0.000   0.000   0.000   0.000   0.000
   0.011   8.000   0.000   0.000   0.312   0.688   0.000   0.000   0.000   0.000   0.000   0.000
   0.011   8.000   0.000   0.000   0.312   0.688   0.000   0.000   0.000   0.000   0.000   0.000
   0.012   8.000   0.000   0.000   0.313   0.687   0.000   0.000   0.000   0.000   0.000   0.000
   0.012   8.000   0.000   0.000   0.312   0.688   0.000   0.000   0.000   0.000   0.000   0.000
   0.013   8.000   0.000   0.000   0.313   0.687   0.000   0.000   0.000   0.000   0.000   0.000
   0.013   7.000   0.000   0.000   0.313   0.687   0.000   0.000   0.000   0.000   0.000   0.000
   0.014   6.000   0.000   0.000   0.313   0.687   0.000   0.000   0.000   0.000   0.000   0.000
   0.014   6.000   0.000   0.000   0.313   0.687   0.000   0.000   0.000   0.000   0.000   0.000
   0.015   6.000   0.000   0.000   0.313   0.687   0.000   0.000   0.000   0.000   0.000   0.000
   0.015   6.000   0.000   0.000   0.313   0.687   0.000   0.000   0.000   0.000   0.000   0.000
   0.016   6.000   0.000   0.000   0.313   0.687   0.000   0.000   0.000   0.000   0.000   0.000
   0.016   6.000   0.000   0.000   0.313   0.687   0.000   0.000   0.000   0.000   0.000   0.000
   0.017   6.000   0.000   0.000   0.313   0.687   0.000   0.000   0.000   0.000   0.000   0.000
   0.017   6.000   0.000   0.000   0.312   0.688   0.000   0.000   0.000   0.000   0.000   0.000
   0.018   6.000   0.000   0.000   0.312   0.688   0.000   0.000   0.000   0.000   0.000   0.000
   0.018   6.000   0.000   0.000   0.312   0.688   0.000   0.000   0.000   0.000   0.000   0.000
   0.019   6.000   0.000   0.000   0.312   0.688   0.000   0.000   0.000   0.000   0.000   0.000
   0.019   6.000   0.000   0.000   0.312   0.688   0.000   0.000   0.000   0.000   0.000   0.000
   0.020   6.000   0.000   0.000   0.312   0.688   0.000   0.000   0.000   0.000   0.000   0.000
   0.020   6.000   0.000   0.000   0.312   0.688   0.000   0.000   0.000   0.000   0.000   0.000
   0.021   6.000   0.000   0.000   0.312   0.688   0.000   0.000   0.000   0.000   0.000   0.000
   0.021   6.000   0.000   0.000   0.312   0.688   0.000   0.000   0.000   0.000   0.000   0.000
   0.022   6.000   0.000   0.000   0.312   0.688   0.000   0.000   0.000   0.000   0.000   0.000
   0.022   6.000   0.000   0.000   0.312   0.688   0.000   0.000   0.000   0.000   0.000   0.000
   0.023   6.000   0.000   0.000   0.312   0.688   0.000   0.000   0.000   0.000   0.000   0.000
   0.023   6.000   0.000   0.000   0.312   0.688   0.000   0.000   0.000   0.000   0.000   0.000
   0.024   6.000   0.000   0.000   0.312   0.688   0.000   0.000   0.000   0.000   0.000   0.000
   0.024   6.000   0.000   0.000   0.312   0.688   0.000   0.000   0.000   0.000   0.000   0.000
   0.025   6.000   0.000   0.000   0.311   0.689   0.000   0.000   0.000   0.000   0.000   0.000
   0.025   6.000   0.000   0.000   0.311   0.689   0.000   0.000   0.000   0.000   0.000   0.000
    STEP   AVACS   MODE1   MODE2   MODE3   MODE4
       1   6.000   0.312   0.688   0.000   0.000
       2   7.000   0.360   0.640   0.000   0.000
       3   7.000   0.359   0.641   0.000   0.000
       4   5.000   0.301   0.699   0.000   0.000
       5   6.000   0.397   0.603   0.000   0.000
       6   5.000   0.430   0.570   0.000   0.000
       7   7.000   0.452   0.548   0.000   0.000
       8   6.000   0.409   0.590   0.000   0.001
       9   6.000   0.337   0.663   0.000   0.000
      10   6.000   0.310   0.690   0.000   0.000
      11   5.000   0.254   0.746   0.000   0.000
      12   5.000   0.215   0.785   0.000   0.000
      13   5.000   0.165   0.835   0.000   0.000
      14   5.000   0.109   0.891   0.000   0.000
      15   5.000   0.047   0.953   0.000   0.000
      16   4.000   0.013   0.987   0.000   0.000
      17   6.000   0.101   0.899   0.000   0.000
      18   7.000   0.230   0.770   0.000   0.000
      19   6.000   0.312   0.688   0.000   0.000
      20   7.000   0.360   0.640   0.000   0.000
      21   7.000   0.359   0.641   0.000   0.000
      22   5.000   0.301   0.699   0.000   0.000
      23   6.000   0.397   0.603   0.000   0.000
      24   5.000   0.430   0.570   0.000   0.000
      25   7.000   0.452   0.548   0.000   0.000
      26   6.000   0.409   0.591   0.000   0.000
      27   6.000   0.337   0.663   0.000   0.000
      28   6.000   0.310   0.690   0.000   0.000
      29   5.000   0.254   0.746   0.000   0.000
      30   5.000   0.215   0.785   0.000   0.000
      31   5.000   0.165   0.835   0.000   0.000
      32   5.000   0.109   0.890   0.000   0.000
      33   5.000   0.047   0.953   0.000   0.000
      34   4.000   0.013   0.987   0.000   0.000
      35   6.000   0.101   0.899   0.000   0.000
      36   7.000   0.230   0.770   0.000   0.000
  STRAIN   AVACS   PRITW   SECTW   MODE1   MODE2   MODE3   MODE4   TWFR3   EFFR3   TWFR4   EFFR4
   0.025   6.000   0.000   0.000   0.312   0.688   0.000   0.000   0.000   0.000   0.000   0.000
   0.026   6.000   0.000   0.000   0.311   0.689   0.000   0.000   0.000   0.000   0.000   0.000
   0.026   6.000   0.000   0.000   0.311   0.689   0.000   0.000   0.000   0.000   0.000   0.000
   0.027   6.000   0.000   0.000   0.311   0.689   0.000   0.000   0.000   0.000   0.000   0.000
   0.027   6.000   0.000   0.000   0.311   0.689   0.000   0.000   0.000   0.000   0.000   0.000
   0.028   6.000   0.000   0.000   0.311   0.689   0.000   0.000   0.000   0.000   0.000   0.000
   0.028   6.000   0.000   0.000   0.311   0.689   0.000   0.000   0.000   0.000   0.000   0.000
   0.029   6.000   0.000   0.000   0.311   0.689   0.000   0.000   0.000   0.000   0.000   0.000
   0.029   6.000   0.000   0.000   0.311   0.689   0.000   0.000   0.000   0.000   0.000   0.000
   0.030   6.000   0.000   0.000   0.310   0.690   0.000   0.000   0.000   0.000   0.000   0.000
   0.030   6.000   0.000   0.000   0.310   0.690   0.000   0.000   0.000   0.000   0.000   0.000
   0.031   6.000   0.000   0.000   0.310   0.690   0.000   0.000   0.000   0.000   0.000   0.000
   0.031   6.000   0.000   0.000   0.310   0.690   0.000   0.000   0.000   0.000   0.000   0.000
   0.032   6.000   0.000   0.000   0.310   0.690   0.000   0.000   0.000   0.000   0.000   0.000
   0.032   6.000   0.000   0.000   0.310   0.690   0.000   0.000   0.000   0.000   0.000   0.000
   0.033   6.000   0.000   0.000   0.310   0.690   0.000   0.000   0.000   0.000   0.000   0.000
   0.033   6.000   0.000   0.000   0.310   0.690   0.000   0.000   0.000   0.000   0.000   0.000
   0.034   6.000   0.000   0.000   0.309   0.691   0.000   0.000   0.000   0.000   0.000   0.000
   0.034   6.000   0.000   0.000   0.309   0.691   0.000   0.000   0.000   0.000   0.000   0.000
   0.035   6.000   0.000   0.000   0.309   0.691   0.000   0.000   0.000   0.000   0.000   0.000
   0.035   6.000   0.000   0.000   0.309   0.691   0.000   0.000   0.000   0.000   0.000   0.000
   0.036   6.000   0.000   0.000   0.309   0.691   0.000   0.000   0.000   0.000   0.000   0.000
   0.036   6.000   0.000   0.000   0.309   0.691   0.000   0.000   0.000   0.000   0.000   0.000
   0.037   6.000   0.000   0.000   0.309   0.691   0.000   0.000   0.000   0.000   0.000   0.000
   0.037   6.000   0.000   0.000   0.308   0.692   0.000   0.000   0.000   0.000   0.000   0.000
   0.038   6.000   0.000   0.000   0.308   0.692   0.000   0.000   0.000   0.000   0.000   0.000
   0.038   6.000   0.000   0.000   0.308   0.692   0.000   0.000   0.000   0.000   0.000   0.000
   0.039   6.000   0.000   0.000   0.308   0.692   0.000   0.000   0.000   0.000   0.000   0.000
   0.039   6.000   0.000   0.000   0.308   0.692   0.000   0.000   0.000   0.000   0.000   0.000
   0.040   6.000   0.000   0.000   0.308   0.692   0.000   0.000   0.000   0.000   0.000   0.000
   0.040   6.000   0.000   0.000   0.307   0.693   0.000   0.000   0.000   0.000   0.000   0.000
   0.041   6.000   0.000   0.000   0.307   0.693   0.000   0.000   0.000   0.000   0.000   0.000
   0.041   6.000   0.000   0.000   0.307   0.693   0.000   0.000   0.000   0.000   0.000   0.000
   0.042   6.000   0.000   0.000   0.307   0.693   0.000   0.000   0.000   0.000   0.000   0.000
   0.042   6.000   0.000   0.000   0.307   0.693   0.000   0.000   0.000   0.000   0.000   0.000
   0.043   6.000   0.000   0.000   0.307   0.693   0.000   0.000   0.000   0.000   0.000   0.000
   0.043   6.000   0.000   0.000   0.307   0.693   0.000   0.000   0.000   0.000   0.000   0.000
   0.044   6.000   0.000   0.000   0.306   0.694   0.000   0.000   0.000   0.000   0.000   0.000
   0.044   6.000   0.000   0.000   0.306   0.694   0.000   0.000   0.000   0.000   0.000   0.000
   0.045   6.000   0.000   0.000   0.306   0.694   0.000   0.000   0.000   0.000   0.000   0.000
   0.045   6.000   0.000   0.000   0.306   0.694   0.000   0.000   0.000   0.000   0.000   0.000
   0.046   6.000   0.000   0.000   0.306   0.694   0.000   0.000   0.000   0.000   0.000   0.000
   0.046   6.000   0.000   0.000   0.306   0.694   0.000   0.000   0.000   0.000   0.000   0.000
   0.047   6.000   0.000   0.000   0.305   0.695   0.000   0.000   0.000   0.000   0.000   0.000
   0.047   6.000   0.000   0.000   0.305   0.695   0.000   0.000   0.000   0.000   0.000   0.000
   0.048   6.000   0.000   0.000   0.305   0.695   0.000   0.000   0.000   0.000   0.000   0.000
   0.048   6.000   0.000   0.000   0.305   0.695   0.000   0.000   0.000   0.000   0.000   0.000
   0.049   6.000   0.000   0.000   0.305   0.695   0.000   0.000   0.000   0.000   0.000   0.000
   0.049   6.000   0.000   0.000   0.305   0.695   0.000   0.000   0.000   0.000   0.000   0.000
   0.050   6.000   0.000   0.000   0.305   0.695   0.000   0.000   0.000   0.000   0.000   0.000
   0.050   6.000   0.000   0.000   0.304   0.696   0.000   0.000   0.000   0.000   0.000   0.000
    STEP   AVACS   MODE1   MODE2   MODE3   MODE4
       1   6.000   0.304   0.696   0.000   0.000
       2   7.000   0.353   0.647   0.000   0.000
       3   7.000   0.357   0.643   0.000   0.000
       4   5.000   0.303   0.697   0.000   0.000
       5   6.000   0.383   0.617   0.000   0.000
       6   5.000   0.423   0.576   0.000   0.000
       7   7.000   0.453   0.543   0.000   0.005
       8   6.000   0.412   0.582   0.000   0.006
       9   6.000   0.350   0.647   0.000   0.003
      10   6.000   0.319   0.680   0.000   0.001
      11   5.000   0.260   0.740   0.000   0.000
      12   5.000   0.224   0.776   0.000   0.000
      13   6.000   0.174   0.826   0.000   0.000
      14   5.000   0.120   0.880   0.000   0.000
      15   5.000   0.059   0.941   0.000   0.000
      16   4.000   0.000   0.998   0.000   0.002
      17   7.000   0.102   0.898   0.000   0.000
      18   7.000   0.225   0.775   0.000   0.000
      19   6.000   0.304   0.696   0.000   0.000
      20   7.000   0.353   0.647   0.000   0.000
      21   7.000   0.357   0.643   0.000   0.000
      22   5.000   0.303   0.697   0.000   0.000
      23   6.000   0.383   0.616   0.000   0.001
      24   5.000   0.424   0.576   0.000   0.000
      25   7.000   0.454   0.546   0.000   0.000
      26   6.000   0.414   0.586   0.000   0.000
      27   6.000   0.350   0.649   0.001   0.000
      28   6.000   0.319   0.681   0.000   0.000
      29   5.000   0.260   0.740   0.000   0.000
      30   5.000   0.223   0.776   0.000   0.001
      31   6.000   0.173   0.825   0.000   0.002
      32   5.000   0.118   0.879   0.000   0.002
      33   5.000   0.057   0.940   0.000   0.003
      34   4.000   0.000   1.000   0.000   0.000
      35   7.000   0.102   0.897   0.000   0.000
      36   7.000   0.225   0.775   0.000   0.000
  STRAIN   AVACS   PRITW   SECTW   MODE1   MODE2   MODE3   MODE4   TWFR3   EFFR3   TWFR4   EFFR4
   0.050   6.000   0.000   0.000   0.304   0.696   0.000   0.000   0.000   0.000   0.000   0.000
   0.051   6.000   0.000   0.000   0.304   0.696   0.000   0.000   0.000   0.000   0.000   0.000
   0.051   6.000   0.000   0.000   0.304   0.696   0.000   0.000   0.000   0.000   0.000   0.000
   0.052   6.000   0.000   0.000   0.304   0.696   0.000   0.000   0.000   0.000   0.000   0.000
   0.052   6.000   0.000   0.000   0.303   0.697   0.000   0.000   0.000   0.000   0.000   0.000
   0.053   6.000   0.000   0.000   0.303   0.697   0.000   0.000   0.000   0.000   0.000   0.000
   0.053   6.000   0.000   0.000   0.303   0.697   0.000   0.000   0.000   0.000   0.000   0.000
   0.054   6.000   0.000   0.000   0.303   0.697   0.000   0.000   0.000   0.000   0.000   0.000
   0.054   6.000   0.000   0.000   0.303   0.697   0.000   0.000   0.000   0.000   0.000   0.000
   0.055   6.000   0.000   0.000   0.302   0.698   0.000   0.000   0.000   0.000   0.000   0.000
   0.055   6.000   0.000   0.000   0.302   0.698   0.000   0.000   0.000   0.000   0.000   0.000
   0.056   6.000   0.000   0.000   0.302   0.698   0.000   0.000   0.000   0.000   0.000   0.000
   0.056   6.000   0.000   0.000   0.302   0.698   0.000   0.000   0.000   0.000   0.000   0.000
   0.057   6.000   0.000   0.000   0.302   0.698   0.000   0.000   0.000   0.000   0.000   0.000
   0.057   6.000   0.000   0.000   0.301   0.699   0.000   0.000   0.000   0.000   0.000   0.000
   0.058   6.000   0.000   0.000   0.301   0.699   0.000   0.000   0.000   0.000   0.000   0.000
   0.058   6.000   0.000   0.000   0.301   0.699   0.000   0.000   0.000   0.000   0.000   0.000
   0.059   6.000   0.000   0.000   0.301   0.699   0.000   0.000   0.000   0.000   0.000   0.000
   0.059   6.000   0.000   0.000   0.300   0.700   0.000   0.000   0.000   0.000   0.000   0.000
   0.060   6.000   0.000   0.000   0.300   0.700   0.000   0.000   0.000   0.000   0.000   0.000
   0.060   6.000   0.000   0.000   0.300   0.700   0.000   0.000   0.000   0.000   0.000   0.000
   0.061   6.000   0.000   0.000   0.300   0.700   0.000   0.000   0.000   0.000   0.000   0.000
   0.061   6.000   0.000   0.000   0.300   0.700   0.000   0.000   0.000   0.000   0.000   0.000
   0.062   6.000   0.000   0.000   0.299   0.701   0.000   0.000   0.000   0.000   0.000   0.000
   0.062   6.000   0.000   0.000   0.299   0.701   0.000   0.000   0.000   0.000   0.000   0.000
   0.063   6.000   0.000   0.000   0.299   0.701   0.000   0.000   0.000   0.000   0.000   0.000
   0.063   6.000   0.000   0.000   0.299   0.701   0.000   0.000   0.000   0.000   0.000   0.000
   0.064   6.000   0.000   0.000   0.298   0.701   0.000   0.000   0.000   0.000   0.000   0.000
   0.064   6.000   0.000   0.000   0.298   0.702   0.000   0.000   0.000   0.000   0.000   0.000
   0.065   6.000   0.000   0.000   0.298   0.702   0.000   0.000   0.000   0.000   0.000   0.000
   0.065   6.000   0.000   0.000   0.298   0.702   0.000   0.000   0.000   0.000   0.000   0.000
   0.066   6.000   0.000   0.000   0.298   0.702   0.000   0.000   0.000   0.000   0.000   0.000
   0.066   6.000   0.000   0.000   0.297   0.703   0.000   0.000   0.000   0.000   0.000   0.000
   0.067   6.000   0.000   0.000   0.297   0.703   0.000   0.000   0.000   0.000   0.000   0.000
   0.067   6.000   0.000   0.000   0.297   0.703   0.000   0.000   0.000   0.000   0.000   0.000
   0.068   6.000   0.000   0.000   0.297   0.703   0.000   0.000   0.000   0.000   0.000   0.000
   0.068   7.000   0.000   0.000   0.297   0.703   0.000   0.000   0.000   0.000   0.000   0.000
   0.069   7.000   0.000   0.000   0.296   0.704   0.000   0.000   0.000   0.000   0.000   0.000
   0.069   8.000   0.000   0.000   0.296   0.704   0.000   0.000   0.000   0.000   0.000   0.000
   0.070   8.000   0.000   0.000   0.296   0.704   0.000   0.000   0.000   0.000   0.000   0.000
   0.070   8.000   0.000   0.000   0.296   0.704   0.000   0.000   0.000   0.000   0.000   0.000
   0.071   8.000   0.000   0.000   0.295   0.705   0.000   0.000   0.000   0.000   0.000   0.000
   0.071   8.000   0.000   0.000   0.295   0.705   0.000   0.000   0.000   0.000   0.000   0.000
   0.072   8.000   0.000   0.000   0.295   0.705   0.000   0.000   0.000   0.000   0.000   0.000
   0.072   8.000   0.000   0.000   0.295   0.705   0.000   0.000   0.000   0.000   0.000   0.000
   0.073   8.000   0.000   0.000   0.295   0.705   0.000   0.000   0.000   0.000   0.000   0.000
   0.073   8.000   0.000   0.000   0.294   0.706   0.000   0.000   0.000   0.000   0.000   0.000
   0.074   8.000   0.000   0.000   0.294   0.706   0.000   0.000   0.000   0.000   0.000   0.000
   0.074   8.000   0.000   0.000   0.294   0.706   0.000   0.000   0.000   0.000   0.000   0.000
   0.075   8.000   0.000   0.000   0.294   0.706   0.000   0.000   0.000   0.000   0.000   0.000
   0.075   8.000   0.000   0.000   0.293   0.707   0.000   0.000   0.000   0.000   0.000   0.000
    STEP   AVACS   MODE1   MODE2   MODE3   MODE4
       1   8.000   0.293   0.706   0.000   0.000
       2   7.000   0.342   0.658   0.000   0.000
       3   7.000   0.350   0.649   0.000   0.001
       4   5.000   0.305   0.694   0.000   0.000
       5   6.000   0.362   0.638   0.000   0.000
       6   5.000   0.416   0.584   0.000   0.001
       7   7.000   0.453   0.538   0.000   0.009
       8   6.000   0.414   0.575   0.000   0.011
       9   6.000   0.352   0.643   0.000   0.005
      10   6.000   0.320   0.679   0.000   0.002
      11   5.000   0.267   0.733   0.000   0.000
      12   5.000   0.233   0.767   0.000   0.000
      13   6.000   0.183   0.817   0.000   0.000
      14   6.000   0.129   0.871   0.000   0.000
      15   5.000   0.069   0.931   0.000   0.000
      16   4.000   0.000   1.000   0.000   0.000
      17   7.000   0.096   0.904   0.000   0.000
      18   7.000   0.215   0.785   0.000   0.000
      19   8.000   0.293   0.707   0.000   0.000
      20   7.000   0.342   0.658   0.000   0.000
      21   7.000   0.350   0.650   0.000   0.000
      22   5.000   0.305   0.694   0.000   0.000
      23   6.000   0.362   0.636   0.000   0.002
      24   5.000   0.416   0.584   0.000   0.000
      25   7.000   0.456   0.544   0.000   0.000
      26   6.000   0.418   0.582   0.000   0.000
      27   6.000   0.351   0.646   0.002   0.000
      28   6.000   0.320   0.680   0.001   0.000
      29   5.000   0.267   0.733   0.000   0.000
      30   5.000   0.232   0.766   0.000   0.002
      31   6.000   0.181   0.815   0.000   0.004
      32   6.000   0.127   0.868   0.000   0.005
      33   5.000   0.066   0.928   0.000   0.006
      34   4.000   0.000   0.998   0.000   0.002
      35   7.000   0.096   0.903   0.000   0.000
      36   7.000   0.215   0.785   0.000   0.000
  STRAIN   AVACS   PRITW   SECTW   MODE1   MODE2   MODE3   MODE4   TWFR3   EFFR3   TWFR4   EFFR4
   0.075   8.000   0.000   0.000   0.293   0.707   0.000   0.000   0.000   0.000   0.000   0.000
   0.076   8.000   0.000   0.000   0.293   0.707   0.000   0.000   0.000   0.000   0.000   0.000
   0.076   8.000   0.000   0.000   0.293   0.707   0.000   0.000   0.000   0.000   0.000   0.000
   0.077   8.000   0.000   0.000   0.293   0.707   0.000   0.000   0.000   0.000   0.000   0.000
   0.077   8.000   0.000   0.000   0.292   0.708   0.000   0.000   0.000   0.000   0.000   0.000
   0.078   8.000   0.000   0.000   0.292   0.708   0.000   0.000   0.000   0.000   0.000   0.000
   0.078   8.000   0.000   0.000   0.292   0.708   0.000   0.000   0.000   0.000   0.000   0.000
   0.079   8.000   0.000   0.000   0.292   0.708   0.000   0.000   0.000   0.000   0.000   0.000
   0.079   8.000   0.000   0.000   0.291   0.709   0.000   0.000   0.000   0.000   0.000   0.000
   0.080   8.000   0.000   0.000   0.291   0.709   0.000   0.000   0.000   0.000   0.000   0.000
   0.080   8.000   0.000   0.000   0.291   0.709   0.000   0.000   0.000   0.000   0.000   0.000
   0.081   8.000   0.000   0.000   0.291   0.709   0.000   0.000   0.000   0.000   0.000   0.000
   0.081   8.000   0.000   0.000   0.291   0.709   0.000   0.000   0.000   0.000   0.000   0.000
   0.082   8.000   0.000   0.000   0.290   0.710   0.000   0.000   0.000   0.000   0.000   0.000
   0.082   8.000   0.000   0.000   0.290   0.710   0.000   0.000   0.000   0.000   0.000   0.000
   0.083   8.000   0.000   0.000   0.290   0.710   0.000   0.000   0.000   0.000   0.000   0.000
   0.083   8.000   0.000   0.000   0.290   0.710   0.000   0.000   0.000   0.000   0.000   0.000
   0.084   8.000   0.000   0.000   0.289   0.711   0.000   0.000   0.000   0.000   0.000   0.000
   0.084   8.000   0.000   0.000   0.289   0.711   0.000   0.000   0.000   0.000   0.000   0.000
   0.085   8.000   0.000   0.000   0.289   0.711   0.000   0.000   0.000   0.000   0.000   0.000
   0.085   8.000   0.000   0.000   0.289   0.711   0.000   0.000   0.000   0.000   0.000   0.000
   0.086   8.000   0.000   0.000   0.288   0.712   0.000   0.000   0.000   0.000   0.000   0.000
   0.086   8.000   0.000   0.000   0.288   0.712   0.000   0.000   0.000   0.000   0.000   0.000
   0.087   8.000   0.000   0.000   0.288   0.712   0.000   0.000   0.000   0.000   0.000   0.000
   0.087   8.000   0.000   0.000   0.288   0.712   0.000   0.000   0.000   0.000   0.000   0.000
   0.088   8.000   0.000   0.000   0.287   0.713   0.000   0.000   0.000   0.000   0.000   0.000
   0.088   8.000   0.000   0.000   0.287   0.713   0.000   0.000   0.000   0.000   0.000   0.000
   0.089   8.000   0.000   0.000   0.287   0.713   0.000   0.000   0.000   0.000   0.000   0.000
   0.089   8.000   0.000   0.000   0.286   0.713   0.000   0.000   0.000   0.000   0.000   0.000
   0.090   8.000   0.000   0.000   0.286   0.714   0.000   0.000   0.000   0.000   0.000   0.000
   0.090   8.000   0.000   0.000   0.286   0.714   0.000   0.000   0.000   0.000   0.000   0.000
   0.091   8.000   0.000   0.000   0.286   0.714   0.000   0.000   0.000   0.000   0.000   0.000
   0.091   8.000   0.000   0.000   0.285   0.715   0.000   0.000   0.000   0.000   0.000   0.000
   0.092   8.000   0.000   0.000   0.285   0.715   0.000   0.000   0.000   0.000   0.000   0.000
   0.092   8.000   0.000   0.000   0.285   0.715   0.000   0.000   0.000   0.000   0.000   0.000
   0.093   8.000   0.000   0.000   0.285   0.715   0.000   0.000   0.000   0.000   0.000   0.000
   0.093   8.000   0.000   0.000   0.284   0.716   0.000   0.000   0.000   0.000   0.000   0.000
   0.094   8.000   0.000   0.000   0.284   0.716   0.000   0.000   0.000   0.000   0.000   0.000
   0.094   8.000   0.000   0.000   0.284   0.716   0.000   0.000   0.000   0.000   0.000   0.000
   0.095   8.000   0.000   0.000   0.283   0.717   0.000   0.000   0.000   0.000   0.000   0.000
   0.095   8.000   0.000   0.000   0.283   0.717   0.000   0.000   0.000   0.000   0.000   0.000
   0.096   8.000   0.000   0.000   0.283   0.717   0.000   0.000   0.000   0.000   0.000   0.000
   0.096   8.000   0.000   0.000   0.283   0.717   0.000   0.000   0.000   0.000   0.000   0.000
   0.097   8.000   0.000   0.000   0.282   0.718   0.000   0.000   0.000   0.000   0.000   0.000
   0.097   8.000   0.000   0.000   0.282   0.718   0.000   0.000   0.000   0.000   0.000   0.000
   0.098   8.000   0.000   0.000   0.282   0.718   0.000   0.000   0.000   0.000   0.000   0.000
   0.098   8.000   0.000   0.000   0.281   0.719   0.000   0.000   0.000   0.000   0.000   0.000
   0.099   8.000   0.000   0.000   0.281   0.719   0.000   0.000   0.000   0.000   0.000   0.000
   0.099   8.000   0.000   0.000   0.281   0.719   0.000   0.000   0.000   0.000   0.000   0.000
   0.100   8.000   0.000   0.000   0.281   0.719   0.000   0.000   0.000   0.000   0.000   0.000
   0.100   8.000   0.000   0.000   0.280   0.720   0.000   0.000   0.000   0.000   0.000   0.000
    STEP   AVACS   MODE1   MODE2   MODE3   MODE4
       1   8.000   0.280   0.720   0.000   0.000
       2   7.000   0.328   0.672   0.000   0.000
       3   7.000   0.341   0.659   0.000   0.000
       4   5.000   0.308   0.692   0.000   0.000
       5   6.000   0.339   0.661   0.000   0.000
       6   5.000   0.408   0.592   0.000   0.001
       7   7.000   0.455   0.537   0.000   0.008
       8   6.000   0.418   0.572   0.000   0.010
       9   6.000   0.352   0.644   0.000   0.004
      10   5.000   0.321   0.678   0.000   0.001
      11   5.000   0.277   0.722   0.000   0.000
      12   6.000   0.241   0.759   0.000   0.000
      13   6.000   0.192   0.808   0.000   0.000
      14   6.000   0.138   0.862   0.000   0.000
      15   5.000   0.078   0.921   0.000   0.000
      16   5.000   0.006   0.994   0.000   0.000
      17   7.000   0.087   0.913   0.000   0.000
      18   7.000   0.202   0.798   0.000   0.000
      19   8.000   0.280   0.720   0.000   0.000
      20   7.000   0.328   0.672   0.000   0.000
      21   7.000   0.341   0.659   0.000   0.000
      22   5.000   0.308   0.692   0.000   0.000
      23   6.000   0.339   0.660   0.000   0.002
      24   5.000   0.408   0.592   0.000   0.000
      25   7.000   0.458   0.542   0.000   0.000
      26   6.000   0.422   0.578   0.000   0.000
      27   6.000   0.349   0.646   0.005   0.000
      28   5.000   0.320   0.679   0.001   0.000
      29   5.000   0.277   0.722   0.000   0.001
      30   6.000   0.240   0.757   0.000   0.003
      31   6.000   0.190   0.806   0.000   0.004
      32   6.000   0.136   0.859   0.000   0.005
      33   5.000   0.076   0.919   0.000   0.005
      34   5.000   0.004   0.992   0.000   0.004
      35   7.000   0.087   0.913   0.000   0.000
      36   7.000   0.202   0.798   0.000   0.000
  STRAIN   AVACS   PRITW   SECTW   MODE1   MODE2   MODE3   MODE4   TWFR3   EFFR3   TWFR4   EFFR4
   0.100   8.000   0.000   0.000   0.280   0.720   0.000   0.000   0.000   0.000   0.000   0.000
   0.101   8.000   0.000   0.000   0.280   0.720   0.000   0.000   0.000   0.000   0.000   0.000
   0.101   8.000   0.000   0.000   0.280   0.720   0.000   0.000   0.000   0.000   0.000   0.000
   0.102   8.000   0.000   0.000   0.279   0.721   0.000   0.000   0.000   0.000   0.000   0.000
   0.102   8.000   0.000   0.000   0.279   0.721   0.000   0.000   0.000   0.000   0.000   0.000
   0.103   8.000   0.000   0.000   0.279   0.721   0.000   0.000   0.000   0.000   0.000   0.000
   0.103   8.000   0.000   0.000   0.278   0.722   0.000   0.000   0.000   0.000   0.000   0.000
   0.104   8.000   0.000   0.000   0.278   0.722   0.000   0.000   0.000   0.000   0.000   0.000
   0.104   8.000   0.000   0.000   0.278   0.722   0.000   0.000   0.000   0.000   0.000   0.000
   0.105   8.000   0.000   0.000   0.277   0.722   0.000   0.000   0.000   0.000   0.000   0.000
   0.105   8.000   0.000   0.000   0.277   0.723   0.000   0.000   0.000   0.000   0.000   0.000
   0.106   8.000   0.000   0.000   0.277   0.723   0.000   0.000   0.000   0.000   0.000   0.000
   0.106   8.000   0.000   0.000   0.277   0.723   0.000   0.000   0.000   0.000   0.000   0.000
   0.107   8.000   0.000   0.000   0.276   0.724   0.000   0.000   0.000   0.000   0.000   0.000
   0.107   8.000   0.000   0.000   0.276   0.724   0.000   0.000   0.000   0.000   0.000   0.000
   0.108   8.000   0.000   0.000   0.276   0.724   0.000   0.000   0.000   0.000   0.000   0.000
   0.108   8.000   0.000   0.000   0.275   0.725   0.000   0.000   0.000   0.000   0.000   0.000
   0.109   8.000   0.000   0.000   0.275   0.725   0.000   0.000   0.000   0.000   0.000   0.000
   0.109   8.000   0.000   0.000   0.275   0.725   0.000   0.000   0.000   0.000   0.000   0.000
   0.110   8.000   0.000   0.000   0.274   0.726   0.000   0.000   0.000   0.000   0.000   0.000
   0.110   8.000   0.000   0.000   0.274   0.726   0.000   0.000   0.000   0.000   0.000   0.000
   0.111   8.000   0.000   0.000   0.274   0.726   0.000   0.000   0.000   0.000   0.000   0.000
   0.111   8.000   0.000   0.000   0.273   0.727   0.000   0.000   0.000   0.000   0.000   0.000
   0.112   8.000   0.000   0.000   0.273   0.727   0.000   0.000   0.000   0.000   0.000   0.000
   0.112   8.000   0.000   0.000   0.273   0.727   0.000   0.000   0.000   0.000   0.000   0.000
   0.113   8.000   0.000   0.000   0.272   0.728   0.000   0.000   0.000   0.000   0.000   0.000
   0.113   8.000   0.000   0.000   0.272   0.728   0.000   0.000   0.000   0.000   0.000   0.000
   0.114   8.000   0.000   0.000   0.272   0.728   0.000   0.000   0.000   0.000   0.000   0.000
   0.114   8.000   0.000   0.000   0.271   0.729   0.000   0.000   0.000   0.000   0.000   0.000
   0.115   8.000   0.000   0.000   0.271   0.729   0.000   0.000   0.000   0.000   0.000   0.000
   0.115   8.000   0.000   0.000   0.271   0.729   0.000   0.000   0.000   0.000   0.000   0.000
   0.116   8.000   0.000   0.000   0.270   0.730   0.000   0.000   0.000   0.000   0.000   0.000
   0.116   8.000   0.000   0.000   0.270   0.730   0.000   0.000   0.000   0.000   0.000   0.000
   0.117   8.000   0.000   0.000   0.269   0.730   0.000   0.000   0.000   0.000   0.000   0.000
   0.117   8.000   0.000   0.000   0.269   0.731   0.000   0.000   0.000   0.000   0.000   0.000
   0.118   8.000   0.000   0.000   0.269   0.731   0.000   0.000   0.000   0.000   0.000   0.000
   0.118   8.000   0.000   0.000   0.268   0.732   0.000   0.000   0.000   0.000   0.000   0.000
   0.119   8.000   0.000   0.000   0.268   0.732   0.000   0.000   0.000   0.000   0.000   0.000
   0.119   8.000   0.000   0.000   0.268   0.732   0.000   0.000   0.000   0.000   0.000   0.000
   0.120   8.000   0.000   0.000   0.267   0.733   0.000   0.000   0.000   0.000   0.000   0.000
   0.120   8.000   0.000   0.000   0.267   0.733   0.000   0.000   0.000   0.000   0.000   0.000
   0.121   8.000   0.000   0.000   0.267   0.733   0.000   0.000   0.000   0.000   0.000   0.000
   0.121   8.000   0.000   0.000   0.266   0.734   0.000   0.000   0.000   0.000   0.000   0.000
   0.122   8.000   0.000   0.000   0.266   0.734   0.000   0.000   0.000   0.000   0.000   0.000
   0.122   8.000   0.000   0.000   0.265   0.734   0.000   0.000   0.000   0.000   0.000   0.000
   0.123   8.000   0.000   0.000   0.265   0.735   0.000   0.000   0.000   0.000   0.000   0.000
   0.123   8.000   0.000   0.000   0.265   0.735   0.000   0.000   0.000   0.000   0.000   0.000
   0.124   8.000   0.000   0.000   0.264   0.736   0.000   0.000   0.000   0.000   0.000   0.000
   0.124   8.000   0.000   0.000   0.264   0.736   0.000   0.000   0.000   0.000   0.000   0.000
   0.125   8.000   0.000   0.000   0.264   0.736   0.000   0.000   0.000   0.000   0.000   0.000
   0.125   8.000   0.000   0.000   0.263   0.737   0.000   0.000   0.000   0.000   0.000   0.000
    STEP   AVACS   MODE1   MODE2   MODE3   MODE4
       1   8.000   0.263   0.737   0.000   0.000
       2   7.000   0.311   0.689   0.000   0.000
       3   7.000   0.329   0.671   0.000   0.000
       4   6.000   0.308   0.692   0.000   0.000
       5   6.000   0.315   0.685   0.000   0.000
       6   5.000   0.400   0.600   0.000   0.000
       7   7.000   0.457   0.537   0.000   0.005
       8   5.000   0.423   0.570   0.000   0.007
       9   6.000   0.352   0.646   0.000   0.002
      10   5.000   0.323   0.677   0.000   0.001
      11   6.000   0.289   0.711   0.000   0.000
      12   7.000   0.250   0.750   0.000   0.000
      13   6.000   0.200   0.800   0.000   0.000
      14   6.000   0.147   0.853   0.000   0.000
      15   5.000   0.087   0.913   0.000   0.000
      16   4.000   0.013   0.987   0.000   0.000
      17   7.000   0.074   0.926   0.000   0.000
      18   7.000   0.186   0.814   0.000   0.000
      19   8.000   0.263   0.737   0.000   0.000
      20   7.000   0.311   0.689   0.000   0.000
      21   7.000   0.329   0.671   0.000   0.000
      22   6.000   0.308   0.692   0.000   0.000
      23   6.000   0.315   0.684   0.000   0.001
      24   5.000   0.400   0.600   0.000   0.000
      25   7.000   0.459   0.541   0.000   0.000
      26   5.000   0.425   0.574   0.000   0.000
      27   6.000   0.346   0.646   0.008   0.000
      28   5.000   0.322   0.677   0.001   0.000
      29   6.000   0.289   0.710   0.000   0.001
      30   7.000   0.249   0.749   0.000   0.002
      31   6.000   0.199   0.798   0.000   0.003
      32   6.000   0.145   0.851   0.000   0.004
      33   5.000   0.085   0.911   0.000   0.004
      34   4.000   0.011   0.986   0.000   0.003
      35   7.000   0.074   0.926   0.000   0.000
      36   7.000   0.186   0.814   0.000   0.000
