TEXTURE AT STRAIN =    0.0250
   0.988   1.025   0.988  <-- length of phase ellipsoid axes
  158.95   90.00  180.00  <-- Euler angles (deg) of phase ellipsoid axes
B         1
  -21.06  118.91   59.96   1.0000000
TEXTURE AT STRAIN =    0.0500
   0.975   1.051   0.975  <-- length of phase ellipsoid axes
  158.94   90.00 -180.00  <-- Euler angles (deg) of phase ellipsoid axes
B         1
  -21.06  120.60   59.96   1.0000000
TEXTURE AT STRAIN =    0.0750
   0.963   1.078   0.963  <-- length of phase ellipsoid axes
  158.93   90.00 -180.00  <-- Euler angles (deg) of phase ellipsoid axes
B         1
  -21.07  122.35   59.96   1.0000000
TEXTURE AT STRAIN =    0.1000
   0.951   1.105   0.951  <-- length of phase ellipsoid axes
  158.92   90.00 -180.00  <-- Euler angles (deg) of phase ellipsoid axes
B         1
  -21.07  124.13   59.96   1.0000000
TEXTURE AT STRAIN =    0.1250
   0.939   1.133   0.939  <-- length of phase ellipsoid axes
  158.90   90.00  180.00  <-- Euler angles (deg) of phase ellipsoid axes
B         1
  -21.07  125.96   59.96   1.0000000
